2018-05-07 00:53:12 {"merchant_id":"1490350062","key":"","authCode":"135250038373911524","order_sn":"2018050700531215530","price":300}

2018-05-07 08:01:01 {"merchant_id":"1493159782","key":"","authCode":"134840776344775319","order_sn":"2018050708010119801","price":200}

2018-05-07 08:30:52 {"merchant_id":"1499456762","key":"","authCode":"134925618094062357","order_sn":"2018050708305293958","price":8.5}

2018-05-07 09:54:32 {"merchant_id":"1499456762","key":"","authCode":"134627294116109358","order_sn":"2018050709543276408","price":6}

2018-05-07 10:26:30 {"merchant_id":"1499456762","key":"","authCode":"134511653493637001","order_sn":"2018050710262986115","price":6}

2018-05-07 10:33:34 {"merchant_id":"1499456762","key":"","authCode":"134942318447588028","order_sn":"2018050710333430025","price":72}

2018-05-07 10:41:11 {"merchant_id":"1499456762","key":"","authCode":"134789082911208015","order_sn":"2018050710411130681","price":13}

2018-05-07 10:51:54 {"merchant_id":"1499456762","key":"","authCode":"134674369712576831","order_sn":"2018050710515480497","price":18}

2018-05-07 10:53:51 {"merchant_id":"1499456762","key":"","authCode":"134950798678222527","order_sn":"2018050710535155394","price":18}

2018-05-07 11:00:45 {"merchant_id":"1499456762","key":"","authCode":"134643989183031802","order_sn":"2018050711004557112","price":9}

2018-05-07 11:10:58 {"merchant_id":"1499456762","key":"","authCode":"134552271131454231","order_sn":"2018050711105873558","price":16}

2018-05-07 11:11:42 {"merchant_id":"1499456762","key":"","authCode":"135407962693481644","order_sn":"2018050711114227479","price":25}

2018-05-07 11:23:04 {"merchant_id":"1499456762","key":"","authCode":"134610350396575340","order_sn":"2018050711230493429","price":10}

2018-05-07 11:51:01 {"merchant_id":"1499456762","key":"","authCode":"134659767688712083","order_sn":"2018050711510034204","price":23}

2018-05-07 12:01:24 {"merchant_id":"1499456762","key":"","authCode":"134704354701642580","order_sn":"2018050712012397773","price":33}

2018-05-07 12:02:22 {"merchant_id":"1499456762","key":"","authCode":"134533003800980510","order_sn":"2018050712022284780","price":6}

2018-05-07 12:14:13 {"merchant_id":"1499456762","key":"","authCode":"134590777478400290","order_sn":"2018050712141338379","price":23}

2018-05-07 12:33:02 {"merchant_id":"2088822285099072","key":"201710BBaa55e11a995b41488709d94fe3bfbX07","authCode":"284459133549093603","order_sn":"2018050712330294391","price":200}

2018-05-07 12:33:02 {"app_id":"2017071207730667","method":"alipay.trade.pay","charset":"utf-8","sign_type":"RSA","app_auth_token":"201710BBaa55e11a995b41488709d94fe3bfbX07","timestamp":"2018-05-07 12:33:02","version":"1.0","biz_content":"{\"out_trade_no\":\"2018050712330294391\",\"scene\":\"bar_code\",\"auth_code\":\"284459133549093603\",\"subject\":\"\\u8ba2\\u5355\\u53f7:2018050712330294391\",\"seller_id\":\"2088822285099072\",\"total_amount\":200,\"extend_params\":{\"sys_service_provider_id\":\"2088721521881652\"}}","sign":"puXJ80ry0ic3vDWu\/Wr1hh+adfeXfck6mCMwyySKk6zLiV8DjDEr8aaoz7unErkI+ollcW3kjhHX1kOb+ht4vprzb+lGL48rQjupsX0DOjZTqKwxip7KtLGnoKj37vxoQwaOMFUEpT1qJb7quGzzwPPtwj14olVBGfUqZm2zm8U="}

2018-05-07 12:33:03 {"alipay_trade_pay_response":{"code":"10000","msg":"Success","buyer_logon_id":"181****5215","buyer_pay_amount":"200.00","buyer_user_id":"2088822706260395","fund_bill_list":[{"amount":"200.00","fund_channel":"ALIPAYACCOUNT"}],"gmt_payment":"2018-05-07 12:33:03","invoice_amount":"200.00","out_trade_no":"2018050712330294391","point_amount":"0.00","receipt_amount":"200.00","total_amount":"200.00","trade_no":"2018050721001004390548407404"},"sign":"LO15jD8gWcdj5ItxDYfdLdgbsC0yXsAQkvH1tkXgaZ3arGt+IIYm5WuqqHsGml9SfrStavRkgqFfU+lYVg3CCqoooiLDU7POnuaSOJacZhAOxasWH3+KbBz7tQcBv2wztP/8wijJT8L6LUBrImqrHc0LgWcbr9cv6K+zy4ucXhk="}

2018-05-07 12:52:28 {"merchant_id":"1490350062","key":"","authCode":"135024357246581704","order_sn":"2018050712522898418","price":30}

2018-05-07 13:02:11 {"merchant_id":"1493159782","key":"","authCode":"134543308561769323","order_sn":"2018050713021111432","price":173}

2018-05-07 13:03:14 {"merchant_id":"1499456762","key":"","authCode":"135007820390299880","order_sn":"2018050713031479748","price":38}

2018-05-07 13:12:08 {"merchant_id":"1499456762","key":"","authCode":"134716400880018088","order_sn":"2018050713120812208","price":8}

2018-05-07 13:19:45 {"merchant_id":"1499456762","key":"","authCode":"135037159918459980","order_sn":"2018050713194521585","price":24}

2018-05-07 13:48:43 {"merchant_id":"1499456762","key":"","authCode":"134762587296358048","order_sn":"2018050713484379417","price":33}

2018-05-07 13:59:45 {"merchant_id":"1499456762","key":"","authCode":"135403515399931742","order_sn":"2018050713594529095","price":11}

2018-05-07 14:12:07 {"merchant_id":"1499456762","key":"","authCode":"135088213187469049","order_sn":"2018050714120722684","price":15}

2018-05-07 14:18:46 {"merchant_id":"1499456762","key":"","authCode":"134885697151609725","order_sn":"2018050714184627525","price":15}

2018-05-07 14:31:39 {"merchant_id":"1499456762","key":"","authCode":"135472288587348832","order_sn":"2018050714313921548","price":28}

2018-05-07 14:44:40 {"merchant_id":"1499456762","key":"","authCode":"134915191538246156","order_sn":"2018050714444014044","price":10}

2018-05-07 14:45:07 {"merchant_id":"1499456762","key":"","authCode":"134899782856285477","order_sn":"2018050714450799879","price":6}

2018-05-07 14:59:47 {"merchant_id":"1490350062","key":"","authCode":"134750830188135385","order_sn":"2018050714594774310","price":300}

2018-05-07 15:07:26 {"merchant_id":"1499456762","key":"","authCode":"135204804436694273","order_sn":"2018050715072624563","price":38}

2018-05-07 15:11:24 {"merchant_id":"1499456762","key":"","authCode":"135256910227089050","order_sn":"2018050715112496474","price":31}

2018-05-07 15:21:02 {"merchant_id":"1499456762","key":"","authCode":"134926401272266331","order_sn":"2018050715210211843","price":12}

2018-05-07 15:22:17 {"merchant_id":"1499456762","key":"","authCode":"135209024374799731","order_sn":"2018050715221780477","price":200}

2018-05-07 15:23:23 {"merchant_id":"1499456762","key":"","authCode":"135214038445347477","order_sn":"2018050715232313744","price":16}

2018-05-07 15:44:24 {"merchant_id":"1499456762","key":"","authCode":"134842685039708753","order_sn":"2018050715442413048","price":12}

2018-05-07 15:48:49 {"merchant_id":"1499456762","key":"","authCode":"134698731571080738","order_sn":"2018050715484943080","price":33}

2018-05-07 15:54:20 {"merchant_id":"1499456762","key":"","authCode":"134897405699545427","order_sn":"2018050715542015699","price":68}

2018-05-07 16:11:00 {"merchant_id":"1499456762","key":"","authCode":"134526874940990016","order_sn":"2018050716110097159","price":24}

2018-05-07 16:19:58 {"merchant_id":"1499456762","key":"","authCode":"134849629517309330","order_sn":"2018050716195844726","price":14}

2018-05-07 16:25:27 {"merchant_id":"1499456762","key":"","authCode":"134511520200287645","order_sn":"2018050716252780911","price":17}

2018-05-07 16:29:16 {"merchant_id":"1499456762","key":"","authCode":"135311952843982778","order_sn":"2018050716291586703","price":25}

2018-05-07 16:29:22 {"merchant_id":"1499456762","key":"","authCode":"134881588837138589","order_sn":"2018050716292262917","price":17}

2018-05-07 16:30:58 {"merchant_id":"1499456762","key":"","authCode":"134779382502807202","order_sn":"2018050716305850113","price":36}

2018-05-07 16:34:49 {"merchant_id":"1499456762","key":"","authCode":"134776551038114407","order_sn":"2018050716344974788","price":10}

2018-05-07 16:35:25 {"merchant_id":"1490350062","key":"","authCode":"134541605067421497","order_sn":"2018050716352588270","price":17}

2018-05-07 16:49:37 {"merchant_id":"1499456762","key":"","authCode":"134529809234431973","order_sn":"2018050716493775617","price":39}

2018-05-07 16:51:37 {"merchant_id":"1499456762","key":"","authCode":"134838425612008279","order_sn":"2018050716513795096","price":8}

2018-05-07 16:52:06 {"merchant_id":"1499456762","key":"","authCode":"134807627551401692","order_sn":"2018050716520636295","price":46}

2018-05-07 16:54:31 {"merchant_id":"1499456762","key":"","authCode":"135607212279557732","order_sn":"2018050716543123640","price":12}

2018-05-07 16:54:55 {"merchant_id":"1499456762","key":"","authCode":"135473685237415232","order_sn":"2018050716545516425","price":5}

2018-05-07 16:56:05 {"merchant_id":"1499456762","key":"","authCode":"134669373525628744","order_sn":"2018050716560536217","price":26}

2018-05-07 16:56:35 {"merchant_id":"2088822285099072","key":"201710BBaa55e11a995b41488709d94fe3bfbX07","authCode":"285094610481636747","order_sn":"2018050716563561375","price":200}

2018-05-07 16:56:35 {"app_id":"2017071207730667","method":"alipay.trade.pay","charset":"utf-8","sign_type":"RSA","app_auth_token":"201710BBaa55e11a995b41488709d94fe3bfbX07","timestamp":"2018-05-07 16:56:35","version":"1.0","biz_content":"{\"out_trade_no\":\"2018050716563561375\",\"scene\":\"bar_code\",\"auth_code\":\"285094610481636747\",\"subject\":\"\\u8ba2\\u5355\\u53f7:2018050716563561375\",\"seller_id\":\"2088822285099072\",\"total_amount\":200,\"extend_params\":{\"sys_service_provider_id\":\"2088721521881652\"}}","sign":"pbfTjDfJoUNnPHaxwfKKwH95o8B5TXY7iD0gxikMI31VYFQoWK+hT7jO\/mVYZkWac9L73S7HjYM5WmcvX3xn6Az\/DehjdFFO2u+Z3xWv1l9CKI0b7lpVWhKIbLSfoXn8fhSTP73zOPsPFgL0VZfRz35Gc8s9\/l+t4ZG3SBXGP2I="}

2018-05-07 16:56:36 {"alipay_trade_pay_response":{"code":"10000","msg":"Success","buyer_logon_id":"139****4638","buyer_pay_amount":"200.00","buyer_user_id":"2088622820825098","fund_bill_list":[{"amount":"200.00","fund_channel":"ALIPAYACCOUNT"}],"gmt_payment":"2018-05-07 16:56:36","invoice_amount":"200.00","out_trade_no":"2018050716563561375","point_amount":"0.00","receipt_amount":"200.00","total_amount":"200.00","trade_no":"2018050721001004090538700936"},"sign":"CxfecGMBndt/9Jq68AhFw9i9z2j00zLTZ1iqJ3Yn4+YxGj2b52oOWLKKUp1lFiar46efjMMPlBdqFlIGVGJCqb8kXP2FXOlK5kcxunLRNlkf/xpH9h2y/uLX2/7/7at278Zodwc3RhPsoD0wRWKlZEv4ds8dorHB/kqpgX4w/vI="}

2018-05-07 16:57:19 {"merchant_id":"1493159782","key":"","authCode":"134948546130999374","order_sn":"2018050716571987566","price":1132}

2018-05-07 17:06:30 {"merchant_id":"1499456762","key":"","authCode":"134515482066605323","order_sn":"2018050717063096810","price":100}

2018-05-07 17:06:58 {"merchant_id":"1499456762","key":"","authCode":"134526813807837749","order_sn":"2018050717065832013","price":6}

2018-05-07 17:09:25 {"merchant_id":"1490350062","key":"","authCode":"134865178224215366","order_sn":"2018050717092561506","price":149}

2018-05-07 17:10:58 {"merchant_id":"1499456762","key":"","authCode":"134569592998388163","order_sn":"2018050717105840812","price":27}

2018-05-07 17:12:51 {"merchant_id":"1499456762","key":"","authCode":"134572858103712732","order_sn":"2018050717125155254","price":8}

2018-05-07 17:14:23 {"merchant_id":"1490350062","key":"","authCode":"135126035989558249","order_sn":"2018050717142267681","price":200}

2018-05-07 17:14:51 {"merchant_id":"1499456762","key":"","authCode":"134625368576526116","order_sn":"2018050717145136050","price":56}

2018-05-07 17:17:10 {"merchant_id":"1499456762","key":"","authCode":"135005192478179585","order_sn":"2018050717171025612","price":39}

2018-05-07 17:17:53 {"merchant_id":"1499456762","key":"","authCode":"134604839856181353","order_sn":"2018050717175273866","price":25}

2018-05-07 17:18:02 {"merchant_id":"1499456762","key":"","authCode":"134537474356673782","order_sn":"2018050717180249395","price":8}

2018-05-07 17:18:27 {"merchant_id":"1499456762","key":"","authCode":"135055798028950796","order_sn":"2018050717182758114","price":28}

2018-05-07 17:19:14 {"merchant_id":"1499456762","key":"","authCode":"135106603301077233","order_sn":"2018050717191475099","price":19.5}

2018-05-07 17:20:56 {"merchant_id":"1499456762","key":"","authCode":"135031124396531569","order_sn":"2018050717205692114","price":26}

2018-05-07 17:22:02 {"merchant_id":"1499456762","key":"","authCode":"134549642846270095","order_sn":"2018050717220284632","price":11}

2018-05-07 17:23:12 {"merchant_id":"1499456762","key":"","authCode":"134686383762146343","order_sn":"2018050717231224453","price":10}

2018-05-07 17:38:47 {"merchant_id":"1499456762","key":"","authCode":"135486405580036013","order_sn":"2018050717384767059","price":9}

2018-05-07 17:39:17 {"merchant_id":"1499456762","key":"","authCode":"135523822303658899","order_sn":"2018050717391758099","price":15}

2018-05-07 17:40:30 {"merchant_id":"1499456762","key":"","authCode":"134952212045802972","order_sn":"2018050717403083244","price":37}

2018-05-07 17:47:49 {"merchant_id":"1499456762","key":"","authCode":"134741470917740206","order_sn":"2018050717474991622","price":16}

2018-05-07 17:51:13 {"merchant_id":"1499456762","key":"","authCode":"134640498316424256","order_sn":"2018050717511312937","price":34}

2018-05-07 17:52:55 {"merchant_id":"1499456762","key":"","authCode":"136037712422930997","order_sn":"2018050717525541048","price":13}

2018-05-07 17:53:31 {"merchant_id":"1499456762","key":"","authCode":"134526461680820355","order_sn":"2018050717533199103","price":19}

2018-05-07 17:54:49 {"merchant_id":"1499456762","key":"","authCode":"134585670778092640","order_sn":"2018050717544938293","price":100}

2018-05-07 17:55:15 {"merchant_id":"1499456762","key":"","authCode":"134589356794252074","order_sn":"2018050717551557084","price":34}

2018-05-07 17:56:23 {"merchant_id":"1499456762","key":"","authCode":"134777967449505162","order_sn":"2018050717562332386","price":17}

2018-05-07 17:56:39 {"merchant_id":"1499456762","key":"","authCode":"134947413214113696","order_sn":"2018050717563828207","price":13}

2018-05-07 17:56:51 {"merchant_id":"2088822285099072","key":"201710BBaa55e11a995b41488709d94fe3bfbX07","authCode":"287093180589725951","order_sn":"2018050717565162903","price":100}

2018-05-07 17:56:51 {"app_id":"2017071207730667","method":"alipay.trade.pay","charset":"utf-8","sign_type":"RSA","app_auth_token":"201710BBaa55e11a995b41488709d94fe3bfbX07","timestamp":"2018-05-07 17:56:51","version":"1.0","biz_content":"{\"out_trade_no\":\"2018050717565162903\",\"scene\":\"bar_code\",\"auth_code\":\"287093180589725951\",\"subject\":\"\\u8ba2\\u5355\\u53f7:2018050717565162903\",\"seller_id\":\"2088822285099072\",\"total_amount\":100,\"extend_params\":{\"sys_service_provider_id\":\"2088721521881652\"}}","sign":"HipASASxV+XqwAB7Fcv+mUWzkr9pAKziLKhGa5m8J3+3AFtzcoH51VW5iGzwJV71p60fx9NEEd5NlFkJQQGfiuYUpeMTM+3NF3dcsIXgw1eelQFr2G3q6SgIHJ8U3zLQ45bnW44rQOKQbTLJiODTizQK+\/Adeqj5cvNFlEqMs2o="}

2018-05-07 17:56:52 {"alipay_trade_pay_response":{"code":"10000","msg":"Success","buyer_logon_id":"176****5507","buyer_pay_amount":"100.00","buyer_user_id":"2088912387742902","fund_bill_list":[{"amount":"100.00","fund_channel":"PCREDIT"}],"gmt_payment":"2018-05-07 17:56:52","invoice_amount":"100.00","out_trade_no":"2018050717565162903","point_amount":"0.00","receipt_amount":"100.00","total_amount":"100.00","trade_no":"2018050721001004900519044629"},"sign":"AcOyZ2jLY3dXrYB4fyRpf8YFPHTmkpO0sgi3B23g5ftLj3+zV90LjHbh0Qs8YqCmg60hZS8b0Vfv+buofpPZIdQnrNc2l1DhS2MBDjcj5dbX/TjRXRTU4fRnwlcSHzAB/2QS7d02MroAO/2lpaRgYWbzmAPTF9BcHBvybFPrW/4="}

2018-05-07 17:57:21 {"merchant_id":"1499456762","key":"","authCode":"135095980178561641","order_sn":"2018050717572116953","price":9}

2018-05-07 17:59:54 {"merchant_id":"1499456762","key":"","authCode":"134701202212594834","order_sn":"2018050717595475968","price":16}

2018-05-07 18:02:08 {"merchant_id":"1499456762","key":"","authCode":"135002167608242162","order_sn":"2018050718020883958","price":15}

2018-05-07 18:05:18 {"merchant_id":"1499456762","key":"","authCode":"134559777423148715","order_sn":"2018050718051881837","price":58}

2018-05-07 18:07:16 {"merchant_id":"1499456762","key":"","authCode":"134925416366238866","order_sn":"2018050718071658976","price":34}

2018-05-07 18:10:08 {"merchant_id":"1493159782","key":"","authCode":"134534902226407821","order_sn":"2018050718100834395","price":200}

2018-05-07 18:10:41 {"merchant_id":"1499456762","key":"","authCode":"134728078394404932","order_sn":"2018050718104071153","price":21}

2018-05-07 18:13:39 {"merchant_id":"1499456762","key":"","authCode":"134606100308424904","order_sn":"2018050718133924272","price":8}

2018-05-07 18:19:00 {"merchant_id":"1499456762","key":"","authCode":"134646885933657801","order_sn":"2018050718190081091","price":200}

2018-05-07 18:19:46 {"merchant_id":"1499456762","key":"","authCode":"134994484782465113","order_sn":"2018050718194677802","price":18}

2018-05-07 18:20:14 {"merchant_id":"1499456762","key":"","authCode":"135432889523652241","order_sn":"2018050718201491824","price":8}

2018-05-07 18:24:34 {"merchant_id":"1499456762","key":"","authCode":"134525352251933427","order_sn":"2018050718243423361","price":6}

2018-05-07 18:26:31 {"merchant_id":"1499456762","key":"","authCode":"134921268125519644","order_sn":"2018050718263164257","price":33}

2018-05-07 18:27:31 {"merchant_id":"1490350062","key":"","authCode":"134545865504614607","order_sn":"2018050718273156188","price":300}

2018-05-07 18:28:09 {"merchant_id":"1490350062","key":"","authCode":"135099962483883453","order_sn":"2018050718280985555","price":300}

2018-05-07 18:28:54 {"merchant_id":"2088822285099072","key":"201710BBaa55e11a995b41488709d94fe3bfbX07","authCode":"284479083846943655","order_sn":"2018050718285470395","price":300}

2018-05-07 18:28:54 {"app_id":"2017071207730667","method":"alipay.trade.pay","charset":"utf-8","sign_type":"RSA","app_auth_token":"201710BBaa55e11a995b41488709d94fe3bfbX07","timestamp":"2018-05-07 18:28:54","version":"1.0","biz_content":"{\"out_trade_no\":\"2018050718285470395\",\"scene\":\"bar_code\",\"auth_code\":\"284479083846943655\",\"subject\":\"\\u8ba2\\u5355\\u53f7:2018050718285470395\",\"seller_id\":\"2088822285099072\",\"total_amount\":300,\"extend_params\":{\"sys_service_provider_id\":\"2088721521881652\"}}","sign":"SWva\/NYYnuMiTYEfIdlvqkCFrx7Fst4N107GgJ7wMM+s0TjfhCd9G7IZjgvQh5SDDgAmZ\/MqNj7NcX\/VX76DHL543xYfF2QSc7Ilmn+NZGeozP6s4X7jlYV+MLeEYw1M4icH+Ep5yT2qVwjLvc4aulM5do44c2lSl2Qr+yvWoX4="}

2018-05-07 18:28:55 {"alipay_trade_pay_response":{"code":"10000","msg":"Success","buyer_logon_id":"156****0333","buyer_pay_amount":"300.00","buyer_user_id":"2088922918325302","fund_bill_list":[{"amount":"300.00","fund_channel":"ALIPAYACCOUNT"}],"gmt_payment":"2018-05-07 18:28:55","invoice_amount":"300.00","out_trade_no":"2018050718285470395","point_amount":"0.00","receipt_amount":"300.00","total_amount":"300.00","trade_no":"2018050721001004300521631384"},"sign":"udLeSmFkpQWoHhiH7f0JzEAbLYuxKGDAHMIl7UgF4Zdx2z/nSf1jQYraA3mg/bCxJJCjfvo26hdw9x8Dvv8g1nRYLUut0Lch8ysd3tBebObE5VkjMaMubxNxgXjeaZYulgdWYhUpg0u5uWf107GU/fgdvOf3RdNrgJhKrAcMczg="}

2018-05-07 18:29:09 {"merchant_id":"1499456762","key":"","authCode":"134888878724655465","order_sn":"2018050718290980523","price":44}

2018-05-07 18:31:21 {"merchant_id":"2088822285099072","key":"201710BBaa55e11a995b41488709d94fe3bfbX07","authCode":"288655131206981736","order_sn":"2018050718312136801","price":100}

2018-05-07 18:31:21 {"app_id":"2017071207730667","method":"alipay.trade.pay","charset":"utf-8","sign_type":"RSA","app_auth_token":"201710BBaa55e11a995b41488709d94fe3bfbX07","timestamp":"2018-05-07 18:31:21","version":"1.0","biz_content":"{\"out_trade_no\":\"2018050718312136801\",\"scene\":\"bar_code\",\"auth_code\":\"288655131206981736\",\"subject\":\"\\u8ba2\\u5355\\u53f7:2018050718312136801\",\"seller_id\":\"2088822285099072\",\"total_amount\":100,\"extend_params\":{\"sys_service_provider_id\":\"2088721521881652\"}}","sign":"bpvg9a06UYhUatV6cFzdEv+7euiH+sEEtTKVP+hi80x7E1Ij4mzVraLraitKO3ejPovNwuBv5BjIXQlVuPH+lgd71F8YQyTwiC38CLopUvpU325vIsk+6hWdPMS6hWE+Cy9Ftz+wcgD+64ReumpnevVGRUEUDzOaYfp5bXMz8hE="}

2018-05-07 18:31:21 {"merchant_id":"1499456762","key":"","authCode":"134621407464007528","order_sn":"2018050718312164571","price":69}

2018-05-07 18:31:22 {"alipay_trade_pay_response":{"code":"10000","msg":"Success","buyer_logon_id":"xyz***@163.com","buyer_pay_amount":"100.00","buyer_user_id":"2088002251336088","fund_bill_list":[{"amount":"100.00","fund_channel":"PCREDIT"}],"gmt_payment":"2018-05-07 18:31:22","invoice_amount":"100.00","out_trade_no":"2018050718312136801","point_amount":"0.00","receipt_amount":"100.00","total_amount":"100.00","trade_no":"2018050721001004080539918115"},"sign":"AI3PXzdUPP3Pk6/jC4piTZlB7HCqIGb9AOZ6e6AqUkOx///HOTIS4Rk0EhOuTE1L3UFg5Xw5O4PmDILvM6mjjuty7rNxhesLA6wogNT+5W/rc87T1/Iad3vDA9IxhMWjOoOWHamFD608NyoyDeU3xVY9NERbZw6zc0oT9KS5FFE="}

2018-05-07 18:34:38 {"merchant_id":"1499456762","key":"","authCode":"134599181246808883","order_sn":"2018050718343868494","price":24}

2018-05-07 18:35:49 {"merchant_id":"1499456762","key":"","authCode":"134623303030600100","order_sn":"2018050718354986082","price":31.8}

2018-05-07 18:52:53 {"merchant_id":"1499456762","key":"","authCode":"135128532041202298","order_sn":"2018050718525369033","price":32}

2018-05-07 18:55:02 {"merchant_id":"1499456762","key":"","authCode":"134687497494912333","order_sn":"2018050718550285048","price":14}

2018-05-07 18:55:16 {"merchant_id":"1499456762","key":"","authCode":"135062057268831004","order_sn":"2018050718551680572","price":24}

2018-05-07 18:56:50 {"merchant_id":"1499456762","key":"","authCode":"134596230770426654","order_sn":"2018050718565042746","price":8}

2018-05-07 19:07:23 {"merchant_id":"1499456762","key":"","authCode":"134736857363126053","order_sn":"2018050719072315514","price":7}

2018-05-07 19:17:17 {"merchant_id":"1499456762","key":"","authCode":"135517121430683997","order_sn":"2018050719171728309","price":8}

2018-05-07 19:22:39 {"merchant_id":"1499456762","key":"","authCode":"135045969575493727","order_sn":"2018050719223940074","price":17.5}

2018-05-07 19:22:49 {"merchant_id":"1499456762","key":"","authCode":"134633098006705109","order_sn":"2018050719224911234","price":20}

2018-05-07 19:24:25 {"merchant_id":"1490350062","key":"","authCode":"135262481497537067","order_sn":"2018050719242544905","price":300}

2018-05-07 19:25:55 {"merchant_id":"1490350062","key":"","authCode":"134616490613320256","order_sn":"2018050719255529068","price":300}

2018-05-07 19:26:15 {"merchant_id":"1490350062","key":"","authCode":"134568403839594929","order_sn":"2018050719261546659","price":300}

2018-05-07 19:27:09 {"merchant_id":"1499456762","key":"","authCode":"134654057833804789","order_sn":"2018050719270937411","price":14}

2018-05-07 19:28:04 {"merchant_id":"1499456762","key":"","authCode":"134777120367149785","order_sn":"2018050719280432109","price":32}

2018-05-07 19:38:08 {"merchant_id":"1499456762","key":"","authCode":"134739070210004715","order_sn":"2018050719380719044","price":23}

2018-05-07 19:44:33 {"merchant_id":"1490350062","key":"","authCode":"134512912779368418","order_sn":"2018050719443332855","price":300}

2018-05-07 19:54:41 {"merchant_id":"1499456762","key":"","authCode":"134753467055889873","order_sn":"2018050719544134396","price":30}

2018-05-07 19:55:02 {"merchant_id":"1499456762","key":"","authCode":"134636068906567482","order_sn":"2018050719550249512","price":7}

2018-05-07 19:58:17 {"merchant_id":"1499456762","key":"","authCode":"135256972192316744","order_sn":"2018050719581776794","price":67}

2018-05-07 19:59:13 {"merchant_id":"1499456762","key":"","authCode":"134649838802748477","order_sn":"2018050719591319424","price":5}

2018-05-07 19:59:15 {"merchant_id":"2088822285099072","key":"201710BBaa55e11a995b41488709d94fe3bfbX07","authCode":"288908577743647193","order_sn":"2018050719591556893","price":600}

2018-05-07 19:59:15 {"app_id":"2017071207730667","method":"alipay.trade.pay","charset":"utf-8","sign_type":"RSA","app_auth_token":"201710BBaa55e11a995b41488709d94fe3bfbX07","timestamp":"2018-05-07 19:59:15","version":"1.0","biz_content":"{\"out_trade_no\":\"2018050719591556893\",\"scene\":\"bar_code\",\"auth_code\":\"288908577743647193\",\"subject\":\"\\u8ba2\\u5355\\u53f7:2018050719591556893\",\"seller_id\":\"2088822285099072\",\"total_amount\":600,\"extend_params\":{\"sys_service_provider_id\":\"2088721521881652\"}}","sign":"EQJt2UP4cagzhPNoLaJVOrjP4gWCsledxBQ62yUumsbBj8uRtYeY1bgxMb0Kv0QSa32H7yvd3d4SQ8qFUbHk8xSr89HiO43s\/8kH2t\/1IqUsHiJMOnFjy2fCo9ieLZQyjEnOvagouBCo5ekumDqQLxMkbSRLLdSoexj1Pbm7JmQ="}

2018-05-07 19:59:16 {"alipay_trade_pay_response":{"code":"10000","msg":"Success","buyer_logon_id":"181****9263","buyer_pay_amount":"600.00","buyer_user_id":"2088522763148181","fund_bill_list":[{"amount":"600.00","fund_channel":"ALIPAYACCOUNT"}],"gmt_payment":"2018-05-07 19:59:16","invoice_amount":"600.00","out_trade_no":"2018050719591556893","point_amount":"0.00","receipt_amount":"600.00","total_amount":"600.00","trade_no":"2018050721001004180538543448"},"sign":"r0qediRZ2l8k/pIeCZeY8oXfmRhQYtGVc9WdYfbxLI6BSLptqpTdWmjEYJOmegSIJH2Mf3OU1/2UFlMwspeLjFj5IbEHtd95jHCMFvERs2WLH4X/B4o0w7R+AHe1VdkqnQ4/76i79lrSRv7BBKK5RpUabWn+BXTmjfXkHrI3ijE="}

2018-05-07 20:03:02 {"merchant_id":"1499456762","key":"","authCode":"134663825779011070","order_sn":"2018050720030287272","price":15}

2018-05-07 20:12:42 {"merchant_id":"1499456762","key":"","authCode":"134926219984467401","order_sn":"2018050720124279399","price":9}

2018-05-07 20:18:12 {"merchant_id":"1499456762","key":"","authCode":"134935807042694183","order_sn":"2018050720181140373","price":8.5}

2018-05-07 20:19:03 {"merchant_id":"1499456762","key":"","authCode":"134550644771218342","order_sn":"2018050720190294249","price":15}

2018-05-07 20:19:25 {"merchant_id":"1499456762","key":"","authCode":"134863835186661144","order_sn":"2018050720192568551","price":8}

2018-05-07 20:19:47 {"merchant_id":"1499456762","key":"","authCode":"134660000653730512","order_sn":"2018050720194757825","price":36}

2018-05-07 20:22:28 {"merchant_id":"1499456762","key":"","authCode":"134617326028190424","order_sn":"2018050720222828876","price":12}

2018-05-07 20:27:00 {"merchant_id":"1499456762","key":"","authCode":"134787880307322780","order_sn":"2018050720270080091","price":23}

2018-05-07 20:27:42 {"merchant_id":"1499456762","key":"","authCode":"134510085840166220","order_sn":"2018050720274261644","price":11.5}

2018-05-07 20:28:37 {"merchant_id":"1499456762","key":"","authCode":"134783988540900335","order_sn":"2018050720283775494","price":13}

2018-05-07 20:30:10 {"merchant_id":"1499456762","key":"","authCode":"134658589353225971","order_sn":"2018050720301068651","price":38}

2018-05-07 20:33:07 {"merchant_id":"1499456762","key":"","authCode":"134703583502375141","order_sn":"2018050720330725874","price":34.4}

2018-05-07 20:33:44 {"merchant_id":"1499456762","key":"","authCode":"134589575137565499","order_sn":"2018050720334461398","price":20}

2018-05-07 20:34:03 {"merchant_id":"1499456762","key":"","authCode":"134612403368851209","order_sn":"2018050720340370831","price":35.6}

2018-05-07 20:35:54 {"merchant_id":"1499456762","key":"","authCode":"134680983843318336","order_sn":"2018050720355466202","price":38}

2018-05-07 20:36:21 {"merchant_id":"1499456762","key":"","authCode":"135236457267584876","order_sn":"2018050720362130566","price":30}

2018-05-07 20:40:01 {"merchant_id":"1499456762","key":"","authCode":"134753917804727248","order_sn":"2018050720400134985","price":16}

2018-05-07 20:42:31 {"merchant_id":"1499456762","key":"","authCode":"134935381597218897","order_sn":"2018050720423144961","price":3.5}

2018-05-07 20:49:22 {"merchant_id":"1499456762","key":"","authCode":"134720844722001528","order_sn":"2018050720492255917","price":24}

2018-05-07 20:50:01 {"merchant_id":"1499456762","key":"","authCode":"134510930349772258","order_sn":"2018050720500117996","price":8}

2018-05-07 20:51:52 {"merchant_id":"1499456762","key":"","authCode":"134670695371509968","order_sn":"2018050720515245968","price":8}

2018-05-07 20:53:07 {"merchant_id":"1499456762","key":"","authCode":"134591336855821811","order_sn":"2018050720530737045","price":75.5}

2018-05-07 20:54:12 {"merchant_id":"1499456762","key":"","authCode":"134546765217974973","order_sn":"2018050720541256652","price":18}

2018-05-07 20:56:56 {"merchant_id":"1499456762","key":"","authCode":"134909055590751991","order_sn":"2018050720565664690","price":2.34}

2018-05-07 20:57:28 {"merchant_id":"1499456762","key":"","authCode":"134940407128579414","order_sn":"2018050720572829022","price":1.6}

2018-05-07 20:58:45 {"merchant_id":"1499456762","key":"","authCode":"134697335021592282","order_sn":"2018050720584524559","price":32.5}

2018-05-07 21:00:16 {"merchant_id":"1499456762","key":"","authCode":"134704411212305141","order_sn":"2018050721001612999","price":31}

2018-05-07 21:01:16 {"merchant_id":"1499456762","key":"","authCode":"134667026019869782","order_sn":"2018050721011615379","price":9}

2018-05-07 21:01:28 {"merchant_id":"1499456762","key":"","authCode":"134764076963255350","order_sn":"2018050721012853723","price":16}

2018-05-07 21:02:54 {"merchant_id":"1499456762","key":"","authCode":"134664718116567176","order_sn":"2018050721025461956","price":7}

2018-05-07 21:03:55 {"merchant_id":"1499456762","key":"","authCode":"134613555728923829","order_sn":"2018050721035517579","price":7}

2018-05-07 21:08:38 {"merchant_id":"1490350062","key":"","authCode":"135602186307694877","order_sn":"2018050721083881741","price":100}

2018-05-07 21:12:04 {"merchant_id":"1499456762","key":"","authCode":"134836176567881820","order_sn":"2018050721120457492","price":29}

2018-05-07 21:15:32 {"merchant_id":"1499456762","key":"","authCode":"134706423955451622","order_sn":"2018050721153236987","price":23}

2018-05-07 21:16:29 {"merchant_id":"1499456762","key":"","authCode":"134511512678560204","order_sn":"2018050721162947857","price":20}

2018-05-07 21:16:31 {"merchant_id":"1499456762","key":"","authCode":"134729525277421809","order_sn":"2018050721163171340","price":6}

2018-05-07 21:34:11 {"merchant_id":"1499456762","key":"","authCode":"134705459612073686","order_sn":"2018050721341179801","price":38}

2018-05-07 21:38:04 {"merchant_id":"1499456762","key":"","authCode":"134614942306174186","order_sn":"2018050721380415858","price":16}

2018-05-07 22:19:14 {"merchant_id":"1490350062","key":"","authCode":"134599368158684073","order_sn":"2018050722191490836","price":300}

2018-05-07 23:30:45 {"merchant_id":"1493159782","key":"","authCode":"135001391025772659","order_sn":"2018050723304581241","price":400}

