2018-06-08 00:14:22 {"merchant_id":"1493159782","key":"","authCode":"135013913970848627","order_sn":"2018060800142243805","price":400}

2018-06-08 02:43:47 {"merchant_id":"1490350062","key":"","authCode":"134593704822954263","order_sn":"2018060802434734770","price":300}

2018-06-08 06:54:14 {"merchant_id":"1493159782","key":"","authCode":"134632319603487148","order_sn":"2018060806541452165","price":150}

2018-06-08 08:37:27 {"merchant_id":"1499456762","key":"","authCode":"134667554605255046","order_sn":"2018060808372726808","price":8}

2018-06-08 08:46:43 {"merchant_id":"1499456762","key":"","authCode":"134979517821976208","order_sn":"2018060808464347889","price":14}

2018-06-08 09:10:11 {"merchant_id":"1499456762","key":"","authCode":"134667327356686890","order_sn":"2018060809101198733","price":17}

2018-06-08 09:13:37 {"merchant_id":"1499456762","key":"","authCode":"134551867080427982","order_sn":"2018060809133710464","price":9}

2018-06-08 09:20:15 {"merchant_id":"1499456762","key":"","authCode":"134772332716162606","order_sn":"2018060809201577162","price":25}

2018-06-08 09:20:28 {"merchant_id":"1499456762","key":"","authCode":"134591376351063677","order_sn":"2018060809202845924","price":1}

2018-06-08 09:24:31 {"merchant_id":"1499456762","key":"","authCode":"134576627352528894","order_sn":"2018060809243166579","price":198}

2018-06-08 09:25:08 {"merchant_id":"1499456762","key":"","authCode":"134699197037281311","order_sn":"2018060809250716782","price":9}

2018-06-08 09:28:20 {"merchant_id":"1499456762","key":"","authCode":"134707652140943751","order_sn":"2018060809282045505","price":26}

2018-06-08 09:38:06 {"merchant_id":"1499456762","key":"","authCode":"135039785532044839","order_sn":"2018060809380629801","price":38}

2018-06-08 09:55:30 {"merchant_id":"1499456762","key":"","authCode":"134918735109264972","order_sn":"2018060809553068651","price":45.5}

2018-06-08 09:59:42 {"merchant_id":"1499456762","key":"","authCode":"134762883159904374","order_sn":"2018060809594287365","price":37}

2018-06-08 10:04:37 {"merchant_id":"1499456762","key":"","authCode":"134636421106937138","order_sn":"2018060810043726072","price":14.5}

2018-06-08 10:08:55 {"merchant_id":"1499456762","key":"","authCode":"134557279535558767","order_sn":"2018060810085534307","price":17}

2018-06-08 10:23:54 {"merchant_id":"1499456762","key":"","authCode":"135012612957364481","order_sn":"2018060810235455072","price":39.5}

2018-06-08 10:30:23 {"merchant_id":"1499456762","key":"","authCode":"134770804858827942","order_sn":"2018060810302342426","price":198}

2018-06-08 10:41:32 {"merchant_id":"1499456762","key":"","authCode":"134890337526363739","order_sn":"2018060810413273207","price":38}

2018-06-08 10:42:57 {"merchant_id":"1499456762","key":"","authCode":"134710444797654199","order_sn":"2018060810425794452","price":59}

2018-06-08 12:00:12 {"merchant_id":"1499456762","key":"","authCode":"135437280686078825","order_sn":"2018060812001263628","price":38}

2018-06-08 12:04:21 {"merchant_id":"1499456762","key":"","authCode":"134522061831273342","order_sn":"2018060812042114670","price":12}

2018-06-08 12:10:30 {"merchant_id":"1499456762","key":"","authCode":"135000599193939054","order_sn":"2018060812103081943","price":300}

2018-06-08 12:32:20 {"merchant_id":"1493159782","key":"","authCode":"135860872290845117","order_sn":"2018060812322012965","price":200}

2018-06-08 12:51:24 {"merchant_id":"1493159782","key":"","authCode":"134820212927924889","order_sn":"2018060812512452279","price":500}

2018-06-08 13:11:07 {"merchant_id":"1499456762","key":"","authCode":"134734209893594073","order_sn":"2018060813110740865","price":128}

2018-06-08 13:19:46 {"merchant_id":"1499456762","key":"","authCode":"135039279520441493","order_sn":"2018060813194620215","price":128}

2018-06-08 13:22:26 {"merchant_id":"1499456762","key":"","authCode":"134865365632771972","order_sn":"2018060813222619447","price":38}

2018-06-08 13:24:14 {"merchant_id":"1493159782","key":"","authCode":"134592276360852834","order_sn":"2018060813241482770","price":300}

2018-06-08 13:26:17 {"merchant_id":"1499456762","key":"","authCode":"134834816929046163","order_sn":"2018060813261799597","price":28}

2018-06-08 13:35:44 {"merchant_id":"1490350062","key":"","authCode":"134961549343738076","order_sn":"2018060813354461364","price":200}

2018-06-08 13:38:21 {"merchant_id":"1499456762","key":"","authCode":"135043644796308752","order_sn":"2018060813382110768","price":52.5}

2018-06-08 13:38:55 {"merchant_id":"2088821827997030","key":"201711BBc699bef5cde842dba6fa5c6bdc706A03","authCode":"283547402191136609","order_sn":"2018060813385586662","price":2}

2018-06-08 13:38:55 {"app_id":"2017071207730667","method":"alipay.trade.pay","charset":"utf-8","sign_type":"RSA","app_auth_token":"201711BBc699bef5cde842dba6fa5c6bdc706A03","timestamp":"2018-06-08 13:38:55","version":"1.0","biz_content":"{\"out_trade_no\":\"2018060813385586662\",\"scene\":\"bar_code\",\"auth_code\":\"283547402191136609\",\"subject\":\"\\u8ba2\\u5355\\u53f7:2018060813385586662\",\"seller_id\":\"2088821827997030\",\"total_amount\":2,\"extend_params\":{\"sys_service_provider_id\":\"2088721521881652\"}}","sign":"gLOWZDVjJK8OTPmQ4dJjHkoIaVo7Gyv8puhvpYn4XTesEsfv9Hy2hvnTw8BWK29PCYv4nMQTrY2czFMOexvf+iHeVv+7ZJLz1\/+EA6ZfHZBo0tWZqLY1GvaYQE4ZmhjAIOWqoi8ew\/uyk52\/bqozx\/BFuLewX6CCNPY8tedL+yo="}

2018-06-08 13:38:57 {"alipay_trade_pay_response":{"code":"10000","msg":"Success","buyer_logon_id":"183****2784","buyer_pay_amount":"2.00","buyer_user_id":"2088612574581553","fund_bill_list":[{"amount":"2.00","fund_channel":"ALIPAYACCOUNT"}],"gmt_payment":"2018-06-08 13:38:57","invoice_amount":"2.00","out_trade_no":"2018060813385586662","point_amount":"0.00","receipt_amount":"2.00","total_amount":"2.00","trade_no":"2018060821001004550545669460"},"sign":"O2erwRTeYWwdVvOQOz68BVxStnsdb2a7AH0A59nK/cCoTa5DB0XQq9bkkspLMaUNLY+wrVlsOqXNnxlTFFdgLAIJoQFAKng1n6KW76JZJ+XgZG36Fkg/QnJRUvL97BGTgxKC/Z8EEjqcO15PMZfWRJc+PfNtBStjfNk9YQLaDc8="}

2018-06-08 13:48:31 {"merchant_id":"1499456762","key":"","authCode":"134598681530662170","order_sn":"2018060813483121216","price":38}

2018-06-08 14:12:18 {"merchant_id":"2088822285099072","key":"201710BBaa55e11a995b41488709d94fe3bfbX07","authCode":"286398724934751321","order_sn":"2018060814121791215","price":300}

2018-06-08 14:12:18 {"app_id":"2017071207730667","method":"alipay.trade.pay","charset":"utf-8","sign_type":"RSA","app_auth_token":"201710BBaa55e11a995b41488709d94fe3bfbX07","timestamp":"2018-06-08 14:12:18","version":"1.0","biz_content":"{\"out_trade_no\":\"2018060814121791215\",\"scene\":\"bar_code\",\"auth_code\":\"286398724934751321\",\"subject\":\"\\u8ba2\\u5355\\u53f7:2018060814121791215\",\"seller_id\":\"2088822285099072\",\"total_amount\":300,\"extend_params\":{\"sys_service_provider_id\":\"2088721521881652\"}}","sign":"Yf50z9PFWct\/hs5+\/J1a9u4utrIif9hkLPe4pm\/SrxUEJQncwVbTwGiug5zEMF\/k7RC7+vcZjSLjaYaTn\/H6y+9MMU9x21xveEJJ4hm2MJ6yIRpZu0LHexjjvhHlqOaI6fGmW3ED1u1ifANwT7q5RCflOKfmYf5iCv7wO0n+Ee0="}

2018-06-08 14:12:18 {"alipay_trade_pay_response":{"code":"10000","msg":"Success","buyer_logon_id":"875***@qq.com","buyer_pay_amount":"300.00","buyer_user_id":"2088102000382064","fund_bill_list":[{"amount":"300.00","fund_channel":"PCREDIT"}],"gmt_payment":"2018-06-08 14:12:18","invoice_amount":"300.00","out_trade_no":"2018060814121791215","point_amount":"0.00","receipt_amount":"300.00","total_amount":"300.00","trade_no":"2018060821001004060574059176"},"sign":"L4nbOkol+nIkVlZZ+bBhD+utDmxVtr7dhgdhc3RH4QORYYW8u433PR9j1OYhMpSg6lS9OFOV3ovhymdi4YEWYxYbbdBpFfXplgJFtYdbZTwa1iFUknfpRPzeujooUEMbszECtuwgSLxtBiO9clEFcMJAE32zm/pym2I29XPcazs="}

2018-06-08 14:16:58 {"merchant_id":"1499456762","key":"","authCode":"134569454695951611","order_sn":"2018060814165889723","price":15}

2018-06-08 14:19:20 {"merchant_id":"1499456762","key":"","authCode":"134649179336106348","order_sn":"2018060814192044182","price":18}

2018-06-08 14:27:24 {"merchant_id":"2088822285099072","key":"201710BBaa55e11a995b41488709d94fe3bfbX07","authCode":"283671479149851450","order_sn":"2018060814272410482","price":300}

2018-06-08 14:27:24 {"app_id":"2017071207730667","method":"alipay.trade.pay","charset":"utf-8","sign_type":"RSA","app_auth_token":"201710BBaa55e11a995b41488709d94fe3bfbX07","timestamp":"2018-06-08 14:27:24","version":"1.0","biz_content":"{\"out_trade_no\":\"2018060814272410482\",\"scene\":\"bar_code\",\"auth_code\":\"283671479149851450\",\"subject\":\"\\u8ba2\\u5355\\u53f7:2018060814272410482\",\"seller_id\":\"2088822285099072\",\"total_amount\":300,\"extend_params\":{\"sys_service_provider_id\":\"2088721521881652\"}}","sign":"AE\/RQ6hKUyfv9v8NBmqUZvqJV6iULG7YTZ6bQDK0kGepFSRstiY83MVz7b40wcQrhUns86TO7BBXpOJuwMgP2zuC8inyVqMk0ckPNssjeGSiQhsBtvB\/lYvcCvSwWd\/Z6kps2tieprGHoE2GfuXDlK51QZt85CsjjNMA1nHXu0Q="}

2018-06-08 14:27:25 {"alipay_trade_pay_response":{"code":"10000","msg":"Success","buyer_logon_id":"151****8111","buyer_pay_amount":"300.00","buyer_user_id":"2088922538941955","fund_bill_list":[{"amount":"300.00","fund_channel":"ALIPAYACCOUNT"}],"gmt_payment":"2018-06-08 14:27:25","invoice_amount":"300.00","out_trade_no":"2018060814272410482","point_amount":"0.00","receipt_amount":"300.00","total_amount":"300.00","trade_no":"2018060821001004950551738815"},"sign":"DG99sCosrc3c2iPDNvAUlV/UE1MiXjHKQP0cDGfjXGzJG1w+hAl3UfcXDiZQf7EAfTHKH8I67gwVXcCgKEQuJXmdnqd4UOvmQsLyA1gZH/peAMZR2UO9X6iahqD5GvR+C0Isykgz25+vujJSdkXKIcA4BVKMvNcyK/Ej+5m5nUs="}

2018-06-08 14:42:41 {"merchant_id":"1499456762","key":"","authCode":"134675314605994670","order_sn":"2018060814424124711","price":8}

2018-06-08 15:07:48 {"merchant_id":"1490350062","key":"","authCode":"134509087709673965","order_sn":"2018060815074837892","price":300}

2018-06-08 15:19:29 {"merchant_id":"1499456762","key":"","authCode":"135063508922571201","order_sn":"2018060815192991876","price":28}

2018-06-08 15:20:30 {"merchant_id":"1490350062","key":"","authCode":"134650961403804775","order_sn":"2018060815203059179","price":300}

2018-06-08 15:24:02 {"merchant_id":"1499456762","key":"","authCode":"134551891091764755","order_sn":"2018060815240227810","price":20}

2018-06-08 15:57:32 {"merchant_id":"1499456762","key":"","authCode":"134612391599462487","order_sn":"2018060815573294816","price":13}

2018-06-08 16:08:03 {"merchant_id":"1499456762","key":"","authCode":"134662011450046189","order_sn":"2018060816080312431","price":54.5}

2018-06-08 16:34:50 {"merchant_id":"1499456762","key":"","authCode":"134515039074987487","order_sn":"2018060816345011685","price":8}

2018-06-08 16:37:23 {"merchant_id":"1499456762","key":"","authCode":"134672347153907492","order_sn":"2018060816372374831","price":17}

2018-06-08 16:37:50 {"merchant_id":"1499456762","key":"","authCode":"135020093669538256","order_sn":"2018060816375031499","price":28}

2018-06-08 16:47:07 {"merchant_id":"1499456762","key":"","authCode":"134508787109452302","order_sn":"2018060816470753785","price":8}

2018-06-08 16:58:32 {"merchant_id":"1499456762","key":"","authCode":"134738687436793345","order_sn":"2018060816583297119","price":14}

2018-06-08 17:01:47 {"merchant_id":"1499456762","key":"","authCode":"134990672180512838","order_sn":"2018060817014737856","price":31}

2018-06-08 17:13:42 {"merchant_id":"1499456762","key":"","authCode":"134534605705173219","order_sn":"2018060817134245949","price":23}

2018-06-08 17:16:37 {"merchant_id":"1499456762","key":"","authCode":"134777486818105091","order_sn":"2018060817163772096","price":31}

2018-06-08 17:21:19 {"merchant_id":"1499456762","key":"","authCode":"134544731275528051","order_sn":"2018060817211927380","price":39}

2018-06-08 17:21:31 {"merchant_id":"1499456762","key":"","authCode":"134645701675174492","order_sn":"2018060817213114960","price":15}

2018-06-08 17:23:07 {"merchant_id":"1499456762","key":"","authCode":"134991501657620932","order_sn":"2018060817230766577","price":67}

2018-06-08 17:25:13 {"merchant_id":"1499456762","key":"","authCode":"134647717775204003","order_sn":"2018060817251346109","price":16}

2018-06-08 17:27:06 {"merchant_id":"1499456762","key":"","authCode":"134507563718620295","order_sn":"2018060817270692097","price":21}

2018-06-08 17:27:41 {"merchant_id":"1499456762","key":"","authCode":"135177384152885873","order_sn":"2018060817274189876","price":30}

2018-06-08 17:29:17 {"merchant_id":"1499456762","key":"","authCode":"134706470968692904","order_sn":"2018060817291727973","price":1}

2018-06-08 17:29:57 {"merchant_id":"1499456762","key":"","authCode":"135189058630837856","order_sn":"2018060817295779984","price":41}

2018-06-08 17:31:02 {"merchant_id":"1499456762","key":"","authCode":"134678846513939617","order_sn":"2018060817310226704","price":26}

2018-06-08 17:34:49 {"merchant_id":"1490350062","key":"","authCode":"134640011467619758","order_sn":"2018060817344989965","price":100}

2018-06-08 17:40:28 {"merchant_id":"1499456762","key":"","authCode":"135601533390973136","order_sn":"2018060817402819536","price":42}

2018-06-08 17:41:47 {"merchant_id":"1499456762","key":"","authCode":"134721722611405565","order_sn":"2018060817414740513","price":39}

2018-06-08 17:45:43 {"merchant_id":"1499456762","key":"","authCode":"134614165025995639","order_sn":"2018060817454344775","price":9}

2018-06-08 17:47:10 {"merchant_id":"1499456762","key":"","authCode":"134623247327106986","order_sn":"2018060817471038346","price":47}

2018-06-08 17:49:10 {"merchant_id":"1499456762","key":"","authCode":"134552045750957945","order_sn":"2018060817491011436","price":48}

2018-06-08 17:49:19 {"merchant_id":"1499456762","key":"","authCode":"134607414571967523","order_sn":"2018060817491917747","price":20}

2018-06-08 17:50:13 {"merchant_id":"1499456762","key":"","authCode":"135030724056720727","order_sn":"2018060817501355022","price":13}

2018-06-08 17:52:13 {"merchant_id":"1499456762","key":"","authCode":"134993001053060781","order_sn":"2018060817521351897","price":16}

2018-06-08 17:52:42 {"merchant_id":"1499456762","key":"","authCode":"134573099939746282","order_sn":"2018060817524280583","price":23}

2018-06-08 18:10:51 {"merchant_id":"1499456762","key":"","authCode":"134615762930870219","order_sn":"2018060818105166939","price":33}

2018-06-08 18:19:02 {"merchant_id":"1490350062","key":"","authCode":"135040045643444888","order_sn":"2018060818190261949","price":600}

2018-06-08 18:20:00 {"merchant_id":"1499456762","key":"","authCode":"135260931135900247","order_sn":"2018060818200069511","price":300}

2018-06-08 18:21:02 {"merchant_id":"1499456762","key":"","authCode":"135248354129450468","order_sn":"2018060818210223945","price":71}

2018-06-08 18:23:51 {"merchant_id":"1499456762","key":"","authCode":"134516015870334988","order_sn":"2018060818235159489","price":31}

2018-06-08 18:26:26 {"merchant_id":"1499456762","key":"","authCode":"134917149890304728","order_sn":"2018060818262613379","price":15}

2018-06-08 18:26:51 {"merchant_id":"1499456762","key":"","authCode":"134751274842123417","order_sn":"2018060818265179071","price":30}

2018-06-08 18:35:30 {"merchant_id":"1499456762","key":"","authCode":"134933965849219138","order_sn":"2018060818353012699","price":13}

2018-06-08 18:35:31 {"merchant_id":"1499456762","key":"","authCode":"134557285203518145","order_sn":"2018060818353167584","price":19}

2018-06-08 18:35:59 {"merchant_id":"1499456762","key":"","authCode":"134622053057393341","order_sn":"2018060818355965057","price":8}

2018-06-08 18:43:07 {"merchant_id":"1499456762","key":"","authCode":"134696690635213013","order_sn":"2018060818430688774","price":10}

2018-06-08 18:52:21 {"merchant_id":"1493159782","key":"","authCode":"134547798984865670","order_sn":"2018060818522128078","price":200}

2018-06-08 18:54:22 {"merchant_id":"1499456762","key":"","authCode":"134539635329951130","order_sn":"2018060818542272954","price":27.5}

2018-06-08 18:55:09 {"merchant_id":"1499456762","key":"","authCode":"134895935192534837","order_sn":"2018060818550931898","price":25}

2018-06-08 18:55:36 {"merchant_id":"1499456762","key":"","authCode":"134508345289775538","order_sn":"2018060818553697239","price":17}

2018-06-08 18:56:29 {"merchant_id":"1499456762","key":"","authCode":"134836958172445322","order_sn":"2018060818562968569","price":58}

2018-06-08 18:57:35 {"merchant_id":"1499456762","key":"","authCode":"134989975648964893","order_sn":"2018060818573545427","price":18}

2018-06-08 18:58:54 {"merchant_id":"1499456762","key":"","authCode":"134579379201977284","order_sn":"2018060818585485560","price":5}

2018-06-08 18:59:20 {"merchant_id":"1499456762","key":"","authCode":"134677035173250258","order_sn":"2018060818592035730","price":9}

2018-06-08 19:06:23 {"merchant_id":"1499456762","key":"","authCode":"134621213747859070","order_sn":"2018060819062332155","price":28.8}

2018-06-08 19:07:40 {"merchant_id":"1499456762","key":"","authCode":"134651994976772829","order_sn":"2018060819074036398","price":23}

2018-06-08 19:13:03 {"merchant_id":"1499456762","key":"","authCode":"135552023013053426","order_sn":"2018060819130336900","price":15}

2018-06-08 19:17:50 {"merchant_id":"1499456762","key":"","authCode":"134529587503689803","order_sn":"2018060819175066473","price":13}

2018-06-08 19:18:45 {"merchant_id":"1499456762","key":"","authCode":"134894477489616953","order_sn":"2018060819184535366","price":10}

2018-06-08 19:20:32 {"merchant_id":"1499456762","key":"","authCode":"134608827691776666","order_sn":"2018060819203274551","price":5}

2018-06-08 19:21:28 {"merchant_id":"1499456762","key":"","authCode":"135251447660408641","order_sn":"2018060819212861222","price":16}

2018-06-08 19:24:22 {"merchant_id":"1499456762","key":"","authCode":"134587077614591089","order_sn":"2018060819242266848","price":30}

2018-06-08 19:26:47 {"merchant_id":"1499456762","key":"","authCode":"135183046038663528","order_sn":"2018060819264732470","price":13}

2018-06-08 19:27:27 {"merchant_id":"1499456762","key":"","authCode":"135010344257082256","order_sn":"2018060819272728040","price":15}

2018-06-08 19:28:09 {"merchant_id":"1499456762","key":"","authCode":"134925285878762927","order_sn":"2018060819280911186","price":8}

2018-06-08 19:32:02 {"merchant_id":"1499456762","key":"","authCode":"134557832594145938","order_sn":"2018060819320298796","price":28}

2018-06-08 19:37:49 {"merchant_id":"1499456762","key":"","authCode":"135628848066888412","order_sn":"2018060819374992456","price":12}

2018-06-08 19:41:19 {"merchant_id":"1499456762","key":"","authCode":"134911572053727512","order_sn":"2018060819411950355","price":20}

2018-06-08 19:45:42 {"merchant_id":"1499456762","key":"","authCode":"134575587680787472","order_sn":"2018060819454247393","price":20}

2018-06-08 19:53:01 {"merchant_id":"1499456762","key":"","authCode":"134565530348799398","order_sn":"2018060819530148583","price":30}

2018-06-08 19:55:04 {"merchant_id":"1499456762","key":"","authCode":"134895898110398399","order_sn":"2018060819550497514","price":18}

2018-06-08 19:57:09 {"merchant_id":"1499456762","key":"","authCode":"134546089524500501","order_sn":"2018060819570927585","price":25}

2018-06-08 19:59:47 {"merchant_id":"1499456762","key":"","authCode":"134752853740990558","order_sn":"2018060819594721962","price":19}

2018-06-08 20:02:19 {"merchant_id":"1499456762","key":"","authCode":"134776865051622694","order_sn":"2018060820021947344","price":8}

2018-06-08 20:07:11 {"merchant_id":"2088822285099072","key":"201710BBaa55e11a995b41488709d94fe3bfbX07","authCode":"286585320727214281","order_sn":"2018060820071187217","price":100}

2018-06-08 20:07:11 {"app_id":"2017071207730667","method":"alipay.trade.pay","charset":"utf-8","sign_type":"RSA","app_auth_token":"201710BBaa55e11a995b41488709d94fe3bfbX07","timestamp":"2018-06-08 20:07:11","version":"1.0","biz_content":"{\"out_trade_no\":\"2018060820071187217\",\"scene\":\"bar_code\",\"auth_code\":\"286585320727214281\",\"subject\":\"\\u8ba2\\u5355\\u53f7:2018060820071187217\",\"seller_id\":\"2088822285099072\",\"total_amount\":100,\"extend_params\":{\"sys_service_provider_id\":\"2088721521881652\"}}","sign":"XQrE\/mDcc+70b4M3xbM13\/QloRb9nxR+KynU9wdCZ+Bp8tiONYXrgfJug5lMfMrpCAu8pDaDGSgjLwQfcMprHpC9lnjDuvwHX5ipVHwvbgknjaaYGZE6umMIqXFKIqY74EGj0ElpEawZ2GgSCdR8JP3hdoXj4904Zaz84+pk6wc="}

2018-06-08 20:07:13 {"alipay_trade_pay_response":{"code":"10000","msg":"Success","buyer_logon_id":"liu***@qq.com","buyer_pay_amount":"100.00","buyer_user_id":"2088212291865453","fund_bill_list":[{"amount":"100.00","fund_channel":"ALIPAYACCOUNT"}],"gmt_payment":"2018-06-08 20:07:13","invoice_amount":"100.00","out_trade_no":"2018060820071187217","point_amount":"0.00","receipt_amount":"100.00","total_amount":"100.00","trade_no":"2018060821001004450574736180"},"sign":"P9OS8HyIyZ8R5JJ589KleboBaBXIrSJQwOj6P845FCG380jHkcEtv1cNiYxppeavQxm8Fom9zObcjRMDXfbQFaflx2bNHO89hGYOLKtPOwrXfbrmTX0OhoZ0BXmj8tmbl5dcqni6WjgFiGlDOW/xqxSzNqAGNgBO9j3crjVp78c="}

2018-06-08 20:17:55 {"merchant_id":"1499456762","key":"","authCode":"135207464248978926","order_sn":"2018060820175589883","price":8}

2018-06-08 20:18:11 {"merchant_id":"1499456762","key":"","authCode":"134860970273946868","order_sn":"2018060820181068957","price":7}

2018-06-08 20:23:00 {"merchant_id":"1499456762","key":"","authCode":"134513764848648840","order_sn":"2018060820230011285","price":12}

2018-06-08 20:29:40 {"merchant_id":"1499456762","key":"","authCode":"135310876972242866","order_sn":"2018060820294061063","price":12}

2018-06-08 20:41:36 {"merchant_id":"1499456762","key":"","authCode":"134887132001814329","order_sn":"2018060820413663525","price":69.5}

2018-06-08 20:44:05 {"merchant_id":"1493159782","key":"","authCode":"134717761303677029","order_sn":"2018060820440546791","price":400}

2018-06-08 20:55:49 {"merchant_id":"1499456762","key":"","authCode":"134621528872749157","order_sn":"2018060820554971681","price":56.5}

2018-06-08 20:57:00 {"merchant_id":"1499456762","key":"","authCode":"134843040105933573","order_sn":"2018060820570014716","price":27}

2018-06-08 20:58:49 {"merchant_id":"1499456762","key":"","authCode":"134884923659834131","order_sn":"2018060820584994710","price":30}

2018-06-08 20:59:46 {"merchant_id":"1499456762","key":"","authCode":"134594256024849220","order_sn":"2018060820594685656","price":22}

2018-06-08 21:16:24 {"merchant_id":"1499456762","key":"","authCode":"134772323720849750","order_sn":"2018060821162419549","price":15.5}

2018-06-08 21:31:28 {"merchant_id":"1499456762","key":"","authCode":"134618315089104418","order_sn":"2018060821312865428","price":9}

2018-06-08 21:49:45 {"merchant_id":"1499456762","key":"","authCode":"134872180978410738","order_sn":"2018060821494598730","price":21}

2018-06-08 22:00:35 {"merchant_id":"1490350062","key":"","authCode":"134780227736424296","order_sn":"2018060822003520290","price":300}

2018-06-08 22:02:59 {"merchant_id":"1490350062","key":"","authCode":"134973637499163391","order_sn":"2018060822025992768","price":25}

2018-06-08 22:19:25 {"merchant_id":"2088822285099072","key":"201710BBaa55e11a995b41488709d94fe3bfbX07","authCode":"288859636777452682","order_sn":"2018060822192591220","price":300}

2018-06-08 22:19:25 {"app_id":"2017071207730667","method":"alipay.trade.pay","charset":"utf-8","sign_type":"RSA","app_auth_token":"201710BBaa55e11a995b41488709d94fe3bfbX07","timestamp":"2018-06-08 22:19:25","version":"1.0","biz_content":"{\"out_trade_no\":\"2018060822192591220\",\"scene\":\"bar_code\",\"auth_code\":\"288859636777452682\",\"subject\":\"\\u8ba2\\u5355\\u53f7:2018060822192591220\",\"seller_id\":\"2088822285099072\",\"total_amount\":300,\"extend_params\":{\"sys_service_provider_id\":\"2088721521881652\"}}","sign":"YAO0+qQoC5MA35mcHypO85EFBZfp0V4ZA9sS2lzttrCF1S3frLUV8qY5QchjTkrLfmR8FkZwucNm9Ra9WlpWoEeQb7Iq6nWsHg8F0MEau3d1T6Eroc5Lv4dd4THUOxThb04E1eixEyXY\/GCJpdhpFcAXwLuYgdVIBdNHkHZu9DU="}

2018-06-08 22:19:26 {"alipay_trade_pay_response":{"code":"10000","msg":"Success","buyer_logon_id":"727***@qq.com","buyer_pay_amount":"300.00","buyer_user_id":"2088212681554534","fund_bill_list":[{"amount":"300.00","fund_channel":"ALIPAYACCOUNT"}],"gmt_payment":"2018-06-08 22:19:26","invoice_amount":"300.00","out_trade_no":"2018060822192591220","point_amount":"0.00","receipt_amount":"300.00","total_amount":"300.00","trade_no":"2018060821001004530541718856"},"sign":"gJTUr1THDS/1+DDfdWUsTaWq7JzViGxUUdfDeza4TB4Nhr4TCSFTVT+KI/H3uUegd/cpkEym1tFAnhHiiwAa/qdtDXhvyaQuJWhg0kpEP2V5vyFidyv1zOvbYWysBzard+jv5CnkRW6poxYxyFJ5eYoBt7hsJGX/b06+agUiOVQ="}

