2018-05-15 00:41:42 {"merchant_id":"1490350062","key":"","authCode":"134705271185060115","order_sn":"2018051500414220911","price":300}

2018-05-15 02:44:25 {"merchant_id":"1493159782","key":"","authCode":"135728833151413501","order_sn":"2018051502442589288","price":300}

2018-05-15 07:43:56 {"merchant_id":"1499456762","key":"","authCode":"134919606698407227","order_sn":"2018051507435658423","price":15}

2018-05-15 07:49:18 {"merchant_id":"1499456762","key":"","authCode":"134579055975982801","order_sn":"2018051507491868315","price":9}

2018-05-15 08:02:34 {"merchant_id":"1499456762","key":"","authCode":"134605811442331089","order_sn":"2018051508023410386","price":19}

2018-05-15 09:34:49 {"merchant_id":"1499456762","key":"","authCode":"134612207183020598","order_sn":"2018051509344992644","price":8}

2018-05-15 09:36:59 {"merchant_id":"1499456762","key":"","authCode":"134613099381019226","order_sn":"2018051509365946633","price":20}

2018-05-15 09:37:59 {"merchant_id":"1499456762","key":"","authCode":"134652495077830325","order_sn":"2018051509375985548","price":8}

2018-05-15 09:40:26 {"merchant_id":"1499456762","key":"","authCode":"134649327508740583","order_sn":"2018051509402654075","price":13}

2018-05-15 09:40:39 {"merchant_id":"1499456762","key":"","authCode":"134957106159191705","order_sn":"2018051509403973255","price":6}

2018-05-15 09:44:42 {"merchant_id":"1499456762","key":"","authCode":"134732377843222741","order_sn":"2018051509444110019","price":10.5}

2018-05-15 09:47:56 {"merchant_id":"1499456762","key":"","authCode":"134673887009213863","order_sn":"2018051509475622525","price":128}

2018-05-15 09:49:34 {"merchant_id":"1493159782","key":"","authCode":"135059105793806687","order_sn":"2018051509493463424","price":500}

2018-05-15 09:56:53 {"merchant_id":"1499456762","key":"","authCode":"134745209477408275","order_sn":"2018051509565377833","price":29}

2018-05-15 10:05:14 {"merchant_id":"1499456762","key":"","authCode":"134584812864101686","order_sn":"2018051510051492122","price":20}

2018-05-15 10:12:33 {"merchant_id":"1499456762","key":"","authCode":"134831772483902581","order_sn":"2018051510123392568","price":19}

2018-05-15 10:23:17 {"merchant_id":"1499456762","key":"","authCode":"134728361913689548","order_sn":"2018051510231748807","price":10}

2018-05-15 10:29:26 {"merchant_id":"1499456762","key":"","authCode":"134649531431898127","order_sn":"2018051510292693834","price":16.5}

2018-05-15 10:44:14 {"merchant_id":"1499456762","key":"","authCode":"134642125633925341","order_sn":"2018051510441444292","price":34}

2018-05-15 10:45:48 {"merchant_id":"1499456762","key":"","authCode":"134692656064295060","order_sn":"2018051510454836551","price":400}

2018-05-15 11:01:49 {"merchant_id":"1499456762","key":"","authCode":"134752717821159574","order_sn":"2018051511014996823","price":20}

2018-05-15 11:02:19 {"merchant_id":"1499456762","key":"","authCode":"134700276405000599","order_sn":"2018051511021985702","price":21.6}

2018-05-15 11:07:36 {"merchant_id":"1499456762","key":"","authCode":"134627500330330443","order_sn":"2018051511073619898","price":14}

2018-05-15 11:19:26 {"merchant_id":"1499456762","key":"","authCode":"135164387854717491","order_sn":"2018051511192656643","price":15}

2018-05-15 11:19:38 {"merchant_id":"1499456762","key":"","authCode":"134608431775834881","order_sn":"2018051511193849677","price":59}

2018-05-15 11:30:19 {"merchant_id":"2088822285099072","key":"201710BBaa55e11a995b41488709d94fe3bfbX07","authCode":"285377936030078669","order_sn":"2018051511301989158","price":300}

2018-05-15 11:30:19 {"app_id":"2017071207730667","method":"alipay.trade.pay","charset":"utf-8","sign_type":"RSA","app_auth_token":"201710BBaa55e11a995b41488709d94fe3bfbX07","timestamp":"2018-05-15 11:30:19","version":"1.0","biz_content":"{\"out_trade_no\":\"2018051511301989158\",\"scene\":\"bar_code\",\"auth_code\":\"285377936030078669\",\"subject\":\"\\u8ba2\\u5355\\u53f7:2018051511301989158\",\"seller_id\":\"2088822285099072\",\"total_amount\":300,\"extend_params\":{\"sys_service_provider_id\":\"2088721521881652\"}}","sign":"oh5Xcwqq4aBj7nEWCKpvs7nq0fnte42l5D3Z\/+ucA0TY3uGUD1jQ+vbTCyKtezVuCXTEZFnw\/BxL02hVekpUezJXuUnXkElbWU37JdJJmbjj714WRTqnZ+9\/xoSmvWKxo8HABwknTySXUCr+Nfv3vTD3Zj1K+PdpnaWSeK1t3dg="}

2018-05-15 11:30:20 {"alipay_trade_pay_response":{"code":"10000","msg":"Success","buyer_logon_id":"125***@qq.com","buyer_pay_amount":"300.00","buyer_user_id":"2088112284683524","fund_bill_list":[{"amount":"300.00","fund_channel":"ALIPAYACCOUNT"}],"gmt_payment":"2018-05-15 11:30:20","invoice_amount":"300.00","out_trade_no":"2018051511301989158","point_amount":"0.00","receipt_amount":"300.00","total_amount":"300.00","trade_no":"2018051521001004520513253043"},"sign":"CKG+RpeMa8dBLuyx/99M1XV0PtPqm3ElPVDXaehdjI46P+6QwEX3DQz2Zxu2gvt60VVFOS2TxngY6Rn7FFko//TyRgE/io7TyAzXzGhW0SJUqlZTOBmf/WQMwPhNnX5tdgZWrZUH8PyJ9tnaX7YO1fRn5rQTY9toAvypqqkjV08="}

2018-05-15 11:45:52 {"merchant_id":"1499456762","key":"","authCode":"134608354068285990","order_sn":"2018051511455273665","price":11}

2018-05-15 12:03:26 {"merchant_id":"1490350062","key":"","authCode":"134777975840542603","order_sn":"2018051512032640127","price":10}

2018-05-15 12:06:55 {"merchant_id":"1499456762","key":"","authCode":"134833132961841798","order_sn":"2018051512065524838","price":12}

2018-05-15 12:14:44 {"merchant_id":"1499456762","key":"","authCode":"134644269675560888","order_sn":"2018051512144453754","price":73}

2018-05-15 12:53:11 {"merchant_id":"1490350062","key":"","authCode":"135491877321265336","order_sn":"2018051512531118622","price":100}

2018-05-15 13:13:44 {"merchant_id":"1490350062","key":"","authCode":"134570542075583879","order_sn":"2018051513134460387","price":200}

2018-05-15 13:27:05 {"merchant_id":"1499456762","key":"","authCode":"134693360040685215","order_sn":"2018051513270519430","price":27}

2018-05-15 13:29:49 {"merchant_id":"1499456762","key":"","authCode":"134855186711681293","order_sn":"2018051513294922384","price":9}

2018-05-15 13:31:20 {"merchant_id":"1493159782","key":"","authCode":"135037797859277411","order_sn":"2018051513312096835","price":800}

2018-05-15 13:38:32 {"merchant_id":"1499456762","key":"","authCode":"134850330120366526","order_sn":"2018051513383298642","price":17}

2018-05-15 13:52:46 {"merchant_id":"1490350062","key":"","authCode":"134606662386371651","order_sn":"2018051513524671084","price":300}

2018-05-15 13:59:30 {"merchant_id":"1493159782","key":"","authCode":"135061236615359558","order_sn":"2018051513593086880","price":200}

2018-05-15 14:24:48 {"merchant_id":"1499456762","key":"","authCode":"134514694990256409","order_sn":"2018051514244871076","price":19}

2018-05-15 14:25:32 {"merchant_id":"1499456762","key":"","authCode":"134561425962344305","order_sn":"2018051514253251440","price":8}

2018-05-15 15:32:42 {"merchant_id":"1490350062","key":"","authCode":"134563295811809662","order_sn":"2018051515324254610","price":300}

2018-05-15 15:38:45 {"merchant_id":"1499456762","key":"","authCode":"135413141642758671","order_sn":"2018051515384599273","price":77}

2018-05-15 15:41:02 {"merchant_id":"1499456762","key":"","authCode":"135006442857831776","order_sn":"2018051515410280437","price":117}

2018-05-15 16:16:41 {"merchant_id":"1499456762","key":"","authCode":"134969298195534260","order_sn":"2018051516164153542","price":22}

2018-05-15 16:31:53 {"merchant_id":"1499456762","key":"","authCode":"134643450502314460","order_sn":"2018051516315322683","price":11}

2018-05-15 16:35:22 {"merchant_id":"1499456762","key":"","authCode":"134674269329204970","order_sn":"2018051516352249747","price":15}

2018-05-15 16:41:52 {"merchant_id":"1499456762","key":"","authCode":"134626149484515087","order_sn":"2018051516415283031","price":29}

2018-05-15 16:48:11 {"merchant_id":"1499456762","key":"","authCode":"134949191376887235","order_sn":"2018051516481159031","price":34}

2018-05-15 16:52:52 {"merchant_id":"1499456762","key":"","authCode":"134577920845676516","order_sn":"2018051516525260662","price":13}

2018-05-15 16:53:32 {"merchant_id":"1499456762","key":"","authCode":"134518547098768812","order_sn":"2018051516533233497","price":17}

2018-05-15 16:57:37 {"merchant_id":"1499456762","key":"","authCode":"135043319497527626","order_sn":"2018051516573765501","price":9}

2018-05-15 17:04:04 {"merchant_id":"1499456762","key":"","authCode":"134615865207448338","order_sn":"2018051517040490296","price":8}

2018-05-15 17:04:35 {"merchant_id":"1499456762","key":"","authCode":"134640810506109481","order_sn":"2018051517043594032","price":38}

2018-05-15 17:07:35 {"merchant_id":"1499456762","key":"","authCode":"135339338347117647","order_sn":"2018051517073573563","price":10}

2018-05-15 17:10:00 {"merchant_id":"1499456762","key":"","authCode":"134774459820753080","order_sn":"2018051517100018533","price":39}

2018-05-15 17:10:29 {"merchant_id":"1499456762","key":"","authCode":"135034736593216408","order_sn":"2018051517102974527","price":9}

2018-05-15 17:16:07 {"merchant_id":"1499456762","key":"","authCode":"135036496523998265","order_sn":"2018051517160778014","price":34.5}

2018-05-15 17:21:10 {"merchant_id":"2088822285099072","key":"201710BBaa55e11a995b41488709d94fe3bfbX07","authCode":"289176972438704345","order_sn":"2018051517211065158","price":300}

2018-05-15 17:21:10 {"app_id":"2017071207730667","method":"alipay.trade.pay","charset":"utf-8","sign_type":"RSA","app_auth_token":"201710BBaa55e11a995b41488709d94fe3bfbX07","timestamp":"2018-05-15 17:21:10","version":"1.0","biz_content":"{\"out_trade_no\":\"2018051517211065158\",\"scene\":\"bar_code\",\"auth_code\":\"289176972438704345\",\"subject\":\"\\u8ba2\\u5355\\u53f7:2018051517211065158\",\"seller_id\":\"2088822285099072\",\"total_amount\":300,\"extend_params\":{\"sys_service_provider_id\":\"2088721521881652\"}}","sign":"dC81Q1Jb6+CQH7cWkOnsumjvqtntVtalTKG9FhpB0CKhtNo1367f1VzB6S3YdUNWNGDJdkvWuSYs\/aFvrK8IdIjmjWIGrlz0IGoJf9uhAdbdHt+M8WqDjuoi1XZzxFdTn4tmlFPfUAUqBw+t6DWs1FWM74V5qD5lwDKK33iXock="}

2018-05-15 17:21:11 {"alipay_trade_pay_response":{"code":"10000","msg":"Success","buyer_logon_id":"158****8786","buyer_pay_amount":"300.00","buyer_user_id":"2088802180437504","fund_bill_list":[{"amount":"300.00","fund_channel":"PCREDIT"}],"gmt_payment":"2018-05-15 17:21:11","invoice_amount":"300.00","out_trade_no":"2018051517211065158","point_amount":"0.00","receipt_amount":"300.00","total_amount":"300.00","trade_no":"2018051521001004500565125958"},"sign":"vVfn6Qiw0WgXVC+zQ5OdRigZRFxnbXvs4mDi3cOcYeNa3rDYrwiAZUbjMQm5QHDhsCUSBC1Sro+l6q9a3IlJvCesD/UacSRY+k/23SBQd7nLbTYf8diTemnBhggHPi9SnfQMfhADkkVcQ4w1VSp4W03iN8fWyACFF5mtuFZug6c="}

2018-05-15 17:33:46 {"merchant_id":"1499456762","key":"","authCode":"135358730560040668","order_sn":"2018051517334635804","price":43}

2018-05-15 17:39:21 {"merchant_id":"1499456762","key":"","authCode":"134508957185633424","order_sn":"2018051517392165926","price":10}

2018-05-15 17:49:35 {"merchant_id":"1493159782","key":"","authCode":"134778160047939950","order_sn":"2018051517493579062","price":700}

2018-05-15 17:51:45 {"merchant_id":"1499456762","key":"","authCode":"134615380544257154","order_sn":"2018051517514518321","price":10}

2018-05-15 17:56:55 {"merchant_id":"1499456762","key":"","authCode":"134575027850335749","order_sn":"2018051517565584705","price":50}

2018-05-15 18:06:17 {"merchant_id":"1499456762","key":"","authCode":"134667676259692172","order_sn":"2018051518061797746","price":16}

2018-05-15 18:11:21 {"merchant_id":"1499456762","key":"","authCode":"134625560555360410","order_sn":"2018051518112065080","price":15}

2018-05-15 18:14:14 {"merchant_id":"1499456762","key":"","authCode":"134643980490634800","order_sn":"2018051518141426439","price":13}

2018-05-15 18:21:28 {"merchant_id":"1499456762","key":"","authCode":"135133473160256784","order_sn":"2018051518212827521","price":53}

2018-05-15 18:35:14 {"merchant_id":"2088822285099072","key":"201710BBaa55e11a995b41488709d94fe3bfbX07","authCode":"283194734706278637","order_sn":"2018051518351441521","price":100}

2018-05-15 18:35:14 {"app_id":"2017071207730667","method":"alipay.trade.pay","charset":"utf-8","sign_type":"RSA","app_auth_token":"201710BBaa55e11a995b41488709d94fe3bfbX07","timestamp":"2018-05-15 18:35:14","version":"1.0","biz_content":"{\"out_trade_no\":\"2018051518351441521\",\"scene\":\"bar_code\",\"auth_code\":\"283194734706278637\",\"subject\":\"\\u8ba2\\u5355\\u53f7:2018051518351441521\",\"seller_id\":\"2088822285099072\",\"total_amount\":100,\"extend_params\":{\"sys_service_provider_id\":\"2088721521881652\"}}","sign":"ashoSDPKHYqsL03oRce5zMhC9sRD1lGnBWpZsCLrN9HnOaAw+hQtgogBgsEscI343G\/npJRJ2K9SPA8WDqvBg5Fmv7l1DFoZhDPNKDkISfoOlayfgwrG2FM+Y\/UfBKeKC4IPowS17gTt6VUqDTj1PbfPSA6mG1F8KOCGBFj8XLI="}

2018-05-15 18:35:15 {"alipay_trade_pay_response":{"code":"10000","msg":"Success","buyer_logon_id":"418***@qq.com","buyer_pay_amount":"100.00","buyer_user_id":"2088112121251602","fund_bill_list":[{"amount":"100.00","fund_channel":"PCREDIT"}],"gmt_payment":"2018-05-15 18:35:15","invoice_amount":"100.00","out_trade_no":"2018051518351441521","point_amount":"0.00","receipt_amount":"100.00","total_amount":"100.00","trade_no":"2018051521001004600539110473"},"sign":"n73XAqdQSTO3TDHsU4OW8O9+r+CqMxa0qUZuoPdN4n6CdXMIOrfU3bZDQTxwm5L0UBYptQlAMDbzoXGAACALU40Qx0mnxRvhcaZk+4qpUwbb07d40k/KJxKShcx563qi0gF5U5DqeDEitUhpeLd8qtyhYYlY6fFgonIWgkP3qzQ="}

2018-05-15 18:45:23 {"merchant_id":"1499456762","key":"","authCode":"134563155878665341","order_sn":"2018051518452363403","price":17}

2018-05-15 18:48:27 {"merchant_id":"1499456762","key":"","authCode":"134681165830796291","order_sn":"2018051518482719824","price":16}

2018-05-15 18:53:53 {"merchant_id":"1499456762","key":"","authCode":"134637908562783356","order_sn":"2018051518535379859","price":41}

2018-05-15 18:55:00 {"merchant_id":"2088822285099072","key":"201710BBaa55e11a995b41488709d94fe3bfbX07","authCode":"283362037901813249","order_sn":"2018051518550082533","price":200}

2018-05-15 18:55:00 {"app_id":"2017071207730667","method":"alipay.trade.pay","charset":"utf-8","sign_type":"RSA","app_auth_token":"201710BBaa55e11a995b41488709d94fe3bfbX07","timestamp":"2018-05-15 18:55:00","version":"1.0","biz_content":"{\"out_trade_no\":\"2018051518550082533\",\"scene\":\"bar_code\",\"auth_code\":\"283362037901813249\",\"subject\":\"\\u8ba2\\u5355\\u53f7:2018051518550082533\",\"seller_id\":\"2088822285099072\",\"total_amount\":200,\"extend_params\":{\"sys_service_provider_id\":\"2088721521881652\"}}","sign":"D7gzY95+R8S0w2DLjZoqF3voWe2SRom4d4VG9uWje5w+uofHTr7CauioMTTxRGFeCa2e84jnM16sA9w6yIiUiOH+ZJpmUAlRlgNfE6DwDIFdhkyaIA+B1JxqIn+gZ9OiP1qfqEEmdbZAZ8NbckWOspL2Pqg9uloGRgpAVJ\/\/2Ew="}

2018-05-15 18:55:01 {"alipay_trade_pay_response":{"code":"10000","msg":"Success","buyer_logon_id":"151****8487","buyer_pay_amount":"200.00","buyer_user_id":"2088802738973922","fund_bill_list":[{"amount":"200.00","fund_channel":"PCREDIT"}],"gmt_payment":"2018-05-15 18:55:00","invoice_amount":"200.00","out_trade_no":"2018051518550082533","point_amount":"0.00","receipt_amount":"200.00","total_amount":"200.00","trade_no":"2018051521001004920568760148"},"sign":"nWNXZ1z/xfI31Iuai8TBcL6rlYh4fmJ7f1GufSM/p/NpkQl08kXZ6yuqx8+WMF6t/kguIjQluqwwFVJMSOY590ioVHmHhbJ8MM1W0U3dQ/vLf8orHLEX62nvFbEQFt+3cqJM7GOEWrjzaKNPipzqDVB88hsMFyzf0V8AgQm24Uk="}

2018-05-15 18:56:18 {"merchant_id":"1499456762","key":"","authCode":"135040430121848233","order_sn":"2018051518561882329","price":15}

2018-05-15 18:59:27 {"merchant_id":"1499456762","key":"","authCode":"134940113721514559","order_sn":"2018051518592736380","price":16}

2018-05-15 19:02:41 {"merchant_id":"1493159782","key":"","authCode":"134588768114382876","order_sn":"2018051519024118388","price":300}

2018-05-15 19:06:00 {"merchant_id":"1499456762","key":"","authCode":"134746313499122186","order_sn":"2018051519060032954","price":25.5}

2018-05-15 19:06:30 {"merchant_id":"1499456762","key":"","authCode":"134802540904048473","order_sn":"2018051519063029160","price":16}

2018-05-15 19:10:32 {"merchant_id":"1499456762","key":"","authCode":"134557817653140598","order_sn":"2018051519103288401","price":48.5}

2018-05-15 19:18:02 {"merchant_id":"1499456762","key":"","authCode":"134940420210993921","order_sn":"2018051519180270294","price":80}

2018-05-15 19:18:28 {"merchant_id":"1499456762","key":"","authCode":"134738731801199223","order_sn":"2018051519182885576","price":33.5}

2018-05-15 19:26:59 {"merchant_id":"1499456762","key":"","authCode":"135236327873766367","order_sn":"2018051519265919131","price":10}

2018-05-15 19:35:02 {"merchant_id":"1499456762","key":"","authCode":"134584596282230690","order_sn":"2018051519350292993","price":20}

2018-05-15 19:35:31 {"merchant_id":"1499456762","key":"","authCode":"134680296822582219","order_sn":"2018051519353135934","price":13}

2018-05-15 19:36:45 {"merchant_id":"1499456762","key":"","authCode":"135420015986225368","order_sn":"2018051519364513956","price":20}

2018-05-15 19:37:29 {"merchant_id":"1499456762","key":"","authCode":"134535215671414420","order_sn":"2018051519372943137","price":20}

2018-05-15 19:39:19 {"merchant_id":"1499456762","key":"","authCode":"134522810798171015","order_sn":"2018051519391926798","price":7}

2018-05-15 19:39:22 {"merchant_id":"1499456762","key":"","authCode":"134734808069733043","order_sn":"2018051519392214183","price":8}

2018-05-15 19:44:02 {"merchant_id":"1499456762","key":"","authCode":"134728301915793690","order_sn":"2018051519440274875","price":24}

2018-05-15 19:45:45 {"merchant_id":"1499456762","key":"","authCode":"134926808919232886","order_sn":"2018051519454567519","price":32}

2018-05-15 19:50:55 {"merchant_id":"1499456762","key":"","authCode":"134664746252255799","order_sn":"2018051519505524348","price":15}

2018-05-15 19:54:43 {"merchant_id":"1499456762","key":"","authCode":"136301551509172370","order_sn":"2018051519544313630","price":15}

2018-05-15 19:55:11 {"merchant_id":"1499456762","key":"","authCode":"134718794107660641","order_sn":"2018051519551111943","price":17}

2018-05-15 19:55:35 {"merchant_id":"1499456762","key":"","authCode":"134514507086222962","order_sn":"2018051519553523777","price":38}

2018-05-15 20:06:24 {"merchant_id":"1499456762","key":"","authCode":"134650996925330934","order_sn":"2018051520062449240","price":34}

2018-05-15 20:06:57 {"merchant_id":"1499456762","key":"","authCode":"134932234853130145","order_sn":"2018051520065790653","price":8.5}

2018-05-15 20:07:37 {"merchant_id":"1499456762","key":"","authCode":"134906843514907151","order_sn":"2018051520073773594","price":16}

2018-05-15 20:12:03 {"merchant_id":"1499456762","key":"","authCode":"134893746672382147","order_sn":"2018051520120331530","price":6}

2018-05-15 20:12:43 {"merchant_id":"1499456762","key":"","authCode":"135261619643405843","order_sn":"2018051520124345301","price":6}

2018-05-15 20:15:49 {"merchant_id":"1499456762","key":"","authCode":"134535591840984752","order_sn":"2018051520154970815","price":16}

2018-05-15 20:16:29 {"merchant_id":"1499456762","key":"","authCode":"134581509047651753","order_sn":"2018051520162989614","price":17}

2018-05-15 20:29:47 {"merchant_id":"1499456762","key":"","authCode":"135008402813269134","order_sn":"2018051520294742397","price":15}

2018-05-15 20:36:21 {"merchant_id":"1499456762","key":"","authCode":"134723101415390412","order_sn":"2018051520362189504","price":268}

2018-05-15 20:37:53 {"merchant_id":"1499456762","key":"","authCode":"134707953880175392","order_sn":"2018051520375340293","price":24}

2018-05-15 20:39:46 {"merchant_id":"1499456762","key":"","authCode":"134517549131949729","order_sn":"2018051520394623088","price":8}

2018-05-15 20:39:47 {"merchant_id":"1499456762","key":"","authCode":"134516908020005220","order_sn":"2018051520394796323","price":15}

2018-05-15 20:43:54 {"merchant_id":"1499456762","key":"","authCode":"134590099845607334","order_sn":"2018051520435483863","price":27}

2018-05-15 20:45:51 {"merchant_id":"1499456762","key":"","authCode":"134599743931678432","order_sn":"2018051520455188313","price":20}

2018-05-15 20:56:18 {"merchant_id":"1499456762","key":"","authCode":"135102728931606971","order_sn":"2018051520561817611","price":10}

2018-05-15 20:57:33 {"merchant_id":"1499456762","key":"","authCode":"134699921947834475","order_sn":"2018051520573351951","price":14}

2018-05-15 20:58:33 {"merchant_id":"1499456762","key":"","authCode":"134691822167507010","order_sn":"2018051520583334612","price":5}

2018-05-15 21:00:28 {"merchant_id":"1490350062","key":"","authCode":"134912976976169690","order_sn":"2018051521002890021","price":300}

2018-05-15 21:02:24 {"merchant_id":"1499456762","key":"","authCode":"135474747076626650","order_sn":"2018051521022437330","price":15}

2018-05-15 21:11:34 {"merchant_id":"1499456762","key":"","authCode":"135487120472017476","order_sn":"2018051521113498339","price":13}

2018-05-15 21:16:42 {"merchant_id":"1499456762","key":"","authCode":"134534014751506745","order_sn":"2018051521164232608","price":53}

2018-05-15 21:17:17 {"merchant_id":"1499456762","key":"","authCode":"134606592766092491","order_sn":"2018051521171777880","price":17}

2018-05-15 21:19:04 {"merchant_id":"1499456762","key":"","authCode":"134729872078147187","order_sn":"2018051521190493684","price":6}

2018-05-15 21:24:22 {"merchant_id":"1499456762","key":"","authCode":"134565490991599179","order_sn":"2018051521242270561","price":15}

2018-05-15 21:24:27 {"merchant_id":"1499456762","key":"","authCode":"134550597187238972","order_sn":"2018051521242799561","price":9}

2018-05-15 21:28:30 {"merchant_id":"1499456762","key":"","authCode":"134507641770608859","order_sn":"2018051521283078641","price":12}

2018-05-15 21:31:06 {"merchant_id":"1499456762","key":"","authCode":"134933351946370530","order_sn":"2018051521310622697","price":7}

2018-05-15 21:32:08 {"merchant_id":"1499456762","key":"","authCode":"134615851081627775","order_sn":"2018051521320865778","price":18}

2018-05-15 21:39:50 {"merchant_id":"1499456762","key":"","authCode":"135001847968284751","order_sn":"2018051521395037824","price":8}

2018-05-15 21:45:45 {"merchant_id":"2088822285099072","key":"201710BBaa55e11a995b41488709d94fe3bfbX07","authCode":"287635675908621379","order_sn":"2018051521454545788","price":300}

2018-05-15 21:45:45 {"app_id":"2017071207730667","method":"alipay.trade.pay","charset":"utf-8","sign_type":"RSA","app_auth_token":"201710BBaa55e11a995b41488709d94fe3bfbX07","timestamp":"2018-05-15 21:45:45","version":"1.0","biz_content":"{\"out_trade_no\":\"2018051521454545788\",\"scene\":\"bar_code\",\"auth_code\":\"287635675908621379\",\"subject\":\"\\u8ba2\\u5355\\u53f7:2018051521454545788\",\"seller_id\":\"2088822285099072\",\"total_amount\":300,\"extend_params\":{\"sys_service_provider_id\":\"2088721521881652\"}}","sign":"rOsuDe0IJ459lqOkFXFTJxU\/Kg8feMGYDjKE\/zKMamxX3TB3jNP35LQt4XVprUDaAU8OFV3kxN6qOlntefOKyNYNfDM30DKnF3TnPgdyOctmUpNU2TNUSOGdAAw1OReO6NtxAnIOoSs3aAfN0IatgK2yN6zWgPfRnsFlll0um6M="}

2018-05-15 21:45:46 {"alipay_trade_pay_response":{"code":"10000","msg":"Success","buyer_logon_id":"151****1555","buyer_pay_amount":"300.00","buyer_user_id":"2088032311820758","fund_bill_list":[{"amount":"299.98","fund_channel":"ALIPAYACCOUNT"},{"amount":"0.02","fund_channel":"COUPON"}],"gmt_payment":"2018-05-15 21:45:46","invoice_amount":"299.98","out_trade_no":"2018051521454545788","point_amount":"0.02","receipt_amount":"300.00","total_amount":"300.00","trade_no":"2018051521001004750536967308"},"sign":"KHREKHNeiNLMOAToJKzlzQFmBktZZi8jzoledBC9pVWSUXrfGFx6h3OFLYw0dmHr02trIpgrF9chdO5IEYCnbGCKJKspJzAyAK9ys+kQ8JA80tNTXFD8LPfIyXNRmafwjUYp45RLVA+fllMPl1+O1dP5l0XD2s1BP5guiKMxXtA="}

2018-05-15 22:44:07 {"merchant_id":"1490350062","key":"","authCode":"135959891502731565","order_sn":"2018051522440720324","price":19}

2018-05-15 22:55:38 {"merchant_id":"1490350062","key":"","authCode":"134633245541818198","order_sn":"2018051522553857126","price":300}

