2018-02-24 01:52:15 {"merchant_id":"2088821827997030","key":"201711BBc699bef5cde842dba6fa5c6bdc706A03","authCode":"283866401671429672","order_sn":"2018022401521560175","price":300}
2018-02-24 01:52:15 {"app_id":"2017071207730667","method":"alipay.trade.pay","charset":"utf-8","sign_type":"RSA","app_auth_token":"201711BBc699bef5cde842dba6fa5c6bdc706A03","timestamp":"2018-02-24 01:52:15","version":"1.0","biz_content":"{\"out_trade_no\":\"2018022401521560175\",\"scene\":\"bar_code\",\"auth_code\":\"283866401671429672\",\"subject\":\"\\u8ba2\\u5355\\u53f7:2018022401521560175\",\"seller_id\":\"2088821827997030\",\"total_amount\":300,\"extend_params\":{\"sys_service_provider_id\":\"2088721521881652\"}}","sign":"pTTkZK4u+900oczXGC\/TqwOlojOQOTKPE5Q83RJ+fxyUhOyefQseqZwTJQVu2UWZ4LPprtfIDttjYzwx6RLdcyAGVW8hv8HiGG2GTIy7KiVXCZ5MOEQVuiMC\/tmE1yaPGhFMcOWux7vcq0diE522UJVLW6\/LZ1gPgTqPNXAEsm8="}
2018-02-24 01:52:16 {"alipay_trade_pay_response":{"code":"10000","msg":"Success","buyer_logon_id":"178****5158","buyer_pay_amount":"300.00","buyer_user_id":"2088622531382514","fund_bill_list":[{"amount":"300.00","fund_channel":"PCREDIT"}],"gmt_payment":"2018-02-24 01:52:16","invoice_amount":"300.00","out_trade_no":"2018022401521560175","point_amount":"0.00","receipt_amount":"300.00","total_amount":"300.00","trade_no":"2018022421001004510586377131"},"sign":"G34pgLrRnLsIIPHhL909O6u6WX24LmfGEKmUne8PhkDgDQIjOE6Q0F+bi0yA0foLltgvgkHjmq4Fow5vtaPIu5DX1YKS2z6a0dyt8YG6e+O4W0V3K6jrCwE6cGcAZAUVrEraNhnXyARLtW/DbD8t/GJ2K3rxlkVfiqGKmZLW5dM="}
2018-02-24 08:22:38 {"merchant_id":"2088821827997030","key":"201711BBc699bef5cde842dba6fa5c6bdc706A03","authCode":"282032681061364787","order_sn":"2018022408223863362","price":6}
2018-02-24 08:22:38 {"app_id":"2017071207730667","method":"alipay.trade.pay","charset":"utf-8","sign_type":"RSA","app_auth_token":"201711BBc699bef5cde842dba6fa5c6bdc706A03","timestamp":"2018-02-24 08:22:38","version":"1.0","biz_content":"{\"out_trade_no\":\"2018022408223863362\",\"scene\":\"bar_code\",\"auth_code\":\"282032681061364787\",\"subject\":\"\\u8ba2\\u5355\\u53f7:2018022408223863362\",\"seller_id\":\"2088821827997030\",\"total_amount\":6,\"extend_params\":{\"sys_service_provider_id\":\"2088721521881652\"}}","sign":"OcE4LpUOI93XrYrYZBL1sgRDmSxpyTFK4E+864Jw0+P8nc17V0NQFi9Ur9MKLcuuVHRI5NGhbZ5p\/Wtztw\/CRJkdQIyRlYiRK2lI8HXnJQu4\/sCSrlUmpfHvstu72BqAnGoOeJNflzM61rnwsxjZSy5njWiadO6wno0JlllyhGU="}
2018-02-24 08:22:39 {"alipay_trade_pay_response":{"code":"10000","msg":"Success","buyer_logon_id":"136****1325","buyer_pay_amount":"5.70","buyer_user_id":"2088222051894472","fund_bill_list":[{"amount":"0.30","fund_channel":"DISCOUNT","real_amount":"0.00"},{"amount":"0.10","fund_channel":"COUPON"},{"amount":"5.60","fund_channel":"ALIPAYACCOUNT"}],"gmt_payment":"2018-02-24 08:22:39","invoice_amount":"5.60","out_trade_no":"2018022408223863362","point_amount":"0.40","receipt_amount":"6.00","total_amount":"6.00","trade_no":"2018022421001004470500171485"},"sign":"hd4cTYvqYiViklD/8iiVI4fB8ZDYwVercACA/LVd4xuTs4BwHOGq21YuQqO7R4NeNsH9mIgjkEPU9sGbH/HKdtFNP9MOnF4KL7LdNbawlKzMpj27lCP5VGnHzh9kl7GWOAvYzoZf7QXBjpxaieK0FvS/e9GKAoWeywuD8Jj5gRg="}
2018-02-24 08:52:26 {"merchant_id":"1490350062","key":"","authCode":"134763029391917021","order_sn":"2018022408522638982","price":2}
2018-02-24 13:15:59 {"merchant_id":"1493159782","key":"","authCode":"134741749979323934","order_sn":"2018022413155947252","price":200}
2018-02-24 13:39:20 {"merchant_id":"1490350062","key":"","authCode":"134594741167253199","order_sn":"2018022413392099328","price":48}
2018-02-24 13:51:50 {"merchant_id":"1490350062","key":"","authCode":"134755093817853946","order_sn":"2018022413515035968","price":118}
2018-02-24 14:27:14 {"merchant_id":"1493159782","key":"","authCode":"134510295027809118","order_sn":"2018022414271423162","price":300}
2018-02-24 15:09:51 {"merchant_id":"1493159782","key":"","authCode":"134760339228317649","order_sn":"2018022415095185013","price":800}
2018-02-24 15:46:43 {"merchant_id":"1490350062","key":"","authCode":"134640089099504261","order_sn":"2018022415464339425","price":500}
2018-02-24 16:29:55 {"merchant_id":"1493159782","key":"","authCode":"134548006019076536","order_sn":"2018022416295573115","price":200}
2018-02-24 16:45:06 {"merchant_id":"1493159782","key":"","authCode":"135245715575861190","order_sn":"2018022416450642624","price":200}
2018-02-24 17:26:28 {"merchant_id":"1490350062","key":"","authCode":"134986495194030560","order_sn":"2018022417262847792","price":300}
2018-02-24 17:58:23 {"merchant_id":"1490350062","key":"","authCode":"134517323768171524","order_sn":"2018022417582397162","price":300}
2018-02-24 20:01:25 {"merchant_id":"1493159782","key":"","authCode":"135330906550967072","order_sn":"2018022420012411898","price":400}
2018-02-24 20:08:55 {"merchant_id":"1490350062","key":"","authCode":"134613685260486977","order_sn":"2018022420085531606","price":100}
2018-02-24 22:55:44 {"merchant_id":"1493159782","key":"","authCode":"134619155609736274","order_sn":"2018022422554468461","price":400}
