2018-03-05 00:04:03 {"merchant_id":"1493159782","key":"","authCode":"134567042494782166","order_sn":"2018030500040373677","price":300}
2018-03-05 00:32:59 {"merchant_id":"2088822285099072","key":"201710BBaa55e11a995b41488709d94fe3bfbX07","authCode":"287035177110214208","order_sn":"2018030500325966995","price":300}
2018-03-05 00:32:59 {"app_id":"2017071207730667","method":"alipay.trade.pay","charset":"utf-8","sign_type":"RSA","app_auth_token":"201710BBaa55e11a995b41488709d94fe3bfbX07","timestamp":"2018-03-05 00:32:59","version":"1.0","biz_content":"{\"out_trade_no\":\"2018030500325966995\",\"scene\":\"bar_code\",\"auth_code\":\"287035177110214208\",\"subject\":\"\\u8ba2\\u5355\\u53f7:2018030500325966995\",\"seller_id\":\"2088822285099072\",\"total_amount\":300,\"extend_params\":{\"sys_service_provider_id\":\"2088721521881652\"}}","sign":"ZhPYuHRE4I0I6eQG9Nq9GK4DZkyz1ENyOgk3v\/EcpGBj8zodhW1IvQS3FZIuGcK78gK\/XIE3lxNO3B4UJ9U7NSxMN01NegYNXdLbZTt+\/NkXHS9vO3\/I0bDvskNtR9vHr9McMvdIRVqX\/fpIibRwtoeloGyKTse881x3oyv3lMw="}
2018-03-05 00:33:00 {"alipay_trade_pay_response":{"code":"10000","msg":"Success","buyer_logon_id":"175****9999","buyer_pay_amount":"300.00","buyer_user_id":"2088122946895084","fund_bill_list":[{"amount":"300.00","fund_channel":"PCREDIT"}],"gmt_payment":"2018-03-05 00:33:00","invoice_amount":"300.00","out_trade_no":"2018030500325966995","point_amount":"0.00","receipt_amount":"300.00","total_amount":"300.00","trade_no":"2018030521001004080213277507"},"sign":"NPBxyLWjIwP5nEU/pMEEMl617j7rJgBMQnJAYw0Uk2ZKJKIlOOIqGC2AYgMeOB50lc+MEMA2RigsM2THmcbSplPLSvn+N6cmOxIA1OQwUBOMoQmWf1xFRW3mvvHNpEBvugVrJeNo8I4OchCYjZ/r7u0v7Vcqt1KdD10uon7yO2o="}
2018-03-05 01:53:48 {"merchant_id":"1490350062","key":"","authCode":"134857567057971948","order_sn":"2018030501534820035","price":300}
2018-03-05 09:57:36 {"merchant_id":"1490350062","key":"","authCode":"134648911274077398","order_sn":"2018030509573639011","price":100}
2018-03-05 10:08:47 {"merchant_id":"1490350062","key":"","authCode":"134578982253237968","order_sn":"2018030510084750870","price":4}
2018-03-05 12:18:56 {"merchant_id":"1490350062","key":"","authCode":"135006716905994952","order_sn":"2018030512185636356","price":300}
2018-03-05 17:42:53 {"merchant_id":"1493159782","key":"","authCode":"134704053539856802","order_sn":"2018030517425315381","price":300}
2018-03-05 18:26:02 {"merchant_id":"1490350062","key":"","authCode":"134558683068017860","order_sn":"2018030518260274297","price":300}
2018-03-05 19:56:40 {"merchant_id":"1493159782","key":"","authCode":"134774228974121347","order_sn":"2018030519564085804","price":300}
2018-03-05 21:09:59 {"merchant_id":"1490350062","key":"","authCode":"135155115617413189","order_sn":"2018030521095973411","price":1500}
2018-03-05 21:10:44 {"merchant_id":"1490350062","key":"","authCode":"135210498108637263","order_sn":"2018030521104444237","price":1500}
2018-03-05 21:19:57 {"merchant_id":"1490350062","key":"","authCode":"134943194403129946","order_sn":"2018030521195724681","price":220}
2018-03-05 21:23:23 {"merchant_id":"1490350062","key":"","authCode":"134789558270328920","order_sn":"2018030521232317321","price":30}
2018-03-05 21:30:56 {"merchant_id":"1490350062","key":"","authCode":"134609801080748421","order_sn":"2018030521305669320","price":300}
2018-03-05 21:38:41 {"merchant_id":"1493159782","key":"","authCode":"134520640096701268","order_sn":"2018030521384199516","price":600}
2018-03-05 22:20:59 {"merchant_id":"2088821827997030","key":"201711BBc699bef5cde842dba6fa5c6bdc706A03","authCode":"289601690703790440","order_sn":"2018030522205934295","price":300}
2018-03-05 22:20:59 {"app_id":"2017071207730667","method":"alipay.trade.pay","charset":"utf-8","sign_type":"RSA","app_auth_token":"201711BBc699bef5cde842dba6fa5c6bdc706A03","timestamp":"2018-03-05 22:20:59","version":"1.0","biz_content":"{\"out_trade_no\":\"2018030522205934295\",\"scene\":\"bar_code\",\"auth_code\":\"289601690703790440\",\"subject\":\"\\u8ba2\\u5355\\u53f7:2018030522205934295\",\"seller_id\":\"2088821827997030\",\"total_amount\":300,\"extend_params\":{\"sys_service_provider_id\":\"2088721521881652\"}}","sign":"gG2Is+FvU1jP2We4qOeQxWhvlrXCyCTasJi8eyRHAw49G3nIlpKoD8P8fmkTpMzA1QYyj4X92MVT3vX315ga0JvPeGlyK\/R1SCEGMoA8rIPxhNabQHJCEuZDJwkVnmsJva2KE4BAFG7RLqgx3NKye6uEp4E4+a9xQ\/rzrlBZ\/zA="}
2018-03-05 22:21:00 {"alipay_trade_pay_response":{"code":"10000","msg":"Success","buyer_logon_id":"189****3456","buyer_pay_amount":"300.00","buyer_user_id":"2088412946810070","fund_bill_list":[{"amount":"300.00","fund_channel":"PCREDIT"}],"gmt_payment":"2018-03-05 22:21:00","invoice_amount":"300.00","out_trade_no":"2018030522205934295","point_amount":"0.00","receipt_amount":"300.00","total_amount":"300.00","trade_no":"2018030521001004070597041161"},"sign":"EG1kcrMvdV0gCQWMh+f+TbL1+EnYQPbvjbFFC4GP636thZ/x8OJNWKWwJ4cgyosrc7NcwXoh2EcR+nLW6xcQDVobjO6Ztt1lNO4fqUPiTDaZJh4v/NSAGB9GCrJruh/VqSJw+2+pGC4C3uBRmWEAjpxWuTqVIi/NNuKXmIOwyyQ="}
