2018-05-12 07:54:33 {"merchant_id":"1499456762","key":"","authCode":"134726686056059812","order_sn":"2018051207543378599","price":22.5}

2018-05-12 07:55:08 {"merchant_id":"1499456762","key":"","authCode":"134542382189666589","order_sn":"2018051207550740338","price":11.5}

2018-05-12 09:11:41 {"merchant_id":"1499456762","key":"","authCode":"134508951005945411","order_sn":"2018051209114188987","price":9}

2018-05-12 09:17:27 {"merchant_id":"1499456762","key":"","authCode":"134849550002661811","order_sn":"2018051209172764929","price":300}

2018-05-12 09:18:00 {"merchant_id":"1490350062","key":"","authCode":"135102771101550801","order_sn":"2018051209180056754","price":58}

2018-05-12 09:26:13 {"merchant_id":"1499456762","key":"","authCode":"135529726540305264","order_sn":"2018051209261343726","price":128}

2018-05-12 09:37:15 {"merchant_id":"1499456762","key":"","authCode":"134782411426292253","order_sn":"2018051209371558832","price":108}

2018-05-12 09:51:42 {"merchant_id":"1499456762","key":"","authCode":"134575660458146929","order_sn":"2018051209514297190","price":8}

2018-05-12 09:58:28 {"merchant_id":"1499456762","key":"","authCode":"134829311409452380","order_sn":"2018051209582743089","price":500}

2018-05-12 09:59:44 {"merchant_id":"1499456762","key":"","authCode":"134748006294435122","order_sn":"2018051209594484584","price":20}

2018-05-12 10:00:42 {"merchant_id":"1499456762","key":"","authCode":"134675770386374937","order_sn":"2018051210004221100","price":47}

2018-05-12 10:04:16 {"merchant_id":"1499456762","key":"","authCode":"134603078632544524","order_sn":"2018051210041644069","price":356}

2018-05-12 10:04:31 {"merchant_id":"1499456762","key":"","authCode":"134518184546299549","order_sn":"2018051210043126715","price":268}

2018-05-12 10:06:35 {"merchant_id":"1499456762","key":"","authCode":"134706729538689246","order_sn":"2018051210063535917","price":13}

2018-05-12 10:12:20 {"merchant_id":"1499456762","key":"","authCode":"135131382251985704","order_sn":"2018051210122011092","price":11}

2018-05-12 10:13:21 {"merchant_id":"1499456762","key":"","authCode":"135228219637087020","order_sn":"2018051210132184297","price":36.5}

2018-05-12 10:15:18 {"merchant_id":"1499456762","key":"","authCode":"136103904582323019","order_sn":"2018051210151854237","price":23}

2018-05-12 10:15:37 {"merchant_id":"1499456762","key":"","authCode":"136056435020441096","order_sn":"2018051210153713062","price":2}

2018-05-12 10:19:05 {"merchant_id":"1499456762","key":"","authCode":"134724949118179095","order_sn":"2018051210190565932","price":189}

2018-05-12 10:20:23 {"merchant_id":"1499456762","key":"","authCode":"134602345479027257","order_sn":"2018051210202311784","price":200}

2018-05-12 10:38:40 {"merchant_id":"1499456762","key":"","authCode":"134756238889151606","order_sn":"2018051210384088054","price":13}

2018-05-12 10:41:50 {"merchant_id":"1499456762","key":"","authCode":"134532458346791488","order_sn":"2018051210415068426","price":48}

2018-05-12 10:54:18 {"merchant_id":"1499456762","key":"","authCode":"134750307207280034","order_sn":"2018051210541862085","price":15}

2018-05-12 11:04:39 {"merchant_id":"1499456762","key":"","authCode":"134759025798387081","order_sn":"2018051211043978797","price":20}

2018-05-12 11:05:16 {"merchant_id":"1499456762","key":"","authCode":"135253891819895683","order_sn":"2018051211051694344","price":11}

2018-05-12 11:08:06 {"merchant_id":"1499456762","key":"","authCode":"134701779699731299","order_sn":"2018051211080660448","price":38}

2018-05-12 11:19:25 {"merchant_id":"1499456762","key":"","authCode":"134776360523647855","order_sn":"2018051211192577482","price":17}

2018-05-12 11:19:26 {"merchant_id":"2088822285099072","key":"201710BBaa55e11a995b41488709d94fe3bfbX07","authCode":"285259023161084499","order_sn":"2018051211192670825","price":300}

2018-05-12 11:19:26 {"app_id":"2017071207730667","method":"alipay.trade.pay","charset":"utf-8","sign_type":"RSA","app_auth_token":"201710BBaa55e11a995b41488709d94fe3bfbX07","timestamp":"2018-05-12 11:19:26","version":"1.0","biz_content":"{\"out_trade_no\":\"2018051211192670825\",\"scene\":\"bar_code\",\"auth_code\":\"285259023161084499\",\"subject\":\"\\u8ba2\\u5355\\u53f7:2018051211192670825\",\"seller_id\":\"2088822285099072\",\"total_amount\":300,\"extend_params\":{\"sys_service_provider_id\":\"2088721521881652\"}}","sign":"FYMPBWxawyKN5\/BLpbsqCCNMalwwgWFfiM7aWIzB1Qx11zaEG5XDBaFBdqk\/cyd1+qaOaujqWyqidtY+l10fCMiyhr2OquZFhNtVWOrBB8qoWpfdDsumazHfOJtflwzysxRGpbza3zRXS8+hXPx3P\/4mNopY29\/KEGMFcOgAU1Y="}

2018-05-12 11:19:28 {"alipay_trade_pay_response":{"code":"10000","msg":"Success","buyer_logon_id":"187****6799","buyer_pay_amount":"300.00","buyer_user_id":"2088902191747037","fund_bill_list":[{"amount":"300.00","fund_channel":"ALIPAYACCOUNT"}],"gmt_payment":"2018-05-12 11:19:28","invoice_amount":"300.00","out_trade_no":"2018051211192670825","point_amount":"0.00","receipt_amount":"300.00","total_amount":"300.00","trade_no":"2018051221001004030563475845"},"sign":"S0eMTvCnjLSavtSG5O7pW7EVW/xYrtrY5cn76Vt9zHdKdtdAZvOIpkiK4Lt4jJlq1yIfRrr9ZjWutdBen1ZMoEReC9WYmFgjiyhPid5MEVI29kNexvU9g1TT376A9uv3h8wZ1AgnsWFP9p1VNQaQtaNfPk9uZfLAcV1hkC8BOZE="}

2018-05-12 11:28:01 {"merchant_id":"1499456762","key":"","authCode":"135117654292844741","order_sn":"2018051211280190777","price":56}

2018-05-12 11:36:31 {"merchant_id":"1499456762","key":"","authCode":"134553020579209458","order_sn":"2018051211363185104","price":38}

2018-05-12 11:38:37 {"merchant_id":"1499456762","key":"","authCode":"134672266636741837","order_sn":"2018051211383715616","price":20}

2018-05-12 11:46:42 {"merchant_id":"1499456762","key":"","authCode":"134697980458218165","order_sn":"2018051211464281461","price":198}

2018-05-12 11:47:13 {"merchant_id":"1499456762","key":"","authCode":"135209821731627569","order_sn":"2018051211471321529","price":29}

2018-05-12 11:47:33 {"merchant_id":"1499456762","key":"","authCode":"135296956767863282","order_sn":"2018051211473337587","price":2}

2018-05-12 12:02:21 {"merchant_id":"1499456762","key":"","authCode":"134524159796189288","order_sn":"2018051212022192082","price":14}

2018-05-12 12:03:31 {"merchant_id":"1499456762","key":"","authCode":"134542848812838154","order_sn":"2018051212033176454","price":128}

2018-05-12 12:09:14 {"merchant_id":"1499456762","key":"","authCode":"134656689483742728","order_sn":"2018051212091478164","price":128}

2018-05-12 12:11:09 {"merchant_id":"1499456762","key":"","authCode":"134641241444765796","order_sn":"2018051212110935949","price":128}

2018-05-12 12:16:40 {"merchant_id":"1499456762","key":"","authCode":"134566843810354951","order_sn":"2018051212164065769","price":128}

2018-05-12 12:24:45 {"merchant_id":"1499456762","key":"","authCode":"134931747225979206","order_sn":"2018051212244523006","price":40}

2018-05-12 12:26:24 {"merchant_id":"1499456762","key":"","authCode":"134717575334634210","order_sn":"2018051212262385191","price":47.5}

2018-05-12 12:31:32 {"merchant_id":"1499456762","key":"","authCode":"134715483872265239","order_sn":"2018051212313289533","price":14}

2018-05-12 12:35:24 {"merchant_id":"1499456762","key":"","authCode":"135044517869992342","order_sn":"2018051212352415778","price":16}

2018-05-12 12:37:21 {"merchant_id":"1499456762","key":"","authCode":"134587605970697123","order_sn":"2018051212372189988","price":27.3}

2018-05-12 12:38:28 {"merchant_id":"1499456762","key":"","authCode":"134657212388869495","order_sn":"2018051212382811968","price":13}

2018-05-12 12:39:10 {"merchant_id":"1499456762","key":"","authCode":"134533699700402293","order_sn":"2018051212391012687","price":2}

2018-05-12 12:39:19 {"merchant_id":"1499456762","key":"","authCode":"134511798630095672","order_sn":"2018051212391954042","price":15}

2018-05-12 12:44:11 {"merchant_id":"1499456762","key":"","authCode":"134880029625270805","order_sn":"2018051212441138070","price":8}

2018-05-12 13:01:31 {"merchant_id":"1499456762","key":"","authCode":"134732827249925254","order_sn":"2018051213013153294","price":10}

2018-05-12 13:12:45 {"merchant_id":"1499456762","key":"","authCode":"134641893936683918","order_sn":"2018051213124544718","price":8}

2018-05-12 13:19:14 {"merchant_id":"1499456762","key":"","authCode":"134544937379447568","order_sn":"2018051213191423209","price":2}

2018-05-12 13:20:40 {"merchant_id":"1499456762","key":"","authCode":"134511728442983189","order_sn":"2018051213204044149","price":300}

2018-05-12 14:04:44 {"merchant_id":"1499456762","key":"","authCode":"134599419098907640","order_sn":"2018051214044470389","price":8}

2018-05-12 14:09:26 {"merchant_id":"1499456762","key":"","authCode":"134758450750176353","order_sn":"2018051214092671520","price":14}

2018-05-12 14:09:39 {"merchant_id":"1490350062","key":"","authCode":"134641512990755070","order_sn":"2018051214093916916","price":100}

2018-05-12 14:13:49 {"merchant_id":"1499456762","key":"","authCode":"134773149648244551","order_sn":"2018051214134913768","price":27}

2018-05-12 14:14:13 {"merchant_id":"1499456762","key":"","authCode":"135207491641522331","order_sn":"2018051214141372530","price":11}

2018-05-12 14:18:56 {"merchant_id":"1499456762","key":"","authCode":"134549971553260497","order_sn":"2018051214185658357","price":86.4}

2018-05-12 14:25:58 {"merchant_id":"1499456762","key":"","authCode":"134553126265346803","order_sn":"2018051214255834528","price":30}

2018-05-12 14:40:06 {"merchant_id":"1499456762","key":"","authCode":"134780155639770925","order_sn":"2018051214400647961","price":50}

2018-05-12 14:58:53 {"merchant_id":"1493159782","key":"","authCode":"135547252812068626","order_sn":"2018051214585364592","price":400}

2018-05-12 15:08:21 {"merchant_id":"1499456762","key":"","authCode":"135221753138901302","order_sn":"2018051215082182115","price":17}

2018-05-12 15:30:39 {"merchant_id":"1499456762","key":"","authCode":"134521487505888586","order_sn":"2018051215303976662","price":34}

2018-05-12 15:31:43 {"merchant_id":"1499456762","key":"","authCode":"134642239005194324","order_sn":"2018051215314357736","price":27}

2018-05-12 15:31:56 {"merchant_id":"1490350062","key":"","authCode":"134679410050460376","order_sn":"2018051215315620276","price":200}

2018-05-12 15:32:23 {"merchant_id":"1499456762","key":"","authCode":"134622316201051204","order_sn":"2018051215322398254","price":10}

2018-05-12 15:33:41 {"merchant_id":"1499456762","key":"","authCode":"134539416422875138","order_sn":"2018051215334130525","price":9}

2018-05-12 15:39:42 {"merchant_id":"1493159782","key":"","authCode":"135202079946348997","order_sn":"2018051215394231121","price":400}

2018-05-12 15:41:59 {"merchant_id":"1490350062","key":"","authCode":"134650160825616859","order_sn":"2018051215415996158","price":200}

2018-05-12 15:47:37 {"merchant_id":"1490350062","key":"","authCode":"134622434869219374","order_sn":"2018051215473793569","price":70}

2018-05-12 15:48:52 {"merchant_id":"1499456762","key":"","authCode":"135343919502563158","order_sn":"2018051215485261378","price":54}

2018-05-12 16:02:05 {"merchant_id":"1499456762","key":"","authCode":"134751651031406416","order_sn":"2018051216020545735","price":64}

2018-05-12 16:06:21 {"merchant_id":"1499456762","key":"","authCode":"135197044970409582","order_sn":"2018051216062145017","price":25}

2018-05-12 16:06:56 {"merchant_id":"1499456762","key":"","authCode":"134512687645307966","order_sn":"2018051216065687440","price":32}

2018-05-12 16:11:51 {"merchant_id":"1499456762","key":"","authCode":"134834835206934999","order_sn":"2018051216115143481","price":20}

2018-05-12 16:24:48 {"merchant_id":"1499456762","key":"","authCode":"134677245958077664","order_sn":"2018051216244865909","price":23}

2018-05-12 16:26:07 {"merchant_id":"1499456762","key":"","authCode":"134755625549195685","order_sn":"2018051216260794664","price":26}

2018-05-12 16:31:44 {"merchant_id":"1499456762","key":"","authCode":"134508654124780410","order_sn":"2018051216314470262","price":29}

2018-05-12 16:34:12 {"merchant_id":"1499456762","key":"","authCode":"134599621858404169","order_sn":"2018051216341293195","price":24}

2018-05-12 16:34:53 {"merchant_id":"1499456762","key":"","authCode":"134599621858404169","order_sn":"2018051216345355008","price":24}

2018-05-12 16:35:06 {"merchant_id":"1499456762","key":"","authCode":"134550120654614303","order_sn":"2018051216350662973","price":24}

2018-05-12 16:39:35 {"merchant_id":"1499456762","key":"","authCode":"135497993894192899","order_sn":"2018051216393557831","price":128}

2018-05-12 16:39:58 {"merchant_id":"1499456762","key":"","authCode":"134764756858800484","order_sn":"2018051216395891640","price":39}

2018-05-12 16:40:06 {"merchant_id":"1499456762","key":"","authCode":"135464833212116985","order_sn":"2018051216400685621","price":8}

2018-05-12 16:41:35 {"merchant_id":"1499456762","key":"","authCode":"134708695417112383","order_sn":"2018051216413534744","price":44}

2018-05-12 16:42:33 {"merchant_id":"1499456762","key":"","authCode":"134568110628275022","order_sn":"2018051216423316900","price":5}

2018-05-12 16:44:52 {"merchant_id":"1499456762","key":"","authCode":"135398371289050154","order_sn":"2018051216445141597","price":20}

2018-05-12 16:50:17 {"merchant_id":"1499456762","key":"","authCode":"134760024708165117","order_sn":"2018051216501743631","price":7}

2018-05-12 16:53:42 {"merchant_id":"1499456762","key":"","authCode":"134995674681361248","order_sn":"2018051216534253827","price":60.5}

2018-05-12 16:56:14 {"merchant_id":"1499456762","key":"","authCode":"134649854412705627","order_sn":"2018051216561427725","price":10}

2018-05-12 16:57:16 {"merchant_id":"1499456762","key":"","authCode":"134717972221327982","order_sn":"2018051216571624965","price":25}

2018-05-12 16:57:37 {"merchant_id":"1490350062","key":"","authCode":"134781698611169683","order_sn":"2018051216573722745","price":300}

2018-05-12 17:13:15 {"merchant_id":"1499456762","key":"","authCode":"134779253327779966","order_sn":"2018051217131551730","price":12}

2018-05-12 17:14:46 {"merchant_id":"1499456762","key":"","authCode":"134612780901124899","order_sn":"2018051217144665191","price":8}

2018-05-12 17:15:23 {"merchant_id":"1499456762","key":"","authCode":"134520861469193648","order_sn":"2018051217152385866","price":24}

2018-05-12 17:16:09 {"merchant_id":"1499456762","key":"","authCode":"135215015947552897","order_sn":"2018051217160944862","price":172}

2018-05-12 17:16:56 {"merchant_id":"1499456762","key":"","authCode":"134962036689533734","order_sn":"2018051217165641373","price":85}

2018-05-12 17:17:42 {"merchant_id":"1499456762","key":"","authCode":"134725290709086268","order_sn":"2018051217174220686","price":40}

2018-05-12 17:21:00 {"merchant_id":"1499456762","key":"","authCode":"134672942580547145","order_sn":"2018051217210074593","price":133}

2018-05-12 17:29:14 {"merchant_id":"1499456762","key":"","authCode":"134623768006374786","order_sn":"2018051217291499315","price":240}

2018-05-12 17:36:53 {"merchant_id":"1499456762","key":"","authCode":"134637013663079426","order_sn":"2018051217365374757","price":300}

2018-05-12 17:38:12 {"merchant_id":"1499456762","key":"","authCode":"134868925689372898","order_sn":"2018051217381245004","price":8.5}

2018-05-12 17:40:16 {"merchant_id":"1499456762","key":"","authCode":"134756808441012225","order_sn":"2018051217401634360","price":24}

2018-05-12 17:46:03 {"merchant_id":"1499456762","key":"","authCode":"134597302093225715","order_sn":"2018051217460322653","price":156}

2018-05-12 17:48:55 {"merchant_id":"1499456762","key":"","authCode":"134748021681460987","order_sn":"2018051217485552139","price":118}

2018-05-12 17:49:55 {"merchant_id":"1499456762","key":"","authCode":"134656090421389793","order_sn":"2018051217495592176","price":41}

2018-05-12 17:53:10 {"merchant_id":"1499456762","key":"","authCode":"134525871037943270","order_sn":"2018051217531019312","price":300}

2018-05-12 17:55:03 {"merchant_id":"1499456762","key":"","authCode":"135039927254611990","order_sn":"2018051217550369013","price":61}

2018-05-12 17:57:09 {"merchant_id":"1499456762","key":"","authCode":"134695072373797484","order_sn":"2018051217570992788","price":23}

2018-05-12 17:58:42 {"merchant_id":"1499456762","key":"","authCode":"134932727768426111","order_sn":"2018051217584261541","price":48}

2018-05-12 18:02:24 {"merchant_id":"2088821827997030","key":"201711BBc699bef5cde842dba6fa5c6bdc706A03","authCode":"280279916673559620","order_sn":"2018051218022499494","price":300}

2018-05-12 18:02:24 {"app_id":"2017071207730667","method":"alipay.trade.pay","charset":"utf-8","sign_type":"RSA","app_auth_token":"201711BBc699bef5cde842dba6fa5c6bdc706A03","timestamp":"2018-05-12 18:02:24","version":"1.0","biz_content":"{\"out_trade_no\":\"2018051218022499494\",\"scene\":\"bar_code\",\"auth_code\":\"280279916673559620\",\"subject\":\"\\u8ba2\\u5355\\u53f7:2018051218022499494\",\"seller_id\":\"2088821827997030\",\"total_amount\":300,\"extend_params\":{\"sys_service_provider_id\":\"2088721521881652\"}}","sign":"dTdpETyXHb+8nEXAvGc\/HHsWbqPc1pDoBo9CyhRsvZ8IzdcK0Q9t7luVrfkcPvVNjv+kn+BEeqRk8RJ5rWnAjcmE2y\/w2ytfuCOnCc2cZLf4V5hxArcRLJZRAF4kTotqYZgdo8vs6ACipmxL04A\/7srkQFYB8MPZqakIFrhj19E="}

2018-05-12 18:02:25 {"alipay_trade_pay_response":{"code":"10000","msg":"Success","buyer_logon_id":"186****9888","buyer_pay_amount":"300.00","buyer_user_id":"2088822745438416","fund_bill_list":[{"amount":"300.00","fund_channel":"ALIPAYACCOUNT"}],"gmt_payment":"2018-05-12 18:02:25","invoice_amount":"300.00","out_trade_no":"2018051218022499494","point_amount":"0.00","receipt_amount":"300.00","total_amount":"300.00","trade_no":"2018051221001004410566512540"},"sign":"tNiAdcFGim+BwDBNGPs/S9s/qbmujsQ9wVAnft/YicDwOpBKhlxnL8FBykIqfOV8XiKo0m1tbP7fnT5YwKk0szAbVL2vDJjKRzJyBsX6SYfMryEhQ3JTC7sQZ9CSxNzoX5GNLPvpQ/CVnbBYxww7cYSlX+O4YQEoJPun2WNmftQ="}

2018-05-12 18:03:05 {"merchant_id":"1499456762","key":"","authCode":"134960897670288656","order_sn":"2018051218030548173","price":54}

2018-05-12 18:11:19 {"merchant_id":"1499456762","key":"","authCode":"134806154421267047","order_sn":"2018051218111927242","price":25}

2018-05-12 18:16:13 {"merchant_id":"1499456762","key":"","authCode":"134508890490369183","order_sn":"2018051218161342419","price":28}

2018-05-12 18:17:53 {"merchant_id":"1499456762","key":"","authCode":"134646197835050157","order_sn":"2018051218175341563","price":16.5}

2018-05-12 18:20:45 {"merchant_id":"1499456762","key":"","authCode":"134538956302329999","order_sn":"2018051218204581382","price":9}

2018-05-12 18:21:01 {"merchant_id":"1490350062","key":"","authCode":"134776281110167142","order_sn":"2018051218210119776","price":300}

2018-05-12 18:21:52 {"merchant_id":"1499456762","key":"","authCode":"134558811364101829","order_sn":"2018051218215257314","price":41}

2018-05-12 18:26:02 {"merchant_id":"1499456762","key":"","authCode":"134657678393047856","order_sn":"2018051218260234211","price":28}

2018-05-12 18:26:45 {"merchant_id":"1499456762","key":"","authCode":"134577017456331253","order_sn":"2018051218264521747","price":27}

2018-05-12 18:30:38 {"merchant_id":"1499456762","key":"","authCode":"134655395032942693","order_sn":"2018051218303877053","price":41}

2018-05-12 18:44:08 {"merchant_id":"1499456762","key":"","authCode":"134507197194677883","order_sn":"2018051218440810590","price":22}

2018-05-12 18:54:02 {"merchant_id":"1499456762","key":"","authCode":"134630134084163323","order_sn":"2018051218540275853","price":23}

2018-05-12 18:56:19 {"merchant_id":"1499456762","key":"","authCode":"135023393308621781","order_sn":"2018051218561972691","price":24}

2018-05-12 19:00:31 {"merchant_id":"1499456762","key":"","authCode":"134565449119969345","order_sn":"2018051219003154603","price":28}

2018-05-12 19:07:47 {"merchant_id":"1499456762","key":"","authCode":"134738854842598867","order_sn":"2018051219074784465","price":24}

2018-05-12 19:09:23 {"merchant_id":"1499456762","key":"","authCode":"134694249342118012","order_sn":"2018051219092399603","price":36}

2018-05-12 19:11:10 {"merchant_id":"1499456762","key":"","authCode":"135180154875126517","order_sn":"2018051219110955000","price":16}

2018-05-12 19:13:49 {"merchant_id":"1499456762","key":"","authCode":"135003959061582749","order_sn":"2018051219134970274","price":32}

2018-05-12 19:14:37 {"merchant_id":"1499456762","key":"","authCode":"135260817018536388","order_sn":"2018051219143763863","price":8}

2018-05-12 19:15:19 {"merchant_id":"1499456762","key":"","authCode":"135623711087047831","order_sn":"2018051219151980490","price":128}

2018-05-12 19:19:26 {"merchant_id":"1499456762","key":"","authCode":"134585718346966077","order_sn":"2018051219192676199","price":8}

2018-05-12 19:26:49 {"merchant_id":"1499456762","key":"","authCode":"134537079359686222","order_sn":"2018051219264936904","price":9}

2018-05-12 19:27:06 {"merchant_id":"1499456762","key":"","authCode":"134604890326411152","order_sn":"2018051219270667346","price":17}

2018-05-12 19:30:48 {"merchant_id":"1499456762","key":"","authCode":"134932697288872244","order_sn":"2018051219304841598","price":14}

2018-05-12 19:32:04 {"merchant_id":"1499456762","key":"","authCode":"134932508271641981","order_sn":"2018051219320412436","price":15}

2018-05-12 19:34:07 {"merchant_id":"1499456762","key":"","authCode":"134580639362608330","order_sn":"2018051219340784360","price":24}

2018-05-12 19:39:54 {"merchant_id":"1499456762","key":"","authCode":"134800406884241258","order_sn":"2018051219395499719","price":11}

2018-05-12 19:54:25 {"merchant_id":"1499456762","key":"","authCode":"134691259896684843","order_sn":"2018051219542575095","price":38}

2018-05-12 19:54:45 {"merchant_id":"1499456762","key":"","authCode":"134607733645409309","order_sn":"2018051219544585068","price":7}

2018-05-12 19:55:27 {"merchant_id":"1499456762","key":"","authCode":"134780311873567439","order_sn":"2018051219552750777","price":37}

2018-05-12 19:55:49 {"merchant_id":"1499456762","key":"","authCode":"134988672766245434","order_sn":"2018051219554938889","price":17}

2018-05-12 19:57:21 {"merchant_id":"1499456762","key":"","authCode":"135275187446757782","order_sn":"2018051219572157969","price":8}

2018-05-12 19:57:42 {"merchant_id":"1499456762","key":"","authCode":"135461160899864679","order_sn":"2018051219574288092","price":60}

2018-05-12 19:58:15 {"merchant_id":"1499456762","key":"","authCode":"134590654127142167","order_sn":"2018051219581599960","price":12}

2018-05-12 20:02:05 {"merchant_id":"1499456762","key":"","authCode":"134576936174940486","order_sn":"2018051220020519162","price":8}

2018-05-12 20:02:23 {"merchant_id":"1499456762","key":"","authCode":"135031918177122322","order_sn":"2018051220022322341","price":30}

2018-05-12 20:02:50 {"merchant_id":"1499456762","key":"","authCode":"134573304470093221","order_sn":"2018051220025023406","price":300}

2018-05-12 20:03:56 {"merchant_id":"1499456762","key":"","authCode":"134667172993729055","order_sn":"2018051220035695247","price":12}

2018-05-12 20:09:54 {"merchant_id":"1499456762","key":"","authCode":"135539579356112463","order_sn":"2018051220095438898","price":13}

2018-05-12 20:12:16 {"merchant_id":"1499456762","key":"","authCode":"134648160241526677","order_sn":"2018051220121648625","price":34}

2018-05-12 20:22:53 {"merchant_id":"1499456762","key":"","authCode":"134657385162167508","order_sn":"2018051220225315972","price":25.4}

2018-05-12 20:24:06 {"merchant_id":"1499456762","key":"","authCode":"134574267277037145","order_sn":"2018051220240624437","price":8}

2018-05-12 20:35:42 {"merchant_id":"1499456762","key":"","authCode":"135300727825044017","order_sn":"2018051220354247480","price":8}

2018-05-12 20:37:21 {"merchant_id":"1499456762","key":"","authCode":"134661961473657354","order_sn":"2018051220372151803","price":15}

2018-05-12 20:37:49 {"merchant_id":"2088822285099072","key":"201710BBaa55e11a995b41488709d94fe3bfbX07","authCode":"287379731124658268","order_sn":"2018051220374918389","price":100}

2018-05-12 20:37:49 {"app_id":"2017071207730667","method":"alipay.trade.pay","charset":"utf-8","sign_type":"RSA","app_auth_token":"201710BBaa55e11a995b41488709d94fe3bfbX07","timestamp":"2018-05-12 20:37:49","version":"1.0","biz_content":"{\"out_trade_no\":\"2018051220374918389\",\"scene\":\"bar_code\",\"auth_code\":\"287379731124658268\",\"subject\":\"\\u8ba2\\u5355\\u53f7:2018051220374918389\",\"seller_id\":\"2088822285099072\",\"total_amount\":100,\"extend_params\":{\"sys_service_provider_id\":\"2088721521881652\"}}","sign":"XflBXI+Gc\/8fFNuCl70QrdJC1DALqRruRER4VsjJ5WYDEowIK0pPCMk7KAuY4zA\/q+Oolw+Gyc9bBKnp7zwLRV3KkvdgOnWISjYtWIVW3iMYtQYRcL1dROqaFpbwW2Sue7IjtGDghrsh6PwrPX4KREhtp4hmkt8oq9XVhRwuJMU="}

2018-05-12 20:37:50 {"alipay_trade_pay_response":{"code":"10000","msg":"Success","buyer_logon_id":"158****0511","buyer_pay_amount":"100.00","buyer_user_id":"2088412983290185","fund_bill_list":[{"amount":"100.00","fund_channel":"PCREDIT"}],"gmt_payment":"2018-05-12 20:37:50","invoice_amount":"100.00","out_trade_no":"2018051220374918389","point_amount":"0.00","receipt_amount":"100.00","total_amount":"100.00","trade_no":"2018051221001004180556200646"},"sign":"CRvKJ+T3iqbYASDpQ0df6O4KjX04zo+WZgAg9dK3EkJGCI0J0U4WkHojjyilBLDNcNXwsQb8kUUUzJGYtJH4+qwQ7C9b3LfajfWEOT6xr4JN9Nb6TD81W8taBpK3LYbbXDc+4QGvxPpXColMXmfdLuLPZojMPY4k37LMqEdYW0s="}

2018-05-12 20:38:00 {"merchant_id":"1499456762","key":"","authCode":"134835247666960012","order_sn":"2018051220380089159","price":16}

2018-05-12 20:40:51 {"merchant_id":"1499456762","key":"","authCode":"134967743771933781","order_sn":"2018051220405179643","price":12}

2018-05-12 20:41:00 {"merchant_id":"1499456762","key":"","authCode":"134645651776872932","order_sn":"2018051220410033760","price":200}

2018-05-12 20:41:31 {"merchant_id":"1499456762","key":"","authCode":"134513571709900735","order_sn":"2018051220413161279","price":47}

2018-05-12 20:43:05 {"merchant_id":"1493159782","key":"","authCode":"135619045104280242","order_sn":"2018051220430546186","price":1000}

2018-05-12 20:43:07 {"merchant_id":"1499456762","key":"","authCode":"134546563758429992","order_sn":"2018051220430717251","price":6}

2018-05-12 20:43:58 {"merchant_id":"1499456762","key":"","authCode":"134685364400954119","order_sn":"2018051220435837792","price":7}

2018-05-12 20:44:15 {"merchant_id":"1493159782","key":"","authCode":"135595590517161961","order_sn":"2018051220441550368","price":1000}

2018-05-12 20:45:21 {"merchant_id":"1493159782","key":"","authCode":"135398959253053679","order_sn":"2018051220452178206","price":1000}

2018-05-12 20:47:13 {"merchant_id":"1499456762","key":"","authCode":"134882479844018656","order_sn":"2018051220471380892","price":22.4}

2018-05-12 20:49:20 {"merchant_id":"1490350062","key":"","authCode":"134593000356650862","order_sn":"2018051220492074649","price":300}

2018-05-12 20:49:38 {"merchant_id":"1490350062","key":"","authCode":"134541219680402101","order_sn":"2018051220493886089","price":50}

2018-05-12 20:50:19 {"merchant_id":"1499456762","key":"","authCode":"134798514274803727","order_sn":"2018051220501925179","price":9}

2018-05-12 20:51:59 {"merchant_id":"1499456762","key":"","authCode":"135097390021722192","order_sn":"2018051220515967683","price":98}

2018-05-12 20:51:59 {"merchant_id":"1499456762","key":"","authCode":"134694442330514772","order_sn":"2018051220515995956","price":8}

2018-05-12 20:52:25 {"merchant_id":"1499456762","key":"","authCode":"134618533564998833","order_sn":"2018051220522515726","price":12}

2018-05-12 20:53:02 {"merchant_id":"1499456762","key":"","authCode":"134646156176330124","order_sn":"2018051220530260740","price":13}

2018-05-12 20:54:36 {"merchant_id":"1499456762","key":"","authCode":"134694411487181227","order_sn":"2018051220543667375","price":9}

2018-05-12 20:55:32 {"merchant_id":"1499456762","key":"","authCode":"134526314538315199","order_sn":"2018051220553246710","price":31}

2018-05-12 20:58:52 {"merchant_id":"1499456762","key":"","authCode":"134642181972269980","order_sn":"2018051220585279235","price":24}

2018-05-12 21:07:35 {"merchant_id":"1499456762","key":"","authCode":"134733575023038615","order_sn":"2018051221073590770","price":20}

2018-05-12 21:10:59 {"merchant_id":"1499456762","key":"","authCode":"135120177253760185","order_sn":"2018051221105954313","price":8}

2018-05-12 21:12:01 {"merchant_id":"1499456762","key":"","authCode":"134584399558583652","order_sn":"2018051221120177227","price":123}

2018-05-12 21:22:51 {"merchant_id":"1499456762","key":"","authCode":"134614487291228889","order_sn":"2018051221225189629","price":34}

2018-05-12 21:36:04 {"merchant_id":"1493159782","key":"","authCode":"134852202302086838","order_sn":"2018051221360452319","price":600}

2018-05-12 21:44:59 {"merchant_id":"1499456762","key":"","authCode":"134966199004473982","order_sn":"2018051221445946860","price":12}

2018-05-12 21:50:12 {"merchant_id":"1490350062","key":"","authCode":"134734473875106443","order_sn":"2018051221501245831","price":100}

2018-05-12 21:51:11 {"merchant_id":"1493159782","key":"","authCode":"134892007988384576","order_sn":"2018051221511192920","price":400}

