2018-05-06 00:10:28 {"merchant_id":"1490350062","key":"","authCode":"134603894423970695","order_sn":"2018050600102814972","price":300}

2018-05-06 00:39:13 {"merchant_id":"1493159782","key":"","authCode":"134576041945575301","order_sn":"2018050600391375471","price":300}

2018-05-06 00:41:18 {"merchant_id":"1493159782","key":"","authCode":"134637748626622364","order_sn":"2018050600411868209","price":300}

2018-05-06 01:21:05 {"merchant_id":"1490350062","key":"","authCode":"134851120629946908","order_sn":"2018050601210513648","price":300}

2018-05-06 01:32:29 {"merchant_id":"1490350062","key":"","authCode":"134872103929403179","order_sn":"2018050601322967160","price":300}

2018-05-06 02:06:47 {"merchant_id":"1490350062","key":"","authCode":"134674180307077116","order_sn":"2018050602064719207","price":300}

2018-05-06 02:22:01 {"merchant_id":"1490350062","key":"","authCode":"134642784263743977","order_sn":"2018050602220025978","price":30}

2018-05-06 02:24:13 {"merchant_id":"1490350062","key":"","authCode":"134718959548373301","order_sn":"2018050602241344022","price":300}

2018-05-06 02:34:39 {"merchant_id":"1490350062","key":"","authCode":"134648236215352303","order_sn":"2018050602343946709","price":300}

2018-05-06 08:04:40 {"merchant_id":"1499456762","key":"","authCode":"134829953076151109","order_sn":"2018050608044011303","price":128}

2018-05-06 08:31:34 {"merchant_id":"1499456762","key":"","authCode":"134815722938546032","order_sn":"2018050608313418623","price":21}

2018-05-06 08:44:34 {"merchant_id":"1499456762","key":"","authCode":"134752209089733081","order_sn":"2018050608443425232","price":29}

2018-05-06 09:09:15 {"merchant_id":"1499456762","key":"","authCode":"134603594444228645","order_sn":"2018050609091559524","price":7}

2018-05-06 09:17:18 {"merchant_id":"1499456762","key":"","authCode":"135000600911222600","order_sn":"2018050609171877100","price":200}

2018-05-06 09:35:14 {"merchant_id":"1499456762","key":"","authCode":"134697975425090222","order_sn":"2018050609351462168","price":8}

2018-05-06 10:05:06 {"merchant_id":"1499456762","key":"","authCode":"134542260713582120","order_sn":"2018050610050650267","price":21.5}

2018-05-06 10:40:01 {"merchant_id":"1499456762","key":"","authCode":"134689382017573991","order_sn":"2018050610400127805","price":28}

2018-05-06 10:45:03 {"merchant_id":"1499456762","key":"","authCode":"134869921443068987","order_sn":"2018050610450324099","price":200}

2018-05-06 10:53:45 {"merchant_id":"1490350062","key":"","authCode":"134550372158490788","order_sn":"2018050610534592319","price":8}

2018-05-06 10:56:52 {"merchant_id":"1499456762","key":"","authCode":"134542243863222606","order_sn":"2018050610565241929","price":10}

2018-05-06 11:16:49 {"merchant_id":"1499456762","key":"","authCode":"134734245097926183","order_sn":"2018050611164952222","price":18.5}

2018-05-06 11:28:59 {"merchant_id":"1499456762","key":"","authCode":"134691559846854889","order_sn":"2018050611285913624","price":22}

2018-05-06 12:11:54 {"merchant_id":"1499456762","key":"","authCode":"134734713460385660","order_sn":"2018050612115486049","price":66}

2018-05-06 12:28:55 {"merchant_id":"1499456762","key":"","authCode":"134892016025371913","order_sn":"2018050612285570204","price":20}

2018-05-06 12:35:06 {"merchant_id":"1493159782","key":"","authCode":"134657976997607420","order_sn":"2018050612350650784","price":200}

2018-05-06 12:35:40 {"merchant_id":"1493159782","key":"","authCode":"134721020399110958","order_sn":"2018050612354093132","price":200}

2018-05-06 12:36:11 {"merchant_id":"1493159782","key":"","authCode":"134506524219287197","order_sn":"2018050612361131558","price":200}

2018-05-06 12:39:36 {"merchant_id":"1499456762","key":"","authCode":"134761962670700403","order_sn":"2018050612393649775","price":23}

2018-05-06 12:40:00 {"merchant_id":"1499456762","key":"","authCode":"134644426791558062","order_sn":"2018050612400047509","price":11}

2018-05-06 12:40:03 {"merchant_id":"1493159782","key":"","authCode":"134554569959878666","order_sn":"2018050612400332061","price":140}

2018-05-06 12:58:08 {"merchant_id":"2088822285099072","key":"201710BBaa55e11a995b41488709d94fe3bfbX07","authCode":"286849427502125818","order_sn":"2018050612580855949","price":300}

2018-05-06 12:58:08 {"app_id":"2017071207730667","method":"alipay.trade.pay","charset":"utf-8","sign_type":"RSA","app_auth_token":"201710BBaa55e11a995b41488709d94fe3bfbX07","timestamp":"2018-05-06 12:58:08","version":"1.0","biz_content":"{\"out_trade_no\":\"2018050612580855949\",\"scene\":\"bar_code\",\"auth_code\":\"286849427502125818\",\"subject\":\"\\u8ba2\\u5355\\u53f7:2018050612580855949\",\"seller_id\":\"2088822285099072\",\"total_amount\":300,\"extend_params\":{\"sys_service_provider_id\":\"2088721521881652\"}}","sign":"l5WzWcvHWagXP6A7qIel+LPaeys5wjVWCPWOEwp3zpPia5ZvP75kHsH\/LrBQ7PpWTJq1JlvjOmDfRwQ2Mpaj8zW08QekxEnCAjy\/x0K1jtHHbUJsO6juwBQ9IKjWnxbO6ODuuUhCfrrXpdIsO6MyCJcz5vtW9KnQH8XIxvjUB8M="}

2018-05-06 12:58:09 {"alipay_trade_pay_response":{"code":"10000","msg":"Success","buyer_logon_id":"125***@qq.com","buyer_pay_amount":"300.00","buyer_user_id":"2088112284683524","fund_bill_list":[{"amount":"300.00","fund_channel":"PCREDIT"}],"gmt_payment":"2018-05-06 12:58:09","invoice_amount":"300.00","out_trade_no":"2018050612580855949","point_amount":"0.00","receipt_amount":"300.00","total_amount":"300.00","trade_no":"2018050621001004520582218520"},"sign":"uL9N00fx42z/ZYyOmvoZCRROTbjWxIvglLo58qlXxtEQfkoyzYKqdmIkAtdVZcoRyGoK7NvalKhjtQ0T/gZPIAkCIcTcE27tTmpdEVQY2HkIrqliNcaNsHosSjSH9suYarSTfdhDSEVxdDxje+gLZ2nmNjcTKHDXsKFEIzhMuxk="}

2018-05-06 13:01:28 {"merchant_id":"1499456762","key":"","authCode":"134826901298584906","order_sn":"2018050613012727105","price":27}

2018-05-06 13:02:55 {"merchant_id":"1490350062","key":"","authCode":"134697441191628906","order_sn":"2018050613025531705","price":200}

2018-05-06 13:24:14 {"merchant_id":"1493159782","key":"","authCode":"134694448115584723","order_sn":"2018050613241483489","price":200}

2018-05-06 13:27:31 {"merchant_id":"1499456762","key":"","authCode":"134655955163200573","order_sn":"2018050613273170639","price":41}

2018-05-06 13:39:15 {"merchant_id":"1499456762","key":"","authCode":"134820674973541862","order_sn":"2018050613391528442","price":168}

2018-05-06 13:39:59 {"merchant_id":"1499456762","key":"","authCode":"135038069503862753","order_sn":"2018050613395984223","price":14.5}

2018-05-06 13:43:07 {"merchant_id":"1499456762","key":"","authCode":"134904383196978746","order_sn":"2018050613430795156","price":57}

2018-05-06 14:00:40 {"merchant_id":"1499456762","key":"","authCode":"134775831887231661","order_sn":"2018050614004083917","price":11}

2018-05-06 14:25:04 {"merchant_id":"1499456762","key":"","authCode":"134619929271689822","order_sn":"2018050614250426491","price":12}

2018-05-06 14:38:42 {"merchant_id":"1499456762","key":"","authCode":"134547568882973369","order_sn":"2018050614384288687","price":200}

2018-05-06 14:47:46 {"merchant_id":"1499456762","key":"","authCode":"135755044457845468","order_sn":"2018050614474696059","price":18}

2018-05-06 14:48:09 {"merchant_id":"1499456762","key":"","authCode":"135804112271030705","order_sn":"2018050614480958034","price":8.5}

2018-05-06 14:54:29 {"merchant_id":"1499456762","key":"","authCode":"134700930181851951","order_sn":"2018050614542996164","price":7.5}

2018-05-06 14:55:34 {"merchant_id":"1493159782","key":"","authCode":"134948963532370696","order_sn":"2018050614553480623","price":200}

2018-05-06 14:56:30 {"merchant_id":"1499456762","key":"","authCode":"134692125458049631","order_sn":"2018050614563035446","price":33}

2018-05-06 14:56:50 {"merchant_id":"1499456762","key":"","authCode":"134711200282107939","order_sn":"2018050614565058418","price":16}

2018-05-06 14:59:23 {"merchant_id":"1493159782","key":"","authCode":"135569236032531379","order_sn":"2018050614592357555","price":200}

2018-05-06 15:00:42 {"merchant_id":"1499456762","key":"","authCode":"135103224168440878","order_sn":"2018050615004289488","price":18}

2018-05-06 15:03:13 {"merchant_id":"1499456762","key":"","authCode":"134769039473320302","order_sn":"2018050615031349217","price":8}

2018-05-06 15:09:33 {"merchant_id":"1499456762","key":"","authCode":"135128965917000286","order_sn":"2018050615093338189","price":128}

2018-05-06 15:09:43 {"merchant_id":"1499456762","key":"","authCode":"134610072450002626","order_sn":"2018050615094321908","price":14}

2018-05-06 15:10:26 {"merchant_id":"1499456762","key":"","authCode":"134548308687269029","order_sn":"2018050615102650617","price":1}

2018-05-06 15:16:05 {"merchant_id":"1499456762","key":"","authCode":"134856410869463332","order_sn":"2018050615160524298","price":35}

2018-05-06 15:19:02 {"merchant_id":"1499456762","key":"","authCode":"134659382361443707","order_sn":"2018050615190248272","price":40}

2018-05-06 15:20:40 {"merchant_id":"1490350062","key":"","authCode":"135282727546989610","order_sn":"2018050615204018175","price":200}

2018-05-06 15:20:48 {"merchant_id":"1499456762","key":"","authCode":"135346065980412299","order_sn":"2018050615204788842","price":12}

2018-05-06 15:21:02 {"merchant_id":"1493159782","key":"","authCode":"134704033754333600","order_sn":"2018050615210215775","price":200}

2018-05-06 15:23:10 {"merchant_id":"1499456762","key":"","authCode":"134695600036515322","order_sn":"2018050615231032648","price":38}

2018-05-06 15:24:39 {"merchant_id":"1490350062","key":"","authCode":"135179618637051208","order_sn":"2018050615243937473","price":100}

2018-05-06 15:47:46 {"merchant_id":"1499456762","key":"","authCode":"135051166378720469","order_sn":"2018050615474638412","price":36}

2018-05-06 16:05:29 {"merchant_id":"1499456762","key":"","authCode":"135579574912237359","order_sn":"2018050616052917711","price":33}

2018-05-06 16:07:27 {"merchant_id":"1499456762","key":"","authCode":"134824455318061029","order_sn":"2018050616072746351","price":29}

2018-05-06 16:07:34 {"merchant_id":"1499456762","key":"","authCode":"134615009762025311","order_sn":"2018050616073485596","price":82.5}

2018-05-06 16:19:34 {"merchant_id":"1499456762","key":"","authCode":"134732236302428957","order_sn":"2018050616193472163","price":101}

2018-05-06 16:19:58 {"merchant_id":"1499456762","key":"","authCode":"134896541996033950","order_sn":"2018050616195819891","price":24.5}

2018-05-06 16:22:49 {"merchant_id":"1499456762","key":"","authCode":"134964247382429711","order_sn":"2018050616224957914","price":7}

2018-05-06 16:26:17 {"merchant_id":"1499456762","key":"","authCode":"134603960309052337","order_sn":"2018050616261760838","price":31.5}

2018-05-06 16:32:56 {"merchant_id":"1499456762","key":"","authCode":"135303999553008849","order_sn":"2018050616325635287","price":52}

2018-05-06 16:36:53 {"merchant_id":"1499456762","key":"","authCode":"134608415533297045","order_sn":"2018050616365310548","price":24.5}

2018-05-06 16:38:03 {"merchant_id":"1499456762","key":"","authCode":"134624580637207934","order_sn":"2018050616380344938","price":240}

2018-05-06 16:53:31 {"merchant_id":"1499456762","key":"","authCode":"134783052171568823","order_sn":"2018050616533168626","price":15.5}

2018-05-06 16:54:50 {"merchant_id":"1499456762","key":"","authCode":"135489136885270423","order_sn":"2018050616545049354","price":35}

2018-05-06 16:56:14 {"merchant_id":"1499456762","key":"","authCode":"134949566780308445","order_sn":"2018050616561485041","price":49}

2018-05-06 17:07:32 {"merchant_id":"1499456762","key":"","authCode":"135036820535060573","order_sn":"2018050617073252904","price":48}

2018-05-06 17:17:50 {"merchant_id":"1499456762","key":"","authCode":"134650443515268658","order_sn":"2018050617175088703","price":23}

2018-05-06 17:18:07 {"merchant_id":"1499456762","key":"","authCode":"134551183735359006","order_sn":"2018050617180761842","price":35}

2018-05-06 17:19:35 {"merchant_id":"1499456762","key":"","authCode":"134738998863289235","order_sn":"2018050617193541317","price":38}

2018-05-06 17:20:47 {"merchant_id":"1499456762","key":"","authCode":"134857638183022114","order_sn":"2018050617204688420","price":20}

2018-05-06 17:41:18 {"merchant_id":"1499456762","key":"","authCode":"135091226378480722","order_sn":"2018050617411846750","price":25}

2018-05-06 17:41:56 {"merchant_id":"1499456762","key":"","authCode":"135505967777618268","order_sn":"2018050617415593977","price":11}

2018-05-06 17:48:19 {"merchant_id":"1499456762","key":"","authCode":"134907131489137022","order_sn":"2018050617481959051","price":56}

2018-05-06 17:58:19 {"merchant_id":"1499456762","key":"","authCode":"135009849251229586","order_sn":"2018050617581916360","price":20}

2018-05-06 18:07:17 {"merchant_id":"1499456762","key":"","authCode":"134637792849922334","order_sn":"2018050618071716819","price":28}

2018-05-06 18:07:56 {"merchant_id":"1499456762","key":"","authCode":"134962801848973496","order_sn":"2018050618075619910","price":8}

2018-05-06 18:08:37 {"merchant_id":"1499456762","key":"","authCode":"134920843260267306","order_sn":"2018050618083637397","price":15}

2018-05-06 18:13:22 {"merchant_id":"1499456762","key":"","authCode":"135294898478308065","order_sn":"2018050618132281069","price":16}

2018-05-06 18:17:04 {"merchant_id":"1499456762","key":"","authCode":"134570827294665981","order_sn":"2018050618170495191","price":31}

2018-05-06 18:35:19 {"merchant_id":"1499456762","key":"","authCode":"134518298280959997","order_sn":"2018050618351990226","price":16}

2018-05-06 18:35:31 {"merchant_id":"1499456762","key":"","authCode":"134701892961523359","order_sn":"2018050618353169627","price":53}

2018-05-06 18:46:56 {"merchant_id":"1499456762","key":"","authCode":"134600047710430682","order_sn":"2018050618465641058","price":20}

2018-05-06 18:48:06 {"merchant_id":"1499456762","key":"","authCode":"134905078511978603","order_sn":"2018050618480695916","price":11}

2018-05-06 18:48:18 {"merchant_id":"1499456762","key":"","authCode":"134649270087655323","order_sn":"2018050618481840218","price":15}

2018-05-06 18:50:20 {"merchant_id":"1499456762","key":"","authCode":"134722703361233543","order_sn":"2018050618502027923","price":45}

2018-05-06 18:51:35 {"merchant_id":"1499456762","key":"","authCode":"135030996419201840","order_sn":"2018050618513583157","price":14}

2018-05-06 18:56:28 {"merchant_id":"1499456762","key":"","authCode":"134818599473212642","order_sn":"2018050618562891142","price":23}

2018-05-06 18:56:44 {"merchant_id":"1499456762","key":"","authCode":"134922237637472868","order_sn":"2018050618564452659","price":30}

2018-05-06 18:57:29 {"merchant_id":"1499456762","key":"","authCode":"134657061328868773","order_sn":"2018050618572914753","price":32}

2018-05-06 18:58:15 {"merchant_id":"1499456762","key":"","authCode":"134935676565176202","order_sn":"2018050618581515231","price":22}

2018-05-06 18:59:17 {"merchant_id":"1499456762","key":"","authCode":"134940889977960407","order_sn":"2018050618591720461","price":15}

2018-05-06 19:01:04 {"merchant_id":"1499456762","key":"","authCode":"134521957738500403","order_sn":"2018050619010467952","price":12}

2018-05-06 19:03:01 {"merchant_id":"1490350062","key":"","authCode":"134758498546540882","order_sn":"2018050619030128352","price":4}

2018-05-06 19:07:28 {"merchant_id":"1499456762","key":"","authCode":"134744189463802132","order_sn":"2018050619072815905","price":23.5}

2018-05-06 19:13:44 {"merchant_id":"1499456762","key":"","authCode":"134653619472738914","order_sn":"2018050619134413030","price":100}

2018-05-06 19:14:13 {"merchant_id":"1499456762","key":"","authCode":"134684315053421402","order_sn":"2018050619141323709","price":30}

2018-05-06 19:17:49 {"merchant_id":"1499456762","key":"","authCode":"134635944819609658","order_sn":"2018050619174829666","price":17}

2018-05-06 19:22:38 {"merchant_id":"1499456762","key":"","authCode":"134703351107245392","order_sn":"2018050619223831650","price":14}

2018-05-06 19:30:40 {"merchant_id":"1499456762","key":"","authCode":"134917998861696932","order_sn":"2018050619304062448","price":19}

2018-05-06 19:44:34 {"merchant_id":"1499456762","key":"","authCode":"134980786024321884","order_sn":"2018050619443418263","price":50.5}

2018-05-06 19:45:30 {"merchant_id":"1499456762","key":"","authCode":"134960636924422207","order_sn":"2018050619453024964","price":28}

2018-05-06 19:51:44 {"merchant_id":"1499456762","key":"","authCode":"134586588524011620","order_sn":"2018050619514433195","price":40}

2018-05-06 19:55:44 {"merchant_id":"1499456762","key":"","authCode":"134764823561891889","order_sn":"2018050619554461124","price":16}

2018-05-06 19:57:39 {"merchant_id":"1499456762","key":"","authCode":"135062161440776080","order_sn":"2018050619573970121","price":16}

2018-05-06 19:57:48 {"merchant_id":"1499456762","key":"","authCode":"134903124322148734","order_sn":"2018050619574867993","price":17}

2018-05-06 20:01:09 {"merchant_id":"1499456762","key":"","authCode":"134515984974276293","order_sn":"2018050620010991088","price":23}

2018-05-06 20:13:03 {"merchant_id":"1499456762","key":"","authCode":"134667151057366648","order_sn":"2018050620130377228","price":30}

2018-05-06 20:20:50 {"merchant_id":"1499456762","key":"","authCode":"134967566688677004","order_sn":"2018050620205091016","price":19.5}

2018-05-06 20:25:29 {"merchant_id":"1499456762","key":"","authCode":"134799663415797302","order_sn":"2018050620252934958","price":26}

2018-05-06 20:25:44 {"merchant_id":"1499456762","key":"","authCode":"134525990755769892","order_sn":"2018050620254450312","price":38}

2018-05-06 20:31:11 {"merchant_id":"1499456762","key":"","authCode":"134771143517116782","order_sn":"2018050620311198218","price":21}

2018-05-06 20:33:38 {"merchant_id":"1499456762","key":"","authCode":"134513389206205161","order_sn":"2018050620333883459","price":39}

2018-05-06 20:55:15 {"merchant_id":"1499456762","key":"","authCode":"134714547934739422","order_sn":"2018050620551513472","price":27}

2018-05-06 20:59:21 {"merchant_id":"1499456762","key":"","authCode":"134619969187316272","order_sn":"2018050620592167295","price":14}

2018-05-06 21:05:27 {"merchant_id":"1499456762","key":"","authCode":"134639353585864441","order_sn":"2018050621052733118","price":51}

2018-05-06 21:12:19 {"merchant_id":"1499456762","key":"","authCode":"134642118285168724","order_sn":"2018050621121911503","price":32}

2018-05-06 21:13:51 {"merchant_id":"1499456762","key":"","authCode":"134706124758287819","order_sn":"2018050621135156774","price":22.4}

2018-05-06 21:25:44 {"merchant_id":"1499456762","key":"","authCode":"134527880069226017","order_sn":"2018050621254490296","price":12}

2018-05-06 21:59:26 {"merchant_id":"1490350062","key":"","authCode":"134980859866026102","order_sn":"2018050621592648296","price":600}

2018-05-06 23:50:59 {"merchant_id":"1490350062","key":"","authCode":"134612385000635061","order_sn":"2018050623505962637","price":300}

