2018-06-04 01:26:42 {"merchant_id":"1493159782","key":"","authCode":"134611812125563047","order_sn":"2018060401264228641","price":400}

2018-06-04 04:59:25 {"merchant_id":"1493159782","key":"","authCode":"135251707447067992","order_sn":"2018060404592546915","price":300}

2018-06-04 06:17:59 {"merchant_id":"2088822285099072","key":"201710BBaa55e11a995b41488709d94fe3bfbX07","authCode":"287803091066827371","order_sn":"2018060406175980904","price":200}

2018-06-04 06:17:59 {"app_id":"2017071207730667","method":"alipay.trade.pay","charset":"utf-8","sign_type":"RSA","app_auth_token":"201710BBaa55e11a995b41488709d94fe3bfbX07","timestamp":"2018-06-04 06:17:59","version":"1.0","biz_content":"{\"out_trade_no\":\"2018060406175980904\",\"scene\":\"bar_code\",\"auth_code\":\"287803091066827371\",\"subject\":\"\\u8ba2\\u5355\\u53f7:2018060406175980904\",\"seller_id\":\"2088822285099072\",\"total_amount\":200,\"extend_params\":{\"sys_service_provider_id\":\"2088721521881652\"}}","sign":"Hgybh13W3na\/\/ppEn4CqVaY3Q+6N74noPaIoU7t1azCTXlZVuNlkEdk+pLgeY4q4l2kJTV+3otouf1P9qYxZ3mcKafJlw7bam058u3CHfupqRp+9ihLrhGNfv1nPpqrH\/9D+Idq\/kYwYANvrQ9mfDFRKZhHvB8lSszvNpX3245U="}

2018-06-04 06:17:59 {"alipay_trade_pay_response":{"code":"10000","msg":"Success","buyer_logon_id":"182****5172","buyer_pay_amount":"200.00","buyer_user_id":"2088022046925033","fund_bill_list":[{"amount":"200.00","fund_channel":"PCREDIT"}],"gmt_payment":"2018-06-04 06:17:59","invoice_amount":"200.00","out_trade_no":"2018060406175980904","point_amount":"0.00","receipt_amount":"200.00","total_amount":"200.00","trade_no":"2018060421001004030551844045"},"sign":"nhJbw3roP7BHXlSKx8wcIophGh6PDYyxxss2Eh+nTn2uUJ6/JASFOVB6srxuMvbwCpWxGbrAhWwSyXvNRf03fj3/HtmIoK2fEPFqE7Xce2o2wqperwgcFglwcREoBnMYFiQg1mxdqZCMph3/88m716kNb4MTgPxawfNnuLPMVWo="}

2018-06-04 08:13:45 {"merchant_id":"1493159782","key":"","authCode":"134510142016711306","order_sn":"2018060408134549813","price":2000}

2018-06-04 08:23:51 {"merchant_id":"1499456762","key":"","authCode":"134689897814680279","order_sn":"2018060408235123473","price":73}

2018-06-04 08:29:24 {"merchant_id":"1499456762","key":"","authCode":"134740754596376834","order_sn":"2018060408292420036","price":7}

2018-06-04 08:29:58 {"merchant_id":"1499456762","key":"","authCode":"134520705767932296","order_sn":"2018060408295878284","price":6}

2018-06-04 09:14:52 {"merchant_id":"1490350062","key":"","authCode":"134676200154994892","order_sn":"2018060409145289095","price":40}

2018-06-04 09:16:19 {"merchant_id":"1499456762","key":"","authCode":"135110822735368661","order_sn":"2018060409161957491","price":6}

2018-06-04 10:00:14 {"merchant_id":"1499456762","key":"","authCode":"134644282141405377","order_sn":"2018060410001457909","price":198}

2018-06-04 10:01:54 {"merchant_id":"1499456762","key":"","authCode":"134715556060058934","order_sn":"2018060410015476023","price":8}

2018-06-04 10:38:18 {"merchant_id":"1499456762","key":"","authCode":"134659049689513626","order_sn":"2018060410381847239","price":25}

2018-06-04 10:40:20 {"merchant_id":"1499456762","key":"","authCode":"134557188559328507","order_sn":"2018060410402071000","price":28.5}

2018-06-04 10:43:02 {"merchant_id":"1499456762","key":"","authCode":"135573366532715949","order_sn":"2018060410430220466","price":25}

2018-06-04 10:43:23 {"merchant_id":"1499456762","key":"","authCode":"135484932101570505","order_sn":"2018060410432399001","price":5}

2018-06-04 10:49:42 {"merchant_id":"1499456762","key":"","authCode":"135049081148165185","order_sn":"2018060410494228574","price":14}

2018-06-04 10:55:55 {"merchant_id":"1499456762","key":"","authCode":"135468015735981407","order_sn":"2018060410555598189","price":20}

2018-06-04 11:12:52 {"merchant_id":"1499456762","key":"","authCode":"134581466638136155","order_sn":"2018060411125226825","price":6}

2018-06-04 11:16:29 {"merchant_id":"1499456762","key":"","authCode":"134580063747641445","order_sn":"2018060411162859423","price":28}

2018-06-04 11:18:23 {"merchant_id":"1499456762","key":"","authCode":"134812976837550549","order_sn":"2018060411182384744","price":33}

2018-06-04 11:33:32 {"merchant_id":"1499456762","key":"","authCode":"134846646790969629","order_sn":"2018060411333244316","price":8}

2018-06-04 11:38:00 {"merchant_id":"1499456762","key":"","authCode":"135203026818347589","order_sn":"2018060411375955639","price":24}

2018-06-04 11:38:16 {"merchant_id":"1499456762","key":"","authCode":"134616918695559540","order_sn":"2018060411381630681","price":38.8}

2018-06-04 11:39:41 {"merchant_id":"1490350062","key":"","authCode":"134681521841589450","order_sn":"2018060411394160655","price":1000}

2018-06-04 11:40:34 {"merchant_id":"1499456762","key":"","authCode":"135885005431035940","order_sn":"2018060411403476531","price":11}

2018-06-04 11:40:40 {"merchant_id":"1490350062","key":"","authCode":"135474443851448924","order_sn":"2018060411404018596","price":1000}

2018-06-04 11:43:26 {"merchant_id":"1499456762","key":"","authCode":"134864343414362916","order_sn":"2018060411432616934","price":12}

2018-06-04 11:44:16 {"merchant_id":"1499456762","key":"","authCode":"134958835948912972","order_sn":"2018060411441657858","price":31}

2018-06-04 11:49:41 {"merchant_id":"1499456762","key":"","authCode":"135014984192771286","order_sn":"2018060411494188436","price":23}

2018-06-04 11:55:22 {"merchant_id":"1499456762","key":"","authCode":"134542703916993130","order_sn":"2018060411552210280","price":8}

2018-06-04 11:57:24 {"merchant_id":"1499456762","key":"","authCode":"135478862981943818","order_sn":"2018060411572459955","price":128}

2018-06-04 12:03:37 {"merchant_id":"1499456762","key":"","authCode":"135015837433971912","order_sn":"2018060412033755587","price":60}

2018-06-04 12:35:04 {"merchant_id":"1490350062","key":"","authCode":"135027075175212509","order_sn":"2018060412350410843","price":300}

2018-06-04 12:39:06 {"merchant_id":"1499456762","key":"","authCode":"135412722837895117","order_sn":"2018060412390643526","price":2.5}

2018-06-04 12:41:05 {"merchant_id":"1490350062","key":"","authCode":"134727481773416617","order_sn":"2018060412410558646","price":200}

2018-06-04 13:18:38 {"merchant_id":"1493159782","key":"","authCode":"134630943691562938","order_sn":"2018060413183856649","price":200}

2018-06-04 13:21:56 {"merchant_id":"2088822285099072","key":"201710BBaa55e11a995b41488709d94fe3bfbX07","authCode":"289893140556420280","order_sn":"2018060413215677184","price":300}

2018-06-04 13:21:56 {"app_id":"2017071207730667","method":"alipay.trade.pay","charset":"utf-8","sign_type":"RSA","app_auth_token":"201710BBaa55e11a995b41488709d94fe3bfbX07","timestamp":"2018-06-04 13:21:56","version":"1.0","biz_content":"{\"out_trade_no\":\"2018060413215677184\",\"scene\":\"bar_code\",\"auth_code\":\"289893140556420280\",\"subject\":\"\\u8ba2\\u5355\\u53f7:2018060413215677184\",\"seller_id\":\"2088822285099072\",\"total_amount\":300,\"extend_params\":{\"sys_service_provider_id\":\"2088721521881652\"}}","sign":"UAVmyjwqj5iGEBIewYRToqDa0U7eaSiWNuCC23w25wRdTf7NLhdAkp70iL5sZ4U98sGNUq5XpP0l1izHdt+DFqHRZq3TKXqWzdli8DOp9CGUE461+Ip9HcMHPmc7whLqUnXgjWmGQQYEh1DWJWF\/TI1ZZRUKm6mKPquaX\/JjU8I="}

2018-06-04 13:21:58 {"alipay_trade_pay_response":{"code":"10000","msg":"Success","buyer_logon_id":"125***@qq.com","buyer_pay_amount":"300.00","buyer_user_id":"2088112284683524","fund_bill_list":[{"amount":"300.00","fund_channel":"ALIPAYACCOUNT"}],"gmt_payment":"2018-06-04 13:21:58","invoice_amount":"300.00","out_trade_no":"2018060413215677184","point_amount":"0.00","receipt_amount":"300.00","total_amount":"300.00","trade_no":"2018060421001004520588542674"},"sign":"nz8amoS6X53t2hpswFhuxZoR2734OBMI28WncwHfrx3p7IbLSyZioBXBDv3Xu14xmMVLpDCaSePaSa59p6EQ1xs+l7yaBWTRPjE0HUyeVAEeS6at2OVrR10NKPqK0CRTjYkWYx+aMfPzfm5ArHNGZYyUnCg2ocUbWICTT53MG9k="}

2018-06-04 13:26:12 {"merchant_id":"1499456762","key":"","authCode":"134735485268306749","order_sn":"2018060413261258310","price":9}

2018-06-04 13:57:55 {"merchant_id":"1499456762","key":"","authCode":"135002500698042064","order_sn":"2018060413575514594","price":13}

2018-06-04 14:12:52 {"merchant_id":"1499456762","key":"","authCode":"135230667024653986","order_sn":"2018060414125259187","price":37}

2018-06-04 14:16:59 {"merchant_id":"1490350062","key":"","authCode":"134964200831280255","order_sn":"2018060414165946501","price":300}

2018-06-04 14:23:13 {"merchant_id":"1490350062","key":"","authCode":"135209635919163834","order_sn":"2018060414231377579","price":30}

2018-06-04 14:27:00 {"merchant_id":"1499456762","key":"","authCode":"134668692381908915","order_sn":"2018060414270092230","price":24.8}

2018-06-04 14:45:45 {"merchant_id":"1499456762","key":"","authCode":"135059984594180764","order_sn":"2018060414454553127","price":54.5}

2018-06-04 14:57:53 {"merchant_id":"1499456762","key":"","authCode":"134572941508916596","order_sn":"2018060414575362500","price":8}

2018-06-04 15:03:16 {"merchant_id":"1499456762","key":"","authCode":"134877803329662834","order_sn":"2018060415031696272","price":47}

2018-06-04 15:11:42 {"merchant_id":"1499456762","key":"","authCode":"134534924462730494","order_sn":"2018060415114264564","price":18}

2018-06-04 15:26:07 {"merchant_id":"1493159782","key":"","authCode":"134631109664842969","order_sn":"2018060415260741820","price":200}

2018-06-04 15:27:04 {"merchant_id":"1499456762","key":"","authCode":"134732005430895195","order_sn":"2018060415270433157","price":20}

2018-06-04 15:39:45 {"merchant_id":"1499456762","key":"","authCode":"134603996144769421","order_sn":"2018060415394528221","price":20}

2018-06-04 15:47:51 {"merchant_id":"1499456762","key":"","authCode":"134529175184197427","order_sn":"2018060415475111610","price":37}

2018-06-04 16:05:10 {"merchant_id":"1499456762","key":"","authCode":"134966484098421820","order_sn":"2018060416051047951","price":5}

2018-06-04 16:07:27 {"merchant_id":"1499456762","key":"","authCode":"134805828617972979","order_sn":"2018060416072725822","price":78}

2018-06-04 16:08:46 {"merchant_id":"1499456762","key":"","authCode":"134613220874149902","order_sn":"2018060416084676158","price":12}

2018-06-04 16:11:28 {"merchant_id":"1499456762","key":"","authCode":"134724025317781403","order_sn":"2018060416112899727","price":39}

2018-06-04 16:12:04 {"merchant_id":"1499456762","key":"","authCode":"135344908591356709","order_sn":"2018060416120489554","price":42}

2018-06-04 16:33:21 {"merchant_id":"1499456762","key":"","authCode":"134550852593810774","order_sn":"2018060416332174519","price":7}

2018-06-04 16:33:39 {"merchant_id":"1499456762","key":"","authCode":"134658651985823000","order_sn":"2018060416333986532","price":200}

2018-06-04 16:39:22 {"merchant_id":"1499456762","key":"","authCode":"134530273320422107","order_sn":"2018060416392252928","price":17}

2018-06-04 16:39:27 {"merchant_id":"2088822285099072","key":"201710BBaa55e11a995b41488709d94fe3bfbX07","authCode":"282362670331126970","order_sn":"2018060416392748700","price":300}

2018-06-04 16:39:27 {"app_id":"2017071207730667","method":"alipay.trade.pay","charset":"utf-8","sign_type":"RSA","app_auth_token":"201710BBaa55e11a995b41488709d94fe3bfbX07","timestamp":"2018-06-04 16:39:27","version":"1.0","biz_content":"{\"out_trade_no\":\"2018060416392748700\",\"scene\":\"bar_code\",\"auth_code\":\"282362670331126970\",\"subject\":\"\\u8ba2\\u5355\\u53f7:2018060416392748700\",\"seller_id\":\"2088822285099072\",\"total_amount\":300,\"extend_params\":{\"sys_service_provider_id\":\"2088721521881652\"}}","sign":"IG2a7ULCfDkVY9DYuTygLr0PjY3AqgZr+hTlYcr6sDSi028UV9SAoIJtz4vgMSRpWdETAImEysvowiiEssL+LgBwFpUXKfosClIXQIUXXXB2lcpfEX2dPI8zAlJVW8j2oB9mmYtOJHGElDRbQ69sIhxD1yN7YIeUQBbSdNBH7YA="}

2018-06-04 16:39:28 {"alipay_trade_pay_response":{"code":"10000","msg":"Success","buyer_logon_id":"177****6888","buyer_pay_amount":"300.00","buyer_user_id":"2088122669460165","fund_bill_list":[{"amount":"300.00","fund_channel":"PCREDIT"}],"gmt_payment":"2018-06-04 16:39:28","invoice_amount":"300.00","out_trade_no":"2018060416392748700","point_amount":"0.00","receipt_amount":"300.00","total_amount":"300.00","trade_no":"2018060421001004160549592515"},"sign":"Zh2pvjKfmsTJEKaS/Wl3amjS+7v/Nn3xPUAUgn9ZkrhySzs+cMpZZgelIGWOBd0wAfabsp5tT5YCzcNxrdHzapVZnyV5w2fTQEUOlSJgmHm+iW6/w4Bp5AeKhzAd9t73rdnF37MQ0pQMWAqNKRX20M5acRRo0zH7Bd1e+QtkvJQ="}

2018-06-04 16:40:51 {"merchant_id":"1499456762","key":"","authCode":"134679574388255430","order_sn":"2018060416405148183","price":8}

2018-06-04 16:44:53 {"merchant_id":"1499456762","key":"","authCode":"134926558434433862","order_sn":"2018060416445216198","price":9}

2018-06-04 16:50:19 {"merchant_id":"1499456762","key":"","authCode":"134639993533154668","order_sn":"2018060416501996487","price":11}

2018-06-04 16:51:52 {"merchant_id":"1499456762","key":"","authCode":"134723629912677535","order_sn":"2018060416515273749","price":198}

2018-06-04 16:53:54 {"merchant_id":"1499456762","key":"","authCode":"134635889487619768","order_sn":"2018060416535455684","price":8}

2018-06-04 16:55:33 {"merchant_id":"1499456762","key":"","authCode":"134927035601504129","order_sn":"2018060416553320203","price":15}

2018-06-04 17:03:27 {"merchant_id":"1499456762","key":"","authCode":"134792411183733429","order_sn":"2018060417032778318","price":37}

2018-06-04 17:09:14 {"merchant_id":"1499456762","key":"","authCode":"134898756842498551","order_sn":"2018060417091492927","price":29}

2018-06-04 17:20:29 {"merchant_id":"1499456762","key":"","authCode":"134906642596368816","order_sn":"2018060417202995323","price":90}

2018-06-04 17:27:16 {"merchant_id":"1493159782","key":"","authCode":"134760177598225330","order_sn":"2018060417271637817","price":400}

2018-06-04 17:28:05 {"merchant_id":"1499456762","key":"","authCode":"134944093112515679","order_sn":"2018060417280587515","price":12}

2018-06-04 17:31:46 {"merchant_id":"1499456762","key":"","authCode":"134633298313534043","order_sn":"2018060417314626725","price":23}

2018-06-04 17:32:58 {"merchant_id":"1499456762","key":"","authCode":"134738204487846039","order_sn":"2018060417325857676","price":33}

2018-06-04 17:41:35 {"merchant_id":"1499456762","key":"","authCode":"134555696843835005","order_sn":"2018060417413595610","price":37}

2018-06-04 17:58:09 {"merchant_id":"1499456762","key":"","authCode":"134635149577736076","order_sn":"2018060417580917949","price":12}

2018-06-04 17:58:41 {"merchant_id":"1499456762","key":"","authCode":"134599728908606337","order_sn":"2018060417584188510","price":12}

2018-06-04 18:01:27 {"merchant_id":"1490350062","key":"","authCode":"134738463156308829","order_sn":"2018060418012731506","price":60}

2018-06-04 18:03:53 {"merchant_id":"1499456762","key":"","authCode":"134783812851943222","order_sn":"2018060418035350261","price":4.5}

2018-06-04 18:04:24 {"merchant_id":"1499456762","key":"","authCode":"134621595622754205","order_sn":"2018060418042383270","price":14}

2018-06-04 18:09:48 {"merchant_id":"1499456762","key":"","authCode":"134675542927760114","order_sn":"2018060418094884517","price":15}

2018-06-04 18:10:11 {"merchant_id":"1499456762","key":"","authCode":"134797585153034863","order_sn":"2018060418101152805","price":14}

2018-06-04 18:13:46 {"merchant_id":"1499456762","key":"","authCode":"134653024037811386","order_sn":"2018060418134630506","price":12}

2018-06-04 18:18:37 {"merchant_id":"1499456762","key":"","authCode":"134730158960309774","order_sn":"2018060418183719420","price":10}

2018-06-04 18:18:52 {"merchant_id":"1499456762","key":"","authCode":"134687509599682899","order_sn":"2018060418185293759","price":8}

2018-06-04 18:22:10 {"merchant_id":"2088822285099072","key":"201710BBaa55e11a995b41488709d94fe3bfbX07","authCode":"280116294876606832","order_sn":"2018060418221015903","price":2000}

2018-06-04 18:22:10 {"app_id":"2017071207730667","method":"alipay.trade.pay","charset":"utf-8","sign_type":"RSA","app_auth_token":"201710BBaa55e11a995b41488709d94fe3bfbX07","timestamp":"2018-06-04 18:22:10","version":"1.0","biz_content":"{\"out_trade_no\":\"2018060418221015903\",\"scene\":\"bar_code\",\"auth_code\":\"280116294876606832\",\"subject\":\"\\u8ba2\\u5355\\u53f7:2018060418221015903\",\"seller_id\":\"2088822285099072\",\"total_amount\":2000,\"extend_params\":{\"sys_service_provider_id\":\"2088721521881652\"}}","sign":"cEka3OGpvhCNxvszX2Op0eRq5pK4\/LUqTWLUCw8WDhE05pvLdkwuUtNFu+\/L\/zj2z6LBvHyNwvG6VsRatfGdmGKOLFJF2+Cglz9kk2xpbs0PTqECb5rxnZhCukoiT4\/Kj+Ka5UJBFquPaqtjVqRYVjSX0MAYLGYhcsrPJTkP3Nk="}

2018-06-04 18:22:11 {"alipay_trade_pay_response":{"code":"10003","msg":" order success pay inprocess","buyer_logon_id":"187****0897","buyer_pay_amount":"0.00","buyer_user_id":"2088212149800340","invoice_amount":"0.00","out_trade_no":"2018060418221015903","point_amount":"0.00","receipt_amount":"0.00","total_amount":"2000.00","trade_no":"2018060421001004340546297340"},"sign":"s0b2y0OIen/uYM4OeeWEMHu5Km9T+hQgPVBU+L04z1BCGx/48evZRJ3cNVzsbBtbMOIUFQSSb2fzJiAaeLqn82wcTkzpKPIyph8VQRPFyZE1DCWYSJ5/CsJh4cyWtyjfp8fLDYOSev6NP3zDIQMf+N4GSANJQoW5nKMvh/RdoCY="}

2018-06-04 18:22:11 {"alipay_trade_query_response":{"code":"10000","msg":"Success","buyer_logon_id":"187****0897","buyer_pay_amount":"0.00","buyer_user_id":"2088212149800340","invoice_amount":"0.00","out_trade_no":"2018060418221015903","point_amount":"0.00","receipt_amount":"0.00","total_amount":"2000.00","trade_no":"2018060421001004340546297340","trade_status":"WAIT_BUYER_PAY"},"sign":"ab/NuxMNUEV+K1QavXDD1+modijI8vx/HVh9Dq7bXj5O3jYUHY+iKpVVyarodbbsvXQpeN+3fOf3O9YIUKD7zuh72bNQGpEYK57Q8Kycx2/Egt4DvJb2X3BbI0Z4eMe2GlVRJLdNLOniPwn9tUbxvz/yAoPQXWM2654KA6oEQVk="}

2018-06-04 18:22:15 {"alipay_trade_query_response":{"code":"10000","msg":"Success","buyer_logon_id":"187****0897","buyer_pay_amount":"2000.00","buyer_user_id":"2088212149800340","fund_bill_list":[{"amount":"2000.00","fund_channel":"PCREDIT"}],"invoice_amount":"2000.00","out_trade_no":"2018060418221015903","point_amount":"0.00","receipt_amount":"2000.00","send_pay_date":"2018-06-04 18:22:14","total_amount":"2000.00","trade_no":"2018060421001004340546297340","trade_status":"TRADE_SUCCESS"},"sign":"QtF1rUyt0KmC4OsmwCnWQ9piBW2jTS0RM+INSyQH1WqT4zDJnJKY7CaWRV/pGIXTg+3BeDAl2mIsqbDb8m5Vm32CwVnYDaNAMZSLc4CmSUqrRAwZ6kan8vksERPNY4tK8xioF2Qzy/CIEwgefpBJYK8ZcWvSawNY8fBUP1FuzYo="}

2018-06-04 18:23:07 {"merchant_id":"1499456762","key":"","authCode":"134827121144473265","order_sn":"2018060418230777855","price":1}

2018-06-04 18:27:03 {"merchant_id":"1499456762","key":"","authCode":"134666404684219608","order_sn":"2018060418270386993","price":29}

2018-06-04 18:27:16 {"merchant_id":"1499456762","key":"","authCode":"134519227499200975","order_sn":"2018060418271695923","price":8}

2018-06-04 18:29:41 {"merchant_id":"1499456762","key":"","authCode":"134907161635219213","order_sn":"2018060418294149570","price":14}

2018-06-04 18:42:17 {"merchant_id":"1499456762","key":"","authCode":"134671682991946176","order_sn":"2018060418421794392","price":42}

2018-06-04 18:55:49 {"merchant_id":"1499456762","key":"","authCode":"135063553955500742","order_sn":"2018060418554980954","price":19}

2018-06-04 18:56:32 {"merchant_id":"1499456762","key":"","authCode":"134682707381658634","order_sn":"2018060418563286377","price":128}

2018-06-04 19:12:37 {"merchant_id":"1499456762","key":"","authCode":"134687282728386455","order_sn":"2018060419123790864","price":28}

2018-06-04 19:16:52 {"merchant_id":"1499456762","key":"","authCode":"134657259635518369","order_sn":"2018060419165269048","price":8}

2018-06-04 19:19:01 {"merchant_id":"1499456762","key":"","authCode":"134617986105231274","order_sn":"2018060419190197147","price":21}

2018-06-04 19:20:08 {"merchant_id":"1499456762","key":"","authCode":"135006000719995107","order_sn":"2018060419200848473","price":8}

2018-06-04 19:28:30 {"merchant_id":"1499456762","key":"","authCode":"134582995274213679","order_sn":"2018060419283027444","price":12}

2018-06-04 19:28:42 {"merchant_id":"1499456762","key":"","authCode":"134988555081124455","order_sn":"2018060419284282863","price":6}

2018-06-04 19:30:29 {"merchant_id":"1499456762","key":"","authCode":"134582579260904816","order_sn":"2018060419302911550","price":7}

2018-06-04 19:34:03 {"merchant_id":"1499456762","key":"","authCode":"135005486625599915","order_sn":"2018060419340316169","price":123}

2018-06-04 19:34:13 {"merchant_id":"1499456762","key":"","authCode":"134553627629499901","order_sn":"2018060419341340446","price":13.8}

2018-06-04 19:37:28 {"merchant_id":"1499456762","key":"","authCode":"134784952299679749","order_sn":"2018060419372834499","price":10}

2018-06-04 19:43:32 {"merchant_id":"1499456762","key":"","authCode":"134670602349594069","order_sn":"2018060419433284064","price":29}

2018-06-04 19:49:04 {"merchant_id":"1499456762","key":"","authCode":"134596740472712592","order_sn":"2018060419490420867","price":24}

2018-06-04 19:49:19 {"merchant_id":"1499456762","key":"","authCode":"134725218409050791","order_sn":"2018060419491921023","price":8}

2018-06-04 19:52:08 {"merchant_id":"1499456762","key":"","authCode":"135193943299628329","order_sn":"2018060419520891515","price":34}

2018-06-04 19:54:57 {"merchant_id":"1499456762","key":"","authCode":"134729254863748969","order_sn":"2018060419545746099","price":12}

2018-06-04 20:06:22 {"merchant_id":"1499456762","key":"","authCode":"134612103910919836","order_sn":"2018060420062268066","price":68}

2018-06-04 20:06:37 {"merchant_id":"1499456762","key":"","authCode":"135058207721782863","order_sn":"2018060420063783312","price":27}

2018-06-04 20:08:10 {"merchant_id":"1499456762","key":"","authCode":"135065028091718886","order_sn":"2018060420081020305","price":21}

2018-06-04 20:09:00 {"merchant_id":"1499456762","key":"","authCode":"134811024718393588","order_sn":"2018060420090026805","price":22.4}

2018-06-04 20:10:12 {"merchant_id":"1499456762","key":"","authCode":"134989508454978086","order_sn":"2018060420101229312","price":14}

2018-06-04 20:14:30 {"merchant_id":"1499456762","key":"","authCode":"134619683896959546","order_sn":"2018060420143086387","price":7}

2018-06-04 20:18:05 {"merchant_id":"1499456762","key":"","authCode":"134766448658724605","order_sn":"2018060420180523335","price":9}

2018-06-04 20:21:14 {"merchant_id":"1499456762","key":"","authCode":"135016795619548632","order_sn":"2018060420211429404","price":15}

2018-06-04 20:22:24 {"merchant_id":"1499456762","key":"","authCode":"134915605981873493","order_sn":"2018060420222466978","price":31}

2018-06-04 20:25:46 {"merchant_id":"1499456762","key":"","authCode":"134602912968258078","order_sn":"2018060420254612298","price":4}

2018-06-04 20:26:13 {"merchant_id":"1499456762","key":"","authCode":"134544212021597928","order_sn":"2018060420261375715","price":5}

2018-06-04 20:32:13 {"merchant_id":"1499456762","key":"","authCode":"134569134665935557","order_sn":"2018060420321396299","price":18}

2018-06-04 20:41:51 {"merchant_id":"1499456762","key":"","authCode":"134688061553863906","order_sn":"2018060420415163519","price":10}

2018-06-04 20:42:28 {"merchant_id":"1499456762","key":"","authCode":"135184909901921780","order_sn":"2018060420422821307","price":14}

2018-06-04 20:42:55 {"merchant_id":"1499456762","key":"","authCode":"134921348548264061","order_sn":"2018060420425586755","price":35.5}

2018-06-04 20:43:29 {"merchant_id":"1499456762","key":"","authCode":"135062375381903899","order_sn":"2018060420432941023","price":9.5}

2018-06-04 20:44:09 {"merchant_id":"2088822285099072","key":"201710BBaa55e11a995b41488709d94fe3bfbX07","authCode":"287960643564511612","order_sn":"2018060420440912885","price":300}

2018-06-04 20:44:09 {"app_id":"2017071207730667","method":"alipay.trade.pay","charset":"utf-8","sign_type":"RSA","app_auth_token":"201710BBaa55e11a995b41488709d94fe3bfbX07","timestamp":"2018-06-04 20:44:09","version":"1.0","biz_content":"{\"out_trade_no\":\"2018060420440912885\",\"scene\":\"bar_code\",\"auth_code\":\"287960643564511612\",\"subject\":\"\\u8ba2\\u5355\\u53f7:2018060420440912885\",\"seller_id\":\"2088822285099072\",\"total_amount\":300,\"extend_params\":{\"sys_service_provider_id\":\"2088721521881652\"}}","sign":"GPPg2tA9vOGNoW5OyA0YOSL7g5HeykKscNlHMQ+G\/aQWtSLp1+5f1jy661vtVNHW81NunhVY9Mh32bmelcW7W91YQwJ7KDAIgTbqCibMenhYU73ptuv1qtb4hWuYh1hIheFGNYQtb1ju7yJHxJp1em3I85oOWhMvLWf7A6k8o6Y="}

2018-06-04 20:44:10 {"merchant_id":"1499456762","key":"","authCode":"134923356970727653","order_sn":"2018060420441068498","price":15}

2018-06-04 20:44:11 {"alipay_trade_pay_response":{"code":"10000","msg":"Success","buyer_logon_id":"110***@qq.com","buyer_pay_amount":"300.00","buyer_user_id":"2088222236754166","fund_bill_list":[{"amount":"300.00","fund_channel":"ALIPAYACCOUNT"}],"gmt_payment":"2018-06-04 20:44:11","invoice_amount":"300.00","out_trade_no":"2018060420440912885","point_amount":"0.00","receipt_amount":"300.00","total_amount":"300.00","trade_no":"2018060421001004160553574230"},"sign":"kP9Oaht4RCQUxeNFKRmpX9EuNakM9bVgTNhj3SnY4xGemqmggaVrosOg67VLecZscAmBjgpa0BLOVP6FVdhTdDmDx3cnC1DOq9s3rbtqnf9AiWwTECzp/qifvii52VtHhJwSlikYvp654Kn6AVvrY87m5BOJlfjJiJFaa221c1U="}

2018-06-04 20:44:35 {"merchant_id":"1499456762","key":"","authCode":"134608944843932208","order_sn":"2018060420443549992","price":10}

2018-06-04 20:47:13 {"merchant_id":"1499456762","key":"","authCode":"134596338602747696","order_sn":"2018060420471391398","price":19}

2018-06-04 20:55:03 {"merchant_id":"1499456762","key":"","authCode":"134650022989742139","order_sn":"2018060420550328180","price":15}

2018-06-04 21:00:48 {"merchant_id":"1499456762","key":"","authCode":"134555960886864827","order_sn":"2018060421004811364","price":9}

2018-06-04 21:01:01 {"merchant_id":"1499456762","key":"","authCode":"134790047921223867","order_sn":"2018060421010177406","price":54}

2018-06-04 21:04:08 {"merchant_id":"1499456762","key":"","authCode":"135050152118212395","order_sn":"2018060421040813813","price":12}

2018-06-04 21:05:36 {"merchant_id":"1499456762","key":"","authCode":"134915559178613593","order_sn":"2018060421053622544","price":22}

2018-06-04 21:08:51 {"merchant_id":"1499456762","key":"","authCode":"134604473836033371","order_sn":"2018060421085119101","price":14}

2018-06-04 21:11:58 {"merchant_id":"1499456762","key":"","authCode":"134744307311202840","order_sn":"2018060421115884258","price":9}

2018-06-04 21:18:08 {"merchant_id":"1499456762","key":"","authCode":"134888507724436106","order_sn":"2018060421180879997","price":16}

2018-06-04 21:22:14 {"merchant_id":"1499456762","key":"","authCode":"135001689996666375","order_sn":"2018060421221476685","price":19}

2018-06-04 21:23:54 {"merchant_id":"1499456762","key":"","authCode":"135556963096881989","order_sn":"2018060421235498000","price":20}

2018-06-04 21:24:53 {"merchant_id":"1499456762","key":"","authCode":"134511585259490544","order_sn":"2018060421245397970","price":7}

2018-06-04 21:41:01 {"merchant_id":"1499456762","key":"","authCode":"134759461816000248","order_sn":"2018060421410113328","price":14}

2018-06-04 21:48:42 {"merchant_id":"2088822285099072","key":"201710BBaa55e11a995b41488709d94fe3bfbX07","authCode":"282641426184341740","order_sn":"2018060421484217315","price":100}

2018-06-04 21:48:42 {"app_id":"2017071207730667","method":"alipay.trade.pay","charset":"utf-8","sign_type":"RSA","app_auth_token":"201710BBaa55e11a995b41488709d94fe3bfbX07","timestamp":"2018-06-04 21:48:42","version":"1.0","biz_content":"{\"out_trade_no\":\"2018060421484217315\",\"scene\":\"bar_code\",\"auth_code\":\"282641426184341740\",\"subject\":\"\\u8ba2\\u5355\\u53f7:2018060421484217315\",\"seller_id\":\"2088822285099072\",\"total_amount\":100,\"extend_params\":{\"sys_service_provider_id\":\"2088721521881652\"}}","sign":"erLPQgulr1AVCfV2j39Nx+e0lCX6HLoSWA3F+hVqH4jBqZyfFRoTzEBFhNx026eL1Z1cyimivAzG8798zIeZAv0kuU0meDIcRRDcfWg6d2cIACY+OTQ6afPW79k8lqL5dnvhpHesIyTzRZkpdOZMs3Lnhxy4mV0rvFMWH7xZlzs="}

2018-06-04 21:48:42 {"alipay_trade_pay_response":{"code":"10000","msg":"Success","buyer_logon_id":"159****9078","buyer_pay_amount":"100.00","buyer_user_id":"2088312773023123","fund_bill_list":[{"amount":"100.00","fund_channel":"PCREDIT"}],"gmt_payment":"2018-06-04 21:48:42","invoice_amount":"100.00","out_trade_no":"2018060421484217315","point_amount":"0.00","receipt_amount":"100.00","total_amount":"100.00","trade_no":"2018060421001004120552934065"},"sign":"gpcSGXZyPL6fhe29DlGXt0ihUTJbIDf/D26mwV5D1uIgUc7m12tg6n/Ux4hqAWg1OEbyTLBqbxFQ3254VXjjQRna8LVv2rQ1Pnc1I1o0dv50tdw4EIAyxyJAhlaVQWc8uFIEvXcu5zOACY2O89e28YJCPkiSClT0vQyrsV9+LLo="}

2018-06-04 22:22:49 {"merchant_id":"1499456762","key":"","authCode":"134675227633906270","order_sn":"2018060422224984536","price":22}

2018-06-04 22:27:07 {"merchant_id":"1490350062","key":"","authCode":"134547688786544994","order_sn":"2018060422270768710","price":100}

