2018-03-28 08:18:53 {"merchant_id":"1490350062","key":"","authCode":"135560554288882528","order_sn":"2018032808185390827","price":136}
2018-03-28 08:20:59 {"merchant_id":"1499456762","key":"","authCode":"135037902258813439","order_sn":"2018032808205933353","price":30}
2018-03-28 09:03:13 {"merchant_id":"1499456762","key":"","authCode":"134650143782954874","order_sn":"2018032809031227282","price":14}
2018-03-28 09:13:45 {"merchant_id":"1499456762","key":"","authCode":"134517634640203874","order_sn":"2018032809134512681","price":30.5}
2018-03-28 09:15:14 {"merchant_id":"1499456762","key":"","authCode":"134545878520594089","order_sn":"2018032809151466063","price":5}
2018-03-28 09:21:36 {"merchant_id":"1499456762","key":"","authCode":"135463055100222910","order_sn":"2018032809213516285","price":9}
2018-03-28 09:30:51 {"merchant_id":"1499456762","key":"","authCode":"134739243223559712","order_sn":"2018032809305166500","price":54}
2018-03-28 09:45:15 {"merchant_id":"1499456762","key":"","authCode":"135166855741386477","order_sn":"2018032809451561258","price":39}
2018-03-28 09:59:13 {"merchant_id":"1499456762","key":"","authCode":"134792290631052136","order_sn":"2018032809591396343","price":15}
2018-03-28 10:22:43 {"merchant_id":"1499456762","key":"","authCode":"134578048857252373","order_sn":"2018032810224368261","price":8}
2018-03-28 10:55:37 {"merchant_id":"1499456762","key":"","authCode":"134717788486845226","order_sn":"2018032810553764672","price":13}
2018-03-28 10:57:21 {"merchant_id":"1499456762","key":"","authCode":"134705998094073227","order_sn":"2018032810572134081","price":11}
2018-03-28 10:58:15 {"merchant_id":"1499456762","key":"","authCode":"134602095251007642","order_sn":"2018032810581584007","price":25}
2018-03-28 11:38:05 {"merchant_id":"1490350062","key":"","authCode":"134924149877527423","order_sn":"2018032811380534935","price":300}
2018-03-28 11:58:31 {"merchant_id":"1499456762","key":"","authCode":"134929483884356273","order_sn":"2018032811583130744","price":25}
2018-03-28 12:05:12 {"merchant_id":"1499456762","key":"","authCode":"134511538986016395","order_sn":"2018032812051268978","price":20}
2018-03-28 12:17:51 {"merchant_id":"1499456762","key":"","authCode":"134568740112967698","order_sn":"2018032812175150213","price":28}
2018-03-28 12:22:12 {"merchant_id":"1490350062","key":"","authCode":"134934911896500713","order_sn":"2018032812221282963","price":300}
2018-03-28 12:36:50 {"merchant_id":"1493159782","key":"","authCode":"134964176856575798","order_sn":"2018032812365060068","price":3000}
2018-03-28 12:38:33 {"merchant_id":"1493159782","key":"","authCode":"134766611729853383","order_sn":"2018032812383351460","price":3000}
2018-03-28 12:49:28 {"merchant_id":"1499456762","key":"","authCode":"134925006096894925","order_sn":"2018032812492894389","price":18}
2018-03-28 12:49:43 {"merchant_id":"1490350062","key":"","authCode":"135811953103841321","order_sn":"2018032812494210926","price":118}
2018-03-28 13:44:20 {"merchant_id":"1499456762","key":"","authCode":"134679981446367470","order_sn":"2018032813442061467","price":6}
2018-03-28 14:07:40 {"merchant_id":"1490350062","key":"","authCode":"135108411554408159","order_sn":"2018032814074013057","price":400}
2018-03-28 14:52:00 {"merchant_id":"1499456762","key":"","authCode":"134782889340034633","order_sn":"2018032814520095989","price":27}
2018-03-28 15:53:54 {"merchant_id":"1499456762","key":"","authCode":"134660018228668670","order_sn":"2018032815535428172","price":128}
2018-03-28 16:05:45 {"merchant_id":"1499456762","key":"","authCode":"134617606047275039","order_sn":"2018032816054562408","price":28}
2018-03-28 16:12:04 {"merchant_id":"1499456762","key":"","authCode":"134631346930399111","order_sn":"2018032816120416387","price":28}
2018-03-28 16:23:32 {"merchant_id":"1499456762","key":"","authCode":"135222358725985865","order_sn":"2018032816233272366","price":28}
2018-03-28 16:24:49 {"merchant_id":"1499456762","key":"","authCode":"134519755959043736","order_sn":"2018032816244935762","price":20}
2018-03-28 16:30:24 {"merchant_id":"1499456762","key":"","authCode":"134936875234476923","order_sn":"2018032816302426290","price":28}
2018-03-28 16:44:07 {"merchant_id":"1499456762","key":"","authCode":"134698485469604755","order_sn":"2018032816440722369","price":18}
2018-03-28 16:44:35 {"merchant_id":"1499456762","key":"","authCode":"135219493709613512","order_sn":"2018032816443577762","price":6}
2018-03-28 16:50:06 {"merchant_id":"1499456762","key":"","authCode":"135201215219164793","order_sn":"2018032816500626186","price":34.5}
2018-03-28 16:51:16 {"merchant_id":"1499456762","key":"","authCode":"134787194011127799","order_sn":"2018032816511633714","price":9}
2018-03-28 17:23:50 {"merchant_id":"1499456762","key":"","authCode":"134640005986995109","order_sn":"2018032817235097853","price":20}
2018-03-28 17:24:46 {"merchant_id":"1499456762","key":"","authCode":"134896520699497459","order_sn":"2018032817244629885","price":34}
2018-03-28 17:46:23 {"merchant_id":"1499456762","key":"","authCode":"134774755562187821","order_sn":"2018032817462375315","price":30}
2018-03-28 18:11:25 {"merchant_id":"1499456762","key":"","authCode":"134691938268820503","order_sn":"2018032818112595222","price":28}
2018-03-28 18:13:20 {"merchant_id":"1499456762","key":"","authCode":"134582371134273928","order_sn":"2018032818132054863","price":15}
2018-03-28 18:15:02 {"merchant_id":"1499456762","key":"","authCode":"134625270297135476","order_sn":"2018032818150223482","price":18}
2018-03-28 18:54:39 {"merchant_id":"1499456762","key":"","authCode":"134662131492195778","order_sn":"2018032818543984141","price":23}
2018-03-28 18:58:06 {"merchant_id":"1499456762","key":"","authCode":"134714641581198156","order_sn":"2018032818580666314","price":28}
2018-03-28 18:58:29 {"merchant_id":"1499456762","key":"","authCode":"134507140998186418","order_sn":"2018032818582937907","price":4}
2018-03-28 19:02:59 {"merchant_id":"1499456762","key":"","authCode":"134529763242526661","order_sn":"2018032819025941157","price":18}
2018-03-28 19:04:02 {"merchant_id":"1499456762","key":"","authCode":"134685465134891945","order_sn":"2018032819040221919","price":30}
2018-03-28 19:05:20 {"merchant_id":"1499456762","key":"","authCode":"134532713905790880","order_sn":"2018032819052017442","price":38}
2018-03-28 19:20:39 {"merchant_id":"1499456762","key":"","authCode":"134779103558811566","order_sn":"2018032819203986747","price":13}
2018-03-28 19:32:18 {"merchant_id":"1499456762","key":"","authCode":"135564844441782555","order_sn":"2018032819321843695","price":16}
2018-03-28 19:39:07 {"merchant_id":"1499456762","key":"","authCode":"134613709373658837","order_sn":"2018032819390788250","price":34}
2018-03-28 19:45:14 {"merchant_id":"1499456762","key":"","authCode":"134639525833948878","order_sn":"2018032819451469635","price":16}
2018-03-28 19:48:18 {"merchant_id":"1499456762","key":"","authCode":"134630196364728012","order_sn":"2018032819481883080","price":20}
2018-03-28 19:50:13 {"merchant_id":"1499456762","key":"","authCode":"134975191888987943","order_sn":"2018032819501386593","price":20}
2018-03-28 19:58:04 {"merchant_id":"1499456762","key":"","authCode":"134594841811456740","order_sn":"2018032819580442113","price":7}
2018-03-28 20:02:17 {"merchant_id":"1499456762","key":"","authCode":"134858985824815574","order_sn":"2018032820021763979","price":10}
2018-03-28 20:28:25 {"merchant_id":"1499456762","key":"","authCode":"134651145871323068","order_sn":"2018032820282510064","price":8}
2018-03-28 20:38:41 {"merchant_id":"1499456762","key":"","authCode":"134912848820722642","order_sn":"2018032820384169524","price":48}
2018-03-28 20:38:53 {"merchant_id":"1499456762","key":"","authCode":"135097325853541229","order_sn":"2018032820385344947","price":38}
2018-03-28 20:48:22 {"merchant_id":"1490350062","key":"","authCode":"134620564832510106","order_sn":"2018032820482242240","price":200}
2018-03-28 21:07:12 {"merchant_id":"1499456762","key":"","authCode":"134597741306557334","order_sn":"2018032821071240987","price":12}
2018-03-28 21:08:30 {"merchant_id":"1490350062","key":"","authCode":"134888234324091620","order_sn":"2018032821082936251","price":300}
2018-03-28 21:14:15 {"merchant_id":"1490350062","key":"","authCode":"134603877820245298","order_sn":"2018032821141581369","price":200}
2018-03-28 21:36:07 {"merchant_id":"1499456762","key":"","authCode":"134518045713535030","order_sn":"2018032821360750302","price":40}
2018-03-28 21:41:58 {"merchant_id":"2088822285099072","key":"201710BBaa55e11a995b41488709d94fe3bfbX07","authCode":"280398142740629355","order_sn":"2018032821415862913","price":300}
2018-03-28 21:41:58 {"app_id":"2017071207730667","method":"alipay.trade.pay","charset":"utf-8","sign_type":"RSA","app_auth_token":"201710BBaa55e11a995b41488709d94fe3bfbX07","timestamp":"2018-03-28 21:41:58","version":"1.0","biz_content":"{\"out_trade_no\":\"2018032821415862913\",\"scene\":\"bar_code\",\"auth_code\":\"280398142740629355\",\"subject\":\"\\u8ba2\\u5355\\u53f7:2018032821415862913\",\"seller_id\":\"2088822285099072\",\"total_amount\":300,\"extend_params\":{\"sys_service_provider_id\":\"2088721521881652\"}}","sign":"PfxenruXwVGcrAzaWKA3NjJLHrCBYu4eAT4edJq6fH+c6vS9jNRYvOAWYtA6hUsXR0\/n+BuIGp6Lb0KJMNEe\/4PFJImhPhoDFMwLzk\/cJmQLgAF6W+yN0nMGZEOsFTxhsa4pev4B07E\/Nwxr1\/fPCE1yEFl6xAzQFhvgmn8r2HU="}
2018-03-28 21:41:59 {"alipay_trade_pay_response":{"code":"10000","msg":"Success","buyer_logon_id":"182****3972","buyer_pay_amount":"300.00","buyer_user_id":"2088702097082470","fund_bill_list":[{"amount":"300.00","fund_channel":"ALIPAYACCOUNT"}],"gmt_payment":"2018-03-28 21:41:59","invoice_amount":"300.00","out_trade_no":"2018032821415862913","point_amount":"0.00","receipt_amount":"300.00","total_amount":"300.00","trade_no":"2018032821001004470509670050"},"sign":"Uguit2vDCICAEDu8zjdR/AuGlXOwtFZGoKHnr5vVNSTNQ/VoBoZlLLsW7YDdVnfexTvWLUYB+dQOKoJSnIOESD5sSWgSsXzAlYHhvRAUHhn+1R5KjUPCS8vt8NKf9dHWvH2ihQgfV7H3K6394ickk8S2G59wPO85mCsIzE3JPvU="}
2018-03-28 21:47:24 {"merchant_id":"1499456762","key":"","authCode":"134581046320149892","order_sn":"2018032821472459858","price":39}
2018-03-28 21:48:27 {"merchant_id":"1499456762","key":"","authCode":"135020482982339710","order_sn":"2018032821482721881","price":16}
2018-03-28 22:03:05 {"merchant_id":"1493159782","key":"","authCode":"134865276889312567","order_sn":"2018032822030597713","price":1000}
2018-03-28 22:03:57 {"merchant_id":"1493159782","key":"","authCode":"134908990307985572","order_sn":"2018032822035787560","price":1000}
2018-03-28 23:34:14 {"merchant_id":"2088821827997030","key":"201711BBc699bef5cde842dba6fa5c6bdc706A03","authCode":"287006792838214092","order_sn":"2018032823341477740","price":300}
2018-03-28 23:34:14 {"app_id":"2017071207730667","method":"alipay.trade.pay","charset":"utf-8","sign_type":"RSA","app_auth_token":"201711BBc699bef5cde842dba6fa5c6bdc706A03","timestamp":"2018-03-28 23:34:14","version":"1.0","biz_content":"{\"out_trade_no\":\"2018032823341477740\",\"scene\":\"bar_code\",\"auth_code\":\"287006792838214092\",\"subject\":\"\\u8ba2\\u5355\\u53f7:2018032823341477740\",\"seller_id\":\"2088821827997030\",\"total_amount\":300,\"extend_params\":{\"sys_service_provider_id\":\"2088721521881652\"}}","sign":"SQ0euHoR7PE4\/6GFbW783FENLms9oO22QHL09O0FEuiB7Eou6xIv98UHbGWws6GFPg\/ITbRX4celmAMTfvtQPxyRSGGD30RxYk9dLFQscd8tNUYKIApeAgf4KU5zLqv4fDO2jgEjBYUpSFVKUBXSb7VIm0GV8RSlBw3yFld4BdI="}
2018-03-28 23:34:15 {"alipay_trade_pay_response":{"code":"10000","msg":"Success","buyer_logon_id":"188****7180","buyer_pay_amount":"300.00","buyer_user_id":"2088702236068493","fund_bill_list":[{"amount":"300.00","fund_channel":"PCREDIT"}],"gmt_payment":"2018-03-28 23:34:15","invoice_amount":"300.00","out_trade_no":"2018032823341477740","point_amount":"0.00","receipt_amount":"300.00","total_amount":"300.00","trade_no":"2018032821001004490501670850"},"sign":"epRLdIHJSs1yuYBcxEQpiedFkSkW/hUkuHQzt5gL8xeKL3bd+6opZ78Clli/Vq+wTOLIwBpJG0PbvgKY95afn75HBUl81Z1WreiohCAJ3SYvbNaxR4CnETIaHV6HDWdznF1C8/c1Tg/QDkl5RxJ8HFYj6ef/2Rs1HQ4tEztyzao="}
2018-03-28 23:46:20 {"merchant_id":"1490350062","key":"","authCode":"134899189217686845","order_sn":"2018032823462018661","price":300}
