2018-04-07 07:22:40 {"merchant_id":"1490350062","key":"","authCode":"134527231695615466","order_sn":"2018040707224051543","price":260}
2018-04-07 08:55:15 {"merchant_id":"1499456762","key":"","authCode":"135304489045951506","order_sn":"2018040708551563525","price":57}
2018-04-07 08:56:41 {"merchant_id":"1499456762","key":"","authCode":"135277684121922929","order_sn":"2018040708564172178","price":5}
2018-04-07 09:31:09 {"merchant_id":"1499456762","key":"","authCode":"134738203515870597","order_sn":"2018040709310896383","price":69}
2018-04-07 09:51:02 {"merchant_id":"1499456762","key":"","authCode":"135050076715147110","order_sn":"2018040709510229427","price":17}
2018-04-07 09:52:19 {"merchant_id":"1499456762","key":"","authCode":"134544561046360340","order_sn":"2018040709521813101","price":14}
2018-04-07 10:08:46 {"merchant_id":"1499456762","key":"","authCode":"135490960698715256","order_sn":"2018040710084663204","price":31}
2018-04-07 10:25:46 {"merchant_id":"1499456762","key":"","authCode":"134577002407815206","order_sn":"2018040710254697736","price":200}
2018-04-07 10:37:18 {"merchant_id":"1499456762","key":"","authCode":"134732729056731508","order_sn":"2018040710371835862","price":21}
2018-04-07 10:43:26 {"merchant_id":"1499456762","key":"","authCode":"134645942071300158","order_sn":"2018040710432697525","price":8}
2018-04-07 10:47:18 {"merchant_id":"1499456762","key":"","authCode":"134751582854785773","order_sn":"2018040710471818125","price":18}
2018-04-07 10:54:04 {"merchant_id":"2088822285099072","key":"201710BBaa55e11a995b41488709d94fe3bfbX07","authCode":"283498954151880761","order_sn":"2018040710540446675","price":400}
2018-04-07 10:54:04 {"app_id":"2017071207730667","method":"alipay.trade.pay","charset":"utf-8","sign_type":"RSA","app_auth_token":"201710BBaa55e11a995b41488709d94fe3bfbX07","timestamp":"2018-04-07 10:54:04","version":"1.0","biz_content":"{\"out_trade_no\":\"2018040710540446675\",\"scene\":\"bar_code\",\"auth_code\":\"283498954151880761\",\"subject\":\"\\u8ba2\\u5355\\u53f7:2018040710540446675\",\"seller_id\":\"2088822285099072\",\"total_amount\":400,\"extend_params\":{\"sys_service_provider_id\":\"2088721521881652\"}}","sign":"glcquPi2CQ9PA5OOHIIWuYumV7PtiqfIUK5rxv\/c\/rE+qhkm4yUA5miDj08d8\/5BrgDxVe+wqI\/YTzWpsY7TcPzWfG6cIK45LAnJKy7iZA903nhfba+6\/gORvkTcGsQ3SlKG1kgvCn3JDIQFqM7n9OUdP9Fq3PnzKPyBSs+nxKE="}
2018-04-07 10:54:05 {"alipay_trade_pay_response":{"code":"10000","msg":"Success","buyer_logon_id":"125***@qq.com","buyer_pay_amount":"400.00","buyer_user_id":"2088112284683524","fund_bill_list":[{"amount":"400.00","fund_channel":"ALIPAYACCOUNT"}],"gmt_payment":"2018-04-07 10:54:05","invoice_amount":"400.00","out_trade_no":"2018040710540446675","point_amount":"0.00","receipt_amount":"400.00","total_amount":"400.00","trade_no":"2018040721001004520574006682"},"sign":"DU6qsTxlCYUiM386AF8LynlQaExmZQ5rXE9Qi6E2/R30W70ZNNibNj+SIhV0Eq71eEBC/RxWDMfrYaTBvnFAGpycTP77J4j7fQFbFKu8UeX9EYAKfCTrgBt1eDqNP1E1PGmKwTkY7ahG6AvoWgbaPaeqDHEzQmg48XdjhUGv9NI="}
2018-04-07 10:55:12 {"merchant_id":"1493159782","key":"","authCode":"134827221303769001","order_sn":"2018040710551261585","price":799}
2018-04-07 10:57:59 {"merchant_id":"1499456762","key":"","authCode":"134988359926730772","order_sn":"2018040710575985826","price":1}
2018-04-07 10:59:35 {"merchant_id":"1499456762","key":"","authCode":"134789738294029292","order_sn":"2018040710593571992","price":38}
2018-04-07 11:14:11 {"merchant_id":"1499456762","key":"","authCode":"134701932905044903","order_sn":"2018040711141172805","price":26}
2018-04-07 11:17:50 {"merchant_id":"1499456762","key":"","authCode":"134665986238893107","order_sn":"2018040711175069131","price":20}
2018-04-07 11:27:54 {"merchant_id":"1499456762","key":"","authCode":"135515385380013407","order_sn":"2018040711275367973","price":6}
2018-04-07 11:33:20 {"merchant_id":"2088822285099072","key":"201710BBaa55e11a995b41488709d94fe3bfbX07","authCode":"280793838766181183","order_sn":"2018040711332023386","price":464}
2018-04-07 11:33:20 {"app_id":"2017071207730667","method":"alipay.trade.pay","charset":"utf-8","sign_type":"RSA","app_auth_token":"201710BBaa55e11a995b41488709d94fe3bfbX07","timestamp":"2018-04-07 11:33:20","version":"1.0","biz_content":"{\"out_trade_no\":\"2018040711332023386\",\"scene\":\"bar_code\",\"auth_code\":\"280793838766181183\",\"subject\":\"\\u8ba2\\u5355\\u53f7:2018040711332023386\",\"seller_id\":\"2088822285099072\",\"total_amount\":464,\"extend_params\":{\"sys_service_provider_id\":\"2088721521881652\"}}","sign":"G2vOB1FXLm1Rwo+eXN4MTHSTfs0GW9S45pBOqsJoN\/i6xm+ojVHgySehgrGy2shaa4NbNjJJSceCIz7CCSoqDY\/7czSwt44vyEe0HoFbRWMOjC5ACuPfgnu4uPuSSRhdcnRbw+3vrzgnYQcbpj9TmcBcBNVScjZd3D39eSn4wHc="}
2018-04-07 11:33:21 {"alipay_trade_pay_response":{"code":"10000","msg":"Success","buyer_logon_id":"137****6657","buyer_pay_amount":"464.00","buyer_user_id":"2088202902917341","fund_bill_list":[{"amount":"464.00","fund_channel":"PCREDIT"}],"gmt_payment":"2018-04-07 11:33:21","invoice_amount":"464.00","out_trade_no":"2018040711332023386","point_amount":"0.00","receipt_amount":"464.00","total_amount":"464.00","trade_no":"2018040721001004340530816196"},"sign":"ATGuUMf3ANcoLtMUB0yJDzr9ek3NDv8mJJU9ZXSh1z6+szTLlswEfpRQlZTvvgNIxTRy1ZORX4r2Yi1f1wdF7upnlIpIOypIS74djsUcc69KbMfP8uv1rPIC72nr+jjvvYoD4QEh77CY6B0mg6bUwOCeW+YxBfhUn04lfxLCr00="}
2018-04-07 11:53:26 {"merchant_id":"1499456762","key":"","authCode":"134781043321096396","order_sn":"2018040711532690916","price":13}
2018-04-07 11:54:42 {"merchant_id":"1487791482","key":"","authCode":"135010503462491086","order_sn":"2018040711544244987","price":84}
2018-04-07 12:16:30 {"merchant_id":"1499456762","key":"","authCode":"134674244395865192","order_sn":"2018040712163075400","price":35}
2018-04-07 12:32:23 {"merchant_id":"1499456762","key":"","authCode":"134725756852807576","order_sn":"2018040712322373055","price":32}
2018-04-07 12:35:37 {"merchant_id":"1499456762","key":"","authCode":"135148920346800846","order_sn":"2018040712353717707","price":29}
2018-04-07 12:42:46 {"merchant_id":"1499456762","key":"","authCode":"134592249066214968","order_sn":"2018040712424616575","price":36}
2018-04-07 12:43:14 {"merchant_id":"1499456762","key":"","authCode":"134542170909683208","order_sn":"2018040712431455642","price":14}
2018-04-07 12:55:21 {"merchant_id":"1499456762","key":"","authCode":"134757201673668343","order_sn":"2018040712552141232","price":30}
2018-04-07 12:59:01 {"merchant_id":"1499456762","key":"","authCode":"135537972052338818","order_sn":"2018040712590170666","price":58}
2018-04-07 12:59:27 {"merchant_id":"1499456762","key":"","authCode":"134619357757996195","order_sn":"2018040712592734801","price":8}
2018-04-07 13:00:41 {"merchant_id":"1499456762","key":"","authCode":"134658025052402125","order_sn":"2018040713004171668","price":23}
2018-04-07 13:14:00 {"merchant_id":"1499456762","key":"","authCode":"134582615204613910","order_sn":"2018040713140077588","price":13}
2018-04-07 13:19:42 {"merchant_id":"1499456762","key":"","authCode":"134659597949258932","order_sn":"2018040713194277903","price":148}
2018-04-07 13:40:32 {"merchant_id":"1499456762","key":"","authCode":"134514666469436872","order_sn":"2018040713403236380","price":128}
2018-04-07 13:56:15 {"merchant_id":"1499456762","key":"","authCode":"134547473497496940","order_sn":"2018040713561567836","price":38}
2018-04-07 13:57:59 {"merchant_id":"1499456762","key":"","authCode":"134540817714820689","order_sn":"2018040713575987746","price":76}
2018-04-07 14:22:07 {"merchant_id":"1499456762","key":"","authCode":"135915155765448254","order_sn":"2018040714220764222","price":15}
2018-04-07 14:31:46 {"merchant_id":"1499456762","key":"","authCode":"134507291118774987","order_sn":"2018040714314652795","price":15}
2018-04-07 14:46:26 {"merchant_id":"1499456762","key":"","authCode":"134509792534599734","order_sn":"2018040714462611715","price":21}
2018-04-07 15:01:50 {"merchant_id":"1499456762","key":"","authCode":"134525362320236753","order_sn":"2018040715014994567","price":268}
2018-04-07 15:26:15 {"merchant_id":"1499456762","key":"","authCode":"135116183602536837","order_sn":"2018040715261577074","price":22}
2018-04-07 15:29:59 {"merchant_id":"1499456762","key":"","authCode":"134699140010025200","order_sn":"2018040715295935537","price":14}
2018-04-07 15:34:18 {"merchant_id":"1499456762","key":"","authCode":"134511147828154241","order_sn":"2018040715341812341","price":11.5}
2018-04-07 15:41:41 {"merchant_id":"1499456762","key":"","authCode":"134765951068979349","order_sn":"2018040715414171204","price":28}
2018-04-07 15:43:08 {"merchant_id":"1490350062","key":"","authCode":"136435891359184827","order_sn":"2018040715430835978","price":100}
2018-04-07 15:45:20 {"merchant_id":"1499456762","key":"","authCode":"134623905161639112","order_sn":"2018040715452043494","price":29}
2018-04-07 15:57:52 {"merchant_id":"1499456762","key":"","authCode":"134920511843192229","order_sn":"2018040715575283748","price":43.5}
2018-04-07 16:02:47 {"merchant_id":"1499456762","key":"","authCode":"134569278185551261","order_sn":"2018040716024784889","price":18}
2018-04-07 16:12:57 {"merchant_id":"1499456762","key":"","authCode":"134675380829182951","order_sn":"2018040716125775118","price":29}
2018-04-07 16:13:36 {"merchant_id":"1499456762","key":"","authCode":"134599190906019281","order_sn":"2018040716133557723","price":20}
2018-04-07 16:15:53 {"merchant_id":"1499456762","key":"","authCode":"134555409875144421","order_sn":"2018040716155322728","price":16}
2018-04-07 16:25:04 {"merchant_id":"1499456762","key":"","authCode":"134565860435300999","order_sn":"2018040716250456030","price":36}
2018-04-07 16:25:33 {"merchant_id":"1499456762","key":"","authCode":"135057236939276919","order_sn":"2018040716253363494","price":28}
2018-04-07 16:36:01 {"merchant_id":"1499456762","key":"","authCode":"134750366090158982","order_sn":"2018040716360174117","price":37}
2018-04-07 16:36:31 {"merchant_id":"1499456762","key":"","authCode":"134935027948867208","order_sn":"2018040716363121694","price":15}
2018-04-07 16:37:32 {"merchant_id":"1499456762","key":"","authCode":"134837368106739196","order_sn":"2018040716373129757","price":140}
2018-04-07 16:41:21 {"merchant_id":"1499456762","key":"","authCode":"134699548248187927","order_sn":"2018040716412192831","price":25}
2018-04-07 16:43:27 {"merchant_id":"1499456762","key":"","authCode":"134505963994653903","order_sn":"2018040716432718047","price":33}
2018-04-07 16:52:34 {"merchant_id":"1499456762","key":"","authCode":"134590204561077952","order_sn":"2018040716523425316","price":6}
2018-04-07 16:53:15 {"merchant_id":"1499456762","key":"","authCode":"135023182735174114","order_sn":"2018040716531437500","price":42}
2018-04-07 16:57:11 {"merchant_id":"1499456762","key":"","authCode":"134792517923802646","order_sn":"2018040716571170949","price":6}
2018-04-07 16:57:33 {"merchant_id":"1499456762","key":"","authCode":"135066168039515103","order_sn":"2018040716573319255","price":28}
2018-04-07 16:58:18 {"merchant_id":"1499456762","key":"","authCode":"134903005336301799","order_sn":"2018040716581810605","price":37}
2018-04-07 17:01:20 {"merchant_id":"1499456762","key":"","authCode":"134847161220543067","order_sn":"2018040717012087035","price":34}
2018-04-07 17:10:35 {"merchant_id":"2088822285099072","key":"201710BBaa55e11a995b41488709d94fe3bfbX07","authCode":"289601753972767732","order_sn":"2018040717103512247","price":100}
2018-04-07 17:10:35 {"app_id":"2017071207730667","method":"alipay.trade.pay","charset":"utf-8","sign_type":"RSA","app_auth_token":"201710BBaa55e11a995b41488709d94fe3bfbX07","timestamp":"2018-04-07 17:10:35","version":"1.0","biz_content":"{\"out_trade_no\":\"2018040717103512247\",\"scene\":\"bar_code\",\"auth_code\":\"289601753972767732\",\"subject\":\"\\u8ba2\\u5355\\u53f7:2018040717103512247\",\"seller_id\":\"2088822285099072\",\"total_amount\":100,\"extend_params\":{\"sys_service_provider_id\":\"2088721521881652\"}}","sign":"kzHYdTsRua4LXJDYFNyKF9AK9JcikpTZ4612x8atgJciy9ITKwzr+iMgS2SB8NTRJjwvBLBFoUm1OS\/RlS7YmS476W1+z09OD6N2EprEMvCanQdXUQtLfQ2XdtiAf1J28hWBzA2YJF\/V9YiYmV31dvozGvzeYsHGxGZ3Czx7Yw8="}
2018-04-07 17:10:36 {"alipay_trade_pay_response":{"code":"10000","msg":"Success","buyer_logon_id":"153****3882","buyer_pay_amount":"100.00","buyer_user_id":"2088502984869832","fund_bill_list":[{"amount":"100.00","fund_channel":"PCREDIT"}],"gmt_payment":"2018-04-07 17:10:36","invoice_amount":"100.00","out_trade_no":"2018040717103512247","point_amount":"0.00","receipt_amount":"100.00","total_amount":"100.00","trade_no":"2018040721001004830596998569"},"sign":"AHeIniJKI/v6NaHy+VyXN0oglzqDhZ/FLFD2aEYOKvG3QVfjYPm4OaPx3V48b6P9lv+kvemylmaomLAtT0NWMjUzGPFX0UYvmC7BfiLKJWQMdP3M0OdDNWDBN2xfFEJAFzYye7vKqBgP436+y9/DXjKc4YlkwZb7Vrs7lvofpZA="}
2018-04-07 17:12:48 {"merchant_id":"1499456762","key":"","authCode":"134528308185721152","order_sn":"2018040717124860892","price":37.5}
2018-04-07 17:13:39 {"merchant_id":"1499456762","key":"","authCode":"134739332238841420","order_sn":"2018040717133914322","price":12}
2018-04-07 17:15:28 {"merchant_id":"1499456762","key":"","authCode":"134686635567529527","order_sn":"2018040717152896467","price":7.5}
2018-04-07 17:28:40 {"merchant_id":"1499456762","key":"","authCode":"134521142195330304","order_sn":"2018040717284078422","price":8}
2018-04-07 17:32:24 {"merchant_id":"1499456762","key":"","authCode":"134608320791979014","order_sn":"2018040717322479975","price":20}
2018-04-07 17:36:33 {"merchant_id":"1499456762","key":"","authCode":"134533829165331215","order_sn":"2018040717363324325","price":48}
2018-04-07 17:38:44 {"merchant_id":"1499456762","key":"","authCode":"135037316491001527","order_sn":"2018040717384422151","price":300}
2018-04-07 17:50:48 {"merchant_id":"1499456762","key":"","authCode":"134753439472769395","order_sn":"2018040717504842142","price":500}
2018-04-07 17:53:10 {"merchant_id":"1499456762","key":"","authCode":"134872151359882351","order_sn":"2018040717531023370","price":8}
2018-04-07 17:56:34 {"merchant_id":"1499456762","key":"","authCode":"135015916555397350","order_sn":"2018040717563449087","price":48}
2018-04-07 18:02:19 {"merchant_id":"1499456762","key":"","authCode":"135600918009114918","order_sn":"2018040718021961559","price":76}
2018-04-07 18:03:00 {"merchant_id":"1499456762","key":"","authCode":"135377405775747525","order_sn":"2018040718030030444","price":76}
2018-04-07 18:15:14 {"merchant_id":"1499456762","key":"","authCode":"134764211696278634","order_sn":"2018040718151483956","price":20}
2018-04-07 18:17:00 {"merchant_id":"1499456762","key":"","authCode":"135276089178096495","order_sn":"2018040718165923157","price":21}
2018-04-07 18:26:29 {"merchant_id":"1499456762","key":"","authCode":"134757342209360325","order_sn":"2018040718262914909","price":24}
2018-04-07 18:26:50 {"merchant_id":"1499456762","key":"","authCode":"134782197432612047","order_sn":"2018040718265096250","price":39}
2018-04-07 18:35:10 {"merchant_id":"1499456762","key":"","authCode":"134768690695194663","order_sn":"2018040718351076426","price":86}
2018-04-07 18:41:36 {"merchant_id":"1499456762","key":"","authCode":"134741129893116141","order_sn":"2018040718413618614","price":8}
2018-04-07 18:51:57 {"merchant_id":"1499456762","key":"","authCode":"134990691109253328","order_sn":"2018040718515798649","price":16}
2018-04-07 18:57:58 {"merchant_id":"1490350062","key":"","authCode":"135853457410911941","order_sn":"2018040718575825998","price":100}
2018-04-07 19:06:53 {"merchant_id":"1499456762","key":"","authCode":"134653441247103049","order_sn":"2018040719065394209","price":12}
2018-04-07 19:09:24 {"merchant_id":"1499456762","key":"","authCode":"134505995846965489","order_sn":"2018040719092414950","price":13}
2018-04-07 19:17:53 {"merchant_id":"1499456762","key":"","authCode":"135206010534100368","order_sn":"2018040719175312234","price":39}
2018-04-07 19:24:37 {"merchant_id":"1499456762","key":"","authCode":"134748815947840073","order_sn":"2018040719243740068","price":15}
2018-04-07 19:26:00 {"merchant_id":"1499456762","key":"","authCode":"135215247637618030","order_sn":"2018040719260050627","price":22.5}
2018-04-07 19:28:43 {"merchant_id":"1499456762","key":"","authCode":"134766028269645751","order_sn":"2018040719284390904","price":32}
2018-04-07 19:30:42 {"merchant_id":"1499456762","key":"","authCode":"134630062016214668","order_sn":"2018040719304250843","price":43}
2018-04-07 19:40:33 {"merchant_id":"1499456762","key":"","authCode":"134518806821683809","order_sn":"2018040719403397342","price":33}
2018-04-07 20:29:44 {"merchant_id":"1499456762","key":"","authCode":"134553841957754387","order_sn":"2018040720294429204","price":11}
2018-04-07 20:34:45 {"merchant_id":"1499456762","key":"","authCode":"134919395090437303","order_sn":"2018040720344540916","price":15}
2018-04-07 20:37:29 {"merchant_id":"1490350062","key":"","authCode":"134629573051104640","order_sn":"2018040720372945241","price":300}
2018-04-07 20:38:05 {"merchant_id":"1490350062","key":"","authCode":"134749725530676876","order_sn":"2018040720380530093","price":300}
2018-04-07 20:39:15 {"merchant_id":"1490350062","key":"","authCode":"134827014483202983","order_sn":"2018040720391597657","price":300}
2018-04-07 20:54:07 {"merchant_id":"1490350062","key":"","authCode":"134721053163541247","order_sn":"2018040720540738175","price":300}
2018-04-07 20:58:31 {"merchant_id":"1499456762","key":"","authCode":"134668693924540043","order_sn":"2018040720583136955","price":13}
2018-04-07 20:58:53 {"merchant_id":"1499456762","key":"","authCode":"134739385605204764","order_sn":"2018040720585367577","price":4}
2018-04-07 21:05:12 {"merchant_id":"1499456762","key":"","authCode":"134625496225680928","order_sn":"2018040721051273985","price":23}
2018-04-07 21:25:31 {"merchant_id":"1499456762","key":"","authCode":"134616774965541990","order_sn":"2018040721253175551","price":22.5}
2018-04-07 21:30:48 {"merchant_id":"1499456762","key":"","authCode":"134781968218887885","order_sn":"2018040721304868990","price":44}
2018-04-07 21:47:29 {"merchant_id":"1499456762","key":"","authCode":"134734441022994234","order_sn":"2018040721472910859","price":30.5}
2018-04-07 21:56:31 {"merchant_id":"1490350062","key":"","authCode":"134572638077835643","order_sn":"2018040721563155735","price":100}
2018-04-07 21:59:25 {"merchant_id":"2088821827997030","key":"201711BBc699bef5cde842dba6fa5c6bdc706A03","authCode":"281733298343225784","order_sn":"2018040721592533866","price":400}
2018-04-07 21:59:25 {"app_id":"2017071207730667","method":"alipay.trade.pay","charset":"utf-8","sign_type":"RSA","app_auth_token":"201711BBc699bef5cde842dba6fa5c6bdc706A03","timestamp":"2018-04-07 21:59:25","version":"1.0","biz_content":"{\"out_trade_no\":\"2018040721592533866\",\"scene\":\"bar_code\",\"auth_code\":\"281733298343225784\",\"subject\":\"\\u8ba2\\u5355\\u53f7:2018040721592533866\",\"seller_id\":\"2088821827997030\",\"total_amount\":400,\"extend_params\":{\"sys_service_provider_id\":\"2088721521881652\"}}","sign":"qhY\/sKlRT4JK55Ez7FQSZE\/+Dku9GsJukzoj94A8Jm9qUlM6RzsD9N+3UCdY3hnks40FyfCMypR1\/SaJCL5bf2tui+NKZHu3W2urrSjJgrZML2lQR87TyZ5YNoeusC7a5YF5n7XvS8EzRQJy2gUFZBPKKVJp\/evMd3E10EdaLwo="}
2018-04-07 21:59:27 {"alipay_trade_pay_response":{"code":"10000","msg":"Success","buyer_logon_id":"183****5191","buyer_pay_amount":"400.00","buyer_user_id":"2088122996463352","fund_bill_list":[{"amount":"400.00","fund_channel":"ALIPAYACCOUNT"}],"gmt_payment":"2018-04-07 21:59:27","invoice_amount":"400.00","out_trade_no":"2018040721592533866","point_amount":"0.00","receipt_amount":"400.00","total_amount":"400.00","trade_no":"2018040721001004350537713453"},"sign":"n6965XjRsNaiFvi8/MfT0iuZNP5Pgwmg/XMsctCfhEYRDTJKg6THAAR4gkcCedsYDSbC8qGa3U9l5BpBUYhC4p8BXK59ki59lz4jKHKEhaqKItRX6rvAMiFZkJw52VZUisOyYAJVvDd0sI4KzF8H/0HUAQsJFQhnOVzSF/EMoaM="}
