2018-06-19 01:22:11 {"merchant_id":"1490350062","key":"","authCode":"134938480713151762","order_sn":"2018061901221097345","price":200}

2018-06-19 01:29:09 {"merchant_id":"1493159782","key":"","authCode":"134987130476418347","order_sn":"2018061901290997934","price":300}

2018-06-19 03:08:00 {"merchant_id":"1493159782","key":"","authCode":"134576216565846232","order_sn":"2018061903080011068","price":500}

2018-06-19 07:51:45 {"merchant_id":"1499456762","key":"","authCode":"135014777726875939","order_sn":"2018061907514514067","price":6}

2018-06-19 08:18:51 {"merchant_id":"1499456762","key":"","authCode":"134704117742190429","order_sn":"2018061908185116156","price":6}

2018-06-19 08:30:34 {"merchant_id":"1499456762","key":"","authCode":"134790616874869785","order_sn":"2018061908303475296","price":20.5}

2018-06-19 09:29:32 {"merchant_id":"1499456762","key":"","authCode":"134725690650852377","order_sn":"2018061909293263761","price":14}

2018-06-19 09:33:06 {"merchant_id":"1499456762","key":"","authCode":"134510809622366862","order_sn":"2018061909330681155","price":14}

2018-06-19 09:44:21 {"merchant_id":"1499456762","key":"","authCode":"134777224602964978","order_sn":"2018061909442138069","price":8}

2018-06-19 09:54:29 {"merchant_id":"1499456762","key":"","authCode":"134676622988643390","order_sn":"2018061909542985681","price":9}

2018-06-19 10:02:53 {"merchant_id":"1499456762","key":"","authCode":"135122837880243916","order_sn":"2018061910025370561","price":28}

2018-06-19 10:21:14 {"merchant_id":"1499456762","key":"","authCode":"134612356229719204","order_sn":"2018061910211478346","price":15}

2018-06-19 10:35:20 {"merchant_id":"1499456762","key":"","authCode":"135001404824200836","order_sn":"2018061910352078910","price":198}

2018-06-19 10:38:57 {"merchant_id":"1499456762","key":"","authCode":"134838535010842853","order_sn":"2018061910385779385","price":157.5}

2018-06-19 10:42:28 {"merchant_id":"1499456762","key":"","authCode":"134621062754902241","order_sn":"2018061910422832974","price":128}

2018-06-19 10:43:23 {"merchant_id":"1499456762","key":"","authCode":"134656976872507438","order_sn":"2018061910432342516","price":20}

2018-06-19 10:56:30 {"merchant_id":"1499456762","key":"","authCode":"134575553614492365","order_sn":"2018061910563026961","price":268}

2018-06-19 11:06:45 {"merchant_id":"1499456762","key":"","authCode":"134663768282467967","order_sn":"2018061911064566150","price":17}

2018-06-19 11:13:15 {"merchant_id":"1499456762","key":"","authCode":"134904205444695380","order_sn":"2018061911131539791","price":20}

2018-06-19 11:23:07 {"merchant_id":"1499456762","key":"","authCode":"134558456416206315","order_sn":"2018061911230755494","price":41}

2018-06-19 11:51:10 {"merchant_id":"1499456762","key":"","authCode":"134539669893963159","order_sn":"2018061911511087853","price":128}

2018-06-19 11:52:05 {"merchant_id":"1499456762","key":"","authCode":"134917682669978899","order_sn":"2018061911520549169","price":12}

2018-06-19 11:54:15 {"merchant_id":"1499456762","key":"","authCode":"134749722630929132","order_sn":"2018061911541548478","price":8}

2018-06-19 12:47:18 {"merchant_id":"1499456762","key":"","authCode":"134513009445961417","order_sn":"2018061912471887950","price":20}

2018-06-19 12:54:02 {"merchant_id":"1499456762","key":"","authCode":"134872758917677906","order_sn":"2018061912540268322","price":9}

2018-06-19 12:59:43 {"merchant_id":"1499456762","key":"","authCode":"134875670440451077","order_sn":"2018061912594318913","price":40}

2018-06-19 13:09:07 {"merchant_id":"1499456762","key":"","authCode":"134756399534891902","order_sn":"2018061913090757920","price":8.5}

2018-06-19 13:26:24 {"merchant_id":"1499456762","key":"","authCode":"134687032050593315","order_sn":"2018061913262481634","price":8}

2018-06-19 13:30:57 {"merchant_id":"1499456762","key":"","authCode":"135591292926387851","order_sn":"2018061913305772921","price":35}

2018-06-19 13:40:57 {"merchant_id":"1499456762","key":"","authCode":"134585962913447109","order_sn":"2018061913405770171","price":13}

2018-06-19 13:41:41 {"merchant_id":"1499456762","key":"","authCode":"134571672475681223","order_sn":"2018061913414118804","price":10}

2018-06-19 13:58:45 {"merchant_id":"1499456762","key":"","authCode":"135587480579242300","order_sn":"2018061913584583475","price":20}

2018-06-19 14:01:23 {"merchant_id":"1499456762","key":"","authCode":"135374210748948879","order_sn":"2018061914012351290","price":10}

2018-06-19 14:10:06 {"merchant_id":"2088822285099072","key":"201710BBaa55e11a995b41488709d94fe3bfbX07","authCode":"289346849627051313","order_sn":"2018061914100695959","price":700}

2018-06-19 14:10:06 {"app_id":"2017071207730667","method":"alipay.trade.pay","charset":"utf-8","sign_type":"RSA","app_auth_token":"201710BBaa55e11a995b41488709d94fe3bfbX07","timestamp":"2018-06-19 14:10:06","version":"1.0","biz_content":"{\"out_trade_no\":\"2018061914100695959\",\"scene\":\"bar_code\",\"auth_code\":\"289346849627051313\",\"subject\":\"\\u8ba2\\u5355\\u53f7:2018061914100695959\",\"seller_id\":\"2088822285099072\",\"total_amount\":700,\"extend_params\":{\"sys_service_provider_id\":\"2088721521881652\"}}","sign":"k4mIPmDzWVuim63g1TQw07GWcxojdntS61mu+WLoI0sgXrc97YcRWtDf5Az92KDbhJHoY\/GEt7DBQV\/vYFKIyvHtvLuMsfZ9IpDttUAezxol9EgnCMkkpfQJ1YRAndxHCruZKe7cc3Xm1j3ctnTdwxQA5N16io8OUpOKWFOvDlY="}

2018-06-19 14:10:07 {"alipay_trade_pay_response":{"code":"10000","msg":"Success","buyer_logon_id":"591***@qq.com","buyer_pay_amount":"700.00","buyer_user_id":"2088712728920415","fund_bill_list":[{"amount":"700.00","fund_channel":"PCREDIT"}],"gmt_payment":"2018-06-19 14:10:07","invoice_amount":"700.00","out_trade_no":"2018061914100695959","point_amount":"0.00","receipt_amount":"700.00","total_amount":"700.00","trade_no":"2018061921001004410530740492"},"sign":"QvM8mm72P/Guejp0aG41E4DYi0LhoPAWM5WNe/xV1x/V3NE7zyLgtS90XVnPJDmGLYX48xtL2oVAQFbgxeYcMHBs1RNY+D2jhrCacJ5HHLibTnIUglqsqjVNDfaQHLY1nxf6jlUgZ9p3mQW5IfPhSBxGVXUik7BxPf2WbYHwBsY="}

2018-06-19 14:46:14 {"merchant_id":"1499456762","key":"","authCode":"134551171349739429","order_sn":"2018061914461474878","price":43.5}

2018-06-19 14:50:36 {"merchant_id":"1499456762","key":"","authCode":"134545029670628147","order_sn":"2018061914503630230","price":200}

2018-06-19 14:58:04 {"merchant_id":"1499456762","key":"","authCode":"134614020528488909","order_sn":"2018061914580430236","price":28}

2018-06-19 15:19:14 {"merchant_id":"2088822285099072","key":"201710BBaa55e11a995b41488709d94fe3bfbX07","authCode":"284942614142323839","order_sn":"2018061915191483537","price":1200}

2018-06-19 15:19:14 {"app_id":"2017071207730667","method":"alipay.trade.pay","charset":"utf-8","sign_type":"RSA","app_auth_token":"201710BBaa55e11a995b41488709d94fe3bfbX07","timestamp":"2018-06-19 15:19:14","version":"1.0","biz_content":"{\"out_trade_no\":\"2018061915191483537\",\"scene\":\"bar_code\",\"auth_code\":\"284942614142323839\",\"subject\":\"\\u8ba2\\u5355\\u53f7:2018061915191483537\",\"seller_id\":\"2088822285099072\",\"total_amount\":1200,\"extend_params\":{\"sys_service_provider_id\":\"2088721521881652\"}}","sign":"qPc6Wa97DDIrH8oy74bFI0lJonUtPtqUU1dkZF2LjvHLInhz4pHAfR6\/Ua9YywXllIMPCRE0ioVbyaeSVy7WqDS9l7HoM8teBFcKQO1ECZu49N0DdiOzBIpv6mC+fRPqjV6rZxTxZcoqkGwQ+fTNMJGWVok06XFP0lnwkO7CfJc="}

2018-06-19 15:19:14 {"alipay_trade_pay_response":{"code":"10003","msg":" order success pay inprocess","buyer_logon_id":"139****6896","buyer_pay_amount":"0.00","buyer_user_id":"2088522163713327","invoice_amount":"0.00","out_trade_no":"2018061915191483537","point_amount":"0.00","receipt_amount":"0.00","total_amount":"1200.00","trade_no":"2018061921001004320510147188"},"sign":"DxZ3AtsXjr26l09JUni9FNh00jLqqK83j8QW2j+AU21T6uIskrJJFXsj5cvHm6gFdtYhtuEKdDwjs7bumNWWArQCQwUN8rGo8g0Un+Cry8+2+ZGaOIb6n9qjl5/lOilGg21zkQB4GPIRi0V6f+OGOj4VAM+8PTjV8LcpqQQG4yQ="}

2018-06-19 15:19:14 {"alipay_trade_query_response":{"code":"10000","msg":"Success","buyer_logon_id":"139****6896","buyer_pay_amount":"0.00","buyer_user_id":"2088522163713327","invoice_amount":"0.00","out_trade_no":"2018061915191483537","point_amount":"0.00","receipt_amount":"0.00","total_amount":"1200.00","trade_no":"2018061921001004320510147188","trade_status":"WAIT_BUYER_PAY"},"sign":"QMWCnnpy8S2Cp9JcGgGTcDrRlmu328tfrFap/XashrjEP3de3o93E+iNs2qUgVp4IGoFosLQOEq922yZN0LTGTs4n03QUUN78Tv5tcCVd1a6QyQTohmEgFg/1bS/SXg/PoR0dqQJL4140GPKTDptOGXO3LYF1kXoreO7d+Wzwsg="}

2018-06-19 15:19:18 {"alipay_trade_query_response":{"code":"10000","msg":"Success","buyer_logon_id":"139****6896","buyer_pay_amount":"0.00","buyer_user_id":"2088522163713327","invoice_amount":"0.00","out_trade_no":"2018061915191483537","point_amount":"0.00","receipt_amount":"0.00","total_amount":"1200.00","trade_no":"2018061921001004320510147188","trade_status":"WAIT_BUYER_PAY"},"sign":"QMWCnnpy8S2Cp9JcGgGTcDrRlmu328tfrFap/XashrjEP3de3o93E+iNs2qUgVp4IGoFosLQOEq922yZN0LTGTs4n03QUUN78Tv5tcCVd1a6QyQTohmEgFg/1bS/SXg/PoR0dqQJL4140GPKTDptOGXO3LYF1kXoreO7d+Wzwsg="}

2018-06-19 15:19:23 {"alipay_trade_query_response":{"code":"10000","msg":"Success","buyer_logon_id":"139****6896","buyer_pay_amount":"0.00","buyer_user_id":"2088522163713327","invoice_amount":"0.00","out_trade_no":"2018061915191483537","point_amount":"0.00","receipt_amount":"0.00","total_amount":"1200.00","trade_no":"2018061921001004320510147188","trade_status":"WAIT_BUYER_PAY"},"sign":"QMWCnnpy8S2Cp9JcGgGTcDrRlmu328tfrFap/XashrjEP3de3o93E+iNs2qUgVp4IGoFosLQOEq922yZN0LTGTs4n03QUUN78Tv5tcCVd1a6QyQTohmEgFg/1bS/SXg/PoR0dqQJL4140GPKTDptOGXO3LYF1kXoreO7d+Wzwsg="}

2018-06-19 15:19:27 {"alipay_trade_query_response":{"code":"10000","msg":"Success","buyer_logon_id":"139****6896","buyer_pay_amount":"1200.00","buyer_user_id":"2088522163713327","fund_bill_list":[{"amount":"1200.00","fund_channel":"ALIPAYACCOUNT"}],"invoice_amount":"1200.00","out_trade_no":"2018061915191483537","point_amount":"0.00","receipt_amount":"1200.00","send_pay_date":"2018-06-19 15:19:24","total_amount":"1200.00","trade_no":"2018061921001004320510147188","trade_status":"TRADE_SUCCESS"},"sign":"quvfggJrApDAB6A1M12H3in0R9k5gdRGx5b5DBWPm7CpA3j2t/dkK+X95E8tXuqf054COq8IoRZDATE9Iv/nBqfpaH/XeqSImRE0Ih2iQsB0iCSWfYMz+XzvnbKlYFzqkr5lbBN2Dc9tYpgRtqago+nVa7rRvQIWT6jbCDQWgRM="}

2018-06-19 15:22:02 {"merchant_id":"1490350062","key":"","authCode":"134698550926260245","order_sn":"2018061915220234181","price":200}

2018-06-19 15:28:16 {"merchant_id":"1499456762","key":"","authCode":"134686844413111333","order_sn":"2018061915281668636","price":52}

2018-06-19 15:29:21 {"merchant_id":"1499456762","key":"","authCode":"135897179333917054","order_sn":"2018061915292110729","price":46}

2018-06-19 15:33:57 {"merchant_id":"1493159782","key":"","authCode":"135581106750772469","order_sn":"2018061915335760493","price":500}

2018-06-19 15:42:11 {"merchant_id":"1499456762","key":"","authCode":"134668852883557490","order_sn":"2018061915421196537","price":92}

2018-06-19 15:46:17 {"merchant_id":"1499456762","key":"","authCode":"134728873493313192","order_sn":"2018061915461775711","price":198}

2018-06-19 15:52:30 {"merchant_id":"1499456762","key":"","authCode":"134663456130051502","order_sn":"2018061915523036921","price":15}

2018-06-19 15:55:17 {"merchant_id":"2088822285099072","key":"201710BBaa55e11a995b41488709d94fe3bfbX07","authCode":"281556215225254467","order_sn":"2018061915551773477","price":100}

2018-06-19 15:55:17 {"app_id":"2017071207730667","method":"alipay.trade.pay","charset":"utf-8","sign_type":"RSA","app_auth_token":"201710BBaa55e11a995b41488709d94fe3bfbX07","timestamp":"2018-06-19 15:55:17","version":"1.0","biz_content":"{\"out_trade_no\":\"2018061915551773477\",\"scene\":\"bar_code\",\"auth_code\":\"281556215225254467\",\"subject\":\"\\u8ba2\\u5355\\u53f7:2018061915551773477\",\"seller_id\":\"2088822285099072\",\"total_amount\":100,\"extend_params\":{\"sys_service_provider_id\":\"2088721521881652\"}}","sign":"Z\/GA\/c58pU0\/WOwh0oG3dCWprbwiPnbdxgq6TBlkzPDOnP6HI8EWK0mADTeB9vlPPIZXwikKKhTZ+WQtY+RGgatls0nOwZ6jyNcqDXcoCKBfide8IgGDvkT5sXppI1jhez8DTrE5JVdw\/YtY3\/mGEU5VzFcLoUIOeOoGQAkdUX4="}

2018-06-19 15:55:17 {"alipay_trade_pay_response":{"code":"10000","msg":"Success","buyer_logon_id":"133****6826","buyer_pay_amount":"100.00","buyer_user_id":"2088622652627822","fund_bill_list":[{"amount":"100.00","fund_channel":"ALIPAYACCOUNT"}],"gmt_payment":"2018-06-19 15:55:17","invoice_amount":"100.00","out_trade_no":"2018061915551773477","point_amount":"0.00","receipt_amount":"100.00","total_amount":"100.00","trade_no":"2018061921001004820518027277"},"sign":"o1Lya3uY1NXC/qzhuRo/FPCdlGhihluEZczndZ9n2WI4UIvd1Fi8nEYD8jHkUA1Ui7e4HHbi41P6SP1y+kiq0Boeyo0FRQkFROM173H9WvRa504mEueh7PI8jglaJCGEJa8bL2muBl8pR3zU7FaLiU2+ArVWPb1RLulPZyj8AAE="}

2018-06-19 15:56:32 {"merchant_id":"1499456762","key":"","authCode":"134766676083899620","order_sn":"2018061915563227492","price":12}

2018-06-19 16:03:57 {"merchant_id":"1499456762","key":"","authCode":"134672758794200917","order_sn":"2018061916035751512","price":47}

2018-06-19 16:17:41 {"merchant_id":"1499456762","key":"","authCode":"134713056253556969","order_sn":"2018061916174111974","price":128}

2018-06-19 16:45:09 {"merchant_id":"1499456762","key":"","authCode":"134971053389732369","order_sn":"2018061916450984166","price":4}

2018-06-19 16:54:04 {"merchant_id":"1499456762","key":"","authCode":"136899897325457229","order_sn":"2018061916540463147","price":14}

2018-06-19 17:00:06 {"merchant_id":"1499456762","key":"","authCode":"135121297424026850","order_sn":"2018061917000675023","price":7}

2018-06-19 17:02:10 {"merchant_id":"1499456762","key":"","authCode":"135011323574859153","order_sn":"2018061917021074469","price":198}

2018-06-19 17:02:37 {"merchant_id":"1499456762","key":"","authCode":"134791178724809804","order_sn":"2018061917023744566","price":5}

2018-06-19 17:03:10 {"merchant_id":"1499456762","key":"","authCode":"134558525905175233","order_sn":"2018061917031081298","price":21}

2018-06-19 17:07:49 {"merchant_id":"1499456762","key":"","authCode":"135152460927416562","order_sn":"2018061917074943257","price":38.5}

2018-06-19 17:07:59 {"merchant_id":"1499456762","key":"","authCode":"135758215466217773","order_sn":"2018061917075968269","price":13}

2018-06-19 17:08:20 {"merchant_id":"1499456762","key":"","authCode":"136158680331657118","order_sn":"2018061917082020173","price":16}

2018-06-19 17:09:51 {"merchant_id":"1499456762","key":"","authCode":"135029647654318878","order_sn":"2018061917095163148","price":18}

2018-06-19 17:10:30 {"merchant_id":"1499456762","key":"","authCode":"134967365209035994","order_sn":"2018061917103058589","price":12}

2018-06-19 17:11:18 {"merchant_id":"1499456762","key":"","authCode":"134592457888234341","order_sn":"2018061917111851617","price":8}

2018-06-19 17:14:32 {"merchant_id":"1499456762","key":"","authCode":"134807891948889356","order_sn":"2018061917143271127","price":56.5}

2018-06-19 17:34:10 {"merchant_id":"1499456762","key":"","authCode":"135003821277167925","order_sn":"2018061917341056049","price":21}

2018-06-19 17:35:57 {"merchant_id":"1499456762","key":"","authCode":"134945524635782477","order_sn":"2018061917355719821","price":18}

2018-06-19 17:36:56 {"merchant_id":"1499456762","key":"","authCode":"134745579821228074","order_sn":"2018061917365689272","price":16}

2018-06-19 17:41:23 {"merchant_id":"1499456762","key":"","authCode":"134688274541077511","order_sn":"2018061917412369988","price":15}

2018-06-19 17:43:49 {"merchant_id":"1499456762","key":"","authCode":"134649048691244907","order_sn":"2018061917434951528","price":17}

2018-06-19 17:44:32 {"merchant_id":"1499456762","key":"","authCode":"134910519841965815","order_sn":"2018061917443293564","price":198}

2018-06-19 17:46:37 {"merchant_id":"1499456762","key":"","authCode":"134529436277408709","order_sn":"2018061917463741560","price":8}

2018-06-19 17:49:37 {"merchant_id":"1499456762","key":"","authCode":"134527392604669850","order_sn":"2018061917493718899","price":31.5}

2018-06-19 17:53:23 {"merchant_id":"1499456762","key":"","authCode":"134680349565498551","order_sn":"2018061917532325587","price":128}

2018-06-19 17:56:13 {"merchant_id":"1499456762","key":"","authCode":"134987850721008066","order_sn":"2018061917561373453","price":7}

2018-06-19 17:59:21 {"merchant_id":"1499456762","key":"","authCode":"135327595321414204","order_sn":"2018061917592170004","price":21}

2018-06-19 18:04:44 {"merchant_id":"1499456762","key":"","authCode":"134505138418483825","order_sn":"2018061918044434298","price":7}

2018-06-19 18:08:24 {"merchant_id":"1499456762","key":"","authCode":"135175721065239633","order_sn":"2018061918082489743","price":65}

2018-06-19 18:11:01 {"merchant_id":"1499456762","key":"","authCode":"134729612661206078","order_sn":"2018061918110188300","price":23}

2018-06-19 18:13:07 {"merchant_id":"1499456762","key":"","authCode":"134539559573343175","order_sn":"2018061918130781243","price":15}

2018-06-19 18:29:12 {"merchant_id":"1499456762","key":"","authCode":"134680856676909389","order_sn":"2018061918291242216","price":20}

2018-06-19 18:30:28 {"merchant_id":"1499456762","key":"","authCode":"134668121347266648","order_sn":"2018061918302854468","price":40}

2018-06-19 18:31:39 {"merchant_id":"1499456762","key":"","authCode":"134662178506848273","order_sn":"2018061918313951675","price":10}

2018-06-19 18:32:46 {"merchant_id":"1499456762","key":"","authCode":"134880470276317296","order_sn":"2018061918324627396","price":7}

2018-06-19 18:32:47 {"merchant_id":"1499456762","key":"","authCode":"134584138463080398","order_sn":"2018061918324721932","price":12}

2018-06-19 18:33:10 {"merchant_id":"1499456762","key":"","authCode":"134691232114040438","order_sn":"2018061918331015750","price":28}

2018-06-19 18:33:35 {"merchant_id":"1499456762","key":"","authCode":"134752980423397183","order_sn":"2018061918333594928","price":28}

2018-06-19 18:48:37 {"merchant_id":"1499456762","key":"","authCode":"134696716719882477","order_sn":"2018061918483746292","price":28}

2018-06-19 18:49:35 {"merchant_id":"1499456762","key":"","authCode":"134706927762541579","order_sn":"2018061918493576251","price":62}

2018-06-19 18:52:24 {"merchant_id":"1499456762","key":"","authCode":"135032944540713002","order_sn":"2018061918522416895","price":23}

2018-06-19 18:52:46 {"merchant_id":"2088822285099072","key":"201710BBaa55e11a995b41488709d94fe3bfbX07","authCode":"286720156100785010","order_sn":"2018061918524621469","price":900}

2018-06-19 18:52:46 {"app_id":"2017071207730667","method":"alipay.trade.pay","charset":"utf-8","sign_type":"RSA","app_auth_token":"201710BBaa55e11a995b41488709d94fe3bfbX07","timestamp":"2018-06-19 18:52:46","version":"1.0","biz_content":"{\"out_trade_no\":\"2018061918524621469\",\"scene\":\"bar_code\",\"auth_code\":\"286720156100785010\",\"subject\":\"\\u8ba2\\u5355\\u53f7:2018061918524621469\",\"seller_id\":\"2088822285099072\",\"total_amount\":900,\"extend_params\":{\"sys_service_provider_id\":\"2088721521881652\"}}","sign":"Ge2x5utMjLWRq6W2TpQdtz42WPR3eo5fCZ2H+VujUu84TIzEXoUbS3JU8cpMShI1invgTmBFRdcJzo2NJ5w68GbCE9o51arRvyjMYaW\/\/70SyXqkTLr++d6iTKJF5uGPlwHpCDZBxRBMlZkKfEMj3h2HcZlE5nuDfzWCoL8DdwE="}

2018-06-19 18:52:47 {"alipay_trade_pay_response":{"code":"10000","msg":"Success","buyer_logon_id":"186****6056","buyer_pay_amount":"900.00","buyer_user_id":"2088112554646101","fund_bill_list":[{"amount":"900.00","fund_channel":"PCREDIT"}],"gmt_payment":"2018-06-19 18:52:47","invoice_amount":"900.00","out_trade_no":"2018061918524621469","point_amount":"0.00","receipt_amount":"900.00","total_amount":"900.00","trade_no":"2018061921001004100549100638"},"sign":"Nw9GAIjOJsvfGpXGslDYtOPLbA73R7aR4JRtA5nx1JElF6ptL2OqEM9rkPrux0QR1XtB/niiNLABLWUXCMWzXU8h+RLzbAkEfDenAAukEWsB/uf/yPVoWKfU+Ytw33DKHqBPTxfSKxGjAGlIktXVWq1zI+hJ8EwqAGWgOkFQTfg="}

2018-06-19 18:53:47 {"merchant_id":"1499456762","key":"","authCode":"135455832379605347","order_sn":"2018061918534782053","price":30}

2018-06-19 18:54:27 {"merchant_id":"1499456762","key":"","authCode":"134629928402675140","order_sn":"2018061918542779257","price":48.5}

2018-06-19 18:57:18 {"merchant_id":"1499456762","key":"","authCode":"135006927968232154","order_sn":"2018061918571823017","price":20}

2018-06-19 18:57:33 {"merchant_id":"1499456762","key":"","authCode":"134829545911050274","order_sn":"2018061918573343558","price":14}

2018-06-19 18:58:46 {"merchant_id":"1499456762","key":"","authCode":"134647657485166478","order_sn":"2018061918584612757","price":17}

2018-06-19 18:59:51 {"merchant_id":"1499456762","key":"","authCode":"135009765039668522","order_sn":"2018061918595171186","price":2}

2018-06-19 19:00:48 {"merchant_id":"1499456762","key":"","authCode":"134590027993236773","order_sn":"2018061919004831269","price":12}

2018-06-19 19:00:58 {"merchant_id":"1499456762","key":"","authCode":"134617506015172089","order_sn":"2018061919005860693","price":9}

2018-06-19 19:09:39 {"merchant_id":"1499456762","key":"","authCode":"134745409808380542","order_sn":"2018061919093964289","price":13}

2018-06-19 19:11:00 {"merchant_id":"1499456762","key":"","authCode":"134517197435589887","order_sn":"2018061919110095239","price":128}

2018-06-19 19:16:08 {"merchant_id":"1499456762","key":"","authCode":"134602618730914935","order_sn":"2018061919160895049","price":6}

2018-06-19 19:18:02 {"merchant_id":"1499456762","key":"","authCode":"134761747143256698","order_sn":"2018061919180270625","price":98}

2018-06-19 19:23:00 {"merchant_id":"1490350062","key":"","authCode":"134963761267493204","order_sn":"2018061919225981363","price":300}

2018-06-19 19:23:36 {"merchant_id":"1499456762","key":"","authCode":"134530891305460420","order_sn":"2018061919233614396","price":9}

2018-06-19 19:25:20 {"merchant_id":"1499456762","key":"","authCode":"134593874382385180","order_sn":"2018061919252083811","price":30}

2018-06-19 19:26:20 {"merchant_id":"1499456762","key":"","authCode":"134578982421283448","order_sn":"2018061919262061083","price":8}

2018-06-19 19:28:41 {"merchant_id":"1499456762","key":"","authCode":"134651431810034072","order_sn":"2018061919284121828","price":34}

2018-06-19 19:30:36 {"merchant_id":"1499456762","key":"","authCode":"135040989526718151","order_sn":"2018061919303682781","price":8}

2018-06-19 19:30:54 {"merchant_id":"1499456762","key":"","authCode":"134774287866862147","order_sn":"2018061919305435957","price":13}

2018-06-19 19:33:11 {"merchant_id":"1499456762","key":"","authCode":"134526207823905729","order_sn":"2018061919331185880","price":32}

2018-06-19 19:35:24 {"merchant_id":"1499456762","key":"","authCode":"134531013868411532","order_sn":"2018061919352483694","price":32}

2018-06-19 19:39:44 {"merchant_id":"1499456762","key":"","authCode":"135222355626291097","order_sn":"2018061919394473960","price":5}

2018-06-19 19:41:58 {"merchant_id":"1499456762","key":"","authCode":"134887178622338951","order_sn":"2018061919415828404","price":9}

2018-06-19 19:45:04 {"merchant_id":"1499456762","key":"","authCode":"135197330992541635","order_sn":"2018061919450482138","price":21}

2018-06-19 19:48:46 {"merchant_id":"1499456762","key":"","authCode":"134841237144704668","order_sn":"2018061919484672426","price":9}

2018-06-19 19:49:21 {"merchant_id":"1499456762","key":"","authCode":"134771987536332167","order_sn":"2018061919492186586","price":39}

2018-06-19 19:49:41 {"merchant_id":"1490350062","key":"","authCode":"134729397867309436","order_sn":"2018061919494150319","price":500}

2018-06-19 19:52:08 {"merchant_id":"1499456762","key":"","authCode":"134523730549106688","order_sn":"2018061919520871730","price":20}

2018-06-19 19:54:21 {"merchant_id":"1499456762","key":"","authCode":"135418345612920405","order_sn":"2018061919542176429","price":28}

2018-06-19 19:56:04 {"merchant_id":"1499456762","key":"","authCode":"134587609030639978","order_sn":"2018061919560441222","price":13.5}

2018-06-19 20:01:29 {"merchant_id":"1499456762","key":"","authCode":"134622533091232545","order_sn":"2018061920012971998","price":27.5}

2018-06-19 20:03:03 {"merchant_id":"1499456762","key":"","authCode":"134557338885276495","order_sn":"2018061920030318965","price":8}

2018-06-19 20:04:17 {"merchant_id":"1499456762","key":"","authCode":"134776487649395804","order_sn":"2018061920041782863","price":20}

2018-06-19 20:07:08 {"merchant_id":"1499456762","key":"","authCode":"134757427991419792","order_sn":"2018061920070890229","price":40}

2018-06-19 20:08:15 {"merchant_id":"1499456762","key":"","authCode":"134847472739159077","order_sn":"2018061920081510865","price":14.5}

2018-06-19 20:09:06 {"merchant_id":"1499456762","key":"","authCode":"134587630097463994","order_sn":"2018061920090652890","price":16}

2018-06-19 20:11:07 {"merchant_id":"1499456762","key":"","authCode":"134812996987970920","order_sn":"2018061920110728712","price":9}

2018-06-19 20:11:31 {"merchant_id":"1499456762","key":"","authCode":"134536395234728945","order_sn":"2018061920113159600","price":8}

2018-06-19 20:11:54 {"merchant_id":"1499456762","key":"","authCode":"134621863939861975","order_sn":"2018061920115434149","price":40}

2018-06-19 20:14:17 {"merchant_id":"1499456762","key":"","authCode":"134692805329588323","order_sn":"2018061920141799680","price":15}

2018-06-19 20:16:09 {"merchant_id":"1499456762","key":"","authCode":"134985903578063880","order_sn":"2018061920160918663","price":15.5}

2018-06-19 20:20:52 {"merchant_id":"1499456762","key":"","authCode":"134582045534400149","order_sn":"2018061920205234884","price":30.5}

2018-06-19 20:22:34 {"merchant_id":"1499456762","key":"","authCode":"134587482550755398","order_sn":"2018061920223418658","price":9}

2018-06-19 20:26:47 {"merchant_id":"1499456762","key":"","authCode":"134514621676788006","order_sn":"2018061920264753552","price":23.5}

2018-06-19 20:29:54 {"merchant_id":"1499456762","key":"","authCode":"134633953039761310","order_sn":"2018061920295422412","price":4}

2018-06-19 20:36:45 {"merchant_id":"1499456762","key":"","authCode":"134618955969792347","order_sn":"2018061920364520573","price":15}

2018-06-19 20:37:35 {"merchant_id":"1499456762","key":"","authCode":"135018187028811328","order_sn":"2018061920373562813","price":18.5}

2018-06-19 20:39:02 {"merchant_id":"1499456762","key":"","authCode":"134536895015899950","order_sn":"2018061920390268844","price":22.8}

2018-06-19 20:42:22 {"merchant_id":"1499456762","key":"","authCode":"135312261306377382","order_sn":"2018061920422287675","price":15}

2018-06-19 20:43:42 {"merchant_id":"1499456762","key":"","authCode":"134887517974205124","order_sn":"2018061920434298594","price":7}

2018-06-19 20:46:25 {"merchant_id":"1499456762","key":"","authCode":"134834864291820851","order_sn":"2018061920462588811","price":8.5}

2018-06-19 20:53:33 {"merchant_id":"1499456762","key":"","authCode":"135131943092145621","order_sn":"2018061920533351562","price":18}

2018-06-19 20:55:08 {"merchant_id":"1499456762","key":"","authCode":"135065959805053761","order_sn":"2018061920550880354","price":27}

2018-06-19 20:55:53 {"merchant_id":"1499456762","key":"","authCode":"134643357610245741","order_sn":"2018061920555376870","price":19}

2018-06-19 21:00:54 {"merchant_id":"1499456762","key":"","authCode":"134576922048486760","order_sn":"2018061921005475091","price":13}

2018-06-19 21:02:33 {"merchant_id":"1499456762","key":"","authCode":"134668591239468196","order_sn":"2018061921023347401","price":12}

2018-06-19 21:13:00 {"merchant_id":"1499456762","key":"","authCode":"134751225774519073","order_sn":"2018061921130095623","price":27}

2018-06-19 21:17:39 {"merchant_id":"1499456762","key":"","authCode":"134820313400788711","order_sn":"2018061921173955657","price":14}

2018-06-19 21:18:53 {"merchant_id":"1499456762","key":"","authCode":"135039881199639321","order_sn":"2018061921185391148","price":41}

2018-06-19 21:19:31 {"merchant_id":"1499456762","key":"","authCode":"135182347467470692","order_sn":"2018061921193147659","price":9}

2018-06-19 21:19:48 {"merchant_id":"1499456762","key":"","authCode":"134838227155426641","order_sn":"2018061921194881632","price":7}

2018-06-19 21:20:41 {"merchant_id":"1499456762","key":"","authCode":"134651926545438556","order_sn":"2018061921204174206","price":15}

2018-06-19 21:22:39 {"merchant_id":"1499456762","key":"","authCode":"134745026829039992","order_sn":"2018061921223971579","price":16}

2018-06-19 21:23:05 {"merchant_id":"1499456762","key":"","authCode":"134741108519031560","order_sn":"2018061921230577885","price":8.5}

2018-06-19 21:57:21 {"merchant_id":"1499456762","key":"","authCode":"134959464634839586","order_sn":"2018061921572164137","price":35}

2018-06-19 21:58:12 {"merchant_id":"1499456762","key":"","authCode":"134641713759208726","order_sn":"2018061921581268136","price":21.5}

2018-06-19 21:59:43 {"merchant_id":"1499456762","key":"","authCode":"134746873237608443","order_sn":"2018061921594324069","price":17}

2018-06-19 22:05:57 {"merchant_id":"1490350062","key":"","authCode":"135211613588371350","order_sn":"2018061922055784815","price":100}

2018-06-19 22:58:04 {"merchant_id":"1493159782","key":"","authCode":"135137803659592058","order_sn":"2018061922580443757","price":300}

2018-06-19 22:59:24 {"merchant_id":"1493159782","key":"","authCode":"135238240762986716","order_sn":"2018061922592438907","price":300}

2018-06-19 23:10:29 {"merchant_id":"1493159782","key":"","authCode":"134520819619401553","order_sn":"2018061923102920336","price":300}

2018-06-19 23:22:15 {"merchant_id":"1490350062","key":"","authCode":"134696053159999431","order_sn":"2018061923221567872","price":300}

