2018-04-24 00:23:45 {"merchant_id":"1493159782","key":"","authCode":"134564272333793856","order_sn":"2018042400234588404","price":300}

2018-04-24 00:37:36 {"merchant_id":"2088822285099072","key":"201710BBaa55e11a995b41488709d94fe3bfbX07","authCode":"284655705757295851","order_sn":"2018042400373623579","price":300}

2018-04-24 00:37:36 {"app_id":"2017071207730667","method":"alipay.trade.pay","charset":"utf-8","sign_type":"RSA","app_auth_token":"201710BBaa55e11a995b41488709d94fe3bfbX07","timestamp":"2018-04-24 00:37:36","version":"1.0","biz_content":"{\"out_trade_no\":\"2018042400373623579\",\"scene\":\"bar_code\",\"auth_code\":\"284655705757295851\",\"subject\":\"\\u8ba2\\u5355\\u53f7:2018042400373623579\",\"seller_id\":\"2088822285099072\",\"total_amount\":300,\"extend_params\":{\"sys_service_provider_id\":\"2088721521881652\"}}","sign":"fosuGhsgFMxlvG\/9y1ktXchT8\/VgFQueP3TfrVyarY5YV2Kcr5kfpfl32KUpEso7goX8NQDAlJneC7zLK4zwsDRRZLIbnhozDZHUxSJE5mcmXo5rWF4eBiDD68a2qPPIURP64nDSIUwiSBY8w2eiur+Pp+hsMWCRbcAEnYI8aEo="}

2018-04-24 00:37:37 {"alipay_trade_pay_response":{"code":"10000","msg":"Success","buyer_logon_id":"189****3456","buyer_pay_amount":"300.00","buyer_user_id":"2088412946810070","fund_bill_list":[{"amount":"300.00","fund_channel":"PCREDIT"}],"gmt_payment":"2018-04-24 00:37:37","invoice_amount":"300.00","out_trade_no":"2018042400373623579","point_amount":"0.00","receipt_amount":"300.00","total_amount":"300.00","trade_no":"2018042421001004070587182296"},"sign":"YjO9nT1bCkKM5JE8ypbgjwSDiVQCDYdqAUsxXYIwacTJAOGrkyOutRuUU+/3SRgq2H6Gj5x4KXbRCq3zoKE5hAMOxXyPp2cUF1Z67UA0R49xUCdzrkgHWRWXJ0s8QQDErf+4Gb4A8kGMEhgzCnh+rvzIp6Q8S4nOGmkFDlj6yUw="}

2018-04-24 01:38:40 {"merchant_id":"1490350062","key":"","authCode":"135273927524553730","order_sn":"2018042401384058457","price":100}

2018-04-24 07:20:40 {"merchant_id":"2088822285099072","key":"201710BBaa55e11a995b41488709d94fe3bfbX07","authCode":"285989794971004387","order_sn":"2018042407204049798","price":100}

2018-04-24 07:20:40 {"app_id":"2017071207730667","method":"alipay.trade.pay","charset":"utf-8","sign_type":"RSA","app_auth_token":"201710BBaa55e11a995b41488709d94fe3bfbX07","timestamp":"2018-04-24 07:20:40","version":"1.0","biz_content":"{\"out_trade_no\":\"2018042407204049798\",\"scene\":\"bar_code\",\"auth_code\":\"285989794971004387\",\"subject\":\"\\u8ba2\\u5355\\u53f7:2018042407204049798\",\"seller_id\":\"2088822285099072\",\"total_amount\":100,\"extend_params\":{\"sys_service_provider_id\":\"2088721521881652\"}}","sign":"gU+I74haKMK7KbKbCdz5DuFsyp66szlbQdUBJVWHroeGmz9\/tvFRIUz7LjScp6XhpPNbAzl0v9Ams3Wn9NxwOQUeEgQM7xJcTFIyT835aeRWjEjSWOM\/wIBfFEnZDmujXfPUqTtmt7K0iArZXJw\/KdBXxpKLQZ0M+asx6+B32c4="}

2018-04-24 07:20:41 {"alipay_trade_pay_response":{"code":"10000","msg":"Success","buyer_logon_id":"619***@qq.com","buyer_pay_amount":"100.00","buyer_user_id":"2088112301394941","fund_bill_list":[{"amount":"100.00","fund_channel":"ALIPAYACCOUNT"}],"gmt_payment":"2018-04-24 07:20:41","invoice_amount":"100.00","out_trade_no":"2018042407204049798","point_amount":"0.00","receipt_amount":"100.00","total_amount":"100.00","trade_no":"2018042421001004940565316515"},"sign":"Tsxy5CDdP1CPRQVxCqZitHPOgXjpdSNaaZ/xc0k4rF1e3qSPD6EXIH55arnjaNI1MjUXE42TK2Av+Yl74p4egSdL62ydPwjIx9LL151dHTfQPGQ1wcHRb7sRCwtbuGYA97UkyRdRjtGkBg2lQ2Bhh5U6+jnMAEgLKI8xOZx5FxM="}

2018-04-24 07:52:23 {"merchant_id":"1499456762","key":"","authCode":"134772944460494091","order_sn":"2018042407522374988","price":14.5}

2018-04-24 08:00:00 {"merchant_id":"1499456762","key":"","authCode":"134812432702904156","order_sn":"2018042408000042454","price":22}

2018-04-24 08:05:06 {"merchant_id":"1499456762","key":"","authCode":"134573312917745677","order_sn":"2018042408050663109","price":14}

2018-04-24 08:08:15 {"merchant_id":"1493159782","key":"","authCode":"134650486817233182","order_sn":"2018042408081540777","price":200}

2018-04-24 08:10:45 {"merchant_id":"1499456762","key":"","authCode":"135154809090549367","order_sn":"2018042408104564854","price":15}

2018-04-24 08:28:05 {"merchant_id":"1499456762","key":"","authCode":"134760826904618867","order_sn":"2018042408280522547","price":3}

2018-04-24 09:05:05 {"merchant_id":"1499456762","key":"","authCode":"134854427808753765","order_sn":"2018042409050597288","price":28}

2018-04-24 09:11:29 {"merchant_id":"1490350062","key":"","authCode":"134852985259454124","order_sn":"2018042409112992130","price":8}

2018-04-24 09:27:41 {"merchant_id":"1499456762","key":"","authCode":"134620725518059685","order_sn":"2018042409274085160","price":9}

2018-04-24 09:33:24 {"merchant_id":"1499456762","key":"","authCode":"134689708023744599","order_sn":"2018042409332441158","price":12}

2018-04-24 09:42:44 {"merchant_id":"1499456762","key":"","authCode":"134688719580922113","order_sn":"2018042409424351476","price":50}

2018-04-24 09:56:02 {"merchant_id":"1499456762","key":"","authCode":"134676000978838383","order_sn":"2018042409560255356","price":38}

2018-04-24 10:10:06 {"merchant_id":"1499456762","key":"","authCode":"134793685236425659","order_sn":"2018042410100650430","price":26}

2018-04-24 10:14:55 {"merchant_id":"1499456762","key":"","authCode":"134513975090714102","order_sn":"2018042410145570608","price":6}

2018-04-24 10:35:54 {"merchant_id":"1499456762","key":"","authCode":"134676706723600563","order_sn":"2018042410355476003","price":31}

2018-04-24 10:40:08 {"merchant_id":"1499456762","key":"","authCode":"134733710728422782","order_sn":"2018042410400886722","price":15}

2018-04-24 10:55:27 {"merchant_id":"1499456762","key":"","authCode":"134912555609594945","order_sn":"2018042410552736189","price":14}

2018-04-24 10:59:17 {"merchant_id":"1499456762","key":"","authCode":"134887911202744186","order_sn":"2018042410591677743","price":8}

2018-04-24 11:13:15 {"merchant_id":"1499456762","key":"","authCode":"135020466508040921","order_sn":"2018042411131579833","price":28}

2018-04-24 11:14:26 {"merchant_id":"1499456762","key":"","authCode":"135113914712910995","order_sn":"2018042411142683349","price":500}

2018-04-24 11:20:10 {"merchant_id":"1499456762","key":"","authCode":"134999754845513840","order_sn":"2018042411201022577","price":9}

2018-04-24 11:44:04 {"merchant_id":"1490350062","key":"","authCode":"134620955217331810","order_sn":"2018042411440433001","price":300}

2018-04-24 11:51:25 {"merchant_id":"1499456762","key":"","authCode":"134682076446890165","order_sn":"2018042411512575421","price":4}

2018-04-24 11:56:22 {"merchant_id":"1499456762","key":"","authCode":"134861323646972755","order_sn":"2018042411562276999","price":15}

2018-04-24 11:57:15 {"merchant_id":"1499456762","key":"","authCode":"134830934518014307","order_sn":"2018042411571588144","price":6}

2018-04-24 12:15:18 {"merchant_id":"1499456762","key":"","authCode":"134900694138930651","order_sn":"2018042412151861582","price":51}

2018-04-24 12:42:56 {"merchant_id":"1499456762","key":"","authCode":"134539275510634623","order_sn":"2018042412425637423","price":5}

2018-04-24 12:46:59 {"merchant_id":"1499456762","key":"","authCode":"134633750805938491","order_sn":"2018042412465920450","price":38}

2018-04-24 12:47:17 {"merchant_id":"1499456762","key":"","authCode":"134974109519845026","order_sn":"2018042412471767565","price":15}

2018-04-24 12:52:53 {"merchant_id":"1499456762","key":"","authCode":"134707190976367189","order_sn":"2018042412525319071","price":5}

2018-04-24 13:29:04 {"merchant_id":"1493159782","key":"","authCode":"134872454659530950","order_sn":"2018042413290413119","price":200}

2018-04-24 13:29:14 {"merchant_id":"1499456762","key":"","authCode":"134856822992687293","order_sn":"2018042413291490930","price":10}

2018-04-24 13:37:06 {"merchant_id":"1490350062","key":"","authCode":"134510390434050355","order_sn":"2018042413370631831","price":200}

2018-04-24 13:47:45 {"merchant_id":"1499456762","key":"","authCode":"134596409709952539","order_sn":"2018042413474557504","price":23}

2018-04-24 14:12:02 {"merchant_id":"1499456762","key":"","authCode":"134717597868505389","order_sn":"2018042414120257984","price":45}

2018-04-24 14:19:40 {"merchant_id":"1499456762","key":"","authCode":"134509712805243730","order_sn":"2018042414194034262","price":35}

2018-04-24 14:19:51 {"merchant_id":"1499456762","key":"","authCode":"134512850671017310","order_sn":"2018042414195134242","price":20}

2018-04-24 14:25:34 {"merchant_id":"1490350062","key":"","authCode":"134858692854872766","order_sn":"2018042414253417166","price":300}

2018-04-24 14:30:04 {"merchant_id":"1499456762","key":"","authCode":"134517009991148762","order_sn":"2018042414300484274","price":198}

2018-04-24 14:38:01 {"merchant_id":"1499456762","key":"","authCode":"134740080849739146","order_sn":"2018042414380117504","price":24}

2018-04-24 14:41:54 {"merchant_id":"1499456762","key":"","authCode":"134637868870282471","order_sn":"2018042414415438397","price":7}

2018-04-24 15:11:36 {"merchant_id":"1499456762","key":"","authCode":"134734773797823780","order_sn":"2018042415113613764","price":400}

2018-04-24 15:12:06 {"merchant_id":"1499456762","key":"","authCode":"134622091649757705","order_sn":"2018042415120690895","price":15}

2018-04-24 15:15:14 {"merchant_id":"1499456762","key":"","authCode":"134534257701979655","order_sn":"2018042415151459326","price":11}

2018-04-24 15:15:15 {"merchant_id":"1499456762","key":"","authCode":"134534472196178887","order_sn":"2018042415151559043","price":256}

2018-04-24 15:17:59 {"merchant_id":"1499456762","key":"","authCode":"134722581283123426","order_sn":"2018042415175983091","price":128}

2018-04-24 15:30:04 {"merchant_id":"1499456762","key":"","authCode":"134529886834951935","order_sn":"2018042415300420986","price":5}

2018-04-24 15:35:53 {"merchant_id":"1493159782","key":"","authCode":"134860577615064631","order_sn":"2018042415355327668","price":800}

2018-04-24 15:53:30 {"merchant_id":"1499456762","key":"","authCode":"134514490468455322","order_sn":"2018042415533080498","price":15}

2018-04-24 15:53:56 {"merchant_id":"1499456762","key":"","authCode":"134719514335384194","order_sn":"2018042415535677163","price":8}

2018-04-24 15:57:31 {"merchant_id":"1499456762","key":"","authCode":"134562046277543119","order_sn":"2018042415573124147","price":15}

2018-04-24 16:04:27 {"merchant_id":"1499456762","key":"","authCode":"134702970968953902","order_sn":"2018042416042738552","price":53}

2018-04-24 16:08:33 {"merchant_id":"1499456762","key":"","authCode":"134687540558734356","order_sn":"2018042416083357932","price":15}

2018-04-24 16:09:53 {"merchant_id":"1499456762","key":"","authCode":"135148796802731230","order_sn":"2018042416095226848","price":23}

2018-04-24 16:10:42 {"merchant_id":"1499456762","key":"","authCode":"134596019214477645","order_sn":"2018042416104220928","price":18}

2018-04-24 16:19:07 {"merchant_id":"1499456762","key":"","authCode":"135054729432893455","order_sn":"2018042416190756586","price":73}

2018-04-24 16:23:22 {"merchant_id":"1499456762","key":"","authCode":"135660020682692960","order_sn":"2018042416232236673","price":35.5}

2018-04-24 16:36:49 {"merchant_id":"1499456762","key":"","authCode":"134767949594425885","order_sn":"2018042416364913122","price":7}

2018-04-24 16:44:41 {"merchant_id":"1499456762","key":"","authCode":"134562994404783368","order_sn":"2018042416444157582","price":7}

2018-04-24 16:46:51 {"merchant_id":"1499456762","key":"","authCode":"134618910205540908","order_sn":"2018042416465193581","price":11}

2018-04-24 16:48:08 {"merchant_id":"1499456762","key":"","authCode":"134753747949557612","order_sn":"2018042416480886013","price":30}

2018-04-24 16:50:43 {"merchant_id":"1499456762","key":"","authCode":"134671955205282350","order_sn":"2018042416504313723","price":11}

2018-04-24 16:56:06 {"merchant_id":"1499456762","key":"","authCode":"134773616438502618","order_sn":"2018042416560624278","price":12}

2018-04-24 16:59:40 {"merchant_id":"1499456762","key":"","authCode":"134823922766172111","order_sn":"2018042416594056254","price":80}

2018-04-24 17:00:45 {"merchant_id":"1499456762","key":"","authCode":"134504469820388107","order_sn":"2018042417004521331","price":26}

2018-04-24 17:14:14 {"merchant_id":"1490350062","key":"","authCode":"134685491571844452","order_sn":"2018042417141499914","price":100}

2018-04-24 17:32:24 {"merchant_id":"1499456762","key":"","authCode":"134713384516865303","order_sn":"2018042417322426235","price":36}

2018-04-24 17:33:46 {"merchant_id":"1499456762","key":"","authCode":"134780207671700150","order_sn":"2018042417334616285","price":52}

2018-04-24 17:38:38 {"merchant_id":"1499456762","key":"","authCode":"134875487002341964","order_sn":"2018042417383711568","price":25}

2018-04-24 17:44:48 {"merchant_id":"1499456762","key":"","authCode":"134744969981871388","order_sn":"2018042417444892353","price":12}

2018-04-24 17:52:46 {"merchant_id":"1493159782","key":"","authCode":"134828428245256831","order_sn":"2018042417524670302","price":300}

2018-04-24 17:54:02 {"merchant_id":"1499456762","key":"","authCode":"134892038367971189","order_sn":"2018042417540274976","price":14}

2018-04-24 17:57:12 {"merchant_id":"1499456762","key":"","authCode":"134917993104633301","order_sn":"2018042417571224581","price":17.5}

2018-04-24 18:02:52 {"merchant_id":"1499456762","key":"","authCode":"134783381633443390","order_sn":"2018042418025287778","price":62}

2018-04-24 18:09:19 {"merchant_id":"1499456762","key":"","authCode":"135281877953708089","order_sn":"2018042418091946423","price":21}

2018-04-24 18:17:16 {"merchant_id":"1499456762","key":"","authCode":"134633018809825012","order_sn":"2018042418171654710","price":198}

2018-04-24 18:30:00 {"merchant_id":"1490350062","key":"","authCode":"135045655707781755","order_sn":"2018042418300066561","price":300}

2018-04-24 18:32:59 {"merchant_id":"1499456762","key":"","authCode":"134859317057344261","order_sn":"2018042418325946981","price":20}

2018-04-24 18:35:30 {"merchant_id":"1499456762","key":"","authCode":"134662415389534592","order_sn":"2018042418353030291","price":28}

2018-04-24 18:40:49 {"merchant_id":"1499456762","key":"","authCode":"134653363331750159","order_sn":"2018042418404988507","price":8}

2018-04-24 18:49:23 {"merchant_id":"1499456762","key":"","authCode":"135187006561722017","order_sn":"2018042418492318202","price":17}

2018-04-24 18:55:59 {"merchant_id":"1490350062","key":"","authCode":"134689384965701641","order_sn":"2018042418555878711","price":180}

2018-04-24 18:56:16 {"merchant_id":"1499456762","key":"","authCode":"134729492523477346","order_sn":"2018042418561687163","price":22}

2018-04-24 19:02:49 {"merchant_id":"1499456762","key":"","authCode":"134774520854928424","order_sn":"2018042419024912653","price":5}

2018-04-24 19:07:07 {"merchant_id":"1499456762","key":"","authCode":"134753541169564345","order_sn":"2018042419070714798","price":28}

2018-04-24 19:08:52 {"merchant_id":"1499456762","key":"","authCode":"134677619157116447","order_sn":"2018042419085210782","price":300}

2018-04-24 19:10:39 {"merchant_id":"1499456762","key":"","authCode":"135189526225942941","order_sn":"2018042419103917947","price":300}

2018-04-24 19:10:59 {"merchant_id":"1490350062","key":"","authCode":"134583786151515323","order_sn":"2018042419105966504","price":100}

2018-04-24 19:14:20 {"merchant_id":"1499456762","key":"","authCode":"134508691452662121","order_sn":"2018042419142011128","price":15}

2018-04-24 19:28:59 {"merchant_id":"1499456762","key":"","authCode":"134523905710270968","order_sn":"2018042419285989758","price":28}

2018-04-24 19:31:46 {"merchant_id":"1499456762","key":"","authCode":"135865856259679349","order_sn":"2018042419314686370","price":24}

2018-04-24 19:35:51 {"merchant_id":"1499456762","key":"","authCode":"134981338315207205","order_sn":"2018042419355113472","price":15}

2018-04-24 19:40:19 {"merchant_id":"2088822285099072","key":"201710BBaa55e11a995b41488709d94fe3bfbX07","authCode":"286434766258498285","order_sn":"2018042419401932752","price":200}

2018-04-24 19:40:19 {"app_id":"2017071207730667","method":"alipay.trade.pay","charset":"utf-8","sign_type":"RSA","app_auth_token":"201710BBaa55e11a995b41488709d94fe3bfbX07","timestamp":"2018-04-24 19:40:19","version":"1.0","biz_content":"{\"out_trade_no\":\"2018042419401932752\",\"scene\":\"bar_code\",\"auth_code\":\"286434766258498285\",\"subject\":\"\\u8ba2\\u5355\\u53f7:2018042419401932752\",\"seller_id\":\"2088822285099072\",\"total_amount\":200,\"extend_params\":{\"sys_service_provider_id\":\"2088721521881652\"}}","sign":"qwuhk74tTc3lIOb+GGvLLI6WDvrnsM5+RmEk2SVcI8X1XQWxfbgES9KNrhYdqT6BfMqCBN9OY0Qjzj8Aix2kPVkpmaLOBUmqYEPTwASn3kr7EDyb8CDD3dQjNgrvJqIDIvipLH9sq\/OiaA98oDqJowQs8zajzzfHA4uablfBXgo="}

2018-04-24 19:40:21 {"alipay_trade_pay_response":{"code":"10000","msg":"Success","buyer_logon_id":"151****9527","buyer_pay_amount":"200.00","buyer_user_id":"2088912985602534","fund_bill_list":[{"amount":"200.00","fund_channel":"ALIPAYACCOUNT"}],"gmt_payment":"2018-04-24 19:40:21","invoice_amount":"200.00","out_trade_no":"2018042419401932752","point_amount":"0.00","receipt_amount":"200.00","total_amount":"200.00","trade_no":"2018042421001004530562306222"},"sign":"B8iWf2cB+0Scb36k0lZ2SDZPM+KvhcnsKIMIJcjzQoReFhvK8XL790op9KV3Isg6S4otykJCDc5ovmkTU90IRoVghLT5+Hr7Bk7WN0Ju+h7z6ZHgyZ9fNF7LGhGjRTKPDaAihYz1D1lPTJytuxTttdsBWDZDxseLB+tFnlx7SjA="}

2018-04-24 19:40:54 {"merchant_id":"1499456762","key":"","authCode":"134779580828267557","order_sn":"2018042419405422609","price":247}

2018-04-24 19:41:29 {"merchant_id":"2088822285099072","key":"201710BBaa55e11a995b41488709d94fe3bfbX07","authCode":"284410853255298321","order_sn":"2018042419412914963","price":200}

2018-04-24 19:41:29 {"app_id":"2017071207730667","method":"alipay.trade.pay","charset":"utf-8","sign_type":"RSA","app_auth_token":"201710BBaa55e11a995b41488709d94fe3bfbX07","timestamp":"2018-04-24 19:41:29","version":"1.0","biz_content":"{\"out_trade_no\":\"2018042419412914963\",\"scene\":\"bar_code\",\"auth_code\":\"284410853255298321\",\"subject\":\"\\u8ba2\\u5355\\u53f7:2018042419412914963\",\"seller_id\":\"2088822285099072\",\"total_amount\":200,\"extend_params\":{\"sys_service_provider_id\":\"2088721521881652\"}}","sign":"Twb\/BoRDP\/9GT\/2uWM3g336pp6OxODGuXiX1KU\/vC1lAR\/GzWUPBXhN3FG\/t3\/94uUWFQ9rZzrgRmovA8UJKCGKjlbAgqJOi2\/8vojvcuHTqGuRxe5vY0WPfiqwvTnTaNljMyVE4yXswI2D11RZSI5UyyUvATCY3hk0fhsxQVsw="}

2018-04-24 19:41:31 {"alipay_trade_pay_response":{"code":"10000","msg":"Success","buyer_logon_id":"181****9263","buyer_pay_amount":"200.00","buyer_user_id":"2088522763148181","fund_bill_list":[{"amount":"200.00","fund_channel":"ALIPAYACCOUNT"}],"gmt_payment":"2018-04-24 19:41:31","invoice_amount":"200.00","out_trade_no":"2018042419412914963","point_amount":"0.00","receipt_amount":"200.00","total_amount":"200.00","trade_no":"2018042421001004180582990510"},"sign":"DsNJVoX3Z43vDhFhxY05OCtaXar2S6aglPM9mkWuWwbO5YP+41nplZAe4MfEiRybgYF6yKPZRL8be84W2IYMyM1kGFkRZ6Ve//xPuQQNuv1cxo/0qwgpohL1evtUBOpLEUcjcxbj256sg4PMcTPBFVCg645Jh7wLKDHJrQgXias="}

2018-04-24 19:45:33 {"merchant_id":"1499456762","key":"","authCode":"134784594009606941","order_sn":"2018042419453335187","price":28}

2018-04-24 19:45:41 {"merchant_id":"1499456762","key":"","authCode":"134553021611589179","order_sn":"2018042419454157579","price":18}

2018-04-24 19:47:44 {"merchant_id":"1499456762","key":"","authCode":"134781367931079544","order_sn":"2018042419474481052","price":12}

2018-04-24 19:48:23 {"merchant_id":"1499456762","key":"","authCode":"134533036616362610","order_sn":"2018042419482388184","price":8}

2018-04-24 19:48:31 {"merchant_id":"1499456762","key":"","authCode":"134524023279802630","order_sn":"2018042419483161517","price":15}

2018-04-24 19:51:06 {"merchant_id":"1499456762","key":"","authCode":"134720176461268873","order_sn":"2018042419510631160","price":24}

2018-04-24 19:57:36 {"merchant_id":"1490350062","key":"","authCode":"134830357076160507","order_sn":"2018042419573689136","price":100}

2018-04-24 20:08:44 {"merchant_id":"1499456762","key":"","authCode":"134832759280559853","order_sn":"2018042420084459127","price":22}

2018-04-24 20:19:35 {"merchant_id":"1499456762","key":"","authCode":"134645300980900751","order_sn":"2018042420193518411","price":37}

2018-04-24 20:21:47 {"merchant_id":"1499456762","key":"","authCode":"135569451394616897","order_sn":"2018042420214779805","price":27}

2018-04-24 20:22:21 {"merchant_id":"1499456762","key":"","authCode":"134650360248940762","order_sn":"2018042420222145796","price":13}

2018-04-24 20:23:33 {"merchant_id":"1499456762","key":"","authCode":"134976112370225448","order_sn":"2018042420233354936","price":40.5}

2018-04-24 20:24:54 {"merchant_id":"1499456762","key":"","authCode":"134657008427147648","order_sn":"2018042420245429627","price":20}

2018-04-24 20:25:38 {"merchant_id":"1499456762","key":"","authCode":"134611856877812714","order_sn":"2018042420253826389","price":8.5}

2018-04-24 20:27:17 {"merchant_id":"1499456762","key":"","authCode":"134646215578704778","order_sn":"2018042420271783424","price":27.5}

2018-04-24 20:28:34 {"merchant_id":"1499456762","key":"","authCode":"134781418420786141","order_sn":"2018042420283498168","price":13}

2018-04-24 20:30:43 {"merchant_id":"1499456762","key":"","authCode":"134911713910204054","order_sn":"2018042420304319120","price":8}

2018-04-24 20:31:14 {"merchant_id":"1499456762","key":"","authCode":"134758061369557724","order_sn":"2018042420311497362","price":25}

2018-04-24 20:34:44 {"merchant_id":"1499456762","key":"","authCode":"134927948850014175","order_sn":"2018042420344433795","price":16}

2018-04-24 20:37:26 {"merchant_id":"1499456762","key":"","authCode":"134842257374589456","order_sn":"2018042420372678408","price":16}

2018-04-24 20:39:16 {"merchant_id":"1499456762","key":"","authCode":"134617798000206187","order_sn":"2018042420391642706","price":10}

2018-04-24 20:43:46 {"merchant_id":"1499456762","key":"","authCode":"134727200188138389","order_sn":"2018042420434676954","price":6}

2018-04-24 20:47:10 {"merchant_id":"1499456762","key":"","authCode":"134887333696331247","order_sn":"2018042420471085572","price":23}

2018-04-24 20:50:18 {"merchant_id":"1499456762","key":"","authCode":"135178902583199170","order_sn":"2018042420501880093","price":5.3}

2018-04-24 20:54:23 {"merchant_id":"1499456762","key":"","authCode":"134749645016057146","order_sn":"2018042420542346736","price":20}

2018-04-24 20:56:57 {"merchant_id":"1499456762","key":"","authCode":"134613707847764795","order_sn":"2018042420565780110","price":27}

2018-04-24 20:59:38 {"merchant_id":"1499456762","key":"","authCode":"134678739205133860","order_sn":"2018042420593848153","price":23}

2018-04-24 21:05:49 {"merchant_id":"1499456762","key":"","authCode":"135531378163603720","order_sn":"2018042421054933879","price":38.5}

2018-04-24 21:06:08 {"merchant_id":"1499456762","key":"","authCode":"135529499532471659","order_sn":"2018042421060827540","price":8.5}

2018-04-24 21:09:02 {"merchant_id":"1499456762","key":"","authCode":"134633191613552238","order_sn":"2018042421090234241","price":6}

2018-04-24 21:12:16 {"merchant_id":"1499456762","key":"","authCode":"134556793737651779","order_sn":"2018042421121691876","price":17}

2018-04-24 21:18:03 {"merchant_id":"1499456762","key":"","authCode":"134757622989964872","order_sn":"2018042421180352547","price":14}

2018-04-24 21:23:43 {"merchant_id":"1499456762","key":"","authCode":"134721147978142045","order_sn":"2018042421234319260","price":24}

2018-04-24 21:26:01 {"merchant_id":"1490350062","key":"","authCode":"134645595019418439","order_sn":"2018042421260143220","price":200}

2018-04-24 21:28:31 {"merchant_id":"1499456762","key":"","authCode":"134626803447007672","order_sn":"2018042421283130156","price":11}

2018-04-24 21:48:57 {"merchant_id":"1499456762","key":"","authCode":"135854211944944920","order_sn":"2018042421485758401","price":42.4}

2018-04-24 23:16:25 {"merchant_id":"1490350062","key":"","authCode":"135187469646267539","order_sn":"2018042423162593692","price":300}

2018-04-24 23:34:05 {"merchant_id":"2088821827997030","key":"201711BBc699bef5cde842dba6fa5c6bdc706A03","authCode":"287181175912258764","order_sn":"2018042423340590410","price":600}

2018-04-24 23:34:05 {"app_id":"2017071207730667","method":"alipay.trade.pay","charset":"utf-8","sign_type":"RSA","app_auth_token":"201711BBc699bef5cde842dba6fa5c6bdc706A03","timestamp":"2018-04-24 23:34:05","version":"1.0","biz_content":"{\"out_trade_no\":\"2018042423340590410\",\"scene\":\"bar_code\",\"auth_code\":\"287181175912258764\",\"subject\":\"\\u8ba2\\u5355\\u53f7:2018042423340590410\",\"seller_id\":\"2088821827997030\",\"total_amount\":600,\"extend_params\":{\"sys_service_provider_id\":\"2088721521881652\"}}","sign":"g9es\/rFmqSiwGFYi4FfJCxa7qS4bfBFXYD+8egrnPDEcGYSZjzyz1e0az5wuvmsZlBZQOmuf3rT5TDvKJiR\/whE6ZeLiGVAppV19Nc9tMwVuLteDAqwPLNatNjn1PyfNHIW8CmTbIHPqhPKznYzcuayAooDVnUCGlvGchgTL4JE="}

2018-04-24 23:34:06 {"alipay_trade_pay_response":{"code":"10000","msg":"Success","buyer_logon_id":"138****7234","buyer_pay_amount":"600.00","buyer_user_id":"2088122519938453","fund_bill_list":[{"amount":"600.00","fund_channel":"PCREDIT"}],"gmt_payment":"2018-04-24 23:34:06","invoice_amount":"600.00","out_trade_no":"2018042423340590410","point_amount":"0.00","receipt_amount":"600.00","total_amount":"600.00","trade_no":"2018042421001004450500136314"},"sign":"PynxGWB36zz2329niwMAxhT9Gyy/dkH4PJGQ56fMT9U6/NdX4v0BMiUxgYqZh4EjxEb1m8oqNdYpK1WQROG/POYpbE0ScDT1nBGGvpWGxoS2UAXFGtW/ZqmOOu5jYkb9w1kRF47h22WshD+apuNyXe2tz69/E5bfas6xGkPCYQs="}

