2018-04-12 00:17:57 {"merchant_id":"1493159782","key":"","authCode":"134901068120365511","order_sn":"2018041200175795462","price":1500}

2018-04-12 00:19:01 {"merchant_id":"1493159782","key":"","authCode":"134969829247645979","order_sn":"2018041200190115781","price":1500}

2018-04-12 00:20:31 {"merchant_id":"1493159782","key":"","authCode":"134709460876778096","order_sn":"2018041200203179346","price":1500}

2018-04-12 01:54:34 {"merchant_id":"1490350062","key":"","authCode":"134553081047286314","order_sn":"2018041201543499638","price":300}

2018-04-12 02:38:35 {"merchant_id":"1490350062","key":"","authCode":"134694818284472222","order_sn":"2018041202383575926","price":200}

2018-04-12 07:48:48 {"merchant_id":"1499456762","key":"","authCode":"134590902767561351","order_sn":"2018041207484866064","price":8}

2018-04-12 07:55:49 {"merchant_id":"1493159782","key":"","authCode":"134917764673735625","order_sn":"2018041207554959458","price":198}

2018-04-12 07:57:51 {"merchant_id":"1499456762","key":"","authCode":"134596537452309344","order_sn":"2018041207575191336","price":4}

2018-04-12 07:58:34 {"merchant_id":"1499456762","key":"","authCode":"134592714409196657","order_sn":"2018041207583425572","price":4}

2018-04-12 09:28:00 {"merchant_id":"1499456762","key":"","authCode":"134643821055818797","order_sn":"2018041209280030287","price":21}

2018-04-12 09:46:35 {"merchant_id":"1499456762","key":"","authCode":"134525986584164256","order_sn":"2018041209463516344","price":14}

2018-04-12 09:55:47 {"merchant_id":"1499456762","key":"","authCode":"135104549555533448","order_sn":"2018041209554791221","price":13}

2018-04-12 10:15:34 {"merchant_id":"1499456762","key":"","authCode":"135324053710961118","order_sn":"2018041210153427920","price":31}

2018-04-12 10:47:47 {"merchant_id":"1499456762","key":"","authCode":"135483401457001309","order_sn":"2018041210474774598","price":200}

2018-04-12 10:52:51 {"merchant_id":"1499456762","key":"","authCode":"134829151161663280","order_sn":"2018041210525169254","price":53}

2018-04-12 10:54:48 {"merchant_id":"1499456762","key":"","authCode":"134619559108885249","order_sn":"2018041210544816343","price":36.5}

2018-04-12 10:56:45 {"merchant_id":"1499456762","key":"","authCode":"134929642430998903","order_sn":"2018041210564543932","price":23}

2018-04-12 11:13:21 {"merchant_id":"1499456762","key":"","authCode":"134741843199758696","order_sn":"2018041211132117864","price":30}

2018-04-12 11:22:29 {"merchant_id":"1499456762","key":"","authCode":"135009795831775022","order_sn":"2018041211222987900","price":28}

2018-04-12 11:48:14 {"merchant_id":"1499456762","key":"","authCode":"134901273220408827","order_sn":"2018041211481420126","price":500}

2018-04-12 12:43:30 {"merchant_id":"1499456762","key":"","authCode":"134935302212076643","order_sn":"2018041212433015626","price":47}

2018-04-12 12:50:33 {"merchant_id":"2088821827997030","key":"201711BBc699bef5cde842dba6fa5c6bdc706A03","authCode":"285056440929777333","order_sn":"2018041212503347583","price":200}

2018-04-12 12:50:33 {"app_id":"2017071207730667","method":"alipay.trade.pay","charset":"utf-8","sign_type":"RSA","app_auth_token":"201711BBc699bef5cde842dba6fa5c6bdc706A03","timestamp":"2018-04-12 12:50:33","version":"1.0","biz_content":"{\"out_trade_no\":\"2018041212503347583\",\"scene\":\"bar_code\",\"auth_code\":\"285056440929777333\",\"subject\":\"\\u8ba2\\u5355\\u53f7:2018041212503347583\",\"seller_id\":\"2088821827997030\",\"total_amount\":200,\"extend_params\":{\"sys_service_provider_id\":\"2088721521881652\"}}","sign":"QHDMWgQ6PmnpjoCTWWLCqgSiZR5fi+e0zR5Fh8JmZGpB3p8Uuh9U9U++i\/WkKyteDEOXvpG\/Exb3H+ETbQJBt9XNvVtjCNWmKQLiqJ8CvFZ7Hd1TcXiRnjrjAXqUD4zLz6weZtQJFYTAVlJjvnIxgi7ZVcG8DjfS1BbpQMMPmYw="}

2018-04-12 12:50:34 {"alipay_trade_pay_response":{"code":"10000","msg":"Success","buyer_logon_id":"185****2990","buyer_pay_amount":"200.00","buyer_user_id":"2088022926720587","fund_bill_list":[{"amount":"200.00","fund_channel":"ALIPAYACCOUNT"}],"gmt_payment":"2018-04-12 12:50:34","invoice_amount":"200.00","out_trade_no":"2018041212503347583","point_amount":"0.00","receipt_amount":"200.00","total_amount":"200.00","trade_no":"2018041221001004580541315288"},"sign":"BcKSmv6Dqt76BgxDgG2hcLyr0AxZSixXdF7m/P0rGAOCLsZfdoeZYZ+9FtO+BkIwluwcxoj61Japdt31xDMlXVPL9nsgHy+/dWT8zUqa8N22x/Qg3yi2KDkAkccNm9hgFDybmgUK2LXSr8xx/afmv9j9LsL3ZOPqXPxqaoDc+9c="}

2018-04-12 12:54:31 {"merchant_id":"1499456762","key":"","authCode":"134623713255201237","order_sn":"2018041212543140469","price":21}

2018-04-12 13:32:40 {"merchant_id":"1499456762","key":"","authCode":"134506686388238870","order_sn":"2018041213324044875","price":9}

2018-04-12 13:34:48 {"merchant_id":"1499456762","key":"","authCode":"134535325228008992","order_sn":"2018041213344832722","price":8}

2018-04-12 13:45:21 {"merchant_id":"1499456762","key":"","authCode":"134669419946783281","order_sn":"2018041213452131828","price":38.5}

2018-04-12 14:11:28 {"merchant_id":"1499456762","key":"","authCode":"134599784708672021","order_sn":"2018041214112838836","price":24}

2018-04-12 14:22:45 {"merchant_id":"1499456762","key":"","authCode":"135117296466328357","order_sn":"2018041214224575137","price":14}

2018-04-12 14:24:51 {"merchant_id":"1499456762","key":"","authCode":"134547036138902440","order_sn":"2018041214245156325","price":14}

2018-04-12 14:42:38 {"merchant_id":"1499456762","key":"","authCode":"134550397508918290","order_sn":"2018041214423844528","price":42.5}

2018-04-12 14:46:53 {"merchant_id":"1499456762","key":"","authCode":"134706897043849424","order_sn":"2018041214465395540","price":25}

2018-04-12 14:48:04 {"merchant_id":"1499456762","key":"","authCode":"134580648730372411","order_sn":"2018041214480434884","price":6}

2018-04-12 14:54:02 {"merchant_id":"1499456762","key":"","authCode":"134506585724385771","order_sn":"2018041214540295230","price":32}

2018-04-12 15:14:09 {"merchant_id":"1499456762","key":"","authCode":"134926321067753948","order_sn":"2018041215140967534","price":14}

2018-04-12 15:22:26 {"merchant_id":"1490350062","key":"","authCode":"134733264254587239","order_sn":"2018041215222664843","price":100}

2018-04-12 15:30:05 {"merchant_id":"1499456762","key":"","authCode":"134665452163081804","order_sn":"2018041215300561306","price":128}

2018-04-12 15:40:50 {"merchant_id":"1499456762","key":"","authCode":"134815318040330853","order_sn":"2018041215404937175","price":33}

2018-04-12 15:45:50 {"merchant_id":"1499456762","key":"","authCode":"134854086449836862","order_sn":"2018041215455033230","price":15}

2018-04-12 15:47:43 {"merchant_id":"1499456762","key":"","authCode":"134999651256754150","order_sn":"2018041215474335554","price":36}

2018-04-12 15:57:12 {"merchant_id":"1493159782","key":"","authCode":"135174924076827481","order_sn":"2018041215571273953","price":300}

2018-04-12 16:34:10 {"merchant_id":"1499456762","key":"","authCode":"135281041989178035","order_sn":"2018041216341079361","price":38}

2018-04-12 16:34:56 {"merchant_id":"1499456762","key":"","authCode":"134733688202714193","order_sn":"2018041216345685569","price":5}

2018-04-12 16:40:33 {"merchant_id":"1499456762","key":"","authCode":"134728615468567945","order_sn":"2018041216403386730","price":32}

2018-04-12 16:47:20 {"merchant_id":"1499456762","key":"","authCode":"134562908583382793","order_sn":"2018041216472076147","price":41}

2018-04-12 16:47:55 {"merchant_id":"1499456762","key":"","authCode":"134607187775112391","order_sn":"2018041216475516261","price":22}

2018-04-12 16:49:53 {"merchant_id":"1499456762","key":"","authCode":"134749116070378229","order_sn":"2018041216495331635","price":5}

2018-04-12 16:50:22 {"merchant_id":"1499456762","key":"","authCode":"134554084958912878","order_sn":"2018041216502232171","price":12}

2018-04-12 16:55:59 {"merchant_id":"1499456762","key":"","authCode":"134742161556553073","order_sn":"2018041216555936767","price":22}

2018-04-12 16:58:08 {"merchant_id":"1499456762","key":"","authCode":"134960668661613505","order_sn":"2018041216580860199","price":14}

2018-04-12 17:05:32 {"merchant_id":"1499456762","key":"","authCode":"135142328892713400","order_sn":"2018041217053277562","price":56}

2018-04-12 17:12:51 {"merchant_id":"1499456762","key":"","authCode":"134923702253125975","order_sn":"2018041217125127304","price":6}

2018-04-12 17:22:21 {"merchant_id":"1499456762","key":"","authCode":"134730597047580077","order_sn":"2018041217222115776","price":8}

2018-04-12 17:26:26 {"merchant_id":"1499456762","key":"","authCode":"134565059145898377","order_sn":"2018041217262510764","price":55}

2018-04-12 17:36:39 {"merchant_id":"1499456762","key":"","authCode":"134650207214624871","order_sn":"2018041217363949474","price":62}

2018-04-12 17:39:19 {"merchant_id":"1499456762","key":"","authCode":"134577674834162427","order_sn":"2018041217391985351","price":6}

2018-04-12 17:47:19 {"merchant_id":"1499456762","key":"","authCode":"134531050400536563","order_sn":"2018041217471912916","price":39}

2018-04-12 17:49:10 {"merchant_id":"1499456762","key":"","authCode":"134547770145793019","order_sn":"2018041217491025994","price":35}

2018-04-12 17:50:05 {"merchant_id":"1499456762","key":"","authCode":"135332469749344105","order_sn":"2018041217500516466","price":52.5}

2018-04-12 17:50:43 {"merchant_id":"1499456762","key":"","authCode":"134508910831225259","order_sn":"2018041217504376962","price":15}

2018-04-12 17:53:59 {"merchant_id":"2088822285099072","key":"201710BBaa55e11a995b41488709d94fe3bfbX07","authCode":"285867384602333074","order_sn":"2018041217535910715","price":500}

2018-04-12 17:53:59 {"app_id":"2017071207730667","method":"alipay.trade.pay","charset":"utf-8","sign_type":"RSA","app_auth_token":"201710BBaa55e11a995b41488709d94fe3bfbX07","timestamp":"2018-04-12 17:53:59","version":"1.0","biz_content":"{\"out_trade_no\":\"2018041217535910715\",\"scene\":\"bar_code\",\"auth_code\":\"285867384602333074\",\"subject\":\"\\u8ba2\\u5355\\u53f7:2018041217535910715\",\"seller_id\":\"2088822285099072\",\"total_amount\":500,\"extend_params\":{\"sys_service_provider_id\":\"2088721521881652\"}}","sign":"DoEy+Q34\/hg5HoaosQXvGrKqPTk2rMvTdOJfAq73mWAqdPRnmcc86T5UUs5iYiMf+4p\/fa0fRozIccJJsO6MFUcxhdeGP36x3aHiPlSNBiKRRey2M5mCnlJHXZ\/V6SpAKwV5six5EI3dwLfroyM\/JnzIXxya\/K3yXqFiA4aX45c="}

2018-04-12 17:54:01 {"alipay_trade_pay_response":{"code":"10000","msg":"Success","buyer_logon_id":"181****9263","buyer_pay_amount":"500.00","buyer_user_id":"2088522763148181","fund_bill_list":[{"amount":"500.00","fund_channel":"ALIPAYACCOUNT"}],"gmt_payment":"2018-04-12 17:54:01","invoice_amount":"500.00","out_trade_no":"2018041217535910715","point_amount":"0.00","receipt_amount":"500.00","total_amount":"500.00","trade_no":"2018041221001004180534736607"},"sign":"cz4zD3WYo4siYkNkEAVqirM/e0v4ChP6FRR0SrDr7zS4U+AmMVCYVoj+UVbMenntTruVfCy/u8qwhl4LSP4xzcaff46QJyW6XAqqKxVbWq68RQUZvdhdTQO+DL7AA8t2FisFyskb5kvJS6AcLV2gUYw46o+kwd4jIrbBH3B1tto="}

2018-04-12 17:54:41 {"merchant_id":"1499456762","key":"","authCode":"134601247941914351","order_sn":"2018041217544095924","price":14}

2018-04-12 18:11:26 {"merchant_id":"1499456762","key":"","authCode":"134945436073699448","order_sn":"2018041218112611638","price":29}

2018-04-12 18:21:21 {"merchant_id":"1499456762","key":"","authCode":"134655479021812273","order_sn":"2018041218212164193","price":32}

2018-04-12 18:33:58 {"merchant_id":"1499456762","key":"","authCode":"134536896206177193","order_sn":"2018041218335872054","price":21}

2018-04-12 18:41:33 {"merchant_id":"1499456762","key":"","authCode":"134697783224251313","order_sn":"2018041218413394957","price":30}

2018-04-12 18:42:28 {"merchant_id":"1499456762","key":"","authCode":"135229193322876512","order_sn":"2018041218422831842","price":37.5}

2018-04-12 18:43:56 {"merchant_id":"1499456762","key":"","authCode":"135335252604449531","order_sn":"2018041218435684671","price":6}

2018-04-12 18:46:47 {"merchant_id":"1499456762","key":"","authCode":"134783673064089896","order_sn":"2018041218464788127","price":18}

2018-04-12 19:03:02 {"merchant_id":"1493159782","key":"","authCode":"134650572300083711","order_sn":"2018041219030250408","price":500}

2018-04-12 19:11:28 {"merchant_id":"1499456762","key":"","authCode":"134781505817542389","order_sn":"2018041219112845121","price":27.5}

2018-04-12 19:20:30 {"merchant_id":"1499456762","key":"","authCode":"134626259414056053","order_sn":"2018041219203015899","price":14}

2018-04-12 19:21:58 {"merchant_id":"1499456762","key":"","authCode":"135246708293567980","order_sn":"2018041219215836645","price":23}

2018-04-12 19:22:10 {"merchant_id":"1499456762","key":"","authCode":"134928897585551760","order_sn":"2018041219221051262","price":14}

2018-04-12 19:31:54 {"merchant_id":"1499456762","key":"","authCode":"134576977926045282","order_sn":"2018041219315495157","price":10}

2018-04-12 19:33:08 {"merchant_id":"1499456762","key":"","authCode":"134784133210463885","order_sn":"2018041219330710167","price":29}

2018-04-12 19:42:27 {"merchant_id":"1499456762","key":"","authCode":"134562052383822250","order_sn":"2018041219422740424","price":9}

2018-04-12 19:46:24 {"merchant_id":"1499456762","key":"","authCode":"134514886848712966","order_sn":"2018041219462454102","price":22}

2018-04-12 19:48:16 {"merchant_id":"1499456762","key":"","authCode":"134530612945136107","order_sn":"2018041219481619807","price":42}

2018-04-12 19:52:20 {"merchant_id":"1499456762","key":"","authCode":"134567677872069019","order_sn":"2018041219522068235","price":4}

2018-04-12 20:11:18 {"merchant_id":"1499456762","key":"","authCode":"134624931478897102","order_sn":"2018041220111872854","price":9}

2018-04-12 20:16:21 {"merchant_id":"2088821827997030","key":"201711BBc699bef5cde842dba6fa5c6bdc706A03","authCode":"284815683550991563","order_sn":"2018041220162172002","price":900}

2018-04-12 20:16:21 {"app_id":"2017071207730667","method":"alipay.trade.pay","charset":"utf-8","sign_type":"RSA","app_auth_token":"201711BBc699bef5cde842dba6fa5c6bdc706A03","timestamp":"2018-04-12 20:16:21","version":"1.0","biz_content":"{\"out_trade_no\":\"2018041220162172002\",\"scene\":\"bar_code\",\"auth_code\":\"284815683550991563\",\"subject\":\"\\u8ba2\\u5355\\u53f7:2018041220162172002\",\"seller_id\":\"2088821827997030\",\"total_amount\":900,\"extend_params\":{\"sys_service_provider_id\":\"2088721521881652\"}}","sign":"XuAwGlTjjHqZDa4MRrHScfoDpb2m1qYDg1LC3bAz74fL6MWV+9dWXTWPpQpWfSVPW3LaxxL9sCE0SL1nB5\/wLm+4vTU+rDTzEzaMjVOUUwUuE3\/eUKdMNbk1bn+DQAQu2jPDQskRmGswx6pB3TimIdew3sTsP1t\/IsKmBcRWLPw="}

2018-04-12 20:16:22 {"alipay_trade_pay_response":{"code":"10000","msg":"Success","buyer_logon_id":"960***@qq.com","buyer_pay_amount":"900.00","buyer_user_id":"2088802637107251","fund_bill_list":[{"amount":"900.00","fund_channel":"PCREDIT"}],"gmt_payment":"2018-04-12 20:16:22","invoice_amount":"900.00","out_trade_no":"2018041220162172002","point_amount":"0.00","receipt_amount":"900.00","total_amount":"900.00","trade_no":"2018041221001004250555645265"},"sign":"oNGgHv5xR1+C47CQq+XUzUw/pfcw+hxd+nNWrMoiCJbyPqjcdl6ZpovJS4U/uvblon/x9TbSV6iB8tF+u/kQWGAGPjychFUIjdPLGqW68hSf1bD5vi4p6NAKfYs2HcIKtgqMPyMXFZZh5ytsbSdhDXm5LheDR1li80p2egOm62Q="}

2018-04-12 20:16:37 {"merchant_id":"1499456762","key":"","authCode":"135050394091957517","order_sn":"2018041220163785503","price":13.5}

2018-04-12 20:25:28 {"merchant_id":"1499456762","key":"","authCode":"134942538342092428","order_sn":"2018041220252895563","price":41}

2018-04-12 20:26:20 {"merchant_id":"1499456762","key":"","authCode":"134535581123327360","order_sn":"2018041220262070893","price":30}

2018-04-12 20:28:06 {"merchant_id":"1499456762","key":"","authCode":"134618215462863728","order_sn":"2018041220280642846","price":39}

2018-04-12 20:36:40 {"merchant_id":"2088822285099072","key":"201710BBaa55e11a995b41488709d94fe3bfbX07","authCode":"287658998750595170","order_sn":"2018041220364031579","price":300}

2018-04-12 20:36:40 {"app_id":"2017071207730667","method":"alipay.trade.pay","charset":"utf-8","sign_type":"RSA","app_auth_token":"201710BBaa55e11a995b41488709d94fe3bfbX07","timestamp":"2018-04-12 20:36:40","version":"1.0","biz_content":"{\"out_trade_no\":\"2018041220364031579\",\"scene\":\"bar_code\",\"auth_code\":\"287658998750595170\",\"subject\":\"\\u8ba2\\u5355\\u53f7:2018041220364031579\",\"seller_id\":\"2088822285099072\",\"total_amount\":300,\"extend_params\":{\"sys_service_provider_id\":\"2088721521881652\"}}","sign":"Bx1WDxAtSAVfUzgtuJZ1KJKvGtKYEDj+qxfOI6bRqu3ZXDC7HQpD67YItbu\/n0srY5N7JCTgVQw0bOM3wmWqq1led+FY+nhJ4vpF4z21+w3D7LQZvhSxo7Ii1RS815YouMAyGO8DmV9+URTzaPoBLAYTN2tCDsrLQ+w8d5iPW\/I="}

2018-04-12 20:36:41 {"alipay_trade_pay_response":{"code":"10000","msg":"Success","buyer_logon_id":"189****3456","buyer_pay_amount":"300.00","buyer_user_id":"2088412946810070","fund_bill_list":[{"amount":"300.00","fund_channel":"PCREDIT"}],"gmt_payment":"2018-04-12 20:36:41","invoice_amount":"300.00","out_trade_no":"2018041220364031579","point_amount":"0.00","receipt_amount":"300.00","total_amount":"300.00","trade_no":"2018041221001004070541908652"},"sign":"rT2rF47fg6lC7qJy29eCqX3v6vWgOd0DTidxAAYwgZuV8+ziNrQ4fezMZs7WxZqfm8AXVgnczAyiUXyn7XA/AKi3/ECQyJIOQsGa6hrL+bfic7Ry+bSwLHwWbtY6KfoqNXAE4Tyhm3RLGiMNkeqLgx28e7TIc/e7P6YenN2tvj0="}

2018-04-12 20:42:16 {"merchant_id":"1490350062","key":"","authCode":"134759354999992755","order_sn":"2018041220421675322","price":100}

2018-04-12 20:58:18 {"merchant_id":"1499456762","key":"","authCode":"134526182477899646","order_sn":"2018041220581836912","price":24}

2018-04-12 21:11:43 {"merchant_id":"1499456762","key":"","authCode":"135143900168059521","order_sn":"2018041221114313404","price":84}

2018-04-12 21:12:22 {"merchant_id":"2088822285099072","key":"201710BBaa55e11a995b41488709d94fe3bfbX07","authCode":"283900008561271071","order_sn":"2018041221122237881","price":148}

2018-04-12 21:12:22 {"app_id":"2017071207730667","method":"alipay.trade.pay","charset":"utf-8","sign_type":"RSA","app_auth_token":"201710BBaa55e11a995b41488709d94fe3bfbX07","timestamp":"2018-04-12 21:12:22","version":"1.0","biz_content":"{\"out_trade_no\":\"2018041221122237881\",\"scene\":\"bar_code\",\"auth_code\":\"283900008561271071\",\"subject\":\"\\u8ba2\\u5355\\u53f7:2018041221122237881\",\"seller_id\":\"2088822285099072\",\"total_amount\":148,\"extend_params\":{\"sys_service_provider_id\":\"2088721521881652\"}}","sign":"YBXNY7Xd2NG1PKx2PaO+PzzQXIILLRw07p3p3PQMFEI9\/18Y6O6ejOTMhaEoJFy6qTLjt724fXa6LxJ12nXGCiOILLzPFoiPtDpmQNpHelmIfOT8hFEOSYJLWP0RY34Rt2hTpMC8CSwnG2Es+xgkjwAwckGk0rC9eqhy9F\/rlag="}

2018-04-12 21:12:23 {"alipay_trade_pay_response":{"code":"10000","msg":"Success","buyer_logon_id":"181****3333","buyer_pay_amount":"148.00","buyer_user_id":"2088512137280533","fund_bill_list":[{"amount":"148.00","fund_channel":"ALIPAYACCOUNT"}],"gmt_payment":"2018-04-12 21:12:23","invoice_amount":"148.00","out_trade_no":"2018041221122237881","point_amount":"0.00","receipt_amount":"148.00","total_amount":"148.00","trade_no":"2018041221001004530518934094"},"sign":"kpxRgp1T+duvu+XWYYLr3nYn0LCthennjx2lJ0wFMEL2BUJhDKSonYdOD8BQPBIkBbPyPWtDQfrT5K0BJ1DIX4YG8eOMCe/Uve+Sb4+o9/o/J7KiQ7Pu5E7lySzENaWBrJ/4nTlwOHWeY5lVKJA3RDFsI4ONnOAM0yRA1yJ+200="}

2018-04-12 21:19:39 {"merchant_id":"1499456762","key":"","authCode":"134562542699095063","order_sn":"2018041221193980782","price":14}

2018-04-12 21:28:28 {"merchant_id":"1499456762","key":"","authCode":"134695466855262332","order_sn":"2018041221282868312","price":23}

2018-04-12 22:16:14 {"merchant_id":"1493159782","key":"","authCode":"134774630269795443","order_sn":"2018041222161413302","price":25}

2018-04-12 22:40:56 {"merchant_id":"1490350062","key":"","authCode":"134507873680871571","order_sn":"2018041222405636693","price":200}

2018-04-12 23:07:04 {"merchant_id":"1490350062","key":"","authCode":"134696064419231261","order_sn":"2018041223070413811","price":300}

2018-04-12 23:14:11 {"merchant_id":"1490350062","key":"","authCode":"134515529509543355","order_sn":"2018041223141168830","price":600}

