2018-06-17 00:39:57 {"merchant_id":"2088822285099072","key":"201710BBaa55e11a995b41488709d94fe3bfbX07","authCode":"280442999212629339","order_sn":"2018061700395777719","price":500}

2018-06-17 00:39:57 {"app_id":"2017071207730667","method":"alipay.trade.pay","charset":"utf-8","sign_type":"RSA","app_auth_token":"201710BBaa55e11a995b41488709d94fe3bfbX07","timestamp":"2018-06-17 00:39:57","version":"1.0","biz_content":"{\"out_trade_no\":\"2018061700395777719\",\"scene\":\"bar_code\",\"auth_code\":\"280442999212629339\",\"subject\":\"\\u8ba2\\u5355\\u53f7:2018061700395777719\",\"seller_id\":\"2088822285099072\",\"total_amount\":500,\"extend_params\":{\"sys_service_provider_id\":\"2088721521881652\"}}","sign":"MR+iEB0AU0Ou8K4uQpGUKbUZd0y+\/dwtSPsIlr1V6hfTFxNzxo5ovLJXQ87yJ3Ocfq\/fhU3bJ3DzinCwtVaR3C\/TJIIM3x3qu7TL3aSJoGjgea0PdDh1tpxceEFMvCPrhIN92ybYNZm0rFSty37dOcqR\/sElcvecWzDPc9qMbXQ="}

2018-06-17 00:39:57 {"alipay_trade_pay_response":{"code":"10000","msg":"Success","buyer_logon_id":"180****9791","buyer_pay_amount":"500.00","buyer_user_id":"2088012848500671","fund_bill_list":[{"amount":"500.00","fund_channel":"ALIPAYACCOUNT"}],"gmt_payment":"2018-06-17 00:39:57","invoice_amount":"500.00","out_trade_no":"2018061700395777719","point_amount":"0.00","receipt_amount":"500.00","total_amount":"500.00","trade_no":"2018061721001004670503374390"},"sign":"Vkr2RNPlJ4cU7BxKfIQOBqXLthiroDv46xjb6le9Kttp0jiuU/flX89D/JpuZa7S6+P3WUb0NJqOv2XjDp1DpEb6B6Wpl7ziOhbcdhkopjscv9sp2PTBNTqV6LTnCb07BEzJVXPLdnqtV1a7dFUsxOHOJ/vR0K+40KQVEPIWTb4="}

2018-06-17 01:34:38 {"merchant_id":"2088822285099072","key":"201710BBaa55e11a995b41488709d94fe3bfbX07","authCode":"289334862521760548","order_sn":"2018061701343818865","price":300}

2018-06-17 01:34:38 {"app_id":"2017071207730667","method":"alipay.trade.pay","charset":"utf-8","sign_type":"RSA","app_auth_token":"201710BBaa55e11a995b41488709d94fe3bfbX07","timestamp":"2018-06-17 01:34:38","version":"1.0","biz_content":"{\"out_trade_no\":\"2018061701343818865\",\"scene\":\"bar_code\",\"auth_code\":\"289334862521760548\",\"subject\":\"\\u8ba2\\u5355\\u53f7:2018061701343818865\",\"seller_id\":\"2088822285099072\",\"total_amount\":300,\"extend_params\":{\"sys_service_provider_id\":\"2088721521881652\"}}","sign":"OOSMcvtpnHEkxU5B+w9PV3Sy4SAF6gpdVD+6A2jsyFPoskOf6l3zX10xCbGBpAQExusAwmCsTPRdgfEBDgUkzTh6q5M7Q9BuC8gDJrN0a1kM7c56tP+DvTn7E2OWtSOiQNR5WwIlfXnFMRemkA96P4Us9QwPMZYO7W+O3e5uE78="}

2018-06-17 01:34:39 {"alipay_trade_pay_response":{"code":"10000","msg":"Success","buyer_logon_id":"187****9944","buyer_pay_amount":"300.00","buyer_user_id":"2088022105263685","fund_bill_list":[{"amount":"300.00","fund_channel":"ALIPAYACCOUNT"}],"gmt_payment":"2018-06-17 01:34:39","invoice_amount":"300.00","out_trade_no":"2018061701343818865","point_amount":"0.00","receipt_amount":"300.00","total_amount":"300.00","trade_no":"2018061721001004680597603715"},"sign":"Lp0zmZ8OZ1vx/PQKdkyJe5bx69eCleRuRp4MPgrla9qz0k3SbXoYabZFEICbVaDdOoOla52oGZChwiSCGphT9nkeVoxf8hQp7DaqrSHnbibQoVFMg33x+uqh7OQHDYeHZnFzLnqkF6fYFIwcJU9BMiEriU8MC3iWVeENQXcBGJI="}

2018-06-17 08:01:25 {"merchant_id":"1490350062","key":"","authCode":"134774040949489979","order_sn":"2018061708012530988","price":158}

2018-06-17 08:47:48 {"merchant_id":"1499456762","key":"","authCode":"134661767627634328","order_sn":"2018061708474865024","price":30}

2018-06-17 09:01:19 {"merchant_id":"1499456762","key":"","authCode":"135262623411620401","order_sn":"2018061709011993059","price":300}

2018-06-17 09:01:38 {"merchant_id":"1499456762","key":"","authCode":"134699016496531488","order_sn":"2018061709013839861","price":198}

2018-06-17 09:06:12 {"merchant_id":"1499456762","key":"","authCode":"134600266508204002","order_sn":"2018061709061290713","price":6.5}

2018-06-17 09:18:07 {"merchant_id":"1499456762","key":"","authCode":"134745289813958895","order_sn":"2018061709180768057","price":6}

2018-06-17 09:28:07 {"merchant_id":"1499456762","key":"","authCode":"134536451294341271","order_sn":"2018061709280711136","price":49.5}

2018-06-17 09:40:56 {"merchant_id":"1499456762","key":"","authCode":"134828083674397217","order_sn":"2018061709405696972","price":198}

2018-06-17 09:51:27 {"merchant_id":"1499456762","key":"","authCode":"134597977414531127","order_sn":"2018061709512744091","price":32}

2018-06-17 09:58:58 {"merchant_id":"1499456762","key":"","authCode":"134703854459258214","order_sn":"2018061709585858523","price":100}

2018-06-17 10:03:57 {"merchant_id":"1499456762","key":"","authCode":"135694208311347089","order_sn":"2018061710035760639","price":300}

2018-06-17 10:08:44 {"merchant_id":"1499456762","key":"","authCode":"134620369320166145","order_sn":"2018061710084419431","price":300}

2018-06-17 10:14:13 {"merchant_id":"1499456762","key":"","authCode":"134871024944838613","order_sn":"2018061710141339787","price":300}

2018-06-17 10:15:55 {"merchant_id":"1499456762","key":"","authCode":"134787569896303333","order_sn":"2018061710155511628","price":128}

2018-06-17 10:19:20 {"merchant_id":"1499456762","key":"","authCode":"134809803395724172","order_sn":"2018061710192091926","price":172}

2018-06-17 10:23:35 {"merchant_id":"1499456762","key":"","authCode":"134735817795449178","order_sn":"2018061710233521622","price":22}

2018-06-17 10:27:09 {"merchant_id":"1499456762","key":"","authCode":"135258761354182460","order_sn":"2018061710270974565","price":128}

2018-06-17 10:30:10 {"merchant_id":"1499456762","key":"","authCode":"134543377421866103","order_sn":"2018061710301090195","price":12}

2018-06-17 10:32:02 {"merchant_id":"1499456762","key":"","authCode":"134616716488178607","order_sn":"2018061710320243708","price":200}

2018-06-17 10:44:51 {"merchant_id":"1499456762","key":"","authCode":"134871216259952787","order_sn":"2018061710445128644","price":20}

2018-06-17 10:50:24 {"merchant_id":"1499456762","key":"","authCode":"134778053153982710","order_sn":"2018061710502488116","price":26}

2018-06-17 10:51:39 {"merchant_id":"1490350062","key":"","authCode":"135205084812087652","order_sn":"2018061710513958314","price":276}

2018-06-17 10:53:26 {"merchant_id":"1490350062","key":"","authCode":"135082714102899228","order_sn":"2018061710532655735","price":300}

2018-06-17 10:56:51 {"merchant_id":"1499456762","key":"","authCode":"134708514053952960","order_sn":"2018061710565174248","price":48}

2018-06-17 11:01:59 {"merchant_id":"1499456762","key":"","authCode":"134626009652250737","order_sn":"2018061711015954270","price":38}

2018-06-17 11:08:36 {"merchant_id":"1490350062","key":"","authCode":"134594169028439864","order_sn":"2018061711083679129","price":200}

2018-06-17 11:08:43 {"merchant_id":"1499456762","key":"","authCode":"134885410876408899","order_sn":"2018061711084319538","price":53}

2018-06-17 11:12:34 {"merchant_id":"1499456762","key":"","authCode":"134675050583137802","order_sn":"2018061711123470312","price":50}

2018-06-17 11:16:49 {"merchant_id":"1490350062","key":"","authCode":"134825988038536973","order_sn":"2018061711164987217","price":276}

2018-06-17 11:20:21 {"merchant_id":"1499456762","key":"","authCode":"134776142697359933","order_sn":"2018061711202160864","price":21}

2018-06-17 11:38:29 {"merchant_id":"1493159782","key":"","authCode":"135141488870952243","order_sn":"2018061711382969334","price":200}

2018-06-17 11:46:39 {"merchant_id":"1499456762","key":"","authCode":"134631847627857164","order_sn":"2018061711463977339","price":212}

2018-06-17 11:47:53 {"merchant_id":"1499456762","key":"","authCode":"134929217495850381","order_sn":"2018061711475384585","price":38}

2018-06-17 11:48:46 {"merchant_id":"1499456762","key":"","authCode":"134547150040971699","order_sn":"2018061711484615125","price":12}

2018-06-17 11:53:51 {"merchant_id":"1499456762","key":"","authCode":"134711714775587149","order_sn":"2018061711535124433","price":141}

2018-06-17 11:58:01 {"merchant_id":"1499456762","key":"","authCode":"134790095572853514","order_sn":"2018061711580174405","price":500}

2018-06-17 12:07:05 {"merchant_id":"1499456762","key":"","authCode":"134600094206730780","order_sn":"2018061712070543323","price":6}

2018-06-17 12:07:44 {"merchant_id":"1499456762","key":"","authCode":"135098039936493351","order_sn":"2018061712074422091","price":15}

2018-06-17 12:07:59 {"merchant_id":"1499456762","key":"","authCode":"134600615035339776","order_sn":"2018061712075969646","price":15}

2018-06-17 12:18:08 {"merchant_id":"1499456762","key":"","authCode":"134766960805783823","order_sn":"2018061712180894994","price":128}

2018-06-17 12:19:48 {"merchant_id":"1499456762","key":"","authCode":"134590792930542000","order_sn":"2018061712194882560","price":17}

2018-06-17 12:20:46 {"merchant_id":"1499456762","key":"","authCode":"134666984378005955","order_sn":"2018061712204648664","price":3}

2018-06-17 12:33:14 {"merchant_id":"1499456762","key":"","authCode":"134823983733933196","order_sn":"2018061712331494323","price":6}

2018-06-17 12:44:14 {"merchant_id":"2088821827997030","key":"201711BBc699bef5cde842dba6fa5c6bdc706A03","authCode":"281034587332115206","order_sn":"2018061712441485428","price":158}

2018-06-17 12:44:14 {"app_id":"2017071207730667","method":"alipay.trade.pay","charset":"utf-8","sign_type":"RSA","app_auth_token":"201711BBc699bef5cde842dba6fa5c6bdc706A03","timestamp":"2018-06-17 12:44:14","version":"1.0","biz_content":"{\"out_trade_no\":\"2018061712441485428\",\"scene\":\"bar_code\",\"auth_code\":\"281034587332115206\",\"subject\":\"\\u8ba2\\u5355\\u53f7:2018061712441485428\",\"seller_id\":\"2088821827997030\",\"total_amount\":158,\"extend_params\":{\"sys_service_provider_id\":\"2088721521881652\"}}","sign":"ZyW0tVOG2GUtFgKw26ZvsrDhEgOWuKBSoi+ebfA3zVepa+QNHK5WH8F\/xgXS3BMuSv1KqqTxxwFA3rWoUEnRrU0uwk5w4Lifk6B1SCKuEhTgwjlh1KIfQsBFy51jH54cNv7mMK\/rdZTADXmnq24RKd5aazYoQGhYY2xmhQDoFxU="}

2018-06-17 12:44:15 {"alipay_trade_pay_response":{"code":"10000","msg":"Success","buyer_logon_id":"199****3777","buyer_pay_amount":"158.00","buyer_user_id":"2088702531875404","fund_bill_list":[{"amount":"158.00","fund_channel":"ALIPAYACCOUNT"}],"gmt_payment":"2018-06-17 12:44:15","invoice_amount":"158.00","out_trade_no":"2018061712441485428","point_amount":"0.00","receipt_amount":"158.00","total_amount":"158.00","trade_no":"2018061721001004400599362382"},"sign":"vZT5J8fEA7CZqVgQDqvSDswsG7mMNJLhaGZWBQs+Du4yNlIX8YtgH83VcAV7vRTUYpLvjU9ffT636mhDOlbd5k2KMEnVEMB55bFvAsaSE+QW1mHjFP7KhozHSev57EndgoHJSrP4Nn3wthbYdYbyfor2Gqg4LZ9IabFKmok/K30="}

2018-06-17 12:44:54 {"merchant_id":"1490350062","key":"","authCode":"134505342681391368","order_sn":"2018061712445478009","price":100}

2018-06-17 13:09:09 {"merchant_id":"1499456762","key":"","authCode":"134520229740072032","order_sn":"2018061713090936559","price":8}

2018-06-17 13:31:25 {"merchant_id":"1490350062","key":"","authCode":"134851126916598626","order_sn":"2018061713312543484","price":200}

2018-06-17 13:44:23 {"merchant_id":"1499456762","key":"","authCode":"134670802092053694","order_sn":"2018061713442391746","price":18}

2018-06-17 13:54:42 {"merchant_id":"1499456762","key":"","authCode":"134706015569161687","order_sn":"2018061713544229414","price":18}

2018-06-17 14:09:34 {"merchant_id":"1499456762","key":"","authCode":"135387191533209802","order_sn":"2018061714093448409","price":198}

2018-06-17 14:20:24 {"merchant_id":"1499456762","key":"","authCode":"134551226365424946","order_sn":"2018061714202475985","price":14}

2018-06-17 14:21:11 {"merchant_id":"1499456762","key":"","authCode":"134620356918252193","order_sn":"2018061714211135222","price":9}

2018-06-17 14:25:41 {"merchant_id":"1499456762","key":"","authCode":"135191002399162660","order_sn":"2018061714254150117","price":58}

2018-06-17 14:28:32 {"merchant_id":"1499456762","key":"","authCode":"134539186956842727","order_sn":"2018061714283222076","price":200}

2018-06-17 14:46:00 {"merchant_id":"1499456762","key":"","authCode":"135327285665867694","order_sn":"2018061714460072737","price":128}

2018-06-17 14:49:39 {"merchant_id":"1499456762","key":"","authCode":"134534589968250199","order_sn":"2018061714493971766","price":15}

2018-06-17 15:02:12 {"merchant_id":"1499456762","key":"","authCode":"135051272574965893","order_sn":"2018061715021263167","price":9}

2018-06-17 15:11:14 {"merchant_id":"1499456762","key":"","authCode":"134605095546538437","order_sn":"2018061715111431105","price":200}

2018-06-17 15:55:57 {"merchant_id":"1493159782","key":"","authCode":"135300650641269855","order_sn":"2018061715555715852","price":200}

2018-06-17 15:58:22 {"merchant_id":"1499456762","key":"","authCode":"134676393710133119","order_sn":"2018061715582271929","price":338}

2018-06-17 16:00:20 {"merchant_id":"1499456762","key":"","authCode":"134690068120799718","order_sn":"2018061716002057156","price":61}

2018-06-17 16:05:53 {"merchant_id":"1499456762","key":"","authCode":"134955865641208643","order_sn":"2018061716055397962","price":128}

2018-06-17 16:07:15 {"merchant_id":"1499456762","key":"","authCode":"134611712487199044","order_sn":"2018061716071549396","price":128}

2018-06-17 16:07:57 {"merchant_id":"1499456762","key":"","authCode":"134857900018124106","order_sn":"2018061716075730902","price":13}

2018-06-17 16:08:45 {"merchant_id":"1499456762","key":"","authCode":"134509153627155816","order_sn":"2018061716084576184","price":57}

2018-06-17 16:19:51 {"merchant_id":"1499456762","key":"","authCode":"134629678359421216","order_sn":"2018061716195185293","price":32}

2018-06-17 16:24:35 {"merchant_id":"1499456762","key":"","authCode":"134803826068968669","order_sn":"2018061716243589494","price":13}

2018-06-17 16:25:23 {"merchant_id":"1499456762","key":"","authCode":"134671116884521685","order_sn":"2018061716252311438","price":11}

2018-06-17 16:25:54 {"merchant_id":"1499456762","key":"","authCode":"134978261486132594","order_sn":"2018061716255469951","price":128}

2018-06-17 16:28:08 {"merchant_id":"1499456762","key":"","authCode":"134612863843347805","order_sn":"2018061716280770825","price":50}

2018-06-17 16:28:41 {"merchant_id":"1499456762","key":"","authCode":"134532072443847670","order_sn":"2018061716284142942","price":20}

2018-06-17 16:38:44 {"merchant_id":"1499456762","key":"","authCode":"134704542318025627","order_sn":"2018061716384464278","price":18.5}

2018-06-17 16:40:59 {"merchant_id":"1499456762","key":"","authCode":"134931563199794972","order_sn":"2018061716405933271","price":5}

2018-06-17 16:46:22 {"merchant_id":"1499456762","key":"","authCode":"134623954864100203","order_sn":"2018061716462247629","price":9}

2018-06-17 16:46:31 {"merchant_id":"1499456762","key":"","authCode":"134998002333385441","order_sn":"2018061716463120210","price":6}

2018-06-17 16:47:17 {"merchant_id":"1499456762","key":"","authCode":"134580388310743920","order_sn":"2018061716471767131","price":9}

2018-06-17 16:47:57 {"merchant_id":"1499456762","key":"","authCode":"134782173656665316","order_sn":"2018061716475753095","price":5}

2018-06-17 16:59:48 {"merchant_id":"1499456762","key":"","authCode":"134922127707707117","order_sn":"2018061716594866493","price":13}

2018-06-17 17:04:35 {"merchant_id":"1499456762","key":"","authCode":"134517915247646701","order_sn":"2018061717043519477","price":8}

2018-06-17 17:05:29 {"merchant_id":"1499456762","key":"","authCode":"134566570674906797","order_sn":"2018061717052920819","price":56}

2018-06-17 17:06:08 {"merchant_id":"1499456762","key":"","authCode":"134540682569518497","order_sn":"2018061717060874763","price":35.5}

2018-06-17 17:07:48 {"merchant_id":"1499456762","key":"","authCode":"134603653517378530","order_sn":"2018061717074869648","price":20}

2018-06-17 17:08:28 {"merchant_id":"1499456762","key":"","authCode":"134634253672185496","order_sn":"2018061717082881942","price":25}

2018-06-17 17:09:08 {"merchant_id":"1499456762","key":"","authCode":"134872591387998984","order_sn":"2018061717090891313","price":12}

2018-06-17 17:11:00 {"merchant_id":"1499456762","key":"","authCode":"134634150163880003","order_sn":"2018061717110033552","price":37}

2018-06-17 17:13:01 {"merchant_id":"1499456762","key":"","authCode":"135450656419964665","order_sn":"2018061717130114225","price":30}

2018-06-17 17:13:36 {"merchant_id":"1499456762","key":"","authCode":"134509915814018680","order_sn":"2018061717133696092","price":34}

2018-06-17 17:15:12 {"merchant_id":"1499456762","key":"","authCode":"134867607530443046","order_sn":"2018061717151295525","price":284}

2018-06-17 17:17:39 {"merchant_id":"1499456762","key":"","authCode":"134569889461645011","order_sn":"2018061717173935486","price":20}

2018-06-17 17:19:27 {"merchant_id":"1499456762","key":"","authCode":"134528063541253770","order_sn":"2018061717192789459","price":38}

2018-06-17 17:21:07 {"merchant_id":"1499456762","key":"","authCode":"134643366909248867","order_sn":"2018061717210794381","price":288}

2018-06-17 17:23:02 {"merchant_id":"1499456762","key":"","authCode":"134777971114395044","order_sn":"2018061717230258185","price":28}

2018-06-17 17:23:24 {"merchant_id":"1499456762","key":"","authCode":"135340527232438533","order_sn":"2018061717232429362","price":40}

2018-06-17 17:24:16 {"merchant_id":"1499456762","key":"","authCode":"134612891263329365","order_sn":"2018061717241684171","price":15}

2018-06-17 17:24:44 {"merchant_id":"1499456762","key":"","authCode":"134727996852741809","order_sn":"2018061717244430088","price":5}

2018-06-17 17:30:00 {"merchant_id":"1499456762","key":"","authCode":"134794449612282022","order_sn":"2018061717300022402","price":46}

2018-06-17 17:31:04 {"merchant_id":"1499456762","key":"","authCode":"134503872749441606","order_sn":"2018061717310493152","price":20}

2018-06-17 17:46:58 {"merchant_id":"1499456762","key":"","authCode":"136036497472325258","order_sn":"2018061717465837380","price":20}

2018-06-17 17:48:03 {"merchant_id":"1499456762","key":"","authCode":"134720498344310207","order_sn":"2018061717480396588","price":37}

2018-06-17 17:51:01 {"merchant_id":"1499456762","key":"","authCode":"134573334320982838","order_sn":"2018061717510118271","price":6.5}

2018-06-17 17:57:11 {"merchant_id":"1499456762","key":"","authCode":"134846581929902516","order_sn":"2018061717571180831","price":60}

2018-06-17 17:58:02 {"merchant_id":"1499456762","key":"","authCode":"134642147282204225","order_sn":"2018061717580297376","price":13.5}

2018-06-17 17:58:29 {"merchant_id":"1499456762","key":"","authCode":"134537037121663015","order_sn":"2018061717582932086","price":200}

2018-06-17 18:00:22 {"merchant_id":"1499456762","key":"","authCode":"134926233119827468","order_sn":"2018061718002273790","price":24}

2018-06-17 18:01:24 {"merchant_id":"1499456762","key":"","authCode":"134857811998165799","order_sn":"2018061718012431568","price":23}

2018-06-17 18:02:40 {"merchant_id":"1499456762","key":"","authCode":"135051616041252426","order_sn":"2018061718024059266","price":27}

2018-06-17 18:06:22 {"merchant_id":"1499456762","key":"","authCode":"134611670125652006","order_sn":"2018061718062226872","price":47}

2018-06-17 18:06:46 {"merchant_id":"1499456762","key":"","authCode":"134532794744500467","order_sn":"2018061718064671839","price":31}

2018-06-17 18:08:37 {"merchant_id":"1493159782","key":"","authCode":"134599190885177403","order_sn":"2018061718083747548","price":300}

2018-06-17 18:11:21 {"merchant_id":"1499456762","key":"","authCode":"134774226827984816","order_sn":"2018061718112181951","price":20}

2018-06-17 18:11:44 {"merchant_id":"1499456762","key":"","authCode":"134615965268489305","order_sn":"2018061718114494579","price":20}

2018-06-17 18:13:56 {"merchant_id":"1499456762","key":"","authCode":"134917581968915363","order_sn":"2018061718135687619","price":5}

2018-06-17 18:15:00 {"merchant_id":"1499456762","key":"","authCode":"134695849974236167","order_sn":"2018061718150067158","price":200}

2018-06-17 18:21:16 {"merchant_id":"1499456762","key":"","authCode":"134519965237100186","order_sn":"2018061718211666502","price":18}

2018-06-17 18:22:41 {"merchant_id":"1499456762","key":"","authCode":"134944688552822376","order_sn":"2018061718224138630","price":38}

2018-06-17 18:34:26 {"merchant_id":"1499456762","key":"","authCode":"134613358764380251","order_sn":"2018061718342640308","price":115}

2018-06-17 18:37:37 {"merchant_id":"1499456762","key":"","authCode":"134514024272751547","order_sn":"2018061718373740820","price":28}

2018-06-17 18:40:53 {"merchant_id":"1499456762","key":"","authCode":"134512555339592620","order_sn":"2018061718405319329","price":28}

2018-06-17 18:46:10 {"merchant_id":"1499456762","key":"","authCode":"134758950217418442","order_sn":"2018061718461085628","price":8}

2018-06-17 18:51:47 {"merchant_id":"1499456762","key":"","authCode":"135257051521254119","order_sn":"2018061718514680595","price":26}

2018-06-17 18:53:35 {"merchant_id":"1499456762","key":"","authCode":"134844596960074825","order_sn":"2018061718533583784","price":4}

2018-06-17 18:58:26 {"merchant_id":"1499456762","key":"","authCode":"134733006414516813","order_sn":"2018061718582684326","price":44}

2018-06-17 19:00:45 {"merchant_id":"1499456762","key":"","authCode":"134596231543194610","order_sn":"2018061719004511214","price":56}

2018-06-17 19:01:26 {"merchant_id":"1499456762","key":"","authCode":"135578395282858587","order_sn":"2018061719012518688","price":18}

2018-06-17 19:03:51 {"merchant_id":"1499456762","key":"","authCode":"134646757565674356","order_sn":"2018061719035180359","price":28}

2018-06-17 19:05:14 {"merchant_id":"1499456762","key":"","authCode":"134551479445537058","order_sn":"2018061719051497256","price":128}

2018-06-17 19:07:00 {"merchant_id":"1499456762","key":"","authCode":"134640392022891332","order_sn":"2018061719070080025","price":128}

2018-06-17 19:08:37 {"merchant_id":"1499456762","key":"","authCode":"134673522437996452","order_sn":"2018061719083770832","price":9}

2018-06-17 19:08:47 {"merchant_id":"1499456762","key":"","authCode":"135447864694336349","order_sn":"2018061719084727535","price":8}

2018-06-17 19:09:21 {"merchant_id":"1499456762","key":"","authCode":"134589610142169260","order_sn":"2018061719092149040","price":24}

2018-06-17 19:10:28 {"merchant_id":"1499456762","key":"","authCode":"134503901895887099","order_sn":"2018061719102834162","price":9}

2018-06-17 19:12:34 {"merchant_id":"1499456762","key":"","authCode":"134707706590400089","order_sn":"2018061719123423649","price":7.5}

2018-06-17 19:13:38 {"merchant_id":"1499456762","key":"","authCode":"134706813836540949","order_sn":"2018061719133893604","price":40}

2018-06-17 19:14:38 {"merchant_id":"1499456762","key":"","authCode":"134768309780595656","order_sn":"2018061719143855603","price":33}

2018-06-17 19:18:03 {"merchant_id":"1499456762","key":"","authCode":"134738533491469545","order_sn":"2018061719180313891","price":17}

2018-06-17 19:21:45 {"merchant_id":"1499456762","key":"","authCode":"134700710466789715","order_sn":"2018061719214579367","price":46}

2018-06-17 19:29:13 {"merchant_id":"1499456762","key":"","authCode":"134776222832026957","order_sn":"2018061719291369828","price":27}

2018-06-17 19:30:24 {"merchant_id":"1499456762","key":"","authCode":"134748663082126713","order_sn":"2018061719302442097","price":25}

2018-06-17 19:31:11 {"merchant_id":"1499456762","key":"","authCode":"135054090216778668","order_sn":"2018061719311173076","price":32}

2018-06-17 19:36:03 {"merchant_id":"1499456762","key":"","authCode":"135095140363867609","order_sn":"2018061719360314945","price":15}

2018-06-17 19:38:52 {"merchant_id":"1499456762","key":"","authCode":"134551206625095525","order_sn":"2018061719385222059","price":142}

2018-06-17 19:40:15 {"merchant_id":"1499456762","key":"","authCode":"135178099241942385","order_sn":"2018061719401577544","price":28}

2018-06-17 19:41:37 {"merchant_id":"1499456762","key":"","authCode":"134602193597274712","order_sn":"2018061719413730644","price":7}

2018-06-17 19:41:46 {"merchant_id":"1499456762","key":"","authCode":"134540124454821850","order_sn":"2018061719414698716","price":8}

2018-06-17 19:48:59 {"merchant_id":"1499456762","key":"","authCode":"135032357981648078","order_sn":"2018061719485948346","price":49}

2018-06-17 19:49:24 {"merchant_id":"1499456762","key":"","authCode":"135062642826176073","order_sn":"2018061719492495964","price":4}

2018-06-17 19:50:10 {"merchant_id":"1499456762","key":"","authCode":"134927426308832615","order_sn":"2018061719501047490","price":47.5}

2018-06-17 19:53:17 {"merchant_id":"1499456762","key":"","authCode":"130740844362075913","order_sn":"2018061719531748097","price":44}

2018-06-17 19:53:25 {"merchant_id":"1499456762","key":"","authCode":"134625844362175913","order_sn":"2018061719532592796","price":44}

2018-06-17 19:56:08 {"merchant_id":"1499456762","key":"","authCode":"135194011911079745","order_sn":"2018061719560899387","price":6}

2018-06-17 19:59:04 {"merchant_id":"1499456762","key":"","authCode":"134508494382100680","order_sn":"2018061719590461335","price":16}

2018-06-17 20:01:08 {"merchant_id":"1499456762","key":"","authCode":"134634331191402723","order_sn":"2018061720010860257","price":7}

2018-06-17 20:03:33 {"merchant_id":"1499456762","key":"","authCode":"134751200332547711","order_sn":"2018061720033368518","price":16}

2018-06-17 20:06:09 {"merchant_id":"1499456762","key":"","authCode":"134645892180758658","order_sn":"2018061720060967137","price":22}

2018-06-17 20:12:07 {"merchant_id":"1499456762","key":"","authCode":"134832974471502682","order_sn":"2018061720120788320","price":21}

2018-06-17 20:18:03 {"merchant_id":"1499456762","key":"","authCode":"135059688729506479","order_sn":"2018061720180356560","price":47}

2018-06-17 20:19:32 {"merchant_id":"1499456762","key":"","authCode":"134622731732144375","order_sn":"2018061720193172044","price":128}

2018-06-17 20:21:56 {"merchant_id":"1499456762","key":"","authCode":"134557827257798663","order_sn":"2018061720215675537","price":15}

2018-06-17 20:23:52 {"merchant_id":"1499456762","key":"","authCode":"134790367150346781","order_sn":"2018061720235269068","price":9}

2018-06-17 20:24:25 {"merchant_id":"1493159782","key":"","authCode":"134935167081708761","order_sn":"2018061720242585188","price":300}

2018-06-17 20:36:36 {"merchant_id":"1499456762","key":"","authCode":"134623617618727789","order_sn":"2018061720363660919","price":8}

2018-06-17 20:40:07 {"merchant_id":"1499456762","key":"","authCode":"134701289685561755","order_sn":"2018061720400740521","price":9}

2018-06-17 20:40:07 {"merchant_id":"1499456762","key":"","authCode":"134650412410622817","order_sn":"2018061720400748647","price":8}

2018-06-17 20:40:55 {"merchant_id":"1499456762","key":"","authCode":"134598877052228937","order_sn":"2018061720405529061","price":18}

2018-06-17 20:45:40 {"merchant_id":"1499456762","key":"","authCode":"134621979468491320","order_sn":"2018061720454036025","price":40}

2018-06-17 20:56:43 {"merchant_id":"1499456762","key":"","authCode":"134725805916674664","order_sn":"2018061720564399175","price":5}

2018-06-17 20:59:29 {"merchant_id":"1499456762","key":"","authCode":"135049333357393372","order_sn":"2018061720592934563","price":13}

2018-06-17 21:08:20 {"merchant_id":"1499456762","key":"","authCode":"135427787922784790","order_sn":"2018061721082036966","price":12}

2018-06-17 21:13:52 {"merchant_id":"1499456762","key":"","authCode":"134653235698578731","order_sn":"2018061721135266252","price":9}

2018-06-17 21:18:46 {"merchant_id":"1499456762","key":"","authCode":"134653794976141109","order_sn":"2018061721184626885","price":14}

2018-06-17 21:22:09 {"merchant_id":"1499456762","key":"","authCode":"134532777677852218","order_sn":"2018061721220991999","price":28.5}

2018-06-17 21:24:56 {"merchant_id":"1499456762","key":"","authCode":"135308732849344557","order_sn":"2018061721245650868","price":33}

2018-06-17 21:25:13 {"merchant_id":"1499456762","key":"","authCode":"134794716477834750","order_sn":"2018061721251329721","price":4}

2018-06-17 21:25:28 {"merchant_id":"1499456762","key":"","authCode":"135256181438646179","order_sn":"2018061721252794050","price":4}

2018-06-17 21:27:26 {"merchant_id":"1499456762","key":"","authCode":"134992356325579943","order_sn":"2018061721272695831","price":53}

2018-06-17 21:28:49 {"merchant_id":"1499456762","key":"","authCode":"134645265262774563","order_sn":"2018061721284998456","price":44}

2018-06-17 21:36:32 {"merchant_id":"1499456762","key":"","authCode":"134573339449140001","order_sn":"2018061721363196843","price":15}

2018-06-17 21:39:06 {"merchant_id":"1499456762","key":"","authCode":"134536501957299732","order_sn":"2018061721390622869","price":28}

2018-06-17 21:42:14 {"merchant_id":"1499456762","key":"","authCode":"134748028796005527","order_sn":"2018061721421419956","price":28}

2018-06-17 21:45:40 {"merchant_id":"1499456762","key":"","authCode":"134583276231402104","order_sn":"2018061721454020751","price":8}

2018-06-17 21:58:02 {"merchant_id":"1499456762","key":"","authCode":"135334471580428216","order_sn":"2018061721580291705","price":43.5}

2018-06-17 22:05:26 {"merchant_id":"1499456762","key":"","authCode":"134621707708577774","order_sn":"2018061722052655562","price":12}

2018-06-17 22:10:04 {"merchant_id":"1499456762","key":"","authCode":"134603626041875791","order_sn":"2018061722100465491","price":29}

2018-06-17 22:30:12 {"merchant_id":"1499456762","key":"","authCode":"135565698543039520","order_sn":"2018061722301271823","price":17}

2018-06-17 22:30:49 {"merchant_id":"1499456762","key":"","authCode":"135488665543729867","order_sn":"2018061722304940405","price":13}

2018-06-17 23:14:39 {"merchant_id":"1490350062","key":"","authCode":"135345618032899557","order_sn":"2018061723143972455","price":600}

