2018-05-01 00:16:57 {"merchant_id":"1493159782","key":"","authCode":"135131037087243335","order_sn":"2018050100165749153","price":300}

2018-05-01 00:34:19 {"merchant_id":"1490350062","key":"","authCode":"134520818237999301","order_sn":"2018050100341913920","price":300}

2018-05-01 00:37:57 {"merchant_id":"1490350062","key":"","authCode":"134856677952740359","order_sn":"2018050100375716832","price":300}

2018-05-01 01:21:59 {"merchant_id":"2088822285099072","key":"201710BBaa55e11a995b41488709d94fe3bfbX07","authCode":"287475445757894820","order_sn":"2018050101215951364","price":248}

2018-05-01 01:21:59 {"app_id":"2017071207730667","method":"alipay.trade.pay","charset":"utf-8","sign_type":"RSA","app_auth_token":"201710BBaa55e11a995b41488709d94fe3bfbX07","timestamp":"2018-05-01 01:21:59","version":"1.0","biz_content":"{\"out_trade_no\":\"2018050101215951364\",\"scene\":\"bar_code\",\"auth_code\":\"287475445757894820\",\"subject\":\"\\u8ba2\\u5355\\u53f7:2018050101215951364\",\"seller_id\":\"2088822285099072\",\"total_amount\":248,\"extend_params\":{\"sys_service_provider_id\":\"2088721521881652\"}}","sign":"lW6C89923IyGuDcx2wv4t1u0R52noS65tdSaNF\/iZZSII36Qvj2h6FYJhYlealmOFpykxqkoTMtfjYzFkzSo3mYpqkEUQ5FthevSWPYJ+8FV4Uh0UYoKKEVen40qzdHAQ5oLTfGVmgU9kholenEjQR6fPrB4MwrLohqHaxKr5zo="}

2018-05-01 01:22:00 {"alipay_trade_pay_response":{"code":"10000","msg":"Success","buyer_logon_id":"584***@qq.com","buyer_pay_amount":"248.00","buyer_user_id":"2088722386643933","fund_bill_list":[{"amount":"248.00","fund_channel":"ALIPAYACCOUNT"}],"gmt_payment":"2018-05-01 01:22:00","invoice_amount":"248.00","out_trade_no":"2018050101215951364","point_amount":"0.00","receipt_amount":"248.00","total_amount":"248.00","trade_no":"2018050121001004930596532206"},"sign":"akDu4Yp4r5iH/pEzyP5hDqPO2T+1buBq1QFm+A0viBAggyZyMgD6cN3PCfJvYaW2nEmSk5+PVDyEkhFsIA8oWT6pEHNQHRtDhoCfLgs7Xmdkt/tSU0q6Y3F9tq/4IRa7Swo4lCIkaPlgLG0YlLtntJ9KJFT/W3Gx3XHoTJQazzA="}

2018-05-01 01:57:55 {"merchant_id":"2088822285099072","key":"201710BBaa55e11a995b41488709d94fe3bfbX07","authCode":"283228196516544802","order_sn":"2018050101575550102","price":100}

2018-05-01 01:57:55 {"app_id":"2017071207730667","method":"alipay.trade.pay","charset":"utf-8","sign_type":"RSA","app_auth_token":"201710BBaa55e11a995b41488709d94fe3bfbX07","timestamp":"2018-05-01 01:57:55","version":"1.0","biz_content":"{\"out_trade_no\":\"2018050101575550102\",\"scene\":\"bar_code\",\"auth_code\":\"283228196516544802\",\"subject\":\"\\u8ba2\\u5355\\u53f7:2018050101575550102\",\"seller_id\":\"2088822285099072\",\"total_amount\":100,\"extend_params\":{\"sys_service_provider_id\":\"2088721521881652\"}}","sign":"CX7YQ5h2eqfN1z2CcnddnIZBVQ+UmLpuZTM5KZPqe7sWNU7pJMfhHkuGmwQ993UJAQtVfPM2Hcz9iEGx6ej0gMBRYscRQGwhsyvgRtVFj02LYo38An0O6TbSp8NSav9NtYFuXoYHR\/FHG+rKgR39CHt7ApJ4GEBSTNxphnJc4bg="}

2018-05-01 01:57:56 {"alipay_trade_pay_response":{"code":"10000","msg":"Success","buyer_logon_id":"184****3456","buyer_pay_amount":"100.00","buyer_user_id":"2088412474587143","fund_bill_list":[{"amount":"100.00","fund_channel":"ALIPAYACCOUNT"}],"gmt_payment":"2018-05-01 01:57:56","invoice_amount":"100.00","out_trade_no":"2018050101575550102","point_amount":"0.00","receipt_amount":"100.00","total_amount":"100.00","trade_no":"2018050121001004140512722793"},"sign":"Rltq/JuZjvYNW7+gTFQgKOGHH8hquYj6RSfogguFQU4Q/JsvKaSOwh4X1mXsp0HqauCl2bJ1UD64Pcv5YrKyimawRxoUHICw1RbpVtYGfr1wraYXUDrq7HpoKsba3cDSdXe5MBgs99XJ8baAkrX2OrcjWFHRJtb2bZKF6fUxTtM="}

2018-05-01 04:14:30 {"merchant_id":"1493159782","key":"","authCode":"134626713410700780","order_sn":"2018050104143088778","price":120}

2018-05-01 06:56:27 {"merchant_id":"1493159782","key":"","authCode":"134613926515717630","order_sn":"2018050106562773942","price":200}

2018-05-01 08:18:16 {"merchant_id":"2088821827997030","key":"201711BBc699bef5cde842dba6fa5c6bdc706A03","authCode":"289740838559487540","order_sn":"2018050108181692259","price":200}

2018-05-01 08:18:16 {"app_id":"2017071207730667","method":"alipay.trade.pay","charset":"utf-8","sign_type":"RSA","app_auth_token":"201711BBc699bef5cde842dba6fa5c6bdc706A03","timestamp":"2018-05-01 08:18:16","version":"1.0","biz_content":"{\"out_trade_no\":\"2018050108181692259\",\"scene\":\"bar_code\",\"auth_code\":\"289740838559487540\",\"subject\":\"\\u8ba2\\u5355\\u53f7:2018050108181692259\",\"seller_id\":\"2088821827997030\",\"total_amount\":200,\"extend_params\":{\"sys_service_provider_id\":\"2088721521881652\"}}","sign":"cdNundNwYqGmkCa8WibFAk6oG447olB18IHzUCkSK9M\/BXCAqpTOZq+iXX92+7po+fiy1BMYTGjg30F5oS96yommZEHWSFcjLf0+Gk5VvT93NSnlRh25tdY8pp5MvkPj3jtYeKvP8w3q1PeENemAVgoMMzORV\/zwRjASIrKIgds="}

2018-05-01 08:18:17 {"alipay_trade_pay_response":{"code":"10000","msg":"Success","buyer_logon_id":"139****2633","buyer_pay_amount":"200.00","buyer_user_id":"2088422923626134","fund_bill_list":[{"amount":"200.00","fund_channel":"ALIPAYACCOUNT"}],"gmt_payment":"2018-05-01 08:18:17","invoice_amount":"200.00","out_trade_no":"2018050108181692259","point_amount":"0.00","receipt_amount":"200.00","total_amount":"200.00","trade_no":"2018050121001004130515237396"},"sign":"XrwBkWCUVHmNDLmlP8K83hU77RHht61D97VOjzvJLORW6n+8mTO4QMXktRZ/X0NceXnlb7y8X79OS4uZxSPZzKp28NcEHrBmGmHnxyUdQ23DvvpcOyZFFq00nWZtrPsIvid2ENrsd3eL0YnyCiDtFkkI1cGJb/L7Txks57XwE0A="}

2018-05-01 08:29:19 {"merchant_id":"1499456762","key":"","authCode":"134565442986627336","order_sn":"2018050108291980121","price":14}

2018-05-01 08:37:33 {"merchant_id":"1499456762","key":"","authCode":"134876622212093133","order_sn":"2018050108373354787","price":15.5}

2018-05-01 09:30:56 {"merchant_id":"1499456762","key":"","authCode":"134684628558640813","order_sn":"2018050109305629191","price":60}

2018-05-01 09:34:55 {"merchant_id":"1499456762","key":"","authCode":"134683944259700061","order_sn":"2018050109345545496","price":246}

2018-05-01 09:57:17 {"merchant_id":"1499456762","key":"","authCode":"134655491380402901","order_sn":"2018050109571739498","price":24}

2018-05-01 09:58:23 {"merchant_id":"1499456762","key":"","authCode":"134647508293791084","order_sn":"2018050109582338124","price":48}

2018-05-01 10:05:41 {"merchant_id":"1499456762","key":"","authCode":"135117095807999854","order_sn":"2018050110054197499","price":39.5}

2018-05-01 10:06:03 {"merchant_id":"1499456762","key":"","authCode":"134610186634724110","order_sn":"2018050110060376208","price":15}

2018-05-01 10:07:10 {"merchant_id":"1499456762","key":"","authCode":"134996680005696841","order_sn":"2018050110071066833","price":47}

2018-05-01 10:09:45 {"merchant_id":"1499456762","key":"","authCode":"134654837473379615","order_sn":"2018050110094548051","price":9}

2018-05-01 10:23:40 {"merchant_id":"1499456762","key":"","authCode":"134557281204362043","order_sn":"2018050110234012754","price":200}

2018-05-01 10:24:27 {"merchant_id":"1499456762","key":"","authCode":"135098291721997111","order_sn":"2018050110242666929","price":18}

2018-05-01 10:30:49 {"merchant_id":"1499456762","key":"","authCode":"134750503705940501","order_sn":"2018050110304948104","price":33}

2018-05-01 10:33:06 {"merchant_id":"1499456762","key":"","authCode":"135044755210097212","order_sn":"2018050110330689301","price":9}

2018-05-01 10:40:24 {"merchant_id":"1499456762","key":"","authCode":"135286969655283499","order_sn":"2018050110402439458","price":50}

2018-05-01 10:47:20 {"merchant_id":"1499456762","key":"","authCode":"134647680759384319","order_sn":"2018050110472035531","price":15}

2018-05-01 10:49:41 {"merchant_id":"1499456762","key":"","authCode":"134814974669397073","order_sn":"2018050110494111604","price":17.5}

2018-05-01 10:52:57 {"merchant_id":"1499456762","key":"","authCode":"134581279808973238","order_sn":"2018050110525731231","price":37}

2018-05-01 11:05:03 {"merchant_id":"1499456762","key":"","authCode":"134777678052294038","order_sn":"2018050111050320427","price":98}

2018-05-01 11:05:16 {"merchant_id":"1499456762","key":"","authCode":"134645856069175399","order_sn":"2018050111051683229","price":128}

2018-05-01 11:06:58 {"merchant_id":"1499456762","key":"","authCode":"135142199075669458","order_sn":"2018050111065812853","price":27}

2018-05-01 11:08:57 {"merchant_id":"1499456762","key":"","authCode":"134740229538006776","order_sn":"2018050111085797355","price":20}

2018-05-01 11:13:38 {"merchant_id":"1499456762","key":"","authCode":"134580360252374302","order_sn":"2018050111133876933","price":43}

2018-05-01 11:16:27 {"merchant_id":"1499456762","key":"","authCode":"134529711013690151","order_sn":"2018050111162757431","price":16}

2018-05-01 11:27:22 {"merchant_id":"1499456762","key":"","authCode":"134589562206149485","order_sn":"2018050111272124995","price":36}

2018-05-01 11:30:17 {"merchant_id":"1499456762","key":"","authCode":"134593394168146032","order_sn":"2018050111301792319","price":25}

2018-05-01 11:40:17 {"merchant_id":"1499456762","key":"","authCode":"134668554267394552","order_sn":"2018050111401792524","price":30}

2018-05-01 11:48:25 {"merchant_id":"1499456762","key":"","authCode":"134537092353079683","order_sn":"2018050111482570056","price":70.9}

2018-05-01 11:52:04 {"merchant_id":"1499456762","key":"","authCode":"134513961769542390","order_sn":"2018050111520457571","price":38}

2018-05-01 11:53:54 {"merchant_id":"1499456762","key":"","authCode":"134581071345062645","order_sn":"2018050111535429879","price":6}

2018-05-01 11:56:32 {"merchant_id":"1499456762","key":"","authCode":"134751311102248048","order_sn":"2018050111563286391","price":28}

2018-05-01 12:09:57 {"merchant_id":"1499456762","key":"","authCode":"134656701349877647","order_sn":"2018050112095772053","price":33}

2018-05-01 12:10:23 {"merchant_id":"1499456762","key":"","authCode":"134568865951790255","order_sn":"2018050112102355816","price":16}

2018-05-01 12:56:59 {"merchant_id":"1499456762","key":"","authCode":"134922148371905492","order_sn":"2018050112565934343","price":200}

2018-05-01 12:59:13 {"merchant_id":"1499456762","key":"","authCode":"134523032750019592","order_sn":"2018050112591370495","price":12}

2018-05-01 13:12:16 {"merchant_id":"1499456762","key":"","authCode":"134928467297031081","order_sn":"2018050113121684261","price":128.08}

2018-05-01 13:12:38 {"merchant_id":"1499456762","key":"","authCode":"134918362313421215","order_sn":"2018050113123898943","price":28}

2018-05-01 13:26:16 {"merchant_id":"1499456762","key":"","authCode":"134617021224695034","order_sn":"2018050113261696497","price":14}

2018-05-01 13:28:13 {"merchant_id":"1499456762","key":"","authCode":"134604091078891339","order_sn":"2018050113281340890","price":10}

2018-05-01 13:32:48 {"merchant_id":"1490350062","key":"","authCode":"135072300299656087","order_sn":"2018050113324840383","price":7}

2018-05-01 13:47:53 {"merchant_id":"1493159782","key":"","authCode":"134607517544754198","order_sn":"2018050113475393276","price":400}

2018-05-01 14:15:15 {"merchant_id":"1499456762","key":"","authCode":"134865920194730146","order_sn":"2018050114151576951","price":28}

2018-05-01 14:28:41 {"merchant_id":"2088822285099072","key":"201710BBaa55e11a995b41488709d94fe3bfbX07","authCode":"284040883885251324","order_sn":"2018050114284162211","price":200}

2018-05-01 14:28:41 {"app_id":"2017071207730667","method":"alipay.trade.pay","charset":"utf-8","sign_type":"RSA","app_auth_token":"201710BBaa55e11a995b41488709d94fe3bfbX07","timestamp":"2018-05-01 14:28:41","version":"1.0","biz_content":"{\"out_trade_no\":\"2018050114284162211\",\"scene\":\"bar_code\",\"auth_code\":\"284040883885251324\",\"subject\":\"\\u8ba2\\u5355\\u53f7:2018050114284162211\",\"seller_id\":\"2088822285099072\",\"total_amount\":200,\"extend_params\":{\"sys_service_provider_id\":\"2088721521881652\"}}","sign":"M162k\/g9euI2khWUw4yCfbZhjufdEh67WVEmCsoJrLhgzO13d1ubsFmk9q2I1KGbJLih1YJyIZI3Ow7yv6ZyJLY3aedeQrHSX7RzuOVHzM3ZYQLE2NAYHa1knGKdPayzQnjYGe4uAOoLEXWoVmkcFdxBY3YndHYrHcP7zsIqt1w="}

2018-05-01 14:28:43 {"alipay_trade_pay_response":{"code":"10000","msg":"Success","buyer_logon_id":"181****9263","buyer_pay_amount":"200.00","buyer_user_id":"2088522763148181","fund_bill_list":[{"amount":"200.00","fund_channel":"ALIPAYACCOUNT"}],"gmt_payment":"2018-05-01 14:28:43","invoice_amount":"200.00","out_trade_no":"2018050114284162211","point_amount":"0.00","receipt_amount":"200.00","total_amount":"200.00","trade_no":"2018050121001004180512366111"},"sign":"Ou8f1x9tnyjodb85lUSD6GeSu72yTE+jGoEiwTzm3x5GF1bXJuB/S8xRo4CtjEYn9CI2OSvOn91/25bDP/+axe6qdEBjcu3CNlLAAzLOst3pTX/WOylqFcpzK2PBoR+bjm7XHJJzQmg5eCo/L+7/nK8rBNFvj1JWMoJZodVC8u8="}

2018-05-01 14:54:12 {"merchant_id":"1499456762","key":"","authCode":"134790396576144631","order_sn":"2018050114541285500","price":16.5}

2018-05-01 14:57:12 {"merchant_id":"1493159782","key":"","authCode":"134526758766419910","order_sn":"2018050114571293457","price":200}

2018-05-01 14:57:21 {"merchant_id":"1499456762","key":"","authCode":"134780075621677642","order_sn":"2018050114572143025","price":11}

2018-05-01 15:17:56 {"merchant_id":"1490350062","key":"","authCode":"135229164737155160","order_sn":"2018050115175663335","price":148}

2018-05-01 15:23:50 {"merchant_id":"1493159782","key":"","authCode":"134738420112732853","order_sn":"2018050115235060133","price":100}

2018-05-01 15:26:47 {"merchant_id":"1499456762","key":"","authCode":"134722477166260931","order_sn":"2018050115264794329","price":14}

2018-05-01 15:33:42 {"merchant_id":"1499456762","key":"","authCode":"134666999784123046","order_sn":"2018050115334276854","price":35.5}

2018-05-01 15:36:29 {"merchant_id":"1499456762","key":"","authCode":"134783871583499977","order_sn":"2018050115362986233","price":26}

2018-05-01 15:38:13 {"merchant_id":"1499456762","key":"","authCode":"134590155333386172","order_sn":"2018050115381385478","price":15}

2018-05-01 15:39:31 {"merchant_id":"1499456762","key":"","authCode":"134843436538846393","order_sn":"2018050115393154087","price":15}

2018-05-01 15:41:24 {"merchant_id":"1499456762","key":"","authCode":"134702421053937444","order_sn":"2018050115412418047","price":59}

2018-05-01 15:50:14 {"merchant_id":"1499456762","key":"","authCode":"134655545155933959","order_sn":"2018050115501432950","price":11}

2018-05-01 15:51:32 {"merchant_id":"1499456762","key":"","authCode":"134640836547136851","order_sn":"2018050115513282919","price":15}

2018-05-01 16:13:24 {"merchant_id":"1499456762","key":"","authCode":"134616357826426946","order_sn":"2018050116132471062","price":158}

2018-05-01 16:24:27 {"merchant_id":"1490350062","key":"","authCode":"134907495064752840","order_sn":"2018050116242778200","price":150}

2018-05-01 16:33:00 {"merchant_id":"1499456762","key":"","authCode":"134593613700265811","order_sn":"2018050116330061136","price":198}

2018-05-01 16:35:12 {"merchant_id":"1499456762","key":"","authCode":"134694822578731267","order_sn":"2018050116351215252","price":14}

2018-05-01 16:38:33 {"merchant_id":"1499456762","key":"","authCode":"134633732870823374","order_sn":"2018050116383382927","price":37}

2018-05-01 16:39:50 {"merchant_id":"1499456762","key":"","authCode":"134638064041240850","order_sn":"2018050116395011642","price":24}

2018-05-01 16:40:56 {"merchant_id":"1499456762","key":"","authCode":"134565044729681872","order_sn":"2018050116405680573","price":8.5}

2018-05-01 16:41:20 {"merchant_id":"1499456762","key":"","authCode":"135015441534447960","order_sn":"2018050116412063851","price":13}

2018-05-01 16:43:26 {"merchant_id":"1499456762","key":"","authCode":"135305830928478747","order_sn":"2018050116432661429","price":28}

2018-05-01 16:46:55 {"merchant_id":"1499456762","key":"","authCode":"134675810770794325","order_sn":"2018050116465516150","price":1}

2018-05-01 16:48:08 {"merchant_id":"1499456762","key":"","authCode":"134619918452894797","order_sn":"2018050116480869941","price":38}

2018-05-01 16:53:42 {"merchant_id":"1499456762","key":"","authCode":"134691584863956410","order_sn":"2018050116534296095","price":9}

2018-05-01 16:56:32 {"merchant_id":"1499456762","key":"","authCode":"134925762960072289","order_sn":"2018050116563223195","price":78}

2018-05-01 16:56:58 {"merchant_id":"1499456762","key":"","authCode":"134995481117993334","order_sn":"2018050116565883971","price":16}

2018-05-01 17:03:56 {"merchant_id":"1499456762","key":"","authCode":"134504281492452434","order_sn":"2018050117035613580","price":9}

2018-05-01 17:09:57 {"merchant_id":"1499456762","key":"","authCode":"134645688777493003","order_sn":"2018050117095756725","price":23}

2018-05-01 17:14:07 {"merchant_id":"1499456762","key":"","authCode":"134624706843948279","order_sn":"2018050117140796417","price":300}

2018-05-01 17:14:57 {"merchant_id":"1499456762","key":"","authCode":"134771506795204161","order_sn":"2018050117145767754","price":12}

2018-05-01 17:17:32 {"merchant_id":"1499456762","key":"","authCode":"134603305489843339","order_sn":"2018050117173261250","price":5}

2018-05-01 17:18:24 {"merchant_id":"1499456762","key":"","authCode":"135000708911597226","order_sn":"2018050117182445118","price":22}

2018-05-01 17:22:05 {"merchant_id":"1499456762","key":"","authCode":"134808872954914337","order_sn":"2018050117220589440","price":23}

2018-05-01 17:25:35 {"merchant_id":"1499456762","key":"","authCode":"134848265638882101","order_sn":"2018050117253551146","price":10}

2018-05-01 17:27:16 {"merchant_id":"1499456762","key":"","authCode":"134982487580164053","order_sn":"2018050117271626222","price":44}

2018-05-01 17:27:32 {"merchant_id":"1499456762","key":"","authCode":"134751773809543860","order_sn":"2018050117273261535","price":15}

2018-05-01 17:34:35 {"merchant_id":"1499456762","key":"","authCode":"134527696937926595","order_sn":"2018050117343532834","price":14}

2018-05-01 17:43:34 {"merchant_id":"1499456762","key":"","authCode":"134888751567322537","order_sn":"2018050117433414285","price":15}

2018-05-01 17:43:47 {"merchant_id":"1499456762","key":"","authCode":"134879658223063872","order_sn":"2018050117434794608","price":36}

2018-05-01 17:47:21 {"merchant_id":"1499456762","key":"","authCode":"134768550942652036","order_sn":"2018050117472122389","price":30}

2018-05-01 17:51:23 {"merchant_id":"1499456762","key":"","authCode":"134514826536221359","order_sn":"2018050117512327235","price":28}

2018-05-01 17:55:45 {"merchant_id":"1499456762","key":"","authCode":"134544648911653201","order_sn":"2018050117554585356","price":27}

2018-05-01 18:03:32 {"merchant_id":"1499456762","key":"","authCode":"135150342454692092","order_sn":"2018050118033247240","price":24}

2018-05-01 18:05:57 {"merchant_id":"1499456762","key":"","authCode":"134554580820948669","order_sn":"2018050118055767442","price":15}

2018-05-01 18:09:58 {"merchant_id":"1493159782","key":"","authCode":"134546877059709960","order_sn":"2018050118095874563","price":400}

2018-05-01 18:11:01 {"merchant_id":"1499456762","key":"","authCode":"134663299659440925","order_sn":"2018050118110157311","price":5}

2018-05-01 18:13:48 {"merchant_id":"1490350062","key":"","authCode":"134676471031340474","order_sn":"2018050118134886117","price":100}

2018-05-01 18:14:50 {"merchant_id":"1499456762","key":"","authCode":"134806045750130390","order_sn":"2018050118145062269","price":33}

2018-05-01 18:21:55 {"merchant_id":"1499456762","key":"","authCode":"135001145996034790","order_sn":"2018050118215478857","price":7}

2018-05-01 18:23:04 {"merchant_id":"1499456762","key":"","authCode":"134625643634932575","order_sn":"2018050118230482312","price":6}

2018-05-01 18:26:48 {"merchant_id":"1499456762","key":"","authCode":"134714655887243237","order_sn":"2018050118264862262","price":15}

2018-05-01 18:29:21 {"merchant_id":"1490350062","key":"","authCode":"136072022881971701","order_sn":"2018050118292119595","price":138}

2018-05-01 18:29:46 {"merchant_id":"1499456762","key":"","authCode":"134756117576729064","order_sn":"2018050118294696616","price":12}

2018-05-01 18:31:12 {"merchant_id":"1499456762","key":"","authCode":"134671596419625830","order_sn":"2018050118311218068","price":1}

2018-05-01 18:31:13 {"merchant_id":"1499456762","key":"","authCode":"134728593588784131","order_sn":"2018050118311254649","price":22}

2018-05-01 18:32:44 {"merchant_id":"1499456762","key":"","authCode":"134744175076995766","order_sn":"2018050118324410515","price":12}

2018-05-01 18:34:13 {"merchant_id":"1499456762","key":"","authCode":"135487974758255081","order_sn":"2018050118341348273","price":30}

2018-05-01 18:35:06 {"merchant_id":"1499456762","key":"","authCode":"134560255814466497","order_sn":"2018050118350672192","price":8}

2018-05-01 18:39:09 {"merchant_id":"1499456762","key":"","authCode":"134825056906594273","order_sn":"2018050118390943113","price":31.5}

2018-05-01 18:48:04 {"merchant_id":"1499456762","key":"","authCode":"134576027683365971","order_sn":"2018050118480415144","price":5}

2018-05-01 18:50:04 {"merchant_id":"1499456762","key":"","authCode":"134727101413273698","order_sn":"2018050118500434426","price":15}

2018-05-01 19:02:54 {"merchant_id":"1499456762","key":"","authCode":"134935817973239147","order_sn":"2018050119025422470","price":1}

2018-05-01 19:06:28 {"merchant_id":"1490350062","key":"","authCode":"134936451303349312","order_sn":"2018050119062819763","price":100}

2018-05-01 19:07:14 {"merchant_id":"1499456762","key":"","authCode":"134923738259633716","order_sn":"2018050119071484169","price":20.5}

2018-05-01 19:09:06 {"merchant_id":"1499456762","key":"","authCode":"134770472300994049","order_sn":"2018050119090629759","price":31}

2018-05-01 19:09:19 {"merchant_id":"1499456762","key":"","authCode":"135014016600546290","order_sn":"2018050119091996589","price":6}

2018-05-01 19:13:30 {"merchant_id":"1499456762","key":"","authCode":"134927577198039681","order_sn":"2018050119133034332","price":20}

2018-05-01 19:15:40 {"merchant_id":"1499456762","key":"","authCode":"134804225698976747","order_sn":"2018050119154071300","price":12}

2018-05-01 19:15:54 {"merchant_id":"1499456762","key":"","authCode":"134617999115669188","order_sn":"2018050119155436988","price":20}

2018-05-01 19:18:03 {"merchant_id":"1499456762","key":"","authCode":"134779087574416009","order_sn":"2018050119180295776","price":18}

2018-05-01 19:19:56 {"merchant_id":"1499456762","key":"","authCode":"134628334728828890","order_sn":"2018050119195611535","price":11}

2018-05-01 19:24:39 {"merchant_id":"1499456762","key":"","authCode":"134776927394130540","order_sn":"2018050119243930860","price":2}

2018-05-01 19:25:57 {"merchant_id":"1499456762","key":"","authCode":"134713001926404925","order_sn":"2018050119255723755","price":9}

2018-05-01 19:28:00 {"merchant_id":"1499456762","key":"","authCode":"134726843364311138","order_sn":"2018050119280065041","price":11}

2018-05-01 19:30:16 {"merchant_id":"1493159782","key":"","authCode":"135273088924201240","order_sn":"2018050119301622864","price":200}

2018-05-01 19:33:30 {"merchant_id":"1499456762","key":"","authCode":"134773480133437682","order_sn":"2018050119333029565","price":17}

2018-05-01 19:37:23 {"merchant_id":"1499456762","key":"","authCode":"134646127681667879","order_sn":"2018050119372339050","price":11}

2018-05-01 19:39:12 {"merchant_id":"1499456762","key":"","authCode":"135251382242504927","order_sn":"2018050119391211306","price":44.5}

2018-05-01 19:42:04 {"merchant_id":"1499456762","key":"","authCode":"134537911650407671","order_sn":"2018050119420447729","price":39}

2018-05-01 19:42:07 {"merchant_id":"1499456762","key":"","authCode":"134768362340730308","order_sn":"2018050119420767153","price":10}

2018-05-01 19:50:08 {"merchant_id":"1499456762","key":"","authCode":"134831584974884847","order_sn":"2018050119500870691","price":17}

2018-05-01 19:57:57 {"merchant_id":"1499456762","key":"","authCode":"134990056747066760","order_sn":"2018050119575730058","price":20}

2018-05-01 20:03:01 {"merchant_id":"1499456762","key":"","authCode":"134610387940652279","order_sn":"2018050120030135960","price":18}

2018-05-01 20:05:09 {"merchant_id":"1499456762","key":"","authCode":"134720542532772900","order_sn":"2018050120050986257","price":18}

2018-05-01 20:11:33 {"merchant_id":"1499456762","key":"","authCode":"134652441108000680","order_sn":"2018050120113399442","price":33}

2018-05-01 20:12:26 {"merchant_id":"1499456762","key":"","authCode":"134564379709115134","order_sn":"2018050120122657022","price":48}

2018-05-01 20:14:32 {"merchant_id":"1493159782","key":"","authCode":"135334241952082167","order_sn":"2018050120143279359","price":400}

2018-05-01 20:21:18 {"merchant_id":"1499456762","key":"","authCode":"134522929787431363","order_sn":"2018050120211893488","price":8}

2018-05-01 20:24:10 {"merchant_id":"1499456762","key":"","authCode":"134653883858110874","order_sn":"2018050120241011454","price":15}

2018-05-01 20:29:12 {"merchant_id":"1499456762","key":"","authCode":"134886087648824760","order_sn":"2018050120291291655","price":44}

2018-05-01 20:31:12 {"merchant_id":"1499456762","key":"","authCode":"134750785962003177","order_sn":"2018050120311213890","price":10}

2018-05-01 20:32:06 {"merchant_id":"1499456762","key":"","authCode":"135009688436619623","order_sn":"2018050120320692152","price":14.4}

2018-05-01 20:43:21 {"merchant_id":"1499456762","key":"","authCode":"134542388999816702","order_sn":"2018050120432162426","price":8}

2018-05-01 20:50:42 {"merchant_id":"1499456762","key":"","authCode":"134711928177034525","order_sn":"2018050120504256366","price":6}

2018-05-01 20:52:25 {"merchant_id":"1499456762","key":"","authCode":"134775863590747677","order_sn":"2018050120522560095","price":15}

2018-05-01 20:53:22 {"merchant_id":"1499456762","key":"","authCode":"134604974566543247","order_sn":"2018050120532243080","price":8}

2018-05-01 20:55:16 {"merchant_id":"1499456762","key":"","authCode":"134626241216273318","order_sn":"2018050120551664624","price":19}

2018-05-01 20:55:58 {"merchant_id":"1499456762","key":"","authCode":"134778815801517115","order_sn":"2018050120555861156","price":26}

2018-05-01 20:56:18 {"merchant_id":"1499456762","key":"","authCode":"134685290446725649","order_sn":"2018050120561870603","price":9}

2018-05-01 21:02:35 {"merchant_id":"1499456762","key":"","authCode":"135013016491790586","order_sn":"2018050121023571536","price":15}

2018-05-01 21:09:39 {"merchant_id":"1499456762","key":"","authCode":"134556830828184315","order_sn":"2018050121093910464","price":2}

2018-05-01 21:13:01 {"merchant_id":"1499456762","key":"","authCode":"134929290593482508","order_sn":"2018050121130185175","price":27}

2018-05-01 21:14:40 {"merchant_id":"1499456762","key":"","authCode":"134655683732147122","order_sn":"2018050121144026543","price":24}

2018-05-01 21:14:41 {"merchant_id":"1499456762","key":"","authCode":"134643857811616177","order_sn":"2018050121144143841","price":47}

2018-05-01 21:30:54 {"merchant_id":"1499456762","key":"","authCode":"134574924751756556","order_sn":"2018050121305473838","price":20}

2018-05-01 21:33:07 {"merchant_id":"1499456762","key":"","authCode":"134939714901657269","order_sn":"2018050121330726653","price":27}

2018-05-01 21:42:59 {"merchant_id":"1499456762","key":"","authCode":"134811305295544447","order_sn":"2018050121425954865","price":12}

2018-05-01 21:51:39 {"merchant_id":"1493159782","key":"","authCode":"134915484777152030","order_sn":"2018050121513912772","price":600}

2018-05-01 22:50:34 {"merchant_id":"1490350062","key":"","authCode":"134590324687929500","order_sn":"2018050122503460754","price":600}

2018-05-01 22:53:08 {"merchant_id":"1490350062","key":"","authCode":"134897833410892362","order_sn":"2018050122530811707","price":100}

2018-05-01 22:54:06 {"merchant_id":"1490350062","key":"","authCode":"134685220685715146","order_sn":"2018050122540633339","price":300}

2018-05-01 23:42:02 {"merchant_id":"1490350062","key":"","authCode":"135572378303896440","order_sn":"2018050123420278530","price":100}

2018-05-01 23:53:32 {"merchant_id":"1493159782","key":"","authCode":"134620876840311025","order_sn":"2018050123533291752","price":300}

