2018-04-09 01:43:14 {"merchant_id":"1490350062","key":"","authCode":"135306157176587304","order_sn":"2018040901431430887","price":30}
2018-04-09 02:08:18 {"merchant_id":"1490350062","key":"","authCode":"135098669259699820","order_sn":"2018040902081863620","price":300}
2018-04-09 02:32:52 {"merchant_id":"1490350062","key":"","authCode":"134708043470354299","order_sn":"2018040902325235835","price":300}
2018-04-09 08:39:22 {"merchant_id":"1499456762","key":"","authCode":"134587473277499160","order_sn":"2018040908392272550","price":28}
2018-04-09 08:41:08 {"merchant_id":"1490350062","key":"","authCode":"134545036383323158","order_sn":"2018040908410837908","price":100}
2018-04-09 08:59:55 {"merchant_id":"1499456762","key":"","authCode":"134526139339619219","order_sn":"2018040908595562616","price":300}
2018-04-09 09:17:48 {"merchant_id":"1499456762","key":"","authCode":"135577987418398999","order_sn":"2018040909174866630","price":20}
2018-04-09 10:32:24 {"merchant_id":"1499456762","key":"","authCode":"134730183953084719","order_sn":"2018040910322457010","price":10}
2018-04-09 10:42:37 {"merchant_id":"1499456762","key":"","authCode":"134748230917315284","order_sn":"2018040910423724606","price":41}
2018-04-09 10:55:42 {"merchant_id":"1499456762","key":"","authCode":"134942605248162099","order_sn":"2018040910554290493","price":11}
2018-04-09 10:56:50 {"merchant_id":"1499456762","key":"","authCode":"134704556780577994","order_sn":"2018040910565081048","price":14}
2018-04-09 11:18:07 {"merchant_id":"1499456762","key":"","authCode":"134980487934014972","order_sn":"2018040911180724760","price":200}
2018-04-09 11:25:03 {"merchant_id":"1499456762","key":"","authCode":"134649878089176247","order_sn":"2018040911250327004","price":15}
2018-04-09 11:25:47 {"merchant_id":"1499456762","key":"","authCode":"134747949030730164","order_sn":"2018040911254710991","price":128}
2018-04-09 11:25:58 {"merchant_id":"2088822285099072","key":"201710BBaa55e11a995b41488709d94fe3bfbX07","authCode":"287793878456210253","order_sn":"2018040911255817890","price":400}
2018-04-09 11:25:58 {"app_id":"2017071207730667","method":"alipay.trade.pay","charset":"utf-8","sign_type":"RSA","app_auth_token":"201710BBaa55e11a995b41488709d94fe3bfbX07","timestamp":"2018-04-09 11:25:58","version":"1.0","biz_content":"{\"out_trade_no\":\"2018040911255817890\",\"scene\":\"bar_code\",\"auth_code\":\"287793878456210253\",\"subject\":\"\\u8ba2\\u5355\\u53f7:2018040911255817890\",\"seller_id\":\"2088822285099072\",\"total_amount\":400,\"extend_params\":{\"sys_service_provider_id\":\"2088721521881652\"}}","sign":"DkUjiW0TFyyvY5ze8aDBqy4vs9dcHaZpJYMkaSrhpcRI4dzrQzsGPD3iCQDiAlZ6Y3MvYvefYrFp\/aCRkfx\/V23K50TPGyCy8hzKl\/1yp5P98EZRrnJM2OUnxL+uP3WkUeAsrqlydC0wrHsVeiit8eNlClVoV336hEPuibFvvA8="}
2018-04-09 11:25:59 {"alipay_trade_pay_response":{"code":"10000","msg":"Success","buyer_logon_id":"125***@qq.com","buyer_pay_amount":"400.00","buyer_user_id":"2088112284683524","fund_bill_list":[{"amount":"400.00","fund_channel":"ALIPAYACCOUNT"}],"gmt_payment":"2018-04-09 11:25:59","invoice_amount":"400.00","out_trade_no":"2018040911255817890","point_amount":"0.00","receipt_amount":"400.00","total_amount":"400.00","trade_no":"2018040921001004520580006366"},"sign":"oEKDCnfy+o9Zi1xquu2lriw0XQ8/WaEIGBYgObRsRM4wicivPto8KXnog6ot4q7IDA6RtqFdLPo6Z0AygFtsN8ytk2HdNxTlh9jN9x3lyvoD2cf868hfgLG4aY6Zdwnbp5A6Ulf5rflkfvzWth9Iyy0148uH85yLuDzEQ96tRNI="}
2018-04-09 11:26:49 {"merchant_id":"1499456762","key":"","authCode":"134522269100882092","order_sn":"2018040911264946077","price":11.5}
2018-04-09 11:27:16 {"merchant_id":"1499456762","key":"","authCode":"134693577331036338","order_sn":"2018040911271676313","price":11}
2018-04-09 11:28:05 {"merchant_id":"1499456762","key":"","authCode":"134577825141241861","order_sn":"2018040911280529546","price":15}
2018-04-09 11:29:05 {"merchant_id":"1499456762","key":"","authCode":"134639365413944772","order_sn":"2018040911290547423","price":4}
2018-04-09 11:31:22 {"merchant_id":"1499456762","key":"","authCode":"134744637312087195","order_sn":"2018040911312232754","price":17}
2018-04-09 11:34:31 {"merchant_id":"1499456762","key":"","authCode":"134911509491172206","order_sn":"2018040911343175847","price":14}
2018-04-09 11:58:22 {"merchant_id":"1499456762","key":"","authCode":"135648649809183892","order_sn":"2018040911582294037","price":23}
2018-04-09 11:58:57 {"merchant_id":"1499456762","key":"","authCode":"134632489079619712","order_sn":"2018040911585741205","price":1}
2018-04-09 12:03:03 {"merchant_id":"1499456762","key":"","authCode":"135021043557653522","order_sn":"2018040912030357800","price":12}
2018-04-09 12:16:17 {"merchant_id":"2088822285099072","key":"201710BBaa55e11a995b41488709d94fe3bfbX07","authCode":"280495017881056346","order_sn":"2018040912161780546","price":300}
2018-04-09 12:16:17 {"app_id":"2017071207730667","method":"alipay.trade.pay","charset":"utf-8","sign_type":"RSA","app_auth_token":"201710BBaa55e11a995b41488709d94fe3bfbX07","timestamp":"2018-04-09 12:16:17","version":"1.0","biz_content":"{\"out_trade_no\":\"2018040912161780546\",\"scene\":\"bar_code\",\"auth_code\":\"280495017881056346\",\"subject\":\"\\u8ba2\\u5355\\u53f7:2018040912161780546\",\"seller_id\":\"2088822285099072\",\"total_amount\":300,\"extend_params\":{\"sys_service_provider_id\":\"2088721521881652\"}}","sign":"TknNNoPup0pL\/jJ8WzooMQEMw6+joRHtaR+rZVqOMCCoW\/WNfNlw80dQ8ACjwXsUXmQ0aSXVM9ry8HwWdh1ks3f69AP9Ds2+ao0Sum7OvIdK9ytgKyNOiz+UfwEXhNv7rGiA7WItcou4HH0Ellt28kkrHP9cFW6TgTEogvtLppQ="}
2018-04-09 12:16:18 {"alipay_trade_pay_response":{"code":"10000","msg":"Success","buyer_logon_id":"183****2660","buyer_pay_amount":"300.00","buyer_user_id":"2088122336258648","fund_bill_list":[{"amount":"300.00","fund_channel":"PCREDIT"}],"gmt_payment":"2018-04-09 12:16:18","invoice_amount":"300.00","out_trade_no":"2018040912161780546","point_amount":"0.00","receipt_amount":"300.00","total_amount":"300.00","trade_no":"2018040921001004640209747783"},"sign":"XNUs1BTwzTN99/ksIz6gitGz+XKG7tSMqFiow1v/YUIl1FAhRrhX+/KY24v5mmCDVjE34iBYKO+YhBbX1HCJSDKBOfE0EOIDxI5GXrIos3E5a8vC7rSdqD/DTndlpJHtBbf0ee4+XBFugXTIzrjdQK3B4TerOw+XZSPUym6rJjc="}
2018-04-09 12:51:32 {"merchant_id":"1499456762","key":"","authCode":"134826949317554784","order_sn":"2018040912513217116","price":128}
2018-04-09 13:00:13 {"merchant_id":"1493159782","key":"","authCode":"135170600734815541","order_sn":"2018040913001315474","price":200}
2018-04-09 13:09:43 {"merchant_id":"1499456762","key":"","authCode":"134555250847351633","order_sn":"2018040913094378361","price":18}
2018-04-09 13:19:16 {"merchant_id":"1499456762","key":"","authCode":"134554053400919584","order_sn":"2018040913191695372","price":13}
2018-04-09 13:46:55 {"merchant_id":"1499456762","key":"","authCode":"135032843286316872","order_sn":"2018040913465528725","price":23}
2018-04-09 13:49:34 {"merchant_id":"1499456762","key":"","authCode":"135018832037683715","order_sn":"2018040913493461548","price":31}
2018-04-09 14:22:00 {"merchant_id":"1499456762","key":"","authCode":"135245110165754762","order_sn":"2018040914220052879","price":8.5}
2018-04-09 14:32:30 {"merchant_id":"1490350062","key":"","authCode":"134739618115458659","order_sn":"2018040914322979482","price":200}
2018-04-09 14:56:28 {"merchant_id":"1499456762","key":"","authCode":"135089721928002315","order_sn":"2018040914562850403","price":10}
2018-04-09 15:17:07 {"merchant_id":"1499456762","key":"","authCode":"135097963043961558","order_sn":"2018040915170779075","price":24}
2018-04-09 16:03:53 {"merchant_id":"1499456762","key":"","authCode":"134646306973360889","order_sn":"2018040916035363687","price":20}
2018-04-09 16:05:02 {"merchant_id":"1499456762","key":"","authCode":"134699873468012866","order_sn":"2018040916050297363","price":20}
2018-04-09 16:08:04 {"merchant_id":"1499456762","key":"","authCode":"134689861882666696","order_sn":"2018040916080424939","price":8}
2018-04-09 16:13:08 {"merchant_id":"1499456762","key":"","authCode":"135036020331759636","order_sn":"2018040916130860672","price":300}
2018-04-09 16:17:00 {"merchant_id":"1499456762","key":"","authCode":"134780806863698093","order_sn":"2018040916170035968","price":31}
2018-04-09 16:17:40 {"merchant_id":"1499456762","key":"","authCode":"134784885236048896","order_sn":"2018040916174066937","price":10}
2018-04-09 16:24:10 {"merchant_id":"1499456762","key":"","authCode":"134561695450553659","order_sn":"2018040916241085367","price":11}
2018-04-09 16:26:08 {"merchant_id":"1499456762","key":"","authCode":"134660167435867690","order_sn":"2018040916260891821","price":12}
2018-04-09 16:31:03 {"merchant_id":"1499456762","key":"","authCode":"134646267254083497","order_sn":"2018040916310362670","price":12}
2018-04-09 16:40:01 {"merchant_id":"1487791482","key":"","authCode":"135210013531938250","order_sn":"2018040916400179159","price":3466}
2018-04-09 16:46:02 {"merchant_id":"1499456762","key":"","authCode":"134534728700890773","order_sn":"2018040916460221209","price":15}
2018-04-09 16:46:54 {"merchant_id":"1499456762","key":"","authCode":"134772891708975952","order_sn":"2018040916465453359","price":9}
2018-04-09 16:50:54 {"merchant_id":"1499456762","key":"","authCode":"134905950773424296","order_sn":"2018040916505439920","price":21}
2018-04-09 16:53:54 {"merchant_id":"1499456762","key":"","authCode":"135062975653935997","order_sn":"2018040916535421269","price":8}
2018-04-09 17:04:56 {"merchant_id":"1499456762","key":"","authCode":"134596106705943152","order_sn":"2018040917045664984","price":50}
2018-04-09 17:06:24 {"merchant_id":"1499456762","key":"","authCode":"134871740352743008","order_sn":"2018040917062492649","price":44}
2018-04-09 17:07:32 {"merchant_id":"1499456762","key":"","authCode":"134582723289292910","order_sn":"2018040917073230755","price":28}
2018-04-09 17:07:45 {"merchant_id":"1499456762","key":"","authCode":"135065560235515935","order_sn":"2018040917074574300","price":9}
2018-04-09 17:14:12 {"merchant_id":"1499456762","key":"","authCode":"134766624100122805","order_sn":"2018040917141278654","price":42}
2018-04-09 17:19:04 {"merchant_id":"1499456762","key":"","authCode":"134728468993114354","order_sn":"2018040917190481632","price":21}
2018-04-09 17:19:54 {"merchant_id":"1499456762","key":"","authCode":"135084426580342914","order_sn":"2018040917195485658","price":22}
2018-04-09 17:26:33 {"merchant_id":"1499456762","key":"","authCode":"134709410246016739","order_sn":"2018040917263388013","price":16}
2018-04-09 17:27:32 {"merchant_id":"1499456762","key":"","authCode":"134586132257984776","order_sn":"2018040917273259266","price":38}
2018-04-09 17:32:23 {"merchant_id":"1499456762","key":"","authCode":"134587963617162877","order_sn":"2018040917322339100","price":200}
2018-04-09 17:37:35 {"merchant_id":"2088702209158842","key":"201803BBedcd3d0e911446d8a52ddc21922f1X84","authCode":"288173293901705469","order_sn":"2018040917373557379","price":620}
2018-04-09 17:37:35 {"app_id":"2017071207730667","method":"alipay.trade.pay","charset":"utf-8","sign_type":"RSA","app_auth_token":"201803BBedcd3d0e911446d8a52ddc21922f1X84","timestamp":"2018-04-09 17:37:35","version":"1.0","biz_content":"{\"out_trade_no\":\"2018040917373557379\",\"scene\":\"bar_code\",\"auth_code\":\"288173293901705469\",\"subject\":\"\\u8ba2\\u5355\\u53f7:2018040917373557379\",\"seller_id\":\"2088702209158842\",\"total_amount\":620,\"extend_params\":{\"sys_service_provider_id\":\"2088721521881652\"}}","sign":"B0kQ7jHtWSZM7SmzSecp\/Vue6w0IdUGp4teub0aWXSkj86WVh0BK+3PreEzPXZavyCbUOdwtIu+Lru0Zaze94YaIAZkN7eaCzpeXZnkRlkSIXlyAJCkm5ZTuA4nTGm1uEi7motfK4MC4dh4ipZ2BxMuT6H3oxzoTR+PHKGwzdFE="}
2018-04-09 17:37:36 {"alipay_trade_pay_response":{"code":"10000","msg":"Success","buyer_logon_id":"153****8557","buyer_pay_amount":"620.00","buyer_user_id":"2088722357434513","fund_bill_list":[{"amount":"620.00","fund_channel":"ALIPAYACCOUNT"}],"gmt_payment":"2018-04-09 17:37:36","invoice_amount":"620.00","out_trade_no":"2018040917373557379","point_amount":"0.00","receipt_amount":"620.00","total_amount":"620.00","trade_no":"2018040921001004510535405032"},"sign":"Oc5c0VsqVLdmQdO6Y+E+bpU6vEfkufC7SjV4Q/syXyPgmRIqmHzYDBGvBV2w5tzDUdAgprDhK9N0qnq6qxRV265vDCL8FUEpgDygOmk4lpXP2AktOCcWdCa3ADPgpmIG/hEfc2GLX7SwIvUjgkF42PEAaflOYELImZZOjNDd1Yk="}
2018-04-09 17:37:46 {"merchant_id":"1499456762","key":"","authCode":"135613305715251330","order_sn":"2018040917374634753","price":30.5}
2018-04-09 17:38:27 {"merchant_id":"1499456762","key":"","authCode":"134528300935767846","order_sn":"2018040917382749142","price":11}
2018-04-09 17:44:30 {"merchant_id":"1499456762","key":"","authCode":"134813636955664302","order_sn":"2018040917443057362","price":8}
2018-04-09 17:52:20 {"merchant_id":"1499456762","key":"","authCode":"134716542972597108","order_sn":"2018040917522063168","price":5}
2018-04-09 17:52:35 {"merchant_id":"1499456762","key":"","authCode":"134540021632481850","order_sn":"2018040917523510004","price":22}
2018-04-09 17:54:36 {"merchant_id":"1499456762","key":"","authCode":"134733454868000157","order_sn":"2018040917543625530","price":17}
2018-04-09 17:55:55 {"merchant_id":"1499456762","key":"","authCode":"134647719551159236","order_sn":"2018040917555557912","price":18}
2018-04-09 18:01:16 {"merchant_id":"1499456762","key":"","authCode":"134770164958222626","order_sn":"2018040918011692814","price":108}
2018-04-09 18:13:37 {"merchant_id":"1499456762","key":"","authCode":"134856213124588733","order_sn":"2018040918133762512","price":25}
2018-04-09 18:16:13 {"merchant_id":"1499456762","key":"","authCode":"134756917081124207","order_sn":"2018040918161344111","price":1}
2018-04-09 18:20:27 {"merchant_id":"1499456762","key":"","authCode":"134611490079218745","order_sn":"2018040918202736725","price":29}
2018-04-09 18:21:07 {"merchant_id":"1499456762","key":"","authCode":"134624693051485509","order_sn":"2018040918210794885","price":20}
2018-04-09 18:23:50 {"merchant_id":"1499456762","key":"","authCode":"134725081489583786","order_sn":"2018040918235069019","price":12}
2018-04-09 18:41:31 {"merchant_id":"1499456762","key":"","authCode":"134631134318905941","order_sn":"2018040918413136553","price":21}
2018-04-09 18:44:25 {"merchant_id":"1499456762","key":"","authCode":"134599096369461256","order_sn":"2018040918442515812","price":12}
2018-04-09 18:45:45 {"merchant_id":"1499456762","key":"","authCode":"134693052575547766","order_sn":"2018040918454556236","price":15}
2018-04-09 18:48:54 {"merchant_id":"1499456762","key":"","authCode":"135052383432257835","order_sn":"2018040918485481014","price":15}
2018-04-09 18:57:07 {"merchant_id":"1499456762","key":"","authCode":"134508023113709609","order_sn":"2018040918570710876","price":8}
2018-04-09 19:00:07 {"merchant_id":"1499456762","key":"","authCode":"134521776256981387","order_sn":"2018040919000779122","price":198}
2018-04-09 19:05:30 {"merchant_id":"1499456762","key":"","authCode":"134617676923681397","order_sn":"2018040919053022926","price":17}
2018-04-09 19:07:12 {"merchant_id":"1499456762","key":"","authCode":"134575785283653373","order_sn":"2018040919071273515","price":17}
2018-04-09 19:12:54 {"merchant_id":"1499456762","key":"","authCode":"134642262666759514","order_sn":"2018040919125414597","price":65}
2018-04-09 19:13:53 {"merchant_id":"1499456762","key":"","authCode":"135085125302995977","order_sn":"2018040919135370167","price":8}
2018-04-09 19:16:20 {"merchant_id":"1499456762","key":"","authCode":"134679649435964319","order_sn":"2018040919162040053","price":84}
2018-04-09 19:18:12 {"merchant_id":"1499456762","key":"","authCode":"134617884553276143","order_sn":"2018040919181229004","price":10}
2018-04-09 19:22:55 {"merchant_id":"1499456762","key":"","authCode":"134658561578381218","order_sn":"2018040919225523249","price":12}
2018-04-09 19:24:12 {"merchant_id":"1499456762","key":"","authCode":"134568678314152827","order_sn":"2018040919241292065","price":1}
2018-04-09 19:26:34 {"merchant_id":"1499456762","key":"","authCode":"134546932559354025","order_sn":"2018040919263419548","price":23}
2018-04-09 19:26:37 {"merchant_id":"1499456762","key":"","authCode":"134691993428281378","order_sn":"2018040919263785755","price":4}
2018-04-09 19:27:55 {"merchant_id":"1499456762","key":"","authCode":"134590015439179361","order_sn":"2018040919275533074","price":8}
2018-04-09 19:32:10 {"merchant_id":"1499456762","key":"","authCode":"134505433525793780","order_sn":"2018040919321087681","price":42}
2018-04-09 19:33:03 {"merchant_id":"1499456762","key":"","authCode":"134559497259418430","order_sn":"2018040919330395833","price":198}
2018-04-09 19:37:05 {"merchant_id":"1499456762","key":"","authCode":"134651216420883003","order_sn":"2018040919370549423","price":41}
2018-04-09 19:39:10 {"merchant_id":"1499456762","key":"","authCode":"134529601032699718","order_sn":"2018040919391036469","price":64}
2018-04-09 19:41:55 {"merchant_id":"1499456762","key":"","authCode":"134593145286690237","order_sn":"2018040919415587839","price":300}
2018-04-09 19:42:25 {"merchant_id":"1499456762","key":"","authCode":"134749308598901217","order_sn":"2018040919422519326","price":17}
2018-04-09 19:44:00 {"merchant_id":"1499456762","key":"","authCode":"134912219079162890","order_sn":"2018040919440080362","price":26}
2018-04-09 19:45:59 {"merchant_id":"1499456762","key":"","authCode":"134952331980623040","order_sn":"2018040919455978873","price":23}
2018-04-09 19:47:58 {"merchant_id":"1499456762","key":"","authCode":"134764871669171626","order_sn":"2018040919475829312","price":13}
2018-04-09 19:49:29 {"merchant_id":"1499456762","key":"","authCode":"134708476499649518","order_sn":"2018040919492923924","price":13}
2018-04-09 19:55:11 {"merchant_id":"1499456762","key":"","authCode":"134600341225424964","order_sn":"2018040919551175228","price":15}
2018-04-09 19:55:43 {"merchant_id":"1499456762","key":"","authCode":"134625898392880402","order_sn":"2018040919554387592","price":10}
2018-04-09 19:58:46 {"merchant_id":"1499456762","key":"","authCode":"134526314073257240","order_sn":"2018040919584519868","price":9}
2018-04-09 19:59:30 {"merchant_id":"1499456762","key":"","authCode":"134721609057329703","order_sn":"2018040919593046447","price":50}
2018-04-09 20:02:31 {"merchant_id":"1499456762","key":"","authCode":"134743120531256632","order_sn":"2018040920023194072","price":16}
2018-04-09 20:09:06 {"merchant_id":"1499456762","key":"","authCode":"135340287584301415","order_sn":"2018040920090621923","price":29}
2018-04-09 20:10:40 {"merchant_id":"1499456762","key":"","authCode":"134604421985625866","order_sn":"2018040920104014575","price":8}
2018-04-09 20:17:27 {"merchant_id":"1499456762","key":"","authCode":"134577045040488689","order_sn":"2018040920172737212","price":128}
2018-04-09 20:27:11 {"merchant_id":"1499456762","key":"","authCode":"134716561815241525","order_sn":"2018040920271133507","price":41}
2018-04-09 20:28:05 {"merchant_id":"1499456762","key":"","authCode":"134507496258485450","order_sn":"2018040920280513394","price":37}
2018-04-09 20:30:53 {"merchant_id":"1499456762","key":"","authCode":"134603340887723709","order_sn":"2018040920305331019","price":5}
2018-04-09 20:41:37 {"merchant_id":"1490350062","key":"","authCode":"134630702672698436","order_sn":"2018040920413773321","price":100}
2018-04-09 20:45:48 {"merchant_id":"1490350062","key":"","authCode":"134641325448087628","order_sn":"2018040920454811837","price":300}
2018-04-09 21:16:37 {"merchant_id":"1499456762","key":"","authCode":"135414982186500433","order_sn":"2018040921163786655","price":16.5}
2018-04-09 21:20:25 {"merchant_id":"1490350062","key":"","authCode":"134731599345645724","order_sn":"2018040921202585148","price":300}
2018-04-09 21:25:37 {"merchant_id":"1499456762","key":"","authCode":"134510903863847932","order_sn":"2018040921253777786","price":13}
2018-04-09 21:26:01 {"merchant_id":"1499456762","key":"","authCode":"134697840455303672","order_sn":"2018040921260183529","price":9}
2018-04-09 21:26:27 {"merchant_id":"1499456762","key":"","authCode":"134514192396383278","order_sn":"2018040921262728897","price":5}
2018-04-09 21:27:12 {"merchant_id":"1499456762","key":"","authCode":"134535512160629024","order_sn":"2018040921271296430","price":8}
2018-04-09 21:27:55 {"merchant_id":"1499456762","key":"","authCode":"134737592673984433","order_sn":"2018040921275527337","price":24}
2018-04-09 21:28:17 {"merchant_id":"1499456762","key":"","authCode":"134573865459937951","order_sn":"2018040921281763365","price":12}
2018-04-09 21:28:57 {"merchant_id":"1499456762","key":"","authCode":"134756843240991185","order_sn":"2018040921285780476","price":13}
2018-04-09 21:29:57 {"merchant_id":"1499456762","key":"","authCode":"134506388255341136","order_sn":"2018040921295719007","price":15}
2018-04-09 21:31:26 {"merchant_id":"1499456762","key":"","authCode":"135003918190926611","order_sn":"2018040921312671117","price":10}
2018-04-09 21:39:01 {"merchant_id":"1490350062","key":"","authCode":"134504324540806859","order_sn":"2018040921390157980","price":300}
2018-04-09 21:39:45 {"merchant_id":"1490350062","key":"","authCode":"134682579160074783","order_sn":"2018040921394519220","price":30}
2018-04-09 21:41:43 {"merchant_id":"1490350062","key":"","authCode":"134680930386794715","order_sn":"2018040921414368418","price":30}
2018-04-09 21:50:09 {"merchant_id":"1499456762","key":"","authCode":"134709485941374466","order_sn":"2018040921500962368","price":14}
2018-04-09 21:50:45 {"merchant_id":"1499456762","key":"","authCode":"134537214058679716","order_sn":"2018040921504550313","price":27}
2018-04-09 22:51:47 {"merchant_id":"1490350062","key":"","authCode":"134508383138225075","order_sn":"2018040922514724589","price":100}
