2018-04-17 00:54:50 {"merchant_id":"1493159782","key":"","authCode":"134529156055029210","order_sn":"2018041700545083578","price":300}

2018-04-17 00:59:36 {"merchant_id":"1490350062","key":"","authCode":"134761246965682368","order_sn":"2018041700593639181","price":300}

2018-04-17 08:01:02 {"merchant_id":"1499456762","key":"","authCode":"134695800336144831","order_sn":"2018041708010297169","price":168}

2018-04-17 08:04:53 {"merchant_id":"1499456762","key":"","authCode":"134610495901798864","order_sn":"2018041708045315629","price":200}

2018-04-17 08:40:04 {"merchant_id":"1499456762","key":"","authCode":"134621153856944780","order_sn":"2018041708400479991","price":15}

2018-04-17 08:45:41 {"merchant_id":"1499456762","key":"","authCode":"134573795278398350","order_sn":"2018041708454191425","price":9}

2018-04-17 09:08:43 {"merchant_id":"1493159782","key":"","authCode":"134606830983752590","order_sn":"2018041709084363127","price":757}

2018-04-17 09:12:18 {"merchant_id":"1493159782","key":"","authCode":"134781229212356657","order_sn":"2018041709121824627","price":230}

2018-04-17 09:23:52 {"merchant_id":"1499456762","key":"","authCode":"134741563567505765","order_sn":"2018041709235239766","price":283}

2018-04-17 09:42:28 {"merchant_id":"1499456762","key":"","authCode":"136738288934516259","order_sn":"2018041709422899694","price":24}

2018-04-17 09:53:09 {"merchant_id":"1499456762","key":"","authCode":"135304794128989543","order_sn":"2018041709530964734","price":206.5}

2018-04-17 10:15:03 {"merchant_id":"1499456762","key":"","authCode":"134535034882572537","order_sn":"2018041710150315749","price":15}

2018-04-17 10:27:20 {"merchant_id":"1499456762","key":"","authCode":"134572883350951816","order_sn":"2018041710272051119","price":300}

2018-04-17 10:33:19 {"merchant_id":"1499456762","key":"","authCode":"134528250316780286","order_sn":"2018041710331954955","price":128}

2018-04-17 10:40:22 {"merchant_id":"1499456762","key":"","authCode":"134742423751363846","order_sn":"2018041710402234054","price":8}

2018-04-17 10:46:00 {"merchant_id":"1499456762","key":"","authCode":"134587983410760641","order_sn":"2018041710460036107","price":53}

2018-04-17 10:49:38 {"merchant_id":"1499456762","key":"","authCode":"134527019222848167","order_sn":"2018041710493813368","price":22}

2018-04-17 11:16:47 {"merchant_id":"1499456762","key":"","authCode":"134700200887356812","order_sn":"2018041711164715392","price":12}

2018-04-17 11:37:00 {"merchant_id":"1499456762","key":"","authCode":"134900717070976272","order_sn":"2018041711370047754","price":6}

2018-04-17 11:55:16 {"merchant_id":"1499456762","key":"","authCode":"134598789002030322","order_sn":"2018041711551663816","price":18.4}

2018-04-17 12:18:56 {"merchant_id":"2088822285099072","key":"201710BBaa55e11a995b41488709d94fe3bfbX07","authCode":"287206756041577911","order_sn":"2018041712185669865","price":200}

2018-04-17 12:18:56 {"app_id":"2017071207730667","method":"alipay.trade.pay","charset":"utf-8","sign_type":"RSA","app_auth_token":"201710BBaa55e11a995b41488709d94fe3bfbX07","timestamp":"2018-04-17 12:18:56","version":"1.0","biz_content":"{\"out_trade_no\":\"2018041712185669865\",\"scene\":\"bar_code\",\"auth_code\":\"287206756041577911\",\"subject\":\"\\u8ba2\\u5355\\u53f7:2018041712185669865\",\"seller_id\":\"2088822285099072\",\"total_amount\":200,\"extend_params\":{\"sys_service_provider_id\":\"2088721521881652\"}}","sign":"JpepY+2jjlFFQg\/VmAUP27fJ0jTMBy+JSEyVDdJK\/lT8yw3d1ruqR\/CEZrN5Cku2V9SYNeMSe8cLbchB9OQ35iTCCDuvAR2bPhbkr\/KcDJITEUfeYgieULtBZ0Zf3LHxBlfVBxLHCWAfTc+iuBIlN959bvzoqDC9MK8AOPxMRUc="}

2018-04-17 12:18:58 {"alipay_trade_pay_response":{"code":"10000","msg":"Success","buyer_logon_id":"181****9263","buyer_pay_amount":"200.00","buyer_user_id":"2088522763148181","fund_bill_list":[{"amount":"200.00","fund_channel":"ALIPAYACCOUNT"}],"gmt_payment":"2018-04-17 12:18:58","invoice_amount":"200.00","out_trade_no":"2018041712185669865","point_amount":"0.00","receipt_amount":"200.00","total_amount":"200.00","trade_no":"2018041721001004180554193078"},"sign":"SharRSJ2izI9YvUqOWElRIr+DXEvYb4uouAL3k6z6pGYBlWVAalzTrTl4FxnToif5TToflT8iHtcPAyZyUcs+jDnUgVcXqsGooPEmWkTrWphQBZ/kmGwKn3tKjf9HMPBGFO8P86V1fsqb8gH+rEFqQqpgrOzupU5Vx4TIs9rcQ4="}

2018-04-17 12:19:53 {"merchant_id":"1499456762","key":"","authCode":"134754904651231349","order_sn":"2018041712195345749","price":25.5}

2018-04-17 12:50:55 {"merchant_id":"1499456762","key":"","authCode":"134620909712729153","order_sn":"2018041712505525825","price":30}

2018-04-17 12:57:04 {"merchant_id":"1499456762","key":"","authCode":"134784175715670844","order_sn":"2018041712570418678","price":6}

2018-04-17 13:02:03 {"merchant_id":"1490350062","key":"","authCode":"134775515443746643","order_sn":"2018041713020398234","price":13}

2018-04-17 13:02:05 {"merchant_id":"1499456762","key":"","authCode":"135382933656425656","order_sn":"2018041713020533787","price":198}

2018-04-17 13:20:05 {"merchant_id":"1499456762","key":"","authCode":"134680497383551441","order_sn":"2018041713200548907","price":15}

2018-04-17 13:29:04 {"merchant_id":"1499456762","key":"","authCode":"135598868324766964","order_sn":"2018041713290443509","price":125.8}

2018-04-17 13:30:20 {"merchant_id":"1499456762","key":"","authCode":"134641694785977308","order_sn":"2018041713302023952","price":22}

2018-04-17 13:40:56 {"merchant_id":"1499456762","key":"","authCode":"134874552848087145","order_sn":"2018041713405626566","price":54}

2018-04-17 13:41:41 {"merchant_id":"1490350062","key":"","authCode":"135302714089589641","order_sn":"2018041713414128281","price":200}

2018-04-17 13:47:36 {"merchant_id":"1499456762","key":"","authCode":"134780347971563766","order_sn":"2018041713473691816","price":8}

2018-04-17 13:50:18 {"merchant_id":"1499456762","key":"","authCode":"134657443959702565","order_sn":"2018041713501899816","price":25}

2018-04-17 13:56:09 {"merchant_id":"1499456762","key":"","authCode":"134667499073421762","order_sn":"2018041713560974627","price":15}

2018-04-17 14:41:16 {"merchant_id":"1499456762","key":"","authCode":"134745935567879821","order_sn":"2018041714411621326","price":6}

2018-04-17 16:02:34 {"merchant_id":"1499456762","key":"","authCode":"134575232388362344","order_sn":"2018041716023464532","price":5}

2018-04-17 16:12:56 {"merchant_id":"1499456762","key":"","authCode":"134649653246989696","order_sn":"2018041716125619007","price":28}

2018-04-17 16:17:13 {"merchant_id":"1499456762","key":"","authCode":"134698412505833199","order_sn":"2018041716171313370","price":7.5}

2018-04-17 16:23:29 {"merchant_id":"1499456762","key":"","authCode":"135171628402576298","order_sn":"2018041716232993934","price":34}

2018-04-17 16:30:50 {"merchant_id":"1499456762","key":"","authCode":"134742669006014187","order_sn":"2018041716305016536","price":10}

2018-04-17 16:41:32 {"merchant_id":"1499456762","key":"","authCode":"134548352563157545","order_sn":"2018041716413247052","price":20}

2018-04-17 16:47:13 {"merchant_id":"1499456762","key":"","authCode":"134712858233298662","order_sn":"2018041716471319393","price":26}

2018-04-17 16:50:17 {"merchant_id":"1499456762","key":"","authCode":"134634475214541002","order_sn":"2018041716501795098","price":35}

2018-04-17 16:51:02 {"merchant_id":"1499456762","key":"","authCode":"134769304545083577","order_sn":"2018041716510155488","price":17}

2018-04-17 16:52:13 {"merchant_id":"1499456762","key":"","authCode":"134892830690891132","order_sn":"2018041716521386372","price":6}

2018-04-17 17:03:17 {"merchant_id":"1499456762","key":"","authCode":"135010184690466108","order_sn":"2018041717031775340","price":12}

2018-04-17 17:06:25 {"merchant_id":"1499456762","key":"","authCode":"134606817389891683","order_sn":"2018041717062527460","price":23}

2018-04-17 17:11:06 {"merchant_id":"1499456762","key":"","authCode":"134715849065820669","order_sn":"2018041717110615331","price":13}

2018-04-17 17:11:31 {"merchant_id":"1499456762","key":"","authCode":"134701786747331926","order_sn":"2018041717113143068","price":12}

2018-04-17 17:15:10 {"merchant_id":"1499456762","key":"","authCode":"134792771619888070","order_sn":"2018041717151054591","price":41.5}

2018-04-17 17:15:51 {"merchant_id":"1499456762","key":"","authCode":"134720935263415502","order_sn":"2018041717155186214","price":25}

2018-04-17 17:26:12 {"merchant_id":"1499456762","key":"","authCode":"134513592390642881","order_sn":"2018041717261217089","price":44}

2018-04-17 17:28:32 {"merchant_id":"1499456762","key":"","authCode":"134878002317696581","order_sn":"2018041717283282146","price":41}

2018-04-17 17:42:42 {"merchant_id":"1499456762","key":"","authCode":"135525469227763731","order_sn":"2018041717424270518","price":15}

2018-04-17 17:43:17 {"merchant_id":"1499456762","key":"","authCode":"134588890685635398","order_sn":"2018041717431766862","price":15}

2018-04-17 18:07:06 {"merchant_id":"1499456762","key":"","authCode":"134733025546374420","order_sn":"2018041718070622807","price":128}

2018-04-17 18:09:10 {"merchant_id":"1499456762","key":"","authCode":"134505353489176189","order_sn":"2018041718091076953","price":15}

2018-04-17 18:19:40 {"merchant_id":"1490350062","key":"","authCode":"134709133649338627","order_sn":"2018041718194097087","price":100}

2018-04-17 18:21:18 {"merchant_id":"1499456762","key":"","authCode":"134643001485628344","order_sn":"2018041718211896740","price":8}

2018-04-17 18:37:05 {"merchant_id":"1499456762","key":"","authCode":"134739792969199187","order_sn":"2018041718370452385","price":20}

2018-04-17 18:39:29 {"merchant_id":"1499456762","key":"","authCode":"134585750487560301","order_sn":"2018041718392950201","price":21}

2018-04-17 18:40:55 {"merchant_id":"1499456762","key":"","authCode":"135299219650025981","order_sn":"2018041718405568096","price":15}

2018-04-17 18:44:45 {"merchant_id":"1499456762","key":"","authCode":"134525733078986952","order_sn":"2018041718444537555","price":28}

2018-04-17 18:46:02 {"merchant_id":"1499456762","key":"","authCode":"134623218524319377","order_sn":"2018041718460284119","price":20}

2018-04-17 18:51:57 {"merchant_id":"1490350062","key":"","authCode":"134539055938778639","order_sn":"2018041718515725180","price":100}

2018-04-17 18:58:22 {"merchant_id":"1490350062","key":"","authCode":"134662497923197793","order_sn":"2018041718582229209","price":600}

2018-04-17 19:00:19 {"merchant_id":"1499456762","key":"","authCode":"135053609024578293","order_sn":"2018041719001981292","price":12}

2018-04-17 19:03:21 {"merchant_id":"1499456762","key":"","authCode":"134671341878306953","order_sn":"2018041719032192478","price":198}

2018-04-17 19:05:05 {"merchant_id":"1499456762","key":"","authCode":"134574407550651996","order_sn":"2018041719050534416","price":28}

2018-04-17 19:08:51 {"merchant_id":"1499456762","key":"","authCode":"134704729350388198","order_sn":"2018041719085166415","price":17}

2018-04-17 19:13:31 {"merchant_id":"1499456762","key":"","authCode":"134793429248462014","order_sn":"2018041719133186983","price":20}

2018-04-17 19:17:04 {"merchant_id":"1499456762","key":"","authCode":"134861169514800422","order_sn":"2018041719170450805","price":6}

2018-04-17 19:30:18 {"merchant_id":"1499456762","key":"","authCode":"134919983279274686","order_sn":"2018041719301845893","price":9}

2018-04-17 19:31:31 {"merchant_id":"1499456762","key":"","authCode":"134556184057938403","order_sn":"2018041719313182739","price":24}

2018-04-17 19:33:16 {"merchant_id":"1490350062","key":"","authCode":"134564622638426266","order_sn":"2018041719331637846","price":300}

2018-04-17 19:37:28 {"merchant_id":"1499456762","key":"","authCode":"135063372546320018","order_sn":"2018041719372845301","price":89}

2018-04-17 19:44:50 {"merchant_id":"1499456762","key":"","authCode":"134672999573479434","order_sn":"2018041719445061786","price":7}

2018-04-17 19:44:52 {"merchant_id":"1499456762","key":"","authCode":"134535609028901228","order_sn":"2018041719445249374","price":16}

2018-04-17 19:46:05 {"merchant_id":"1499456762","key":"","authCode":"134703095048095226","order_sn":"2018041719460571084","price":47}

2018-04-17 19:46:29 {"merchant_id":"1490350062","key":"","authCode":"135207208380297841","order_sn":"2018041719462927240","price":100}

2018-04-17 19:47:35 {"merchant_id":"2088822285099072","key":"201710BBaa55e11a995b41488709d94fe3bfbX07","authCode":"283693320111356929","order_sn":"2018041719473540769","price":100}

2018-04-17 19:47:35 {"app_id":"2017071207730667","method":"alipay.trade.pay","charset":"utf-8","sign_type":"RSA","app_auth_token":"201710BBaa55e11a995b41488709d94fe3bfbX07","timestamp":"2018-04-17 19:47:35","version":"1.0","biz_content":"{\"out_trade_no\":\"2018041719473540769\",\"scene\":\"bar_code\",\"auth_code\":\"283693320111356929\",\"subject\":\"\\u8ba2\\u5355\\u53f7:2018041719473540769\",\"seller_id\":\"2088822285099072\",\"total_amount\":100,\"extend_params\":{\"sys_service_provider_id\":\"2088721521881652\"}}","sign":"b8MNHxZ0HNVPaT15LqqyBSmoXioghwImRPYN5Qj5HqfrJYRTWmMn4XgAJJqpk5Xp\/qeUrkkJhvU0OXSxgPTIy8A4OotCnHSwxrYnWsChfEkiJEXLERh41xsYi2yFqRsWA6fQ8jVlx5086SV9Zr5pS58eIDU+lUzGed0h4aBIU5c="}

2018-04-17 19:47:35 {"alipay_trade_pay_response":{"code":"10000","msg":"Success","buyer_logon_id":"156****0062","buyer_pay_amount":"100.00","buyer_user_id":"2088612305692565","fund_bill_list":[{"amount":"100.00","fund_channel":"ALIPAYACCOUNT"}],"gmt_payment":"2018-04-17 19:47:35","invoice_amount":"100.00","out_trade_no":"2018041719473540769","point_amount":"0.00","receipt_amount":"100.00","total_amount":"100.00","trade_no":"2018041721001004560542250455"},"sign":"ZbOHCYNObqP3BHSKGmJpyUGqpCfRCrHTYM/qdUc97DOXa7axF2oG07uQ/8Skc0j1ydUv1QcDM/mgDNQh3D5RIHqMrVF9xr5eaMHYwh1/zmEqIymzRFwhfTZsDbYPFNbXYun72YudzKcbO8KRzFfwA+NohG/mPhGwy+AGBOoUWXg="}

2018-04-17 19:48:28 {"merchant_id":"2088822285099072","key":"201710BBaa55e11a995b41488709d94fe3bfbX07","authCode":"284784321202465029","order_sn":"2018041719482895878","price":30}

2018-04-17 19:48:28 {"app_id":"2017071207730667","method":"alipay.trade.pay","charset":"utf-8","sign_type":"RSA","app_auth_token":"201710BBaa55e11a995b41488709d94fe3bfbX07","timestamp":"2018-04-17 19:48:28","version":"1.0","biz_content":"{\"out_trade_no\":\"2018041719482895878\",\"scene\":\"bar_code\",\"auth_code\":\"284784321202465029\",\"subject\":\"\\u8ba2\\u5355\\u53f7:2018041719482895878\",\"seller_id\":\"2088822285099072\",\"total_amount\":30,\"extend_params\":{\"sys_service_provider_id\":\"2088721521881652\"}}","sign":"Up3e6GkzH9YjD311mAqnIfeyWHSeuu4kVmexCgnDAZ8KKEI5bDA8fCI1OV1n2hOzC2DU7XlpEqXAXRN4l1W6HQXvgamH3oTheTfJo0m3QtPgOX3DzyiwtO2c1EBzRWI1ar1WUmgEttaZcWWNBsuISYJ+Tli\/34N7ni4ef0XcivQ="}

2018-04-17 19:48:30 {"alipay_trade_pay_response":{"code":"10000","msg":"Success","buyer_logon_id":"156****0062","buyer_pay_amount":"30.00","buyer_user_id":"2088612305692565","fund_bill_list":[{"amount":"30.00","fund_channel":"ALIPAYACCOUNT"}],"gmt_payment":"2018-04-17 19:48:30","invoice_amount":"30.00","out_trade_no":"2018041719482895878","point_amount":"0.00","receipt_amount":"30.00","total_amount":"30.00","trade_no":"2018041721001004560542699045"},"sign":"ofxlJGt3mdRU/07690Jwm8KXsAWHHJi8LbX96MLpPo/58oXCnB2WpF0RzdRax1uV4CT0zq7ACYFs02IbRNjHceI3SnpMWVuJHKudvnaZu/ArUiPeSsZJtYouMJmGAE8KiQsMnamrzU61L1+rdwo3WsD7EFQVmr00qz+4rEWuSv0="}

2018-04-17 19:48:35 {"merchant_id":"1499456762","key":"","authCode":"134605317104975466","order_sn":"2018041719483571718","price":12}

2018-04-17 19:55:00 {"merchant_id":"1499456762","key":"","authCode":"134694212217065168","order_sn":"2018041719550064005","price":14}

2018-04-17 19:55:16 {"merchant_id":"1499456762","key":"","authCode":"134576919359129440","order_sn":"2018041719551648982","price":10}

2018-04-17 19:57:18 {"merchant_id":"1499456762","key":"","authCode":"134730101111266043","order_sn":"2018041719571823456","price":18}

2018-04-17 20:01:10 {"merchant_id":"1499456762","key":"","authCode":"134606452519885648","order_sn":"2018041720011099681","price":11}

2018-04-17 20:01:18 {"merchant_id":"1499456762","key":"","authCode":"135044996256729282","order_sn":"2018041720011878384","price":48.5}

2018-04-17 20:01:43 {"merchant_id":"1499456762","key":"","authCode":"134968879599060497","order_sn":"2018041720014358462","price":27}

2018-04-17 20:07:05 {"merchant_id":"1499456762","key":"","authCode":"134919814016378462","order_sn":"2018041720070599634","price":128}

2018-04-17 20:12:38 {"merchant_id":"1499456762","key":"","authCode":"134575512029307599","order_sn":"2018041720123858095","price":200}

2018-04-17 20:17:00 {"merchant_id":"1499456762","key":"","authCode":"134537499459329463","order_sn":"2018041720170072163","price":6}

2018-04-17 20:17:57 {"merchant_id":"1499456762","key":"","authCode":"134619660995042390","order_sn":"2018041720175785056","price":15}

2018-04-17 20:19:00 {"merchant_id":"1499456762","key":"","authCode":"134580117860479546","order_sn":"2018041720190082510","price":20}

2018-04-17 20:19:45 {"merchant_id":"1499456762","key":"","authCode":"134914581944495045","order_sn":"2018041720194589181","price":25}

2018-04-17 20:24:11 {"merchant_id":"1499456762","key":"","authCode":"134574276979857499","order_sn":"2018041720241162742","price":8}

2018-04-17 20:25:46 {"merchant_id":"1499456762","key":"","authCode":"134750891728547166","order_sn":"2018041720254619214","price":50}

2018-04-17 20:28:29 {"merchant_id":"1499456762","key":"","authCode":"134913870802518368","order_sn":"2018041720282994856","price":148}

2018-04-17 20:29:16 {"merchant_id":"1499456762","key":"","authCode":"134604193254361078","order_sn":"2018041720291619156","price":26}

2018-04-17 20:29:51 {"merchant_id":"1499456762","key":"","authCode":"134766157382078008","order_sn":"2018041720295120143","price":27}

2018-04-17 20:41:10 {"merchant_id":"1499456762","key":"","authCode":"135019306184268517","order_sn":"2018041720411040727","price":21.5}

2018-04-17 20:45:20 {"merchant_id":"1499456762","key":"","authCode":"134746585489648715","order_sn":"2018041720451988663","price":31}

2018-04-17 20:49:55 {"merchant_id":"1499456762","key":"","authCode":"134550893567956530","order_sn":"2018041720495535772","price":22}

2018-04-17 20:50:42 {"merchant_id":"1499456762","key":"","authCode":"134731513720511421","order_sn":"2018041720504259241","price":8}

2018-04-17 20:54:49 {"merchant_id":"1499456762","key":"","authCode":"134553876815628080","order_sn":"2018041720544998076","price":22}

2018-04-17 20:56:28 {"merchant_id":"1493159782","key":"","authCode":"134641793929002916","order_sn":"2018041720562861998","price":400}

2018-04-17 20:58:20 {"merchant_id":"1499456762","key":"","authCode":"134641153334695720","order_sn":"2018041720582089717","price":31}

2018-04-17 21:02:59 {"merchant_id":"1499456762","key":"","authCode":"134703593738453712","order_sn":"2018041721025943539","price":28.5}

2018-04-17 21:03:54 {"merchant_id":"1499456762","key":"","authCode":"134945590143099234","order_sn":"2018041721035460032","price":44}

2018-04-17 21:10:09 {"merchant_id":"1499456762","key":"","authCode":"134845056538068684","order_sn":"2018041721100922027","price":1}

2018-04-17 21:16:28 {"merchant_id":"1499456762","key":"","authCode":"134705552649918991","order_sn":"2018041721162835600","price":13}

2018-04-17 21:22:44 {"merchant_id":"1499456762","key":"","authCode":"134667480232166166","order_sn":"2018041721224463492","price":36}

2018-04-17 21:35:10 {"merchant_id":"1499456762","key":"","authCode":"134698832182743005","order_sn":"2018041721350915977","price":24}

2018-04-17 21:45:26 {"merchant_id":"1499456762","key":"","authCode":"134809234857799308","order_sn":"2018041721452616824","price":300}

2018-04-17 22:16:13 {"merchant_id":"1499456762","key":"","authCode":"134553388263332287","order_sn":"2018041722161372786","price":32}

2018-04-17 22:19:53 {"merchant_id":"1490350062","key":"","authCode":"135098185717207579","order_sn":"2018041722195387184","price":200}

2018-04-17 22:56:23 {"merchant_id":"2088821827997030","key":"201711BBc699bef5cde842dba6fa5c6bdc706A03","authCode":"283725484921419898","order_sn":"2018041722562395992","price":400}

2018-04-17 22:56:23 {"app_id":"2017071207730667","method":"alipay.trade.pay","charset":"utf-8","sign_type":"RSA","app_auth_token":"201711BBc699bef5cde842dba6fa5c6bdc706A03","timestamp":"2018-04-17 22:56:23","version":"1.0","biz_content":"{\"out_trade_no\":\"2018041722562395992\",\"scene\":\"bar_code\",\"auth_code\":\"283725484921419898\",\"subject\":\"\\u8ba2\\u5355\\u53f7:2018041722562395992\",\"seller_id\":\"2088821827997030\",\"total_amount\":400,\"extend_params\":{\"sys_service_provider_id\":\"2088721521881652\"}}","sign":"NTJzws1W0Nt66EqEobjj5gTvKRQ6YcPtcrial9SorJ1EpoP8b+eOkObZHJDEsFvmzFO0sXJtVGV63UfOOFGhhdHZ9cPl0zMQDaWwLAem4JOpDwQrldD+tRTOhVLhBmC9UR8MoN1OrlHL92DAa6DgxUigQbVIGCmNbIU88HcDynA="}

2018-04-17 22:56:24 {"alipay_trade_pay_response":{"code":"10000","msg":"Success","buyer_logon_id":"187****7311","buyer_pay_amount":"400.00","buyer_user_id":"2088512510806235","fund_bill_list":[{"amount":"400.00","fund_channel":"ALIPAYACCOUNT"}],"gmt_payment":"2018-04-17 22:56:24","invoice_amount":"400.00","out_trade_no":"2018041722562395992","point_amount":"0.00","receipt_amount":"400.00","total_amount":"400.00","trade_no":"2018041721001004230576060715"},"sign":"XkPAjHml905mSHOJrwoDXg7V7ld5Rq5fFPI/s1+l1CyG6evU+eUxrz2ohudfJshP49HzsT+DWhHw+JGZ7MbkaBbtG9C9Qh4NAq7SjPpPrbQTvTYA+ema1uYmQU8eEZAgfra8YGFcW0ndYEBk/uOZljXqaBNpvlJoFbq1gYMhZYM="}

2018-04-17 23:53:57 {"merchant_id":"1490350062","key":"","authCode":"134711984432206047","order_sn":"2018041723535716135","price":300}

