2018-04-15 00:42:30 {"merchant_id":"1490350062","key":"","authCode":"134749177048796974","order_sn":"2018041500423065671","price":300}

2018-04-15 07:08:55 {"merchant_id":"1490350062","key":"","authCode":"135011794786660620","order_sn":"2018041507085550807","price":192}

2018-04-15 08:08:31 {"merchant_id":"1499456762","key":"","authCode":"134881178245826183","order_sn":"2018041508083191430","price":100}

2018-04-15 08:24:34 {"merchant_id":"1499456762","key":"","authCode":"135175014776985487","order_sn":"2018041508243439243","price":27}

2018-04-15 08:27:43 {"merchant_id":"1499456762","key":"","authCode":"134526532731746494","order_sn":"2018041508274243955","price":24.5}

2018-04-15 08:37:08 {"merchant_id":"1499456762","key":"","authCode":"135484643033863937","order_sn":"2018041508370811650","price":8}

2018-04-15 09:17:20 {"merchant_id":"1499456762","key":"","authCode":"134985831631313969","order_sn":"2018041509172041175","price":28}

2018-04-15 09:27:05 {"merchant_id":"1490350062","key":"","authCode":"135694005200269457","order_sn":"2018041509270316476","price":25}

2018-04-15 09:28:22 {"merchant_id":"1499456762","key":"","authCode":"134626070536078356","order_sn":"2018041509282251046","price":128}

2018-04-15 09:35:38 {"merchant_id":"1499456762","key":"","authCode":"134604557552195050","order_sn":"2018041509353839176","price":6}

2018-04-15 09:36:14 {"merchant_id":"1499456762","key":"","authCode":"134996806731881671","order_sn":"2018041509361372670","price":27}

2018-04-15 09:48:42 {"merchant_id":"1499456762","key":"","authCode":"134707027915269214","order_sn":"2018041509484213532","price":28}

2018-04-15 10:20:51 {"merchant_id":"1499456762","key":"","authCode":"134610737653636544","order_sn":"2018041510205066448","price":198}

2018-04-15 10:23:15 {"merchant_id":"1499456762","key":"","authCode":"134756361792680194","order_sn":"2018041510231448681","price":158}

2018-04-15 10:42:58 {"merchant_id":"1499456762","key":"","authCode":"134507706757665106","order_sn":"2018041510425850067","price":8}

2018-04-15 10:47:09 {"merchant_id":"1499456762","key":"","authCode":"134687316351592795","order_sn":"2018041510470972559","price":40}

2018-04-15 10:57:24 {"merchant_id":"1499456762","key":"","authCode":"134658239122894775","order_sn":"2018041510572433784","price":28}

2018-04-15 10:57:28 {"merchant_id":"1499456762","key":"","authCode":"134651561585289512","order_sn":"2018041510572833773","price":6}

2018-04-15 10:57:50 {"merchant_id":"1499456762","key":"","authCode":"134519282078497627","order_sn":"2018041510574990104","price":11}

2018-04-15 10:59:46 {"merchant_id":"1486561492","key":"","authCode":"137156547165692157","order_sn":"2018041510594516730","price":0.03}

2018-04-15 11:01:32 {"merchant_id":"1486561492","key":"","authCode":"137087024994999237","order_sn":"2018041511013157055","price":0.02}

2018-04-15 11:10:04 {"merchant_id":"2088702209158842","key":"201803BBedcd3d0e911446d8a52ddc21922f1X84","authCode":"284049352545514448","order_sn":"2018041511100359587","price":76}

2018-04-15 11:10:04 {"app_id":"2017071207730667","method":"alipay.trade.pay","charset":"utf-8","sign_type":"RSA","app_auth_token":"201803BBedcd3d0e911446d8a52ddc21922f1X84","timestamp":"2018-04-15 11:10:04","version":"1.0","biz_content":"{\"out_trade_no\":\"2018041511100359587\",\"scene\":\"bar_code\",\"auth_code\":\"284049352545514448\",\"subject\":\"\\u8ba2\\u5355\\u53f7:2018041511100359587\",\"seller_id\":\"2088702209158842\",\"total_amount\":76,\"extend_params\":{\"sys_service_provider_id\":\"2088721521881652\"}}","sign":"J\/wtnTK16mb9DrmJMwdJ\/sDsmsZm0mq05zN9Bk+QxVRGBlWnM7R65Xl800dTH8VLebEusWIJHFg7qeziZoFMyuV+Q8UTjlwsMJFBapyAdL2EvZrarAkStPhgNh\/krei3PjMc\/FW6EepfpT+ASKaAnMsXWo\/t0FsTS9yUCav7Dro="}

2018-04-15 11:10:05 {"alipay_trade_pay_response":{"code":"10000","msg":"Success","buyer_logon_id":"187****8023","buyer_pay_amount":"76.00","buyer_user_id":"2088512900063989","fund_bill_list":[{"amount":"76.00","fund_channel":"PCREDIT"}],"gmt_payment":"2018-04-15 11:10:05","invoice_amount":"76.00","out_trade_no":"2018041511100359587","point_amount":"0.00","receipt_amount":"76.00","total_amount":"76.00","trade_no":"2018041521001004980529694229"},"sign":"eYz0UQMyNEvtMacZtHt6dtkXylID4vL4FNfurfl8qlDReZN0aW05GwhHiyiJhLAOGx5dOV5DdDPUhm1bzOIkk9m/kFHTQlA2U/3VTTeLe0h9uqiyGd8yQ72clbzDHpD6EjA7vsae+GaA5rfuGle/1nMoAbvw0PP9MhNlo7hvob8="}

2018-04-15 11:17:12 {"merchant_id":"1499456762","key":"","authCode":"134740519594551792","order_sn":"2018041511171235152","price":8}

2018-04-15 11:19:30 {"merchant_id":"1499456762","key":"","authCode":"134538353921494388","order_sn":"2018041511193063025","price":30}

2018-04-15 11:22:42 {"merchant_id":"1499456762","key":"","authCode":"135126302726956096","order_sn":"2018041511224173564","price":16}

2018-04-15 11:23:57 {"merchant_id":"1499456762","key":"","authCode":"134748178481304764","order_sn":"2018041511235780564","price":48}

2018-04-15 11:31:56 {"merchant_id":"1499456762","key":"","authCode":"134661940621942495","order_sn":"2018041511315648731","price":11}

2018-04-15 11:36:30 {"merchant_id":"1499456762","key":"","authCode":"134560678614664664","order_sn":"2018041511363050000","price":14}

2018-04-15 11:37:03 {"merchant_id":"1499456762","key":"","authCode":"135093590367669210","order_sn":"2018041511370321094","price":22}

2018-04-15 11:43:48 {"merchant_id":"1499456762","key":"","authCode":"134766356564773043","order_sn":"2018041511434850179","price":26}

2018-04-15 11:48:32 {"merchant_id":"1499456762","key":"","authCode":"134941457229332000","order_sn":"2018041511483219939","price":53.3}

2018-04-15 11:49:24 {"merchant_id":"1499456762","key":"","authCode":"134789212190174182","order_sn":"2018041511492433117","price":16}

2018-04-15 11:56:14 {"merchant_id":"1499456762","key":"","authCode":"134631710414047864","order_sn":"2018041511561452462","price":15}

2018-04-15 12:23:30 {"merchant_id":"1499456762","key":"","authCode":"134845408197889516","order_sn":"2018041512233079503","price":47.5}

2018-04-15 12:32:37 {"merchant_id":"1499456762","key":"","authCode":"134694196626652640","order_sn":"2018041512323734435","price":100}

2018-04-15 12:34:45 {"merchant_id":"1499456762","key":"","authCode":"134746648485624845","order_sn":"2018041512344595083","price":25}

2018-04-15 12:38:01 {"merchant_id":"2088822285099072","key":"201710BBaa55e11a995b41488709d94fe3bfbX07","authCode":"281834400679930786","order_sn":"2018041512380185227","price":158}

2018-04-15 12:38:01 {"app_id":"2017071207730667","method":"alipay.trade.pay","charset":"utf-8","sign_type":"RSA","app_auth_token":"201710BBaa55e11a995b41488709d94fe3bfbX07","timestamp":"2018-04-15 12:38:01","version":"1.0","biz_content":"{\"out_trade_no\":\"2018041512380185227\",\"scene\":\"bar_code\",\"auth_code\":\"281834400679930786\",\"subject\":\"\\u8ba2\\u5355\\u53f7:2018041512380185227\",\"seller_id\":\"2088822285099072\",\"total_amount\":158,\"extend_params\":{\"sys_service_provider_id\":\"2088721521881652\"}}","sign":"I9Sbdi7jFGny76nG+WEwQuZSBxEFaQihhW2\/GpPUv23Oji2IABRGllORNAfi2eDlV9lb7NJ1eB2r6j0il+IaqvxJVKaNAEYKMcn0if+Mmre6QtVZAXYO45HxtwP8vxFfdpdVs2mYAe26OvdzS7FSDV8xRjptMLOgyUwukeAdzWQ="}

2018-04-15 12:38:03 {"alipay_trade_pay_response":{"code":"10000","msg":"Success","buyer_logon_id":"181****9263","buyer_pay_amount":"158.00","buyer_user_id":"2088522763148181","fund_bill_list":[{"amount":"158.00","fund_channel":"ALIPAYACCOUNT"}],"gmt_payment":"2018-04-15 12:38:03","invoice_amount":"158.00","out_trade_no":"2018041512380185227","point_amount":"0.00","receipt_amount":"158.00","total_amount":"158.00","trade_no":"2018041521001004180546955463"},"sign":"BcjuiUaklMqwseFYC3054ouYIbc88lGTrFy+KsrXAu9Oyce1odgk21Lqov5X96JsayHKLgu0TKBhu64Cg57jv0WbpjITD1JK9jM1d2R72EgUHAFWb11yODsIHPBgousOumuHa1fsJvCEy9mBqyTVQqhmhl5Es7xSRr6Z0DRWwCI="}

2018-04-15 12:51:48 {"merchant_id":"1499456762","key":"","authCode":"134759465242656730","order_sn":"2018041512514881267","price":30.5}

2018-04-15 12:54:01 {"merchant_id":"1499456762","key":"","authCode":"134511672786925792","order_sn":"2018041512540130635","price":4}

2018-04-15 12:57:48 {"merchant_id":"1499456762","key":"","authCode":"134622287528549017","order_sn":"2018041512574849534","price":7}

2018-04-15 13:01:50 {"merchant_id":"1499456762","key":"","authCode":"134526368827277022","order_sn":"2018041513015011446","price":19}

2018-04-15 13:08:50 {"merchant_id":"1490350062","key":"","authCode":"134564360256563026","order_sn":"2018041513085065867","price":100}

2018-04-15 13:15:52 {"merchant_id":"1499456762","key":"","authCode":"134577307912028527","order_sn":"2018041513155263789","price":48}

2018-04-15 13:16:30 {"merchant_id":"2088702209158842","key":"201803BBedcd3d0e911446d8a52ddc21922f1X84","authCode":"285579703075667483","order_sn":"2018041513163026330","price":10}

2018-04-15 13:16:30 {"app_id":"2017071207730667","method":"alipay.trade.pay","charset":"utf-8","sign_type":"RSA","app_auth_token":"201803BBedcd3d0e911446d8a52ddc21922f1X84","timestamp":"2018-04-15 13:16:30","version":"1.0","biz_content":"{\"out_trade_no\":\"2018041513163026330\",\"scene\":\"bar_code\",\"auth_code\":\"285579703075667483\",\"subject\":\"\\u8ba2\\u5355\\u53f7:2018041513163026330\",\"seller_id\":\"2088702209158842\",\"total_amount\":10,\"extend_params\":{\"sys_service_provider_id\":\"2088721521881652\"}}","sign":"TTf2t+DplQeWsBisDJUUxsm0\/TMQ0jEusHCxncak+LTVOC20RPsAZXV4y78x1JH\/ns8IQDFT6bM4sTPJSTU+XJiHDZZ8jizR7+PsHwzn2sfe5jTfKOU5UXmTFf0hHjmDj97fiR9D5HsgbMNKK\/+nHU7Effr79dKQ9jM7nyGRXtQ="}

2018-04-15 13:16:31 {"alipay_trade_pay_response":{"code":"10000","msg":"Success","buyer_logon_id":"187****8023","buyer_pay_amount":"10.00","buyer_user_id":"2088512900063989","fund_bill_list":[{"amount":"10.00","fund_channel":"PCREDIT"}],"gmt_payment":"2018-04-15 13:16:31","invoice_amount":"10.00","out_trade_no":"2018041513163026330","point_amount":"0.00","receipt_amount":"10.00","total_amount":"10.00","trade_no":"2018041521001004980530346322"},"sign":"RzwXMyw2WITQCq66Izkq6gyU9gQZO451zFkpWKADwSQf4wks2IenFdTdQAakf+nGS9gLEJ1c/KxO+dU60vhMn9uVNojsyvmPWqoH2ErVID1wUwVXxIQh91wD8ynMK+V+mkXKewoHkBumUa28BB6IgtEBV0xWanfNu8wwtUA/nhI="}

2018-04-15 13:25:16 {"merchant_id":"1499456762","key":"","authCode":"134623086874981121","order_sn":"2018041513251647458","price":10}

2018-04-15 13:27:58 {"merchant_id":"1499456762","key":"","authCode":"134560371036861886","order_sn":"2018041513275894790","price":300}

2018-04-15 13:31:57 {"merchant_id":"1499456762","key":"","authCode":"134531164717603919","order_sn":"2018041513315718527","price":5}

2018-04-15 13:56:41 {"merchant_id":"1499456762","key":"","authCode":"135265115162781055","order_sn":"2018041513564042002","price":14}

2018-04-15 13:57:58 {"merchant_id":"1490350062","key":"","authCode":"135258152306642628","order_sn":"2018041513575877156","price":100}

2018-04-15 14:28:47 {"merchant_id":"1499456762","key":"","authCode":"134601531681336250","order_sn":"2018041514284786510","price":41}

2018-04-15 14:37:56 {"merchant_id":"1499456762","key":"","authCode":"134618623339286679","order_sn":"2018041514375644834","price":13.5}

2018-04-15 14:54:52 {"merchant_id":"1499456762","key":"","authCode":"135416532474832515","order_sn":"2018041514545212024","price":15}

2018-04-15 15:10:58 {"merchant_id":"1499456762","key":"","authCode":"134605429206449502","order_sn":"2018041515105812276","price":31.5}

2018-04-15 15:11:26 {"merchant_id":"1499456762","key":"","authCode":"134629221621291542","order_sn":"2018041515112631568","price":53}

2018-04-15 15:19:47 {"merchant_id":"2088822285099072","key":"201710BBaa55e11a995b41488709d94fe3bfbX07","authCode":"285908312357396289","order_sn":"2018041515194718914","price":148}

2018-04-15 15:19:47 {"app_id":"2017071207730667","method":"alipay.trade.pay","charset":"utf-8","sign_type":"RSA","app_auth_token":"201710BBaa55e11a995b41488709d94fe3bfbX07","timestamp":"2018-04-15 15:19:47","version":"1.0","biz_content":"{\"out_trade_no\":\"2018041515194718914\",\"scene\":\"bar_code\",\"auth_code\":\"285908312357396289\",\"subject\":\"\\u8ba2\\u5355\\u53f7:2018041515194718914\",\"seller_id\":\"2088822285099072\",\"total_amount\":148,\"extend_params\":{\"sys_service_provider_id\":\"2088721521881652\"}}","sign":"qkESL5YpbavZnQDKJ6KFKGgVft0xA0frDiyb3aARsSH\/wnAQUr0WM6qdsuNlTefnLyBiRR\/NIdIFKbIGDnqUXIabHN9KycM2\/HSdNQEMlAkPdJewXpvx1XTSQO8mpZY2RMhplKTAHef7vYKB2O+kDRCEFuO4lBjPVl8MIv54QWo="}

2018-04-15 15:19:48 {"alipay_trade_pay_response":{"code":"10000","msg":"Success","buyer_logon_id":"151****1555","buyer_pay_amount":"148.00","buyer_user_id":"2088032311820758","fund_bill_list":[{"amount":"148.00","fund_channel":"ALIPAYACCOUNT"}],"gmt_payment":"2018-04-15 15:19:48","invoice_amount":"148.00","out_trade_no":"2018041515194718914","point_amount":"0.00","receipt_amount":"148.00","total_amount":"148.00","trade_no":"2018041521001004750534306597"},"sign":"Ly9vXxSjxzi/3Gakr+BWkgmYqCYEGgeXJJ5kW89ECONMDBeBSJq8LD5I8lCL8LnAW4u5c1Y8tdM1Fhbzrxu2MKLAOOwX5sCJXMcmKYMznq8FH0cg0+cT7t1j+TXicNoB+0YV+bdMWNpTkCTQ93hte9RynHeVEx/7U0Vss+awJZY="}

2018-04-15 15:46:27 {"merchant_id":"1499456762","key":"","authCode":"134559207109986624","order_sn":"2018041515462714089","price":10}

2018-04-15 15:59:56 {"merchant_id":"1499456762","key":"","authCode":"134958043344748397","order_sn":"2018041515595677879","price":6}

2018-04-15 16:12:37 {"merchant_id":"1499456762","key":"","authCode":"134621372805747175","order_sn":"2018041516123718008","price":62.5}

2018-04-15 16:15:37 {"merchant_id":"1499456762","key":"","authCode":"134919911260503814","order_sn":"2018041516153772662","price":13.5}

2018-04-15 16:19:33 {"merchant_id":"1499456762","key":"","authCode":"134617945588569313","order_sn":"2018041516193366999","price":22}

2018-04-15 16:20:15 {"merchant_id":"1499456762","key":"","authCode":"134755180762560598","order_sn":"2018041516201539656","price":9}

2018-04-15 16:25:27 {"merchant_id":"1499456762","key":"","authCode":"134619587503858850","order_sn":"2018041516252786200","price":48}

2018-04-15 16:27:28 {"merchant_id":"1499456762","key":"","authCode":"135192825134415169","order_sn":"2018041516272828039","price":25}

2018-04-15 16:34:44 {"merchant_id":"1499456762","key":"","authCode":"134515440137201147","order_sn":"2018041516344466833","price":200}

2018-04-15 16:34:47 {"merchant_id":"1499456762","key":"","authCode":"134765517000328647","order_sn":"2018041516344727447","price":25}

2018-04-15 16:37:27 {"merchant_id":"1499456762","key":"","authCode":"135537895671516391","order_sn":"2018041516372724114","price":16}

2018-04-15 16:40:57 {"merchant_id":"1499456762","key":"","authCode":"134605135830883401","order_sn":"2018041516405721915","price":16}

2018-04-15 16:42:55 {"merchant_id":"1499456762","key":"","authCode":"134658280146710420","order_sn":"2018041516425583912","price":9}

2018-04-15 16:48:56 {"merchant_id":"1499456762","key":"","authCode":"135327434210849107","order_sn":"2018041516485586852","price":300}

2018-04-15 16:52:37 {"merchant_id":"1499456762","key":"","authCode":"135330154664881882","order_sn":"2018041516523789805","price":37}

2018-04-15 16:53:56 {"merchant_id":"1499456762","key":"","authCode":"134671791155663816","order_sn":"2018041516535696842","price":23}

2018-04-15 16:59:26 {"merchant_id":"1499456762","key":"","authCode":"134506201860620727","order_sn":"2018041516592693562","price":300}

2018-04-15 17:00:54 {"merchant_id":"1499456762","key":"","authCode":"134780432934187415","order_sn":"2018041517005499597","price":5}

2018-04-15 17:01:13 {"merchant_id":"1499456762","key":"","authCode":"134575863440047651","order_sn":"2018041517011371537","price":5}

2018-04-15 17:01:38 {"merchant_id":"1499456762","key":"","authCode":"134549338392669632","order_sn":"2018041517013872962","price":12}

2018-04-15 17:02:01 {"merchant_id":"1499456762","key":"","authCode":"134750023709164680","order_sn":"2018041517020169964","price":12}

2018-04-15 17:05:14 {"merchant_id":"1499456762","key":"","authCode":"134572405142636970","order_sn":"2018041517051496714","price":13}

2018-04-15 17:15:26 {"merchant_id":"1499456762","key":"","authCode":"134559226506619502","order_sn":"2018041517152653489","price":15.5}

2018-04-15 17:16:35 {"merchant_id":"1499456762","key":"","authCode":"134600535196462439","order_sn":"2018041517163519213","price":32}

2018-04-15 17:22:15 {"merchant_id":"1499456762","key":"","authCode":"134628308364100896","order_sn":"2018041517221530436","price":8}

2018-04-15 17:23:53 {"merchant_id":"1499456762","key":"","authCode":"134910478733379973","order_sn":"2018041517235384712","price":8}

2018-04-15 17:25:25 {"merchant_id":"1499456762","key":"","authCode":"134597745680012490","order_sn":"2018041517252573299","price":19}

2018-04-15 17:26:54 {"merchant_id":"1499456762","key":"","authCode":"135002029228810778","order_sn":"2018041517265499162","price":18}

2018-04-15 17:28:00 {"merchant_id":"1499456762","key":"","authCode":"135482525965676546","order_sn":"2018041517280085430","price":8}

2018-04-15 17:28:36 {"merchant_id":"1499456762","key":"","authCode":"134836245758949037","order_sn":"2018041517283655657","price":25}

2018-04-15 17:33:33 {"merchant_id":"1499456762","key":"","authCode":"135281494028004877","order_sn":"2018041517333375446","price":28}

2018-04-15 17:40:36 {"merchant_id":"1499456762","key":"","authCode":"135323847938938252","order_sn":"2018041517403625901","price":21}

2018-04-15 17:43:20 {"merchant_id":"1499456762","key":"","authCode":"134627939505483487","order_sn":"2018041517432093172","price":59}

2018-04-15 17:43:53 {"merchant_id":"1499456762","key":"","authCode":"134760104217344262","order_sn":"2018041517435380731","price":8}

2018-04-15 17:44:11 {"merchant_id":"1499456762","key":"","authCode":"134610971863180984","order_sn":"2018041517441149373","price":9}

2018-04-15 17:44:48 {"merchant_id":"1499456762","key":"","authCode":"134607548131721821","order_sn":"2018041517444834733","price":33}

2018-04-15 17:47:16 {"merchant_id":"1499456762","key":"","authCode":"135152924410957601","order_sn":"2018041517471662911","price":34}

2018-04-15 17:57:11 {"merchant_id":"1499456762","key":"","authCode":"135106798192797612","order_sn":"2018041517571162974","price":8}

2018-04-15 18:00:21 {"merchant_id":"1499456762","key":"","authCode":"134798826542506986","order_sn":"2018041518002144744","price":45}

2018-04-15 18:02:13 {"merchant_id":"1499456762","key":"","authCode":"134809014937921476","order_sn":"2018041518021343001","price":20}

2018-04-15 18:06:55 {"merchant_id":"1499456762","key":"","authCode":"134687297313504944","order_sn":"2018041518065516167","price":19}

2018-04-15 18:11:28 {"merchant_id":"1499456762","key":"","authCode":"135020487900269349","order_sn":"2018041518112846267","price":15}

2018-04-15 18:15:14 {"merchant_id":"1499456762","key":"","authCode":"134622204964118511","order_sn":"2018041518151496138","price":8}

2018-04-15 18:21:47 {"merchant_id":"1499456762","key":"","authCode":"134748201926271274","order_sn":"2018041518214717723","price":6.5}

2018-04-15 18:27:16 {"merchant_id":"1499456762","key":"","authCode":"134582404532414121","order_sn":"2018041518271688405","price":54}

2018-04-15 18:27:48 {"merchant_id":"1499456762","key":"","authCode":"135236132057174299","order_sn":"2018041518274842909","price":8.5}

2018-04-15 18:34:11 {"merchant_id":"1499456762","key":"","authCode":"134677636946335515","order_sn":"2018041518341119492","price":32}

2018-04-15 18:35:08 {"merchant_id":"1499456762","key":"","authCode":"134801247408841713","order_sn":"2018041518350887577","price":16}

2018-04-15 18:43:01 {"merchant_id":"1499456762","key":"","authCode":"134642579922686095","order_sn":"2018041518430057872","price":40}

2018-04-15 18:43:36 {"merchant_id":"1499456762","key":"","authCode":"134815299823848950","order_sn":"2018041518433663612","price":15}

2018-04-15 18:47:51 {"merchant_id":"1499456762","key":"","authCode":"134753926765736716","order_sn":"2018041518475171190","price":25}

2018-04-15 18:51:01 {"merchant_id":"1499456762","key":"","authCode":"134716593651185763","order_sn":"2018041518510079105","price":20}

2018-04-15 18:51:55 {"merchant_id":"1499456762","key":"","authCode":"134515569018392081","order_sn":"2018041518515582851","price":22.2}

2018-04-15 18:53:58 {"merchant_id":"1499456762","key":"","authCode":"134581874745661801","order_sn":"2018041518535822826","price":7.5}

2018-04-15 18:56:26 {"merchant_id":"1499456762","key":"","authCode":"134730063568707802","order_sn":"2018041518562673077","price":40}

2018-04-15 19:03:20 {"merchant_id":"1499456762","key":"","authCode":"134622774380890457","order_sn":"2018041519032054821","price":35}

2018-04-15 19:04:05 {"merchant_id":"1499456762","key":"","authCode":"134762498009858316","order_sn":"2018041519040586102","price":11}

2018-04-15 19:06:19 {"merchant_id":"1499456762","key":"","authCode":"134684868388120205","order_sn":"2018041519061999435","price":16.8}

2018-04-15 19:08:37 {"merchant_id":"1499456762","key":"","authCode":"134651757825082812","order_sn":"2018041519083757546","price":12}

2018-04-15 19:08:54 {"merchant_id":"1499456762","key":"","authCode":"135171014716754448","order_sn":"2018041519085459599","price":23}

2018-04-15 19:11:38 {"merchant_id":"1499456762","key":"","authCode":"135327136257906621","order_sn":"2018041519113816552","price":28}

2018-04-15 19:13:25 {"merchant_id":"1499456762","key":"","authCode":"134506918959251969","order_sn":"2018041519132585860","price":11}

2018-04-15 19:19:04 {"merchant_id":"1499456762","key":"","authCode":"134595705427094006","order_sn":"2018041519190413462","price":12}

2018-04-15 19:22:45 {"merchant_id":"1499456762","key":"","authCode":"134829068507455734","order_sn":"2018041519224513617","price":17}

2018-04-15 19:24:41 {"merchant_id":"1499456762","key":"","authCode":"135047593179169006","order_sn":"2018041519244166849","price":10}

2018-04-15 19:31:06 {"merchant_id":"2088822285099072","key":"201710BBaa55e11a995b41488709d94fe3bfbX07","authCode":"283078512445803508","order_sn":"2018041519310623896","price":300}

2018-04-15 19:31:06 {"app_id":"2017071207730667","method":"alipay.trade.pay","charset":"utf-8","sign_type":"RSA","app_auth_token":"201710BBaa55e11a995b41488709d94fe3bfbX07","timestamp":"2018-04-15 19:31:06","version":"1.0","biz_content":"{\"out_trade_no\":\"2018041519310623896\",\"scene\":\"bar_code\",\"auth_code\":\"283078512445803508\",\"subject\":\"\\u8ba2\\u5355\\u53f7:2018041519310623896\",\"seller_id\":\"2088822285099072\",\"total_amount\":300,\"extend_params\":{\"sys_service_provider_id\":\"2088721521881652\"}}","sign":"WXz58WNTVIRiT88eiVitzJ0swy0i1T8S8zmDL+2GXZdVBBjWikmU+lergBpAuVSpRR0IDHnEfkHNXIYzSHcf+pd6mdcIX+FufXejrtn3ZnNxwIeFW6LIhFWm2VXvTNU80BHT00PQ0K3xStlCgrLY7LsJ+MQyT5AJ7Wt5Nar8nCk="}

2018-04-15 19:31:07 {"alipay_trade_pay_response":{"code":"10000","msg":"Success","buyer_logon_id":"156****0333","buyer_pay_amount":"300.00","buyer_user_id":"2088922918325302","fund_bill_list":[{"amount":"300.00","fund_channel":"ALIPAYACCOUNT"}],"gmt_payment":"2018-04-15 19:31:07","invoice_amount":"300.00","out_trade_no":"2018041519310623896","point_amount":"0.00","receipt_amount":"300.00","total_amount":"300.00","trade_no":"2018041521001004300542111148"},"sign":"BEFG0sJPkZVVkEXOiQa3GuLsYg1VZILWFz22iCTFi/fz+lEheFfFC2L81Rj5BD3viwjFjvFZyB5qWU7TsTBQeazM0finAh+bKbc3rEXtOWEJBjJY9wXjv+AvFiOD0S+JpNnSrAHotGDfWvNQXvk/W5rdBWsN8ILFqaTKjo4KwUo="}

2018-04-15 19:39:41 {"merchant_id":"1499456762","key":"","authCode":"134680857579461778","order_sn":"2018041519394097525","price":21}

2018-04-15 19:45:28 {"merchant_id":"1499456762","key":"","authCode":"134653809246695477","order_sn":"2018041519452862851","price":3}

2018-04-15 19:45:50 {"merchant_id":"1499456762","key":"","authCode":"134666682230881692","order_sn":"2018041519454974437","price":9}

2018-04-15 19:59:46 {"merchant_id":"1499456762","key":"","authCode":"134925033927594499","order_sn":"2018041519594667456","price":21}

2018-04-15 20:01:01 {"merchant_id":"1499456762","key":"","authCode":"134759895939955467","order_sn":"2018041520010172258","price":30}

2018-04-15 20:09:34 {"merchant_id":"1499456762","key":"","authCode":"134802969061617968","order_sn":"2018041520093487868","price":7}

2018-04-15 20:15:45 {"merchant_id":"1499456762","key":"","authCode":"134731503147901414","order_sn":"2018041520154591138","price":12}

2018-04-15 20:21:18 {"merchant_id":"1499456762","key":"","authCode":"134704218075752712","order_sn":"2018041520211870453","price":7}

2018-04-15 20:25:14 {"merchant_id":"1499456762","key":"","authCode":"134655210989372843","order_sn":"2018041520251485676","price":32.5}

2018-04-15 20:26:29 {"merchant_id":"1499456762","key":"","authCode":"134625035587167075","order_sn":"2018041520262942461","price":8}

2018-04-15 20:27:14 {"merchant_id":"1499456762","key":"","authCode":"134703080326907745","order_sn":"2018041520271464432","price":32.5}

2018-04-15 20:27:40 {"merchant_id":"1499456762","key":"","authCode":"134931736164576686","order_sn":"2018041520274097409","price":198}

2018-04-15 20:30:45 {"merchant_id":"1499456762","key":"","authCode":"134641998774962564","order_sn":"2018041520304529227","price":49}

2018-04-15 20:32:46 {"merchant_id":"1499456762","key":"","authCode":"134698424690566730","order_sn":"2018041520324637048","price":8}

2018-04-15 20:33:52 {"merchant_id":"1499456762","key":"","authCode":"135238693619907195","order_sn":"2018041520335256131","price":6}

2018-04-15 20:45:08 {"merchant_id":"1499456762","key":"","authCode":"134787724271302012","order_sn":"2018041520450832009","price":6}

2018-04-15 20:53:29 {"merchant_id":"1499456762","key":"","authCode":"134916690458294426","order_sn":"2018041520532911751","price":14}

2018-04-15 20:54:44 {"merchant_id":"1499456762","key":"","authCode":"134870111913057878","order_sn":"2018041520544450065","price":12}

2018-04-15 20:55:19 {"merchant_id":"1499456762","key":"","authCode":"134724270145394111","order_sn":"2018041520551981870","price":12}

2018-04-15 20:57:16 {"merchant_id":"1499456762","key":"","authCode":"134695225700403969","order_sn":"2018041520571612573","price":21.5}

2018-04-15 20:59:52 {"merchant_id":"1499456762","key":"","authCode":"134630024695993294","order_sn":"2018041520595256098","price":8}

2018-04-15 21:06:45 {"merchant_id":"1499456762","key":"","authCode":"134656498544393567","order_sn":"2018041521064598231","price":12}

2018-04-15 21:18:47 {"merchant_id":"1499456762","key":"","authCode":"134947872379106914","order_sn":"2018041521184743636","price":9}

2018-04-15 21:23:35 {"merchant_id":"1499456762","key":"","authCode":"134571725986711898","order_sn":"2018041521233512141","price":14}

2018-04-15 21:28:30 {"merchant_id":"1499456762","key":"","authCode":"134963483302983570","order_sn":"2018041521283040592","price":12}

2018-04-15 21:40:31 {"merchant_id":"1499456762","key":"","authCode":"134586356616320737","order_sn":"2018041521403114340","price":6}

2018-04-15 21:47:11 {"merchant_id":"2088822285099072","key":"201710BBaa55e11a995b41488709d94fe3bfbX07","authCode":"287416858232549765","order_sn":"2018041521471127637","price":600}

2018-04-15 21:47:11 {"app_id":"2017071207730667","method":"alipay.trade.pay","charset":"utf-8","sign_type":"RSA","app_auth_token":"201710BBaa55e11a995b41488709d94fe3bfbX07","timestamp":"2018-04-15 21:47:11","version":"1.0","biz_content":"{\"out_trade_no\":\"2018041521471127637\",\"scene\":\"bar_code\",\"auth_code\":\"287416858232549765\",\"subject\":\"\\u8ba2\\u5355\\u53f7:2018041521471127637\",\"seller_id\":\"2088822285099072\",\"total_amount\":600,\"extend_params\":{\"sys_service_provider_id\":\"2088721521881652\"}}","sign":"PLBRxQFsbpUWEF81Uw\/F25Anq6IufkyevoWNxY3\/zldw63tpdA8NMRqSJzWkYHjwcHmWGwmYMWNVKOv93ij+qcXw02EuVVplrcCN9iEJC1Zsz7dIQwiNhmym3aRoAAcTy5rmqtfz8X2G+O5QUlFUjNQr0q6q8m7PMmXUAJ\/d8cM="}

2018-04-15 21:47:12 {"alipay_trade_pay_response":{"code":"10000","msg":"Success","buyer_logon_id":"155****0001","buyer_pay_amount":"600.00","buyer_user_id":"2088622883328259","fund_bill_list":[{"amount":"600.00","fund_channel":"PCREDIT"}],"gmt_payment":"2018-04-15 21:47:12","invoice_amount":"600.00","out_trade_no":"2018041521471127637","point_amount":"0.00","receipt_amount":"600.00","total_amount":"600.00","trade_no":"2018041521001004250568526119"},"sign":"VyD9wzgzPOpAu1InTb7gwJKv7MPjo6lsG7iE0ChB+FrLcyKE21S5FheBaGgOvPxko1KbqgLzTthiFU22mUNxTCa+95m6Pnkfrub3GYs0XLjvHOIsuzNJt+y55l3n2vpHqzLS451lVENT1NvhR+E8GsjhI5O44qrwGEx83vbSX6c="}

2018-04-15 21:47:46 {"merchant_id":"1499456762","key":"","authCode":"134590385484152954","order_sn":"2018041521474680122","price":14}

2018-04-15 22:04:32 {"merchant_id":"1490350062","key":"","authCode":"135331888893062572","order_sn":"2018041522043248409","price":300}

2018-04-15 22:38:14 {"merchant_id":"1490350062","key":"","authCode":"135031101175760568","order_sn":"2018041522381464093","price":300}

2018-04-15 23:22:27 {"merchant_id":"1490350062","key":"","authCode":"134507792782352407","order_sn":"2018041523222710201","price":900}

2018-04-15 23:37:26 {"merchant_id":"1490350062","key":"","authCode":"135024304936282351","order_sn":"2018041523372682768","price":300}

