2018-06-16 01:45:31 {"merchant_id":"1490350062","key":"","authCode":"135061691221914270","order_sn":"2018061601453154092","price":300}

2018-06-16 02:03:55 {"merchant_id":"1490350062","key":"","authCode":"134656034841986588","order_sn":"2018061602035563705","price":300}

2018-06-16 03:56:42 {"merchant_id":"1493159782","key":"","authCode":"135261552943545375","order_sn":"2018061603564224422","price":400}

2018-06-16 08:02:23 {"merchant_id":"1499456762","key":"","authCode":"134848145495503916","order_sn":"2018061608022335677","price":27}

2018-06-16 08:06:14 {"merchant_id":"2088822285099072","key":"201710BBaa55e11a995b41488709d94fe3bfbX07","authCode":"289531760283584194","order_sn":"2018061608061444832","price":9}

2018-06-16 08:06:14 {"app_id":"2017071207730667","method":"alipay.trade.pay","charset":"utf-8","sign_type":"RSA","app_auth_token":"201710BBaa55e11a995b41488709d94fe3bfbX07","timestamp":"2018-06-16 08:06:14","version":"1.0","biz_content":"{\"out_trade_no\":\"2018061608061444832\",\"scene\":\"bar_code\",\"auth_code\":\"289531760283584194\",\"subject\":\"\\u8ba2\\u5355\\u53f7:2018061608061444832\",\"seller_id\":\"2088822285099072\",\"total_amount\":9,\"extend_params\":{\"sys_service_provider_id\":\"2088721521881652\"}}","sign":"GfybCDe6Ui7OTqTfxxVdfeqDnsxBrRae9vjem34PrINtps1JOfOzuqYSN08qoYdibk\/S1ERqWiLlE0A7bhkRZun6vGnQvVuHxQ1md+qDhhF6xbHVr\/7WWPYKAJa6FtqQ8TAXZwznjO2\/BbMPInVGtYUFArVZC6KfDepX3O7NXnQ="}

2018-06-16 08:06:15 {"alipay_trade_pay_response":{"code":"10000","msg":"Success","buyer_logon_id":"wuz***@163.com","buyer_pay_amount":"9.00","buyer_user_id":"2088002392995269","fund_bill_list":[{"amount":"9.00","fund_channel":"ALIPAYACCOUNT"}],"gmt_payment":"2018-06-16 08:06:15","invoice_amount":"9.00","out_trade_no":"2018061608061444832","point_amount":"0.00","receipt_amount":"9.00","total_amount":"9.00","trade_no":"2018061621001004260509888533"},"sign":"Q5uLY0O7sDeYKWzulTxYyU3GwAeEZCAbZJaTQVABAvvdH2/sdGNISci9sCzFwq5k35kfJ8LerwJRxpJj82XMxqq3JMHQpNuTDigTFM4AqVwT156B9VUNKw4jiWRFpDQtTgxWJ2WHoMC7rTq6WEHyvhxUBZ/LP/AKczkm6zybyH8="}

2018-06-16 08:17:20 {"merchant_id":"1499456762","key":"","authCode":"134630817602644787","order_sn":"2018061608172089357","price":200}

2018-06-16 08:38:10 {"merchant_id":"1499456762","key":"","authCode":"134630143432095690","order_sn":"2018061608381048545","price":12}

2018-06-16 08:39:21 {"merchant_id":"1499456762","key":"","authCode":"135231399421929141","order_sn":"2018061608392145969","price":13}

2018-06-16 08:41:52 {"merchant_id":"1499456762","key":"","authCode":"134585876815247517","order_sn":"2018061608415215008","price":15}

2018-06-16 08:43:09 {"merchant_id":"1499456762","key":"","authCode":"134648474436724592","order_sn":"2018061608430913457","price":11}

2018-06-16 08:46:29 {"merchant_id":"1499456762","key":"","authCode":"134949646543177853","order_sn":"2018061608462991927","price":13.8}

2018-06-16 08:47:02 {"merchant_id":"1499456762","key":"","authCode":"135332120464816424","order_sn":"2018061608470262005","price":148}

2018-06-16 09:13:18 {"merchant_id":"1499456762","key":"","authCode":"134674333406938574","order_sn":"2018061609131814198","price":31}

2018-06-16 09:27:24 {"merchant_id":"1499456762","key":"","authCode":"134515307187790674","order_sn":"2018061609272410686","price":128}

2018-06-16 09:34:44 {"merchant_id":"1499456762","key":"","authCode":"135009636891836478","order_sn":"2018061609344418154","price":9}

2018-06-16 09:35:04 {"merchant_id":"1499456762","key":"","authCode":"134686779250700991","order_sn":"2018061609350485108","price":128}

2018-06-16 09:37:46 {"merchant_id":"1499456762","key":"","authCode":"134645234268950715","order_sn":"2018061609374696857","price":38}

2018-06-16 09:46:16 {"merchant_id":"1499456762","key":"","authCode":"134938665833450419","order_sn":"2018061609461658404","price":200}

2018-06-16 09:46:53 {"merchant_id":"1499456762","key":"","authCode":"134919664590549398","order_sn":"2018061609465318317","price":34}

2018-06-16 09:47:55 {"merchant_id":"1499456762","key":"","authCode":"134624944692128105","order_sn":"2018061609475576827","price":12}

2018-06-16 09:56:09 {"merchant_id":"1499456762","key":"","authCode":"134579002995341632","order_sn":"2018061609560964074","price":23}

2018-06-16 10:15:15 {"merchant_id":"1490350062","key":"","authCode":"134519105763092232","order_sn":"2018061610151549752","price":16}

2018-06-16 10:16:07 {"merchant_id":"1499456762","key":"","authCode":"134821729123928198","order_sn":"2018061610160764552","price":169}

2018-06-16 10:16:50 {"merchant_id":"1499456762","key":"","authCode":"134823011288499771","order_sn":"2018061610165013757","price":128}

2018-06-16 10:26:38 {"merchant_id":"1499456762","key":"","authCode":"134582919766271643","order_sn":"2018061610263889653","price":128}

2018-06-16 10:36:13 {"merchant_id":"1499456762","key":"","authCode":"135225497560064106","order_sn":"2018061610361373480","price":24}

2018-06-16 10:40:00 {"merchant_id":"1499456762","key":"","authCode":"134597389655665397","order_sn":"2018061610400053650","price":29}

2018-06-16 10:43:12 {"merchant_id":"1499456762","key":"","authCode":"134976872259052673","order_sn":"2018061610431230948","price":17}

2018-06-16 10:58:32 {"merchant_id":"1499456762","key":"","authCode":"134522165563212297","order_sn":"2018061610583266546","price":28}

2018-06-16 11:14:02 {"merchant_id":"1499456762","key":"","authCode":"134928324630943234","order_sn":"2018061611140294825","price":46}

2018-06-16 11:21:14 {"merchant_id":"1499456762","key":"","authCode":"134618073084462283","order_sn":"2018061611211449193","price":16}

2018-06-16 11:23:18 {"merchant_id":"1499456762","key":"","authCode":"134670987549105928","order_sn":"2018061611231857436","price":11}

2018-06-16 11:27:31 {"merchant_id":"1499456762","key":"","authCode":"134822006380189783","order_sn":"2018061611273126005","price":7}

2018-06-16 11:27:40 {"merchant_id":"1499456762","key":"","authCode":"134964996788164796","order_sn":"2018061611274060268","price":200}

2018-06-16 11:36:38 {"merchant_id":"1499456762","key":"","authCode":"134654281260784748","order_sn":"2018061611363861864","price":15}

2018-06-16 11:37:09 {"merchant_id":"2088822285099072","key":"201710BBaa55e11a995b41488709d94fe3bfbX07","authCode":"282398736708114727","order_sn":"2018061611370957940","price":118}

2018-06-16 11:37:09 {"app_id":"2017071207730667","method":"alipay.trade.pay","charset":"utf-8","sign_type":"RSA","app_auth_token":"201710BBaa55e11a995b41488709d94fe3bfbX07","timestamp":"2018-06-16 11:37:09","version":"1.0","biz_content":"{\"out_trade_no\":\"2018061611370957940\",\"scene\":\"bar_code\",\"auth_code\":\"282398736708114727\",\"subject\":\"\\u8ba2\\u5355\\u53f7:2018061611370957940\",\"seller_id\":\"2088822285099072\",\"total_amount\":118,\"extend_params\":{\"sys_service_provider_id\":\"2088721521881652\"}}","sign":"hOCpScN\/c1U5tVUz0rNpLFLDf0Ov0sna5nxGweBmg9LSCp10sEf+nWF9mLbYGASiv6wo0idzWcGaX0DjN+omL61cwj9054Vto50faWA4V8izLICbZr+A+oFhXN88ukQjaxKGbqcbUS\/0xqi2FtdZNF7W\/jqcew5nEQnKu4+lLAM="}

2018-06-16 11:37:10 {"alipay_trade_pay_response":{"code":"10000","msg":"Success","buyer_logon_id":"133****3842","buyer_pay_amount":"118.00","buyer_user_id":"2088812679521832","fund_bill_list":[{"amount":"118.00","fund_channel":"PCREDIT"}],"gmt_payment":"2018-06-16 11:37:10","invoice_amount":"118.00","out_trade_no":"2018061611370957940","point_amount":"0.00","receipt_amount":"118.00","total_amount":"118.00","trade_no":"2018061621001004830599408122"},"sign":"a9WyugBwh5/haS8n65PVcRcGjtNUPnZRjhUuvywunVk4r2ToYuQSUoTB5jWsY4+BpTMw6CZVLk2hWty5F+hGuktDbeeYuUPP6Wsr6ht+oXqi9aKj5L7YkQOq9PyzskEwZQBXVWcmSww+sBuaLXZaACQvmjW+3EkMar1mv9F5jP0="}

2018-06-16 11:41:18 {"merchant_id":"1499456762","key":"","authCode":"135153978245285644","order_sn":"2018061611411835162","price":43}

2018-06-16 12:04:26 {"merchant_id":"1499456762","key":"","authCode":"134690133767741274","order_sn":"2018061612042671534","price":8}

2018-06-16 12:20:59 {"merchant_id":"1499456762","key":"","authCode":"134540764528420259","order_sn":"2018061612205945322","price":28}

2018-06-16 12:21:18 {"merchant_id":"1499456762","key":"","authCode":"134569776454488415","order_sn":"2018061612211825168","price":38}

2018-06-16 12:35:48 {"merchant_id":"1499456762","key":"","authCode":"135053982356007043","order_sn":"2018061612354878714","price":148}

2018-06-16 12:50:32 {"merchant_id":"1499456762","key":"","authCode":"134667904351861901","order_sn":"2018061612503214105","price":10}

2018-06-16 13:05:01 {"merchant_id":"1499456762","key":"","authCode":"134676259908376645","order_sn":"2018061613050165868","price":38}

2018-06-16 13:28:17 {"merchant_id":"2088821827997030","key":"201711BBc699bef5cde842dba6fa5c6bdc706A03","authCode":"282702495635830814","order_sn":"2018061613281775719","price":2000}

2018-06-16 13:28:17 {"app_id":"2017071207730667","method":"alipay.trade.pay","charset":"utf-8","sign_type":"RSA","app_auth_token":"201711BBc699bef5cde842dba6fa5c6bdc706A03","timestamp":"2018-06-16 13:28:17","version":"1.0","biz_content":"{\"out_trade_no\":\"2018061613281775719\",\"scene\":\"bar_code\",\"auth_code\":\"282702495635830814\",\"subject\":\"\\u8ba2\\u5355\\u53f7:2018061613281775719\",\"seller_id\":\"2088821827997030\",\"total_amount\":2000,\"extend_params\":{\"sys_service_provider_id\":\"2088721521881652\"}}","sign":"RNqfCW9cJ7ToHvKxlT4wgButBGSB4zeUzOg3odvNijjlxF9znYPNk\/wDzLYxoa7nEmQySHbBHUY6YtHuoXkb68tieDCCyRFNx2hnvQV6k4F8yGksMAiFIdJYCSmXiiGGEYgzH3hNJ7PBeOfwJlB0xbzgzCVHcJfm3U4dQ8PDe3c="}

2018-06-16 13:28:18 {"alipay_trade_pay_response":{"code":"10003","msg":" order success pay inprocess","buyer_logon_id":"182****9044","buyer_pay_amount":"0.00","buyer_user_id":"2088012600042919","invoice_amount":"0.00","out_trade_no":"2018061613281775719","point_amount":"0.00","receipt_amount":"0.00","total_amount":"2000.00","trade_no":"2018061621001004910599835756"},"sign":"caBmjkuQkJIIKiw/ywEOrGtiZ6G+gCQhI9faDtPfsacVndkajiJfM2c1fa/811YlKUvH+45Y67Kn6UyuNFeDl1WT+/dgWwvqzs3CDjZWAYbF6hE06d7yqYZm6ccnIHX1GHAt7d8prYeYvicOg4YNZYdCUayxpZheKrgr/k4ie/k="}

2018-06-16 13:28:18 {"alipay_trade_query_response":{"code":"10000","msg":"Success","buyer_logon_id":"182****9044","buyer_pay_amount":"0.00","buyer_user_id":"2088012600042919","invoice_amount":"0.00","out_trade_no":"2018061613281775719","point_amount":"0.00","receipt_amount":"0.00","total_amount":"2000.00","trade_no":"2018061621001004910599835756","trade_status":"WAIT_BUYER_PAY"},"sign":"Ua+eZrq6IUYHBBIqwNiaCF5Uns9KjQey+0KRyQr5wlLeQwh46RbBC3Wxs00xbM1S1P1gTehHmvKx5Pd91vCKkOiWCCSmFVYXUunhR5gclcxoQ/LL3+bv80JIq/S2LqjbWks+0m0uXkUTuHO+JXgZjG4C59lo/z7Dl6clbkQugNM="}

2018-06-16 13:28:22 {"alipay_trade_query_response":{"code":"10000","msg":"Success","buyer_logon_id":"182****9044","buyer_pay_amount":"0.00","buyer_user_id":"2088012600042919","invoice_amount":"0.00","out_trade_no":"2018061613281775719","point_amount":"0.00","receipt_amount":"0.00","total_amount":"2000.00","trade_no":"2018061621001004910599835756","trade_status":"WAIT_BUYER_PAY"},"sign":"Ua+eZrq6IUYHBBIqwNiaCF5Uns9KjQey+0KRyQr5wlLeQwh46RbBC3Wxs00xbM1S1P1gTehHmvKx5Pd91vCKkOiWCCSmFVYXUunhR5gclcxoQ/LL3+bv80JIq/S2LqjbWks+0m0uXkUTuHO+JXgZjG4C59lo/z7Dl6clbkQugNM="}

2018-06-16 13:28:26 {"alipay_trade_query_response":{"code":"10000","msg":"Success","buyer_logon_id":"182****9044","buyer_pay_amount":"0.00","buyer_user_id":"2088012600042919","invoice_amount":"0.00","out_trade_no":"2018061613281775719","point_amount":"0.00","receipt_amount":"0.00","total_amount":"2000.00","trade_no":"2018061621001004910599835756","trade_status":"WAIT_BUYER_PAY"},"sign":"Ua+eZrq6IUYHBBIqwNiaCF5Uns9KjQey+0KRyQr5wlLeQwh46RbBC3Wxs00xbM1S1P1gTehHmvKx5Pd91vCKkOiWCCSmFVYXUunhR5gclcxoQ/LL3+bv80JIq/S2LqjbWks+0m0uXkUTuHO+JXgZjG4C59lo/z7Dl6clbkQugNM="}

2018-06-16 13:28:30 {"alipay_trade_query_response":{"code":"10000","msg":"Success","buyer_logon_id":"182****9044","buyer_pay_amount":"0.00","buyer_user_id":"2088012600042919","invoice_amount":"0.00","out_trade_no":"2018061613281775719","point_amount":"0.00","receipt_amount":"0.00","total_amount":"2000.00","trade_no":"2018061621001004910599835756","trade_status":"WAIT_BUYER_PAY"},"sign":"Ua+eZrq6IUYHBBIqwNiaCF5Uns9KjQey+0KRyQr5wlLeQwh46RbBC3Wxs00xbM1S1P1gTehHmvKx5Pd91vCKkOiWCCSmFVYXUunhR5gclcxoQ/LL3+bv80JIq/S2LqjbWks+0m0uXkUTuHO+JXgZjG4C59lo/z7Dl6clbkQugNM="}

2018-06-16 13:28:35 {"alipay_trade_query_response":{"code":"10000","msg":"Success","buyer_logon_id":"182****9044","buyer_pay_amount":"0.00","buyer_user_id":"2088012600042919","invoice_amount":"0.00","out_trade_no":"2018061613281775719","point_amount":"0.00","receipt_amount":"0.00","total_amount":"2000.00","trade_no":"2018061621001004910599835756","trade_status":"WAIT_BUYER_PAY"},"sign":"Ua+eZrq6IUYHBBIqwNiaCF5Uns9KjQey+0KRyQr5wlLeQwh46RbBC3Wxs00xbM1S1P1gTehHmvKx5Pd91vCKkOiWCCSmFVYXUunhR5gclcxoQ/LL3+bv80JIq/S2LqjbWks+0m0uXkUTuHO+JXgZjG4C59lo/z7Dl6clbkQugNM="}

2018-06-16 13:28:39 {"alipay_trade_query_response":{"code":"10000","msg":"Success","buyer_logon_id":"182****9044","buyer_pay_amount":"0.00","buyer_user_id":"2088012600042919","invoice_amount":"0.00","out_trade_no":"2018061613281775719","point_amount":"0.00","receipt_amount":"0.00","total_amount":"2000.00","trade_no":"2018061621001004910599835756","trade_status":"WAIT_BUYER_PAY"},"sign":"Ua+eZrq6IUYHBBIqwNiaCF5Uns9KjQey+0KRyQr5wlLeQwh46RbBC3Wxs00xbM1S1P1gTehHmvKx5Pd91vCKkOiWCCSmFVYXUunhR5gclcxoQ/LL3+bv80JIq/S2LqjbWks+0m0uXkUTuHO+JXgZjG4C59lo/z7Dl6clbkQugNM="}

2018-06-16 13:28:43 {"alipay_trade_query_response":{"code":"10000","msg":"Success","buyer_logon_id":"182****9044","buyer_pay_amount":"2000.00","buyer_user_id":"2088012600042919","fund_bill_list":[{"amount":"1999.88","fund_channel":"ALIPAYACCOUNT"},{"amount":"0.12","fund_channel":"COUPON"}],"invoice_amount":"1999.88","out_trade_no":"2018061613281775719","point_amount":"0.12","receipt_amount":"2000.00","send_pay_date":"2018-06-16 13:28:39","total_amount":"2000.00","trade_no":"2018061621001004910599835756","trade_status":"TRADE_SUCCESS"},"sign":"T3znUCdRaUnKyaBW07Q732fosDlbr2JrUwTu6M62D7a1pyOTIIE8uewjLcbPxL2uF8jTrHiqgwHZAWplCC9P20Qb7+NCch7r8zNkvQud3MYeASxk/OAtPN8C0V6j+TOtH+QoqjLvGM3xCI0oC3E99YZ1Brlb0cRcKwYkmm1ngGU="}

2018-06-16 13:28:47 {"merchant_id":"1499456762","key":"","authCode":"134843589932336725","order_sn":"2018061613284764497","price":30}

2018-06-16 13:52:35 {"merchant_id":"1499456762","key":"","authCode":"134677874428247691","order_sn":"2018061613523541008","price":24}

2018-06-16 13:53:31 {"merchant_id":"1499456762","key":"","authCode":"134579877692834977","order_sn":"2018061613533158377","price":12}

2018-06-16 14:04:04 {"merchant_id":"1490350062","key":"","authCode":"134686352933600431","order_sn":"2018061614040345303","price":36}

2018-06-16 14:12:49 {"merchant_id":"1499456762","key":"","authCode":"134939293517674153","order_sn":"2018061614124981217","price":6}

2018-06-16 14:13:45 {"merchant_id":"1499456762","key":"","authCode":"134622355331162850","order_sn":"2018061614134564545","price":28}

2018-06-16 14:16:47 {"merchant_id":"1499456762","key":"","authCode":"134633940394073138","order_sn":"2018061614164712960","price":28}

2018-06-16 14:17:22 {"merchant_id":"1499456762","key":"","authCode":"134604763888831403","order_sn":"2018061614172294813","price":10}

2018-06-16 14:20:10 {"merchant_id":"1499456762","key":"","authCode":"134530054835214478","order_sn":"2018061614201036000","price":74}

2018-06-16 14:24:47 {"merchant_id":"1499456762","key":"","authCode":"134511626502446803","order_sn":"2018061614244798778","price":8}

2018-06-16 14:59:17 {"merchant_id":"1499456762","key":"","authCode":"134624786138527830","order_sn":"2018061614591774819","price":8}

2018-06-16 15:15:53 {"merchant_id":"1499456762","key":"","authCode":"135180519073210468","order_sn":"2018061615155320090","price":200}

2018-06-16 15:19:02 {"merchant_id":"1499456762","key":"","authCode":"135343037374470702","order_sn":"2018061615190242621","price":55}

2018-06-16 15:38:16 {"merchant_id":"1499456762","key":"","authCode":"134563462526725155","order_sn":"2018061615381598987","price":10}

2018-06-16 15:39:56 {"merchant_id":"1499456762","key":"","authCode":"135336722482851833","order_sn":"2018061615395660697","price":6}

2018-06-16 15:40:56 {"merchant_id":"1499456762","key":"","authCode":"134887992154075631","order_sn":"2018061615405636285","price":48}

2018-06-16 15:41:16 {"merchant_id":"1499456762","key":"","authCode":"135136657523501587","order_sn":"2018061615411654846","price":7}

2018-06-16 15:48:26 {"merchant_id":"1499456762","key":"","authCode":"134613315844617329","order_sn":"2018061615482618927","price":58}

2018-06-16 15:51:47 {"merchant_id":"1499456762","key":"","authCode":"135237240325082871","order_sn":"2018061615514781380","price":29}

2018-06-16 15:54:42 {"merchant_id":"1499456762","key":"","authCode":"134603933441736652","order_sn":"2018061615544249475","price":19}

2018-06-16 15:58:29 {"merchant_id":"1499456762","key":"","authCode":"134602857263480661","order_sn":"2018061615582963533","price":16}

2018-06-16 16:03:40 {"merchant_id":"1499456762","key":"","authCode":"134695344823041652","order_sn":"2018061616034020749","price":136}

2018-06-16 16:05:06 {"merchant_id":"1499456762","key":"","authCode":"134524520276620233","order_sn":"2018061616050685612","price":26}

2018-06-16 16:13:15 {"merchant_id":"1499456762","key":"","authCode":"135809211070213236","order_sn":"2018061616131580901","price":21}

2018-06-16 16:22:00 {"merchant_id":"1499456762","key":"","authCode":"134872759652956824","order_sn":"2018061616220086513","price":29}

2018-06-16 16:22:46 {"merchant_id":"1499456762","key":"","authCode":"135069290188849685","order_sn":"2018061616224619562","price":15}

2018-06-16 16:24:45 {"merchant_id":"1499456762","key":"","authCode":"134600356107349503","order_sn":"2018061616244523723","price":28}

2018-06-16 16:25:43 {"merchant_id":"1499456762","key":"","authCode":"134732204674964728","order_sn":"2018061616254377355","price":92}

2018-06-16 16:29:41 {"merchant_id":"1499456762","key":"","authCode":"134703889667691533","order_sn":"2018061616294139601","price":23}

2018-06-16 16:35:03 {"merchant_id":"1499456762","key":"","authCode":"134634173911365291","order_sn":"2018061616350357671","price":13}

2018-06-16 16:36:21 {"merchant_id":"1499456762","key":"","authCode":"134951548352560691","order_sn":"2018061616362168041","price":14}

2018-06-16 16:36:38 {"merchant_id":"1499456762","key":"","authCode":"135108416802286345","order_sn":"2018061616363836993","price":17}

2018-06-16 16:38:55 {"merchant_id":"1499456762","key":"","authCode":"134819962834741014","order_sn":"2018061616385558110","price":23}

2018-06-16 16:39:24 {"merchant_id":"1499456762","key":"","authCode":"135221701107878123","order_sn":"2018061616392490261","price":16}

2018-06-16 16:41:23 {"merchant_id":"1499456762","key":"","authCode":"134809855045714216","order_sn":"2018061616412384871","price":28}

2018-06-16 16:42:12 {"merchant_id":"1499456762","key":"","authCode":"134705020491935610","order_sn":"2018061616421291472","price":128}

2018-06-16 16:43:31 {"merchant_id":"1499456762","key":"","authCode":"135461213692361497","order_sn":"2018061616433158590","price":30}

2018-06-16 16:44:05 {"merchant_id":"1499456762","key":"","authCode":"134533890565312995","order_sn":"2018061616440572012","price":30}

2018-06-16 16:45:10 {"merchant_id":"1499456762","key":"","authCode":"134648718320683207","order_sn":"2018061616451040844","price":37}

2018-06-16 16:46:30 {"merchant_id":"1499456762","key":"","authCode":"135339249561023374","order_sn":"2018061616463033230","price":12}

2018-06-16 17:02:44 {"merchant_id":"1499456762","key":"","authCode":"134971477060587879","order_sn":"2018061617024497318","price":26}

2018-06-16 17:03:34 {"merchant_id":"1499456762","key":"","authCode":"134591367411292251","order_sn":"2018061617033333629","price":32}

2018-06-16 17:06:37 {"merchant_id":"1499456762","key":"","authCode":"135116379829622368","order_sn":"2018061617063738842","price":56}

2018-06-16 17:07:52 {"merchant_id":"1499456762","key":"","authCode":"135140588207952387","order_sn":"2018061617075250029","price":35}

2018-06-16 17:08:48 {"merchant_id":"1499456762","key":"","authCode":"134995007941473153","order_sn":"2018061617084879871","price":14}

2018-06-16 17:10:47 {"merchant_id":"1499456762","key":"","authCode":"134708609844146584","order_sn":"2018061617104752654","price":37}

2018-06-16 17:19:34 {"merchant_id":"1499456762","key":"","authCode":"134567009512257319","order_sn":"2018061617193444659","price":23}

2018-06-16 17:24:00 {"merchant_id":"1499456762","key":"","authCode":"134871029514587303","order_sn":"2018061617240053617","price":6}

2018-06-16 17:31:16 {"merchant_id":"1499456762","key":"","authCode":"134638175417882607","order_sn":"2018061617311544010","price":29}

2018-06-16 17:37:42 {"merchant_id":"1499456762","key":"","authCode":"135326159342865442","order_sn":"2018061617374228891","price":20}

2018-06-16 17:38:16 {"merchant_id":"1499456762","key":"","authCode":"134683704683655467","order_sn":"2018061617381686097","price":28}

2018-06-16 17:44:48 {"merchant_id":"1499456762","key":"","authCode":"134829981266612358","order_sn":"2018061617444875354","price":22}

2018-06-16 17:48:15 {"merchant_id":"1499456762","key":"","authCode":"134965435747685442","order_sn":"2018061617481547550","price":23}

2018-06-16 17:50:57 {"merchant_id":"1499456762","key":"","authCode":"134934519082715105","order_sn":"2018061617505787276","price":8.02}

2018-06-16 17:53:44 {"merchant_id":"1499456762","key":"","authCode":"135463116808671513","order_sn":"2018061617534466989","price":15}

2018-06-16 17:54:29 {"merchant_id":"1499456762","key":"","authCode":"134713145733150942","order_sn":"2018061617542964238","price":14}

2018-06-16 17:57:49 {"merchant_id":"1499456762","key":"","authCode":"134584795247307736","order_sn":"2018061617574988250","price":35}

2018-06-16 18:00:18 {"merchant_id":"1490350062","key":"","authCode":"134921574667636754","order_sn":"2018061618001890574","price":200}

2018-06-16 18:02:08 {"merchant_id":"1499456762","key":"","authCode":"134718071605458889","order_sn":"2018061618020830444","price":14}

2018-06-16 18:14:06 {"merchant_id":"1499456762","key":"","authCode":"134882884742750727","order_sn":"2018061618140628200","price":23}

2018-06-16 18:15:05 {"merchant_id":"1490350062","key":"","authCode":"134736239089803573","order_sn":"2018061618150594002","price":300}

2018-06-16 18:15:44 {"merchant_id":"2088822285099072","key":"201710BBaa55e11a995b41488709d94fe3bfbX07","authCode":"289371385869738578","order_sn":"2018061618154480290","price":300}

2018-06-16 18:15:44 {"app_id":"2017071207730667","method":"alipay.trade.pay","charset":"utf-8","sign_type":"RSA","app_auth_token":"201710BBaa55e11a995b41488709d94fe3bfbX07","timestamp":"2018-06-16 18:15:44","version":"1.0","biz_content":"{\"out_trade_no\":\"2018061618154480290\",\"scene\":\"bar_code\",\"auth_code\":\"289371385869738578\",\"subject\":\"\\u8ba2\\u5355\\u53f7:2018061618154480290\",\"seller_id\":\"2088822285099072\",\"total_amount\":300,\"extend_params\":{\"sys_service_provider_id\":\"2088721521881652\"}}","sign":"UqGwuNvwPH6xxNcdJoR0Mv8bUbmQisEbCee4I+sAtT7F6tDUyo7W1EBKTk17Fazg3Iu\/\/KgUzd55rD\/qTfcCJsqqoqxz7mcDcDstrmdM1x5Z6ZLyASj\/UYB8qiCXhUcH61CdmF6MgC3Jg+lhKyLur+kOeVcMwEUCoECrwNKLX0M="}

2018-06-16 18:15:45 {"alipay_trade_pay_response":{"code":"10003","msg":" order success pay inprocess","buyer_logon_id":"136****2312","buyer_pay_amount":"0.00","buyer_user_id":"2088122260265420","invoice_amount":"0.00","out_trade_no":"2018061618154480290","point_amount":"0.00","receipt_amount":"0.00","total_amount":"300.00","trade_no":"2018061621001004420510283972"},"sign":"KifZCZHmnShJdOVxfapLTRX6+8l1FjviVeLsx7oDfoF56SeUWtPPu0EXYXcDLSBFywiNReMdewaitJK1jzKlt/uP9b1MlN2dDviplfmPQaT+eXI1L+GxcYBKlNhbYq4LkCDuf4Sxw08iwmMvIpJowFJqh62soWjB8MTB+nRHZ9w="}

2018-06-16 18:15:45 {"alipay_trade_query_response":{"code":"10000","msg":"Success","buyer_logon_id":"136****2312","buyer_pay_amount":"0.00","buyer_user_id":"2088122260265420","invoice_amount":"0.00","out_trade_no":"2018061618154480290","point_amount":"0.00","receipt_amount":"0.00","total_amount":"300.00","trade_no":"2018061621001004420510283972","trade_status":"WAIT_BUYER_PAY"},"sign":"uyZ0EN0PCOenDISn22GpsI7rmwqoPtaQVW3GOMIW4oTv75vqEQ6TBaQyk/Av3Wh3eqLP0tq1IczpQk4Z8omCJHAYjyvC2VjgKYCINzlbu+KrESLwD8eUuwtQUmLQe2OnCpVwzA3euweJd34kqP0IWcVf/DYiDkWultVNkqx67Rc="}

2018-06-16 18:15:50 {"alipay_trade_query_response":{"code":"10000","msg":"Success","buyer_logon_id":"136****2312","buyer_pay_amount":"0.00","buyer_user_id":"2088122260265420","invoice_amount":"0.00","out_trade_no":"2018061618154480290","point_amount":"0.00","receipt_amount":"0.00","total_amount":"300.00","trade_no":"2018061621001004420510283972","trade_status":"WAIT_BUYER_PAY"},"sign":"uyZ0EN0PCOenDISn22GpsI7rmwqoPtaQVW3GOMIW4oTv75vqEQ6TBaQyk/Av3Wh3eqLP0tq1IczpQk4Z8omCJHAYjyvC2VjgKYCINzlbu+KrESLwD8eUuwtQUmLQe2OnCpVwzA3euweJd34kqP0IWcVf/DYiDkWultVNkqx67Rc="}

2018-06-16 18:15:54 {"alipay_trade_query_response":{"code":"10000","msg":"Success","buyer_logon_id":"136****2312","buyer_pay_amount":"0.00","buyer_user_id":"2088122260265420","invoice_amount":"0.00","out_trade_no":"2018061618154480290","point_amount":"0.00","receipt_amount":"0.00","total_amount":"300.00","trade_no":"2018061621001004420510283972","trade_status":"WAIT_BUYER_PAY"},"sign":"uyZ0EN0PCOenDISn22GpsI7rmwqoPtaQVW3GOMIW4oTv75vqEQ6TBaQyk/Av3Wh3eqLP0tq1IczpQk4Z8omCJHAYjyvC2VjgKYCINzlbu+KrESLwD8eUuwtQUmLQe2OnCpVwzA3euweJd34kqP0IWcVf/DYiDkWultVNkqx67Rc="}

2018-06-16 18:15:58 {"alipay_trade_query_response":{"code":"10000","msg":"Success","buyer_logon_id":"136****2312","buyer_pay_amount":"300.00","buyer_user_id":"2088122260265420","fund_bill_list":[{"amount":"300.00","fund_channel":"PCREDIT"}],"invoice_amount":"300.00","out_trade_no":"2018061618154480290","point_amount":"0.00","receipt_amount":"300.00","send_pay_date":"2018-06-16 18:15:54","total_amount":"300.00","trade_no":"2018061621001004420510283972","trade_status":"TRADE_SUCCESS"},"sign":"c9cPps9NcI0wrFtMktynSegpUrN/fiQNg2Sh6eKSb3PxEuWKu5N59xtTvk+Cp1s55crbd7m2qOb8vjuJZklfcIKw+R9luuGyjVTaxEt9Nod0reVTHnlMCYrQCX3EwrbTx9i+0C0BX5RDBL81s7Cjqjg2k8RRIWhwkEghKYYO+pM="}

2018-06-16 18:19:06 {"merchant_id":"1499456762","key":"","authCode":"136169638099548468","order_sn":"2018061618190650616","price":22}

2018-06-16 18:22:03 {"merchant_id":"1499456762","key":"","authCode":"134742249867497804","order_sn":"2018061618220320063","price":30}

2018-06-16 18:24:02 {"merchant_id":"1499456762","key":"","authCode":"134570800789641105","order_sn":"2018061618240281240","price":51.5}

2018-06-16 18:25:05 {"merchant_id":"1499456762","key":"","authCode":"134650734029320227","order_sn":"2018061618250523709","price":108}

2018-06-16 18:25:52 {"merchant_id":"1499456762","key":"","authCode":"134543195207462795","order_sn":"2018061618255235746","price":268}

2018-06-16 18:26:59 {"merchant_id":"1499456762","key":"","authCode":"134650734029320227","order_sn":"2018061618265934190","price":15}

2018-06-16 18:27:02 {"merchant_id":"1499456762","key":"","authCode":"134511651934560698","order_sn":"2018061618270244084","price":18}

2018-06-16 18:27:14 {"merchant_id":"1499456762","key":"","authCode":"134650734029320227","order_sn":"2018061618271462708","price":15}

2018-06-16 18:30:37 {"merchant_id":"1499456762","key":"","authCode":"134625051949561523","order_sn":"2018061618303780754","price":22}

2018-06-16 18:31:11 {"merchant_id":"1499456762","key":"","authCode":"134620633090381376","order_sn":"2018061618311160273","price":16}

2018-06-16 18:36:07 {"merchant_id":"1499456762","key":"","authCode":"134615591146914260","order_sn":"2018061618360756312","price":15}

2018-06-16 18:44:15 {"merchant_id":"1490350062","key":"","authCode":"135469331237062058","order_sn":"2018061618441556901","price":200}

2018-06-16 18:48:14 {"merchant_id":"1493159782","key":"","authCode":"135343094908733243","order_sn":"2018061618481498416","price":300}

2018-06-16 18:49:40 {"merchant_id":"1493159782","key":"","authCode":"135071498134613340","order_sn":"2018061618494081781","price":700}

2018-06-16 18:50:38 {"merchant_id":"2088822285099072","key":"201710BBaa55e11a995b41488709d94fe3bfbX07","authCode":"285881651359072478","order_sn":"2018061618503870637","price":158}

2018-06-16 18:50:38 {"app_id":"2017071207730667","method":"alipay.trade.pay","charset":"utf-8","sign_type":"RSA","app_auth_token":"201710BBaa55e11a995b41488709d94fe3bfbX07","timestamp":"2018-06-16 18:50:38","version":"1.0","biz_content":"{\"out_trade_no\":\"2018061618503870637\",\"scene\":\"bar_code\",\"auth_code\":\"285881651359072478\",\"subject\":\"\\u8ba2\\u5355\\u53f7:2018061618503870637\",\"seller_id\":\"2088822285099072\",\"total_amount\":158,\"extend_params\":{\"sys_service_provider_id\":\"2088721521881652\"}}","sign":"SsYAoJaSFbW9tzaZz0ytr2gh29CigNeXpzUw7vBXSslq6OS1KPkKJ80EjLNZpzGgAFmtaGUChg3XSCtwqBJT0dBCfRPkKbh5sXQsmVMSoKaVknNYG8lxcEa0VB0MjG+n\/CKtPKOyGgg+JMLU4VdSyWjYtS7s4v4NyyKG3OYSFR0="}

2018-06-16 18:50:38 {"alipay_trade_pay_response":{"code":"10000","msg":"Success","buyer_logon_id":"151****8111","buyer_pay_amount":"158.00","buyer_user_id":"2088922538941955","fund_bill_list":[{"amount":"158.00","fund_channel":"ALIPAYACCOUNT"}],"gmt_payment":"2018-06-16 18:50:38","invoice_amount":"158.00","out_trade_no":"2018061618503870637","point_amount":"0.00","receipt_amount":"158.00","total_amount":"158.00","trade_no":"2018061621001004950500244053"},"sign":"Hw+pGd5V2cQNpDeHvFBcqrAaP6oKEimAC3Hl+9b2r3OO7QgYvrRWnrAKLn1DDd+PngVvqMDUrB3IDshDQ+dhUCWYbFjy19nTtLz2w5uH5ap9sDw2zXZDBnrs4Hs4A0xQsDKPC+Fn7GDb2AXOU1BWtyu0rgKndpgY9F0mGVZKPfI="}

2018-06-16 18:59:31 {"merchant_id":"1499456762","key":"","authCode":"134774555938947667","order_sn":"2018061618593165988","price":22}

2018-06-16 19:00:04 {"merchant_id":"1499456762","key":"","authCode":"134633877949884885","order_sn":"2018061619000444570","price":15}

2018-06-16 19:03:34 {"merchant_id":"1499456762","key":"","authCode":"134750115286643493","order_sn":"2018061619033435136","price":50}

2018-06-16 19:08:49 {"merchant_id":"1499456762","key":"","authCode":"134783545545149058","order_sn":"2018061619084999319","price":178.5}

2018-06-16 19:11:01 {"merchant_id":"1499456762","key":"","authCode":"134656375379681653","order_sn":"2018061619110133128","price":15}

2018-06-16 19:11:40 {"merchant_id":"1499456762","key":"","authCode":"134873263612058553","order_sn":"2018061619114040532","price":20}

2018-06-16 19:13:13 {"merchant_id":"1499456762","key":"","authCode":"134616725504837655","order_sn":"2018061619131368003","price":29}

2018-06-16 19:14:48 {"merchant_id":"1499456762","key":"","authCode":"134525133454064939","order_sn":"2018061619144857736","price":16}

2018-06-16 19:15:15 {"merchant_id":"1499456762","key":"","authCode":"134878474261573103","order_sn":"2018061619151584991","price":86.5}

2018-06-16 19:17:05 {"merchant_id":"1499456762","key":"","authCode":"135890003478715433","order_sn":"2018061619170574217","price":10}

2018-06-16 19:22:15 {"merchant_id":"1499456762","key":"","authCode":"134721638925235805","order_sn":"2018061619221541289","price":198}

2018-06-16 19:25:54 {"merchant_id":"1499456762","key":"","authCode":"134646635863887166","order_sn":"2018061619255430898","price":14}

2018-06-16 19:27:09 {"merchant_id":"1499456762","key":"","authCode":"134999206451799940","order_sn":"2018061619270932294","price":27}

2018-06-16 19:27:32 {"merchant_id":"1499456762","key":"","authCode":"134817626246158563","order_sn":"2018061619273262755","price":9}

2018-06-16 19:27:51 {"merchant_id":"1490350062","key":"","authCode":"134778708800668624","order_sn":"2018061619275119107","price":600}

2018-06-16 19:28:37 {"merchant_id":"1499456762","key":"","authCode":"135020311116507733","order_sn":"2018061619283716573","price":82}

2018-06-16 19:32:28 {"merchant_id":"1499456762","key":"","authCode":"134970980640072641","order_sn":"2018061619322876355","price":57}

2018-06-16 19:39:27 {"merchant_id":"1499456762","key":"","authCode":"134938644121978199","order_sn":"2018061619392773005","price":15}

2018-06-16 19:43:28 {"merchant_id":"1499456762","key":"","authCode":"135061035650739576","order_sn":"2018061619432890974","price":58.5}

2018-06-16 19:44:19 {"merchant_id":"1499456762","key":"","authCode":"134611635017019770","order_sn":"2018061619441933824","price":15}

2018-06-16 19:44:29 {"merchant_id":"1499456762","key":"","authCode":"134694730441007139","order_sn":"2018061619442890195","price":15}

2018-06-16 19:46:45 {"merchant_id":"1499456762","key":"","authCode":"134630423942974475","order_sn":"2018061619464597591","price":19}

2018-06-16 19:50:07 {"merchant_id":"1499456762","key":"","authCode":"134722667705301500","order_sn":"2018061619500748904","price":56}

2018-06-16 19:50:26 {"merchant_id":"1499456762","key":"","authCode":"134659146890898867","order_sn":"2018061619502672113","price":22}

2018-06-16 19:57:51 {"merchant_id":"1499456762","key":"","authCode":"136184359499071163","order_sn":"2018061619575132792","price":31}

2018-06-16 19:58:24 {"merchant_id":"1499456762","key":"","authCode":"134508870383773200","order_sn":"2018061619582486703","price":52}

2018-06-16 19:59:49 {"merchant_id":"1499456762","key":"","authCode":"135152392216128346","order_sn":"2018061619594968613","price":5}

2018-06-16 20:00:27 {"merchant_id":"1499456762","key":"","authCode":"134642882237272691","order_sn":"2018061620002792788","price":45}

2018-06-16 20:01:42 {"merchant_id":"1499456762","key":"","authCode":"134560020685629221","order_sn":"2018061620014224756","price":7}

2018-06-16 20:16:44 {"merchant_id":"1499456762","key":"","authCode":"134945522680408912","order_sn":"2018061620164473961","price":22}

2018-06-16 20:17:06 {"merchant_id":"1499456762","key":"","authCode":"134634788138861118","order_sn":"2018061620170614684","price":12}

2018-06-16 20:17:42 {"merchant_id":"1499456762","key":"","authCode":"134641762431343034","order_sn":"2018061620174213504","price":41}

2018-06-16 20:20:21 {"merchant_id":"1499456762","key":"","authCode":"134920710396006684","order_sn":"2018061620202179640","price":21}

2018-06-16 20:20:58 {"merchant_id":"1499456762","key":"","authCode":"134864170663653585","order_sn":"2018061620205860961","price":15}

2018-06-16 20:21:37 {"merchant_id":"1499456762","key":"","authCode":"134639555298013999","order_sn":"2018061620213787688","price":4}

2018-06-16 20:22:03 {"merchant_id":"1499456762","key":"","authCode":"134931154005694561","order_sn":"2018061620220361330","price":72.5}

2018-06-16 20:24:31 {"merchant_id":"1499456762","key":"","authCode":"135011575710255264","order_sn":"2018061620243184050","price":4}

2018-06-16 20:25:12 {"merchant_id":"1499456762","key":"","authCode":"135293457593576001","order_sn":"2018061620251256298","price":79.5}

2018-06-16 20:28:03 {"merchant_id":"1499456762","key":"","authCode":"135058917561314422","order_sn":"2018061620280397802","price":12}

2018-06-16 20:31:09 {"merchant_id":"1499456762","key":"","authCode":"134869278438573760","order_sn":"2018061620310945078","price":7}

2018-06-16 20:32:15 {"merchant_id":"1499456762","key":"","authCode":"134611923937309903","order_sn":"2018061620321561542","price":25}

2018-06-16 20:35:23 {"merchant_id":"1499456762","key":"","authCode":"134565663839746986","order_sn":"2018061620352362911","price":25}

2018-06-16 20:37:10 {"merchant_id":"1499456762","key":"","authCode":"134803884520039109","order_sn":"2018061620371064244","price":41.5}

2018-06-16 20:41:46 {"merchant_id":"1499456762","key":"","authCode":"134624708591738371","order_sn":"2018061620414676208","price":14}

2018-06-16 20:43:39 {"merchant_id":"1499456762","key":"","authCode":"134646264694873317","order_sn":"2018061620433949984","price":20}

2018-06-16 20:46:05 {"merchant_id":"1499456762","key":"","authCode":"134695899933059829","order_sn":"2018061620460562330","price":8}

2018-06-16 20:49:29 {"merchant_id":"1499456762","key":"","authCode":"134734754314318499","order_sn":"2018061620492971853","price":22.5}

2018-06-16 20:53:32 {"merchant_id":"1499456762","key":"","authCode":"134536127568821360","order_sn":"2018061620533259377","price":32}

2018-06-16 20:53:38 {"merchant_id":"1499456762","key":"","authCode":"135020245446317229","order_sn":"2018061620533872390","price":66.5}

2018-06-16 20:54:15 {"merchant_id":"1499456762","key":"","authCode":"134614142528126131","order_sn":"2018061620541547265","price":17}

2018-06-16 20:56:55 {"merchant_id":"1499456762","key":"","authCode":"134533300894382915","order_sn":"2018061620565554017","price":9}

2018-06-16 20:59:37 {"merchant_id":"1499456762","key":"","authCode":"136003806599089600","order_sn":"2018061620593637038","price":17}

2018-06-16 21:00:41 {"merchant_id":"1499456762","key":"","authCode":"134531650297886223","order_sn":"2018061621004174148","price":34}

2018-06-16 21:02:55 {"merchant_id":"1499456762","key":"","authCode":"134550659714513646","order_sn":"2018061621025557402","price":20}

2018-06-16 21:04:27 {"merchant_id":"1499456762","key":"","authCode":"134915135651818735","order_sn":"2018061621042748415","price":15}

2018-06-16 21:04:51 {"merchant_id":"1499456762","key":"","authCode":"134935494601153426","order_sn":"2018061621045129360","price":24}

2018-06-16 21:05:54 {"merchant_id":"1499456762","key":"","authCode":"134706142146227865","order_sn":"2018061621055421002","price":49}

2018-06-16 21:07:09 {"merchant_id":"1499456762","key":"","authCode":"134551561140799641","order_sn":"2018061621070976878","price":26}

2018-06-16 21:07:41 {"merchant_id":"1499456762","key":"","authCode":"134543901110465288","order_sn":"2018061621074142014","price":198}

2018-06-16 21:09:17 {"merchant_id":"1499456762","key":"","authCode":"134553132037266586","order_sn":"2018061621091777660","price":73}

2018-06-16 21:14:36 {"merchant_id":"1499456762","key":"","authCode":"134613814658506803","order_sn":"2018061621143646495","price":78}

2018-06-16 21:16:18 {"merchant_id":"1499456762","key":"","authCode":"134832839584764228","order_sn":"2018061621161832042","price":103.8}

2018-06-16 21:17:57 {"merchant_id":"1499456762","key":"","authCode":"135189808713805282","order_sn":"2018061621175735884","price":8}

2018-06-16 21:28:29 {"merchant_id":"1499456762","key":"","authCode":"135311212045122885","order_sn":"2018061621282939413","price":259}

2018-06-16 21:30:28 {"merchant_id":"1499456762","key":"","authCode":"134537460620890096","order_sn":"2018061621302841818","price":51}

2018-06-16 21:33:13 {"merchant_id":"1499456762","key":"","authCode":"134639089751710955","order_sn":"2018061621331388008","price":20}

2018-06-16 21:34:45 {"merchant_id":"1499456762","key":"","authCode":"134657278977021245","order_sn":"2018061621344541713","price":42}

2018-06-16 21:34:55 {"merchant_id":"1499456762","key":"","authCode":"134629158559264061","order_sn":"2018061621345584574","price":8}

2018-06-16 21:36:06 {"merchant_id":"1499456762","key":"","authCode":"134715593107486035","order_sn":"2018061621360665720","price":8}

2018-06-16 21:37:30 {"merchant_id":"1499456762","key":"","authCode":"134687703615873812","order_sn":"2018061621372927651","price":6}

2018-06-16 21:38:45 {"merchant_id":"1499456762","key":"","authCode":"134656896153244441","order_sn":"2018061621384456888","price":11}

2018-06-16 21:39:41 {"merchant_id":"1499456762","key":"","authCode":"134633133728204293","order_sn":"2018061621394114381","price":30.5}

2018-06-16 22:01:11 {"merchant_id":"1499456762","key":"","authCode":"134590014227129988","order_sn":"2018061622011113481","price":8}

2018-06-16 22:37:06 {"merchant_id":"1499456762","key":"","authCode":"134932573288715607","order_sn":"2018061622370667939","price":42}

2018-06-16 22:39:10 {"merchant_id":"1499456762","key":"","authCode":"135696157078621488","order_sn":"2018061622391079104","price":198}

2018-06-16 22:44:03 {"merchant_id":"1499456762","key":"","authCode":"134729691855843565","order_sn":"2018061622440344911","price":198}

2018-06-16 23:02:28 {"merchant_id":"1490350062","key":"","authCode":"134759162238256157","order_sn":"2018061623022856715","price":300}

2018-06-16 23:40:20 {"merchant_id":"1490350062","key":"","authCode":"135588764051808763","order_sn":"2018061623402033542","price":300}

