2018-05-28 01:13:53 {"merchant_id":"1490350062","key":"","authCode":"134596445118959350","order_sn":"2018052801135359245","price":200}

2018-05-28 07:44:49 {"merchant_id":"1490350062","key":"","authCode":"136550077525050594","order_sn":"2018052807444911058","price":140}

2018-05-28 07:46:47 {"merchant_id":"1499456762","key":"","authCode":"135052872106568861","order_sn":"2018052807464712916","price":8}

2018-05-28 07:53:38 {"merchant_id":"1493159782","key":"","authCode":"134917834630757943","order_sn":"2018052807533879903","price":300}

2018-05-28 08:38:24 {"merchant_id":"1499456762","key":"","authCode":"134647806427136417","order_sn":"2018052808382410979","price":7}

2018-05-28 08:43:45 {"merchant_id":"1499456762","key":"","authCode":"135050335573860645","order_sn":"2018052808434564408","price":1}

2018-05-28 09:03:29 {"merchant_id":"1499456762","key":"","authCode":"134731313775975434","order_sn":"2018052809032982870","price":0.1}

2018-05-28 09:06:07 {"merchant_id":"2088821827997030","key":"201711BBc699bef5cde842dba6fa5c6bdc706A03","authCode":"282929151162017120","order_sn":"2018052809060722500","price":1662}

2018-05-28 09:06:07 {"app_id":"2017071207730667","method":"alipay.trade.pay","charset":"utf-8","sign_type":"RSA","app_auth_token":"201711BBc699bef5cde842dba6fa5c6bdc706A03","timestamp":"2018-05-28 09:06:07","version":"1.0","biz_content":"{\"out_trade_no\":\"2018052809060722500\",\"scene\":\"bar_code\",\"auth_code\":\"282929151162017120\",\"subject\":\"\\u8ba2\\u5355\\u53f7:2018052809060722500\",\"seller_id\":\"2088821827997030\",\"total_amount\":1662,\"extend_params\":{\"sys_service_provider_id\":\"2088721521881652\"}}","sign":"O\/zD2lt1XR\/Rr\/xK39GPqMc0z1B\/rCdEhH4j5T0dXbjNb0QREFOgc6zQkt5wFLow\/A57dXAzwfWtBWS0ZkoriJ1GVByZHuS2Sw28pkHRgfJiPRdkHikalNWpIn2eLI3NTAe3SgCfWIrV6vrP53gT3bh2HMwKSjkbgxC5Sslb+Cc="}

2018-05-28 09:06:08 {"alipay_trade_pay_response":{"code":"10003","msg":" order success pay inprocess","buyer_logon_id":"419***@qq.com","buyer_pay_amount":"0.00","buyer_user_id":"2088302169428773","invoice_amount":"0.00","out_trade_no":"2018052809060722500","point_amount":"0.00","receipt_amount":"0.00","total_amount":"1662.00","trade_no":"2018052821001004770574619495"},"sign":"FkW93MGpbqyvK4H7lLHvCLnJTUko1DBMBoDJL2TczzBOTzO2t0Te78RfFmmK4yAv6FCMYAyKlxA5Rja8zJcdALOWU/lrXQuLur4kYRpOiNW45P8h9peo+K49v9Iu1uLIdwas+pMajzX0wg2wNp821ANBrRCS9WE7gST0idIZ/0o="}

2018-05-28 09:06:08 {"alipay_trade_query_response":{"code":"10000","msg":"Success","buyer_logon_id":"419***@qq.com","buyer_pay_amount":"0.00","buyer_user_id":"2088302169428773","invoice_amount":"0.00","out_trade_no":"2018052809060722500","point_amount":"0.00","receipt_amount":"0.00","total_amount":"1662.00","trade_no":"2018052821001004770574619495","trade_status":"WAIT_BUYER_PAY"},"sign":"C5JWPUiOPeO7fWBkSydUgGzb4g4TvHRQK/0IkfGMzJNsEq7ufLdTeDsp6lX7ONHDvSgKaH1RabbHqsY5fH0sn3V4amOJjlE186Lp+wi45KTtrHuhMzxNR2iRaZZGTcuM9IjgUp48Q7Cs3NKu71il7LT/uo78JCB1uponC9D1crw="}

2018-05-28 09:06:12 {"alipay_trade_query_response":{"code":"10000","msg":"Success","buyer_logon_id":"419***@qq.com","buyer_pay_amount":"0.00","buyer_user_id":"2088302169428773","invoice_amount":"0.00","out_trade_no":"2018052809060722500","point_amount":"0.00","receipt_amount":"0.00","total_amount":"1662.00","trade_no":"2018052821001004770574619495","trade_status":"WAIT_BUYER_PAY"},"sign":"C5JWPUiOPeO7fWBkSydUgGzb4g4TvHRQK/0IkfGMzJNsEq7ufLdTeDsp6lX7ONHDvSgKaH1RabbHqsY5fH0sn3V4amOJjlE186Lp+wi45KTtrHuhMzxNR2iRaZZGTcuM9IjgUp48Q7Cs3NKu71il7LT/uo78JCB1uponC9D1crw="}

2018-05-28 09:06:16 {"alipay_trade_query_response":{"code":"10000","msg":"Success","buyer_logon_id":"419***@qq.com","buyer_pay_amount":"0.00","buyer_user_id":"2088302169428773","invoice_amount":"0.00","out_trade_no":"2018052809060722500","point_amount":"0.00","receipt_amount":"0.00","total_amount":"1662.00","trade_no":"2018052821001004770574619495","trade_status":"WAIT_BUYER_PAY"},"sign":"C5JWPUiOPeO7fWBkSydUgGzb4g4TvHRQK/0IkfGMzJNsEq7ufLdTeDsp6lX7ONHDvSgKaH1RabbHqsY5fH0sn3V4amOJjlE186Lp+wi45KTtrHuhMzxNR2iRaZZGTcuM9IjgUp48Q7Cs3NKu71il7LT/uo78JCB1uponC9D1crw="}

2018-05-28 09:06:21 {"alipay_trade_query_response":{"code":"10000","msg":"Success","buyer_logon_id":"419***@qq.com","buyer_pay_amount":"1662.00","buyer_user_id":"2088302169428773","fund_bill_list":[{"amount":"1662.00","fund_channel":"ALIPAYACCOUNT"}],"invoice_amount":"1662.00","out_trade_no":"2018052809060722500","point_amount":"0.00","receipt_amount":"1662.00","send_pay_date":"2018-05-28 09:06:17","total_amount":"1662.00","trade_no":"2018052821001004770574619495","trade_status":"TRADE_SUCCESS"},"sign":"rslHuCbsBHJ6g8550MpRl4EXaXKU6EIhVo5ED3GQo7Uf0sajQtV8T0y4kzsZ5gbhCUQAlnTdpQRktGqb7QVx5XRxaXRa0oxkA01XUTTXo4K9FDH0/8h/7GVl62ROw8UNo2nM9nl4P4fJUgCx2hBqOnxKhjkESl4grYiaRJ8ZXic="}

2018-05-28 09:29:06 {"merchant_id":"1499456762","key":"","authCode":"134518093715005455","order_sn":"2018052809290639179","price":8}

2018-05-28 09:44:15 {"merchant_id":"1499456762","key":"","authCode":"134855760778512097","order_sn":"2018052809441517969","price":8}

2018-05-28 09:56:21 {"merchant_id":"1499456762","key":"","authCode":"134978010764091056","order_sn":"2018052809562128849","price":0.5}

2018-05-28 10:17:20 {"merchant_id":"1499456762","key":"","authCode":"135075126554278346","order_sn":"2018052810172014171","price":27}

2018-05-28 10:18:58 {"merchant_id":"1499456762","key":"","authCode":"135430439443068195","order_sn":"2018052810185873567","price":8}

2018-05-28 10:56:02 {"merchant_id":"1499456762","key":"","authCode":"134679241290499793","order_sn":"2018052810560267958","price":8}

2018-05-28 10:56:08 {"merchant_id":"1499456762","key":"","authCode":"134582541267454428","order_sn":"2018052810560880365","price":28}

2018-05-28 11:01:05 {"merchant_id":"1493159782","key":"","authCode":"135235064251075596","order_sn":"2018052811010583531","price":200}

2018-05-28 11:07:33 {"merchant_id":"1499456762","key":"","authCode":"134996225458048023","order_sn":"2018052811073323779","price":36}

2018-05-28 11:08:07 {"merchant_id":"1493159782","key":"","authCode":"136078006780606283","order_sn":"2018052811080768607","price":68}

2018-05-28 11:10:51 {"merchant_id":"1499456762","key":"","authCode":"134789467609651365","order_sn":"2018052811105129944","price":15}

2018-05-28 11:14:25 {"merchant_id":"1499456762","key":"","authCode":"134898776213724589","order_sn":"2018052811142533245","price":18}

2018-05-28 11:14:56 {"merchant_id":"1499456762","key":"","authCode":"134935982178672229","order_sn":"2018052811145616600","price":40}

2018-05-28 11:35:11 {"merchant_id":"1499456762","key":"","authCode":"134679314344757158","order_sn":"2018052811351172747","price":6}

2018-05-28 11:44:30 {"merchant_id":"1499456762","key":"","authCode":"134743508245341124","order_sn":"2018052811442931125","price":8}

2018-05-28 12:10:38 {"merchant_id":"1499456762","key":"","authCode":"134620228533761529","order_sn":"2018052812103890251","price":13}

2018-05-28 12:12:40 {"merchant_id":"1490350062","key":"","authCode":"134671764190581903","order_sn":"2018052812124082250","price":300}

2018-05-28 12:21:18 {"merchant_id":"1499456762","key":"","authCode":"134955127612481866","order_sn":"2018052812211839446","price":24}

2018-05-28 12:26:48 {"merchant_id":"1499456762","key":"","authCode":"134614564067063574","order_sn":"2018052812264888532","price":300}

2018-05-28 12:31:16 {"merchant_id":"1499456762","key":"","authCode":"134914274892242349","order_sn":"2018052812311679275","price":30}

2018-05-28 13:02:26 {"merchant_id":"1499456762","key":"","authCode":"134504179631125249","order_sn":"2018052813022688082","price":13}

2018-05-28 13:19:28 {"merchant_id":"1499456762","key":"","authCode":"135193492880044189","order_sn":"2018052813192828646","price":10}

2018-05-28 13:28:36 {"merchant_id":"1490350062","key":"","authCode":"134667231442216206","order_sn":"2018052813283674539","price":100}

2018-05-28 13:33:30 {"merchant_id":"1493159782","key":"","authCode":"135097100145121203","order_sn":"2018052813333056936","price":200}

2018-05-28 14:06:06 {"merchant_id":"1499456762","key":"","authCode":"135326574348042747","order_sn":"2018052814060633410","price":300}

2018-05-28 14:45:58 {"merchant_id":"1490350062","key":"","authCode":"134799444739407758","order_sn":"2018052814455840793","price":100}

2018-05-28 15:03:30 {"merchant_id":"1490350062","key":"","authCode":"134752268539341919","order_sn":"2018052815033033826","price":200}

2018-05-28 15:05:27 {"merchant_id":"1499456762","key":"","authCode":"134520592674804855","order_sn":"2018052815052722101","price":2}

2018-05-28 15:15:47 {"merchant_id":"1490350062","key":"","authCode":"134932694255325540","order_sn":"2018052815154770063","price":100}

2018-05-28 15:36:32 {"merchant_id":"1499456762","key":"","authCode":"134720548319812484","order_sn":"2018052815363284008","price":45.5}

2018-05-28 15:44:04 {"merchant_id":"1499456762","key":"","authCode":"134971769592072224","order_sn":"2018052815440497503","price":16}

2018-05-28 15:48:38 {"merchant_id":"1490350062","key":"","authCode":"135102837167267206","order_sn":"2018052815483874783","price":200}

2018-05-28 16:00:04 {"merchant_id":"1499456762","key":"","authCode":"134635447682885693","order_sn":"2018052816000479645","price":68}

2018-05-28 16:03:29 {"merchant_id":"1499456762","key":"","authCode":"135449569660608484","order_sn":"2018052816032973826","price":34}

2018-05-28 16:08:41 {"merchant_id":"1499456762","key":"","authCode":"135298037505870737","order_sn":"2018052816084194236","price":7}

2018-05-28 16:11:57 {"merchant_id":"1499456762","key":"","authCode":"134654508834286817","order_sn":"2018052816115734699","price":12}

2018-05-28 16:29:06 {"merchant_id":"1499456762","key":"","authCode":"135442034605662684","order_sn":"2018052816290621345","price":9}

2018-05-28 16:36:24 {"merchant_id":"1490350062","key":"","authCode":"134605054883753964","order_sn":"2018052816362445490","price":200}

2018-05-28 16:36:53 {"merchant_id":"1499456762","key":"","authCode":"134691937288206244","order_sn":"2018052816365346071","price":48}

2018-05-28 16:44:52 {"merchant_id":"1499456762","key":"","authCode":"134598616220130568","order_sn":"2018052816445282130","price":23}

2018-05-28 17:02:54 {"merchant_id":"1499456762","key":"","authCode":"134912531957725656","order_sn":"2018052817025457268","price":48}

2018-05-28 17:08:14 {"merchant_id":"1499456762","key":"","authCode":"134619757825036317","order_sn":"2018052817081440208","price":45}

2018-05-28 17:08:30 {"merchant_id":"1499456762","key":"","authCode":"134859622551331788","order_sn":"2018052817083083310","price":61}

2018-05-28 17:12:55 {"merchant_id":"1499456762","key":"","authCode":"134690264344948973","order_sn":"2018052817125551854","price":53}

2018-05-28 17:13:34 {"merchant_id":"1499456762","key":"","authCode":"134665928521432250","order_sn":"2018052817133460226","price":16}

2018-05-28 17:14:39 {"merchant_id":"1499456762","key":"","authCode":"134890648260844231","order_sn":"2018052817143912360","price":8}

2018-05-28 17:16:59 {"merchant_id":"1499456762","key":"","authCode":"134708586239864036","order_sn":"2018052817165948127","price":30}

2018-05-28 17:17:39 {"merchant_id":"1499456762","key":"","authCode":"134584903931910400","order_sn":"2018052817173947914","price":27}

2018-05-28 17:28:03 {"merchant_id":"1499456762","key":"","authCode":"134616728371172183","order_sn":"2018052817280333786","price":17}

2018-05-28 17:28:44 {"merchant_id":"1499456762","key":"","authCode":"134651890643775268","order_sn":"2018052817284463725","price":32}

2018-05-28 17:34:13 {"merchant_id":"1499456762","key":"","authCode":"134567012404776034","order_sn":"2018052817341212249","price":26}

2018-05-28 17:41:13 {"merchant_id":"1499456762","key":"","authCode":"134651813730798701","order_sn":"2018052817411368126","price":12}

2018-05-28 17:47:43 {"merchant_id":"1499456762","key":"","authCode":"134733006107222846","order_sn":"2018052817474360840","price":16}

2018-05-28 17:47:54 {"merchant_id":"1499456762","key":"","authCode":"134699364574910372","order_sn":"2018052817475458499","price":9}

2018-05-28 17:52:55 {"merchant_id":"1499456762","key":"","authCode":"134976892891110901","order_sn":"2018052817525560500","price":28}

2018-05-28 17:54:01 {"merchant_id":"1499456762","key":"","authCode":"134541858640217304","order_sn":"2018052817540158200","price":29}

2018-05-28 18:07:03 {"merchant_id":"1499456762","key":"","authCode":"136020098649602207","order_sn":"2018052818070366067","price":8}

2018-05-28 18:10:15 {"merchant_id":"1499456762","key":"","authCode":"134726933211021472","order_sn":"2018052818101578241","price":29}

2018-05-28 18:12:30 {"merchant_id":"1499456762","key":"","authCode":"135205635600967290","order_sn":"2018052818123063617","price":33}

2018-05-28 18:23:39 {"merchant_id":"1499456762","key":"","authCode":"134752402312259524","order_sn":"2018052818233976870","price":24}

2018-05-28 18:29:52 {"merchant_id":"1499456762","key":"","authCode":"134948346161233552","order_sn":"2018052818295266151","price":9}

2018-05-28 18:46:33 {"merchant_id":"1499456762","key":"","authCode":"134895678291380869","order_sn":"2018052818463339449","price":15}

2018-05-28 18:46:55 {"merchant_id":"1499456762","key":"","authCode":"134638388058066681","order_sn":"2018052818465463264","price":30}

2018-05-28 18:48:44 {"merchant_id":"1499456762","key":"","authCode":"134547258593882016","order_sn":"2018052818484448680","price":17}

2018-05-28 18:54:06 {"merchant_id":"1499456762","key":"","authCode":"134690140480128512","order_sn":"2018052818540667797","price":13}

2018-05-28 19:06:21 {"merchant_id":"1499456762","key":"","authCode":"134547477687570518","order_sn":"2018052819062111609","price":24}

2018-05-28 19:09:28 {"merchant_id":"1499456762","key":"","authCode":"134548516921165478","order_sn":"2018052819092839750","price":13}

2018-05-28 19:10:29 {"merchant_id":"1499456762","key":"","authCode":"134699090971404034","order_sn":"2018052819102956084","price":12}

2018-05-28 19:14:41 {"merchant_id":"1499456762","key":"","authCode":"134543498838993051","order_sn":"2018052819144116791","price":300}

2018-05-28 19:16:11 {"merchant_id":"1499456762","key":"","authCode":"134589652233860363","order_sn":"2018052819161188827","price":28}

2018-05-28 19:17:28 {"merchant_id":"1499456762","key":"","authCode":"134732393037438767","order_sn":"2018052819172869990","price":11}

2018-05-28 19:18:37 {"merchant_id":"1499456762","key":"","authCode":"134697081215890610","order_sn":"2018052819183732091","price":18}

2018-05-28 19:18:45 {"merchant_id":"1499456762","key":"","authCode":"134711245965430649","order_sn":"2018052819184598329","price":20}

2018-05-28 19:20:04 {"merchant_id":"1499456762","key":"","authCode":"134675830247385711","order_sn":"2018052819200481714","price":6}

2018-05-28 19:23:23 {"merchant_id":"1499456762","key":"","authCode":"134722413367389814","order_sn":"2018052819232369900","price":18}

2018-05-28 19:25:32 {"merchant_id":"1499456762","key":"","authCode":"134539864310363535","order_sn":"2018052819253147605","price":18}

2018-05-28 19:27:11 {"merchant_id":"1499456762","key":"","authCode":"134640529664437783","order_sn":"2018052819271137326","price":8.14}

2018-05-28 19:28:23 {"merchant_id":"1499456762","key":"","authCode":"134588795158335175","order_sn":"2018052819282265775","price":40}

2018-05-28 19:30:16 {"merchant_id":"1499456762","key":"","authCode":"135103103470322179","order_sn":"2018052819301634579","price":12}

2018-05-28 19:48:57 {"merchant_id":"1499456762","key":"","authCode":"134597584840456887","order_sn":"2018052819485773556","price":13}

2018-05-28 19:52:48 {"merchant_id":"1499456762","key":"","authCode":"134747672542744045","order_sn":"2018052819524845854","price":20}

2018-05-28 19:54:40 {"merchant_id":"1499456762","key":"","authCode":"134642338497270486","order_sn":"2018052819544052425","price":21}

2018-05-28 20:01:00 {"merchant_id":"1499456762","key":"","authCode":"134566216632048858","order_sn":"2018052820010095270","price":10}

2018-05-28 20:02:08 {"merchant_id":"1499456762","key":"","authCode":"134674636688278517","order_sn":"2018052820020853289","price":4.5}

2018-05-28 20:03:14 {"merchant_id":"1499456762","key":"","authCode":"134530363050286530","order_sn":"2018052820031489016","price":7}

2018-05-28 20:10:52 {"merchant_id":"1499456762","key":"","authCode":"134950587214469244","order_sn":"2018052820105249336","price":22}

2018-05-28 20:13:41 {"merchant_id":"1499456762","key":"","authCode":"134670847578200344","order_sn":"2018052820134114386","price":12}

2018-05-28 20:17:55 {"merchant_id":"1499456762","key":"","authCode":"134684525242528426","order_sn":"2018052820175572367","price":5}

2018-05-28 20:18:34 {"merchant_id":"1499456762","key":"","authCode":"134619224721311621","order_sn":"2018052820183434591","price":3}

2018-05-28 20:19:07 {"merchant_id":"1499456762","key":"","authCode":"135115448532116026","order_sn":"2018052820190762733","price":8}

2018-05-28 20:19:51 {"merchant_id":"1499456762","key":"","authCode":"134535986486849995","order_sn":"2018052820195141500","price":21}

2018-05-28 20:20:33 {"merchant_id":"1499456762","key":"","authCode":"134881012583233019","order_sn":"2018052820203363533","price":22}

2018-05-28 20:29:56 {"merchant_id":"1499456762","key":"","authCode":"136410038212811040","order_sn":"2018052820295632962","price":15.5}

2018-05-28 20:33:33 {"merchant_id":"1499456762","key":"","authCode":"134866262790393715","order_sn":"2018052820333350780","price":7}

2018-05-28 20:34:49 {"merchant_id":"1499456762","key":"","authCode":"135054832838464456","order_sn":"2018052820344954554","price":10}

2018-05-28 20:37:00 {"merchant_id":"1499456762","key":"","authCode":"135770805397694950","order_sn":"2018052820370010345","price":24}

2018-05-28 20:43:57 {"merchant_id":"1499456762","key":"","authCode":"134976721777615830","order_sn":"2018052820435724474","price":30.5}

2018-05-28 20:49:45 {"merchant_id":"1499456762","key":"","authCode":"134656240643357478","order_sn":"2018052820494558862","price":12}

2018-05-28 20:54:19 {"merchant_id":"1499456762","key":"","authCode":"134594425253534566","order_sn":"2018052820541874084","price":16}

2018-05-28 20:55:34 {"merchant_id":"1499456762","key":"","authCode":"134933054935075027","order_sn":"2018052820553410598","price":9}

2018-05-28 20:59:55 {"merchant_id":"1499456762","key":"","authCode":"134579023484355053","order_sn":"2018052820595571980","price":14}

2018-05-28 21:00:44 {"merchant_id":"1499456762","key":"","authCode":"135064462883435089","order_sn":"2018052821004435660","price":31}

2018-05-28 21:06:36 {"merchant_id":"1499456762","key":"","authCode":"134777928629137453","order_sn":"2018052821063670557","price":29.5}

2018-05-28 21:11:50 {"merchant_id":"1499456762","key":"","authCode":"134573176615523776","order_sn":"2018052821115040328","price":20}

2018-05-28 21:13:34 {"merchant_id":"1499456762","key":"","authCode":"134625760246894036","order_sn":"2018052821133484493","price":21}

2018-05-28 21:14:23 {"merchant_id":"1493159782","key":"","authCode":"134612337685566761","order_sn":"2018052821142388930","price":300}

2018-05-28 21:22:30 {"merchant_id":"1499456762","key":"","authCode":"134913998306686471","order_sn":"2018052821222990302","price":14}

2018-05-28 22:13:42 {"merchant_id":"1493159782","key":"","authCode":"135116282790409623","order_sn":"2018052822134221156","price":400}

2018-05-28 22:24:28 {"merchant_id":"2088822285099072","key":"201710BBaa55e11a995b41488709d94fe3bfbX07","authCode":"287593781801937953","order_sn":"2018052822242829782","price":100}

2018-05-28 22:24:28 {"app_id":"2017071207730667","method":"alipay.trade.pay","charset":"utf-8","sign_type":"RSA","app_auth_token":"201710BBaa55e11a995b41488709d94fe3bfbX07","timestamp":"2018-05-28 22:24:28","version":"1.0","biz_content":"{\"out_trade_no\":\"2018052822242829782\",\"scene\":\"bar_code\",\"auth_code\":\"287593781801937953\",\"subject\":\"\\u8ba2\\u5355\\u53f7:2018052822242829782\",\"seller_id\":\"2088822285099072\",\"total_amount\":100,\"extend_params\":{\"sys_service_provider_id\":\"2088721521881652\"}}","sign":"f5BU7cZrLxdGoeFSOoIazHwcYNg7b\/KfmUT\/owoBmL7I9jxQrc2juvnjCjC6r6wQTYIqJrxcAZM\/Rn+eX+PPm0H7WxjtNbKqX5kdl7bNTW1Ry3DpftM4WptfHnLWPK307NOkXU+Nn853ok\/isBJxH0vCc6c6Oi15xKDPb+h19xA="}

2018-05-28 22:24:29 {"alipay_trade_pay_response":{"code":"10000","msg":"Success","buyer_logon_id":"136****5840","buyer_pay_amount":"100.00","buyer_user_id":"2088122438650573","fund_bill_list":[{"amount":"100.00","fund_channel":"ALIPAYACCOUNT"}],"gmt_payment":"2018-05-28 22:24:29","invoice_amount":"100.00","out_trade_no":"2018052822242829782","point_amount":"0.00","receipt_amount":"100.00","total_amount":"100.00","trade_no":"2018052821001004570506170255"},"sign":"dtJ5vLCV7Y/abbmluQsuFGWnUNL/6vraDqRTw5kuymPyfzLpgO6QM6etu8RPuZRniO85DEst4w+UvHYeYlyFXAqo+BIC2k/HPjcPabOqNywv1T/SeF41ao45F1zQF1wP45CpB4I1GZl8+S+qoLdF1gkyNBhdLVtD6RijnzAfvqA="}

2018-05-28 22:33:00 {"merchant_id":"2088822285099072","key":"201710BBaa55e11a995b41488709d94fe3bfbX07","authCode":"287456361999822234","order_sn":"2018052822330089404","price":100}

2018-05-28 22:33:00 {"app_id":"2017071207730667","method":"alipay.trade.pay","charset":"utf-8","sign_type":"RSA","app_auth_token":"201710BBaa55e11a995b41488709d94fe3bfbX07","timestamp":"2018-05-28 22:33:00","version":"1.0","biz_content":"{\"out_trade_no\":\"2018052822330089404\",\"scene\":\"bar_code\",\"auth_code\":\"287456361999822234\",\"subject\":\"\\u8ba2\\u5355\\u53f7:2018052822330089404\",\"seller_id\":\"2088822285099072\",\"total_amount\":100,\"extend_params\":{\"sys_service_provider_id\":\"2088721521881652\"}}","sign":"iME6VWwAQZKRqOsVHDVm9+\/zHoO5jIWhCGcFn1I5CMBfgHF82V\/e0uk2+AjC82MtOWvDpsJ6QYUqnuF0tOj1M4Fc6IApXdFylphtQWs6H967QDW42S1Gda6VpaGFvvK5jChH6dHUL\/BN9V8ttPJMbgnlaQLz3zGMdxJJGrOmzOE="}

2018-05-28 22:33:01 {"alipay_trade_pay_response":{"code":"10000","msg":"Success","buyer_logon_id":"159****9078","buyer_pay_amount":"100.00","buyer_user_id":"2088312773023123","fund_bill_list":[{"amount":"100.00","fund_channel":"PCREDIT"}],"gmt_payment":"2018-05-28 22:33:01","invoice_amount":"100.00","out_trade_no":"2018052822330089404","point_amount":"0.00","receipt_amount":"100.00","total_amount":"100.00","trade_no":"2018052821001004120509552528"},"sign":"p0XgxXyofzZu+eYt1zIkkDBcU5j/z5PefHMJKQvXLFgAhgomIPsEE86OS797fsKTj3NwePYsJ5CVMwXUlWSkrssNNCpn4EVJc1DZAqb7spG6G1A+nxn4rqCwx24j0ID4cxVhsQP1P7SZw7tqaVwc9jA0tPsxCbn5vsB/ZYYVQyI="}

