2018-05-25 01:46:11 {"merchant_id":"1490350062","key":"","authCode":"135029390650599938","order_sn":"2018052501461180679","price":200}

2018-05-25 01:57:01 {"merchant_id":"1490350062","key":"","authCode":"134645103434804890","order_sn":"2018052501570152131","price":600}

2018-05-25 08:07:27 {"merchant_id":"1499456762","key":"","authCode":"134553106958633187","order_sn":"2018052508072790503","price":128}

2018-05-25 08:49:38 {"merchant_id":"1490350062","key":"","authCode":"135116551726855694","order_sn":"2018052508493856094","price":100}

2018-05-25 08:57:16 {"merchant_id":"1493159782","key":"","authCode":"134535256504223233","order_sn":"2018052508571587123","price":178}

2018-05-25 08:58:16 {"merchant_id":"1499456762","key":"","authCode":"134844857821601802","order_sn":"2018052508581670886","price":121.5}

2018-05-25 09:00:12 {"merchant_id":"1499456762","key":"","authCode":"134652031784814578","order_sn":"2018052509001234767","price":34.5}

2018-05-25 09:05:56 {"merchant_id":"1499456762","key":"","authCode":"134603479205667742","order_sn":"2018052509055628139","price":128}

2018-05-25 09:13:30 {"merchant_id":"1499456762","key":"","authCode":"135673181879459937","order_sn":"2018052509133083161","price":8}

2018-05-25 09:56:12 {"merchant_id":"1499456762","key":"","authCode":"134814256274906285","order_sn":"2018052509561212507","price":27}

2018-05-25 10:10:38 {"merchant_id":"1499456762","key":"","authCode":"134930236105490574","order_sn":"2018052510103891013","price":28}

2018-05-25 10:11:29 {"merchant_id":"1499456762","key":"","authCode":"134631211009120587","order_sn":"2018052510112941474","price":24}

2018-05-25 10:13:35 {"merchant_id":"1499456762","key":"","authCode":"134518928600931976","order_sn":"2018052510133534611","price":18}

2018-05-25 10:20:55 {"merchant_id":"1499456762","key":"","authCode":"134630837915147543","order_sn":"2018052510205544987","price":13}

2018-05-25 10:38:05 {"merchant_id":"1499456762","key":"","authCode":"134809546373909219","order_sn":"2018052510380561866","price":16}

2018-05-25 10:40:14 {"merchant_id":"1499456762","key":"","authCode":"134970666191022217","order_sn":"2018052510401447270","price":57.5}

2018-05-25 10:41:40 {"merchant_id":"1499456762","key":"","authCode":"135707614866551196","order_sn":"2018052510414095493","price":14}

2018-05-25 10:48:29 {"merchant_id":"1499456762","key":"","authCode":"134719401988157191","order_sn":"2018052510482842229","price":30}

2018-05-25 10:48:40 {"merchant_id":"1499456762","key":"","authCode":"134678789024502955","order_sn":"2018052510484099190","price":5}

2018-05-25 10:49:10 {"merchant_id":"1499456762","key":"","authCode":"134628655215106080","order_sn":"2018052510491014376","price":20}

2018-05-25 10:52:06 {"merchant_id":"1499456762","key":"","authCode":"134691954334365257","order_sn":"2018052510520681486","price":21}

2018-05-25 11:06:11 {"merchant_id":"1499456762","key":"","authCode":"134720603393201663","order_sn":"2018052511061149612","price":69.5}

2018-05-25 11:13:30 {"merchant_id":"1493159782","key":"","authCode":"134630000494890604","order_sn":"2018052511133056597","price":200}

2018-05-25 11:14:17 {"merchant_id":"1493159782","key":"","authCode":"134541515237598380","order_sn":"2018052511141788833","price":200}

2018-05-25 11:17:14 {"merchant_id":"1490350062","key":"","authCode":"134542292163997686","order_sn":"2018052511171482823","price":2}

2018-05-25 11:17:53 {"merchant_id":"1499456762","key":"","authCode":"134679777956590299","order_sn":"2018052511175358391","price":108}

2018-05-25 11:25:24 {"merchant_id":"1499456762","key":"","authCode":"134650203536922619","order_sn":"2018052511252430561","price":29}

2018-05-25 11:32:55 {"merchant_id":"1499456762","key":"","authCode":"134623437589694632","order_sn":"2018052511325555916","price":23}

2018-05-25 11:34:45 {"merchant_id":"1499456762","key":"","authCode":"134815987923333402","order_sn":"2018052511344514533","price":15}

2018-05-25 11:49:30 {"merchant_id":"1499456762","key":"","authCode":"134971071517863656","order_sn":"2018052511493057721","price":8}

2018-05-25 12:00:22 {"merchant_id":"1499456762","key":"","authCode":"134542495491328357","order_sn":"2018052512002287758","price":39}

2018-05-25 12:01:02 {"merchant_id":"1499456762","key":"","authCode":"134636771433516911","order_sn":"2018052512010223809","price":5}

2018-05-25 12:01:22 {"merchant_id":"1493159782","key":"","authCode":"134534136724592893","order_sn":"2018052512012221352","price":43}

2018-05-25 12:13:56 {"merchant_id":"1499456762","key":"","authCode":"134715795455385553","order_sn":"2018052512135629318","price":58}

2018-05-25 12:20:33 {"merchant_id":"1493159782","key":"","authCode":"134737013366637104","order_sn":"2018052512203397873","price":200}

2018-05-25 12:22:39 {"merchant_id":"1499456762","key":"","authCode":"134506329620876624","order_sn":"2018052512223931093","price":11}

2018-05-25 12:29:45 {"merchant_id":"1499456762","key":"","authCode":"134513330816132297","order_sn":"2018052512294593545","price":9}

2018-05-25 12:35:29 {"merchant_id":"1493159782","key":"","authCode":"134729750647262727","order_sn":"2018052512352977589","price":6}

2018-05-25 12:41:47 {"merchant_id":"1499456762","key":"","authCode":"134583691042806143","order_sn":"2018052512414761616","price":268}

2018-05-25 12:56:51 {"merchant_id":"1499456762","key":"","authCode":"135208694492587117","order_sn":"2018052512565122127","price":20}

2018-05-25 12:57:53 {"merchant_id":"1499456762","key":"","authCode":"134528131399927172","order_sn":"2018052512575398351","price":24}

2018-05-25 13:11:25 {"merchant_id":"1499456762","key":"","authCode":"134556972696768516","order_sn":"2018052513112554427","price":128}

2018-05-25 13:11:54 {"merchant_id":"1499456762","key":"","authCode":"134762605964497214","order_sn":"2018052513115487436","price":16}

2018-05-25 13:12:28 {"merchant_id":"1499456762","key":"","authCode":"134610800600669669","order_sn":"2018052513122859380","price":9}

2018-05-25 13:18:18 {"merchant_id":"1499456762","key":"","authCode":"134717975912880051","order_sn":"2018052513181897999","price":13}

2018-05-25 13:23:53 {"merchant_id":"2088822285099072","key":"201710BBaa55e11a995b41488709d94fe3bfbX07","authCode":"284327345080973600","order_sn":"2018052513235334575","price":100}

2018-05-25 13:23:53 {"app_id":"2017071207730667","method":"alipay.trade.pay","charset":"utf-8","sign_type":"RSA","app_auth_token":"201710BBaa55e11a995b41488709d94fe3bfbX07","timestamp":"2018-05-25 13:23:53","version":"1.0","biz_content":"{\"out_trade_no\":\"2018052513235334575\",\"scene\":\"bar_code\",\"auth_code\":\"284327345080973600\",\"subject\":\"\\u8ba2\\u5355\\u53f7:2018052513235334575\",\"seller_id\":\"2088822285099072\",\"total_amount\":100,\"extend_params\":{\"sys_service_provider_id\":\"2088721521881652\"}}","sign":"e3IDfK6BYyPOqx1ntho7Ly0FPhfCprwVsLD170hbmiWs0yScsrtnfc9NxUqPWB\/BG6qWjOeUa1Nk\/ZjEkHl6KbKAhx39Wg5ru8NUvnMtnlEbYYDiZr6gawJMQQcCeN0yJS6U+5dN99YY6wLqNMUp\/IFMllctpaTXTPwgmNeekMA="}

2018-05-25 13:23:54 {"alipay_trade_pay_response":{"code":"10000","msg":"Success","buyer_logon_id":"125***@qq.com","buyer_pay_amount":"100.00","buyer_user_id":"2088112284683524","fund_bill_list":[{"amount":"100.00","fund_channel":"PCREDIT"}],"gmt_payment":"2018-05-25 13:23:54","invoice_amount":"100.00","out_trade_no":"2018052513235334575","point_amount":"0.00","receipt_amount":"100.00","total_amount":"100.00","trade_no":"2018052521001004520295314267"},"sign":"hiJ2PgW85U1JxM7YvmsYnUc77r31gZV509muYI+lql765RBPIDVNIUt/bEaprV9xISQQZEnoPTUtyVlifQa9+mW71UPrI1i/L3TjDcyOz59cDsguvrlXtEjZwQrrx05IDhgkk2mM3TShueLRIpp2lVs+SmgaUn2ABmFa8rU+iU0="}

2018-05-25 13:33:01 {"merchant_id":"1499456762","key":"","authCode":"135063489113546436","order_sn":"2018052513330150974","price":108}

2018-05-25 13:34:05 {"merchant_id":"1499456762","key":"","authCode":"134567224594570499","order_sn":"2018052513340527353","price":128}

2018-05-25 13:44:13 {"merchant_id":"1499456762","key":"","authCode":"135401262619577029","order_sn":"2018052513441322580","price":15}

2018-05-25 13:52:58 {"merchant_id":"1499456762","key":"","authCode":"134857465669199248","order_sn":"2018052513525861551","price":6}

2018-05-25 14:05:14 {"merchant_id":"1499456762","key":"","authCode":"134755354084784698","order_sn":"2018052514051426601","price":198}

2018-05-25 14:11:43 {"merchant_id":"1499456762","key":"","authCode":"134716533077989712","order_sn":"2018052514114356094","price":34}

2018-05-25 14:24:14 {"merchant_id":"1499456762","key":"","authCode":"134714356645584088","order_sn":"2018052514241434805","price":20}

2018-05-25 14:25:38 {"merchant_id":"1499456762","key":"","authCode":"134614450162251027","order_sn":"2018052514253843926","price":338}

2018-05-25 14:26:50 {"merchant_id":"1499456762","key":"","authCode":"134671559445097139","order_sn":"2018052514265033477","price":34}

2018-05-25 14:27:55 {"merchant_id":"1499456762","key":"","authCode":"134613408271719438","order_sn":"2018052514275540209","price":10}

2018-05-25 14:54:43 {"merchant_id":"1490350062","key":"","authCode":"134549453682685505","order_sn":"2018052514544362152","price":200}

2018-05-25 14:59:20 {"merchant_id":"1499456762","key":"","authCode":"134701612272100498","order_sn":"2018052514592092245","price":20}

2018-05-25 15:04:02 {"merchant_id":"1499456762","key":"","authCode":"134528323585603719","order_sn":"2018052515040184093","price":25}

2018-05-25 15:09:08 {"merchant_id":"1499456762","key":"","authCode":"134600066692118290","order_sn":"2018052515090866497","price":21}

2018-05-25 15:14:00 {"merchant_id":"1499456762","key":"","authCode":"134560802440087028","order_sn":"2018052515140066106","price":23}

2018-05-25 15:28:49 {"merchant_id":"1499456762","key":"","authCode":"134580532570271436","order_sn":"2018052515284969483","price":35}

2018-05-25 15:32:42 {"merchant_id":"1499456762","key":"","authCode":"134514141768740789","order_sn":"2018052515324289385","price":5}

2018-05-25 15:38:45 {"merchant_id":"1499456762","key":"","authCode":"134625636871583872","order_sn":"2018052515384546706","price":59}

2018-05-25 15:39:32 {"merchant_id":"1499456762","key":"","authCode":"134665247306253506","order_sn":"2018052515393280281","price":18}

2018-05-25 15:44:54 {"merchant_id":"1499456762","key":"","authCode":"135220555077550748","order_sn":"2018052515445444755","price":22}

2018-05-25 15:53:25 {"merchant_id":"1499456762","key":"","authCode":"134651751693139979","order_sn":"2018052515532440850","price":5}

2018-05-25 15:54:20 {"merchant_id":"1499456762","key":"","authCode":"134515348608091577","order_sn":"2018052515542062430","price":10}

2018-05-25 15:58:09 {"merchant_id":"1499456762","key":"","authCode":"134738178440343905","order_sn":"2018052515580939886","price":6}

2018-05-25 15:58:23 {"merchant_id":"1499456762","key":"","authCode":"134841082725733500","order_sn":"2018052515582342896","price":198}

2018-05-25 15:59:56 {"merchant_id":"1499456762","key":"","authCode":"134612356365817434","order_sn":"2018052515595649416","price":46.5}

2018-05-25 16:01:07 {"merchant_id":"2088822285099072","key":"201710BBaa55e11a995b41488709d94fe3bfbX07","authCode":"284226922599380404","order_sn":"2018052516010776919","price":100}

2018-05-25 16:01:07 {"app_id":"2017071207730667","method":"alipay.trade.pay","charset":"utf-8","sign_type":"RSA","app_auth_token":"201710BBaa55e11a995b41488709d94fe3bfbX07","timestamp":"2018-05-25 16:01:07","version":"1.0","biz_content":"{\"out_trade_no\":\"2018052516010776919\",\"scene\":\"bar_code\",\"auth_code\":\"284226922599380404\",\"subject\":\"\\u8ba2\\u5355\\u53f7:2018052516010776919\",\"seller_id\":\"2088822285099072\",\"total_amount\":100,\"extend_params\":{\"sys_service_provider_id\":\"2088721521881652\"}}","sign":"kpxqz78FRQLYGWBcnrAzoZ8e2ovjUYHO2PyjFNmT\/pl9EMkrS6Y+BKK6JulZ7GT7RknHL5PxvH1vTdZt8xy7hihPCCUjb0h5RxEYuDhn8EJH6pppkFavgqzpFmy2GicwAs7v+H6Aumi7dMGxmGYB8cDt7RpQ4jEK8\/ypeJj3eG0="}

2018-05-25 16:01:08 {"alipay_trade_pay_response":{"code":"10000","msg":"Success","buyer_logon_id":"151****1555","buyer_pay_amount":"100.00","buyer_user_id":"2088032311820758","fund_bill_list":[{"amount":"100.00","fund_channel":"ALIPAYACCOUNT"}],"gmt_payment":"2018-05-25 16:01:08","invoice_amount":"100.00","out_trade_no":"2018052516010776919","point_amount":"0.00","receipt_amount":"100.00","total_amount":"100.00","trade_no":"2018052521001004750235679343"},"sign":"oCms2VpWSong+jFPmPKEhgKqcshb/qAbE8ugdQ3cP1W7lC7QncAbynen2t2tYNf09tVj2hf5PiPQcNf0aWFCrMdN6/calGNV09n87tlq1dI/53PQ39xmL/tBYMDHWlaovuZdlPQaYkBbUOgmvjmHJdxcE75IqMsY1y3wEeqjrgg="}

2018-05-25 16:02:52 {"merchant_id":"1499456762","key":"","authCode":"134656193729590018","order_sn":"2018052516025240072","price":9}

2018-05-25 16:06:44 {"merchant_id":"1499456762","key":"","authCode":"134548559738355464","order_sn":"2018052516064481640","price":15}

2018-05-25 16:10:00 {"merchant_id":"1499456762","key":"","authCode":"134578557224916020","order_sn":"2018052516095999526","price":15}

2018-05-25 16:21:17 {"merchant_id":"1499456762","key":"","authCode":"135013783491886530","order_sn":"2018052516211738198","price":8}

2018-05-25 16:23:33 {"merchant_id":"1499456762","key":"","authCode":"135542933184846117","order_sn":"2018052516233394908","price":44}

2018-05-25 16:28:33 {"merchant_id":"1499456762","key":"","authCode":"134654535357078243","order_sn":"2018052516283365162","price":15}

2018-05-25 16:33:51 {"merchant_id":"1499456762","key":"","authCode":"134835194163877159","order_sn":"2018052516335138062","price":12}

2018-05-25 16:34:58 {"merchant_id":"1499456762","key":"","authCode":"135012600817812012","order_sn":"2018052516345889356","price":128}

2018-05-25 16:42:04 {"merchant_id":"1499456762","key":"","authCode":"135813466995122704","order_sn":"2018052516420410259","price":31}

2018-05-25 16:42:52 {"merchant_id":"1499456762","key":"","authCode":"135368613214773259","order_sn":"2018052516425232356","price":30}

2018-05-25 16:47:38 {"merchant_id":"1499456762","key":"","authCode":"134836959042232095","order_sn":"2018052516473813882","price":108}

2018-05-25 16:48:26 {"merchant_id":"1499456762","key":"","authCode":"134865548845152798","order_sn":"2018052516482655882","price":28}

2018-05-25 16:49:18 {"merchant_id":"1499456762","key":"","authCode":"135051628136872233","order_sn":"2018052516491882946","price":18.5}

2018-05-25 16:55:41 {"merchant_id":"1499456762","key":"","authCode":"134692487665451714","order_sn":"2018052516554139871","price":29.2}

2018-05-25 17:02:17 {"merchant_id":"1499456762","key":"","authCode":"134746687717174547","order_sn":"2018052517021746733","price":15}

2018-05-25 17:04:54 {"merchant_id":"1499456762","key":"","authCode":"135506675258470564","order_sn":"2018052517045438000","price":60}

2018-05-25 17:06:40 {"merchant_id":"1499456762","key":"","authCode":"135190052542662113","order_sn":"2018052517064031639","price":10}

2018-05-25 17:07:32 {"merchant_id":"1499456762","key":"","authCode":"134900382382450363","order_sn":"2018052517073239610","price":5}

2018-05-25 17:19:17 {"merchant_id":"1493159782","key":"","authCode":"135357649460562640","order_sn":"2018052517191722274","price":300}

2018-05-25 17:26:03 {"merchant_id":"1499456762","key":"","authCode":"134700684176987772","order_sn":"2018052517260361145","price":16}

2018-05-25 17:31:37 {"merchant_id":"1499456762","key":"","authCode":"134826209616597991","order_sn":"2018052517313785907","price":140}

2018-05-25 17:32:17 {"merchant_id":"1499456762","key":"","authCode":"134992161144503592","order_sn":"2018052517321727517","price":200}

2018-05-25 17:33:12 {"merchant_id":"1499456762","key":"","authCode":"134685509216848499","order_sn":"2018052517331191226","price":46}

2018-05-25 17:38:03 {"merchant_id":"1499456762","key":"","authCode":"134631628773201570","order_sn":"2018052517380367040","price":15}

2018-05-25 17:40:33 {"merchant_id":"1499456762","key":"","authCode":"134822611015547358","order_sn":"2018052517403341724","price":14}

2018-05-25 17:42:10 {"merchant_id":"1499456762","key":"","authCode":"134622910360410595","order_sn":"2018052517421034393","price":15}

2018-05-25 17:42:51 {"merchant_id":"1499456762","key":"","authCode":"134688174364669683","order_sn":"2018052517425187467","price":48}

2018-05-25 17:46:15 {"merchant_id":"1499456762","key":"","authCode":"134819255844413612","order_sn":"2018052517461575727","price":15}

2018-05-25 17:47:46 {"merchant_id":"1499456762","key":"","authCode":"134971504658263205","order_sn":"2018052517474666970","price":29.5}

2018-05-25 17:49:30 {"merchant_id":"1499456762","key":"","authCode":"134694293018218609","order_sn":"2018052517493049555","price":43}

2018-05-25 17:59:23 {"merchant_id":"1499456762","key":"","authCode":"134706718229021816","order_sn":"2018052517592330041","price":200}

2018-05-25 18:05:49 {"merchant_id":"1499456762","key":"","authCode":"134611301931359797","order_sn":"2018052518054946281","price":30}

2018-05-25 18:11:27 {"merchant_id":"1499456762","key":"","authCode":"134639955466550781","order_sn":"2018052518112757920","price":47}

2018-05-25 18:18:22 {"merchant_id":"1499456762","key":"","authCode":"134651139567547827","order_sn":"2018052518182294565","price":33}

2018-05-25 18:20:23 {"merchant_id":"1499456762","key":"","authCode":"134523141056340577","order_sn":"2018052518202326453","price":13}

2018-05-25 18:21:22 {"merchant_id":"1499456762","key":"","authCode":"134504820936742229","order_sn":"2018052518212219682","price":13}

2018-05-25 18:28:50 {"merchant_id":"1493159782","key":"","authCode":"134592656691708530","order_sn":"2018052518285031435","price":3000}

2018-05-25 18:35:24 {"merchant_id":"1499456762","key":"","authCode":"134526242865278206","order_sn":"2018052518352438953","price":20}

2018-05-25 18:42:23 {"merchant_id":"1499456762","key":"","authCode":"134717388158013015","order_sn":"2018052518422373574","price":31}

2018-05-25 18:45:48 {"merchant_id":"1499456762","key":"","authCode":"134810741422705887","order_sn":"2018052518454878870","price":338}

2018-05-25 18:46:06 {"merchant_id":"1499456762","key":"","authCode":"134944184016013770","order_sn":"2018052518460658322","price":500}

2018-05-25 18:49:21 {"merchant_id":"1499456762","key":"","authCode":"134830054457823085","order_sn":"2018052518492163293","price":8}

2018-05-25 18:50:28 {"merchant_id":"1499456762","key":"","authCode":"134738784541305390","order_sn":"2018052518502873161","price":29}

2018-05-25 18:50:52 {"merchant_id":"1499456762","key":"","authCode":"134507249566219266","order_sn":"2018052518505246476","price":11}

2018-05-25 19:00:25 {"merchant_id":"1490350062","key":"","authCode":"134648969005626534","order_sn":"2018052519002567274","price":100}

2018-05-25 19:03:02 {"merchant_id":"1499456762","key":"","authCode":"135482304624340573","order_sn":"2018052519030269640","price":10}

2018-05-25 19:05:33 {"merchant_id":"1499456762","key":"","authCode":"134672197468385617","order_sn":"2018052519053314981","price":41.5}

2018-05-25 19:11:15 {"merchant_id":"1499456762","key":"","authCode":"134621915430542790","order_sn":"2018052519111532136","price":51}

2018-05-25 19:13:49 {"merchant_id":"1499456762","key":"","authCode":"134569923156510029","order_sn":"2018052519134959859","price":27}

2018-05-25 19:39:09 {"merchant_id":"1499456762","key":"","authCode":"134670329761728778","order_sn":"2018052519390993017","price":51}

2018-05-25 19:45:14 {"merchant_id":"1490350062","key":"","authCode":"134664674621082826","order_sn":"2018052519451419750","price":200}

2018-05-25 19:46:56 {"merchant_id":"1499456762","key":"","authCode":"134907039341941905","order_sn":"2018052519465667575","price":20}

2018-05-25 19:49:55 {"merchant_id":"1499456762","key":"","authCode":"134575487502928459","order_sn":"2018052519495575691","price":15}

2018-05-25 19:55:47 {"merchant_id":"1499456762","key":"","authCode":"134626122261554473","order_sn":"2018052519554784944","price":300}

2018-05-25 20:03:54 {"merchant_id":"1499456762","key":"","authCode":"134898791797246261","order_sn":"2018052520035473464","price":20}

2018-05-25 20:05:19 {"merchant_id":"1499456762","key":"","authCode":"134536709075844342","order_sn":"2018052520051934667","price":14}

2018-05-25 20:07:47 {"merchant_id":"1499456762","key":"","authCode":"135009167413030275","order_sn":"2018052520074770054","price":21}

2018-05-25 20:10:04 {"merchant_id":"1499456762","key":"","authCode":"135237408080092455","order_sn":"2018052520100447019","price":24}

2018-05-25 20:16:09 {"merchant_id":"1499456762","key":"","authCode":"134745726081003910","order_sn":"2018052520160968634","price":53}

2018-05-25 20:20:04 {"merchant_id":"1499456762","key":"","authCode":"134623201124786727","order_sn":"2018052520200480740","price":30}

2018-05-25 20:21:02 {"merchant_id":"1499456762","key":"","authCode":"134518175618132163","order_sn":"2018052520210228396","price":6}

2018-05-25 20:26:01 {"merchant_id":"1499456762","key":"","authCode":"134611971903503788","order_sn":"2018052520260148525","price":28}

2018-05-25 20:29:08 {"merchant_id":"1499456762","key":"","authCode":"134927282311227260","order_sn":"2018052520290760344","price":15}

2018-05-25 20:39:27 {"merchant_id":"1499456762","key":"","authCode":"134601632373269342","order_sn":"2018052520392793327","price":8}

2018-05-25 20:39:52 {"merchant_id":"1499456762","key":"","authCode":"134611381988140367","order_sn":"2018052520395283917","price":24}

2018-05-25 20:40:24 {"merchant_id":"1499456762","key":"","authCode":"135112551019769650","order_sn":"2018052520402484097","price":7}

2018-05-25 20:41:56 {"merchant_id":"1499456762","key":"","authCode":"134507326935936808","order_sn":"2018052520415688107","price":23.5}

2018-05-25 20:44:49 {"merchant_id":"1499456762","key":"","authCode":"134627501314853268","order_sn":"2018052520444963639","price":12}

2018-05-25 20:45:28 {"merchant_id":"1499456762","key":"","authCode":"134626196196555502","order_sn":"2018052520452882372","price":9}

2018-05-25 20:47:26 {"merchant_id":"1499456762","key":"","authCode":"134674051995783395","order_sn":"2018052520472637469","price":14}

2018-05-25 20:47:49 {"merchant_id":"1499456762","key":"","authCode":"135018100692934484","order_sn":"2018052520474942738","price":30.5}

2018-05-25 20:49:57 {"merchant_id":"1499456762","key":"","authCode":"135431574616976584","order_sn":"2018052520495772765","price":32}

2018-05-25 20:51:50 {"merchant_id":"1499456762","key":"","authCode":"134744789316849339","order_sn":"2018052520515025127","price":37}

2018-05-25 20:54:32 {"merchant_id":"1490350062","key":"","authCode":"134902283153797627","order_sn":"2018052520543276245","price":100}

2018-05-25 21:04:50 {"merchant_id":"1499456762","key":"","authCode":"134583535002541856","order_sn":"2018052521045037412","price":12}

2018-05-25 21:05:35 {"merchant_id":"1499456762","key":"","authCode":"134614520232524702","order_sn":"2018052521053531029","price":28}

2018-05-25 21:05:59 {"merchant_id":"1499456762","key":"","authCode":"134514263838320872","order_sn":"2018052521055995439","price":8.5}

2018-05-25 21:12:51 {"merchant_id":"1499456762","key":"","authCode":"134706981202324665","order_sn":"2018052521125040762","price":20}

2018-05-25 21:15:59 {"merchant_id":"1499456762","key":"","authCode":"134655477645013641","order_sn":"2018052521155972842","price":7}

2018-05-25 21:20:26 {"merchant_id":"1499456762","key":"","authCode":"134634829541395358","order_sn":"2018052521202674016","price":7}

2018-05-25 21:33:46 {"merchant_id":"1499456762","key":"","authCode":"134542600194369217","order_sn":"2018052521334677778","price":7}

2018-05-25 21:41:07 {"merchant_id":"1499456762","key":"","authCode":"134906790457712378","order_sn":"2018052521410750114","price":30}

2018-05-25 21:44:09 {"merchant_id":"1499456762","key":"","authCode":"134785053305271723","order_sn":"2018052521440964202","price":22}

2018-05-25 21:44:33 {"merchant_id":"1499456762","key":"","authCode":"134681122413181168","order_sn":"2018052521443380821","price":15}

2018-05-25 21:46:49 {"merchant_id":"1499456762","key":"","authCode":"134828398081943739","order_sn":"2018052521464986296","price":19.2}

2018-05-25 22:37:56 {"merchant_id":"1490350062","key":"","authCode":"134683139013121188","order_sn":"2018052522375628301","price":100}

2018-05-25 22:48:01 {"merchant_id":"1493159782","key":"","authCode":"134520464480197215","order_sn":"2018052522480132426","price":500}

