2018-05-14 01:06:26 {"merchant_id":"1493159782","key":"","authCode":"134705877540631817","order_sn":"2018051401062687282","price":300}

2018-05-14 02:38:00 {"merchant_id":"1490350062","key":"","authCode":"134841029586496511","order_sn":"2018051402380082902","price":500}

2018-05-14 05:28:39 {"merchant_id":"1493159782","key":"","authCode":"134764089508593974","order_sn":"2018051405283942684","price":100}

2018-05-14 05:46:36 {"merchant_id":"1490350062","key":"","authCode":"134570954484899673","order_sn":"2018051405463647177","price":300}

2018-05-14 07:45:22 {"merchant_id":"1499456762","key":"","authCode":"134634388740286486","order_sn":"2018051407452295459","price":6}

2018-05-14 07:58:54 {"merchant_id":"1499456762","key":"","authCode":"134642443089376814","order_sn":"2018051407585424634","price":8}

2018-05-14 08:04:52 {"merchant_id":"1499456762","key":"","authCode":"134602634073228120","order_sn":"2018051408045257849","price":17}

2018-05-14 08:11:09 {"merchant_id":"1499456762","key":"","authCode":"134722353241010154","order_sn":"2018051408110855353","price":16}

2018-05-14 08:17:40 {"merchant_id":"1499456762","key":"","authCode":"134689449191792008","order_sn":"2018051408173989904","price":6}

2018-05-14 08:21:26 {"merchant_id":"1499456762","key":"","authCode":"134783009355642287","order_sn":"2018051408212643261","price":9}

2018-05-14 09:31:40 {"merchant_id":"1490350062","key":"","authCode":"134686479608508166","order_sn":"2018051409314091570","price":200}

2018-05-14 09:32:03 {"merchant_id":"1490350062","key":"","authCode":"134766001967115269","order_sn":"2018051409320374052","price":100}

2018-05-14 09:42:14 {"merchant_id":"1499456762","key":"","authCode":"134603485797871382","order_sn":"2018051409421410459","price":0.5}

2018-05-14 09:45:34 {"merchant_id":"1499456762","key":"","authCode":"134582872776112810","order_sn":"2018051409453471023","price":5.5}

2018-05-14 10:36:42 {"merchant_id":"1499456762","key":"","authCode":"134550679508047537","order_sn":"2018051410364266741","price":23}

2018-05-14 10:56:01 {"merchant_id":"1499456762","key":"","authCode":"134574680146407320","order_sn":"2018051410560191321","price":17}

2018-05-14 11:06:29 {"merchant_id":"1490350062","key":"","authCode":"135191792516325559","order_sn":"2018051411062994031","price":300}

2018-05-14 11:21:04 {"merchant_id":"1499456762","key":"","authCode":"134529538929739247","order_sn":"2018051411210419417","price":16}

2018-05-14 11:27:20 {"merchant_id":"1499456762","key":"","authCode":"135056116718437672","order_sn":"2018051411272071941","price":36}

2018-05-14 12:33:50 {"merchant_id":"1499456762","key":"","authCode":"134688331012360682","order_sn":"2018051412335024570","price":8}

2018-05-14 12:35:26 {"merchant_id":"1499456762","key":"","authCode":"134836065111435431","order_sn":"2018051412352629445","price":12}

2018-05-14 12:39:30 {"merchant_id":"1499456762","key":"","authCode":"135447201851667557","order_sn":"2018051412393076187","price":5}

2018-05-14 12:52:44 {"merchant_id":"1499456762","key":"","authCode":"134533166021228048","order_sn":"2018051412524467473","price":8}

2018-05-14 12:58:24 {"merchant_id":"1499456762","key":"","authCode":"134580719021381339","order_sn":"2018051412582498264","price":15}

2018-05-14 12:58:38 {"merchant_id":"1490350062","key":"","authCode":"134887021759093738","order_sn":"2018051412583822616","price":300}

2018-05-14 13:11:41 {"merchant_id":"1490350062","key":"","authCode":"134650497985766964","order_sn":"2018051413114123987","price":200}

2018-05-14 13:24:55 {"merchant_id":"1499456762","key":"","authCode":"134506405030490036","order_sn":"2018051413245591012","price":9}

2018-05-14 13:54:41 {"merchant_id":"1499456762","key":"","authCode":"134743896334295144","order_sn":"2018051413544110476","price":13}

2018-05-14 14:02:01 {"merchant_id":"1490350062","key":"","authCode":"134898738407174166","order_sn":"2018051414020178440","price":200}

2018-05-14 14:03:03 {"merchant_id":"1490350062","key":"","authCode":"134759743430151213","order_sn":"2018051414030341548","price":120}

2018-05-14 14:18:08 {"merchant_id":"1499456762","key":"","authCode":"135199352338892216","order_sn":"2018051414180879097","price":22}

2018-05-14 14:19:05 {"merchant_id":"1493159782","key":"","authCode":"135054891723219991","order_sn":"2018051414190435142","price":128}

2018-05-14 14:23:52 {"merchant_id":"1499456762","key":"","authCode":"134711411731761932","order_sn":"2018051414235110539","price":1}

2018-05-14 14:29:46 {"merchant_id":"1499456762","key":"","authCode":"134720043287186630","order_sn":"2018051414294640878","price":8}

2018-05-14 14:29:56 {"merchant_id":"1499456762","key":"","authCode":"134878481650589764","order_sn":"2018051414295630121","price":25}

2018-05-14 14:40:27 {"merchant_id":"1499456762","key":"","authCode":"134600448934326391","order_sn":"2018051414402749168","price":15.5}

2018-05-14 14:44:51 {"merchant_id":"2088822285099072","key":"201710BBaa55e11a995b41488709d94fe3bfbX07","authCode":"286550454823513857","order_sn":"2018051414445146535","price":300}

2018-05-14 14:44:51 {"app_id":"2017071207730667","method":"alipay.trade.pay","charset":"utf-8","sign_type":"RSA","app_auth_token":"201710BBaa55e11a995b41488709d94fe3bfbX07","timestamp":"2018-05-14 14:44:51","version":"1.0","biz_content":"{\"out_trade_no\":\"2018051414445146535\",\"scene\":\"bar_code\",\"auth_code\":\"286550454823513857\",\"subject\":\"\\u8ba2\\u5355\\u53f7:2018051414445146535\",\"seller_id\":\"2088822285099072\",\"total_amount\":300,\"extend_params\":{\"sys_service_provider_id\":\"2088721521881652\"}}","sign":"K5TNPJEYCQnbsNevuGK5eDBcnZcfu3L0oZxyjWilzfjBbmvQzslCg9bTZrOtFg5XOFr6DQI8PFSV1yrRoDwCeX+x1qQLzMWRyhrQWXZ3G97lzEuEIa4zVGKmWM71vva3qKDn3ndhMEihXhCzOfg5wVcQLU\/Y4flVMH\/MxjQOZYI="}

2018-05-14 14:44:52 {"alipay_trade_pay_response":{"code":"10000","msg":"Success","buyer_logon_id":"151****1555","buyer_pay_amount":"300.00","buyer_user_id":"2088032311820758","fund_bill_list":[{"amount":"300.00","fund_channel":"ALIPAYACCOUNT"}],"gmt_payment":"2018-05-14 14:44:52","invoice_amount":"300.00","out_trade_no":"2018051414445146535","point_amount":"0.00","receipt_amount":"300.00","total_amount":"300.00","trade_no":"2018051421001004750531417548"},"sign":"VNE7Fi/bPODhrIKAuJq6gb6ZK0Y/tdSFSPCLPCgWn43TYJtL8LyIAkjA3RAAk1LUJkeJygE0TNwDTK0Ry+KjrwOrIz1ePoM2mKjjBWKYUkT4emcXo+K0KxOxBUAgDRHj/7qhXiruj0JWzdTWBc57fJM1kf2lD+gHv47bib8ttJY="}

2018-05-14 15:27:12 {"merchant_id":"1499456762","key":"","authCode":"135401970165286352","order_sn":"2018051415271274951","price":9}

2018-05-14 15:29:45 {"merchant_id":"1499456762","key":"","authCode":"135199657751783761","order_sn":"2018051415294586266","price":8}

2018-05-14 15:32:02 {"merchant_id":"1499456762","key":"","authCode":"134767375203035804","order_sn":"2018051415320248453","price":10}

2018-05-14 15:35:59 {"merchant_id":"1499456762","key":"","authCode":"134637894015768080","order_sn":"2018051415355939018","price":118}

2018-05-14 16:01:36 {"merchant_id":"1490350062","key":"","authCode":"135320708872906597","order_sn":"2018051416013638581","price":2000}

2018-05-14 16:07:00 {"merchant_id":"1499456762","key":"","authCode":"134725523085994883","order_sn":"2018051416070031256","price":27}

2018-05-14 16:10:20 {"merchant_id":"1499456762","key":"","authCode":"134619430611960359","order_sn":"2018051416102050249","price":8}

2018-05-14 16:16:12 {"merchant_id":"1499456762","key":"","authCode":"134985912444272337","order_sn":"2018051416161241228","price":33}

2018-05-14 16:26:47 {"merchant_id":"1499456762","key":"","authCode":"134608164375819986","order_sn":"2018051416264777699","price":43}

2018-05-14 16:28:50 {"merchant_id":"1499456762","key":"","authCode":"135050521743692449","order_sn":"2018051416285067253","price":31}

2018-05-14 16:29:48 {"merchant_id":"1499456762","key":"","authCode":"135022390806321829","order_sn":"2018051416294814238","price":29}

2018-05-14 16:37:55 {"merchant_id":"1499456762","key":"","authCode":"134678641158234474","order_sn":"2018051416375576607","price":17}

2018-05-14 16:38:19 {"merchant_id":"1499456762","key":"","authCode":"134658674057542313","order_sn":"2018051416381899491","price":173}

2018-05-14 16:38:42 {"merchant_id":"1499456762","key":"","authCode":"134803382430131036","order_sn":"2018051416384225785","price":21}

2018-05-14 16:38:44 {"merchant_id":"1499456762","key":"","authCode":"134627194762962908","order_sn":"2018051416384424022","price":2}

2018-05-14 16:42:57 {"merchant_id":"1499456762","key":"","authCode":"135121893281585567","order_sn":"2018051416425766670","price":16}

2018-05-14 16:43:47 {"merchant_id":"1499456762","key":"","authCode":"134877006530121473","order_sn":"2018051416434754377","price":38}

2018-05-14 16:44:29 {"merchant_id":"1499456762","key":"","authCode":"135253949180746960","order_sn":"2018051416442948055","price":13}

2018-05-14 16:50:53 {"merchant_id":"1499456762","key":"","authCode":"135329104537027164","order_sn":"2018051416505289197","price":12}

2018-05-14 16:51:13 {"merchant_id":"1499456762","key":"","authCode":"135170913188925893","order_sn":"2018051416511317195","price":14}

2018-05-14 16:52:01 {"merchant_id":"1499456762","key":"","authCode":"134779788001796007","order_sn":"2018051416520177807","price":42}

2018-05-14 16:53:46 {"merchant_id":"1499456762","key":"","authCode":"134617965545954758","order_sn":"2018051416534637706","price":128}

2018-05-14 16:56:05 {"merchant_id":"1499456762","key":"","authCode":"134739504571092521","order_sn":"2018051416560518804","price":8}

2018-05-14 16:57:03 {"merchant_id":"1490350062","key":"","authCode":"135525592785580865","order_sn":"2018051416570399625","price":300}

2018-05-14 16:57:55 {"merchant_id":"1499456762","key":"","authCode":"134839811484765186","order_sn":"2018051416575564650","price":28}

2018-05-14 17:03:21 {"merchant_id":"1499456762","key":"","authCode":"135133975817702127","order_sn":"2018051417032165164","price":9}

2018-05-14 17:04:35 {"merchant_id":"1499456762","key":"","authCode":"134713834405066299","order_sn":"2018051417043545157","price":18}

2018-05-14 17:05:07 {"merchant_id":"1499456762","key":"","authCode":"134748543601277101","order_sn":"2018051417050724155","price":2}

2018-05-14 17:07:20 {"merchant_id":"1499456762","key":"","authCode":"134856093914561814","order_sn":"2018051417072029949","price":26}

2018-05-14 17:12:02 {"merchant_id":"1499456762","key":"","authCode":"135412056854055899","order_sn":"2018051417120279299","price":15}

2018-05-14 17:30:20 {"merchant_id":"1499456762","key":"","authCode":"134705313387271994","order_sn":"2018051417302064459","price":24.5}

2018-05-14 17:33:13 {"merchant_id":"1499456762","key":"","authCode":"135135386355833181","order_sn":"2018051417331357032","price":15}

2018-05-14 17:34:20 {"merchant_id":"1499456762","key":"","authCode":"134691633519018237","order_sn":"2018051417342029611","price":53}

2018-05-14 17:38:33 {"merchant_id":"1499456762","key":"","authCode":"135183224256814373","order_sn":"2018051417383343469","price":20}

2018-05-14 17:39:46 {"merchant_id":"1499456762","key":"","authCode":"134643217072903904","order_sn":"2018051417394665524","price":20}

2018-05-14 17:42:11 {"merchant_id":"1499456762","key":"","authCode":"134523866021003803","order_sn":"2018051417421189811","price":45}

2018-05-14 17:43:14 {"merchant_id":"1490350062","key":"","authCode":"134750994756514208","order_sn":"2018051417431432693","price":300}

2018-05-14 17:44:18 {"merchant_id":"1499456762","key":"","authCode":"135169045824914354","order_sn":"2018051417441840319","price":12}

2018-05-14 17:44:46 {"merchant_id":"1499456762","key":"","authCode":"134539405317694875","order_sn":"2018051417444646508","price":200}

2018-05-14 17:45:01 {"merchant_id":"1499456762","key":"","authCode":"134617465252903445","order_sn":"2018051417450142819","price":30}

2018-05-14 17:45:18 {"merchant_id":"1499456762","key":"","authCode":"134736576364536695","order_sn":"2018051417451873592","price":50}

2018-05-14 17:52:36 {"merchant_id":"1499456762","key":"","authCode":"134646197126692719","order_sn":"2018051417523651370","price":7}

2018-05-14 18:01:04 {"merchant_id":"1499456762","key":"","authCode":"134766399755250455","order_sn":"2018051418010412853","price":30}

2018-05-14 18:13:17 {"merchant_id":"1499456762","key":"","authCode":"134576574245597266","order_sn":"2018051418131765776","price":26}

2018-05-14 18:23:25 {"merchant_id":"1499456762","key":"","authCode":"134748366750864529","order_sn":"2018051418232527637","price":20}

2018-05-14 18:24:41 {"merchant_id":"1499456762","key":"","authCode":"134634102816979767","order_sn":"2018051418244138500","price":10}

2018-05-14 18:25:21 {"merchant_id":"1499456762","key":"","authCode":"134690821632446583","order_sn":"2018051418252156633","price":25.5}

2018-05-14 18:41:53 {"merchant_id":"1499456762","key":"","authCode":"134684767594945225","order_sn":"2018051418415327950","price":12}

2018-05-14 18:45:21 {"merchant_id":"1499456762","key":"","authCode":"134783890713574140","order_sn":"2018051418452168165","price":15}

2018-05-14 18:46:12 {"merchant_id":"1499456762","key":"","authCode":"134705409884489261","order_sn":"2018051418461218365","price":27}

2018-05-14 19:23:19 {"merchant_id":"1499456762","key":"","authCode":"134592927607942243","order_sn":"2018051419231957263","price":25}

2018-05-14 19:24:34 {"merchant_id":"1499456762","key":"","authCode":"135064595195318975","order_sn":"2018051419243425282","price":8}

2018-05-14 19:26:12 {"merchant_id":"1499456762","key":"","authCode":"134537021028834375","order_sn":"2018051419261232849","price":6}

2018-05-14 19:29:55 {"merchant_id":"1499456762","key":"","authCode":"134880415896767468","order_sn":"2018051419295515784","price":31}

2018-05-14 19:35:12 {"merchant_id":"1499456762","key":"","authCode":"134810394838769686","order_sn":"2018051419351263628","price":30}

2018-05-14 19:48:24 {"merchant_id":"1499456762","key":"","authCode":"135177244536657041","order_sn":"2018051419482446964","price":43.5}

2018-05-14 19:48:41 {"merchant_id":"1499456762","key":"","authCode":"134811241973816942","order_sn":"2018051419484182419","price":11}

2018-05-14 19:53:19 {"merchant_id":"1499456762","key":"","authCode":"134511533679330271","order_sn":"2018051419531991133","price":16}

2018-05-14 20:02:00 {"merchant_id":"1499456762","key":"","authCode":"134754735684611510","order_sn":"2018051420020084547","price":7}

2018-05-14 20:04:51 {"merchant_id":"1499456762","key":"","authCode":"134595554851617555","order_sn":"2018051420045135476","price":33}

2018-05-14 20:09:54 {"merchant_id":"1499456762","key":"","authCode":"125010162950999963","order_sn":"2018051420095458329","price":28.4}

2018-05-14 20:10:43 {"merchant_id":"1499456762","key":"","authCode":"134584392151738493","order_sn":"2018051420104389748","price":38}

2018-05-14 20:11:31 {"merchant_id":"1493159782","key":"","authCode":"134618971621283950","order_sn":"2018051420113178902","price":200}

2018-05-14 20:11:59 {"merchant_id":"1499456762","key":"","authCode":"134778958500775237","order_sn":"2018051420115910674","price":13.5}

2018-05-14 20:14:34 {"merchant_id":"1499456762","key":"","authCode":"134724940771403223","order_sn":"2018051420143428549","price":55}

2018-05-14 20:14:56 {"merchant_id":"1499456762","key":"","authCode":"134598142208592907","order_sn":"2018051420145689200","price":38}

2018-05-14 20:18:20 {"merchant_id":"1499456762","key":"","authCode":"134724391567197110","order_sn":"2018051420182019560","price":16}

2018-05-14 20:20:37 {"merchant_id":"1499456762","key":"","authCode":"134672211527322039","order_sn":"2018051420203756173","price":9}

2018-05-14 20:28:08 {"merchant_id":"1499456762","key":"","authCode":"134911616659536521","order_sn":"2018051420280827265","price":22}

2018-05-14 20:32:06 {"merchant_id":"1499456762","key":"","authCode":"135002848781095454","order_sn":"2018051420320542021","price":5}

2018-05-14 20:33:21 {"merchant_id":"1499456762","key":"","authCode":"134594364881224846","order_sn":"2018051420332117350","price":7}

2018-05-14 20:33:33 {"merchant_id":"1499456762","key":"","authCode":"134927009268372700","order_sn":"2018051420333320192","price":21}

2018-05-14 21:09:32 {"merchant_id":"1499456762","key":"","authCode":"134511130372414505","order_sn":"2018051421093287257","price":25}

2018-05-14 21:11:51 {"merchant_id":"1499456762","key":"","authCode":"134571154988767945","order_sn":"2018051421115169511","price":36}

2018-05-14 21:14:51 {"merchant_id":"1499456762","key":"","authCode":"134554506891021726","order_sn":"2018051421145188523","price":40}

2018-05-14 21:20:40 {"merchant_id":"1499456762","key":"","authCode":"134584705804151488","order_sn":"2018051421204089456","price":37}

2018-05-14 21:34:00 {"merchant_id":"1499456762","key":"","authCode":"134528831532596974","order_sn":"2018051421340056236","price":6}

2018-05-14 21:45:12 {"merchant_id":"1499456762","key":"","authCode":"134929290985770458","order_sn":"2018051421451262733","price":7}

2018-05-14 21:59:48 {"merchant_id":"1490350062","key":"","authCode":"134657433255749542","order_sn":"2018051421594836295","price":100}

2018-05-14 22:20:05 {"merchant_id":"1490350062","key":"","authCode":"134922712636352165","order_sn":"2018051422200471359","price":3008}

2018-05-14 22:20:53 {"merchant_id":"1490350062","key":"","authCode":"134831190437412455","order_sn":"2018051422205342650","price":300}

2018-05-14 23:09:58 {"merchant_id":"1493159782","key":"","authCode":"134563529956254522","order_sn":"2018051423095814262","price":500}

