2018-05-22 00:00:18 {"merchant_id":"1490350062","key":"","authCode":"135078998630898022","order_sn":"2018052200001855405","price":400}

2018-05-22 00:52:49 {"merchant_id":"1490350062","key":"","authCode":"135598967671065149","order_sn":"2018052200524944319","price":25}

2018-05-22 02:49:16 {"merchant_id":"1490350062","key":"","authCode":"135073256816726163","order_sn":"2018052202491692963","price":300}

2018-05-22 05:25:18 {"merchant_id":"1490350062","key":"","authCode":"135240343568896004","order_sn":"2018052205251889714","price":25}

2018-05-22 08:27:35 {"merchant_id":"1499456762","key":"","authCode":"135022670152538233","order_sn":"2018052208273592161","price":6}

2018-05-22 09:05:32 {"merchant_id":"1493159782","key":"","authCode":"134537239667557701","order_sn":"2018052209053259832","price":200}

2018-05-22 09:12:45 {"merchant_id":"1490350062","key":"","authCode":"134529921628835868","order_sn":"2018052209124595100","price":300}

2018-05-22 09:18:04 {"merchant_id":"1499456762","key":"","authCode":"135001589167897522","order_sn":"2018052209180484252","price":9}

2018-05-22 09:32:05 {"merchant_id":"1499456762","key":"","authCode":"134644111882108269","order_sn":"2018052209320595884","price":6}

2018-05-22 09:35:35 {"merchant_id":"1499456762","key":"","authCode":"134511364010033382","order_sn":"2018052209353527812","price":128}

2018-05-22 10:01:03 {"merchant_id":"1499456762","key":"","authCode":"135555733785369126","order_sn":"2018052210010355945","price":12}

2018-05-22 10:04:11 {"merchant_id":"1499456762","key":"","authCode":"134645611657223582","order_sn":"2018052210041121957","price":21}

2018-05-22 10:08:21 {"merchant_id":"1499456762","key":"","authCode":"134970517879204395","order_sn":"2018052210082140336","price":8}

2018-05-22 10:10:32 {"merchant_id":"1499456762","key":"","authCode":"134807500885889427","order_sn":"2018052210103246209","price":15}

2018-05-22 10:35:11 {"merchant_id":"1499456762","key":"","authCode":"134693352715553400","order_sn":"2018052210351128254","price":11}

2018-05-22 10:40:43 {"merchant_id":"1490350062","key":"","authCode":"134933147564550684","order_sn":"2018052210404388864","price":300}

2018-05-22 10:46:22 {"merchant_id":"1499456762","key":"","authCode":"134706357064608657","order_sn":"2018052210462216835","price":200}

2018-05-22 10:47:16 {"merchant_id":"1490350062","key":"","authCode":"135328987462591273","order_sn":"2018052210471643248","price":3}

2018-05-22 10:48:44 {"merchant_id":"1499456762","key":"","authCode":"134936182064676553","order_sn":"2018052210484443399","price":200}

2018-05-22 10:50:14 {"merchant_id":"1490350062","key":"","authCode":"136014497458231331","order_sn":"2018052210501487353","price":18}

2018-05-22 10:56:39 {"merchant_id":"1490350062","key":"","authCode":"134634983326653867","order_sn":"2018052210563959316","price":118}

2018-05-22 11:00:46 {"merchant_id":"1499456762","key":"","authCode":"134900116108484709","order_sn":"2018052211004626252","price":31.5}

2018-05-22 11:01:44 {"merchant_id":"1499456762","key":"","authCode":"134583087734522625","order_sn":"2018052211014479049","price":29}

2018-05-22 11:03:17 {"merchant_id":"1499456762","key":"","authCode":"134525977258236018","order_sn":"2018052211031727113","price":31}

2018-05-22 11:17:37 {"merchant_id":"1499456762","key":"","authCode":"134664112993867505","order_sn":"2018052211173759901","price":300}

2018-05-22 11:28:50 {"merchant_id":"1499456762","key":"","authCode":"134605907164630358","order_sn":"2018052211285026613","price":20}

2018-05-22 11:30:58 {"merchant_id":"1499456762","key":"","authCode":"134612629292298926","order_sn":"2018052211305840135","price":25}

2018-05-22 11:56:02 {"merchant_id":"1499456762","key":"","authCode":"135198924435473119","order_sn":"2018052211560287405","price":56}

2018-05-22 12:12:13 {"merchant_id":"1499456762","key":"","authCode":"134639965471459990","order_sn":"2018052212121392661","price":15}

2018-05-22 12:16:26 {"merchant_id":"1499456762","key":"","authCode":"134747794358848575","order_sn":"2018052212162632635","price":11}

2018-05-22 12:21:10 {"merchant_id":"1499456762","key":"","authCode":"134570905986651463","order_sn":"2018052212211089257","price":24}

2018-05-22 12:44:09 {"merchant_id":"1493159782","key":"","authCode":"136266037805970117","order_sn":"2018052212440958775","price":200}

2018-05-22 12:45:01 {"merchant_id":"1499456762","key":"","authCode":"134648764044903888","order_sn":"2018052212450131965","price":11}

2018-05-22 12:51:54 {"merchant_id":"1499456762","key":"","authCode":"134512216722334114","order_sn":"2018052212515461600","price":40}

2018-05-22 13:02:14 {"merchant_id":"1499456762","key":"","authCode":"134554366579198269","order_sn":"2018052213021462658","price":38}

2018-05-22 13:04:50 {"merchant_id":"1499456762","key":"","authCode":"134616959326814230","order_sn":"2018052213045064146","price":13}

2018-05-22 13:09:58 {"merchant_id":"1490350062","key":"","authCode":"135174487403319451","order_sn":"2018052213095819807","price":200}

2018-05-22 13:29:07 {"merchant_id":"1490350062","key":"","authCode":"134630828322915246","order_sn":"2018052213290719503","price":15}

2018-05-22 13:32:48 {"merchant_id":"1490350062","key":"","authCode":"134685094208380080","order_sn":"2018052213324822518","price":200}

2018-05-22 13:37:23 {"merchant_id":"1499456762","key":"","authCode":"134748577227797195","order_sn":"2018052213372377403","price":23}

2018-05-22 13:38:44 {"merchant_id":"1499456762","key":"","authCode":"135457211518078989","order_sn":"2018052213384445589","price":30}

2018-05-22 13:41:29 {"merchant_id":"1499456762","key":"","authCode":"134697954281551353","order_sn":"2018052213412921785","price":39}

2018-05-22 13:58:10 {"merchant_id":"1499456762","key":"","authCode":"134591643170308345","order_sn":"2018052213581011559","price":15}

2018-05-22 14:02:44 {"merchant_id":"1493159782","key":"","authCode":"135144259439322812","order_sn":"2018052214024483271","price":200}

2018-05-22 14:12:11 {"merchant_id":"1499456762","key":"","authCode":"134779907993529961","order_sn":"2018052214121176306","price":22}

2018-05-22 14:14:38 {"merchant_id":"1490350062","key":"","authCode":"134619558349422797","order_sn":"2018052214143862342","price":200}

2018-05-22 14:15:42 {"merchant_id":"1499456762","key":"","authCode":"134565094597391921","order_sn":"2018052214154216450","price":1}

2018-05-22 14:16:36 {"merchant_id":"1499456762","key":"","authCode":"135335606121640691","order_sn":"2018052214163654292","price":11}

2018-05-22 14:28:50 {"merchant_id":"1499456762","key":"","authCode":"135054186172627203","order_sn":"2018052214285083907","price":8}

2018-05-22 14:29:12 {"merchant_id":"1499456762","key":"","authCode":"134508690454833312","order_sn":"2018052214291210336","price":27}

2018-05-22 14:29:29 {"merchant_id":"1499456762","key":"","authCode":"135041098799633526","order_sn":"2018052214292962278","price":15}

2018-05-22 14:34:56 {"merchant_id":"1499456762","key":"","authCode":"135118864308924503","order_sn":"2018052214345625761","price":20}

2018-05-22 14:38:59 {"merchant_id":"1499456762","key":"","authCode":"134546934102388735","order_sn":"2018052214385955244","price":16}

2018-05-22 14:49:13 {"merchant_id":"1499456762","key":"","authCode":"134913408807377809","order_sn":"2018052214491380293","price":51}

2018-05-22 14:52:30 {"merchant_id":"1499456762","key":"","authCode":"134736580801205201","order_sn":"2018052214523065807","price":200}

2018-05-22 14:53:58 {"merchant_id":"1499456762","key":"","authCode":"134588190031923848","order_sn":"2018052214535817998","price":15}

2018-05-22 15:30:15 {"merchant_id":"1499456762","key":"","authCode":"134878420604059804","order_sn":"2018052215301579020","price":27}

2018-05-22 15:37:43 {"merchant_id":"1499456762","key":"","authCode":"134880612980458246","order_sn":"2018052215374344811","price":24}

2018-05-22 15:40:02 {"merchant_id":"1499456762","key":"","authCode":"134604522934401652","order_sn":"2018052215400267321","price":30}

2018-05-22 15:52:29 {"merchant_id":"1499456762","key":"","authCode":"134828323778967390","order_sn":"2018052215522956608","price":29}

2018-05-22 16:06:37 {"merchant_id":"1499456762","key":"","authCode":"135201824541425285","order_sn":"2018052216063729779","price":28}

2018-05-22 16:16:18 {"merchant_id":"1499456762","key":"","authCode":"134634120169848681","order_sn":"2018052216161876069","price":21}

2018-05-22 16:17:08 {"merchant_id":"1499456762","key":"","authCode":"134772264485686294","order_sn":"2018052216170850543","price":15}

2018-05-22 16:41:05 {"merchant_id":"1499456762","key":"","authCode":"134970225763420786","order_sn":"2018052216410556932","price":22}

2018-05-22 16:41:25 {"merchant_id":"1499456762","key":"","authCode":"134667457560098074","order_sn":"2018052216412559878","price":23}

2018-05-22 16:46:31 {"merchant_id":"1499456762","key":"","authCode":"135346148530089478","order_sn":"2018052216463195426","price":19}

2018-05-22 16:48:23 {"merchant_id":"1499456762","key":"","authCode":"134528041530667202","order_sn":"2018052216482381964","price":32}

2018-05-22 16:53:24 {"merchant_id":"1499456762","key":"","authCode":"135127783817212452","order_sn":"2018052216532482692","price":43}

2018-05-22 16:55:02 {"merchant_id":"1499456762","key":"","authCode":"134921490901178264","order_sn":"2018052216550216398","price":12}

2018-05-22 16:56:23 {"merchant_id":"1499456762","key":"","authCode":"134931827812213139","order_sn":"2018052216562362806","price":20}

2018-05-22 17:00:26 {"merchant_id":"1499456762","key":"","authCode":"134646073272742613","order_sn":"2018052217002619585","price":200}

2018-05-22 17:00:38 {"merchant_id":"1499456762","key":"","authCode":"134602585725238956","order_sn":"2018052217003815208","price":15}

2018-05-22 17:04:37 {"merchant_id":"1499456762","key":"","authCode":"134580094510302040","order_sn":"2018052217043734138","price":24}

2018-05-22 17:08:46 {"merchant_id":"1499456762","key":"","authCode":"134803919847603775","order_sn":"2018052217084694054","price":38}

2018-05-22 17:08:57 {"merchant_id":"1499456762","key":"","authCode":"134620775918562366","order_sn":"2018052217085788373","price":21}

2018-05-22 17:09:29 {"merchant_id":"1499456762","key":"","authCode":"134632440767301980","order_sn":"2018052217092965755","price":20}

2018-05-22 17:12:45 {"merchant_id":"1499456762","key":"","authCode":"134527859150409365","order_sn":"2018052217124594890","price":25}

2018-05-22 17:13:28 {"merchant_id":"1499456762","key":"","authCode":"134615682275911293","order_sn":"2018052217132833657","price":20}

2018-05-22 17:13:45 {"merchant_id":"1499456762","key":"","authCode":"134687390243721319","order_sn":"2018052217134527549","price":17}

2018-05-22 17:16:32 {"merchant_id":"1499456762","key":"","authCode":"135020481283998467","order_sn":"2018052217163220558","price":24}

2018-05-22 17:16:50 {"merchant_id":"1499456762","key":"","authCode":"134725887799436400","order_sn":"2018052217165090833","price":15}

2018-05-22 17:17:23 {"merchant_id":"1499456762","key":"","authCode":"134646673874549949","order_sn":"2018052217172313452","price":45}

2018-05-22 17:18:03 {"merchant_id":"1499456762","key":"","authCode":"134784918097100768","order_sn":"2018052217180336421","price":45}

2018-05-22 17:22:49 {"merchant_id":"1499456762","key":"","authCode":"134547784349343844","order_sn":"2018052217224975369","price":130}

2018-05-22 17:23:46 {"merchant_id":"1499456762","key":"","authCode":"134551818102302852","order_sn":"2018052217234657435","price":7}

2018-05-22 17:27:53 {"merchant_id":"1499456762","key":"","authCode":"134873151262722015","order_sn":"2018052217275320264","price":8}

2018-05-22 17:29:39 {"merchant_id":"1499456762","key":"","authCode":"134588048569309990","order_sn":"2018052217293942479","price":48}

2018-05-22 17:30:52 {"merchant_id":"1499456762","key":"","authCode":"134545078144245426","order_sn":"2018052217305280366","price":10}

2018-05-22 17:31:07 {"merchant_id":"1499456762","key":"","authCode":"134507074499839809","order_sn":"2018052217310728817","price":6}

2018-05-22 17:35:17 {"merchant_id":"1499456762","key":"","authCode":"134622357757036153","order_sn":"2018052217351745502","price":24.5}

2018-05-22 17:35:42 {"merchant_id":"1499456762","key":"","authCode":"134509401325618294","order_sn":"2018052217354242209","price":200}

2018-05-22 17:39:39 {"merchant_id":"1499456762","key":"","authCode":"134928317129352326","order_sn":"2018052217393982904","price":80.5}

2018-05-22 17:45:22 {"merchant_id":"1499456762","key":"","authCode":"134824390747149855","order_sn":"2018052217452215197","price":45}

2018-05-22 17:49:21 {"merchant_id":"1499456762","key":"","authCode":"134786289583376546","order_sn":"2018052217492141731","price":9}

2018-05-22 17:51:38 {"merchant_id":"1499456762","key":"","authCode":"135505904674859052","order_sn":"2018052217513885115","price":28}

2018-05-22 17:57:49 {"merchant_id":"1499456762","key":"","authCode":"134635192735815353","order_sn":"2018052217574991175","price":28}

2018-05-22 18:08:08 {"merchant_id":"1499456762","key":"","authCode":"134728210808166726","order_sn":"2018052218080865465","price":14}

2018-05-22 18:08:19 {"merchant_id":"1499456762","key":"","authCode":"134619936717582696","order_sn":"2018052218081995268","price":8}

2018-05-22 18:09:15 {"merchant_id":"1499456762","key":"","authCode":"135331364196538120","order_sn":"2018052218091518250","price":11}

2018-05-22 18:11:09 {"merchant_id":"1499456762","key":"","authCode":"134644279903850376","order_sn":"2018052218110930173","price":29}

2018-05-22 18:11:34 {"merchant_id":"1499456762","key":"","authCode":"134752745101164422","order_sn":"2018052218113442546","price":6}

2018-05-22 18:11:47 {"merchant_id":"1490350062","key":"","authCode":"135316786185183570","order_sn":"2018052218114771324","price":120}

2018-05-22 18:11:51 {"merchant_id":"1499456762","key":"","authCode":"134880054669022023","order_sn":"2018052218115112589","price":16}

2018-05-22 18:15:08 {"merchant_id":"1493159782","key":"","authCode":"134779208276721448","order_sn":"2018052218150885196","price":180}

2018-05-22 18:18:33 {"merchant_id":"1499456762","key":"","authCode":"134917749876162036","order_sn":"2018052218183327832","price":15}

2018-05-22 18:22:10 {"merchant_id":"1499456762","key":"","authCode":"134691777043658876","order_sn":"2018052218221066153","price":38}

2018-05-22 18:23:47 {"merchant_id":"2088822285099072","key":"201710BBaa55e11a995b41488709d94fe3bfbX07","authCode":"280064362389973426","order_sn":"2018052218234799772","price":100}

2018-05-22 18:23:47 {"app_id":"2017071207730667","method":"alipay.trade.pay","charset":"utf-8","sign_type":"RSA","app_auth_token":"201710BBaa55e11a995b41488709d94fe3bfbX07","timestamp":"2018-05-22 18:23:47","version":"1.0","biz_content":"{\"out_trade_no\":\"2018052218234799772\",\"scene\":\"bar_code\",\"auth_code\":\"280064362389973426\",\"subject\":\"\\u8ba2\\u5355\\u53f7:2018052218234799772\",\"seller_id\":\"2088822285099072\",\"total_amount\":100,\"extend_params\":{\"sys_service_provider_id\":\"2088721521881652\"}}","sign":"f2AWx2JOooi4FsoyDqzMXpaede1SSoKOTERXq5CxRjoUaiL+bzDajreWN6fheKbSVlJSUgQv419zKVmAj52EUpEg3UtRLKMvLLwO6xVBz5rBFEGYRUy2q\/I1NoWO33pe46JBqiLqT0cywkFuhqbG4A1F8hAcNOEKwMrsPYOyOqo="}

2018-05-22 18:23:48 {"alipay_trade_pay_response":{"code":"10000","msg":"Success","buyer_logon_id":"152****2650","buyer_pay_amount":"100.00","buyer_user_id":"2088802906949553","fund_bill_list":[{"amount":"100.00","fund_channel":"ALIPAYACCOUNT"}],"gmt_payment":"2018-05-22 18:23:48","invoice_amount":"100.00","out_trade_no":"2018052218234799772","point_amount":"0.00","receipt_amount":"100.00","total_amount":"100.00","trade_no":"2018052221001004550287312065"},"sign":"WW+S4W7Y8YsD+JZdh/pTJi01GjYNyvG52xi2rFGD4diFfVDhozZzNKT+IsP0dVbNHR4yH4ueorWIKGjsPQRpwnSHsKp2YEgfoNcbzsfS3vQz0mjFAZ3Zu4Hkek+2Bd8/wOzI5aksPY2xetKRM2Lo5i0cs78sOOF8TqtdImBMAKk="}

2018-05-22 18:25:46 {"merchant_id":"1499456762","key":"","authCode":"134838311391283268","order_sn":"2018052218254613874","price":38}

2018-05-22 18:28:26 {"merchant_id":"1499456762","key":"","authCode":"134717708521124988","order_sn":"2018052218282660215","price":26}

2018-05-22 18:29:01 {"merchant_id":"1499456762","key":"","authCode":"134685241883517047","order_sn":"2018052218290126432","price":15}

2018-05-22 18:29:16 {"merchant_id":"1499456762","key":"","authCode":"134607284898991916","order_sn":"2018052218291662978","price":1}

2018-05-22 18:32:58 {"merchant_id":"1499456762","key":"","authCode":"135246017636539392","order_sn":"2018052218325845338","price":9}

2018-05-22 18:33:36 {"merchant_id":"1499456762","key":"","authCode":"134965787345949802","order_sn":"2018052218333636725","price":23}

2018-05-22 18:36:00 {"merchant_id":"1499456762","key":"","authCode":"134639481663130138","order_sn":"2018052218360033006","price":16}

2018-05-22 18:52:59 {"merchant_id":"1499456762","key":"","authCode":"134571195883828560","order_sn":"2018052218525935185","price":27}

2018-05-22 18:54:13 {"merchant_id":"1499456762","key":"","authCode":"134591220235756784","order_sn":"2018052218541317040","price":8}

2018-05-22 18:56:24 {"merchant_id":"1499456762","key":"","authCode":"134515222108329593","order_sn":"2018052218562417087","price":28}

2018-05-22 18:57:07 {"merchant_id":"1499456762","key":"","authCode":"135410952279891154","order_sn":"2018052218570778647","price":38}

2018-05-22 19:05:22 {"merchant_id":"1499456762","key":"","authCode":"134995537100192382","order_sn":"2018052219052297634","price":20}

2018-05-22 19:05:27 {"merchant_id":"1499456762","key":"","authCode":"135445083782944737","order_sn":"2018052219052784951","price":28}

2018-05-22 19:06:38 {"merchant_id":"1499456762","key":"","authCode":"134631680224343289","order_sn":"2018052219063898831","price":14.5}

2018-05-22 19:07:03 {"merchant_id":"1499456762","key":"","authCode":"134560189577819003","order_sn":"2018052219070399306","price":38}

2018-05-22 19:33:26 {"merchant_id":"1499456762","key":"","authCode":"135100996120990950","order_sn":"2018052219332642141","price":20}

2018-05-22 19:33:46 {"merchant_id":"1499456762","key":"","authCode":"135131489385466284","order_sn":"2018052219334692574","price":20}

2018-05-22 19:34:14 {"merchant_id":"1499456762","key":"","authCode":"134547293797352918","order_sn":"2018052219341469077","price":9}

2018-05-22 19:34:34 {"merchant_id":"1499456762","key":"","authCode":"134535962292461316","order_sn":"2018052219343490896","price":8}

2018-05-22 19:47:36 {"merchant_id":"1499456762","key":"","authCode":"134710427634978940","order_sn":"2018052219473678012","price":18}

2018-05-22 19:49:32 {"merchant_id":"1499456762","key":"","authCode":"134806087287797186","order_sn":"2018052219493292142","price":15}

2018-05-22 19:53:33 {"merchant_id":"1499456762","key":"","authCode":"134611291323488861","order_sn":"2018052219533385601","price":14}

2018-05-22 19:59:22 {"merchant_id":"1499456762","key":"","authCode":"135196993898887108","order_sn":"2018052219592241341","price":24}

2018-05-22 20:00:14 {"merchant_id":"1499456762","key":"","authCode":"135156404900363693","order_sn":"2018052220001477719","price":15}

2018-05-22 20:01:02 {"merchant_id":"1499456762","key":"","authCode":"134881985132717818","order_sn":"2018052220010273588","price":15}

2018-05-22 20:03:13 {"merchant_id":"1499456762","key":"","authCode":"134740403832733807","order_sn":"2018052220031396266","price":24}

2018-05-22 20:10:02 {"merchant_id":"1499456762","key":"","authCode":"134556844544901321","order_sn":"2018052220100273674","price":17}

2018-05-22 20:11:52 {"merchant_id":"1499456762","key":"","authCode":"134890472091310536","order_sn":"2018052220115218292","price":29}

2018-05-22 20:11:56 {"merchant_id":"1499456762","key":"","authCode":"134641852579773173","order_sn":"2018052220115644500","price":6}

2018-05-22 20:13:29 {"merchant_id":"1499456762","key":"","authCode":"134630692969239917","order_sn":"2018052220132995690","price":13}

2018-05-22 20:19:47 {"merchant_id":"1499456762","key":"","authCode":"134961153058672135","order_sn":"2018052220194790534","price":22}

2018-05-22 20:21:12 {"merchant_id":"1499456762","key":"","authCode":"134773729276906482","order_sn":"2018052220211218996","price":8}

2018-05-22 20:21:19 {"merchant_id":"1490350062","key":"","authCode":"134778653815719770","order_sn":"2018052220211984406","price":900}

2018-05-22 20:27:37 {"merchant_id":"1499456762","key":"","authCode":"134741608966657282","order_sn":"2018052220273760552","price":9}

2018-05-22 20:31:26 {"merchant_id":"1499456762","key":"","authCode":"135315030625655970","order_sn":"2018052220312611880","price":14}

2018-05-22 20:34:48 {"merchant_id":"1499456762","key":"","authCode":"134584012945081388","order_sn":"2018052220344868205","price":12}

2018-05-22 20:36:30 {"merchant_id":"1499456762","key":"","authCode":"134556676664916119","order_sn":"2018052220363097052","price":3}

2018-05-22 20:39:26 {"merchant_id":"1499456762","key":"","authCode":"135251847946854381","order_sn":"2018052220392629710","price":20}

2018-05-22 20:52:57 {"merchant_id":"1499456762","key":"","authCode":"134705363680230164","order_sn":"2018052220525616136","price":14}

2018-05-22 20:56:54 {"merchant_id":"1499456762","key":"","authCode":"134863103077560620","order_sn":"2018052220565484265","price":12}

2018-05-22 20:58:06 {"merchant_id":"1499456762","key":"","authCode":"134701077117428668","order_sn":"2018052220580657766","price":15}

2018-05-22 21:00:03 {"merchant_id":"1499456762","key":"","authCode":"134822590612631753","order_sn":"2018052221000248427","price":7}

2018-05-22 21:01:28 {"merchant_id":"1499456762","key":"","authCode":"134592390840745353","order_sn":"2018052221012876774","price":15}

2018-05-22 21:03:32 {"merchant_id":"1499456762","key":"","authCode":"134560144791523650","order_sn":"2018052221033219852","price":29}

2018-05-22 21:07:40 {"merchant_id":"1499456762","key":"","authCode":"134647562147404612","order_sn":"2018052221074089690","price":7}

2018-05-22 21:19:07 {"merchant_id":"1499456762","key":"","authCode":"134702170221422880","order_sn":"2018052221190762616","price":12}

2018-05-22 21:36:25 {"merchant_id":"1499456762","key":"","authCode":"134634600634897684","order_sn":"2018052221362543986","price":8}

2018-05-22 21:36:25 {"merchant_id":"1490350062","key":"","authCode":"134961655831022668","order_sn":"2018052221362562752","price":100}

2018-05-22 21:39:02 {"merchant_id":"1499456762","key":"","authCode":"135137283607258918","order_sn":"2018052221390253425","price":10}

2018-05-22 21:50:30 {"merchant_id":"2088822285099072","key":"201710BBaa55e11a995b41488709d94fe3bfbX07","authCode":"285741834586321429","order_sn":"2018052221503017628","price":200}

2018-05-22 21:50:30 {"app_id":"2017071207730667","method":"alipay.trade.pay","charset":"utf-8","sign_type":"RSA","app_auth_token":"201710BBaa55e11a995b41488709d94fe3bfbX07","timestamp":"2018-05-22 21:50:30","version":"1.0","biz_content":"{\"out_trade_no\":\"2018052221503017628\",\"scene\":\"bar_code\",\"auth_code\":\"285741834586321429\",\"subject\":\"\\u8ba2\\u5355\\u53f7:2018052221503017628\",\"seller_id\":\"2088822285099072\",\"total_amount\":200,\"extend_params\":{\"sys_service_provider_id\":\"2088721521881652\"}}","sign":"Q5eXz4sp9Wou\/LUCq0TWmSELLaogOGilsGRvp5A2l4Hug\/GPXIuBfd7gPgC646sQ+fVS0c3v2pVHRJXfIvRWmGVFb0wz\/t4KKKvpYlJ77ULQR+mkxSiI4IGhGkusC7L0uvKPSBu2fQq2DvBuF8xi2IaKxvZRX8ohNzNCcfAhwkQ="}

2018-05-22 21:50:31 {"alipay_trade_pay_response":{"code":"10000","msg":"Success","buyer_logon_id":"181****9263","buyer_pay_amount":"200.00","buyer_user_id":"2088522763148181","fund_bill_list":[{"amount":"200.00","fund_channel":"ALIPAYACCOUNT"}],"gmt_payment":"2018-05-22 21:50:31","invoice_amount":"200.00","out_trade_no":"2018052221503017628","point_amount":"0.00","receipt_amount":"200.00","total_amount":"200.00","trade_no":"2018052221001004180237551865"},"sign":"VKx89sKQmyDbG3VdNyYREvEZdXyQDNHCi5AsQkMzfnyyjTRl4GeL+NS6bkC8+lWTgTllvotqSp8P1oDkvT3bz/ip19AP74BJ+8ktiERgK2b5Ej4mjVDo+3TeHm6Ct7f/j4xZ018AkO/dVT3Zugv1EM7QVkSTe3zx+OQ23vZ6U9s="}

2018-05-22 21:50:36 {"merchant_id":"1499456762","key":"","authCode":"134784071430602497","order_sn":"2018052221503681269","price":32}

2018-05-22 22:08:46 {"merchant_id":"2088821827997030","key":"201711BBc699bef5cde842dba6fa5c6bdc706A03","authCode":"284923118868946378","order_sn":"2018052222084695795","price":400}

2018-05-22 22:08:46 {"app_id":"2017071207730667","method":"alipay.trade.pay","charset":"utf-8","sign_type":"RSA","app_auth_token":"201711BBc699bef5cde842dba6fa5c6bdc706A03","timestamp":"2018-05-22 22:08:46","version":"1.0","biz_content":"{\"out_trade_no\":\"2018052222084695795\",\"scene\":\"bar_code\",\"auth_code\":\"284923118868946378\",\"subject\":\"\\u8ba2\\u5355\\u53f7:2018052222084695795\",\"seller_id\":\"2088821827997030\",\"total_amount\":400,\"extend_params\":{\"sys_service_provider_id\":\"2088721521881652\"}}","sign":"Sggjch09MFexjkS09NNmK6NxGV3kfwLI6e6Hu3PGAYyyGBqqPwKQTRcU5aoMZnWUc+I5djbBq66z2fBt2aPQfH2kn8A\/ZsahHkv2t7FH1hG8j0KpiVIrrbqnarGZhSo24cHdXS+UmiDxtYu6+3zEY\/qpY3\/Jl9bKiatOWdypvhc="}

2018-05-22 22:08:47 {"alipay_trade_pay_response":{"code":"10000","msg":"Success","buyer_logon_id":"153****5996","buyer_pay_amount":"400.00","buyer_user_id":"2088812462482184","fund_bill_list":[{"amount":"400.00","fund_channel":"PCREDIT"}],"gmt_payment":"2018-05-22 22:08:47","invoice_amount":"400.00","out_trade_no":"2018052222084695795","point_amount":"0.00","receipt_amount":"400.00","total_amount":"400.00","trade_no":"2018052221001004180241171721"},"sign":"BT8TGQVqEabum5vhXanbwbMoEOHX1lfvILaFYoW8PEcg7vp9iSebeidB1J+IRO4CxwFpKPQqN16mRwn4EXxV6SUppPDBykdfvOt9vl8Ce1U1U+xVJs3cdc3HYc0eTqL/FkDpdbvHLxrL3YTsxqCBQsaEHKUXZX5sLIR/JWHIMjQ="}

