2018-03-27 08:02:48 {"merchant_id":"1499456762","key":"","authCode":"134603576094317032","order_sn":"2018032708024839835","price":9}
2018-03-27 08:17:43 {"merchant_id":"1499456762","key":"","authCode":"134599281326518990","order_sn":"2018032708174345249","price":19}
2018-03-27 08:19:52 {"merchant_id":"1499456762","key":"","authCode":"134688683863414890","order_sn":"2018032708195299983","price":15}
2018-03-27 08:25:09 {"merchant_id":"1499456762","key":"","authCode":"135113509952283968","order_sn":"2018032708250981718","price":13.5}
2018-03-27 08:26:54 {"merchant_id":"1499456762","key":"","authCode":"134772595142033274","order_sn":"2018032708265494839","price":6}
2018-03-27 09:15:54 {"merchant_id":"1499456762","key":"","authCode":"134784835558570961","order_sn":"2018032709155474548","price":10}
2018-03-27 09:50:32 {"merchant_id":"1499456762","key":"","authCode":"134982251965681285","order_sn":"2018032709503293865","price":200}
2018-03-27 09:52:55 {"merchant_id":"1499456762","key":"","authCode":"135042363269541294","order_sn":"2018032709525581795","price":26}
2018-03-27 09:53:09 {"merchant_id":"1499456762","key":"","authCode":"134628884142336813","order_sn":"2018032709530962509","price":6}
2018-03-27 09:53:28 {"merchant_id":"1499456762","key":"","authCode":"134856663347590955","order_sn":"2018032709532713069","price":13}
2018-03-27 09:59:29 {"merchant_id":"1499456762","key":"","authCode":"134669374444473228","order_sn":"2018032709592964174","price":198}
2018-03-27 10:11:22 {"merchant_id":"1499456762","key":"","authCode":"134509587149427188","order_sn":"2018032710112190450","price":12}
2018-03-27 10:39:48 {"merchant_id":"1499456762","key":"","authCode":"134639133744847713","order_sn":"2018032710394848783","price":28}
2018-03-27 10:47:44 {"merchant_id":"1490350062","key":"","authCode":"134724193090084864","order_sn":"2018032710474454798","price":100}
2018-03-27 10:57:20 {"merchant_id":"1499456762","key":"","authCode":"134575017323255503","order_sn":"2018032710572055186","price":12}
2018-03-27 11:07:20 {"merchant_id":"1499456762","key":"","authCode":"134582597081158614","order_sn":"2018032711072028761","price":9}
2018-03-27 11:21:09 {"merchant_id":"1499456762","key":"","authCode":"134671192993974185","order_sn":"2018032711210927659","price":8}
2018-03-27 11:37:54 {"merchant_id":"1499456762","key":"","authCode":"134621415855988672","order_sn":"2018032711375422675","price":21}
2018-03-27 11:42:48 {"merchant_id":"1499456762","key":"","authCode":"134746121372467185","order_sn":"2018032711424812507","price":200}
2018-03-27 11:47:13 {"merchant_id":"1499456762","key":"","authCode":"134511207583084118","order_sn":"2018032711471349378","price":28}
2018-03-27 11:48:54 {"merchant_id":"1499456762","key":"","authCode":"135244007284913358","order_sn":"2018032711485491373","price":23}
2018-03-27 11:53:31 {"merchant_id":"1499456762","key":"","authCode":"134683276690219150","order_sn":"2018032711533154794","price":268}
2018-03-27 11:59:04 {"merchant_id":"1490350062","key":"","authCode":"135010406930253524","order_sn":"2018032711590420574","price":20}
2018-03-27 12:11:17 {"merchant_id":"1499456762","key":"","authCode":"134720260147883272","order_sn":"2018032712111749096","price":15}
2018-03-27 12:19:39 {"merchant_id":"1490350062","key":"","authCode":"134622735316766217","order_sn":"2018032712193978157","price":200}
2018-03-27 12:32:36 {"merchant_id":"1490350062","key":"","authCode":"135811832968033797","order_sn":"2018032712323526973","price":118}
2018-03-27 12:50:42 {"merchant_id":"1490350062","key":"","authCode":"134763362928002550","order_sn":"2018032712504245692","price":130}
2018-03-27 13:12:04 {"merchant_id":"1499456762","key":"","authCode":"134692431349854410","order_sn":"2018032713120429369","price":14}
2018-03-27 13:17:50 {"merchant_id":"1499456762","key":"","authCode":"134765352133190027","order_sn":"2018032713175061682","price":32}
2018-03-27 13:54:14 {"merchant_id":"1499456762","key":"","authCode":"134532196090399262","order_sn":"2018032713541444029","price":8}
2018-03-27 14:38:47 {"merchant_id":"1499456762","key":"","authCode":"134583574355845471","order_sn":"2018032714384744416","price":23}
2018-03-27 15:02:45 {"merchant_id":"1499456762","key":"","authCode":"134638599660552632","order_sn":"2018032715024548261","price":15}
2018-03-27 15:31:15 {"merchant_id":"1499456762","key":"","authCode":"134631379392774548","order_sn":"2018032715311593160","price":20}
2018-03-27 15:34:11 {"merchant_id":"1499456762","key":"","authCode":"134716927509683839","order_sn":"2018032715341197746","price":15}
2018-03-27 15:38:39 {"merchant_id":"1499456762","key":"","authCode":"134634292375458525","order_sn":"2018032715383971294","price":16}
2018-03-27 15:42:42 {"merchant_id":"1499456762","key":"","authCode":"134646940612696487","order_sn":"2018032715424274613","price":30}
2018-03-27 16:04:11 {"merchant_id":"1499456762","key":"","authCode":"134522383604006055","order_sn":"2018032716041161988","price":8.5}
2018-03-27 16:10:47 {"merchant_id":"1499456762","key":"","authCode":"134603320130307108","order_sn":"2018032716104715174","price":56}
2018-03-27 16:18:14 {"merchant_id":"1490350062","key":"","authCode":"135501044886794869","order_sn":"2018032716181415267","price":300}
2018-03-27 16:19:21 {"merchant_id":"1499456762","key":"","authCode":"134767475657492451","order_sn":"2018032716192149950","price":24}
2018-03-27 16:27:05 {"merchant_id":"1499456762","key":"","authCode":"134707750919274057","order_sn":"2018032716270518009","price":10}
2018-03-27 16:34:53 {"merchant_id":"1499456762","key":"","authCode":"135035558673148312","order_sn":"2018032716345389419","price":21}
2018-03-27 16:37:47 {"merchant_id":"1499456762","key":"","authCode":"134644927089920864","order_sn":"2018032716374797641","price":20}
2018-03-27 16:46:51 {"merchant_id":"1499456762","key":"","authCode":"134640034377675254","order_sn":"2018032716465118095","price":44}
2018-03-27 17:08:34 {"merchant_id":"1499456762","key":"","authCode":"134886901162959248","order_sn":"2018032717083434880","price":22}
2018-03-27 17:35:53 {"merchant_id":"1490350062","key":"","authCode":"135216477285287741","order_sn":"2018032717355343463","price":100}
2018-03-27 17:40:48 {"merchant_id":"1499456762","key":"","authCode":"134641103954761698","order_sn":"2018032717404864896","price":26}
2018-03-27 17:47:30 {"merchant_id":"1499456762","key":"","authCode":"134737171826160831","order_sn":"2018032717473073653","price":200}
2018-03-27 17:48:37 {"merchant_id":"1499456762","key":"","authCode":"134692902405521013","order_sn":"2018032717483727761","price":12}
2018-03-27 17:49:09 {"merchant_id":"1499456762","key":"","authCode":"134785396783173190","order_sn":"2018032717490946858","price":6}
2018-03-27 17:49:38 {"merchant_id":"1499456762","key":"","authCode":"134644186397740060","order_sn":"2018032717493860977","price":8}
2018-03-27 17:52:45 {"merchant_id":"1499456762","key":"","authCode":"134527300280230320","order_sn":"2018032717524534152","price":10}
2018-03-27 17:59:35 {"merchant_id":"1499456762","key":"","authCode":"134593584797292494","order_sn":"2018032717593539594","price":12}
2018-03-27 18:11:44 {"merchant_id":"1499456762","key":"","authCode":"134559376559313421","order_sn":"2018032718114449219","price":16}
2018-03-27 18:14:15 {"merchant_id":"1499456762","key":"","authCode":"134543520036824194","order_sn":"2018032718141552860","price":20}
2018-03-27 18:19:16 {"merchant_id":"1499456762","key":"","authCode":"134705146764393876","order_sn":"2018032718191622922","price":11}
2018-03-27 18:27:12 {"merchant_id":"1499456762","key":"","authCode":"134543735217176019","order_sn":"2018032718271239999","price":8}
2018-03-27 18:27:43 {"merchant_id":"1499456762","key":"","authCode":"134512548139669628","order_sn":"2018032718274332389","price":5}
2018-03-27 18:30:14 {"merchant_id":"1499456762","key":"","authCode":"135114389452260997","order_sn":"2018032718301425305","price":14}
2018-03-27 18:38:14 {"merchant_id":"1499456762","key":"","authCode":"134759820410482626","order_sn":"2018032718381411571","price":28}
2018-03-27 18:38:43 {"merchant_id":"1499456762","key":"","authCode":"134722833697319730","order_sn":"2018032718384363862","price":33.5}
2018-03-27 18:39:45 {"merchant_id":"1499456762","key":"","authCode":"134783917031335730","order_sn":"2018032718394558689","price":12}
2018-03-27 18:50:44 {"merchant_id":"1499456762","key":"","authCode":"134759138714934368","order_sn":"2018032718504478441","price":18}
2018-03-27 19:07:15 {"merchant_id":"2088822285099072","key":"201710BBaa55e11a995b41488709d94fe3bfbX07","authCode":"289815643638153688","order_sn":"2018032719071514288","price":100}
2018-03-27 19:07:15 {"app_id":"2017071207730667","method":"alipay.trade.pay","charset":"utf-8","sign_type":"RSA","app_auth_token":"201710BBaa55e11a995b41488709d94fe3bfbX07","timestamp":"2018-03-27 19:07:15","version":"1.0","biz_content":"{\"out_trade_no\":\"2018032719071514288\",\"scene\":\"bar_code\",\"auth_code\":\"289815643638153688\",\"subject\":\"\\u8ba2\\u5355\\u53f7:2018032719071514288\",\"seller_id\":\"2088822285099072\",\"total_amount\":100,\"extend_params\":{\"sys_service_provider_id\":\"2088721521881652\"}}","sign":"l9+uhPrziakwJ5VXB0qK9jmdX1KcJSJ\/j\/pNHbtv4i5i2rWoLE42CBllHhT798t2l7q7\/pwhC0xro4sFiEDpuHpTCR583NJnO7090fLaTJcuFIOYftYWqnE2buwM5lh+eqgybDesUtldqJc7TWoDVv+rlVzXdS0\/V\/bvwK6ptLw="}
2018-03-27 19:07:15 {"alipay_trade_pay_response":{"code":"10000","msg":"Success","buyer_logon_id":"951***@qq.com","buyer_pay_amount":"100.00","buyer_user_id":"2088122452312066","fund_bill_list":[{"amount":"100.00","fund_channel":"ALIPAYACCOUNT"}],"gmt_payment":"2018-03-27 19:07:15","invoice_amount":"100.00","out_trade_no":"2018032719071514288","point_amount":"0.00","receipt_amount":"100.00","total_amount":"100.00","trade_no":"2018032721001004060571646039"},"sign":"ZmeEWoO0i1n6scDxxMNN4sdgbeAJeeDXiDp8dZm01orVNpi/CQV3qbCPjUriGNlcHu4+WuFA8p4vljms8MRR3aheq4AzzLupL6r+m9O5ezam7vl9kICUe1xTXuHIoeWHCM9OwE4JZOG55zI9hXR2p58pY5VTlrSs/zR/8Gdk8c0="}
2018-03-27 19:20:29 {"merchant_id":"1499456762","key":"","authCode":"134801324929781350","order_sn":"2018032719202975947","price":4}
2018-03-27 19:24:12 {"merchant_id":"1499456762","key":"","authCode":"134708578258803088","order_sn":"2018032719241228209","price":39}
2018-03-27 19:29:08 {"merchant_id":"1499456762","key":"","authCode":"134870728519605802","order_sn":"2018032719290849015","price":38}
2018-03-27 19:40:37 {"merchant_id":"1499456762","key":"","authCode":"135009384005358691","order_sn":"2018032719403716633","price":6}
2018-03-27 19:59:15 {"merchant_id":"2088822285099072","key":"201710BBaa55e11a995b41488709d94fe3bfbX07","authCode":"284654569921924606","order_sn":"2018032719591597250","price":100}
2018-03-27 19:59:15 {"app_id":"2017071207730667","method":"alipay.trade.pay","charset":"utf-8","sign_type":"RSA","app_auth_token":"201710BBaa55e11a995b41488709d94fe3bfbX07","timestamp":"2018-03-27 19:59:15","version":"1.0","biz_content":"{\"out_trade_no\":\"2018032719591597250\",\"scene\":\"bar_code\",\"auth_code\":\"284654569921924606\",\"subject\":\"\\u8ba2\\u5355\\u53f7:2018032719591597250\",\"seller_id\":\"2088822285099072\",\"total_amount\":100,\"extend_params\":{\"sys_service_provider_id\":\"2088721521881652\"}}","sign":"TuVa0fhCeI+Nj1Ub5HuinJ6fkmHrjiacM65Mbp0YHvbhdWYekKa+6iKj1aGqU8c3D8eZ5o57nUXVTICcs6NCqgCuUMoDP2ohCqqwDRmFy4C5lqyUcTuLlREEvrfdc+1dYMqKAV4PSXu2oQzeNkZwXxIbfuEcYlQuxOca\/IhUMOs="}
2018-03-27 19:59:16 {"alipay_trade_pay_response":{"code":"10000","msg":"Success","buyer_logon_id":"156****8389","buyer_pay_amount":"100.00","buyer_user_id":"2088912649773451","fund_bill_list":[{"amount":"100.00","fund_channel":"ALIPAYACCOUNT"}],"gmt_payment":"2018-03-27 19:59:16","invoice_amount":"100.00","out_trade_no":"2018032719591597250","point_amount":"0.00","receipt_amount":"100.00","total_amount":"100.00","trade_no":"2018032721001004450597061688"},"sign":"L7skUTTCMXYLreAiravegI1ASkvBC7kcYAvVrIWHFXa+k9p55e3xI/ulIxqswWDlaW9x77xVmSsNBKXwVgZJMIJgQYzs0ew11vIM8ZB3+RBTaR+6gcWCWIghzmkMOqQsU8BoVMkyDxfQ6o1qf3HZVTwQEjE9O1/aLNOYeZsWl/s="}
2018-03-27 20:26:34 {"merchant_id":"1493159782","key":"","authCode":"134771703673179230","order_sn":"2018032720263427002","price":228}
2018-03-27 20:29:39 {"merchant_id":"1499456762","key":"","authCode":"134849072280890321","order_sn":"2018032720293981597","price":6}
2018-03-27 20:30:10 {"merchant_id":"1499456762","key":"","authCode":"134561554934425592","order_sn":"2018032720301032553","price":16}
2018-03-27 20:40:12 {"merchant_id":"1499456762","key":"","authCode":"134940599805704960","order_sn":"2018032720401212565","price":44}
2018-03-27 20:40:34 {"merchant_id":"1499456762","key":"","authCode":"134679633059589290","order_sn":"2018032720403466007","price":5}
2018-03-27 20:40:55 {"merchant_id":"1499456762","key":"","authCode":"134764817073430376","order_sn":"2018032720405553478","price":7}
2018-03-27 20:52:37 {"merchant_id":"1499456762","key":"","authCode":"135042072634802132","order_sn":"2018032720523726164","price":13}
2018-03-27 20:54:46 {"merchant_id":"1493159782","key":"","authCode":"134660648815148038","order_sn":"2018032720544656100","price":400}
2018-03-27 21:04:33 {"merchant_id":"1490350062","key":"","authCode":"136295879567558933","order_sn":"2018032721043361502","price":30}
2018-03-27 21:38:14 {"merchant_id":"1490350062","key":"","authCode":"134964456968862733","order_sn":"2018032721381420104","price":300}
