2018-06-03 02:32:10 {"merchant_id":"1490350062","key":"","authCode":"134646529613202460","order_sn":"2018060302321022536","price":100}

2018-06-03 04:23:47 {"merchant_id":"1490350062","key":"","authCode":"134639837242125543","order_sn":"2018060304234658328","price":300}

2018-06-03 07:54:29 {"merchant_id":"1499456762","key":"","authCode":"134818651041704538","order_sn":"2018060307542964025","price":12}

2018-06-03 07:56:25 {"merchant_id":"1499456762","key":"","authCode":"134881525159030623","order_sn":"2018060307562552107","price":8}

2018-06-03 08:32:48 {"merchant_id":"1499456762","key":"","authCode":"134788816783231781","order_sn":"2018060308324872471","price":39}

2018-06-03 08:36:28 {"merchant_id":"1490350062","key":"","authCode":"134870472612660702","order_sn":"2018060308362865767","price":16}

2018-06-03 08:49:57 {"merchant_id":"1499456762","key":"","authCode":"135281780881132367","order_sn":"2018060308495714811","price":8.5}

2018-06-03 08:50:11 {"merchant_id":"1499456762","key":"","authCode":"134939207416001029","order_sn":"2018060308501189840","price":38}

2018-06-03 08:50:23 {"merchant_id":"1499456762","key":"","authCode":"135320223396062209","order_sn":"2018060308502347197","price":8}

2018-06-03 08:50:43 {"merchant_id":"1499456762","key":"","authCode":"134908228681072069","order_sn":"2018060308504315217","price":21.5}

2018-06-03 09:01:49 {"merchant_id":"1499456762","key":"","authCode":"134605832393609125","order_sn":"2018060309014963490","price":19}

2018-06-03 09:10:32 {"merchant_id":"1499456762","key":"","authCode":"134514975569731597","order_sn":"2018060309103240404","price":26}

2018-06-03 09:15:45 {"merchant_id":"1490350062","key":"","authCode":"135020244301825835","order_sn":"2018060309154541227","price":160}

2018-06-03 09:22:53 {"merchant_id":"1490350062","key":"","authCode":"134597552339431954","order_sn":"2018060309225323783","price":300}

2018-06-03 09:28:32 {"merchant_id":"1499456762","key":"","authCode":"134743804497894472","order_sn":"2018060309283240090","price":9}

2018-06-03 09:28:55 {"merchant_id":"1499456762","key":"","authCode":"135069539456740455","order_sn":"2018060309285532867","price":9}

2018-06-03 09:38:37 {"merchant_id":"1490350062","key":"","authCode":"134561462812863260","order_sn":"2018060309383713281","price":18}

2018-06-03 09:40:14 {"merchant_id":"1486561492","key":"","authCode":"135193914790078530","order_sn":"2018060309401415361","price":0.01}

2018-06-03 09:51:22 {"merchant_id":"1499456762","key":"","authCode":"134713227655020063","order_sn":"2018060309512279882","price":10}

2018-06-03 10:05:15 {"merchant_id":"1499456762","key":"","authCode":"135032727123938603","order_sn":"2018060310051565441","price":108}

2018-06-03 10:16:40 {"merchant_id":"1493159782","key":"","authCode":"134759352887262747","order_sn":"2018060310164032224","price":200}

2018-06-03 10:18:19 {"merchant_id":"1499456762","key":"","authCode":"134523584976679372","order_sn":"2018060310181990932","price":25.5}

2018-06-03 10:25:01 {"merchant_id":"1499456762","key":"","authCode":"134625807032940116","order_sn":"2018060310250181672","price":35}

2018-06-03 10:27:00 {"merchant_id":"1499456762","key":"","authCode":"134526551042565178","order_sn":"2018060310270032523","price":23}

2018-06-03 10:30:08 {"merchant_id":"1499456762","key":"","authCode":"134776546758872274","order_sn":"2018060310300887417","price":15}

2018-06-03 10:52:09 {"merchant_id":"1499456762","key":"","authCode":"134630230304685702","order_sn":"2018060310520983671","price":20}

2018-06-03 10:58:51 {"merchant_id":"1499456762","key":"","authCode":"135052679168355738","order_sn":"2018060310585151579","price":37}

2018-06-03 10:59:17 {"merchant_id":"1499456762","key":"","authCode":"134762856272264445","order_sn":"2018060310591746656","price":38}

2018-06-03 11:29:15 {"merchant_id":"1499456762","key":"","authCode":"134756881636502144","order_sn":"2018060311291440651","price":37}

2018-06-03 11:47:30 {"merchant_id":"1499456762","key":"","authCode":"134524653674110782","order_sn":"2018060311473081216","price":28}

2018-06-03 11:50:05 {"merchant_id":"1499456762","key":"","authCode":"134736528466881740","order_sn":"2018060311500515357","price":7}

2018-06-03 11:57:06 {"merchant_id":"1499456762","key":"","authCode":"135451316725658742","order_sn":"2018060311570631711","price":22}

2018-06-03 12:04:46 {"merchant_id":"1499456762","key":"","authCode":"135289336938003010","order_sn":"2018060312044667627","price":72.5}

2018-06-03 12:10:15 {"merchant_id":"1493159782","key":"","authCode":"135147860407378107","order_sn":"2018060312101557066","price":200}

2018-06-03 12:20:10 {"merchant_id":"1499456762","key":"","authCode":"134834258627704889","order_sn":"2018060312201018381","price":21.5}

2018-06-03 12:20:29 {"merchant_id":"1499456762","key":"","authCode":"134737512123366745","order_sn":"2018060312202919498","price":34}

2018-06-03 12:54:49 {"merchant_id":"1499456762","key":"","authCode":"134757311486174873","order_sn":"2018060312544998344","price":36}

2018-06-03 14:00:20 {"merchant_id":"1499456762","key":"","authCode":"134857487149383190","order_sn":"2018060314002081225","price":5}

2018-06-03 14:05:36 {"merchant_id":"1499456762","key":"","authCode":"134964631191196662","order_sn":"2018060314053580656","price":50}

2018-06-03 14:32:58 {"merchant_id":"1499456762","key":"","authCode":"134667260366421062","order_sn":"2018060314325845181","price":12}

2018-06-03 15:13:02 {"merchant_id":"1499456762","key":"","authCode":"134935142717292783","order_sn":"2018060315130156780","price":15}

2018-06-03 15:50:39 {"merchant_id":"1499456762","key":"","authCode":"134694012398990525","order_sn":"2018060315503979636","price":52}

2018-06-03 15:51:15 {"merchant_id":"1499456762","key":"","authCode":"134581225010517978","order_sn":"2018060315511533577","price":9}

2018-06-03 16:06:37 {"merchant_id":"1499456762","key":"","authCode":"134745825541466240","order_sn":"2018060316063786220","price":15}

2018-06-03 16:16:37 {"merchant_id":"2088822285099072","key":"201710BBaa55e11a995b41488709d94fe3bfbX07","authCode":"281309930776636640","order_sn":"2018060316163773585","price":500}

2018-06-03 16:16:37 {"app_id":"2017071207730667","method":"alipay.trade.pay","charset":"utf-8","sign_type":"RSA","app_auth_token":"201710BBaa55e11a995b41488709d94fe3bfbX07","timestamp":"2018-06-03 16:16:37","version":"1.0","biz_content":"{\"out_trade_no\":\"2018060316163773585\",\"scene\":\"bar_code\",\"auth_code\":\"281309930776636640\",\"subject\":\"\\u8ba2\\u5355\\u53f7:2018060316163773585\",\"seller_id\":\"2088822285099072\",\"total_amount\":500,\"extend_params\":{\"sys_service_provider_id\":\"2088721521881652\"}}","sign":"DpNPv9dqk4w5OKQPANM1HVPm8mZ5Ktg6BOvjXyiMd+Uk2FVgztr2TlSUvlHYmoP7a+5mgvEIdp3YsaFAhnTiTSORKqZFVR3e0fcCuVXwGZavVfxcqaSudQiS4VgCiBxSFRAsFRjiD7nnn0gSVWWuamgBHb\/TDUbJIO1p\/ZVKskM="}

2018-06-03 16:16:38 {"alipay_trade_pay_response":{"code":"10000","msg":"Success","buyer_logon_id":"156****0333","buyer_pay_amount":"500.00","buyer_user_id":"2088922918325302","fund_bill_list":[{"amount":"500.00","fund_channel":"ALIPAYACCOUNT"}],"gmt_payment":"2018-06-03 16:16:38","invoice_amount":"500.00","out_trade_no":"2018060316163773585","point_amount":"0.00","receipt_amount":"500.00","total_amount":"500.00","trade_no":"2018060321001004300518845642"},"sign":"X3LH5NZrbIuIEx/M7+MQGF5vL1LglCVFaofyKvjVgZ8Lk6BJvsSdYU+VGXNtbc4SeXZa559sgQZsX1h5C7VBzJijIOIrw4tU7qpHTgQUJib7zUuyjJkgCTfu46E4O0f9rucp1qjMNnbyFkuSdzhxeN/qEO/ULhceaPww7x9xMpE="}

2018-06-03 16:29:13 {"merchant_id":"1499456762","key":"","authCode":"134557483046317349","order_sn":"2018060316291342279","price":188}

2018-06-03 16:37:05 {"merchant_id":"1499456762","key":"","authCode":"134946178583627018","order_sn":"2018060316370530787","price":45.5}

2018-06-03 16:41:05 {"merchant_id":"1499456762","key":"","authCode":"134534324871278709","order_sn":"2018060316410563829","price":10}

2018-06-03 16:49:26 {"merchant_id":"1499456762","key":"","authCode":"134769782408348771","order_sn":"2018060316492651445","price":5}

2018-06-03 17:00:34 {"merchant_id":"1499456762","key":"","authCode":"135297945351181395","order_sn":"2018060317003487897","price":6}

2018-06-03 17:01:18 {"merchant_id":"1499456762","key":"","authCode":"135051029618053936","order_sn":"2018060317011857850","price":22}

2018-06-03 17:14:34 {"merchant_id":"1499456762","key":"","authCode":"134520511157227466","order_sn":"2018060317143499764","price":20}

2018-06-03 17:18:59 {"merchant_id":"1499456762","key":"","authCode":"134770195559400518","order_sn":"2018060317185920240","price":14}

2018-06-03 17:20:41 {"merchant_id":"1499456762","key":"","authCode":"134638523294776562","order_sn":"2018060317204131344","price":37}

2018-06-03 17:26:28 {"merchant_id":"1499456762","key":"","authCode":"134658900811372369","order_sn":"2018060317262823444","price":9}

2018-06-03 17:27:09 {"merchant_id":"1499456762","key":"","authCode":"134565949342948349","order_sn":"2018060317270967893","price":15}

2018-06-03 17:32:05 {"merchant_id":"1499456762","key":"","authCode":"134758951571267332","order_sn":"2018060317320540802","price":11}

2018-06-03 17:39:00 {"merchant_id":"1493159782","key":"","authCode":"134784222202626730","order_sn":"2018060317390015858","price":300}

2018-06-03 17:53:04 {"merchant_id":"1499456762","key":"","authCode":"134980225894553478","order_sn":"2018060317530371166","price":10}

2018-06-03 17:53:34 {"merchant_id":"1499456762","key":"","authCode":"134527938928163356","order_sn":"2018060317533464209","price":60}

2018-06-03 17:54:27 {"merchant_id":"1499456762","key":"","authCode":"134559291482845870","order_sn":"2018060317542769058","price":14}

2018-06-03 18:01:12 {"merchant_id":"1499456762","key":"","authCode":"134889128631853808","order_sn":"2018060318011296609","price":30}

2018-06-03 18:05:12 {"merchant_id":"1499456762","key":"","authCode":"134640436497213166","order_sn":"2018060318051233154","price":14}

2018-06-03 18:08:02 {"merchant_id":"1499456762","key":"","authCode":"135080762094641130","order_sn":"2018060318080253542","price":28}

2018-06-03 18:11:12 {"merchant_id":"1499456762","key":"","authCode":"134771892619531989","order_sn":"2018060318111286077","price":30}

2018-06-03 18:12:52 {"merchant_id":"1499456762","key":"","authCode":"134542097185667158","order_sn":"2018060318125251326","price":47}

2018-06-03 18:21:10 {"merchant_id":"1499456762","key":"","authCode":"134744443077541701","order_sn":"2018060318211085296","price":21}

2018-06-03 18:22:48 {"merchant_id":"1499456762","key":"","authCode":"134655734872816144","order_sn":"2018060318224873235","price":37}

2018-06-03 18:25:14 {"merchant_id":"1499456762","key":"","authCode":"134508846017149823","order_sn":"2018060318251496407","price":12}

2018-06-03 18:27:06 {"merchant_id":"1499456762","key":"","authCode":"134635008795945636","order_sn":"2018060318270649247","price":16}

2018-06-03 18:28:01 {"merchant_id":"1499456762","key":"","authCode":"134524290317943360","order_sn":"2018060318280150491","price":12}

2018-06-03 18:35:33 {"merchant_id":"1499456762","key":"","authCode":"134864863756888968","order_sn":"2018060318353377421","price":23}

2018-06-03 18:37:37 {"merchant_id":"1499456762","key":"","authCode":"134644825792871071","order_sn":"2018060318373790362","price":28}

2018-06-03 18:38:58 {"merchant_id":"1499456762","key":"","authCode":"134940374138471697","order_sn":"2018060318385875123","price":26}

2018-06-03 18:39:11 {"merchant_id":"1499456762","key":"","authCode":"134926128345701786","order_sn":"2018060318391191758","price":42}

2018-06-03 18:47:38 {"merchant_id":"1499456762","key":"","authCode":"134529803393692219","order_sn":"2018060318473898486","price":33}

2018-06-03 18:49:47 {"merchant_id":"1499456762","key":"","authCode":"134549582019122163","order_sn":"2018060318494724682","price":45}

2018-06-03 18:57:29 {"merchant_id":"1499456762","key":"","authCode":"134767266464346843","order_sn":"2018060318572979996","price":6}

2018-06-03 18:57:30 {"merchant_id":"1499456762","key":"","authCode":"134686733033418208","order_sn":"2018060318573015953","price":150}

2018-06-03 18:59:04 {"merchant_id":"1499456762","key":"","authCode":"134670024200626926","order_sn":"2018060318590456365","price":31}

2018-06-03 19:06:44 {"merchant_id":"1499456762","key":"","authCode":"134573575701139337","order_sn":"2018060319064480542","price":42}

2018-06-03 19:07:54 {"merchant_id":"1499456762","key":"","authCode":"134974360860815413","order_sn":"2018060319075466498","price":27}

2018-06-03 19:10:28 {"merchant_id":"1499456762","key":"","authCode":"134739009088815687","order_sn":"2018060319102858714","price":23.5}

2018-06-03 19:10:38 {"merchant_id":"1499456762","key":"","authCode":"135057501658559164","order_sn":"2018060319103830877","price":12}

2018-06-03 19:15:11 {"merchant_id":"1499456762","key":"","authCode":"134510866711270289","order_sn":"2018060319151177119","price":8}

2018-06-03 19:18:18 {"merchant_id":"1499456762","key":"","authCode":"135343803586900982","order_sn":"2018060319181882176","price":31}

2018-06-03 19:30:05 {"merchant_id":"1499456762","key":"","authCode":"134631497109031351","order_sn":"2018060319300523727","price":15}

2018-06-03 19:35:26 {"merchant_id":"1499456762","key":"","authCode":"135043259606641469","order_sn":"2018060319352668735","price":5}

2018-06-03 19:35:38 {"merchant_id":"1499456762","key":"","authCode":"134688354545153448","order_sn":"2018060319353829173","price":27}

2018-06-03 19:37:20 {"merchant_id":"1499456762","key":"","authCode":"134685570531808441","order_sn":"2018060319372018635","price":13}

2018-06-03 19:37:42 {"merchant_id":"1499456762","key":"","authCode":"134846991032099877","order_sn":"2018060319374251949","price":8}

2018-06-03 19:38:26 {"merchant_id":"1499456762","key":"","authCode":"134717097702825247","order_sn":"2018060319382684929","price":20}

2018-06-03 19:40:07 {"merchant_id":"1499456762","key":"","authCode":"134533116982536661","order_sn":"2018060319400738761","price":54.5}

2018-06-03 19:42:29 {"merchant_id":"1499456762","key":"","authCode":"135041119058156740","order_sn":"2018060319422945939","price":15}

2018-06-03 19:45:52 {"merchant_id":"1499456762","key":"","authCode":"134668586434287086","order_sn":"2018060319455236522","price":37}

2018-06-03 19:46:21 {"merchant_id":"1499456762","key":"","authCode":"134708015300723566","order_sn":"2018060319462142949","price":24}

2018-06-03 19:52:42 {"merchant_id":"1499456762","key":"","authCode":"134658580274736933","order_sn":"2018060319524215664","price":11}

2018-06-03 19:56:19 {"merchant_id":"1499456762","key":"","authCode":"134846760393665537","order_sn":"2018060319561992119","price":4}

2018-06-03 20:00:04 {"merchant_id":"1499456762","key":"","authCode":"134659188533232958","order_sn":"2018060320000489969","price":6}

2018-06-03 20:02:31 {"merchant_id":"1499456762","key":"","authCode":"135485459848447522","order_sn":"2018060320023195148","price":32}

2018-06-03 20:03:24 {"merchant_id":"1499456762","key":"","authCode":"134529684270633301","order_sn":"2018060320032412130","price":18}

2018-06-03 20:03:45 {"merchant_id":"1499456762","key":"","authCode":"134695981199479141","order_sn":"2018060320034560377","price":15}

2018-06-03 20:04:23 {"merchant_id":"1499456762","key":"","authCode":"134689608262984705","order_sn":"2018060320042382768","price":4}

2018-06-03 20:09:14 {"merchant_id":"1499456762","key":"","authCode":"134886885065589550","order_sn":"2018060320091499698","price":10}

2018-06-03 20:10:27 {"merchant_id":"1499456762","key":"","authCode":"134709943841853238","order_sn":"2018060320102770371","price":16}

2018-06-03 20:11:39 {"merchant_id":"1499456762","key":"","authCode":"134862576414190748","order_sn":"2018060320113923845","price":35}

2018-06-03 20:14:42 {"merchant_id":"1499456762","key":"","authCode":"135283974390005093","order_sn":"2018060320144214833","price":1.8}

2018-06-03 20:16:26 {"merchant_id":"1499456762","key":"","authCode":"134773564091009689","order_sn":"2018060320162611649","price":7}

2018-06-03 20:17:24 {"merchant_id":"1499456762","key":"","authCode":"134525386826602522","order_sn":"2018060320172433488","price":24}

2018-06-03 20:17:35 {"merchant_id":"1499456762","key":"","authCode":"134660200595432367","order_sn":"2018060320173580870","price":23}

2018-06-03 20:19:38 {"merchant_id":"1499456762","key":"","authCode":"134548207930130143","order_sn":"2018060320193819632","price":11}

2018-06-03 20:24:24 {"merchant_id":"1499456762","key":"","authCode":"134609461221646709","order_sn":"2018060320242429832","price":13}

2018-06-03 20:29:06 {"merchant_id":"1499456762","key":"","authCode":"134845962502023090","order_sn":"2018060320290624378","price":33}

2018-06-03 20:30:10 {"merchant_id":"1499456762","key":"","authCode":"134574415823400390","order_sn":"2018060320301026062","price":15}

2018-06-03 20:35:12 {"merchant_id":"1499456762","key":"","authCode":"134731484555776429","order_sn":"2018060320351278976","price":13}

2018-06-03 20:36:54 {"merchant_id":"1499456762","key":"","authCode":"134520997304358228","order_sn":"2018060320365470430","price":30}

2018-06-03 20:39:10 {"merchant_id":"1499456762","key":"","authCode":"134646836090532111","order_sn":"2018060320391016232","price":16}

2018-06-03 20:41:37 {"merchant_id":"1499456762","key":"","authCode":"134690096668801665","order_sn":"2018060320413718167","price":11}

2018-06-03 20:46:09 {"merchant_id":"1499456762","key":"","authCode":"134678320135428163","order_sn":"2018060320460967085","price":20}

2018-06-03 20:46:47 {"merchant_id":"1499456762","key":"","authCode":"134506093073773078","order_sn":"2018060320464785160","price":11}

2018-06-03 20:58:49 {"merchant_id":"1499456762","key":"","authCode":"134666882823705150","order_sn":"2018060320584988078","price":22}

2018-06-03 21:00:15 {"merchant_id":"1499456762","key":"","authCode":"134702417284585044","order_sn":"2018060321001587161","price":17}

2018-06-03 21:02:22 {"merchant_id":"1499456762","key":"","authCode":"134662932700077316","order_sn":"2018060321022232791","price":10}

2018-06-03 21:08:40 {"merchant_id":"1499456762","key":"","authCode":"135012093463021101","order_sn":"2018060321084031504","price":13}

2018-06-03 21:09:29 {"merchant_id":"1499456762","key":"","authCode":"134966996686947793","order_sn":"2018060321092935260","price":7}

2018-06-03 21:10:02 {"merchant_id":"1499456762","key":"","authCode":"134662355747690803","order_sn":"2018060321100294874","price":8}

2018-06-03 21:11:36 {"merchant_id":"1499456762","key":"","authCode":"134746640198728406","order_sn":"2018060321113616159","price":12}

2018-06-03 21:12:59 {"merchant_id":"1499456762","key":"","authCode":"134506528918076967","order_sn":"2018060321125960821","price":8}

2018-06-03 21:13:58 {"merchant_id":"1499456762","key":"","authCode":"134990896362550767","order_sn":"2018060321135835930","price":13.8}

2018-06-03 21:15:39 {"merchant_id":"1499456762","key":"","authCode":"134891306608133738","order_sn":"2018060321153995418","price":78}

2018-06-03 21:21:05 {"merchant_id":"1499456762","key":"","authCode":"135228976536217732","order_sn":"2018060321210525925","price":35}

2018-06-03 21:26:09 {"merchant_id":"1490350062","key":"","authCode":"135207729141225982","order_sn":"2018060321260915302","price":100}

2018-06-03 21:28:47 {"merchant_id":"1499456762","key":"","authCode":"134665644674283830","order_sn":"2018060321284721290","price":8}

2018-06-03 21:30:14 {"merchant_id":"1499456762","key":"","authCode":"134640658068794669","order_sn":"2018060321301497472","price":43}

2018-06-03 21:36:30 {"merchant_id":"1499456762","key":"","authCode":"134719543414428013","order_sn":"2018060321363023829","price":6.7}

2018-06-03 21:37:03 {"merchant_id":"1499456762","key":"","authCode":"134832814206513489","order_sn":"2018060321370332925","price":4}

2018-06-03 23:01:53 {"merchant_id":"1490350062","key":"","authCode":"134642125471092849","order_sn":"2018060323015312601","price":25}

2018-06-03 23:03:32 {"merchant_id":"1490350062","key":"","authCode":"135556850191936222","order_sn":"2018060323033292489","price":300}

2018-06-03 23:30:44 {"merchant_id":"1490350062","key":"","authCode":"134625716688288014","order_sn":"2018060323304486914","price":300}

2018-06-03 23:35:32 {"merchant_id":"1490350062","key":"","authCode":"134657232679851736","order_sn":"2018060323353221009","price":300}

