2018-05-17 00:07:09 {"merchant_id":"1490350062","key":"","authCode":"134638400406383028","order_sn":"2018051700070974523","price":200}

2018-05-17 02:19:20 {"merchant_id":"2088822285099072","key":"201710BBaa55e11a995b41488709d94fe3bfbX07","authCode":"283160894500136620","order_sn":"2018051702192041663","price":300}

2018-05-17 02:19:20 {"app_id":"2017071207730667","method":"alipay.trade.pay","charset":"utf-8","sign_type":"RSA","app_auth_token":"201710BBaa55e11a995b41488709d94fe3bfbX07","timestamp":"2018-05-17 02:19:20","version":"1.0","biz_content":"{\"out_trade_no\":\"2018051702192041663\",\"scene\":\"bar_code\",\"auth_code\":\"283160894500136620\",\"subject\":\"\\u8ba2\\u5355\\u53f7:2018051702192041663\",\"seller_id\":\"2088822285099072\",\"total_amount\":300,\"extend_params\":{\"sys_service_provider_id\":\"2088721521881652\"}}","sign":"F1PRRLPubUZniKcL7+SBFr2yrPBkilAPAZIQ02ijwuR8shy0+eOBmvWrvrc\/m+kBoP7eIvsDK4iBnskK+oWZTAQKucWMIUBb2EYZAvufxMpdIceP1iudFc5f+tlhDbez9QRZJuprEWNeeXBydlB3Yv6VZ1xLSOY9\/SI2EuSpJr4="}

2018-05-17 02:19:21 {"alipay_trade_pay_response":{"code":"10000","msg":"Success","buyer_logon_id":"157****0551","buyer_pay_amount":"300.00","buyer_user_id":"2088522380438223","fund_bill_list":[{"amount":"300.00","fund_channel":"PCREDIT"}],"gmt_payment":"2018-05-17 02:19:21","invoice_amount":"300.00","out_trade_no":"2018051702192041663","point_amount":"0.00","receipt_amount":"300.00","total_amount":"300.00","trade_no":"2018051721001004220577751873"},"sign":"Q22YEh9A0t/LZNzKly01yCvpKTq/K0e/6w6OK6+6EEBOc6vlZPPjnSGCmOcYAtiX8f7SYYX4VyGiWGTHE0WEwx/GH0rw11e9SsiboSfMvU+ISaRUPgs6UNHV70WYp6eRgFwTujlR6wkGfb7Fda0qBmN2mBxFHf7lOf1eRd/lWvk="}

2018-05-17 07:42:36 {"merchant_id":"1499456762","key":"","authCode":"134787016504252030","order_sn":"2018051707423638154","price":9}

2018-05-17 08:14:44 {"merchant_id":"1499456762","key":"","authCode":"134641183691823060","order_sn":"2018051708144435298","price":8}

2018-05-17 08:16:46 {"merchant_id":"1499456762","key":"","authCode":"134723052259637364","order_sn":"2018051708164636172","price":8}

2018-05-17 08:39:29 {"merchant_id":"1499456762","key":"","authCode":"135649870843349283","order_sn":"2018051708392817386","price":8}

2018-05-17 08:41:06 {"merchant_id":"2088822285099072","key":"201710BBaa55e11a995b41488709d94fe3bfbX07","authCode":"287888158490647079","order_sn":"2018051708410619759","price":47}

2018-05-17 08:41:06 {"app_id":"2017071207730667","method":"alipay.trade.pay","charset":"utf-8","sign_type":"RSA","app_auth_token":"201710BBaa55e11a995b41488709d94fe3bfbX07","timestamp":"2018-05-17 08:41:06","version":"1.0","biz_content":"{\"out_trade_no\":\"2018051708410619759\",\"scene\":\"bar_code\",\"auth_code\":\"287888158490647079\",\"subject\":\"\\u8ba2\\u5355\\u53f7:2018051708410619759\",\"seller_id\":\"2088822285099072\",\"total_amount\":47,\"extend_params\":{\"sys_service_provider_id\":\"2088721521881652\"}}","sign":"ml7wbqETajWxFSXfFrMf3mKBBzfA7bb9j3KICRgwQB7mHs55ZiC7n\/J+UCmQvVApH3CVRCQY8J4MXurMwWWev6faOp+EGpAQqzMmTQGRdTF3g2yy73ZwZnWkFURT\/FLyWNvWc4CoUCB1sVmYAqgwzm7XG141qpR3EvpEkxmN3nc="}

2018-05-17 08:41:07 {"alipay_trade_pay_response":{"code":"10000","msg":"Success","buyer_logon_id":"418***@qq.com","buyer_pay_amount":"47.00","buyer_user_id":"2088112121251602","fund_bill_list":[{"amount":"47.00","fund_channel":"PCREDIT"}],"gmt_payment":"2018-05-17 08:41:07","invoice_amount":"47.00","out_trade_no":"2018051708410619759","point_amount":"0.00","receipt_amount":"47.00","total_amount":"47.00","trade_no":"2018051721001004600547158778"},"sign":"Ot+1jPtwAelnqYE0Aa0mAmWES4oC1w38mkZEG75t7rLvTW87CadJSSEtYJm3+F4OfRwgtwwsrXEqc7yxnXToZYq9eD/+owW9XES5GbRM74JbOTZuL2hqC+3WAZs/djUNvIhDwcXNFHm9B4BmQWgFAUv9YpY8a9srlEK9pl483R4="}

2018-05-17 09:00:42 {"merchant_id":"1499456762","key":"","authCode":"134979409563431897","order_sn":"2018051709004277527","price":300}

2018-05-17 09:13:49 {"merchant_id":"1499456762","key":"","authCode":"134704145951030390","order_sn":"2018051709134953261","price":15}

2018-05-17 09:18:26 {"merchant_id":"1499456762","key":"","authCode":"134642686296121507","order_sn":"2018051709182695507","price":8}

2018-05-17 09:25:40 {"merchant_id":"1499456762","key":"","authCode":"134938947987648806","order_sn":"2018051709254098931","price":7}

2018-05-17 09:46:51 {"merchant_id":"1499456762","key":"","authCode":"135042185901254847","order_sn":"2018051709465175390","price":5}

2018-05-17 10:02:58 {"merchant_id":"1499456762","key":"","authCode":"134893976059027177","order_sn":"2018051710025887767","price":16}

2018-05-17 10:20:00 {"merchant_id":"1499456762","key":"","authCode":"134506144851411494","order_sn":"2018051710200045561","price":16}

2018-05-17 10:24:40 {"merchant_id":"1499456762","key":"","authCode":"134731926985675672","order_sn":"2018051710244016135","price":9}

2018-05-17 10:28:04 {"merchant_id":"1499456762","key":"","authCode":"134625596675812417","order_sn":"2018051710280464143","price":200}

2018-05-17 10:29:06 {"merchant_id":"1499456762","key":"","authCode":"134543511251209435","order_sn":"2018051710290696343","price":5}

2018-05-17 10:32:24 {"merchant_id":"1499456762","key":"","authCode":"134740491866459223","order_sn":"2018051710322410234","price":33}

2018-05-17 10:53:32 {"merchant_id":"1499456762","key":"","authCode":"134565791877506973","order_sn":"2018051710533272229","price":4}

2018-05-17 11:01:31 {"merchant_id":"1499456762","key":"","authCode":"134758318701399449","order_sn":"2018051711013136198","price":19}

2018-05-17 11:04:54 {"merchant_id":"1499456762","key":"","authCode":"134505747905019063","order_sn":"2018051711045480860","price":22}

2018-05-17 11:06:17 {"merchant_id":"1499456762","key":"","authCode":"134608179469107833","order_sn":"2018051711061766826","price":11}

2018-05-17 11:14:34 {"merchant_id":"1493159782","key":"","authCode":"134619353066875340","order_sn":"2018051711143485801","price":800}

2018-05-17 11:28:33 {"merchant_id":"1499456762","key":"","authCode":"134928131821898624","order_sn":"2018051711283311068","price":23}

2018-05-17 11:34:00 {"merchant_id":"1499456762","key":"","authCode":"134955666823069961","order_sn":"2018051711340054985","price":49}

2018-05-17 11:35:23 {"merchant_id":"1499456762","key":"","authCode":"134504571218415618","order_sn":"2018051711352397403","price":56}

2018-05-17 11:37:27 {"merchant_id":"1499456762","key":"","authCode":"134556194688932716","order_sn":"2018051711372710254","price":28}

2018-05-17 11:44:21 {"merchant_id":"1499456762","key":"","authCode":"134639475611531458","order_sn":"2018051711442145807","price":128}

2018-05-17 11:47:00 {"merchant_id":"1499456762","key":"","authCode":"134699782682304659","order_sn":"2018051711470011196","price":13}

2018-05-17 11:47:45 {"merchant_id":"1499456762","key":"","authCode":"134884127387656561","order_sn":"2018051711474567733","price":17}

2018-05-17 11:51:39 {"merchant_id":"1499456762","key":"","authCode":"134696750965585050","order_sn":"2018051711513933461","price":10}

2018-05-17 11:57:00 {"merchant_id":"1499456762","key":"","authCode":"134570826510565014","order_sn":"2018051711570026410","price":32}

2018-05-17 12:24:28 {"merchant_id":"1499456762","key":"","authCode":"134631284395810415","order_sn":"2018051712242877552","price":8}

2018-05-17 12:25:26 {"merchant_id":"1499456762","key":"","authCode":"134791351821317642","order_sn":"2018051712252648320","price":15}

2018-05-17 12:34:45 {"merchant_id":"1499456762","key":"","authCode":"134530372959319171","order_sn":"2018051712344493781","price":300}

2018-05-17 12:37:10 {"merchant_id":"1499456762","key":"","authCode":"135170177159292536","order_sn":"2018051712371092819","price":200}

2018-05-17 12:40:25 {"merchant_id":"1499456762","key":"","authCode":"134685713945422936","order_sn":"2018051712402534425","price":91}

2018-05-17 13:53:02 {"merchant_id":"1499456762","key":"","authCode":"134848815012154507","order_sn":"2018051713530233727","price":28}

2018-05-17 14:42:38 {"merchant_id":"1499456762","key":"","authCode":"134581639939890262","order_sn":"2018051714423826244","price":28.5}

2018-05-17 14:43:54 {"merchant_id":"1499456762","key":"","authCode":"134585509710617228","order_sn":"2018051714435466244","price":6.5}

2018-05-17 14:49:10 {"merchant_id":"1490350062","key":"","authCode":"135343585189461226","order_sn":"2018051714491086208","price":200}

2018-05-17 14:59:31 {"merchant_id":"1499456762","key":"","authCode":"134528917620055202","order_sn":"2018051714593158389","price":6}

2018-05-17 15:02:56 {"merchant_id":"1499456762","key":"","authCode":"134905718637841596","order_sn":"2018051715025626208","price":15}

2018-05-17 15:23:15 {"merchant_id":"1493159782","key":"","authCode":"134650392773164937","order_sn":"2018051715231567577","price":138}

2018-05-17 15:34:46 {"merchant_id":"1499456762","key":"","authCode":"134610589073533299","order_sn":"2018051715344657541","price":18}

2018-05-17 15:35:28 {"merchant_id":"1499456762","key":"","authCode":"134689495654142817","order_sn":"2018051715352812410","price":18}

2018-05-17 15:35:52 {"merchant_id":"1499456762","key":"","authCode":"134787817843218402","order_sn":"2018051715355295742","price":44}

2018-05-17 15:46:11 {"merchant_id":"1493159782","key":"","authCode":"134633511227225671","order_sn":"2018051715461173586","price":300}

2018-05-17 16:00:20 {"merchant_id":"1490350062","key":"","authCode":"134606830933611676","order_sn":"2018051716002024478","price":300}

2018-05-17 16:06:06 {"merchant_id":"1499456762","key":"","authCode":"135058163368737948","order_sn":"2018051716060693257","price":200}

2018-05-17 16:16:35 {"merchant_id":"1499456762","key":"","authCode":"134750014923321857","order_sn":"2018051716163520745","price":15}

2018-05-17 16:19:36 {"merchant_id":"1499456762","key":"","authCode":"134969973734881647","order_sn":"2018051716193677345","price":20}

2018-05-17 16:25:51 {"merchant_id":"1499456762","key":"","authCode":"134527308292349638","order_sn":"2018051716255134687","price":128}

2018-05-17 16:30:50 {"merchant_id":"1499456762","key":"","authCode":"134943213547055831","order_sn":"2018051716305025722","price":35}

2018-05-17 16:44:18 {"merchant_id":"1499456762","key":"","authCode":"134931624442679246","order_sn":"2018051716441888424","price":17}

2018-05-17 16:52:20 {"merchant_id":"1499456762","key":"","authCode":"134922465527160499","order_sn":"2018051716522056564","price":7}

2018-05-17 16:54:08 {"merchant_id":"1499456762","key":"","authCode":"134746240909711082","order_sn":"2018051716540857395","price":21}

2018-05-17 16:54:40 {"merchant_id":"1490350062","key":"","authCode":"134666406341478075","order_sn":"2018051716544081538","price":58}

2018-05-17 17:02:11 {"merchant_id":"1493159782","key":"","authCode":"135046324963150280","order_sn":"2018051717021189336","price":300}

2018-05-17 17:05:32 {"merchant_id":"1499456762","key":"","authCode":"134641190948451339","order_sn":"2018051717053223443","price":44}

2018-05-17 17:05:37 {"merchant_id":"1499456762","key":"","authCode":"134723277603341110","order_sn":"2018051717053750817","price":8}

2018-05-17 17:10:16 {"merchant_id":"1499456762","key":"","authCode":"134573261635152797","order_sn":"2018051717101620652","price":71}

2018-05-17 17:10:27 {"merchant_id":"1490350062","key":"","authCode":"135569193062019533","order_sn":"2018051717102797604","price":100}

2018-05-17 17:14:53 {"merchant_id":"1499456762","key":"","authCode":"135590604546602445","order_sn":"2018051717145344545","price":20}

2018-05-17 17:15:18 {"merchant_id":"1499456762","key":"","authCode":"134630068747963705","order_sn":"2018051717151882504","price":44}

2018-05-17 17:20:37 {"merchant_id":"1499456762","key":"","authCode":"134583878550112482","order_sn":"2018051717203729429","price":128}

2018-05-17 17:23:45 {"merchant_id":"1499456762","key":"","authCode":"134543386562823735","order_sn":"2018051717234584937","price":15}

2018-05-17 17:52:45 {"merchant_id":"1499456762","key":"","authCode":"134653565999731874","order_sn":"2018051717524589678","price":11}

2018-05-17 17:59:07 {"merchant_id":"1499456762","key":"","authCode":"135336867285681768","order_sn":"2018051717590719365","price":15}

2018-05-17 18:01:35 {"merchant_id":"1499456762","key":"","authCode":"135312911536439539","order_sn":"2018051718013557660","price":66.5}

2018-05-17 18:02:18 {"merchant_id":"1499456762","key":"","authCode":"134653223755443888","order_sn":"2018051718021876002","price":5}

2018-05-17 18:08:53 {"merchant_id":"1499456762","key":"","authCode":"134717566931825765","order_sn":"2018051718085379769","price":69}

2018-05-17 18:10:12 {"merchant_id":"1499456762","key":"","authCode":"134873151588549179","order_sn":"2018051718101243417","price":14}

2018-05-17 18:11:02 {"merchant_id":"1499456762","key":"","authCode":"134692336174337880","order_sn":"2018051718110296504","price":18.5}

2018-05-17 18:11:14 {"merchant_id":"1499456762","key":"","authCode":"134615723775545903","order_sn":"2018051718111496257","price":15}

2018-05-17 18:19:53 {"merchant_id":"1499456762","key":"","authCode":"134901627568962974","order_sn":"2018051718195339333","price":26}

2018-05-17 18:20:13 {"merchant_id":"1499456762","key":"","authCode":"134532595020816218","order_sn":"2018051718201337592","price":5}

2018-05-17 18:29:59 {"merchant_id":"1499456762","key":"","authCode":"134530143665335847","order_sn":"2018051718295986961","price":8}

2018-05-17 18:41:29 {"merchant_id":"1499456762","key":"","authCode":"134523888702004775","order_sn":"2018051718412956159","price":12}

2018-05-17 18:49:23 {"merchant_id":"1490350062","key":"","authCode":"134572695541751238","order_sn":"2018051718492314442","price":120}

2018-05-17 18:51:24 {"merchant_id":"1499456762","key":"","authCode":"134899720772783120","order_sn":"2018051718512439332","price":15}

2018-05-17 18:51:32 {"merchant_id":"1499456762","key":"","authCode":"134716879486169917","order_sn":"2018051718513245905","price":3}

2018-05-17 18:51:56 {"merchant_id":"1499456762","key":"","authCode":"134706083174275818","order_sn":"2018051718515630982","price":8}

2018-05-17 18:55:00 {"merchant_id":"1499456762","key":"","authCode":"134554047173724050","order_sn":"2018051718550089618","price":11}

2018-05-17 19:01:20 {"merchant_id":"1499456762","key":"","authCode":"134638768589988291","order_sn":"2018051719011911314","price":28}

2018-05-17 19:04:29 {"merchant_id":"1499456762","key":"","authCode":"134599944103341485","order_sn":"2018051719042980547","price":2}

2018-05-17 19:07:24 {"merchant_id":"1499456762","key":"","authCode":"134554390279628613","order_sn":"2018051719072451110","price":43}

2018-05-17 19:09:22 {"merchant_id":"1499456762","key":"","authCode":"134758544423837986","order_sn":"2018051719092276309","price":128}

2018-05-17 19:12:27 {"merchant_id":"1499456762","key":"","authCode":"134683382243014282","order_sn":"2018051719122762489","price":50}

2018-05-17 19:20:24 {"merchant_id":"1499456762","key":"","authCode":"134692440097898253","order_sn":"2018051719202473322","price":13}

2018-05-17 19:24:32 {"merchant_id":"1499456762","key":"","authCode":"134555314979715331","order_sn":"2018051719243279355","price":13}

2018-05-17 19:29:18 {"merchant_id":"1499456762","key":"","authCode":"134690030237251178","order_sn":"2018051719291883952","price":44}

2018-05-17 19:45:34 {"merchant_id":"1493159782","key":"","authCode":"134629360198350550","order_sn":"2018051719453412514","price":300}

2018-05-17 19:46:55 {"merchant_id":"1499456762","key":"","authCode":"134632173249737801","order_sn":"2018051719465424619","price":8}

2018-05-17 19:48:53 {"merchant_id":"1499456762","key":"","authCode":"134571171661824321","order_sn":"2018051719485311981","price":12}

2018-05-17 19:49:07 {"merchant_id":"1499456762","key":"","authCode":"134718611321134611","order_sn":"2018051719490749257","price":12}

2018-05-17 19:52:06 {"merchant_id":"1490350062","key":"","authCode":"134719906206776518","order_sn":"2018051719520633897","price":100}

2018-05-17 19:52:48 {"merchant_id":"1499456762","key":"","authCode":"134589777197218364","order_sn":"2018051719524845926","price":15}

2018-05-17 19:55:37 {"merchant_id":"1499456762","key":"","authCode":"134632691502365612","order_sn":"2018051719553771558","price":24}

2018-05-17 20:10:21 {"merchant_id":"1499456762","key":"","authCode":"134648779475711756","order_sn":"2018051720102172849","price":8}

2018-05-17 20:11:35 {"merchant_id":"1499456762","key":"","authCode":"134968689496263967","order_sn":"2018051720113591349","price":19}

2018-05-17 20:12:02 {"merchant_id":"1499456762","key":"","authCode":"134851629397971271","order_sn":"2018051720120249477","price":8}

2018-05-17 20:18:52 {"merchant_id":"1499456762","key":"","authCode":"134903466220415317","order_sn":"2018051720185193657","price":23.5}

2018-05-17 20:20:32 {"merchant_id":"1499456762","key":"","authCode":"134905906372639197","order_sn":"2018051720203223223","price":8}

2018-05-17 20:22:15 {"merchant_id":"1499456762","key":"","authCode":"134644753794607723","order_sn":"2018051720221513914","price":23}

2018-05-17 20:28:58 {"merchant_id":"1499456762","key":"","authCode":"134604076117005510","order_sn":"2018051720285836770","price":14}

2018-05-17 20:30:21 {"merchant_id":"1499456762","key":"","authCode":"134520120994181371","order_sn":"2018051720302143130","price":7}

2018-05-17 20:31:12 {"merchant_id":"1499456762","key":"","authCode":"134606543560842385","order_sn":"2018051720311222139","price":38}

2018-05-17 20:33:17 {"merchant_id":"1499456762","key":"","authCode":"134642365626053440","order_sn":"2018051720331759430","price":66}

2018-05-17 20:34:41 {"merchant_id":"1493159782","key":"","authCode":"134505346187066911","order_sn":"2018051720344134248","price":400}

2018-05-17 20:36:31 {"merchant_id":"1499456762","key":"","authCode":"136022774718034515","order_sn":"2018051720363151977","price":52}

2018-05-17 20:36:39 {"merchant_id":"1499456762","key":"","authCode":"135132666485339257","order_sn":"2018051720363929801","price":10}

2018-05-17 20:39:09 {"merchant_id":"1499456762","key":"","authCode":"134547285812088009","order_sn":"2018051720390988155","price":5}

2018-05-17 20:44:25 {"merchant_id":"1490350062","key":"","authCode":"135184090399591124","order_sn":"2018051720442523356","price":100}

2018-05-17 20:46:01 {"merchant_id":"1499456762","key":"","authCode":"134710723678487173","order_sn":"2018051720460144197","price":7}

2018-05-17 20:47:16 {"merchant_id":"1490350062","key":"","authCode":"135266777482712754","order_sn":"2018051720471632485","price":100}

2018-05-17 20:48:47 {"merchant_id":"1499456762","key":"","authCode":"134633449689570053","order_sn":"2018051720484771941","price":7}

2018-05-17 20:52:19 {"merchant_id":"1499456762","key":"","authCode":"134619106671469472","order_sn":"2018051720521932048","price":23}

2018-05-17 20:53:35 {"merchant_id":"1490350062","key":"","authCode":"134592817573045011","order_sn":"2018051720533516487","price":300}

2018-05-17 21:04:42 {"merchant_id":"1499456762","key":"","authCode":"134976003877438997","order_sn":"2018051721044264632","price":7}

2018-05-17 21:10:19 {"merchant_id":"1499456762","key":"","authCode":"134622360575748461","order_sn":"2018051721101911184","price":8.5}

2018-05-17 21:16:56 {"merchant_id":"1499456762","key":"","authCode":"134666859005238898","order_sn":"2018051721165623478","price":6}

2018-05-17 21:23:59 {"merchant_id":"1499456762","key":"","authCode":"134872966524702052","order_sn":"2018051721235980936","price":8}

2018-05-17 21:31:37 {"merchant_id":"2088822285099072","key":"201710BBaa55e11a995b41488709d94fe3bfbX07","authCode":"287617256084267472","order_sn":"2018051721313711123","price":300}

2018-05-17 21:31:37 {"app_id":"2017071207730667","method":"alipay.trade.pay","charset":"utf-8","sign_type":"RSA","app_auth_token":"201710BBaa55e11a995b41488709d94fe3bfbX07","timestamp":"2018-05-17 21:31:37","version":"1.0","biz_content":"{\"out_trade_no\":\"2018051721313711123\",\"scene\":\"bar_code\",\"auth_code\":\"287617256084267472\",\"subject\":\"\\u8ba2\\u5355\\u53f7:2018051721313711123\",\"seller_id\":\"2088822285099072\",\"total_amount\":300,\"extend_params\":{\"sys_service_provider_id\":\"2088721521881652\"}}","sign":"OpMb7slHMyqvEZVHFzOInS1QaUl0lRWj1Gy\/JLJR\/lcsaiND2efMzrwZqkaL8xgaVzpyQkAHWqJK9ctA1OPLgdOdZ\/A6Xi0hOqEZtWz+Jj3ejVpuyUOu\/pNC12Jzbj7YeUL4ppa8MOOaB+G3Mr+lhhXOrM6q4X9pB6V65rRhkas="}

2018-05-17 21:31:38 {"alipay_trade_pay_response":{"code":"10000","msg":"Success","buyer_logon_id":"156****0333","buyer_pay_amount":"300.00","buyer_user_id":"2088922918325302","fund_bill_list":[{"amount":"300.00","fund_channel":"ALIPAYACCOUNT"}],"gmt_payment":"2018-05-17 21:31:38","invoice_amount":"300.00","out_trade_no":"2018051721313711123","point_amount":"0.00","receipt_amount":"300.00","total_amount":"300.00","trade_no":"2018051721001004300561753468"},"sign":"vXFUOfCNRfFBNnnC9IpzPFHtEVa3CSHmsxrDuC8zaWLcnid/gfKAfgxnI+Z7MsHuIBqChe8GXFXtkzvzB8OMulwXARo3qkdCTj3vWWCW44qzwVbQGRLa4+BUuox7FgMBD257BDDjQfpqMbRbFSCcEkUaj7EZaCTBPQ10lG5BzNM="}

2018-05-17 21:34:49 {"merchant_id":"1499456762","key":"","authCode":"134760431448187974","order_sn":"2018051721344921530","price":16}

2018-05-17 23:24:47 {"merchant_id":"1493159782","key":"","authCode":"134519389202848482","order_sn":"2018051723244756083","price":500}

