2018-06-09 06:32:34 {"merchant_id":"1493159782","key":"","authCode":"134522802734582053","order_sn":"2018060906323458553","price":300}

2018-06-09 07:53:41 {"merchant_id":"1499456762","key":"","authCode":"134542674364331683","order_sn":"2018060907534129197","price":16}

2018-06-09 08:28:30 {"merchant_id":"1499456762","key":"","authCode":"134629621343848000","order_sn":"2018060908283097985","price":8}

2018-06-09 08:31:41 {"merchant_id":"1499456762","key":"","authCode":"134780566004611925","order_sn":"2018060908314151482","price":8}

2018-06-09 08:32:30 {"merchant_id":"1499456762","key":"","authCode":"134729433684653742","order_sn":"2018060908323072789","price":29}

2018-06-09 08:39:56 {"merchant_id":"1499456762","key":"","authCode":"134762029378527568","order_sn":"2018060908395612040","price":128}

2018-06-09 08:43:10 {"merchant_id":"1499456762","key":"","authCode":"134730164538983005","order_sn":"2018060908431090775","price":26.5}

2018-06-09 08:49:30 {"merchant_id":"1499456762","key":"","authCode":"135467885103791044","order_sn":"2018060908493025320","price":9}

2018-06-09 09:04:20 {"merchant_id":"1499456762","key":"","authCode":"134663826215823941","order_sn":"2018060909042022362","price":4}

2018-06-09 09:13:01 {"merchant_id":"1499456762","key":"","authCode":"134566601609917405","order_sn":"2018060909130191471","price":9}

2018-06-09 09:20:19 {"merchant_id":"1499456762","key":"","authCode":"134529457880265737","order_sn":"2018060909201928939","price":13}

2018-06-09 09:20:49 {"merchant_id":"1499456762","key":"","authCode":"134754383092172327","order_sn":"2018060909204996323","price":108}

2018-06-09 09:23:31 {"merchant_id":"1499456762","key":"","authCode":"134708421826285513","order_sn":"2018060909233123294","price":128}

2018-06-09 09:26:14 {"merchant_id":"1499456762","key":"","authCode":"134619306086267196","order_sn":"2018060909261450096","price":12}

2018-06-09 09:28:58 {"merchant_id":"1499456762","key":"","authCode":"135564218837346134","order_sn":"2018060909285845579","price":38}

2018-06-09 09:34:06 {"merchant_id":"1499456762","key":"","authCode":"134728008922240093","order_sn":"2018060909340637247","price":8}

2018-06-09 09:42:06 {"merchant_id":"1499456762","key":"","authCode":"135033652633697700","order_sn":"2018060909420613355","price":22}

2018-06-09 09:44:10 {"merchant_id":"1499456762","key":"","authCode":"134649234275170569","order_sn":"2018060909440955077","price":9}

2018-06-09 10:00:09 {"merchant_id":"1499456762","key":"","authCode":"135034803660425679","order_sn":"2018060910000970050","price":16}

2018-06-09 10:15:20 {"merchant_id":"1499456762","key":"","authCode":"135041678828813938","order_sn":"2018060910152092006","price":58}

2018-06-09 10:18:37 {"merchant_id":"1499456762","key":"","authCode":"134692240862588868","order_sn":"2018060910183796770","price":8.5}

2018-06-09 10:21:22 {"merchant_id":"1499456762","key":"","authCode":"134574314938674384","order_sn":"2018060910212226491","price":15}

2018-06-09 10:22:29 {"merchant_id":"1499456762","key":"","authCode":"134742067054142625","order_sn":"2018060910222944201","price":31}

2018-06-09 10:23:55 {"merchant_id":"1499456762","key":"","authCode":"134719790993541188","order_sn":"2018060910235516722","price":26}

2018-06-09 10:24:40 {"merchant_id":"1499456762","key":"","authCode":"134655685250807335","order_sn":"2018060910244077960","price":12}

2018-06-09 10:25:23 {"merchant_id":"1499456762","key":"","authCode":"134677154455445886","order_sn":"2018060910252373396","price":5}

2018-06-09 10:27:45 {"merchant_id":"1499456762","key":"","authCode":"134712697756106404","order_sn":"2018060910274511504","price":9.6}

2018-06-09 10:28:00 {"merchant_id":"1499456762","key":"","authCode":"134518743505911748","order_sn":"2018060910280032348","price":46}

2018-06-09 10:29:52 {"merchant_id":"1499456762","key":"","authCode":"135577156986963890","order_sn":"2018060910295298505","price":6}

2018-06-09 10:36:56 {"merchant_id":"1499456762","key":"","authCode":"134617646753871512","order_sn":"2018060910365623448","price":25}

2018-06-09 10:37:40 {"merchant_id":"1499456762","key":"","authCode":"134699989564056093","order_sn":"2018060910374065820","price":4}

2018-06-09 10:41:16 {"merchant_id":"1499456762","key":"","authCode":"135181462213688420","order_sn":"2018060910411681664","price":46}

2018-06-09 10:43:31 {"merchant_id":"1499456762","key":"","authCode":"134584949411526352","order_sn":"2018060910433178629","price":1}

2018-06-09 10:45:55 {"merchant_id":"1499456762","key":"","authCode":"134713042474832227","order_sn":"2018060910455538274","price":20}

2018-06-09 10:51:12 {"merchant_id":"1499456762","key":"","authCode":"134676848277878311","order_sn":"2018060910511297650","price":10}

2018-06-09 11:02:24 {"merchant_id":"1499456762","key":"","authCode":"134662389284254909","order_sn":"2018060911022453585","price":9}

2018-06-09 11:02:35 {"merchant_id":"1499456762","key":"","authCode":"134542335197747710","order_sn":"2018060911023521575","price":13}

2018-06-09 11:06:30 {"merchant_id":"1499456762","key":"","authCode":"134700733916441305","order_sn":"2018060911062935102","price":8}

2018-06-09 11:11:52 {"merchant_id":"1499456762","key":"","authCode":"134588228611814944","order_sn":"2018060911115226550","price":23}

2018-06-09 11:21:25 {"merchant_id":"1499456762","key":"","authCode":"134758685760449744","order_sn":"2018060911212590015","price":42.5}

2018-06-09 11:22:09 {"merchant_id":"1499456762","key":"","authCode":"134855430096033415","order_sn":"2018060911220927252","price":5}

2018-06-09 11:44:52 {"merchant_id":"1499456762","key":"","authCode":"134645283850098966","order_sn":"2018060911445270274","price":49}

2018-06-09 11:49:29 {"merchant_id":"1499456762","key":"","authCode":"134657259165021783","order_sn":"2018060911492934768","price":21}

2018-06-09 11:51:07 {"merchant_id":"1499456762","key":"","authCode":"134547819014457943","order_sn":"2018060911510719021","price":20}

2018-06-09 12:16:28 {"merchant_id":"1499456762","key":"","authCode":"134630941665624233","order_sn":"2018060912162881264","price":38}

2018-06-09 12:26:21 {"merchant_id":"1499456762","key":"","authCode":"134910213918198746","order_sn":"2018060912262129175","price":25}

2018-06-09 12:33:34 {"merchant_id":"1499456762","key":"","authCode":"134613432481999320","order_sn":"2018060912333425700","price":29}

2018-06-09 12:37:46 {"merchant_id":"1499456762","key":"","authCode":"134720163809617573","order_sn":"2018060912374624122","price":100}

2018-06-09 12:45:43 {"merchant_id":"1499456762","key":"","authCode":"134682626169171790","order_sn":"2018060912454386141","price":25}

2018-06-09 12:47:44 {"merchant_id":"1499456762","key":"","authCode":"135182514344721655","order_sn":"2018060912474357779","price":9}

2018-06-09 12:49:51 {"merchant_id":"1499456762","key":"","authCode":"134691227301417583","order_sn":"2018060912495173598","price":20}

2018-06-09 12:53:31 {"merchant_id":"1499456762","key":"","authCode":"134808206076879202","order_sn":"2018060912533185348","price":11}

2018-06-09 12:54:34 {"merchant_id":"1499456762","key":"","authCode":"134796535963112724","order_sn":"2018060912543477631","price":15}

2018-06-09 13:05:16 {"merchant_id":"1499456762","key":"","authCode":"134811720324886103","order_sn":"2018060913051679973","price":8}

2018-06-09 13:20:52 {"merchant_id":"1499456762","key":"","authCode":"134673134280319032","order_sn":"2018060913205276026","price":21.5}

2018-06-09 13:26:29 {"merchant_id":"1499456762","key":"","authCode":"135613813430736770","order_sn":"2018060913262919867","price":18}

2018-06-09 13:26:58 {"merchant_id":"1499456762","key":"","authCode":"134998497993571757","order_sn":"2018060913265872593","price":18}

2018-06-09 13:32:07 {"merchant_id":"1499456762","key":"","authCode":"134726166312397719","order_sn":"2018060913320761336","price":15}

2018-06-09 13:41:58 {"merchant_id":"1499456762","key":"","authCode":"134593471531897535","order_sn":"2018060913415885335","price":5}

2018-06-09 13:51:39 {"merchant_id":"1499456762","key":"","authCode":"134701523676606522","order_sn":"2018060913513971738","price":15}

2018-06-09 14:01:21 {"merchant_id":"1499456762","key":"","authCode":"134624461584950614","order_sn":"2018060914012139524","price":5}

2018-06-09 14:22:16 {"merchant_id":"1490350062","key":"","authCode":"135068801739997363","order_sn":"2018060914221688624","price":39}

2018-06-09 14:24:07 {"merchant_id":"2088821827997030","key":"201711BBc699bef5cde842dba6fa5c6bdc706A03","authCode":"284750558927911698","order_sn":"2018060914240727908","price":300}

2018-06-09 14:24:07 {"app_id":"2017071207730667","method":"alipay.trade.pay","charset":"utf-8","sign_type":"RSA","app_auth_token":"201711BBc699bef5cde842dba6fa5c6bdc706A03","timestamp":"2018-06-09 14:24:07","version":"1.0","biz_content":"{\"out_trade_no\":\"2018060914240727908\",\"scene\":\"bar_code\",\"auth_code\":\"284750558927911698\",\"subject\":\"\\u8ba2\\u5355\\u53f7:2018060914240727908\",\"seller_id\":\"2088821827997030\",\"total_amount\":300,\"extend_params\":{\"sys_service_provider_id\":\"2088721521881652\"}}","sign":"Y5TjTYSywlHd1xhiEeDG4OcNw1y7yPwPtbRnFfNS61cpdS\/0ITCE4Uk1g3\/\/BaO0\/Xux3olp0KiGtUCs2\/YlBSR1QIkLdN0ImP2\/IZbnz8X0KDGdfXAez0qaiwLK3icgn6\/MK06kG73AYslkd668wXL93Mrwya4J5CmBKB2MRBw="}

2018-06-09 14:24:08 {"alipay_trade_pay_response":{"code":"10000","msg":"Success","buyer_logon_id":"che***@sohu.com","buyer_pay_amount":"299.89","buyer_user_id":"2088202333730335","fund_bill_list":[{"amount":"299.89","fund_channel":"PCREDIT"},{"amount":"0.11","fund_channel":"DISCOUNT"}],"gmt_payment":"2018-06-09 14:24:08","invoice_amount":"299.89","out_trade_no":"2018060914240727908","point_amount":"0.11","receipt_amount":"300.00","total_amount":"300.00","trade_no":"2018060921001004330577655609"},"sign":"s2qsmGHm6gZuMjZ5I1O2ksJfNkLLzKX+8Z4nDVa30C+Jv6e22DtiawMe7gnXm5m5rA3NeKzx74qgzjkT/ne83fxv1Wkm4B2r7K7hUv6zlnZfQ+oFfVr4PUXprGnUSFoCe4Ub8WeVTLnnsZ/83zwCpCiFbXtCeX1dFZqazkWqiHw="}

2018-06-09 14:36:05 {"merchant_id":"1499456762","key":"","authCode":"134622818630073005","order_sn":"2018060914360550975","price":65}

2018-06-09 14:44:12 {"merchant_id":"1490350062","key":"","authCode":"134587565287644950","order_sn":"2018060914441221167","price":200}

2018-06-09 14:49:41 {"merchant_id":"1499456762","key":"","authCode":"134765736832630498","order_sn":"2018060914494134843","price":18}

2018-06-09 14:50:41 {"merchant_id":"1499456762","key":"","authCode":"134760640383306062","order_sn":"2018060914504197448","price":17}

2018-06-09 14:51:15 {"merchant_id":"1499456762","key":"","authCode":"134759816392297984","order_sn":"2018060914511567795","price":45}

2018-06-09 14:52:26 {"merchant_id":"1499456762","key":"","authCode":"134611276726251332","order_sn":"2018060914522699513","price":10}

2018-06-09 14:57:17 {"merchant_id":"1499456762","key":"","authCode":"134559188716543634","order_sn":"2018060914571751886","price":15}

2018-06-09 14:57:48 {"merchant_id":"1499456762","key":"","authCode":"134683962505546477","order_sn":"2018060914574864019","price":15}

2018-06-09 14:58:44 {"merchant_id":"1493159782","key":"","authCode":"134962169716872623","order_sn":"2018060914584442310","price":200}

2018-06-09 15:02:19 {"merchant_id":"1490350062","key":"","authCode":"134648007796704206","order_sn":"2018060915021989725","price":100}

2018-06-09 15:09:51 {"merchant_id":"1499456762","key":"","authCode":"134620277735259061","order_sn":"2018060915095166435","price":87.5}

2018-06-09 15:28:39 {"merchant_id":"1499456762","key":"","authCode":"134562544571796318","order_sn":"2018060915283976029","price":8.5}

2018-06-09 15:41:04 {"merchant_id":"1499456762","key":"","authCode":"134556143988266555","order_sn":"2018060915410449547","price":19}

2018-06-09 15:42:39 {"merchant_id":"1499456762","key":"","authCode":"134558953319432690","order_sn":"2018060915423955807","price":9}

2018-06-09 15:47:12 {"merchant_id":"1499456762","key":"","authCode":"135075075420170230","order_sn":"2018060915471226581","price":45}

2018-06-09 15:48:19 {"merchant_id":"1493159782","key":"","authCode":"134876132039750326","order_sn":"2018060915481922961","price":200}

2018-06-09 15:48:23 {"merchant_id":"1499456762","key":"","authCode":"134808650265889319","order_sn":"2018060915482396317","price":8}

2018-06-09 15:51:35 {"merchant_id":"2088822285099072","key":"201710BBaa55e11a995b41488709d94fe3bfbX07","authCode":"286893082361173611","order_sn":"2018060915513535565","price":100}

2018-06-09 15:51:35 {"app_id":"2017071207730667","method":"alipay.trade.pay","charset":"utf-8","sign_type":"RSA","app_auth_token":"201710BBaa55e11a995b41488709d94fe3bfbX07","timestamp":"2018-06-09 15:51:35","version":"1.0","biz_content":"{\"out_trade_no\":\"2018060915513535565\",\"scene\":\"bar_code\",\"auth_code\":\"286893082361173611\",\"subject\":\"\\u8ba2\\u5355\\u53f7:2018060915513535565\",\"seller_id\":\"2088822285099072\",\"total_amount\":100,\"extend_params\":{\"sys_service_provider_id\":\"2088721521881652\"}}","sign":"OYf3gwDVduUVzAilr2D2n9gdtgv+GdhVnrQiB\/Gw6XYIIMX5TPoNGOH8qZRRfuh1+NhtPppkeY\/JawhUdSFbKb\/kkXTljvyNiUyj1TNKhe69x9kSnNTq65DFMvgyLcmz3RsHI0SgOxgQPS3L33JGjC9pPRygTZhtLFCrPC06MW8="}

2018-06-09 15:51:36 {"alipay_trade_pay_response":{"code":"10000","msg":"Success","buyer_logon_id":"151****8111","buyer_pay_amount":"100.00","buyer_user_id":"2088922538941955","fund_bill_list":[{"amount":"100.00","fund_channel":"ALIPAYACCOUNT"}],"gmt_payment":"2018-06-09 15:51:36","invoice_amount":"100.00","out_trade_no":"2018060915513535565","point_amount":"0.00","receipt_amount":"100.00","total_amount":"100.00","trade_no":"2018060921001004950557705204"},"sign":"wRk/5CKOXvWY2D3PpOgUALPLWt0rzeALp12Hzlz7zZS7PZHNVxQMszshenVI+aPTWQ0p3aAzmK1nEfBhTYEWs8ErYpnx75G71F307pKZ/dsu+ZqYrF5y5EKg9ksKdyfp+Cf88xkTxNER9cVeTdQHK2nuy92c08GYGp0B4fDH1s4="}

2018-06-09 15:53:36 {"merchant_id":"1499456762","key":"","authCode":"134514805157353092","order_sn":"2018060915533675903","price":28}

2018-06-09 15:57:49 {"merchant_id":"1499456762","key":"","authCode":"134547861452704107","order_sn":"2018060915574943659","price":48.5}

2018-06-09 16:04:42 {"merchant_id":"1493159782","key":"","authCode":"134567294785791603","order_sn":"2018060916044252977","price":200}

2018-06-09 16:05:22 {"merchant_id":"1499456762","key":"","authCode":"134703859194194644","order_sn":"2018060916052214826","price":41}

2018-06-09 16:19:10 {"merchant_id":"1499456762","key":"","authCode":"134528665843220411","order_sn":"2018060916191057926","price":6}

2018-06-09 16:19:30 {"merchant_id":"1499456762","key":"","authCode":"134763604100526932","order_sn":"2018060916193014248","price":47.5}

2018-06-09 16:31:40 {"merchant_id":"1499456762","key":"","authCode":"134544712012119368","order_sn":"2018060916314010639","price":15}

2018-06-09 16:38:24 {"merchant_id":"1499456762","key":"","authCode":"134781350929950387","order_sn":"2018060916382476489","price":17}

2018-06-09 16:38:28 {"merchant_id":"1490350062","key":"","authCode":"134919798907075128","order_sn":"2018060916382876229","price":200}

2018-06-09 16:39:55 {"merchant_id":"1499456762","key":"","authCode":"134792392611152932","order_sn":"2018060916395521182","price":19}

2018-06-09 16:43:16 {"merchant_id":"1499456762","key":"","authCode":"134569984334571677","order_sn":"2018060916431688019","price":54}

2018-06-09 16:46:42 {"merchant_id":"1499456762","key":"","authCode":"134577279365997184","order_sn":"2018060916464297522","price":17}

2018-06-09 16:46:59 {"merchant_id":"1499456762","key":"","authCode":"134723712207373912","order_sn":"2018060916465950264","price":28}

2018-06-09 16:49:20 {"merchant_id":"1499456762","key":"","authCode":"134625536173013528","order_sn":"2018060916492077683","price":10}

2018-06-09 16:50:05 {"merchant_id":"1499456762","key":"","authCode":"134539165865165036","order_sn":"2018060916500542510","price":53}

2018-06-09 16:52:35 {"merchant_id":"1499456762","key":"","authCode":"134510180439573044","order_sn":"2018060916523552385","price":6}

2018-06-09 16:53:21 {"merchant_id":"1499456762","key":"","authCode":"135801010427494372","order_sn":"2018060916532147662","price":6}

2018-06-09 17:02:47 {"merchant_id":"1499456762","key":"","authCode":"135935880497276752","order_sn":"2018060917024713359","price":37}

2018-06-09 17:11:25 {"merchant_id":"1499456762","key":"","authCode":"134852970630601826","order_sn":"2018060917112587591","price":14.5}

2018-06-09 17:16:54 {"merchant_id":"1499456762","key":"","authCode":"134581668952138036","order_sn":"2018060917165428246","price":6}

2018-06-09 17:18:47 {"merchant_id":"1499456762","key":"","authCode":"134879902344802834","order_sn":"2018060917184773011","price":12}

2018-06-09 17:24:51 {"merchant_id":"1499456762","key":"","authCode":"134669098500610100","order_sn":"2018060917245189631","price":4}

2018-06-09 17:25:15 {"merchant_id":"1499456762","key":"","authCode":"134752530219278967","order_sn":"2018060917251579060","price":36}

2018-06-09 17:29:35 {"merchant_id":"1499456762","key":"","authCode":"135255214995220732","order_sn":"2018060917293573639","price":9}

2018-06-09 17:38:54 {"merchant_id":"1499456762","key":"","authCode":"134646102633333295","order_sn":"2018060917385465402","price":30}

2018-06-09 17:40:17 {"merchant_id":"1499456762","key":"","authCode":"134717930073437266","order_sn":"2018060917401718111","price":200}

2018-06-09 17:47:20 {"merchant_id":"1499456762","key":"","authCode":"134750910349916844","order_sn":"2018060917472019389","price":33}

2018-06-09 17:53:33 {"merchant_id":"1499456762","key":"","authCode":"135037669449231573","order_sn":"2018060917533386275","price":15}

2018-06-09 17:55:07 {"merchant_id":"1499456762","key":"","authCode":"135224628823375327","order_sn":"2018060917550725668","price":38}

2018-06-09 17:56:51 {"merchant_id":"1499456762","key":"","authCode":"134559388121168457","order_sn":"2018060917565135161","price":7}

2018-06-09 17:58:08 {"merchant_id":"1499456762","key":"","authCode":"134615320545763531","order_sn":"2018060917580874781","price":9}

2018-06-09 18:07:16 {"merchant_id":"1499456762","key":"","authCode":"135230641531189649","order_sn":"2018060918071681193","price":24}

2018-06-09 18:09:44 {"merchant_id":"1499456762","key":"","authCode":"135077569123344643","order_sn":"2018060918094444501","price":28}

2018-06-09 18:10:17 {"merchant_id":"1499456762","key":"","authCode":"134714445165095777","order_sn":"2018060918101733553","price":30}

2018-06-09 18:12:28 {"merchant_id":"1499456762","key":"","authCode":"134734763420578570","order_sn":"2018060918122878210","price":69}

2018-06-09 18:14:35 {"merchant_id":"1499456762","key":"","authCode":"134521351588636653","order_sn":"2018060918143535992","price":14.5}

2018-06-09 18:21:06 {"merchant_id":"1499456762","key":"","authCode":"134641119256607271","order_sn":"2018060918210620101","price":8}

2018-06-09 18:21:15 {"merchant_id":"1499456762","key":"","authCode":"134635914381431123","order_sn":"2018060918211590336","price":30}

2018-06-09 18:24:59 {"merchant_id":"1499456762","key":"","authCode":"134538631108913811","order_sn":"2018060918245974554","price":36}

2018-06-09 18:34:07 {"merchant_id":"1499456762","key":"","authCode":"134580185414941984","order_sn":"2018060918340717957","price":9}

2018-06-09 18:34:53 {"merchant_id":"1499456762","key":"","authCode":"134637487856787463","order_sn":"2018060918345387518","price":7}

2018-06-09 18:36:12 {"merchant_id":"1499456762","key":"","authCode":"134570708881605670","order_sn":"2018060918361244511","price":28.5}

2018-06-09 18:36:46 {"merchant_id":"1499456762","key":"","authCode":"134771651722147796","order_sn":"2018060918364648539","price":4}

2018-06-09 18:38:44 {"merchant_id":"1499456762","key":"","authCode":"134557371573352771","order_sn":"2018060918384426019","price":15}

2018-06-09 18:47:51 {"merchant_id":"1499456762","key":"","authCode":"134977038534489049","order_sn":"2018060918475116881","price":7}

2018-06-09 18:48:38 {"merchant_id":"1499456762","key":"","authCode":"135193424681895703","order_sn":"2018060918483869082","price":25}

2018-06-09 18:52:46 {"merchant_id":"1499456762","key":"","authCode":"134729627693149461","order_sn":"2018060918524643855","price":11}

2018-06-09 18:56:08 {"merchant_id":"1499456762","key":"","authCode":"134799123067976595","order_sn":"2018060918560837783","price":15}

2018-06-09 19:02:20 {"merchant_id":"1499456762","key":"","authCode":"134661680072222579","order_sn":"2018060919022053179","price":48}

2018-06-09 19:08:12 {"merchant_id":"1499456762","key":"","authCode":"134680328940830586","order_sn":"2018060919081222982","price":7}

2018-06-09 19:11:50 {"merchant_id":"1499456762","key":"","authCode":"134536950595426577","order_sn":"2018060919115034288","price":35}

2018-06-09 19:16:13 {"merchant_id":"1499456762","key":"","authCode":"134550710777460118","order_sn":"2018060919161312199","price":15}

2018-06-09 19:30:31 {"merchant_id":"1499456762","key":"","authCode":"134581758425495312","order_sn":"2018060919303134201","price":28}

2018-06-09 19:35:42 {"merchant_id":"1499456762","key":"","authCode":"134608568217979946","order_sn":"2018060919354276513","price":24}

2018-06-09 19:48:25 {"merchant_id":"1499456762","key":"","authCode":"134907882047611476","order_sn":"2018060919482594798","price":16}

2018-06-09 19:58:43 {"merchant_id":"1499456762","key":"","authCode":"134972003613906156","order_sn":"2018060919584352579","price":26}

2018-06-09 19:58:58 {"merchant_id":"1499456762","key":"","authCode":"134504255897594348","order_sn":"2018060919585825208","price":15}

2018-06-09 20:08:00 {"merchant_id":"1499456762","key":"","authCode":"134618392573689682","order_sn":"2018060920080076938","price":22}

2018-06-09 20:09:18 {"merchant_id":"1499456762","key":"","authCode":"134889027875358664","order_sn":"2018060920091885123","price":17}

2018-06-09 20:10:07 {"merchant_id":"1499456762","key":"","authCode":"134651009536067232","order_sn":"2018060920100783123","price":5}

2018-06-09 20:10:26 {"merchant_id":"1499456762","key":"","authCode":"134688147150231038","order_sn":"2018060920102629239","price":9}

2018-06-09 20:11:48 {"merchant_id":"1499456762","key":"","authCode":"134527237928078235","order_sn":"2018060920114810263","price":18}

2018-06-09 20:14:10 {"merchant_id":"1499456762","key":"","authCode":"135325738333790744","order_sn":"2018060920141096313","price":38}

2018-06-09 20:14:22 {"merchant_id":"1499456762","key":"","authCode":"134565766948688588","order_sn":"2018060920142241942","price":15}

2018-06-09 20:15:48 {"merchant_id":"1499456762","key":"","authCode":"134945623996941805","order_sn":"2018060920154810695","price":27}

2018-06-09 20:16:36 {"merchant_id":"1499456762","key":"","authCode":"134994588284192828","order_sn":"2018060920163611149","price":22}

2018-06-09 20:21:20 {"merchant_id":"1499456762","key":"","authCode":"134578826652447643","order_sn":"2018060920212016332","price":9}

2018-06-09 20:22:20 {"merchant_id":"1499456762","key":"","authCode":"134669805097831824","order_sn":"2018060920222019111","price":16}

2018-06-09 20:25:12 {"merchant_id":"1490350062","key":"","authCode":"134658874998014618","order_sn":"2018060920251296938","price":138}

2018-06-09 20:26:23 {"merchant_id":"1499456762","key":"","authCode":"134812016111998650","order_sn":"2018060920262316256","price":9}

2018-06-09 20:27:26 {"merchant_id":"1499456762","key":"","authCode":"134983750462103465","order_sn":"2018060920272615772","price":23}

2018-06-09 20:27:58 {"merchant_id":"1499456762","key":"","authCode":"134701582325030857","order_sn":"2018060920275839538","price":8}

2018-06-09 20:35:21 {"merchant_id":"1499456762","key":"","authCode":"134581271082471589","order_sn":"2018060920352199483","price":8}

2018-06-09 20:36:27 {"merchant_id":"1499456762","key":"","authCode":"135059707173521756","order_sn":"2018060920362746410","price":9}

2018-06-09 20:37:44 {"merchant_id":"1499456762","key":"","authCode":"134604101948073500","order_sn":"2018060920374433692","price":9}

2018-06-09 20:43:01 {"merchant_id":"1499456762","key":"","authCode":"134530069363250572","order_sn":"2018060920430116861","price":51}

2018-06-09 20:51:43 {"merchant_id":"1499456762","key":"","authCode":"134932972301381950","order_sn":"2018060920514320089","price":10}

2018-06-09 20:51:56 {"merchant_id":"1499456762","key":"","authCode":"134937375934195248","order_sn":"2018060920515667430","price":16.5}

2018-06-09 20:54:04 {"merchant_id":"1499456762","key":"","authCode":"134908159881196087","order_sn":"2018060920540411609","price":34}

2018-06-09 20:58:49 {"merchant_id":"1493159782","key":"","authCode":"135058999511028241","order_sn":"2018060920584926681","price":300}

2018-06-09 21:02:39 {"merchant_id":"2088821827997030","key":"201711BBc699bef5cde842dba6fa5c6bdc706A03","authCode":"285247450660689506","order_sn":"2018060921023923598","price":300}

2018-06-09 21:02:39 {"app_id":"2017071207730667","method":"alipay.trade.pay","charset":"utf-8","sign_type":"RSA","app_auth_token":"201711BBc699bef5cde842dba6fa5c6bdc706A03","timestamp":"2018-06-09 21:02:39","version":"1.0","biz_content":"{\"out_trade_no\":\"2018060921023923598\",\"scene\":\"bar_code\",\"auth_code\":\"285247450660689506\",\"subject\":\"\\u8ba2\\u5355\\u53f7:2018060921023923598\",\"seller_id\":\"2088821827997030\",\"total_amount\":300,\"extend_params\":{\"sys_service_provider_id\":\"2088721521881652\"}}","sign":"gGJJ\/dsdUUCs53bIxdm0L3qJKMxhEf12RLR6\/PWQ7azzENAQD+WFJCnowaZpbJVA9cB7YPpJgSyKj8s9vTZJUYf3snQ5Yj9K7Oza40YLWSWoqr\/ArzObCumV3rPk0OJ7YWC\/estpPfrONikPHCDxiBf9Do46WOsogYArvp505a0="}

2018-06-09 21:02:42 {"alipay_trade_pay_response":{"code":"10000","msg":"Success","buyer_logon_id":"139****6299","buyer_pay_amount":"300.00","buyer_user_id":"2088622868837079","fund_bill_list":[{"amount":"300.00","fund_channel":"PCREDIT"}],"gmt_payment":"2018-06-09 21:02:42","invoice_amount":"300.00","out_trade_no":"2018060921023923598","point_amount":"0.00","receipt_amount":"300.00","total_amount":"300.00","trade_no":"2018060921001004070589724906"},"sign":"TWdRCaMdSOfFPGabQHb4BF/tz7e5PLiuoDmRR1vuUOKpvqkNCxbkDzWezPWc2uYupuo0V7fcvu7zv3l36E6idtl+TPIxp/nTxAYYoYkLp31olKgnzUKwO6T/OFAfZko2jIQAlz90gBfFv1r1DbUhojKt445EMsL0a1yZMWXOHkY="}

2018-06-09 21:09:54 {"merchant_id":"1499456762","key":"","authCode":"134794710686416824","order_sn":"2018060921095493844","price":9}

2018-06-09 21:11:18 {"merchant_id":"1490350062","key":"","authCode":"135017948238321762","order_sn":"2018060921111832578","price":300}

2018-06-09 21:11:58 {"merchant_id":"1499456762","key":"","authCode":"134509322500403239","order_sn":"2018060921115831830","price":8}

2018-06-09 21:15:32 {"merchant_id":"1499456762","key":"","authCode":"134722179604334506","order_sn":"2018060921153221948","price":8}

2018-06-09 21:16:13 {"merchant_id":"1499456762","key":"","authCode":"135005903824715618","order_sn":"2018060921161334180","price":17}

2018-06-09 21:18:40 {"merchant_id":"1499456762","key":"","authCode":"135184051302900056","order_sn":"2018060921184046228","price":54}

2018-06-09 21:21:21 {"merchant_id":"1499456762","key":"","authCode":"135264783616130531","order_sn":"2018060921212185585","price":10}

2018-06-09 21:22:23 {"merchant_id":"1499456762","key":"","authCode":"134508947047712115","order_sn":"2018060921222393593","price":8}

2018-06-09 21:23:09 {"merchant_id":"1499456762","key":"","authCode":"134572016484462555","order_sn":"2018060921230974746","price":17}

2018-06-09 21:25:49 {"merchant_id":"1499456762","key":"","authCode":"134581346029955929","order_sn":"2018060921254983579","price":23.2}

2018-06-09 21:26:37 {"merchant_id":"1499456762","key":"","authCode":"134862759504190921","order_sn":"2018060921263710814","price":8}

2018-06-09 21:26:54 {"merchant_id":"1499456762","key":"","authCode":"135229930910094646","order_sn":"2018060921265431317","price":15.5}

2018-06-09 21:30:16 {"merchant_id":"1499456762","key":"","authCode":"134898866837506962","order_sn":"2018060921301658864","price":15}

2018-06-09 21:30:38 {"merchant_id":"1499456762","key":"","authCode":"134547696054236540","order_sn":"2018060921303854619","price":23}

2018-06-09 21:32:45 {"merchant_id":"1499456762","key":"","authCode":"134878228341855543","order_sn":"2018060921324536623","price":14}

2018-06-09 21:34:02 {"merchant_id":"1499456762","key":"","authCode":"134700564957695373","order_sn":"2018060921340265836","price":29}

2018-06-09 21:35:52 {"merchant_id":"1499456762","key":"","authCode":"135213998906105721","order_sn":"2018060921355243500","price":9}

2018-06-09 21:51:24 {"merchant_id":"1499456762","key":"","authCode":"134827716522053402","order_sn":"2018060921512412126","price":70}

2018-06-09 22:27:02 {"merchant_id":"1490350062","key":"","authCode":"134833071819727690","order_sn":"2018060922270215276","price":100}

2018-06-09 22:57:23 {"merchant_id":"2088822285099072","key":"201710BBaa55e11a995b41488709d94fe3bfbX07","authCode":"283183509098133451","order_sn":"2018060922572327900","price":100}

2018-06-09 22:57:24 {"app_id":"2017071207730667","method":"alipay.trade.pay","charset":"utf-8","sign_type":"RSA","app_auth_token":"201710BBaa55e11a995b41488709d94fe3bfbX07","timestamp":"2018-06-09 22:57:23","version":"1.0","biz_content":"{\"out_trade_no\":\"2018060922572327900\",\"scene\":\"bar_code\",\"auth_code\":\"283183509098133451\",\"subject\":\"\\u8ba2\\u5355\\u53f7:2018060922572327900\",\"seller_id\":\"2088822285099072\",\"total_amount\":100,\"extend_params\":{\"sys_service_provider_id\":\"2088721521881652\"}}","sign":"iK1kk+9qEuH4jdSQiaNBMaOVUvO7WgXERsgwlEqV87WdkWsd65h3HFUNM+4UhHCxqupbftA4BwsNUMMdJ+cSUbaljzVEPR1JAjf0PpmUcBp1w4bQUeKzhQnbWN+cHvaqd0QAyMSzmrb4+NkrY1NoYwgYYrAGfaBP8hbMA3sH2PU="}

2018-06-09 22:57:24 {"alipay_trade_pay_response":{"code":"10000","msg":"Success","buyer_logon_id":"199****5310","buyer_pay_amount":"100.00","buyer_user_id":"2088722525776821","fund_bill_list":[{"amount":"100.00","fund_channel":"ALIPAYACCOUNT"}],"gmt_payment":"2018-06-09 22:57:24","invoice_amount":"100.00","out_trade_no":"2018060922572327900","point_amount":"0.00","receipt_amount":"100.00","total_amount":"100.00","trade_no":"2018060921001004820565993885"},"sign":"KoKtTVn0ajFcoAqCxvcYb1XOevcmt7L4QPhfgo2blS4GwO8dIs1fog2G1tSMdFLsd8H0Pq05bmYQE/EfANQDj9eS7EYWcMSaq+hEHRhugtLfHJSggr3qOATDwlmx4rA+N85ArRS6lhwWal0uD+Lnl2jmuOTAwv9KpsrDSclVXJE="}

2018-06-09 23:34:47 {"merchant_id":"1490350062","key":"","authCode":"134601679930399867","order_sn":"2018060923344716016","price":300}

2018-06-09 23:42:40 {"merchant_id":"1493159782","key":"","authCode":"134773408251696059","order_sn":"2018060923424094775","price":400}

