2018-04-04 07:56:36 {"merchant_id":"2088822285099072","key":"201710BBaa55e11a995b41488709d94fe3bfbX07","authCode":"285657937365469372","order_sn":"2018040407563654480","price":5}
2018-04-04 07:56:36 {"app_id":"2017071207730667","method":"alipay.trade.pay","charset":"utf-8","sign_type":"RSA","app_auth_token":"201710BBaa55e11a995b41488709d94fe3bfbX07","timestamp":"2018-04-04 07:56:36","version":"1.0","biz_content":"{\"out_trade_no\":\"2018040407563654480\",\"scene\":\"bar_code\",\"auth_code\":\"285657937365469372\",\"subject\":\"\\u8ba2\\u5355\\u53f7:2018040407563654480\",\"seller_id\":\"2088822285099072\",\"total_amount\":5,\"extend_params\":{\"sys_service_provider_id\":\"2088721521881652\"}}","sign":"jquxpJDOGyL9YxzMl2isI\/KddnolHiuSJNmg7H4A\/DszS9Qp11Jnki1cmfg4W\/JVFkQ7vfztywCtq0+WP9Nc6qjkWkTu0wV0Ix4MZXejmUMXh5dP7WVkNszL\/AklijpFkfZ+rLDCEkKIZbJzKzDd4YZys9ryEmRoVRCOMbm1TNE="}
2018-04-04 07:56:38 {"alipay_trade_pay_response":{"code":"10000","msg":"Success","buyer_logon_id":"187****1188","buyer_pay_amount":"5.00","buyer_user_id":"2088902442459164","fund_bill_list":[{"amount":"5.00","fund_channel":"ALIPAYACCOUNT"}],"gmt_payment":"2018-04-04 07:56:38","invoice_amount":"5.00","out_trade_no":"2018040407563654480","point_amount":"0.00","receipt_amount":"5.00","total_amount":"5.00","trade_no":"2018040421001004160500372979"},"sign":"gwL4AXRZ7zdU1UW7tAs/Qsk9AuutMsY0JQwBpSsWVJNE5Bl66ng3OYq4y0PBGtZZBy8HYVgzvYrDqM+TyPiGvKu1zW72NS1YSVyTr6iz6cBihBj54K9KR8O0tXBRcBsL8853ji7a7jIzn/l1LLhvsrGJprhNuBRXuV/ZJA3AI4E="}
2018-04-04 08:21:27 {"merchant_id":"1499456762","key":"","authCode":"134613073518890015","order_sn":"2018040408212657266","price":19}
2018-04-04 08:45:49 {"merchant_id":"2088822285099072","key":"201710BBaa55e11a995b41488709d94fe3bfbX07","authCode":"285955297570675399","order_sn":"2018040408454935786","price":2000}
2018-04-04 08:45:49 {"app_id":"2017071207730667","method":"alipay.trade.pay","charset":"utf-8","sign_type":"RSA","app_auth_token":"201710BBaa55e11a995b41488709d94fe3bfbX07","timestamp":"2018-04-04 08:45:49","version":"1.0","biz_content":"{\"out_trade_no\":\"2018040408454935786\",\"scene\":\"bar_code\",\"auth_code\":\"285955297570675399\",\"subject\":\"\\u8ba2\\u5355\\u53f7:2018040408454935786\",\"seller_id\":\"2088822285099072\",\"total_amount\":2000,\"extend_params\":{\"sys_service_provider_id\":\"2088721521881652\"}}","sign":"TkuWCnFoRN\/uRUoGhpkwe8R2Q+ZwwHtS4RGOibbujXyg4b1yURKvKThitBgR3m0917xw9il9pshVLhKwcL1z7Fft5Qpc0c1ByPgwTVYJT0PzSWDDYKRIorlSp+UyMH0ww3Zh5F9QzvzqUVnU3x3J3z6Fk8xRM8nrRya9JyHNPY8="}
2018-04-04 08:45:49 {"alipay_trade_pay_response":{"code":"10003","msg":" order success pay inprocess","buyer_logon_id":"xcc***@163.com","buyer_pay_amount":"0.00","buyer_user_id":"2088102009797010","invoice_amount":"0.00","out_trade_no":"2018040408454935786","point_amount":"0.00","receipt_amount":"0.00","total_amount":"2000.00","trade_no":"2018040421001004010508950856"},"sign":"GUBsroTZTgzaRdmdVok8mExOYAQAUErkPtoUB/vOGbFCqp2ts/s5CsX9qFwkbeL/56QE31tcfIz+ZQEpHV5Ae6tCVBUv4s7kTiuYE7Td2mXKS2LTNxkRFL4gmRcJj9oPE/BmYWa7d6RHFlcTR8fWOOvnL0M+76OubpH5CXH0oYU="}
2018-04-04 08:45:49 {"alipay_trade_query_response":{"code":"10000","msg":"Success","buyer_logon_id":"xcc***@163.com","buyer_pay_amount":"0.00","buyer_user_id":"2088102009797010","invoice_amount":"0.00","out_trade_no":"2018040408454935786","point_amount":"0.00","receipt_amount":"0.00","total_amount":"2000.00","trade_no":"2018040421001004010508950856","trade_status":"WAIT_BUYER_PAY"},"sign":"VqM7XDNL25SCJUd4oqwkBp2SzOFBlgdoopm/SzqQiFKw8FCT1mfLQ12/0hH9Z9howte1JbDSkvmrSBCHMpd0FOiJrJF6zW3jbmkL1kT33wOKqDxJSgtlQY0n/O929LN3tB9/dJdd9yuULoyDk2vsdOJHquwf/o8/q1NHL8TiijA="}
2018-04-04 08:45:54 {"alipay_trade_query_response":{"code":"10000","msg":"Success","buyer_logon_id":"xcc***@163.com","buyer_pay_amount":"0.00","buyer_user_id":"2088102009797010","invoice_amount":"0.00","out_trade_no":"2018040408454935786","point_amount":"0.00","receipt_amount":"0.00","total_amount":"2000.00","trade_no":"2018040421001004010508950856","trade_status":"WAIT_BUYER_PAY"},"sign":"VqM7XDNL25SCJUd4oqwkBp2SzOFBlgdoopm/SzqQiFKw8FCT1mfLQ12/0hH9Z9howte1JbDSkvmrSBCHMpd0FOiJrJF6zW3jbmkL1kT33wOKqDxJSgtlQY0n/O929LN3tB9/dJdd9yuULoyDk2vsdOJHquwf/o8/q1NHL8TiijA="}
2018-04-04 08:45:58 {"alipay_trade_query_response":{"code":"10000","msg":"Success","buyer_logon_id":"xcc***@163.com","buyer_pay_amount":"0.00","buyer_user_id":"2088102009797010","invoice_amount":"0.00","out_trade_no":"2018040408454935786","point_amount":"0.00","receipt_amount":"0.00","total_amount":"2000.00","trade_no":"2018040421001004010508950856","trade_status":"WAIT_BUYER_PAY"},"sign":"VqM7XDNL25SCJUd4oqwkBp2SzOFBlgdoopm/SzqQiFKw8FCT1mfLQ12/0hH9Z9howte1JbDSkvmrSBCHMpd0FOiJrJF6zW3jbmkL1kT33wOKqDxJSgtlQY0n/O929LN3tB9/dJdd9yuULoyDk2vsdOJHquwf/o8/q1NHL8TiijA="}
2018-04-04 08:46:02 {"alipay_trade_query_response":{"code":"10000","msg":"Success","buyer_logon_id":"xcc***@163.com","buyer_pay_amount":"0.00","buyer_user_id":"2088102009797010","invoice_amount":"0.00","out_trade_no":"2018040408454935786","point_amount":"0.00","receipt_amount":"0.00","total_amount":"2000.00","trade_no":"2018040421001004010508950856","trade_status":"WAIT_BUYER_PAY"},"sign":"VqM7XDNL25SCJUd4oqwkBp2SzOFBlgdoopm/SzqQiFKw8FCT1mfLQ12/0hH9Z9howte1JbDSkvmrSBCHMpd0FOiJrJF6zW3jbmkL1kT33wOKqDxJSgtlQY0n/O929LN3tB9/dJdd9yuULoyDk2vsdOJHquwf/o8/q1NHL8TiijA="}
2018-04-04 08:46:06 {"alipay_trade_query_response":{"code":"10000","msg":"Success","buyer_logon_id":"xcc***@163.com","buyer_pay_amount":"0.00","buyer_user_id":"2088102009797010","invoice_amount":"0.00","out_trade_no":"2018040408454935786","point_amount":"0.00","receipt_amount":"0.00","total_amount":"2000.00","trade_no":"2018040421001004010508950856","trade_status":"WAIT_BUYER_PAY"},"sign":"VqM7XDNL25SCJUd4oqwkBp2SzOFBlgdoopm/SzqQiFKw8FCT1mfLQ12/0hH9Z9howte1JbDSkvmrSBCHMpd0FOiJrJF6zW3jbmkL1kT33wOKqDxJSgtlQY0n/O929LN3tB9/dJdd9yuULoyDk2vsdOJHquwf/o8/q1NHL8TiijA="}
2018-04-04 08:46:10 {"alipay_trade_query_response":{"code":"10000","msg":"Success","buyer_logon_id":"xcc***@163.com","buyer_pay_amount":"0.00","buyer_user_id":"2088102009797010","invoice_amount":"0.00","out_trade_no":"2018040408454935786","point_amount":"0.00","receipt_amount":"0.00","total_amount":"2000.00","trade_no":"2018040421001004010508950856","trade_status":"WAIT_BUYER_PAY"},"sign":"VqM7XDNL25SCJUd4oqwkBp2SzOFBlgdoopm/SzqQiFKw8FCT1mfLQ12/0hH9Z9howte1JbDSkvmrSBCHMpd0FOiJrJF6zW3jbmkL1kT33wOKqDxJSgtlQY0n/O929LN3tB9/dJdd9yuULoyDk2vsdOJHquwf/o8/q1NHL8TiijA="}
2018-04-04 08:46:15 {"alipay_trade_query_response":{"code":"10000","msg":"Success","buyer_logon_id":"xcc***@163.com","buyer_pay_amount":"0.00","buyer_user_id":"2088102009797010","invoice_amount":"0.00","out_trade_no":"2018040408454935786","point_amount":"0.00","receipt_amount":"0.00","total_amount":"2000.00","trade_no":"2018040421001004010508950856","trade_status":"WAIT_BUYER_PAY"},"sign":"VqM7XDNL25SCJUd4oqwkBp2SzOFBlgdoopm/SzqQiFKw8FCT1mfLQ12/0hH9Z9howte1JbDSkvmrSBCHMpd0FOiJrJF6zW3jbmkL1kT33wOKqDxJSgtlQY0n/O929LN3tB9/dJdd9yuULoyDk2vsdOJHquwf/o8/q1NHL8TiijA="}
2018-04-04 08:46:18 {"alipay_trade_query_response":{"code":"10000","msg":"Success","buyer_logon_id":"xcc***@163.com","buyer_pay_amount":"0.00","buyer_user_id":"2088102009797010","invoice_amount":"0.00","out_trade_no":"2018040408454935786","point_amount":"0.00","receipt_amount":"0.00","total_amount":"2000.00","trade_no":"2018040421001004010508950856","trade_status":"TRADE_CLOSED"},"sign":"PSSRkZl3/k+oTvSmjeaTf8MT9eS8mHRX9hl7RiqaJCMDVJh+z6RcQlHgkX2pm+HkB+sX1VgkBT17VIRRtPHXBLgg+mF2yEACBtIRG2QVm5ODiMJ1j3BfupY4uYD8zkWLN/KzzvvkFrj8SM9Ne7doUG1F8Oj4zQEPZHVu8L13EUc="}
2018-04-04 08:46:29 {"merchant_id":"2088822285099072","key":"201710BBaa55e11a995b41488709d94fe3bfbX07","authCode":"280635322250143302","order_sn":"2018040408462928778","price":2000}
2018-04-04 08:46:29 {"app_id":"2017071207730667","method":"alipay.trade.pay","charset":"utf-8","sign_type":"RSA","app_auth_token":"201710BBaa55e11a995b41488709d94fe3bfbX07","timestamp":"2018-04-04 08:46:29","version":"1.0","biz_content":"{\"out_trade_no\":\"2018040408462928778\",\"scene\":\"bar_code\",\"auth_code\":\"280635322250143302\",\"subject\":\"\\u8ba2\\u5355\\u53f7:2018040408462928778\",\"seller_id\":\"2088822285099072\",\"total_amount\":2000,\"extend_params\":{\"sys_service_provider_id\":\"2088721521881652\"}}","sign":"TD4fqzl2L5U+JTZtqZUezn5Hbb6wNtmnt6hMWZGY\/IITYWKaR6Z2NrHrO1UzdLNrA\/lLkid\/zZTVpEpb4Mkud4ZwHNQfcaZJw+sZa2JCqLe+v07ziqqE7nBXdSz5RjG4quHo+q2yQDcNueg\/uqud8tRFJxwOtsSAE61xu82W1ms="}
2018-04-04 08:46:29 {"alipay_trade_pay_response":{"code":"10003","msg":" order success pay inprocess","buyer_logon_id":"xcc***@163.com","buyer_pay_amount":"0.00","buyer_user_id":"2088102009797010","invoice_amount":"0.00","out_trade_no":"2018040408462928778","point_amount":"0.00","receipt_amount":"0.00","total_amount":"2000.00","trade_no":"2018040421001004010509161454"},"sign":"uf+z0zHFcpxKkviq9RXUJtw/QyiMzso4TPMMp5zEKAOvLV/RdUwiL4WmXqcpaQVuiylFFBgPSCrNhmgh6ZlrIk8hVHcWJE8Ynu6mVKBMatMpWOVR0BjopwIg03rGwjonqwmGX5mILg12+gNJtrlMr9JBFA2y1vSJUhQ7E7VdajI="}
2018-04-04 08:46:29 {"alipay_trade_query_response":{"code":"10000","msg":"Success","buyer_logon_id":"xcc***@163.com","buyer_pay_amount":"0.00","buyer_user_id":"2088102009797010","invoice_amount":"0.00","out_trade_no":"2018040408462928778","point_amount":"0.00","receipt_amount":"0.00","total_amount":"2000.00","trade_no":"2018040421001004010509161454","trade_status":"WAIT_BUYER_PAY"},"sign":"JVukGvErCWDzRq6y4tiPSo2aZCZAGBhh6fxj21cMLjIbVy/IgiVl32K3DyTYWvZikCTy2iJMfVBdIqHUOhOcfe9VrvmpVgGIcUQLN/1kR924x4EiZsPh+bQO80fESNT+jE+tH+2jP6dagwsyoYu1GsAuOHaUSerU2o3hFChnIgg="}
2018-04-04 08:46:34 {"alipay_trade_query_response":{"code":"10000","msg":"Success","buyer_logon_id":"xcc***@163.com","buyer_pay_amount":"2000.00","buyer_user_id":"2088102009797010","fund_bill_list":[{"amount":"2000.00","fund_channel":"ALIPAYACCOUNT"}],"invoice_amount":"2000.00","out_trade_no":"2018040408462928778","point_amount":"0.00","receipt_amount":"2000.00","send_pay_date":"2018-04-04 08:46:33","total_amount":"2000.00","trade_no":"2018040421001004010509161454","trade_status":"TRADE_SUCCESS"},"sign":"CHLnDdV7na0GgyAsu5+pek/RIveSKS96/PsUAy5FHE11F7Kx83bjznxKxkKkRF1XAgO8raY0sJYmGE/JXl5uBoFehqnmgvxFgBiDS2RUbl5BkgMHp+knlPmuli0z16MI5Z0XtlsUIuZFW9QUj8Bu9UdYUZlJi3ybCaNBKvCl6uQ="}
2018-04-04 08:54:07 {"merchant_id":"1499456762","key":"","authCode":"135385815897446763","order_sn":"2018040408540782390","price":34}
2018-04-04 09:43:15 {"merchant_id":"1499456762","key":"","authCode":"134889906204037684","order_sn":"2018040409431574556","price":16}
2018-04-04 09:46:46 {"merchant_id":"1499456762","key":"","authCode":"135149316539445887","order_sn":"2018040409464616140","price":20}
2018-04-04 10:10:52 {"merchant_id":"1499456762","key":"","authCode":"134766483786412168","order_sn":"2018040410105230455","price":6}
2018-04-04 10:52:32 {"merchant_id":"1499456762","key":"","authCode":"134542008728676239","order_sn":"2018040410523216325","price":8}
2018-04-04 10:56:39 {"merchant_id":"1490350062","key":"","authCode":"134692998487150685","order_sn":"2018040410563936441","price":2}
2018-04-04 11:00:54 {"merchant_id":"1499456762","key":"","authCode":"135169952278643088","order_sn":"2018040411005438094","price":128}
2018-04-04 11:06:23 {"merchant_id":"2088822285099072","key":"201710BBaa55e11a995b41488709d94fe3bfbX07","authCode":"281966142629637580","order_sn":"2018040411062337630","price":672}
2018-04-04 11:06:23 {"app_id":"2017071207730667","method":"alipay.trade.pay","charset":"utf-8","sign_type":"RSA","app_auth_token":"201710BBaa55e11a995b41488709d94fe3bfbX07","timestamp":"2018-04-04 11:06:23","version":"1.0","biz_content":"{\"out_trade_no\":\"2018040411062337630\",\"scene\":\"bar_code\",\"auth_code\":\"281966142629637580\",\"subject\":\"\\u8ba2\\u5355\\u53f7:2018040411062337630\",\"seller_id\":\"2088822285099072\",\"total_amount\":672,\"extend_params\":{\"sys_service_provider_id\":\"2088721521881652\"}}","sign":"Qz1Nv4geMz4CRsvKrXXCMz8SuxptVTnBZVZHQHFL5JNcdwvDNOmxfaGHyMPacf6nAPQbsfwozjrZtsn6ZsqVNbQHAXfPuwz68fgoMG5do9Ama92ThuPuOj5G1wzgDL5r1tJzQJXTN4mMkplBfthTafJ79YkeRliUd0\/5tFka4wA="}
2018-04-04 11:06:25 {"alipay_trade_pay_response":{"code":"10000","msg":"Success","buyer_logon_id":"125***@qq.com","buyer_pay_amount":"672.00","buyer_user_id":"2088112284683524","fund_bill_list":[{"amount":"672.00","fund_channel":"ALIPAYACCOUNT"}],"gmt_payment":"2018-04-04 11:06:25","invoice_amount":"672.00","out_trade_no":"2018040411062337630","point_amount":"0.00","receipt_amount":"672.00","total_amount":"672.00","trade_no":"2018040421001004520563619753"},"sign":"XEYG4+7iaDGcXCP0GG5DipxQaV4JCFyuIYtFKXGiiXqY67SGpmWUJYYl5ZLKF3Hf5NjbogwyqR8a7B1e0H8uJULXo/qZPPGyTUda48DFFltwYvZOIav8tDTzXOwBvKlYxo5vCjlY9OF3pOBEps8pXT+J40crKXEY29MrJ3M7fcM="}
2018-04-04 11:16:45 {"merchant_id":"1499456762","key":"","authCode":"134641527585438501","order_sn":"2018040411164570239","price":20}
2018-04-04 11:32:43 {"merchant_id":"1499456762","key":"","authCode":"134750883055038778","order_sn":"2018040411324361690","price":15}
2018-04-04 11:56:37 {"merchant_id":"2088822285099072","key":"201710BBaa55e11a995b41488709d94fe3bfbX07","authCode":"289000059773494087","order_sn":"2018040411563796960","price":200}
2018-04-04 11:56:37 {"app_id":"2017071207730667","method":"alipay.trade.pay","charset":"utf-8","sign_type":"RSA","app_auth_token":"201710BBaa55e11a995b41488709d94fe3bfbX07","timestamp":"2018-04-04 11:56:37","version":"1.0","biz_content":"{\"out_trade_no\":\"2018040411563796960\",\"scene\":\"bar_code\",\"auth_code\":\"289000059773494087\",\"subject\":\"\\u8ba2\\u5355\\u53f7:2018040411563796960\",\"seller_id\":\"2088822285099072\",\"total_amount\":200,\"extend_params\":{\"sys_service_provider_id\":\"2088721521881652\"}}","sign":"T065K9SdK\/TWeKYiBnQdAQFXv\/UTu\/flRg9Up8fQKx4Qfm6C9mUfTtX4c0YXW5SUft+fN5ycynk5r1C0ezzDC\/Z7tMGRdk7Qqqzxpdg9fhFxotFQBPjbnEhuHLGyP3KE2hU0ztDzwouuEASehA6pqzJOSEYLmKHz4Ztxe3WshfA="}
2018-04-04 11:56:38 {"alipay_trade_pay_response":{"code":"10000","msg":"Success","buyer_logon_id":"187***@qq.com","buyer_pay_amount":"200.00","buyer_user_id":"2088412561901953","fund_bill_list":[{"amount":"200.00","fund_channel":"PCREDIT"}],"gmt_payment":"2018-04-04 11:56:38","invoice_amount":"200.00","out_trade_no":"2018040411563796960","point_amount":"0.00","receipt_amount":"200.00","total_amount":"200.00","trade_no":"2018040421001004950583360945"},"sign":"lTkCO4z+HvtylHh3P2Gd9354VNA5kfR1r/A5pcqAW4Ig6zuD8tSlYw5ASp3ItaFMBD4mffr9V0r3F6ptZVai1H1iGKnBesqLoOz9e4ya3iqGRM7lIk4MhvIEss19b6JI1wGhRws5cS9tYArITPl9M9hqvgjJ5LeamAgt5xIe0Cs="}
2018-04-04 12:23:19 {"merchant_id":"1499456762","key":"","authCode":"134592933763361752","order_sn":"2018040412231991407","price":15}
2018-04-04 12:40:34 {"merchant_id":"1499456762","key":"","authCode":"134725833139901674","order_sn":"2018040412403461714","price":23.5}
2018-04-04 12:41:56 {"merchant_id":"1499456762","key":"","authCode":"134578809638539150","order_sn":"2018040412415695666","price":44}
2018-04-04 12:42:33 {"merchant_id":"1499456762","key":"","authCode":"135058078209582110","order_sn":"2018040412423382759","price":11}
2018-04-04 12:53:48 {"merchant_id":"1499456762","key":"","authCode":"135163490631868039","order_sn":"2018040412534847943","price":117}
2018-04-04 13:20:35 {"merchant_id":"1499456762","key":"","authCode":"134509996804517027","order_sn":"2018040413203573131","price":46}
2018-04-04 13:23:08 {"merchant_id":"1499456762","key":"","authCode":"134901312155705298","order_sn":"2018040413230870554","price":8}
2018-04-04 13:25:52 {"merchant_id":"1499456762","key":"","authCode":"134870511014837352","order_sn":"2018040413255233720","price":29}
2018-04-04 13:27:16 {"merchant_id":"1499456762","key":"","authCode":"134944568937573297","order_sn":"2018040413271682623","price":21}
2018-04-04 13:32:28 {"merchant_id":"1493159782","key":"","authCode":"134713793978335333","order_sn":"2018040413322845482","price":200}
2018-04-04 14:11:06 {"merchant_id":"1493159782","key":"","authCode":"134713882770220357","order_sn":"2018040414110667595","price":300}
2018-04-04 14:29:10 {"merchant_id":"1493159782","key":"","authCode":"134679125576160898","order_sn":"2018040414291074724","price":200}
2018-04-04 14:33:58 {"merchant_id":"1499456762","key":"","authCode":"134757730977225757","order_sn":"2018040414335855508","price":136}
2018-04-04 14:46:38 {"merchant_id":"1499456762","key":"","authCode":"134616235722873394","order_sn":"2018040414463855280","price":22}
2018-04-04 15:22:32 {"merchant_id":"1499456762","key":"","authCode":"134620408518175560","order_sn":"2018040415223218605","price":52}
2018-04-04 15:23:54 {"merchant_id":"1499456762","key":"","authCode":"134664958063040729","order_sn":"2018040415235441760","price":8}
2018-04-04 15:25:18 {"merchant_id":"1499456762","key":"","authCode":"134645340860329986","order_sn":"2018040415251861322","price":36}
2018-04-04 15:27:49 {"merchant_id":"1493159782","key":"","authCode":"135521825742331332","order_sn":"2018040415274960483","price":200}
2018-04-04 15:29:44 {"merchant_id":"1490350062","key":"","authCode":"134539480673636944","order_sn":"2018040415294439228","price":400}
2018-04-04 15:31:08 {"merchant_id":"1499456762","key":"","authCode":"134631213303650552","order_sn":"2018040415310849167","price":50}
2018-04-04 15:31:41 {"merchant_id":"1499456762","key":"","authCode":"134689240586585348","order_sn":"2018040415314127091","price":200}
2018-04-04 15:33:10 {"merchant_id":"1499456762","key":"","authCode":"134682090920573098","order_sn":"2018040415330965918","price":16.5}
2018-04-04 15:41:51 {"merchant_id":"1499456762","key":"","authCode":"134545686162527966","order_sn":"2018040415415168490","price":24}
2018-04-04 15:46:06 {"merchant_id":"1499456762","key":"","authCode":"134672820810845420","order_sn":"2018040415460671037","price":53}
2018-04-04 15:54:26 {"merchant_id":"1499456762","key":"","authCode":"134544246539864995","order_sn":"2018040415542697516","price":8.5}
2018-04-04 16:03:11 {"merchant_id":"1499456762","key":"","authCode":"134871371221766273","order_sn":"2018040416031177122","price":17}
2018-04-04 16:06:19 {"merchant_id":"1499456762","key":"","authCode":"134505520407015024","order_sn":"2018040416061963476","price":20}
2018-04-04 16:14:33 {"merchant_id":"1499456762","key":"","authCode":"134823919505937276","order_sn":"2018040416143344683","price":6}
2018-04-04 16:16:49 {"merchant_id":"1499456762","key":"","authCode":"134738842452624368","order_sn":"2018040416164956716","price":9}
2018-04-04 16:18:17 {"merchant_id":"1490350062","key":"","authCode":"134876881018586746","order_sn":"2018040416181771827","price":221}
2018-04-04 16:27:07 {"merchant_id":"1499456762","key":"","authCode":"134565258323203317","order_sn":"2018040416270774745","price":46}
2018-04-04 16:28:15 {"merchant_id":"1499456762","key":"","authCode":"134512048406905215","order_sn":"2018040416281573462","price":6}
2018-04-04 16:35:43 {"merchant_id":"1499456762","key":"","authCode":"134809248552946621","order_sn":"2018040416354398317","price":30}
2018-04-04 16:40:58 {"merchant_id":"1499456762","key":"","authCode":"134611623142024683","order_sn":"2018040416405833799","price":6}
2018-04-04 16:42:12 {"merchant_id":"1499456762","key":"","authCode":"134573300901394093","order_sn":"2018040416421293220","price":20}
2018-04-04 16:45:46 {"merchant_id":"1499456762","key":"","authCode":"134509969148530956","order_sn":"2018040416454666586","price":16}
2018-04-04 17:01:21 {"merchant_id":"1499456762","key":"","authCode":"134714612535832865","order_sn":"2018040417012166073","price":27}
2018-04-04 17:03:28 {"merchant_id":"1499456762","key":"","authCode":"134742705023099320","order_sn":"2018040417032816094","price":8}
2018-04-04 17:09:47 {"merchant_id":"1499456762","key":"","authCode":"134686018647300088","order_sn":"2018040417094799290","price":128}
2018-04-04 17:11:10 {"merchant_id":"1499456762","key":"","authCode":"134619443521141849","order_sn":"2018040417111066350","price":16}
2018-04-04 17:11:44 {"merchant_id":"1499456762","key":"","authCode":"134603434366358515","order_sn":"2018040417114465955","price":26}
2018-04-04 17:12:28 {"merchant_id":"1499456762","key":"","authCode":"135324941303013068","order_sn":"2018040417122810087","price":23.5}
2018-04-04 17:13:42 {"merchant_id":"1499456762","key":"","authCode":"134995876367209963","order_sn":"2018040417134219420","price":29.5}
2018-04-04 17:13:59 {"merchant_id":"1499456762","key":"","authCode":"134778036004043334","order_sn":"2018040417135999310","price":21}
2018-04-04 17:17:21 {"merchant_id":"1499456762","key":"","authCode":"134676237408789713","order_sn":"2018040417172183839","price":41}
2018-04-04 17:26:48 {"merchant_id":"1499456762","key":"","authCode":"134716899440096296","order_sn":"2018040417264847051","price":6}
2018-04-04 17:35:39 {"merchant_id":"1499456762","key":"","authCode":"134773681696344841","order_sn":"2018040417353963576","price":200}
2018-04-04 17:41:31 {"merchant_id":"1499456762","key":"","authCode":"134930149410263488","order_sn":"2018040417413054634","price":15}
2018-04-04 17:46:23 {"merchant_id":"1499456762","key":"","authCode":"134606234028660170","order_sn":"2018040417462343807","price":29}
2018-04-04 17:46:54 {"merchant_id":"1499456762","key":"","authCode":"134624453077929917","order_sn":"2018040417465453849","price":38}
2018-04-04 17:51:23 {"merchant_id":"1499456762","key":"","authCode":"134801065352795860","order_sn":"2018040417512389439","price":40}
2018-04-04 17:57:20 {"merchant_id":"2088821827997030","key":"201711BBc699bef5cde842dba6fa5c6bdc706A03","authCode":"286473363083799791","order_sn":"2018040417572010169","price":400}
2018-04-04 17:57:20 {"app_id":"2017071207730667","method":"alipay.trade.pay","charset":"utf-8","sign_type":"RSA","app_auth_token":"201711BBc699bef5cde842dba6fa5c6bdc706A03","timestamp":"2018-04-04 17:57:20","version":"1.0","biz_content":"{\"out_trade_no\":\"2018040417572010169\",\"scene\":\"bar_code\",\"auth_code\":\"286473363083799791\",\"subject\":\"\\u8ba2\\u5355\\u53f7:2018040417572010169\",\"seller_id\":\"2088821827997030\",\"total_amount\":400,\"extend_params\":{\"sys_service_provider_id\":\"2088721521881652\"}}","sign":"F566pWPFnUVG0C6L2HNPGIP9fAm1HWup7EJC5DxYjw8TDRUFN4fhsNwyL5kHxjmaL2JlW1NynJ28Dq0AU5R+VZtnSfOL1hYEFgtWhgnN\/zX5OXy9QA\/Aujf3vqJbjdu7k343xoWb2ysvkq3F14QsNfL+k0MVxoY5AVnDIYSKoPU="}
2018-04-04 17:57:21 {"alipay_trade_pay_response":{"code":"10000","msg":"Success","buyer_logon_id":"183****5191","buyer_pay_amount":"400.00","buyer_user_id":"2088122996463352","fund_bill_list":[{"amount":"400.00","fund_channel":"PCREDIT"}],"gmt_payment":"2018-04-04 17:57:21","invoice_amount":"400.00","out_trade_no":"2018040417572010169","point_amount":"0.00","receipt_amount":"400.00","total_amount":"400.00","trade_no":"2018040421001004350525837980"},"sign":"Le12JCoyX9V9N75HCgcuPIc9hmARqZEWJ+uBdJx9+RKeikiavazirFJbcZbicF2zEvVhhLCWTDW85AbRSFKp83xnORoPuRhIi6IfvlqMNlNZ+eYEWurYuEBkiFkVw2WLiiCddBLZHOhOfjyojDsv87RE7mDYxhPuUTzHqU9vdHc="}
2018-04-04 18:06:06 {"merchant_id":"1490350062","key":"","authCode":"134616125216526636","order_sn":"2018040418060668397","price":200}
2018-04-04 18:11:30 {"merchant_id":"1499456762","key":"","authCode":"134597713788014160","order_sn":"2018040418113031736","price":15}
2018-04-04 18:12:33 {"merchant_id":"1499456762","key":"","authCode":"135230342965250754","order_sn":"2018040418123396859","price":82}
2018-04-04 18:20:58 {"merchant_id":"1499456762","key":"","authCode":"134523715916341368","order_sn":"2018040418205867218","price":17}
2018-04-04 18:23:31 {"merchant_id":"1499456762","key":"","authCode":"134901506457708140","order_sn":"2018040418233149655","price":20}
2018-04-04 18:24:36 {"merchant_id":"1499456762","key":"","authCode":"134762046073083709","order_sn":"2018040418243688695","price":8}
2018-04-04 18:41:43 {"merchant_id":"1499456762","key":"","authCode":"134717946911558082","order_sn":"2018040418414378422","price":15}
2018-04-04 18:42:33 {"merchant_id":"1499456762","key":"","authCode":"134648522162718902","order_sn":"2018040418423361912","price":21}
2018-04-04 18:58:20 {"merchant_id":"1499456762","key":"","authCode":"135331446663861119","order_sn":"2018040418582077142","price":17}
2018-04-04 19:03:00 {"merchant_id":"1499456762","key":"","authCode":"134576001411461758","order_sn":"2018040419030010623","price":2.4}
2018-04-04 19:05:40 {"merchant_id":"1499456762","key":"","authCode":"134715606094815092","order_sn":"2018040419054038755","price":8}
2018-04-04 19:13:39 {"merchant_id":"1499456762","key":"","authCode":"135036702179247263","order_sn":"2018040419133951203","price":9}
2018-04-04 19:17:10 {"merchant_id":"1499456762","key":"","authCode":"134959630137263429","order_sn":"2018040419171095310","price":22}
2018-04-04 19:22:44 {"merchant_id":"1499456762","key":"","authCode":"135249699695900253","order_sn":"2018040419224485605","price":14.5}
2018-04-04 19:31:19 {"merchant_id":"1499456762","key":"","authCode":"134579777596458100","order_sn":"2018040419311947067","price":19.5}
2018-04-04 19:32:45 {"merchant_id":"1499456762","key":"","authCode":"135858661827461689","order_sn":"2018040419324588582","price":32}
2018-04-04 19:36:03 {"merchant_id":"1499456762","key":"","authCode":"134782852454797526","order_sn":"2018040419360332131","price":6}
2018-04-04 19:38:48 {"merchant_id":"1499456762","key":"","authCode":"134713054061791611","order_sn":"2018040419384878850","price":27}
2018-04-04 19:42:16 {"merchant_id":"1499456762","key":"","authCode":"134769122436677744","order_sn":"2018040419421651291","price":10}
2018-04-04 19:42:40 {"merchant_id":"1499456762","key":"","authCode":"134518972842102900","order_sn":"2018040419424058987","price":17}
2018-04-04 19:43:15 {"merchant_id":"1499456762","key":"","authCode":"134685003356622386","order_sn":"2018040419431546675","price":20}
2018-04-04 19:49:53 {"merchant_id":"1499456762","key":"","authCode":"134893248797474243","order_sn":"2018040419495330660","price":12}
2018-04-04 19:49:55 {"merchant_id":"1499456762","key":"","authCode":"134576400343840138","order_sn":"2018040419495411222","price":10}
2018-04-04 19:50:13 {"merchant_id":"1499456762","key":"","authCode":"134662266710314346","order_sn":"2018040419501335689","price":6}
2018-04-04 19:51:36 {"merchant_id":"1499456762","key":"","authCode":"134667397792114682","order_sn":"2018040419513610068","price":16}
2018-04-04 19:56:06 {"merchant_id":"1499456762","key":"","authCode":"135178856871163390","order_sn":"2018040419560636488","price":31}
2018-04-04 19:58:09 {"merchant_id":"1499456762","key":"","authCode":"134925147787588354","order_sn":"2018040419580931209","price":21}
2018-04-04 19:58:43 {"merchant_id":"1499456762","key":"","authCode":"134659460990839162","order_sn":"2018040419584321036","price":21}
2018-04-04 19:59:43 {"merchant_id":"1499456762","key":"","authCode":"134613899665728036","order_sn":"2018040419594386359","price":23}
2018-04-04 19:59:56 {"merchant_id":"1493159782","key":"","authCode":"134977322734897681","order_sn":"2018040419595688084","price":400}
2018-04-04 20:00:11 {"merchant_id":"1499456762","key":"","authCode":"134601333543870795","order_sn":"2018040420001172923","price":8}
2018-04-04 20:03:16 {"merchant_id":"1499456762","key":"","authCode":"134779844558876670","order_sn":"2018040420031681165","price":16}
2018-04-04 20:09:08 {"merchant_id":"1499456762","key":"","authCode":"134660123910749465","order_sn":"2018040420090871311","price":16}
2018-04-04 20:16:48 {"merchant_id":"1499456762","key":"","authCode":"134726381254715113","order_sn":"2018040420164876614","price":20}
2018-04-04 20:19:33 {"merchant_id":"1499456762","key":"","authCode":"134540703456464070","order_sn":"2018040420193395541","price":12}
2018-04-04 20:23:45 {"merchant_id":"1499456762","key":"","authCode":"135115170138548247","order_sn":"2018040420234525715","price":14}
2018-04-04 20:27:10 {"merchant_id":"1499456762","key":"","authCode":"134653749054287032","order_sn":"2018040420271043001","price":20}
2018-04-04 20:32:49 {"merchant_id":"1490350062","key":"","authCode":"134916573487657520","order_sn":"2018040420324918133","price":268}
2018-04-04 20:33:11 {"merchant_id":"1499456762","key":"","authCode":"134911811003834985","order_sn":"2018040420331189633","price":25}
2018-04-04 20:37:08 {"merchant_id":"1499456762","key":"","authCode":"134609267087639867","order_sn":"2018040420370831235","price":48}
2018-04-04 20:43:47 {"merchant_id":"1499456762","key":"","authCode":"134731539544046450","order_sn":"2018040420434734140","price":31.5}
2018-04-04 20:55:56 {"merchant_id":"1499456762","key":"","authCode":"134809646173003253","order_sn":"2018040420555691602","price":20}
2018-04-04 20:58:11 {"merchant_id":"1499456762","key":"","authCode":"135144174132451488","order_sn":"2018040420581165867","price":32}
2018-04-04 21:00:37 {"merchant_id":"1499456762","key":"","authCode":"134681959049412033","order_sn":"2018040421003745541","price":13}
2018-04-04 21:07:35 {"merchant_id":"1499456762","key":"","authCode":"134534699107183652","order_sn":"2018040421073539105","price":10}
2018-04-04 21:10:32 {"merchant_id":"1499456762","key":"","authCode":"134660528468149624","order_sn":"2018040421103265986","price":24}
2018-04-04 21:17:15 {"merchant_id":"1499456762","key":"","authCode":"134608977584669855","order_sn":"2018040421171525834","price":12}
2018-04-04 21:26:28 {"merchant_id":"1499456762","key":"","authCode":"135015864242133356","order_sn":"2018040421262831576","price":26.5}
2018-04-04 21:28:15 {"merchant_id":"1499456762","key":"","authCode":"134526866116507862","order_sn":"2018040421281598539","price":28}
2018-04-04 21:33:32 {"merchant_id":"1499456762","key":"","authCode":"134674649297681696","order_sn":"2018040421333258152","price":13}
2018-04-04 23:33:04 {"merchant_id":"2088822285099072","key":"201710BBaa55e11a995b41488709d94fe3bfbX07","authCode":"281290792019367399","order_sn":"2018040423330469021","price":800}
2018-04-04 23:33:04 {"app_id":"2017071207730667","method":"alipay.trade.pay","charset":"utf-8","sign_type":"RSA","app_auth_token":"201710BBaa55e11a995b41488709d94fe3bfbX07","timestamp":"2018-04-04 23:33:04","version":"1.0","biz_content":"{\"out_trade_no\":\"2018040423330469021\",\"scene\":\"bar_code\",\"auth_code\":\"281290792019367399\",\"subject\":\"\\u8ba2\\u5355\\u53f7:2018040423330469021\",\"seller_id\":\"2088822285099072\",\"total_amount\":800,\"extend_params\":{\"sys_service_provider_id\":\"2088721521881652\"}}","sign":"LyAyZOGWqXMoUzWvRWyX7GQoT7C6ZydTjQB\/a5wRTC5YptMGmH\/94Qgr2Zsl7vlVLZzcwvlY+\/wDi\/wY47jcJ8l2ILKHrGndJ8x6mEfFsgC4Sypis9IExMkhfqw17ndnZ+wTwLtZmGYdvK9sdUjzkpf1sij2ytG3zHTLDBf6n94="}
2018-04-04 23:33:06 {"alipay_trade_pay_response":{"code":"10000","msg":"Success","buyer_logon_id":"136****3030","buyer_pay_amount":"800.00","buyer_user_id":"2088412146238285","fund_bill_list":[{"amount":"800.00","fund_channel":"ALIPAYACCOUNT"}],"gmt_payment":"2018-04-04 23:33:06","invoice_amount":"800.00","out_trade_no":"2018040423330469021","point_amount":"0.00","receipt_amount":"800.00","total_amount":"800.00","trade_no":"2018040421001004280586446720"},"sign":"lwd0rut29eZRE4JxpbXqyWklV3KLXTvl72Ye2A8/CR8T60WxyH1PHdamLG838YuKzwzk+V7XGpeuwttG+MNRQi/7O1M/qDCnuixEF1NbsDoJhkJ92Co/0q3VNtxudEyXpVUBtM9sVR1ZD6j8GY7rx9kdj4M6ESn4phrOjq/T7Fw="}
2018-04-04 23:36:09 {"merchant_id":"1490350062","key":"","authCode":"134757675387857044","order_sn":"2018040423360911901","price":20}
