2018-04-19 01:27:23 {"merchant_id":"1490350062","key":"","authCode":"134916803426197954","order_sn":"2018041901272374075","price":300}

2018-04-19 03:56:36 {"merchant_id":"1490350062","key":"","authCode":"134818913923266610","order_sn":"2018041903563678864","price":600}

2018-04-19 03:57:59 {"merchant_id":"1490350062","key":"","authCode":"134993961926695369","order_sn":"2018041903575987036","price":600}

2018-04-19 03:58:38 {"merchant_id":"1490350062","key":"","authCode":"134671982080123285","order_sn":"2018041903583874395","price":600}

2018-04-19 04:02:19 {"merchant_id":"1490350062","key":"","authCode":"134830901741766702","order_sn":"2018041904021910677","price":600}

2018-04-19 07:44:40 {"merchant_id":"1499456762","key":"","authCode":"134540546537324955","order_sn":"2018041907444027906","price":9}

2018-04-19 08:35:09 {"merchant_id":"1499456762","key":"","authCode":"134575393146500079","order_sn":"2018041908350951110","price":8}

2018-04-19 08:36:57 {"merchant_id":"1499456762","key":"","authCode":"134594954788816226","order_sn":"2018041908365748651","price":7}

2018-04-19 09:08:01 {"merchant_id":"1499456762","key":"","authCode":"134808623533707660","order_sn":"2018041909080141636","price":36}

2018-04-19 09:20:14 {"merchant_id":"1499456762","key":"","authCode":"136160426601724624","order_sn":"2018041909201475339","price":5}

2018-04-19 09:55:56 {"merchant_id":"1499456762","key":"","authCode":"134542363659912404","order_sn":"2018041909555641714","price":59}

2018-04-19 10:42:16 {"merchant_id":"1490350062","key":"","authCode":"134788351406262515","order_sn":"2018041910421616302","price":600}

2018-04-19 10:46:28 {"merchant_id":"1499456762","key":"","authCode":"134839304350993231","order_sn":"2018041910462874726","price":14}

2018-04-19 10:47:11 {"merchant_id":"1499456762","key":"","authCode":"134756148731102622","order_sn":"2018041910471112821","price":8}

2018-04-19 11:09:56 {"merchant_id":"1499456762","key":"","authCode":"135453431652978959","order_sn":"2018041911095679754","price":31.5}

2018-04-19 11:35:05 {"merchant_id":"1499456762","key":"","authCode":"134890565650885310","order_sn":"2018041911350582692","price":24}

2018-04-19 11:38:04 {"merchant_id":"1499456762","key":"","authCode":"134558565481431445","order_sn":"2018041911380465590","price":78}

2018-04-19 11:39:28 {"merchant_id":"1490350062","key":"","authCode":"134712793900135525","order_sn":"2018041911392840571","price":70}

2018-04-19 11:45:00 {"merchant_id":"1499456762","key":"","authCode":"134831998170498786","order_sn":"2018041911450076994","price":200}

2018-04-19 11:51:13 {"merchant_id":"2088822285099072","key":"201710BBaa55e11a995b41488709d94fe3bfbX07","authCode":"281635033250243373","order_sn":"2018041911511333475","price":2000}

2018-04-19 11:51:13 {"app_id":"2017071207730667","method":"alipay.trade.pay","charset":"utf-8","sign_type":"RSA","app_auth_token":"201710BBaa55e11a995b41488709d94fe3bfbX07","timestamp":"2018-04-19 11:51:13","version":"1.0","biz_content":"{\"out_trade_no\":\"2018041911511333475\",\"scene\":\"bar_code\",\"auth_code\":\"281635033250243373\",\"subject\":\"\\u8ba2\\u5355\\u53f7:2018041911511333475\",\"seller_id\":\"2088822285099072\",\"total_amount\":2000,\"extend_params\":{\"sys_service_provider_id\":\"2088721521881652\"}}","sign":"aHi88WNnulElICQJa1EfQl1vIueN8xkNjgxA4gC1vi2AZEbCysYglTTk2gMTs0sYEcCCiFHlqZ06+8cslUgdI1uHueID9+KbH2ofJpcbKyxFEZCE5ZNdFxauepowAlOEf8NM9tnggfVJERsDZBGpSY\/x9Q9uHDJ0QVwFh7PgTZU="}

2018-04-19 11:51:13 {"alipay_trade_pay_response":{"code":"10003","msg":" order success pay inprocess","buyer_logon_id":"xcc***@163.com","buyer_pay_amount":"0.00","buyer_user_id":"2088102009797010","invoice_amount":"0.00","out_trade_no":"2018041911511333475","point_amount":"0.00","receipt_amount":"0.00","total_amount":"2000.00","trade_no":"2018041921001004010569726349"},"sign":"WwKLxtP+j4P8oA8EaZF01g6MTwPsN07aaF9n/YHQzP6Oy4+QCkeQsAHAUTaucvu4wIo5XP+4BEwreXzX3SzlJ8rScHbuoWG0vZXFgC2oNMlxzxD9UbXepPnRS6H61Abq9tJvHV+P4r3lapRRzUNbVPvBIpgN2QYMYdjApsEEcx8="}

2018-04-19 11:51:14 {"alipay_trade_query_response":{"code":"10000","msg":"Success","buyer_logon_id":"xcc***@163.com","buyer_pay_amount":"0.00","buyer_user_id":"2088102009797010","invoice_amount":"0.00","out_trade_no":"2018041911511333475","point_amount":"0.00","receipt_amount":"0.00","total_amount":"2000.00","trade_no":"2018041921001004010569726349","trade_status":"WAIT_BUYER_PAY"},"sign":"WQkF28VYOE1OIfOMLWjkS1KiXYouRWUaZuK5TkzyP0GZgyMk5G8ORunMKYry/D5OXqXfw+al9uhrXthUjfw4y3Pp9ueK4gYDNBg42Qi7QdXBWLZjRdrEYQ2g7mFOE0j4GrGdAV9DfpXjRl3jNx980oPJTUgntMGnu6JgwLWI6IQ="}

2018-04-19 11:51:18 {"alipay_trade_query_response":{"code":"10000","msg":"Success","buyer_logon_id":"xcc***@163.com","buyer_pay_amount":"2000.00","buyer_user_id":"2088102009797010","fund_bill_list":[{"amount":"2000.00","fund_channel":"PCREDIT"}],"invoice_amount":"2000.00","out_trade_no":"2018041911511333475","point_amount":"0.00","receipt_amount":"2000.00","send_pay_date":"2018-04-19 11:51:18","total_amount":"2000.00","trade_no":"2018041921001004010569726349","trade_status":"TRADE_SUCCESS"},"sign":"jm6V23xoaI4c8vZIZh/C2+oQYIEvl1GUfeBg2/BqQZTJO+nMqLPp5xK0oZpiZxr3NRjmVRwWrtsqwI1MMI9Z1bShtBCAAdL8Na05lADh8Guz8caGSslLg7BZ2Vt25HAXtk9o64bSIEKQTHRje8Wj7+Ytrf0nB8JXoxTbhufUT94="}

2018-04-19 12:12:23 {"merchant_id":"1493159782","key":"","authCode":"135008299646637241","order_sn":"2018041912122377375","price":300}

2018-04-19 12:20:23 {"merchant_id":"1499456762","key":"","authCode":"134561100249231778","order_sn":"2018041912202393836","price":38}

2018-04-19 12:21:39 {"merchant_id":"2088822285099072","key":"201710BBaa55e11a995b41488709d94fe3bfbX07","authCode":"286296255031476961","order_sn":"2018041912213930549","price":200}

2018-04-19 12:21:39 {"app_id":"2017071207730667","method":"alipay.trade.pay","charset":"utf-8","sign_type":"RSA","app_auth_token":"201710BBaa55e11a995b41488709d94fe3bfbX07","timestamp":"2018-04-19 12:21:39","version":"1.0","biz_content":"{\"out_trade_no\":\"2018041912213930549\",\"scene\":\"bar_code\",\"auth_code\":\"286296255031476961\",\"subject\":\"\\u8ba2\\u5355\\u53f7:2018041912213930549\",\"seller_id\":\"2088822285099072\",\"total_amount\":200,\"extend_params\":{\"sys_service_provider_id\":\"2088721521881652\"}}","sign":"ZTJ0gOY8nF21v9TgxXzkEvj2TF3SLsETMAfHggPI1hbC2CJm+g5og+ABlmTh\/oIqnmuacNENtPK9etTMFMt5EisS7GFaRlrdI89J8CTPX\/wCItd06iDxFHesF1A58k81YFO4mVt5ulcZPo44qckTvZ5e+LBWlc3ozxehF9TF2\/g="}

2018-04-19 12:21:41 {"alipay_trade_pay_response":{"code":"10000","msg":"Success","buyer_logon_id":"181****9263","buyer_pay_amount":"200.00","buyer_user_id":"2088522763148181","fund_bill_list":[{"amount":"200.00","fund_channel":"ALIPAYACCOUNT"}],"gmt_payment":"2018-04-19 12:21:41","invoice_amount":"200.00","out_trade_no":"2018041912213930549","point_amount":"0.00","receipt_amount":"200.00","total_amount":"200.00","trade_no":"2018041921001004180563049150"},"sign":"VVisoQTBfk5WVnDCr0JN2bHnv9tBM/qtomlNzcVdMudFeFXvBFGwdx93SQNul6OLSY7qMFgbAD5BR3qKH+VYZprMY1GofJgvAF3GmWl6Y/2qIaVyBxKY85OPKh9SAfk++LovtXr3m3XiVToGv3p0jSZVwhgh64oSYMBz7YWpqw0="}

2018-04-19 12:48:03 {"merchant_id":"1499456762","key":"","authCode":"134711560397663009","order_sn":"2018041912480369748","price":7}

2018-04-19 13:53:13 {"merchant_id":"1499456762","key":"","authCode":"134694367635498118","order_sn":"2018041913531382527","price":40}

2018-04-19 14:06:56 {"merchant_id":"1499456762","key":"","authCode":"134642639142665709","order_sn":"2018041914065691300","price":128}

2018-04-19 14:11:48 {"merchant_id":"1499456762","key":"","authCode":"135055344014073252","order_sn":"2018041914114868187","price":70}

2018-04-19 14:19:11 {"merchant_id":"1499456762","key":"","authCode":"134621068823532317","order_sn":"2018041914191120559","price":43}

2018-04-19 14:20:24 {"merchant_id":"1499456762","key":"","authCode":"135585924701774458","order_sn":"2018041914202476408","price":268}

2018-04-19 14:25:37 {"merchant_id":"1499456762","key":"","authCode":"134927626578743445","order_sn":"2018041914253747149","price":18}

2018-04-19 14:42:09 {"merchant_id":"1499456762","key":"","authCode":"134736349436016179","order_sn":"2018041914420942191","price":128}

2018-04-19 14:54:39 {"merchant_id":"1490350062","key":"","authCode":"134867080094395795","order_sn":"2018041914543929457","price":150}

2018-04-19 15:13:48 {"merchant_id":"1490350062","key":"","authCode":"134994310887751117","order_sn":"2018041915134882038","price":100}

2018-04-19 15:15:46 {"merchant_id":"1499456762","key":"","authCode":"134866761159179817","order_sn":"2018041915154623386","price":42}

2018-04-19 16:07:28 {"merchant_id":"1499456762","key":"","authCode":"134512399064195510","order_sn":"2018041916072851661","price":27}

2018-04-19 16:12:05 {"merchant_id":"1499456762","key":"","authCode":"134846658684414629","order_sn":"2018041916120527364","price":27}

2018-04-19 16:29:10 {"merchant_id":"1499456762","key":"","authCode":"134808629565543477","order_sn":"2018041916291017712","price":8}

2018-04-19 16:31:54 {"merchant_id":"1499456762","key":"","authCode":"135566408843534660","order_sn":"2018041916315442313","price":47}

2018-04-19 16:36:07 {"merchant_id":"1499456762","key":"","authCode":"134566257469346094","order_sn":"2018041916360741970","price":30}

2018-04-19 16:39:52 {"merchant_id":"1499456762","key":"","authCode":"135268821121783782","order_sn":"2018041916395285476","price":19}

2018-04-19 16:42:14 {"merchant_id":"1499456762","key":"","authCode":"135019285234816228","order_sn":"2018041916421499956","price":12}

2018-04-19 16:43:11 {"merchant_id":"1499456762","key":"","authCode":"134609297192209706","order_sn":"2018041916431158926","price":8}

2018-04-19 16:45:21 {"merchant_id":"1499456762","key":"","authCode":"134690054053610092","order_sn":"2018041916452180492","price":38}

2018-04-19 16:46:28 {"merchant_id":"1499456762","key":"","authCode":"134628944600616015","order_sn":"2018041916462888235","price":8}

2018-04-19 16:57:36 {"merchant_id":"1499456762","key":"","authCode":"134506212736443391","order_sn":"2018041916573692775","price":48}

2018-04-19 17:09:26 {"merchant_id":"1499456762","key":"","authCode":"134604981528903364","order_sn":"2018041917092625321","price":18}

2018-04-19 17:09:55 {"merchant_id":"1499456762","key":"","authCode":"134594832959785198","order_sn":"2018041917095574025","price":17}

2018-04-19 17:11:02 {"merchant_id":"1499456762","key":"","authCode":"134601364177630518","order_sn":"2018041917110270081","price":25}

2018-04-19 17:19:39 {"merchant_id":"1499456762","key":"","authCode":"134701869468242346","order_sn":"2018041917193936552","price":200}

2018-04-19 17:25:43 {"merchant_id":"1499456762","key":"","authCode":"134753328005946102","order_sn":"2018041917254383939","price":22}

2018-04-19 17:29:48 {"merchant_id":"1499456762","key":"","authCode":"134546224185839554","order_sn":"2018041917294899401","price":19}

2018-04-19 17:30:01 {"merchant_id":"1499456762","key":"","authCode":"134604253622617370","order_sn":"2018041917300131005","price":6}

2018-04-19 17:32:13 {"merchant_id":"1499456762","key":"","authCode":"134621869251471605","order_sn":"2018041917321369581","price":6.5}

2018-04-19 17:32:47 {"merchant_id":"1499456762","key":"","authCode":"134748574075508311","order_sn":"2018041917324765925","price":6}

2018-04-19 17:33:17 {"merchant_id":"1499456762","key":"","authCode":"134554655806342615","order_sn":"2018041917331796359","price":9}

2018-04-19 17:40:32 {"merchant_id":"1499456762","key":"","authCode":"134635101950236316","order_sn":"2018041917403271823","price":38}

2018-04-19 17:40:43 {"merchant_id":"1499456762","key":"","authCode":"134804666431978611","order_sn":"2018041917404363240","price":9}

2018-04-19 17:47:49 {"merchant_id":"1490350062","key":"","authCode":"135286543301584580","order_sn":"2018041917474946232","price":100}

2018-04-19 18:24:53 {"merchant_id":"1493159782","key":"","authCode":"134514358761939681","order_sn":"2018041918245376685","price":300}

2018-04-19 18:26:45 {"merchant_id":"1499456762","key":"","authCode":"135573930189226283","order_sn":"2018041918264580724","price":12}

2018-04-19 18:28:38 {"merchant_id":"1499456762","key":"","authCode":"134644463602357856","order_sn":"2018041918283843910","price":16}

2018-04-19 18:37:04 {"merchant_id":"2088821827997030","key":"201711BBc699bef5cde842dba6fa5c6bdc706A03","authCode":"284390816041944234","order_sn":"2018041918370458868","price":1000}

2018-04-19 18:37:04 {"app_id":"2017071207730667","method":"alipay.trade.pay","charset":"utf-8","sign_type":"RSA","app_auth_token":"201711BBc699bef5cde842dba6fa5c6bdc706A03","timestamp":"2018-04-19 18:37:04","version":"1.0","biz_content":"{\"out_trade_no\":\"2018041918370458868\",\"scene\":\"bar_code\",\"auth_code\":\"284390816041944234\",\"subject\":\"\\u8ba2\\u5355\\u53f7:2018041918370458868\",\"seller_id\":\"2088821827997030\",\"total_amount\":1000,\"extend_params\":{\"sys_service_provider_id\":\"2088721521881652\"}}","sign":"I\/kCmyahqPDRQBefv9ErDaGmMi+hw5SfHIwBX1bjFrk3bV7c+K9IZDimZsz3lb8wehPJvuotvBkGAyDvuLM6NLvKNG0YDpeKMDyUemhqymFEHGXJ7Y6R5rTuoqdurHjpMaeRFeZrwpI303POMazMmqG7CndesVnZ6J\/\/2h0FCvY="}

2018-04-19 18:37:05 {"alipay_trade_pay_response":{"code":"10003","msg":" order success pay inprocess","buyer_logon_id":"190***@qq.com","buyer_pay_amount":"0.00","buyer_user_id":"2088422800610074","invoice_amount":"0.00","out_trade_no":"2018041918370458868","point_amount":"0.00","receipt_amount":"0.00","total_amount":"1000.00","trade_no":"2018041921001004070571150847"},"sign":"MetlzZtQcB3w8ZxliqzwIGMu/cBZQ1XMkF+lgSuQlW5JYQsMJuvSQgB4ZsQpcAu8P2B/7Dzvylj31L5lmgQxHus4Jvf9TFl0ec5h4GPkgpNoeZWu0ODhJ8uhCA7kUTXPpoXN467rJdaOyq5b2S7EBPIoyp8khQpUVAeOsWgnB18="}

2018-04-19 18:37:05 {"alipay_trade_query_response":{"code":"10000","msg":"Success","buyer_logon_id":"190***@qq.com","buyer_pay_amount":"0.00","buyer_user_id":"2088422800610074","invoice_amount":"0.00","out_trade_no":"2018041918370458868","point_amount":"0.00","receipt_amount":"0.00","total_amount":"1000.00","trade_no":"2018041921001004070571150847","trade_status":"WAIT_BUYER_PAY"},"sign":"RxMBTsmqPITonsxaBvDyqJaHzf7fdpQ+eUkmIqipaNHxAjLHAbJe/Coill9EkdBJZAEPfF7wdD9ykyyXg944nTc3KoQJtqvs2RMeU0lXCGyyjE9L//Y+2o3NNcPAkQV3uN/dlm2gEQepwCWvX/yw3/wcAaF0yYqWkU5EwMLYcoY="}

2018-04-19 18:37:09 {"alipay_trade_query_response":{"code":"10000","msg":"Success","buyer_logon_id":"190***@qq.com","buyer_pay_amount":"0.00","buyer_user_id":"2088422800610074","invoice_amount":"0.00","out_trade_no":"2018041918370458868","point_amount":"0.00","receipt_amount":"0.00","total_amount":"1000.00","trade_no":"2018041921001004070571150847","trade_status":"WAIT_BUYER_PAY"},"sign":"RxMBTsmqPITonsxaBvDyqJaHzf7fdpQ+eUkmIqipaNHxAjLHAbJe/Coill9EkdBJZAEPfF7wdD9ykyyXg944nTc3KoQJtqvs2RMeU0lXCGyyjE9L//Y+2o3NNcPAkQV3uN/dlm2gEQepwCWvX/yw3/wcAaF0yYqWkU5EwMLYcoY="}

2018-04-19 18:37:13 {"alipay_trade_query_response":{"code":"10000","msg":"Success","buyer_logon_id":"190***@qq.com","buyer_pay_amount":"0.00","buyer_user_id":"2088422800610074","invoice_amount":"0.00","out_trade_no":"2018041918370458868","point_amount":"0.00","receipt_amount":"0.00","total_amount":"1000.00","trade_no":"2018041921001004070571150847","trade_status":"WAIT_BUYER_PAY"},"sign":"RxMBTsmqPITonsxaBvDyqJaHzf7fdpQ+eUkmIqipaNHxAjLHAbJe/Coill9EkdBJZAEPfF7wdD9ykyyXg944nTc3KoQJtqvs2RMeU0lXCGyyjE9L//Y+2o3NNcPAkQV3uN/dlm2gEQepwCWvX/yw3/wcAaF0yYqWkU5EwMLYcoY="}

2018-04-19 18:37:17 {"alipay_trade_query_response":{"code":"10000","msg":"Success","buyer_logon_id":"190***@qq.com","buyer_pay_amount":"0.00","buyer_user_id":"2088422800610074","invoice_amount":"0.00","out_trade_no":"2018041918370458868","point_amount":"0.00","receipt_amount":"0.00","total_amount":"1000.00","trade_no":"2018041921001004070571150847","trade_status":"WAIT_BUYER_PAY"},"sign":"RxMBTsmqPITonsxaBvDyqJaHzf7fdpQ+eUkmIqipaNHxAjLHAbJe/Coill9EkdBJZAEPfF7wdD9ykyyXg944nTc3KoQJtqvs2RMeU0lXCGyyjE9L//Y+2o3NNcPAkQV3uN/dlm2gEQepwCWvX/yw3/wcAaF0yYqWkU5EwMLYcoY="}

2018-04-19 18:37:22 {"alipay_trade_query_response":{"code":"10000","msg":"Success","buyer_logon_id":"190***@qq.com","buyer_pay_amount":"0.00","buyer_user_id":"2088422800610074","invoice_amount":"0.00","out_trade_no":"2018041918370458868","point_amount":"0.00","receipt_amount":"0.00","total_amount":"1000.00","trade_no":"2018041921001004070571150847","trade_status":"WAIT_BUYER_PAY"},"sign":"RxMBTsmqPITonsxaBvDyqJaHzf7fdpQ+eUkmIqipaNHxAjLHAbJe/Coill9EkdBJZAEPfF7wdD9ykyyXg944nTc3KoQJtqvs2RMeU0lXCGyyjE9L//Y+2o3NNcPAkQV3uN/dlm2gEQepwCWvX/yw3/wcAaF0yYqWkU5EwMLYcoY="}

2018-04-19 18:37:26 {"alipay_trade_query_response":{"code":"10000","msg":"Success","buyer_logon_id":"190***@qq.com","buyer_pay_amount":"0.00","buyer_user_id":"2088422800610074","invoice_amount":"0.00","out_trade_no":"2018041918370458868","point_amount":"0.00","receipt_amount":"0.00","total_amount":"1000.00","trade_no":"2018041921001004070571150847","trade_status":"WAIT_BUYER_PAY"},"sign":"RxMBTsmqPITonsxaBvDyqJaHzf7fdpQ+eUkmIqipaNHxAjLHAbJe/Coill9EkdBJZAEPfF7wdD9ykyyXg944nTc3KoQJtqvs2RMeU0lXCGyyjE9L//Y+2o3NNcPAkQV3uN/dlm2gEQepwCWvX/yw3/wcAaF0yYqWkU5EwMLYcoY="}

2018-04-19 18:37:30 {"alipay_trade_query_response":{"code":"10000","msg":"Success","buyer_logon_id":"190***@qq.com","buyer_pay_amount":"0.00","buyer_user_id":"2088422800610074","invoice_amount":"0.00","out_trade_no":"2018041918370458868","point_amount":"0.00","receipt_amount":"0.00","total_amount":"1000.00","trade_no":"2018041921001004070571150847","trade_status":"WAIT_BUYER_PAY"},"sign":"RxMBTsmqPITonsxaBvDyqJaHzf7fdpQ+eUkmIqipaNHxAjLHAbJe/Coill9EkdBJZAEPfF7wdD9ykyyXg944nTc3KoQJtqvs2RMeU0lXCGyyjE9L//Y+2o3NNcPAkQV3uN/dlm2gEQepwCWvX/yw3/wcAaF0yYqWkU5EwMLYcoY="}

2018-04-19 18:37:33 {"alipay_trade_query_response":{"code":"10000","msg":"Success","buyer_logon_id":"190***@qq.com","buyer_pay_amount":"0.00","buyer_user_id":"2088422800610074","invoice_amount":"0.00","out_trade_no":"2018041918370458868","point_amount":"0.00","receipt_amount":"0.00","total_amount":"1000.00","trade_no":"2018041921001004070571150847","trade_status":"TRADE_CLOSED"},"sign":"RIlvk0HD91l9LPqE2inAIdKxXY2A2lpQ2mIZCv5GCIqRypO9T3r8NHBYdwuug+FmNSHV3mBYkGJ3dn97TX3mwMa5DleVmLMONMap3z9+K6Nqcs5Lmu/TrWVPvHKjmiTY08nx/YpUeL7UdimP7dKqPQpgbO2S8tvJlEjddWiNTEw="}

2018-04-19 18:37:54 {"merchant_id":"2088821827997030","key":"201711BBc699bef5cde842dba6fa5c6bdc706A03","authCode":"286362058013141458","order_sn":"2018041918375457532","price":1000}

2018-04-19 18:37:54 {"app_id":"2017071207730667","method":"alipay.trade.pay","charset":"utf-8","sign_type":"RSA","app_auth_token":"201711BBc699bef5cde842dba6fa5c6bdc706A03","timestamp":"2018-04-19 18:37:54","version":"1.0","biz_content":"{\"out_trade_no\":\"2018041918375457532\",\"scene\":\"bar_code\",\"auth_code\":\"286362058013141458\",\"subject\":\"\\u8ba2\\u5355\\u53f7:2018041918375457532\",\"seller_id\":\"2088821827997030\",\"total_amount\":1000,\"extend_params\":{\"sys_service_provider_id\":\"2088721521881652\"}}","sign":"kxIB+oqaLHdpXD9sYPrqtKZ4Tlo0pb1JQGtTlh8DN0l6SPWjjbPtJWYoqQbDLN94j\/rxpa7h0xDhcmCFT3dqKi1jNkBVZNtA\/99IAR7qgC8pemAjbPpt651c\/8dUjPVeWkH2FYDVVFNxwY1iLL1yJNsiqxAW6kIjS4NlIaQTJQ8="}

2018-04-19 18:37:56 {"alipay_trade_pay_response":{"code":"10003","msg":" order success pay inprocess","buyer_logon_id":"190***@qq.com","buyer_pay_amount":"0.00","buyer_user_id":"2088422800610074","invoice_amount":"0.00","out_trade_no":"2018041918375457532","point_amount":"0.00","receipt_amount":"0.00","total_amount":"1000.00","trade_no":"2018041921001004070571217709"},"sign":"kG+VWxkz8vFdLjG3mcTZwZfWXvMKWqvo3UKHM813c+xqMS5YNDiSn484Y7hH52joJsgemCxvv1twB6OofyXcnLrCq7tsZSNHMuDuhZUUoZyzqSeW88WR2fG4OSfrCx/D7yy5sNVwU0oXuFd3aXBnAWRGkhIfeY5BuLmsuxiXje8="}

2018-04-19 18:37:56 {"alipay_trade_query_response":{"code":"10000","msg":"Success","buyer_logon_id":"190***@qq.com","buyer_pay_amount":"0.00","buyer_user_id":"2088422800610074","invoice_amount":"0.00","out_trade_no":"2018041918375457532","point_amount":"0.00","receipt_amount":"0.00","total_amount":"1000.00","trade_no":"2018041921001004070571217709","trade_status":"WAIT_BUYER_PAY"},"sign":"kmhYtzyaTZOtc+0tDhLL8bf5JBDFlO2nzHrDXlGZGy57DUhWaZlCPj1bBff4NtpToBJCnYOxB7OMigxyWpTUevFInR6wyHRcwNmn/ebr1WtvUY95WcuDWSeLPsd9WzlMUBkcXPc2VzLkWZuZzC/5oLvfd/02zNTYXKIr3wGfjLA="}

2018-04-19 18:38:00 {"alipay_trade_query_response":{"code":"10000","msg":"Success","buyer_logon_id":"190***@qq.com","buyer_pay_amount":"0.00","buyer_user_id":"2088422800610074","invoice_amount":"0.00","out_trade_no":"2018041918375457532","point_amount":"0.00","receipt_amount":"0.00","total_amount":"1000.00","trade_no":"2018041921001004070571217709","trade_status":"WAIT_BUYER_PAY"},"sign":"kmhYtzyaTZOtc+0tDhLL8bf5JBDFlO2nzHrDXlGZGy57DUhWaZlCPj1bBff4NtpToBJCnYOxB7OMigxyWpTUevFInR6wyHRcwNmn/ebr1WtvUY95WcuDWSeLPsd9WzlMUBkcXPc2VzLkWZuZzC/5oLvfd/02zNTYXKIr3wGfjLA="}

2018-04-19 18:38:04 {"alipay_trade_query_response":{"code":"10000","msg":"Success","buyer_logon_id":"190***@qq.com","buyer_pay_amount":"0.00","buyer_user_id":"2088422800610074","invoice_amount":"0.00","out_trade_no":"2018041918375457532","point_amount":"0.00","receipt_amount":"0.00","total_amount":"1000.00","trade_no":"2018041921001004070571217709","trade_status":"WAIT_BUYER_PAY"},"sign":"kmhYtzyaTZOtc+0tDhLL8bf5JBDFlO2nzHrDXlGZGy57DUhWaZlCPj1bBff4NtpToBJCnYOxB7OMigxyWpTUevFInR6wyHRcwNmn/ebr1WtvUY95WcuDWSeLPsd9WzlMUBkcXPc2VzLkWZuZzC/5oLvfd/02zNTYXKIr3wGfjLA="}

2018-04-19 18:38:08 {"alipay_trade_query_response":{"code":"10000","msg":"Success","buyer_logon_id":"190***@qq.com","buyer_pay_amount":"0.00","buyer_user_id":"2088422800610074","invoice_amount":"0.00","out_trade_no":"2018041918375457532","point_amount":"0.00","receipt_amount":"0.00","total_amount":"1000.00","trade_no":"2018041921001004070571217709","trade_status":"WAIT_BUYER_PAY"},"sign":"kmhYtzyaTZOtc+0tDhLL8bf5JBDFlO2nzHrDXlGZGy57DUhWaZlCPj1bBff4NtpToBJCnYOxB7OMigxyWpTUevFInR6wyHRcwNmn/ebr1WtvUY95WcuDWSeLPsd9WzlMUBkcXPc2VzLkWZuZzC/5oLvfd/02zNTYXKIr3wGfjLA="}

2018-04-19 18:38:12 {"alipay_trade_query_response":{"code":"10000","msg":"Success","buyer_logon_id":"190***@qq.com","buyer_pay_amount":"0.00","buyer_user_id":"2088422800610074","invoice_amount":"0.00","out_trade_no":"2018041918375457532","point_amount":"0.00","receipt_amount":"0.00","total_amount":"1000.00","trade_no":"2018041921001004070571217709","trade_status":"WAIT_BUYER_PAY"},"sign":"kmhYtzyaTZOtc+0tDhLL8bf5JBDFlO2nzHrDXlGZGy57DUhWaZlCPj1bBff4NtpToBJCnYOxB7OMigxyWpTUevFInR6wyHRcwNmn/ebr1WtvUY95WcuDWSeLPsd9WzlMUBkcXPc2VzLkWZuZzC/5oLvfd/02zNTYXKIr3wGfjLA="}

2018-04-19 18:38:16 {"alipay_trade_query_response":{"code":"10000","msg":"Success","buyer_logon_id":"190***@qq.com","buyer_pay_amount":"1000.00","buyer_user_id":"2088422800610074","fund_bill_list":[{"amount":"1000.00","fund_channel":"ALIPAYACCOUNT"}],"invoice_amount":"1000.00","out_trade_no":"2018041918375457532","point_amount":"0.00","receipt_amount":"1000.00","send_pay_date":"2018-04-19 18:38:14","total_amount":"1000.00","trade_no":"2018041921001004070571217709","trade_status":"TRADE_SUCCESS"},"sign":"CIgc9g/ROrFHZ/yn89VfbzUul7zw2ZJ8IiqyjsZ5QDLuj/qa5R4+of/cEsCaITpNoV3uuI7QEP4MTIfka/zl/dEO6w+9euI1MQ3uuoY3+JvVdHnbY+Sqt+GLjjyFDYIy7/U112/uAz7AmwecwQ97jcN1Sho65Mywl9dL5FXNW+4="}

2018-04-19 18:39:01 {"merchant_id":"1499456762","key":"","authCode":"134902823009310127","order_sn":"2018041918390145945","price":6}

2018-04-19 18:45:03 {"merchant_id":"1499456762","key":"","authCode":"134748951117182842","order_sn":"2018041918450335278","price":9}

2018-04-19 18:52:05 {"merchant_id":"1499456762","key":"","authCode":"134650391308108177","order_sn":"2018041918520516854","price":37}

2018-04-19 18:53:19 {"merchant_id":"1499456762","key":"","authCode":"134846386654491479","order_sn":"2018041918531959057","price":42}

2018-04-19 18:55:27 {"merchant_id":"1499456762","key":"","authCode":"135334795420401776","order_sn":"2018041918552751558","price":28}

2018-04-19 18:59:37 {"merchant_id":"1499456762","key":"","authCode":"135218193728156291","order_sn":"2018041918593778221","price":10}

2018-04-19 19:08:00 {"merchant_id":"1499456762","key":"","authCode":"134895471809200756","order_sn":"2018041919080067850","price":20}

2018-04-19 19:10:53 {"merchant_id":"1499456762","key":"","authCode":"134696978262852759","order_sn":"2018041919105396493","price":300}

2018-04-19 19:13:35 {"merchant_id":"1490350062","key":"","authCode":"134964989562196283","order_sn":"2018041919133582391","price":200}

2018-04-19 19:13:42 {"merchant_id":"1499456762","key":"","authCode":"134506881429237512","order_sn":"2018041919134216535","price":12}

2018-04-19 19:21:12 {"merchant_id":"1499456762","key":"","authCode":"134532637910613145","order_sn":"2018041919211244766","price":8}

2018-04-19 19:27:37 {"merchant_id":"1499456762","key":"","authCode":"134867368893361981","order_sn":"2018041919273764445","price":8.3}

2018-04-19 19:35:36 {"merchant_id":"1499456762","key":"","authCode":"134702096667789223","order_sn":"2018041919353692450","price":20}

2018-04-19 19:42:28 {"merchant_id":"1499456762","key":"","authCode":"134634445437178348","order_sn":"2018041919422829297","price":36}

2018-04-19 19:44:47 {"merchant_id":"1499456762","key":"","authCode":"134831922980827853","order_sn":"2018041919444795930","price":12}

2018-04-19 19:46:03 {"merchant_id":"1499456762","key":"","authCode":"134670271396443399","order_sn":"2018041919460345453","price":11}

2018-04-19 19:48:51 {"merchant_id":"1499456762","key":"","authCode":"135653393292304040","order_sn":"2018041919485122684","price":20}

2018-04-19 19:49:18 {"merchant_id":"1499456762","key":"","authCode":"134725058940512525","order_sn":"2018041919491772578","price":12}

2018-04-19 19:53:21 {"merchant_id":"1499456762","key":"","authCode":"134622436762443502","order_sn":"2018041919532182758","price":23.5}

2018-04-19 19:56:50 {"merchant_id":"1493159782","key":"","authCode":"134798832230052608","order_sn":"2018041919565048859","price":600}

2018-04-19 20:02:24 {"merchant_id":"1499456762","key":"","authCode":"134570083187637101","order_sn":"2018041920022469939","price":19.2}

2018-04-19 20:03:53 {"merchant_id":"1499456762","key":"","authCode":"134632615018462150","order_sn":"2018041920035310382","price":14}

2018-04-19 20:04:56 {"merchant_id":"1499456762","key":"","authCode":"134636255890538751","order_sn":"2018041920045679198","price":11}

2018-04-19 20:08:37 {"merchant_id":"1499456762","key":"","authCode":"134521867268978024","order_sn":"2018041920083745602","price":21.3}

2018-04-19 20:09:29 {"merchant_id":"1499456762","key":"","authCode":"134777256180097015","order_sn":"2018041920092996619","price":9}

2018-04-19 20:10:32 {"merchant_id":"1499456762","key":"","authCode":"134550567988133175","order_sn":"2018041920103241105","price":200}

2018-04-19 20:12:33 {"merchant_id":"1499456762","key":"","authCode":"134915480501875743","order_sn":"2018041920123385786","price":20}

2018-04-19 20:15:34 {"merchant_id":"1499456762","key":"","authCode":"134532170153893074","order_sn":"2018041920153481815","price":27}

2018-04-19 20:18:20 {"merchant_id":"1499456762","key":"","authCode":"134541992915313257","order_sn":"2018041920182082313","price":46.5}

2018-04-19 20:24:49 {"merchant_id":"1499456762","key":"","authCode":"134569090166486595","order_sn":"2018041920244937680","price":30}

2018-04-19 20:26:01 {"merchant_id":"1499456762","key":"","authCode":"134912127163077019","order_sn":"2018041920260181444","price":25}

2018-04-19 20:31:48 {"merchant_id":"1499456762","key":"","authCode":"134606766727911371","order_sn":"2018041920314812782","price":8}

2018-04-19 20:33:26 {"merchant_id":"1499456762","key":"","authCode":"134934676419681807","order_sn":"2018041920332610574","price":8}

2018-04-19 20:34:06 {"merchant_id":"1499456762","key":"","authCode":"134621685039853848","order_sn":"2018041920340631587","price":50}

2018-04-19 20:35:19 {"merchant_id":"1499456762","key":"","authCode":"134658776013509846","order_sn":"2018041920351950328","price":8.5}

2018-04-19 20:58:06 {"merchant_id":"1499456762","key":"","authCode":"134594234120072156","order_sn":"2018041920580653712","price":19}

2018-04-19 21:04:00 {"merchant_id":"1499456762","key":"","authCode":"134621378878473856","order_sn":"2018041921040014878","price":8}

2018-04-19 21:04:52 {"merchant_id":"1499456762","key":"","authCode":"134920120714147409","order_sn":"2018041921045271762","price":14.5}

2018-04-19 21:10:31 {"merchant_id":"1499456762","key":"","authCode":"134779489240204674","order_sn":"2018041921103139924","price":8}

2018-04-19 21:20:07 {"merchant_id":"1499456762","key":"","authCode":"134527898391264944","order_sn":"2018041921200766462","price":9}

2018-04-19 21:28:32 {"merchant_id":"1499456762","key":"","authCode":"134650621090775637","order_sn":"2018041921283231597","price":9}

2018-04-19 21:30:51 {"merchant_id":"1499456762","key":"","authCode":"134687638810098045","order_sn":"2018041921305183837","price":15}

2018-04-19 21:38:15 {"merchant_id":"1499456762","key":"","authCode":"135852647744524194","order_sn":"2018041921381561411","price":14}

2018-04-19 21:45:55 {"merchant_id":"1499456762","key":"","authCode":"134846683066269650","order_sn":"2018041921455586058","price":12}

2018-04-19 21:51:05 {"merchant_id":"1490350062","key":"","authCode":"134803146056235037","order_sn":"2018041921510569873","price":300}

2018-04-19 22:08:45 {"merchant_id":"1490350062","key":"","authCode":"134711137152783874","order_sn":"2018041922084584667","price":300}

2018-04-19 22:11:01 {"merchant_id":"1499456762","key":"","authCode":"134959487256238949","order_sn":"2018041922110169494","price":13}

2018-04-19 22:13:32 {"merchant_id":"1499456762","key":"","authCode":"134852827179336082","order_sn":"2018041922133213320","price":22.4}

2018-04-19 22:16:18 {"merchant_id":"1499456762","key":"","authCode":"134626095635298864","order_sn":"2018041922161850159","price":20}

2018-04-19 22:58:37 {"merchant_id":"2088822285099072","key":"201710BBaa55e11a995b41488709d94fe3bfbX07","authCode":"282471179469393097","order_sn":"2018041922583798268","price":300}

2018-04-19 22:58:37 {"app_id":"2017071207730667","method":"alipay.trade.pay","charset":"utf-8","sign_type":"RSA","app_auth_token":"201710BBaa55e11a995b41488709d94fe3bfbX07","timestamp":"2018-04-19 22:58:37","version":"1.0","biz_content":"{\"out_trade_no\":\"2018041922583798268\",\"scene\":\"bar_code\",\"auth_code\":\"282471179469393097\",\"subject\":\"\\u8ba2\\u5355\\u53f7:2018041922583798268\",\"seller_id\":\"2088822285099072\",\"total_amount\":300,\"extend_params\":{\"sys_service_provider_id\":\"2088721521881652\"}}","sign":"CQFLfRJDX7A7vFvFFJTkzK\/iMleeWNsYC6ZLBblTcHTyHHbcqwAXtg1842CIZJJcAu9QULEk6MHXQlU8DfeTMLGeL\/v\/l1nG64s7QcoRodUDNJqcDluXcN\/VnWNsazraGVQdbGphllO0SS7GldEXpNlTGC5kPqCHPXco9Vwk0Fg="}

2018-04-19 22:58:38 {"alipay_trade_pay_response":{"code":"10000","msg":"Success","buyer_logon_id":"tia***@163.com","buyer_pay_amount":"300.00","buyer_user_id":"2088912743134370","fund_bill_list":[{"amount":"300.00","fund_channel":"ALIPAYACCOUNT"}],"gmt_payment":"2018-04-19 22:58:38","invoice_amount":"300.00","out_trade_no":"2018041922583798268","point_amount":"0.00","receipt_amount":"300.00","total_amount":"300.00","trade_no":"2018041921001004370588174831"},"sign":"WOXgQPIO73t9PumTD7i6Fyk0Ju6TOCQkfYYbhmIiTrEMQ8Tl2FLPO0KCnSkG1ZhWvCr7iSipHsEvi4cSTEnS9a/6NT8yrAka5825ntgllTGmbOlVn9Hfw3VjWc0IkK6j5Itj+OOcW7A21O9ViYFpQKcOiy78U54x/MgyEWl1Cxs="}

2018-04-19 23:47:00 {"merchant_id":"1490350062","key":"","authCode":"134635734579596261","order_sn":"2018041923470094028","price":100}

2018-04-19 23:50:23 {"merchant_id":"1490350062","key":"","authCode":"134651966942110624","order_sn":"2018041923502382529","price":30}

