2018-04-21 00:59:00 {"merchant_id":"2088822285099072","key":"201710BBaa55e11a995b41488709d94fe3bfbX07","authCode":"282043716412315274","order_sn":"2018042100590010407","price":300}

2018-04-21 00:59:00 {"app_id":"2017071207730667","method":"alipay.trade.pay","charset":"utf-8","sign_type":"RSA","app_auth_token":"201710BBaa55e11a995b41488709d94fe3bfbX07","timestamp":"2018-04-21 00:59:00","version":"1.0","biz_content":"{\"out_trade_no\":\"2018042100590010407\",\"scene\":\"bar_code\",\"auth_code\":\"282043716412315274\",\"subject\":\"\\u8ba2\\u5355\\u53f7:2018042100590010407\",\"seller_id\":\"2088822285099072\",\"total_amount\":300,\"extend_params\":{\"sys_service_provider_id\":\"2088721521881652\"}}","sign":"Za3xM\/Gaouiq6d8UgGnAuDS+wleqiZPEUpBdoSb8sND0aSQsHgvBys3jvoVB+wnNN7moaPlT1Rur+IIUVku0l0w6x5VfpBneOH5VAuqIyGta+3kCowP09w1Ix2oKJdE2Rp9OLvqztQ\/HRgJboY86wj5TXwHC0aF53gKo8bOpbIs="}

2018-04-21 00:59:01 {"alipay_trade_pay_response":{"code":"10000","msg":"Success","buyer_logon_id":"136****9115","buyer_pay_amount":"300.00","buyer_user_id":"2088502843676287","fund_bill_list":[{"amount":"300.00","fund_channel":"PCREDIT"}],"gmt_payment":"2018-04-21 00:59:01","invoice_amount":"300.00","out_trade_no":"2018042100590010407","point_amount":"0.00","receipt_amount":"300.00","total_amount":"300.00","trade_no":"2018042121001004280545187392"},"sign":"vWl49FBuOfLP1qIcosvTbQMSEluDNTty/StlaviOwo3LdGDhZI6BdFQccZBJT/Eu/TT3eJI4QyBGvnQo7hO9dtbVD4LOx0G1jDBns7isBqeQq+A3l3BKTowEP0HiVGKjHH+87Qgu0KvlwYxZr4JySnKGbhHSrWYtFy5p6UfsDuw="}

2018-04-21 02:18:43 {"merchant_id":"1490350062","key":"","authCode":"134530609427613663","order_sn":"2018042102184364004","price":300}

2018-04-21 06:45:11 {"merchant_id":"1490350062","key":"","authCode":"134534691679447016","order_sn":"2018042106451147445","price":12}

2018-04-21 07:36:53 {"merchant_id":"1499456762","key":"","authCode":"134937960742380746","order_sn":"2018042107365391377","price":7}

2018-04-21 07:52:13 {"merchant_id":"1499456762","key":"","authCode":"134578801749968407","order_sn":"2018042107521317108","price":3}

2018-04-21 08:30:25 {"merchant_id":"1499456762","key":"","authCode":"134542324418936929","order_sn":"2018042108302512331","price":20}

2018-04-21 08:32:39 {"merchant_id":"1499456762","key":"","authCode":"134618078570409405","order_sn":"2018042108323997494","price":6}

2018-04-21 08:45:30 {"merchant_id":"1499456762","key":"","authCode":"134834176243481633","order_sn":"2018042108453025452","price":198}

2018-04-21 08:48:24 {"merchant_id":"1499456762","key":"","authCode":"134552242178521102","order_sn":"2018042108482438605","price":300}

2018-04-21 09:30:24 {"merchant_id":"1499456762","key":"","authCode":"135031428181373661","order_sn":"2018042109302416041","price":5}

2018-04-21 09:35:45 {"merchant_id":"1499456762","key":"","authCode":"134927309445154025","order_sn":"2018042109354542516","price":6}

2018-04-21 09:37:19 {"merchant_id":"1499456762","key":"","authCode":"135267362275319379","order_sn":"2018042109371913713","price":27}

2018-04-21 09:37:57 {"merchant_id":"1499456762","key":"","authCode":"135302190362781731","order_sn":"2018042109375776820","price":7}

2018-04-21 09:55:44 {"merchant_id":"1499456762","key":"","authCode":"134843524557745026","order_sn":"2018042109554489061","price":19}

2018-04-21 10:18:04 {"merchant_id":"1499456762","key":"","authCode":"134543274156381709","order_sn":"2018042110180419318","price":16}

2018-04-21 10:25:03 {"merchant_id":"1499456762","key":"","authCode":"134759710732844022","order_sn":"2018042110250337309","price":6}

2018-04-21 11:09:46 {"merchant_id":"1499456762","key":"","authCode":"134941302352904248","order_sn":"2018042111094679250","price":17}

2018-04-21 11:16:33 {"merchant_id":"1499456762","key":"","authCode":"134786843198844057","order_sn":"2018042111163316770","price":28}

2018-04-21 11:19:41 {"merchant_id":"1499456762","key":"","authCode":"134653760415309075","order_sn":"2018042111194193518","price":8}

2018-04-21 11:25:18 {"merchant_id":"1493159782","key":"","authCode":"134562148743149614","order_sn":"2018042111251898741","price":2000}

2018-04-21 11:29:02 {"merchant_id":"1499456762","key":"","authCode":"134878796680416284","order_sn":"2018042111290257490","price":20}

2018-04-21 11:49:25 {"merchant_id":"1499456762","key":"","authCode":"135070129903551287","order_sn":"2018042111492593725","price":27.5}

2018-04-21 11:50:29 {"merchant_id":"1499456762","key":"","authCode":"135135652969363679","order_sn":"2018042111502971983","price":51}

2018-04-21 11:51:27 {"merchant_id":"1499456762","key":"","authCode":"134941413432598242","order_sn":"2018042111512713251","price":8}

2018-04-21 11:51:36 {"merchant_id":"1499456762","key":"","authCode":"134657568668592136","order_sn":"2018042111513670844","price":15}

2018-04-21 11:52:29 {"merchant_id":"1499456762","key":"","authCode":"134857970014655373","order_sn":"2018042111522969795","price":9}

2018-04-21 11:53:14 {"merchant_id":"1499456762","key":"","authCode":"134953248661893661","order_sn":"2018042111531464731","price":16}

2018-04-21 11:53:57 {"merchant_id":"1499456762","key":"","authCode":"134927576282537833","order_sn":"2018042111535712705","price":23}

2018-04-21 11:54:19 {"merchant_id":"1499456762","key":"","authCode":"134810134313339639","order_sn":"2018042111541982555","price":15}

2018-04-21 11:55:43 {"merchant_id":"1499456762","key":"","authCode":"134804236780977097","order_sn":"2018042111554339858","price":6.5}

2018-04-21 11:57:09 {"merchant_id":"1499456762","key":"","authCode":"134752007547048777","order_sn":"2018042111570944083","price":5}

2018-04-21 11:57:44 {"merchant_id":"1499456762","key":"","authCode":"135022483419746809","order_sn":"2018042111574450040","price":6.5}

2018-04-21 12:21:31 {"merchant_id":"1499456762","key":"","authCode":"134607794761082522","order_sn":"2018042112213154712","price":40}

2018-04-21 12:38:13 {"merchant_id":"1499456762","key":"","authCode":"134569581174740378","order_sn":"2018042112381384134","price":143}

2018-04-21 12:38:55 {"merchant_id":"1499456762","key":"","authCode":"134622290296677742","order_sn":"2018042112385584417","price":157}

2018-04-21 12:41:26 {"merchant_id":"1499456762","key":"","authCode":"134587930817446029","order_sn":"2018042112412667200","price":32.5}

2018-04-21 12:41:54 {"merchant_id":"1499456762","key":"","authCode":"134573257863261819","order_sn":"2018042112415476734","price":29}

2018-04-21 12:42:17 {"merchant_id":"1499456762","key":"","authCode":"134596183687323406","order_sn":"2018042112421782032","price":4}

2018-04-21 12:43:25 {"merchant_id":"1499456762","key":"","authCode":"134655283005224201","order_sn":"2018042112432525956","price":23}

2018-04-21 12:46:37 {"merchant_id":"1499456762","key":"","authCode":"134541455669180558","order_sn":"2018042112463720670","price":34}

2018-04-21 13:13:17 {"merchant_id":"1499456762","key":"","authCode":"134981029836237158","order_sn":"2018042113131729947","price":12}

2018-04-21 13:33:44 {"merchant_id":"2088822285099072","key":"201710BBaa55e11a995b41488709d94fe3bfbX07","authCode":"287369597183581768","order_sn":"2018042113334467832","price":158}

2018-04-21 13:33:44 {"app_id":"2017071207730667","method":"alipay.trade.pay","charset":"utf-8","sign_type":"RSA","app_auth_token":"201710BBaa55e11a995b41488709d94fe3bfbX07","timestamp":"2018-04-21 13:33:44","version":"1.0","biz_content":"{\"out_trade_no\":\"2018042113334467832\",\"scene\":\"bar_code\",\"auth_code\":\"287369597183581768\",\"subject\":\"\\u8ba2\\u5355\\u53f7:2018042113334467832\",\"seller_id\":\"2088822285099072\",\"total_amount\":158,\"extend_params\":{\"sys_service_provider_id\":\"2088721521881652\"}}","sign":"nX+hBstnp8v2jfaZZhwnn+MSKkvL2dPMNjW0z2iocj\/NZaGGcwHT+DZZ6Kzf+2CVpH2gSfstn6qHo9fn2n2eRmaN1bhaBUSEDpXxbWvuETx5xR4e9D\/weOVpYJSqu+afaJgvpUs7BjinN8nABZoJJGN9FMpRKgor7ozFlR66p0o="}

2018-04-21 13:33:45 {"alipay_trade_pay_response":{"code":"10000","msg":"Success","buyer_logon_id":"151****9527","buyer_pay_amount":"158.00","buyer_user_id":"2088912985602534","fund_bill_list":[{"amount":"158.00","fund_channel":"ALIPAYACCOUNT"}],"gmt_payment":"2018-04-21 13:33:45","invoice_amount":"158.00","out_trade_no":"2018042113334467832","point_amount":"0.00","receipt_amount":"158.00","total_amount":"158.00","trade_no":"2018042121001004530551671191"},"sign":"AE+LSOAAaC3XlrUTkZOIG1qElpm3mJmQKLDFl+8jNH+iUppBQrhgR1RPPQNfLM2eJrFbKwJF9MzBLxOiCmdTa9TLs+GtlPQ23CuJZrbOfak9dhvZVhUz+9f0mcFrHfa2UyfuKvm4k5iiJakfqP45nOyUnQkNQiooqunrt6g1i+U="}

2018-04-21 13:35:29 {"merchant_id":"1499456762","key":"","authCode":"134698797028584657","order_sn":"2018042113352989155","price":20}

2018-04-21 13:47:35 {"merchant_id":"1499456762","key":"","authCode":"135030550808671164","order_sn":"2018042113473576428","price":24}

2018-04-21 13:59:30 {"merchant_id":"1499456762","key":"","authCode":"134850071268522338","order_sn":"2018042113592988593","price":11}

2018-04-21 14:09:59 {"merchant_id":"1493159782","key":"","authCode":"134919745713459510","order_sn":"2018042114095966422","price":400}

2018-04-21 14:15:17 {"merchant_id":"1499456762","key":"","authCode":"134632898382573687","order_sn":"2018042114151716343","price":6}

2018-04-21 14:18:44 {"merchant_id":"1499456762","key":"","authCode":"134762090763175540","order_sn":"2018042114184495774","price":4}

2018-04-21 14:21:44 {"merchant_id":"1499456762","key":"","authCode":"134925504280529049","order_sn":"2018042114214419306","price":46.5}

2018-04-21 14:26:37 {"merchant_id":"1499456762","key":"","authCode":"134551809595072755","order_sn":"2018042114263751204","price":8}

2018-04-21 14:49:16 {"merchant_id":"1499456762","key":"","authCode":"134654523303905022","order_sn":"2018042114491646487","price":25}

2018-04-21 14:50:50 {"merchant_id":"1499456762","key":"","authCode":"134839482702456266","order_sn":"2018042114505037944","price":42}

2018-04-21 15:02:40 {"merchant_id":"1499456762","key":"","authCode":"134523023094976415","order_sn":"2018042115024039462","price":13}

2018-04-21 15:09:20 {"merchant_id":"1499456762","key":"","authCode":"134675719388898441","order_sn":"2018042115092095789","price":14}

2018-04-21 15:25:53 {"merchant_id":"1499456762","key":"","authCode":"134752488410532689","order_sn":"2018042115255316712","price":268}

2018-04-21 15:27:51 {"merchant_id":"1499456762","key":"","authCode":"134728148061625209","order_sn":"2018042115275128158","price":5}

2018-04-21 15:28:57 {"merchant_id":"1499456762","key":"","authCode":"134621568080676092","order_sn":"2018042115285753875","price":7}

2018-04-21 15:28:59 {"merchant_id":"1499456762","key":"","authCode":"134846040265135794","order_sn":"2018042115285998169","price":200}

2018-04-21 15:30:11 {"merchant_id":"1499456762","key":"","authCode":"134710842290462262","order_sn":"2018042115301134105","price":23}

2018-04-21 15:32:43 {"merchant_id":"1499456762","key":"","authCode":"134599729194267811","order_sn":"2018042115324261018","price":69}

2018-04-21 15:34:37 {"merchant_id":"1499456762","key":"","authCode":"134617304559561138","order_sn":"2018042115343729152","price":17}

2018-04-21 15:35:51 {"merchant_id":"1499456762","key":"","authCode":"134635139910105552","order_sn":"2018042115355150572","price":5}

2018-04-21 15:36:05 {"merchant_id":"1490350062","key":"","authCode":"134640780755765827","order_sn":"2018042115360586497","price":200}

2018-04-21 15:36:43 {"merchant_id":"1499456762","key":"","authCode":"134650951790609555","order_sn":"2018042115364364944","price":42.5}

2018-04-21 15:37:58 {"merchant_id":"1499456762","key":"","authCode":"134570126766799770","order_sn":"2018042115375898281","price":12}

2018-04-21 15:52:45 {"merchant_id":"1499456762","key":"","authCode":"134542348315179199","order_sn":"2018042115524578475","price":20}

2018-04-21 15:55:26 {"merchant_id":"1499456762","key":"","authCode":"134779765034947483","order_sn":"2018042115552624540","price":53}

2018-04-21 16:22:14 {"merchant_id":"1499456762","key":"","authCode":"134894190422607574","order_sn":"2018042116221479473","price":15}

2018-04-21 16:23:00 {"merchant_id":"1493159782","key":"","authCode":"134755281236741112","order_sn":"2018042116230053990","price":200}

2018-04-21 16:23:31 {"merchant_id":"1499456762","key":"","authCode":"134808965931501935","order_sn":"2018042116233119296","price":6}

2018-04-21 16:26:20 {"merchant_id":"1499456762","key":"","authCode":"134816428638239482","order_sn":"2018042116262070643","price":28}

2018-04-21 16:34:17 {"merchant_id":"2088822285099072","key":"201710BBaa55e11a995b41488709d94fe3bfbX07","authCode":"287257419912549140","order_sn":"2018042116341778609","price":100}

2018-04-21 16:34:17 {"app_id":"2017071207730667","method":"alipay.trade.pay","charset":"utf-8","sign_type":"RSA","app_auth_token":"201710BBaa55e11a995b41488709d94fe3bfbX07","timestamp":"2018-04-21 16:34:17","version":"1.0","biz_content":"{\"out_trade_no\":\"2018042116341778609\",\"scene\":\"bar_code\",\"auth_code\":\"287257419912549140\",\"subject\":\"\\u8ba2\\u5355\\u53f7:2018042116341778609\",\"seller_id\":\"2088822285099072\",\"total_amount\":100,\"extend_params\":{\"sys_service_provider_id\":\"2088721521881652\"}}","sign":"GMo6VVQObLVTdm\/e3F2+U+yKdWXRk9yUvGSRAbEjV09N9mWcbWkcrw8hOtEPeJXRjn8MERiEQ8kfgxxQlBmhn+bBD\/jhoHENIFh72xLW+HjFurBH\/vtScDPJ9nMr1HIB0K1ZoWs5CvPAIi68NgAy8bjofq3WFWjogc6Ki6Aq6MI="}

2018-04-21 16:34:18 {"alipay_trade_pay_response":{"code":"10000","msg":"Success","buyer_logon_id":"979***@qq.com","buyer_pay_amount":"100.00","buyer_user_id":"2088602326203440","fund_bill_list":[{"amount":"100.00","fund_channel":"ALIPAYACCOUNT"}],"gmt_payment":"2018-04-21 16:34:18","invoice_amount":"100.00","out_trade_no":"2018042116341778609","point_amount":"0.00","receipt_amount":"100.00","total_amount":"100.00","trade_no":"2018042121001004440567138229"},"sign":"eMjReJau+1+TdPOl8olhH4ESjz8fx5sGKDEZucaDP9ynKTEMZJvLXIrg4C4Sn/e6gKDgSCgi4yrh0+oZ+T6KHos16AcjFgv4UpT7hNXiGPmCXGco9BpaOhpCx/m/fypmfvKtcfmCnUItXfxElJCnq1JIPg2nJquCtwfUd2FVc/4="}

2018-04-21 16:43:01 {"merchant_id":"1499456762","key":"","authCode":"134772087141277060","order_sn":"2018042116430116895","price":8}

2018-04-21 16:45:33 {"merchant_id":"1499456762","key":"","authCode":"134542729239234231","order_sn":"2018042116453376116","price":28}

2018-04-21 16:46:20 {"merchant_id":"1499456762","key":"","authCode":"134912887097754667","order_sn":"2018042116462055121","price":20}

2018-04-21 16:50:14 {"merchant_id":"1499456762","key":"","authCode":"134504969465247516","order_sn":"2018042116501485847","price":8}

2018-04-21 16:52:19 {"merchant_id":"1499456762","key":"","authCode":"134684691395790101","order_sn":"2018042116521933333","price":13}

2018-04-21 16:59:44 {"merchant_id":"1499456762","key":"","authCode":"134521782678285211","order_sn":"2018042116594425380","price":8}

2018-04-21 17:03:14 {"merchant_id":"1499456762","key":"","authCode":"134632093006259831","order_sn":"2018042117031454139","price":30}

2018-04-21 17:04:43 {"merchant_id":"1499456762","key":"","authCode":"134570849656381744","order_sn":"2018042117044391275","price":38}

2018-04-21 17:05:39 {"merchant_id":"1499456762","key":"","authCode":"134742613379166199","order_sn":"2018042117053931621","price":19}

2018-04-21 17:10:49 {"merchant_id":"1499456762","key":"","authCode":"134748371661315563","order_sn":"2018042117104939538","price":17}

2018-04-21 17:14:49 {"merchant_id":"2088822285099072","key":"201710BBaa55e11a995b41488709d94fe3bfbX07","authCode":"282095779913345058","order_sn":"2018042117144997674","price":100}

2018-04-21 17:14:49 {"app_id":"2017071207730667","method":"alipay.trade.pay","charset":"utf-8","sign_type":"RSA","app_auth_token":"201710BBaa55e11a995b41488709d94fe3bfbX07","timestamp":"2018-04-21 17:14:49","version":"1.0","biz_content":"{\"out_trade_no\":\"2018042117144997674\",\"scene\":\"bar_code\",\"auth_code\":\"282095779913345058\",\"subject\":\"\\u8ba2\\u5355\\u53f7:2018042117144997674\",\"seller_id\":\"2088822285099072\",\"total_amount\":100,\"extend_params\":{\"sys_service_provider_id\":\"2088721521881652\"}}","sign":"hD6JlL\/UGPgFtbfHa7KWz3y\/tq9Q+XR101ZA7ys5\/RRBC6LXRx9WFCycPiEgSCxXQ5ZX0U2MjNEoRZl7P2tGDc1qA\/kWjEu7ZaJxHHetBAyHFWOHdOoW67NOFPM12S6qXRxWJpzdkdbNPuz8u56Smn4U1F6LmQE6Xn1cEJtMWEc="}

2018-04-21 17:14:50 {"alipay_trade_pay_response":{"code":"10000","msg":"Success","buyer_logon_id":"180****0111","buyer_pay_amount":"100.00","buyer_user_id":"2088722223091271","fund_bill_list":[{"amount":"100.00","fund_channel":"ALIPAYACCOUNT"}],"gmt_payment":"2018-04-21 17:14:50","invoice_amount":"100.00","out_trade_no":"2018042117144997674","point_amount":"0.00","receipt_amount":"100.00","total_amount":"100.00","trade_no":"2018042121001004270596674773"},"sign":"MbQQMElcvCGz+vwBto0CwB/Cbex34MOXVADYUfKGHJlOBaVfgBmZgw2Hk+9oq9ERxRGRU/bmT2U0Y9pGNc7bVOp6QvsJPQInunKHIhx5XHc+ZDLzMIBaxR2RXDxWZe3vcJa79+HNPhOdWwJTqFJ6IayFqmGYwnTprd9dwG5qKjc="}

2018-04-21 17:25:35 {"merchant_id":"1499456762","key":"","authCode":"134620178495340694","order_sn":"2018042117253574330","price":12}

2018-04-21 17:25:52 {"merchant_id":"1499456762","key":"","authCode":"134535694871838827","order_sn":"2018042117255243419","price":19}

2018-04-21 17:36:54 {"merchant_id":"1499456762","key":"","authCode":"134623424338859759","order_sn":"2018042117365473095","price":41}

2018-04-21 17:40:17 {"merchant_id":"1499456762","key":"","authCode":"135262019755036687","order_sn":"2018042117401733433","price":27}

2018-04-21 17:49:03 {"merchant_id":"1499456762","key":"","authCode":"134645959842302418","order_sn":"2018042117490317824","price":23}

2018-04-21 17:50:23 {"merchant_id":"1499456762","key":"","authCode":"134554138278391588","order_sn":"2018042117502362752","price":20}

2018-04-21 17:51:16 {"merchant_id":"1499456762","key":"","authCode":"134517725560029947","order_sn":"2018042117511690565","price":18}

2018-04-21 17:53:29 {"merchant_id":"1499456762","key":"","authCode":"134618710423411072","order_sn":"2018042117532936645","price":9}

2018-04-21 17:53:50 {"merchant_id":"1499456762","key":"","authCode":"134567655404076063","order_sn":"2018042117535081135","price":33}

2018-04-21 18:00:08 {"merchant_id":"2088822285099072","key":"201710BBaa55e11a995b41488709d94fe3bfbX07","authCode":"289147010800455677","order_sn":"2018042118000872005","price":138}

2018-04-21 18:00:08 {"app_id":"2017071207730667","method":"alipay.trade.pay","charset":"utf-8","sign_type":"RSA","app_auth_token":"201710BBaa55e11a995b41488709d94fe3bfbX07","timestamp":"2018-04-21 18:00:08","version":"1.0","biz_content":"{\"out_trade_no\":\"2018042118000872005\",\"scene\":\"bar_code\",\"auth_code\":\"289147010800455677\",\"subject\":\"\\u8ba2\\u5355\\u53f7:2018042118000872005\",\"seller_id\":\"2088822285099072\",\"total_amount\":138,\"extend_params\":{\"sys_service_provider_id\":\"2088721521881652\"}}","sign":"qRFpNpE0tpu8at1t1MdiRfuv\/7j8aoiNCSTK1TxXX\/4HWF1tuznWb52wPNlJ1ODf2HAQNGuFjNZI1d8rC\/nURqgtN6uOYnJjSAPm5CAz1tI81UyDm54ZXg4iaR3kcNmjPaXPPoe2QlOssozKGfQpoxqMm0jvl4dOAFPKnLgOyLY="}

2018-04-21 18:00:09 {"alipay_trade_pay_response":{"code":"10000","msg":"Success","buyer_logon_id":"125***@qq.com","buyer_pay_amount":"138.00","buyer_user_id":"2088112284683524","fund_bill_list":[{"amount":"138.00","fund_channel":"ALIPAYACCOUNT"}],"gmt_payment":"2018-04-21 18:00:09","invoice_amount":"138.00","out_trade_no":"2018042118000872005","point_amount":"0.00","receipt_amount":"138.00","total_amount":"138.00","trade_no":"2018042121001004520527940674"},"sign":"mZBO/hiv398+O86BsDRsMBQv52Im6RZzaKYtUk1b2122qbJUb1zqS5UdzqXE9ZpTxR0co4ZvBDCGeeiBdgliH4y24ATZZ+xrsTbNj5ts3Qn2YWBGqZSubSfGBxYphAFdCO5uRmoCIG+7tmjIEsdyEscG/53Jg6hoEF9LG//i2ks="}

2018-04-21 18:01:24 {"merchant_id":"1499456762","key":"","authCode":"134641481813485063","order_sn":"2018042118012328655","price":23.5}

2018-04-21 18:02:30 {"merchant_id":"1499456762","key":"","authCode":"135004745909572505","order_sn":"2018042118023015718","price":29}

2018-04-21 18:03:10 {"merchant_id":"1499456762","key":"","authCode":"134704984343571442","order_sn":"2018042118031033750","price":29}

2018-04-21 18:12:42 {"merchant_id":"1499456762","key":"","authCode":"134915731948962037","order_sn":"2018042118124257781","price":35.5}

2018-04-21 18:15:43 {"merchant_id":"1499456762","key":"","authCode":"135305262975000749","order_sn":"2018042118154364587","price":45}

2018-04-21 18:18:13 {"merchant_id":"1499456762","key":"","authCode":"134573126404533335","order_sn":"2018042118181352426","price":31}

2018-04-21 18:35:06 {"merchant_id":"1499456762","key":"","authCode":"134530939133863392","order_sn":"2018042118350613012","price":19.2}

2018-04-21 18:39:42 {"merchant_id":"1499456762","key":"","authCode":"134779851423327355","order_sn":"2018042118394268946","price":68}

2018-04-21 18:43:15 {"merchant_id":"1499456762","key":"","authCode":"134684085089701466","order_sn":"2018042118431586404","price":63}

2018-04-21 18:43:51 {"merchant_id":"1499456762","key":"","authCode":"134642585303550538","order_sn":"2018042118435180443","price":57.5}

2018-04-21 18:51:51 {"merchant_id":"1499456762","key":"","authCode":"135014176247735723","order_sn":"2018042118515168944","price":200}

2018-04-21 18:52:41 {"merchant_id":"1499456762","key":"","authCode":"134708247590920213","order_sn":"2018042118524168602","price":15}

2018-04-21 18:54:51 {"merchant_id":"1499456762","key":"","authCode":"134688323743426575","order_sn":"2018042118545142471","price":198}

2018-04-21 18:56:19 {"merchant_id":"1499456762","key":"","authCode":"134633056720111327","order_sn":"2018042118561975797","price":9}

2018-04-21 18:57:39 {"merchant_id":"1499456762","key":"","authCode":"134688514881907412","order_sn":"2018042118573933549","price":19}

2018-04-21 18:58:11 {"merchant_id":"1499456762","key":"","authCode":"134764816560979045","order_sn":"2018042118581133712","price":4}

2018-04-21 19:05:17 {"merchant_id":"1499456762","key":"","authCode":"136387765001143278","order_sn":"2018042119051798118","price":28}

2018-04-21 19:08:53 {"merchant_id":"1499456762","key":"","authCode":"134650620886875896","order_sn":"2018042119085364818","price":35}

2018-04-21 19:17:52 {"merchant_id":"1499456762","key":"","authCode":"134550724874589816","order_sn":"2018042119175260614","price":14}

2018-04-21 19:21:10 {"merchant_id":"1499456762","key":"","authCode":"134567741400382372","order_sn":"2018042119211092506","price":6}

2018-04-21 19:31:54 {"merchant_id":"1499456762","key":"","authCode":"135476641826054299","order_sn":"2018042119315415444","price":13.5}

2018-04-21 19:39:34 {"merchant_id":"1499456762","key":"","authCode":"134901094166534278","order_sn":"2018042119393415707","price":12}

2018-04-21 19:39:48 {"merchant_id":"1499456762","key":"","authCode":"134702983253443393","order_sn":"2018042119394840061","price":44}

2018-04-21 19:40:18 {"merchant_id":"1499456762","key":"","authCode":"134723427493832085","order_sn":"2018042119401815323","price":29}

2018-04-21 19:40:34 {"merchant_id":"1499456762","key":"","authCode":"134651613495979353","order_sn":"2018042119403464783","price":6}

2018-04-21 19:45:28 {"merchant_id":"1499456762","key":"","authCode":"134711485903754518","order_sn":"2018042119452817008","price":12}

2018-04-21 19:46:08 {"merchant_id":"1499456762","key":"","authCode":"134617004146210220","order_sn":"2018042119460877698","price":14}

2018-04-21 19:47:34 {"merchant_id":"1493159782","key":"","authCode":"134652528765901773","order_sn":"2018042119473438361","price":300}

2018-04-21 19:53:36 {"merchant_id":"1499456762","key":"","authCode":"134524488850277749","order_sn":"2018042119533628699","price":26}

2018-04-21 19:55:29 {"merchant_id":"1499456762","key":"","authCode":"134513294660990752","order_sn":"2018042119552958363","price":31}

2018-04-21 19:56:31 {"merchant_id":"1499456762","key":"","authCode":"134648295165507929","order_sn":"2018042119563077984","price":23}

2018-04-21 19:58:55 {"merchant_id":"1499456762","key":"","authCode":"134552679808769815","order_sn":"2018042119585574899","price":22.4}

2018-04-21 20:02:44 {"merchant_id":"1499456762","key":"","authCode":"134504917151460498","order_sn":"2018042120024472473","price":8}

2018-04-21 20:08:06 {"merchant_id":"1493159782","key":"","authCode":"135469817510095044","order_sn":"2018042120080634744","price":300}

2018-04-21 20:08:59 {"merchant_id":"1493159782","key":"","authCode":"135104219936140994","order_sn":"2018042120085952347","price":300}

2018-04-21 20:10:57 {"merchant_id":"1499456762","key":"","authCode":"134554149055754464","order_sn":"2018042120105748280","price":17}

2018-04-21 20:11:58 {"merchant_id":"1499456762","key":"","authCode":"135831422442193419","order_sn":"2018042120115830151","price":16}

2018-04-21 20:13:27 {"merchant_id":"1493159782","key":"","authCode":"134614551814508472","order_sn":"2018042120132795318","price":178}

2018-04-21 20:14:58 {"merchant_id":"1499456762","key":"","authCode":"135180248436524007","order_sn":"2018042120145859612","price":8}

2018-04-21 20:15:31 {"merchant_id":"1493159782","key":"","authCode":"136332253123229566","order_sn":"2018042120153175456","price":100}

2018-04-21 20:16:58 {"merchant_id":"1499456762","key":"","authCode":"134652617374641697","order_sn":"2018042120165819561","price":14}

2018-04-21 20:23:14 {"merchant_id":"1499456762","key":"","authCode":"134702656380513755","order_sn":"2018042120231443938","price":8}

2018-04-21 20:23:57 {"merchant_id":"1499456762","key":"","authCode":"134626417943468809","order_sn":"2018042120235794300","price":6}

2018-04-21 20:27:21 {"merchant_id":"1499456762","key":"","authCode":"134719212360583940","order_sn":"2018042120272142742","price":15}

2018-04-21 20:28:02 {"merchant_id":"1499456762","key":"","authCode":"134576930874918639","order_sn":"2018042120280232381","price":108}

2018-04-21 20:28:46 {"merchant_id":"1499456762","key":"","authCode":"134540049100210693","order_sn":"2018042120284658868","price":11}

2018-04-21 20:29:07 {"merchant_id":"1493159782","key":"","authCode":"134654965566268655","order_sn":"2018042120290741602","price":300}

2018-04-21 20:36:40 {"merchant_id":"1499456762","key":"","authCode":"135232838486552560","order_sn":"2018042120364048286","price":21}

2018-04-21 20:38:56 {"merchant_id":"1499456762","key":"","authCode":"134589437287419127","order_sn":"2018042120385660093","price":29}

2018-04-21 20:41:42 {"merchant_id":"1499456762","key":"","authCode":"134588454507466497","order_sn":"2018042120414295645","price":20}

2018-04-21 20:45:33 {"merchant_id":"1499456762","key":"","authCode":"134544776032627814","order_sn":"2018042120453384136","price":51}

2018-04-21 20:48:08 {"merchant_id":"1499456762","key":"","authCode":"134593306821140892","order_sn":"2018042120480880216","price":18.5}

2018-04-21 20:48:28 {"merchant_id":"1499456762","key":"","authCode":"134727781949045187","order_sn":"2018042120482873936","price":8}

2018-04-21 20:49:44 {"merchant_id":"1499456762","key":"","authCode":"134605774593048068","order_sn":"2018042120494463227","price":12}

2018-04-21 20:52:28 {"merchant_id":"1499456762","key":"","authCode":"134628290122323477","order_sn":"2018042120522870354","price":20}

2018-04-21 20:52:39 {"merchant_id":"1499456762","key":"","authCode":"134716118065416339","order_sn":"2018042120523821175","price":20}

2018-04-21 20:57:42 {"merchant_id":"1493159782","key":"","authCode":"134548066727920975","order_sn":"2018042120574222615","price":158}

2018-04-21 20:58:37 {"merchant_id":"1493159782","key":"","authCode":"134512031913017833","order_sn":"2018042120583792038","price":400}

2018-04-21 21:06:28 {"merchant_id":"1499456762","key":"","authCode":"134693376830544216","order_sn":"2018042121062817391","price":45.5}

2018-04-21 21:09:48 {"merchant_id":"1499456762","key":"","authCode":"134544940972965866","order_sn":"2018042121094851133","price":61}

2018-04-21 21:33:29 {"merchant_id":"1499456762","key":"","authCode":"135077164480861187","order_sn":"2018042121332911996","price":25}

2018-04-21 21:38:36 {"merchant_id":"1499456762","key":"","authCode":"134686668086652607","order_sn":"2018042121383679950","price":11}

2018-04-21 21:42:24 {"merchant_id":"1499456762","key":"","authCode":"134834861486415661","order_sn":"2018042121422426928","price":19}

2018-04-21 21:52:28 {"merchant_id":"1490350062","key":"","authCode":"134801898102033091","order_sn":"2018042121522836673","price":70}

2018-04-21 23:26:11 {"merchant_id":"1490350062","key":"","authCode":"134664328568012390","order_sn":"2018042123261172859","price":100}

2018-04-21 23:31:02 {"merchant_id":"1490350062","key":"","authCode":"134951415258516698","order_sn":"2018042123310252145","price":600}

