2018-04-28 00:26:14 {"merchant_id":"1490350062","key":"","authCode":"134579337321766610","order_sn":"2018042800261494488","price":296}

2018-04-28 00:38:26 {"merchant_id":"1493159782","key":"","authCode":"134529997856450013","order_sn":"2018042800382643414","price":300}

2018-04-28 02:22:58 {"merchant_id":"1490350062","key":"","authCode":"134798151502991006","order_sn":"2018042802225879313","price":600}

2018-04-28 07:43:53 {"merchant_id":"1499456762","key":"","authCode":"134800169867390960","order_sn":"2018042807435371419","price":133}

2018-04-28 08:13:38 {"merchant_id":"1499456762","key":"","authCode":"134951047588822846","order_sn":"2018042808133891538","price":5}

2018-04-28 09:23:22 {"merchant_id":"1490350062","key":"","authCode":"134970013792747931","order_sn":"2018042809232282648","price":500}

2018-04-28 09:52:12 {"merchant_id":"1490350062","key":"","authCode":"135454043364068688","order_sn":"2018042809521215257","price":300}

2018-04-28 10:24:25 {"merchant_id":"1490350062","key":"","authCode":"135646877503013818","order_sn":"2018042810242551650","price":276}

2018-04-28 10:24:46 {"merchant_id":"1490350062","key":"","authCode":"135889385250647712","order_sn":"2018042810244658585","price":448}

2018-04-28 10:26:49 {"merchant_id":"1499456762","key":"","authCode":"134625479538762266","order_sn":"2018042810264964453","price":46}

2018-04-28 10:32:54 {"merchant_id":"1499456762","key":"","authCode":"134975257202442830","order_sn":"2018042810325490527","price":42}

2018-04-28 10:35:42 {"merchant_id":"1499456762","key":"","authCode":"135006037685002838","order_sn":"2018042810354214352","price":19}

2018-04-28 10:35:46 {"merchant_id":"2088822285099072","key":"201710BBaa55e11a995b41488709d94fe3bfbX07","authCode":"285741852574436816","order_sn":"2018042810354648031","price":2000}

2018-04-28 10:35:46 {"app_id":"2017071207730667","method":"alipay.trade.pay","charset":"utf-8","sign_type":"RSA","app_auth_token":"201710BBaa55e11a995b41488709d94fe3bfbX07","timestamp":"2018-04-28 10:35:46","version":"1.0","biz_content":"{\"out_trade_no\":\"2018042810354648031\",\"scene\":\"bar_code\",\"auth_code\":\"285741852574436816\",\"subject\":\"\\u8ba2\\u5355\\u53f7:2018042810354648031\",\"seller_id\":\"2088822285099072\",\"total_amount\":2000,\"extend_params\":{\"sys_service_provider_id\":\"2088721521881652\"}}","sign":"cjawjeCBrd4PsQFeaBhB\/Wfr8oR0Ki5bbRmP4Xs73om7fOZCaIeWMKlBCzBWNZm3k+hZNkB7Rwoc1hzjWKY5hJOEdIvIpZHXA4deLzTDGq8CNQFyLU2rxIf3JLDDrEVLgnivt9K+J0OWgD2FvVkgKzm3gPF52bJep92X6G0c3Sk="}

2018-04-28 10:35:46 {"alipay_trade_pay_response":{"code":"10003","msg":" order success pay inprocess","buyer_logon_id":"157****5515","buyer_pay_amount":"0.00","buyer_user_id":"2088702745795381","invoice_amount":"0.00","out_trade_no":"2018042810354648031","point_amount":"0.00","receipt_amount":"0.00","total_amount":"2000.00","trade_no":"2018042821001004380507125969"},"sign":"KdzH/WalkchTT19X5R5diGvEgnFjpoTafAN4TzYMb+bUPKSOfusDIcQkP0Gy7NFikzOX/HhYI1mejip3Z2+cYOd2ZC99CDPlXDO1j8dSqVLPymAwvgRlc14g+RmHykCWgQRvTDOr/AyjVemBYuv6pxQ+aLhQYYIFGs1iZ201Kbg="}

2018-04-28 10:35:46 {"alipay_trade_query_response":{"code":"10000","msg":"Success","buyer_logon_id":"157****5515","buyer_pay_amount":"0.00","buyer_user_id":"2088702745795381","invoice_amount":"0.00","out_trade_no":"2018042810354648031","point_amount":"0.00","receipt_amount":"0.00","total_amount":"2000.00","trade_no":"2018042821001004380507125969","trade_status":"WAIT_BUYER_PAY"},"sign":"nT4wwT7rFNWDiskA471FoUM5iqPEgGrMoSHP+kcGgBBmX43U98vZnv83oCDWMwKkY1UQjzn8unrLF/aYga/gMnLpN334MYLxNMGSw8xS4sjzVZf6AJOqTs6bHCGiMx0wpJBCoSQgwuSF3djHNeGOdUDDeaNY3DEMLygWMh2UGNY="}

2018-04-28 10:35:51 {"alipay_trade_query_response":{"code":"10000","msg":"Success","buyer_logon_id":"157****5515","buyer_pay_amount":"0.00","buyer_user_id":"2088702745795381","invoice_amount":"0.00","out_trade_no":"2018042810354648031","point_amount":"0.00","receipt_amount":"0.00","total_amount":"2000.00","trade_no":"2018042821001004380507125969","trade_status":"WAIT_BUYER_PAY"},"sign":"nT4wwT7rFNWDiskA471FoUM5iqPEgGrMoSHP+kcGgBBmX43U98vZnv83oCDWMwKkY1UQjzn8unrLF/aYga/gMnLpN334MYLxNMGSw8xS4sjzVZf6AJOqTs6bHCGiMx0wpJBCoSQgwuSF3djHNeGOdUDDeaNY3DEMLygWMh2UGNY="}

2018-04-28 10:35:55 {"alipay_trade_query_response":{"code":"10000","msg":"Success","buyer_logon_id":"157****5515","buyer_pay_amount":"0.00","buyer_user_id":"2088702745795381","invoice_amount":"0.00","out_trade_no":"2018042810354648031","point_amount":"0.00","receipt_amount":"0.00","total_amount":"2000.00","trade_no":"2018042821001004380507125969","trade_status":"WAIT_BUYER_PAY"},"sign":"nT4wwT7rFNWDiskA471FoUM5iqPEgGrMoSHP+kcGgBBmX43U98vZnv83oCDWMwKkY1UQjzn8unrLF/aYga/gMnLpN334MYLxNMGSw8xS4sjzVZf6AJOqTs6bHCGiMx0wpJBCoSQgwuSF3djHNeGOdUDDeaNY3DEMLygWMh2UGNY="}

2018-04-28 10:35:59 {"alipay_trade_query_response":{"code":"10000","msg":"Success","buyer_logon_id":"157****5515","buyer_pay_amount":"0.00","buyer_user_id":"2088702745795381","invoice_amount":"0.00","out_trade_no":"2018042810354648031","point_amount":"0.00","receipt_amount":"0.00","total_amount":"2000.00","trade_no":"2018042821001004380507125969","trade_status":"WAIT_BUYER_PAY"},"sign":"nT4wwT7rFNWDiskA471FoUM5iqPEgGrMoSHP+kcGgBBmX43U98vZnv83oCDWMwKkY1UQjzn8unrLF/aYga/gMnLpN334MYLxNMGSw8xS4sjzVZf6AJOqTs6bHCGiMx0wpJBCoSQgwuSF3djHNeGOdUDDeaNY3DEMLygWMh2UGNY="}

2018-04-28 10:36:03 {"alipay_trade_query_response":{"code":"10000","msg":"Success","buyer_logon_id":"157****5515","buyer_pay_amount":"0.00","buyer_user_id":"2088702745795381","invoice_amount":"0.00","out_trade_no":"2018042810354648031","point_amount":"0.00","receipt_amount":"0.00","total_amount":"2000.00","trade_no":"2018042821001004380507125969","trade_status":"WAIT_BUYER_PAY"},"sign":"nT4wwT7rFNWDiskA471FoUM5iqPEgGrMoSHP+kcGgBBmX43U98vZnv83oCDWMwKkY1UQjzn8unrLF/aYga/gMnLpN334MYLxNMGSw8xS4sjzVZf6AJOqTs6bHCGiMx0wpJBCoSQgwuSF3djHNeGOdUDDeaNY3DEMLygWMh2UGNY="}

2018-04-28 10:36:07 {"alipay_trade_query_response":{"code":"10000","msg":"Success","buyer_logon_id":"157****5515","buyer_pay_amount":"0.00","buyer_user_id":"2088702745795381","invoice_amount":"0.00","out_trade_no":"2018042810354648031","point_amount":"0.00","receipt_amount":"0.00","total_amount":"2000.00","trade_no":"2018042821001004380507125969","trade_status":"WAIT_BUYER_PAY"},"sign":"nT4wwT7rFNWDiskA471FoUM5iqPEgGrMoSHP+kcGgBBmX43U98vZnv83oCDWMwKkY1UQjzn8unrLF/aYga/gMnLpN334MYLxNMGSw8xS4sjzVZf6AJOqTs6bHCGiMx0wpJBCoSQgwuSF3djHNeGOdUDDeaNY3DEMLygWMh2UGNY="}

2018-04-28 10:36:11 {"alipay_trade_query_response":{"code":"10000","msg":"Success","buyer_logon_id":"157****5515","buyer_pay_amount":"0.00","buyer_user_id":"2088702745795381","invoice_amount":"0.00","out_trade_no":"2018042810354648031","point_amount":"0.00","receipt_amount":"0.00","total_amount":"2000.00","trade_no":"2018042821001004380507125969","trade_status":"WAIT_BUYER_PAY"},"sign":"nT4wwT7rFNWDiskA471FoUM5iqPEgGrMoSHP+kcGgBBmX43U98vZnv83oCDWMwKkY1UQjzn8unrLF/aYga/gMnLpN334MYLxNMGSw8xS4sjzVZf6AJOqTs6bHCGiMx0wpJBCoSQgwuSF3djHNeGOdUDDeaNY3DEMLygWMh2UGNY="}

2018-04-28 10:36:15 {"alipay_trade_query_response":{"code":"10000","msg":"Success","buyer_logon_id":"157****5515","buyer_pay_amount":"0.00","buyer_user_id":"2088702745795381","invoice_amount":"0.00","out_trade_no":"2018042810354648031","point_amount":"0.00","receipt_amount":"0.00","total_amount":"2000.00","trade_no":"2018042821001004380507125969","trade_status":"TRADE_CLOSED"},"sign":"QZI3NufThHzPsJzJ1LW39+AfqNK0jU4xmo7aFjNt4DC8NPxY05K0O09tvIQBNTVjaJIrIP24tVYtu5A3dPD09/6KKttRSK+a7BtnNTZUYE5hhb4/bTkNDZbSCTC5usTbZb4SshIOl8geDAExBl1aNE8cVyt/skXemCvW4kI1KIY="}

2018-04-28 10:36:41 {"merchant_id":"2088822285099072","key":"201710BBaa55e11a995b41488709d94fe3bfbX07","authCode":"283435390268205260","order_sn":"2018042810364043642","price":2000}

2018-04-28 10:36:41 {"app_id":"2017071207730667","method":"alipay.trade.pay","charset":"utf-8","sign_type":"RSA","app_auth_token":"201710BBaa55e11a995b41488709d94fe3bfbX07","timestamp":"2018-04-28 10:36:41","version":"1.0","biz_content":"{\"out_trade_no\":\"2018042810364043642\",\"scene\":\"bar_code\",\"auth_code\":\"283435390268205260\",\"subject\":\"\\u8ba2\\u5355\\u53f7:2018042810364043642\",\"seller_id\":\"2088822285099072\",\"total_amount\":2000,\"extend_params\":{\"sys_service_provider_id\":\"2088721521881652\"}}","sign":"iKxWwfNS+bOy\/DINi63kqzjJn4M9EJ5xqID4Miyq5rO94Qmo6ZZJbFT0iRjVJ+zxs6VzoLgUJd19knXGe9mF1if6E9xbkSilLX6g4px\/1MnY86ND1qoeQRlTgl2MVD5Geu84cit32LE19SLhBmZy50gwLkZqW2vDKd3HrVcPmkE="}

2018-04-28 10:36:41 {"alipay_trade_pay_response":{"code":"10003","msg":" order success pay inprocess","buyer_logon_id":"157****5515","buyer_pay_amount":"0.00","buyer_user_id":"2088702745795381","invoice_amount":"0.00","out_trade_no":"2018042810364043642","point_amount":"0.00","receipt_amount":"0.00","total_amount":"2000.00","trade_no":"2018042821001004380507387225"},"sign":"v7lJ5pdJlTzuXFIxuWwD56HDkehc/BSIMnfqa7uzDvWp5b7P98FFU43DcxWBOYt1hChISSsKragTLCWX6aYJMyZQCuF0M+LdarH1/Kd5FoJ22u9/kawXTOEOOl82sje595QTXRajRq1896T9XzU29fdnogrzuTPpQrSe+9526c8="}

2018-04-28 10:36:41 {"alipay_trade_query_response":{"code":"10000","msg":"Success","buyer_logon_id":"157****5515","buyer_pay_amount":"0.00","buyer_user_id":"2088702745795381","invoice_amount":"0.00","out_trade_no":"2018042810364043642","point_amount":"0.00","receipt_amount":"0.00","total_amount":"2000.00","trade_no":"2018042821001004380507387225","trade_status":"WAIT_BUYER_PAY"},"sign":"MkjemfJtK1fk5JfIjKWCSSSUnEIz7hIFsxMD88Rxx+BsTSDMHPqwqU1gmWCrsWZDzfBJXQsJTli5lDRE5aYhI12LfaeJ+KmmdJsXKfdMfxKXcGz0STHg2JKVj7AWru4D3SEBBZfy1+DuIUjCz2BpFP6VxWJDPlFPgozAeE6DL9s="}

2018-04-28 10:36:45 {"alipay_trade_query_response":{"code":"10000","msg":"Success","buyer_logon_id":"157****5515","buyer_pay_amount":"0.00","buyer_user_id":"2088702745795381","invoice_amount":"0.00","out_trade_no":"2018042810364043642","point_amount":"0.00","receipt_amount":"0.00","total_amount":"2000.00","trade_no":"2018042821001004380507387225","trade_status":"WAIT_BUYER_PAY"},"sign":"MkjemfJtK1fk5JfIjKWCSSSUnEIz7hIFsxMD88Rxx+BsTSDMHPqwqU1gmWCrsWZDzfBJXQsJTli5lDRE5aYhI12LfaeJ+KmmdJsXKfdMfxKXcGz0STHg2JKVj7AWru4D3SEBBZfy1+DuIUjCz2BpFP6VxWJDPlFPgozAeE6DL9s="}

2018-04-28 10:36:49 {"alipay_trade_query_response":{"code":"10000","msg":"Success","buyer_logon_id":"157****5515","buyer_pay_amount":"0.00","buyer_user_id":"2088702745795381","invoice_amount":"0.00","out_trade_no":"2018042810364043642","point_amount":"0.00","receipt_amount":"0.00","total_amount":"2000.00","trade_no":"2018042821001004380507387225","trade_status":"WAIT_BUYER_PAY"},"sign":"MkjemfJtK1fk5JfIjKWCSSSUnEIz7hIFsxMD88Rxx+BsTSDMHPqwqU1gmWCrsWZDzfBJXQsJTli5lDRE5aYhI12LfaeJ+KmmdJsXKfdMfxKXcGz0STHg2JKVj7AWru4D3SEBBZfy1+DuIUjCz2BpFP6VxWJDPlFPgozAeE6DL9s="}

2018-04-28 10:36:54 {"alipay_trade_query_response":{"code":"10000","msg":"Success","buyer_logon_id":"157****5515","buyer_pay_amount":"0.00","buyer_user_id":"2088702745795381","invoice_amount":"0.00","out_trade_no":"2018042810364043642","point_amount":"0.00","receipt_amount":"0.00","total_amount":"2000.00","trade_no":"2018042821001004380507387225","trade_status":"WAIT_BUYER_PAY"},"sign":"MkjemfJtK1fk5JfIjKWCSSSUnEIz7hIFsxMD88Rxx+BsTSDMHPqwqU1gmWCrsWZDzfBJXQsJTli5lDRE5aYhI12LfaeJ+KmmdJsXKfdMfxKXcGz0STHg2JKVj7AWru4D3SEBBZfy1+DuIUjCz2BpFP6VxWJDPlFPgozAeE6DL9s="}

2018-04-28 10:36:58 {"alipay_trade_query_response":{"code":"10000","msg":"Success","buyer_logon_id":"157****5515","buyer_pay_amount":"0.00","buyer_user_id":"2088702745795381","invoice_amount":"0.00","out_trade_no":"2018042810364043642","point_amount":"0.00","receipt_amount":"0.00","total_amount":"2000.00","trade_no":"2018042821001004380507387225","trade_status":"WAIT_BUYER_PAY"},"sign":"MkjemfJtK1fk5JfIjKWCSSSUnEIz7hIFsxMD88Rxx+BsTSDMHPqwqU1gmWCrsWZDzfBJXQsJTli5lDRE5aYhI12LfaeJ+KmmdJsXKfdMfxKXcGz0STHg2JKVj7AWru4D3SEBBZfy1+DuIUjCz2BpFP6VxWJDPlFPgozAeE6DL9s="}

2018-04-28 10:37:02 {"alipay_trade_query_response":{"code":"10000","msg":"Success","buyer_logon_id":"157****5515","buyer_pay_amount":"0.00","buyer_user_id":"2088702745795381","invoice_amount":"0.00","out_trade_no":"2018042810364043642","point_amount":"0.00","receipt_amount":"0.00","total_amount":"2000.00","trade_no":"2018042821001004380507387225","trade_status":"WAIT_BUYER_PAY"},"sign":"MkjemfJtK1fk5JfIjKWCSSSUnEIz7hIFsxMD88Rxx+BsTSDMHPqwqU1gmWCrsWZDzfBJXQsJTli5lDRE5aYhI12LfaeJ+KmmdJsXKfdMfxKXcGz0STHg2JKVj7AWru4D3SEBBZfy1+DuIUjCz2BpFP6VxWJDPlFPgozAeE6DL9s="}

2018-04-28 10:37:06 {"alipay_trade_query_response":{"code":"10000","msg":"Success","buyer_logon_id":"157****5515","buyer_pay_amount":"0.00","buyer_user_id":"2088702745795381","invoice_amount":"0.00","out_trade_no":"2018042810364043642","point_amount":"0.00","receipt_amount":"0.00","total_amount":"2000.00","trade_no":"2018042821001004380507387225","trade_status":"WAIT_BUYER_PAY"},"sign":"MkjemfJtK1fk5JfIjKWCSSSUnEIz7hIFsxMD88Rxx+BsTSDMHPqwqU1gmWCrsWZDzfBJXQsJTli5lDRE5aYhI12LfaeJ+KmmdJsXKfdMfxKXcGz0STHg2JKVj7AWru4D3SEBBZfy1+DuIUjCz2BpFP6VxWJDPlFPgozAeE6DL9s="}

2018-04-28 10:37:10 {"alipay_trade_query_response":{"code":"10000","msg":"Success","buyer_logon_id":"157****5515","buyer_pay_amount":"0.00","buyer_user_id":"2088702745795381","invoice_amount":"0.00","out_trade_no":"2018042810364043642","point_amount":"0.00","receipt_amount":"0.00","total_amount":"2000.00","trade_no":"2018042821001004380507387225","trade_status":"TRADE_CLOSED"},"sign":"kCutQhHNsDbIURh6PAwEe/b2zms1U0y4s2heoM3ycXJw9wgvLinPwYyxGmYVaPi7syMPUNGsrP4qY1SereIAfLynX7zrRZrTmZGeftDHeM8IKHAdQ6wlh7des2zCQ/3Tndpv9qX6TrDDsmRA9sBN6CZK308gPbBlrv7aGP4L4GY="}

2018-04-28 10:37:39 {"merchant_id":"1499456762","key":"","authCode":"134828098920571454","order_sn":"2018042810373951644","price":23}

2018-04-28 10:52:55 {"merchant_id":"1499456762","key":"","authCode":"134681026522611150","order_sn":"2018042810525526515","price":16}

2018-04-28 10:56:38 {"merchant_id":"1499456762","key":"","authCode":"134970059808782617","order_sn":"2018042810563825167","price":41.5}

2018-04-28 11:02:59 {"merchant_id":"1499456762","key":"","authCode":"134554252816978941","order_sn":"2018042811025967923","price":1}

2018-04-28 11:08:01 {"merchant_id":"1499456762","key":"","authCode":"134548175036558277","order_sn":"2018042811080157450","price":46}

2018-04-28 11:08:19 {"merchant_id":"1499456762","key":"","authCode":"134620854685252526","order_sn":"2018042811081985910","price":46}

2018-04-28 11:10:46 {"merchant_id":"1493159782","key":"","authCode":"134592277931877202","order_sn":"2018042811104699824","price":300}

2018-04-28 11:21:36 {"merchant_id":"1490350062","key":"","authCode":"135147714556595688","order_sn":"2018042811213616079","price":200}

2018-04-28 11:25:47 {"merchant_id":"1499456762","key":"","authCode":"134735991450435774","order_sn":"2018042811254765643","price":148}

2018-04-28 11:26:59 {"merchant_id":"1499456762","key":"","authCode":"134887231673335712","order_sn":"2018042811265958684","price":52}

2018-04-28 11:27:44 {"merchant_id":"1499456762","key":"","authCode":"134565779137109315","order_sn":"2018042811274427326","price":7.5}

2018-04-28 11:28:04 {"merchant_id":"1499456762","key":"","authCode":"134977186608825328","order_sn":"2018042811280425762","price":8}

2018-04-28 11:29:40 {"merchant_id":"1499456762","key":"","authCode":"134711445331148148","order_sn":"2018042811294078064","price":5}

2018-04-28 11:36:00 {"merchant_id":"1499456762","key":"","authCode":"134692553536044175","order_sn":"2018042811360068879","price":3}

2018-04-28 11:38:53 {"merchant_id":"1499456762","key":"","authCode":"134861224759759332","order_sn":"2018042811385388031","price":500}

2018-04-28 11:41:14 {"merchant_id":"1499456762","key":"","authCode":"134584437868521874","order_sn":"2018042811411442805","price":44}

2018-04-28 11:48:30 {"merchant_id":"1499456762","key":"","authCode":"134700884502790921","order_sn":"2018042811483061399","price":1}

2018-04-28 11:57:45 {"merchant_id":"1499456762","key":"","authCode":"134877279065474443","order_sn":"2018042811574536866","price":28}

2018-04-28 12:04:00 {"merchant_id":"1499456762","key":"","authCode":"134754768348611714","order_sn":"2018042812040035366","price":9}

2018-04-28 12:04:38 {"merchant_id":"1499456762","key":"","authCode":"134654210993465141","order_sn":"2018042812043816695","price":9}

2018-04-28 12:12:19 {"merchant_id":"1499456762","key":"","authCode":"134695539526914203","order_sn":"2018042812121957753","price":17}

2018-04-28 12:12:45 {"merchant_id":"1499456762","key":"","authCode":"134511950556875617","order_sn":"2018042812124598751","price":300}

2018-04-28 12:14:18 {"merchant_id":"1493159782","key":"","authCode":"134775259059769055","order_sn":"2018042812141887994","price":300}

2018-04-28 12:15:29 {"merchant_id":"1499456762","key":"","authCode":"135024593509079025","order_sn":"2018042812152991069","price":36}

2018-04-28 12:16:28 {"merchant_id":"2088822285099072","key":"201710BBaa55e11a995b41488709d94fe3bfbX07","authCode":"287888848541229750","order_sn":"2018042812162822447","price":200}

2018-04-28 12:16:28 {"app_id":"2017071207730667","method":"alipay.trade.pay","charset":"utf-8","sign_type":"RSA","app_auth_token":"201710BBaa55e11a995b41488709d94fe3bfbX07","timestamp":"2018-04-28 12:16:28","version":"1.0","biz_content":"{\"out_trade_no\":\"2018042812162822447\",\"scene\":\"bar_code\",\"auth_code\":\"287888848541229750\",\"subject\":\"\\u8ba2\\u5355\\u53f7:2018042812162822447\",\"seller_id\":\"2088822285099072\",\"total_amount\":200,\"extend_params\":{\"sys_service_provider_id\":\"2088721521881652\"}}","sign":"Fx9DVNARMYxCtvkuylliZ7rhSNLI81cQ4UPhGosiQnJl3LtCxHOJ\/FuWWlr5vIueRFyiYStqGUvROTHspi0QrhSFr5MFkgWtPu6ivGKuPjqHgXeqsAL04xXOD5zTTyR97AT278f+ffQp1vZSfpGq5lIi8vQmDPN0dBz4qQcwLa4="}

2018-04-28 12:16:29 {"alipay_trade_pay_response":{"code":"10000","msg":"Success","buyer_logon_id":"125***@qq.com","buyer_pay_amount":"200.00","buyer_user_id":"2088112284683524","fund_bill_list":[{"amount":"200.00","fund_channel":"ALIPAYACCOUNT"}],"gmt_payment":"2018-04-28 12:16:29","invoice_amount":"200.00","out_trade_no":"2018042812162822447","point_amount":"0.00","receipt_amount":"200.00","total_amount":"200.00","trade_no":"2018042821001004520552816634"},"sign":"i1MJvt94qSQzdrUpYpYiQB2ntCG/EHRwhm64iIShNdvQn9/syCS5RqwRN2lSPYDNevLyatBkj0MoV85weRXY6xVZTwZndmB9MudLrRyIRG6XLaCwShAajXPmw3EqbmEJfA1D1t8RGtabGW4XqGN1OUf+mHAUc4+WUaeekPRlTkg="}

2018-04-28 12:21:16 {"merchant_id":"1493159782","key":"","authCode":"134867958938536646","order_sn":"2018042812211645750","price":600}

2018-04-28 12:23:11 {"merchant_id":"1499456762","key":"","authCode":"134646337502829355","order_sn":"2018042812231121178","price":200}

2018-04-28 12:47:04 {"merchant_id":"1499456762","key":"","authCode":"134581055107141856","order_sn":"2018042812470450867","price":32}

2018-04-28 13:21:17 {"merchant_id":"1490350062","key":"","authCode":"135883046228313835","order_sn":"2018042813211799633","price":138}

2018-04-28 13:45:28 {"merchant_id":"2088821827997030","key":"201711BBc699bef5cde842dba6fa5c6bdc706A03","authCode":"281243904154217128","order_sn":"2018042813452840662","price":200}

2018-04-28 13:45:28 {"app_id":"2017071207730667","method":"alipay.trade.pay","charset":"utf-8","sign_type":"RSA","app_auth_token":"201711BBc699bef5cde842dba6fa5c6bdc706A03","timestamp":"2018-04-28 13:45:28","version":"1.0","biz_content":"{\"out_trade_no\":\"2018042813452840662\",\"scene\":\"bar_code\",\"auth_code\":\"281243904154217128\",\"subject\":\"\\u8ba2\\u5355\\u53f7:2018042813452840662\",\"seller_id\":\"2088821827997030\",\"total_amount\":200,\"extend_params\":{\"sys_service_provider_id\":\"2088721521881652\"}}","sign":"oRqZL1twdaCnLGdCQjW0EG\/aPnas\/DaPgweynF4UI6pzAkrKW5TqG7dxxGwMwSXQGm6tj1M0m1qZHeIz+rSL2MQ8OJInbEAuvQ2aaqPvfbTTKqIH\/CZGmtksKrgWW5oNCGR9QTTT0iNkO5lB5h5cd\/QHu\/KhB3qnh9KJ+FyGCz8="}

2018-04-28 13:45:29 {"alipay_trade_pay_response":{"code":"10000","msg":"Success","buyer_logon_id":"dsz***@qq.com","buyer_pay_amount":"200.00","buyer_user_id":"2088212247941444","fund_bill_list":[{"amount":"200.00","fund_channel":"ALIPAYACCOUNT"}],"gmt_payment":"2018-04-28 13:45:29","invoice_amount":"200.00","out_trade_no":"2018042813452840662","point_amount":"0.00","receipt_amount":"200.00","total_amount":"200.00","trade_no":"2018042821001004440592904580"},"sign":"Zq0Q+b/PRVwBVMuvGUI7U7oWyYkXibmRn0GuwUXnk7Rmgov6Sgt4MVYjFOi42OFECVn3w1GnMGCoGXgULdAzh3myWyG7OC/wsLJGlgH5pvc9Xjw0OlQffviK45EvlJKZilNI/TsMlxHKi+mVxeP81NqA1KcJJRzuj6BuNh0F6m8="}

2018-04-28 13:58:33 {"merchant_id":"1499456762","key":"","authCode":"134676268606649749","order_sn":"2018042813583381643","price":15}

2018-04-28 14:00:50 {"merchant_id":"1499456762","key":"","authCode":"134699147756248510","order_sn":"2018042814005074319","price":14}

2018-04-28 14:27:03 {"merchant_id":"1499456762","key":"","authCode":"134644603849048856","order_sn":"2018042814270354330","price":20}

2018-04-28 14:59:22 {"merchant_id":"1499456762","key":"","authCode":"134686593192622636","order_sn":"2018042814592147155","price":39}

2018-04-28 15:12:10 {"merchant_id":"1493159782","key":"","authCode":"134533617736334713","order_sn":"2018042815121050772","price":4740}

2018-04-28 15:29:34 {"merchant_id":"1493159782","key":"","authCode":"134586413892177196","order_sn":"2018042815293496651","price":300}

2018-04-28 15:38:59 {"merchant_id":"1499456762","key":"","authCode":"134782087204315201","order_sn":"2018042815385997003","price":28}

2018-04-28 15:43:33 {"merchant_id":"1499456762","key":"","authCode":"134690077507026792","order_sn":"2018042815433359972","price":9}

2018-04-28 15:47:47 {"merchant_id":"1499456762","key":"","authCode":"134639340233169752","order_sn":"2018042815474769704","price":21}

2018-04-28 16:12:24 {"merchant_id":"1499456762","key":"","authCode":"135036612170354211","order_sn":"2018042816122417859","price":128}

2018-04-28 16:14:22 {"merchant_id":"1499456762","key":"","authCode":"135035154869486534","order_sn":"2018042816142276637","price":20}

2018-04-28 16:16:36 {"merchant_id":"1499456762","key":"","authCode":"134645851831857260","order_sn":"2018042816163686780","price":12}

2018-04-28 16:23:35 {"merchant_id":"1499456762","key":"","authCode":"134772719940511167","order_sn":"2018042816233518716","price":115}

2018-04-28 16:24:07 {"merchant_id":"1499456762","key":"","authCode":"135008532276701024","order_sn":"2018042816240715736","price":200}

2018-04-28 16:25:57 {"merchant_id":"1499456762","key":"","authCode":"134639472042458223","order_sn":"2018042816255798678","price":12}

2018-04-28 16:31:28 {"merchant_id":"1499456762","key":"","authCode":"134646264833442637","order_sn":"2018042816312838414","price":8}

2018-04-28 16:32:49 {"merchant_id":"1499456762","key":"","authCode":"134531451688554605","order_sn":"2018042816324946069","price":66}

2018-04-28 16:34:24 {"merchant_id":"1499456762","key":"","authCode":"134891201031757931","order_sn":"2018042816342432910","price":10}

2018-04-28 16:34:58 {"merchant_id":"1499456762","key":"","authCode":"134631389286245904","order_sn":"2018042816345835824","price":15}

2018-04-28 16:40:12 {"merchant_id":"1499456762","key":"","authCode":"134960217082088300","order_sn":"2018042816401291160","price":13}

2018-04-28 16:41:03 {"merchant_id":"1499456762","key":"","authCode":"134720015233420032","order_sn":"2018042816410355911","price":22}

2018-04-28 16:41:59 {"merchant_id":"1499456762","key":"","authCode":"134642993195440610","order_sn":"2018042816415915678","price":4}

2018-04-28 16:46:19 {"merchant_id":"1499456762","key":"","authCode":"134723116540639176","order_sn":"2018042816461958688","price":21}

2018-04-28 16:51:20 {"merchant_id":"1499456762","key":"","authCode":"135522583373443053","order_sn":"2018042816512049870","price":22}

2018-04-28 16:54:05 {"merchant_id":"1499456762","key":"","authCode":"134940036880067665","order_sn":"2018042816540592730","price":31}

2018-04-28 16:55:54 {"merchant_id":"1499456762","key":"","authCode":"135050060417306024","order_sn":"2018042816555485173","price":3.5}

2018-04-28 16:57:23 {"merchant_id":"1499456762","key":"","authCode":"134516655065633999","order_sn":"2018042816572334322","price":6}

2018-04-28 17:03:50 {"merchant_id":"1499456762","key":"","authCode":"134509455365802914","order_sn":"2018042817035015862","price":31}

2018-04-28 17:04:21 {"merchant_id":"1499456762","key":"","authCode":"134706534901875671","order_sn":"2018042817042111653","price":169}

2018-04-28 17:05:17 {"merchant_id":"1499456762","key":"","authCode":"134701925089806341","order_sn":"2018042817051771712","price":200}

2018-04-28 17:06:36 {"merchant_id":"1499456762","key":"","authCode":"134970505677414800","order_sn":"2018042817063655431","price":25}

2018-04-28 17:06:58 {"merchant_id":"1499456762","key":"","authCode":"135216980184952599","order_sn":"2018042817065885012","price":30}

2018-04-28 17:12:33 {"merchant_id":"1499456762","key":"","authCode":"134596458844225424","order_sn":"2018042817123364666","price":8}

2018-04-28 17:26:07 {"merchant_id":"1490350062","key":"","authCode":"134637127635367272","order_sn":"2018042817260764745","price":300}

2018-04-28 17:27:56 {"merchant_id":"1499456762","key":"","authCode":"134606240751171875","order_sn":"2018042817275631521","price":8}

2018-04-28 17:45:55 {"merchant_id":"1499456762","key":"","authCode":"134776884587542073","order_sn":"2018042817455545556","price":23}

2018-04-28 17:47:12 {"merchant_id":"1499456762","key":"","authCode":"135033243372848916","order_sn":"2018042817471268101","price":200}

2018-04-28 17:54:44 {"merchant_id":"1499456762","key":"","authCode":"134754104591015592","order_sn":"2018042817544422496","price":27}

2018-04-28 17:56:25 {"merchant_id":"1499456762","key":"","authCode":"134618509877752711","order_sn":"2018042817562552258","price":20}

2018-04-28 18:00:50 {"merchant_id":"1499456762","key":"","authCode":"134769139875140854","order_sn":"2018042818005080858","price":33}

2018-04-28 18:02:58 {"merchant_id":"1499456762","key":"","authCode":"134612077604933091","order_sn":"2018042818025873590","price":62}

2018-04-28 18:04:50 {"merchant_id":"1499456762","key":"","authCode":"134901483979060161","order_sn":"2018042818045021967","price":0.2}

2018-04-28 18:05:11 {"merchant_id":"1499456762","key":"","authCode":"134630536619849280","order_sn":"2018042818051161438","price":16}

2018-04-28 18:05:44 {"merchant_id":"1499456762","key":"","authCode":"134908970284718454","order_sn":"2018042818054377578","price":13}

2018-04-28 18:05:56 {"merchant_id":"1499456762","key":"","authCode":"134573364448591471","order_sn":"2018042818055690991","price":14}

2018-04-28 18:20:42 {"merchant_id":"1499456762","key":"","authCode":"134984414139630152","order_sn":"2018042818204224786","price":49}

2018-04-28 18:24:23 {"merchant_id":"1499456762","key":"","authCode":"134664832407775885","order_sn":"2018042818242384985","price":16}

2018-04-28 18:25:04 {"merchant_id":"1499456762","key":"","authCode":"134633199035002846","order_sn":"2018042818250453858","price":8}

2018-04-28 18:28:18 {"merchant_id":"1499456762","key":"","authCode":"134629737072239817","order_sn":"2018042818281899342","price":368}

2018-04-28 18:30:39 {"merchant_id":"1490350062","key":"","authCode":"134732024848155959","order_sn":"2018042818303981928","price":300}

2018-04-28 18:40:55 {"merchant_id":"1499456762","key":"","authCode":"134925038768896627","order_sn":"2018042818405586654","price":8.5}

2018-04-28 18:48:49 {"merchant_id":"1499456762","key":"","authCode":"134547136626979130","order_sn":"2018042818484938986","price":8}

2018-04-28 18:50:42 {"merchant_id":"1499456762","key":"","authCode":"134605382741509702","order_sn":"2018042818504259272","price":4}

2018-04-28 18:56:10 {"merchant_id":"1499456762","key":"","authCode":"134883784853609802","order_sn":"2018042818561014585","price":22}

2018-04-28 19:02:10 {"merchant_id":"1499456762","key":"","authCode":"134735784626860078","order_sn":"2018042819021066158","price":21}

2018-04-28 19:02:51 {"merchant_id":"1499456762","key":"","authCode":"135311636061825879","order_sn":"2018042819025165844","price":17}

2018-04-28 19:06:58 {"merchant_id":"1499456762","key":"","authCode":"134813473958382288","order_sn":"2018042819065818126","price":9}

2018-04-28 19:10:48 {"merchant_id":"1499456762","key":"","authCode":"135088015647182656","order_sn":"2018042819104868826","price":19}

2018-04-28 19:11:17 {"merchant_id":"1499456762","key":"","authCode":"134856502734883281","order_sn":"2018042819111729026","price":13}

2018-04-28 19:23:41 {"merchant_id":"1499456762","key":"","authCode":"135018806579634212","order_sn":"2018042819234197591","price":37}

2018-04-28 19:26:02 {"merchant_id":"1499456762","key":"","authCode":"134868062962266895","order_sn":"2018042819260274626","price":33}

2018-04-28 19:29:16 {"merchant_id":"1499456762","key":"","authCode":"134537836589452263","order_sn":"2018042819291657825","price":28}

2018-04-28 19:30:40 {"merchant_id":"1490350062","key":"","authCode":"134608740929760647","order_sn":"2018042819304070178","price":100}

2018-04-28 19:30:42 {"merchant_id":"1499456762","key":"","authCode":"134908574935282362","order_sn":"2018042819304296077","price":9}

2018-04-28 19:35:48 {"merchant_id":"1499456762","key":"","authCode":"134622775224657586","order_sn":"2018042819354828031","price":108}

2018-04-28 19:40:13 {"merchant_id":"1499456762","key":"","authCode":"134777662026068388","order_sn":"2018042819401335316","price":16}

2018-04-28 19:44:00 {"merchant_id":"2088822285099072","key":"201710BBaa55e11a995b41488709d94fe3bfbX07","authCode":"286454755299492711","order_sn":"2018042819440036212","price":200}

2018-04-28 19:44:00 {"app_id":"2017071207730667","method":"alipay.trade.pay","charset":"utf-8","sign_type":"RSA","app_auth_token":"201710BBaa55e11a995b41488709d94fe3bfbX07","timestamp":"2018-04-28 19:44:00","version":"1.0","biz_content":"{\"out_trade_no\":\"2018042819440036212\",\"scene\":\"bar_code\",\"auth_code\":\"286454755299492711\",\"subject\":\"\\u8ba2\\u5355\\u53f7:2018042819440036212\",\"seller_id\":\"2088822285099072\",\"total_amount\":200,\"extend_params\":{\"sys_service_provider_id\":\"2088721521881652\"}}","sign":"cLYwrL\/FnMPu4DTCe3Y0bmicEneNjZ30aVz9V4g3JHNId2ZSyFy8dbQGQSfaU+DvUQYpT33RR8frS5h8jvks+wqqMfIqxlxfCCdIya0JcKqNqGNJFHUYYnVlGieHdLmUtI1osxSvqYrkssq6Q\/f8AslrwZPPY8Fl\/exkXUsF3TI="}

2018-04-28 19:44:03 {"alipay_trade_pay_response":{"code":"10000","msg":"Success","buyer_logon_id":"181****9263","buyer_pay_amount":"200.00","buyer_user_id":"2088522763148181","fund_bill_list":[{"amount":"200.00","fund_channel":"ALIPAYACCOUNT"}],"gmt_payment":"2018-04-28 19:44:03","invoice_amount":"200.00","out_trade_no":"2018042819440036212","point_amount":"0.00","receipt_amount":"200.00","total_amount":"200.00","trade_no":"2018042821001004180502414691"},"sign":"ssV4IJ9G20SmMS5FcsWBeeLZ7z3Y4/4Cso9j02Aw9DD3Cm72zeWES38MGXMQJru/dyoDGmTRikFy6CIfYuFEYf3u9D0W//lY547IdwUW0MY/5aNqJzMkBzfYvBF8/x/IUQjcR8xw2xc0H5g4lPWA3hTroxTFaCqJ5o6/jsyC9gM="}

2018-04-28 19:45:22 {"merchant_id":"1490350062","key":"","authCode":"134634945954800541","order_sn":"2018042819452259607","price":100}

2018-04-28 19:47:55 {"merchant_id":"1499456762","key":"","authCode":"134712007935039155","order_sn":"2018042819475593896","price":8}

2018-04-28 19:55:37 {"merchant_id":"1499456762","key":"","authCode":"134583778279068564","order_sn":"2018042819553713744","price":20}

2018-04-28 19:56:56 {"merchant_id":"1499456762","key":"","authCode":"134705351284487831","order_sn":"2018042819565624469","price":40}

2018-04-28 19:58:16 {"merchant_id":"1499456762","key":"","authCode":"134623384136006998","order_sn":"2018042819581650703","price":3}

2018-04-28 19:58:29 {"merchant_id":"1499456762","key":"","authCode":"134626092122156873","order_sn":"2018042819582974846","price":21}

2018-04-28 20:06:56 {"merchant_id":"1499456762","key":"","authCode":"134590291018696053","order_sn":"2018042820065623627","price":11}

2018-04-28 20:07:42 {"merchant_id":"1499456762","key":"","authCode":"134816395936681093","order_sn":"2018042820074214574","price":27}

2018-04-28 20:08:17 {"merchant_id":"1499456762","key":"","authCode":"134599326957065359","order_sn":"2018042820081755634","price":49}

2018-04-28 20:16:10 {"merchant_id":"1499456762","key":"","authCode":"134636203025069404","order_sn":"2018042820161085344","price":12}

2018-04-28 20:20:08 {"merchant_id":"1499456762","key":"","authCode":"134752633465436301","order_sn":"2018042820200817831","price":26.5}

2018-04-28 20:22:38 {"merchant_id":"1499456762","key":"","authCode":"134772455723619684","order_sn":"2018042820223858698","price":35}

2018-04-28 20:22:57 {"merchant_id":"1499456762","key":"","authCode":"134592040303186308","order_sn":"2018042820225715067","price":31}

2018-04-28 20:23:29 {"merchant_id":"1499456762","key":"","authCode":"134765499985950492","order_sn":"2018042820232818414","price":15}

2018-04-28 20:36:42 {"merchant_id":"1499456762","key":"","authCode":"134999408322875830","order_sn":"2018042820364298655","price":6}

2018-04-28 20:44:14 {"merchant_id":"1499456762","key":"","authCode":"135024120244350855","order_sn":"2018042820441476265","price":6}

2018-04-28 20:44:49 {"merchant_id":"1499456762","key":"","authCode":"135223400047763540","order_sn":"2018042820444928888","price":32.5}

2018-04-28 20:47:07 {"merchant_id":"1499456762","key":"","authCode":"134764495637137573","order_sn":"2018042820470759292","price":25}

2018-04-28 20:47:40 {"merchant_id":"1499456762","key":"","authCode":"134622495258596515","order_sn":"2018042820474060742","price":16}

2018-04-28 20:53:01 {"merchant_id":"1499456762","key":"","authCode":"134591525108894406","order_sn":"2018042820530141226","price":12}

2018-04-28 20:53:53 {"merchant_id":"1499456762","key":"","authCode":"134623652522111363","order_sn":"2018042820535361752","price":34}

2018-04-28 20:54:18 {"merchant_id":"1499456762","key":"","authCode":"134842924055256104","order_sn":"2018042820541820065","price":26}

2018-04-28 20:57:18 {"merchant_id":"1499456762","key":"","authCode":"135560440217834321","order_sn":"2018042820571874644","price":28}

2018-04-28 20:57:58 {"merchant_id":"1499456762","key":"","authCode":"134748302578896812","order_sn":"2018042820575884810","price":18}

2018-04-28 20:59:18 {"merchant_id":"1499456762","key":"","authCode":"135147821301513817","order_sn":"2018042820591867753","price":25}

2018-04-28 21:04:03 {"merchant_id":"1499456762","key":"","authCode":"135452063576500317","order_sn":"2018042821040355028","price":300}

2018-04-28 21:13:48 {"merchant_id":"1499456762","key":"","authCode":"134659188389060601","order_sn":"2018042821134827264","price":25}

2018-04-28 21:14:25 {"merchant_id":"1499456762","key":"","authCode":"134510856761030398","order_sn":"2018042821142541802","price":108}

2018-04-28 21:20:56 {"merchant_id":"1499456762","key":"","authCode":"134673082819712681","order_sn":"2018042821205633613","price":25}

2018-04-28 21:21:00 {"merchant_id":"1499456762","key":"","authCode":"135042636151382813","order_sn":"2018042821210070781","price":15}

2018-04-28 21:25:03 {"merchant_id":"1499456762","key":"","authCode":"134651204856288301","order_sn":"2018042821250356998","price":36}

2018-04-28 21:35:27 {"merchant_id":"1499456762","key":"","authCode":"134778302719911959","order_sn":"2018042821352766028","price":37}

2018-04-28 22:10:22 {"merchant_id":"1490350062","key":"","authCode":"134670325708797213","order_sn":"2018042822102252290","price":300}

2018-04-28 23:55:28 {"merchant_id":"1493159782","key":"","authCode":"135222336803303367","order_sn":"2018042823552892681","price":300}

