2018-04-27 00:15:18 {"merchant_id":"2088822285099072","key":"201710BBaa55e11a995b41488709d94fe3bfbX07","authCode":"287808746328297109","order_sn":"2018042700151818576","price":600}

2018-04-27 00:15:18 {"app_id":"2017071207730667","method":"alipay.trade.pay","charset":"utf-8","sign_type":"RSA","app_auth_token":"201710BBaa55e11a995b41488709d94fe3bfbX07","timestamp":"2018-04-27 00:15:18","version":"1.0","biz_content":"{\"out_trade_no\":\"2018042700151818576\",\"scene\":\"bar_code\",\"auth_code\":\"287808746328297109\",\"subject\":\"\\u8ba2\\u5355\\u53f7:2018042700151818576\",\"seller_id\":\"2088822285099072\",\"total_amount\":600,\"extend_params\":{\"sys_service_provider_id\":\"2088721521881652\"}}","sign":"Y5ZhdY\/7imY2vgLLJObUf4KW5f6QNAA6N0kzrbHQsj+cLxFsprRgs1\/0PIRmKE9E7bwiHquPACueeSVFFxWhNgV3eHAhm7sTKYtGIFW1j\/kepMXuNQzUR5N14ESLwBxQmqG+L13NMBKprh5KXItoIi4XAV\/rFcCqU2JElu8zccc="}

2018-04-27 00:15:19 {"alipay_trade_pay_response":{"code":"10000","msg":"Success","buyer_logon_id":"186****6185","buyer_pay_amount":"599.60","buyer_user_id":"2088212274145516","fund_bill_list":[{"amount":"0.40","fund_channel":"DISCOUNT","real_amount":"0.00"},{"amount":"599.60","fund_channel":"ALIPAYACCOUNT"}],"gmt_payment":"2018-04-27 00:15:19","invoice_amount":"599.60","out_trade_no":"2018042700151818576","point_amount":"0.40","receipt_amount":"600.00","total_amount":"600.00","trade_no":"2018042721001004510501616980"},"sign":"TcCPus1eN6pu1Z2gHj5rxxnREOJv3xrzWTnE2ICz8OBRBNwUGrXkphtVhE/0NOoobyzHHbL3T0z/m2IaX+q8RoLAiSXABdQu+lpAYrseWBe+M5C/99UKKCPWBYxdk/f5weRrFeU/cSp0jf8K/QIoCuXVaTKvmyeOqcrHJIlVQPA="}

2018-04-27 00:31:29 {"merchant_id":"1490350062","key":"","authCode":"134934390263520589","order_sn":"2018042700312929099","price":300}

2018-04-27 00:46:35 {"merchant_id":"1493159782","key":"","authCode":"136493662695714751","order_sn":"2018042700463584008","price":300}

2018-04-27 01:40:50 {"merchant_id":"1490350062","key":"","authCode":"134699949398346995","order_sn":"2018042701405096703","price":300}

2018-04-27 03:09:23 {"merchant_id":"1490350062","key":"","authCode":"134953717913235482","order_sn":"2018042703092388406","price":600}

2018-04-27 08:30:48 {"merchant_id":"1486561492","key":"","authCode":"134667714007069663","order_sn":"2018042708304739895","price":0.01}

2018-04-27 08:39:07 {"merchant_id":"1499456762","key":"","authCode":"134598578361174292","order_sn":"2018042708390767582","price":14}

2018-04-27 08:40:15 {"merchant_id":"1499456762","key":"","authCode":"134882226583444225","order_sn":"2018042708401533043","price":9}

2018-04-27 08:44:38 {"merchant_id":"1499456762","key":"","authCode":"134658968421051142","order_sn":"2018042708443890277","price":7}

2018-04-27 08:50:24 {"merchant_id":"1499456762","key":"","authCode":"135152648553652346","order_sn":"2018042708502373335","price":500}

2018-04-27 09:03:11 {"merchant_id":"2088822285099072","key":"201710BBaa55e11a995b41488709d94fe3bfbX07","authCode":"286066437729147519","order_sn":"2018042709031150264","price":300}

2018-04-27 09:03:11 {"app_id":"2017071207730667","method":"alipay.trade.pay","charset":"utf-8","sign_type":"RSA","app_auth_token":"201710BBaa55e11a995b41488709d94fe3bfbX07","timestamp":"2018-04-27 09:03:11","version":"1.0","biz_content":"{\"out_trade_no\":\"2018042709031150264\",\"scene\":\"bar_code\",\"auth_code\":\"286066437729147519\",\"subject\":\"\\u8ba2\\u5355\\u53f7:2018042709031150264\",\"seller_id\":\"2088822285099072\",\"total_amount\":300,\"extend_params\":{\"sys_service_provider_id\":\"2088721521881652\"}}","sign":"XTWUyefngrtQu8k38K7OLpaf9K7DCe3aWucNfyR3Vwbxn3FKwhhCwgM7howcX2Iu6wU5imzPRKu1pDVF2PF0Jz2QC+OPHqBsgiKNFutBsST3SYQ76uyZWpx0fIV4wNkynLAqVM2dB56gnFtqp+9wBBvcBlJS1UwodrS0FdZFNgk="}

2018-04-27 09:03:13 {"alipay_trade_pay_response":{"code":"10000","msg":"Success","buyer_logon_id":"125***@qq.com","buyer_pay_amount":"299.80","buyer_user_id":"2088112284683524","fund_bill_list":[{"amount":"0.20","fund_channel":"DISCOUNT","real_amount":"0.00"},{"amount":"299.80","fund_channel":"ALIPAYACCOUNT"}],"gmt_payment":"2018-04-27 09:03:13","invoice_amount":"299.80","out_trade_no":"2018042709031150264","point_amount":"0.20","receipt_amount":"300.00","total_amount":"300.00","trade_no":"2018042721001004520548893517"},"sign":"V+wLgmVGn0576DvrEH2vhQmbJLBByY2ixp5jhsaZulPwWTEvU0piBqwFhqDSYthVw3MyXVoDll5DyxUJCIrsqOGfH/aw/2Vl2zux5z5SqT5923A3x99oF2GkD839g0Suf3nG8bcxjESDkGS8rPl5gTcx2jqItRhsIoiLSbdsGWo="}

2018-04-27 09:20:41 {"merchant_id":"1499456762","key":"","authCode":"134690122986224426","order_sn":"2018042709204199734","price":128}

2018-04-27 09:34:55 {"merchant_id":"1499456762","key":"","authCode":"134881717690328321","order_sn":"2018042709345577958","price":6}

2018-04-27 10:07:45 {"merchant_id":"1499456762","key":"","authCode":"134912206650534376","order_sn":"2018042710074540210","price":15}

2018-04-27 10:09:33 {"merchant_id":"1499456762","key":"","authCode":"134745223498191750","order_sn":"2018042710093380142","price":500}

2018-04-27 10:50:39 {"merchant_id":"1486561492","key":"","authCode":"134630036151898911","order_sn":"2018042710503925213","price":0.01}

2018-04-27 10:56:22 {"merchant_id":"1499456762","key":"","authCode":"134679604469759897","order_sn":"2018042710562252414","price":11}

2018-04-27 10:57:43 {"merchant_id":"1499456762","key":"","authCode":"134682380127814590","order_sn":"2018042710574371864","price":14}

2018-04-27 11:04:19 {"merchant_id":"1499456762","key":"","authCode":"134698702274900308","order_sn":"2018042711041954544","price":35}

2018-04-27 11:40:29 {"merchant_id":"1499456762","key":"","authCode":"135886977547234873","order_sn":"2018042711402960326","price":6.5}

2018-04-27 12:29:43 {"merchant_id":"1499456762","key":"","authCode":"134747642403701734","order_sn":"2018042712294390832","price":128}

2018-04-27 12:41:43 {"merchant_id":"1490350062","key":"","authCode":"135320032931929560","order_sn":"2018042712414316457","price":200}

2018-04-27 12:58:17 {"merchant_id":"1493159782","key":"","authCode":"134622065789033459","order_sn":"2018042712581766097","price":200}

2018-04-27 13:00:36 {"merchant_id":"1499456762","key":"","authCode":"134632313091382977","order_sn":"2018042713003611661","price":18}

2018-04-27 13:07:33 {"merchant_id":"1499456762","key":"","authCode":"134845208394303765","order_sn":"2018042713073337677","price":24}

2018-04-27 13:16:24 {"merchant_id":"1499456762","key":"","authCode":"134746186498633759","order_sn":"2018042713162429382","price":18}

2018-04-27 13:20:21 {"merchant_id":"1499456762","key":"","authCode":"134607142914268062","order_sn":"2018042713202184100","price":39}

2018-04-27 13:57:29 {"merchant_id":"1490350062","key":"","authCode":"134902193575412146","order_sn":"2018042713572970146","price":500}

2018-04-27 14:07:06 {"merchant_id":"1499456762","key":"","authCode":"134714922570162865","order_sn":"2018042714070676731","price":198}

2018-04-27 14:13:28 {"merchant_id":"1499456762","key":"","authCode":"134687424673447450","order_sn":"2018042714132821301","price":69}

2018-04-27 14:14:38 {"merchant_id":"1499456762","key":"","authCode":"134592650966163340","order_sn":"2018042714143841290","price":500}

2018-04-27 14:27:13 {"merchant_id":"1499456762","key":"","authCode":"135425891292579480","order_sn":"2018042714271355116","price":30}

2018-04-27 14:39:07 {"merchant_id":"1499456762","key":"","authCode":"134559471805930845","order_sn":"2018042714390719968","price":18}

2018-04-27 15:09:59 {"merchant_id":"1499456762","key":"","authCode":"135182038521598721","order_sn":"2018042715095947479","price":12}

2018-04-27 15:12:03 {"merchant_id":"1499456762","key":"","authCode":"135205815747724389","order_sn":"2018042715120284416","price":31}

2018-04-27 15:23:16 {"merchant_id":"1499456762","key":"","authCode":"134546294625871940","order_sn":"2018042715231674623","price":20}

2018-04-27 15:31:22 {"merchant_id":"1499456762","key":"","authCode":"134605897877669184","order_sn":"2018042715312181709","price":14}

2018-04-27 15:34:47 {"merchant_id":"1499456762","key":"","authCode":"134865999710652220","order_sn":"2018042715344784014","price":13}

2018-04-27 15:40:46 {"merchant_id":"1499456762","key":"","authCode":"134629863037443105","order_sn":"2018042715404631984","price":3}

2018-04-27 16:07:41 {"merchant_id":"1499456762","key":"","authCode":"134638317839820016","order_sn":"2018042716074165773","price":36}

2018-04-27 16:08:34 {"merchant_id":"1499456762","key":"","authCode":"134913717937734299","order_sn":"2018042716083418263","price":11}

2018-04-27 16:35:33 {"merchant_id":"1499456762","key":"","authCode":"134748409209589617","order_sn":"2018042716353366957","price":16}

2018-04-27 16:36:50 {"merchant_id":"1499456762","key":"","authCode":"134533327097537707","order_sn":"2018042716365023792","price":29}

2018-04-27 16:38:08 {"merchant_id":"1499456762","key":"","authCode":"135002424379160077","order_sn":"2018042716380841057","price":41}

2018-04-27 16:39:09 {"merchant_id":"1499456762","key":"","authCode":"134628405225922595","order_sn":"2018042716390933424","price":3}

2018-04-27 16:39:26 {"merchant_id":"1499456762","key":"","authCode":"134912862605659024","order_sn":"2018042716392548463","price":19}

2018-04-27 16:40:07 {"merchant_id":"1499456762","key":"","authCode":"134767394114492630","order_sn":"2018042716400798431","price":198}

2018-04-27 16:47:05 {"merchant_id":"1499456762","key":"","authCode":"134642161464246242","order_sn":"2018042716470547247","price":71}

2018-04-27 16:48:49 {"merchant_id":"1499456762","key":"","authCode":"135128064994581147","order_sn":"2018042716484910107","price":31}

2018-04-27 16:53:28 {"merchant_id":"1499456762","key":"","authCode":"134902874455124186","order_sn":"2018042716532867209","price":9.08}

2018-04-27 16:54:14 {"merchant_id":"1499456762","key":"","authCode":"134892672323701884","order_sn":"2018042716541423421","price":6.92}

2018-04-27 17:04:36 {"merchant_id":"1499456762","key":"","authCode":"135018299674601460","order_sn":"2018042717043644824","price":6}

2018-04-27 17:11:18 {"merchant_id":"1499456762","key":"","authCode":"134517392029232718","order_sn":"2018042717111867661","price":26}

2018-04-27 17:11:55 {"merchant_id":"1499456762","key":"","authCode":"134520036983492418","order_sn":"2018042717115549462","price":12}

2018-04-27 17:31:05 {"merchant_id":"1499456762","key":"","authCode":"134647387257514435","order_sn":"2018042717310530591","price":200}

2018-04-27 17:36:06 {"merchant_id":"1499456762","key":"","authCode":"134812725942711784","order_sn":"2018042717360694820","price":17}

2018-04-27 17:41:20 {"merchant_id":"1499456762","key":"","authCode":"134618701808189033","order_sn":"2018042717412097307","price":15}

2018-04-27 17:42:38 {"merchant_id":"2088822285099072","key":"201710BBaa55e11a995b41488709d94fe3bfbX07","authCode":"285453077078625177","order_sn":"2018042717423872157","price":2000}

2018-04-27 17:42:38 {"app_id":"2017071207730667","method":"alipay.trade.pay","charset":"utf-8","sign_type":"RSA","app_auth_token":"201710BBaa55e11a995b41488709d94fe3bfbX07","timestamp":"2018-04-27 17:42:38","version":"1.0","biz_content":"{\"out_trade_no\":\"2018042717423872157\",\"scene\":\"bar_code\",\"auth_code\":\"285453077078625177\",\"subject\":\"\\u8ba2\\u5355\\u53f7:2018042717423872157\",\"seller_id\":\"2088822285099072\",\"total_amount\":2000,\"extend_params\":{\"sys_service_provider_id\":\"2088721521881652\"}}","sign":"ELrKSBzgkw+HlZ6KwV+rskbph6R4vnEhqzXSkbDNAWqVkFcPd+z4EeqmKWj63QGP54WsG0Aldndq7R3iOQtzjmKAjhz6voqz6eSSWN5hl9QoKfHNizeuRCEDqXWWOKh4GgDXpjCWfF57yRU3NViczODgFiW3T5POAZPtyhHKd3o="}

2018-04-27 17:42:38 {"alipay_trade_pay_response":{"code":"10003","msg":" order success pay inprocess","buyer_logon_id":"xcc***@163.com","buyer_pay_amount":"0.00","buyer_user_id":"2088102009797010","invoice_amount":"0.00","out_trade_no":"2018042717423872157","point_amount":"0.00","receipt_amount":"0.00","total_amount":"2000.00","trade_no":"2018042721001004010506156272"},"sign":"bczFEXlrxiynVvPFIo0a5Q1L9cAS1Bu7tasDfYbJupF70QkPqJ6LOR9pO88DCzIRf2d7qIi92MNIqL6a26LVbTX9yKdGwgZftSXiSeRLeixPHWy7KPY+zzIyhJNv0yTMdKOlYiWqSiYltIaFf9tqTGeKSCTZYHpd/umxMSE/Zuk="}

2018-04-27 17:42:38 {"alipay_trade_query_response":{"code":"10000","msg":"Success","buyer_logon_id":"xcc***@163.com","buyer_pay_amount":"0.00","buyer_user_id":"2088102009797010","invoice_amount":"0.00","out_trade_no":"2018042717423872157","point_amount":"0.00","receipt_amount":"0.00","total_amount":"2000.00","trade_no":"2018042721001004010506156272","trade_status":"WAIT_BUYER_PAY"},"sign":"huIGgG/9XsbCsUeK43WGpPeEKHyqCHThPO1hzr7B0RFwAGvfKqMfi4U9BxWkNUOpoW9TYJS85MAn2+vy80ShEzQrOt84exBzu+viEDXSubknepw/Oltdkr9Ld5FMBpSmRAxCu0LFDocGGEZBNACEVcQAvY1iM2nKT7DWFiGkpkY="}

2018-04-27 17:42:43 {"alipay_trade_query_response":{"code":"10000","msg":"Success","buyer_logon_id":"xcc***@163.com","buyer_pay_amount":"0.00","buyer_user_id":"2088102009797010","invoice_amount":"0.00","out_trade_no":"2018042717423872157","point_amount":"0.00","receipt_amount":"0.00","total_amount":"2000.00","trade_no":"2018042721001004010506156272","trade_status":"WAIT_BUYER_PAY"},"sign":"huIGgG/9XsbCsUeK43WGpPeEKHyqCHThPO1hzr7B0RFwAGvfKqMfi4U9BxWkNUOpoW9TYJS85MAn2+vy80ShEzQrOt84exBzu+viEDXSubknepw/Oltdkr9Ld5FMBpSmRAxCu0LFDocGGEZBNACEVcQAvY1iM2nKT7DWFiGkpkY="}

2018-04-27 17:42:47 {"alipay_trade_query_response":{"code":"10000","msg":"Success","buyer_logon_id":"xcc***@163.com","buyer_pay_amount":"2000.00","buyer_user_id":"2088102009797010","fund_bill_list":[{"amount":"2000.00","fund_channel":"ALIPAYACCOUNT"}],"invoice_amount":"2000.00","out_trade_no":"2018042717423872157","point_amount":"0.00","receipt_amount":"2000.00","send_pay_date":"2018-04-27 17:42:44","total_amount":"2000.00","trade_no":"2018042721001004010506156272","trade_status":"TRADE_SUCCESS"},"sign":"obq7IVuyXfm8rN7ErYzZEyeuPh72lLYUVLxbycm02X/Iz7QHRGm/TC1QdRdec1Y/3g2A02ZLL5JCszAl79RGwr7NPYoGjYMTyHHI/dgdXVDud9Xr7xcDBDPlqAuVR5hcd9RKWffhT7rzWEmCnBv3rMXDAT2Ka2vjXY+Zqi9UQOo="}

2018-04-27 17:45:51 {"merchant_id":"1499456762","key":"","authCode":"135116020429258668","order_sn":"2018042717455152472","price":52}

2018-04-27 17:49:09 {"merchant_id":"1499456762","key":"","authCode":"134793723027438467","order_sn":"2018042717490936077","price":35}

2018-04-27 17:52:47 {"merchant_id":"1499456762","key":"","authCode":"134737893958393705","order_sn":"2018042717524723795","price":34}

2018-04-27 17:53:24 {"merchant_id":"1499456762","key":"","authCode":"135055884778782033","order_sn":"2018042717532479044","price":27}

2018-04-27 17:56:18 {"merchant_id":"1499456762","key":"","authCode":"135287691564614066","order_sn":"2018042717561881857","price":9}

2018-04-27 17:56:39 {"merchant_id":"1499456762","key":"","authCode":"134579807847066814","order_sn":"2018042717563945119","price":12.5}

2018-04-27 18:07:23 {"merchant_id":"1499456762","key":"","authCode":"134657452114909931","order_sn":"2018042718072354615","price":22}

2018-04-27 18:20:54 {"merchant_id":"1499456762","key":"","authCode":"134517587415650229","order_sn":"2018042718205355547","price":14}

2018-04-27 18:21:53 {"merchant_id":"1499456762","key":"","authCode":"134666762149725838","order_sn":"2018042718215396732","price":69}

2018-04-27 18:22:43 {"merchant_id":"1499456762","key":"","authCode":"134653347981183240","order_sn":"2018042718224346589","price":20}

2018-04-27 18:22:45 {"merchant_id":"1499456762","key":"","authCode":"134690708053816362","order_sn":"2018042718224564039","price":20}

2018-04-27 18:32:57 {"merchant_id":"1499456762","key":"","authCode":"134764906574308477","order_sn":"2018042718325733220","price":15}

2018-04-27 18:33:37 {"merchant_id":"1499456762","key":"","authCode":"134643072384505122","order_sn":"2018042718333740294","price":20}

2018-04-27 18:35:15 {"merchant_id":"1499456762","key":"","authCode":"134727295005529677","order_sn":"2018042718351574869","price":15}

2018-04-27 18:47:05 {"merchant_id":"1499456762","key":"","authCode":"135545062657389492","order_sn":"2018042718470590869","price":12}

2018-04-27 18:57:50 {"merchant_id":"1499456762","key":"","authCode":"134660024914537907","order_sn":"2018042718575080903","price":25}

2018-04-27 19:04:12 {"merchant_id":"1499456762","key":"","authCode":"134773009068259882","order_sn":"2018042719041230169","price":8}

2018-04-27 19:17:25 {"merchant_id":"1499456762","key":"","authCode":"134619299230454868","order_sn":"2018042719172574884","price":100}

2018-04-27 19:24:02 {"merchant_id":"1499456762","key":"","authCode":"135000984445632545","order_sn":"2018042719240297909","price":11}

2018-04-27 19:33:33 {"merchant_id":"1499456762","key":"","authCode":"134664665220876333","order_sn":"2018042719333361760","price":19}

2018-04-27 19:33:35 {"merchant_id":"2088822285099072","key":"201710BBaa55e11a995b41488709d94fe3bfbX07","authCode":"289604748449717710","order_sn":"2018042719333513966","price":200}

2018-04-27 19:33:35 {"app_id":"2017071207730667","method":"alipay.trade.pay","charset":"utf-8","sign_type":"RSA","app_auth_token":"201710BBaa55e11a995b41488709d94fe3bfbX07","timestamp":"2018-04-27 19:33:35","version":"1.0","biz_content":"{\"out_trade_no\":\"2018042719333513966\",\"scene\":\"bar_code\",\"auth_code\":\"289604748449717710\",\"subject\":\"\\u8ba2\\u5355\\u53f7:2018042719333513966\",\"seller_id\":\"2088822285099072\",\"total_amount\":200,\"extend_params\":{\"sys_service_provider_id\":\"2088721521881652\"}}","sign":"YuZFEN8PbVEaI1TMgu\/aarn5NSS6hyCGaEFf3ivdGmw5k+2TDU8cNWgIsWiS1og\/huK0ICOzOpP1sGt+9s+43RHbbbsBMQETJ12sGoFJ1TQygFIorOncuXlIxJYkIQkht58mSGfGh+AjL2FEKXN059cw4FGCpIrB8+BNjxLa4Mw="}

2018-04-27 19:33:37 {"alipay_trade_pay_response":{"code":"10000","msg":"Success","buyer_logon_id":"181****9263","buyer_pay_amount":"200.00","buyer_user_id":"2088522763148181","fund_bill_list":[{"amount":"200.00","fund_channel":"ALIPAYACCOUNT"}],"gmt_payment":"2018-04-27 19:33:37","invoice_amount":"200.00","out_trade_no":"2018042719333513966","point_amount":"0.00","receipt_amount":"200.00","total_amount":"200.00","trade_no":"2018042721001004180598708271"},"sign":"qcK+99t/wvbo0/IWYP3vpfK09lEz6RoRnYfNKSLWbicuaZBlQn4EJKk+BH9SoUdEqeSr+fhI1c9aRMXLIQ1cBeNSVi3orm5GbKmmH2g7usYkMgjIgNhVMKxUZoHo2JQCdMvrwwuEsJHKpqfhh54eyliPaBHolaQ8b+5DZqbr2Co="}

2018-04-27 19:33:56 {"merchant_id":"1499456762","key":"","authCode":"135064610734490769","order_sn":"2018042719335680568","price":33}

2018-04-27 19:34:43 {"merchant_id":"1499456762","key":"","authCode":"134628837423460862","order_sn":"2018042719344381616","price":50}

2018-04-27 19:36:03 {"merchant_id":"1499456762","key":"","authCode":"134717413677239616","order_sn":"2018042719360390276","price":28}

2018-04-27 19:39:22 {"merchant_id":"1499456762","key":"","authCode":"134533845894446313","order_sn":"2018042719392261032","price":25.5}

2018-04-27 19:45:32 {"merchant_id":"1499456762","key":"","authCode":"134641828495601993","order_sn":"2018042719453263412","price":25}

2018-04-27 19:54:26 {"merchant_id":"1499456762","key":"","authCode":"134529701104757056","order_sn":"2018042719542673239","price":6}

2018-04-27 19:55:24 {"merchant_id":"1499456762","key":"","authCode":"134609969928568423","order_sn":"2018042719552432130","price":3}

2018-04-27 20:07:51 {"merchant_id":"1499456762","key":"","authCode":"134598308930272723","order_sn":"2018042720075137272","price":16}

2018-04-27 20:08:23 {"merchant_id":"1499456762","key":"","authCode":"134771613096784374","order_sn":"2018042720082344439","price":12}

2018-04-27 20:10:00 {"merchant_id":"1499456762","key":"","authCode":"134808991866505207","order_sn":"2018042720100047990","price":18}

2018-04-27 20:16:14 {"merchant_id":"1499456762","key":"","authCode":"134862331900005380","order_sn":"2018042720161426654","price":15}

2018-04-27 20:19:09 {"merchant_id":"1499456762","key":"","authCode":"134929922811336226","order_sn":"2018042720190943926","price":37}

2018-04-27 20:26:14 {"merchant_id":"1499456762","key":"","authCode":"134980093198113918","order_sn":"2018042720261396700","price":18}

2018-04-27 20:29:22 {"merchant_id":"1499456762","key":"","authCode":"134639767109438608","order_sn":"2018042720292275336","price":9}

2018-04-27 20:31:01 {"merchant_id":"1499456762","key":"","authCode":"134706436059477212","order_sn":"2018042720310138160","price":12}

2018-04-27 20:32:03 {"merchant_id":"1499456762","key":"","authCode":"134710060577863880","order_sn":"2018042720320344936","price":6}

2018-04-27 20:33:39 {"merchant_id":"1499456762","key":"","authCode":"134650566516502607","order_sn":"2018042720333855406","price":27}

2018-04-27 20:39:58 {"merchant_id":"1499456762","key":"","authCode":"134762324490298095","order_sn":"2018042720395833985","price":15}

2018-04-27 20:40:48 {"merchant_id":"1499456762","key":"","authCode":"135322075346900368","order_sn":"2018042720404892888","price":24}

2018-04-27 20:41:28 {"merchant_id":"1499456762","key":"","authCode":"134576283724692664","order_sn":"2018042720412870146","price":14}

2018-04-27 20:44:54 {"merchant_id":"1499456762","key":"","authCode":"135082818257922786","order_sn":"2018042720445449754","price":8}

2018-04-27 20:45:54 {"merchant_id":"1499456762","key":"","authCode":"134978310635265936","order_sn":"2018042720455418272","price":15}

2018-04-27 20:47:26 {"merchant_id":"1499456762","key":"","authCode":"135059045380681890","order_sn":"2018042720472612756","price":9}

2018-04-27 20:54:10 {"merchant_id":"1499456762","key":"","authCode":"134647568151874381","order_sn":"2018042720541097770","price":17}

2018-04-27 20:57:46 {"merchant_id":"1499456762","key":"","authCode":"134581273540894278","order_sn":"2018042720574689425","price":18}

2018-04-27 20:59:16 {"merchant_id":"1499456762","key":"","authCode":"134847704828258496","order_sn":"2018042720591664523","price":27}

2018-04-27 21:06:58 {"merchant_id":"1499456762","key":"","authCode":"134587503541078006","order_sn":"2018042721065893089","price":13}

2018-04-27 21:07:56 {"merchant_id":"1499456762","key":"","authCode":"135284213672152647","order_sn":"2018042721075632346","price":8}

2018-04-27 21:08:37 {"merchant_id":"1499456762","key":"","authCode":"135243100921218730","order_sn":"2018042721083780942","price":38}

2018-04-27 21:20:21 {"merchant_id":"1499456762","key":"","authCode":"134646478034090013","order_sn":"2018042721202170608","price":12}

2018-04-27 21:22:07 {"merchant_id":"1499456762","key":"","authCode":"134937884849448844","order_sn":"2018042721220769369","price":23}

2018-04-27 21:22:23 {"merchant_id":"1499456762","key":"","authCode":"135023239479160479","order_sn":"2018042721222395033","price":23}

2018-04-27 21:26:59 {"merchant_id":"1499456762","key":"","authCode":"134933593729657708","order_sn":"2018042721265971103","price":28}

2018-04-27 21:33:56 {"merchant_id":"1499456762","key":"","authCode":"135389193294694382","order_sn":"2018042721335616925","price":10}

2018-04-27 21:35:48 {"merchant_id":"1499456762","key":"","authCode":"134906703445199049","order_sn":"2018042721354827180","price":10}

2018-04-27 21:52:48 {"merchant_id":"1490350062","key":"","authCode":"134692179746494438","order_sn":"2018042721524817513","price":30}

2018-04-27 22:18:43 {"merchant_id":"1493159782","key":"","authCode":"134987348180327698","order_sn":"2018042722184335945","price":300}

2018-04-27 22:24:56 {"merchant_id":"1493159782","key":"","authCode":"134778400774740798","order_sn":"2018042722245611371","price":220}

2018-04-27 22:47:59 {"merchant_id":"1490350062","key":"","authCode":"134520518303206080","order_sn":"2018042722475997979","price":300}

2018-04-27 23:39:36 {"merchant_id":"1490350062","key":"","authCode":"134540423498261694","order_sn":"2018042723393695265","price":200}

