2018-02-23 00:37:47 {"merchant_id":"1497272292","key":"","authCode":"135178513971992906","order_sn":"2018022300374789265","price":200}
2018-02-23 10:36:33 {"merchant_id":"1490350062","key":"","authCode":"134615323427143529","order_sn":"2018022310363368428","price":2}
2018-02-23 12:36:10 {"merchant_id":"1490350062","key":"","authCode":"134567075913907543","order_sn":"2018022312361061309","price":118}
2018-02-23 12:47:00 {"merchant_id":"1493159782","key":"","authCode":"134712705692556512","order_sn":"2018022312470010769","price":200}
2018-02-23 13:37:50 {"merchant_id":"1493159782","key":"","authCode":"135051970371501696","order_sn":"2018022313375079613","price":600}
2018-02-23 13:38:14 {"merchant_id":"1493159782","key":"","authCode":"134848156290666201","order_sn":"2018022313381473679","price":500}
2018-02-23 13:39:06 {"merchant_id":"1493159782","key":"","authCode":"135026609540360286","order_sn":"2018022313390642450","price":450}
2018-02-23 13:59:04 {"merchant_id":"1490350062","key":"","authCode":"135134190014605284","order_sn":"2018022313590459824","price":15}
2018-02-23 16:03:42 {"merchant_id":"1497272292","key":"","authCode":"134638064057939405","order_sn":"2018022316034285133","price":200}
2018-02-23 16:12:49 {"merchant_id":"2088822285099072","key":"201710BBaa55e11a995b41488709d94fe3bfbX07","authCode":"284143763272911122","order_sn":"2018022316124929407","price":300}
2018-02-23 16:12:49 {"app_id":"2017071207730667","method":"alipay.trade.pay","charset":"utf-8","sign_type":"RSA","app_auth_token":"201710BBaa55e11a995b41488709d94fe3bfbX07","timestamp":"2018-02-23 16:12:49","version":"1.0","biz_content":"{\"out_trade_no\":\"2018022316124929407\",\"scene\":\"bar_code\",\"auth_code\":\"284143763272911122\",\"subject\":\"\\u8ba2\\u5355\\u53f7:2018022316124929407\",\"seller_id\":\"2088822285099072\",\"total_amount\":300,\"extend_params\":{\"sys_service_provider_id\":\"2088721521881652\"}}","sign":"iB3nlTm6M1i1PuHvBVEaYWN2EMlvcC5Yk6atjPgg6iSGgUS5LowbOByFd4KIUt4zAfuDJzB2UCtsvDpUWwOEXL4\/9knsHUK4IbK0gesVsJaJoesnJUUNkq2R+6\/mxImWJWF+UNVzhflDFqD1i8U6plXAuHIXRuxTYfSxjm2\/z0c="}
2018-02-23 16:12:50 {"alipay_trade_pay_response":{"code":"10000","msg":"Success","buyer_logon_id":"176****8293","buyer_pay_amount":"299.83","buyer_user_id":"2088012993160834","fund_bill_list":[{"amount":"0.17","fund_channel":"DISCOUNT"},{"amount":"299.83","fund_channel":"PCREDIT"}],"gmt_payment":"2018-02-23 16:12:49","invoice_amount":"299.83","out_trade_no":"2018022316124929407","point_amount":"0.17","receipt_amount":"300.00","total_amount":"300.00","trade_no":"2018022321001004830546908741"},"sign":"KgsabQKZKLRMWRvkGz8gqUhy4uSbV1Fc79djgLRZvHqD006Q2FkrAVOtO8IffAJZlTlgzKfMRkhARGTB3JAHDlAJBqJLRBUsdBRitTaUlf0j0ZlGKOLTcR6CA3VlZiEtRcdTWNnQodFf4HVWTyRJ62QlBErxoGKhnaordN675B8="}
2018-02-23 17:34:40 {"merchant_id":"1493159782","key":"","authCode":"135559325136343439","order_sn":"2018022317344012272","price":2000}
2018-02-23 18:25:31 {"merchant_id":"1490350062","key":"","authCode":"134662028028192950","order_sn":"2018022318253189507","price":300}
2018-02-23 19:02:18 {"merchant_id":"1493159782","key":"","authCode":"134891454867759674","order_sn":"2018022319021826784","price":200}
2018-02-23 20:00:50 {"merchant_id":"1490350062","key":"","authCode":"134985950631248307","order_sn":"2018022320005026490","price":300}
2018-02-23 21:16:38 {"merchant_id":"2088821827997030","key":"201711BBc699bef5cde842dba6fa5c6bdc706A03","authCode":"282037010387706166","order_sn":"2018022321163829149","price":300}
2018-02-23 21:16:38 {"app_id":"2017071207730667","method":"alipay.trade.pay","charset":"utf-8","sign_type":"RSA","app_auth_token":"201711BBc699bef5cde842dba6fa5c6bdc706A03","timestamp":"2018-02-23 21:16:38","version":"1.0","biz_content":"{\"out_trade_no\":\"2018022321163829149\",\"scene\":\"bar_code\",\"auth_code\":\"282037010387706166\",\"subject\":\"\\u8ba2\\u5355\\u53f7:2018022321163829149\",\"seller_id\":\"2088821827997030\",\"total_amount\":300,\"extend_params\":{\"sys_service_provider_id\":\"2088721521881652\"}}","sign":"lyplXyl9gUJxhUn0qPoIBjle8KaS6aweYL9FV2tCEOXQyx3FUcfXfrdayCWdGdwaZfGSnlv\/Gy+Hvl8BBBbzspPPcMpid3xmkUyMFsGjhzy86wgc0jsVRYEiHLz84+ZeoT3K3gRsUl52D+V7\/+9cYZgLUYTKxkaaZ\/k\/mCSqNLM="}
2018-02-23 21:16:39 {"alipay_trade_pay_response":{"code":"10000","msg":"Success","buyer_logon_id":"mit***@163.com","buyer_pay_amount":"300.00","buyer_user_id":"2088302055931686","fund_bill_list":[{"amount":"300.00","fund_channel":"ALIPAYACCOUNT"}],"gmt_payment":"2018-02-23 21:16:39","invoice_amount":"300.00","out_trade_no":"2018022321163829149","point_amount":"0.00","receipt_amount":"300.00","total_amount":"300.00","trade_no":"2018022321001004680581834833"},"sign":"rHEmjsQW8clCY1O+Z6/+Jl2yFlvMqzR3qv9N+MWQmhysc+GfNBZ3wphEtwI2EMP1YxG2ia3/b3TKOJeFKMH60D7udC29UPbuw/jGn1KvCEqgX4Gy+y9+cqZxivyjcL2iMGSgw0JY1PqLA0V9YTM2WyJNfNw1LRxeAdJ5Yieg9fw="}
2018-02-23 21:29:54 {"merchant_id":"1490350062","key":"","authCode":"134627005557009340","order_sn":"2018022321295488206","price":300}
2018-02-23 21:32:23 {"merchant_id":"1490350062","key":"","authCode":"134638837757355952","order_sn":"2018022321322353622","price":300}
2018-02-23 22:21:55 {"merchant_id":"2088821827997030","key":"201711BBc699bef5cde842dba6fa5c6bdc706A03","authCode":"282820944430300431","order_sn":"2018022322215535392","price":300}
2018-02-23 22:21:55 {"app_id":"2017071207730667","method":"alipay.trade.pay","charset":"utf-8","sign_type":"RSA","app_auth_token":"201711BBc699bef5cde842dba6fa5c6bdc706A03","timestamp":"2018-02-23 22:21:55","version":"1.0","biz_content":"{\"out_trade_no\":\"2018022322215535392\",\"scene\":\"bar_code\",\"auth_code\":\"282820944430300431\",\"subject\":\"\\u8ba2\\u5355\\u53f7:2018022322215535392\",\"seller_id\":\"2088821827997030\",\"total_amount\":300,\"extend_params\":{\"sys_service_provider_id\":\"2088721521881652\"}}","sign":"K8uj0BpzZx3htABFlXhB3CfuSmCMkkVHBGgA401efdYXiA4hHXPRWtiqE\/ifS7C5NrCGCjqBYBbrowgu0\/3LV8PSOtbDimQmXTh9SYKpxmg8Myt9Hl7rJ\/2kk0qPKIO8CDzM6uJ9Mo0V7QZ2cI0mndlRqPpf7cjibxvGEcW8V1Q="}
2018-02-23 22:21:56 {"alipay_trade_pay_response":{"code":"10000","msg":"Success","buyer_logon_id":"133****9848","buyer_pay_amount":"300.00","buyer_user_id":"2088522618086431","fund_bill_list":[{"amount":"300.00","fund_channel":"PCREDIT"}],"gmt_payment":"2018-02-23 22:21:56","invoice_amount":"300.00","out_trade_no":"2018022322215535392","point_amount":"0.00","receipt_amount":"300.00","total_amount":"300.00","trade_no":"2018022321001004430227623103"},"sign":"eiJLDeld7aCAx3IUW/eJIKh3eM56ucr+KwJ8q2hdL9++RdI1wGcb2BwDU3kb633qjXHh/giROKcPxZnt2aKP5vY/UnZgL5fVbxTsDdET3Mq4ChkPiShe4TNYF21nFbMLfdpR/pXp7cDAiHPZPmTlgX3RJp87RUPM77PIZUqAK4g="}
2018-02-23 22:49:48 {"merchant_id":"1490350062","key":"","authCode":"135653097676482254","order_sn":"2018022322494882610","price":10}
