2018-04-20 00:09:40 {"merchant_id":"1493159782","key":"","authCode":"134843500388222649","order_sn":"2018042000094095038","price":400}

2018-04-20 00:44:39 {"merchant_id":"1490350062","key":"","authCode":"134746630022404543","order_sn":"2018042000443995720","price":300}

2018-04-20 01:16:21 {"merchant_id":"1490350062","key":"","authCode":"135038899674339510","order_sn":"2018042001162119487","price":300}

2018-04-20 01:52:27 {"merchant_id":"1490350062","key":"","authCode":"134684999297601924","order_sn":"2018042001522764066","price":300}

2018-04-20 08:32:11 {"merchant_id":"1499456762","key":"","authCode":"135011549005703728","order_sn":"2018042008321124908","price":500}

2018-04-20 08:42:06 {"merchant_id":"1499456762","key":"","authCode":"134565763841728709","order_sn":"2018042008420610539","price":3}

2018-04-20 08:54:26 {"merchant_id":"1499456762","key":"","authCode":"135047679832158163","order_sn":"2018042008542649188","price":15}

2018-04-20 09:27:59 {"merchant_id":"1499456762","key":"","authCode":"134613487385232308","order_sn":"2018042009275963356","price":16}

2018-04-20 10:09:55 {"merchant_id":"1499456762","key":"","authCode":"134895405533464238","order_sn":"2018042010095544034","price":23}

2018-04-20 10:19:59 {"merchant_id":"1499456762","key":"","authCode":"134633588549943111","order_sn":"2018042010195949426","price":6}

2018-04-20 10:29:24 {"merchant_id":"1499456762","key":"","authCode":"134574848855565377","order_sn":"2018042010292422765","price":143}

2018-04-20 10:37:13 {"merchant_id":"1499456762","key":"","authCode":"134923688707709425","order_sn":"2018042010371337563","price":24}

2018-04-20 10:55:12 {"merchant_id":"1499456762","key":"","authCode":"134614897669777493","order_sn":"2018042010551196402","price":200}

2018-04-20 10:55:21 {"merchant_id":"2088822285099072","key":"201710BBaa55e11a995b41488709d94fe3bfbX07","authCode":"285667366320007602","order_sn":"2018042010552171345","price":138}

2018-04-20 10:55:21 {"app_id":"2017071207730667","method":"alipay.trade.pay","charset":"utf-8","sign_type":"RSA","app_auth_token":"201710BBaa55e11a995b41488709d94fe3bfbX07","timestamp":"2018-04-20 10:55:21","version":"1.0","biz_content":"{\"out_trade_no\":\"2018042010552171345\",\"scene\":\"bar_code\",\"auth_code\":\"285667366320007602\",\"subject\":\"\\u8ba2\\u5355\\u53f7:2018042010552171345\",\"seller_id\":\"2088822285099072\",\"total_amount\":138,\"extend_params\":{\"sys_service_provider_id\":\"2088721521881652\"}}","sign":"TF+MooBmKqHtqaOyAQ3Qq\/k6GzH7T3xHhVTiVf6cFKDoP1VPZiYeMrvNF3Qpz5t5gUzvXLqg1jCGORlERQsaHDzACL8bfGzTEM1aABf8JphMovVf86KCd81ofGONpvDItjhx\/fc8nqYSrqSGoGSbXEH4a5h0T5GEwOWmTOkzeb8="}

2018-04-20 10:55:22 {"alipay_trade_pay_response":{"code":"10000","msg":"Success","buyer_logon_id":"125***@qq.com","buyer_pay_amount":"138.00","buyer_user_id":"2088112284683524","fund_bill_list":[{"amount":"138.00","fund_channel":"PCREDIT"}],"gmt_payment":"2018-04-20 10:55:22","invoice_amount":"138.00","out_trade_no":"2018042010552171345","point_amount":"0.00","receipt_amount":"138.00","total_amount":"138.00","trade_no":"2018042021001004520522810939"},"sign":"fqJuZqwOClUlBZeFIT/YeAwQ/DjoHQe4P2vXrrpAc8Lho3zrsQwQ/uNmmqwi7vzZj37ekhGNlgg7aCkmEhUubfh8mel8YLAB1MHNdFEPp8bQlCoCb5WsBx0qYd0lsPIjPtSW3IMs1Urx5fkIhae8OFZ+vJY7D5+KV7u6o1+hOhU="}

2018-04-20 10:55:38 {"merchant_id":"1499456762","key":"","authCode":"136084435078621399","order_sn":"2018042010553863602","price":7}

2018-04-20 11:28:35 {"merchant_id":"1499456762","key":"","authCode":"134602139118828801","order_sn":"2018042011283533120","price":18}

2018-04-20 11:56:50 {"merchant_id":"1499456762","key":"","authCode":"134509221747448438","order_sn":"2018042011565090683","price":200}

2018-04-20 12:05:20 {"merchant_id":"1499456762","key":"","authCode":"134701479167685835","order_sn":"2018042012052067967","price":32}

2018-04-20 12:19:22 {"merchant_id":"1499456762","key":"","authCode":"134558082656573673","order_sn":"2018042012192236250","price":6}

2018-04-20 12:23:23 {"merchant_id":"2088822285099072","key":"201710BBaa55e11a995b41488709d94fe3bfbX07","authCode":"283247113061179520","order_sn":"2018042012232313057","price":158}

2018-04-20 12:23:23 {"app_id":"2017071207730667","method":"alipay.trade.pay","charset":"utf-8","sign_type":"RSA","app_auth_token":"201710BBaa55e11a995b41488709d94fe3bfbX07","timestamp":"2018-04-20 12:23:23","version":"1.0","biz_content":"{\"out_trade_no\":\"2018042012232313057\",\"scene\":\"bar_code\",\"auth_code\":\"283247113061179520\",\"subject\":\"\\u8ba2\\u5355\\u53f7:2018042012232313057\",\"seller_id\":\"2088822285099072\",\"total_amount\":158,\"extend_params\":{\"sys_service_provider_id\":\"2088721521881652\"}}","sign":"gzlpgPeck4tGDyLZgmBidatmGUPGHUYYuchwevc6YtnyS5noTW2e+Dz9QkERmeTnMGKsamZm7dq8z5i3u86QFap6NSscCeVbVPsT9CrlTP7UVeojkRyxLAgDeiqDcxB8WJIZ+NUOr4CNg0KhRzu\/U5U+CO2MN1pi3lNf7Mjpp20="}

2018-04-20 12:23:24 {"alipay_trade_pay_response":{"code":"10000","msg":"Success","buyer_logon_id":"151****9527","buyer_pay_amount":"158.00","buyer_user_id":"2088912985602534","fund_bill_list":[{"amount":"158.00","fund_channel":"ALIPAYACCOUNT"}],"gmt_payment":"2018-04-20 12:23:24","invoice_amount":"158.00","out_trade_no":"2018042012232313057","point_amount":"0.00","receipt_amount":"158.00","total_amount":"158.00","trade_no":"2018042021001004530547816544"},"sign":"AxFKNgmEn0iKY3fnxjMERgvHG8b/6jJw15jmaoj5D9Yn06Oi7sdys1XYeU7GiC6IQeXxFeZ4OJvRNKx4GnOMo5NDBpkSwkjdJMn4A01pSBBRqhRYNPcwawukwynewlAjVn6Ehb5kdLvocGGJZssBGHFMHgFAbfRHRIjNAXqaBgU="}

2018-04-20 12:56:14 {"merchant_id":"1490350062","key":"","authCode":"135307456113559117","order_sn":"2018042012561495557","price":30}

2018-04-20 12:56:21 {"merchant_id":"1499456762","key":"","authCode":"134554283845640779","order_sn":"2018042012562179415","price":21}

2018-04-20 12:57:50 {"merchant_id":"1499456762","key":"","authCode":"134583427422195975","order_sn":"2018042012575018904","price":17}

2018-04-20 13:34:34 {"merchant_id":"1499456762","key":"","authCode":"134937498647075288","order_sn":"2018042013343477254","price":10}

2018-04-20 13:42:15 {"merchant_id":"1499456762","key":"","authCode":"134993954172274006","order_sn":"2018042013421445909","price":36}

2018-04-20 13:52:54 {"merchant_id":"1499456762","key":"","authCode":"134736853693360561","order_sn":"2018042013525495432","price":8}

2018-04-20 13:59:16 {"merchant_id":"1499456762","key":"","authCode":"134697062080834491","order_sn":"2018042013591668295","price":16}

2018-04-20 14:35:28 {"merchant_id":"1499456762","key":"","authCode":"134732789979866726","order_sn":"2018042014352877225","price":98}

2018-04-20 14:40:20 {"merchant_id":"1499456762","key":"","authCode":"134726197623117712","order_sn":"2018042014402080840","price":30}

2018-04-20 14:42:10 {"merchant_id":"1499456762","key":"","authCode":"134723245633496941","order_sn":"2018042014421054623","price":128}

2018-04-20 14:53:32 {"merchant_id":"1486561492","key":"","authCode":"136368035141805893","order_sn":"2018042014533214316","price":0.01}

2018-04-20 14:54:26 {"merchant_id":"1499456762","key":"","authCode":"135538329832269118","order_sn":"2018042014542628593","price":6}

2018-04-20 15:07:27 {"merchant_id":"2088822285099072","key":"201710BBaa55e11a995b41488709d94fe3bfbX07","authCode":"283217044319151085","order_sn":"2018042015072783292","price":544}

2018-04-20 15:07:27 {"app_id":"2017071207730667","method":"alipay.trade.pay","charset":"utf-8","sign_type":"RSA","app_auth_token":"201710BBaa55e11a995b41488709d94fe3bfbX07","timestamp":"2018-04-20 15:07:27","version":"1.0","biz_content":"{\"out_trade_no\":\"2018042015072783292\",\"scene\":\"bar_code\",\"auth_code\":\"283217044319151085\",\"subject\":\"\\u8ba2\\u5355\\u53f7:2018042015072783292\",\"seller_id\":\"2088822285099072\",\"total_amount\":544,\"extend_params\":{\"sys_service_provider_id\":\"2088721521881652\"}}","sign":"KWz1271R\/ovv1YUKg9FCVQrB3y2iuKSMEpiQNml9gm0A33RMALwxcFMuA+lj8OtQRZMq4EQ\/QEs7\/mxvOyFaTUaH7R2vUYNxAyYNLwnKX\/sDtkg8wSqeqIV1UyulsfXDlF6FUg8DTtkCgj8e75w5Lb6IaPmPsjIyVKFaNhVNzTA="}

2018-04-20 15:07:28 {"alipay_trade_pay_response":{"code":"10000","msg":"Success","buyer_logon_id":"189****3456","buyer_pay_amount":"543.90","buyer_user_id":"2088412946810070","fund_bill_list":[{"amount":"0.10","fund_channel":"DISCOUNT"},{"amount":"543.90","fund_channel":"PCREDIT"}],"gmt_payment":"2018-04-20 15:07:28","invoice_amount":"543.90","out_trade_no":"2018042015072783292","point_amount":"0.10","receipt_amount":"544.00","total_amount":"544.00","trade_no":"2018042021001004070574563003"},"sign":"Pg1LEu5BKQDqxDS4k0ysjFGgerxWGvN05O9IF2qIOz4fT+gmRX8AfQYJc2TYtCVUjv4DaUDRogrjUskYlEclp7UPduZ7WaQF0jrcYBtXtix0jMAgNqSv1BTTWDlbeaQO6xENrCcb6NvT7kbpiZ31puHP/0ITqAwq+UsXHcHMFjE="}

2018-04-20 15:14:43 {"merchant_id":"1499456762","key":"","authCode":"134738662273417050","order_sn":"2018042015144336721","price":20}

2018-04-20 15:27:56 {"merchant_id":"1493159782","key":"","authCode":"135509676084818586","order_sn":"2018042015275672933","price":500}

2018-04-20 15:49:12 {"merchant_id":"1499456762","key":"","authCode":"134907346054546462","order_sn":"2018042015491243045","price":65}

2018-04-20 16:10:51 {"merchant_id":"1499456762","key":"","authCode":"134509416736773270","order_sn":"2018042016105181841","price":15}

2018-04-20 16:23:52 {"merchant_id":"1499456762","key":"","authCode":"134645357944592491","order_sn":"2018042016235277063","price":52}

2018-04-20 16:25:38 {"merchant_id":"1499456762","key":"","authCode":"134508235257471461","order_sn":"2018042016253841785","price":20}

2018-04-20 16:29:00 {"merchant_id":"1499456762","key":"","authCode":"134696831420887182","order_sn":"2018042016290037094","price":7}

2018-04-20 16:36:13 {"merchant_id":"1499456762","key":"","authCode":"134731459620069003","order_sn":"2018042016361329461","price":20}

2018-04-20 16:44:24 {"merchant_id":"1499456762","key":"","authCode":"134689842690550778","order_sn":"2018042016442492751","price":4}

2018-04-20 16:49:07 {"merchant_id":"1499456762","key":"","authCode":"134919051606418125","order_sn":"2018042016490774687","price":38}

2018-04-20 16:50:02 {"merchant_id":"1499456762","key":"","authCode":"135019426883173461","order_sn":"2018042016500296396","price":21}

2018-04-20 17:08:21 {"merchant_id":"1499456762","key":"","authCode":"134626254216383836","order_sn":"2018042017082112182","price":15}

2018-04-20 17:09:59 {"merchant_id":"1499456762","key":"","authCode":"135168127116069337","order_sn":"2018042017095990202","price":200}

2018-04-20 17:10:51 {"merchant_id":"1499456762","key":"","authCode":"134632032425675771","order_sn":"2018042017105130658","price":62}

2018-04-20 17:12:33 {"merchant_id":"1499456762","key":"","authCode":"134733554707744082","order_sn":"2018042017123341429","price":12}

2018-04-20 17:14:56 {"merchant_id":"1499456762","key":"","authCode":"134761817095149950","order_sn":"2018042017145681216","price":23}

2018-04-20 17:15:11 {"merchant_id":"1499456762","key":"","authCode":"134611913869688025","order_sn":"2018042017151181988","price":8}

2018-04-20 17:17:55 {"merchant_id":"1499456762","key":"","authCode":"134559858518768037","order_sn":"2018042017175595682","price":21}

2018-04-20 17:33:26 {"merchant_id":"1499456762","key":"","authCode":"134580825594525903","order_sn":"2018042017332669539","price":30}

2018-04-20 17:56:30 {"merchant_id":"1499456762","key":"","authCode":"134721974861881113","order_sn":"2018042017563054960","price":15}

2018-04-20 18:11:51 {"merchant_id":"1490350062","key":"","authCode":"134817078020890691","order_sn":"2018042018115163739","price":100}

2018-04-20 18:12:36 {"merchant_id":"1499456762","key":"","authCode":"134545933588438221","order_sn":"2018042018123684408","price":10}

2018-04-20 18:13:47 {"merchant_id":"1499456762","key":"","authCode":"134705408273593133","order_sn":"2018042018134739912","price":180}

2018-04-20 18:26:13 {"merchant_id":"1499456762","key":"","authCode":"134551758510249956","order_sn":"2018042018261345704","price":100}

2018-04-20 18:26:33 {"merchant_id":"1499456762","key":"","authCode":"134765424248830503","order_sn":"2018042018263312259","price":100}

2018-04-20 18:32:45 {"merchant_id":"1499456762","key":"","authCode":"134676864825837814","order_sn":"2018042018324596259","price":8}

2018-04-20 18:35:35 {"merchant_id":"2088822285099072","key":"201710BBaa55e11a995b41488709d94fe3bfbX07","authCode":"288429255417998805","order_sn":"2018042018353531596","price":100}

2018-04-20 18:35:35 {"app_id":"2017071207730667","method":"alipay.trade.pay","charset":"utf-8","sign_type":"RSA","app_auth_token":"201710BBaa55e11a995b41488709d94fe3bfbX07","timestamp":"2018-04-20 18:35:35","version":"1.0","biz_content":"{\"out_trade_no\":\"2018042018353531596\",\"scene\":\"bar_code\",\"auth_code\":\"288429255417998805\",\"subject\":\"\\u8ba2\\u5355\\u53f7:2018042018353531596\",\"seller_id\":\"2088822285099072\",\"total_amount\":100,\"extend_params\":{\"sys_service_provider_id\":\"2088721521881652\"}}","sign":"bkafYijTNqgcuC+FVO9W9JvxtxsRNKkWajAch8oADXkbBq+lrYfbMM2E\/eJ3QO5LUmICsSxLb278UpBXJuJNHK22PhD6x3MPCKar+fbHmfwi6ZF69qupTEmYX47WzzEOaHbQOgDJfl4R2ERhjQZN835zqqxUFF6Sc9pYGFiEj8w="}

2018-04-20 18:35:35 {"alipay_trade_pay_response":{"code":"10000","msg":"Success","buyer_logon_id":"tia***@163.com","buyer_pay_amount":"100.00","buyer_user_id":"2088912743134370","fund_bill_list":[{"amount":"100.00","fund_channel":"ALIPAYACCOUNT"}],"gmt_payment":"2018-04-20 18:35:35","invoice_amount":"100.00","out_trade_no":"2018042018353531596","point_amount":"0.00","receipt_amount":"100.00","total_amount":"100.00","trade_no":"2018042021001004370591494509"},"sign":"r096RIc9+vrlTqI2fkuW/vq0WpCHy+QUd76kjZfMbWnWE/M8D6ZQVieyUZjdlBtu4TrbpLA6H6qRzScMmSPmDgn4UDSMhCNgD6/2tCDmvzMGazwIzRcSLPepkpf81UMGxsSDFTryVz7zTT8eGAIjG5lOb+wDMcBjY+iOPKnsNNs="}

2018-04-20 18:37:06 {"merchant_id":"1499456762","key":"","authCode":"134998100499557088","order_sn":"2018042018370620799","price":22}

2018-04-20 18:39:21 {"merchant_id":"1499456762","key":"","authCode":"134596570550993605","order_sn":"2018042018392125373","price":8}

2018-04-20 18:40:35 {"merchant_id":"1499456762","key":"","authCode":"134543777358500271","order_sn":"2018042018403531881","price":24}

2018-04-20 18:41:32 {"merchant_id":"1499456762","key":"","authCode":"134714188471951188","order_sn":"2018042018413298068","price":6}

2018-04-20 18:46:11 {"merchant_id":"1499456762","key":"","authCode":"134915814054076750","order_sn":"2018042018461134723","price":8}

2018-04-20 18:47:23 {"merchant_id":"1499456762","key":"","authCode":"134928752021534643","order_sn":"2018042018472347280","price":15}

2018-04-20 18:50:42 {"merchant_id":"1499456762","key":"","authCode":"135128709816860507","order_sn":"2018042018504225913","price":30}

2018-04-20 18:56:12 {"merchant_id":"1499456762","key":"","authCode":"135392930178449514","order_sn":"2018042018561292941","price":4}

2018-04-20 19:07:08 {"merchant_id":"1499456762","key":"","authCode":"135312282576407215","order_sn":"2018042019070851336","price":13}

2018-04-20 19:16:39 {"merchant_id":"1499456762","key":"","authCode":"134750133983579904","order_sn":"2018042019163939076","price":43}

2018-04-20 19:18:21 {"merchant_id":"1493159782","key":"","authCode":"135024393833414673","order_sn":"2018042019182134371","price":300}

2018-04-20 19:23:47 {"merchant_id":"1499456762","key":"","authCode":"134597548034850489","order_sn":"2018042019234738364","price":9}

2018-04-20 19:26:28 {"merchant_id":"1499456762","key":"","authCode":"134767887605392549","order_sn":"2018042019262868396","price":5}

2018-04-20 19:29:22 {"merchant_id":"1499456762","key":"","authCode":"134739889336585440","order_sn":"2018042019292240263","price":11}

2018-04-20 19:35:14 {"merchant_id":"1499456762","key":"","authCode":"134910528675176258","order_sn":"2018042019351447185","price":9}

2018-04-20 19:57:39 {"merchant_id":"1499456762","key":"","authCode":"135187458458672432","order_sn":"2018042019573939572","price":15}

2018-04-20 20:16:31 {"merchant_id":"1499456762","key":"","authCode":"135245984267867781","order_sn":"2018042020163162310","price":22}

2018-04-20 20:23:08 {"merchant_id":"1499456762","key":"","authCode":"134620149585734740","order_sn":"2018042020230841960","price":15}

2018-04-20 20:31:37 {"merchant_id":"1499456762","key":"","authCode":"134556431091072592","order_sn":"2018042020313751886","price":3.5}

2018-04-20 20:33:17 {"merchant_id":"1499456762","key":"","authCode":"134589496321826080","order_sn":"2018042020331798248","price":37}

2018-04-20 20:34:19 {"merchant_id":"1499456762","key":"","authCode":"134649502241529025","order_sn":"2018042020341961393","price":8}

2018-04-20 20:39:27 {"merchant_id":"1499456762","key":"","authCode":"135623523116219027","order_sn":"2018042020392756948","price":24}

2018-04-20 20:41:51 {"merchant_id":"1499456762","key":"","authCode":"134621050190901952","order_sn":"2018042020415186876","price":12}

2018-04-20 20:47:19 {"merchant_id":"1499456762","key":"","authCode":"134504556514672515","order_sn":"2018042020471947536","price":8}

2018-04-20 20:47:41 {"merchant_id":"1499456762","key":"","authCode":"134549494529775990","order_sn":"2018042020474191297","price":8}

2018-04-20 20:52:38 {"merchant_id":"1499456762","key":"","authCode":"134717619571034683","order_sn":"2018042020523768557","price":12}

2018-04-20 20:56:31 {"merchant_id":"1499456762","key":"","authCode":"134900336570445367","order_sn":"2018042020563187797","price":12}

2018-04-20 20:57:21 {"merchant_id":"1499456762","key":"","authCode":"134745503471660344","order_sn":"2018042020572192770","price":34}

2018-04-20 20:58:18 {"merchant_id":"1499456762","key":"","authCode":"134526165600943839","order_sn":"2018042020581844513","price":21}

2018-04-20 20:58:44 {"merchant_id":"1499456762","key":"","authCode":"134677544747142080","order_sn":"2018042020584435182","price":5}

2018-04-20 20:59:35 {"merchant_id":"1499456762","key":"","authCode":"135124163448917300","order_sn":"2018042020593558923","price":15}

2018-04-20 21:01:56 {"merchant_id":"2088822285099072","key":"201710BBaa55e11a995b41488709d94fe3bfbX07","authCode":"285978949480526929","order_sn":"2018042021015664889","price":300}

2018-04-20 21:01:56 {"app_id":"2017071207730667","method":"alipay.trade.pay","charset":"utf-8","sign_type":"RSA","app_auth_token":"201710BBaa55e11a995b41488709d94fe3bfbX07","timestamp":"2018-04-20 21:01:56","version":"1.0","biz_content":"{\"out_trade_no\":\"2018042021015664889\",\"scene\":\"bar_code\",\"auth_code\":\"285978949480526929\",\"subject\":\"\\u8ba2\\u5355\\u53f7:2018042021015664889\",\"seller_id\":\"2088822285099072\",\"total_amount\":300,\"extend_params\":{\"sys_service_provider_id\":\"2088721521881652\"}}","sign":"Aujib9QlO1MRjo3QPF6s7xgN0q0\/oEWHo7bMybulC3skD4FCpbMy3Z7B1R8l3AXTqUYmBA5JQVnUSUNq9fodI\/UXWddart6Ikbq0iZWtML1U89pk51wZYDd8cSmpmv\/3lBEEL6RTxy37ihtMAdqqBkp7MtX79+dHp9cxuyjaxYE="}

2018-04-20 21:01:57 {"alipay_trade_pay_response":{"code":"10000","msg":"Success","buyer_logon_id":"253***@qq.com","buyer_pay_amount":"299.89","buyer_user_id":"2088922451419632","fund_bill_list":[{"amount":"299.89","fund_channel":"ALIPAYACCOUNT"},{"amount":"0.11","fund_channel":"DISCOUNT"}],"gmt_payment":"2018-04-20 21:01:57","invoice_amount":"299.89","out_trade_no":"2018042021015664889","point_amount":"0.11","receipt_amount":"300.00","total_amount":"300.00","trade_no":"2018042021001004630219370252"},"sign":"ueh1ly28qFn0eSUynVDmeXSCAZ3jjmc1wCcbDFmNPXNfiZlzJJJMwz/cAy/UgcfuQzumbm4nsM8PRKoDV2UbkY0gFAw+A9bogeani3y3KnKurNuq1vljUaHTpOVg0+TDuHU/iUyHmIIwUXU0xa5ZMT0njECO8JDVmolrEVzHv6M="}

2018-04-20 21:24:16 {"merchant_id":"1499456762","key":"","authCode":"134950723545932699","order_sn":"2018042021241637893","price":13}

2018-04-20 21:26:27 {"merchant_id":"1499456762","key":"","authCode":"134698152361104010","order_sn":"2018042021262752783","price":33}

2018-04-20 21:27:52 {"merchant_id":"1499456762","key":"","authCode":"134621820948495774","order_sn":"2018042021275297946","price":12}

2018-04-20 21:42:53 {"merchant_id":"1490350062","key":"","authCode":"134604506386782015","order_sn":"2018042021425353024","price":100}

2018-04-20 21:51:42 {"merchant_id":"1490350062","key":"","authCode":"135040838458089226","order_sn":"2018042021514224624","price":300}

2018-04-20 21:53:56 {"merchant_id":"1499456762","key":"","authCode":"134693418573022365","order_sn":"2018042021535613098","price":21.5}

2018-04-20 21:54:36 {"merchant_id":"1490350062","key":"","authCode":"134725297180785183","order_sn":"2018042021543683607","price":300}

2018-04-20 21:56:20 {"merchant_id":"1490350062","key":"","authCode":"134634916928283678","order_sn":"2018042021562015367","price":300}

2018-04-20 22:04:35 {"merchant_id":"1499456762","key":"","authCode":"135258698088102862","order_sn":"2018042022043553328","price":12}

2018-04-20 22:29:13 {"merchant_id":"1490350062","key":"","authCode":"135495375866005491","order_sn":"2018042022291371231","price":300}

2018-04-20 23:10:56 {"merchant_id":"1493159782","key":"","authCode":"134769076562878537","order_sn":"2018042023105669074","price":300}

2018-04-20 23:20:09 {"merchant_id":"1490350062","key":"","authCode":"134962458506149978","order_sn":"2018042023200988971","price":200}

