2018-04-08 02:17:03 {"merchant_id":"1493159782","key":"","authCode":"136020505445298849","order_sn":"2018040802170284414","price":400}
2018-04-08 02:21:20 {"merchant_id":"1490350062","key":"","authCode":"134632050976678004","order_sn":"2018040802212081272","price":300}
2018-04-08 03:05:49 {"merchant_id":"1493159782","key":"","authCode":"134952928605353846","order_sn":"2018040803054984025","price":400}
2018-04-08 08:36:48 {"merchant_id":"1499456762","key":"","authCode":"134549225123626859","order_sn":"2018040808364738255","price":16}
2018-04-08 08:56:09 {"merchant_id":"1499456762","key":"","authCode":"134649900796456961","order_sn":"2018040808560949492","price":13}
2018-04-08 09:01:36 {"merchant_id":"2088822285099072","key":"201710BBaa55e11a995b41488709d94fe3bfbX07","authCode":"287606912116827685","order_sn":"2018040809013687455","price":200}
2018-04-08 09:01:36 {"app_id":"2017071207730667","method":"alipay.trade.pay","charset":"utf-8","sign_type":"RSA","app_auth_token":"201710BBaa55e11a995b41488709d94fe3bfbX07","timestamp":"2018-04-08 09:01:36","version":"1.0","biz_content":"{\"out_trade_no\":\"2018040809013687455\",\"scene\":\"bar_code\",\"auth_code\":\"287606912116827685\",\"subject\":\"\\u8ba2\\u5355\\u53f7:2018040809013687455\",\"seller_id\":\"2088822285099072\",\"total_amount\":200,\"extend_params\":{\"sys_service_provider_id\":\"2088721521881652\"}}","sign":"nnJ4aXc4FHWkZSzRh\/ro\/EgyANDJ7Gg1ExI\/2IvFQ6pkWIhnPtPzmG63gZP1P+6iv4e6+3huBlGXDIivO6WJiQw\/83O6h6zNJP1q\/B7fiJ8GwDro8zjTNJJSm+o6GrFhPQAt6uuFGQkPuauWRQO2mn5nO3ZpTVSdgUds41BS3JQ="}
2018-04-08 09:01:37 {"alipay_trade_pay_response":{"code":"10000","msg":"Success","buyer_logon_id":"151****6978","buyer_pay_amount":"200.00","buyer_user_id":"2088512688303057","fund_bill_list":[{"amount":"200.00","fund_channel":"ALIPAYACCOUNT"}],"gmt_payment":"2018-04-08 09:01:37","invoice_amount":"200.00","out_trade_no":"2018040809013687455","point_amount":"0.00","receipt_amount":"200.00","total_amount":"200.00","trade_no":"2018040821001004050519072415"},"sign":"NAGIGtcKNWcb0C8B4KxmDOsNtgcl8tXamooV5eod+jr4sTbxUzg6RsRhcdBBngCIOWpwz3o1RO2RsfBONo+kJoMx/hoIbe5ZNvH7Wt7NerHt9gFArcMZNX0DcakYY4dDPWZz3O+QBfVyeOuXL8uRndYUEZELPsqi/MaO0W+hyFk="}
2018-04-08 09:17:37 {"merchant_id":"2088822285099072","key":"201710BBaa55e11a995b41488709d94fe3bfbX07","authCode":"281160741245627765","order_sn":"2018040809173719805","price":200}
2018-04-08 09:17:37 {"app_id":"2017071207730667","method":"alipay.trade.pay","charset":"utf-8","sign_type":"RSA","app_auth_token":"201710BBaa55e11a995b41488709d94fe3bfbX07","timestamp":"2018-04-08 09:17:37","version":"1.0","biz_content":"{\"out_trade_no\":\"2018040809173719805\",\"scene\":\"bar_code\",\"auth_code\":\"281160741245627765\",\"subject\":\"\\u8ba2\\u5355\\u53f7:2018040809173719805\",\"seller_id\":\"2088822285099072\",\"total_amount\":200,\"extend_params\":{\"sys_service_provider_id\":\"2088721521881652\"}}","sign":"aZ9Lx6rJ7On80s66FmLtLM\/Ln\/Lb8UchCLmRTMbvqdf9wJDvUO5TFWnEhTu2ewx6dvDg38Q87ekLfpoRXS3Ap00MoUhPVy02rOWSXnGljaBsajwtI6ARNsk3+qoWNA\/njp78ynM\/RlcSliAS1uidBTSeOSksfp21P2eXEOM0l4g="}
2018-04-08 09:17:38 {"alipay_trade_pay_response":{"code":"10000","msg":"Success","buyer_logon_id":"175****9999","buyer_pay_amount":"200.00","buyer_user_id":"2088122946895084","fund_bill_list":[{"amount":"200.00","fund_channel":"PCREDIT"}],"gmt_payment":"2018-04-08 09:17:38","invoice_amount":"200.00","out_trade_no":"2018040809173719805","point_amount":"0.00","receipt_amount":"200.00","total_amount":"200.00","trade_no":"2018040821001004080518770947"},"sign":"AhOhTix9r9U6vxAn/bZQB/EcHGPfk/yO6Xw60TAPS+RrOtdaZdrU90yWJx0myPdEqR/PqfQAaFqEeKHRfYdX0piUKSEA/WCA+BF1fu2eM0h+pw/3hhma/U/xbSESONW0BgSFKaFGj2wv/p4NpbSDQs9JrPh03pPfH5k1yp3V5/g="}
2018-04-08 09:20:08 {"merchant_id":"1499456762","key":"","authCode":"135047078344691980","order_sn":"2018040809200831162","price":6}
2018-04-08 09:47:33 {"merchant_id":"1499456762","key":"","authCode":"134579078860092094","order_sn":"2018040809473316987","price":8}
2018-04-08 09:56:27 {"merchant_id":"1499456762","key":"","authCode":"134638021060718528","order_sn":"2018040809562714577","price":27}
2018-04-08 10:06:31 {"merchant_id":"1499456762","key":"","authCode":"134827554388373001","order_sn":"2018040810063136254","price":2}
2018-04-08 10:13:10 {"merchant_id":"1499456762","key":"","authCode":"134997965219262550","order_sn":"2018040810131013449","price":98}
2018-04-08 10:15:11 {"merchant_id":"1499456762","key":"","authCode":"134829421310739132","order_sn":"2018040810151183065","price":98}
2018-04-08 10:15:50 {"merchant_id":"1499456762","key":"","authCode":"134910621175569690","order_sn":"2018040810155092926","price":98}
2018-04-08 10:18:50 {"merchant_id":"1499456762","key":"","authCode":"134867147400671634","order_sn":"2018040810185026579","price":27}
2018-04-08 10:20:00 {"merchant_id":"1499456762","key":"","authCode":"134759043069576493","order_sn":"2018040810200092433","price":20}
2018-04-08 10:41:17 {"merchant_id":"1490350062","key":"","authCode":"135160703791541663","order_sn":"2018040810411775114","price":300}
2018-04-08 10:47:38 {"merchant_id":"1499456762","key":"","authCode":"135118024939928105","order_sn":"2018040810473863166","price":35}
2018-04-08 10:53:34 {"merchant_id":"1499456762","key":"","authCode":"134565063245138952","order_sn":"2018040810533441670","price":128}
2018-04-08 10:57:48 {"merchant_id":"1499456762","key":"","authCode":"134701522602622753","order_sn":"2018040810574872700","price":4}
2018-04-08 10:58:07 {"merchant_id":"1499456762","key":"","authCode":"134829103867219883","order_sn":"2018040810580729020","price":28}
2018-04-08 11:00:03 {"merchant_id":"1499456762","key":"","authCode":"135031224964207245","order_sn":"2018040811000349130","price":13}
2018-04-08 11:15:30 {"merchant_id":"1499456762","key":"","authCode":"134504019569088141","order_sn":"2018040811152989584","price":128}
2018-04-08 11:20:10 {"merchant_id":"1499456762","key":"","authCode":"134760551387052277","order_sn":"2018040811201080763","price":169}
2018-04-08 11:21:36 {"merchant_id":"1499456762","key":"","authCode":"134990550163857547","order_sn":"2018040811213620420","price":13}
2018-04-08 11:38:38 {"merchant_id":"1499456762","key":"","authCode":"134670700548109842","order_sn":"2018040811383893025","price":23.5}
2018-04-08 11:50:15 {"merchant_id":"1499456762","key":"","authCode":"134575922020319071","order_sn":"2018040811501514227","price":11}
2018-04-08 11:50:52 {"merchant_id":"1499456762","key":"","authCode":"134745183679198371","order_sn":"2018040811505121948","price":21}
2018-04-08 11:52:11 {"merchant_id":"1499456762","key":"","authCode":"135708760482845616","order_sn":"2018040811521160148","price":8}
2018-04-08 12:15:23 {"merchant_id":"1499456762","key":"","authCode":"134506965819914974","order_sn":"2018040812152341184","price":11}
2018-04-08 12:17:06 {"merchant_id":"1486561492","key":"","authCode":"135691389683803662","order_sn":"2018040812170635497","price":0.01}
2018-04-08 12:18:00 {"merchant_id":"1499456762","key":"","authCode":"134740809742563868","order_sn":"2018040812175932886","price":14}
2018-04-08 12:19:57 {"merchant_id":"1499456762","key":"","authCode":"134947012071020571","order_sn":"2018040812195799279","price":38}
2018-04-08 12:28:51 {"merchant_id":"1486561492","key":"","authCode":"135656343746200425","order_sn":"2018040812285121721","price":0.01}
2018-04-08 12:41:21 {"merchant_id":"1499456762","key":"","authCode":"134742455712777145","order_sn":"2018040812412117614","price":74}
2018-04-08 13:11:01 {"merchant_id":"1499456762","key":"","authCode":"134683809331863879","order_sn":"2018040813110190953","price":30}
2018-04-08 13:48:45 {"merchant_id":"1499456762","key":"","authCode":"134767997248358547","order_sn":"2018040813484477834","price":20}
2018-04-08 14:40:42 {"merchant_id":"1499456762","key":"","authCode":"134564233179620021","order_sn":"2018040814404288830","price":8}
2018-04-08 15:18:07 {"merchant_id":"1499456762","key":"","authCode":"134520792045911470","order_sn":"2018040815180755243","price":15}
2018-04-08 15:23:00 {"merchant_id":"2088821827997030","key":"201711BBc699bef5cde842dba6fa5c6bdc706A03","authCode":"287812698853224880","order_sn":"2018040815230048699","price":3000}
2018-04-08 15:23:00 {"app_id":"2017071207730667","method":"alipay.trade.pay","charset":"utf-8","sign_type":"RSA","app_auth_token":"201711BBc699bef5cde842dba6fa5c6bdc706A03","timestamp":"2018-04-08 15:23:00","version":"1.0","biz_content":"{\"out_trade_no\":\"2018040815230048699\",\"scene\":\"bar_code\",\"auth_code\":\"287812698853224880\",\"subject\":\"\\u8ba2\\u5355\\u53f7:2018040815230048699\",\"seller_id\":\"2088821827997030\",\"total_amount\":3000,\"extend_params\":{\"sys_service_provider_id\":\"2088721521881652\"}}","sign":"GIDvMF+VwG4WhU\/zXExHgQfU6Mg9LATkrJRRL5tVYasBW5gVlNgYbQZ9AIc9XYa7PlkXy45\/2qpeZnpjP3NfDwLCkP6kZKgu+wfYfknAOM7seucLyyMgyPApcC\/kxszc6SsGtvi8YPFa6GJ1UjzKiaNlnBU3LRTPx2YmtsgbZ1k="}
2018-04-08 15:23:00 {"alipay_trade_pay_response":{"code":"10003","msg":" order success pay inprocess","buyer_logon_id":"187****9090","buyer_pay_amount":"0.00","buyer_user_id":"2088322013404355","invoice_amount":"0.00","out_trade_no":"2018040815230048699","point_amount":"0.00","receipt_amount":"0.00","total_amount":"3000.00","trade_no":"2018040821001004350539294917"},"sign":"ErSgWPCsekTrNgNYOSu5btmJ2JBkkeUPrBvthBMMFuNWkesRlSDHnU9UgX1XEBoSZyLC349vNPChoAdeePdamxh9bFDBvzWNSgRPKmEi3+ez5Lt0lrr1Ljg8JNnxVmcPNOTkEfs2+GtmuAiWz4Ap632s7JEVsjnI0MXBFHhOWr0="}
2018-04-08 15:23:01 {"alipay_trade_query_response":{"code":"10000","msg":"Success","buyer_logon_id":"187****9090","buyer_pay_amount":"0.00","buyer_user_id":"2088322013404355","invoice_amount":"0.00","out_trade_no":"2018040815230048699","point_amount":"0.00","receipt_amount":"0.00","total_amount":"3000.00","trade_no":"2018040821001004350539294917","trade_status":"WAIT_BUYER_PAY"},"sign":"DqYWKRe+DHiL3IlWz6SeF71WLwm4FutCsG+sMui8FjVwKsCkV55x3FaUdMPAfTNzQIMS6QWfG09cKy1C2psIZZgKMAweGgkVD5CbbR+DtjZPO8reRFUUkV3fvmkuQJKPfYevW/41vNJGGM+q6ES0vHZdmL+vVjazi7mKVakDa1U="}
2018-04-08 15:23:05 {"alipay_trade_query_response":{"code":"10000","msg":"Success","buyer_logon_id":"187****9090","buyer_pay_amount":"0.00","buyer_user_id":"2088322013404355","invoice_amount":"0.00","out_trade_no":"2018040815230048699","point_amount":"0.00","receipt_amount":"0.00","total_amount":"3000.00","trade_no":"2018040821001004350539294917","trade_status":"WAIT_BUYER_PAY"},"sign":"DqYWKRe+DHiL3IlWz6SeF71WLwm4FutCsG+sMui8FjVwKsCkV55x3FaUdMPAfTNzQIMS6QWfG09cKy1C2psIZZgKMAweGgkVD5CbbR+DtjZPO8reRFUUkV3fvmkuQJKPfYevW/41vNJGGM+q6ES0vHZdmL+vVjazi7mKVakDa1U="}
2018-04-08 15:23:09 {"alipay_trade_query_response":{"code":"10000","msg":"Success","buyer_logon_id":"187****9090","buyer_pay_amount":"0.00","buyer_user_id":"2088322013404355","invoice_amount":"0.00","out_trade_no":"2018040815230048699","point_amount":"0.00","receipt_amount":"0.00","total_amount":"3000.00","trade_no":"2018040821001004350539294917","trade_status":"WAIT_BUYER_PAY"},"sign":"DqYWKRe+DHiL3IlWz6SeF71WLwm4FutCsG+sMui8FjVwKsCkV55x3FaUdMPAfTNzQIMS6QWfG09cKy1C2psIZZgKMAweGgkVD5CbbR+DtjZPO8reRFUUkV3fvmkuQJKPfYevW/41vNJGGM+q6ES0vHZdmL+vVjazi7mKVakDa1U="}
2018-04-08 15:23:13 {"alipay_trade_query_response":{"code":"10000","msg":"Success","buyer_logon_id":"187****9090","buyer_pay_amount":"0.00","buyer_user_id":"2088322013404355","invoice_amount":"0.00","out_trade_no":"2018040815230048699","point_amount":"0.00","receipt_amount":"0.00","total_amount":"3000.00","trade_no":"2018040821001004350539294917","trade_status":"WAIT_BUYER_PAY"},"sign":"DqYWKRe+DHiL3IlWz6SeF71WLwm4FutCsG+sMui8FjVwKsCkV55x3FaUdMPAfTNzQIMS6QWfG09cKy1C2psIZZgKMAweGgkVD5CbbR+DtjZPO8reRFUUkV3fvmkuQJKPfYevW/41vNJGGM+q6ES0vHZdmL+vVjazi7mKVakDa1U="}
2018-04-08 15:23:17 {"alipay_trade_query_response":{"code":"10000","msg":"Success","buyer_logon_id":"187****9090","buyer_pay_amount":"0.00","buyer_user_id":"2088322013404355","invoice_amount":"0.00","out_trade_no":"2018040815230048699","point_amount":"0.00","receipt_amount":"0.00","total_amount":"3000.00","trade_no":"2018040821001004350539294917","trade_status":"WAIT_BUYER_PAY"},"sign":"DqYWKRe+DHiL3IlWz6SeF71WLwm4FutCsG+sMui8FjVwKsCkV55x3FaUdMPAfTNzQIMS6QWfG09cKy1C2psIZZgKMAweGgkVD5CbbR+DtjZPO8reRFUUkV3fvmkuQJKPfYevW/41vNJGGM+q6ES0vHZdmL+vVjazi7mKVakDa1U="}
2018-04-08 15:23:21 {"alipay_trade_query_response":{"code":"10000","msg":"Success","buyer_logon_id":"187****9090","buyer_pay_amount":"0.00","buyer_user_id":"2088322013404355","invoice_amount":"0.00","out_trade_no":"2018040815230048699","point_amount":"0.00","receipt_amount":"0.00","total_amount":"3000.00","trade_no":"2018040821001004350539294917","trade_status":"WAIT_BUYER_PAY"},"sign":"DqYWKRe+DHiL3IlWz6SeF71WLwm4FutCsG+sMui8FjVwKsCkV55x3FaUdMPAfTNzQIMS6QWfG09cKy1C2psIZZgKMAweGgkVD5CbbR+DtjZPO8reRFUUkV3fvmkuQJKPfYevW/41vNJGGM+q6ES0vHZdmL+vVjazi7mKVakDa1U="}
2018-04-08 15:23:25 {"alipay_trade_query_response":{"code":"10000","msg":"Success","buyer_logon_id":"187****9090","buyer_pay_amount":"0.00","buyer_user_id":"2088322013404355","invoice_amount":"0.00","out_trade_no":"2018040815230048699","point_amount":"0.00","receipt_amount":"0.00","total_amount":"3000.00","trade_no":"2018040821001004350539294917","trade_status":"WAIT_BUYER_PAY"},"sign":"DqYWKRe+DHiL3IlWz6SeF71WLwm4FutCsG+sMui8FjVwKsCkV55x3FaUdMPAfTNzQIMS6QWfG09cKy1C2psIZZgKMAweGgkVD5CbbR+DtjZPO8reRFUUkV3fvmkuQJKPfYevW/41vNJGGM+q6ES0vHZdmL+vVjazi7mKVakDa1U="}
2018-04-08 15:23:29 {"alipay_trade_query_response":{"code":"10000","msg":"Success","buyer_logon_id":"187****9090","buyer_pay_amount":"0.00","buyer_user_id":"2088322013404355","invoice_amount":"0.00","out_trade_no":"2018040815230048699","point_amount":"0.00","receipt_amount":"0.00","total_amount":"3000.00","trade_no":"2018040821001004350539294917","trade_status":"TRADE_CLOSED"},"sign":"Q8nawpO4fnR8k7LkouqkrVYmypeEhTXP0hpWdEhN8ouP9zi/4jEdtxiK2i0m+Vx7dtSrxg3Soo+rTeWkJJRNkp246F5sTsKXwTJ5lUqaR+pBNOVu/NpRAcf60NE4OO0pzn8Dy8kZT1ZpVU2RBHAY90fKWJlBU+YIcFgI75z1hjw="}
2018-04-08 15:23:50 {"merchant_id":"2088821827997030","key":"201711BBc699bef5cde842dba6fa5c6bdc706A03","authCode":"287160568101259677","order_sn":"2018040815235065915","price":3000}
2018-04-08 15:23:50 {"app_id":"2017071207730667","method":"alipay.trade.pay","charset":"utf-8","sign_type":"RSA","app_auth_token":"201711BBc699bef5cde842dba6fa5c6bdc706A03","timestamp":"2018-04-08 15:23:50","version":"1.0","biz_content":"{\"out_trade_no\":\"2018040815235065915\",\"scene\":\"bar_code\",\"auth_code\":\"287160568101259677\",\"subject\":\"\\u8ba2\\u5355\\u53f7:2018040815235065915\",\"seller_id\":\"2088821827997030\",\"total_amount\":3000,\"extend_params\":{\"sys_service_provider_id\":\"2088721521881652\"}}","sign":"bn7cXPgY+BaT1o8N0qn07CIo21YO2\/4fHZPq5ftNLlTqKoGxYgHvgnLd9f3DhmY3dP4JPNslePu\/Ym9eCtTkHRHMSQpfkM5aQsN0ru1hkMbjoB6dVUYtmavn6cToCeh98l2P0RyLM7CGi2Lx43oQf3B5XL+c8w88yNmj90R9bos="}
2018-04-08 15:23:50 {"alipay_trade_pay_response":{"code":"10003","msg":" order success pay inprocess","buyer_logon_id":"187****9090","buyer_pay_amount":"0.00","buyer_user_id":"2088322013404355","invoice_amount":"0.00","out_trade_no":"2018040815235065915","point_amount":"0.00","receipt_amount":"0.00","total_amount":"3000.00","trade_no":"2018040821001004350539578304"},"sign":"tyI/Qy3sZS2XsoQAEl2FBPVE+jJY29ZLTykm1gGl3Xr3auOP2WqV0i1/VTldsLNDSeHvYI870+EnezzY9Jc7u4FPgN503YyCPfSblsU09FhO0mar+mMDBtBmyE414kK7sJ5xEnV9FRN7bHMuPDhiJV4f8RcSyRuVXxyQJR5eEoE="}
2018-04-08 15:23:50 {"alipay_trade_query_response":{"code":"10000","msg":"Success","buyer_logon_id":"187****9090","buyer_pay_amount":"0.00","buyer_user_id":"2088322013404355","invoice_amount":"0.00","out_trade_no":"2018040815235065915","point_amount":"0.00","receipt_amount":"0.00","total_amount":"3000.00","trade_no":"2018040821001004350539578304","trade_status":"WAIT_BUYER_PAY"},"sign":"Ht8g//Pvs1dEk7c3k4z0vQpJae3X/Nj9p/wDeNDxcGgB3tOGrSuTVPdLPDjYan8AcwwfjfhhhcoNif8RJpfQBh3PWRJt6tptMRoqm0tX1+zgyTF7FnmAxcVk0oFXFbBSaomFybrJvRzFaWeCu+nMJrCUYzWjjBaMWtroiGBS0j8="}
2018-04-08 15:23:54 {"alipay_trade_query_response":{"code":"10000","msg":"Success","buyer_logon_id":"187****9090","buyer_pay_amount":"0.00","buyer_user_id":"2088322013404355","invoice_amount":"0.00","out_trade_no":"2018040815235065915","point_amount":"0.00","receipt_amount":"0.00","total_amount":"3000.00","trade_no":"2018040821001004350539578304","trade_status":"WAIT_BUYER_PAY"},"sign":"Ht8g//Pvs1dEk7c3k4z0vQpJae3X/Nj9p/wDeNDxcGgB3tOGrSuTVPdLPDjYan8AcwwfjfhhhcoNif8RJpfQBh3PWRJt6tptMRoqm0tX1+zgyTF7FnmAxcVk0oFXFbBSaomFybrJvRzFaWeCu+nMJrCUYzWjjBaMWtroiGBS0j8="}
2018-04-08 15:23:58 {"alipay_trade_query_response":{"code":"10000","msg":"Success","buyer_logon_id":"187****9090","buyer_pay_amount":"0.00","buyer_user_id":"2088322013404355","invoice_amount":"0.00","out_trade_no":"2018040815235065915","point_amount":"0.00","receipt_amount":"0.00","total_amount":"3000.00","trade_no":"2018040821001004350539578304","trade_status":"WAIT_BUYER_PAY"},"sign":"Ht8g//Pvs1dEk7c3k4z0vQpJae3X/Nj9p/wDeNDxcGgB3tOGrSuTVPdLPDjYan8AcwwfjfhhhcoNif8RJpfQBh3PWRJt6tptMRoqm0tX1+zgyTF7FnmAxcVk0oFXFbBSaomFybrJvRzFaWeCu+nMJrCUYzWjjBaMWtroiGBS0j8="}
2018-04-08 15:24:03 {"alipay_trade_query_response":{"code":"10000","msg":"Success","buyer_logon_id":"187****9090","buyer_pay_amount":"0.00","buyer_user_id":"2088322013404355","invoice_amount":"0.00","out_trade_no":"2018040815235065915","point_amount":"0.00","receipt_amount":"0.00","total_amount":"3000.00","trade_no":"2018040821001004350539578304","trade_status":"WAIT_BUYER_PAY"},"sign":"Ht8g//Pvs1dEk7c3k4z0vQpJae3X/Nj9p/wDeNDxcGgB3tOGrSuTVPdLPDjYan8AcwwfjfhhhcoNif8RJpfQBh3PWRJt6tptMRoqm0tX1+zgyTF7FnmAxcVk0oFXFbBSaomFybrJvRzFaWeCu+nMJrCUYzWjjBaMWtroiGBS0j8="}
2018-04-08 15:24:07 {"alipay_trade_query_response":{"code":"10000","msg":"Success","buyer_logon_id":"187****9090","buyer_pay_amount":"0.00","buyer_user_id":"2088322013404355","invoice_amount":"0.00","out_trade_no":"2018040815235065915","point_amount":"0.00","receipt_amount":"0.00","total_amount":"3000.00","trade_no":"2018040821001004350539578304","trade_status":"WAIT_BUYER_PAY"},"sign":"Ht8g//Pvs1dEk7c3k4z0vQpJae3X/Nj9p/wDeNDxcGgB3tOGrSuTVPdLPDjYan8AcwwfjfhhhcoNif8RJpfQBh3PWRJt6tptMRoqm0tX1+zgyTF7FnmAxcVk0oFXFbBSaomFybrJvRzFaWeCu+nMJrCUYzWjjBaMWtroiGBS0j8="}
2018-04-08 15:24:11 {"alipay_trade_query_response":{"code":"10000","msg":"Success","buyer_logon_id":"187****9090","buyer_pay_amount":"0.00","buyer_user_id":"2088322013404355","invoice_amount":"0.00","out_trade_no":"2018040815235065915","point_amount":"0.00","receipt_amount":"0.00","total_amount":"3000.00","trade_no":"2018040821001004350539578304","trade_status":"WAIT_BUYER_PAY"},"sign":"Ht8g//Pvs1dEk7c3k4z0vQpJae3X/Nj9p/wDeNDxcGgB3tOGrSuTVPdLPDjYan8AcwwfjfhhhcoNif8RJpfQBh3PWRJt6tptMRoqm0tX1+zgyTF7FnmAxcVk0oFXFbBSaomFybrJvRzFaWeCu+nMJrCUYzWjjBaMWtroiGBS0j8="}
2018-04-08 15:24:15 {"alipay_trade_query_response":{"code":"10000","msg":"Success","buyer_logon_id":"187****9090","buyer_pay_amount":"0.00","buyer_user_id":"2088322013404355","invoice_amount":"0.00","out_trade_no":"2018040815235065915","point_amount":"0.00","receipt_amount":"0.00","total_amount":"3000.00","trade_no":"2018040821001004350539578304","trade_status":"WAIT_BUYER_PAY"},"sign":"Ht8g//Pvs1dEk7c3k4z0vQpJae3X/Nj9p/wDeNDxcGgB3tOGrSuTVPdLPDjYan8AcwwfjfhhhcoNif8RJpfQBh3PWRJt6tptMRoqm0tX1+zgyTF7FnmAxcVk0oFXFbBSaomFybrJvRzFaWeCu+nMJrCUYzWjjBaMWtroiGBS0j8="}
2018-04-08 15:24:19 {"alipay_trade_query_response":{"code":"10000","msg":"Success","buyer_logon_id":"187****9090","buyer_pay_amount":"0.00","buyer_user_id":"2088322013404355","invoice_amount":"0.00","out_trade_no":"2018040815235065915","point_amount":"0.00","receipt_amount":"0.00","total_amount":"3000.00","trade_no":"2018040821001004350539578304","trade_status":"TRADE_CLOSED"},"sign":"lUFeYM8Cy/4R4lF69v7F2QiZX3QCAUoP5a8j97f3TOR+9CwsUeeaMPxRYF5gsIUvNoZImVo2jIgyw73wLq5BU7NtzdKTOpKwjeGieQnVPEZ9WrgtB5UjFtABCL1te10o3rTp1lZk51F2los6RVq8RthCtelMrukf3gvujrmKYiQ="}
2018-04-08 15:25:10 {"merchant_id":"1499456762","key":"","authCode":"134737678361597604","order_sn":"2018040815251015714","price":28}
2018-04-08 15:25:32 {"merchant_id":"2088821827997030","key":"201711BBc699bef5cde842dba6fa5c6bdc706A03","authCode":"280220781261565699","order_sn":"2018040815253258189","price":3000}
2018-04-08 15:25:32 {"app_id":"2017071207730667","method":"alipay.trade.pay","charset":"utf-8","sign_type":"RSA","app_auth_token":"201711BBc699bef5cde842dba6fa5c6bdc706A03","timestamp":"2018-04-08 15:25:32","version":"1.0","biz_content":"{\"out_trade_no\":\"2018040815253258189\",\"scene\":\"bar_code\",\"auth_code\":\"280220781261565699\",\"subject\":\"\\u8ba2\\u5355\\u53f7:2018040815253258189\",\"seller_id\":\"2088821827997030\",\"total_amount\":3000,\"extend_params\":{\"sys_service_provider_id\":\"2088721521881652\"}}","sign":"jBGkZcVvizx51F7uNfVtjw3N8TRrNzB5XIxFMgjg9Q9gWoy363oMT\/ix1zfEPSPs6O0i5m+LeIUMv0Fnm7I2i9cReyzwS\/uh5GzaLGrYsSc5b0IwYTlxfqmNR3sSNMYMWHTLEoddy2WOghk9qs70OK+1oPTtljiGMgwOPDuEbUM="}
2018-04-08 15:25:33 {"alipay_trade_pay_response":{"code":"10003","msg":" order success pay inprocess","buyer_logon_id":"187****9090","buyer_pay_amount":"0.00","buyer_user_id":"2088322013404355","invoice_amount":"0.00","out_trade_no":"2018040815253258189","point_amount":"0.00","receipt_amount":"0.00","total_amount":"3000.00","trade_no":"2018040821001004350539465093"},"sign":"Wg51/vbbpY5Z49xl381moOhoPlhTZvtzgqjFI+XLTs2s5yZrtmyThDCjgxiD53qUQoRJJg6u/CmDJqXBMvRcsc/LBlIJUFL8Tv7Qrx9qrNE6U7Id+jWpUV+x2vlQpduAQhPN3ELDkUF2vPmQUQuQfXzYD8bexKAnT5DTsryq98E="}
2018-04-08 15:25:33 {"alipay_trade_query_response":{"code":"10000","msg":"Success","buyer_logon_id":"187****9090","buyer_pay_amount":"0.00","buyer_user_id":"2088322013404355","invoice_amount":"0.00","out_trade_no":"2018040815253258189","point_amount":"0.00","receipt_amount":"0.00","total_amount":"3000.00","trade_no":"2018040821001004350539465093","trade_status":"WAIT_BUYER_PAY"},"sign":"djtfLKwgksq2vjmsmPm3T7491iCMKrE5jIf8hYf5fJQaj27KYhcX2L/vzD5WC4dclhsC9cZkknDS9kaI20ilsqs4pGRJ5QIGMvjpXito3gxa3gwLBC+47i5ZP+/4J5xymGS2vlkCPBuzZJOjgRIxehITR0kmUt3Hw9imYx/92n4="}
2018-04-08 15:25:37 {"alipay_trade_query_response":{"code":"10000","msg":"Success","buyer_logon_id":"187****9090","buyer_pay_amount":"0.00","buyer_user_id":"2088322013404355","invoice_amount":"0.00","out_trade_no":"2018040815253258189","point_amount":"0.00","receipt_amount":"0.00","total_amount":"3000.00","trade_no":"2018040821001004350539465093","trade_status":"WAIT_BUYER_PAY"},"sign":"djtfLKwgksq2vjmsmPm3T7491iCMKrE5jIf8hYf5fJQaj27KYhcX2L/vzD5WC4dclhsC9cZkknDS9kaI20ilsqs4pGRJ5QIGMvjpXito3gxa3gwLBC+47i5ZP+/4J5xymGS2vlkCPBuzZJOjgRIxehITR0kmUt3Hw9imYx/92n4="}
2018-04-08 15:25:42 {"alipay_trade_query_response":{"code":"10000","msg":"Success","buyer_logon_id":"187****9090","buyer_pay_amount":"0.00","buyer_user_id":"2088322013404355","invoice_amount":"0.00","out_trade_no":"2018040815253258189","point_amount":"0.00","receipt_amount":"0.00","total_amount":"3000.00","trade_no":"2018040821001004350539465093","trade_status":"WAIT_BUYER_PAY"},"sign":"djtfLKwgksq2vjmsmPm3T7491iCMKrE5jIf8hYf5fJQaj27KYhcX2L/vzD5WC4dclhsC9cZkknDS9kaI20ilsqs4pGRJ5QIGMvjpXito3gxa3gwLBC+47i5ZP+/4J5xymGS2vlkCPBuzZJOjgRIxehITR0kmUt3Hw9imYx/92n4="}
2018-04-08 15:25:46 {"alipay_trade_query_response":{"code":"10000","msg":"Success","buyer_logon_id":"187****9090","buyer_pay_amount":"0.00","buyer_user_id":"2088322013404355","invoice_amount":"0.00","out_trade_no":"2018040815253258189","point_amount":"0.00","receipt_amount":"0.00","total_amount":"3000.00","trade_no":"2018040821001004350539465093","trade_status":"WAIT_BUYER_PAY"},"sign":"djtfLKwgksq2vjmsmPm3T7491iCMKrE5jIf8hYf5fJQaj27KYhcX2L/vzD5WC4dclhsC9cZkknDS9kaI20ilsqs4pGRJ5QIGMvjpXito3gxa3gwLBC+47i5ZP+/4J5xymGS2vlkCPBuzZJOjgRIxehITR0kmUt3Hw9imYx/92n4="}
2018-04-08 15:25:50 {"alipay_trade_query_response":{"code":"10000","msg":"Success","buyer_logon_id":"187****9090","buyer_pay_amount":"3000.00","buyer_user_id":"2088322013404355","fund_bill_list":[{"amount":"3000.00","fund_channel":"ALIPAYACCOUNT"}],"invoice_amount":"3000.00","out_trade_no":"2018040815253258189","point_amount":"0.00","receipt_amount":"3000.00","send_pay_date":"2018-04-08 15:25:46","total_amount":"3000.00","trade_no":"2018040821001004350539465093","trade_status":"TRADE_SUCCESS"},"sign":"hLzPFyyhVlttbeqX/Ec6UUxvyu2RvMyX5gHWRbSVu0u25uxLFGpC99KXE+NDH5eMxg2V/bK17qtOX0E8aXr5g80sWqy6zU+zrFBNfDn9vXAvleY2mlekbcb9uQNiDk2j9/OJ0Olo4yInRcoxwYr3+vDTdcLgBokxtFFffSxHbl8="}
2018-04-08 15:37:50 {"merchant_id":"1499456762","key":"","authCode":"134540441133431542","order_sn":"2018040815375095136","price":38}
2018-04-08 15:44:05 {"merchant_id":"1499456762","key":"","authCode":"134568444770515898","order_sn":"2018040815440557853","price":15}
2018-04-08 15:55:33 {"merchant_id":"1493159782","key":"","authCode":"134645798130500714","order_sn":"2018040815553371715","price":2000}
2018-04-08 16:03:55 {"merchant_id":"1499456762","key":"","authCode":"135156596226841784","order_sn":"2018040816035438057","price":28}
2018-04-08 16:21:07 {"merchant_id":"1499456762","key":"","authCode":"134740747228468222","order_sn":"2018040816210733126","price":28}
2018-04-08 16:24:27 {"merchant_id":"1499456762","key":"","authCode":"134633426232488104","order_sn":"2018040816242766924","price":38}
2018-04-08 16:25:44 {"merchant_id":"1499456762","key":"","authCode":"134536248194319471","order_sn":"2018040816254410597","price":18}
2018-04-08 16:30:58 {"merchant_id":"1499456762","key":"","authCode":"134612332268384237","order_sn":"2018040816305723054","price":19}
2018-04-08 16:41:27 {"merchant_id":"1499456762","key":"","authCode":"134580085842338734","order_sn":"2018040816412733243","price":6}
2018-04-08 16:50:04 {"merchant_id":"1499456762","key":"","authCode":"134711142950019941","order_sn":"2018040816500318230","price":47}
2018-04-08 16:53:20 {"merchant_id":"1499456762","key":"","authCode":"134549212042778542","order_sn":"2018040816532011622","price":40}
2018-04-08 16:54:01 {"merchant_id":"1499456762","key":"","authCode":"134778215856801675","order_sn":"2018040816540142593","price":35}
2018-04-08 17:01:26 {"merchant_id":"1499456762","key":"","authCode":"134631425703885009","order_sn":"2018040817012668173","price":5}
2018-04-08 17:05:17 {"merchant_id":"1499456762","key":"","authCode":"134551839253078306","order_sn":"2018040817051772983","price":26}
2018-04-08 17:23:05 {"merchant_id":"1499456762","key":"","authCode":"135134436766124329","order_sn":"2018040817230588874","price":20}
2018-04-08 17:24:31 {"merchant_id":"1499456762","key":"","authCode":"135192323054981207","order_sn":"2018040817243035634","price":16}
2018-04-08 17:25:52 {"merchant_id":"1499456762","key":"","authCode":"134598757992375057","order_sn":"2018040817255282862","price":10}
2018-04-08 17:28:05 {"merchant_id":"1499456762","key":"","authCode":"134667340888879843","order_sn":"2018040817280441767","price":20}
2018-04-08 17:36:48 {"merchant_id":"1499456762","key":"","authCode":"135032672188901866","order_sn":"2018040817364894911","price":24}
2018-04-08 17:37:00 {"merchant_id":"1499456762","key":"","authCode":"135090338983824993","order_sn":"2018040817370094295","price":24}
2018-04-08 17:37:39 {"merchant_id":"1499456762","key":"","authCode":"135067806125343101","order_sn":"2018040817373917584","price":24}
2018-04-08 17:42:54 {"merchant_id":"1499456762","key":"","authCode":"134998408217102765","order_sn":"2018040817425464650","price":53}
2018-04-08 17:42:55 {"merchant_id":"1499456762","key":"","authCode":"134533553452094640","order_sn":"2018040817425543917","price":15}
2018-04-08 17:44:41 {"merchant_id":"1499456762","key":"","authCode":"135023139664653228","order_sn":"2018040817444188255","price":20}
2018-04-08 17:54:54 {"merchant_id":"1499456762","key":"","authCode":"134744357598673625","order_sn":"2018040817545456813","price":26}
2018-04-08 17:56:25 {"merchant_id":"1499456762","key":"","authCode":"134877485345759603","order_sn":"2018040817562514319","price":28}
2018-04-08 17:56:48 {"merchant_id":"1499456762","key":"","authCode":"134987254284398795","order_sn":"2018040817564863089","price":15}
2018-04-08 18:02:36 {"merchant_id":"1499456762","key":"","authCode":"134543930756871894","order_sn":"2018040818023642504","price":25}
2018-04-08 18:11:29 {"merchant_id":"1499456762","key":"","authCode":"134722172716960853","order_sn":"2018040818110345647","price":31.5}
2018-04-08 18:12:23 {"merchant_id":"1499456762","key":"","authCode":"134622504432672240","order_sn":"2018040818121239808","price":31.5}
2018-04-08 18:14:24 {"merchant_id":"1499456762","key":"","authCode":"134658992097094822","order_sn":"2018040818140641270","price":16}
2018-04-08 18:14:26 {"merchant_id":"1499456762","key":"","authCode":"134519302984332548","order_sn":"2018040818142534216","price":31.5}
2018-04-08 18:15:06 {"merchant_id":"1499456762","key":"","authCode":"134617646501805622","order_sn":"2018040818150617977","price":23}
2018-04-08 18:18:05 {"merchant_id":"1499456762","key":"","authCode":"134777214100125087","order_sn":"2018040818180559724","price":42}
2018-04-08 18:19:22 {"merchant_id":"1499456762","key":"","authCode":"134580394254535769","order_sn":"2018040818192265882","price":7}
2018-04-08 18:22:35 {"merchant_id":"1486561492","key":"","authCode":"135650343322678418","order_sn":"2018040818223547291","price":0.01}
2018-04-08 18:23:17 {"merchant_id":"1486561492","key":"","authCode":"135774152104492950","order_sn":"2018040818231796080","price":0.01}
2018-04-08 18:24:02 {"merchant_id":"2088102994114256","key":"201801BB75b631d2867347be85e37ff89301bX25","authCode":"282571471150014106","order_sn":"2018040818240217858","price":0.01}
2018-04-08 18:24:02 {"app_id":"2017071207730667","method":"alipay.trade.pay","charset":"utf-8","sign_type":"RSA","app_auth_token":"201801BB75b631d2867347be85e37ff89301bX25","timestamp":"2018-04-08 18:24:02","version":"1.0","biz_content":"{\"out_trade_no\":\"2018040818240217858\",\"scene\":\"bar_code\",\"auth_code\":\"282571471150014106\",\"subject\":\"\\u8ba2\\u5355\\u53f7:2018040818240217858\",\"seller_id\":\"2088102994114256\",\"total_amount\":0.01,\"extend_params\":{\"sys_service_provider_id\":\"2088721521881652\"}}","sign":"So7SpZybYb0MhWZlgFJCHHSXZko8WWbhdHV3TNbQPtNLHF47BVvfvCheMnNGBKOf1hLQNdEDWNdjoKw3RZq6QUzJKHdNJ9guIDnK3QQSJGjUKjPbC9nDuzLC5DyeHWAjhobpiq24NiPDfXyE5FaDsv5HYjSkTgtm1lx4RxZtTlI="}
2018-04-08 18:24:03 {"alipay_trade_pay_response":{"code":"10000","msg":"Success","buyer_logon_id":"180****8556","buyer_pay_amount":"0.01","buyer_user_id":"2088822474639375","fund_bill_list":[{"amount":"0.01","fund_channel":"ALIPAYACCOUNT"}],"gmt_payment":"2018-04-08 18:24:03","invoice_amount":"0.01","out_trade_no":"2018040818240217858","point_amount":"0.00","receipt_amount":"0.01","total_amount":"0.01","trade_no":"2018040821001004370546115088"},"sign":"qzPLwWosBMt01u3weeegggyMpzjDoOxMc0vKn0nhkhYU9JipceNmUWOI+44UjNmRt4LjIEiNwzrdB2yJQzrxMUWhWdLOA9qsymsQuqbEcsyLMgt0WCJPkAZwsDpJ3SdOLKtCxVmmcQY+yHcWSGIRtVqS0eRdLveFCOYtiIyYF9k="}
2018-04-08 18:27:40 {"merchant_id":"1499456762","key":"","authCode":"135321580603092724","order_sn":"2018040818274040912","price":143}
2018-04-08 18:31:55 {"merchant_id":"1499456762","key":"","authCode":"134658729306831176","order_sn":"2018040818315566522","price":46}
2018-04-08 18:32:29 {"merchant_id":"1499456762","key":"","authCode":"134637534209140525","order_sn":"2018040818322982799","price":18}
2018-04-08 18:36:09 {"merchant_id":"1499456762","key":"","authCode":"134797391870910157","order_sn":"2018040818360947493","price":24}
2018-04-08 18:53:51 {"merchant_id":"1499456762","key":"","authCode":"134560683832868936","order_sn":"2018040818535154170","price":16.5}
2018-04-08 18:57:19 {"merchant_id":"1499456762","key":"","authCode":"134740699118850611","order_sn":"2018040818571977812","price":28.5}
2018-04-08 19:04:42 {"merchant_id":"1499456762","key":"","authCode":"135463327674899622","order_sn":"2018040819044219745","price":28}
2018-04-08 19:07:43 {"merchant_id":"1499456762","key":"","authCode":"134604945593984954","order_sn":"2018040819074384470","price":44}
2018-04-08 19:09:43 {"merchant_id":"1499456762","key":"","authCode":"134906839562215015","order_sn":"2018040819094353839","price":15}
2018-04-08 19:36:54 {"merchant_id":"1499456762","key":"","authCode":"134627430793379122","order_sn":"2018040819365468025","price":20}
2018-04-08 19:37:17 {"merchant_id":"1499456762","key":"","authCode":"136154724738184486","order_sn":"2018040819371782411","price":40}
2018-04-08 19:38:15 {"merchant_id":"1499456762","key":"","authCode":"134671600266432856","order_sn":"2018040819381562680","price":17}
2018-04-08 19:42:21 {"merchant_id":"1499456762","key":"","authCode":"134866878527634500","order_sn":"2018040819422181379","price":55.5}
2018-04-08 19:45:52 {"merchant_id":"1499456762","key":"","authCode":"134538965726710359","order_sn":"2018040819455298480","price":34}
2018-04-08 19:48:34 {"merchant_id":"1499456762","key":"","authCode":"134897406410433773","order_sn":"2018040819483482353","price":14}
2018-04-08 19:50:54 {"merchant_id":"1499456762","key":"","authCode":"134643585706248789","order_sn":"2018040819505489156","price":18}
2018-04-08 19:51:05 {"merchant_id":"1499456762","key":"","authCode":"134589844430327532","order_sn":"2018040819510549794","price":12}
2018-04-08 19:58:49 {"merchant_id":"1499456762","key":"","authCode":"135020041235181789","order_sn":"2018040819584984457","price":25}
2018-04-08 20:01:16 {"merchant_id":"1499456762","key":"","authCode":"134684257522597254","order_sn":"2018040820011649519","price":16}
2018-04-08 20:01:59 {"merchant_id":"1499456762","key":"","authCode":"134807179977522823","order_sn":"2018040820015931624","price":16}
2018-04-08 20:04:15 {"merchant_id":"1499456762","key":"","authCode":"135061900495441565","order_sn":"2018040820041556885","price":23}
2018-04-08 20:06:06 {"merchant_id":"1499456762","key":"","authCode":"134908962020029769","order_sn":"2018040820060691869","price":15}
2018-04-08 20:16:14 {"merchant_id":"1499456762","key":"","authCode":"134531258952269064","order_sn":"2018040820161498261","price":23}
2018-04-08 20:18:22 {"merchant_id":"1499456762","key":"","authCode":"135025320395688711","order_sn":"2018040820182196828","price":22}
2018-04-08 20:18:32 {"merchant_id":"1499456762","key":"","authCode":"134713368826442985","order_sn":"2018040820183288014","price":28}
2018-04-08 20:18:49 {"merchant_id":"1499456762","key":"","authCode":"134904818499876093","order_sn":"2018040820184944242","price":20}
2018-04-08 20:19:16 {"merchant_id":"1499456762","key":"","authCode":"134648687108117853","order_sn":"2018040820191642687","price":46}
2018-04-08 20:20:33 {"merchant_id":"1499456762","key":"","authCode":"134657199325926509","order_sn":"2018040820203389534","price":15}
2018-04-08 20:24:51 {"merchant_id":"1499456762","key":"","authCode":"134597947767875304","order_sn":"2018040820245190428","price":20}
2018-04-08 20:28:04 {"merchant_id":"1499456762","key":"","authCode":"134879529794749916","order_sn":"2018040820280448113","price":15}
2018-04-08 20:32:23 {"merchant_id":"2088822285099072","key":"201710BBaa55e11a995b41488709d94fe3bfbX07","authCode":"280936790944009370","order_sn":"2018040820322353819","price":100}
2018-04-08 20:32:23 {"app_id":"2017071207730667","method":"alipay.trade.pay","charset":"utf-8","sign_type":"RSA","app_auth_token":"201710BBaa55e11a995b41488709d94fe3bfbX07","timestamp":"2018-04-08 20:32:23","version":"1.0","biz_content":"{\"out_trade_no\":\"2018040820322353819\",\"scene\":\"bar_code\",\"auth_code\":\"280936790944009370\",\"subject\":\"\\u8ba2\\u5355\\u53f7:2018040820322353819\",\"seller_id\":\"2088822285099072\",\"total_amount\":100,\"extend_params\":{\"sys_service_provider_id\":\"2088721521881652\"}}","sign":"UFCkt6BxEFJk3zL1U0h1pwFG5yh+0JitDx9JdBWFvXsGXs5cXyVb6oLHOIx+IxcaKd9GZvxUbUDviKA7b5AvjJji5ixNHMpxr+joTGmxvumE+ClUWm2FZghIk7bUqRLqWzHbxI4uvsm5mHWmWuYkwrvfz9uUuHV\/z7vzg3GiGkE="}
2018-04-08 20:32:24 {"alipay_trade_pay_response":{"code":"10000","msg":"Success","buyer_logon_id":"153****0822","buyer_pay_amount":"100.00","buyer_user_id":"2088422543395533","fund_bill_list":[{"amount":"100.00","fund_channel":"PCREDIT"}],"gmt_payment":"2018-04-08 20:32:24","invoice_amount":"100.00","out_trade_no":"2018040820322353819","point_amount":"0.00","receipt_amount":"100.00","total_amount":"100.00","trade_no":"2018040821001004530503976967"},"sign":"l82ODpV/D3D1rStJ2oju/fGNBd4FQ1Rky1brxDebd8TYHiBYwvn5epYaXkje3kTLj5xjV2NZAVV1lc7JBVmYONsun9nwOnsZW6vRO9e3mh4hEw2eCNxcKH2cZ9htlnsLtGCtjssHkV+fVDiexHhuu4R0Wxc/K/O7Pq5lvC6kdbk="}
2018-04-08 20:50:05 {"merchant_id":"1490350062","key":"","authCode":"134729934406341849","order_sn":"2018040820500588438","price":300}
2018-04-08 21:12:58 {"merchant_id":"1499456762","key":"","authCode":"134884546846789368","order_sn":"2018040821125877150","price":33}
2018-04-08 21:34:46 {"merchant_id":"1499456762","key":"","authCode":"134724896937996251","order_sn":"2018040821344648216","price":15}
2018-04-08 21:54:27 {"merchant_id":"2088821827997030","key":"201711BBc699bef5cde842dba6fa5c6bdc706A03","authCode":"287918756904687498","order_sn":"2018040821541750586","price":400}
2018-04-08 21:54:29 {"app_id":"2017071207730667","method":"alipay.trade.pay","charset":"utf-8","sign_type":"RSA","app_auth_token":"201711BBc699bef5cde842dba6fa5c6bdc706A03","timestamp":"2018-04-08 21:54:28","version":"1.0","biz_content":"{\"out_trade_no\":\"2018040821541750586\",\"scene\":\"bar_code\",\"auth_code\":\"287918756904687498\",\"subject\":\"\\u8ba2\\u5355\\u53f7:2018040821541750586\",\"seller_id\":\"2088821827997030\",\"total_amount\":400,\"extend_params\":{\"sys_service_provider_id\":\"2088721521881652\"}}","sign":"KBKklJhVwl9YNV5EfWsBZLmAomvDz7SPz4VbvJqdwUD8iYvSedMnn20bgtrnI39vkBKZxqaRVZ\/S8KiHJQgfpAoDpkW5iF3sn8dboG6Kh6FwQsfo4sXP\/TQnD\/lTFcebMdrD+CBhiC0YG8TR8VJGmWOa1weVo4oXUBRs7NLd6BY="}
2018-04-08 21:55:27 {"alipay_trade_pay_response":{"code":"10003","msg":" order success pay inprocess","buyer_logon_id":"155****8888","buyer_pay_amount":"0.00","buyer_user_id":"2088522067627902","invoice_amount":"0.00","out_trade_no":"2018040821541750586","point_amount":"0.00","receipt_amount":"0.00","total_amount":"400.00","trade_no":"2018040821001004900501184976"},"sign":"gLZJo2A11FgUJAFV2xDbUABP3foRDq+g+nt6BtJ8OlITgMfhDKa7u5O1CB6yVZ/1Is8fZt3p7I+fx+vd0eu3oo7JtBXQfBoe0kLPc3w6iNjb9F+Oba5k4vQTEkrcnVf7hubigxIoL2vZdiOTRyAtm5i14jwKjJ2aI4m4kT/XtBE="}
2018-04-08 21:55:43 {"alipay_trade_query_response":{"code":"10000","msg":"Success","buyer_logon_id":"155****8888","buyer_pay_amount":"0.00","buyer_user_id":"2088522067627902","invoice_amount":"0.00","out_trade_no":"2018040821541750586","point_amount":"0.00","receipt_amount":"0.00","total_amount":"400.00","trade_no":"2018040821001004900501184976","trade_status":"WAIT_BUYER_PAY"},"sign":"DPWsv2OlkKfJd73/eqAwuOG2YzX7IMdntt4ZyiRoedFe/yZ8QXAf9HNBH2mUxgZnZ2mPRdtsBpV+VGPsThwwEu4yZBdDiArCCF0Xb7PBZ7GAfTgoSZ9yJiEUVjF+cr2dPvcZ2DE3f8nZ7apznaGROVROWEmMf68gOgejLop9/vw="}
2018-04-08 21:56:06 {"merchant_id":"1493159782","key":"","authCode":"134778593234599996","order_sn":"2018040821555211079","price":300}
2018-04-08 21:56:11 {"alipay_trade_query_response":{"code":"10000","msg":"Success","buyer_logon_id":"155****8888","buyer_pay_amount":"0.00","buyer_user_id":"2088522067627902","invoice_amount":"0.00","out_trade_no":"2018040821541750586","point_amount":"0.00","receipt_amount":"0.00","total_amount":"400.00","trade_no":"2018040821001004900501184976","trade_status":"WAIT_BUYER_PAY"},"sign":"DPWsv2OlkKfJd73/eqAwuOG2YzX7IMdntt4ZyiRoedFe/yZ8QXAf9HNBH2mUxgZnZ2mPRdtsBpV+VGPsThwwEu4yZBdDiArCCF0Xb7PBZ7GAfTgoSZ9yJiEUVjF+cr2dPvcZ2DE3f8nZ7apznaGROVROWEmMf68gOgejLop9/vw="}
2018-04-08 21:56:31 {"alipay_trade_query_response":{"code":"10000","msg":"Success","buyer_logon_id":"155****8888","buyer_pay_amount":"0.00","buyer_user_id":"2088522067627902","invoice_amount":"0.00","out_trade_no":"2018040821541750586","point_amount":"0.00","receipt_amount":"0.00","total_amount":"400.00","trade_no":"2018040821001004900501184976","trade_status":"WAIT_BUYER_PAY"},"sign":"DPWsv2OlkKfJd73/eqAwuOG2YzX7IMdntt4ZyiRoedFe/yZ8QXAf9HNBH2mUxgZnZ2mPRdtsBpV+VGPsThwwEu4yZBdDiArCCF0Xb7PBZ7GAfTgoSZ9yJiEUVjF+cr2dPvcZ2DE3f8nZ7apznaGROVROWEmMf68gOgejLop9/vw="}
2018-04-08 21:56:51 {"alipay_trade_query_response":{"code":"10000","msg":"Success","buyer_logon_id":"155****8888","buyer_pay_amount":"0.00","buyer_user_id":"2088522067627902","invoice_amount":"0.00","out_trade_no":"2018040821541750586","point_amount":"0.00","receipt_amount":"0.00","total_amount":"400.00","trade_no":"2018040821001004900501184976","trade_status":"WAIT_BUYER_PAY"},"sign":"DPWsv2OlkKfJd73/eqAwuOG2YzX7IMdntt4ZyiRoedFe/yZ8QXAf9HNBH2mUxgZnZ2mPRdtsBpV+VGPsThwwEu4yZBdDiArCCF0Xb7PBZ7GAfTgoSZ9yJiEUVjF+cr2dPvcZ2DE3f8nZ7apznaGROVROWEmMf68gOgejLop9/vw="}
2018-04-08 21:57:19 {"alipay_trade_query_response":{"code":"10000","msg":"Success","buyer_logon_id":"155****8888","buyer_pay_amount":"0.00","buyer_user_id":"2088522067627902","invoice_amount":"0.00","out_trade_no":"2018040821541750586","point_amount":"0.00","receipt_amount":"0.00","total_amount":"400.00","trade_no":"2018040821001004900501184976","trade_status":"WAIT_BUYER_PAY"},"sign":"DPWsv2OlkKfJd73/eqAwuOG2YzX7IMdntt4ZyiRoedFe/yZ8QXAf9HNBH2mUxgZnZ2mPRdtsBpV+VGPsThwwEu4yZBdDiArCCF0Xb7PBZ7GAfTgoSZ9yJiEUVjF+cr2dPvcZ2DE3f8nZ7apznaGROVROWEmMf68gOgejLop9/vw="}
2018-04-08 21:57:38 {"alipay_trade_query_response":{"code":"10000","msg":"Success","buyer_logon_id":"155****8888","buyer_pay_amount":"0.00","buyer_user_id":"2088522067627902","invoice_amount":"0.00","out_trade_no":"2018040821541750586","point_amount":"0.00","receipt_amount":"0.00","total_amount":"400.00","trade_no":"2018040821001004900501184976","trade_status":"WAIT_BUYER_PAY"},"sign":"DPWsv2OlkKfJd73/eqAwuOG2YzX7IMdntt4ZyiRoedFe/yZ8QXAf9HNBH2mUxgZnZ2mPRdtsBpV+VGPsThwwEu4yZBdDiArCCF0Xb7PBZ7GAfTgoSZ9yJiEUVjF+cr2dPvcZ2DE3f8nZ7apznaGROVROWEmMf68gOgejLop9/vw="}
2018-04-08 21:57:39 {"merchant_id":"1493159782","key":"","authCode":"134577519265746866","order_sn":"2018040821572293838","price":300}
2018-04-08 21:58:03 {"alipay_trade_query_response":{"code":"10000","msg":"Success","buyer_logon_id":"155****8888","buyer_pay_amount":"0.00","buyer_user_id":"2088522067627902","invoice_amount":"0.00","out_trade_no":"2018040821541750586","point_amount":"0.00","receipt_amount":"0.00","total_amount":"400.00","trade_no":"2018040821001004900501184976","trade_status":"WAIT_BUYER_PAY"},"sign":"DPWsv2OlkKfJd73/eqAwuOG2YzX7IMdntt4ZyiRoedFe/yZ8QXAf9HNBH2mUxgZnZ2mPRdtsBpV+VGPsThwwEu4yZBdDiArCCF0Xb7PBZ7GAfTgoSZ9yJiEUVjF+cr2dPvcZ2DE3f8nZ7apznaGROVROWEmMf68gOgejLop9/vw="}
2018-04-08 21:58:37 {"alipay_trade_query_response":{"code":"10000","msg":"Success","buyer_logon_id":"155****8888","buyer_pay_amount":"0.00","buyer_user_id":"2088522067627902","invoice_amount":"0.00","out_trade_no":"2018040821541750586","point_amount":"0.00","receipt_amount":"0.00","total_amount":"400.00","trade_no":"2018040821001004900501184976","trade_status":"TRADE_CLOSED"},"sign":"SaxsYIe/xgy9HRbYteQO9hZszFxv4AdpxLmn5BsbxXqgOQ6lTQJcX5qPX9FgqwUlTYnjcuh5ufr6zSCd+oKfoXBYV+Gl1Rn/y6vbpmwSABnQ3NcDgJl6L7e5dWnMr26Q4IQLO3SH9VMKxQcDngmfm9RdIDD1ZFape10cy6dH+R8="}
2018-04-08 21:59:08 {"merchant_id":"1493159782","key":"","authCode":"134664684630521294","order_sn":"2018040821585525072","price":300}
2018-04-08 21:59:14 {"merchant_id":"1499456762","key":"","authCode":"134562107019610216","order_sn":"2018040821590058406","price":38}
2018-04-08 22:00:29 {"merchant_id":"2088821827997030","key":"201711BBc699bef5cde842dba6fa5c6bdc706A03","authCode":"286511555507547778","order_sn":"2018040822001314881","price":100}
2018-04-08 22:00:31 {"app_id":"2017071207730667","method":"alipay.trade.pay","charset":"utf-8","sign_type":"RSA","app_auth_token":"201711BBc699bef5cde842dba6fa5c6bdc706A03","timestamp":"2018-04-08 22:00:30","version":"1.0","biz_content":"{\"out_trade_no\":\"2018040822001314881\",\"scene\":\"bar_code\",\"auth_code\":\"286511555507547778\",\"subject\":\"\\u8ba2\\u5355\\u53f7:2018040822001314881\",\"seller_id\":\"2088821827997030\",\"total_amount\":100,\"extend_params\":{\"sys_service_provider_id\":\"2088721521881652\"}}","sign":"KpzL6RpgJlw8ny1t5aIw\/Y38XdEkCrT3tZKdMs8Of1QKSsusaWRFsIrBQ\/lzMSGz8FpFjMy0J9ZtMfIcAjq5gMuJHGBgMg1CLcMKWCbO7GFhSMgW6UNK+CsGJPLgy61pwrvqqVJNFyI9eeHidTpqWllBKJBJsFhed2a48v12w3k="}
2018-04-08 22:00:56 {"merchant_id":"1499456762","key":"","authCode":"134757133812877933","order_sn":"2018040822003564962","price":38}
2018-04-08 22:01:13 {"alipay_trade_pay_response":{"code":"10000","msg":"Success","buyer_logon_id":"155****8888","buyer_pay_amount":"100.00","buyer_user_id":"2088522067627902","fund_bill_list":[{"amount":"100.00","fund_channel":"PCREDIT"}],"gmt_payment":"2018-04-08 22:01:08","invoice_amount":"100.00","out_trade_no":"2018040822001314881","point_amount":"0.00","receipt_amount":"100.00","total_amount":"100.00","trade_no":"2018040821001004900599772419"},"sign":"L+UqaQ1l9fAZoo0yuO7rFqultNkg7rY/j1Vm1F/KeZGrS6E6lwVjbr7l7ZLTmP/Dpaj39KW5zJLS8UcTCrFxdUpUMtI8lW4VT/QTV8OkklnSkkdj+jyAEwWQp7N2JXE/8zHmag2q8T3LORX2xaDPeiTqQaI/7Z8kIaF1JHOuXGo="}
2018-04-08 22:02:09 {"merchant_id":"1499456762","key":"","authCode":"134614410818192901","order_sn":"2018040822015884084","price":38}
2018-04-08 22:02:09 {"merchant_id":"1493159782","key":"","authCode":"134553302013124741","order_sn":"2018040822015811871","price":300}
2018-04-08 22:06:51 {"merchant_id":"1493159782","key":"","authCode":"134762841971473580","order_sn":"2018040822063850402","price":400}
2018-04-08 22:07:56 {"merchant_id":"1493159782","key":"","authCode":"134728658338449048","order_sn":"2018040822075212867","price":400}
2018-04-08 22:12:23 {"merchant_id":"1486561492","key":"","authCode":"134539306220965163","order_sn":"2018040822122210622","price":0.01}
2018-04-08 22:37:07 {"merchant_id":"1486561492","key":"","authCode":"134535513223146951","order_sn":"2018040822370739274","price":0.01}
2018-04-08 22:37:31 {"merchant_id":"2088102994114256","key":"201801BB75b631d2867347be85e37ff89301bX25","authCode":"281261270840983186","order_sn":"2018040822373143754","price":0.01}
2018-04-08 22:37:31 {"app_id":"2017071207730667","method":"alipay.trade.pay","charset":"utf-8","sign_type":"RSA","app_auth_token":"201801BB75b631d2867347be85e37ff89301bX25","timestamp":"2018-04-08 22:37:31","version":"1.0","biz_content":"{\"out_trade_no\":\"2018040822373143754\",\"scene\":\"bar_code\",\"auth_code\":\"281261270840983186\",\"subject\":\"\\u8ba2\\u5355\\u53f7:2018040822373143754\",\"seller_id\":\"2088102994114256\",\"total_amount\":0.01,\"extend_params\":{\"sys_service_provider_id\":\"2088721521881652\"}}","sign":"Rgl7RReQGHcDwiC6o2E4ZR6Ol8OB2brRQnVz4H\/yD5sUPDufCs7Iho8ZU5GUNqilbpEK\/RVpHzjfkfuhQJDPWep9pLjlBAdui0Y\/0jpax87QvtvPc0\/tnc1Clwu0bjRww16ZVZbkCG8xq1a+Ugo8zzUdLkNNsMzoZQ8P2Yz9VMc="}
2018-04-08 22:37:32 {"alipay_trade_pay_response":{"code":"10000","msg":"Success","buyer_logon_id":"180****8556","buyer_pay_amount":"0.01","buyer_user_id":"2088822474639375","fund_bill_list":[{"amount":"0.01","fund_channel":"ALIPAYACCOUNT"}],"gmt_payment":"2018-04-08 22:37:32","invoice_amount":"0.01","out_trade_no":"2018040822373143754","point_amount":"0.00","receipt_amount":"0.01","total_amount":"0.01","trade_no":"2018040821001004370546463700"},"sign":"R7Otk7IoScuncCAv77rNd2fmHzPQtte0eKrcZAe2kkX4yejD3f0q1qw15wC0yI0TsX0piPoSWZOsxsO8me34B9CyIfo8O5IznBu6t5iLvmg2AZbSzpQr2q6KrA3C7q0YoNdacGBTyeLIKlqWfkgEEL01iLoUtFsDK2eSGppyBxM="}
2018-04-08 22:39:03 {"merchant_id":"1490350062","key":"","authCode":"135606943834469476","order_sn":"2018040822390397476","price":158}
2018-04-08 22:55:47 {"merchant_id":"1490350062","key":"","authCode":"134766367788708050","order_sn":"2018040822554763629","price":100}
2018-04-08 22:56:57 {"merchant_id":"1490350062","key":"","authCode":"134554167085617221","order_sn":"2018040822565738526","price":300}
2018-04-08 23:48:35 {"merchant_id":"1490350062","key":"","authCode":"135327760766614823","order_sn":"2018040823483543054","price":100}
