2018-04-23 07:55:12 {"merchant_id":"1499456762","key":"","authCode":"135125990180961785","order_sn":"2018042307551283145","price":15}

2018-04-23 08:04:11 {"merchant_id":"1499456762","key":"","authCode":"135201336575896247","order_sn":"2018042308041167556","price":18}

2018-04-23 08:55:08 {"merchant_id":"1499456762","key":"","authCode":"134614203239804591","order_sn":"2018042308550846293","price":6}

2018-04-23 09:30:47 {"merchant_id":"1499456762","key":"","authCode":"135028580308358940","order_sn":"2018042309304776338","price":20.5}

2018-04-23 09:33:13 {"merchant_id":"1499456762","key":"","authCode":"134612149634631798","order_sn":"2018042309331360011","price":16}

2018-04-23 09:41:12 {"merchant_id":"1499456762","key":"","authCode":"134985398379132102","order_sn":"2018042309411293414","price":9.5}

2018-04-23 09:48:20 {"merchant_id":"1499456762","key":"","authCode":"134976091898139839","order_sn":"2018042309482042317","price":17}

2018-04-23 09:54:20 {"merchant_id":"1499456762","key":"","authCode":"134768006273679527","order_sn":"2018042309542093026","price":17.5}

2018-04-23 09:59:22 {"merchant_id":"1499456762","key":"","authCode":"134908607635467555","order_sn":"2018042309592216229","price":6}

2018-04-23 10:03:20 {"merchant_id":"1499456762","key":"","authCode":"135118783746336321","order_sn":"2018042310032078551","price":53}

2018-04-23 10:11:10 {"merchant_id":"1499456762","key":"","authCode":"134529832059027565","order_sn":"2018042310111084526","price":16}

2018-04-23 10:28:27 {"merchant_id":"1499456762","key":"","authCode":"134839405355852244","order_sn":"2018042310282758012","price":20}

2018-04-23 10:32:59 {"merchant_id":"1499456762","key":"","authCode":"134929471637128281","order_sn":"2018042310325926191","price":40}

2018-04-23 10:56:03 {"merchant_id":"1499456762","key":"","authCode":"134747219069903050","order_sn":"2018042310560368141","price":15}

2018-04-23 11:19:07 {"merchant_id":"1499456762","key":"","authCode":"134726861088329865","order_sn":"2018042311190730850","price":28.5}

2018-04-23 11:19:17 {"merchant_id":"2088822285099072","key":"201710BBaa55e11a995b41488709d94fe3bfbX07","authCode":"282124789334323963","order_sn":"2018042311191752531","price":100}

2018-04-23 11:19:17 {"app_id":"2017071207730667","method":"alipay.trade.pay","charset":"utf-8","sign_type":"RSA","app_auth_token":"201710BBaa55e11a995b41488709d94fe3bfbX07","timestamp":"2018-04-23 11:19:17","version":"1.0","biz_content":"{\"out_trade_no\":\"2018042311191752531\",\"scene\":\"bar_code\",\"auth_code\":\"282124789334323963\",\"subject\":\"\\u8ba2\\u5355\\u53f7:2018042311191752531\",\"seller_id\":\"2088822285099072\",\"total_amount\":100,\"extend_params\":{\"sys_service_provider_id\":\"2088721521881652\"}}","sign":"QoU58vUTnM8wCy8m2Qwy4jmCafetvo+Ts1oZhmHIb1Sy3oHaFZ7ASMnaCvAoxZ7\/IusH4PnnAqQ7TyD1qxWaaPcSlCnrIMbVLuiIQYHyP7sF3dEvNyeXSO9ulveMzouC\/brNyWdBj0nufCmiDINGE4wdZDT+ttR\/hC5xcYvwTIg="}

2018-04-23 11:19:19 {"alipay_trade_pay_response":{"code":"10000","msg":"Success","buyer_logon_id":"137****5601","buyer_pay_amount":"100.00","buyer_user_id":"2088722957767020","fund_bill_list":[{"amount":"100.00","fund_channel":"ALIPAYACCOUNT"}],"gmt_payment":"2018-04-23 11:19:19","invoice_amount":"100.00","out_trade_no":"2018042311191752531","point_amount":"0.00","receipt_amount":"100.00","total_amount":"100.00","trade_no":"2018042321001004020589861420"},"sign":"anwoYBCWBnSeMfYnR2MAIXimmBpBcYtyGGmt1KzaQ/n8CH9Felwxo5nDthedoWsJYF5jf6xyRdV5QuqW0Ss/QyMcy35ABkOD0HIGTwFkR+IxG0q6t+WN3b69Ez0ntoeB6UTZG0FM/prCPXXHvK1Z/EKzzG/rUMnmMddJSwIi248="}

2018-04-23 11:20:35 {"merchant_id":"1499456762","key":"","authCode":"134677796158526394","order_sn":"2018042311203582636","price":12}

2018-04-23 11:45:31 {"merchant_id":"1499456762","key":"","authCode":"134908035541841649","order_sn":"2018042311453165140","price":58}

2018-04-23 11:49:16 {"merchant_id":"1499456762","key":"","authCode":"134732465452749357","order_sn":"2018042311491684153","price":7}

2018-04-23 11:59:14 {"merchant_id":"1499456762","key":"","authCode":"134715765111162843","order_sn":"2018042311591421816","price":15}

2018-04-23 12:12:55 {"merchant_id":"1499456762","key":"","authCode":"135246026748943319","order_sn":"2018042312125555672","price":15}

2018-04-23 12:13:10 {"merchant_id":"1499456762","key":"","authCode":"134544980943945871","order_sn":"2018042312131059972","price":8}

2018-04-23 12:17:42 {"merchant_id":"1490350062","key":"","authCode":"134948610424253556","order_sn":"2018042312174286798","price":200}

2018-04-23 12:38:56 {"merchant_id":"1499456762","key":"","authCode":"134607312004288701","order_sn":"2018042312385612697","price":11}

2018-04-23 12:42:42 {"merchant_id":"2088822285099072","key":"201710BBaa55e11a995b41488709d94fe3bfbX07","authCode":"288243513165020328","order_sn":"2018042312424215747","price":4}

2018-04-23 12:42:42 {"app_id":"2017071207730667","method":"alipay.trade.pay","charset":"utf-8","sign_type":"RSA","app_auth_token":"201710BBaa55e11a995b41488709d94fe3bfbX07","timestamp":"2018-04-23 12:42:42","version":"1.0","biz_content":"{\"out_trade_no\":\"2018042312424215747\",\"scene\":\"bar_code\",\"auth_code\":\"288243513165020328\",\"subject\":\"\\u8ba2\\u5355\\u53f7:2018042312424215747\",\"seller_id\":\"2088822285099072\",\"total_amount\":4,\"extend_params\":{\"sys_service_provider_id\":\"2088721521881652\"}}","sign":"OFtUJGteytRhC+FT1R3A9pIoJ1cUlHcaxN9xwd4H\/Bxcr4JkfPoAFeIVORdfr7w9zllAfcr9tGXZEK0cEcbL3IWc5oUoNCtdXGeFEghtnDHts7SAbGo2EpZF2Zp3AasjMBivxA0NSDH0FuHDAcZ72SWD34A929LRZgi8pnMDEmk="}

2018-04-23 12:42:43 {"alipay_trade_pay_response":{"code":"10000","msg":"Success","buyer_logon_id":"188****8231","buyer_pay_amount":"4.00","buyer_user_id":"2088802825340864","fund_bill_list":[{"amount":"4.00","fund_channel":"PCREDIT"}],"gmt_payment":"2018-04-23 12:42:43","invoice_amount":"4.00","out_trade_no":"2018042312424215747","point_amount":"0.00","receipt_amount":"4.00","total_amount":"4.00","trade_no":"2018042321001004860562723546"},"sign":"F/9EZIuiO9it/fRC9YHP1LcKUz1uvYeWaJl5ifb4SpL5lgGixqw2tM7Mo9+UfhKHbxo55g5MWg67GHllHwfBq5SQfSCIsulV4KuTpfvj5k2bltWdgBh/o/9Xzu9lP+lE6X8ynvCICV/c3Z63yr8pVHzl1ecYATvKfjbtTB2sLic="}

2018-04-23 12:43:38 {"merchant_id":"1499456762","key":"","authCode":"134643406344835121","order_sn":"2018042312433811177","price":28}

2018-04-23 13:00:03 {"merchant_id":"1499456762","key":"","authCode":"135160427435630769","order_sn":"2018042313000378199","price":117}

2018-04-23 13:03:35 {"merchant_id":"1499456762","key":"","authCode":"134982024724349793","order_sn":"2018042313033440623","price":15}

2018-04-23 13:21:48 {"merchant_id":"1499456762","key":"","authCode":"134846027978356451","order_sn":"2018042313214844538","price":26}

2018-04-23 13:32:28 {"merchant_id":"1499456762","key":"","authCode":"135001427049152684","order_sn":"2018042313322867465","price":16}

2018-04-23 13:38:41 {"merchant_id":"1499456762","key":"","authCode":"134516333688941421","order_sn":"2018042313384126536","price":38}

2018-04-23 13:54:43 {"merchant_id":"1490350062","key":"","authCode":"134597702251464795","order_sn":"2018042313544338436","price":300}

2018-04-23 14:01:17 {"merchant_id":"1493159782","key":"","authCode":"134691748211862265","order_sn":"2018042314011727078","price":198}

2018-04-23 14:12:20 {"merchant_id":"1499456762","key":"","authCode":"134720078977200927","order_sn":"2018042314122029230","price":6}

2018-04-23 14:15:12 {"merchant_id":"1499456762","key":"","authCode":"134928134521992290","order_sn":"2018042314151259975","price":128}

2018-04-23 14:31:02 {"merchant_id":"1499456762","key":"","authCode":"134583692515036166","order_sn":"2018042314310246660","price":8}

2018-04-23 14:39:34 {"merchant_id":"1499456762","key":"","authCode":"135343355235326569","order_sn":"2018042314393459983","price":48}

2018-04-23 14:43:40 {"merchant_id":"1499456762","key":"","authCode":"134642678329406202","order_sn":"2018042314434018794","price":15}

2018-04-23 14:54:36 {"merchant_id":"1499456762","key":"","authCode":"134679371694210404","order_sn":"2018042314543677368","price":17}

2018-04-23 15:05:39 {"merchant_id":"1499456762","key":"","authCode":"135161910193071830","order_sn":"2018042315053979091","price":21}

2018-04-23 15:16:10 {"merchant_id":"1499456762","key":"","authCode":"135545692818112897","order_sn":"2018042315161068920","price":21.5}

2018-04-23 15:17:56 {"merchant_id":"1499456762","key":"","authCode":"134744542265504539","order_sn":"2018042315175629701","price":27}

2018-04-23 15:18:34 {"merchant_id":"1490350062","key":"","authCode":"135506718663172367","order_sn":"2018042315183430119","price":300}

2018-04-23 15:26:36 {"merchant_id":"1499456762","key":"","authCode":"134706292140247189","order_sn":"2018042315263632646","price":36}

2018-04-23 15:34:07 {"merchant_id":"1499456762","key":"","authCode":"134636238158473929","order_sn":"2018042315340786589","price":28}

2018-04-23 16:13:35 {"merchant_id":"1499456762","key":"","authCode":"134533620982585912","order_sn":"2018042316133598504","price":39}

2018-04-23 16:18:06 {"merchant_id":"1499456762","key":"","authCode":"134933525679099895","order_sn":"2018042316180625015","price":11}

2018-04-23 16:18:37 {"merchant_id":"1499456762","key":"","authCode":"134665380322111971","order_sn":"2018042316183751085","price":128}

2018-04-23 16:20:34 {"merchant_id":"1499456762","key":"","authCode":"134800643100844210","order_sn":"2018042316203439793","price":27}

2018-04-23 16:23:21 {"merchant_id":"1499456762","key":"","authCode":"134571145726251617","order_sn":"2018042316232173001","price":6}

2018-04-23 16:25:12 {"merchant_id":"1499456762","key":"","authCode":"134525734795739033","order_sn":"2018042316251225528","price":8.5}

2018-04-23 16:27:14 {"merchant_id":"1499456762","key":"","authCode":"134766775251360833","order_sn":"2018042316271488006","price":243}

2018-04-23 16:28:22 {"merchant_id":"1499456762","key":"","authCode":"135141084787841374","order_sn":"2018042316282284508","price":16}

2018-04-23 16:28:38 {"merchant_id":"1499456762","key":"","authCode":"134751873867904720","order_sn":"2018042316283868283","price":38}

2018-04-23 16:29:16 {"merchant_id":"1499456762","key":"","authCode":"134532067350597783","order_sn":"2018042316291690862","price":23}

2018-04-23 16:29:24 {"merchant_id":"1499456762","key":"","authCode":"134617728937602760","order_sn":"2018042316292451376","price":28}

2018-04-23 16:30:01 {"merchant_id":"1499456762","key":"","authCode":"134963003802612960","order_sn":"2018042316300121749","price":198}

2018-04-23 16:33:53 {"merchant_id":"1499456762","key":"","authCode":"134545924059834339","order_sn":"2018042316335342770","price":46}

2018-04-23 16:36:10 {"merchant_id":"1499456762","key":"","authCode":"134781521446156342","order_sn":"2018042316361099107","price":7}

2018-04-23 16:42:57 {"merchant_id":"1499456762","key":"","authCode":"134926852041821147","order_sn":"2018042316425738119","price":36}

2018-04-23 16:45:31 {"merchant_id":"1499456762","key":"","authCode":"134544139903688301","order_sn":"2018042316453167129","price":23}

2018-04-23 16:49:44 {"merchant_id":"1499456762","key":"","authCode":"134531976897158476","order_sn":"2018042316494337487","price":23}

2018-04-23 16:54:48 {"merchant_id":"1499456762","key":"","authCode":"135003786965480273","order_sn":"2018042316544844934","price":10}

2018-04-23 16:59:10 {"merchant_id":"1499456762","key":"","authCode":"134771305432502283","order_sn":"2018042316591048335","price":23}

2018-04-23 17:00:56 {"merchant_id":"1499456762","key":"","authCode":"134709373360824117","order_sn":"2018042317005618329","price":58.5}

2018-04-23 17:02:00 {"merchant_id":"1499456762","key":"","authCode":"134903507845531101","order_sn":"2018042317020013916","price":38}

2018-04-23 17:04:37 {"merchant_id":"1499456762","key":"","authCode":"134612631764211627","order_sn":"2018042317043731722","price":10}

2018-04-23 17:18:05 {"merchant_id":"1499456762","key":"","authCode":"134773490022867563","order_sn":"2018042317180579358","price":64}

2018-04-23 17:24:34 {"merchant_id":"1499456762","key":"","authCode":"134689165525385313","order_sn":"2018042317243496264","price":34}

2018-04-23 17:29:15 {"merchant_id":"1499456762","key":"","authCode":"134747214292824708","order_sn":"2018042317291576469","price":17}

2018-04-23 17:29:33 {"merchant_id":"1499456762","key":"","authCode":"134542127654983365","order_sn":"2018042317293317146","price":15}

2018-04-23 17:34:53 {"merchant_id":"1499456762","key":"","authCode":"134761225626840669","order_sn":"2018042317345333385","price":8}

2018-04-23 17:36:28 {"merchant_id":"1499456762","key":"","authCode":"134542279458825319","order_sn":"2018042317362828714","price":44}

2018-04-23 17:43:04 {"merchant_id":"1499456762","key":"","authCode":"134786895128541520","order_sn":"2018042317430435177","price":8}

2018-04-23 17:45:09 {"merchant_id":"1499456762","key":"","authCode":"134723681122991767","order_sn":"2018042317450972048","price":28}

2018-04-23 17:49:02 {"merchant_id":"1499456762","key":"","authCode":"134935530327482235","order_sn":"2018042317490274547","price":8}

2018-04-23 17:54:20 {"merchant_id":"1499456762","key":"","authCode":"134734169709589751","order_sn":"2018042317542074806","price":70}

2018-04-23 17:54:44 {"merchant_id":"1499456762","key":"","authCode":"134730356326043754","order_sn":"2018042317544419047","price":15}

2018-04-23 17:58:33 {"merchant_id":"1499456762","key":"","authCode":"134648072402170717","order_sn":"2018042317583335674","price":21.5}

2018-04-23 18:00:09 {"merchant_id":"1499456762","key":"","authCode":"134678809467887633","order_sn":"2018042318000946991","price":6.5}

2018-04-23 18:00:17 {"merchant_id":"2088821827997030","key":"201711BBc699bef5cde842dba6fa5c6bdc706A03","authCode":"285822153963018212","order_sn":"2018042318001710384","price":198}

2018-04-23 18:00:17 {"app_id":"2017071207730667","method":"alipay.trade.pay","charset":"utf-8","sign_type":"RSA","app_auth_token":"201711BBc699bef5cde842dba6fa5c6bdc706A03","timestamp":"2018-04-23 18:00:17","version":"1.0","biz_content":"{\"out_trade_no\":\"2018042318001710384\",\"scene\":\"bar_code\",\"auth_code\":\"285822153963018212\",\"subject\":\"\\u8ba2\\u5355\\u53f7:2018042318001710384\",\"seller_id\":\"2088821827997030\",\"total_amount\":198,\"extend_params\":{\"sys_service_provider_id\":\"2088721521881652\"}}","sign":"h77zBqefE0hE8DsqGx\/uwHdywNnDX2vEYmmaSL\/NxnDRYhwjMHw2WDckbKZ9cBqiDnqIxBtsMDLg9GdZVULIc0ASqoFEvm9R\/G4k3uQV+b0I9WLhHi9bKebcKvnsyuNzxzkb39WQMEMFNkGxAY32gHbIjsWpBpxS56vMirnLKC4="}

2018-04-23 18:00:19 {"alipay_trade_pay_response":{"code":"10000","msg":"Success","buyer_logon_id":"136****2676","buyer_pay_amount":"198.00","buyer_user_id":"2088602096268342","fund_bill_list":[{"amount":"198.00","fund_channel":"ALIPAYACCOUNT"}],"gmt_payment":"2018-04-23 18:00:19","invoice_amount":"198.00","out_trade_no":"2018042318001710384","point_amount":"0.00","receipt_amount":"198.00","total_amount":"198.00","trade_no":"2018042321001004340590455871"},"sign":"vBV/Jjb8iaQxKliriRh/Ztl3TvXoawaeHVxAW5UTGZxqrcUpF0lutKnE53gtrpBhdIzrwLKkiXVoHTAW03K9HcR2gW7GRGJRCI5YnWQcq7pgvJeVriUIthS2X7sjsNPC+839ubYMPi1mNOgRQd4mnXehlqoehOdWTtf0iFeFchw="}

2018-04-23 18:06:25 {"merchant_id":"1499456762","key":"","authCode":"134774569359783903","order_sn":"2018042318062530495","price":6}

2018-04-23 18:07:07 {"merchant_id":"1499456762","key":"","authCode":"134748034020151088","order_sn":"2018042318070771027","price":6}

2018-04-23 18:12:17 {"merchant_id":"1499456762","key":"","authCode":"134750313991440517","order_sn":"2018042318121675410","price":44}

2018-04-23 18:13:22 {"merchant_id":"1499456762","key":"","authCode":"134631962822818513","order_sn":"2018042318132225567","price":500}

2018-04-23 18:14:34 {"merchant_id":"1499456762","key":"","authCode":"134715217275166428","order_sn":"2018042318143494034","price":6}

2018-04-23 18:34:07 {"merchant_id":"1499456762","key":"","authCode":"134621903557544084","order_sn":"2018042318340788336","price":12}

2018-04-23 18:35:30 {"merchant_id":"1499456762","key":"","authCode":"134757639710443962","order_sn":"2018042318353012891","price":8}

2018-04-23 18:35:49 {"merchant_id":"1499456762","key":"","authCode":"134717034459611400","order_sn":"2018042318354881233","price":36}

2018-04-23 18:37:38 {"merchant_id":"1499456762","key":"","authCode":"134685541584947013","order_sn":"2018042318373878685","price":138}

2018-04-23 18:39:09 {"merchant_id":"1499456762","key":"","authCode":"134688503793546567","order_sn":"2018042318390910440","price":17}

2018-04-23 18:39:30 {"merchant_id":"1499456762","key":"","authCode":"134523014254829114","order_sn":"2018042318393074263","price":37}

2018-04-23 18:40:49 {"merchant_id":"1499456762","key":"","authCode":"135032016675713810","order_sn":"2018042318404951029","price":24}

2018-04-23 18:41:09 {"merchant_id":"1499456762","key":"","authCode":"134690030810705351","order_sn":"2018042318410937675","price":31}

2018-04-23 18:41:49 {"merchant_id":"1499456762","key":"","authCode":"135225916391315384","order_sn":"2018042318414964725","price":5}

2018-04-23 18:43:49 {"merchant_id":"1499456762","key":"","authCode":"134679694118763362","order_sn":"2018042318434989655","price":11}

2018-04-23 18:44:35 {"merchant_id":"1499456762","key":"","authCode":"134659402110525859","order_sn":"2018042318443543474","price":37}

2018-04-23 18:49:40 {"merchant_id":"1499456762","key":"","authCode":"134701830228210863","order_sn":"2018042318494021655","price":8}

2018-04-23 19:00:49 {"merchant_id":"1499456762","key":"","authCode":"134716973241879359","order_sn":"2018042319004928968","price":30}

2018-04-23 19:04:08 {"merchant_id":"1499456762","key":"","authCode":"134554835937776311","order_sn":"2018042319040884271","price":11}

2018-04-23 19:06:45 {"merchant_id":"1499456762","key":"","authCode":"134703302160344748","order_sn":"2018042319064585626","price":14}

2018-04-23 19:07:25 {"merchant_id":"1499456762","key":"","authCode":"134603004193085891","order_sn":"2018042319072552153","price":15}

2018-04-23 19:21:44 {"merchant_id":"1499456762","key":"","authCode":"134653844998475307","order_sn":"2018042319214435501","price":23.5}

2018-04-23 19:28:00 {"merchant_id":"2088822285099072","key":"201710BBaa55e11a995b41488709d94fe3bfbX07","authCode":"285396224131386968","order_sn":"2018042319280086498","price":158}

2018-04-23 19:28:00 {"app_id":"2017071207730667","method":"alipay.trade.pay","charset":"utf-8","sign_type":"RSA","app_auth_token":"201710BBaa55e11a995b41488709d94fe3bfbX07","timestamp":"2018-04-23 19:28:00","version":"1.0","biz_content":"{\"out_trade_no\":\"2018042319280086498\",\"scene\":\"bar_code\",\"auth_code\":\"285396224131386968\",\"subject\":\"\\u8ba2\\u5355\\u53f7:2018042319280086498\",\"seller_id\":\"2088822285099072\",\"total_amount\":158,\"extend_params\":{\"sys_service_provider_id\":\"2088721521881652\"}}","sign":"WFeYns+JfpfFu+KOIrMy6ADoJ75QvI3NzEMC1+pgvfX32hE85Jk5QhISNoN+j0xTsk0I29mS\/qCZhgqiUh7KLuKZhR6+C+OJSCfLW3OfjJlvRdMwqtMsVn\/UTIZQbPRVYnYh5PwGxHvzKDWKSO7QesoxvpLDqSC+zaQAGCV3Kls="}

2018-04-23 19:28:02 {"alipay_trade_pay_response":{"code":"10000","msg":"Success","buyer_logon_id":"181****9263","buyer_pay_amount":"158.00","buyer_user_id":"2088522763148181","fund_bill_list":[{"amount":"158.00","fund_channel":"ALIPAYACCOUNT"}],"gmt_payment":"2018-04-23 19:28:02","invoice_amount":"158.00","out_trade_no":"2018042319280086498","point_amount":"0.00","receipt_amount":"158.00","total_amount":"158.00","trade_no":"2018042321001004180579808842"},"sign":"EBfoFJL8m3nJF34V2Y62UNt/fsagqypUvbtmQ3GYWYdsbKlSK9/GrsqbDhOZCXIABPGfNBvZ7W8fWfpJlGw31YDrwPZelF+G8Y5w5L88FCZUQWcaPMGc3H0iyAzj7XvvdAEd2rjbtMCP+6mYnp4w1BcYF8jw375+SiJw4bQrm14="}

2018-04-23 19:31:00 {"merchant_id":"1499456762","key":"","authCode":"134753091442319725","order_sn":"2018042319310027290","price":11}

2018-04-23 19:32:43 {"merchant_id":"1499456762","key":"","authCode":"134531856626870049","order_sn":"2018042319324375129","price":31}

2018-04-23 19:33:48 {"merchant_id":"1490350062","key":"","authCode":"134542454359105501","order_sn":"2018042319334889225","price":150}

2018-04-23 19:35:31 {"merchant_id":"1499456762","key":"","authCode":"134511832883424173","order_sn":"2018042319353114150","price":8}

2018-04-23 19:36:20 {"merchant_id":"1499456762","key":"","authCode":"134664694583444789","order_sn":"2018042319362064998","price":6}

2018-04-23 19:38:48 {"merchant_id":"1499456762","key":"","authCode":"135602163825276698","order_sn":"2018042319384869130","price":12}

2018-04-23 19:53:39 {"merchant_id":"1499456762","key":"","authCode":"134951486981126845","order_sn":"2018042319533979528","price":17}

2018-04-23 19:59:27 {"merchant_id":"1499456762","key":"","authCode":"134717106353711275","order_sn":"2018042319592774047","price":8}

2018-04-23 20:00:55 {"merchant_id":"1499456762","key":"","authCode":"134694338340522460","order_sn":"2018042320005532807","price":11}

2018-04-23 20:11:44 {"merchant_id":"1499456762","key":"","authCode":"135031806545647262","order_sn":"2018042320114411057","price":31.5}

2018-04-23 20:14:09 {"merchant_id":"1490350062","key":"","authCode":"135051457951390172","order_sn":"2018042320140932121","price":300}

2018-04-23 20:14:14 {"merchant_id":"1499456762","key":"","authCode":"134781489766690381","order_sn":"2018042320141440659","price":32}

2018-04-23 20:16:19 {"merchant_id":"1499456762","key":"","authCode":"134685720147868817","order_sn":"2018042320161987324","price":16}

2018-04-23 20:16:50 {"merchant_id":"1499456762","key":"","authCode":"134616608519878356","order_sn":"2018042320165081653","price":108}

2018-04-23 20:17:47 {"merchant_id":"1499456762","key":"","authCode":"134712377442653282","order_sn":"2018042320174727912","price":23}

2018-04-23 20:30:11 {"merchant_id":"1499456762","key":"","authCode":"134602889372346269","order_sn":"2018042320301139886","price":24}

2018-04-23 20:31:17 {"merchant_id":"1499456762","key":"","authCode":"134761135947057321","order_sn":"2018042320311712064","price":47}

2018-04-23 20:32:16 {"merchant_id":"1499456762","key":"","authCode":"134733061886946860","order_sn":"2018042320321631947","price":258}

2018-04-23 20:32:50 {"merchant_id":"1499456762","key":"","authCode":"134711441336509638","order_sn":"2018042320325050855","price":12}

2018-04-23 20:37:23 {"merchant_id":"1499456762","key":"","authCode":"134601947464232768","order_sn":"2018042320372328058","price":22}

2018-04-23 20:37:37 {"merchant_id":"1499456762","key":"","authCode":"134725455323308920","order_sn":"2018042320373794881","price":16}

2018-04-23 20:39:01 {"merchant_id":"1499456762","key":"","authCode":"134649701781095811","order_sn":"2018042320390125757","price":22.5}

2018-04-23 20:39:26 {"merchant_id":"1499456762","key":"","authCode":"134622049042291359","order_sn":"2018042320392582979","price":6}

2018-04-23 20:42:46 {"merchant_id":"1499456762","key":"","authCode":"135024504251432952","order_sn":"2018042320424681292","price":12}

2018-04-23 20:48:26 {"merchant_id":"1499456762","key":"","authCode":"134999340505668388","order_sn":"2018042320482668233","price":29}

2018-04-23 21:00:32 {"merchant_id":"1499456762","key":"","authCode":"134534172473775030","order_sn":"2018042321003234791","price":300}

2018-04-23 21:02:04 {"merchant_id":"1499456762","key":"","authCode":"134766936207611597","order_sn":"2018042321020436064","price":12}

2018-04-23 21:03:30 {"merchant_id":"1499456762","key":"","authCode":"134538131647040500","order_sn":"2018042321033048424","price":31}

2018-04-23 21:04:07 {"merchant_id":"1499456762","key":"","authCode":"135565913151131639","order_sn":"2018042321040714043","price":30}

2018-04-23 21:17:08 {"merchant_id":"1499456762","key":"","authCode":"134650309537248734","order_sn":"2018042321170873014","price":28}

2018-04-23 21:24:00 {"merchant_id":"2088822285099072","key":"201710BBaa55e11a995b41488709d94fe3bfbX07","authCode":"281755092418616475","order_sn":"2018042321240072229","price":200}

2018-04-23 21:24:00 {"app_id":"2017071207730667","method":"alipay.trade.pay","charset":"utf-8","sign_type":"RSA","app_auth_token":"201710BBaa55e11a995b41488709d94fe3bfbX07","timestamp":"2018-04-23 21:24:00","version":"1.0","biz_content":"{\"out_trade_no\":\"2018042321240072229\",\"scene\":\"bar_code\",\"auth_code\":\"281755092418616475\",\"subject\":\"\\u8ba2\\u5355\\u53f7:2018042321240072229\",\"seller_id\":\"2088822285099072\",\"total_amount\":200,\"extend_params\":{\"sys_service_provider_id\":\"2088721521881652\"}}","sign":"HZ8ZYw+ftmxarVfz\/op4uQj66qa\/yXa1+7mwyPGSzpIw50iX0DGrO59PP0m5WY02CuxIooln9nEuD0kY5SNU9tv\/xszRA3TMK1eRiO35fmjUbrBYGzSGgfd1Hu+fUvrm\/3HVtL\/QkGAsPm6rbLhepdmvREzUjdFU826Ez19eJLw="}

2018-04-23 21:24:01 {"alipay_trade_pay_response":{"code":"10000","msg":"Success","buyer_logon_id":"125***@qq.com","buyer_pay_amount":"200.00","buyer_user_id":"2088112284683524","fund_bill_list":[{"amount":"200.00","fund_channel":"ALIPAYACCOUNT"}],"gmt_payment":"2018-04-23 21:24:01","invoice_amount":"200.00","out_trade_no":"2018042321240072229","point_amount":"0.00","receipt_amount":"200.00","total_amount":"200.00","trade_no":"2018042321001004520534820583"},"sign":"VMIvkh1ox8AR75FihjjcSKb+/u53+Y3KjHO2u4PXszRgmhF+CmVpLrzYGZMTgahd8S2EqX/VpCYOJWEMSsEDsbh1oBfCeW3BqhbrLayV6m/a/FShS5i7HoZw6862z+TFanGwdBKhwwgC2w3P0iP1gfOWz/EK4lzrV3LEhgUIuFo="}

2018-04-23 21:27:57 {"merchant_id":"1499456762","key":"","authCode":"135180212288345063","order_sn":"2018042321275723325","price":15}

2018-04-23 21:32:44 {"merchant_id":"1493159782","key":"","authCode":"134666902320104689","order_sn":"2018042321324432529","price":400}

2018-04-23 21:44:13 {"merchant_id":"1499456762","key":"","authCode":"134726408211053186","order_sn":"2018042321441360468","price":20}

2018-04-23 23:35:19 {"merchant_id":"2088822285099072","key":"201710BBaa55e11a995b41488709d94fe3bfbX07","authCode":"284536802715333195","order_sn":"2018042323351910840","price":2000}

2018-04-23 23:35:19 {"app_id":"2017071207730667","method":"alipay.trade.pay","charset":"utf-8","sign_type":"RSA","app_auth_token":"201710BBaa55e11a995b41488709d94fe3bfbX07","timestamp":"2018-04-23 23:35:19","version":"1.0","biz_content":"{\"out_trade_no\":\"2018042323351910840\",\"scene\":\"bar_code\",\"auth_code\":\"284536802715333195\",\"subject\":\"\\u8ba2\\u5355\\u53f7:2018042323351910840\",\"seller_id\":\"2088822285099072\",\"total_amount\":2000,\"extend_params\":{\"sys_service_provider_id\":\"2088721521881652\"}}","sign":"fZpikJAvLH5nA1lJLEDdfVd3v2LJp6oM8iMDxKffPlUEftUPuv5zNYdwEuRFBfOKovV1sR4OJTPkmWmvAPyLTWRVZEKlc\/2FXWc7P8Tv1GJnaUnV4EHjmNaZzesrcNThQWHcA8+8QqpPTM5D3YHv5fpdjVDl2+fKqOvuNZ7FSlY="}

2018-04-23 23:35:20 {"alipay_trade_pay_response":{"code":"10003","msg":" order success pay inprocess","buyer_logon_id":"426***@qq.com","buyer_pay_amount":"0.00","buyer_user_id":"2088002964468427","invoice_amount":"0.00","out_trade_no":"2018042323351910840","point_amount":"0.00","receipt_amount":"0.00","total_amount":"2000.00","trade_no":"2018042321001004420590647690"},"sign":"ERQ/y/5BHxURO6RKEQ2kpxwM9MEx1PS3sPFaW1F1pO+BN+7G7/7SFGewW4fo+5a42Bc/PzsruC4gg+8chW0pPb4khdQ7Idyc0aLlbp8NCGUZOopi63oy5YeaQIq5mSTNTtNuEzinunqQSxO7D+dlvF/X8hzXGsuYgUBGrgjT0LM="}

2018-04-23 23:35:20 {"alipay_trade_query_response":{"code":"10000","msg":"Success","buyer_logon_id":"426***@qq.com","buyer_pay_amount":"0.00","buyer_user_id":"2088002964468427","invoice_amount":"0.00","out_trade_no":"2018042323351910840","point_amount":"0.00","receipt_amount":"0.00","total_amount":"2000.00","trade_no":"2018042321001004420590647690","trade_status":"WAIT_BUYER_PAY"},"sign":"kGwUZWtatncOrtTqOd8EkXIZJE9BKslvURuiK9K3Cp9FHwByVyNfvXL02P0hzoKXZ5xnJya/d/AUWW56UksSGtoyM8urF4bjKZmUc6tvtWmUhhNmfxSpmeSdZcVEuC/YUhp/ft/NDkVR/9kwRue+Y6lDncMir6uTmzq6OCIGiKY="}

2018-04-23 23:35:24 {"alipay_trade_query_response":{"code":"10000","msg":"Success","buyer_logon_id":"426***@qq.com","buyer_pay_amount":"0.00","buyer_user_id":"2088002964468427","invoice_amount":"0.00","out_trade_no":"2018042323351910840","point_amount":"0.00","receipt_amount":"0.00","total_amount":"2000.00","trade_no":"2018042321001004420590647690","trade_status":"WAIT_BUYER_PAY"},"sign":"kGwUZWtatncOrtTqOd8EkXIZJE9BKslvURuiK9K3Cp9FHwByVyNfvXL02P0hzoKXZ5xnJya/d/AUWW56UksSGtoyM8urF4bjKZmUc6tvtWmUhhNmfxSpmeSdZcVEuC/YUhp/ft/NDkVR/9kwRue+Y6lDncMir6uTmzq6OCIGiKY="}

2018-04-23 23:35:28 {"alipay_trade_query_response":{"code":"10000","msg":"Success","buyer_logon_id":"426***@qq.com","buyer_pay_amount":"0.00","buyer_user_id":"2088002964468427","invoice_amount":"0.00","out_trade_no":"2018042323351910840","point_amount":"0.00","receipt_amount":"0.00","total_amount":"2000.00","trade_no":"2018042321001004420590647690","trade_status":"WAIT_BUYER_PAY"},"sign":"kGwUZWtatncOrtTqOd8EkXIZJE9BKslvURuiK9K3Cp9FHwByVyNfvXL02P0hzoKXZ5xnJya/d/AUWW56UksSGtoyM8urF4bjKZmUc6tvtWmUhhNmfxSpmeSdZcVEuC/YUhp/ft/NDkVR/9kwRue+Y6lDncMir6uTmzq6OCIGiKY="}

2018-04-23 23:35:32 {"alipay_trade_query_response":{"code":"10000","msg":"Success","buyer_logon_id":"426***@qq.com","buyer_pay_amount":"0.00","buyer_user_id":"2088002964468427","invoice_amount":"0.00","out_trade_no":"2018042323351910840","point_amount":"0.00","receipt_amount":"0.00","total_amount":"2000.00","trade_no":"2018042321001004420590647690","trade_status":"WAIT_BUYER_PAY"},"sign":"kGwUZWtatncOrtTqOd8EkXIZJE9BKslvURuiK9K3Cp9FHwByVyNfvXL02P0hzoKXZ5xnJya/d/AUWW56UksSGtoyM8urF4bjKZmUc6tvtWmUhhNmfxSpmeSdZcVEuC/YUhp/ft/NDkVR/9kwRue+Y6lDncMir6uTmzq6OCIGiKY="}

2018-04-23 23:35:36 {"alipay_trade_query_response":{"code":"10000","msg":"Success","buyer_logon_id":"426***@qq.com","buyer_pay_amount":"0.00","buyer_user_id":"2088002964468427","invoice_amount":"0.00","out_trade_no":"2018042323351910840","point_amount":"0.00","receipt_amount":"0.00","total_amount":"2000.00","trade_no":"2018042321001004420590647690","trade_status":"WAIT_BUYER_PAY"},"sign":"kGwUZWtatncOrtTqOd8EkXIZJE9BKslvURuiK9K3Cp9FHwByVyNfvXL02P0hzoKXZ5xnJya/d/AUWW56UksSGtoyM8urF4bjKZmUc6tvtWmUhhNmfxSpmeSdZcVEuC/YUhp/ft/NDkVR/9kwRue+Y6lDncMir6uTmzq6OCIGiKY="}

2018-04-23 23:35:40 {"alipay_trade_query_response":{"code":"10000","msg":"Success","buyer_logon_id":"426***@qq.com","buyer_pay_amount":"0.00","buyer_user_id":"2088002964468427","invoice_amount":"0.00","out_trade_no":"2018042323351910840","point_amount":"0.00","receipt_amount":"0.00","total_amount":"2000.00","trade_no":"2018042321001004420590647690","trade_status":"WAIT_BUYER_PAY"},"sign":"kGwUZWtatncOrtTqOd8EkXIZJE9BKslvURuiK9K3Cp9FHwByVyNfvXL02P0hzoKXZ5xnJya/d/AUWW56UksSGtoyM8urF4bjKZmUc6tvtWmUhhNmfxSpmeSdZcVEuC/YUhp/ft/NDkVR/9kwRue+Y6lDncMir6uTmzq6OCIGiKY="}

2018-04-23 23:35:44 {"alipay_trade_query_response":{"code":"10000","msg":"Success","buyer_logon_id":"426***@qq.com","buyer_pay_amount":"0.00","buyer_user_id":"2088002964468427","invoice_amount":"0.00","out_trade_no":"2018042323351910840","point_amount":"0.00","receipt_amount":"0.00","total_amount":"2000.00","trade_no":"2018042321001004420590647690","trade_status":"WAIT_BUYER_PAY"},"sign":"kGwUZWtatncOrtTqOd8EkXIZJE9BKslvURuiK9K3Cp9FHwByVyNfvXL02P0hzoKXZ5xnJya/d/AUWW56UksSGtoyM8urF4bjKZmUc6tvtWmUhhNmfxSpmeSdZcVEuC/YUhp/ft/NDkVR/9kwRue+Y6lDncMir6uTmzq6OCIGiKY="}

2018-04-23 23:35:48 {"alipay_trade_query_response":{"code":"10000","msg":"Success","buyer_logon_id":"426***@qq.com","buyer_pay_amount":"0.00","buyer_user_id":"2088002964468427","invoice_amount":"0.00","out_trade_no":"2018042323351910840","point_amount":"0.00","receipt_amount":"0.00","total_amount":"2000.00","trade_no":"2018042321001004420590647690","trade_status":"TRADE_CLOSED"},"sign":"r59b4LPgiCLTsteQt3qOflcxuKiWZBzdMKoU4m9IHxhpkYBk6cFbqdRM9eG3Wvr1at/OYBE5B/MQcwGtJE0nu7qzvU6W11owAz2/umrV4BULUbZU/pChWCeTK0HMHsj//K5F3xEzpZRp32bBqQlWeSUj6XCzWquMg3i1Sm8feIk="}

2018-04-23 23:36:18 {"merchant_id":"2088822285099072","key":"201710BBaa55e11a995b41488709d94fe3bfbX07","authCode":"285086853265488190","order_sn":"2018042323361882762","price":2000}

2018-04-23 23:36:18 {"app_id":"2017071207730667","method":"alipay.trade.pay","charset":"utf-8","sign_type":"RSA","app_auth_token":"201710BBaa55e11a995b41488709d94fe3bfbX07","timestamp":"2018-04-23 23:36:18","version":"1.0","biz_content":"{\"out_trade_no\":\"2018042323361882762\",\"scene\":\"bar_code\",\"auth_code\":\"285086853265488190\",\"subject\":\"\\u8ba2\\u5355\\u53f7:2018042323361882762\",\"seller_id\":\"2088822285099072\",\"total_amount\":2000,\"extend_params\":{\"sys_service_provider_id\":\"2088721521881652\"}}","sign":"MpApJUbFsSzBkAvXGhyg2flsxpbUnPxLJPOK8tGfeyHFgNtUSp+CFWDWX+aDgPwybysMNmdRk8iIT8XRm1qI9YQ18Y6UTU1mA\/sf8bIyLSlY6cRzUQJh22ckjvUvvUElWRedZVA+6GeXwO3s5vA5M6w2CAugQLFE7ZSP1ixsTEQ="}

2018-04-23 23:36:18 {"alipay_trade_pay_response":{"code":"10003","msg":" order success pay inprocess","buyer_logon_id":"426***@qq.com","buyer_pay_amount":"0.00","buyer_user_id":"2088002964468427","invoice_amount":"0.00","out_trade_no":"2018042323361882762","point_amount":"0.00","receipt_amount":"0.00","total_amount":"2000.00","trade_no":"2018042321001004420590647698"},"sign":"ec5iUEds2Hy53hcULIZsZU2M6BEJNVAbXJIh54CMW6HMe0GrDrwAOgzqjcHScAoQMZLlajF/Plm300QVYjFSkBTqx4CEiVlDrhSZUJC6A1GVU94nxno1AVo4pNRrOBx2ZkzyUSaGzIHClEi4Qu5iZCeAzZQRHDi5Nv8p0p6z9MU="}

2018-04-23 23:36:18 {"alipay_trade_query_response":{"code":"10000","msg":"Success","buyer_logon_id":"426***@qq.com","buyer_pay_amount":"0.00","buyer_user_id":"2088002964468427","invoice_amount":"0.00","out_trade_no":"2018042323361882762","point_amount":"0.00","receipt_amount":"0.00","total_amount":"2000.00","trade_no":"2018042321001004420590647698","trade_status":"WAIT_BUYER_PAY"},"sign":"C/i6g8wJfa/LOFb+d9WBtTDMNhYNripj8Brfq/ZgrdxFZBsbGLk5VTaSvzAmNM/lsqCrKOP/W5JyQYw4Ml1ty/Zdt9P6bkN6v9R2CN+BIUgMuZkmfU1yJWjlpKtIBTZgAttnwc72aerrM8n4ByF6h/gQz+jwAtiiqW1KS0kqSL8="}

2018-04-23 23:36:22 {"alipay_trade_query_response":{"code":"10000","msg":"Success","buyer_logon_id":"426***@qq.com","buyer_pay_amount":"0.00","buyer_user_id":"2088002964468427","invoice_amount":"0.00","out_trade_no":"2018042323361882762","point_amount":"0.00","receipt_amount":"0.00","total_amount":"2000.00","trade_no":"2018042321001004420590647698","trade_status":"WAIT_BUYER_PAY"},"sign":"C/i6g8wJfa/LOFb+d9WBtTDMNhYNripj8Brfq/ZgrdxFZBsbGLk5VTaSvzAmNM/lsqCrKOP/W5JyQYw4Ml1ty/Zdt9P6bkN6v9R2CN+BIUgMuZkmfU1yJWjlpKtIBTZgAttnwc72aerrM8n4ByF6h/gQz+jwAtiiqW1KS0kqSL8="}

2018-04-23 23:36:27 {"alipay_trade_query_response":{"code":"10000","msg":"Success","buyer_logon_id":"426***@qq.com","buyer_pay_amount":"0.00","buyer_user_id":"2088002964468427","invoice_amount":"0.00","out_trade_no":"2018042323361882762","point_amount":"0.00","receipt_amount":"0.00","total_amount":"2000.00","trade_no":"2018042321001004420590647698","trade_status":"WAIT_BUYER_PAY"},"sign":"C/i6g8wJfa/LOFb+d9WBtTDMNhYNripj8Brfq/ZgrdxFZBsbGLk5VTaSvzAmNM/lsqCrKOP/W5JyQYw4Ml1ty/Zdt9P6bkN6v9R2CN+BIUgMuZkmfU1yJWjlpKtIBTZgAttnwc72aerrM8n4ByF6h/gQz+jwAtiiqW1KS0kqSL8="}

2018-04-23 23:36:31 {"alipay_trade_query_response":{"code":"10000","msg":"Success","buyer_logon_id":"426***@qq.com","buyer_pay_amount":"0.00","buyer_user_id":"2088002964468427","invoice_amount":"0.00","out_trade_no":"2018042323361882762","point_amount":"0.00","receipt_amount":"0.00","total_amount":"2000.00","trade_no":"2018042321001004420590647698","trade_status":"WAIT_BUYER_PAY"},"sign":"C/i6g8wJfa/LOFb+d9WBtTDMNhYNripj8Brfq/ZgrdxFZBsbGLk5VTaSvzAmNM/lsqCrKOP/W5JyQYw4Ml1ty/Zdt9P6bkN6v9R2CN+BIUgMuZkmfU1yJWjlpKtIBTZgAttnwc72aerrM8n4ByF6h/gQz+jwAtiiqW1KS0kqSL8="}

2018-04-23 23:36:35 {"alipay_trade_query_response":{"code":"10000","msg":"Success","buyer_logon_id":"426***@qq.com","buyer_pay_amount":"0.00","buyer_user_id":"2088002964468427","invoice_amount":"0.00","out_trade_no":"2018042323361882762","point_amount":"0.00","receipt_amount":"0.00","total_amount":"2000.00","trade_no":"2018042321001004420590647698","trade_status":"WAIT_BUYER_PAY"},"sign":"C/i6g8wJfa/LOFb+d9WBtTDMNhYNripj8Brfq/ZgrdxFZBsbGLk5VTaSvzAmNM/lsqCrKOP/W5JyQYw4Ml1ty/Zdt9P6bkN6v9R2CN+BIUgMuZkmfU1yJWjlpKtIBTZgAttnwc72aerrM8n4ByF6h/gQz+jwAtiiqW1KS0kqSL8="}

2018-04-23 23:36:39 {"alipay_trade_query_response":{"code":"10000","msg":"Success","buyer_logon_id":"426***@qq.com","buyer_pay_amount":"0.00","buyer_user_id":"2088002964468427","invoice_amount":"0.00","out_trade_no":"2018042323361882762","point_amount":"0.00","receipt_amount":"0.00","total_amount":"2000.00","trade_no":"2018042321001004420590647698","trade_status":"WAIT_BUYER_PAY"},"sign":"C/i6g8wJfa/LOFb+d9WBtTDMNhYNripj8Brfq/ZgrdxFZBsbGLk5VTaSvzAmNM/lsqCrKOP/W5JyQYw4Ml1ty/Zdt9P6bkN6v9R2CN+BIUgMuZkmfU1yJWjlpKtIBTZgAttnwc72aerrM8n4ByF6h/gQz+jwAtiiqW1KS0kqSL8="}

2018-04-23 23:36:43 {"alipay_trade_query_response":{"code":"10000","msg":"Success","buyer_logon_id":"426***@qq.com","buyer_pay_amount":"0.00","buyer_user_id":"2088002964468427","invoice_amount":"0.00","out_trade_no":"2018042323361882762","point_amount":"0.00","receipt_amount":"0.00","total_amount":"2000.00","trade_no":"2018042321001004420590647698","trade_status":"WAIT_BUYER_PAY"},"sign":"C/i6g8wJfa/LOFb+d9WBtTDMNhYNripj8Brfq/ZgrdxFZBsbGLk5VTaSvzAmNM/lsqCrKOP/W5JyQYw4Ml1ty/Zdt9P6bkN6v9R2CN+BIUgMuZkmfU1yJWjlpKtIBTZgAttnwc72aerrM8n4ByF6h/gQz+jwAtiiqW1KS0kqSL8="}

2018-04-23 23:36:46 {"alipay_trade_query_response":{"code":"10000","msg":"Success","buyer_logon_id":"426***@qq.com","buyer_pay_amount":"0.00","buyer_user_id":"2088002964468427","invoice_amount":"0.00","out_trade_no":"2018042323361882762","point_amount":"0.00","receipt_amount":"0.00","total_amount":"2000.00","trade_no":"2018042321001004420590647698","trade_status":"TRADE_CLOSED"},"sign":"aM5od8Wqb5ftAJC3PtPCI9s8HOHVQNvksXuqdR0dtUbEhMohRskJUc3AdEu7DxlVPkkQYIuilVno9dJXT3U9NpUkdMBPKFt5L7wMzoAi5BETln2dZEcmqm4LRE5+wpxFwpi14VgXBMSNO2GVeRgSRPShqTEKDNGWCgslATD3jsU="}

