2018-04-30 00:13:45 {"merchant_id":"1493159782","key":"","authCode":"135153576161596091","order_sn":"2018043000134557585","price":300}

2018-04-30 00:27:42 {"merchant_id":"1490350062","key":"","authCode":"135537424734686885","order_sn":"2018043000274218509","price":200}

2018-04-30 01:11:36 {"merchant_id":"1493159782","key":"","authCode":"134703094866655172","order_sn":"2018043001113653160","price":300}

2018-04-30 01:18:18 {"merchant_id":"1490350062","key":"","authCode":"134538660064790439","order_sn":"2018043001181885144","price":300}

2018-04-30 01:18:35 {"merchant_id":"1490350062","key":"","authCode":"134760148593458062","order_sn":"2018043001183571878","price":300}

2018-04-30 01:31:20 {"merchant_id":"1493159782","key":"","authCode":"134939973881211610","order_sn":"2018043001312032001","price":300}

2018-04-30 02:36:47 {"merchant_id":"1490350062","key":"","authCode":"134611711819074391","order_sn":"2018043002364714395","price":900}

2018-04-30 03:17:01 {"merchant_id":"1493159782","key":"","authCode":"135173046909459033","order_sn":"2018043003170150952","price":300}

2018-04-30 04:58:54 {"merchant_id":"1493159782","key":"","authCode":"135235220733661036","order_sn":"2018043004585430139","price":300}

2018-04-30 07:35:19 {"merchant_id":"1499456762","key":"","authCode":"134569721139199297","order_sn":"2018043007351919441","price":13}

2018-04-30 07:56:48 {"merchant_id":"1493159782","key":"","authCode":"134622981244605419","order_sn":"2018043007564841242","price":340}

2018-04-30 08:15:12 {"merchant_id":"1499456762","key":"","authCode":"135175121731343718","order_sn":"2018043008151255791","price":108}

2018-04-30 08:27:42 {"merchant_id":"1499456762","key":"","authCode":"135130067122450449","order_sn":"2018043008274256115","price":0.5}

2018-04-30 09:05:09 {"merchant_id":"1499456762","key":"","authCode":"134741165307877127","order_sn":"2018043009050945104","price":8.5}

2018-04-30 09:18:42 {"merchant_id":"1499456762","key":"","authCode":"134722773721333521","order_sn":"2018043009184291890","price":7}

2018-04-30 09:40:25 {"merchant_id":"2088822285099072","key":"201710BBaa55e11a995b41488709d94fe3bfbX07","authCode":"287840485113642850","order_sn":"2018043009402552030","price":200}

2018-04-30 09:40:25 {"app_id":"2017071207730667","method":"alipay.trade.pay","charset":"utf-8","sign_type":"RSA","app_auth_token":"201710BBaa55e11a995b41488709d94fe3bfbX07","timestamp":"2018-04-30 09:40:25","version":"1.0","biz_content":"{\"out_trade_no\":\"2018043009402552030\",\"scene\":\"bar_code\",\"auth_code\":\"287840485113642850\",\"subject\":\"\\u8ba2\\u5355\\u53f7:2018043009402552030\",\"seller_id\":\"2088822285099072\",\"total_amount\":200,\"extend_params\":{\"sys_service_provider_id\":\"2088721521881652\"}}","sign":"GHyef59V7ddyrwWREKFgrAGh5\/3kVHskRWFZ90+II\/lHh8euB52tlwKBKIsKOs2IiUJ6l\/daOkIjhoxOhHeVkAXXAlyjJOUCg1y\/Jchq3gMpvp5LAVklDBa+qEiOC2SsaYhikowGsr3wo2OznxrThmoCD1bUzACKFoC4j\/TlSvs="}

2018-04-30 09:40:27 {"alipay_trade_pay_response":{"code":"10000","msg":"Success","buyer_logon_id":"151****1555","buyer_pay_amount":"200.00","buyer_user_id":"2088032311820758","fund_bill_list":[{"amount":"200.00","fund_channel":"ALIPAYACCOUNT"}],"gmt_payment":"2018-04-30 09:40:27","invoice_amount":"200.00","out_trade_no":"2018043009402552030","point_amount":"0.00","receipt_amount":"200.00","total_amount":"200.00","trade_no":"2018043021001004750580772062"},"sign":"mkrkZuijZVnubhaw3deyIaMSmWi21CdteKyqsl6hrZ8/lEVlkEX9MTsnGIrHng9dWxEUPbJUbL/8xb6i7JzKDD0SatA5yM2Kemudq5WNjHE6LxhkkQoy4ryDQEdLzea+1hEREZ7UvEaB0glIeCtYcSSsPs7yjaXC8ZrHd4soNjk="}

2018-04-30 09:42:26 {"merchant_id":"1499456762","key":"","authCode":"134583506068292324","order_sn":"2018043009422672191","price":15}

2018-04-30 09:48:59 {"merchant_id":"1499456762","key":"","authCode":"134824018394390141","order_sn":"2018043009485911492","price":22}

2018-04-30 09:50:36 {"merchant_id":"1499456762","key":"","authCode":"134878704337590744","order_sn":"2018043009503651609","price":34}

2018-04-30 10:06:33 {"merchant_id":"1499456762","key":"","authCode":"134888172865460785","order_sn":"2018043010063344823","price":300}

2018-04-30 10:22:20 {"merchant_id":"1499456762","key":"","authCode":"134711824254096879","order_sn":"2018043010222029420","price":16}

2018-04-30 10:27:56 {"merchant_id":"1499456762","key":"","authCode":"134700301543870432","order_sn":"2018043010275623380","price":16}

2018-04-30 10:31:10 {"merchant_id":"1499456762","key":"","authCode":"134637549682543750","order_sn":"2018043010311044198","price":15}

2018-04-30 10:31:11 {"merchant_id":"1499456762","key":"","authCode":"134699324535184624","order_sn":"2018043010311113907","price":12}

2018-04-30 10:37:05 {"merchant_id":"1499456762","key":"","authCode":"135847689149815792","order_sn":"2018043010370410275","price":29}

2018-04-30 10:38:48 {"merchant_id":"1499456762","key":"","authCode":"135746899560294360","order_sn":"2018043010384827447","price":23}

2018-04-30 10:44:10 {"merchant_id":"1499456762","key":"","authCode":"134512619210064013","order_sn":"2018043010441075397","price":2.7}

2018-04-30 10:49:34 {"merchant_id":"1499456762","key":"","authCode":"134583239236498851","order_sn":"2018043010493451290","price":300}

2018-04-30 10:58:17 {"merchant_id":"1499456762","key":"","authCode":"135093329897330672","order_sn":"2018043010581754379","price":11}

2018-04-30 11:15:16 {"merchant_id":"1499456762","key":"","authCode":"134743614198770182","order_sn":"2018043011151692413","price":6}

2018-04-30 11:17:03 {"merchant_id":"1499456762","key":"","authCode":"135066517858843864","order_sn":"2018043011170316537","price":19.5}

2018-04-30 11:40:16 {"merchant_id":"1493159782","key":"","authCode":"134604599385930533","order_sn":"2018043011401651428","price":200}

2018-04-30 11:50:44 {"merchant_id":"1499456762","key":"","authCode":"134543466495982296","order_sn":"2018043011504499209","price":15}

2018-04-30 11:51:34 {"merchant_id":"1499456762","key":"","authCode":"134524675815547768","order_sn":"2018043011513475438","price":24}

2018-04-30 11:54:44 {"merchant_id":"1499456762","key":"","authCode":"134504392343096718","order_sn":"2018043011544420808","price":200}

2018-04-30 12:12:13 {"merchant_id":"1499456762","key":"","authCode":"134586023560886283","order_sn":"2018043012121275305","price":15.5}

2018-04-30 12:18:03 {"merchant_id":"1499456762","key":"","authCode":"134786826052663222","order_sn":"2018043012180394369","price":11}

2018-04-30 12:34:51 {"merchant_id":"1499456762","key":"","authCode":"134862363352364757","order_sn":"2018043012345181167","price":20}

2018-04-30 12:37:58 {"merchant_id":"1490350062","key":"","authCode":"134962074140401512","order_sn":"2018043012375872166","price":4}

2018-04-30 12:51:36 {"merchant_id":"1499456762","key":"","authCode":"134524264997086117","order_sn":"2018043012513669627","price":26}

2018-04-30 12:58:32 {"merchant_id":"1499456762","key":"","authCode":"134881086557374733","order_sn":"2018043012583232165","price":18}

2018-04-30 12:59:07 {"merchant_id":"1499456762","key":"","authCode":"134634120205545145","order_sn":"2018043012590635705","price":15}

2018-04-30 13:12:06 {"merchant_id":"1499456762","key":"","authCode":"134556269255288094","order_sn":"2018043013120618080","price":20}

2018-04-30 13:30:56 {"merchant_id":"1499456762","key":"","authCode":"134512161392227428","order_sn":"2018043013305669317","price":300}

2018-04-30 13:33:44 {"merchant_id":"1493159782","key":"","authCode":"134817314023150278","order_sn":"2018043013334490048","price":300}

2018-04-30 13:41:00 {"merchant_id":"1499456762","key":"","authCode":"134560910364378048","order_sn":"2018043013410035303","price":78}

2018-04-30 13:45:09 {"merchant_id":"1499456762","key":"","authCode":"134603572340746877","order_sn":"2018043013450989639","price":39}

2018-04-30 13:47:03 {"merchant_id":"1499456762","key":"","authCode":"134715207937676586","order_sn":"2018043013470358533","price":8}

2018-04-30 13:47:41 {"merchant_id":"1499456762","key":"","authCode":"134912337654255033","order_sn":"2018043013474171155","price":8}

2018-04-30 13:48:22 {"merchant_id":"1499456762","key":"","authCode":"134759005232543504","order_sn":"2018043013482212876","price":8}

2018-04-30 13:48:42 {"merchant_id":"1499456762","key":"","authCode":"134579571015935152","order_sn":"2018043013484244120","price":10}

2018-04-30 13:50:07 {"merchant_id":"1499456762","key":"","authCode":"134926647502638320","order_sn":"2018043013500787033","price":200}

2018-04-30 13:59:33 {"merchant_id":"1499456762","key":"","authCode":"134699269020907767","order_sn":"2018043013593343458","price":48}

2018-04-30 14:00:56 {"merchant_id":"1499456762","key":"","authCode":"135045997692257422","order_sn":"2018043014005677199","price":17}

2018-04-30 14:07:43 {"merchant_id":"1499456762","key":"","authCode":"134605326509398431","order_sn":"2018043014074354231","price":200}

2018-04-30 14:11:13 {"merchant_id":"1499456762","key":"","authCode":"134710533676700625","order_sn":"2018043014111362419","price":48}

2018-04-30 14:22:16 {"merchant_id":"1499456762","key":"","authCode":"134559217883953420","order_sn":"2018043014221654661","price":9}

2018-04-30 14:29:20 {"merchant_id":"1499456762","key":"","authCode":"134570790097024627","order_sn":"2018043014292024229","price":9}

2018-04-30 14:30:56 {"merchant_id":"1499456762","key":"","authCode":"134597022668760307","order_sn":"2018043014305662582","price":14}

2018-04-30 14:35:25 {"merchant_id":"1499456762","key":"","authCode":"134880496807516152","order_sn":"2018043014352574736","price":8}

2018-04-30 14:38:27 {"merchant_id":"1499456762","key":"","authCode":"134733475596125381","order_sn":"2018043014382748586","price":268}

2018-04-30 14:42:20 {"merchant_id":"1499456762","key":"","authCode":"134770789332041055","order_sn":"2018043014422025250","price":3.6}

2018-04-30 14:57:29 {"merchant_id":"1499456762","key":"","authCode":"135453976887358947","order_sn":"2018043014572995343","price":15}

2018-04-30 15:06:19 {"merchant_id":"1490350062","key":"","authCode":"134748039271720803","order_sn":"2018043015061975044","price":200}

2018-04-30 15:08:16 {"merchant_id":"1499456762","key":"","authCode":"134666599720585324","order_sn":"2018043015081665668","price":38}

2018-04-30 15:26:03 {"merchant_id":"1499456762","key":"","authCode":"134991862379360334","order_sn":"2018043015260313983","price":41.5}

2018-04-30 15:47:15 {"merchant_id":"1490350062","key":"","authCode":"136418275984019077","order_sn":"2018043015471520229","price":100}

2018-04-30 15:51:13 {"merchant_id":"1499456762","key":"","authCode":"134614153182216943","order_sn":"2018043015511363014","price":11}

2018-04-30 15:54:16 {"merchant_id":"1499456762","key":"","authCode":"134969199238758012","order_sn":"2018043015541653462","price":25}

2018-04-30 16:01:40 {"merchant_id":"1499456762","key":"","authCode":"134852973841099362","order_sn":"2018043016014093138","price":14}

2018-04-30 16:02:09 {"merchant_id":"1493159782","key":"","authCode":"135500413728151303","order_sn":"2018043016020914874","price":200}

2018-04-30 16:06:48 {"merchant_id":"1499456762","key":"","authCode":"134712049333917341","order_sn":"2018043016064888692","price":20}

2018-04-30 16:07:55 {"merchant_id":"1499456762","key":"","authCode":"134538424275976532","order_sn":"2018043016075594498","price":14}

2018-04-30 16:08:51 {"merchant_id":"1499456762","key":"","authCode":"134536017833424080","order_sn":"2018043016085125384","price":8}

2018-04-30 16:16:06 {"merchant_id":"1499456762","key":"","authCode":"134576108848556764","order_sn":"2018043016160685722","price":108}

2018-04-30 16:32:08 {"merchant_id":"1499456762","key":"","authCode":"134819107576201021","order_sn":"2018043016320871485","price":22}

2018-04-30 16:33:06 {"merchant_id":"1499456762","key":"","authCode":"134794968653369067","order_sn":"2018043016330647848","price":19}

2018-04-30 16:43:38 {"merchant_id":"1499456762","key":"","authCode":"134916766931969148","order_sn":"2018043016433820527","price":30}

2018-04-30 16:53:46 {"merchant_id":"1499456762","key":"","authCode":"134628549457987065","order_sn":"2018043016534660006","price":12}

2018-04-30 16:54:13 {"merchant_id":"1490350062","key":"","authCode":"135201404298432148","order_sn":"2018043016541323450","price":300}

2018-04-30 16:54:57 {"merchant_id":"1490350062","key":"","authCode":"135006313891682146","order_sn":"2018043016545731081","price":300}

2018-04-30 16:56:59 {"merchant_id":"1490350062","key":"","authCode":"134686309912011050","order_sn":"2018043016565953112","price":69}

2018-04-30 16:57:51 {"merchant_id":"1490350062","key":"","authCode":"134663968350840799","order_sn":"2018043016575164222","price":72}

2018-04-30 17:06:46 {"merchant_id":"1499456762","key":"","authCode":"135050078890481730","order_sn":"2018043017064634128","price":3.8}

2018-04-30 17:15:59 {"merchant_id":"1493159782","key":"","authCode":"134953637169219342","order_sn":"2018043017155914769","price":200}

2018-04-30 17:21:02 {"merchant_id":"1499456762","key":"","authCode":"135175877043780122","order_sn":"2018043017210273213","price":8}

2018-04-30 17:27:49 {"merchant_id":"1499456762","key":"","authCode":"135236645531405442","order_sn":"2018043017274829138","price":22}

2018-04-30 17:28:20 {"merchant_id":"1499456762","key":"","authCode":"134700834291916516","order_sn":"2018043017282059768","price":42}

2018-04-30 17:32:41 {"merchant_id":"1499456762","key":"","authCode":"134762789901909322","order_sn":"2018043017324112572","price":8}

2018-04-30 17:47:04 {"merchant_id":"1499456762","key":"","authCode":"134548252472290830","order_sn":"2018043017470445691","price":9}

2018-04-30 17:47:53 {"merchant_id":"1499456762","key":"","authCode":"134628531230529454","order_sn":"2018043017475392480","price":8.5}

2018-04-30 18:02:20 {"merchant_id":"1499456762","key":"","authCode":"134614564732553350","order_sn":"2018043018022086964","price":20}

2018-04-30 18:06:12 {"merchant_id":"1499456762","key":"","authCode":"135193164089135727","order_sn":"2018043018061240154","price":29}

2018-04-30 18:06:29 {"merchant_id":"1499456762","key":"","authCode":"134721823406501420","order_sn":"2018043018062934649","price":128}

2018-04-30 18:36:27 {"merchant_id":"1499456762","key":"","authCode":"135002621354036396","order_sn":"2018043018362757337","price":128}

2018-04-30 18:37:51 {"merchant_id":"1499456762","key":"","authCode":"134845536697038638","order_sn":"2018043018375181376","price":20}

2018-04-30 18:38:43 {"merchant_id":"1499456762","key":"","authCode":"134921427314919527","order_sn":"2018043018384385501","price":13}

2018-04-30 18:42:54 {"merchant_id":"1499456762","key":"","authCode":"134640412215534444","order_sn":"2018043018425412748","price":6}

2018-04-30 18:46:44 {"merchant_id":"1499456762","key":"","authCode":"134966176511264749","order_sn":"2018043018464488717","price":12}

2018-04-30 18:55:25 {"merchant_id":"1499456762","key":"","authCode":"135013227808877026","order_sn":"2018043018552491834","price":16}

2018-04-30 18:56:27 {"merchant_id":"1499456762","key":"","authCode":"134865251615505706","order_sn":"2018043018562754803","price":10}

2018-04-30 19:02:27 {"merchant_id":"1499456762","key":"","authCode":"134737037357457525","order_sn":"2018043019022728840","price":24}

2018-04-30 19:03:12 {"merchant_id":"1499456762","key":"","authCode":"135071466385435507","order_sn":"2018043019031258125","price":21}

2018-04-30 19:16:40 {"merchant_id":"1499456762","key":"","authCode":"134655767612945091","order_sn":"2018043019164048462","price":18}

2018-04-30 19:17:39 {"merchant_id":"1499456762","key":"","authCode":"134676503151645060","order_sn":"2018043019173943499","price":8}

2018-04-30 19:24:30 {"merchant_id":"1493159782","key":"","authCode":"135241498192386446","order_sn":"2018043019243023601","price":400}

2018-04-30 19:28:23 {"merchant_id":"1499456762","key":"","authCode":"134783854166648333","order_sn":"2018043019282357689","price":12}

2018-04-30 19:34:07 {"merchant_id":"1499456762","key":"","authCode":"134732013227482608","order_sn":"2018043019340743145","price":15}

2018-04-30 19:41:40 {"merchant_id":"1499456762","key":"","authCode":"134599849643355829","order_sn":"2018043019414054252","price":20}

2018-04-30 19:44:50 {"merchant_id":"1499456762","key":"","authCode":"134925456031470182","order_sn":"2018043019445069392","price":58}

2018-04-30 19:52:26 {"merchant_id":"1499456762","key":"","authCode":"134800628055765344","order_sn":"2018043019522623204","price":8}

2018-04-30 19:52:53 {"merchant_id":"1499456762","key":"","authCode":"134646344317285324","order_sn":"2018043019525373634","price":16}

2018-04-30 19:56:01 {"merchant_id":"1499456762","key":"","authCode":"134826757993617977","order_sn":"2018043019560129110","price":36}

2018-04-30 20:04:37 {"merchant_id":"1499456762","key":"","authCode":"134710014489211840","order_sn":"2018043020043777698","price":17.5}

2018-04-30 20:05:52 {"merchant_id":"1499456762","key":"","authCode":"134839784903845466","order_sn":"2018043020055280011","price":12}

2018-04-30 20:07:05 {"merchant_id":"1499456762","key":"","authCode":"134688909769586105","order_sn":"2018043020070556881","price":10}

2018-04-30 20:14:09 {"merchant_id":"1499456762","key":"","authCode":"134662453930473556","order_sn":"2018043020140856354","price":26.5}

2018-04-30 20:35:20 {"merchant_id":"1499456762","key":"","authCode":"134628197106228893","order_sn":"2018043020352041877","price":23}

2018-04-30 20:37:14 {"merchant_id":"1499456762","key":"","authCode":"135297349076447503","order_sn":"2018043020371459448","price":32}

2018-04-30 20:38:31 {"merchant_id":"1499456762","key":"","authCode":"135217924382010960","order_sn":"2018043020383077680","price":8}

2018-04-30 20:43:29 {"merchant_id":"1499456762","key":"","authCode":"134779061717386069","order_sn":"2018043020432968267","price":26}

2018-04-30 20:44:11 {"merchant_id":"1499456762","key":"","authCode":"134723171182574863","order_sn":"2018043020441191507","price":22.4}

2018-04-30 20:45:22 {"merchant_id":"1499456762","key":"","authCode":"134741182054873461","order_sn":"2018043020452280619","price":7}

2018-04-30 20:53:28 {"merchant_id":"1499456762","key":"","authCode":"135549232617160647","order_sn":"2018043020532889261","price":21}

2018-04-30 20:56:06 {"merchant_id":"1499456762","key":"","authCode":"134627049691389011","order_sn":"2018043020560627027","price":57}

2018-04-30 20:59:03 {"merchant_id":"1499456762","key":"","authCode":"134903994807525020","order_sn":"2018043020590358319","price":33}

2018-04-30 20:59:08 {"merchant_id":"1499456762","key":"","authCode":"135016554592692771","order_sn":"2018043020590819359","price":77}

2018-04-30 21:02:26 {"merchant_id":"1499456762","key":"","authCode":"134539807753645307","order_sn":"2018043021022622439","price":1}

2018-04-30 21:06:02 {"merchant_id":"1490350062","key":"","authCode":"135243713446849498","order_sn":"2018043021060145392","price":100}

2018-04-30 21:12:29 {"merchant_id":"1499456762","key":"","authCode":"134760852450122646","order_sn":"2018043021122941099","price":8}

2018-04-30 21:12:34 {"merchant_id":"1499456762","key":"","authCode":"134895645322782323","order_sn":"2018043021123478404","price":7}

2018-04-30 21:14:55 {"merchant_id":"1499456762","key":"","authCode":"134692606133926611","order_sn":"2018043021145518408","price":21}

2018-04-30 21:16:33 {"merchant_id":"1499456762","key":"","authCode":"134968541984792446","order_sn":"2018043021163384798","price":6}

2018-04-30 21:23:45 {"merchant_id":"1490350062","key":"","authCode":"135197246397036572","order_sn":"2018043021234567128","price":300}

2018-04-30 21:37:02 {"merchant_id":"1499456762","key":"","authCode":"134637561063964130","order_sn":"2018043021370216472","price":17}

2018-04-30 21:43:21 {"merchant_id":"1499456762","key":"","authCode":"134655835578818196","order_sn":"2018043021432134844","price":20}

2018-04-30 21:46:55 {"merchant_id":"1499456762","key":"","authCode":"134661294986188334","order_sn":"2018043021465529154","price":38}

2018-04-30 21:48:38 {"merchant_id":"1499456762","key":"","authCode":"135221039719027582","order_sn":"2018043021483862792","price":20}

2018-04-30 21:50:33 {"merchant_id":"1499456762","key":"","authCode":"134651469387961412","order_sn":"2018043021503312676","price":16}

2018-04-30 22:19:07 {"merchant_id":"1490350062","key":"","authCode":"134595607613435661","order_sn":"2018043022190782568","price":300}

2018-04-30 22:23:19 {"merchant_id":"2088822285099072","key":"201710BBaa55e11a995b41488709d94fe3bfbX07","authCode":"283586486839239280","order_sn":"2018043022231922386","price":100}

2018-04-30 22:23:19 {"app_id":"2017071207730667","method":"alipay.trade.pay","charset":"utf-8","sign_type":"RSA","app_auth_token":"201710BBaa55e11a995b41488709d94fe3bfbX07","timestamp":"2018-04-30 22:23:19","version":"1.0","biz_content":"{\"out_trade_no\":\"2018043022231922386\",\"scene\":\"bar_code\",\"auth_code\":\"283586486839239280\",\"subject\":\"\\u8ba2\\u5355\\u53f7:2018043022231922386\",\"seller_id\":\"2088822285099072\",\"total_amount\":100,\"extend_params\":{\"sys_service_provider_id\":\"2088721521881652\"}}","sign":"fp+VUm3GT51E0EtwgDW6ugKLnhOb4kuLjVkeMPthm9uQfEUi0jFcKVmbB\/8N+n6uunb9YW\/ORbi+uRa3w4nCpVdz8tokwjx9N8hzZ4iOIySV1MMqSkijRZSelv3SeEtKz0eDnOsYFC+wjsG0e\/+dsnt682iq3bKrMBfT7LdhJc0="}

2018-04-30 22:23:21 {"alipay_trade_pay_response":{"code":"10000","msg":"Success","buyer_logon_id":"307***@qq.com","buyer_pay_amount":"100.00","buyer_user_id":"2088612206050215","fund_bill_list":[{"amount":"100.00","fund_channel":"ALIPAYACCOUNT"}],"gmt_payment":"2018-04-30 22:23:21","invoice_amount":"100.00","out_trade_no":"2018043022231922386","point_amount":"0.00","receipt_amount":"100.00","total_amount":"100.00","trade_no":"2018043021001004210523682386"},"sign":"IaJvGtpsGqeAIxAaZ/ZyuV1HlgwcXOccSuvZwX2PRbyCu9BO6bKOJBqgMTAdxL40Utb0QvFsDKWhko10zEFGAUd/xqnBx1w0wPDJVV6zPx9d6m5fgbe9nuo1eJiBz+p9OBKruLCg6dGR8hRGSQ2rH/+KWV+QGbaiaMoWcDt3AQA="}

2018-04-30 22:49:57 {"merchant_id":"1490350062","key":"","authCode":"135206419215043967","order_sn":"2018043022495750975","price":100}

2018-04-30 23:24:59 {"merchant_id":"1490350062","key":"","authCode":"135218982448691973","order_sn":"2018043023245937998","price":300}

2018-04-30 23:27:53 {"merchant_id":"1490350062","key":"","authCode":"135788324757084754","order_sn":"2018043023275393937","price":300}

2018-04-30 23:48:45 {"merchant_id":"1490350062","key":"","authCode":"134539550454646439","order_sn":"2018043023484547598","price":300}

