2018-03-01 00:02:58 {"merchant_id":"1493159782","key":"","authCode":"134880935890292739","order_sn":"2018030100025881756","price":100}
2018-03-01 01:10:58 {"merchant_id":"1493159782","key":"","authCode":"134684813984312384","order_sn":"2018030101105841601","price":200}
2018-03-01 01:18:15 {"merchant_id":"1490350062","key":"","authCode":"135209359235290858","order_sn":"2018030101181522400","price":300}
2018-03-01 03:54:45 {"merchant_id":"1493159782","key":"","authCode":"134628505795966737","order_sn":"2018030103544444425","price":300}
2018-03-01 10:36:13 {"merchant_id":"1493159782","key":"","authCode":"135129926066268988","order_sn":"2018030110361392517","price":200}
2018-03-01 12:06:03 {"merchant_id":"1493159782","key":"","authCode":"134758963301664075","order_sn":"2018030112060320808","price":100}
2018-03-01 13:57:22 {"merchant_id":"2088821827997030","key":"201711BBc699bef5cde842dba6fa5c6bdc706A03","authCode":"287272375313253234","order_sn":"2018030113572225297","price":238}
2018-03-01 13:57:22 {"app_id":"2017071207730667","method":"alipay.trade.pay","charset":"utf-8","sign_type":"RSA","app_auth_token":"201711BBc699bef5cde842dba6fa5c6bdc706A03","timestamp":"2018-03-01 13:57:22","version":"1.0","biz_content":"{\"out_trade_no\":\"2018030113572225297\",\"scene\":\"bar_code\",\"auth_code\":\"287272375313253234\",\"subject\":\"\\u8ba2\\u5355\\u53f7:2018030113572225297\",\"seller_id\":\"2088821827997030\",\"total_amount\":238,\"extend_params\":{\"sys_service_provider_id\":\"2088721521881652\"}}","sign":"WE6sOFMRHY9pL3RsS01Xfx53EcHJqq7iNuYFqVjp4EOLrx20SDiQ5xsuZOA9yoCBPEw40\/OlspCippXpWiStXZj8lm2bWND6Zil4gkEGz4l63NsPJkQ+2lMx8qcJx40Sk3HW+n+5neaek6+4kLQ+qFaqRwsYt4jvrchoP1CZEhE="}
2018-03-01 13:57:23 {"alipay_trade_pay_response":{"code":"10000","msg":"Success","buyer_logon_id":"136****2676","buyer_pay_amount":"238.00","buyer_user_id":"2088602096268342","fund_bill_list":[{"amount":"238.00","fund_channel":"ALIPAYACCOUNT"}],"gmt_payment":"2018-03-01 13:57:23","invoice_amount":"238.00","out_trade_no":"2018030113572225297","point_amount":"0.00","receipt_amount":"238.00","total_amount":"238.00","trade_no":"2018030121001004340277119450"},"sign":"fsIOf/v62bBLRdOyg25qyUFfLFUl3C493ChXu5HCHl6QdIx2+/PY26r3WILfBVD5FzyyPJXUX0HzIzrkEYmDze6vMjfnhx4y1SNG+wINQgp1F1lX+RlKVkGocdoNFzUOgeBMpQuFTdugw6dMKweU2SC/Y55ROCY43BOJmD58Rhg="}
2018-03-01 14:00:42 {"merchant_id":"2088821827997030","key":"201711BBc699bef5cde842dba6fa5c6bdc706A03","authCode":"284472542770986510","order_sn":"2018030114004233074","price":1000}
2018-03-01 14:00:42 {"app_id":"2017071207730667","method":"alipay.trade.pay","charset":"utf-8","sign_type":"RSA","app_auth_token":"201711BBc699bef5cde842dba6fa5c6bdc706A03","timestamp":"2018-03-01 14:00:42","version":"1.0","biz_content":"{\"out_trade_no\":\"2018030114004233074\",\"scene\":\"bar_code\",\"auth_code\":\"284472542770986510\",\"subject\":\"\\u8ba2\\u5355\\u53f7:2018030114004233074\",\"seller_id\":\"2088821827997030\",\"total_amount\":1000,\"extend_params\":{\"sys_service_provider_id\":\"2088721521881652\"}}","sign":"ptoDLo262DkbCgX5\/xDPEP\/zaM4gUDhZyF2iEu2pSyw3qSSD3vZfubwcgy06e1XVOfHzRI4HL8k7LUx1+N6djnDJDfO423PN\/tsJ07R9Xlz0KVEjX6ygUYnqmcvoT+Ur\/FOj7SPk51Fc31dqGDFwoHqWMX+t+3KnLTatHxJzUok="}
2018-03-01 14:00:43 {"alipay_trade_pay_response":{"code":"10000","msg":"Success","buyer_logon_id":"183****1888","buyer_pay_amount":"1000.00","buyer_user_id":"2088802976805351","fund_bill_list":[{"amount":"1000.00","fund_channel":"PCREDIT"}],"gmt_payment":"2018-03-01 14:00:43","invoice_amount":"1000.00","out_trade_no":"2018030114004233074","point_amount":"0.00","receipt_amount":"1000.00","total_amount":"1000.00","trade_no":"2018030121001004350247515657"},"sign":"Sk3rrR2LpIKjnX518zZPYoyBZ9P4b8HcDlEyHLbqt0+X88vkgPzswRLydvo8zThL5GPIuk9EjvEcNdYQ3rgspGip6EV4QUabOBlHp1hW8ijknOppGEe4RZlp6KXfL1HROGvFSdk3ZW43eGSbP9t5QwFjrOybDnrYqp0oHShaRNk="}
2018-03-01 16:17:10 {"merchant_id":"1493159782","key":"","authCode":"134553469904619270","order_sn":"2018030116171018398","price":63}
2018-03-01 17:37:18 {"merchant_id":"1490350062","key":"","authCode":"134551757543335566","order_sn":"2018030117371848026","price":900}
2018-03-01 17:39:44 {"merchant_id":"1490350062","key":"","authCode":"134728596461902632","order_sn":"2018030117394496258","price":21}
2018-03-01 17:42:26 {"merchant_id":"1493159782","key":"","authCode":"135196543330789031","order_sn":"2018030117422650985","price":300}
2018-03-01 18:16:26 {"merchant_id":"1490350062","key":"","authCode":"134705743351812062","order_sn":"2018030118162615788","price":300}
2018-03-01 18:21:06 {"merchant_id":"1490350062","key":"","authCode":"134576649961560819","order_sn":"2018030118210670416","price":200}
2018-03-01 19:12:34 {"merchant_id":"1490350062","key":"","authCode":"134746873129791715","order_sn":"2018030119123339783","price":2000}
2018-03-01 19:33:34 {"merchant_id":"1490350062","key":"","authCode":"134780321166383289","order_sn":"2018030119333497037","price":300}
2018-03-01 20:32:07 {"merchant_id":"1497272292","key":"","authCode":"134509052780249227","order_sn":"2018030120320759203","price":200}
2018-03-01 20:58:40 {"merchant_id":"1490350062","key":"","authCode":"134845992143651732","order_sn":"2018030120584082259","price":300}
2018-03-01 21:20:41 {"merchant_id":"1490350062","key":"","authCode":"134572767808013153","order_sn":"2018030121204152141","price":300}
2018-03-01 21:27:59 {"merchant_id":"1497272292","key":"","authCode":"134941882405074513","order_sn":"2018030121275942012","price":200}
2018-03-01 21:52:28 {"merchant_id":"1493159782","key":"","authCode":"134751354764309380","order_sn":"2018030121522836515","price":300}
2018-03-01 21:54:06 {"merchant_id":"1493159782","key":"","authCode":"135357569622426316","order_sn":"2018030121540651121","price":100}
2018-03-01 22:33:40 {"merchant_id":"1493159782","key":"","authCode":"134564558746827954","order_sn":"2018030122334053257","price":300}
