2018-02-17 07:35:48 {"merchant_id":"1493159782","key":"","authCode":"134769778289013079","order_sn":"2018021707354838582","price":10}
2018-02-17 08:48:12 {"merchant_id":"1490350062","key":"","authCode":"134714057306097578","order_sn":"2018021708481217876","price":15}
2018-02-17 13:32:41 {"merchant_id":"1493159782","key":"","authCode":"135009517551053615","order_sn":"2018021713324110791","price":300}
2018-02-17 14:18:57 {"merchant_id":"1490350062","key":"","authCode":"134591403199743525","order_sn":"2018021714185756670","price":400}
2018-02-17 15:12:38 {"merchant_id":"1493159782","key":"","authCode":"135059142256158153","order_sn":"2018021715123867668","price":400}
2018-02-17 15:57:01 {"merchant_id":"1490350062","key":"","authCode":"135076466297132481","order_sn":"2018021715570113682","price":4}
2018-02-17 16:36:16 {"merchant_id":"1490350062","key":"","authCode":"134738309283733585","order_sn":"2018021716361695441","price":200}
2018-02-17 16:39:31 {"merchant_id":"1490350062","key":"","authCode":"135262532819498910","order_sn":"2018021716393171272","price":200}
2018-02-17 17:13:06 {"merchant_id":"1493159782","key":"","authCode":"135473958000524062","order_sn":"2018021717130658259","price":200}
2018-02-17 17:50:24 {"merchant_id":"1493159782","key":"","authCode":"134520795721777810","order_sn":"2018021717502487360","price":200}
2018-02-17 17:51:37 {"merchant_id":"1493159782","key":"","authCode":"134624727286499706","order_sn":"2018021717513740480","price":1800}
2018-02-17 17:52:55 {"merchant_id":"1493159782","key":"","authCode":"134707060688297366","order_sn":"2018021717525576624","price":1800}
2018-02-17 19:44:07 {"merchant_id":"2088921838174074","key":"201801BBc27df252ea9e43708e6012a2d32a4D07","authCode":"288552259287812121","order_sn":"2018021719440762278","price":200}
2018-02-17 19:44:07 {"app_id":"2017071207730667","method":"alipay.trade.pay","charset":"utf-8","sign_type":"RSA","app_auth_token":"201801BBc27df252ea9e43708e6012a2d32a4D07","timestamp":"2018-02-17 19:44:07","version":"1.0","biz_content":"{\"out_trade_no\":\"2018021719440762278\",\"scene\":\"bar_code\",\"auth_code\":\"288552259287812121\",\"subject\":\"\\u8ba2\\u5355\\u53f7:2018021719440762278\",\"seller_id\":\"2088921838174074\",\"total_amount\":200,\"extend_params\":{\"sys_service_provider_id\":\"2088721521881652\"}}","sign":"cN46l042algQeIw0YsvWudop5wpePH79OuqZ7XyEkOy15Y6UPbNvZPxlUCTXFy23Yd8W6Nju8h1Vp6fO3Br6EAV4SKdnLqMgnfYruoisD8cr270SERmk4tLniFVn1JdVYZ1cM\/n4KNdTAGTecNjgLpMLHI7jddOTG6c0s3R7sNM="}
2018-02-17 19:44:08 {"alipay_trade_pay_response":{"code":"10000","msg":"Success","buyer_logon_id":"185****8666","buyer_pay_amount":"200.00","buyer_user_id":"2088722259615889","fund_bill_list":[{"amount":"200.00","fund_channel":"ALIPAYACCOUNT"}],"gmt_payment":"2018-02-17 19:44:08","invoice_amount":"200.00","out_trade_no":"2018021719440762278","point_amount":"0.00","receipt_amount":"200.00","total_amount":"200.00","trade_no":"2018021721001004880203728683"},"sign":"Swc729rRKkbHVR+EXif5GyYDqiqQ8qV3dNKvHRXw35XSlYVSk6p5ySuLFNJOOaFj+HNXY6OFEPnyK04flpDf01+HIGyxcSpZCAPfa3Vw5t1cac4K+EOXjc1PzJUIjlFHBqDEXk+fYZz57Tq6DUTG7qhpqkuVTYlolCx6Hs1tjz4="}
2018-02-17 20:32:19 {"merchant_id":"2088822285099072","key":"201710BBaa55e11a995b41488709d94fe3bfbX07","authCode":"287515732575844880","order_sn":"2018021720321953096","price":200}
2018-02-17 20:32:19 {"app_id":"2017071207730667","method":"alipay.trade.pay","charset":"utf-8","sign_type":"RSA","app_auth_token":"201710BBaa55e11a995b41488709d94fe3bfbX07","timestamp":"2018-02-17 20:32:19","version":"1.0","biz_content":"{\"out_trade_no\":\"2018021720321953096\",\"scene\":\"bar_code\",\"auth_code\":\"287515732575844880\",\"subject\":\"\\u8ba2\\u5355\\u53f7:2018021720321953096\",\"seller_id\":\"2088822285099072\",\"total_amount\":200,\"extend_params\":{\"sys_service_provider_id\":\"2088721521881652\"}}","sign":"BS0YvntYyZqykXb3nPXiem4wnsQUm4NtKjsFgithn7AkPTtXe\/Z+9T04hlVVntAivGpp09vkTQDuqibfDjGTITHesPt0FAsZOIcO3VLwyPY0z2NkVNkbn8k4uk4Y+umv6FAJt7pps3sOPw5nzO8x9shv4aHpshA7NOZwLoB1Lxw="}
2018-02-17 20:32:20 {"alipay_trade_pay_response":{"code":"10000","msg":"Success","buyer_logon_id":"son***@163.com","buyer_pay_amount":"200.00","buyer_user_id":"2088102315761879","fund_bill_list":[{"amount":"200.00","fund_channel":"ALIPAYACCOUNT"}],"gmt_payment":"2018-02-17 20:32:20","invoice_amount":"200.00","out_trade_no":"2018021720321953096","point_amount":"0.00","receipt_amount":"200.00","total_amount":"200.00","trade_no":"2018021721001004870532662660"},"sign":"KFp8O6HIVDe6wNfv40WJcJYu0V5alCdBIWivGdkbUCThP+1iJUvUdWANwarZnnwfnVrL3F83vLVbLomnGCumDZx0vg33aLLtiabUUfhMD2p2wjmKpbQTRVDezmBbwXNJDt2Xp0Gw9QQBUk3ELGyIa5LM3kBARPEe1PmJYGFMTUU="}
2018-02-17 20:35:12 {"merchant_id":"1497272292","key":"","authCode":"134922953553994004","order_sn":"2018021720351216348","price":200}
2018-02-17 20:35:15 {"merchant_id":"1493159782","key":"","authCode":"134615091116689650","order_sn":"2018021720351567882","price":400}
2018-02-17 20:58:20 {"merchant_id":"1493159782","key":"","authCode":"134895726580415807","order_sn":"2018021720582093889","price":2000}
2018-02-17 20:59:53 {"merchant_id":"2088822285099072","key":"201710BBaa55e11a995b41488709d94fe3bfbX07","authCode":"280037160393185600","order_sn":"2018021720595362806","price":300}
2018-02-17 20:59:53 {"app_id":"2017071207730667","method":"alipay.trade.pay","charset":"utf-8","sign_type":"RSA","app_auth_token":"201710BBaa55e11a995b41488709d94fe3bfbX07","timestamp":"2018-02-17 20:59:53","version":"1.0","biz_content":"{\"out_trade_no\":\"2018021720595362806\",\"scene\":\"bar_code\",\"auth_code\":\"280037160393185600\",\"subject\":\"\\u8ba2\\u5355\\u53f7:2018021720595362806\",\"seller_id\":\"2088822285099072\",\"total_amount\":300,\"extend_params\":{\"sys_service_provider_id\":\"2088721521881652\"}}","sign":"RjR6Q5eEkTz08F5AxRr0GoRAXNWk7+INmcID8B+OCf2PAvv3p+Ab8RaHxwdSsjQHjnAJ889kKDFltY9GTJOYTP0QduBnXQLj\/vryxiU9V3ncufiA\/aU8A2d81jeYRRmQnx3wH3MK6BXbxWV5AzP\/QL3VI+OvIBNiVXNp1YPbWDE="}
2018-02-17 20:59:54 {"alipay_trade_pay_response":{"code":"10000","msg":"Success","buyer_logon_id":"135****0921","buyer_pay_amount":"300.00","buyer_user_id":"2088702824559482","fund_bill_list":[{"amount":"300.00","fund_channel":"PCREDIT"}],"gmt_payment":"2018-02-17 20:59:54","invoice_amount":"300.00","out_trade_no":"2018021720595362806","point_amount":"0.00","receipt_amount":"300.00","total_amount":"300.00","trade_no":"2018021721001004480251137311"},"sign":"joegreUa5srzgQEA6TdtY2GhKCe7XJcDNdwr24/C8dFxMIuRZ3tmLXpxtB8FIV+LgGS4m1q/0NiXqOCzUghBbu3J4ynKGcZD/RB5CiczSSfzawvuY2IL76LVzLBXaNePNdzoxwbACh/i4hw76G4HHkC1I5jeo4eytdtt8f/TAGE="}
2018-02-17 21:12:31 {"merchant_id":"2088822285099072","key":"201710BBaa55e11a995b41488709d94fe3bfbX07","authCode":"286080524494205101","order_sn":"2018021721123152835","price":100}
2018-02-17 21:12:31 {"app_id":"2017071207730667","method":"alipay.trade.pay","charset":"utf-8","sign_type":"RSA","app_auth_token":"201710BBaa55e11a995b41488709d94fe3bfbX07","timestamp":"2018-02-17 21:12:31","version":"1.0","biz_content":"{\"out_trade_no\":\"2018021721123152835\",\"scene\":\"bar_code\",\"auth_code\":\"286080524494205101\",\"subject\":\"\\u8ba2\\u5355\\u53f7:2018021721123152835\",\"seller_id\":\"2088822285099072\",\"total_amount\":100,\"extend_params\":{\"sys_service_provider_id\":\"2088721521881652\"}}","sign":"VoZqXc9GrGPDiZvb7I3QiYlp4KcSKIMEXyY82Gzatv6Gg0gY5enQOCyKTgdal0rDoZwvbnvmzlJ5OZgrWMDyxmtZKhTiaGV\/9mKe+lHS9sl6VinR3\/l0fPovZlHR0PR4v++M75CdZsH3GPotmNVPhlLCUFb8h\/ZKCdHM9Kj7CZ8="}
2018-02-17 21:12:32 {"alipay_trade_pay_response":{"code":"10000","msg":"Success","buyer_logon_id":"182****7321","buyer_pay_amount":"100.00","buyer_user_id":"2088022027925292","fund_bill_list":[{"amount":"100.00","fund_channel":"PCREDIT"}],"gmt_payment":"2018-02-17 21:12:32","invoice_amount":"100.00","out_trade_no":"2018021721123152835","point_amount":"0.00","receipt_amount":"100.00","total_amount":"100.00","trade_no":"2018021721001004290233732208"},"sign":"ZEt+3F4W3ciQSBKH7UB9FURrgDTa7Q8iYhXNhCrdBnZ7UviH1mmYi2dWkhEv+38b66Vr6iE7U+XkBAQMSowLUzRKLn0PEsZzthy2r1GSO9BvijKjRZQOpD4ihkNJI0ITINnzeRqriQGV02mC1Qn49AUpGAzuq5As7SnR6LXxYVs="}
2018-02-17 22:20:41 {"merchant_id":"1490350062","key":"","authCode":"134703076887236633","order_sn":"2018021722204177126","price":218}
2018-02-17 22:30:18 {"merchant_id":"1493159782","key":"","authCode":"134939447457697204","order_sn":"2018021722301881718","price":400}
2018-02-17 22:57:26 {"merchant_id":"1493159782","key":"","authCode":"134770319028828780","order_sn":"2018021722572620721","price":300}
