2018-05-13 04:06:17 {"merchant_id":"1493159782","key":"","authCode":"136353658037435052","order_sn":"2018051304061752482","price":600}

2018-05-13 07:51:42 {"merchant_id":"1499456762","key":"","authCode":"134840792602873603","order_sn":"2018051307514254540","price":9}

2018-05-13 07:54:32 {"merchant_id":"1499456762","key":"","authCode":"134604439437138032","order_sn":"2018051307543224412","price":9}

2018-05-13 07:58:42 {"merchant_id":"1490350062","key":"","authCode":"134928130317039949","order_sn":"2018051307584264816","price":300}

2018-05-13 08:49:47 {"merchant_id":"1499456762","key":"","authCode":"134519577279380830","order_sn":"2018051308494748781","price":8}

2018-05-13 08:49:52 {"merchant_id":"1499456762","key":"","authCode":"134564054883186866","order_sn":"2018051308495138365","price":148}

2018-05-13 08:50:25 {"merchant_id":"1499456762","key":"","authCode":"134770026771242497","order_sn":"2018051308502517102","price":148}

2018-05-13 08:50:42 {"merchant_id":"1499456762","key":"","authCode":"134659911810440315","order_sn":"2018051308504289248","price":148}

2018-05-13 09:01:13 {"merchant_id":"1499456762","key":"","authCode":"134715989584052026","order_sn":"2018051309011335350","price":7}

2018-05-13 09:10:04 {"merchant_id":"2088822285099072","key":"201710BBaa55e11a995b41488709d94fe3bfbX07","authCode":"284661265324907092","order_sn":"2018051309100457221","price":300}

2018-05-13 09:10:04 {"app_id":"2017071207730667","method":"alipay.trade.pay","charset":"utf-8","sign_type":"RSA","app_auth_token":"201710BBaa55e11a995b41488709d94fe3bfbX07","timestamp":"2018-05-13 09:10:04","version":"1.0","biz_content":"{\"out_trade_no\":\"2018051309100457221\",\"scene\":\"bar_code\",\"auth_code\":\"284661265324907092\",\"subject\":\"\\u8ba2\\u5355\\u53f7:2018051309100457221\",\"seller_id\":\"2088822285099072\",\"total_amount\":300,\"extend_params\":{\"sys_service_provider_id\":\"2088721521881652\"}}","sign":"Fh8ronn1nGC4xWobPGn54VwK1Z6Evofe+sS4v6P2AmAfzI6tS+4ALRf5SjhiQDfxayoPWS\/Y\/c6mCb0V4ObPp5WF4dxEG8yKaoEfJui0gkxZYXJXMkMj\/BS8NVern7CGxEAXInxoWnNpMt88MeifhDYkZIPlJ17YtOUDsSpnKpw="}

2018-05-13 09:10:05 {"alipay_trade_pay_response":{"code":"10000","msg":"Success","buyer_logon_id":"125***@qq.com","buyer_pay_amount":"300.00","buyer_user_id":"2088112284683524","fund_bill_list":[{"amount":"300.00","fund_channel":"PCREDIT"}],"gmt_payment":"2018-05-13 09:10:05","invoice_amount":"300.00","out_trade_no":"2018051309100457221","point_amount":"0.00","receipt_amount":"300.00","total_amount":"300.00","trade_no":"2018051321001004520507022908"},"sign":"QylXW63RoQx4xCH5pPTgs9C0lyPQzcfJpcujusgfl503Pdbx9lUS5DMO6nhOOgAbFdpWNSAvuyIwUOleTRPaCFzaxt3YFHlATFvi0xfhRDctHdvMHwOlmb4uXBq3sMnr48p8WC/RmIqo5BoszJPLzaDIynUh2srbF6Pgamm0+AA="}

2018-05-13 09:13:21 {"merchant_id":"1499456762","key":"","authCode":"134587914288992889","order_sn":"2018051309132131916","price":118}

2018-05-13 09:34:33 {"merchant_id":"1499456762","key":"","authCode":"135457365059654834","order_sn":"2018051309343310721","price":28}

2018-05-13 09:40:10 {"merchant_id":"2088822285099072","key":"201710BBaa55e11a995b41488709d94fe3bfbX07","authCode":"286577198265202722","order_sn":"2018051309401012616","price":200}

2018-05-13 09:40:10 {"app_id":"2017071207730667","method":"alipay.trade.pay","charset":"utf-8","sign_type":"RSA","app_auth_token":"201710BBaa55e11a995b41488709d94fe3bfbX07","timestamp":"2018-05-13 09:40:10","version":"1.0","biz_content":"{\"out_trade_no\":\"2018051309401012616\",\"scene\":\"bar_code\",\"auth_code\":\"286577198265202722\",\"subject\":\"\\u8ba2\\u5355\\u53f7:2018051309401012616\",\"seller_id\":\"2088822285099072\",\"total_amount\":200,\"extend_params\":{\"sys_service_provider_id\":\"2088721521881652\"}}","sign":"ZYt97Cif8vh\/9v7NM0ww6lQTyXEtEi2YBOQQYDbin1X22W3GmT3yZfV0s1uYiSTtUvwNKX7IbvvUBMxh+dVSNe37gpH564qyGsfiDB1wysGNNLnf5Pi4oYD1kYNeiUF5bm49UaB0N9V0iGW3cSBU+hu63EQe0XK2lcJfw9ruC6Q="}

2018-05-13 09:40:12 {"alipay_trade_pay_response":{"code":"10000","msg":"Success","buyer_logon_id":"574***@qq.com","buyer_pay_amount":"200.00","buyer_user_id":"2088702810439246","fund_bill_list":[{"amount":"200.00","fund_channel":"ALIPAYACCOUNT"}],"gmt_payment":"2018-05-13 09:40:12","invoice_amount":"200.00","out_trade_no":"2018051309401012616","point_amount":"0.00","receipt_amount":"200.00","total_amount":"200.00","trade_no":"2018051321001004240545575929"},"sign":"gmRWu89T98U+7qV2bsU5zWiPAqrvu0cxwkqQPt+/jub0x3BvaHmvuKN1ztoSy2EJZ8ua/7bg3038WMjJCDXDDnf0y/yF5bbDTDm/h8m0Ms36Mzu02+7m1JnXfsQWFI+QEISdWjQyKMiuMpTPfzhjc3GARiA1eyLiRzVWQFAc55U="}

2018-05-13 09:47:01 {"merchant_id":"1499456762","key":"","authCode":"134715411045679366","order_sn":"2018051309470184224","price":28}

2018-05-13 09:48:49 {"merchant_id":"1499456762","key":"","authCode":"134542129170523307","order_sn":"2018051309484915009","price":128}

2018-05-13 09:58:27 {"merchant_id":"1499456762","key":"","authCode":"134536870004381603","order_sn":"2018051309582779941","price":300}

2018-05-13 09:59:22 {"merchant_id":"1499456762","key":"","authCode":"134949150715239511","order_sn":"2018051309592243505","price":20}

2018-05-13 10:02:54 {"merchant_id":"1499456762","key":"","authCode":"134556023448152840","order_sn":"2018051310025469488","price":8}

2018-05-13 10:06:07 {"merchant_id":"1499456762","key":"","authCode":"134776994072459803","order_sn":"2018051310060752478","price":300}

2018-05-13 10:10:53 {"merchant_id":"1499456762","key":"","authCode":"134616904683355951","order_sn":"2018051310105394363","price":128}

2018-05-13 10:11:33 {"merchant_id":"1499456762","key":"","authCode":"134714706895936701","order_sn":"2018051310113269212","price":115.5}

2018-05-13 10:17:16 {"merchant_id":"1499456762","key":"","authCode":"134746464016171082","order_sn":"2018051310171699364","price":128}

2018-05-13 10:22:58 {"merchant_id":"1499456762","key":"","authCode":"134588882878792033","order_sn":"2018051310225896270","price":8}

2018-05-13 10:29:27 {"merchant_id":"1499456762","key":"","authCode":"134914974731714802","order_sn":"2018051310292776277","price":8}

2018-05-13 10:34:05 {"merchant_id":"1499456762","key":"","authCode":"134952929974732913","order_sn":"2018051310340592223","price":16}

2018-05-13 10:36:31 {"merchant_id":"1499456762","key":"","authCode":"134616784505251262","order_sn":"2018051310363125177","price":5}

2018-05-13 10:36:39 {"merchant_id":"1499456762","key":"","authCode":"135248352605205338","order_sn":"2018051310363998925","price":31}

2018-05-13 10:37:43 {"merchant_id":"1499456762","key":"","authCode":"134719921347860565","order_sn":"2018051310374342019","price":300}

2018-05-13 10:49:14 {"merchant_id":"1490350062","key":"","authCode":"135086993560395506","order_sn":"2018051310491485665","price":300}

2018-05-13 10:52:48 {"merchant_id":"1499456762","key":"","authCode":"134563131919966037","order_sn":"2018051310524896401","price":17}

2018-05-13 10:58:09 {"merchant_id":"1499456762","key":"","authCode":"134824959055743865","order_sn":"2018051310580978541","price":26}

2018-05-13 11:05:38 {"merchant_id":"1499456762","key":"","authCode":"134733318673699097","order_sn":"2018051311053878395","price":29}

2018-05-13 11:08:15 {"merchant_id":"1499456762","key":"","authCode":"134661842934635314","order_sn":"2018051311081529947","price":37}

2018-05-13 11:09:30 {"merchant_id":"1499456762","key":"","authCode":"134594592689528953","order_sn":"2018051311093013194","price":33}

2018-05-13 11:16:24 {"merchant_id":"1499456762","key":"","authCode":"135570766643964525","order_sn":"2018051311162452196","price":21}

2018-05-13 11:21:19 {"merchant_id":"1499456762","key":"","authCode":"134635796063949384","order_sn":"2018051311211944183","price":6}

2018-05-13 11:24:16 {"merchant_id":"1499456762","key":"","authCode":"134728619393651702","order_sn":"2018051311241643774","price":43}

2018-05-13 11:37:50 {"merchant_id":"1499456762","key":"","authCode":"134660206259628086","order_sn":"2018051311375023918","price":34}

2018-05-13 11:50:34 {"merchant_id":"1499456762","key":"","authCode":"134645652604567900","order_sn":"2018051311503422356","price":24}

2018-05-13 11:57:34 {"merchant_id":"1499456762","key":"","authCode":"134895961929479251","order_sn":"2018051311573490920","price":22}

2018-05-13 11:58:19 {"merchant_id":"1499456762","key":"","authCode":"134800154628674379","order_sn":"2018051311581941516","price":24}

2018-05-13 12:01:31 {"merchant_id":"1499456762","key":"","authCode":"135076662064992717","order_sn":"2018051312013130913","price":20}

2018-05-13 12:04:44 {"merchant_id":"1499456762","key":"","authCode":"134743900015671420","order_sn":"2018051312044445004","price":16}

2018-05-13 12:09:47 {"merchant_id":"1499456762","key":"","authCode":"135194437620605446","order_sn":"2018051312094761879","price":200}

2018-05-13 12:15:32 {"merchant_id":"1499456762","key":"","authCode":"134552506471132006","order_sn":"2018051312153211592","price":133}

2018-05-13 12:27:11 {"merchant_id":"1499456762","key":"","authCode":"134606346034591589","order_sn":"2018051312271110774","price":28}

2018-05-13 12:27:38 {"merchant_id":"1490350062","key":"","authCode":"134969704991772848","order_sn":"2018051312273879181","price":200}

2018-05-13 12:28:35 {"merchant_id":"1499456762","key":"","authCode":"134734974445816614","order_sn":"2018051312283520892","price":128}

2018-05-13 13:03:54 {"merchant_id":"1499456762","key":"","authCode":"134668495271998779","order_sn":"2018051313035433749","price":8.5}

2018-05-13 13:07:18 {"merchant_id":"1499456762","key":"","authCode":"134707809306379228","order_sn":"2018051313071873389","price":30}

2018-05-13 13:09:16 {"merchant_id":"1499456762","key":"","authCode":"135610648997483797","order_sn":"2018051313091674567","price":8}

2018-05-13 13:26:52 {"merchant_id":"1499456762","key":"","authCode":"134526931733523473","order_sn":"2018051313265294741","price":200}

2018-05-13 13:28:27 {"merchant_id":"1490350062","key":"","authCode":"134610226079363149","order_sn":"2018051313282794362","price":200}

2018-05-13 13:45:55 {"merchant_id":"1499456762","key":"","authCode":"134632796249159708","order_sn":"2018051313455529922","price":45}

2018-05-13 13:56:32 {"merchant_id":"1499456762","key":"","authCode":"134637085558276688","order_sn":"2018051313563235660","price":152}

2018-05-13 13:59:10 {"merchant_id":"1499456762","key":"","authCode":"134619916840073125","order_sn":"2018051313591035692","price":15}

2018-05-13 14:38:29 {"merchant_id":"1499456762","key":"","authCode":"135019426703034418","order_sn":"2018051314382945889","price":35}

2018-05-13 14:43:47 {"merchant_id":"1499456762","key":"","authCode":"134506475766795338","order_sn":"2018051314434774977","price":7}

2018-05-13 14:52:01 {"merchant_id":"1499456762","key":"","authCode":"134607912983619883","order_sn":"2018051314520165270","price":500}

2018-05-13 14:59:47 {"merchant_id":"1499456762","key":"","authCode":"134826349359393605","order_sn":"2018051314594776141","price":12}

2018-05-13 15:02:00 {"merchant_id":"1499456762","key":"","authCode":"134836679505474214","order_sn":"2018051315020099132","price":128}

2018-05-13 15:03:39 {"merchant_id":"1499456762","key":"","authCode":"134734099135854379","order_sn":"2018051315033952581","price":55}

2018-05-13 15:05:34 {"merchant_id":"1499456762","key":"","authCode":"134645404047093047","order_sn":"2018051315053458408","price":148}

2018-05-13 15:16:44 {"merchant_id":"1493159782","key":"","authCode":"134890095926618398","order_sn":"2018051315164497253","price":500}

2018-05-13 15:19:26 {"merchant_id":"1499456762","key":"","authCode":"134771246022483695","order_sn":"2018051315192632603","price":38}

2018-05-13 15:28:59 {"merchant_id":"1499456762","key":"","authCode":"134711201446274329","order_sn":"2018051315285982747","price":100}

2018-05-13 15:30:33 {"merchant_id":"1499456762","key":"","authCode":"134553079511445337","order_sn":"2018051315303366469","price":198}

2018-05-13 15:35:31 {"merchant_id":"1499456762","key":"","authCode":"134736415508166080","order_sn":"2018051315353124909","price":134}

2018-05-13 15:36:05 {"merchant_id":"1499456762","key":"","authCode":"134551789921824156","order_sn":"2018051315360519815","price":134}

2018-05-13 15:36:38 {"merchant_id":"1499456762","key":"","authCode":"134686782326889588","order_sn":"2018051315363831725","price":134}

2018-05-13 15:37:45 {"merchant_id":"1499456762","key":"","authCode":"134655132591961438","order_sn":"2018051315374544785","price":134}

2018-05-13 15:43:43 {"merchant_id":"1499456762","key":"","authCode":"134576840547904805","order_sn":"2018051315434344312","price":23.5}

2018-05-13 16:09:45 {"merchant_id":"1499456762","key":"","authCode":"134862542633425853","order_sn":"2018051316094546625","price":7}

2018-05-13 16:14:33 {"merchant_id":"1499456762","key":"","authCode":"134792981894936640","order_sn":"2018051316143393163","price":5}

2018-05-13 16:20:09 {"merchant_id":"1499456762","key":"","authCode":"135007323256391324","order_sn":"2018051316200982805","price":12}

2018-05-13 16:27:33 {"merchant_id":"1499456762","key":"","authCode":"134706798046416856","order_sn":"2018051316273359209","price":200}

2018-05-13 16:30:11 {"merchant_id":"1499456762","key":"","authCode":"134744777623853475","order_sn":"2018051316301161211","price":128}

2018-05-13 16:38:22 {"merchant_id":"1490350062","key":"","authCode":"134903600908779271","order_sn":"2018051316382289331","price":300}

2018-05-13 16:41:32 {"merchant_id":"1499456762","key":"","authCode":"134644517418635268","order_sn":"2018051316413269906","price":38}

2018-05-13 16:52:44 {"merchant_id":"1499456762","key":"","authCode":"134858407149792532","order_sn":"2018051316524498893","price":14}

2018-05-13 16:52:59 {"merchant_id":"1499456762","key":"","authCode":"134960640702152935","order_sn":"2018051316525983159","price":38}

2018-05-13 16:58:25 {"merchant_id":"1499456762","key":"","authCode":"134850739044579431","order_sn":"2018051316582593815","price":164}

2018-05-13 16:58:41 {"merchant_id":"1499456762","key":"","authCode":"134683321085068095","order_sn":"2018051316584118529","price":16}

2018-05-13 17:05:35 {"merchant_id":"1499456762","key":"","authCode":"134971600735764228","order_sn":"2018051317053574500","price":29}

2018-05-13 17:06:24 {"merchant_id":"1499456762","key":"","authCode":"134513175067324963","order_sn":"2018051317062460426","price":11}

2018-05-13 17:08:02 {"merchant_id":"1499456762","key":"","authCode":"134700668828636464","order_sn":"2018051317080213373","price":38}

2018-05-13 17:10:11 {"merchant_id":"1499456762","key":"","authCode":"134652228249706987","order_sn":"2018051317101152666","price":28.4}

2018-05-13 17:20:59 {"merchant_id":"1499456762","key":"","authCode":"134732178965924822","order_sn":"2018051317205969942","price":91}

2018-05-13 17:34:24 {"merchant_id":"1499456762","key":"","authCode":"134511311642114902","order_sn":"2018051317342475766","price":200}

2018-05-13 17:41:57 {"merchant_id":"1499456762","key":"","authCode":"135040738806119524","order_sn":"2018051317415726506","price":8}

2018-05-13 17:45:25 {"merchant_id":"1499456762","key":"","authCode":"137263501584160235","order_sn":"2018051317452520706","price":17}

2018-05-13 17:48:37 {"merchant_id":"1499456762","key":"","authCode":"134861366424301263","order_sn":"2018051317483793029","price":21.5}

2018-05-13 17:49:04 {"merchant_id":"1499456762","key":"","authCode":"134779578568046858","order_sn":"2018051317490422938","price":128}

2018-05-13 17:50:13 {"merchant_id":"1499456762","key":"","authCode":"134746804156365495","order_sn":"2018051317501394419","price":128}

2018-05-13 17:51:50 {"merchant_id":"1499456762","key":"","authCode":"134656290904469306","order_sn":"2018051317515013524","price":20}

2018-05-13 17:56:32 {"merchant_id":"1499456762","key":"","authCode":"135290441699573480","order_sn":"2018051317563234583","price":16.5}

2018-05-13 17:59:35 {"merchant_id":"1499456762","key":"","authCode":"134714787105581328","order_sn":"2018051317593537627","price":13}

2018-05-13 18:07:17 {"merchant_id":"1499456762","key":"","authCode":"134611896379353057","order_sn":"2018051318071794238","price":28}

2018-05-13 18:07:42 {"merchant_id":"1499456762","key":"","authCode":"134613374109287670","order_sn":"2018051318074282981","price":19}

2018-05-13 18:12:51 {"merchant_id":"1499456762","key":"","authCode":"134669766593558441","order_sn":"2018051318125181052","price":15}

2018-05-13 18:13:07 {"merchant_id":"1499456762","key":"","authCode":"134728330962732989","order_sn":"2018051318130769542","price":76}

2018-05-13 18:17:38 {"merchant_id":"1499456762","key":"","authCode":"134647834963698469","order_sn":"2018051318173896969","price":36}

2018-05-13 18:21:32 {"merchant_id":"1499456762","key":"","authCode":"135237438914841691","order_sn":"2018051318213237183","price":10}

2018-05-13 18:25:41 {"merchant_id":"1499456762","key":"","authCode":"135027615893199650","order_sn":"2018051318254146336","price":30}

2018-05-13 18:27:07 {"merchant_id":"1499456762","key":"","authCode":"135238719451248643","order_sn":"2018051318270799243","price":25}

2018-05-13 18:29:16 {"merchant_id":"1499456762","key":"","authCode":"135566814716472358","order_sn":"2018051318291647950","price":128}

2018-05-13 18:29:47 {"merchant_id":"1499456762","key":"","authCode":"134550561173030221","order_sn":"2018051318294747165","price":20}

2018-05-13 18:30:53 {"merchant_id":"1499456762","key":"","authCode":"134645169860874646","order_sn":"2018051318305336637","price":16}

2018-05-13 18:32:41 {"merchant_id":"1499456762","key":"","authCode":"134640144117322876","order_sn":"2018051318324163147","price":36}

2018-05-13 18:34:19 {"merchant_id":"1499456762","key":"","authCode":"134756027607167485","order_sn":"2018051318341940780","price":79.5}

2018-05-13 18:37:43 {"merchant_id":"1499456762","key":"","authCode":"134927456935623953","order_sn":"2018051318374342332","price":39}

2018-05-13 18:39:36 {"merchant_id":"1499456762","key":"","authCode":"134544278405104600","order_sn":"2018051318393619641","price":15}

2018-05-13 18:42:37 {"merchant_id":"1499456762","key":"","authCode":"134546813560739650","order_sn":"2018051318423778144","price":6}

2018-05-13 18:44:08 {"merchant_id":"1499456762","key":"","authCode":"134519542808037028","order_sn":"2018051318440814228","price":20}

2018-05-13 18:47:49 {"merchant_id":"1499456762","key":"","authCode":"134539568614177090","order_sn":"2018051318474953606","price":27}

2018-05-13 18:52:03 {"merchant_id":"1499456762","key":"","authCode":"134698752218929624","order_sn":"2018051318520390049","price":30}

2018-05-13 18:53:02 {"merchant_id":"1499456762","key":"","authCode":"135612863142813093","order_sn":"2018051318530289142","price":200}

2018-05-13 18:53:06 {"merchant_id":"1499456762","key":"","authCode":"134745147368075005","order_sn":"2018051318530644150","price":8}

2018-05-13 18:55:15 {"merchant_id":"1490350062","key":"","authCode":"135583579709492164","order_sn":"2018051318551590227","price":500}

2018-05-13 18:59:46 {"merchant_id":"1499456762","key":"","authCode":"134753783796421421","order_sn":"2018051318594697100","price":26}

2018-05-13 19:02:01 {"merchant_id":"1499456762","key":"","authCode":"134941183212159242","order_sn":"2018051319020149293","price":34}

2018-05-13 19:06:46 {"merchant_id":"1499456762","key":"","authCode":"134658386002688788","order_sn":"2018051319064656024","price":15}

2018-05-13 19:07:04 {"merchant_id":"1499456762","key":"","authCode":"134988482872945250","order_sn":"2018051319070426875","price":7}

2018-05-13 19:07:10 {"merchant_id":"1499456762","key":"","authCode":"134626936940724708","order_sn":"2018051319071028233","price":50}

2018-05-13 19:10:58 {"merchant_id":"1499456762","key":"","authCode":"134760145968987826","order_sn":"2018051319105895689","price":20}

2018-05-13 19:11:48 {"merchant_id":"1499456762","key":"","authCode":"134880252718878690","order_sn":"2018051319114851184","price":30}

2018-05-13 19:12:30 {"merchant_id":"1499456762","key":"","authCode":"134998139042585081","order_sn":"2018051319123071967","price":12}

2018-05-13 19:13:20 {"merchant_id":"1499456762","key":"","authCode":"135501567590471622","order_sn":"2018051319132055321","price":23.5}

2018-05-13 19:15:24 {"merchant_id":"1499456762","key":"","authCode":"134614162340312013","order_sn":"2018051319152439888","price":16}

2018-05-13 19:17:36 {"merchant_id":"1499456762","key":"","authCode":"134779599139332823","order_sn":"2018051319173673973","price":28}

2018-05-13 19:20:40 {"merchant_id":"1499456762","key":"","authCode":"134727184750417655","order_sn":"2018051319204061478","price":128}

2018-05-13 19:23:34 {"merchant_id":"1499456762","key":"","authCode":"134592652913715393","order_sn":"2018051319233446132","price":28}

2018-05-13 19:24:11 {"merchant_id":"1499456762","key":"","authCode":"134515465970783565","order_sn":"2018051319241119112","price":2}

2018-05-13 19:27:27 {"merchant_id":"1499456762","key":"","authCode":"134537908388605099","order_sn":"2018051319272766639","price":27}

2018-05-13 19:32:51 {"merchant_id":"1499456762","key":"","authCode":"134716893190603504","order_sn":"2018051319325134330","price":23}

2018-05-13 19:36:58 {"merchant_id":"1499456762","key":"","authCode":"134602390541516954","order_sn":"2018051319365895073","price":128}

2018-05-13 19:37:37 {"merchant_id":"1499456762","key":"","authCode":"134747668368687889","order_sn":"2018051319373768503","price":4}

2018-05-13 19:39:28 {"merchant_id":"1499456762","key":"","authCode":"134864131043923170","order_sn":"2018051319392832422","price":8}

2018-05-13 19:41:31 {"merchant_id":"1499456762","key":"","authCode":"135200346320448315","order_sn":"2018051319413172345","price":28}

2018-05-13 19:43:46 {"merchant_id":"1499456762","key":"","authCode":"134750667514245574","order_sn":"2018051319434611170","price":9}

2018-05-13 19:53:11 {"merchant_id":"1499456762","key":"","authCode":"134741104603458266","order_sn":"2018051319531125665","price":24}

2018-05-13 19:54:17 {"merchant_id":"1493159782","key":"","authCode":"134804563434055772","order_sn":"2018051319541715822","price":300}

2018-05-13 19:56:47 {"merchant_id":"1499456762","key":"","authCode":"134688014336393545","order_sn":"2018051319564631457","price":54.5}

2018-05-13 20:04:15 {"merchant_id":"1499456762","key":"","authCode":"134777195483602336","order_sn":"2018051320041588303","price":27}

2018-05-13 20:10:26 {"merchant_id":"1499456762","key":"","authCode":"134921250057635665","order_sn":"2018051320102688800","price":16}

2018-05-13 20:15:01 {"merchant_id":"1499456762","key":"","authCode":"134782717882786970","order_sn":"2018051320150143127","price":35}

2018-05-13 20:15:58 {"merchant_id":"1499456762","key":"","authCode":"134611123718118108","order_sn":"2018051320155813398","price":15}

2018-05-13 20:19:11 {"merchant_id":"1499456762","key":"","authCode":"135850746221259066","order_sn":"2018051320191113651","price":12}

2018-05-13 20:19:48 {"merchant_id":"1499456762","key":"","authCode":"134515364638751688","order_sn":"2018051320194869724","price":8}

2018-05-13 20:24:49 {"merchant_id":"1499456762","key":"","authCode":"134557339650954479","order_sn":"2018051320244858755","price":23}

2018-05-13 20:29:54 {"merchant_id":"1499456762","key":"","authCode":"135084450719978750","order_sn":"2018051320295442121","price":65}

2018-05-13 20:42:56 {"merchant_id":"1490350062","key":"","authCode":"135024114712281138","order_sn":"2018051320425675056","price":200}

2018-05-13 20:43:38 {"merchant_id":"1499456762","key":"","authCode":"134607024448762281","order_sn":"2018051320433863244","price":200}

2018-05-13 20:45:59 {"merchant_id":"1499456762","key":"","authCode":"134888807180116581","order_sn":"2018051320455917026","price":11.2}

2018-05-13 20:57:42 {"merchant_id":"1499456762","key":"","authCode":"134613690259438140","order_sn":"2018051320574243384","price":6}

2018-05-13 20:58:18 {"merchant_id":"1499456762","key":"","authCode":"134697964211199195","order_sn":"2018051320581882972","price":8}

2018-05-13 20:58:40 {"merchant_id":"1499456762","key":"","authCode":"134762889130949642","order_sn":"2018051320584032842","price":17}

2018-05-13 21:00:39 {"merchant_id":"1499456762","key":"","authCode":"134757444530353950","order_sn":"2018051321003961772","price":11}

2018-05-13 21:00:50 {"merchant_id":"1499456762","key":"","authCode":"134677427836504354","order_sn":"2018051321005024864","price":51}

2018-05-13 21:01:44 {"merchant_id":"1499456762","key":"","authCode":"135065006163224646","order_sn":"2018051321014469813","price":16}

2018-05-13 21:07:27 {"merchant_id":"1499456762","key":"","authCode":"134760463639568630","order_sn":"2018051321072730615","price":22}

2018-05-13 21:08:07 {"merchant_id":"1499456762","key":"","authCode":"134664362493681432","order_sn":"2018051321080776061","price":73}

2018-05-13 21:09:59 {"merchant_id":"1499456762","key":"","authCode":"135022000309200183","order_sn":"2018051321095967438","price":8}

2018-05-13 21:24:30 {"merchant_id":"1499456762","key":"","authCode":"134534891711944344","order_sn":"2018051321243054243","price":12}

2018-05-13 21:25:37 {"merchant_id":"1499456762","key":"","authCode":"134538478056240841","order_sn":"2018051321253730197","price":8}

2018-05-13 21:29:11 {"merchant_id":"1499456762","key":"","authCode":"134763351717116173","order_sn":"2018051321291197380","price":22.4}

2018-05-13 21:38:51 {"merchant_id":"1493159782","key":"","authCode":"134583141989324461","order_sn":"2018051321385151041","price":200}

2018-05-13 21:39:49 {"merchant_id":"1499456762","key":"","authCode":"134541900485497019","order_sn":"2018051321394995838","price":22.4}

2018-05-13 21:42:24 {"merchant_id":"1499456762","key":"","authCode":"134596139005276568","order_sn":"2018051321422478876","price":15}

2018-05-13 21:51:18 {"merchant_id":"1499456762","key":"","authCode":"134689382359029537","order_sn":"2018051321511873949","price":10}

2018-05-13 23:08:22 {"merchant_id":"2088822285099072","key":"201710BBaa55e11a995b41488709d94fe3bfbX07","authCode":"284991422264357954","order_sn":"2018051323082266363","price":300}

2018-05-13 23:08:22 {"app_id":"2017071207730667","method":"alipay.trade.pay","charset":"utf-8","sign_type":"RSA","app_auth_token":"201710BBaa55e11a995b41488709d94fe3bfbX07","timestamp":"2018-05-13 23:08:22","version":"1.0","biz_content":"{\"out_trade_no\":\"2018051323082266363\",\"scene\":\"bar_code\",\"auth_code\":\"284991422264357954\",\"subject\":\"\\u8ba2\\u5355\\u53f7:2018051323082266363\",\"seller_id\":\"2088822285099072\",\"total_amount\":300,\"extend_params\":{\"sys_service_provider_id\":\"2088721521881652\"}}","sign":"oPY8mj\/\/agm4CHOLbKiSHcxvPhaOKG2v\/3\/ld1jdQk5SbJA9o5J+SA\/NxFhInl0Pybp39FhecuE2rrLiWO7CCUy0LF458RRyEHf5rQqxMcOf4pDFox2oPt0pp926CYNx\/ojripgZCwYmrEEae9WBbyS34hvvlhQArM7gJa1PhwA="}

2018-05-13 23:08:24 {"alipay_trade_pay_response":{"code":"10000","msg":"Success","buyer_logon_id":"151****1555","buyer_pay_amount":"300.00","buyer_user_id":"2088032311820758","fund_bill_list":[{"amount":"300.00","fund_channel":"ALIPAYACCOUNT"}],"gmt_payment":"2018-05-13 23:08:24","invoice_amount":"300.00","out_trade_no":"2018051323082266363","point_amount":"0.00","receipt_amount":"300.00","total_amount":"300.00","trade_no":"2018051321001004750528516998"},"sign":"Fu12HFGXD2I6gmrCHZF0rDArSBA7YCoNGgkrgB5yNdfIS9Ntedqd5JjcaTu15UrhUzXvSiHXvrt9/AugOwvfIuITyUw+FCo7SfJLJZhbEuQqcWOegyQ62nNwzSSlq1rK/ncFxvZtmBWbKq4sb4p0dRkZ3z7DuVM2tIqX8CYLgRg="}

2018-05-13 23:08:55 {"merchant_id":"2088822285099072","key":"201710BBaa55e11a995b41488709d94fe3bfbX07","authCode":"280363178636994129","order_sn":"2018051323085556406","price":50}

2018-05-13 23:08:55 {"app_id":"2017071207730667","method":"alipay.trade.pay","charset":"utf-8","sign_type":"RSA","app_auth_token":"201710BBaa55e11a995b41488709d94fe3bfbX07","timestamp":"2018-05-13 23:08:55","version":"1.0","biz_content":"{\"out_trade_no\":\"2018051323085556406\",\"scene\":\"bar_code\",\"auth_code\":\"280363178636994129\",\"subject\":\"\\u8ba2\\u5355\\u53f7:2018051323085556406\",\"seller_id\":\"2088822285099072\",\"total_amount\":50,\"extend_params\":{\"sys_service_provider_id\":\"2088721521881652\"}}","sign":"a+9JJFVAocwirlcTr9XbvpON8\/mdWXX5EJcBMfy0rG8w+jtRtwHN43Ry7GHZx4mLsJzNQtzzjaa9bZJioFXvbSxuZ3QczGsuVtcR\/xSh5h+JQyCaL92NRUjx+Q4XpVsVMDgMHMkQBp76Cqa4jojjAufby3Rya8buv6+OMRxyWUQ="}

2018-05-13 23:08:55 {"alipay_trade_pay_response":{"code":"10000","msg":"Success","buyer_logon_id":"151****1555","buyer_pay_amount":"50.00","buyer_user_id":"2088032311820758","fund_bill_list":[{"amount":"50.00","fund_channel":"ALIPAYACCOUNT"}],"gmt_payment":"2018-05-13 23:08:55","invoice_amount":"50.00","out_trade_no":"2018051323085556406","point_amount":"0.00","receipt_amount":"50.00","total_amount":"50.00","trade_no":"2018051321001004750531391994"},"sign":"c0GJtAfywqT8sNEzWvrCEyeKWG4TbXfcyoPscyn3O5Q5M1/tgotJsjMmXzykxbsrWKDmxjnVPKgUyZhdTrfzcs5pxwPYDuJA3rQteptm00ib5LXJLMUxoKOZXX1fIssm1F7DZML5cpmA4B01Ko/F31FGELCKxkc41MgvdIZSoLE="}

2018-05-13 23:20:18 {"merchant_id":"1490350062","key":"","authCode":"134688534854548577","order_sn":"2018051323201813832","price":300}

2018-05-13 23:33:08 {"merchant_id":"2088822285099072","key":"201710BBaa55e11a995b41488709d94fe3bfbX07","authCode":"280733507669949989","order_sn":"2018051323330832937","price":200}

2018-05-13 23:33:08 {"app_id":"2017071207730667","method":"alipay.trade.pay","charset":"utf-8","sign_type":"RSA","app_auth_token":"201710BBaa55e11a995b41488709d94fe3bfbX07","timestamp":"2018-05-13 23:33:08","version":"1.0","biz_content":"{\"out_trade_no\":\"2018051323330832937\",\"scene\":\"bar_code\",\"auth_code\":\"280733507669949989\",\"subject\":\"\\u8ba2\\u5355\\u53f7:2018051323330832937\",\"seller_id\":\"2088822285099072\",\"total_amount\":200,\"extend_params\":{\"sys_service_provider_id\":\"2088721521881652\"}}","sign":"CzO7AXHi1dGshwBViJxAweik00OwTXQ+OKLkBp6+Knd9vQlZaN1BIau5w+xVXLqMgtn37yLWLJAy6epGcR21a+\/a5DHGGiIEOkKYFtyliPucswGvSrD6ml+bEe2VuhYEMdn6V0pbfNE2V6ZZc1qCdaCLH4RdblAfQwNr\/jW45Vw="}

2018-05-13 23:33:10 {"alipay_trade_pay_response":{"code":"10003","msg":" order success pay inprocess","buyer_logon_id":"f15***@icloud.com","buyer_pay_amount":"0.00","buyer_user_id":"2088912525162104","invoice_amount":"0.00","out_trade_no":"2018051323330832937","point_amount":"0.00","receipt_amount":"0.00","total_amount":"200.00","trade_no":"2018051321001004100575010059"},"sign":"npaI8WjMibmTR3Xqz6jUv0ZLNBcthHfSgaFyRnO5gtrUobp1RsLPWq+6DWFlqHlA7Hg80aRj2fjmrBUT/IBfLUfLGdr8mK1ztSIz8HBHLWmlLrVrL9rBH2HVlZ0/vc7giiyyGBf0cDGeqE6zFk8xOvEITNzRKhZdag48gEDNSxk="}

2018-05-13 23:33:10 {"alipay_trade_query_response":{"code":"10000","msg":"Success","buyer_logon_id":"f15***@icloud.com","buyer_pay_amount":"0.00","buyer_user_id":"2088912525162104","invoice_amount":"0.00","out_trade_no":"2018051323330832937","point_amount":"0.00","receipt_amount":"0.00","total_amount":"200.00","trade_no":"2018051321001004100575010059","trade_status":"WAIT_BUYER_PAY"},"sign":"oyKnp6r0De7WJ3gQ19iMkzRduZzoq+XS2HSpLo8QIJjeOmV7LYxivQ3gAdCUpJNNB/N5W8Lcrb9CQOhDU2lRfCiEYNFbrfdgaO6WWaBUiL6Yg1dGxTWQReAXRhRx6H2Gfy+TMYcD7nfzvqM8RBVHgn1KnAbYLfukchFUlANlZ6k="}

2018-05-13 23:33:14 {"alipay_trade_query_response":{"code":"10000","msg":"Success","buyer_logon_id":"f15***@icloud.com","buyer_pay_amount":"0.00","buyer_user_id":"2088912525162104","invoice_amount":"0.00","out_trade_no":"2018051323330832937","point_amount":"0.00","receipt_amount":"0.00","total_amount":"200.00","trade_no":"2018051321001004100575010059","trade_status":"WAIT_BUYER_PAY"},"sign":"oyKnp6r0De7WJ3gQ19iMkzRduZzoq+XS2HSpLo8QIJjeOmV7LYxivQ3gAdCUpJNNB/N5W8Lcrb9CQOhDU2lRfCiEYNFbrfdgaO6WWaBUiL6Yg1dGxTWQReAXRhRx6H2Gfy+TMYcD7nfzvqM8RBVHgn1KnAbYLfukchFUlANlZ6k="}

2018-05-13 23:33:18 {"alipay_trade_query_response":{"code":"10000","msg":"Success","buyer_logon_id":"f15***@icloud.com","buyer_pay_amount":"200.00","buyer_user_id":"2088912525162104","fund_bill_list":[{"amount":"200.00","fund_channel":"ALIPAYACCOUNT"}],"invoice_amount":"200.00","out_trade_no":"2018051323330832937","point_amount":"0.00","receipt_amount":"200.00","send_pay_date":"2018-05-13 23:33:16","total_amount":"200.00","trade_no":"2018051321001004100575010059","trade_status":"TRADE_SUCCESS"},"sign":"od2xsIMPJepU4ikmozu2xOhU0hoCsqWb27kkKu7J5XvAwW9/yZz7wMGRMVBLP20wdPklDE9Tlw9rrLBTsd2Jn53TAjtb/BvwG40gaN0PrHBwlMD99WGW15LBfHcXIihoEawAHWq+cdVr2YvL1lmyc4XBioMncYRCgmFQrDPtuNg="}

