2018-04-11 08:12:00 {"merchant_id":"1490350062","key":"","authCode":"134530721731797506","order_sn":"2018041108120072652","price":30}
2018-04-11 08:28:37 {"merchant_id":"1499456762","key":"","authCode":"134713395875409679","order_sn":"2018041108283761334","price":15.5}
2018-04-11 08:39:25 {"merchant_id":"1499456762","key":"","authCode":"135051151410760143","order_sn":"2018041108392539530","price":20}
2018-04-11 08:40:17 {"merchant_id":"1499456762","key":"","authCode":"134825027519136586","order_sn":"2018041108401752417","price":9}
2018-04-11 08:57:11 {"merchant_id":"1499456762","key":"","authCode":"135596712947256390","order_sn":"2018041108571191782","price":13}
2018-04-11 09:13:01 {"merchant_id":"1490350062","key":"","authCode":"134522823236695189","order_sn":"2018041109130148894","price":100}
2018-04-11 09:13:45 {"merchant_id":"1499456762","key":"","authCode":"134504104323015447","order_sn":"2018041109134520947","price":1}
2018-04-11 09:21:58 {"merchant_id":"1490350062","key":"","authCode":"134999362860498997","order_sn":"2018041109215865466","price":300}
2018-04-11 09:28:00 {"merchant_id":"1499456762","key":"","authCode":"134659101567031891","order_sn":"2018041109280038361","price":45}
2018-04-11 09:43:04 {"merchant_id":"1499456762","key":"","authCode":"135043784720131672","order_sn":"2018041109430458886","price":35}
2018-04-11 10:04:42 {"merchant_id":"1499456762","key":"","authCode":"134868873157814116","order_sn":"2018041110044245624","price":17}
2018-04-11 10:05:38 {"merchant_id":"1499456762","key":"","authCode":"135057964263020220","order_sn":"2018041110053878251","price":8}
2018-04-11 10:06:52 {"merchant_id":"1490350062","key":"","authCode":"134860547350740333","order_sn":"2018041110065217277","price":140}
2018-04-11 10:58:35 {"merchant_id":"1499456762","key":"","authCode":"134555858048802867","order_sn":"2018041110583571143","price":5}
2018-04-11 11:07:39 {"merchant_id":"1499456762","key":"","authCode":"134570345461952041","order_sn":"2018041111073997090","price":198}
2018-04-11 11:14:56 {"merchant_id":"2088821827997030","key":"201711BBc699bef5cde842dba6fa5c6bdc706A03","authCode":"280168833902669909","order_sn":"2018041111145655368","price":200}
2018-04-11 11:14:56 {"app_id":"2017071207730667","method":"alipay.trade.pay","charset":"utf-8","sign_type":"RSA","app_auth_token":"201711BBc699bef5cde842dba6fa5c6bdc706A03","timestamp":"2018-04-11 11:14:56","version":"1.0","biz_content":"{\"out_trade_no\":\"2018041111145655368\",\"scene\":\"bar_code\",\"auth_code\":\"280168833902669909\",\"subject\":\"\\u8ba2\\u5355\\u53f7:2018041111145655368\",\"seller_id\":\"2088821827997030\",\"total_amount\":200,\"extend_params\":{\"sys_service_provider_id\":\"2088721521881652\"}}","sign":"aFHmPRXUmwnlrRKHUwNw+4lenoo2GEYbE7hjQldESKLt8eNbGn1kKr3dYuVxj0Frf2FyJbrhIcXgOmJfzqqdxSp8+KwHOqK\/GCNpXfBtBgLOwNfXzbLaPXWo8RVv69RYh8K9yKH5RAUGeCfEi+BYE38xvfBbIqKEjOEa64LmN8o="}
2018-04-11 11:14:57 {"alipay_trade_pay_response":{"code":"10000","msg":"Success","buyer_logon_id":"186****9528","buyer_pay_amount":"200.00","buyer_user_id":"2088122505976391","fund_bill_list":[{"amount":"200.00","fund_channel":"ALIPAYACCOUNT"}],"gmt_payment":"2018-04-11 11:14:57","invoice_amount":"200.00","out_trade_no":"2018041111145655368","point_amount":"0.00","receipt_amount":"200.00","total_amount":"200.00","trade_no":"2018041121001004390552934080"},"sign":"aCoz7k7yvFYf6cIns34dDOgUkofgYEg6zplc4ijRfttnZ4hA45tMrJyB/z5mITF0FbXbl9ZxP2hOcf73BDdxikmi1SS58Fyfd0P+u0kVKYb7vf+RYBicB9HXuGpZa4Cz2jDgtDnfR/eZatLda8FEe5mWrK356yGfkGIJaWbxCLI="}
2018-04-11 11:21:25 {"merchant_id":"1499456762","key":"","authCode":"134866722086399101","order_sn":"2018041111212539700","price":41}
2018-04-11 11:25:34 {"merchant_id":"1499456762","key":"","authCode":"134515549318921245","order_sn":"2018041111253498777","price":6}
2018-04-11 11:33:09 {"merchant_id":"1499456762","key":"","authCode":"134756412301255564","order_sn":"2018041111330930705","price":7}

2018-04-11 11:33:59 {"merchant_id":"1499456762","key":"","authCode":"134656490583732878","order_sn":"2018041111335960651","price":53}

2018-04-11 11:34:12 {"merchant_id":"1493159782","key":"","authCode":"135000129485376967","order_sn":"2018041111341235253","price":200}

2018-04-11 11:37:26 {"merchant_id":"2088822285099072","key":"201710BBaa55e11a995b41488709d94fe3bfbX07","authCode":"288623309386303206","order_sn":"2018041111372688905","price":1000}

2018-04-11 11:37:26 {"app_id":"2017071207730667","method":"alipay.trade.pay","charset":"utf-8","sign_type":"RSA","app_auth_token":"201710BBaa55e11a995b41488709d94fe3bfbX07","timestamp":"2018-04-11 11:37:26","version":"1.0","biz_content":"{\"out_trade_no\":\"2018041111372688905\",\"scene\":\"bar_code\",\"auth_code\":\"288623309386303206\",\"subject\":\"\\u8ba2\\u5355\\u53f7:2018041111372688905\",\"seller_id\":\"2088822285099072\",\"total_amount\":1000,\"extend_params\":{\"sys_service_provider_id\":\"2088721521881652\"}}","sign":"P\/XGYh7BGK\/xpHDxuXD0tf3E\/UvE5jRFGlXjipBvT7QzFQKOoUPw9EhlNO2xrznYs7f+3WIDcUpDn3lzq\/dWut4bJFBKSVyrE4aP1DGjgsbeBgIBltEunj87\/LF+xJrpg1vwddHCvVa4l5ke7rLkyf0eMALJcW9zMUslHGDMmao="}

2018-04-11 11:37:28 {"alipay_trade_pay_response":{"code":"10000","msg":"Success","buyer_logon_id":"125***@qq.com","buyer_pay_amount":"1000.00","buyer_user_id":"2088112284683524","fund_bill_list":[{"amount":"1000.00","fund_channel":"ALIPAYACCOUNT"}],"gmt_payment":"2018-04-11 11:37:28","invoice_amount":"1000.00","out_trade_no":"2018041111372688905","point_amount":"0.00","receipt_amount":"1000.00","total_amount":"1000.00","trade_no":"2018041121001004520589145997"},"sign":"PAMzPcvZHvhCnvi1JkUrpbpmdDLe+IbIiLj+SsW0s/1duAmcgvS6VBIlHOfTaiHSBII91Fp1efUXKDm7jeoGbLrogX/OOSpNn2Sr6v5JSrRGHZqs6OrWUedixNsHlruBH9BVRr+CgSDMNNi/tX/UDXMLqpZe1vkw9VU+fIUN9yE="}

2018-04-11 12:09:59 {"merchant_id":"1499456762","key":"","authCode":"134613933753760078","order_sn":"2018041112095970019","price":25}

2018-04-11 12:13:47 {"merchant_id":"1499456762","key":"","authCode":"134562605160128140","order_sn":"2018041112134796526","price":48}

2018-04-11 12:18:13 {"merchant_id":"1499456762","key":"","authCode":"134504222119070090","order_sn":"2018041112181379230","price":14}

2018-04-11 12:22:27 {"merchant_id":"1499456762","key":"","authCode":"134719162186834535","order_sn":"2018041112222737620","price":28}

2018-04-11 12:27:29 {"merchant_id":"1499456762","key":"","authCode":"134635894757913344","order_sn":"2018041112272962687","price":33}

2018-04-11 12:35:55 {"merchant_id":"1499456762","key":"","authCode":"134581651099236525","order_sn":"2018041112355525942","price":12}

2018-04-11 12:40:04 {"merchant_id":"1499456762","key":"","authCode":"134599282090088938","order_sn":"2018041112400476738","price":28}

2018-04-11 12:58:05 {"merchant_id":"1499456762","key":"","authCode":"134641793957384469","order_sn":"2018041112580516771","price":20}

2018-04-11 12:59:19 {"merchant_id":"1499456762","key":"","authCode":"135189960320893580","order_sn":"2018041112591979989","price":22}

2018-04-11 13:06:31 {"merchant_id":"1499456762","key":"","authCode":"134759071543498010","order_sn":"2018041113063161475","price":30}

2018-04-11 13:09:42 {"merchant_id":"1499456762","key":"","authCode":"135251688781168456","order_sn":"2018041113094255744","price":36}

2018-04-11 13:48:12 {"merchant_id":"1499456762","key":"","authCode":"134850234394137158","order_sn":"2018041113481297113","price":198}

2018-04-11 13:55:47 {"merchant_id":"1499456762","key":"","authCode":"134575253617776574","order_sn":"2018041113554791998","price":39}

2018-04-11 14:18:08 {"merchant_id":"2088822285099072","key":"201710BBaa55e11a995b41488709d94fe3bfbX07","authCode":"285153832585345170","order_sn":"2018041114180824903","price":3}

2018-04-11 14:18:08 {"app_id":"2017071207730667","method":"alipay.trade.pay","charset":"utf-8","sign_type":"RSA","app_auth_token":"201710BBaa55e11a995b41488709d94fe3bfbX07","timestamp":"2018-04-11 14:18:08","version":"1.0","biz_content":"{\"out_trade_no\":\"2018041114180824903\",\"scene\":\"bar_code\",\"auth_code\":\"285153832585345170\",\"subject\":\"\\u8ba2\\u5355\\u53f7:2018041114180824903\",\"seller_id\":\"2088822285099072\",\"total_amount\":3,\"extend_params\":{\"sys_service_provider_id\":\"2088721521881652\"}}","sign":"GMy7RZiRWe53KSmodTBCZSQM3zq0BjNWGqnPEqpcgdpnGMTmqSFvDxl21tF6qUnZPJn391aeqDz02nmwcZK8nA5q66gGK2qU9FYmmFjGCc4UBnB1zHi2oGQVdoyPXcBFsRuZp3klwG6kPpav4nsnK27CzjU1fJuwqyxsBpAKlzk="}

2018-04-11 14:18:09 {"alipay_trade_pay_response":{"code":"10000","msg":"Success","buyer_logon_id":"182****1879","buyer_pay_amount":"3.00","buyer_user_id":"2088702863440352","fund_bill_list":[{"amount":"3.00","fund_channel":"ALIPAYACCOUNT"}],"gmt_payment":"2018-04-11 14:18:09","invoice_amount":"3.00","out_trade_no":"2018041114180824903","point_amount":"0.00","receipt_amount":"3.00","total_amount":"3.00","trade_no":"2018041121001004350551179098"},"sign":"ukwiBXB85KC+ZJD5Q6FTk0uPHPjD3N0fbYNJY4o4S1915g+m9h8vIUZiQeGDtY5g3DiTwEU++Psux1NOgD20dJbYu18zV1QqHN39EPkJGEYKgrR6kyabcIYiPzGzBpGHghnUEgEZeZhFESs3C7x1J225R3uohCOerwkT4OaW87c="}

2018-04-11 14:24:20 {"merchant_id":"1499456762","key":"","authCode":"134920573155684591","order_sn":"2018041114242091802","price":11}

2018-04-11 14:24:44 {"merchant_id":"1499456762","key":"","authCode":"135065585328509899","order_sn":"2018041114244444580","price":25}

2018-04-11 14:25:40 {"merchant_id":"1499456762","key":"","authCode":"134721855291568469","order_sn":"2018041114254059549","price":300}

2018-04-11 15:02:10 {"merchant_id":"1499456762","key":"","authCode":"134611498054071593","order_sn":"2018041115021047718","price":35}

2018-04-11 15:02:51 {"merchant_id":"1499456762","key":"","authCode":"134652172437464227","order_sn":"2018041115025184058","price":12}

2018-04-11 15:05:30 {"merchant_id":"1499456762","key":"","authCode":"135002419090428822","order_sn":"2018041115053064642","price":12}

2018-04-11 15:12:21 {"merchant_id":"1499456762","key":"","authCode":"134671939385875020","order_sn":"2018041115122137277","price":24}

2018-04-11 15:23:36 {"merchant_id":"1499456762","key":"","authCode":"134775269940278488","order_sn":"2018041115233634278","price":5}

2018-04-11 15:30:59 {"merchant_id":"1499456762","key":"","authCode":"134646864846659558","order_sn":"2018041115305954412","price":8}

2018-04-11 15:36:19 {"merchant_id":"1499456762","key":"","authCode":"134613398280105851","order_sn":"2018041115361912997","price":24}

2018-04-11 15:36:52 {"merchant_id":"1499456762","key":"","authCode":"134556348346476536","order_sn":"2018041115365279532","price":8}

2018-04-11 16:10:37 {"merchant_id":"1499456762","key":"","authCode":"135294276012660046","order_sn":"2018041116103721565","price":42}

2018-04-11 16:28:22 {"merchant_id":"1499456762","key":"","authCode":"134553507730845333","order_sn":"2018041116282277987","price":4}

2018-04-11 16:35:18 {"merchant_id":"1499456762","key":"","authCode":"134710272145288334","order_sn":"2018041116351859621","price":13}

2018-04-11 16:35:41 {"merchant_id":"1499456762","key":"","authCode":"134589598378881802","order_sn":"2018041116354171425","price":3.5}

2018-04-11 16:37:32 {"merchant_id":"1499456762","key":"","authCode":"134722767535518368","order_sn":"2018041116373267408","price":8}

2018-04-11 16:39:09 {"merchant_id":"1499456762","key":"","authCode":"134617539919215396","order_sn":"2018041116390949639","price":28}

2018-04-11 16:40:52 {"merchant_id":"1499456762","key":"","authCode":"134925575851716727","order_sn":"2018041116405230744","price":40}

2018-04-11 16:50:43 {"merchant_id":"1499456762","key":"","authCode":"135125730955378955","order_sn":"2018041116504348189","price":36}

2018-04-11 16:51:01 {"merchant_id":"1499456762","key":"","authCode":"134695598582357608","order_sn":"2018041116510122461","price":18}

2018-04-11 16:51:39 {"merchant_id":"1499456762","key":"","authCode":"135257391010261669","order_sn":"2018041116513971998","price":6}

2018-04-11 17:00:26 {"merchant_id":"1499456762","key":"","authCode":"134805491608144944","order_sn":"2018041117002673318","price":37}

2018-04-11 17:03:47 {"merchant_id":"1499456762","key":"","authCode":"134636025469434630","order_sn":"2018041117034764530","price":10}

2018-04-11 17:09:36 {"merchant_id":"1499456762","key":"","authCode":"134519942761564678","order_sn":"2018041117093632105","price":41}

2018-04-11 17:12:07 {"merchant_id":"1499456762","key":"","authCode":"134693545152063089","order_sn":"2018041117120782345","price":14}

2018-04-11 17:17:27 {"merchant_id":"1499456762","key":"","authCode":"134613956806197642","order_sn":"2018041117172774117","price":5}

2018-04-11 17:21:03 {"merchant_id":"1499456762","key":"","authCode":"134754914317404577","order_sn":"2018041117210356684","price":50}

2018-04-11 17:36:01 {"merchant_id":"1499456762","key":"","authCode":"134609621055782348","order_sn":"2018041117360111454","price":19}

2018-04-11 17:37:19 {"merchant_id":"1499456762","key":"","authCode":"134657239863134013","order_sn":"2018041117371952042","price":24}

2018-04-11 17:43:04 {"merchant_id":"1490350062","key":"","authCode":"134618175481127922","order_sn":"2018041117430440941","price":300}

2018-04-11 17:45:52 {"merchant_id":"1499456762","key":"","authCode":"134691951265871246","order_sn":"2018041117455224317","price":32}

2018-04-11 17:46:01 {"merchant_id":"1499456762","key":"","authCode":"135231944911497945","order_sn":"2018041117460120120","price":38}

2018-04-11 17:49:57 {"merchant_id":"1499456762","key":"","authCode":"134669349938650121","order_sn":"2018041117495763538","price":50}

2018-04-11 17:50:56 {"merchant_id":"1499456762","key":"","authCode":"134537162647684094","order_sn":"2018041117505651018","price":29}

2018-04-11 17:51:27 {"merchant_id":"1499456762","key":"","authCode":"134658662045292779","order_sn":"2018041117512715233","price":16}

2018-04-11 17:52:07 {"merchant_id":"1499456762","key":"","authCode":"134756007779071649","order_sn":"2018041117520790435","price":24}

2018-04-11 17:52:41 {"merchant_id":"1499456762","key":"","authCode":"134526665695239829","order_sn":"2018041117524127719","price":24}

2018-04-11 17:53:04 {"merchant_id":"1499456762","key":"","authCode":"134684073153110032","order_sn":"2018041117530426233","price":15}

2018-04-11 17:53:59 {"merchant_id":"1499456762","key":"","authCode":"134654638453268635","order_sn":"2018041117535912064","price":40}

2018-04-11 17:55:36 {"merchant_id":"1499456762","key":"","authCode":"134681736563908142","order_sn":"2018041117553631386","price":24.8}

2018-04-11 17:56:31 {"merchant_id":"1490350062","key":"","authCode":"134704264565289934","order_sn":"2018041117563166724","price":100}

2018-04-11 18:03:09 {"merchant_id":"1499456762","key":"","authCode":"134915910824410980","order_sn":"2018041118030988194","price":9}

2018-04-11 18:12:14 {"merchant_id":"1499456762","key":"","authCode":"135067297441329416","order_sn":"2018041118121459855","price":15}

2018-04-11 18:16:50 {"merchant_id":"1499456762","key":"","authCode":"134778377214378719","order_sn":"2018041118165040018","price":15}

2018-04-11 18:24:07 {"merchant_id":"1499456762","key":"","authCode":"134597949552093777","order_sn":"2018041118240783210","price":17}

2018-04-11 18:24:40 {"merchant_id":"1499456762","key":"","authCode":"134610298835817769","order_sn":"2018041118244037790","price":6}

2018-04-11 18:28:54 {"merchant_id":"1499456762","key":"","authCode":"134712080648169652","order_sn":"2018041118285464496","price":10}

2018-04-11 18:29:04 {"merchant_id":"1499456762","key":"","authCode":"134527563107347037","order_sn":"2018041118290431572","price":33}

2018-04-11 18:29:53 {"merchant_id":"1499456762","key":"","authCode":"134816587432081912","order_sn":"2018041118295321124","price":16}

2018-04-11 18:30:37 {"merchant_id":"1499456762","key":"","authCode":"134679824067096538","order_sn":"2018041118303795660","price":38}

2018-04-11 18:35:28 {"merchant_id":"1499456762","key":"","authCode":"134655732547296325","order_sn":"2018041118352818316","price":5}

2018-04-11 18:42:07 {"merchant_id":"1486561492","key":"","authCode":"135737431517619304","order_sn":"2018041118420732780","price":5}

2018-04-11 18:42:31 {"merchant_id":"1499456762","key":"","authCode":"134975353988961529","order_sn":"2018041118423153162","price":120}

2018-04-11 18:42:45 {"merchant_id":"1499456762","key":"","authCode":"134716260258256096","order_sn":"2018041118424577685","price":4}

2018-04-11 18:42:58 {"merchant_id":"1499456762","key":"","authCode":"134599679337158741","order_sn":"2018041118425882576","price":4}

2018-04-11 18:46:55 {"merchant_id":"1499456762","key":"","authCode":"134728624554406863","order_sn":"2018041118465563071","price":24}

2018-04-11 18:50:18 {"merchant_id":"1499456762","key":"","authCode":"135159263027529910","order_sn":"2018041118501852562","price":24.5}

2018-04-11 18:54:15 {"merchant_id":"1499456762","key":"","authCode":"134769001181525287","order_sn":"2018041118541594414","price":13}

2018-04-11 18:54:31 {"merchant_id":"1499456762","key":"","authCode":"134646748824013039","order_sn":"2018041118543171535","price":5}

2018-04-11 19:02:09 {"merchant_id":"1499456762","key":"","authCode":"134664654492972328","order_sn":"2018041119020911097","price":4}

2018-04-11 19:16:20 {"merchant_id":"1499456762","key":"","authCode":"134926974159824313","order_sn":"2018041119162072221","price":16}

2018-04-11 19:17:57 {"merchant_id":"1499456762","key":"","authCode":"136584392982111302","order_sn":"2018041119175713580","price":18}

2018-04-11 19:21:18 {"merchant_id":"1499456762","key":"","authCode":"134642039419141420","order_sn":"2018041119211851141","price":40}

2018-04-11 19:26:52 {"merchant_id":"1499456762","key":"","authCode":"134648776611069287","order_sn":"2018041119265282539","price":9}

2018-04-11 19:27:08 {"merchant_id":"1486561492","key":"","authCode":"135883495215707316","order_sn":"2018041119270849905","price":5}

2018-04-11 19:39:19 {"merchant_id":"1499456762","key":"","authCode":"134534131315413546","order_sn":"2018041119391913235","price":24}

2018-04-11 19:55:43 {"merchant_id":"1499456762","key":"","authCode":"134590279562498738","order_sn":"2018041119554339713","price":6}

2018-04-11 19:59:54 {"merchant_id":"1499456762","key":"","authCode":"134797162956382216","order_sn":"2018041119595411958","price":40}

2018-04-11 20:00:40 {"merchant_id":"1499456762","key":"","authCode":"134651213417819633","order_sn":"2018041120004060999","price":6}

2018-04-11 20:00:54 {"merchant_id":"1499456762","key":"","authCode":"134623540552875927","order_sn":"2018041120005496384","price":4}

2018-04-11 20:03:30 {"merchant_id":"1499456762","key":"","authCode":"134645036256677447","order_sn":"2018041120033062855","price":15}

2018-04-11 20:05:50 {"merchant_id":"1499456762","key":"","authCode":"134681149472795874","order_sn":"2018041120055047485","price":16}

2018-04-11 20:07:03 {"merchant_id":"1499456762","key":"","authCode":"134619025840776618","order_sn":"2018041120070341334","price":44}

2018-04-11 20:09:14 {"merchant_id":"1499456762","key":"","authCode":"134507445733197528","order_sn":"2018041120091443275","price":36}

2018-04-11 20:11:25 {"merchant_id":"1499456762","key":"","authCode":"134971787927255008","order_sn":"2018041120112548307","price":65}

2018-04-11 20:11:47 {"merchant_id":"2088822285099072","key":"201710BBaa55e11a995b41488709d94fe3bfbX07","authCode":"289815501430061320","order_sn":"2018041120114772347","price":2000}

2018-04-11 20:11:47 {"app_id":"2017071207730667","method":"alipay.trade.pay","charset":"utf-8","sign_type":"RSA","app_auth_token":"201710BBaa55e11a995b41488709d94fe3bfbX07","timestamp":"2018-04-11 20:11:47","version":"1.0","biz_content":"{\"out_trade_no\":\"2018041120114772347\",\"scene\":\"bar_code\",\"auth_code\":\"289815501430061320\",\"subject\":\"\\u8ba2\\u5355\\u53f7:2018041120114772347\",\"seller_id\":\"2088822285099072\",\"total_amount\":2000,\"extend_params\":{\"sys_service_provider_id\":\"2088721521881652\"}}","sign":"juObTtVEa6Oc65c6yF+IXOF5BFE50YpUN0Cie532xMMJFbjJicgi8tc0noi27iiJYM6Wywkuh3HfiJZO01ew5G5ARBcqJ64chAPV2wZboKQa+RuONom7axZd8aR\/7ltP85436PtY\/XfDThXkb1Nt8a5pQhHHrtjnpeXdecg9PBI="}

2018-04-11 20:11:48 {"alipay_trade_pay_response":{"code":"10003","msg":" order success pay inprocess","buyer_logon_id":"xcc***@163.com","buyer_pay_amount":"0.00","buyer_user_id":"2088102009797010","invoice_amount":"0.00","out_trade_no":"2018041120114772347","point_amount":"0.00","receipt_amount":"0.00","total_amount":"2000.00","trade_no":"2018041121001004010539839817"},"sign":"legccrzppQ8XB7w3anbjy5i9YN/wQRqiLy2x3LZWUmTCm183hQPfZJ8KppdPa8nRdzzYQbeoRspDLchuSXRpF00Cayn0ToNvmZ6QKdsSmX1Qb9y4/X9XzjA4ZOrJ3y/CKom8dOLXAn7C/rzNOL20402tvg6V1m0Er0N7tlWjcwE="}

2018-04-11 20:11:48 {"alipay_trade_query_response":{"code":"10000","msg":"Success","buyer_logon_id":"xcc***@163.com","buyer_pay_amount":"0.00","buyer_user_id":"2088102009797010","invoice_amount":"0.00","out_trade_no":"2018041120114772347","point_amount":"0.00","receipt_amount":"0.00","total_amount":"2000.00","trade_no":"2018041121001004010539839817","trade_status":"WAIT_BUYER_PAY"},"sign":"sS6aw7kFESvfhq7xr6pmYl4ospXG8tyt8MLswjGObXNKNU3BtGe45OkAgh2bzWM+rkF6ullwbZc6ZyOhBHFwWTZ6jNXpfEhBnlz0gFbDdiql91uMQrGij7ObJUXo3SR33Yk6px8k/FcoGASswQn5VAAWBEbildgjeBZE4QMoFyA="}

2018-04-11 20:11:52 {"alipay_trade_query_response":{"code":"10000","msg":"Success","buyer_logon_id":"xcc***@163.com","buyer_pay_amount":"0.00","buyer_user_id":"2088102009797010","invoice_amount":"0.00","out_trade_no":"2018041120114772347","point_amount":"0.00","receipt_amount":"0.00","total_amount":"2000.00","trade_no":"2018041121001004010539839817","trade_status":"WAIT_BUYER_PAY"},"sign":"sS6aw7kFESvfhq7xr6pmYl4ospXG8tyt8MLswjGObXNKNU3BtGe45OkAgh2bzWM+rkF6ullwbZc6ZyOhBHFwWTZ6jNXpfEhBnlz0gFbDdiql91uMQrGij7ObJUXo3SR33Yk6px8k/FcoGASswQn5VAAWBEbildgjeBZE4QMoFyA="}

2018-04-11 20:11:56 {"alipay_trade_query_response":{"code":"10000","msg":"Success","buyer_logon_id":"xcc***@163.com","buyer_pay_amount":"0.00","buyer_user_id":"2088102009797010","invoice_amount":"0.00","out_trade_no":"2018041120114772347","point_amount":"0.00","receipt_amount":"0.00","total_amount":"2000.00","trade_no":"2018041121001004010539839817","trade_status":"WAIT_BUYER_PAY"},"sign":"sS6aw7kFESvfhq7xr6pmYl4ospXG8tyt8MLswjGObXNKNU3BtGe45OkAgh2bzWM+rkF6ullwbZc6ZyOhBHFwWTZ6jNXpfEhBnlz0gFbDdiql91uMQrGij7ObJUXo3SR33Yk6px8k/FcoGASswQn5VAAWBEbildgjeBZE4QMoFyA="}

2018-04-11 20:12:01 {"alipay_trade_query_response":{"code":"10000","msg":"Success","buyer_logon_id":"xcc***@163.com","buyer_pay_amount":"0.00","buyer_user_id":"2088102009797010","invoice_amount":"0.00","out_trade_no":"2018041120114772347","point_amount":"0.00","receipt_amount":"0.00","total_amount":"2000.00","trade_no":"2018041121001004010539839817","trade_status":"WAIT_BUYER_PAY"},"sign":"sS6aw7kFESvfhq7xr6pmYl4ospXG8tyt8MLswjGObXNKNU3BtGe45OkAgh2bzWM+rkF6ullwbZc6ZyOhBHFwWTZ6jNXpfEhBnlz0gFbDdiql91uMQrGij7ObJUXo3SR33Yk6px8k/FcoGASswQn5VAAWBEbildgjeBZE4QMoFyA="}

2018-04-11 20:12:05 {"alipay_trade_query_response":{"code":"10000","msg":"Success","buyer_logon_id":"xcc***@163.com","buyer_pay_amount":"0.00","buyer_user_id":"2088102009797010","invoice_amount":"0.00","out_trade_no":"2018041120114772347","point_amount":"0.00","receipt_amount":"0.00","total_amount":"2000.00","trade_no":"2018041121001004010539839817","trade_status":"WAIT_BUYER_PAY"},"sign":"sS6aw7kFESvfhq7xr6pmYl4ospXG8tyt8MLswjGObXNKNU3BtGe45OkAgh2bzWM+rkF6ullwbZc6ZyOhBHFwWTZ6jNXpfEhBnlz0gFbDdiql91uMQrGij7ObJUXo3SR33Yk6px8k/FcoGASswQn5VAAWBEbildgjeBZE4QMoFyA="}

2018-04-11 20:12:09 {"alipay_trade_query_response":{"code":"10000","msg":"Success","buyer_logon_id":"xcc***@163.com","buyer_pay_amount":"0.00","buyer_user_id":"2088102009797010","invoice_amount":"0.00","out_trade_no":"2018041120114772347","point_amount":"0.00","receipt_amount":"0.00","total_amount":"2000.00","trade_no":"2018041121001004010539839817","trade_status":"WAIT_BUYER_PAY"},"sign":"sS6aw7kFESvfhq7xr6pmYl4ospXG8tyt8MLswjGObXNKNU3BtGe45OkAgh2bzWM+rkF6ullwbZc6ZyOhBHFwWTZ6jNXpfEhBnlz0gFbDdiql91uMQrGij7ObJUXo3SR33Yk6px8k/FcoGASswQn5VAAWBEbildgjeBZE4QMoFyA="}

2018-04-11 20:12:13 {"alipay_trade_query_response":{"code":"10000","msg":"Success","buyer_logon_id":"xcc***@163.com","buyer_pay_amount":"0.00","buyer_user_id":"2088102009797010","invoice_amount":"0.00","out_trade_no":"2018041120114772347","point_amount":"0.00","receipt_amount":"0.00","total_amount":"2000.00","trade_no":"2018041121001004010539839817","trade_status":"WAIT_BUYER_PAY"},"sign":"sS6aw7kFESvfhq7xr6pmYl4ospXG8tyt8MLswjGObXNKNU3BtGe45OkAgh2bzWM+rkF6ullwbZc6ZyOhBHFwWTZ6jNXpfEhBnlz0gFbDdiql91uMQrGij7ObJUXo3SR33Yk6px8k/FcoGASswQn5VAAWBEbildgjeBZE4QMoFyA="}

2018-04-11 20:12:16 {"alipay_trade_query_response":{"code":"10000","msg":"Success","buyer_logon_id":"xcc***@163.com","buyer_pay_amount":"0.00","buyer_user_id":"2088102009797010","invoice_amount":"0.00","out_trade_no":"2018041120114772347","point_amount":"0.00","receipt_amount":"0.00","total_amount":"2000.00","trade_no":"2018041121001004010539839817","trade_status":"TRADE_CLOSED"},"sign":"dm6o1Lt96IGh+AIuFbA+PA3txzPiUD0RuWUSmaFe2+ppAcfvzdrFmGGgbMrKJ+5nzsPpiIrvqXVrXW8wvQXrk4KCQiKRSzYYFxF0dpBau7MzDWC32cDav9F8oE3FE6WJyvvs6x95cTp/8yZ+yGNFCDmfL3HTsCACLzDAERyOpqk="}

2018-04-11 20:12:30 {"merchant_id":"2088822285099072","key":"201710BBaa55e11a995b41488709d94fe3bfbX07","authCode":"287393099918819179","order_sn":"2018041120123015362","price":2000}

2018-04-11 20:12:30 {"app_id":"2017071207730667","method":"alipay.trade.pay","charset":"utf-8","sign_type":"RSA","app_auth_token":"201710BBaa55e11a995b41488709d94fe3bfbX07","timestamp":"2018-04-11 20:12:30","version":"1.0","biz_content":"{\"out_trade_no\":\"2018041120123015362\",\"scene\":\"bar_code\",\"auth_code\":\"287393099918819179\",\"subject\":\"\\u8ba2\\u5355\\u53f7:2018041120123015362\",\"seller_id\":\"2088822285099072\",\"total_amount\":2000,\"extend_params\":{\"sys_service_provider_id\":\"2088721521881652\"}}","sign":"QPF5eQgGFgXwZXB\/dYLFJEc\/1PczuQFoMpqTzcLvhwgjc+rJo6p3VKLuYAYkpFhDtKj6IwGsYFbK\/kNX0j2SNHu0wX62aJvI9aM1+0+Kh58RIkBab3Futelpw66yewSmAqLRtu97V8fffIVITEPLoAP0XgrEvOhDSj4\/1rZS8pE="}

2018-04-11 20:12:30 {"alipay_trade_pay_response":{"code":"10003","msg":" order success pay inprocess","buyer_logon_id":"xcc***@163.com","buyer_pay_amount":"0.00","buyer_user_id":"2088102009797010","invoice_amount":"0.00","out_trade_no":"2018041120123015362","point_amount":"0.00","receipt_amount":"0.00","total_amount":"2000.00","trade_no":"2018041121001004010541516485"},"sign":"GjOtKjoQGtLvNaMhYBeJ/S/mHmzDNRhNVkLzWLsV5Tt18RA2FUbBffSAJLIm0uQpsDr1p5iIdF3P7LtRorGdLcMCyMEut7X/HK5p2f9MNyJI/KdlP1+wL35IH9sOh6g0CIEV5afTbDdt/eUA/gj13+y9NI5YUAyxFh0EKsP2zoM="}

2018-04-11 20:12:30 {"alipay_trade_query_response":{"code":"10000","msg":"Success","buyer_logon_id":"xcc***@163.com","buyer_pay_amount":"0.00","buyer_user_id":"2088102009797010","invoice_amount":"0.00","out_trade_no":"2018041120123015362","point_amount":"0.00","receipt_amount":"0.00","total_amount":"2000.00","trade_no":"2018041121001004010541516485","trade_status":"WAIT_BUYER_PAY"},"sign":"tyTEZVNkDswtFJ13yPvNrPd651rShUSMkoF4Tyba3255S5VPSJ+nBZDLja955h9jMtvhmU2QMzhDAEIcW4/Uclq8Lz5CZolBIxTzMnwQ6fp1zCPacQpqM9fnWvkppCSKc3LUWPAbepOU7KC8luIn2v6M3VFNlz14bck20NhO+08="}

2018-04-11 20:12:34 {"alipay_trade_query_response":{"code":"10000","msg":"Success","buyer_logon_id":"xcc***@163.com","buyer_pay_amount":"2000.00","buyer_user_id":"2088102009797010","fund_bill_list":[{"amount":"2000.00","fund_channel":"ALIPAYACCOUNT"}],"invoice_amount":"2000.00","out_trade_no":"2018041120123015362","point_amount":"0.00","receipt_amount":"2000.00","send_pay_date":"2018-04-11 20:12:34","total_amount":"2000.00","trade_no":"2018041121001004010541516485","trade_status":"TRADE_SUCCESS"},"sign":"HvZurueAQ5phMsLKm95LkvK0pB76KZnw7WEyFsdfNj29h9lretjhCe59B1sVDQfxxbxfc0ZjiOwVE3FjIMMo20qWkKZZH79DDW/e1CjP3eWBq78tfvCViOXAPLDUtX2W3umo8LPRTeVIA71WMiA+dm4AdsEeXx/g3GNMXq2c6Ik="}

2018-04-11 20:13:03 {"merchant_id":"1499456762","key":"","authCode":"134653502850903084","order_sn":"2018041120130347661","price":21}

2018-04-11 20:17:56 {"merchant_id":"1499456762","key":"","authCode":"134752570996616075","order_sn":"2018041120175671637","price":5}

2018-04-11 20:23:48 {"merchant_id":"1499456762","key":"","authCode":"134655926206914468","order_sn":"2018041120234852079","price":19}

2018-04-11 20:26:43 {"merchant_id":"1499456762","key":"","authCode":"134603053544159986","order_sn":"2018041120264338637","price":16.5}

2018-04-11 20:31:39 {"merchant_id":"1499456762","key":"","authCode":"134869875114076372","order_sn":"2018041120313963361","price":15}

2018-04-11 20:35:38 {"merchant_id":"1499456762","key":"","authCode":"134724278080034548","order_sn":"2018041120353882331","price":23}

2018-04-11 20:38:47 {"merchant_id":"1499456762","key":"","authCode":"134889655461949345","order_sn":"2018041120384765836","price":6}

2018-04-11 20:42:09 {"merchant_id":"1499456762","key":"","authCode":"134710286801485812","order_sn":"2018041120420922887","price":9}

2018-04-11 20:43:57 {"merchant_id":"1499456762","key":"","authCode":"135839501625847878","order_sn":"2018041120435794652","price":43}

2018-04-11 20:44:52 {"merchant_id":"1499456762","key":"","authCode":"134765274440744901","order_sn":"2018041120445254251","price":63.5}

2018-04-11 20:46:01 {"merchant_id":"1499456762","key":"","authCode":"134749287361966757","order_sn":"2018041120460122258","price":31.5}

2018-04-11 20:47:06 {"merchant_id":"1499456762","key":"","authCode":"135045699408689491","order_sn":"2018041120470667069","price":28}

2018-04-11 20:52:12 {"merchant_id":"1499456762","key":"","authCode":"135232994653666511","order_sn":"2018041120521218692","price":15}

2018-04-11 20:52:35 {"merchant_id":"1499456762","key":"","authCode":"134949412188140896","order_sn":"2018041120523576102","price":7}

2018-04-11 20:54:30 {"merchant_id":"1499456762","key":"","authCode":"135049630794402023","order_sn":"2018041120543042689","price":34}

2018-04-11 21:04:55 {"merchant_id":"1499456762","key":"","authCode":"135175851962637851","order_sn":"2018041121045581813","price":49.5}

2018-04-11 21:05:40 {"merchant_id":"1499456762","key":"","authCode":"135242692246328680","order_sn":"2018041121054098488","price":11}

2018-04-11 21:08:36 {"merchant_id":"1499456762","key":"","authCode":"135267158583492373","order_sn":"2018041121083680655","price":17}

2018-04-11 21:11:02 {"merchant_id":"1499456762","key":"","authCode":"134716704549352805","order_sn":"2018041121110255462","price":8}

2018-04-11 21:15:43 {"merchant_id":"1499456762","key":"","authCode":"134857116688635519","order_sn":"2018041121154380334","price":12.5}

2018-04-11 21:17:22 {"merchant_id":"2088822285099072","key":"201710BBaa55e11a995b41488709d94fe3bfbX07","authCode":"288544678825971196","order_sn":"2018041121172289767","price":2000}

2018-04-11 21:17:22 {"app_id":"2017071207730667","method":"alipay.trade.pay","charset":"utf-8","sign_type":"RSA","app_auth_token":"201710BBaa55e11a995b41488709d94fe3bfbX07","timestamp":"2018-04-11 21:17:22","version":"1.0","biz_content":"{\"out_trade_no\":\"2018041121172289767\",\"scene\":\"bar_code\",\"auth_code\":\"288544678825971196\",\"subject\":\"\\u8ba2\\u5355\\u53f7:2018041121172289767\",\"seller_id\":\"2088822285099072\",\"total_amount\":2000,\"extend_params\":{\"sys_service_provider_id\":\"2088721521881652\"}}","sign":"SQSb9D+\/ngAtNcQK1lsEzo7R1B4029l\/Otf0edjwuBT\/fXB5F0NVN6+wYRYZpDtHRZp687mYcJtiRhTa0Wlovww7vkwT2znnS8QGpm1uzlgHTciW6DpxfxJfD9\/m5ea3ruDwPq9XdqxgnlkUxOvRk3v4t+4McLJFjH+QkHjnxfg="}

2018-04-11 21:17:23 {"alipay_trade_pay_response":{"code":"10003","msg":" order success pay inprocess","buyer_logon_id":"591***@qq.com","buyer_pay_amount":"0.00","buyer_user_id":"2088712728920415","invoice_amount":"0.00","out_trade_no":"2018041121172289767","point_amount":"0.00","receipt_amount":"0.00","total_amount":"2000.00","trade_no":"2018041121001004410554969593"},"sign":"dm2LqSwJBAL9XP0vPhzdzoDmfddMszW7XvMckWEpxlovjRpFVTshpT8dY/jyAwth0yOrJAdnMLXmxTqapnQgqcJJeBEL/pa/9rzWer4YjdVtoNK2O4Fz/HpWYGJeSiDm7o5dZ7PcFwu65VPyJSoz81kuVDftOJGg/CF31iUGqb8="}

2018-04-11 21:17:23 {"alipay_trade_query_response":{"code":"10000","msg":"Success","buyer_logon_id":"591***@qq.com","buyer_pay_amount":"0.00","buyer_user_id":"2088712728920415","invoice_amount":"0.00","out_trade_no":"2018041121172289767","point_amount":"0.00","receipt_amount":"0.00","total_amount":"2000.00","trade_no":"2018041121001004410554969593","trade_status":"WAIT_BUYER_PAY"},"sign":"KN4gEN+WL/F6OSX3kF8tD4WjDcJM9d7Bx3lHtI6xU10FWhX2F+awBNfLb8eJy9POnbzA/eqVUqffSJAj6DnLfc5619LlEow5coHR/kdAGptD+b3TSsmpM4SGQKnqApXcAHz0iRJxLA8+5ttrWu6NVJRCUkuXQsVEDuUcb4GAkXw="}

2018-04-11 21:17:27 {"alipay_trade_query_response":{"code":"10000","msg":"Success","buyer_logon_id":"591***@qq.com","buyer_pay_amount":"0.00","buyer_user_id":"2088712728920415","invoice_amount":"0.00","out_trade_no":"2018041121172289767","point_amount":"0.00","receipt_amount":"0.00","total_amount":"2000.00","trade_no":"2018041121001004410554969593","trade_status":"WAIT_BUYER_PAY"},"sign":"KN4gEN+WL/F6OSX3kF8tD4WjDcJM9d7Bx3lHtI6xU10FWhX2F+awBNfLb8eJy9POnbzA/eqVUqffSJAj6DnLfc5619LlEow5coHR/kdAGptD+b3TSsmpM4SGQKnqApXcAHz0iRJxLA8+5ttrWu6NVJRCUkuXQsVEDuUcb4GAkXw="}

2018-04-11 21:17:31 {"alipay_trade_query_response":{"code":"10000","msg":"Success","buyer_logon_id":"591***@qq.com","buyer_pay_amount":"0.00","buyer_user_id":"2088712728920415","invoice_amount":"0.00","out_trade_no":"2018041121172289767","point_amount":"0.00","receipt_amount":"0.00","total_amount":"2000.00","trade_no":"2018041121001004410554969593","trade_status":"WAIT_BUYER_PAY"},"sign":"KN4gEN+WL/F6OSX3kF8tD4WjDcJM9d7Bx3lHtI6xU10FWhX2F+awBNfLb8eJy9POnbzA/eqVUqffSJAj6DnLfc5619LlEow5coHR/kdAGptD+b3TSsmpM4SGQKnqApXcAHz0iRJxLA8+5ttrWu6NVJRCUkuXQsVEDuUcb4GAkXw="}

2018-04-11 21:17:35 {"alipay_trade_query_response":{"code":"10000","msg":"Success","buyer_logon_id":"591***@qq.com","buyer_pay_amount":"0.00","buyer_user_id":"2088712728920415","invoice_amount":"0.00","out_trade_no":"2018041121172289767","point_amount":"0.00","receipt_amount":"0.00","total_amount":"2000.00","trade_no":"2018041121001004410554969593","trade_status":"WAIT_BUYER_PAY"},"sign":"KN4gEN+WL/F6OSX3kF8tD4WjDcJM9d7Bx3lHtI6xU10FWhX2F+awBNfLb8eJy9POnbzA/eqVUqffSJAj6DnLfc5619LlEow5coHR/kdAGptD+b3TSsmpM4SGQKnqApXcAHz0iRJxLA8+5ttrWu6NVJRCUkuXQsVEDuUcb4GAkXw="}

2018-04-11 21:17:40 {"alipay_trade_query_response":{"code":"10000","msg":"Success","buyer_logon_id":"591***@qq.com","buyer_pay_amount":"0.00","buyer_user_id":"2088712728920415","invoice_amount":"0.00","out_trade_no":"2018041121172289767","point_amount":"0.00","receipt_amount":"0.00","total_amount":"2000.00","trade_no":"2018041121001004410554969593","trade_status":"WAIT_BUYER_PAY"},"sign":"KN4gEN+WL/F6OSX3kF8tD4WjDcJM9d7Bx3lHtI6xU10FWhX2F+awBNfLb8eJy9POnbzA/eqVUqffSJAj6DnLfc5619LlEow5coHR/kdAGptD+b3TSsmpM4SGQKnqApXcAHz0iRJxLA8+5ttrWu6NVJRCUkuXQsVEDuUcb4GAkXw="}

2018-04-11 21:17:44 {"alipay_trade_query_response":{"code":"10000","msg":"Success","buyer_logon_id":"591***@qq.com","buyer_pay_amount":"2000.00","buyer_user_id":"2088712728920415","fund_bill_list":[{"amount":"2000.00","fund_channel":"PCREDIT"}],"invoice_amount":"2000.00","out_trade_no":"2018041121172289767","point_amount":"0.00","receipt_amount":"2000.00","send_pay_date":"2018-04-11 21:17:39","total_amount":"2000.00","trade_no":"2018041121001004410554969593","trade_status":"TRADE_SUCCESS"},"sign":"D+8jPdD2LbmLkIkqTzYs1Zk/owLy2Tx7au1lgX/fjE5KgsOjiIljOwEALj3Gb3huO++TrJ0IwnXqz7202Lf2A4jFEvDXCEOTRVWEfPTtapiIE0D0GpiCNuPvdkv9c9BZoAY2UJZW/YlaHeu9RvSyITHQ704GtHYXU3kphvob82Y="}

2018-04-11 21:26:42 {"merchant_id":"1490350062","key":"","authCode":"134623229090976899","order_sn":"2018041121264221558","price":30}

2018-04-11 21:36:51 {"merchant_id":"1499456762","key":"","authCode":"134647523319508319","order_sn":"2018041121365129895","price":16}

2018-04-11 21:47:18 {"merchant_id":"1499456762","key":"","authCode":"135542205703882295","order_sn":"2018041121471861294","price":27}

2018-04-11 22:00:19 {"merchant_id":"2088822285099072","key":"201710BBaa55e11a995b41488709d94fe3bfbX07","authCode":"285254141657741003","order_sn":"2018041122001961501","price":600}

2018-04-11 22:00:19 {"app_id":"2017071207730667","method":"alipay.trade.pay","charset":"utf-8","sign_type":"RSA","app_auth_token":"201710BBaa55e11a995b41488709d94fe3bfbX07","timestamp":"2018-04-11 22:00:19","version":"1.0","biz_content":"{\"out_trade_no\":\"2018041122001961501\",\"scene\":\"bar_code\",\"auth_code\":\"285254141657741003\",\"subject\":\"\\u8ba2\\u5355\\u53f7:2018041122001961501\",\"seller_id\":\"2088822285099072\",\"total_amount\":600,\"extend_params\":{\"sys_service_provider_id\":\"2088721521881652\"}}","sign":"GSIf\/gfL8dcwdzofAPZKXtRejFJs\/mxj1ayRCOAI7VjLtlNfDBqi3b028DkCLjRT5jZThMWQx6JknszmwOUtj0itWv5gx5N4vfdnEXj\/UNaG0G2F8HdYYu6ptWwQJL1grlucDgXltzmBSYE929s62qgOHwdmQqlqPj1iPqI8K4s="}

2018-04-11 22:00:20 {"alipay_trade_pay_response":{"code":"10003","msg":" order success pay inprocess","buyer_logon_id":"136****9615","buyer_pay_amount":"0.00","buyer_user_id":"2088422828870218","invoice_amount":"0.00","out_trade_no":"2018041122001961501","point_amount":"0.00","receipt_amount":"0.00","total_amount":"600.00","trade_no":"2018041121001004210552978288"},"sign":"hzw3XLkNAkbAbmVAWZEVN0/ox2qaOfP7ZCZ1w+l6wXO8bO9P/6FDUNYL7oHxiKffyqLhX+s8ieDK/kbOWFe0xoZgNE7p6xjwlSCRUxb6UUzouw70a1Q/nS9/G6jEgfBB7boLEYt+E96peq9k9GV5EL5eoLq9xEYrJWhBtAxTy3g="}

2018-04-11 22:00:20 {"alipay_trade_query_response":{"code":"10000","msg":"Success","buyer_logon_id":"136****9615","buyer_pay_amount":"0.00","buyer_user_id":"2088422828870218","invoice_amount":"0.00","out_trade_no":"2018041122001961501","point_amount":"0.00","receipt_amount":"0.00","total_amount":"600.00","trade_no":"2018041121001004210552978288","trade_status":"WAIT_BUYER_PAY"},"sign":"KYyJnqF8Msqx+Sb3ZBS+dj6141UNCrBjW5RUsxmi4Ztku+JJEZ6U0bjVpUmYMfVEiqRjS8goHJmo9wWdzgSQ3mkYdUJxieJe0tgeGiKZj0W1LUpIhjFs6TpDe4MuLcE7v3r90ATJI2DmUhZa1F64sH2ZO7nFafzAkmYUt3NfQ4Y="}

2018-04-11 22:00:24 {"alipay_trade_query_response":{"code":"10000","msg":"Success","buyer_logon_id":"136****9615","buyer_pay_amount":"0.00","buyer_user_id":"2088422828870218","invoice_amount":"0.00","out_trade_no":"2018041122001961501","point_amount":"0.00","receipt_amount":"0.00","total_amount":"600.00","trade_no":"2018041121001004210552978288","trade_status":"WAIT_BUYER_PAY"},"sign":"KYyJnqF8Msqx+Sb3ZBS+dj6141UNCrBjW5RUsxmi4Ztku+JJEZ6U0bjVpUmYMfVEiqRjS8goHJmo9wWdzgSQ3mkYdUJxieJe0tgeGiKZj0W1LUpIhjFs6TpDe4MuLcE7v3r90ATJI2DmUhZa1F64sH2ZO7nFafzAkmYUt3NfQ4Y="}

2018-04-11 22:00:28 {"alipay_trade_query_response":{"code":"10000","msg":"Success","buyer_logon_id":"136****9615","buyer_pay_amount":"0.00","buyer_user_id":"2088422828870218","invoice_amount":"0.00","out_trade_no":"2018041122001961501","point_amount":"0.00","receipt_amount":"0.00","total_amount":"600.00","trade_no":"2018041121001004210552978288","trade_status":"WAIT_BUYER_PAY"},"sign":"KYyJnqF8Msqx+Sb3ZBS+dj6141UNCrBjW5RUsxmi4Ztku+JJEZ6U0bjVpUmYMfVEiqRjS8goHJmo9wWdzgSQ3mkYdUJxieJe0tgeGiKZj0W1LUpIhjFs6TpDe4MuLcE7v3r90ATJI2DmUhZa1F64sH2ZO7nFafzAkmYUt3NfQ4Y="}

2018-04-11 22:00:32 {"alipay_trade_query_response":{"code":"10000","msg":"Success","buyer_logon_id":"136****9615","buyer_pay_amount":"0.00","buyer_user_id":"2088422828870218","invoice_amount":"0.00","out_trade_no":"2018041122001961501","point_amount":"0.00","receipt_amount":"0.00","total_amount":"600.00","trade_no":"2018041121001004210552978288","trade_status":"WAIT_BUYER_PAY"},"sign":"KYyJnqF8Msqx+Sb3ZBS+dj6141UNCrBjW5RUsxmi4Ztku+JJEZ6U0bjVpUmYMfVEiqRjS8goHJmo9wWdzgSQ3mkYdUJxieJe0tgeGiKZj0W1LUpIhjFs6TpDe4MuLcE7v3r90ATJI2DmUhZa1F64sH2ZO7nFafzAkmYUt3NfQ4Y="}

2018-04-11 22:00:36 {"alipay_trade_query_response":{"code":"10000","msg":"Success","buyer_logon_id":"136****9615","buyer_pay_amount":"0.00","buyer_user_id":"2088422828870218","invoice_amount":"0.00","out_trade_no":"2018041122001961501","point_amount":"0.00","receipt_amount":"0.00","total_amount":"600.00","trade_no":"2018041121001004210552978288","trade_status":"WAIT_BUYER_PAY"},"sign":"KYyJnqF8Msqx+Sb3ZBS+dj6141UNCrBjW5RUsxmi4Ztku+JJEZ6U0bjVpUmYMfVEiqRjS8goHJmo9wWdzgSQ3mkYdUJxieJe0tgeGiKZj0W1LUpIhjFs6TpDe4MuLcE7v3r90ATJI2DmUhZa1F64sH2ZO7nFafzAkmYUt3NfQ4Y="}

2018-04-11 22:00:41 {"alipay_trade_query_response":{"code":"10000","msg":"Success","buyer_logon_id":"136****9615","buyer_pay_amount":"0.00","buyer_user_id":"2088422828870218","invoice_amount":"0.00","out_trade_no":"2018041122001961501","point_amount":"0.00","receipt_amount":"0.00","total_amount":"600.00","trade_no":"2018041121001004210552978288","trade_status":"WAIT_BUYER_PAY"},"sign":"KYyJnqF8Msqx+Sb3ZBS+dj6141UNCrBjW5RUsxmi4Ztku+JJEZ6U0bjVpUmYMfVEiqRjS8goHJmo9wWdzgSQ3mkYdUJxieJe0tgeGiKZj0W1LUpIhjFs6TpDe4MuLcE7v3r90ATJI2DmUhZa1F64sH2ZO7nFafzAkmYUt3NfQ4Y="}

2018-04-11 22:00:45 {"alipay_trade_query_response":{"code":"10000","msg":"Success","buyer_logon_id":"136****9615","buyer_pay_amount":"0.00","buyer_user_id":"2088422828870218","invoice_amount":"0.00","out_trade_no":"2018041122001961501","point_amount":"0.00","receipt_amount":"0.00","total_amount":"600.00","trade_no":"2018041121001004210552978288","trade_status":"WAIT_BUYER_PAY"},"sign":"KYyJnqF8Msqx+Sb3ZBS+dj6141UNCrBjW5RUsxmi4Ztku+JJEZ6U0bjVpUmYMfVEiqRjS8goHJmo9wWdzgSQ3mkYdUJxieJe0tgeGiKZj0W1LUpIhjFs6TpDe4MuLcE7v3r90ATJI2DmUhZa1F64sH2ZO7nFafzAkmYUt3NfQ4Y="}

2018-04-11 22:00:48 {"alipay_trade_query_response":{"code":"10000","msg":"Success","buyer_logon_id":"136****9615","buyer_pay_amount":"0.00","buyer_user_id":"2088422828870218","invoice_amount":"0.00","out_trade_no":"2018041122001961501","point_amount":"0.00","receipt_amount":"0.00","total_amount":"600.00","trade_no":"2018041121001004210552978288","trade_status":"TRADE_CLOSED"},"sign":"KU6TtNb5b/SKvM8zy6jwUNobEui7QuI9HZfQl3QcU2sMKK+d8hrD5ZqbUPWJl3tsqY17iGKTSTRG9hZXSS8BZn43ZzinKafa1xPemfTrN0nkjTC6tvaDPJYB6vxYg+pJo7w3eIs1l8iMDq1bWBqW6M2ML3AHezpdz67loyTAYBg="}

2018-04-11 22:00:57 {"merchant_id":"2088822285099072","key":"201710BBaa55e11a995b41488709d94fe3bfbX07","authCode":"281069007462322599","order_sn":"2018041122005761266","price":600}

2018-04-11 22:00:57 {"app_id":"2017071207730667","method":"alipay.trade.pay","charset":"utf-8","sign_type":"RSA","app_auth_token":"201710BBaa55e11a995b41488709d94fe3bfbX07","timestamp":"2018-04-11 22:00:57","version":"1.0","biz_content":"{\"out_trade_no\":\"2018041122005761266\",\"scene\":\"bar_code\",\"auth_code\":\"281069007462322599\",\"subject\":\"\\u8ba2\\u5355\\u53f7:2018041122005761266\",\"seller_id\":\"2088822285099072\",\"total_amount\":600,\"extend_params\":{\"sys_service_provider_id\":\"2088721521881652\"}}","sign":"D\/7\/oS8MMce0s5FqwsPPeQRvGhmRUzjuldh+pE3vczHR77FfM9cgDLvFxYV7vjbCX88+TD39VX7m2WcOS2vtCwAq\/5E8FyZQfYiUyx\/V3mffLl9BHlP+46eX9m0yY5mQlknu32s0E+Ts3IS4JsYwsMOYSY0ra+xWp+UncS4QY2I="}

2018-04-11 22:00:58 {"alipay_trade_pay_response":{"code":"10003","msg":" order success pay inprocess","buyer_logon_id":"136****9615","buyer_pay_amount":"0.00","buyer_user_id":"2088422828870218","invoice_amount":"0.00","out_trade_no":"2018041122005761266","point_amount":"0.00","receipt_amount":"0.00","total_amount":"600.00","trade_no":"2018041121001004210553350884"},"sign":"jMewNi6pnsG5d37jMg/sfvwDKjhdNEc/UeeNlrGoWGsfi6pgqGxLHIrkQTdhQpqmgwRhvXAtrfvQmtTvbR1n1vjgbHtm5gq8uMMMyUfHV0aCaKcw93re71mhbgYgFCsO3rbFfSs7cWd1NX/b9NlShdt+SvS65pGIWsBmzf26BKM="}

2018-04-11 22:00:58 {"alipay_trade_query_response":{"code":"10000","msg":"Success","buyer_logon_id":"136****9615","buyer_pay_amount":"0.00","buyer_user_id":"2088422828870218","invoice_amount":"0.00","out_trade_no":"2018041122005761266","point_amount":"0.00","receipt_amount":"0.00","total_amount":"600.00","trade_no":"2018041121001004210553350884","trade_status":"WAIT_BUYER_PAY"},"sign":"HGHzGmtueSnHnCYGf2UCwu7y5+2BBUJuhOqYGgDj/mq1dgPCIwhfFeFIbn9+1l/882UuP5tTyxLeZNYjQUizNbelg6kDFFPzujSLNOfJDPyJ+wpV3kn8BzyhT9ObrKUtcNkr70AHrqHo2BIO5aDwAaVtYCKxmT9gxobhtgI7GzY="}

2018-04-11 22:01:02 {"alipay_trade_query_response":{"code":"10000","msg":"Success","buyer_logon_id":"136****9615","buyer_pay_amount":"0.00","buyer_user_id":"2088422828870218","invoice_amount":"0.00","out_trade_no":"2018041122005761266","point_amount":"0.00","receipt_amount":"0.00","total_amount":"600.00","trade_no":"2018041121001004210553350884","trade_status":"WAIT_BUYER_PAY"},"sign":"HGHzGmtueSnHnCYGf2UCwu7y5+2BBUJuhOqYGgDj/mq1dgPCIwhfFeFIbn9+1l/882UuP5tTyxLeZNYjQUizNbelg6kDFFPzujSLNOfJDPyJ+wpV3kn8BzyhT9ObrKUtcNkr70AHrqHo2BIO5aDwAaVtYCKxmT9gxobhtgI7GzY="}

2018-04-11 22:01:06 {"alipay_trade_query_response":{"code":"10000","msg":"Success","buyer_logon_id":"136****9615","buyer_pay_amount":"0.00","buyer_user_id":"2088422828870218","invoice_amount":"0.00","out_trade_no":"2018041122005761266","point_amount":"0.00","receipt_amount":"0.00","total_amount":"600.00","trade_no":"2018041121001004210553350884","trade_status":"WAIT_BUYER_PAY"},"sign":"HGHzGmtueSnHnCYGf2UCwu7y5+2BBUJuhOqYGgDj/mq1dgPCIwhfFeFIbn9+1l/882UuP5tTyxLeZNYjQUizNbelg6kDFFPzujSLNOfJDPyJ+wpV3kn8BzyhT9ObrKUtcNkr70AHrqHo2BIO5aDwAaVtYCKxmT9gxobhtgI7GzY="}

2018-04-11 22:01:10 {"alipay_trade_query_response":{"code":"10000","msg":"Success","buyer_logon_id":"136****9615","buyer_pay_amount":"0.00","buyer_user_id":"2088422828870218","invoice_amount":"0.00","out_trade_no":"2018041122005761266","point_amount":"0.00","receipt_amount":"0.00","total_amount":"600.00","trade_no":"2018041121001004210553350884","trade_status":"WAIT_BUYER_PAY"},"sign":"HGHzGmtueSnHnCYGf2UCwu7y5+2BBUJuhOqYGgDj/mq1dgPCIwhfFeFIbn9+1l/882UuP5tTyxLeZNYjQUizNbelg6kDFFPzujSLNOfJDPyJ+wpV3kn8BzyhT9ObrKUtcNkr70AHrqHo2BIO5aDwAaVtYCKxmT9gxobhtgI7GzY="}

2018-04-11 22:01:14 {"alipay_trade_query_response":{"code":"10000","msg":"Success","buyer_logon_id":"136****9615","buyer_pay_amount":"0.00","buyer_user_id":"2088422828870218","invoice_amount":"0.00","out_trade_no":"2018041122005761266","point_amount":"0.00","receipt_amount":"0.00","total_amount":"600.00","trade_no":"2018041121001004210553350884","trade_status":"WAIT_BUYER_PAY"},"sign":"HGHzGmtueSnHnCYGf2UCwu7y5+2BBUJuhOqYGgDj/mq1dgPCIwhfFeFIbn9+1l/882UuP5tTyxLeZNYjQUizNbelg6kDFFPzujSLNOfJDPyJ+wpV3kn8BzyhT9ObrKUtcNkr70AHrqHo2BIO5aDwAaVtYCKxmT9gxobhtgI7GzY="}

2018-04-11 22:01:19 {"alipay_trade_query_response":{"code":"10000","msg":"Success","buyer_logon_id":"136****9615","buyer_pay_amount":"0.00","buyer_user_id":"2088422828870218","invoice_amount":"0.00","out_trade_no":"2018041122005761266","point_amount":"0.00","receipt_amount":"0.00","total_amount":"600.00","trade_no":"2018041121001004210553350884","trade_status":"WAIT_BUYER_PAY"},"sign":"HGHzGmtueSnHnCYGf2UCwu7y5+2BBUJuhOqYGgDj/mq1dgPCIwhfFeFIbn9+1l/882UuP5tTyxLeZNYjQUizNbelg6kDFFPzujSLNOfJDPyJ+wpV3kn8BzyhT9ObrKUtcNkr70AHrqHo2BIO5aDwAaVtYCKxmT9gxobhtgI7GzY="}

2018-04-11 22:01:23 {"alipay_trade_query_response":{"code":"10000","msg":"Success","buyer_logon_id":"136****9615","buyer_pay_amount":"0.00","buyer_user_id":"2088422828870218","invoice_amount":"0.00","out_trade_no":"2018041122005761266","point_amount":"0.00","receipt_amount":"0.00","total_amount":"600.00","trade_no":"2018041121001004210553350884","trade_status":"WAIT_BUYER_PAY"},"sign":"HGHzGmtueSnHnCYGf2UCwu7y5+2BBUJuhOqYGgDj/mq1dgPCIwhfFeFIbn9+1l/882UuP5tTyxLeZNYjQUizNbelg6kDFFPzujSLNOfJDPyJ+wpV3kn8BzyhT9ObrKUtcNkr70AHrqHo2BIO5aDwAaVtYCKxmT9gxobhtgI7GzY="}

2018-04-11 22:01:26 {"alipay_trade_query_response":{"code":"10000","msg":"Success","buyer_logon_id":"136****9615","buyer_pay_amount":"0.00","buyer_user_id":"2088422828870218","invoice_amount":"0.00","out_trade_no":"2018041122005761266","point_amount":"0.00","receipt_amount":"0.00","total_amount":"600.00","trade_no":"2018041121001004210553350884","trade_status":"TRADE_CLOSED"},"sign":"HBGJxrdc3hNVmoHm7jPxW11gNXH/IiUZzQT0oSxuQOFyOOE60nhhkvgpbpNyO6xRFBJwx1EfUPD0ALw00cUx7gpUBauDwTVyNoUpP3oI6BRZQELDN5GeDZNxUZ5Ajr1MvsEP14m0c/AhaNIAOT50OWB1ebLq0d04fm8AunHQwO0="}

2018-04-11 22:02:21 {"merchant_id":"1490350062","key":"","authCode":"134893353430192739","order_sn":"2018041122022158366","price":600}

2018-04-11 22:09:04 {"merchant_id":"1490350062","key":"","authCode":"135312045786582493","order_sn":"2018041122090436509","price":200}

2018-04-11 22:12:57 {"merchant_id":"1486561492","key":"","authCode":"135897877851579122","order_sn":"2018041122125771470","price":3}

2018-04-11 22:13:57 {"merchant_id":"1490350062","key":"","authCode":"135345419097182207","order_sn":"2018041122135798609","price":300}

2018-04-11 22:14:13 {"merchant_id":"1490350062","key":"","authCode":"135183217511178031","order_sn":"2018041122141358995","price":260}

2018-04-11 22:14:23 {"merchant_id":"1490350062","key":"","authCode":"135250885274298386","order_sn":"2018041122142314407","price":250}

2018-04-11 22:14:42 {"merchant_id":"1490350062","key":"","authCode":"135188347849995868","order_sn":"2018041122144287507","price":230}

2018-04-11 22:46:32 {"merchant_id":"1490350062","key":"","authCode":"134507615735414438","order_sn":"2018041122463220232","price":200}

2018-04-11 22:56:50 {"merchant_id":"2088822285099072","key":"201710BBaa55e11a995b41488709d94fe3bfbX07","authCode":"282407999893257534","order_sn":"2018041122565032924","price":300}

2018-04-11 22:56:50 {"app_id":"2017071207730667","method":"alipay.trade.pay","charset":"utf-8","sign_type":"RSA","app_auth_token":"201710BBaa55e11a995b41488709d94fe3bfbX07","timestamp":"2018-04-11 22:56:50","version":"1.0","biz_content":"{\"out_trade_no\":\"2018041122565032924\",\"scene\":\"bar_code\",\"auth_code\":\"282407999893257534\",\"subject\":\"\\u8ba2\\u5355\\u53f7:2018041122565032924\",\"seller_id\":\"2088822285099072\",\"total_amount\":300,\"extend_params\":{\"sys_service_provider_id\":\"2088721521881652\"}}","sign":"TvRbN+gkcBryQmZmdAApCdkZhzYY24NmyDx1Ce51cZXdHTAACyDAkSqAV5zi\/VMoX1ILryhch14xytwMN16jaCOCboeyOi3UfhwvGpVnryDQfzn6gEOGDTI\/r\/dkQq2vlUeP7B\/jO2Cm236\/npN0EAHaqRhE1Y16ClvlR4e11SY="}

2018-04-11 22:56:51 {"alipay_trade_pay_response":{"code":"10000","msg":"Success","buyer_logon_id":"183****2660","buyer_pay_amount":"300.00","buyer_user_id":"2088122336258648","fund_bill_list":[{"amount":"300.00","fund_channel":"PCREDIT"}],"gmt_payment":"2018-04-11 22:56:51","invoice_amount":"300.00","out_trade_no":"2018041122565032924","point_amount":"0.00","receipt_amount":"300.00","total_amount":"300.00","trade_no":"2018041121001004640217845463"},"sign":"GoqJelE6dmgnMmeMp3r0+5pejgJEFpvjPGVHiVzw2P+Rs212Fb1A3qdOXRSVM3NrhpuwU2vDXe4mU0CVGiPKlBreIrWzpVDOyUFf39A5LdqjrDLQcuYbRjUVePS5OLaGKVLbiKOGK/m3KwtoCC0bsH7bFu9hl5GLtch5MGXIAEY="}

