2018-03-29 00:38:04 {"merchant_id":"1490350062","key":"","authCode":"135692745189434096","order_sn":"2018032900380468661","price":300}
2018-03-29 00:46:36 {"merchant_id":"1490350062","key":"","authCode":"134727507220510020","order_sn":"2018032900463671371","price":10}
2018-03-29 01:23:05 {"merchant_id":"1493159782","key":"","authCode":"134893348364613467","order_sn":"2018032901230592905","price":300}
2018-03-29 02:34:49 {"merchant_id":"1490350062","key":"","authCode":"134622294561959386","order_sn":"2018032902344977334","price":100}
2018-03-29 07:47:20 {"merchant_id":"1499456762","key":"","authCode":"134647042285926715","order_sn":"2018032907472031074","price":17}
2018-03-29 09:25:18 {"merchant_id":"1499456762","key":"","authCode":"134882054447636293","order_sn":"2018032909251899159","price":15}
2018-03-29 09:37:21 {"merchant_id":"1499456762","key":"","authCode":"134971127332841815","order_sn":"2018032909372186879","price":200}
2018-03-29 09:38:01 {"merchant_id":"1499456762","key":"","authCode":"134987217502412476","order_sn":"2018032909380179259","price":9}
2018-03-29 09:52:20 {"merchant_id":"1499456762","key":"","authCode":"134710490653077862","order_sn":"2018032909522019007","price":19}
2018-03-29 10:23:31 {"merchant_id":"1490350062","key":"","authCode":"134960549981713650","order_sn":"2018032910233188008","price":18}
2018-03-29 10:54:13 {"merchant_id":"1499456762","key":"","authCode":"134684700454174686","order_sn":"2018032910541398096","price":9}
2018-03-29 10:54:47 {"merchant_id":"1499456762","key":"","authCode":"134652884181169817","order_sn":"2018032910544699550","price":8}
2018-03-29 10:58:55 {"merchant_id":"1499456762","key":"","authCode":"134552072083726898","order_sn":"2018032910585567704","price":33}
2018-03-29 10:59:25 {"merchant_id":"1499456762","key":"","authCode":"134967469315037812","order_sn":"2018032910592546488","price":6}
2018-03-29 11:09:18 {"merchant_id":"1499456762","key":"","authCode":"134673715621873104","order_sn":"2018032911091898649","price":40}
2018-03-29 11:19:50 {"merchant_id":"1499456762","key":"","authCode":"134683460981032020","order_sn":"2018032911195023773","price":23}
2018-03-29 11:28:36 {"merchant_id":"1499456762","key":"","authCode":"134587823640540180","order_sn":"2018032911283633055","price":29}
2018-03-29 12:05:14 {"merchant_id":"1499456762","key":"","authCode":"134516187554630003","order_sn":"2018032912051416202","price":15}
2018-03-29 12:08:21 {"merchant_id":"1499456762","key":"","authCode":"134609332921332877","order_sn":"2018032912082176662","price":48}
2018-03-29 12:20:59 {"merchant_id":"1499456762","key":"","authCode":"134667235641486863","order_sn":"2018032912205995795","price":43}
2018-03-29 12:42:34 {"merchant_id":"1499456762","key":"","authCode":"134648751458756289","order_sn":"2018032912423469454","price":26}
2018-03-29 12:52:09 {"merchant_id":"1499456762","key":"","authCode":"134563040309534186","order_sn":"2018032912520923107","price":7}
2018-03-29 13:03:12 {"merchant_id":"1499456762","key":"","authCode":"135216435099972269","order_sn":"2018032913031297127","price":31}
2018-03-29 13:17:08 {"merchant_id":"1499456762","key":"","authCode":"135514305843108615","order_sn":"2018032913170848279","price":27}
2018-03-29 13:44:38 {"merchant_id":"1499456762","key":"","authCode":"134733473305054656","order_sn":"2018032913443868325","price":0.01}
2018-03-29 13:53:49 {"merchant_id":"1499456762","key":"","authCode":"134726154877617218","order_sn":"2018032913534950962","price":34}
2018-03-29 14:19:31 {"merchant_id":"1493159782","key":"","authCode":"135471164792893454","order_sn":"2018032914193166578","price":200}
2018-03-29 14:30:51 {"merchant_id":"1499456762","key":"","authCode":"134536111388260378","order_sn":"2018032914305149292","price":16.5}
2018-03-29 14:41:46 {"merchant_id":"1499456762","key":"","authCode":"134612137830659719","order_sn":"2018032914414673792","price":18}
2018-03-29 15:13:06 {"merchant_id":"1499456762","key":"","authCode":"135000723107389165","order_sn":"2018032915130652570","price":14}
2018-03-29 15:14:06 {"merchant_id":"1499456762","key":"","authCode":"134819925715870235","order_sn":"2018032915140660522","price":40}
2018-03-29 15:14:51 {"merchant_id":"1499456762","key":"","authCode":"134769623624658242","order_sn":"2018032915145128093","price":18}
2018-03-29 15:23:25 {"merchant_id":"1490350062","key":"","authCode":"135722028585410317","order_sn":"2018032915232580426","price":168}
2018-03-29 15:54:57 {"merchant_id":"1490350062","key":"","authCode":"134861057689839765","order_sn":"2018032915545769290","price":5000}
2018-03-29 16:05:02 {"merchant_id":"1499456762","key":"","authCode":"134850789267566785","order_sn":"2018032916050215155","price":22}
2018-03-29 16:09:13 {"merchant_id":"1499456762","key":"","authCode":"134553774436720210","order_sn":"2018032916091383314","price":15}
2018-03-29 16:16:10 {"merchant_id":"1499456762","key":"","authCode":"134922003738707968","order_sn":"2018032916161019911","price":128}
2018-03-29 16:19:00 {"merchant_id":"1499456762","key":"","authCode":"134957624289132965","order_sn":"2018032916190017907","price":23}
2018-03-29 16:30:27 {"merchant_id":"2088822285099072","key":"201710BBaa55e11a995b41488709d94fe3bfbX07","authCode":"280278542893107624","order_sn":"2018032916302763395","price":2000}
2018-03-29 16:30:27 {"app_id":"2017071207730667","method":"alipay.trade.pay","charset":"utf-8","sign_type":"RSA","app_auth_token":"201710BBaa55e11a995b41488709d94fe3bfbX07","timestamp":"2018-03-29 16:30:27","version":"1.0","biz_content":"{\"out_trade_no\":\"2018032916302763395\",\"scene\":\"bar_code\",\"auth_code\":\"280278542893107624\",\"subject\":\"\\u8ba2\\u5355\\u53f7:2018032916302763395\",\"seller_id\":\"2088822285099072\",\"total_amount\":2000,\"extend_params\":{\"sys_service_provider_id\":\"2088721521881652\"}}","sign":"d+D7Yf9mBjDl4cOJ+wgrFDCX6IpO1CjUdzAkX+ioIXMsgau15UkTnmuVbfWw90DDX\/mzb3QdLwDSFH6Ytooqeon3+5faqlkjmnHgI5A45VNtL2g976KoWnQQuml0WcLQGv3ds1OO9prPhAZJfhLe5KfGkADkcv5An\/dOFYkDu1Q="}
2018-03-29 16:30:27 {"alipay_trade_pay_response":{"code":"10003","msg":" order success pay inprocess","buyer_logon_id":"xcc***@163.com","buyer_pay_amount":"0.00","buyer_user_id":"2088102009797010","invoice_amount":"0.00","out_trade_no":"2018032916302763395","point_amount":"0.00","receipt_amount":"0.00","total_amount":"2000.00","trade_no":"2018032921001004010587350894"},"sign":"rXd8SdQOrPKgtFquO4wrihRtxAbyPfUXr9B8crqkA7mSB22T43oA63dVT/b/6a+z6Y5VAnok/uXi8R2LRnTmGs+mKdiHoZ3LD5k5s/sSPh8QtCz1nHp9GJ6PWd+0TgKvbJU3Q0abVST+mf8T9hf2VdfzGHDhIX5IFApXJkHid6M="}
2018-03-29 16:30:27 {"alipay_trade_query_response":{"code":"10000","msg":"Success","buyer_logon_id":"xcc***@163.com","buyer_pay_amount":"0.00","buyer_user_id":"2088102009797010","invoice_amount":"0.00","out_trade_no":"2018032916302763395","point_amount":"0.00","receipt_amount":"0.00","total_amount":"2000.00","trade_no":"2018032921001004010587350894","trade_status":"WAIT_BUYER_PAY"},"sign":"fvfobLrrsmSwp6M4+wCLzgWup3ap/jFcaUJDzN+VVJVRGq9zQvBvhYIqXJ0lILpV7mWTKHb7D0Ix0fMI4z53pvOOZvJjzAVeV5GudGpP2weWNQSYhPcbCz6sdn0lNplmbn7v4vFMXsaoumMVzUNdSE8SwqTCxsFpjiA5nTwEZ5Y="}
2018-03-29 16:30:31 {"alipay_trade_query_response":{"code":"10000","msg":"Success","buyer_logon_id":"xcc***@163.com","buyer_pay_amount":"0.00","buyer_user_id":"2088102009797010","invoice_amount":"0.00","out_trade_no":"2018032916302763395","point_amount":"0.00","receipt_amount":"0.00","total_amount":"2000.00","trade_no":"2018032921001004010587350894","trade_status":"WAIT_BUYER_PAY"},"sign":"fvfobLrrsmSwp6M4+wCLzgWup3ap/jFcaUJDzN+VVJVRGq9zQvBvhYIqXJ0lILpV7mWTKHb7D0Ix0fMI4z53pvOOZvJjzAVeV5GudGpP2weWNQSYhPcbCz6sdn0lNplmbn7v4vFMXsaoumMVzUNdSE8SwqTCxsFpjiA5nTwEZ5Y="}
2018-03-29 16:30:36 {"alipay_trade_query_response":{"code":"10000","msg":"Success","buyer_logon_id":"xcc***@163.com","buyer_pay_amount":"2000.00","buyer_user_id":"2088102009797010","fund_bill_list":[{"amount":"2000.00","fund_channel":"PCREDIT"}],"invoice_amount":"2000.00","out_trade_no":"2018032916302763395","point_amount":"0.00","receipt_amount":"2000.00","send_pay_date":"2018-03-29 16:30:31","total_amount":"2000.00","trade_no":"2018032921001004010587350894","trade_status":"TRADE_SUCCESS"},"sign":"KZJqciBT5iU2HhUgbctvZj5wD1j0Y/ZBAoacrDIgpyhlLuLDOksnX7Bu5FInG5KKW8RxhjsImoIqcRwrKyB1V/dXnqhxhR3Y7cZnshaY0fHabc3GcPpP60lnGtSOqk+2/kByThPCI5Zwx4A54+8S6DXZ1YjquqOYDQtvK0RnOfQ="}
2018-03-29 16:33:57 {"merchant_id":"1499456762","key":"","authCode":"135050435536056179","order_sn":"2018032916335725760","price":6}
2018-03-29 16:34:06 {"merchant_id":"1490350062","key":"","authCode":"134825520990669318","order_sn":"2018032916340618078","price":800}
2018-03-29 16:37:53 {"merchant_id":"1499456762","key":"","authCode":"134633272476685612","order_sn":"2018032916375320009","price":7.5}
2018-03-29 16:41:00 {"merchant_id":"1499456762","key":"","authCode":"134750435411688930","order_sn":"2018032916410087406","price":15}
2018-03-29 16:41:08 {"merchant_id":"1499456762","key":"","authCode":"134685194542012298","order_sn":"2018032916410893061","price":28}
2018-03-29 16:45:51 {"merchant_id":"1499456762","key":"","authCode":"134841599344220683","order_sn":"2018032916455181067","price":59}
2018-03-29 16:47:13 {"merchant_id":"1499456762","key":"","authCode":"134987072445599583","order_sn":"2018032916471387312","price":6}
2018-03-29 16:51:08 {"merchant_id":"1499456762","key":"","authCode":"135043944294881646","order_sn":"2018032916510861161","price":17.5}
2018-03-29 16:57:36 {"merchant_id":"1499456762","key":"","authCode":"134588992106284479","order_sn":"2018032916573653567","price":59}
2018-03-29 17:00:43 {"merchant_id":"1499456762","key":"","authCode":"134554141996056828","order_sn":"2018032917004358775","price":14.5}
2018-03-29 17:03:53 {"merchant_id":"1499456762","key":"","authCode":"134889691982473661","order_sn":"2018032917035336755","price":28}
2018-03-29 17:04:13 {"merchant_id":"1499456762","key":"","authCode":"134830779615620284","order_sn":"2018032917041225033","price":20}
2018-03-29 17:12:18 {"merchant_id":"1499456762","key":"","authCode":"134746741175284636","order_sn":"2018032917121886565","price":28}
2018-03-29 17:33:57 {"merchant_id":"1499456762","key":"","authCode":"134982302330042165","order_sn":"2018032917335790979","price":16}
2018-03-29 17:35:26 {"merchant_id":"1499456762","key":"","authCode":"135329346282332519","order_sn":"2018032917352624552","price":20}
2018-03-29 17:48:40 {"merchant_id":"1499456762","key":"","authCode":"135049616178820454","order_sn":"2018032917484080425","price":35}
2018-03-29 17:53:02 {"merchant_id":"1499456762","key":"","authCode":"134782348131962755","order_sn":"2018032917530232385","price":15}
2018-03-29 18:03:03 {"merchant_id":"1499456762","key":"","authCode":"134903400557910646","order_sn":"2018032918030319832","price":21}
2018-03-29 18:03:58 {"merchant_id":"1499456762","key":"","authCode":"134802041624791725","order_sn":"2018032918035884750","price":9}
2018-03-29 18:15:53 {"merchant_id":"1499456762","key":"","authCode":"134558887380737828","order_sn":"2018032918155394496","price":20}
2018-03-29 18:19:25 {"merchant_id":"1499456762","key":"","authCode":"134639694389101168","order_sn":"2018032918192536579","price":28}
2018-03-29 18:26:26 {"merchant_id":"1499456762","key":"","authCode":"134719861778346351","order_sn":"2018032918262646794","price":33}
2018-03-29 18:30:01 {"merchant_id":"1499456762","key":"","authCode":"134899962295586082","order_sn":"2018032918300155767","price":26}
2018-03-29 18:30:52 {"merchant_id":"1499456762","key":"","authCode":"134539254118206834","order_sn":"2018032918305243225","price":11}
2018-03-29 18:32:24 {"merchant_id":"1499456762","key":"","authCode":"135129771210093785","order_sn":"2018032918322358085","price":59}
2018-03-29 18:34:41 {"merchant_id":"1499456762","key":"","authCode":"134896512402470923","order_sn":"2018032918344164214","price":500}
2018-03-29 18:40:48 {"merchant_id":"1499456762","key":"","authCode":"134708903040602105","order_sn":"2018032918404814030","price":5}
2018-03-29 18:43:32 {"merchant_id":"1499456762","key":"","authCode":"134996835643349221","order_sn":"2018032918433263949","price":12}
2018-03-29 18:46:30 {"merchant_id":"1499456762","key":"","authCode":"134534531447163540","order_sn":"2018032918463034441","price":21.5}
2018-03-29 18:54:31 {"merchant_id":"1499456762","key":"","authCode":"134680128080541170","order_sn":"2018032918543168834","price":6}
2018-03-29 18:58:29 {"merchant_id":"1499456762","key":"","authCode":"134781001642363311","order_sn":"2018032918582937645","price":29.5}
2018-03-29 19:03:11 {"merchant_id":"1499456762","key":"","authCode":"134572011317532834","order_sn":"2018032919031191547","price":25}
2018-03-29 19:03:19 {"merchant_id":"1499456762","key":"","authCode":"134531891763818967","order_sn":"2018032919031996742","price":8}
2018-03-29 19:05:14 {"merchant_id":"1499456762","key":"","authCode":"134618233530399173","order_sn":"2018032919051464150","price":8}
2018-03-29 19:07:49 {"merchant_id":"1499456762","key":"","authCode":"134990318900895963","order_sn":"2018032919074946777","price":27}
2018-03-29 19:17:53 {"merchant_id":"1499456762","key":"","authCode":"134770839021363043","order_sn":"2018032919175338085","price":49}
2018-03-29 19:19:01 {"merchant_id":"1499456762","key":"","authCode":"134684975377837974","order_sn":"2018032919190136264","price":49}
2018-03-29 19:19:58 {"merchant_id":"1499456762","key":"","authCode":"134610012964458729","order_sn":"2018032919195830852","price":8}
2018-03-29 19:20:18 {"merchant_id":"1499456762","key":"","authCode":"134566739659025898","order_sn":"2018032919201811521","price":58}
2018-03-29 19:31:18 {"merchant_id":"1499456762","key":"","authCode":"135298381770799941","order_sn":"2018032919311860410","price":12}
2018-03-29 19:31:54 {"merchant_id":"1499456762","key":"","authCode":"134574346163152756","order_sn":"2018032919315438746","price":20}
2018-03-29 19:32:50 {"merchant_id":"1499456762","key":"","authCode":"134728308423225081","order_sn":"2018032919325035183","price":9}
2018-03-29 19:33:16 {"merchant_id":"1499456762","key":"","authCode":"135521062475627811","order_sn":"2018032919331695182","price":23}
2018-03-29 19:39:21 {"merchant_id":"2088821827997030","key":"201711BBc699bef5cde842dba6fa5c6bdc706A03","authCode":"282617579178038151","order_sn":"2018032919392126250","price":300}
2018-03-29 19:39:21 {"app_id":"2017071207730667","method":"alipay.trade.pay","charset":"utf-8","sign_type":"RSA","app_auth_token":"201711BBc699bef5cde842dba6fa5c6bdc706A03","timestamp":"2018-03-29 19:39:21","version":"1.0","biz_content":"{\"out_trade_no\":\"2018032919392126250\",\"scene\":\"bar_code\",\"auth_code\":\"282617579178038151\",\"subject\":\"\\u8ba2\\u5355\\u53f7:2018032919392126250\",\"seller_id\":\"2088821827997030\",\"total_amount\":300,\"extend_params\":{\"sys_service_provider_id\":\"2088721521881652\"}}","sign":"l6+vh3FIFGKjXkkShsihyk4ToXZzGD1pKtsBQ5SexPh+FCBmmGpTx\/KSsVcPLnKl2LnAbdtnA6zrWvQu5DDto6QfVzL7fK31Q3JvEBMPVZ5wrqhfXx4aOMgz4obIB8ipbL9bW42KFrElDnOyp9xPoOZY3iAx9+OkQI8rcqSStkU="}
2018-03-29 19:39:23 {"alipay_trade_pay_response":{"code":"10000","msg":"Success","buyer_logon_id":"xzt***@163.com","buyer_pay_amount":"300.00","buyer_user_id":"2088002116939984","fund_bill_list":[{"amount":"300.00","fund_channel":"ALIPAYACCOUNT"}],"gmt_payment":"2018-03-29 19:39:23","invoice_amount":"300.00","out_trade_no":"2018032919392126250","point_amount":"0.00","receipt_amount":"300.00","total_amount":"300.00","trade_no":"2018032921001004980562716525"},"sign":"q+fesHP3MHWYl7KGBq7V+QHCYoVGoUV1SDvrXLh4MCn2zMgTHx60MFtK8OwdUz7ggPQTtKUo6auvLhMJBGvvs/Rp6ZpNFjHBOcCVd+I5I3pi+ggBM01yVE/4En0yvOLYIOWXP7RgtIqOZ7NX5YYQT6Z/wwjJVWjbVuxftdg1pj8="}
2018-03-29 19:41:30 {"merchant_id":"2088821827997030","key":"201711BBc699bef5cde842dba6fa5c6bdc706A03","authCode":"285318117239468673","order_sn":"2018032919413074751","price":300}
2018-03-29 19:41:30 {"app_id":"2017071207730667","method":"alipay.trade.pay","charset":"utf-8","sign_type":"RSA","app_auth_token":"201711BBc699bef5cde842dba6fa5c6bdc706A03","timestamp":"2018-03-29 19:41:30","version":"1.0","biz_content":"{\"out_trade_no\":\"2018032919413074751\",\"scene\":\"bar_code\",\"auth_code\":\"285318117239468673\",\"subject\":\"\\u8ba2\\u5355\\u53f7:2018032919413074751\",\"seller_id\":\"2088821827997030\",\"total_amount\":300,\"extend_params\":{\"sys_service_provider_id\":\"2088721521881652\"}}","sign":"JSHWaiazzqPA0uXeFqNi6idrsudsjdOLHjbXLgF7s9Z2s8i7yKwDoKcERJ\/CRLQaUwH829AoZVAs63\/pB0YQ+V4786H+bwSr80xHKLnXkorNdsLNROwIk9Lisad7AmvZ9VFbBCz9uqla+k4MoLmPkq6N1S\/D6gO1xl+RUX2XP8A="}
2018-03-29 19:41:31 {"alipay_trade_pay_response":{"code":"10000","msg":"Success","buyer_logon_id":"yin***@hotmail.com","buyer_pay_amount":"300.00","buyer_user_id":"2088102191409599","fund_bill_list":[{"amount":"300.00","fund_channel":"ALIPAYACCOUNT"}],"gmt_payment":"2018-03-29 19:41:31","invoice_amount":"300.00","out_trade_no":"2018032919413074751","point_amount":"0.00","receipt_amount":"300.00","total_amount":"300.00","trade_no":"2018032921001004590597834961"},"sign":"WdCT+KafQ2Yfi4eQyHaBO+XMEL3x8/2kp4152KgYzLU9RCPYaf7BoNRgtI/Knfilg5t4cuqmavEwyrkNfWk7zeRZmTHlrJ07U0VQLGu9rg3lnvFHsdEXq5AMIV+lou9IyiDw9hzPjBN74Xie0Ng8LLB8Tqpspr9Mki3g81AWUvg="}
2018-03-29 19:44:32 {"merchant_id":"1499456762","key":"","authCode":"134929849492533048","order_sn":"2018032919443287321","price":21.5}
2018-03-29 19:45:01 {"merchant_id":"2088821827997030","key":"201711BBc699bef5cde842dba6fa5c6bdc706A03","authCode":"283490621865519469","order_sn":"2018032919450192106","price":300}
2018-03-29 19:45:01 {"app_id":"2017071207730667","method":"alipay.trade.pay","charset":"utf-8","sign_type":"RSA","app_auth_token":"201711BBc699bef5cde842dba6fa5c6bdc706A03","timestamp":"2018-03-29 19:45:01","version":"1.0","biz_content":"{\"out_trade_no\":\"2018032919450192106\",\"scene\":\"bar_code\",\"auth_code\":\"283490621865519469\",\"subject\":\"\\u8ba2\\u5355\\u53f7:2018032919450192106\",\"seller_id\":\"2088821827997030\",\"total_amount\":300,\"extend_params\":{\"sys_service_provider_id\":\"2088721521881652\"}}","sign":"OOM9qFyS0yo+GV+NwsxZWjHOVjV05e1kM6VMirvM6U2TSzDiOBGhdgIcNyTrJUxqzM99WgNW+qLRBwT6A1uPqSEtKAXrbwZFein65cx4\/iKLWOT8Vu2Lt9Mt9FRoHiXWekcSQf85m\/1spfRT4gyc3afaahDEQ33Oa7qV6ys\/UmA="}
2018-03-29 19:45:02 {"alipay_trade_pay_response":{"code":"10000","msg":"Success","buyer_logon_id":"138****7700","buyer_pay_amount":"300.00","buyer_user_id":"2088312318804631","fund_bill_list":[{"amount":"300.00","fund_channel":"ALIPAYACCOUNT"}],"gmt_payment":"2018-03-29 19:45:02","invoice_amount":"300.00","out_trade_no":"2018032919450192106","point_amount":"0.00","receipt_amount":"300.00","total_amount":"300.00","trade_no":"2018032921001004630597124392"},"sign":"E4Q45eXwWewbbfzVhXF+Rwhf3JMYRygSaVO3g5Gbv2MjjodWTwBnd7BlKpNYnoUI9GWsqAhESCSs6SsKSPNHnAh6O8u6PIOabaJVklyON6h3IgrkUCAGdmrqJQBCtyYrDz38MYHfnUCPPn7iRfWoxYeShHioUBxr5I3d8dLqjLo="}
2018-03-29 19:46:00 {"merchant_id":"1499456762","key":"","authCode":"134708781888239514","order_sn":"2018032919460074548","price":15}
2018-03-29 19:46:50 {"merchant_id":"1499456762","key":"","authCode":"134789946868523256","order_sn":"2018032919465053016","price":12}
2018-03-29 19:50:40 {"merchant_id":"1499456762","key":"","authCode":"134680567397717450","order_sn":"2018032919504020380","price":8}
2018-03-29 19:57:08 {"merchant_id":"1499456762","key":"","authCode":"135527619644684966","order_sn":"2018032919570859856","price":49}
2018-03-29 20:10:52 {"merchant_id":"1499456762","key":"","authCode":"135413732768312497","order_sn":"2018032920105268645","price":14}
2018-03-29 20:12:32 {"merchant_id":"1499456762","key":"","authCode":"134634160626866137","order_sn":"2018032920123281043","price":20}
2018-03-29 20:14:13 {"merchant_id":"1499456762","key":"","authCode":"134958107211064205","order_sn":"2018032920141365564","price":21}
2018-03-29 20:15:49 {"merchant_id":"1499456762","key":"","authCode":"134974294336005252","order_sn":"2018032920154997060","price":12}
2018-03-29 20:21:11 {"merchant_id":"1499456762","key":"","authCode":"134933091003891894","order_sn":"2018032920211130845","price":20}
2018-03-29 20:27:38 {"merchant_id":"1499456762","key":"","authCode":"135353731005808841","order_sn":"2018032920273898162","price":9}
2018-03-29 20:28:32 {"merchant_id":"1499456762","key":"","authCode":"134625612525214225","order_sn":"2018032920283220207","price":14}
2018-03-29 20:28:52 {"merchant_id":"1493159782","key":"","authCode":"134679055790022378","order_sn":"2018032920285299519","price":200}
2018-03-29 20:30:35 {"merchant_id":"1499456762","key":"","authCode":"135017137835924485","order_sn":"2018032920303586130","price":16}
2018-03-29 20:31:32 {"merchant_id":"1499456762","key":"","authCode":"134758124218732841","order_sn":"2018032920313290393","price":28}
2018-03-29 20:32:00 {"merchant_id":"1499456762","key":"","authCode":"134769370322940820","order_sn":"2018032920320044034","price":26}
2018-03-29 20:34:58 {"merchant_id":"1499456762","key":"","authCode":"134644919185691355","order_sn":"2018032920345872528","price":28}
2018-03-29 20:36:18 {"merchant_id":"1499456762","key":"","authCode":"135598871868550150","order_sn":"2018032920361864818","price":16}
2018-03-29 20:39:03 {"merchant_id":"1499456762","key":"","authCode":"134554192247338900","order_sn":"2018032920390336792","price":8}
2018-03-29 20:41:03 {"merchant_id":"1499456762","key":"","authCode":"134588610157514113","order_sn":"2018032920410322670","price":11}
2018-03-29 20:43:12 {"merchant_id":"1499456762","key":"","authCode":"134605484737759598","order_sn":"2018032920431212551","price":8}
2018-03-29 21:06:06 {"merchant_id":"1499456762","key":"","authCode":"135224868961824691","order_sn":"2018032921060698553","price":26.5}
2018-03-29 21:16:30 {"merchant_id":"1493159782","key":"","authCode":"135041332365394201","order_sn":"2018032921163011592","price":300}
2018-03-29 21:25:51 {"merchant_id":"1499456762","key":"","authCode":"134582529127773853","order_sn":"2018032921255169682","price":24}
2018-03-29 21:32:42 {"merchant_id":"1490350062","key":"","authCode":"135210062658522292","order_sn":"2018032921324276380","price":800}
2018-03-29 21:33:26 {"merchant_id":"2088822285099072","key":"201710BBaa55e11a995b41488709d94fe3bfbX07","authCode":"282590797693333104","order_sn":"2018032921332669046","price":800}
2018-03-29 21:33:26 {"app_id":"2017071207730667","method":"alipay.trade.pay","charset":"utf-8","sign_type":"RSA","app_auth_token":"201710BBaa55e11a995b41488709d94fe3bfbX07","timestamp":"2018-03-29 21:33:26","version":"1.0","biz_content":"{\"out_trade_no\":\"2018032921332669046\",\"scene\":\"bar_code\",\"auth_code\":\"282590797693333104\",\"subject\":\"\\u8ba2\\u5355\\u53f7:2018032921332669046\",\"seller_id\":\"2088822285099072\",\"total_amount\":800,\"extend_params\":{\"sys_service_provider_id\":\"2088721521881652\"}}","sign":"URQKi3hK3GpLOFrPwyCUORFuvTPzBHtn5YMDPWZ0i7fujdZHDDHB7mwbFJhb0Fl7+YZALiCiwguIv4VtCIdaDV0SOsE\/eXuqW9y1Y4YqS69iN6aha4pZe41lJ5ldkWnks+\/cCiL93Ajy7H0roRe1lozWTLar6R5N8PBhMPxRBhU="}
2018-03-29 21:33:28 {"alipay_trade_pay_response":{"code":"10000","msg":"Success","buyer_logon_id":"157****0179","buyer_pay_amount":"800.00","buyer_user_id":"2088812556974902","fund_bill_list":[{"amount":"800.00","fund_channel":"ALIPAYACCOUNT"}],"gmt_payment":"2018-03-29 21:33:28","invoice_amount":"800.00","out_trade_no":"2018032921332669046","point_amount":"0.00","receipt_amount":"800.00","total_amount":"800.00","trade_no":"2018032921001004900560654543"},"sign":"tcr/LKqnRn1DF6Ba3r2UKMWgG8QHeAgTAduLnifIn4UyjfFjE6sV4T9NwvbcjYUwpGy2M6eTEl7R6ZlIsRXPPDT45S6dYNXCFhC5pmycZZrL0vpTk0MSozuslsEvhciQrsyv9WZaMa5WJldVyb/05YWgMHUGs928It8TEOzCxTQ="}
2018-03-29 21:46:36 {"merchant_id":"1499456762","key":"","authCode":"135207767725895767","order_sn":"2018032921463662064","price":23}
2018-03-29 22:43:52 {"merchant_id":"1490350062","key":"","authCode":"134943925185658788","order_sn":"2018032922435279909","price":200}
2018-03-29 23:10:20 {"merchant_id":"1490350062","key":"","authCode":"135047492964733346","order_sn":"2018032923102076108","price":300}
