2018-04-29 00:45:30 {"merchant_id":"1490350062","key":"","authCode":"134999347694495776","order_sn":"2018042900453089066","price":30}

2018-04-29 01:35:31 {"merchant_id":"1490350062","key":"","authCode":"134943606655541062","order_sn":"2018042901353120404","price":300}

2018-04-29 01:41:13 {"merchant_id":"2088822285099072","key":"201710BBaa55e11a995b41488709d94fe3bfbX07","authCode":"281997453781665045","order_sn":"2018042901411346493","price":500}

2018-04-29 01:41:13 {"app_id":"2017071207730667","method":"alipay.trade.pay","charset":"utf-8","sign_type":"RSA","app_auth_token":"201710BBaa55e11a995b41488709d94fe3bfbX07","timestamp":"2018-04-29 01:41:13","version":"1.0","biz_content":"{\"out_trade_no\":\"2018042901411346493\",\"scene\":\"bar_code\",\"auth_code\":\"281997453781665045\",\"subject\":\"\\u8ba2\\u5355\\u53f7:2018042901411346493\",\"seller_id\":\"2088822285099072\",\"total_amount\":500,\"extend_params\":{\"sys_service_provider_id\":\"2088721521881652\"}}","sign":"JESPN9NXjnvWBJewkInh+tvBIQkJ5IeTHv0Y1\/BM3IUSpBC9n48beaVfox1TOj2iZz\/+uFAgg5XoeobvU+8fwhfg+FD0k6O\/J6WzZwH10vRyFByc0sdstZpbjUY4dHCZYyaom7z7I+98Tn4ktHnYcB+i1mTHvM4DKKq0kMgwL0U="}

2018-04-29 01:41:14 {"alipay_trade_pay_response":{"code":"10000","msg":"Success","buyer_logon_id":"182****6747","buyer_pay_amount":"500.00","buyer_user_id":"2088422363447933","fund_bill_list":[{"amount":"500.00","fund_channel":"ALIPAYACCOUNT"}],"gmt_payment":"2018-04-29 01:41:14","invoice_amount":"500.00","out_trade_no":"2018042901411346493","point_amount":"0.00","receipt_amount":"500.00","total_amount":"500.00","trade_no":"2018042921001004930589724823"},"sign":"ghVMovJWt1j3wGT0GP0xQ2PaeQqOVLhQhQywfM6CmUztqz8ySIPXpkDda/evzknhkxVwe/J6B007impDT+salkriRVP1Tj7qG11qly1svJwBEpfptSUwqmb6H8zhWP1d2Utuov37AHb9NYUioLEA4dvYOrBJoHulHXhDA1dcFC4="}

2018-04-29 07:40:01 {"merchant_id":"1499456762","key":"","authCode":"134730435490774722","order_sn":"2018042907400145613","price":24}

2018-04-29 07:40:12 {"merchant_id":"1499456762","key":"","authCode":"134569792219311379","order_sn":"2018042907401224325","price":24}

2018-04-29 07:55:38 {"merchant_id":"1499456762","key":"","authCode":"134703961706914571","order_sn":"2018042907553880129","price":43}

2018-04-29 08:43:02 {"merchant_id":"1499456762","key":"","authCode":"134676085243935184","order_sn":"2018042908430274500","price":8}

2018-04-29 08:54:43 {"merchant_id":"1499456762","key":"","authCode":"134520177386490058","order_sn":"2018042908544316187","price":34}

2018-04-29 08:55:22 {"merchant_id":"1499456762","key":"","authCode":"134766305351653882","order_sn":"2018042908552225299","price":16}

2018-04-29 09:04:09 {"merchant_id":"1499456762","key":"","authCode":"134568536767230147","order_sn":"2018042909040935025","price":21}

2018-04-29 09:10:36 {"merchant_id":"1499456762","key":"","authCode":"134932088343008282","order_sn":"2018042909103674962","price":6}

2018-04-29 09:16:02 {"merchant_id":"1499456762","key":"","authCode":"134616098298453013","order_sn":"2018042909160232751","price":35}

2018-04-29 09:19:52 {"merchant_id":"1499456762","key":"","authCode":"134711206799920768","order_sn":"2018042909195219150","price":15}

2018-04-29 09:21:49 {"merchant_id":"1499456762","key":"","authCode":"134723219035706093","order_sn":"2018042909214947860","price":51.5}

2018-04-29 09:22:24 {"merchant_id":"1499456762","key":"","authCode":"134689583072113948","order_sn":"2018042909222436092","price":15}

2018-04-29 09:32:32 {"merchant_id":"1499456762","key":"","authCode":"134599450727563210","order_sn":"2018042909323284380","price":36}

2018-04-29 09:33:11 {"merchant_id":"1499456762","key":"","authCode":"135276590448725379","order_sn":"2018042909331123083","price":11}

2018-04-29 09:34:31 {"merchant_id":"1490350062","key":"","authCode":"135083518481039920","order_sn":"2018042909343130592","price":300}

2018-04-29 09:43:44 {"merchant_id":"1499456762","key":"","authCode":"134717600195903561","order_sn":"2018042909434484958","price":18}

2018-04-29 09:45:13 {"merchant_id":"1499456762","key":"","authCode":"134964749590089521","order_sn":"2018042909451318158","price":24}

2018-04-29 09:45:33 {"merchant_id":"1499456762","key":"","authCode":"134717081800064131","order_sn":"2018042909453372868","price":10}

2018-04-29 09:53:53 {"merchant_id":"1499456762","key":"","authCode":"134670128132444458","order_sn":"2018042909535349601","price":6}

2018-04-29 09:57:31 {"merchant_id":"1499456762","key":"","authCode":"134756604201719561","order_sn":"2018042909573177069","price":24}

2018-04-29 09:59:39 {"merchant_id":"1499456762","key":"","authCode":"134519926297335043","order_sn":"2018042909593964128","price":20}

2018-04-29 09:59:47 {"merchant_id":"1499456762","key":"","authCode":"134786452595421999","order_sn":"2018042909594725530","price":9}

2018-04-29 10:08:23 {"merchant_id":"1499456762","key":"","authCode":"135025508925521705","order_sn":"2018042910082318796","price":28}

2018-04-29 10:16:55 {"merchant_id":"1499456762","key":"","authCode":"134608346225883434","order_sn":"2018042910165584158","price":24}

2018-04-29 10:19:33 {"merchant_id":"1499456762","key":"","authCode":"135116307962021594","order_sn":"2018042910193330072","price":29}

2018-04-29 10:28:46 {"merchant_id":"1499456762","key":"","authCode":"134861342417134415","order_sn":"2018042910284626011","price":20}

2018-04-29 10:31:30 {"merchant_id":"1499456762","key":"","authCode":"134800062112016145","order_sn":"2018042910313088438","price":6}

2018-04-29 10:32:33 {"merchant_id":"1499456762","key":"","authCode":"134625895026068193","order_sn":"2018042910323349626","price":16}

2018-04-29 10:34:11 {"merchant_id":"1499456762","key":"","authCode":"134636207129606367","order_sn":"2018042910341149442","price":10}

2018-04-29 10:40:02 {"merchant_id":"1499456762","key":"","authCode":"135719052510865144","order_sn":"2018042910400244134","price":15}

2018-04-29 10:40:31 {"merchant_id":"1499456762","key":"","authCode":"135351668632479393","order_sn":"2018042910403173097","price":67}

2018-04-29 10:49:59 {"merchant_id":"1499456762","key":"","authCode":"135004218700130307","order_sn":"2018042910495876742","price":3.5}

2018-04-29 11:00:42 {"merchant_id":"1499456762","key":"","authCode":"135064117406169285","order_sn":"2018042911004285998","price":42}

2018-04-29 11:03:01 {"merchant_id":"1499456762","key":"","authCode":"134592946703261493","order_sn":"2018042911030133869","price":20}

2018-04-29 11:07:04 {"merchant_id":"1499456762","key":"","authCode":"134618845498260971","order_sn":"2018042911070458798","price":25}

2018-04-29 11:23:52 {"merchant_id":"1499456762","key":"","authCode":"134717153386262809","order_sn":"2018042911235254301","price":12}

2018-04-29 11:27:18 {"merchant_id":"1499456762","key":"","authCode":"134954865619060414","order_sn":"2018042911271842366","price":9}

2018-04-29 11:43:34 {"merchant_id":"1490350062","key":"","authCode":"134791126093131740","order_sn":"2018042911433410030","price":96}

2018-04-29 11:43:54 {"merchant_id":"1499456762","key":"","authCode":"135550323710585211","order_sn":"2018042911435413751","price":30}

2018-04-29 11:51:59 {"merchant_id":"1499456762","key":"","authCode":"134866744470782838","order_sn":"2018042911515977750","price":3}

2018-04-29 11:55:47 {"merchant_id":"1499456762","key":"","authCode":"135331732879304543","order_sn":"2018042911554754866","price":18}

2018-04-29 11:57:47 {"merchant_id":"1499456762","key":"","authCode":"134997605795596907","order_sn":"2018042911574744631","price":24}

2018-04-29 12:01:48 {"merchant_id":"1499456762","key":"","authCode":"134859519423169855","order_sn":"2018042912014815139","price":128}

2018-04-29 12:07:21 {"merchant_id":"1499456762","key":"","authCode":"134959608931038817","order_sn":"2018042912072169369","price":16}

2018-04-29 12:18:22 {"merchant_id":"1499456762","key":"","authCode":"135353720613011968","order_sn":"2018042912182281971","price":72}

2018-04-29 12:32:44 {"merchant_id":"1499456762","key":"","authCode":"135169110611324063","order_sn":"2018042912324489923","price":30}

2018-04-29 13:10:23 {"merchant_id":"1499456762","key":"","authCode":"134594427556506851","order_sn":"2018042913102380845","price":54}

2018-04-29 13:11:50 {"merchant_id":"1499456762","key":"","authCode":"134669203250089061","order_sn":"2018042913115084057","price":12}

2018-04-29 13:42:40 {"merchant_id":"1499456762","key":"","authCode":"134545657969059305","order_sn":"2018042913424052990","price":14}

2018-04-29 13:43:22 {"merchant_id":"1499456762","key":"","authCode":"135018772695983645","order_sn":"2018042913432280121","price":22}

2018-04-29 13:56:33 {"merchant_id":"1499456762","key":"","authCode":"134888062916957905","order_sn":"2018042913563347473","price":21}

2018-04-29 13:56:55 {"merchant_id":"1490350062","key":"","authCode":"134990998836148565","order_sn":"2018042913565574805","price":100}

2018-04-29 14:02:10 {"merchant_id":"1499456762","key":"","authCode":"134773763596217909","order_sn":"2018042914021064731","price":25.2}

2018-04-29 14:05:18 {"merchant_id":"1499456762","key":"","authCode":"134927633308111595","order_sn":"2018042914051833988","price":16}

2018-04-29 14:08:55 {"merchant_id":"1499456762","key":"","authCode":"134731365240741547","order_sn":"2018042914085577347","price":15}

2018-04-29 14:23:13 {"merchant_id":"1499456762","key":"","authCode":"134570453708470665","order_sn":"2018042914231317144","price":16}

2018-04-29 14:23:27 {"merchant_id":"1499456762","key":"","authCode":"134642185071305756","order_sn":"2018042914232786240","price":6}

2018-04-29 14:25:48 {"merchant_id":"1499456762","key":"","authCode":"135118680526527361","order_sn":"2018042914254822116","price":28}

2018-04-29 14:29:43 {"merchant_id":"1499456762","key":"","authCode":"134634723298215890","order_sn":"2018042914294333830","price":300}

2018-04-29 14:30:37 {"merchant_id":"1499456762","key":"","authCode":"134630048666728225","order_sn":"2018042914303716697","price":28}

2018-04-29 14:31:32 {"merchant_id":"1499456762","key":"","authCode":"134670910574376992","order_sn":"2018042914313284259","price":70}

2018-04-29 14:41:04 {"merchant_id":"1493159782","key":"","authCode":"135799697131159511","order_sn":"2018042914410476088","price":500}

2018-04-29 14:50:44 {"merchant_id":"1490350062","key":"","authCode":"134547229336802556","order_sn":"2018042914504452712","price":100}

2018-04-29 15:05:30 {"merchant_id":"1499456762","key":"","authCode":"135007122529147814","order_sn":"2018042915053086841","price":28}

2018-04-29 15:08:56 {"merchant_id":"1499456762","key":"","authCode":"134943145521927265","order_sn":"2018042915085677488","price":37}

2018-04-29 15:17:54 {"merchant_id":"1499456762","key":"","authCode":"134803278339398656","order_sn":"2018042915175442159","price":200}

2018-04-29 15:22:31 {"merchant_id":"1499456762","key":"","authCode":"134524148643936711","order_sn":"2018042915223115999","price":12}

2018-04-29 15:25:02 {"merchant_id":"1499456762","key":"","authCode":"134784862398164131","order_sn":"2018042915250224996","price":45}

2018-04-29 15:35:36 {"merchant_id":"1499456762","key":"","authCode":"135035276646400468","order_sn":"2018042915353698062","price":64.5}

2018-04-29 15:50:20 {"merchant_id":"1499456762","key":"","authCode":"135194876940702060","order_sn":"2018042915502059075","price":9}

2018-04-29 16:05:18 {"merchant_id":"1499456762","key":"","authCode":"135017722762463504","order_sn":"2018042916051898002","price":9}

2018-04-29 16:15:25 {"merchant_id":"1499456762","key":"","authCode":"134610545561367395","order_sn":"2018042916152597920","price":9}

2018-04-29 16:18:36 {"merchant_id":"1499456762","key":"","authCode":"134761551603351533","order_sn":"2018042916183639594","price":28}

2018-04-29 16:24:29 {"merchant_id":"1499456762","key":"","authCode":"134805279766537327","order_sn":"2018042916242958740","price":12}

2018-04-29 16:31:36 {"merchant_id":"1499456762","key":"","authCode":"134712239488996826","order_sn":"2018042916313651271","price":15}

2018-04-29 16:33:43 {"merchant_id":"1499456762","key":"","authCode":"134607910329740866","order_sn":"2018042916334356637","price":20}

2018-04-29 16:33:52 {"merchant_id":"1499456762","key":"","authCode":"135136596307630329","order_sn":"2018042916335261039","price":33.5}

2018-04-29 16:41:29 {"merchant_id":"1499456762","key":"","authCode":"134564495238704695","order_sn":"2018042916412933695","price":44}

2018-04-29 16:45:16 {"merchant_id":"1499456762","key":"","authCode":"134917512952057133","order_sn":"2018042916451695307","price":27}

2018-04-29 16:51:24 {"merchant_id":"1499456762","key":"","authCode":"134520187345500810","order_sn":"2018042916512411114","price":12}

2018-04-29 16:59:20 {"merchant_id":"1499456762","key":"","authCode":"134778538362949754","order_sn":"2018042916592067828","price":44}

2018-04-29 16:59:50 {"merchant_id":"1499456762","key":"","authCode":"134612298161332554","order_sn":"2018042916595039567","price":300}

2018-04-29 17:06:01 {"merchant_id":"1499456762","key":"","authCode":"134505794856179910","order_sn":"2018042917060171116","price":20}

2018-04-29 17:09:47 {"merchant_id":"2088821827997030","key":"201711BBc699bef5cde842dba6fa5c6bdc706A03","authCode":"281548992670245443","order_sn":"2018042917094767915","price":1000}

2018-04-29 17:09:47 {"app_id":"2017071207730667","method":"alipay.trade.pay","charset":"utf-8","sign_type":"RSA","app_auth_token":"201711BBc699bef5cde842dba6fa5c6bdc706A03","timestamp":"2018-04-29 17:09:47","version":"1.0","biz_content":"{\"out_trade_no\":\"2018042917094767915\",\"scene\":\"bar_code\",\"auth_code\":\"281548992670245443\",\"subject\":\"\\u8ba2\\u5355\\u53f7:2018042917094767915\",\"seller_id\":\"2088821827997030\",\"total_amount\":1000,\"extend_params\":{\"sys_service_provider_id\":\"2088721521881652\"}}","sign":"M9aNJ3CAbAU3BAb8exTwdgBgvEnVV7G714XuK9slbKy3+h1ysIY3encxejwhTyjUxHzYBhF3CkuwdpJM6tHSGHaDhkdy6jupO3izTQ02FCs0tRjHMshPeIZRslkDlKQ+tlA\/96fqDLix4ID+BYC8aW3nDvjzH3P0uIy6D8NXw7A="}

2018-04-29 17:09:48 {"alipay_trade_pay_response":{"code":"10003","msg":" order success pay inprocess","buyer_logon_id":"434***@qq.com","buyer_pay_amount":"0.00","buyer_user_id":"2088302369077186","invoice_amount":"0.00","out_trade_no":"2018042917094767915","point_amount":"0.00","receipt_amount":"0.00","total_amount":"1000.00","trade_no":"2018042921001004180503591754"},"sign":"OB8O8vZovhIFC3M6ogR2DSKZd3nkRG5Kj8t99frd+MTb0Atop3kt9cV5Y+nz0hGpfJrWg4Vgwx1hj+WrEaUqni1JQ89amk1Wqsx+3oglvBIE4dWejaNCds5y7uaZKaUpGmEGs8K3XFceKbqFtB+QHTbz42C5DJywmBJHmwFXbXE="}

2018-04-29 17:09:48 {"alipay_trade_query_response":{"code":"10000","msg":"Success","buyer_logon_id":"434***@qq.com","buyer_pay_amount":"0.00","buyer_user_id":"2088302369077186","invoice_amount":"0.00","out_trade_no":"2018042917094767915","point_amount":"0.00","receipt_amount":"0.00","total_amount":"1000.00","trade_no":"2018042921001004180503591754","trade_status":"WAIT_BUYER_PAY"},"sign":"NfZDjYIsXU0utMmHeUKrx9LA8Qu75zQmwMt3FowuMbp1UFXYiwCzR2iTXvbMlIvO9w0NYBuoUBf2ZWDAh7vxwpUxJSKXy3zyUAftuxNI5cJX5eQgTmEHB9pyKf8ix7uqlt9C3mRHeMmlL2H4hzinIlsJI+27TbJl1dShdWlQgkQ="}

2018-04-29 17:09:52 {"alipay_trade_query_response":{"code":"10000","msg":"Success","buyer_logon_id":"434***@qq.com","buyer_pay_amount":"0.00","buyer_user_id":"2088302369077186","invoice_amount":"0.00","out_trade_no":"2018042917094767915","point_amount":"0.00","receipt_amount":"0.00","total_amount":"1000.00","trade_no":"2018042921001004180503591754","trade_status":"WAIT_BUYER_PAY"},"sign":"NfZDjYIsXU0utMmHeUKrx9LA8Qu75zQmwMt3FowuMbp1UFXYiwCzR2iTXvbMlIvO9w0NYBuoUBf2ZWDAh7vxwpUxJSKXy3zyUAftuxNI5cJX5eQgTmEHB9pyKf8ix7uqlt9C3mRHeMmlL2H4hzinIlsJI+27TbJl1dShdWlQgkQ="}

2018-04-29 17:09:56 {"alipay_trade_query_response":{"code":"10000","msg":"Success","buyer_logon_id":"434***@qq.com","buyer_pay_amount":"0.00","buyer_user_id":"2088302369077186","invoice_amount":"0.00","out_trade_no":"2018042917094767915","point_amount":"0.00","receipt_amount":"0.00","total_amount":"1000.00","trade_no":"2018042921001004180503591754","trade_status":"WAIT_BUYER_PAY"},"sign":"NfZDjYIsXU0utMmHeUKrx9LA8Qu75zQmwMt3FowuMbp1UFXYiwCzR2iTXvbMlIvO9w0NYBuoUBf2ZWDAh7vxwpUxJSKXy3zyUAftuxNI5cJX5eQgTmEHB9pyKf8ix7uqlt9C3mRHeMmlL2H4hzinIlsJI+27TbJl1dShdWlQgkQ="}

2018-04-29 17:10:00 {"alipay_trade_query_response":{"code":"10000","msg":"Success","buyer_logon_id":"434***@qq.com","buyer_pay_amount":"0.00","buyer_user_id":"2088302369077186","invoice_amount":"0.00","out_trade_no":"2018042917094767915","point_amount":"0.00","receipt_amount":"0.00","total_amount":"1000.00","trade_no":"2018042921001004180503591754","trade_status":"WAIT_BUYER_PAY"},"sign":"NfZDjYIsXU0utMmHeUKrx9LA8Qu75zQmwMt3FowuMbp1UFXYiwCzR2iTXvbMlIvO9w0NYBuoUBf2ZWDAh7vxwpUxJSKXy3zyUAftuxNI5cJX5eQgTmEHB9pyKf8ix7uqlt9C3mRHeMmlL2H4hzinIlsJI+27TbJl1dShdWlQgkQ="}

2018-04-29 17:10:04 {"alipay_trade_query_response":{"code":"10000","msg":"Success","buyer_logon_id":"434***@qq.com","buyer_pay_amount":"0.00","buyer_user_id":"2088302369077186","invoice_amount":"0.00","out_trade_no":"2018042917094767915","point_amount":"0.00","receipt_amount":"0.00","total_amount":"1000.00","trade_no":"2018042921001004180503591754","trade_status":"WAIT_BUYER_PAY"},"sign":"NfZDjYIsXU0utMmHeUKrx9LA8Qu75zQmwMt3FowuMbp1UFXYiwCzR2iTXvbMlIvO9w0NYBuoUBf2ZWDAh7vxwpUxJSKXy3zyUAftuxNI5cJX5eQgTmEHB9pyKf8ix7uqlt9C3mRHeMmlL2H4hzinIlsJI+27TbJl1dShdWlQgkQ="}

2018-04-29 17:10:08 {"alipay_trade_query_response":{"code":"10000","msg":"Success","buyer_logon_id":"434***@qq.com","buyer_pay_amount":"0.00","buyer_user_id":"2088302369077186","invoice_amount":"0.00","out_trade_no":"2018042917094767915","point_amount":"0.00","receipt_amount":"0.00","total_amount":"1000.00","trade_no":"2018042921001004180503591754","trade_status":"WAIT_BUYER_PAY"},"sign":"NfZDjYIsXU0utMmHeUKrx9LA8Qu75zQmwMt3FowuMbp1UFXYiwCzR2iTXvbMlIvO9w0NYBuoUBf2ZWDAh7vxwpUxJSKXy3zyUAftuxNI5cJX5eQgTmEHB9pyKf8ix7uqlt9C3mRHeMmlL2H4hzinIlsJI+27TbJl1dShdWlQgkQ="}

2018-04-29 17:10:13 {"alipay_trade_query_response":{"code":"10000","msg":"Success","buyer_logon_id":"434***@qq.com","buyer_pay_amount":"0.00","buyer_user_id":"2088302369077186","invoice_amount":"0.00","out_trade_no":"2018042917094767915","point_amount":"0.00","receipt_amount":"0.00","total_amount":"1000.00","trade_no":"2018042921001004180503591754","trade_status":"WAIT_BUYER_PAY"},"sign":"NfZDjYIsXU0utMmHeUKrx9LA8Qu75zQmwMt3FowuMbp1UFXYiwCzR2iTXvbMlIvO9w0NYBuoUBf2ZWDAh7vxwpUxJSKXy3zyUAftuxNI5cJX5eQgTmEHB9pyKf8ix7uqlt9C3mRHeMmlL2H4hzinIlsJI+27TbJl1dShdWlQgkQ="}

2018-04-29 17:10:16 {"alipay_trade_query_response":{"code":"10000","msg":"Success","buyer_logon_id":"434***@qq.com","buyer_pay_amount":"0.00","buyer_user_id":"2088302369077186","invoice_amount":"0.00","out_trade_no":"2018042917094767915","point_amount":"0.00","receipt_amount":"0.00","total_amount":"1000.00","trade_no":"2018042921001004180503591754","trade_status":"TRADE_CLOSED"},"sign":"ngLnHEg3QShZ3fLKhZGk+JcO4F+lD1VvE9CWzrsj7t3+2WsZj83niJ3udHvT6QQIWhnGIgMLDVsJhbe6weBxLpIpZQHLCJ+dZcnK75djROxVhBwIWNE4MNojln0L8GmQ9huOu4zg6ZV03rPqK5IXxZTwwTdS0E37mtR0rn7ZShY="}

2018-04-29 17:10:39 {"merchant_id":"2088821827997030","key":"201711BBc699bef5cde842dba6fa5c6bdc706A03","authCode":"288374549406928008","order_sn":"2018042917103996312","price":1000}

2018-04-29 17:10:39 {"app_id":"2017071207730667","method":"alipay.trade.pay","charset":"utf-8","sign_type":"RSA","app_auth_token":"201711BBc699bef5cde842dba6fa5c6bdc706A03","timestamp":"2018-04-29 17:10:39","version":"1.0","biz_content":"{\"out_trade_no\":\"2018042917103996312\",\"scene\":\"bar_code\",\"auth_code\":\"288374549406928008\",\"subject\":\"\\u8ba2\\u5355\\u53f7:2018042917103996312\",\"seller_id\":\"2088821827997030\",\"total_amount\":1000,\"extend_params\":{\"sys_service_provider_id\":\"2088721521881652\"}}","sign":"mVDI8U5xYgo48BB+5G2SdAAbuYP6qLHAap07ljQZe\/eq6diBEGAzaJnsE7b\/aEmmcatqZSW00F\/yJOkF3UCnE4OSn6axwJMRIPl6JfHL89AMN61p80QudntaIlPi\/5rqaLnEOuxmUA3clf9pT3bsWFZD8yok+g7YKavcQnxvpvo="}

2018-04-29 17:10:39 {"alipay_trade_pay_response":{"code":"10003","msg":" order success pay inprocess","buyer_logon_id":"434***@qq.com","buyer_pay_amount":"0.00","buyer_user_id":"2088302369077186","invoice_amount":"0.00","out_trade_no":"2018042917103996312","point_amount":"0.00","receipt_amount":"0.00","total_amount":"1000.00","trade_no":"2018042921001004180503863927"},"sign":"HAXFSNCHkNpmfm+UAQkLaYYqOx987SXYk1umW4F4OYdF/4yU1/T+xDjPnGIRZyzCYaQFiw0Ds4D5CxiTRfQYTaCKz7C1BwB1mPPk9ofiCcvKvMtUcp1IjtLrErIglWWtg03bRYhDRpvbh3uGqeWiiCXnsrR66V36oIQkbpkfRdU="}

2018-04-29 17:10:39 {"alipay_trade_query_response":{"code":"10000","msg":"Success","buyer_logon_id":"434***@qq.com","buyer_pay_amount":"0.00","buyer_user_id":"2088302369077186","invoice_amount":"0.00","out_trade_no":"2018042917103996312","point_amount":"0.00","receipt_amount":"0.00","total_amount":"1000.00","trade_no":"2018042921001004180503863927","trade_status":"WAIT_BUYER_PAY"},"sign":"LHSoAf0djpy2rQ/lJpa+LvpFGwmyyS4AYv3g3u9ukSKPWm8qfGesq2/63v/LQ91S2ALu1p4/4YgbkF9rtXH8Ku52eLXmxZt0yuKY1Xx3YQPPYDcr2EJPA0ajox6td0qC4+jx5yDY32njNKb+xpSja5WcwIMhB8paYF5nbIUMkJk="}

2018-04-29 17:10:44 {"alipay_trade_query_response":{"code":"10000","msg":"Success","buyer_logon_id":"434***@qq.com","buyer_pay_amount":"0.00","buyer_user_id":"2088302369077186","invoice_amount":"0.00","out_trade_no":"2018042917103996312","point_amount":"0.00","receipt_amount":"0.00","total_amount":"1000.00","trade_no":"2018042921001004180503863927","trade_status":"WAIT_BUYER_PAY"},"sign":"LHSoAf0djpy2rQ/lJpa+LvpFGwmyyS4AYv3g3u9ukSKPWm8qfGesq2/63v/LQ91S2ALu1p4/4YgbkF9rtXH8Ku52eLXmxZt0yuKY1Xx3YQPPYDcr2EJPA0ajox6td0qC4+jx5yDY32njNKb+xpSja5WcwIMhB8paYF5nbIUMkJk="}

2018-04-29 17:10:48 {"alipay_trade_query_response":{"code":"10000","msg":"Success","buyer_logon_id":"434***@qq.com","buyer_pay_amount":"0.00","buyer_user_id":"2088302369077186","invoice_amount":"0.00","out_trade_no":"2018042917103996312","point_amount":"0.00","receipt_amount":"0.00","total_amount":"1000.00","trade_no":"2018042921001004180503863927","trade_status":"WAIT_BUYER_PAY"},"sign":"LHSoAf0djpy2rQ/lJpa+LvpFGwmyyS4AYv3g3u9ukSKPWm8qfGesq2/63v/LQ91S2ALu1p4/4YgbkF9rtXH8Ku52eLXmxZt0yuKY1Xx3YQPPYDcr2EJPA0ajox6td0qC4+jx5yDY32njNKb+xpSja5WcwIMhB8paYF5nbIUMkJk="}

2018-04-29 17:10:52 {"alipay_trade_query_response":{"code":"10000","msg":"Success","buyer_logon_id":"434***@qq.com","buyer_pay_amount":"0.00","buyer_user_id":"2088302369077186","invoice_amount":"0.00","out_trade_no":"2018042917103996312","point_amount":"0.00","receipt_amount":"0.00","total_amount":"1000.00","trade_no":"2018042921001004180503863927","trade_status":"WAIT_BUYER_PAY"},"sign":"LHSoAf0djpy2rQ/lJpa+LvpFGwmyyS4AYv3g3u9ukSKPWm8qfGesq2/63v/LQ91S2ALu1p4/4YgbkF9rtXH8Ku52eLXmxZt0yuKY1Xx3YQPPYDcr2EJPA0ajox6td0qC4+jx5yDY32njNKb+xpSja5WcwIMhB8paYF5nbIUMkJk="}

2018-04-29 17:10:56 {"alipay_trade_query_response":{"code":"10000","msg":"Success","buyer_logon_id":"434***@qq.com","buyer_pay_amount":"0.00","buyer_user_id":"2088302369077186","invoice_amount":"0.00","out_trade_no":"2018042917103996312","point_amount":"0.00","receipt_amount":"0.00","total_amount":"1000.00","trade_no":"2018042921001004180503863927","trade_status":"WAIT_BUYER_PAY"},"sign":"LHSoAf0djpy2rQ/lJpa+LvpFGwmyyS4AYv3g3u9ukSKPWm8qfGesq2/63v/LQ91S2ALu1p4/4YgbkF9rtXH8Ku52eLXmxZt0yuKY1Xx3YQPPYDcr2EJPA0ajox6td0qC4+jx5yDY32njNKb+xpSja5WcwIMhB8paYF5nbIUMkJk="}

2018-04-29 17:11:00 {"alipay_trade_query_response":{"code":"10000","msg":"Success","buyer_logon_id":"434***@qq.com","buyer_pay_amount":"1000.00","buyer_user_id":"2088302369077186","fund_bill_list":[{"amount":"1000.00","fund_channel":"ALIPAYACCOUNT"}],"invoice_amount":"1000.00","out_trade_no":"2018042917103996312","point_amount":"0.00","receipt_amount":"1000.00","send_pay_date":"2018-04-29 17:10:57","total_amount":"1000.00","trade_no":"2018042921001004180503863927","trade_status":"TRADE_SUCCESS"},"sign":"DzQmA9GtpwSq6qdIcoOcTgp/DO8EdVsivECzUn+j5cl0MZQpBUAUXLmPZJusZvPqf5P8CsRzxkYmqKGKrfruEQHVODh9bwTMxDY1E/tpC2EyVigz0bic8FXfqJbPg/OkqMmRN0dUsHHTBJdnMBQ2pU/ELejR0yAHMfzaWzekMx0="}

2018-04-29 17:15:24 {"merchant_id":"1499456762","key":"","authCode":"134695880993872761","order_sn":"2018042917152446277","price":25}

2018-04-29 17:26:55 {"merchant_id":"1499456762","key":"","authCode":"134761909986433210","order_sn":"2018042917265559169","price":28}

2018-04-29 17:33:41 {"merchant_id":"1499456762","key":"","authCode":"135460794685820377","order_sn":"2018042917334132358","price":128}

2018-04-29 17:36:03 {"merchant_id":"1499456762","key":"","authCode":"135578724084465119","order_sn":"2018042917360362816","price":26}

2018-04-29 17:40:14 {"merchant_id":"1499456762","key":"","authCode":"134773534464854720","order_sn":"2018042917401471192","price":30}

2018-04-29 17:45:14 {"merchant_id":"1499456762","key":"","authCode":"134631808078633266","order_sn":"2018042917451476840","price":17}

2018-04-29 17:52:30 {"merchant_id":"1499456762","key":"","authCode":"134741441419281541","order_sn":"2018042917523047993","price":26}

2018-04-29 17:53:53 {"merchant_id":"1499456762","key":"","authCode":"134780558430024977","order_sn":"2018042917535317273","price":27}

2018-04-29 17:58:16 {"merchant_id":"1499456762","key":"","authCode":"134541735042894203","order_sn":"2018042917581694276","price":34}

2018-04-29 18:02:54 {"merchant_id":"1499456762","key":"","authCode":"134660204825033360","order_sn":"2018042918025487289","price":40}

2018-04-29 18:05:54 {"merchant_id":"1499456762","key":"","authCode":"134765641093203087","order_sn":"2018042918055437183","price":8}

2018-04-29 18:08:00 {"merchant_id":"1499456762","key":"","authCode":"134682649266911707","order_sn":"2018042918080078309","price":24}

2018-04-29 18:08:59 {"merchant_id":"1499456762","key":"","authCode":"134590104455719158","order_sn":"2018042918085916325","price":15}

2018-04-29 18:09:01 {"merchant_id":"1499456762","key":"","authCode":"134786707723751713","order_sn":"2018042918090175943","price":60}

2018-04-29 18:10:05 {"merchant_id":"1499456762","key":"","authCode":"134907829336901235","order_sn":"2018042918100510993","price":36}

2018-04-29 18:12:57 {"merchant_id":"1499456762","key":"","authCode":"134596411392039320","order_sn":"2018042918125779713","price":28}

2018-04-29 18:18:04 {"merchant_id":"1499456762","key":"","authCode":"135036068775833263","order_sn":"2018042918180441611","price":29}

2018-04-29 18:28:10 {"merchant_id":"1499456762","key":"","authCode":"134616861517683824","order_sn":"2018042918281034685","price":148}

2018-04-29 18:34:51 {"merchant_id":"1499456762","key":"","authCode":"134967628450552007","order_sn":"2018042918345186582","price":17}

2018-04-29 18:35:26 {"merchant_id":"1499456762","key":"","authCode":"134732815226842432","order_sn":"2018042918352618851","price":21}

2018-04-29 18:36:14 {"merchant_id":"1499456762","key":"","authCode":"134832608476897325","order_sn":"2018042918361415431","price":16}

2018-04-29 18:37:02 {"merchant_id":"1499456762","key":"","authCode":"134772572663600183","order_sn":"2018042918370225078","price":9}

2018-04-29 18:39:06 {"merchant_id":"1499456762","key":"","authCode":"135248477054544335","order_sn":"2018042918390544139","price":19}

2018-04-29 18:48:14 {"merchant_id":"1499456762","key":"","authCode":"134616195919207250","order_sn":"2018042918481479855","price":268}

2018-04-29 18:51:43 {"merchant_id":"1499456762","key":"","authCode":"134636136453036710","order_sn":"2018042918514398720","price":11}

2018-04-29 18:55:21 {"merchant_id":"1499456762","key":"","authCode":"134930183059541421","order_sn":"2018042918552169322","price":200}

2018-04-29 18:56:13 {"merchant_id":"1499456762","key":"","authCode":"134768589948525178","order_sn":"2018042918561330664","price":38}

2018-04-29 18:59:02 {"merchant_id":"1499456762","key":"","authCode":"134579614766075435","order_sn":"2018042918590281250","price":12}

2018-04-29 19:00:40 {"merchant_id":"2088822285099072","key":"201710BBaa55e11a995b41488709d94fe3bfbX07","authCode":"284171293916264465","order_sn":"2018042919004068307","price":300}

2018-04-29 19:00:40 {"app_id":"2017071207730667","method":"alipay.trade.pay","charset":"utf-8","sign_type":"RSA","app_auth_token":"201710BBaa55e11a995b41488709d94fe3bfbX07","timestamp":"2018-04-29 19:00:40","version":"1.0","biz_content":"{\"out_trade_no\":\"2018042919004068307\",\"scene\":\"bar_code\",\"auth_code\":\"284171293916264465\",\"subject\":\"\\u8ba2\\u5355\\u53f7:2018042919004068307\",\"seller_id\":\"2088822285099072\",\"total_amount\":300,\"extend_params\":{\"sys_service_provider_id\":\"2088721521881652\"}}","sign":"kWpw9Hd+FINRNhOxtlSbH0C7u7INrWSVbfiVf\/73s0dZ30jpG+yOefIhkdBDlLbWyw4jk1UZ5APojBI73o5RS9Y7RJt5KBQMV8QlJ+k0YikZdecqXRuiZhYYzifxpMzCy8gOLETOG2ZW98BpfOrGFu1q4xC7dFejqbLEFzJpez0="}

2018-04-29 19:00:41 {"alipay_trade_pay_response":{"code":"10000","msg":"Success","buyer_logon_id":"181****9263","buyer_pay_amount":"300.00","buyer_user_id":"2088522763148181","fund_bill_list":[{"amount":"300.00","fund_channel":"ALIPAYACCOUNT"}],"gmt_payment":"2018-04-29 19:00:41","invoice_amount":"300.00","out_trade_no":"2018042919004068307","point_amount":"0.00","receipt_amount":"300.00","total_amount":"300.00","trade_no":"2018042921001004180505777963"},"sign":"O4FsNpIRfZDOsKsQmMHcNz3h943HDzUksPdcPupbKfBSogSOwubHoMYMq47UrOesCfw6MsYr06r4opbmryaXUs5SnRbBf2V1bDQ9/TRTSTUh25nV7woOOvyeWCsJWxCKYcRXoPw7Zac4ZQ1seFt3Vx/5esi/GUtSTa8VK+QGSsw="}

2018-04-29 19:04:40 {"merchant_id":"1499456762","key":"","authCode":"135041002908502829","order_sn":"2018042919044023749","price":21}

2018-04-29 19:09:20 {"merchant_id":"1499456762","key":"","authCode":"134985693219642137","order_sn":"2018042919092059686","price":17}

2018-04-29 19:10:40 {"merchant_id":"1499456762","key":"","authCode":"135050211727287174","order_sn":"2018042919104086077","price":18}

2018-04-29 19:15:53 {"merchant_id":"1499456762","key":"","authCode":"134730325618400146","order_sn":"2018042919155224547","price":4}

2018-04-29 19:20:40 {"merchant_id":"1490350062","key":"","authCode":"134711229293270926","order_sn":"2018042919204012873","price":300}

2018-04-29 19:24:26 {"merchant_id":"1499456762","key":"","authCode":"134701741379812837","order_sn":"2018042919242547337","price":29.5}

2018-04-29 19:35:00 {"merchant_id":"1499456762","key":"","authCode":"134757591294512216","order_sn":"2018042919350058841","price":19}

2018-04-29 19:41:41 {"merchant_id":"1499456762","key":"","authCode":"134643850770273712","order_sn":"2018042919414139597","price":44}

2018-04-29 19:52:44 {"merchant_id":"1499456762","key":"","authCode":"134904522469548067","order_sn":"2018042919524497777","price":8}

2018-04-29 19:53:45 {"merchant_id":"1499456762","key":"","authCode":"134786931845396070","order_sn":"2018042919534570463","price":26}

2018-04-29 19:56:06 {"merchant_id":"1490350062","key":"","authCode":"134583669618910981","order_sn":"2018042919560687650","price":100}

2018-04-29 19:56:16 {"merchant_id":"1499456762","key":"","authCode":"134518729345884254","order_sn":"2018042919561615180","price":20}

2018-04-29 19:58:13 {"merchant_id":"1499456762","key":"","authCode":"134587230961772859","order_sn":"2018042919581332189","price":15}

2018-04-29 19:58:48 {"merchant_id":"1499456762","key":"","authCode":"134559350293097372","order_sn":"2018042919584848320","price":9}

2018-04-29 20:01:00 {"merchant_id":"1499456762","key":"","authCode":"134781054179072973","order_sn":"2018042920010077868","price":20}

2018-04-29 20:06:03 {"merchant_id":"1499456762","key":"","authCode":"134615265198524297","order_sn":"2018042920060360413","price":20}

2018-04-29 20:06:44 {"merchant_id":"1499456762","key":"","authCode":"134673904682886820","order_sn":"2018042920064446827","price":25}

2018-04-29 20:09:42 {"merchant_id":"1499456762","key":"","authCode":"134974897815466167","order_sn":"2018042920094270858","price":46}

2018-04-29 20:10:17 {"merchant_id":"1499456762","key":"","authCode":"134892753162439091","order_sn":"2018042920101749499","price":20}

2018-04-29 20:10:37 {"merchant_id":"1499456762","key":"","authCode":"134532826243068701","order_sn":"2018042920103799406","price":29}

2018-04-29 20:12:02 {"merchant_id":"1499456762","key":"","authCode":"134564534194141849","order_sn":"2018042920120181573","price":54}

2018-04-29 20:12:45 {"merchant_id":"1499456762","key":"","authCode":"134648013274842933","order_sn":"2018042920124564318","price":19}

2018-04-29 20:16:22 {"merchant_id":"1499456762","key":"","authCode":"134700793568085400","order_sn":"2018042920162241820","price":15}

2018-04-29 20:18:23 {"merchant_id":"1499456762","key":"","authCode":"134770855675449815","order_sn":"2018042920182212927","price":5}

2018-04-29 20:20:41 {"merchant_id":"1499456762","key":"","authCode":"134585560975837446","order_sn":"2018042920204121165","price":14.5}

2018-04-29 20:25:19 {"merchant_id":"1499456762","key":"","authCode":"135103615498411593","order_sn":"2018042920251942432","price":54}

2018-04-29 20:26:19 {"merchant_id":"1499456762","key":"","authCode":"135323011474156422","order_sn":"2018042920261994525","price":12}

2018-04-29 20:27:07 {"merchant_id":"1490350062","key":"","authCode":"134616347521508570","order_sn":"2018042920270730207","price":100}

2018-04-29 20:29:11 {"merchant_id":"1499456762","key":"","authCode":"134980231409898098","order_sn":"2018042920291143061","price":45}

2018-04-29 20:31:11 {"merchant_id":"1499456762","key":"","authCode":"134826742791819564","order_sn":"2018042920311197002","price":8}

2018-04-29 20:42:10 {"merchant_id":"1499456762","key":"","authCode":"135271926284223943","order_sn":"2018042920421078921","price":20}

2018-04-29 20:43:16 {"merchant_id":"1499456762","key":"","authCode":"134896485822900895","order_sn":"2018042920431666337","price":22.4}

2018-04-29 20:44:51 {"merchant_id":"1499456762","key":"","authCode":"135078771824333964","order_sn":"2018042920445129294","price":15}

2018-04-29 20:45:26 {"merchant_id":"1499456762","key":"","authCode":"135202239983907919","order_sn":"2018042920452665744","price":68}

2018-04-29 20:48:01 {"merchant_id":"1499456762","key":"","authCode":"134732113428748770","order_sn":"2018042920480159179","price":20}

2018-04-29 21:10:27 {"merchant_id":"1499456762","key":"","authCode":"134892844237908251","order_sn":"2018042921102792623","price":2.4}

2018-04-29 21:17:04 {"merchant_id":"1499456762","key":"","authCode":"135025555637067272","order_sn":"2018042921170477820","price":22.4}

2018-04-29 21:22:27 {"merchant_id":"1499456762","key":"","authCode":"134992093310835934","order_sn":"2018042921222779067","price":27}

2018-04-29 21:23:47 {"merchant_id":"1499456762","key":"","authCode":"135044374897453514","order_sn":"2018042921234774126","price":36}

2018-04-29 21:32:56 {"merchant_id":"1499456762","key":"","authCode":"134865018807006534","order_sn":"2018042921325620831","price":17}

2018-04-29 21:39:02 {"merchant_id":"1499456762","key":"","authCode":"135438885203885081","order_sn":"2018042921390255860","price":11}

2018-04-29 21:39:25 {"merchant_id":"1499456762","key":"","authCode":"135191160572067100","order_sn":"2018042921392562350","price":25}

2018-04-29 21:51:05 {"merchant_id":"2088821827997030","key":"201711BBc699bef5cde842dba6fa5c6bdc706A03","authCode":"284436940943991492","order_sn":"2018042921510570259","price":200}

2018-04-29 21:51:05 {"app_id":"2017071207730667","method":"alipay.trade.pay","charset":"utf-8","sign_type":"RSA","app_auth_token":"201711BBc699bef5cde842dba6fa5c6bdc706A03","timestamp":"2018-04-29 21:51:05","version":"1.0","biz_content":"{\"out_trade_no\":\"2018042921510570259\",\"scene\":\"bar_code\",\"auth_code\":\"284436940943991492\",\"subject\":\"\\u8ba2\\u5355\\u53f7:2018042921510570259\",\"seller_id\":\"2088821827997030\",\"total_amount\":200,\"extend_params\":{\"sys_service_provider_id\":\"2088721521881652\"}}","sign":"p1NToIcK+bbxeuzVUhLhtRJoe3xr\/eO9ygHx8Btm1MfOTxIj6UOiwtiq7Z7UY+N8jYbZvTDZhfgx7NNpOi5EaV5\/sG7bcpCK9de6YVjFQW2UwjSY\/vf2b4+Gz2ySyVDWNwhRs1xkgHY+lXJTvWD5KkaBDRRqYBaZG+MI2VzRstU="}

2018-04-29 21:51:07 {"alipay_trade_pay_response":{"code":"10000","msg":"Success","buyer_logon_id":"173****0635","buyer_pay_amount":"200.00","buyer_user_id":"2088422749703460","fund_bill_list":[{"amount":"200.00","fund_channel":"ALIPAYACCOUNT"}],"gmt_payment":"2018-04-29 21:51:07","invoice_amount":"200.00","out_trade_no":"2018042921510570259","point_amount":"0.00","receipt_amount":"200.00","total_amount":"200.00","trade_no":"2018042921001004460513608442"},"sign":"UlfnCFzsRa2As6IRRxJVDdsKcyK59Ninh7GzPDkv8RYi/GdEhbC5kYItP7KCLK5cdxgMZK1tyDNuTlEUcVdrlEy9f3xhvSC6meOBm8f3QqvkQUknC6nCfR46IxCN+4Py1WVho8PYoMuxGQ6h60N02NE+TBKcQQmGwRzuYYCPKhs="}

2018-04-29 22:12:10 {"merchant_id":"2088821827997030","key":"201711BBc699bef5cde842dba6fa5c6bdc706A03","authCode":"280494396989252534","order_sn":"2018042922121089418","price":500}

2018-04-29 22:12:10 {"app_id":"2017071207730667","method":"alipay.trade.pay","charset":"utf-8","sign_type":"RSA","app_auth_token":"201711BBc699bef5cde842dba6fa5c6bdc706A03","timestamp":"2018-04-29 22:12:10","version":"1.0","biz_content":"{\"out_trade_no\":\"2018042922121089418\",\"scene\":\"bar_code\",\"auth_code\":\"280494396989252534\",\"subject\":\"\\u8ba2\\u5355\\u53f7:2018042922121089418\",\"seller_id\":\"2088821827997030\",\"total_amount\":500,\"extend_params\":{\"sys_service_provider_id\":\"2088721521881652\"}}","sign":"K74LtCGp5UECVYniUW5rIqJyiG18MesaGyflt\/PlYqerZGE4cYXaxaC\/n3TScB6jHdFfMvJf71BrWf2Hp7ITGHlYEbCFffocqiG1ZuLKti+DiAsPx5sHVqviAoi+igQbQSYk0O1QWLcF4tT5UW47fM5ClURq23v8N02L93qNwT8="}

2018-04-29 22:12:11 {"alipay_trade_pay_response":{"code":"10000","msg":"Success","buyer_logon_id":"158****1618","buyer_pay_amount":"500.00","buyer_user_id":"2088122215892822","fund_bill_list":[{"amount":"500.00","fund_channel":"ALIPAYACCOUNT"}],"gmt_payment":"2018-04-29 22:12:11","invoice_amount":"500.00","out_trade_no":"2018042922121089418","point_amount":"0.00","receipt_amount":"500.00","total_amount":"500.00","trade_no":"2018042921001004820592056627"},"sign":"LZsaip+IZkMKpQfLClyrlp3t32M0AjZPghYDarQK3W+Gz/26672nmySkIcbE3FxF3U2V2pXbUMNTdZZ+TItjFuJUngsghhbb0vxDkQj6h4Qpgqe9QKsG+xHrgPuopmRkno6gW/soAngqp/Nf1veizjvQjma198+9l7zYcHpazyM="}

2018-04-29 22:33:00 {"merchant_id":"1490350062","key":"","authCode":"135071737761511555","order_sn":"2018042922330055314","price":200}

2018-04-29 22:40:26 {"merchant_id":"1490350062","key":"","authCode":"135296259447510378","order_sn":"2018042922402695950","price":300}

