2018-03-19 03:15:32 {"merchant_id":"1490350062","key":"","authCode":"134504709616999565","order_sn":"2018031903153211724","price":30}
2018-03-19 09:47:51 {"merchant_id":"1499456762","key":"","authCode":"134558489011946645","order_sn":"2018031909475115532","price":200}
2018-03-19 10:27:04 {"merchant_id":"1499456762","key":"","authCode":"134765382279750621","order_sn":"2018031910270440927","price":128}
2018-03-19 10:49:46 {"merchant_id":"2088822285099072","key":"201710BBaa55e11a995b41488709d94fe3bfbX07","authCode":"286970706251714709","order_sn":"2018031910494619979","price":2000}
2018-03-19 10:49:46 {"app_id":"2017071207730667","method":"alipay.trade.pay","charset":"utf-8","sign_type":"RSA","app_auth_token":"201710BBaa55e11a995b41488709d94fe3bfbX07","timestamp":"2018-03-19 10:49:46","version":"1.0","biz_content":"{\"out_trade_no\":\"2018031910494619979\",\"scene\":\"bar_code\",\"auth_code\":\"286970706251714709\",\"subject\":\"\\u8ba2\\u5355\\u53f7:2018031910494619979\",\"seller_id\":\"2088822285099072\",\"total_amount\":2000,\"extend_params\":{\"sys_service_provider_id\":\"2088721521881652\"}}","sign":"qXJby5kQZvPat+VkHG2PcYiLF2Bjv3yTjGTX4m40RqQY+CCqXfc+pX+WdhtIUTBhE6g1n\/JQUwR6jWLJBAHUGKbtpsyECgGLiwiJs4IV5tEWOy5EuWEFuwQ9Efg+hEiiy1Srq1hIyr\/eV+DdW+QzDssG2lQzD+AHeY9Y7dRnMkM="}
2018-03-19 10:49:46 {"alipay_trade_pay_response":{"code":"10003","msg":" order success pay inprocess","buyer_logon_id":"591***@qq.com","buyer_pay_amount":"0.00","buyer_user_id":"2088712728920415","invoice_amount":"0.00","out_trade_no":"2018031910494619979","point_amount":"0.00","receipt_amount":"0.00","total_amount":"2000.00","trade_no":"2018031921001004410568372216"},"sign":"BeQCz+bgXQ+x3pfJHAnK6i2ikUZEptZSweKc+DQ7bOVp7n66m72KWxbh/SA8xlrVQ5PVUSohK/6GwLNjE6SvpwYU9NTSfHqR/aXMqGfBJ1bjTn3juHIbgLUiUnR+oK92+WwKTkeE67f0y097/eIylugRjeAZ+G/bRDTYyh8SxU4="}
2018-03-19 10:49:47 {"alipay_trade_query_response":{"code":"10000","msg":"Success","buyer_logon_id":"591***@qq.com","buyer_pay_amount":"0.00","buyer_user_id":"2088712728920415","invoice_amount":"0.00","out_trade_no":"2018031910494619979","point_amount":"0.00","receipt_amount":"0.00","total_amount":"2000.00","trade_no":"2018031921001004410568372216","trade_status":"WAIT_BUYER_PAY"},"sign":"Mik8M3NJDiXlzN7AC+F5CjHphCgqkwGE5BehZjzSBpWLvAr2SDGUusbgPKj3edC2ofJ14h4wy11sg1qRBwR4FBnhOPUFdIBuHaKGqqa0dKQ5wQTJ2KmMu5F6lbuktAmns5O2DnZdojm3s0dwOg1YZ9xRiIbj5F5J8N+SZgrSjxk="}
2018-03-19 10:49:51 {"alipay_trade_query_response":{"code":"10000","msg":"Success","buyer_logon_id":"591***@qq.com","buyer_pay_amount":"0.00","buyer_user_id":"2088712728920415","invoice_amount":"0.00","out_trade_no":"2018031910494619979","point_amount":"0.00","receipt_amount":"0.00","total_amount":"2000.00","trade_no":"2018031921001004410568372216","trade_status":"WAIT_BUYER_PAY"},"sign":"Mik8M3NJDiXlzN7AC+F5CjHphCgqkwGE5BehZjzSBpWLvAr2SDGUusbgPKj3edC2ofJ14h4wy11sg1qRBwR4FBnhOPUFdIBuHaKGqqa0dKQ5wQTJ2KmMu5F6lbuktAmns5O2DnZdojm3s0dwOg1YZ9xRiIbj5F5J8N+SZgrSjxk="}
2018-03-19 10:49:55 {"alipay_trade_query_response":{"code":"10000","msg":"Success","buyer_logon_id":"591***@qq.com","buyer_pay_amount":"0.00","buyer_user_id":"2088712728920415","invoice_amount":"0.00","out_trade_no":"2018031910494619979","point_amount":"0.00","receipt_amount":"0.00","total_amount":"2000.00","trade_no":"2018031921001004410568372216","trade_status":"WAIT_BUYER_PAY"},"sign":"Mik8M3NJDiXlzN7AC+F5CjHphCgqkwGE5BehZjzSBpWLvAr2SDGUusbgPKj3edC2ofJ14h4wy11sg1qRBwR4FBnhOPUFdIBuHaKGqqa0dKQ5wQTJ2KmMu5F6lbuktAmns5O2DnZdojm3s0dwOg1YZ9xRiIbj5F5J8N+SZgrSjxk="}
2018-03-19 10:49:59 {"alipay_trade_query_response":{"code":"10000","msg":"Success","buyer_logon_id":"591***@qq.com","buyer_pay_amount":"0.00","buyer_user_id":"2088712728920415","invoice_amount":"0.00","out_trade_no":"2018031910494619979","point_amount":"0.00","receipt_amount":"0.00","total_amount":"2000.00","trade_no":"2018031921001004410568372216","trade_status":"WAIT_BUYER_PAY"},"sign":"Mik8M3NJDiXlzN7AC+F5CjHphCgqkwGE5BehZjzSBpWLvAr2SDGUusbgPKj3edC2ofJ14h4wy11sg1qRBwR4FBnhOPUFdIBuHaKGqqa0dKQ5wQTJ2KmMu5F6lbuktAmns5O2DnZdojm3s0dwOg1YZ9xRiIbj5F5J8N+SZgrSjxk="}
2018-03-19 10:50:03 {"alipay_trade_query_response":{"code":"10000","msg":"Success","buyer_logon_id":"591***@qq.com","buyer_pay_amount":"0.00","buyer_user_id":"2088712728920415","invoice_amount":"0.00","out_trade_no":"2018031910494619979","point_amount":"0.00","receipt_amount":"0.00","total_amount":"2000.00","trade_no":"2018031921001004410568372216","trade_status":"WAIT_BUYER_PAY"},"sign":"Mik8M3NJDiXlzN7AC+F5CjHphCgqkwGE5BehZjzSBpWLvAr2SDGUusbgPKj3edC2ofJ14h4wy11sg1qRBwR4FBnhOPUFdIBuHaKGqqa0dKQ5wQTJ2KmMu5F6lbuktAmns5O2DnZdojm3s0dwOg1YZ9xRiIbj5F5J8N+SZgrSjxk="}
2018-03-19 10:50:07 {"alipay_trade_query_response":{"code":"10000","msg":"Success","buyer_logon_id":"591***@qq.com","buyer_pay_amount":"0.00","buyer_user_id":"2088712728920415","invoice_amount":"0.00","out_trade_no":"2018031910494619979","point_amount":"0.00","receipt_amount":"0.00","total_amount":"2000.00","trade_no":"2018031921001004410568372216","trade_status":"WAIT_BUYER_PAY"},"sign":"Mik8M3NJDiXlzN7AC+F5CjHphCgqkwGE5BehZjzSBpWLvAr2SDGUusbgPKj3edC2ofJ14h4wy11sg1qRBwR4FBnhOPUFdIBuHaKGqqa0dKQ5wQTJ2KmMu5F6lbuktAmns5O2DnZdojm3s0dwOg1YZ9xRiIbj5F5J8N+SZgrSjxk="}
2018-03-19 10:50:11 {"alipay_trade_query_response":{"code":"10000","msg":"Success","buyer_logon_id":"591***@qq.com","buyer_pay_amount":"0.00","buyer_user_id":"2088712728920415","invoice_amount":"0.00","out_trade_no":"2018031910494619979","point_amount":"0.00","receipt_amount":"0.00","total_amount":"2000.00","trade_no":"2018031921001004410568372216","trade_status":"WAIT_BUYER_PAY"},"sign":"Mik8M3NJDiXlzN7AC+F5CjHphCgqkwGE5BehZjzSBpWLvAr2SDGUusbgPKj3edC2ofJ14h4wy11sg1qRBwR4FBnhOPUFdIBuHaKGqqa0dKQ5wQTJ2KmMu5F6lbuktAmns5O2DnZdojm3s0dwOg1YZ9xRiIbj5F5J8N+SZgrSjxk="}
2018-03-19 10:50:14 {"alipay_trade_query_response":{"code":"10000","msg":"Success","buyer_logon_id":"591***@qq.com","buyer_pay_amount":"0.00","buyer_user_id":"2088712728920415","invoice_amount":"0.00","out_trade_no":"2018031910494619979","point_amount":"0.00","receipt_amount":"0.00","total_amount":"2000.00","trade_no":"2018031921001004410568372216","trade_status":"TRADE_CLOSED"},"sign":"Tw6tZ8dI8To/5v1hr68Yc2qxut+OKYDWwoQZ4N/eeS7OcD2OHAU/YuYLQsxYKcqNku5bSZu289ZustF4fSO5yWGMAAo9fJRv9sq8WorXIjK1TpxIK8FwhCtIFnkhP6EPTnJCu/NnLeQvlKbsQUqUJi5X3U9Ip+ShEaHJcgBRgwA="}
2018-03-19 10:50:36 {"merchant_id":"2088822285099072","key":"201710BBaa55e11a995b41488709d94fe3bfbX07","authCode":"287413137794868042","order_sn":"2018031910503682657","price":2000}
2018-03-19 10:50:36 {"app_id":"2017071207730667","method":"alipay.trade.pay","charset":"utf-8","sign_type":"RSA","app_auth_token":"201710BBaa55e11a995b41488709d94fe3bfbX07","timestamp":"2018-03-19 10:50:36","version":"1.0","biz_content":"{\"out_trade_no\":\"2018031910503682657\",\"scene\":\"bar_code\",\"auth_code\":\"287413137794868042\",\"subject\":\"\\u8ba2\\u5355\\u53f7:2018031910503682657\",\"seller_id\":\"2088822285099072\",\"total_amount\":2000,\"extend_params\":{\"sys_service_provider_id\":\"2088721521881652\"}}","sign":"fK2vfKQGW3mf3m2M2BVXzDxpzk4SmGD0OrHVXx\/1K4hY5aH1vvs9fMNV9XqZ81ibVlfQPPDKNaIHQJVBpZz2rtN4PW51q6WbRufCuCMZW6ivlbFGD3WgBmCAR7aWMcETelmYdXP2LJ5+mxJuRqHLYIPp84X5CCbp0L063KIR3h4="}
2018-03-19 10:50:36 {"alipay_trade_pay_response":{"code":"10003","msg":" order success pay inprocess","buyer_logon_id":"591***@qq.com","buyer_pay_amount":"0.00","buyer_user_id":"2088712728920415","invoice_amount":"0.00","out_trade_no":"2018031910503682657","point_amount":"0.00","receipt_amount":"0.00","total_amount":"2000.00","trade_no":"2018031921001004410570490904"},"sign":"jMx++TdA1jEbHelkWWwFhFd3ydMnReUK/Ck+vlEVvwYiXadf5kuCoMDosw4VDSm5v+ZDrPTQlA33YVnZti1mhsX8M2Qya0koJi4CLWeXni6aG6eoXbmvxzlAuM171Cm5q+4czg8oy/KN0X64VlDqsRo4S/cC7DPq7bPBbEJLJRM="}
2018-03-19 10:50:36 {"alipay_trade_query_response":{"code":"10000","msg":"Success","buyer_logon_id":"591***@qq.com","buyer_pay_amount":"0.00","buyer_user_id":"2088712728920415","invoice_amount":"0.00","out_trade_no":"2018031910503682657","point_amount":"0.00","receipt_amount":"0.00","total_amount":"2000.00","trade_no":"2018031921001004410570490904","trade_status":"WAIT_BUYER_PAY"},"sign":"akIEHwaQvZ2z5xienClDxsylemcyOdBeficb0B1Idasqlecq+7j6USeVgY8vOKtLKOpTrt7yT0EshTnLvuNtHbSaeSYHO2keEIzrFgmvhQCNMa+T3JUy94V+UHTV2vrr6wk4Al+z9kCQp+ulcHSM8KLP2ayCtTWR+e2GUHk88yY="}
2018-03-19 10:50:40 {"alipay_trade_query_response":{"code":"10000","msg":"Success","buyer_logon_id":"591***@qq.com","buyer_pay_amount":"0.00","buyer_user_id":"2088712728920415","invoice_amount":"0.00","out_trade_no":"2018031910503682657","point_amount":"0.00","receipt_amount":"0.00","total_amount":"2000.00","trade_no":"2018031921001004410570490904","trade_status":"WAIT_BUYER_PAY"},"sign":"akIEHwaQvZ2z5xienClDxsylemcyOdBeficb0B1Idasqlecq+7j6USeVgY8vOKtLKOpTrt7yT0EshTnLvuNtHbSaeSYHO2keEIzrFgmvhQCNMa+T3JUy94V+UHTV2vrr6wk4Al+z9kCQp+ulcHSM8KLP2ayCtTWR+e2GUHk88yY="}
2018-03-19 10:50:45 {"alipay_trade_query_response":{"code":"10000","msg":"Success","buyer_logon_id":"591***@qq.com","buyer_pay_amount":"0.00","buyer_user_id":"2088712728920415","invoice_amount":"0.00","out_trade_no":"2018031910503682657","point_amount":"0.00","receipt_amount":"0.00","total_amount":"2000.00","trade_no":"2018031921001004410570490904","trade_status":"WAIT_BUYER_PAY"},"sign":"akIEHwaQvZ2z5xienClDxsylemcyOdBeficb0B1Idasqlecq+7j6USeVgY8vOKtLKOpTrt7yT0EshTnLvuNtHbSaeSYHO2keEIzrFgmvhQCNMa+T3JUy94V+UHTV2vrr6wk4Al+z9kCQp+ulcHSM8KLP2ayCtTWR+e2GUHk88yY="}
2018-03-19 10:50:49 {"alipay_trade_query_response":{"code":"10000","msg":"Success","buyer_logon_id":"591***@qq.com","buyer_pay_amount":"0.00","buyer_user_id":"2088712728920415","invoice_amount":"0.00","out_trade_no":"2018031910503682657","point_amount":"0.00","receipt_amount":"0.00","total_amount":"2000.00","trade_no":"2018031921001004410570490904","trade_status":"WAIT_BUYER_PAY"},"sign":"akIEHwaQvZ2z5xienClDxsylemcyOdBeficb0B1Idasqlecq+7j6USeVgY8vOKtLKOpTrt7yT0EshTnLvuNtHbSaeSYHO2keEIzrFgmvhQCNMa+T3JUy94V+UHTV2vrr6wk4Al+z9kCQp+ulcHSM8KLP2ayCtTWR+e2GUHk88yY="}
2018-03-19 10:50:53 {"alipay_trade_query_response":{"code":"10000","msg":"Success","buyer_logon_id":"591***@qq.com","buyer_pay_amount":"0.00","buyer_user_id":"2088712728920415","invoice_amount":"0.00","out_trade_no":"2018031910503682657","point_amount":"0.00","receipt_amount":"0.00","total_amount":"2000.00","trade_no":"2018031921001004410570490904","trade_status":"WAIT_BUYER_PAY"},"sign":"akIEHwaQvZ2z5xienClDxsylemcyOdBeficb0B1Idasqlecq+7j6USeVgY8vOKtLKOpTrt7yT0EshTnLvuNtHbSaeSYHO2keEIzrFgmvhQCNMa+T3JUy94V+UHTV2vrr6wk4Al+z9kCQp+ulcHSM8KLP2ayCtTWR+e2GUHk88yY="}
2018-03-19 10:50:57 {"alipay_trade_query_response":{"code":"10000","msg":"Success","buyer_logon_id":"591***@qq.com","buyer_pay_amount":"2000.00","buyer_user_id":"2088712728920415","fund_bill_list":[{"amount":"2000.00","fund_channel":"PCREDIT"}],"invoice_amount":"2000.00","out_trade_no":"2018031910503682657","point_amount":"0.00","receipt_amount":"2000.00","send_pay_date":"2018-03-19 10:50:53","total_amount":"2000.00","trade_no":"2018031921001004410570490904","trade_status":"TRADE_SUCCESS"},"sign":"R2D1bEGoKZ9ExzSDgtYPI9Q6cGuwFjd5nuhZYUOMHSGTZJ8CrSjLjuzkfRKvLNIwFt7lwsGnyjCYOoMkk5jJQR1dc8tmE3IkyLzVH8TMxU+uNF87fbCilxW2VnKTnF32tDZf/LtUHSntgvaeFvhLjW9JDHqipgIrWyD2T4+jyiY="}
2018-03-19 11:35:25 {"merchant_id":"1499456762","key":"","authCode":"134547683746676793","order_sn":"2018031911352535290","price":28}
2018-03-19 11:35:50 {"merchant_id":"1499456762","key":"","authCode":"134602117831282445","order_sn":"2018031911355018628","price":28}
2018-03-19 11:44:20 {"merchant_id":"2088821827997030","key":"201711BBc699bef5cde842dba6fa5c6bdc706A03","authCode":"283006893150192140","order_sn":"2018031911441913034","price":158}
2018-03-19 11:44:20 {"app_id":"2017071207730667","method":"alipay.trade.pay","charset":"utf-8","sign_type":"RSA","app_auth_token":"201711BBc699bef5cde842dba6fa5c6bdc706A03","timestamp":"2018-03-19 11:44:20","version":"1.0","biz_content":"{\"out_trade_no\":\"2018031911441913034\",\"scene\":\"bar_code\",\"auth_code\":\"283006893150192140\",\"subject\":\"\\u8ba2\\u5355\\u53f7:2018031911441913034\",\"seller_id\":\"2088821827997030\",\"total_amount\":158,\"extend_params\":{\"sys_service_provider_id\":\"2088721521881652\"}}","sign":"ZKpAQJrvMmhscg6pZ5ObcgUpgif8rpKejtqrOu\/R3rlo4wnK4sogOd4r2s8LpJE2yv\/2q2T\/h81gUTs4wh00++BJIZF9og4bx10L5Wx7Prh59dwRjoYwgZIJRTBjbDXpQzFY+PUom3sLmesnxM1ArbTmrhL9Sxz9qgXSI7v\/ylw="}
2018-03-19 11:44:21 {"alipay_trade_pay_response":{"code":"10000","msg":"Success","buyer_logon_id":"182***@qq.com","buyer_pay_amount":"158.00","buyer_user_id":"2088112218841840","fund_bill_list":[{"amount":"158.00","fund_channel":"ALIPAYACCOUNT"}],"gmt_payment":"2018-03-19 11:44:21","invoice_amount":"158.00","out_trade_no":"2018031911441913034","point_amount":"0.00","receipt_amount":"158.00","total_amount":"158.00","trade_no":"2018031921001004840521920830"},"sign":"brrPa3n2xtjn3kD4JRucMW8xSbIk3HdW8R6H+SoZ1EB/j9x9PzltBd+4CyLWFyUESZboIZSx8r/b21DD/juRENfpNBnA1MfnD9xMLUCZsCMaec735+8yOB6iTqu6JF4uqo+gcAjIu87y37nuiPbNf3s+QCkSQJms7J8EZzWPqzE="}
2018-03-19 11:45:57 {"merchant_id":"1499456762","key":"","authCode":"134635984446494548","order_sn":"2018031911455733043","price":18}
2018-03-19 11:59:34 {"merchant_id":"1499456762","key":"","authCode":"134715250699541313","order_sn":"2018031911593478217","price":42}
2018-03-19 12:09:21 {"merchant_id":"1499456762","key":"","authCode":"134683375832844572","order_sn":"2018031912092116680","price":40}
2018-03-19 12:39:02 {"merchant_id":"1499456762","key":"","authCode":"134801670634068140","order_sn":"2018031912390221255","price":19}
2018-03-19 12:52:52 {"merchant_id":"1499456762","key":"","authCode":"135211048601693040","order_sn":"2018031912525253508","price":11}
2018-03-19 13:09:19 {"merchant_id":"1499456762","key":"","authCode":"134545215060009861","order_sn":"2018031913091933375","price":8.5}
2018-03-19 13:29:19 {"merchant_id":"1499456762","key":"","authCode":"134706691919226238","order_sn":"2018031913291940303","price":15}
2018-03-19 13:36:10 {"merchant_id":"1499456762","key":"","authCode":"134727548006311834","order_sn":"2018031913361098721","price":16}
2018-03-19 13:38:21 {"merchant_id":"1493159782","key":"","authCode":"134741816103776302","order_sn":"2018031913382175850","price":200}
2018-03-19 13:53:48 {"merchant_id":"1490350062","key":"","authCode":"135281068062378273","order_sn":"2018031913534764800","price":300}
2018-03-19 14:02:20 {"merchant_id":"1499456762","key":"","authCode":"134935093740442363","order_sn":"2018031914022017523","price":16}
2018-03-19 14:08:38 {"merchant_id":"1499456762","key":"","authCode":"134679767714812879","order_sn":"2018031914083869691","price":128}
2018-03-19 14:14:09 {"merchant_id":"1490350062","key":"","authCode":"134555047264707751","order_sn":"2018031914140943090","price":300}
2018-03-19 14:27:20 {"merchant_id":"1493159782","key":"","authCode":"134868536006751992","order_sn":"2018031914272099817","price":168}
2018-03-19 14:34:56 {"merchant_id":"1499456762","key":"","authCode":"134885817461324287","order_sn":"2018031914345653246","price":38}
2018-03-19 14:36:03 {"merchant_id":"1499456762","key":"","authCode":"134735855716464248","order_sn":"2018031914360342260","price":38}
2018-03-19 15:14:34 {"merchant_id":"1499456762","key":"","authCode":"135025947602358839","order_sn":"2018031915143487542","price":42}
2018-03-19 15:21:22 {"merchant_id":"1499456762","key":"","authCode":"134513044534935273","order_sn":"2018031915212278438","price":500}
2018-03-19 15:22:21 {"merchant_id":"1499456762","key":"","authCode":"134747957708790257","order_sn":"2018031915222137651","price":500}
2018-03-19 15:38:34 {"merchant_id":"1499456762","key":"","authCode":"134636744522639216","order_sn":"2018031915383467308","price":14}
2018-03-19 15:40:17 {"merchant_id":"2088822285099072","key":"201710BBaa55e11a995b41488709d94fe3bfbX07","authCode":"281085494259714135","order_sn":"2018031915401728739","price":2000}
2018-03-19 15:40:17 {"app_id":"2017071207730667","method":"alipay.trade.pay","charset":"utf-8","sign_type":"RSA","app_auth_token":"201710BBaa55e11a995b41488709d94fe3bfbX07","timestamp":"2018-03-19 15:40:17","version":"1.0","biz_content":"{\"out_trade_no\":\"2018031915401728739\",\"scene\":\"bar_code\",\"auth_code\":\"281085494259714135\",\"subject\":\"\\u8ba2\\u5355\\u53f7:2018031915401728739\",\"seller_id\":\"2088822285099072\",\"total_amount\":2000,\"extend_params\":{\"sys_service_provider_id\":\"2088721521881652\"}}","sign":"QeT9ayhe4bdEg3CaJfjIRp0XeyhAmvNwqD2hOul2nQGR2nGhvLVs8C+QqTzb7dHg5Jdf2kgRWYRZjRnfaV65kAXmttU30WCEWRS9bo3Wvr\/S7\/o1wCFgElfCGZC5CCpNi5kafDnTjAFT5BRpLkmX0jMNjmAA6vKGL+R2Z2wrHW0="}
2018-03-19 15:40:17 {"alipay_trade_pay_response":{"code":"10003","msg":" order success pay inprocess","buyer_logon_id":"187****0897","buyer_pay_amount":"0.00","buyer_user_id":"2088212149800340","invoice_amount":"0.00","out_trade_no":"2018031915401728739","point_amount":"0.00","receipt_amount":"0.00","total_amount":"2000.00","trade_no":"2018031921001004340562612269"},"sign":"IHhYJGHyqFAnhPkd7zMtAlNaNpimnom3qKwDVoq1CXlCA7TyfVFKCbBJUJMMvXZ9gpifKPrGvjoxuomxerOGEwJeZrftMYMsN49Tm48fV7WdUO9bnBb3pjxO/LYwcTGk7JJfLUOYTmyBPjf/3vIPLpsgYPoFJEWrkfoZy1CEJKk="}
2018-03-19 15:40:18 {"alipay_trade_query_response":{"code":"10000","msg":"Success","buyer_logon_id":"187****0897","buyer_pay_amount":"0.00","buyer_user_id":"2088212149800340","invoice_amount":"0.00","out_trade_no":"2018031915401728739","point_amount":"0.00","receipt_amount":"0.00","total_amount":"2000.00","trade_no":"2018031921001004340562612269","trade_status":"WAIT_BUYER_PAY"},"sign":"lN+XKmMdz1b/AvWQmCRCm8UX2fkM7/OarXDGBaxi6Z9RIfI8KSzmJgx7dufu9Q+E666gWyzbkF82z6K+EbRT/7CVBVIT+3x7FtY/0+XNNnEsyJFYk/1XiilF9lVFXpIsUqEdduTEX2Ss/ifCXmEJGxcdxqRjJO74Va/BRvAS3dg="}
2018-03-19 15:40:22 {"alipay_trade_query_response":{"code":"10000","msg":"Success","buyer_logon_id":"187****0897","buyer_pay_amount":"0.00","buyer_user_id":"2088212149800340","invoice_amount":"0.00","out_trade_no":"2018031915401728739","point_amount":"0.00","receipt_amount":"0.00","total_amount":"2000.00","trade_no":"2018031921001004340562612269","trade_status":"WAIT_BUYER_PAY"},"sign":"lN+XKmMdz1b/AvWQmCRCm8UX2fkM7/OarXDGBaxi6Z9RIfI8KSzmJgx7dufu9Q+E666gWyzbkF82z6K+EbRT/7CVBVIT+3x7FtY/0+XNNnEsyJFYk/1XiilF9lVFXpIsUqEdduTEX2Ss/ifCXmEJGxcdxqRjJO74Va/BRvAS3dg="}
2018-03-19 15:40:26 {"alipay_trade_query_response":{"code":"10000","msg":"Success","buyer_logon_id":"187****0897","buyer_pay_amount":"0.00","buyer_user_id":"2088212149800340","invoice_amount":"0.00","out_trade_no":"2018031915401728739","point_amount":"0.00","receipt_amount":"0.00","total_amount":"2000.00","trade_no":"2018031921001004340562612269","trade_status":"WAIT_BUYER_PAY"},"sign":"lN+XKmMdz1b/AvWQmCRCm8UX2fkM7/OarXDGBaxi6Z9RIfI8KSzmJgx7dufu9Q+E666gWyzbkF82z6K+EbRT/7CVBVIT+3x7FtY/0+XNNnEsyJFYk/1XiilF9lVFXpIsUqEdduTEX2Ss/ifCXmEJGxcdxqRjJO74Va/BRvAS3dg="}
2018-03-19 15:40:30 {"alipay_trade_query_response":{"code":"10000","msg":"Success","buyer_logon_id":"187****0897","buyer_pay_amount":"0.00","buyer_user_id":"2088212149800340","invoice_amount":"0.00","out_trade_no":"2018031915401728739","point_amount":"0.00","receipt_amount":"0.00","total_amount":"2000.00","trade_no":"2018031921001004340562612269","trade_status":"WAIT_BUYER_PAY"},"sign":"lN+XKmMdz1b/AvWQmCRCm8UX2fkM7/OarXDGBaxi6Z9RIfI8KSzmJgx7dufu9Q+E666gWyzbkF82z6K+EbRT/7CVBVIT+3x7FtY/0+XNNnEsyJFYk/1XiilF9lVFXpIsUqEdduTEX2Ss/ifCXmEJGxcdxqRjJO74Va/BRvAS3dg="}
2018-03-19 15:40:34 {"alipay_trade_query_response":{"code":"10000","msg":"Success","buyer_logon_id":"187****0897","buyer_pay_amount":"2000.00","buyer_user_id":"2088212149800340","fund_bill_list":[{"amount":"2000.00","fund_channel":"ALIPAYACCOUNT"}],"invoice_amount":"2000.00","out_trade_no":"2018031915401728739","point_amount":"0.00","receipt_amount":"2000.00","send_pay_date":"2018-03-19 15:40:33","total_amount":"2000.00","trade_no":"2018031921001004340562612269","trade_status":"TRADE_SUCCESS"},"sign":"kBZz2ZpiTMjEGdYcQkJLoXbDJjSbTqS/IoRoGhID1ak+Z379Fkc/N+fpgyVC1b+u16pI3L9Gj5bSJ2AzofRBjoWYXMwlA6S/2KVSy+aE/UgfxK3HzJzMnI+bMwopQ49vgr1xApOAvVvY+/F/CF1VNEcVYgbwX5XtgMsKcAOgNI0="}
2018-03-19 15:55:11 {"merchant_id":"1499456762","key":"","authCode":"134693683291268784","order_sn":"2018031915551183845","price":12.5}
2018-03-19 15:55:40 {"merchant_id":"1499456762","key":"","authCode":"134655927615826925","order_sn":"2018031915554034983","price":10}
2018-03-19 16:04:06 {"merchant_id":"1499456762","key":"","authCode":"134750519361251392","order_sn":"2018031916040616489","price":12}
2018-03-19 16:05:46 {"merchant_id":"1499456762","key":"","authCode":"134889820369979128","order_sn":"2018031916054660821","price":20}
2018-03-19 16:07:10 {"merchant_id":"1499456762","key":"","authCode":"134931840147930682","order_sn":"2018031916071077025","price":33}
2018-03-19 16:07:35 {"merchant_id":"1499456762","key":"","authCode":"134715990329411762","order_sn":"2018031916073521881","price":32}
2018-03-19 16:10:29 {"merchant_id":"1499456762","key":"","authCode":"134939053778885826","order_sn":"2018031916102970291","price":37.5}
2018-03-19 16:16:22 {"merchant_id":"1499456762","key":"","authCode":"134647980349323099","order_sn":"2018031916162256714","price":29}
2018-03-19 16:19:50 {"merchant_id":"1499456762","key":"","authCode":"134518742132503186","order_sn":"2018031916195039860","price":23}
2018-03-19 16:33:56 {"merchant_id":"1499456762","key":"","authCode":"134616021676485059","order_sn":"2018031916335641722","price":42}
2018-03-19 16:35:40 {"merchant_id":"1499456762","key":"","authCode":"134952982853524662","order_sn":"2018031916354081413","price":15}
2018-03-19 16:36:03 {"merchant_id":"1499456762","key":"","authCode":"134741007459420099","order_sn":"2018031916360395190","price":5}
2018-03-19 16:36:25 {"merchant_id":"1499456762","key":"","authCode":"134714765311919484","order_sn":"2018031916362574890","price":21}
2018-03-19 16:44:36 {"merchant_id":"1499456762","key":"","authCode":"134946636639951388","order_sn":"2018031916443679429","price":23}
2018-03-19 16:46:48 {"merchant_id":"1499456762","key":"","authCode":"134666889283950215","order_sn":"2018031916464893676","price":4}
2018-03-19 16:48:05 {"merchant_id":"1499456762","key":"","authCode":"134610626002013208","order_sn":"2018031916480535905","price":8}
2018-03-19 17:03:48 {"merchant_id":"1499456762","key":"","authCode":"134889679000657693","order_sn":"2018031917034861572","price":12}
2018-03-19 17:11:47 {"merchant_id":"1499456762","key":"","authCode":"134669181289288094","order_sn":"2018031917114744553","price":14}
2018-03-19 17:26:27 {"merchant_id":"1499456762","key":"","authCode":"134600938185054537","order_sn":"2018031917262729924","price":23}
2018-03-19 17:33:26 {"merchant_id":"1499456762","key":"","authCode":"135062065240551177","order_sn":"2018031917332698137","price":20}
2018-03-19 17:39:36 {"merchant_id":"1499456762","key":"","authCode":"135048166067318662","order_sn":"2018031917393650907","price":11}
2018-03-19 17:42:45 {"merchant_id":"1499456762","key":"","authCode":"134667319777188549","order_sn":"2018031917424526440","price":15}
2018-03-19 18:14:37 {"merchant_id":"2088821827997030","key":"201711BBc699bef5cde842dba6fa5c6bdc706A03","authCode":"286427675142284175","order_sn":"2018031918143785661","price":300}
2018-03-19 18:14:37 {"app_id":"2017071207730667","method":"alipay.trade.pay","charset":"utf-8","sign_type":"RSA","app_auth_token":"201711BBc699bef5cde842dba6fa5c6bdc706A03","timestamp":"2018-03-19 18:14:37","version":"1.0","biz_content":"{\"out_trade_no\":\"2018031918143785661\",\"scene\":\"bar_code\",\"auth_code\":\"286427675142284175\",\"subject\":\"\\u8ba2\\u5355\\u53f7:2018031918143785661\",\"seller_id\":\"2088821827997030\",\"total_amount\":300,\"extend_params\":{\"sys_service_provider_id\":\"2088721521881652\"}}","sign":"aI0Dq34X1uzjSRoX1dVXU8ssuoXcBa8OfbBVFvQkYht+duPI7QMOXIULDrzbfcOqtxR\/Wj+jLUd234wJLlhTwzMfmY\/FIcZyOmvn2GKOu1IFh3xku4hsxRgG+qb45z1WiwMepNCQgPEbeHreRDp80sXK9+yUDbUN7J3Kykwl23Q="}
2018-03-19 18:14:39 {"alipay_trade_pay_response":{"code":"10000","msg":"Success","buyer_logon_id":"138****6935","buyer_pay_amount":"300.00","buyer_user_id":"2088812745791033","fund_bill_list":[{"amount":"300.00","fund_channel":"ALIPAYACCOUNT"}],"gmt_payment":"2018-03-19 18:14:39","invoice_amount":"300.00","out_trade_no":"2018031918143785661","point_amount":"0.00","receipt_amount":"300.00","total_amount":"300.00","trade_no":"2018031921001004030549179728"},"sign":"tmi2EPb6p6b2rGs1e/UQF7+aEAdkzWF23Bf8xbIhzoPc8fMiyo1Oj9uV2qbUP0YV6iqsoxFSRXLBNgt185J+wdK90CzJSCuLUjkl+QlSKNkbAwIXhmVEe3Dytdat14r4HGHsBlB2AhfzVWyiuMOOW+13vbMOGOacLo2obQSmCKU="}
2018-03-19 18:15:21 {"merchant_id":"1493159782","key":"","authCode":"134746375446841877","order_sn":"2018031918152151013","price":100}
2018-03-19 18:22:40 {"merchant_id":"1499456762","key":"","authCode":"134610064724448650","order_sn":"2018031918224061894","price":8}
2018-03-19 18:35:54 {"merchant_id":"1499456762","key":"","authCode":"134996676431891993","order_sn":"2018031918355448128","price":12}
2018-03-19 18:37:13 {"merchant_id":"2088822285099072","key":"201710BBaa55e11a995b41488709d94fe3bfbX07","authCode":"283272548361192418","order_sn":"2018031918371361417","price":300}
2018-03-19 18:37:13 {"app_id":"2017071207730667","method":"alipay.trade.pay","charset":"utf-8","sign_type":"RSA","app_auth_token":"201710BBaa55e11a995b41488709d94fe3bfbX07","timestamp":"2018-03-19 18:37:13","version":"1.0","biz_content":"{\"out_trade_no\":\"2018031918371361417\",\"scene\":\"bar_code\",\"auth_code\":\"283272548361192418\",\"subject\":\"\\u8ba2\\u5355\\u53f7:2018031918371361417\",\"seller_id\":\"2088822285099072\",\"total_amount\":300,\"extend_params\":{\"sys_service_provider_id\":\"2088721521881652\"}}","sign":"Pcd3a5crGB65wPNfjuyGtUNQ7ah+iX3i8wyqHMIctxlLQvsqDPrnsKH0Q5qs2+jQkI6McZnqR0qoijk3o0hmXZE6edpT09cA1+tQP2Em9Oj8Ku61XB7jYTN1R4VMzMbxe78UoZFc\/Tk8wxcK6xja39Dq\/nt7\/xxuXFxgtQE2EaQ="}
2018-03-19 18:37:14 {"alipay_trade_pay_response":{"code":"10000","msg":"Success","buyer_logon_id":"188****3103","buyer_pay_amount":"300.00","buyer_user_id":"2088612790365669","fund_bill_list":[{"amount":"300.00","fund_channel":"ALIPAYACCOUNT"}],"gmt_payment":"2018-03-19 18:37:14","invoice_amount":"300.00","out_trade_no":"2018031918371361417","point_amount":"0.00","receipt_amount":"300.00","total_amount":"300.00","trade_no":"2018031921001004660556277669"},"sign":"XPntSNFqHJBmYo8MCjMzq5u5Z9yoC0qtUqglA0nrXZmHG6MARswFCOY7Zs3YmV4ETvQgVefxpbBDK4QFtbwlDigrs5REWLuQ3epOyAvkOyAcO/KpKWcSBfT5ejfOUoj2wNwGBxtCi+EGsYXM5l+EVfzu0vnzKH2DZToJZ1adNKA="}
2018-03-19 18:37:20 {"merchant_id":"1499456762","key":"","authCode":"134743642758254441","order_sn":"2018031918372072428","price":20}
2018-03-19 18:40:31 {"merchant_id":"1499456762","key":"","authCode":"134968301325924380","order_sn":"2018031918403138359","price":8}
2018-03-19 18:42:01 {"merchant_id":"1499456762","key":"","authCode":"134638371261195606","order_sn":"2018031918420140773","price":20}
2018-03-19 18:55:39 {"merchant_id":"1499456762","key":"","authCode":"134759355993616981","order_sn":"2018031918553946319","price":17}
2018-03-19 19:14:11 {"merchant_id":"1499456762","key":"","authCode":"134712787002156586","order_sn":"2018031919141127488","price":21}
2018-03-19 19:15:19 {"merchant_id":"1499456762","key":"","authCode":"134744001762422173","order_sn":"2018031919151999662","price":62}
2018-03-19 19:18:59 {"merchant_id":"1499456762","key":"","authCode":"134729039543718503","order_sn":"2018031919185933502","price":6}
2018-03-19 19:23:31 {"merchant_id":"1499456762","key":"","authCode":"134789198721983376","order_sn":"2018031919233111259","price":71.5}
2018-03-19 19:27:51 {"merchant_id":"1499456762","key":"","authCode":"134681986308643277","order_sn":"2018031919275159379","price":4}
2018-03-19 19:28:12 {"merchant_id":"1499456762","key":"","authCode":"134582635008645480","order_sn":"2018031919281288753","price":11}
2018-03-19 19:33:01 {"merchant_id":"1499456762","key":"","authCode":"134865854465402717","order_sn":"2018031919330145105","price":12}
2018-03-19 19:33:20 {"merchant_id":"1499456762","key":"","authCode":"134811763654353191","order_sn":"2018031919332076238","price":2}
2018-03-19 19:39:57 {"merchant_id":"1499456762","key":"","authCode":"134755387032640953","order_sn":"2018031919395784697","price":20}
2018-03-19 19:42:28 {"merchant_id":"1499456762","key":"","authCode":"134535389098702377","order_sn":"2018031919422742112","price":7}
2018-03-19 19:47:10 {"merchant_id":"1499456762","key":"","authCode":"135087601575312905","order_sn":"2018031919471031756","price":15}
2018-03-19 19:48:40 {"merchant_id":"1499456762","key":"","authCode":"135216151536704525","order_sn":"2018031919484032194","price":13}
2018-03-19 19:55:08 {"merchant_id":"1499456762","key":"","authCode":"134826116706762611","order_sn":"2018031919550883337","price":20}
2018-03-19 20:04:45 {"merchant_id":"1499456762","key":"","authCode":"134598568500114486","order_sn":"2018031920044562120","price":53.5}
2018-03-19 20:14:05 {"merchant_id":"2088821827997030","key":"201711BBc699bef5cde842dba6fa5c6bdc706A03","authCode":"289783505539810707","order_sn":"2018031920140534516","price":300}
2018-03-19 20:14:05 {"app_id":"2017071207730667","method":"alipay.trade.pay","charset":"utf-8","sign_type":"RSA","app_auth_token":"201711BBc699bef5cde842dba6fa5c6bdc706A03","timestamp":"2018-03-19 20:14:05","version":"1.0","biz_content":"{\"out_trade_no\":\"2018031920140534516\",\"scene\":\"bar_code\",\"auth_code\":\"289783505539810707\",\"subject\":\"\\u8ba2\\u5355\\u53f7:2018031920140534516\",\"seller_id\":\"2088821827997030\",\"total_amount\":300,\"extend_params\":{\"sys_service_provider_id\":\"2088721521881652\"}}","sign":"YpZuhI2zyfIGS0Fpiy5ICw3j1b\/Ab5qO59uv\/o9PB96za4ZL6oDAjfKOpxn871KP5iwgelPXq5+129lNnnkZuqiMNVsanzfBhxLblSPQfRbVRw3k\/8ya1MrfbUHfC9dTIys6FVRwcvLQqQn\/yyz43wyuWetXtc4s5guQoAfR4JY="}
2018-03-19 20:14:06 {"alipay_trade_pay_response":{"code":"10000","msg":"Success","buyer_logon_id":"133****0266","buyer_pay_amount":"300.00","buyer_user_id":"2088022526522969","fund_bill_list":[{"amount":"300.00","fund_channel":"ALIPAYACCOUNT"}],"gmt_payment":"2018-03-19 20:14:06","invoice_amount":"300.00","out_trade_no":"2018031920140534516","point_amount":"0.00","receipt_amount":"300.00","total_amount":"300.00","trade_no":"2018031921001004960524524631"},"sign":"qKoxTT1Fg1yTNXx55qctPHTklSHwWpbvz8hHQBJhmMdlktyDo/iQb8hQFfjj3MR2lzEQ+E0cCQLjrMqcNrRCmNbQQfokAF9X96S7Xhp52rC/04u33OwyCtlJqQLefgEuot7dt4IxgdXaoFshvOLGL+awrMNlZ8rPPwKDB6zeMIo="}
2018-03-19 20:15:42 {"merchant_id":"1490350062","key":"","authCode":"134616120039024740","order_sn":"2018031920154279846","price":3}
2018-03-19 20:27:55 {"merchant_id":"1499456762","key":"","authCode":"134718708466389880","order_sn":"2018031920275533453","price":14}
2018-03-19 20:29:55 {"merchant_id":"1499456762","key":"","authCode":"134521790877519378","order_sn":"2018031920295522377","price":16}
2018-03-19 20:37:14 {"merchant_id":"1499456762","key":"","authCode":"134622339268954371","order_sn":"2018031920371437491","price":12}
2018-03-19 20:52:52 {"merchant_id":"1499456762","key":"","authCode":"134563239248417641","order_sn":"2018031920525269826","price":60}
2018-03-19 20:54:27 {"merchant_id":"1499456762","key":"","authCode":"134898617258752237","order_sn":"2018031920542787558","price":38}
2018-03-19 20:57:45 {"merchant_id":"1499456762","key":"","authCode":"134743214597710173","order_sn":"2018031920574598304","price":10}
2018-03-19 21:55:28 {"merchant_id":"2088822285099072","key":"201710BBaa55e11a995b41488709d94fe3bfbX07","authCode":"280782915700051519","order_sn":"2018031921552853234","price":300}
2018-03-19 21:55:28 {"app_id":"2017071207730667","method":"alipay.trade.pay","charset":"utf-8","sign_type":"RSA","app_auth_token":"201710BBaa55e11a995b41488709d94fe3bfbX07","timestamp":"2018-03-19 21:55:28","version":"1.0","biz_content":"{\"out_trade_no\":\"2018031921552853234\",\"scene\":\"bar_code\",\"auth_code\":\"280782915700051519\",\"subject\":\"\\u8ba2\\u5355\\u53f7:2018031921552853234\",\"seller_id\":\"2088822285099072\",\"total_amount\":300,\"extend_params\":{\"sys_service_provider_id\":\"2088721521881652\"}}","sign":"I5tvlK92cnLncebXmMZDVRXDg2s0pEQsmxNKGQeo584rFyEf5ti4juILuFoGohp4L\/sProck3A4BUeAve\/mfd5OW0PRV29yE\/cDxbqUjEQoxxgI0WdX4n8uD0Dd5W43vbRBfVfu\/d4ozrrTEZFnhQp6komQhFZouDioUEV+ywr8="}
2018-03-19 21:55:30 {"alipay_trade_pay_response":{"code":"10000","msg":"Success","buyer_logon_id":"151****1555","buyer_pay_amount":"300.00","buyer_user_id":"2088032311820758","fund_bill_list":[{"amount":"300.00","fund_channel":"ALIPAYACCOUNT"}],"gmt_payment":"2018-03-19 21:55:29","invoice_amount":"300.00","out_trade_no":"2018031921552853234","point_amount":"0.00","receipt_amount":"300.00","total_amount":"300.00","trade_no":"2018031921001004750553079782"},"sign":"gmOTVd4FdRuZ1y7mof7dk9qhv+gzrSuNy12powaLDzd7cMPoWQn6zeXmH/HsKkmeIH8w0SjYyJfiIXGby/NDcQGbidVAMYs/Vob8dapDq5K+D4zSsGumrLK9UrqzMsz9qoQMTulvzXAys3qr/910wAfXfQcWgr1f9w66PiGtuhw="}
