2018-05-30 00:34:45 {"merchant_id":"1490350062","key":"","authCode":"134735461361081240","order_sn":"2018053000344512188","price":300}

2018-05-30 01:08:37 {"merchant_id":"1490350062","key":"","authCode":"134867162782858470","order_sn":"2018053001083751843","price":200}

2018-05-30 02:57:18 {"merchant_id":"1493159782","key":"","authCode":"134725512165342343","order_sn":"2018053002571879735","price":300}

2018-05-30 04:49:41 {"merchant_id":"1490350062","key":"","authCode":"134732982994439595","order_sn":"2018053004494128632","price":300}

2018-05-30 08:19:44 {"merchant_id":"1499456762","key":"","authCode":"134752456015552655","order_sn":"2018053008194492015","price":32}

2018-05-30 08:28:08 {"merchant_id":"1490350062","key":"","authCode":"134628538990768534","order_sn":"2018053008280893787","price":6}

2018-05-30 08:41:55 {"merchant_id":"1499456762","key":"","authCode":"134668963284678089","order_sn":"2018053008415540207","price":10}

2018-05-30 08:43:17 {"merchant_id":"1499456762","key":"","authCode":"134533449842555938","order_sn":"2018053008431770843","price":11}

2018-05-30 08:47:41 {"merchant_id":"1499456762","key":"","authCode":"134509495245086526","order_sn":"2018053008474129554","price":18}

2018-05-30 09:16:44 {"merchant_id":"1499456762","key":"","authCode":"134922046592669801","order_sn":"2018053009164440587","price":200}

2018-05-30 09:21:31 {"merchant_id":"1499456762","key":"","authCode":"136327981584224441","order_sn":"2018053009213161260","price":15}

2018-05-30 09:24:54 {"merchant_id":"1499456762","key":"","authCode":"134529938070542531","order_sn":"2018053009245473382","price":5}

2018-05-30 09:25:54 {"merchant_id":"1490350062","key":"","authCode":"134506509981870364","order_sn":"2018053009255484371","price":29}

2018-05-30 09:29:58 {"merchant_id":"2088822285099072","key":"201710BBaa55e11a995b41488709d94fe3bfbX07","authCode":"281182933644278659","order_sn":"2018053009295828374","price":200}

2018-05-30 09:29:58 {"app_id":"2017071207730667","method":"alipay.trade.pay","charset":"utf-8","sign_type":"RSA","app_auth_token":"201710BBaa55e11a995b41488709d94fe3bfbX07","timestamp":"2018-05-30 09:29:58","version":"1.0","biz_content":"{\"out_trade_no\":\"2018053009295828374\",\"scene\":\"bar_code\",\"auth_code\":\"281182933644278659\",\"subject\":\"\\u8ba2\\u5355\\u53f7:2018053009295828374\",\"seller_id\":\"2088822285099072\",\"total_amount\":200,\"extend_params\":{\"sys_service_provider_id\":\"2088721521881652\"}}","sign":"oMTf8MUmPwlIGF5WrGPtu+JxGUPzuVguxh2GyyHngpmSAfXydb37GZKw2K3tLCxudjeL7qsVbxb556HsGNXR5fw\/dqCHZ1sV+yX07qbxpCy5F36\/\/sMYHQnwSK0IqMMI51P0ACIEu2k7vVqJ7+UthmwNTbNFyKL0NAcRwncj\/YI="}

2018-05-30 09:29:59 {"alipay_trade_pay_response":{"code":"10000","msg":"Success","buyer_logon_id":"133****2937","buyer_pay_amount":"200.00","buyer_user_id":"2088712581914273","fund_bill_list":[{"amount":"200.00","fund_channel":"ALIPAYACCOUNT"}],"gmt_payment":"2018-05-30 09:29:59","invoice_amount":"200.00","out_trade_no":"2018053009295828374","point_amount":"0.00","receipt_amount":"200.00","total_amount":"200.00","trade_no":"2018053021001004270530278703"},"sign":"KdYYhvC8uCcvWHmN8f2yE234aMwMtY9qIouVVFjIO7PKOed4MVwK+vHNdvI/s2e8PXuBUd+C2LnFa8/If0RG6tVnJJfShVRbax/rAqGIUzkv1OFmN0STuQnieTDaUS2QIYWh3mbCvUOVl4hL6EBXG3cVAYYNO/AFPTu2Pt8c0jc="}

2018-05-30 09:42:19 {"merchant_id":"1499456762","key":"","authCode":"134752237353173861","order_sn":"2018053009421912899","price":10}

2018-05-30 09:57:02 {"merchant_id":"1499456762","key":"","authCode":"134728948927394513","order_sn":"2018053009570258230","price":31}

2018-05-30 10:10:32 {"merchant_id":"1499456762","key":"","authCode":"134862327431821006","order_sn":"2018053010103227152","price":12}

2018-05-30 10:32:50 {"merchant_id":"1490350062","key":"","authCode":"134522681103426158","order_sn":"2018053010325052327","price":100}

2018-05-30 10:36:29 {"merchant_id":"1490350062","key":"","authCode":"134741901295050289","order_sn":"2018053010362937314","price":300}

2018-05-30 10:38:22 {"merchant_id":"1490350062","key":"","authCode":"134609838770822180","order_sn":"2018053010382210868","price":200}

2018-05-30 10:57:55 {"merchant_id":"1499456762","key":"","authCode":"134867597465749941","order_sn":"2018053010575578710","price":300}

2018-05-30 11:11:50 {"merchant_id":"1499456762","key":"","authCode":"134663098950160943","order_sn":"2018053011115047571","price":8}

2018-05-30 11:18:55 {"merchant_id":"1499456762","key":"","authCode":"134781326042336935","order_sn":"2018053011185549514","price":59}

2018-05-30 11:28:54 {"merchant_id":"1499456762","key":"","authCode":"134670562353124458","order_sn":"2018053011285426376","price":30}

2018-05-30 11:37:29 {"merchant_id":"1499456762","key":"","authCode":"134680274749321779","order_sn":"2018053011372956494","price":5}

2018-05-30 11:43:39 {"merchant_id":"1499456762","key":"","authCode":"135618525258920830","order_sn":"2018053011433991716","price":17}

2018-05-30 11:53:49 {"merchant_id":"1490350062","key":"","authCode":"134702802839656288","order_sn":"2018053011534923436","price":200}

2018-05-30 11:59:41 {"merchant_id":"1499456762","key":"","authCode":"134743080971274397","order_sn":"2018053011594174804","price":400}

2018-05-30 12:11:45 {"merchant_id":"1499456762","key":"","authCode":"134646435489000823","order_sn":"2018053012114594846","price":8}

2018-05-30 12:26:51 {"merchant_id":"1490350062","key":"","authCode":"134604896633136601","order_sn":"2018053012265175629","price":200}

2018-05-30 12:47:25 {"merchant_id":"1499456762","key":"","authCode":"134731110640018234","order_sn":"2018053012472524022","price":17}

2018-05-30 12:53:01 {"merchant_id":"2088822285099072","key":"201710BBaa55e11a995b41488709d94fe3bfbX07","authCode":"283263607775355495","order_sn":"2018053012530188555","price":100}

2018-05-30 12:53:01 {"app_id":"2017071207730667","method":"alipay.trade.pay","charset":"utf-8","sign_type":"RSA","app_auth_token":"201710BBaa55e11a995b41488709d94fe3bfbX07","timestamp":"2018-05-30 12:53:01","version":"1.0","biz_content":"{\"out_trade_no\":\"2018053012530188555\",\"scene\":\"bar_code\",\"auth_code\":\"283263607775355495\",\"subject\":\"\\u8ba2\\u5355\\u53f7:2018053012530188555\",\"seller_id\":\"2088822285099072\",\"total_amount\":100,\"extend_params\":{\"sys_service_provider_id\":\"2088721521881652\"}}","sign":"qlJzraU4of5gv4mKB388txMuYEKs8L7sfYaObYz\/XIMeP4sBbTLgDeetCSSWfDWztQGDCImGJmZE85IaVa\/DURGPLkHuqF5g+ifWSy6RJin5U9yAZvwzPfp7KOxWMXwmPDEDy6SCy0lavTX+Fn73Pbul5cBwF2YRUz8qvPKdD0s="}

2018-05-30 12:53:02 {"alipay_trade_pay_response":{"code":"10000","msg":"Success","buyer_logon_id":"253***@qq.com","buyer_pay_amount":"100.00","buyer_user_id":"2088922451419632","fund_bill_list":[{"amount":"100.00","fund_channel":"ALIPAYACCOUNT"}],"gmt_payment":"2018-05-30 12:53:02","invoice_amount":"100.00","out_trade_no":"2018053012530188555","point_amount":"0.00","receipt_amount":"100.00","total_amount":"100.00","trade_no":"2018053021001004630593222608"},"sign":"OlKUvnjxBySP91bp7ybHJP5UmPacj1AUhHC2p8kDPRfkqaHNsV11W2fxWKA4cVlPTeEo3TSz4eRUd6pCiLFZo+2IXRIvI/xPzR4euCTuvNBA38dQwr4IDS9jmYoI4h+H+4/HhVzGUGitNaDcOJFfkHtUpon/VEtomoq96N18sJg="}

2018-05-30 12:55:13 {"merchant_id":"1499456762","key":"","authCode":"135279768675268596","order_sn":"2018053012551395320","price":2}

2018-05-30 13:35:39 {"merchant_id":"1493159782","key":"","authCode":"134795806075313608","order_sn":"2018053013353969067","price":200}

2018-05-30 13:41:58 {"merchant_id":"1499456762","key":"","authCode":"134602498927805099","order_sn":"2018053013415882870","price":14}

2018-05-30 13:58:59 {"merchant_id":"1499456762","key":"","authCode":"134913310539858905","order_sn":"2018053013585981367","price":37}

2018-05-30 14:41:24 {"merchant_id":"1499456762","key":"","authCode":"134603233804617908","order_sn":"2018053014412496434","price":128}

2018-05-30 14:41:40 {"merchant_id":"1499456762","key":"","authCode":"134565627826823732","order_sn":"2018053014414071039","price":12}

2018-05-30 14:43:30 {"merchant_id":"1499456762","key":"","authCode":"134821244430962345","order_sn":"2018053014433027542","price":18}

2018-05-30 14:48:16 {"merchant_id":"1499456762","key":"","authCode":"134547728249976896","order_sn":"2018053014481668878","price":19}

2018-05-30 14:51:50 {"merchant_id":"1493159782","key":"","authCode":"136152465389033308","order_sn":"2018053014515067384","price":99}

2018-05-30 14:56:00 {"merchant_id":"1499456762","key":"","authCode":"134722334083154593","order_sn":"2018053014560069169","price":26}

2018-05-30 15:01:28 {"merchant_id":"1499456762","key":"","authCode":"135037824391867682","order_sn":"2018053015012834705","price":10}

2018-05-30 15:22:54 {"merchant_id":"1499456762","key":"","authCode":"134729651472486953","order_sn":"2018053015225491229","price":13}

2018-05-30 15:23:07 {"merchant_id":"1499456762","key":"","authCode":"134540183848201939","order_sn":"2018053015230722601","price":5}

2018-05-30 15:29:03 {"merchant_id":"1499456762","key":"","authCode":"134538201153028013","order_sn":"2018053015290365323","price":7}

2018-05-30 15:33:21 {"merchant_id":"1499456762","key":"","authCode":"134546928982704554","order_sn":"2018053015332168266","price":200}

2018-05-30 15:42:15 {"merchant_id":"1499456762","key":"","authCode":"134935199702931143","order_sn":"2018053015421550671","price":15}

2018-05-30 15:50:33 {"merchant_id":"1499456762","key":"","authCode":"134590881059454305","order_sn":"2018053015503390914","price":12}

2018-05-30 16:04:56 {"merchant_id":"1499456762","key":"","authCode":"134905433364865007","order_sn":"2018053016045663532","price":9}

2018-05-30 16:30:44 {"merchant_id":"1499456762","key":"","authCode":"134514807566432983","order_sn":"2018053016304426515","price":11}

2018-05-30 16:41:25 {"merchant_id":"1499456762","key":"","authCode":"134723774664699006","order_sn":"2018053016412546111","price":12}

2018-05-30 16:47:25 {"merchant_id":"1490350062","key":"","authCode":"134602412055420242","order_sn":"2018053016472524166","price":200}

2018-05-30 17:06:26 {"merchant_id":"1499456762","key":"","authCode":"134684028648923303","order_sn":"2018053017062657349","price":42}

2018-05-30 17:06:53 {"merchant_id":"1499456762","key":"","authCode":"134557111966635519","order_sn":"2018053017065336405","price":108}

2018-05-30 17:08:36 {"merchant_id":"1499456762","key":"","authCode":"134951798644744954","order_sn":"2018053017083636933","price":25}

2018-05-30 17:10:34 {"merchant_id":"1499456762","key":"","authCode":"134882375191125489","order_sn":"2018053017103479963","price":41}

2018-05-30 17:15:13 {"merchant_id":"1499456762","key":"","authCode":"134733362588195233","order_sn":"2018053017151380882","price":18}

2018-05-30 17:15:47 {"merchant_id":"1499456762","key":"","authCode":"135199673854901824","order_sn":"2018053017154740315","price":7}

2018-05-30 17:18:59 {"merchant_id":"1499456762","key":"","authCode":"134970325227873066","order_sn":"2018053017185988181","price":37}

2018-05-30 17:20:54 {"merchant_id":"1499456762","key":"","authCode":"134852898504425169","order_sn":"2018053017205487215","price":48.5}

2018-05-30 17:21:32 {"merchant_id":"1499456762","key":"","authCode":"134577876184005966","order_sn":"2018053017213229975","price":33}

2018-05-30 17:22:01 {"merchant_id":"1499456762","key":"","authCode":"134845076816897767","order_sn":"2018053017220139966","price":19}

2018-05-30 17:23:58 {"merchant_id":"1499456762","key":"","authCode":"135047018470962167","order_sn":"2018053017235839811","price":29}

2018-05-30 17:26:20 {"merchant_id":"1499456762","key":"","authCode":"134708812319647195","order_sn":"2018053017262038433","price":6}

2018-05-30 17:26:41 {"merchant_id":"1499456762","key":"","authCode":"134744109040089213","order_sn":"2018053017264169374","price":10.7}

2018-05-30 17:27:09 {"merchant_id":"1499456762","key":"","authCode":"134794698419538258","order_sn":"2018053017270977697","price":40}

2018-05-30 17:28:45 {"merchant_id":"1499456762","key":"","authCode":"134573522641330675","order_sn":"2018053017284512516","price":62}

2018-05-30 17:35:04 {"merchant_id":"1499456762","key":"","authCode":"134719034612766083","order_sn":"2018053017350329869","price":48}

2018-05-30 17:37:03 {"merchant_id":"1499456762","key":"","authCode":"134747629422991502","order_sn":"2018053017370314701","price":26}

2018-05-30 17:37:31 {"merchant_id":"1499456762","key":"","authCode":"134540856228157434","order_sn":"2018053017373127769","price":34}

2018-05-30 17:37:52 {"merchant_id":"1493159782","key":"","authCode":"135213872275456545","order_sn":"2018053017375275446","price":600}

2018-05-30 17:42:46 {"merchant_id":"1499456762","key":"","authCode":"135062817874280694","order_sn":"2018053017424612240","price":16}

2018-05-30 17:43:21 {"merchant_id":"1499456762","key":"","authCode":"134756636569027326","order_sn":"2018053017432193351","price":23}

2018-05-30 17:44:02 {"merchant_id":"1499456762","key":"","authCode":"134778704418362788","order_sn":"2018053017440261481","price":16}

2018-05-30 17:46:25 {"merchant_id":"1499456762","key":"","authCode":"135580502843746754","order_sn":"2018053017462547299","price":22.5}

2018-05-30 17:46:30 {"merchant_id":"1499456762","key":"","authCode":"134638032403216542","order_sn":"2018053017463035415","price":15}

2018-05-30 17:47:10 {"merchant_id":"1499456762","key":"","authCode":"135721723545741518","order_sn":"2018053017471041327","price":26}

2018-05-30 17:50:42 {"merchant_id":"1499456762","key":"","authCode":"135086838997307950","order_sn":"2018053017504280185","price":6}

2018-05-30 17:57:15 {"merchant_id":"1499456762","key":"","authCode":"134919635103421852","order_sn":"2018053017571565132","price":18}

2018-05-30 18:00:36 {"merchant_id":"1499456762","key":"","authCode":"134727343422674607","order_sn":"2018053018003669039","price":7}

2018-05-30 18:04:25 {"merchant_id":"1499456762","key":"","authCode":"134516258072438478","order_sn":"2018053018042558878","price":128}

2018-05-30 18:05:56 {"merchant_id":"1499456762","key":"","authCode":"134555803796091496","order_sn":"2018053018055656834","price":71}

2018-05-30 18:07:41 {"merchant_id":"1499456762","key":"","authCode":"134525240584342246","order_sn":"2018053018074198237","price":27}

2018-05-30 18:14:39 {"merchant_id":"1499456762","key":"","authCode":"134626513549007404","order_sn":"2018053018143959050","price":24}

2018-05-30 18:15:51 {"merchant_id":"1499456762","key":"","authCode":"134535911872772456","order_sn":"2018053018155174186","price":25}

2018-05-30 18:16:42 {"merchant_id":"1499456762","key":"","authCode":"134533869462927729","order_sn":"2018053018164250587","price":8}

2018-05-30 18:17:36 {"merchant_id":"1499456762","key":"","authCode":"134563378260954548","order_sn":"2018053018173634561","price":200}

2018-05-30 18:19:28 {"merchant_id":"1499456762","key":"","authCode":"134745818261073724","order_sn":"2018053018192829324","price":54}

2018-05-30 18:19:40 {"merchant_id":"1499456762","key":"","authCode":"134521548545590760","order_sn":"2018053018194027883","price":5}

2018-05-30 18:25:32 {"merchant_id":"1499456762","key":"","authCode":"134924634837381911","order_sn":"2018053018253292750","price":12}

2018-05-30 18:27:28 {"merchant_id":"1499456762","key":"","authCode":"134557754213969378","order_sn":"2018053018272891467","price":42}

2018-05-30 18:28:34 {"merchant_id":"1499456762","key":"","authCode":"134711942362535399","order_sn":"2018053018283423872","price":16}

2018-05-30 18:29:44 {"merchant_id":"1499456762","key":"","authCode":"134760834075365947","order_sn":"2018053018294489279","price":10}

2018-05-30 18:53:54 {"merchant_id":"1499456762","key":"","authCode":"134848843654055890","order_sn":"2018053018535412818","price":49}

2018-05-30 18:54:53 {"merchant_id":"1499456762","key":"","authCode":"134583832791899595","order_sn":"2018053018545330005","price":39}

2018-05-30 18:57:37 {"merchant_id":"1499456762","key":"","authCode":"134754272870251068","order_sn":"2018053018573774074","price":15}

2018-05-30 18:58:05 {"merchant_id":"1499456762","key":"","authCode":"134554624306746832","order_sn":"2018053018580567278","price":7}

2018-05-30 18:58:29 {"merchant_id":"1499456762","key":"","authCode":"134523054333086171","order_sn":"2018053018582927968","price":18.5}

2018-05-30 18:59:05 {"merchant_id":"1499456762","key":"","authCode":"134551111012921690","order_sn":"2018053018590555422","price":6}

2018-05-30 19:00:49 {"merchant_id":"1499456762","key":"","authCode":"134700740405989393","order_sn":"2018053019004954518","price":25}

2018-05-30 19:01:24 {"merchant_id":"1499456762","key":"","authCode":"134504612181013924","order_sn":"2018053019012447439","price":41}

2018-05-30 19:01:40 {"merchant_id":"1499456762","key":"","authCode":"134543207752810168","order_sn":"2018053019014065318","price":8}

2018-05-30 19:03:10 {"merchant_id":"1499456762","key":"","authCode":"134722627139289682","order_sn":"2018053019031049417","price":11}

2018-05-30 19:06:11 {"merchant_id":"1499456762","key":"","authCode":"134652634541177065","order_sn":"2018053019061198705","price":28}

2018-05-30 19:07:57 {"merchant_id":"1499456762","key":"","authCode":"134766240663286639","order_sn":"2018053019075767546","price":28}

2018-05-30 19:12:07 {"merchant_id":"1499456762","key":"","authCode":"134705398345850920","order_sn":"2018053019120786144","price":46}

2018-05-30 19:12:38 {"merchant_id":"1499456762","key":"","authCode":"134559071014250089","order_sn":"2018053019123889279","price":20}

2018-05-30 19:13:13 {"merchant_id":"1499456762","key":"","authCode":"134677336241852772","order_sn":"2018053019131374302","price":7}

2018-05-30 19:19:35 {"merchant_id":"1499456762","key":"","authCode":"134509966312417445","order_sn":"2018053019193574621","price":25}

2018-05-30 19:37:52 {"merchant_id":"1499456762","key":"","authCode":"134701869313168352","order_sn":"2018053019375273625","price":10}

2018-05-30 19:40:36 {"merchant_id":"1499456762","key":"","authCode":"134560399383842522","order_sn":"2018053019403667576","price":9}

2018-05-30 19:43:56 {"merchant_id":"1499456762","key":"","authCode":"134748613512786292","order_sn":"2018053019435627886","price":12}

2018-05-30 19:48:46 {"merchant_id":"1499456762","key":"","authCode":"134629277044113547","order_sn":"2018053019484628115","price":60}

2018-05-30 19:51:02 {"merchant_id":"1499456762","key":"","authCode":"134717596401039429","order_sn":"2018053019510218720","price":19}

2018-05-30 19:53:56 {"merchant_id":"1499456762","key":"","authCode":"135186702407097315","order_sn":"2018053019535673612","price":14}

2018-05-30 19:54:46 {"merchant_id":"1499456762","key":"","authCode":"134678051142348065","order_sn":"2018053019544665430","price":7}

2018-05-30 19:58:01 {"merchant_id":"1499456762","key":"","authCode":"135053178917359138","order_sn":"2018053019580186853","price":6}

2018-05-30 19:58:36 {"merchant_id":"1499456762","key":"","authCode":"134687365044772955","order_sn":"2018053019583644073","price":27}

2018-05-30 20:01:13 {"merchant_id":"1499456762","key":"","authCode":"134883341033931284","order_sn":"2018053020011346895","price":28}

2018-05-30 20:02:14 {"merchant_id":"1499456762","key":"","authCode":"134863832342046169","order_sn":"2018053020021435196","price":8}

2018-05-30 20:02:44 {"merchant_id":"1499456762","key":"","authCode":"134725842322344867","order_sn":"2018053020024434933","price":18}

2018-05-30 20:03:46 {"merchant_id":"1499456762","key":"","authCode":"134965808448838668","order_sn":"2018053020034694182","price":20}

2018-05-30 20:06:11 {"merchant_id":"1499456762","key":"","authCode":"134709259718089325","order_sn":"2018053020061176942","price":16}

2018-05-30 20:06:59 {"merchant_id":"1499456762","key":"","authCode":"134847038321422538","order_sn":"2018053020065851093","price":12}

2018-05-30 20:13:26 {"merchant_id":"1499456762","key":"","authCode":"134630700629140208","order_sn":"2018053020132682095","price":15}

2018-05-30 20:20:50 {"merchant_id":"1499456762","key":"","authCode":"134564212388153614","order_sn":"2018053020205088268","price":15}

2018-05-30 20:20:58 {"merchant_id":"1499456762","key":"","authCode":"134735103531702730","order_sn":"2018053020205874267","price":15}

2018-05-30 20:21:16 {"merchant_id":"1499456762","key":"","authCode":"134794198258337205","order_sn":"2018053020211628319","price":28}

2018-05-30 20:21:37 {"merchant_id":"1499456762","key":"","authCode":"134905217993385594","order_sn":"2018053020213777385","price":28}

2018-05-30 20:29:50 {"merchant_id":"1499456762","key":"","authCode":"134717376425991127","order_sn":"2018053020295037303","price":26}

2018-05-30 20:37:17 {"merchant_id":"1499456762","key":"","authCode":"134558417610975294","order_sn":"2018053020371774189","price":5}

2018-05-30 20:38:50 {"merchant_id":"1499456762","key":"","authCode":"134654098532921987","order_sn":"2018053020385010364","price":38.8}

2018-05-30 20:39:35 {"merchant_id":"1499456762","key":"","authCode":"134705992466253521","order_sn":"2018053020393581471","price":22}

2018-05-30 20:45:38 {"merchant_id":"1499456762","key":"","authCode":"134528252765674106","order_sn":"2018053020453716005","price":12}

2018-05-30 20:46:57 {"merchant_id":"1499456762","key":"","authCode":"134597747164303971","order_sn":"2018053020465729360","price":12}

2018-05-30 20:47:24 {"merchant_id":"1499456762","key":"","authCode":"134646697161324133","order_sn":"2018053020472467033","price":8}

2018-05-30 20:49:38 {"merchant_id":"1499456762","key":"","authCode":"134761223914157815","order_sn":"2018053020493895477","price":8.5}

2018-05-30 20:57:12 {"merchant_id":"1499456762","key":"","authCode":"135005741591945603","order_sn":"2018053020571245858","price":40}

2018-05-30 20:58:30 {"merchant_id":"1499456762","key":"","authCode":"134516086232099986","order_sn":"2018053020583031280","price":30}

2018-05-30 20:59:51 {"merchant_id":"1499456762","key":"","authCode":"134510377915216333","order_sn":"2018053020595098980","price":8}

2018-05-30 21:05:42 {"merchant_id":"1499456762","key":"","authCode":"134962912717868322","order_sn":"2018053021054259879","price":7}

2018-05-30 21:11:08 {"merchant_id":"1499456762","key":"","authCode":"134607179841107018","order_sn":"2018053021110852760","price":28}

2018-05-30 21:11:53 {"merchant_id":"1499456762","key":"","authCode":"134641054190153571","order_sn":"2018053021115310643","price":8}

2018-05-30 21:22:32 {"merchant_id":"1499456762","key":"","authCode":"134712326963946748","order_sn":"2018053021223273781","price":21}

2018-05-30 21:30:22 {"merchant_id":"1499456762","key":"","authCode":"134716754159859084","order_sn":"2018053021302278343","price":10.7}

2018-05-30 21:30:29 {"merchant_id":"1499456762","key":"","authCode":"134656701166956473","order_sn":"2018053021302924526","price":16}

2018-05-30 21:31:51 {"merchant_id":"1499456762","key":"","authCode":"134656386131945216","order_sn":"2018053021315124326","price":7}

2018-05-30 21:35:37 {"merchant_id":"1499456762","key":"","authCode":"134645477263100728","order_sn":"2018053021353713989","price":7}

2018-05-30 21:37:34 {"merchant_id":"1499456762","key":"","authCode":"134616786380341467","order_sn":"2018053021373479576","price":28}

2018-05-30 21:39:20 {"merchant_id":"1499456762","key":"","authCode":"134520051186299692","order_sn":"2018053021392090578","price":15}

2018-05-30 21:40:59 {"merchant_id":"1499456762","key":"","authCode":"134518547120141227","order_sn":"2018053021405970020","price":9}

2018-05-30 21:43:33 {"merchant_id":"1499456762","key":"","authCode":"135016626992929495","order_sn":"2018053021433329248","price":32}

2018-05-30 21:56:58 {"merchant_id":"1490350062","key":"","authCode":"134603816685419807","order_sn":"2018053021565831118","price":300}

2018-05-30 22:03:51 {"merchant_id":"1490350062","key":"","authCode":"134620067462143689","order_sn":"2018053022035146673","price":300}

2018-05-30 23:43:06 {"merchant_id":"2088822285099072","key":"201710BBaa55e11a995b41488709d94fe3bfbX07","authCode":"282677384146482502","order_sn":"2018053023430673057","price":208}

2018-05-30 23:43:06 {"app_id":"2017071207730667","method":"alipay.trade.pay","charset":"utf-8","sign_type":"RSA","app_auth_token":"201710BBaa55e11a995b41488709d94fe3bfbX07","timestamp":"2018-05-30 23:43:06","version":"1.0","biz_content":"{\"out_trade_no\":\"2018053023430673057\",\"scene\":\"bar_code\",\"auth_code\":\"282677384146482502\",\"subject\":\"\\u8ba2\\u5355\\u53f7:2018053023430673057\",\"seller_id\":\"2088822285099072\",\"total_amount\":208,\"extend_params\":{\"sys_service_provider_id\":\"2088721521881652\"}}","sign":"oS6mrtdgFD8LSk9i11xYuZ1UjkS2fVL4QuktvkG+swJyUehkHCemNMr\/6YpXjnlYmPQvtIamHVz22W6mh3hBive5jDfAyI97fx9uHNqg6LMnJkqciPr5c2Z0TIhej3vpvOZv1vgHCaQsiAU3YuCGmBI60hZL5SVKwZhBM+go9Ao="}

2018-05-30 23:43:07 {"alipay_trade_pay_response":{"code":"10000","msg":"Success","buyer_logon_id":"zrc***@vip.qq.com","buyer_pay_amount":"208.00","buyer_user_id":"2088802785099637","fund_bill_list":[{"amount":"208.00","fund_channel":"ALIPAYACCOUNT"}],"gmt_payment":"2018-05-30 23:43:07","invoice_amount":"208.00","out_trade_no":"2018053023430673057","point_amount":"0.00","receipt_amount":"208.00","total_amount":"208.00","trade_no":"2018053021001004630599097239"},"sign":"jdnvVdAThGZ2vmlqs1Z4dAIYNgTQOGHaUQVqkGpb4VKQQckY2JkCGE5dko4PBQbfxBlAJIZD/Mwm4i0Nh09YNOj6oJsm65RgMtfgxqE2mJhf00YSdg5gWOzQAcNmqlNu1bPG7kvJedaPWZ8zW9pNRydiWsbpZd4UCpm3jIwXOH4="}

