2018-05-29 01:38:53 {"merchant_id":"1490350062","key":"","authCode":"134618439430208485","order_sn":"2018052901385381416","price":200}

2018-05-29 07:40:57 {"merchant_id":"2088822285099072","key":"201710BBaa55e11a995b41488709d94fe3bfbX07","authCode":"289294641756089820","order_sn":"2018052907405714208","price":300}

2018-05-29 07:40:57 {"app_id":"2017071207730667","method":"alipay.trade.pay","charset":"utf-8","sign_type":"RSA","app_auth_token":"201710BBaa55e11a995b41488709d94fe3bfbX07","timestamp":"2018-05-29 07:40:57","version":"1.0","biz_content":"{\"out_trade_no\":\"2018052907405714208\",\"scene\":\"bar_code\",\"auth_code\":\"289294641756089820\",\"subject\":\"\\u8ba2\\u5355\\u53f7:2018052907405714208\",\"seller_id\":\"2088822285099072\",\"total_amount\":300,\"extend_params\":{\"sys_service_provider_id\":\"2088721521881652\"}}","sign":"fo+FNahqKuUUeXcZjeEY\/43CWKwySR7wA7tZwLGz0NPKBKMP0Zf\/+9zLJZJUoXygP2lY6S5eYVAnpoD494bBXBzF4kAvcUNuT1cvS1ocNoRhLEZB7fRlLjW7RVjvY9QGwTMEg6ZmWcrMXzEvF8dLx5mjKfQ5vXTgVCw3AStaEhc="}

2018-05-29 07:40:59 {"alipay_trade_pay_response":{"code":"10000","msg":"Success","buyer_logon_id":"133****2937","buyer_pay_amount":"300.00","buyer_user_id":"2088712581914273","fund_bill_list":[{"amount":"300.00","fund_channel":"ALIPAYACCOUNT"}],"gmt_payment":"2018-05-29 07:40:59","invoice_amount":"300.00","out_trade_no":"2018052907405714208","point_amount":"0.00","receipt_amount":"300.00","total_amount":"300.00","trade_no":"2018052921001004270526312654"},"sign":"DvrzMaOk2Eg7YJvijDiT8yJQfKLSyksess6ylPItL2O8617KR4A6vaUpZNLTe+dx2WIDlHKj+1E0q3uDaLkuElMfY/JZStCHd7y8UQOBQL3XgDj5irVn5BXBktePtju00cXtKAKzpO48w748nunK35Q63eHCGPJWmsA8qVedih8="}

2018-05-29 08:02:05 {"merchant_id":"1499456762","key":"","authCode":"134697174914551579","order_sn":"2018052908020586414","price":8}

2018-05-29 08:45:12 {"merchant_id":"1499456762","key":"","authCode":"134508832416922538","order_sn":"2018052908451288222","price":9}

2018-05-29 10:00:26 {"merchant_id":"1499456762","key":"","authCode":"134959895781149260","order_sn":"2018052910002644765","price":25}

2018-05-29 10:18:25 {"merchant_id":"1499456762","key":"","authCode":"134953095299833586","order_sn":"2018052910182548392","price":108}

2018-05-29 10:25:39 {"merchant_id":"1499456762","key":"","authCode":"134750791553031187","order_sn":"2018052910253969749","price":10}

2018-05-29 10:51:32 {"merchant_id":"1499456762","key":"","authCode":"134678437620485601","order_sn":"2018052910513274508","price":37}

2018-05-29 10:55:39 {"merchant_id":"1499456762","key":"","authCode":"134930888190529375","order_sn":"2018052910553922964","price":7}

2018-05-29 11:00:33 {"merchant_id":"1499456762","key":"","authCode":"134602211528498432","order_sn":"2018052911003362675","price":14}

2018-05-29 11:08:39 {"merchant_id":"1499456762","key":"","authCode":"134506822343224444","order_sn":"2018052911083975589","price":8}

2018-05-29 11:21:59 {"merchant_id":"1499456762","key":"","authCode":"134674867481079287","order_sn":"2018052911215925475","price":6}

2018-05-29 11:28:11 {"merchant_id":"1499456762","key":"","authCode":"134914934799175421","order_sn":"2018052911281153110","price":31}

2018-05-29 11:42:42 {"merchant_id":"1499456762","key":"","authCode":"134662367649445543","order_sn":"2018052911424232914","price":49}

2018-05-29 11:47:35 {"merchant_id":"1499456762","key":"","authCode":"135048901307532756","order_sn":"2018052911473517196","price":18}

2018-05-29 12:07:19 {"merchant_id":"1499456762","key":"","authCode":"134950456186278016","order_sn":"2018052912071929681","price":128}

2018-05-29 12:53:11 {"merchant_id":"1499456762","key":"","authCode":"134625937127619502","order_sn":"2018052912531152517","price":43}

2018-05-29 12:55:08 {"merchant_id":"1499456762","key":"","authCode":"134728794847049801","order_sn":"2018052912550890462","price":29}

2018-05-29 12:59:15 {"merchant_id":"1499456762","key":"","authCode":"134730361981620656","order_sn":"2018052912591579273","price":12}

2018-05-29 13:01:44 {"merchant_id":"1499456762","key":"","authCode":"134772860057497246","order_sn":"2018052913014418587","price":53}

2018-05-29 13:06:53 {"merchant_id":"1499456762","key":"","authCode":"134582011909296704","order_sn":"2018052913065333023","price":13}

2018-05-29 14:03:20 {"merchant_id":"1499456762","key":"","authCode":"135047416522899321","order_sn":"2018052914032048615","price":9}

2018-05-29 14:03:22 {"merchant_id":"1499456762","key":"","authCode":"134528478793496726","order_sn":"2018052914032262898","price":20}

2018-05-29 14:04:57 {"merchant_id":"1499456762","key":"","authCode":"134532634389859926","order_sn":"2018052914045727685","price":15}

2018-05-29 14:07:31 {"merchant_id":"1499456762","key":"","authCode":"135088775682973977","order_sn":"2018052914073141051","price":8}

2018-05-29 14:13:18 {"merchant_id":"1499456762","key":"","authCode":"134521639751905207","order_sn":"2018052914131871567","price":144}

2018-05-29 14:26:48 {"merchant_id":"1499456762","key":"","authCode":"136145843782222984","order_sn":"2018052914264884490","price":42}

2018-05-29 14:40:34 {"merchant_id":"1499456762","key":"","authCode":"134540649505440029","order_sn":"2018052914403481763","price":11}

2018-05-29 14:44:15 {"merchant_id":"1499456762","key":"","authCode":"134618314781521809","order_sn":"2018052914441570358","price":500}

2018-05-29 14:46:51 {"merchant_id":"2088822285099072","key":"201710BBaa55e11a995b41488709d94fe3bfbX07","authCode":"289434841759810474","order_sn":"2018052914465166454","price":100}

2018-05-29 14:46:51 {"app_id":"2017071207730667","method":"alipay.trade.pay","charset":"utf-8","sign_type":"RSA","app_auth_token":"201710BBaa55e11a995b41488709d94fe3bfbX07","timestamp":"2018-05-29 14:46:51","version":"1.0","biz_content":"{\"out_trade_no\":\"2018052914465166454\",\"scene\":\"bar_code\",\"auth_code\":\"289434841759810474\",\"subject\":\"\\u8ba2\\u5355\\u53f7:2018052914465166454\",\"seller_id\":\"2088822285099072\",\"total_amount\":100,\"extend_params\":{\"sys_service_provider_id\":\"2088721521881652\"}}","sign":"VG\/8fpwTU7Ryrcy1SXzb8V4P9NYpHD+oKzBT9KX+jG3HQOBXj7LQj5BnU6GLM1rBG1fe4tzlm+Jmgheq7clrzGoEyvZYYBvDVVm1zIX0q2yuciMPDE\/Vc8JDmNb0zqBBzkamNmQzMoY5AF+E01UifzpgvnVUjw0TebxzB93nIR0="}

2018-05-29 14:46:52 {"alipay_trade_pay_response":{"code":"10000","msg":"Success","buyer_logon_id":"152****2650","buyer_pay_amount":"100.00","buyer_user_id":"2088802906949553","fund_bill_list":[{"amount":"100.00","fund_channel":"ALIPAYACCOUNT"}],"gmt_payment":"2018-05-29 14:46:52","invoice_amount":"100.00","out_trade_no":"2018052914465166454","point_amount":"0.00","receipt_amount":"100.00","total_amount":"100.00","trade_no":"2018052921001004550587879507"},"sign":"QxSIwNwn1pvpn8JWABL3gKf08GRvKdyqGPgXekMGFSrXwM493cdLBkiSlTmYkgbErUQavwkrN249jb4kXLHr9B4MeZgieXmRWabyyTscs2O2oEElVpzkC1zJAcqw2uwqePK/6UDPXWdhZU1iG7cnkTTFLvnhY56PxEl2hV80jwY="}

2018-05-29 15:26:11 {"merchant_id":"1499456762","key":"","authCode":"134646793682116040","order_sn":"2018052915261179978","price":11}

2018-05-29 15:35:37 {"merchant_id":"1499456762","key":"","authCode":"134860599112377393","order_sn":"2018052915353769378","price":132}

2018-05-29 15:36:32 {"merchant_id":"1499456762","key":"","authCode":"134658736072072850","order_sn":"2018052915363280744","price":22}

2018-05-29 15:36:56 {"merchant_id":"1499456762","key":"","authCode":"134757434993636828","order_sn":"2018052915365647795","price":7}

2018-05-29 15:49:08 {"merchant_id":"1499456762","key":"","authCode":"134671392896315064","order_sn":"2018052915490818399","price":12}

2018-05-29 16:02:24 {"merchant_id":"1499456762","key":"","authCode":"134916354663953668","order_sn":"2018052916022447441","price":38}

2018-05-29 16:12:38 {"merchant_id":"1499456762","key":"","authCode":"135336993758489076","order_sn":"2018052916123864933","price":20}

2018-05-29 16:17:31 {"merchant_id":"1499456762","key":"","authCode":"134595262241288554","order_sn":"2018052916173150170","price":21}

2018-05-29 16:21:16 {"merchant_id":"1499456762","key":"","authCode":"134736244678790750","order_sn":"2018052916211617982","price":15}

2018-05-29 16:23:14 {"merchant_id":"1499456762","key":"","authCode":"134700245982746705","order_sn":"2018052916231464379","price":15}

2018-05-29 16:29:19 {"merchant_id":"1499456762","key":"","authCode":"134690400995034374","order_sn":"2018052916291989928","price":21}

2018-05-29 16:45:17 {"merchant_id":"1499456762","key":"","authCode":"134520505526335713","order_sn":"2018052916451717241","price":200}

2018-05-29 16:47:54 {"merchant_id":"1499456762","key":"","authCode":"134730530053214580","order_sn":"2018052916475494661","price":10}

2018-05-29 16:50:23 {"merchant_id":"1499456762","key":"","authCode":"134576421060461795","order_sn":"2018052916502381039","price":47}

2018-05-29 16:52:14 {"merchant_id":"1499456762","key":"","authCode":"135632232949151796","order_sn":"2018052916521473395","price":27}

2018-05-29 16:57:26 {"merchant_id":"1499456762","key":"","authCode":"134567952833680703","order_sn":"2018052916572623177","price":108}

2018-05-29 16:58:41 {"merchant_id":"1499456762","key":"","authCode":"134640202686160517","order_sn":"2018052916584116583","price":34}

2018-05-29 16:59:58 {"merchant_id":"1499456762","key":"","authCode":"135020797827221367","order_sn":"2018052916595844349","price":32}

2018-05-29 17:01:57 {"merchant_id":"1499456762","key":"","authCode":"134505662252108926","order_sn":"2018052917015794244","price":40}

2018-05-29 17:02:15 {"merchant_id":"1499456762","key":"","authCode":"134603105615600378","order_sn":"2018052917021527259","price":29}

2018-05-29 17:03:51 {"merchant_id":"1499456762","key":"","authCode":"134746375179880756","order_sn":"2018052917035113752","price":4}

2018-05-29 17:06:38 {"merchant_id":"1499456762","key":"","authCode":"134742768914921462","order_sn":"2018052917063818974","price":28}

2018-05-29 17:07:56 {"merchant_id":"1499456762","key":"","authCode":"134631562739460839","order_sn":"2018052917075631172","price":4}

2018-05-29 17:08:00 {"merchant_id":"1499456762","key":"","authCode":"134516195596363125","order_sn":"2018052917080096218","price":29}

2018-05-29 17:09:09 {"merchant_id":"1499456762","key":"","authCode":"134763283860283477","order_sn":"2018052917090920688","price":5}

2018-05-29 17:10:41 {"merchant_id":"1499456762","key":"","authCode":"134752891437852968","order_sn":"2018052917104165609","price":26}

2018-05-29 17:13:38 {"merchant_id":"1499456762","key":"","authCode":"134668020802750947","order_sn":"2018052917133858380","price":32}

2018-05-29 17:13:59 {"merchant_id":"1490350062","key":"","authCode":"134612072694646337","order_sn":"2018052917135974697","price":148}

2018-05-29 17:16:37 {"merchant_id":"1499456762","key":"","authCode":"135229187376648837","order_sn":"2018052917163762536","price":5}

2018-05-29 17:23:43 {"merchant_id":"1499456762","key":"","authCode":"134708530752036106","order_sn":"2018052917234380161","price":30}

2018-05-29 17:28:17 {"merchant_id":"1499456762","key":"","authCode":"134507976172411871","order_sn":"2018052917281783959","price":200}

2018-05-29 17:35:16 {"merchant_id":"1499456762","key":"","authCode":"134631207503054243","order_sn":"2018052917351617671","price":14}

2018-05-29 17:36:43 {"merchant_id":"1499456762","key":"","authCode":"134719956952932020","order_sn":"2018052917364389122","price":18}

2018-05-29 17:37:35 {"merchant_id":"1499456762","key":"","authCode":"134913325230050041","order_sn":"2018052917373533724","price":28}

2018-05-29 17:38:56 {"merchant_id":"1499456762","key":"","authCode":"134838824845370479","order_sn":"2018052917385654109","price":17}

2018-05-29 17:45:22 {"merchant_id":"1499456762","key":"","authCode":"135796306380869503","order_sn":"2018052917452292168","price":26}

2018-05-29 17:47:18 {"merchant_id":"1499456762","key":"","authCode":"135172932843518876","order_sn":"2018052917471838346","price":200}

2018-05-29 17:50:18 {"merchant_id":"1499456762","key":"","authCode":"134573193086008443","order_sn":"2018052917501818812","price":12}

2018-05-29 17:51:22 {"merchant_id":"1490350062","key":"","authCode":"134704849176048867","order_sn":"2018052917512232755","price":100}

2018-05-29 17:54:27 {"merchant_id":"1499456762","key":"","authCode":"134546352804053894","order_sn":"2018052917542713322","price":6}

2018-05-29 17:57:37 {"merchant_id":"1499456762","key":"","authCode":"134579285625668199","order_sn":"2018052917573744236","price":198}

2018-05-29 18:03:01 {"merchant_id":"1499456762","key":"","authCode":"134505368440063515","order_sn":"2018052918030191783","price":14}

2018-05-29 18:07:28 {"merchant_id":"1499456762","key":"","authCode":"136027736439647291","order_sn":"2018052918072866285","price":24}

2018-05-29 18:13:35 {"merchant_id":"1493159782","key":"","authCode":"134506179767046035","order_sn":"2018052918133536908","price":500}

2018-05-29 18:20:20 {"merchant_id":"1499456762","key":"","authCode":"135176475316576166","order_sn":"2018052918202015236","price":31}

2018-05-29 18:22:21 {"merchant_id":"1499456762","key":"","authCode":"134735167833234966","order_sn":"2018052918222126762","price":23}

2018-05-29 18:43:42 {"merchant_id":"1499456762","key":"","authCode":"134880085277952325","order_sn":"2018052918434295967","price":6}

2018-05-29 18:49:19 {"merchant_id":"1499456762","key":"","authCode":"134581115429126974","order_sn":"2018052918491949539","price":22}

2018-05-29 18:49:19 {"merchant_id":"1499456762","key":"","authCode":"134818392040136335","order_sn":"2018052918491945898","price":128}

2018-05-29 18:59:39 {"merchant_id":"1499456762","key":"","authCode":"135135391759377021","order_sn":"2018052918593918492","price":18}

2018-05-29 19:00:40 {"merchant_id":"1499456762","key":"","authCode":"134541810693667306","order_sn":"2018052919004032942","price":8}

2018-05-29 19:03:21 {"merchant_id":"1499456762","key":"","authCode":"135821932022610651","order_sn":"2018052919032112642","price":7}

2018-05-29 19:04:06 {"merchant_id":"1499456762","key":"","authCode":"135495758950151785","order_sn":"2018052919040520993","price":24}

2018-05-29 19:18:26 {"merchant_id":"2088822285099072","key":"201710BBaa55e11a995b41488709d94fe3bfbX07","authCode":"282892663555720132","order_sn":"2018052919182626444","price":500}

2018-05-29 19:18:26 {"app_id":"2017071207730667","method":"alipay.trade.pay","charset":"utf-8","sign_type":"RSA","app_auth_token":"201710BBaa55e11a995b41488709d94fe3bfbX07","timestamp":"2018-05-29 19:18:26","version":"1.0","biz_content":"{\"out_trade_no\":\"2018052919182626444\",\"scene\":\"bar_code\",\"auth_code\":\"282892663555720132\",\"subject\":\"\\u8ba2\\u5355\\u53f7:2018052919182626444\",\"seller_id\":\"2088822285099072\",\"total_amount\":500,\"extend_params\":{\"sys_service_provider_id\":\"2088721521881652\"}}","sign":"KfVIqIDWrmUP7q81CipLlK6lcR07mSCHVk\/jXYyYxj2AHi61ig71Tbxf+LWv8YhThEM+UURy8fp8TMSk8t9Huv7bxmgE8tfXGYhsgs0Ra2hETKnohoBEzZxuGFe3UgL5vBVmbpaW5w65buh2t\/aZEpJ3COB9tPQI\/iCCIeBbFPA="}

2018-05-29 19:18:27 {"alipay_trade_pay_response":{"code":"10000","msg":"Success","buyer_logon_id":"125***@qq.com","buyer_pay_amount":"500.00","buyer_user_id":"2088112284683524","fund_bill_list":[{"amount":"500.00","fund_channel":"PCREDIT"}],"gmt_payment":"2018-05-29 19:18:27","invoice_amount":"500.00","out_trade_no":"2018052919182626444","point_amount":"0.00","receipt_amount":"500.00","total_amount":"500.00","trade_no":"2018052921001004520557246640"},"sign":"KgQUVHTWqSvcePJLmPg2lzO7CU08NwcPhFWYVeRLqXtr6Pv4ZFH/OfBL7+C5fe2F/oCX9uPrWF5lFU1ECK1TBeHF4SWfdzlzxD3aeaqmdDRnCgSfXSU4opCndQzeMJK8bNJIef+YemzXpO5QHjbhiVcnoUP8phVWo3FDkQHJwPE="}

2018-05-29 19:24:43 {"merchant_id":"1499456762","key":"","authCode":"135133292461343064","order_sn":"2018052919244374256","price":30}

2018-05-29 19:27:44 {"merchant_id":"1499456762","key":"","authCode":"134605269359562530","order_sn":"2018052919274488042","price":20}

2018-05-29 19:37:13 {"merchant_id":"1499456762","key":"","authCode":"135057483679673705","order_sn":"2018052919371396085","price":9}

2018-05-29 19:37:23 {"merchant_id":"1499456762","key":"","authCode":"134509513323544942","order_sn":"2018052919372352874","price":6}

2018-05-29 19:44:13 {"merchant_id":"1499456762","key":"","authCode":"134506666955872252","order_sn":"2018052919441389428","price":29}

2018-05-29 19:58:02 {"merchant_id":"1499456762","key":"","authCode":"134509326550551091","order_sn":"2018052919580226023","price":15}

2018-05-29 19:58:41 {"merchant_id":"1499456762","key":"","authCode":"134999869051785520","order_sn":"2018052919584187355","price":27}

2018-05-29 20:02:09 {"merchant_id":"1499456762","key":"","authCode":"134867937612233399","order_sn":"2018052920020962780","price":15}

2018-05-29 20:05:19 {"merchant_id":"1499456762","key":"","authCode":"134940982072861722","order_sn":"2018052920051946840","price":23}

2018-05-29 20:05:41 {"merchant_id":"1499456762","key":"","authCode":"134681698023532563","order_sn":"2018052920054199372","price":10}

2018-05-29 20:08:24 {"merchant_id":"1499456762","key":"","authCode":"134815448794992808","order_sn":"2018052920082434295","price":28}

2018-05-29 20:18:33 {"merchant_id":"1499456762","key":"","authCode":"134600613748694336","order_sn":"2018052920183392641","price":47}

2018-05-29 20:20:16 {"merchant_id":"1499456762","key":"","authCode":"134590457035526257","order_sn":"2018052920201671292","price":8}

2018-05-29 20:21:19 {"merchant_id":"1499456762","key":"","authCode":"134955523558195424","order_sn":"2018052920211998148","price":20}

2018-05-29 20:23:09 {"merchant_id":"1499456762","key":"","authCode":"134890518949734655","order_sn":"2018052920230925546","price":34}

2018-05-29 20:26:34 {"merchant_id":"1499456762","key":"","authCode":"135166871061244518","order_sn":"2018052920263434290","price":29.5}

2018-05-29 20:28:10 {"merchant_id":"1499456762","key":"","authCode":"134922001788427233","order_sn":"2018052920281087969","price":9}

2018-05-29 20:29:10 {"merchant_id":"1499456762","key":"","authCode":"134562700273717046","order_sn":"2018052920291052294","price":20}

2018-05-29 20:34:00 {"merchant_id":"1499456762","key":"","authCode":"134755856253988692","order_sn":"2018052920340070329","price":11.5}

2018-05-29 20:34:00 {"merchant_id":"1499456762","key":"","authCode":"134765593997370657","order_sn":"2018052920340010914","price":7}

2018-05-29 20:36:14 {"merchant_id":"1499456762","key":"","authCode":"134637413323576871","order_sn":"2018052920361445287","price":12}

2018-05-29 20:36:49 {"merchant_id":"1499456762","key":"","authCode":"134583771288153030","order_sn":"2018052920364941411","price":8.5}

2018-05-29 20:38:48 {"merchant_id":"1499456762","key":"","authCode":"134781254095609976","order_sn":"2018052920384811701","price":8}

2018-05-29 20:42:01 {"merchant_id":"1499456762","key":"","authCode":"134546692846645871","order_sn":"2018052920420180132","price":23}

2018-05-29 20:43:22 {"merchant_id":"1499456762","key":"","authCode":"134750934973022011","order_sn":"2018052920432293440","price":16}

2018-05-29 20:43:58 {"merchant_id":"1499456762","key":"","authCode":"135024564696057239","order_sn":"2018052920435845523","price":13}

2018-05-29 20:44:28 {"merchant_id":"1499456762","key":"","authCode":"135035032007945363","order_sn":"2018052920442869997","price":17}

2018-05-29 20:44:57 {"merchant_id":"1499456762","key":"","authCode":"134690464648691800","order_sn":"2018052920445775009","price":40}

2018-05-29 20:48:08 {"merchant_id":"1499456762","key":"","authCode":"134524740948665476","order_sn":"2018052920480874110","price":24}

2018-05-29 20:50:16 {"merchant_id":"1499456762","key":"","authCode":"134531435592975427","order_sn":"2018052920501680420","price":17}

2018-05-29 20:51:10 {"merchant_id":"1499456762","key":"","authCode":"134582528231049822","order_sn":"2018052920511073577","price":26}

2018-05-29 20:53:40 {"merchant_id":"1499456762","key":"","authCode":"134551835022284652","order_sn":"2018052920534073774","price":14}

2018-05-29 20:54:37 {"merchant_id":"1499456762","key":"","authCode":"134895558978652628","order_sn":"2018052920543764309","price":45}

2018-05-29 20:57:23 {"merchant_id":"1499456762","key":"","authCode":"134726849455794119","order_sn":"2018052920572335118","price":16}

2018-05-29 20:57:55 {"merchant_id":"1499456762","key":"","authCode":"134735762459994201","order_sn":"2018052920575452352","price":19.5}

2018-05-29 20:57:56 {"merchant_id":"1499456762","key":"","authCode":"134810167292200640","order_sn":"2018052920575645965","price":7}

2018-05-29 21:05:19 {"merchant_id":"1499456762","key":"","authCode":"134506277043787864","order_sn":"2018052921051950336","price":7}

2018-05-29 21:10:58 {"merchant_id":"1499456762","key":"","authCode":"134584141959683931","order_sn":"2018052921105863464","price":7}

2018-05-29 21:13:40 {"merchant_id":"1499456762","key":"","authCode":"134879066518362297","order_sn":"2018052921134089540","price":77}

2018-05-29 21:18:05 {"merchant_id":"1499456762","key":"","authCode":"134696997182931924","order_sn":"2018052921180556483","price":42}

2018-05-29 21:18:35 {"merchant_id":"1499456762","key":"","authCode":"134656973301382492","order_sn":"2018052921183574812","price":14}

2018-05-29 21:19:51 {"merchant_id":"1499456762","key":"","authCode":"134616237371526083","order_sn":"2018052921195180109","price":16}

2018-05-29 21:24:12 {"merchant_id":"1499456762","key":"","authCode":"134920788321747875","order_sn":"2018052921241217405","price":9}

2018-05-29 21:24:47 {"merchant_id":"1490350062","key":"","authCode":"135431532327116980","order_sn":"2018052921244786026","price":300}

2018-05-29 21:26:58 {"merchant_id":"1490350062","key":"","authCode":"134660513838037625","order_sn":"2018052921265896802","price":200}

2018-05-29 21:33:59 {"merchant_id":"1499456762","key":"","authCode":"134724922824365816","order_sn":"2018052921335941801","price":13.6}

2018-05-29 21:34:26 {"merchant_id":"1499456762","key":"","authCode":"135031655235203812","order_sn":"2018052921342652493","price":7}

2018-05-29 21:42:33 {"merchant_id":"1499456762","key":"","authCode":"134963447229816234","order_sn":"2018052921423341701","price":4}

2018-05-29 21:53:49 {"merchant_id":"1499456762","key":"","authCode":"135460113894414642","order_sn":"2018052921534933128","price":12}

2018-05-29 22:29:14 {"merchant_id":"2088822285099072","key":"201710BBaa55e11a995b41488709d94fe3bfbX07","authCode":"286706256975801590","order_sn":"2018052922291418400","price":100}

2018-05-29 22:29:14 {"app_id":"2017071207730667","method":"alipay.trade.pay","charset":"utf-8","sign_type":"RSA","app_auth_token":"201710BBaa55e11a995b41488709d94fe3bfbX07","timestamp":"2018-05-29 22:29:14","version":"1.0","biz_content":"{\"out_trade_no\":\"2018052922291418400\",\"scene\":\"bar_code\",\"auth_code\":\"286706256975801590\",\"subject\":\"\\u8ba2\\u5355\\u53f7:2018052922291418400\",\"seller_id\":\"2088822285099072\",\"total_amount\":100,\"extend_params\":{\"sys_service_provider_id\":\"2088721521881652\"}}","sign":"LsDIm+KEg0vbDlBt2qaly4D4iqHV0uBTY4c5kKBj3gA2Qj8NEpW1ArdyJ3SDzjCg22wzN2o+mAOMynyswl0kIxfsQWhfYwqDPPF3BGlxR5gEX8cz3IVG18lg\/vCxuOMy37owVIKX\/pdkR1p4mbLkwlemB4olB4M0nwCpf6vXqZ4="}

2018-05-29 22:29:15 {"alipay_trade_pay_response":{"code":"10003","msg":" order success pay inprocess","buyer_logon_id":"189***@qq.com","buyer_pay_amount":"0.00","buyer_user_id":"2088802705413804","invoice_amount":"0.00","out_trade_no":"2018052922291418400","point_amount":"0.00","receipt_amount":"0.00","total_amount":"100.00","trade_no":"2018052921001004800502975226"},"sign":"aAv4Gky2vcBEdTTESyDUGRNl951oW404lzUsrApiUM7zuiB8m7PGIGde1EA+KM0+SpIrgKyEBlP7eqaSx0XwUSIL5dx25wWB1WfYbW/SsTmgShm9qy7yslp5ZTvdlVOoLIEZtSPEVxudItDjqmtXVG3iHkO6kOncn+Ph9zctXXs="}

2018-05-29 22:29:15 {"alipay_trade_query_response":{"code":"10000","msg":"Success","buyer_logon_id":"189***@qq.com","buyer_pay_amount":"0.00","buyer_user_id":"2088802705413804","invoice_amount":"0.00","out_trade_no":"2018052922291418400","point_amount":"0.00","receipt_amount":"0.00","total_amount":"100.00","trade_no":"2018052921001004800502975226","trade_status":"WAIT_BUYER_PAY"},"sign":"Ac+dHP/cKbJriykc11B+YqtFvnCKaah63loVmmDHC8BT9QLO3jeZjGPe6T7l8s1Ux1iROad1f54yulrmfqOeHyN9NKm/kHjzcQ1HLdXnZsVPA/NRGkwWZLPXjTpw9/T3sLGMQGwvNg4hNGxTlcQo9k/v7GfkRFzzTKRCH/ZOuLs="}

2018-05-29 22:29:19 {"alipay_trade_query_response":{"code":"10000","msg":"Success","buyer_logon_id":"189***@qq.com","buyer_pay_amount":"0.00","buyer_user_id":"2088802705413804","invoice_amount":"0.00","out_trade_no":"2018052922291418400","point_amount":"0.00","receipt_amount":"0.00","total_amount":"100.00","trade_no":"2018052921001004800502975226","trade_status":"WAIT_BUYER_PAY"},"sign":"Ac+dHP/cKbJriykc11B+YqtFvnCKaah63loVmmDHC8BT9QLO3jeZjGPe6T7l8s1Ux1iROad1f54yulrmfqOeHyN9NKm/kHjzcQ1HLdXnZsVPA/NRGkwWZLPXjTpw9/T3sLGMQGwvNg4hNGxTlcQo9k/v7GfkRFzzTKRCH/ZOuLs="}

2018-05-29 22:29:23 {"alipay_trade_query_response":{"code":"10000","msg":"Success","buyer_logon_id":"189***@qq.com","buyer_pay_amount":"100.00","buyer_user_id":"2088802705413804","fund_bill_list":[{"amount":"100.00","fund_channel":"ALIPAYACCOUNT"}],"invoice_amount":"100.00","out_trade_no":"2018052922291418400","point_amount":"0.00","receipt_amount":"100.00","send_pay_date":"2018-05-29 22:29:20","total_amount":"100.00","trade_no":"2018052921001004800502975226","trade_status":"TRADE_SUCCESS"},"sign":"SBT5iLWlGP1vHKoQSH4APQlGACXHP5P4E43pqG/PPwr4+4fV/gK4Uql1HhRl2OPZtK4H5Bg99JDudyHg+JQEkSUw5ikTv52XCWHC2SNQuAwFIKH+1/pifkNwOIAjm+6mfHgXrYH9+4GIcUUaco8437HHKmeoL9ooQtSLBlqex7s="}

2018-05-29 22:49:11 {"merchant_id":"1490350062","key":"","authCode":"134999427634993769","order_sn":"2018052922491125167","price":100}

2018-05-29 22:50:10 {"merchant_id":"1490350062","key":"","authCode":"134626650127348933","order_sn":"2018052922501012552","price":300}

2018-05-29 22:58:23 {"merchant_id":"2088822285099072","key":"201710BBaa55e11a995b41488709d94fe3bfbX07","authCode":"282901364645889246","order_sn":"2018052922582315696","price":300}

2018-05-29 22:58:23 {"app_id":"2017071207730667","method":"alipay.trade.pay","charset":"utf-8","sign_type":"RSA","app_auth_token":"201710BBaa55e11a995b41488709d94fe3bfbX07","timestamp":"2018-05-29 22:58:23","version":"1.0","biz_content":"{\"out_trade_no\":\"2018052922582315696\",\"scene\":\"bar_code\",\"auth_code\":\"282901364645889246\",\"subject\":\"\\u8ba2\\u5355\\u53f7:2018052922582315696\",\"seller_id\":\"2088822285099072\",\"total_amount\":300,\"extend_params\":{\"sys_service_provider_id\":\"2088721521881652\"}}","sign":"gJ2vkOYJHYlaGO7SyMTCrKIwYHB00jQY6l8V5wzZaQggkBv1\/dM1Qm+VWtrRFSnzgc10q7W48iQKT+fJ\/RuUJ8STKfXMgipDlKvuQbSfZPXgvX+vtHbx8xD61Efpy\/Z9CVHEIQoJhWoNV4vgsqkeOtf0GLH4xkNcpXyXY\/YGCwQ="}

2018-05-29 22:58:25 {"alipay_trade_pay_response":{"code":"10000","msg":"Success","buyer_logon_id":"138****7301","buyer_pay_amount":"300.00","buyer_user_id":"2088822530900599","fund_bill_list":[{"amount":"300.00","fund_channel":"ALIPAYACCOUNT"}],"gmt_payment":"2018-05-29 22:58:25","invoice_amount":"300.00","out_trade_no":"2018052922582315696","point_amount":"0.00","receipt_amount":"300.00","total_amount":"300.00","trade_no":"2018052921001004590509791052"},"sign":"T2sTshtG2DbCBGGemm+3Os7MbesXwr73urILsejnH7gvHno76Bz4NUVQxXvu/E44eYZKVYe7moBZf2GNdutuWxbvC4KFWJBQiz5wcPewBw/jroNopSRwtm2Vavc/ZkVaZu5Ff5MM+4HJwUiTEfWa+g+/CZNyeJfv5GBDS6/Iwu8="}

