2018-05-21 00:19:06 {"merchant_id":"2088822285099072","key":"201710BBaa55e11a995b41488709d94fe3bfbX07","authCode":"285933713206451183","order_sn":"2018052100190672069","price":200}

2018-05-21 00:19:06 {"app_id":"2017071207730667","method":"alipay.trade.pay","charset":"utf-8","sign_type":"RSA","app_auth_token":"201710BBaa55e11a995b41488709d94fe3bfbX07","timestamp":"2018-05-21 00:19:06","version":"1.0","biz_content":"{\"out_trade_no\":\"2018052100190672069\",\"scene\":\"bar_code\",\"auth_code\":\"285933713206451183\",\"subject\":\"\\u8ba2\\u5355\\u53f7:2018052100190672069\",\"seller_id\":\"2088822285099072\",\"total_amount\":200,\"extend_params\":{\"sys_service_provider_id\":\"2088721521881652\"}}","sign":"Iy+GRNfPOn2nKJehYY8RzG5Pic0j728wq1kjmexdDqoQmf0mCkgwxd0FN0rch59dGPtSN6fg0Pv29sGk\/0jQO\/qzS8Faq5uOZVR+w+us1M03UZjlb9MVLQBpMgCPQmXejPLY8ji7m9yM393LsIKylfT39DrcqpP9WBelRZvchMw="}

2018-05-21 00:19:07 {"alipay_trade_pay_response":{"code":"10000","msg":"Success","buyer_logon_id":"151****1555","buyer_pay_amount":"200.00","buyer_user_id":"2088032311820758","fund_bill_list":[{"amount":"200.00","fund_channel":"ALIPAYACCOUNT"}],"gmt_payment":"2018-05-21 00:19:07","invoice_amount":"200.00","out_trade_no":"2018052100190672069","point_amount":"0.00","receipt_amount":"200.00","total_amount":"200.00","trade_no":"2018052121001004750563875255"},"sign":"AQmFBJqop6wQgpIvBdU/Ld8XtfDKQdXivp2+KwWY7InTuG4xtAIYOvNZy+tWzRUItTJcNc3m9hKiepyy7ZrjBEAScEtJd2yVwFDVOFPL2+nU1b92kppRsbJASjZfTRsi2LIbZCjWYw1WT6g1/bj5EqtcCvKZCkeujIuJjzNkhwo="}

2018-05-21 00:47:15 {"merchant_id":"2088822285099072","key":"201710BBaa55e11a995b41488709d94fe3bfbX07","authCode":"285161046263346485","order_sn":"2018052100471586733","price":200}

2018-05-21 00:47:15 {"app_id":"2017071207730667","method":"alipay.trade.pay","charset":"utf-8","sign_type":"RSA","app_auth_token":"201710BBaa55e11a995b41488709d94fe3bfbX07","timestamp":"2018-05-21 00:47:15","version":"1.0","biz_content":"{\"out_trade_no\":\"2018052100471586733\",\"scene\":\"bar_code\",\"auth_code\":\"285161046263346485\",\"subject\":\"\\u8ba2\\u5355\\u53f7:2018052100471586733\",\"seller_id\":\"2088822285099072\",\"total_amount\":200,\"extend_params\":{\"sys_service_provider_id\":\"2088721521881652\"}}","sign":"oQs1JiRAk71p7j0vmzCLK\/HQiTf19tiJk5aCs1wlOg2eHXfTLJJRYaS06jS3zcsc9KUiJAYTjBDCLZegcjmczGvBcqJi8uF2EnjnMaDDupAyB5v9pKpwqa2vEkU5pj5MvGriqeb7Qk9+rB04PKvQKYzA3XSb\/nKiBn0VVhJlh4w="}

2018-05-21 00:47:16 {"alipay_trade_pay_response":{"code":"10000","msg":"Success","buyer_logon_id":"189****3456","buyer_pay_amount":"200.00","buyer_user_id":"2088412946810070","fund_bill_list":[{"amount":"200.00","fund_channel":"PCREDIT"}],"gmt_payment":"2018-05-21 00:47:16","invoice_amount":"200.00","out_trade_no":"2018052100471586733","point_amount":"0.00","receipt_amount":"200.00","total_amount":"200.00","trade_no":"2018052121001004070507527709"},"sign":"ugmLduHo8feHUpQ9H6V+fLuWYiCKgsc+W7pva7neKAqGvn2i+lw8LsqfWnQPQqqbh/g13ecA/Ai5SQaflAlll9HEFqmWerdAfZfyS0P1TLhzeMnALoMNAlJu1UXW64ftOHaMNvl2/DQpx4ruhKvOC3cPACp7sE/p+SRxk9GSZgo="}

2018-05-21 07:38:59 {"merchant_id":"1493159782","key":"","authCode":"134603058991146374","order_sn":"2018052107385930801","price":300}

2018-05-21 07:45:11 {"merchant_id":"1499456762","key":"","authCode":"134521596953888689","order_sn":"2018052107451152370","price":8}

2018-05-21 07:49:03 {"merchant_id":"1499456762","key":"","authCode":"134765168400698437","order_sn":"2018052107490329005","price":15}

2018-05-21 07:50:06 {"merchant_id":"1499456762","key":"","authCode":"134648974275533184","order_sn":"2018052107500695299","price":500}

2018-05-21 08:33:33 {"merchant_id":"1499456762","key":"","authCode":"134627514191689266","order_sn":"2018052108333363838","price":8}

2018-05-21 08:36:33 {"merchant_id":"1499456762","key":"","authCode":"134616176009372661","order_sn":"2018052108363316282","price":8}

2018-05-21 08:36:54 {"merchant_id":"1499456762","key":"","authCode":"134595573760318357","order_sn":"2018052108365477208","price":4}

2018-05-21 09:22:18 {"merchant_id":"1499456762","key":"","authCode":"134630272705110631","order_sn":"2018052109221828335","price":38}

2018-05-21 09:24:24 {"merchant_id":"1499456762","key":"","authCode":"135829461982919990","order_sn":"2018052109242422354","price":16}

2018-05-21 09:28:59 {"merchant_id":"1499456762","key":"","authCode":"134658722965951789","order_sn":"2018052109285973586","price":22}

2018-05-21 09:39:45 {"merchant_id":"1499456762","key":"","authCode":"134960761245503652","order_sn":"2018052109394582596","price":19}

2018-05-21 09:40:01 {"merchant_id":"2088822285099072","key":"201710BBaa55e11a995b41488709d94fe3bfbX07","authCode":"281833582596624224","order_sn":"2018052109400174419","price":300}

2018-05-21 09:40:01 {"app_id":"2017071207730667","method":"alipay.trade.pay","charset":"utf-8","sign_type":"RSA","app_auth_token":"201710BBaa55e11a995b41488709d94fe3bfbX07","timestamp":"2018-05-21 09:40:01","version":"1.0","biz_content":"{\"out_trade_no\":\"2018052109400174419\",\"scene\":\"bar_code\",\"auth_code\":\"281833582596624224\",\"subject\":\"\\u8ba2\\u5355\\u53f7:2018052109400174419\",\"seller_id\":\"2088822285099072\",\"total_amount\":300,\"extend_params\":{\"sys_service_provider_id\":\"2088721521881652\"}}","sign":"cxFi8sjaawI9KQmeoUxv4\/EZNfk97ZoXNuFymScP5kAEVffD++jcurkijxElMYn3qGcplR62mJ1UvNdPZ2y+Fj9j\/qOhGben9EH2HyPhg\/a+VLPp8Kbo7xnNwgkdrfQfRDtzRJLe5HeBPticgAW7cRfW6Reie\/IEcbCBuJn2KBI="}

2018-05-21 09:40:03 {"alipay_trade_pay_response":{"code":"10000","msg":"Success","buyer_logon_id":"125***@qq.com","buyer_pay_amount":"300.00","buyer_user_id":"2088112284683524","fund_bill_list":[{"amount":"300.00","fund_channel":"ALIPAYACCOUNT"}],"gmt_payment":"2018-05-21 09:40:03","invoice_amount":"300.00","out_trade_no":"2018052109400174419","point_amount":"0.00","receipt_amount":"300.00","total_amount":"300.00","trade_no":"2018052121001004520539426676"},"sign":"AJvD/uhGWwN7Eq9TtJgC3DRcpoA6i05yfIGgHxqnIpLTr8AyIAcS+JS2datmRWrEt30nM+pbS6H+0hszTw/YuXGCVbP5AeAoahLPGs5sryodKHnsQwpIQcKlfRBp6RojNzGLHl0qsScVnPxSn2PGcp1XshyKeGPUmq9sRbqW/og="}

2018-05-21 09:54:47 {"merchant_id":"1499456762","key":"","authCode":"134752672319979037","order_sn":"2018052109544792923","price":75}

2018-05-21 10:10:16 {"merchant_id":"1499456762","key":"","authCode":"135282371579873894","order_sn":"2018052110101610840","price":14}

2018-05-21 10:39:40 {"merchant_id":"1499456762","key":"","authCode":"134779290825601511","order_sn":"2018052110394071476","price":34}

2018-05-21 10:56:51 {"merchant_id":"1499456762","key":"","authCode":"134623862886255685","order_sn":"2018052110565192954","price":20}

2018-05-21 10:59:46 {"merchant_id":"1499456762","key":"","authCode":"134610599954736629","order_sn":"2018052110594625647","price":24}

2018-05-21 11:06:36 {"merchant_id":"1499456762","key":"","authCode":"134992583822291217","order_sn":"2018052111063649751","price":9}

2018-05-21 11:09:10 {"merchant_id":"1499456762","key":"","authCode":"134742272411996531","order_sn":"2018052111091048270","price":16.5}

2018-05-21 11:14:02 {"merchant_id":"1499456762","key":"","authCode":"134743033773450703","order_sn":"2018052111140281815","price":4}

2018-05-21 11:26:54 {"merchant_id":"1499456762","key":"","authCode":"134636406523825784","order_sn":"2018052111265459234","price":8}

2018-05-21 11:35:15 {"merchant_id":"1499456762","key":"","authCode":"134906787624212142","order_sn":"2018052111351542406","price":43}

2018-05-21 11:47:47 {"merchant_id":"2088822285099072","key":"201710BBaa55e11a995b41488709d94fe3bfbX07","authCode":"289892108269485967","order_sn":"2018052111474717098","price":500}

2018-05-21 11:47:47 {"app_id":"2017071207730667","method":"alipay.trade.pay","charset":"utf-8","sign_type":"RSA","app_auth_token":"201710BBaa55e11a995b41488709d94fe3bfbX07","timestamp":"2018-05-21 11:47:47","version":"1.0","biz_content":"{\"out_trade_no\":\"2018052111474717098\",\"scene\":\"bar_code\",\"auth_code\":\"289892108269485967\",\"subject\":\"\\u8ba2\\u5355\\u53f7:2018052111474717098\",\"seller_id\":\"2088822285099072\",\"total_amount\":500,\"extend_params\":{\"sys_service_provider_id\":\"2088721521881652\"}}","sign":"E94TJMNkQgyccGDin4PA7cis1QP67CYFEpdiAAZIj+6lLhjmT6j7JSCGFpQULr+WI3BVTODjj8AWn5W64Jab\/8qUcz8So1aPncXxvSuQH6CXYz2dxVDkn9sfF3HfsjTUbHHi2AlItS4z52fKlMR781nc\/PD1bXWzSar8f104C5c="}

2018-05-21 11:47:48 {"alipay_trade_pay_response":{"code":"10000","msg":"Success","buyer_logon_id":"156****0333","buyer_pay_amount":"500.00","buyer_user_id":"2088922918325302","fund_bill_list":[{"amount":"500.00","fund_channel":"ALIPAYACCOUNT"}],"gmt_payment":"2018-05-21 11:47:48","invoice_amount":"500.00","out_trade_no":"2018052111474717098","point_amount":"0.00","receipt_amount":"500.00","total_amount":"500.00","trade_no":"2018052121001004300576264109"},"sign":"aUJ6fzxYjc0v8qQsz4U9RjF5D+yQq0THdf0js2PQPQ4QZTyeQfB2X+GCV/HmusiEYv7z3FDTtx8mNvTFEqabmWEQr4oceikA3T1EBRs1sLR8YGvOK7xOUCSdxjHAp3bYprt0tLL9GwYgpD38aBpCHdFiA14S08wFD2McGeSv6I4="}

2018-05-21 12:04:56 {"merchant_id":"1490350062","key":"","authCode":"134760832157662221","order_sn":"2018052112045690648","price":8}

2018-05-21 12:20:19 {"merchant_id":"1499456762","key":"","authCode":"134798035345621841","order_sn":"2018052112201996726","price":57}

2018-05-21 12:44:38 {"merchant_id":"1499456762","key":"","authCode":"134851194515475855","order_sn":"2018052112443761997","price":58}

2018-05-21 12:52:35 {"merchant_id":"1499456762","key":"","authCode":"134523306390091699","order_sn":"2018052112523580158","price":44}

2018-05-21 14:10:31 {"merchant_id":"1499456762","key":"","authCode":"134768293108864660","order_sn":"2018052114103176019","price":38}

2018-05-21 14:13:56 {"merchant_id":"1499456762","key":"","authCode":"134713019445182530","order_sn":"2018052114135653528","price":20}

2018-05-21 14:23:43 {"merchant_id":"1499456762","key":"","authCode":"134601904618525625","order_sn":"2018052114234324064","price":46}

2018-05-21 14:28:01 {"merchant_id":"1499456762","key":"","authCode":"134558127103428271","order_sn":"2018052114280143285","price":13}

2018-05-21 14:33:45 {"merchant_id":"1490350062","key":"","authCode":"134642243572541554","order_sn":"2018052114334568525","price":300}

2018-05-21 14:51:40 {"merchant_id":"1499456762","key":"","authCode":"134876381110138806","order_sn":"2018052114514045565","price":8}

2018-05-21 14:59:54 {"merchant_id":"2088822285099072","key":"201710BBaa55e11a995b41488709d94fe3bfbX07","authCode":"289314727687899284","order_sn":"2018052114595431305","price":200}

2018-05-21 14:59:54 {"app_id":"2017071207730667","method":"alipay.trade.pay","charset":"utf-8","sign_type":"RSA","app_auth_token":"201710BBaa55e11a995b41488709d94fe3bfbX07","timestamp":"2018-05-21 14:59:54","version":"1.0","biz_content":"{\"out_trade_no\":\"2018052114595431305\",\"scene\":\"bar_code\",\"auth_code\":\"289314727687899284\",\"subject\":\"\\u8ba2\\u5355\\u53f7:2018052114595431305\",\"seller_id\":\"2088822285099072\",\"total_amount\":200,\"extend_params\":{\"sys_service_provider_id\":\"2088721521881652\"}}","sign":"mF2A8gl3peWw8nFf7l08dyujuMnwf7r5gZIE6OA7LpV9udhDaZkiI5mjj3csjd7zdmZi+b4sGkKQ40MVZoBueKcJWrEGjOiqdVD+lYnNiYesj56F3okoopinOy5mbO7AzqnSxwxRj2IxGJPQ4NsACyeWKzn73DVSx9y\/MGNLFoY="}

2018-05-21 14:59:55 {"alipay_trade_pay_response":{"code":"10000","msg":"Success","buyer_logon_id":"151****1555","buyer_pay_amount":"200.00","buyer_user_id":"2088032311820758","fund_bill_list":[{"amount":"200.00","fund_channel":"ALIPAYACCOUNT"}],"gmt_payment":"2018-05-21 14:59:54","invoice_amount":"200.00","out_trade_no":"2018052114595431305","point_amount":"0.00","receipt_amount":"200.00","total_amount":"200.00","trade_no":"2018052121001004750568031337"},"sign":"pSn6KEo3sY6mwi+YwCOlMkkzbOe2IhWd0bCMIG1lkiG1yCliXZN4lnHFr+hxv39qz5FPNMle/BqhPjFSMkiLJoCUC4jRyN58lSPv5qNKYaxLpGa8ikJF4o8+sP2D0Es0RlgfZWHGRkjPSyLhaJ/1gaCKSEjVzN9c7QpSCIk5eQI="}

2018-05-21 15:30:54 {"merchant_id":"1499456762","key":"","authCode":"134617447981270048","order_sn":"2018052115305470154","price":56}

2018-05-21 15:45:03 {"merchant_id":"1499456762","key":"","authCode":"134662880443401772","order_sn":"2018052115450370716","price":35}

2018-05-21 15:50:31 {"merchant_id":"1499456762","key":"","authCode":"135333307925412506","order_sn":"2018052115503199044","price":14}

2018-05-21 15:55:23 {"merchant_id":"1499456762","key":"","authCode":"135057161033766336","order_sn":"2018052115552363547","price":30}

2018-05-21 16:01:35 {"merchant_id":"1499456762","key":"","authCode":"134565633757546161","order_sn":"2018052116013522948","price":20}

2018-05-21 16:01:40 {"merchant_id":"1493159782","key":"","authCode":"134945716560932741","order_sn":"2018052116014050027","price":1000}

2018-05-21 16:11:45 {"merchant_id":"1499456762","key":"","authCode":"134541919994480565","order_sn":"2018052116114582329","price":37}

2018-05-21 16:12:22 {"merchant_id":"1499456762","key":"","authCode":"134605902376512295","order_sn":"2018052116122292491","price":20}

2018-05-21 16:21:36 {"merchant_id":"1499456762","key":"","authCode":"134647984844691170","order_sn":"2018052116213689641","price":4205}

2018-05-21 16:22:10 {"merchant_id":"1499456762","key":"","authCode":"134731729936467610","order_sn":"2018052116221012832","price":42.5}

2018-05-21 16:22:38 {"merchant_id":"1499456762","key":"","authCode":"134681451628757697","order_sn":"2018052116223867651","price":8}

2018-05-21 16:30:09 {"merchant_id":"1499456762","key":"","authCode":"134699175384509996","order_sn":"2018052116300920016","price":17}

2018-05-21 16:38:44 {"merchant_id":"1499456762","key":"","authCode":"134841470915132255","order_sn":"2018052116384446144","price":11}

2018-05-21 16:45:59 {"merchant_id":"1499456762","key":"","authCode":"134566856233657584","order_sn":"2018052116455985044","price":22.4}

2018-05-21 16:52:43 {"merchant_id":"1499456762","key":"","authCode":"134936161171989395","order_sn":"2018052116524376502","price":16}

2018-05-21 16:52:54 {"merchant_id":"1499456762","key":"","authCode":"134712769733062470","order_sn":"2018052116525434561","price":58.8}

2018-05-21 16:53:23 {"merchant_id":"1499456762","key":"","authCode":"134767941916185755","order_sn":"2018052116532344009","price":17}

2018-05-21 17:02:18 {"merchant_id":"1499456762","key":"","authCode":"135041443410463523","order_sn":"2018052117021725368","price":48}

2018-05-21 17:04:24 {"merchant_id":"1499456762","key":"","authCode":"134703771703489576","order_sn":"2018052117042442389","price":128}

2018-05-21 17:06:59 {"merchant_id":"1499456762","key":"","authCode":"134800801336847968","order_sn":"2018052117065932587","price":200}

2018-05-21 17:08:34 {"merchant_id":"1499456762","key":"","authCode":"134751295076809031","order_sn":"2018052117083448631","price":30}

2018-05-21 17:11:16 {"merchant_id":"1499456762","key":"","authCode":"135319701492079108","order_sn":"2018052117111664895","price":26}

2018-05-21 17:11:56 {"merchant_id":"1499456762","key":"","authCode":"134632599160996211","order_sn":"2018052117115668866","price":12}

2018-05-21 17:14:34 {"merchant_id":"2088822285099072","key":"201710BBaa55e11a995b41488709d94fe3bfbX07","authCode":"282590764815126066","order_sn":"2018052117143447703","price":100}

2018-05-21 17:14:34 {"app_id":"2017071207730667","method":"alipay.trade.pay","charset":"utf-8","sign_type":"RSA","app_auth_token":"201710BBaa55e11a995b41488709d94fe3bfbX07","timestamp":"2018-05-21 17:14:34","version":"1.0","biz_content":"{\"out_trade_no\":\"2018052117143447703\",\"scene\":\"bar_code\",\"auth_code\":\"282590764815126066\",\"subject\":\"\\u8ba2\\u5355\\u53f7:2018052117143447703\",\"seller_id\":\"2088822285099072\",\"total_amount\":100,\"extend_params\":{\"sys_service_provider_id\":\"2088721521881652\"}}","sign":"Qhx14qkvs0BMtNmuJKXWaX6i6e5doSDU9R4TJLKcMY0LYQMaTtkr1a2bbHM4egI\/U9atL00h7pjCyFeBG9GgJM08dRVg09PJxgFY+dF7dvIxsc5Fh7znbOywPKcvL5P8f5uZe94AsTeMJ82WzxVvJzTU8O7ZhoWR6KqdJ\/wpQ1Y="}

2018-05-21 17:14:35 {"alipay_trade_pay_response":{"code":"10000","msg":"Success","buyer_logon_id":"152****2650","buyer_pay_amount":"100.00","buyer_user_id":"2088802906949553","fund_bill_list":[{"amount":"100.00","fund_channel":"ALIPAYACCOUNT"}],"gmt_payment":"2018-05-21 17:14:35","invoice_amount":"100.00","out_trade_no":"2018052117143447703","point_amount":"0.00","receipt_amount":"100.00","total_amount":"100.00","trade_no":"2018052121001004550576041747"},"sign":"SL6x7Oj+4W8XGZyTbe5UNeyug3NoPAmpjrTWqjFmVua+c7LO32teT+m/i8qmhglzQwbLhxXtvpSbP5umyvS9xCVEmFdhnrPqg2MZct+h30NaV7y5fxm76EmTVmmEry/p7Or7yNwxRH4m3vfWlqotE4riN7ro6jMzfv0+pUOKy9E="}

2018-05-21 17:20:29 {"merchant_id":"1499456762","key":"","authCode":"134588422144075444","order_sn":"2018052117202942206","price":15}

2018-05-21 17:27:48 {"merchant_id":"1499456762","key":"","authCode":"134530411180208021","order_sn":"2018052117274814626","price":17}

2018-05-21 17:29:17 {"merchant_id":"1490350062","key":"","authCode":"134539970098244378","order_sn":"2018052117291751189","price":300}

2018-05-21 17:32:26 {"merchant_id":"1499456762","key":"","authCode":"134785993421822536","order_sn":"2018052117322641174","price":23}

2018-05-21 17:43:52 {"merchant_id":"1499456762","key":"","authCode":"134625987541491600","order_sn":"2018052117435217635","price":26}

2018-05-21 17:48:47 {"merchant_id":"1499456762","key":"","authCode":"134971410153144475","order_sn":"2018052117484781456","price":86}

2018-05-21 17:50:12 {"merchant_id":"1499456762","key":"","authCode":"134994271650866561","order_sn":"2018052117501296403","price":6}

2018-05-21 17:51:19 {"merchant_id":"1499456762","key":"","authCode":"134541966329092345","order_sn":"2018052117511982389","price":11}

2018-05-21 17:54:10 {"merchant_id":"1499456762","key":"","authCode":"134922347689144823","order_sn":"2018052117541054790","price":15}

2018-05-21 18:04:17 {"merchant_id":"1499456762","key":"","authCode":"134904975859842919","order_sn":"2018052118041742466","price":7}

2018-05-21 18:10:01 {"merchant_id":"1499456762","key":"","authCode":"134769566623746291","order_sn":"2018052118100142043","price":25}

2018-05-21 18:14:37 {"merchant_id":"1499456762","key":"","authCode":"134504743868855004","order_sn":"2018052118143779868","price":13}

2018-05-21 18:23:53 {"merchant_id":"1499456762","key":"","authCode":"135471040966200939","order_sn":"2018052118235315688","price":27}

2018-05-21 18:24:24 {"merchant_id":"1499456762","key":"","authCode":"134597133128094793","order_sn":"2018052118242475972","price":9}

2018-05-21 18:27:52 {"merchant_id":"1499456762","key":"","authCode":"134545356587560590","order_sn":"2018052118275247446","price":9}

2018-05-21 18:29:21 {"merchant_id":"1499456762","key":"","authCode":"134974404697991274","order_sn":"2018052118292132238","price":8}

2018-05-21 18:38:11 {"merchant_id":"1499456762","key":"","authCode":"134660911907644595","order_sn":"2018052118381159998","price":38}

2018-05-21 18:39:03 {"merchant_id":"1499456762","key":"","authCode":"134923153540709987","order_sn":"2018052118390362044","price":14}

2018-05-21 18:42:48 {"merchant_id":"1499456762","key":"","authCode":"134635339581088884","order_sn":"2018052118424868142","price":19}

2018-05-21 18:45:25 {"merchant_id":"1499456762","key":"","authCode":"134661626416001051","order_sn":"2018052118452557637","price":65}

2018-05-21 18:49:42 {"merchant_id":"1499456762","key":"","authCode":"135338086089760011","order_sn":"2018052118494253038","price":6}

2018-05-21 18:50:44 {"merchant_id":"1499456762","key":"","authCode":"135085080484178939","order_sn":"2018052118504465364","price":6}

2018-05-21 18:51:25 {"merchant_id":"1499456762","key":"","authCode":"134618524929020453","order_sn":"2018052118512540048","price":7}

2018-05-21 18:56:00 {"merchant_id":"1499456762","key":"","authCode":"135423066446548890","order_sn":"2018052118560040576","price":8}

2018-05-21 19:06:04 {"merchant_id":"1499456762","key":"","authCode":"134547614931339907","order_sn":"2018052119060494533","price":28}

2018-05-21 19:08:53 {"merchant_id":"1499456762","key":"","authCode":"134627958356781920","order_sn":"2018052119085373394","price":22.5}

2018-05-21 19:09:02 {"merchant_id":"1499456762","key":"","authCode":"134733015779287179","order_sn":"2018052119090290739","price":17}

2018-05-21 19:18:50 {"merchant_id":"1499456762","key":"","authCode":"134589460833895152","order_sn":"2018052119185031632","price":8}

2018-05-21 19:24:21 {"merchant_id":"2088822285099072","key":"201710BBaa55e11a995b41488709d94fe3bfbX07","authCode":"286338731489200304","order_sn":"2018052119242128910","price":5000}

2018-05-21 19:24:21 {"app_id":"2017071207730667","method":"alipay.trade.pay","charset":"utf-8","sign_type":"RSA","app_auth_token":"201710BBaa55e11a995b41488709d94fe3bfbX07","timestamp":"2018-05-21 19:24:21","version":"1.0","biz_content":"{\"out_trade_no\":\"2018052119242128910\",\"scene\":\"bar_code\",\"auth_code\":\"286338731489200304\",\"subject\":\"\\u8ba2\\u5355\\u53f7:2018052119242128910\",\"seller_id\":\"2088822285099072\",\"total_amount\":5000,\"extend_params\":{\"sys_service_provider_id\":\"2088721521881652\"}}","sign":"kdNroIq7H3sJ0CKSucO29JNEGMq7MM6tyDEDmrta4qvSX7FJy89lnhoGOLQduz5sufLuOb\/7fhTP+lgZ\/UfbqJdoO89AYygdODnTHkV6N3OOg2Cx68fiyF77XkSd4RY49aGGx0oem03us5FB4+ZEXgLIMAqRdqmBKySyzVnR8LE="}

2018-05-21 19:24:21 {"alipay_trade_pay_response":{"code":"10003","msg":" order success pay inprocess","buyer_logon_id":"404***@qq.com","buyer_pay_amount":"0.00","buyer_user_id":"2088502899822489","invoice_amount":"0.00","out_trade_no":"2018052119242128910","point_amount":"0.00","receipt_amount":"0.00","total_amount":"5000.00","trade_no":"2018052121001004480582106314"},"sign":"OzsoYL8QObo7jWrIMPeTEtqEu1lgqqj4NSR7ddGoF6sYE8/BU9c4jol80zHXNigm3MpjEQFNkpCdK2NJXGINQXhXabKQoupGj346GRAHph1D/97zHntGiIERrnKXOd+8UrXIxr0akFk0RScpuKSrLwgw+SbALFs2niX7H9R8BZk="}

2018-05-21 19:24:21 {"alipay_trade_query_response":{"code":"10000","msg":"Success","buyer_logon_id":"404***@qq.com","buyer_pay_amount":"0.00","buyer_user_id":"2088502899822489","invoice_amount":"0.00","out_trade_no":"2018052119242128910","point_amount":"0.00","receipt_amount":"0.00","total_amount":"5000.00","trade_no":"2018052121001004480582106314","trade_status":"WAIT_BUYER_PAY"},"sign":"gpzxJK2HAe7na85sFylirHSoXqlnkQ1BNFXB/8/CN89wKPyg5xBzB7H8AlcPdVM0qG0FenId9PlZiL244qWYsvzRKk20iksP15PUsngWYMljqtYKYlmIe0I7MQbOat/OovbAT38RqzHhSWOPT2ui3WpRWsnHZ7F1cYKX6rLhpTo="}

2018-05-21 19:24:26 {"alipay_trade_query_response":{"code":"10000","msg":"Success","buyer_logon_id":"404***@qq.com","buyer_pay_amount":"0.00","buyer_user_id":"2088502899822489","invoice_amount":"0.00","out_trade_no":"2018052119242128910","point_amount":"0.00","receipt_amount":"0.00","total_amount":"5000.00","trade_no":"2018052121001004480582106314","trade_status":"WAIT_BUYER_PAY"},"sign":"gpzxJK2HAe7na85sFylirHSoXqlnkQ1BNFXB/8/CN89wKPyg5xBzB7H8AlcPdVM0qG0FenId9PlZiL244qWYsvzRKk20iksP15PUsngWYMljqtYKYlmIe0I7MQbOat/OovbAT38RqzHhSWOPT2ui3WpRWsnHZ7F1cYKX6rLhpTo="}

2018-05-21 19:24:30 {"alipay_trade_query_response":{"code":"10000","msg":"Success","buyer_logon_id":"404***@qq.com","buyer_pay_amount":"0.00","buyer_user_id":"2088502899822489","invoice_amount":"0.00","out_trade_no":"2018052119242128910","point_amount":"0.00","receipt_amount":"0.00","total_amount":"5000.00","trade_no":"2018052121001004480582106314","trade_status":"WAIT_BUYER_PAY"},"sign":"gpzxJK2HAe7na85sFylirHSoXqlnkQ1BNFXB/8/CN89wKPyg5xBzB7H8AlcPdVM0qG0FenId9PlZiL244qWYsvzRKk20iksP15PUsngWYMljqtYKYlmIe0I7MQbOat/OovbAT38RqzHhSWOPT2ui3WpRWsnHZ7F1cYKX6rLhpTo="}

2018-05-21 19:24:34 {"alipay_trade_query_response":{"code":"10000","msg":"Success","buyer_logon_id":"404***@qq.com","buyer_pay_amount":"5000.00","buyer_user_id":"2088502899822489","fund_bill_list":[{"amount":"5000.00","fund_channel":"ALIPAYACCOUNT"}],"invoice_amount":"5000.00","out_trade_no":"2018052119242128910","point_amount":"0.00","receipt_amount":"5000.00","send_pay_date":"2018-05-21 19:24:33","total_amount":"5000.00","trade_no":"2018052121001004480582106314","trade_status":"TRADE_SUCCESS"},"sign":"UzLU3/ETbcPoR9CaNuVaI0OUy6Qfj8c+GffeOgpaRsSprYY/hIF3SgBR47/ITGy3nuJexjVXoHpQ3yXGKMh06+or7T5GITtepAxjaCFfENcGXxpJgcudfkGskgA+DYAOg/AyxeNFsHzeeEXfe/VgINuYvTVSqwYPhevg+GKgT0A="}

2018-05-21 19:26:12 {"merchant_id":"1499456762","key":"","authCode":"134666689591130633","order_sn":"2018052119261261371","price":37}

2018-05-21 19:27:20 {"merchant_id":"1499456762","key":"","authCode":"134758544877094536","order_sn":"2018052119272092946","price":30}

2018-05-21 19:33:00 {"merchant_id":"1499456762","key":"","authCode":"135537537245107821","order_sn":"2018052119330049915","price":20}

2018-05-21 19:40:27 {"merchant_id":"1499456762","key":"","authCode":"134664756229483528","order_sn":"2018052119402740946","price":7}

2018-05-21 19:41:03 {"merchant_id":"1490350062","key":"","authCode":"134651365368619260","order_sn":"2018052119410376744","price":200}

2018-05-21 19:41:48 {"merchant_id":"1499456762","key":"","authCode":"134759619981833233","order_sn":"2018052119414880614","price":32}

2018-05-21 19:43:44 {"merchant_id":"1499456762","key":"","authCode":"134581520818719753","order_sn":"2018052119434378124","price":29}

2018-05-21 19:44:25 {"merchant_id":"1499456762","key":"","authCode":"135037882938744633","order_sn":"2018052119442473395","price":15}

2018-05-21 19:46:36 {"merchant_id":"1499456762","key":"","authCode":"134612531345683212","order_sn":"2018052119463641981","price":21}

2018-05-21 19:48:08 {"merchant_id":"1499456762","key":"","authCode":"134610254274692435","order_sn":"2018052119480876021","price":12}

2018-05-21 19:49:34 {"merchant_id":"1499456762","key":"","authCode":"134635507628431653","order_sn":"2018052119493498585","price":23}

2018-05-21 19:51:04 {"merchant_id":"1490350062","key":"","authCode":"134549048573433366","order_sn":"2018052119510467230","price":300}

2018-05-21 19:54:04 {"merchant_id":"1499456762","key":"","authCode":"134641543564880164","order_sn":"2018052119540493653","price":7}

2018-05-21 19:55:32 {"merchant_id":"1499456762","key":"","authCode":"135112016645596779","order_sn":"2018052119553215544","price":15}

2018-05-21 19:56:05 {"merchant_id":"1499456762","key":"","authCode":"134566772042367956","order_sn":"2018052119560535136","price":28}

2018-05-21 19:56:33 {"merchant_id":"1499456762","key":"","authCode":"134750810061808179","order_sn":"2018052119563389490","price":15}

2018-05-21 20:00:30 {"merchant_id":"1499456762","key":"","authCode":"135108677722785370","order_sn":"2018052120003042753","price":50}

2018-05-21 20:01:58 {"merchant_id":"1499456762","key":"","authCode":"134705853096944956","order_sn":"2018052120015811602","price":51}

2018-05-21 20:02:43 {"merchant_id":"1499456762","key":"","authCode":"134744353740739935","order_sn":"2018052120024241812","price":21}

2018-05-21 20:04:57 {"merchant_id":"1499456762","key":"","authCode":"135022373155684495","order_sn":"2018052120045783530","price":14}

2018-05-21 20:07:00 {"merchant_id":"1499456762","key":"","authCode":"134657024641152798","order_sn":"2018052120070040722","price":148}

2018-05-21 20:09:15 {"merchant_id":"1499456762","key":"","authCode":"134776721575847216","order_sn":"2018052120091519950","price":44}

2018-05-21 20:09:26 {"merchant_id":"1499456762","key":"","authCode":"134710118422673084","order_sn":"2018052120092612559","price":28}

2018-05-21 20:10:41 {"merchant_id":"1499456762","key":"","authCode":"134764606035191044","order_sn":"2018052120104125065","price":25}

2018-05-21 20:10:50 {"merchant_id":"1499456762","key":"","authCode":"134924611197981791","order_sn":"2018052120105067768","price":8}

2018-05-21 20:15:27 {"merchant_id":"1499456762","key":"","authCode":"134569581086585467","order_sn":"2018052120152753576","price":13}

2018-05-21 20:16:17 {"merchant_id":"1499456762","key":"","authCode":"134979243626646557","order_sn":"2018052120161713387","price":16}

2018-05-21 20:17:37 {"merchant_id":"1499456762","key":"","authCode":"134514798409755076","order_sn":"2018052120173743049","price":28}

2018-05-21 20:19:51 {"merchant_id":"1499456762","key":"","authCode":"134520317015000609","order_sn":"2018052120195155539","price":26}

2018-05-21 20:27:44 {"merchant_id":"2088822285099072","key":"201710BBaa55e11a995b41488709d94fe3bfbX07","authCode":"286649050044520845","order_sn":"2018052120274494908","price":100}

2018-05-21 20:27:44 {"app_id":"2017071207730667","method":"alipay.trade.pay","charset":"utf-8","sign_type":"RSA","app_auth_token":"201710BBaa55e11a995b41488709d94fe3bfbX07","timestamp":"2018-05-21 20:27:44","version":"1.0","biz_content":"{\"out_trade_no\":\"2018052120274494908\",\"scene\":\"bar_code\",\"auth_code\":\"286649050044520845\",\"subject\":\"\\u8ba2\\u5355\\u53f7:2018052120274494908\",\"seller_id\":\"2088822285099072\",\"total_amount\":100,\"extend_params\":{\"sys_service_provider_id\":\"2088721521881652\"}}","sign":"Mz1mvwGRNllVA0Mo7LPSeE1upCExOmEEtCKcaOucgrQ8xpf\/7lHxJo8ddNgpnGCbMbqLlusb9mQ09Dbsefi8DyTO3bk25xcEJ6NGg906wtf+3oqiMHpQyJeMD0L1JM5ocRdhm6l1h9WBXYr6VeuDmrtv9vMEba0q77dXCLOjTwg="}

2018-05-21 20:27:44 {"alipay_trade_pay_response":{"code":"10000","msg":"Success","buyer_logon_id":"199****2161","buyer_pay_amount":"100.00","buyer_user_id":"2088912401046285","fund_bill_list":[{"amount":"100.00","fund_channel":"PCREDIT"}],"gmt_payment":"2018-05-21 20:27:44","invoice_amount":"100.00","out_trade_no":"2018052120274494908","point_amount":"0.00","receipt_amount":"100.00","total_amount":"100.00","trade_no":"2018052121001004280563885797"},"sign":"wg0ML9nfPMVsrCMS9ljUvvmexetnEbhiFiPR2ISTM27GAGFaI6W+0/3ccLrO8tYTJnv/pAyNZ+88zQ+xNdlyL540nxtfE9NPN/bue52A4zdk5E7EM9nHmyCGI5ggY4tjQnrKWnluYXR3SIkKYhVQbpuokRcyGNPF8ddpKumyIhA="}

2018-05-21 20:28:53 {"merchant_id":"1499456762","key":"","authCode":"135287964430730890","order_sn":"2018052120285243376","price":7}

2018-05-21 20:29:19 {"merchant_id":"1499456762","key":"","authCode":"135004175494984276","order_sn":"2018052120291932819","price":16}

2018-05-21 20:30:51 {"merchant_id":"1499456762","key":"","authCode":"134575441602004569","order_sn":"2018052120305120301","price":31.5}

2018-05-21 20:35:16 {"merchant_id":"1499456762","key":"","authCode":"134643962262746483","order_sn":"2018052120351695374","price":8}

2018-05-21 20:37:37 {"merchant_id":"1499456762","key":"","authCode":"134663141489432434","order_sn":"2018052120373720715","price":57}

2018-05-21 20:40:33 {"merchant_id":"1499456762","key":"","authCode":"134572724197471824","order_sn":"2018052120403378133","price":24}

2018-05-21 21:00:52 {"merchant_id":"1499456762","key":"","authCode":"135166402245491368","order_sn":"2018052121005221044","price":36}

2018-05-21 21:27:15 {"merchant_id":"1499456762","key":"","authCode":"135342262133574993","order_sn":"2018052121271530158","price":18}

2018-05-21 21:27:39 {"merchant_id":"2088822285099072","key":"201710BBaa55e11a995b41488709d94fe3bfbX07","authCode":"285627024462319048","order_sn":"2018052121273977719","price":300}

2018-05-21 21:27:39 {"app_id":"2017071207730667","method":"alipay.trade.pay","charset":"utf-8","sign_type":"RSA","app_auth_token":"201710BBaa55e11a995b41488709d94fe3bfbX07","timestamp":"2018-05-21 21:27:39","version":"1.0","biz_content":"{\"out_trade_no\":\"2018052121273977719\",\"scene\":\"bar_code\",\"auth_code\":\"285627024462319048\",\"subject\":\"\\u8ba2\\u5355\\u53f7:2018052121273977719\",\"seller_id\":\"2088822285099072\",\"total_amount\":300,\"extend_params\":{\"sys_service_provider_id\":\"2088721521881652\"}}","sign":"aF7eaxTof5jMwjhefJCP3l4SalAmutYjPJmd1K6T7N24fiZdUrOQ7ZPW84jl1ULjN5ZCk6Fw\/FDTefx3N\/PcL8M8p+o5a9PHXmIfP2cNzJnTXc6saaB97zWBDovLt+5VeFZt9f5cKUjofONsFMgHhkiN2ZYD3Op\/S46FCVg+sGM="}

2018-05-21 21:27:40 {"alipay_trade_pay_response":{"code":"10000","msg":"Success","buyer_logon_id":"181****9263","buyer_pay_amount":"300.00","buyer_user_id":"2088522763148181","fund_bill_list":[{"amount":"300.00","fund_channel":"ALIPAYACCOUNT"}],"gmt_payment":"2018-05-21 21:27:40","invoice_amount":"300.00","out_trade_no":"2018052121273977719","point_amount":"0.00","receipt_amount":"300.00","total_amount":"300.00","trade_no":"2018052121001004180599799661"},"sign":"jVOqvdB2HCHlcAIbRE3sfhkQl4tcqSDkZrTm+KGOndKy5ipZ5FUAWN5dt9qzg/vwRtjAEcYcG48y1fxXGlASX5hVu4jh/jSvAcrAQ6f2FAzXu6yrUB38/yqoKFjvRT6qTz+YhhJj/RSLB4YAFkYdzNM3aMcCFkg8c3/lN/SKjsM="}

2018-05-21 21:32:40 {"merchant_id":"1499456762","key":"","authCode":"134761359448087678","order_sn":"2018052121324031231","price":6.3}

2018-05-21 21:36:14 {"merchant_id":"1493159782","key":"","authCode":"134733956836489551","order_sn":"2018052121361441680","price":300}

2018-05-21 21:39:23 {"merchant_id":"2088821827997030","key":"201711BBc699bef5cde842dba6fa5c6bdc706A03","authCode":"284766605868206941","order_sn":"2018052121392313632","price":300}

2018-05-21 21:39:23 {"app_id":"2017071207730667","method":"alipay.trade.pay","charset":"utf-8","sign_type":"RSA","app_auth_token":"201711BBc699bef5cde842dba6fa5c6bdc706A03","timestamp":"2018-05-21 21:39:23","version":"1.0","biz_content":"{\"out_trade_no\":\"2018052121392313632\",\"scene\":\"bar_code\",\"auth_code\":\"284766605868206941\",\"subject\":\"\\u8ba2\\u5355\\u53f7:2018052121392313632\",\"seller_id\":\"2088821827997030\",\"total_amount\":300,\"extend_params\":{\"sys_service_provider_id\":\"2088721521881652\"}}","sign":"YhIj1x\/KNd8p7Hh2Oo9Rk3ysCnFu7NZU2W6mlF1CCama30i7mM5IJ8aeqnIsXAOENjgQ4+Zx+Jmwjfvx9OPUux6D0rs1Gzb3WoJUTIcyVWQ9WRa1r9VCqafb9beSfb\/uxqmXCK4HLGk3wjQwG8lV8US+++bgOoq\/TA9vdmyAeHs="}

2018-05-21 21:39:24 {"alipay_trade_pay_response":{"code":"10000","msg":"Success","buyer_logon_id":"189****3456","buyer_pay_amount":"300.00","buyer_user_id":"2088412946810070","fund_bill_list":[{"amount":"300.00","fund_channel":"PCREDIT"}],"gmt_payment":"2018-05-21 21:39:24","invoice_amount":"300.00","out_trade_no":"2018052121392313632","point_amount":"0.00","receipt_amount":"300.00","total_amount":"300.00","trade_no":"2018052121001004070510437070"},"sign":"n+lGDehwX7wl666t29Yyjv8ca/ATnioNFvp/Pm9lM1SMKHG6B3egrRuZz787Zcc7vxGNqklwbV2UBuMpRM7Ev1LuVC1fGnluVqwz6AXyces9jXSj0aUcvYI0OBSX+uYeoB1pO2zQR75mxARkgImpZI2VrbYfk4IVPO0cPJijq2I="}

2018-05-21 22:01:25 {"merchant_id":"1490350062","key":"","authCode":"134678282321423281","order_sn":"2018052122012568230","price":112}

2018-05-21 22:02:50 {"merchant_id":"1490350062","key":"","authCode":"134531958504429741","order_sn":"2018052122025015534","price":128}

