2018-05-18 00:24:59 {"merchant_id":"1490350062","key":"","authCode":"134908386588452395","order_sn":"2018051800245936842","price":200}

2018-05-18 00:33:14 {"merchant_id":"1493159782","key":"","authCode":"134556024953181246","order_sn":"2018051800331426401","price":300}

2018-05-18 00:39:16 {"merchant_id":"1490350062","key":"","authCode":"134557215473569700","order_sn":"2018051800391692035","price":300}

2018-05-18 00:43:36 {"merchant_id":"1490350062","key":"","authCode":"134617001527636315","order_sn":"2018051800433657236","price":300}

2018-05-18 01:25:00 {"merchant_id":"1493159782","key":"","authCode":"135105169246114918","order_sn":"2018051801250040333","price":300}

2018-05-18 04:15:28 {"merchant_id":"1493159782","key":"","authCode":"135443473582108492","order_sn":"2018051804152880914","price":300}

2018-05-18 07:49:40 {"merchant_id":"1499456762","key":"","authCode":"135055300378170539","order_sn":"2018051807494086626","price":5}

2018-05-18 08:30:17 {"merchant_id":"2088822285099072","key":"201710BBaa55e11a995b41488709d94fe3bfbX07","authCode":"287078977359824526","order_sn":"2018051808301763969","price":251}

2018-05-18 08:30:17 {"app_id":"2017071207730667","method":"alipay.trade.pay","charset":"utf-8","sign_type":"RSA","app_auth_token":"201710BBaa55e11a995b41488709d94fe3bfbX07","timestamp":"2018-05-18 08:30:17","version":"1.0","biz_content":"{\"out_trade_no\":\"2018051808301763969\",\"scene\":\"bar_code\",\"auth_code\":\"287078977359824526\",\"subject\":\"\\u8ba2\\u5355\\u53f7:2018051808301763969\",\"seller_id\":\"2088822285099072\",\"total_amount\":251,\"extend_params\":{\"sys_service_provider_id\":\"2088721521881652\"}}","sign":"dutMEklCxsyqSTUoShaDLHEcrK5nvY0RzvY27+LE8LyPS5rPTSh\/Cwd1Du3lvONHTkQIjmTFt6Y1GmWsOknINiWJYHANxE0Ws\/pvBwMwy3JZd+4FMAuN9S2vqKLvvm8\/DmjjTSfcx+Ne\/hINDQYvT39elXDYCzWxbYqSYWZJR0M="}

2018-05-18 08:30:19 {"alipay_trade_pay_response":{"code":"10000","msg":"Success","buyer_logon_id":"591***@qq.com","buyer_pay_amount":"250.80","buyer_user_id":"2088712728920415","fund_bill_list":[{"amount":"250.80","fund_channel":"PCREDIT"},{"amount":"0.20","fund_channel":"DISCOUNT","real_amount":"0.00"}],"gmt_payment":"2018-05-18 08:30:18","invoice_amount":"250.80","out_trade_no":"2018051808301763969","point_amount":"0.20","receipt_amount":"251.00","total_amount":"251.00","trade_no":"2018051821001004410591864582"},"sign":"TgzkPJ/sh2GpN1TEu6dNAbSpns/eBDhoiAJkZnkI8w2FA1mapSsC+aARYKjMgPM0pV/vPr2WgDY1zzpY09+bMDAaOsiJ4/B/4W7IOpuwQIlRc4CcPffVXh9spwWDZr8tFLUELTxa9qrMDPAjieIju13GE6zWJSnZAVcrHPoz83A="}

2018-05-18 08:49:24 {"merchant_id":"1493159782","key":"","authCode":"135183261587367912","order_sn":"2018051808492485602","price":168}

2018-05-18 09:01:28 {"merchant_id":"1499456762","key":"","authCode":"134932213794081253","order_sn":"2018051809012865977","price":30}

2018-05-18 09:14:21 {"merchant_id":"1499456762","key":"","authCode":"134585298776981381","order_sn":"2018051809142187987","price":15}

2018-05-18 09:15:25 {"merchant_id":"1499456762","key":"","authCode":"134680459578420397","order_sn":"2018051809152536053","price":8}

2018-05-18 10:06:53 {"merchant_id":"1499456762","key":"","authCode":"134664104441466993","order_sn":"2018051810065372493","price":300}

2018-05-18 10:23:48 {"merchant_id":"1499456762","key":"","authCode":"136517210844358729","order_sn":"2018051810234852982","price":20}

2018-05-18 10:30:19 {"merchant_id":"1499456762","key":"","authCode":"134785626894197850","order_sn":"2018051810301924342","price":17}

2018-05-18 10:32:09 {"merchant_id":"1499456762","key":"","authCode":"135007481270884988","order_sn":"2018051810320967408","price":2}

2018-05-18 10:43:19 {"merchant_id":"1499456762","key":"","authCode":"134582098177056474","order_sn":"2018051810431930648","price":48.5}

2018-05-18 10:44:06 {"merchant_id":"1499456762","key":"","authCode":"134549704565786301","order_sn":"2018051810440680862","price":128}

2018-05-18 10:50:35 {"merchant_id":"1499456762","key":"","authCode":"135029225619946128","order_sn":"2018051810503527721","price":10}

2018-05-18 10:55:02 {"merchant_id":"1499456762","key":"","authCode":"135050747585068549","order_sn":"2018051810550283557","price":11}

2018-05-18 10:56:02 {"merchant_id":"1499456762","key":"","authCode":"135620108612992898","order_sn":"2018051810560265115","price":14}

2018-05-18 10:58:33 {"merchant_id":"1499456762","key":"","authCode":"134589793108713927","order_sn":"2018051810583367466","price":52}

2018-05-18 11:08:42 {"merchant_id":"1499456762","key":"","authCode":"134719693993114006","order_sn":"2018051811084248071","price":128}

2018-05-18 11:11:13 {"merchant_id":"1499456762","key":"","authCode":"134642106750445116","order_sn":"2018051811111327495","price":45.5}

2018-05-18 11:19:15 {"merchant_id":"1499456762","key":"","authCode":"135300866992082340","order_sn":"2018051811191524005","price":20}

2018-05-18 11:27:09 {"merchant_id":"2088822285099072","key":"201710BBaa55e11a995b41488709d94fe3bfbX07","authCode":"282888183541729784","order_sn":"2018051811270915868","price":500}

2018-05-18 11:27:09 {"app_id":"2017071207730667","method":"alipay.trade.pay","charset":"utf-8","sign_type":"RSA","app_auth_token":"201710BBaa55e11a995b41488709d94fe3bfbX07","timestamp":"2018-05-18 11:27:09","version":"1.0","biz_content":"{\"out_trade_no\":\"2018051811270915868\",\"scene\":\"bar_code\",\"auth_code\":\"282888183541729784\",\"subject\":\"\\u8ba2\\u5355\\u53f7:2018051811270915868\",\"seller_id\":\"2088822285099072\",\"total_amount\":500,\"extend_params\":{\"sys_service_provider_id\":\"2088721521881652\"}}","sign":"fN\/cs4JoUJfXn26IFK1GW71oKn4F5A8d+pLS6OJ3vFx1T+ioGet+OzqrNOenTXILaC\/14EwR+ty7hlJCgzyAg2+DKzHryFx04qUG2k3NoPnIUVQXnJT3MhxQspV4xFpj1PhIXd68AGUgLCEme7vueQssrrb+4Hwf1828fOW2uGI="}

2018-05-18 11:27:10 {"alipay_trade_pay_response":{"code":"10000","msg":"Success","buyer_logon_id":"125***@qq.com","buyer_pay_amount":"500.00","buyer_user_id":"2088112284683524","fund_bill_list":[{"amount":"500.00","fund_channel":"ALIPAYACCOUNT"}],"gmt_payment":"2018-05-18 11:27:10","invoice_amount":"500.00","out_trade_no":"2018051811270915868","point_amount":"0.00","receipt_amount":"500.00","total_amount":"500.00","trade_no":"2018051821001004520527421783"},"sign":"XYi1bruqt9OzkhtayibQ4CNvu++X2g2JRaPT5BYiLE2K5VuvdwH6h/MlHtkXi4HtlSIy6XbZo6YI+HpV6BEcSOLPUpqCXlM+DFTNaEkwaN62uOuTUdLNZfQa9KpHJGId9X1I1dGcptr87bk6IBTRtnM5HkX+Pvufhe2rOoRMpoo="}

2018-05-18 11:35:01 {"merchant_id":"1499456762","key":"","authCode":"134669391175235096","order_sn":"2018051811350198063","price":11}

2018-05-18 11:35:16 {"merchant_id":"1499456762","key":"","authCode":"134735689142827679","order_sn":"2018051811351621609","price":5}

2018-05-18 11:39:41 {"merchant_id":"1499456762","key":"","authCode":"134647159261791542","order_sn":"2018051811394142877","price":2}

2018-05-18 11:42:35 {"merchant_id":"1499456762","key":"","authCode":"134613788353693670","order_sn":"2018051811423528656","price":20}

2018-05-18 11:52:12 {"merchant_id":"1499456762","key":"","authCode":"134628924009827183","order_sn":"2018051811521265345","price":15}

2018-05-18 11:56:40 {"merchant_id":"1499456762","key":"","authCode":"134671074804475684","order_sn":"2018051811564071844","price":20}

2018-05-18 12:04:23 {"merchant_id":"1499456762","key":"","authCode":"134889685302518217","order_sn":"2018051812042329685","price":5}

2018-05-18 12:19:23 {"merchant_id":"1493159782","key":"","authCode":"134611593731127807","order_sn":"2018051812192375920","price":336}

2018-05-18 12:19:39 {"merchant_id":"1499456762","key":"","authCode":"134627704936402620","order_sn":"2018051812193930081","price":23}

2018-05-18 12:37:04 {"merchant_id":"1493159782","key":"","authCode":"134919080984124854","order_sn":"2018051812370434239","price":200}

2018-05-18 12:39:58 {"merchant_id":"2088821827997030","key":"201711BBc699bef5cde842dba6fa5c6bdc706A03","authCode":"283176752720199534","order_sn":"2018051812395813022","price":200}

2018-05-18 12:39:58 {"app_id":"2017071207730667","method":"alipay.trade.pay","charset":"utf-8","sign_type":"RSA","app_auth_token":"201711BBc699bef5cde842dba6fa5c6bdc706A03","timestamp":"2018-05-18 12:39:58","version":"1.0","biz_content":"{\"out_trade_no\":\"2018051812395813022\",\"scene\":\"bar_code\",\"auth_code\":\"283176752720199534\",\"subject\":\"\\u8ba2\\u5355\\u53f7:2018051812395813022\",\"seller_id\":\"2088821827997030\",\"total_amount\":200,\"extend_params\":{\"sys_service_provider_id\":\"2088721521881652\"}}","sign":"pcjdiLL0KlYwaAMyEyDHkgpjm8M9ASswNeV2VXKkENVbcm3udeyrrf8gZfE1jnBAo90HnIRrVeheAa6T3gyQaQhdhZJ8X+9dNn9GH5pw7mYnxxEivK6Nbt13Vxpm\/c0A1UYiu1Z6hY4i\/mBmGQdhC1\/3BSJR3NhHFSDGzWvaoNA="}

2018-05-18 12:39:59 {"alipay_trade_pay_response":{"code":"10000","msg":"Success","buyer_logon_id":"183****2784","buyer_pay_amount":"200.00","buyer_user_id":"2088612574581553","fund_bill_list":[{"amount":"200.00","fund_channel":"ALIPAYACCOUNT"}],"gmt_payment":"2018-05-18 12:39:59","invoice_amount":"200.00","out_trade_no":"2018051812395813022","point_amount":"0.00","receipt_amount":"200.00","total_amount":"200.00","trade_no":"2018051821001004550562367192"},"sign":"DxmRgj/VhTBObY+kar7LOBCF26IsMCHSfr+PAEMjEygHQaGk0bDT8dUnb+hcHkx4ijO0u9VNCq+SUav6r/N5qs3dBOQnwi5IhjClukwQCCajODg/WGyFQ8T67iFiajyTe9VlNgWua1RysmfOIZsmIZK22eXVO+0eo4+WeK3LRXE="}

2018-05-18 13:20:16 {"merchant_id":"1499456762","key":"","authCode":"134537377866261911","order_sn":"2018051813201698099","price":28}

2018-05-18 13:22:41 {"merchant_id":"1499456762","key":"","authCode":"134867466575394247","order_sn":"2018051813224183051","price":10}

2018-05-18 13:31:30 {"merchant_id":"1499456762","key":"","authCode":"134638390958235236","order_sn":"2018051813313045454","price":300}

2018-05-18 13:54:41 {"merchant_id":"1499456762","key":"","authCode":"135065921718071137","order_sn":"2018051813544183829","price":2}

2018-05-18 13:59:12 {"merchant_id":"1499456762","key":"","authCode":"134711938931757565","order_sn":"2018051813591237242","price":29}

2018-05-18 14:23:38 {"merchant_id":"1499456762","key":"","authCode":"134762987988087706","order_sn":"2018051814233870912","price":300}

2018-05-18 14:34:35 {"merchant_id":"1490350062","key":"","authCode":"134958151072131410","order_sn":"2018051814343513416","price":300}

2018-05-18 14:44:43 {"merchant_id":"1499456762","key":"","authCode":"135392149492554966","order_sn":"2018051814444333977","price":30}

2018-05-18 14:51:21 {"merchant_id":"1493159782","key":"","authCode":"134911012481539800","order_sn":"2018051814512166119","price":198}

2018-05-18 15:02:52 {"merchant_id":"1499456762","key":"","authCode":"134645011869986119","order_sn":"2018051815025295051","price":26}

2018-05-18 15:08:10 {"merchant_id":"1499456762","key":"","authCode":"134827356823823704","order_sn":"2018051815081090702","price":108}

2018-05-18 15:12:56 {"merchant_id":"1499456762","key":"","authCode":"134754637635942724","order_sn":"2018051815125689028","price":63}

2018-05-18 15:17:25 {"merchant_id":"1490350062","key":"","authCode":"134597359431311599","order_sn":"2018051815172537749","price":200}

2018-05-18 15:18:53 {"merchant_id":"1499456762","key":"","authCode":"135012804785933733","order_sn":"2018051815185382235","price":9}

2018-05-18 15:24:38 {"merchant_id":"1499456762","key":"","authCode":"134690549851175380","order_sn":"2018051815243825099","price":30}

2018-05-18 15:28:39 {"merchant_id":"1490350062","key":"","authCode":"135403265305624167","order_sn":"2018051815283984709","price":100}

2018-05-18 15:41:38 {"merchant_id":"1499456762","key":"","authCode":"134613239301156479","order_sn":"2018051815413828337","price":6}

2018-05-18 15:44:20 {"merchant_id":"1490350062","key":"","authCode":"134613312944445074","order_sn":"2018051815442034098","price":300}

2018-05-18 15:48:16 {"merchant_id":"1499456762","key":"","authCode":"135179158556063521","order_sn":"2018051815481637149","price":32}

2018-05-18 15:55:31 {"merchant_id":"1499456762","key":"","authCode":"134914983464807977","order_sn":"2018051815553141552","price":41}

2018-05-18 16:11:33 {"merchant_id":"1499456762","key":"","authCode":"134877154595560047","order_sn":"2018051816113347088","price":5}

2018-05-18 16:17:04 {"merchant_id":"1499456762","key":"","authCode":"134880145609551315","order_sn":"2018051816170485327","price":11}

2018-05-18 16:21:11 {"merchant_id":"1499456762","key":"","authCode":"134787899920076895","order_sn":"2018051816211148398","price":28}

2018-05-18 16:25:19 {"merchant_id":"2088822285099072","key":"201710BBaa55e11a995b41488709d94fe3bfbX07","authCode":"281382989655096000","order_sn":"2018051816251932032","price":100}

2018-05-18 16:25:19 {"app_id":"2017071207730667","method":"alipay.trade.pay","charset":"utf-8","sign_type":"RSA","app_auth_token":"201710BBaa55e11a995b41488709d94fe3bfbX07","timestamp":"2018-05-18 16:25:19","version":"1.0","biz_content":"{\"out_trade_no\":\"2018051816251932032\",\"scene\":\"bar_code\",\"auth_code\":\"281382989655096000\",\"subject\":\"\\u8ba2\\u5355\\u53f7:2018051816251932032\",\"seller_id\":\"2088822285099072\",\"total_amount\":100,\"extend_params\":{\"sys_service_provider_id\":\"2088721521881652\"}}","sign":"ozremh8XXhSNaRGyeZRHxJwFX95U2vBJBIjnKWVZZN9mMk1kWTpG9GU+yXUeHGztUVt4aNJ5pM7gI5tFbZj6tGpMAh95UdnYe9CTVHAEaNZcQdkz\/VVB+vxfmjTiQgv6GGNx+LgsFE14deWA1gToENg4nDCb4Sr+wfmyB0qD4zQ="}

2018-05-18 16:25:20 {"alipay_trade_pay_response":{"code":"10000","msg":"Success","buyer_logon_id":"151****1555","buyer_pay_amount":"100.00","buyer_user_id":"2088032311820758","fund_bill_list":[{"amount":"100.00","fund_channel":"ALIPAYACCOUNT"}],"gmt_payment":"2018-05-18 16:25:20","invoice_amount":"100.00","out_trade_no":"2018051816251932032","point_amount":"0.00","receipt_amount":"100.00","total_amount":"100.00","trade_no":"2018051821001004750554394531"},"sign":"cCHreD9DLb0srTO1mTDgScvL1TuZnN2v54nmuFAIs/GEzXGKdI2rp/H4G8wSbh9ny1x2DbZv92nqz9Pp+smxXHuKpkFji499SAThvv5KvY2gmnh+EhkRA+i/ixh4ijGH6qKD27Lhc18oOkBXmswdL6VZAJmnO8uuy6P2CL6crw0="}

2018-05-18 16:28:45 {"merchant_id":"1499456762","key":"","authCode":"135256883375292113","order_sn":"2018051816284577325","price":34}

2018-05-18 16:29:39 {"merchant_id":"1499456762","key":"","authCode":"134570842206200766","order_sn":"2018051816293950245","price":15}

2018-05-18 16:31:54 {"merchant_id":"1499456762","key":"","authCode":"134742799559836112","order_sn":"2018051816315416179","price":15}

2018-05-18 16:32:26 {"merchant_id":"1499456762","key":"","authCode":"134728976527686855","order_sn":"2018051816322692049","price":5}

2018-05-18 16:39:28 {"merchant_id":"1499456762","key":"","authCode":"135589241699152970","order_sn":"2018051816392863262","price":15}

2018-05-18 16:40:50 {"merchant_id":"1499456762","key":"","authCode":"135017264880633861","order_sn":"2018051816405090600","price":8}

2018-05-18 16:42:35 {"merchant_id":"1499456762","key":"","authCode":"134771876012817358","order_sn":"2018051816423597844","price":33}

2018-05-18 16:45:55 {"merchant_id":"1499456762","key":"","authCode":"134524215646160386","order_sn":"2018051816455536584","price":17}

2018-05-18 16:53:35 {"merchant_id":"1499456762","key":"","authCode":"134906508111764383","order_sn":"2018051816533512438","price":69}

2018-05-18 16:56:15 {"merchant_id":"1499456762","key":"","authCode":"134659725096495651","order_sn":"2018051816561516748","price":6.5}

2018-05-18 16:57:29 {"merchant_id":"1499456762","key":"","authCode":"134687396897334759","order_sn":"2018051816572994550","price":28}

2018-05-18 17:02:55 {"merchant_id":"1499456762","key":"","authCode":"134956100173131852","order_sn":"2018051817025558562","price":6}

2018-05-18 17:05:12 {"merchant_id":"1499456762","key":"","authCode":"134997575678617299","order_sn":"2018051817051292832","price":30}

2018-05-18 17:06:11 {"merchant_id":"1499456762","key":"","authCode":"135255379251343431","order_sn":"2018051817061147794","price":8}

2018-05-18 17:06:24 {"merchant_id":"1499456762","key":"","authCode":"134602307068998488","order_sn":"2018051817062428318","price":2}

2018-05-18 17:07:33 {"merchant_id":"1499456762","key":"","authCode":"134666695444858243","order_sn":"2018051817073365381","price":1}

2018-05-18 17:17:39 {"merchant_id":"1499456762","key":"","authCode":"135137151165685551","order_sn":"2018051817173956277","price":33}

2018-05-18 17:31:55 {"merchant_id":"1499456762","key":"","authCode":"134618438107890680","order_sn":"2018051817315590394","price":7}

2018-05-18 17:33:09 {"merchant_id":"1499456762","key":"","authCode":"134737276289983585","order_sn":"2018051817330967457","price":38}

2018-05-18 17:36:06 {"merchant_id":"1499456762","key":"","authCode":"135412918140135023","order_sn":"2018051817360612764","price":42}

2018-05-18 17:48:01 {"merchant_id":"1499456762","key":"","authCode":"134664694603836825","order_sn":"2018051817480136172","price":14}

2018-05-18 17:56:25 {"merchant_id":"1499456762","key":"","authCode":"134616647030260800","order_sn":"2018051817562517709","price":34}

2018-05-18 18:03:01 {"merchant_id":"1499456762","key":"","authCode":"134672660774453003","order_sn":"2018051818030127012","price":27}

2018-05-18 18:03:13 {"merchant_id":"1499456762","key":"","authCode":"134678818831214478","order_sn":"2018051818031397457","price":26}

2018-05-18 18:05:43 {"merchant_id":"1499456762","key":"","authCode":"134524228434914474","order_sn":"2018051818054345752","price":15}

2018-05-18 18:16:09 {"merchant_id":"1499456762","key":"","authCode":"134739685420909235","order_sn":"2018051818160971357","price":8}

2018-05-18 18:17:27 {"merchant_id":"1499456762","key":"","authCode":"134740674057615534","order_sn":"2018051818172751430","price":6}

2018-05-18 18:34:02 {"merchant_id":"1499456762","key":"","authCode":"134518263181968434","order_sn":"2018051818340222622","price":8}

2018-05-18 18:34:38 {"merchant_id":"1499456762","key":"","authCode":"135085831134000256","order_sn":"2018051818343812704","price":16}

2018-05-18 18:37:21 {"merchant_id":"1499456762","key":"","authCode":"134624811079718285","order_sn":"2018051818372150170","price":21.5}

2018-05-18 18:48:32 {"merchant_id":"1499456762","key":"","authCode":"134675266907060545","order_sn":"2018051818483277590","price":7}

2018-05-18 18:53:55 {"merchant_id":"1499456762","key":"","authCode":"134594702279882621","order_sn":"2018051818535533527","price":29}

2018-05-18 19:06:07 {"merchant_id":"1499456762","key":"","authCode":"134735172743804877","order_sn":"2018051819060744669","price":6}

2018-05-18 19:06:19 {"merchant_id":"1499456762","key":"","authCode":"134749235440590025","order_sn":"2018051819061936692","price":30}

2018-05-18 19:23:05 {"merchant_id":"1499456762","key":"","authCode":"135331808116989811","order_sn":"2018051819230552233","price":15}

2018-05-18 19:26:51 {"merchant_id":"1499456762","key":"","authCode":"135083464713878200","order_sn":"2018051819265131972","price":128}

2018-05-18 19:27:18 {"merchant_id":"1499456762","key":"","authCode":"135210039271242191","order_sn":"2018051819271817233","price":33}

2018-05-18 19:28:11 {"merchant_id":"1499456762","key":"","authCode":"135229497912311112","order_sn":"2018051819281195174","price":33}

2018-05-18 19:28:34 {"merchant_id":"1499456762","key":"","authCode":"135179130933943724","order_sn":"2018051819283436787","price":33}

2018-05-18 19:40:09 {"merchant_id":"1499456762","key":"","authCode":"135047577161238571","order_sn":"2018051819400991362","price":33}

2018-05-18 19:44:09 {"merchant_id":"1499456762","key":"","authCode":"134950311803076655","order_sn":"2018051819440960336","price":31}

2018-05-18 19:52:07 {"merchant_id":"1499456762","key":"","authCode":"134709858636140444","order_sn":"2018051819520750921","price":45}

2018-05-18 19:53:05 {"merchant_id":"1499456762","key":"","authCode":"134797577676217584","order_sn":"2018051819530592489","price":17}

2018-05-18 19:53:45 {"merchant_id":"1499456762","key":"","authCode":"134977534707869951","order_sn":"2018051819534596612","price":15}

2018-05-18 19:54:49 {"merchant_id":"1499456762","key":"","authCode":"134768484736610339","order_sn":"2018051819544984276","price":108}

2018-05-18 19:56:23 {"merchant_id":"1499456762","key":"","authCode":"134684018944937153","order_sn":"2018051819562369852","price":6}

2018-05-18 19:56:46 {"merchant_id":"1499456762","key":"","authCode":"134759526465893427","order_sn":"2018051819564677865","price":17}

2018-05-18 19:57:54 {"merchant_id":"1499456762","key":"","authCode":"135248441816271577","order_sn":"2018051819575490133","price":48}

2018-05-18 20:01:29 {"merchant_id":"1499456762","key":"","authCode":"134538191561183811","order_sn":"2018051820012971311","price":26}

2018-05-18 20:01:34 {"merchant_id":"1499456762","key":"","authCode":"136103165496683163","order_sn":"2018051820013451293","price":33.5}

2018-05-18 20:07:05 {"merchant_id":"1499456762","key":"","authCode":"134755675281386582","order_sn":"2018051820070542474","price":17}

2018-05-18 20:13:38 {"merchant_id":"1499456762","key":"","authCode":"134526498341901108","order_sn":"2018051820133873975","price":8}

2018-05-18 20:20:27 {"merchant_id":"1499456762","key":"","authCode":"134560171275594647","order_sn":"2018051820202771591","price":7}

2018-05-18 20:23:06 {"merchant_id":"1499456762","key":"","authCode":"134600219419484777","order_sn":"2018051820230631459","price":22}

2018-05-18 20:24:18 {"merchant_id":"1499456762","key":"","authCode":"135452266906853246","order_sn":"2018051820241833296","price":8}

2018-05-18 20:25:01 {"merchant_id":"1499456762","key":"","authCode":"134838125637052577","order_sn":"2018051820250177283","price":14}

2018-05-18 20:27:55 {"merchant_id":"1499456762","key":"","authCode":"135684453680780571","order_sn":"2018051820275517518","price":42.4}

2018-05-18 20:28:48 {"merchant_id":"1499456762","key":"","authCode":"135772624315586555","order_sn":"2018051820284841910","price":8}

2018-05-18 20:29:19 {"merchant_id":"1499456762","key":"","authCode":"134579696407057013","order_sn":"2018051820291913077","price":16}

2018-05-18 20:30:55 {"merchant_id":"1499456762","key":"","authCode":"134777497601764690","order_sn":"2018051820305419054","price":21}

2018-05-18 20:32:45 {"merchant_id":"1499456762","key":"","authCode":"134968411037104991","order_sn":"2018051820324540470","price":9}

2018-05-18 20:32:53 {"merchant_id":"1490350062","key":"","authCode":"134662783993926485","order_sn":"2018051820325362903","price":300}

2018-05-18 20:33:32 {"merchant_id":"1499456762","key":"","authCode":"134966924468769818","order_sn":"2018051820333297425","price":12}

2018-05-18 20:37:37 {"merchant_id":"1490350062","key":"","authCode":"135136003602554316","order_sn":"2018051820373788737","price":300}

2018-05-18 20:41:29 {"merchant_id":"1499456762","key":"","authCode":"134511105006899566","order_sn":"2018051820412914182","price":18}

2018-05-18 20:41:36 {"merchant_id":"1490350062","key":"","authCode":"134692470601301305","order_sn":"2018051820413648101","price":100}

2018-05-18 20:48:22 {"merchant_id":"1499456762","key":"","authCode":"134611471062240698","order_sn":"2018051820482210017","price":1.5}

2018-05-18 20:50:14 {"merchant_id":"1499456762","key":"","authCode":"134942531643098644","order_sn":"2018051820501479082","price":15}

2018-05-18 20:50:29 {"merchant_id":"1499456762","key":"","authCode":"134747283469776603","order_sn":"2018051820502946045","price":17}

2018-05-18 20:52:53 {"merchant_id":"1499456762","key":"","authCode":"134730292883366240","order_sn":"2018051820525361607","price":43}

2018-05-18 20:56:10 {"merchant_id":"1499456762","key":"","authCode":"134932859084176055","order_sn":"2018051820561011072","price":27}

2018-05-18 20:57:24 {"merchant_id":"1499456762","key":"","authCode":"134808611516333552","order_sn":"2018051820572443493","price":15}

2018-05-18 21:01:45 {"merchant_id":"1499456762","key":"","authCode":"134699467876755104","order_sn":"2018051821014560627","price":6}

2018-05-18 21:10:48 {"merchant_id":"1499456762","key":"","authCode":"134752010830384517","order_sn":"2018051821104815287","price":3}

2018-05-18 21:12:05 {"merchant_id":"1499456762","key":"","authCode":"134821049485570043","order_sn":"2018051821120593986","price":25}

2018-05-18 21:13:11 {"merchant_id":"1499456762","key":"","authCode":"134618809958953902","order_sn":"2018051821131155470","price":9}

2018-05-18 21:13:24 {"merchant_id":"1499456762","key":"","authCode":"134635543543988550","order_sn":"2018051821132482113","price":3}

2018-05-18 21:15:30 {"merchant_id":"1499456762","key":"","authCode":"134759511021771325","order_sn":"2018051821153067511","price":24}

2018-05-18 21:25:25 {"merchant_id":"1499456762","key":"","authCode":"134559931670308643","order_sn":"2018051821252521862","price":16}

2018-05-18 21:25:43 {"merchant_id":"1499456762","key":"","authCode":"134569485902006902","order_sn":"2018051821254357619","price":8}

2018-05-18 21:31:49 {"merchant_id":"1499456762","key":"","authCode":"134609179492459897","order_sn":"2018051821314987066","price":8}

2018-05-18 21:34:14 {"merchant_id":"1499456762","key":"","authCode":"134540419250158471","order_sn":"2018051821341456445","price":9}

2018-05-18 21:37:20 {"merchant_id":"1499456762","key":"","authCode":"134740009430118154","order_sn":"2018051821372082092","price":29}

2018-05-18 21:42:39 {"merchant_id":"1499456762","key":"","authCode":"134887034476970154","order_sn":"2018051821423953807","price":23.5}

2018-05-18 21:46:48 {"merchant_id":"1499456762","key":"","authCode":"134548319943932022","order_sn":"2018051821464855264","price":40}

2018-05-18 21:52:10 {"merchant_id":"1499456762","key":"","authCode":"134684041187922114","order_sn":"2018051821521066898","price":8}

2018-05-18 21:59:15 {"merchant_id":"1499456762","key":"","authCode":"135549831688547520","order_sn":"2018051821591522447","price":15}

2018-05-18 22:00:27 {"merchant_id":"1499456762","key":"","authCode":"134582520457356484","order_sn":"2018051822002748864","price":21}

2018-05-18 22:25:46 {"merchant_id":"1493159782","key":"","authCode":"134626942567104911","order_sn":"2018051822254671802","price":500}

2018-05-18 23:15:36 {"merchant_id":"1490350062","key":"","authCode":"134819573875571412","order_sn":"2018051823153680153","price":200}

2018-05-18 23:24:14 {"merchant_id":"1490350062","key":"","authCode":"134611507855591425","order_sn":"2018051823241365368","price":300}

