2018-04-03 01:06:17 {"merchant_id":"1490350062","key":"","authCode":"134976502406825667","order_sn":"2018040301061750590","price":400}
2018-04-03 01:10:56 {"merchant_id":"2088822285099072","key":"201710BBaa55e11a995b41488709d94fe3bfbX07","authCode":"287181607438863386","order_sn":"2018040301105628210","price":400}
2018-04-03 01:10:56 {"app_id":"2017071207730667","method":"alipay.trade.pay","charset":"utf-8","sign_type":"RSA","app_auth_token":"201710BBaa55e11a995b41488709d94fe3bfbX07","timestamp":"2018-04-03 01:10:56","version":"1.0","biz_content":"{\"out_trade_no\":\"2018040301105628210\",\"scene\":\"bar_code\",\"auth_code\":\"287181607438863386\",\"subject\":\"\\u8ba2\\u5355\\u53f7:2018040301105628210\",\"seller_id\":\"2088822285099072\",\"total_amount\":400,\"extend_params\":{\"sys_service_provider_id\":\"2088721521881652\"}}","sign":"AmN4pzjZsqXa+8eyVmo92Kh80Kb9pYoQFT8HlvSfmvHk1EKNjkonH9PaL0++T26acsDLAU7h3PFekBP4HPqM9GKoJAmcK2Ub2odm4uhHN4O\/sf5kZJ3y096DG51Tz57e6YKAriqV3Q+tRTnp5Z2z+GKaJllUEFt9bP5YJB1c9so="}
2018-04-03 01:10:58 {"alipay_trade_pay_response":{"code":"10000","msg":"Success","buyer_logon_id":"187****3803","buyer_pay_amount":"400.00","buyer_user_id":"2088722287311139","fund_bill_list":[{"amount":"400.00","fund_channel":"ALIPAYACCOUNT"}],"gmt_payment":"2018-04-03 01:10:58","invoice_amount":"400.00","out_trade_no":"2018040301105628210","point_amount":"0.00","receipt_amount":"400.00","total_amount":"400.00","trade_no":"2018040321001004130597749999"},"sign":"FATwjkUrU+S1kXjNk/IkNC8D8knBUNwslOEObx1B4qW5DDOV0+7jdEHi+0AgfFVQq3+fqDCO03ORyk5W5fLX+rOUsGhoEellII0eafk7PTLNioEW/B+Y+eW4SEXnfkGMeCaiD1QUn8BrwR0pBDEuGRwz5YFhO8pII5uvT7x290E="}
2018-04-03 04:35:23 {"merchant_id":"1490350062","key":"","authCode":"134608386141358869","order_sn":"2018040304352314294","price":800}
2018-04-03 08:11:44 {"merchant_id":"1499456762","key":"","authCode":"135399381817132281","order_sn":"2018040308114476751","price":8}
2018-04-03 08:37:18 {"merchant_id":"1499456762","key":"","authCode":"135162598398395635","order_sn":"2018040308371831305","price":45}
2018-04-03 09:20:56 {"merchant_id":"1499456762","key":"","authCode":"134507382617519347","order_sn":"2018040309205666788","price":6}
2018-04-03 09:23:54 {"merchant_id":"1499456762","key":"","authCode":"135026386139544103","order_sn":"2018040309235489608","price":14}
2018-04-03 09:33:29 {"merchant_id":"1499456762","key":"","authCode":"134544678349495377","order_sn":"2018040309332956388","price":22}
2018-04-03 09:53:31 {"merchant_id":"1499456762","key":"","authCode":"134703459192732301","order_sn":"2018040309533134094","price":300}
2018-04-03 10:01:47 {"merchant_id":"1499456762","key":"","authCode":"134602955792488484","order_sn":"2018040310014786887","price":25}
2018-04-03 10:03:24 {"merchant_id":"1499456762","key":"","authCode":"134534797062441048","order_sn":"2018040310032482015","price":8}
2018-04-03 10:58:14 {"merchant_id":"1499456762","key":"","authCode":"134755570198021598","order_sn":"2018040310581395578","price":16}
2018-04-03 11:04:03 {"merchant_id":"1499456762","key":"","authCode":"134581677642279846","order_sn":"2018040311040331998","price":300}
2018-04-03 11:58:20 {"merchant_id":"1499456762","key":"","authCode":"135983627080740459","order_sn":"2018040311582078213","price":5}
2018-04-03 12:01:50 {"merchant_id":"1499456762","key":"","authCode":"134739689692037465","order_sn":"2018040312015086798","price":8.6}
2018-04-03 12:13:32 {"merchant_id":"1499456762","key":"","authCode":"134641675252164656","order_sn":"2018040312133295468","price":38}
2018-04-03 12:15:17 {"merchant_id":"1499456762","key":"","authCode":"134771753855514525","order_sn":"2018040312151721180","price":55}
2018-04-03 12:55:51 {"merchant_id":"1499456762","key":"","authCode":"134570967465712499","order_sn":"2018040312555115042","price":28}
2018-04-03 12:57:29 {"merchant_id":"1499456762","key":"","authCode":"134725277279240108","order_sn":"2018040312572933993","price":22}
2018-04-03 13:23:14 {"merchant_id":"1499456762","key":"","authCode":"134783356156829866","order_sn":"2018040313231458173","price":4}
2018-04-03 13:34:06 {"merchant_id":"1499456762","key":"","authCode":"134889360572449665","order_sn":"2018040313340695359","price":32}
2018-04-03 13:36:23 {"merchant_id":"1499456762","key":"","authCode":"135250087441915582","order_sn":"2018040313362322398","price":128}
2018-04-03 13:52:20 {"merchant_id":"1499456762","key":"","authCode":"134704083169861012","order_sn":"2018040313522063180","price":6}
2018-04-03 13:54:08 {"merchant_id":"1499456762","key":"","authCode":"134830233115127612","order_sn":"2018040313540816174","price":8}
2018-04-03 13:56:56 {"merchant_id":"1490350062","key":"","authCode":"134706570352671952","order_sn":"2018040313565682469","price":400}
2018-04-03 14:01:25 {"merchant_id":"1499456762","key":"","authCode":"134624652704324155","order_sn":"2018040314012455198","price":40}
2018-04-03 14:11:26 {"merchant_id":"1499456762","key":"","authCode":"134531577309678244","order_sn":"2018040314112622412","price":15}
2018-04-03 14:15:12 {"merchant_id":"1499456762","key":"","authCode":"134589930985386562","order_sn":"2018040314151284339","price":18}
2018-04-03 14:23:48 {"merchant_id":"1499456762","key":"","authCode":"134676842397046056","order_sn":"2018040314234884861","price":47}
2018-04-03 14:51:11 {"merchant_id":"1499456762","key":"","authCode":"134744059361097406","order_sn":"2018040314511178491","price":37}
2018-04-03 14:51:38 {"merchant_id":"1499456762","key":"","authCode":"134948047361622808","order_sn":"2018040314513894711","price":22}
2018-04-03 16:10:58 {"merchant_id":"1490350062","key":"","authCode":"135015421122727605","order_sn":"2018040316105837825","price":200}
2018-04-03 16:23:37 {"merchant_id":"1499456762","key":"","authCode":"135462149358637065","order_sn":"2018040316233764505","price":53}
2018-04-03 16:23:53 {"merchant_id":"1499456762","key":"","authCode":"134973631498718006","order_sn":"2018040316235325965","price":15}
2018-04-03 16:27:54 {"merchant_id":"1493159782","key":"","authCode":"134690729225503852","order_sn":"2018040316275480326","price":600}
2018-04-03 16:32:19 {"merchant_id":"2088821827997030","key":"201711BBc699bef5cde842dba6fa5c6bdc706A03","authCode":"281371870055704441","order_sn":"2018040316321944837","price":258}
2018-04-03 16:32:19 {"app_id":"2017071207730667","method":"alipay.trade.pay","charset":"utf-8","sign_type":"RSA","app_auth_token":"201711BBc699bef5cde842dba6fa5c6bdc706A03","timestamp":"2018-04-03 16:32:19","version":"1.0","biz_content":"{\"out_trade_no\":\"2018040316321944837\",\"scene\":\"bar_code\",\"auth_code\":\"281371870055704441\",\"subject\":\"\\u8ba2\\u5355\\u53f7:2018040316321944837\",\"seller_id\":\"2088821827997030\",\"total_amount\":258,\"extend_params\":{\"sys_service_provider_id\":\"2088721521881652\"}}","sign":"RUfknMGyeAHGE77Sq276YOF64zPwRicI0MMPOS3DW1g4kqFxiqITlXCKIm3c\/bNdIKN+UwJWSmMEj7n+W5ifi873QJ+MfJ\/UmQyFEGL63DYE5zJTL+qUpct5q8GoBd8sg48mkpkKaT5bMptA0VOZkJWlUjZvhAd0tXbNJdl+oM4="}
2018-04-03 16:32:20 {"alipay_trade_pay_response":{"code":"10000","msg":"Success","buyer_logon_id":"188****4698","buyer_pay_amount":"258.00","buyer_user_id":"2088012433573334","fund_bill_list":[{"amount":"258.00","fund_channel":"PCREDIT"}],"gmt_payment":"2018-04-03 16:32:20","invoice_amount":"258.00","out_trade_no":"2018040316321944837","point_amount":"0.00","receipt_amount":"258.00","total_amount":"258.00","trade_no":"2018040321001004330524826621"},"sign":"KEnKw2lKhVpxv4qZmyiuaIFz2Ah1R8j6QNJn7Dx2C40/2710nGYwmXFYjTKGpUzLqpmuBUn2JXFhcd5yELXfo5PEr4Z4E1djTN8BIsCORFvlwj6fyaX7o/CuawMirdwJuCR+Ejt3KkSAXgUgso9gsbdwynsHGWFGuzRfL8JED4A="}
2018-04-03 16:34:13 {"merchant_id":"1499456762","key":"","authCode":"135173877473947397","order_sn":"2018040316341348471","price":24}
2018-04-03 16:36:39 {"merchant_id":"1499456762","key":"","authCode":"134718577164767236","order_sn":"2018040316363977420","price":47}
2018-04-03 16:38:38 {"merchant_id":"1490350062","key":"","authCode":"135633233127980906","order_sn":"2018040316383851157","price":220}
2018-04-03 16:39:00 {"merchant_id":"1490350062","key":"","authCode":"135878913174400226","order_sn":"2018040316390072505","price":220}
2018-04-03 16:41:04 {"merchant_id":"1499456762","key":"","authCode":"135067380414467462","order_sn":"2018040316410477721","price":23}
2018-04-03 16:47:28 {"merchant_id":"1499456762","key":"","authCode":"134525460842141677","order_sn":"2018040316472898951","price":11}
2018-04-03 16:58:11 {"merchant_id":"2088822285099072","key":"201710BBaa55e11a995b41488709d94fe3bfbX07","authCode":"286312154958753764","order_sn":"2018040316581019762","price":168}
2018-04-03 16:58:11 {"app_id":"2017071207730667","method":"alipay.trade.pay","charset":"utf-8","sign_type":"RSA","app_auth_token":"201710BBaa55e11a995b41488709d94fe3bfbX07","timestamp":"2018-04-03 16:58:11","version":"1.0","biz_content":"{\"out_trade_no\":\"2018040316581019762\",\"scene\":\"bar_code\",\"auth_code\":\"286312154958753764\",\"subject\":\"\\u8ba2\\u5355\\u53f7:2018040316581019762\",\"seller_id\":\"2088822285099072\",\"total_amount\":168,\"extend_params\":{\"sys_service_provider_id\":\"2088721521881652\"}}","sign":"O\/GCX7eE+UCC+2SX04Mb29cXh97oME6RjoU9rSk2YnMVCU8YPKIxZEXbbXXTHnliCTGeDOJpxLpW8keIyfxfNLaJ\/l\/mrJKMNq2r6aCyLK4wfvOPMSUAVaJVuZ\/C+7phulpVDAR2pagB7\/oDgZlHJVcwQGlG8DGIRS1RDAX7u2A="}
2018-04-03 16:58:11 {"alipay_trade_pay_response":{"code":"10000","msg":"Success","buyer_logon_id":"875***@qq.com","buyer_pay_amount":"168.00","buyer_user_id":"2088102000382064","fund_bill_list":[{"amount":"168.00","fund_channel":"PCREDIT"}],"gmt_payment":"2018-04-03 16:58:11","invoice_amount":"168.00","out_trade_no":"2018040316581019762","point_amount":"0.00","receipt_amount":"168.00","total_amount":"168.00","trade_no":"2018040321001004060500894793"},"sign":"Vplvk3gackV3x7bDUdSDQicVR0/NKHO776Gz2SRNvC4VQb6w72e+QI2t2lxG4Uhe+0uLW8uOnM79tBgZ4t660CMVk+YDNVLanaH9Q7oXk4Zr4HGbUqF3jXwn64TbVvaEs8QOf/uZzPeUN1uLx0Rk4aYftfVCn5acOo7XOninQaw="}
2018-04-03 16:59:13 {"merchant_id":"1499456762","key":"","authCode":"134718143549352232","order_sn":"2018040316591333069","price":6}
2018-04-03 17:00:25 {"merchant_id":"1490350062","key":"","authCode":"134579283327941093","order_sn":"2018040317002586105","price":20}
2018-04-03 17:01:18 {"merchant_id":"1499456762","key":"","authCode":"134716292961223814","order_sn":"2018040317011848049","price":200}
2018-04-03 17:16:31 {"merchant_id":"1499456762","key":"","authCode":"134608109085892441","order_sn":"2018040317163146539","price":32}
2018-04-03 17:18:53 {"merchant_id":"1499456762","key":"","authCode":"135252451354025753","order_sn":"2018040317185360737","price":39}
2018-04-03 17:24:24 {"merchant_id":"1490350062","key":"","authCode":"134960106903571097","order_sn":"2018040317242437340","price":200}
2018-04-03 17:35:43 {"merchant_id":"1499456762","key":"","authCode":"135566154613848091","order_sn":"2018040317354364743","price":14}
2018-04-03 17:37:21 {"merchant_id":"1499456762","key":"","authCode":"134512744327237770","order_sn":"2018040317372144825","price":67}
2018-04-03 17:40:54 {"merchant_id":"1499456762","key":"","authCode":"134651689119654355","order_sn":"2018040317405429450","price":11.5}
2018-04-03 17:44:23 {"merchant_id":"1499456762","key":"","authCode":"134699145342269560","order_sn":"2018040317442337744","price":24}
2018-04-03 17:53:34 {"merchant_id":"1499456762","key":"","authCode":"134638448445294176","order_sn":"2018040317533447530","price":12}
2018-04-03 18:02:49 {"merchant_id":"1499456762","key":"","authCode":"134840610660445446","order_sn":"2018040318024995732","price":66.5}
2018-04-03 18:06:38 {"merchant_id":"1499456762","key":"","authCode":"134719125901346948","order_sn":"2018040318063823524","price":34}
2018-04-03 18:07:31 {"merchant_id":"1499456762","key":"","authCode":"134622214935535988","order_sn":"2018040318073093229","price":16}
2018-04-03 18:09:36 {"merchant_id":"1499456762","key":"","authCode":"134782583561169152","order_sn":"2018040318093661903","price":69.5}
2018-04-03 18:12:57 {"merchant_id":"1499456762","key":"","authCode":"134513390439364585","order_sn":"2018040318125769330","price":58}
2018-04-03 18:16:43 {"merchant_id":"1499456762","key":"","authCode":"134745593840125293","order_sn":"2018040318164342179","price":38}
2018-04-03 18:17:30 {"merchant_id":"1499456762","key":"","authCode":"134767822266385182","order_sn":"2018040318173056598","price":16}
2018-04-03 18:22:17 {"merchant_id":"1499456762","key":"","authCode":"134915436141648161","order_sn":"2018040318221765789","price":8}
2018-04-03 18:25:36 {"merchant_id":"1499456762","key":"","authCode":"134743004438934195","order_sn":"2018040318253595326","price":26}
2018-04-03 18:29:47 {"merchant_id":"2088822285099072","key":"201710BBaa55e11a995b41488709d94fe3bfbX07","authCode":"286916648624595243","order_sn":"2018040318294739251","price":552}
2018-04-03 18:29:47 {"app_id":"2017071207730667","method":"alipay.trade.pay","charset":"utf-8","sign_type":"RSA","app_auth_token":"201710BBaa55e11a995b41488709d94fe3bfbX07","timestamp":"2018-04-03 18:29:47","version":"1.0","biz_content":"{\"out_trade_no\":\"2018040318294739251\",\"scene\":\"bar_code\",\"auth_code\":\"286916648624595243\",\"subject\":\"\\u8ba2\\u5355\\u53f7:2018040318294739251\",\"seller_id\":\"2088822285099072\",\"total_amount\":552,\"extend_params\":{\"sys_service_provider_id\":\"2088721521881652\"}}","sign":"g2nX4t54rBh\/nLbl6espzjl7cw\/4ybnLUighnKUUoLN\/z\/H+7H351dtDbrkTDkJupvbUl46ZtEeR8Yo7LcuOcw47rUm2YSKwhjPxmPe4mUpSAWBOuEi\/gOmr2PzAgPuzS37HjTAQtoYP\/5aEUaSOsPbBA2corQ8kVXAWOJUO5ng="}
2018-04-03 18:29:48 {"alipay_trade_pay_response":{"code":"10000","msg":"Success","buyer_logon_id":"187****1188","buyer_pay_amount":"552.00","buyer_user_id":"2088902442459164","fund_bill_list":[{"amount":"552.00","fund_channel":"ALIPAYACCOUNT"}],"gmt_payment":"2018-04-03 18:29:48","invoice_amount":"552.00","out_trade_no":"2018040318294739251","point_amount":"0.00","receipt_amount":"552.00","total_amount":"552.00","trade_no":"2018040321001004160502524738"},"sign":"rT0lif2p07Ho26yIcKfJrWT9WHZuBTmbaaxsopv3eGJ0skhJRsTcJVD3r9zaz6DFFZZcxlSvPrQ4o44iAEZKe6OuHo+8VfxKmTVtnpiRmEJZjkmkgZDFK4z3cTowKMEuNTKJ0k9fM42aSxoMpX2OOXMAsJIrkkMMr7widrVVOlA="}
2018-04-03 18:35:24 {"merchant_id":"1490350062","key":"","authCode":"135860161094400515","order_sn":"2018040318352472649","price":36}
2018-04-03 18:50:34 {"merchant_id":"1499456762","key":"","authCode":"134830621695874354","order_sn":"2018040318503481786","price":10}
2018-04-03 19:09:12 {"merchant_id":"1499456762","key":"","authCode":"135310968282263316","order_sn":"2018040319091212268","price":8}
2018-04-03 19:11:44 {"merchant_id":"1490350062","key":"","authCode":"134688424852459012","order_sn":"2018040319114447898","price":100}
2018-04-03 19:14:59 {"merchant_id":"1499456762","key":"","authCode":"134677831413992545","order_sn":"2018040319145987903","price":12}
2018-04-03 19:43:46 {"merchant_id":"1499456762","key":"","authCode":"134782187695436962","order_sn":"2018040319434662644","price":26}
2018-04-03 20:01:23 {"merchant_id":"1499456762","key":"","authCode":"134513838776052995","order_sn":"2018040320012333177","price":13}
2018-04-03 20:08:39 {"merchant_id":"1493159782","key":"","authCode":"134728983394608797","order_sn":"2018040320083978482","price":400}
2018-04-03 20:31:59 {"merchant_id":"1499456762","key":"","authCode":"134728028491919454","order_sn":"2018040320315942347","price":78}
2018-04-03 20:38:29 {"merchant_id":"1490350062","key":"","authCode":"134625386818015970","order_sn":"2018040320382942853","price":9}
2018-04-03 20:44:38 {"merchant_id":"1499456762","key":"","authCode":"134708622204597209","order_sn":"2018040320443851830","price":12}
2018-04-03 20:52:13 {"merchant_id":"2088821827997030","key":"201711BBc699bef5cde842dba6fa5c6bdc706A03","authCode":"286785448254933979","order_sn":"2018040320521297279","price":400}
2018-04-03 20:52:13 {"app_id":"2017071207730667","method":"alipay.trade.pay","charset":"utf-8","sign_type":"RSA","app_auth_token":"201711BBc699bef5cde842dba6fa5c6bdc706A03","timestamp":"2018-04-03 20:52:13","version":"1.0","biz_content":"{\"out_trade_no\":\"2018040320521297279\",\"scene\":\"bar_code\",\"auth_code\":\"286785448254933979\",\"subject\":\"\\u8ba2\\u5355\\u53f7:2018040320521297279\",\"seller_id\":\"2088821827997030\",\"total_amount\":400,\"extend_params\":{\"sys_service_provider_id\":\"2088721521881652\"}}","sign":"RZjwVSYjqFjaZzF5CGBydYNqPt+VZcpZgxoiyryPjqkdevX+k46Q5\/\/Br6hQ8zeJ53jimPdyRvO778QsWjgWzDAFs4LI9fNxgML89nXvCmPFWzAsvbZ5a63qjgoKu2Nx4TOv0aFyCat4EwzlMlVepI5NzVKSxyYzCkLOIQlZKUE="}
2018-04-03 20:52:14 {"alipay_trade_pay_response":{"code":"10000","msg":"Success","buyer_logon_id":"cui***@yeah.net","buyer_pay_amount":"400.00","buyer_user_id":"2088102175436650","fund_bill_list":[{"amount":"400.00","fund_channel":"ALIPAYACCOUNT"}],"gmt_payment":"2018-04-03 20:52:14","invoice_amount":"400.00","out_trade_no":"2018040320521297279","point_amount":"0.00","receipt_amount":"400.00","total_amount":"400.00","trade_no":"2018040321001004650241949824"},"sign":"XxvJZOiGqjCu2i3XvkZybA+rJI9cCPiB5C4vcMY2NLQUqQe/QfVsIsGVheuDFyYSfwOHA/u41DJqVbw1bnry4TPKYH8HwLLLSwAqHqLAsPsn867hSbyiKzr1MIXqvZJt3jTrqb4ZfN2DnG7JyPe3JRC4/e346EvQw/UEjQV6H6w="}
2018-04-03 21:18:10 {"merchant_id":"1499456762","key":"","authCode":"134628498761087603","order_sn":"2018040321181077877","price":15}
2018-04-03 21:46:42 {"merchant_id":"1490350062","key":"","authCode":"134780311856452090","order_sn":"2018040321464263096","price":340}
2018-04-03 21:48:22 {"merchant_id":"1499456762","key":"","authCode":"134543560204575366","order_sn":"2018040321482218013","price":12.5}
