2018-05-11 02:12:14 {"merchant_id":"1493159782","key":"","authCode":"134643791012080104","order_sn":"2018051102121282713","price":25}

2018-05-11 02:40:52 {"merchant_id":"2088822285099072","key":"201710BBaa55e11a995b41488709d94fe3bfbX07","authCode":"283222074662142848","order_sn":"2018051102405173655","price":300}

2018-05-11 02:40:52 {"app_id":"2017071207730667","method":"alipay.trade.pay","charset":"utf-8","sign_type":"RSA","app_auth_token":"201710BBaa55e11a995b41488709d94fe3bfbX07","timestamp":"2018-05-11 02:40:52","version":"1.0","biz_content":"{\"out_trade_no\":\"2018051102405173655\",\"scene\":\"bar_code\",\"auth_code\":\"283222074662142848\",\"subject\":\"\\u8ba2\\u5355\\u53f7:2018051102405173655\",\"seller_id\":\"2088822285099072\",\"total_amount\":300,\"extend_params\":{\"sys_service_provider_id\":\"2088721521881652\"}}","sign":"fXSjFMbyEgmcV+XHZR+yogfV1noV4lN8pvHMIzXiQGMFgVqfPj0v90\/LS1WEZL2F5OrMdNgizNNURLkRYHF81WRobkhv4fqogo9pespSlghox3iRCzqw15zVS4yXhP9abOAtFlHm0s87cKcBoMlSpLaLtB5IxBecCtZkU5ovJg0="}

2018-05-11 02:40:54 {"alipay_trade_pay_response":{"code":"10000","msg":"Success","buyer_logon_id":"157****0551","buyer_pay_amount":"299.90","buyer_user_id":"2088522380438223","fund_bill_list":[{"amount":"299.90","fund_channel":"ALIPAYACCOUNT"},{"amount":"0.10","fund_channel":"DISCOUNT"}],"gmt_payment":"2018-05-11 02:40:54","invoice_amount":"299.90","out_trade_no":"2018051102405173655","point_amount":"0.10","receipt_amount":"300.00","total_amount":"300.00","trade_no":"2018051121001004220553285740"},"sign":"oibIsbC8DYYSCmgIn12Ve2SNQu3G45SQR9zM/dpMQzoNSm7YLr5E1g+0Cukag+V6n3Xh43GwwmnVVddk/k6BIAOvg89bc/VObEDnGYKZ1Jp0FWMB3/3LNnA8bN1MV2XuMFQdHc0+NrVuBCPu5Msu35booNtsalZ0NnQzp7XKRx8="}

2018-05-11 02:43:03 {"merchant_id":"1490350062","key":"","authCode":"134844053820733706","order_sn":"2018051102430336447","price":300}

2018-05-11 04:31:54 {"merchant_id":"1490350062","key":"","authCode":"134899586513272181","order_sn":"2018051104315457080","price":300}

2018-05-11 07:58:33 {"merchant_id":"1499456762","key":"","authCode":"134776524581016476","order_sn":"2018051107583324564","price":8}

2018-05-11 08:12:16 {"merchant_id":"1499456762","key":"","authCode":"134530554948647393","order_sn":"2018051108121692793","price":9}

2018-05-11 08:25:17 {"merchant_id":"1499456762","key":"","authCode":"134553601380070803","order_sn":"2018051108251793468","price":22.5}

2018-05-11 08:53:59 {"merchant_id":"1499456762","key":"","authCode":"134924209951726647","order_sn":"2018051108535918538","price":15}

2018-05-11 09:06:23 {"merchant_id":"1499456762","key":"","authCode":"134594412640703344","order_sn":"2018051109062326279","price":24}

2018-05-11 09:47:12 {"merchant_id":"1499456762","key":"","authCode":"134734373700511115","order_sn":"2018051109471215946","price":1}

2018-05-11 09:48:20 {"merchant_id":"1499456762","key":"","authCode":"134631823838601817","order_sn":"2018051109482066136","price":6}

2018-05-11 09:55:44 {"merchant_id":"1499456762","key":"","authCode":"134597638913148373","order_sn":"2018051109554464356","price":14}

2018-05-11 10:13:30 {"merchant_id":"1499456762","key":"","authCode":"134569449672461588","order_sn":"2018051110133056953","price":200}

2018-05-11 10:16:14 {"merchant_id":"1499456762","key":"","authCode":"134626211002521456","order_sn":"2018051110161453899","price":28}

2018-05-11 10:22:41 {"merchant_id":"1499456762","key":"","authCode":"134638170503104806","order_sn":"2018051110224188050","price":10}

2018-05-11 10:25:21 {"merchant_id":"1499456762","key":"","authCode":"134998650488454288","order_sn":"2018051110252114764","price":20}

2018-05-11 10:31:39 {"merchant_id":"1499456762","key":"","authCode":"134720205952506648","order_sn":"2018051110313998526","price":14}

2018-05-11 10:31:53 {"merchant_id":"2088822285099072","key":"201710BBaa55e11a995b41488709d94fe3bfbX07","authCode":"288514703116364253","order_sn":"2018051110315354384","price":11}

2018-05-11 10:31:53 {"app_id":"2017071207730667","method":"alipay.trade.pay","charset":"utf-8","sign_type":"RSA","app_auth_token":"201710BBaa55e11a995b41488709d94fe3bfbX07","timestamp":"2018-05-11 10:31:53","version":"1.0","biz_content":"{\"out_trade_no\":\"2018051110315354384\",\"scene\":\"bar_code\",\"auth_code\":\"288514703116364253\",\"subject\":\"\\u8ba2\\u5355\\u53f7:2018051110315354384\",\"seller_id\":\"2088822285099072\",\"total_amount\":11,\"extend_params\":{\"sys_service_provider_id\":\"2088721521881652\"}}","sign":"bqGRI2gVFlpgaa1AIX4Zl6puRNwxlIsftgKhOOSBznulcrM1bmByu+7kWL00joSgsV6y5YRZuNKC2g0ffX6bOVLHFDjbC\/oQSetIQ7LAifzfOUa9tvEs2VTqBQwhXTWv50W9A0cCiADjVDh2lf2x4ZqkKVXbADACUJ2lcwax43I="}

2018-05-11 10:31:54 {"alipay_trade_pay_response":{"code":"10000","msg":"Success","buyer_logon_id":"104***@qq.com","buyer_pay_amount":"11.00","buyer_user_id":"2088802210844120","fund_bill_list":[{"amount":"11.00","fund_channel":"ALIPAYACCOUNT"}],"gmt_payment":"2018-05-11 10:31:54","invoice_amount":"11.00","out_trade_no":"2018051110315354384","point_amount":"0.00","receipt_amount":"11.00","total_amount":"11.00","trade_no":"2018051121001004120553128843"},"sign":"X7ershlbnPUjpmK7SsAmQvGbwuywWkwzb6j1hT8t5uBLGdUH+2nzTAXyEAjQOxlmjgG2O3UrGPCSShrXjT9iq/s0fLFXsTH5lRHzzjz9xilxKvGqiQUONJh3RXWd6v5bnS6+dNasDMHxB7CYD0FwAXQNvAYSP1B++e5zsooGddk="}

2018-05-11 10:40:40 {"merchant_id":"1499456762","key":"","authCode":"134784208800563853","order_sn":"2018051110404032092","price":13}

2018-05-11 10:45:00 {"merchant_id":"1499456762","key":"","authCode":"134577815556304429","order_sn":"2018051110450019177","price":13}

2018-05-11 10:58:35 {"merchant_id":"1499456762","key":"","authCode":"134603331760099894","order_sn":"2018051110583591315","price":17}

2018-05-11 11:03:44 {"merchant_id":"1499456762","key":"","authCode":"134540943441998174","order_sn":"2018051111034493083","price":8}

2018-05-11 11:08:50 {"merchant_id":"1499456762","key":"","authCode":"134748286651263819","order_sn":"2018051111085013043","price":133.2}

2018-05-11 11:38:34 {"merchant_id":"1499456762","key":"","authCode":"134591713034841438","order_sn":"2018051111383494670","price":10}

2018-05-11 11:48:25 {"merchant_id":"1499456762","key":"","authCode":"135015183271475430","order_sn":"2018051111482576006","price":45.5}

2018-05-11 11:54:46 {"merchant_id":"1499456762","key":"","authCode":"134680260107128982","order_sn":"2018051111544624158","price":11}

2018-05-11 12:16:00 {"merchant_id":"1499456762","key":"","authCode":"134649020750820289","order_sn":"2018051112160027851","price":48}

2018-05-11 12:16:13 {"merchant_id":"1499456762","key":"","authCode":"134649020750820289","order_sn":"2018051112161343758","price":48}

2018-05-11 12:20:17 {"merchant_id":"1499456762","key":"","authCode":"134685970726345193","order_sn":"2018051112201799307","price":15}

2018-05-11 12:20:33 {"merchant_id":"1499456762","key":"","authCode":"134693027834356043","order_sn":"2018051112203343788","price":8}

2018-05-11 12:27:35 {"merchant_id":"1499456762","key":"","authCode":"134577962436218895","order_sn":"2018051112273541492","price":57}

2018-05-11 12:28:03 {"merchant_id":"1499456762","key":"","authCode":"134916768352910881","order_sn":"2018051112280310841","price":15}

2018-05-11 12:29:47 {"merchant_id":"1490350062","key":"","authCode":"134681149587939150","order_sn":"2018051112294757217","price":100}

2018-05-11 12:30:06 {"merchant_id":"1499456762","key":"","authCode":"134768322982249978","order_sn":"2018051112300684782","price":300}

2018-05-11 12:33:27 {"merchant_id":"1499456762","key":"","authCode":"134664475217874397","order_sn":"2018051112332751252","price":34}

2018-05-11 12:33:51 {"merchant_id":"1499456762","key":"","authCode":"135003569558672302","order_sn":"2018051112335173292","price":19}

2018-05-11 12:46:14 {"merchant_id":"1499456762","key":"","authCode":"134739346643039375","order_sn":"2018051112461425735","price":16}

2018-05-11 12:46:52 {"merchant_id":"1499456762","key":"","authCode":"134972985699947579","order_sn":"2018051112465297732","price":36}

2018-05-11 13:01:37 {"merchant_id":"2088822285099072","key":"201710BBaa55e11a995b41488709d94fe3bfbX07","authCode":"287699507970886689","order_sn":"2018051113013757813","price":500}

2018-05-11 13:01:37 {"app_id":"2017071207730667","method":"alipay.trade.pay","charset":"utf-8","sign_type":"RSA","app_auth_token":"201710BBaa55e11a995b41488709d94fe3bfbX07","timestamp":"2018-05-11 13:01:37","version":"1.0","biz_content":"{\"out_trade_no\":\"2018051113013757813\",\"scene\":\"bar_code\",\"auth_code\":\"287699507970886689\",\"subject\":\"\\u8ba2\\u5355\\u53f7:2018051113013757813\",\"seller_id\":\"2088822285099072\",\"total_amount\":500,\"extend_params\":{\"sys_service_provider_id\":\"2088721521881652\"}}","sign":"SiF3SxyNyum8Ex4HfI5mEDn+iu5VktrUswFky9jsa3GgfRJaLm+0ORk2adSXm018WozYKjJhM9SNx12v4iYlNHm+7cUk85lCBDjjLacc97vdpL7d0GOjryn81Bk37Yc1GPZuyNpOYJoyNNh1nafpW+vUxo7JdP4mpCBLouZreMc="}

2018-05-11 13:01:38 {"alipay_trade_pay_response":{"code":"10000","msg":"Success","buyer_logon_id":"591***@qq.com","buyer_pay_amount":"499.67","buyer_user_id":"2088712728920415","fund_bill_list":[{"amount":"0.02","fund_channel":"COUPON"},{"amount":"499.65","fund_channel":"PCREDIT"},{"amount":"0.33","fund_channel":"DISCOUNT","real_amount":"0.00"}],"gmt_payment":"2018-05-11 13:01:38","invoice_amount":"499.65","out_trade_no":"2018051113013757813","point_amount":"0.35","receipt_amount":"500.00","total_amount":"500.00","trade_no":"2018051121001004410562602882"},"sign":"hf0i7V+pBRk0Q0Z8lWkS7vm+HXRpbkxJWSaU3HKlkalZTNx2NtTma0IwnOzWqX6ZQyO3z8jyTIL5Mx66Taz+EW/tPRJCKUz0qOXBjRA9dmmHYuyOETXVRTyKdAi2ovLRs04tRQpzqOy3aWwFKs/di7JQXuJ5IfXg/AdjKMBHnRg="}

2018-05-11 13:24:02 {"merchant_id":"1499456762","key":"","authCode":"134899005538540553","order_sn":"2018051113240297602","price":15}

2018-05-11 13:26:33 {"merchant_id":"1499456762","key":"","authCode":"134572035224553530","order_sn":"2018051113263343716","price":300}

2018-05-11 13:39:35 {"merchant_id":"1490350062","key":"","authCode":"134937692929730005","order_sn":"2018051113393583021","price":300}

2018-05-11 14:05:01 {"merchant_id":"1499456762","key":"","authCode":"134717808074282547","order_sn":"2018051114050195912","price":24}

2018-05-11 14:06:58 {"merchant_id":"2088822285099072","key":"201710BBaa55e11a995b41488709d94fe3bfbX07","authCode":"281084460451604193","order_sn":"2018051114065856586","price":300}

2018-05-11 14:06:58 {"app_id":"2017071207730667","method":"alipay.trade.pay","charset":"utf-8","sign_type":"RSA","app_auth_token":"201710BBaa55e11a995b41488709d94fe3bfbX07","timestamp":"2018-05-11 14:06:58","version":"1.0","biz_content":"{\"out_trade_no\":\"2018051114065856586\",\"scene\":\"bar_code\",\"auth_code\":\"281084460451604193\",\"subject\":\"\\u8ba2\\u5355\\u53f7:2018051114065856586\",\"seller_id\":\"2088822285099072\",\"total_amount\":300,\"extend_params\":{\"sys_service_provider_id\":\"2088721521881652\"}}","sign":"SII+lRKuZGOpSQlO41woUMClRVD+ZyQ0SM+eH7Hh0ShIw69KrokmAhj3dmV2IVfrYZ+QWhRnC5UnJ4ID3SGV1IqPT7EONR+\/+4p+oSGiLVcmJBS4+5qXgkG2Wk\/DkV7gybkn7r5k9AEMdbBxh8auKBrxagxAPAfWqtF\/CBBHrsk="}

2018-05-11 14:06:58 {"alipay_trade_pay_response":{"code":"10000","msg":"Success","buyer_logon_id":"156****0333","buyer_pay_amount":"300.00","buyer_user_id":"2088922918325302","fund_bill_list":[{"amount":"300.00","fund_channel":"ALIPAYACCOUNT"}],"gmt_payment":"2018-05-11 14:06:58","invoice_amount":"300.00","out_trade_no":"2018051114065856586","point_amount":"0.00","receipt_amount":"300.00","total_amount":"300.00","trade_no":"2018051121001004300535576949"},"sign":"vkeSZreC/Vc4Jo8c4HYec6iItRWOwEBn6TWF9Rs5X820p9FT/xGl4XhnHtZnsW/Kb95Cw9XKzmOz31qj3EMG2vWDuyoEOUxcg5eihMtXviMPyNyKcjdXfZYMorqtMByrm6SDZc50uEbfGgH1Mv67tJyuv42fkKpvfqcIK8NPCqo="}

2018-05-11 14:19:58 {"merchant_id":"2088822285099072","key":"201710BBaa55e11a995b41488709d94fe3bfbX07","authCode":"289512657158073714","order_sn":"2018051114195791649","price":300}

2018-05-11 14:19:58 {"app_id":"2017071207730667","method":"alipay.trade.pay","charset":"utf-8","sign_type":"RSA","app_auth_token":"201710BBaa55e11a995b41488709d94fe3bfbX07","timestamp":"2018-05-11 14:19:58","version":"1.0","biz_content":"{\"out_trade_no\":\"2018051114195791649\",\"scene\":\"bar_code\",\"auth_code\":\"289512657158073714\",\"subject\":\"\\u8ba2\\u5355\\u53f7:2018051114195791649\",\"seller_id\":\"2088822285099072\",\"total_amount\":300,\"extend_params\":{\"sys_service_provider_id\":\"2088721521881652\"}}","sign":"eW+rHSNg2cK5PCgqwBeoY3ZfT+cciYykf4zJPRoI7To6TKDo6pnvomriAzMdLudpFA0oqIzWLBi3QCAqGILsIyfndYDEMnqZm\/6pF5PhYAMkpo0Cno\/kRVYcu1cvAn4\/N78k9K2zJYUNN\/zxIJU096ABBTIjFFT7pQKl7D34Nzg="}

2018-05-11 14:19:58 {"alipay_trade_pay_response":{"code":"10000","msg":"Success","buyer_logon_id":"875***@qq.com","buyer_pay_amount":"300.00","buyer_user_id":"2088102000382064","fund_bill_list":[{"amount":"300.00","fund_channel":"PCREDIT"}],"gmt_payment":"2018-05-11 14:19:58","invoice_amount":"300.00","out_trade_no":"2018051114195791649","point_amount":"0.00","receipt_amount":"300.00","total_amount":"300.00","trade_no":"2018051121001004060558106984"},"sign":"k0lMkg4jNI4bEegAgSQAlo4+8douXk35cr7EApcf9HI+f8/1c/HrqLgqG/qyxWL3yTD5o7E0VFxzO1tjjAoSTlhLhctnsagYogbaZatnqXM2ni3ekVnIUmLABLKwNPdmbcZVMjPP95Lx+M2O/LAZf9C9G+MmPdmz1V8tUjRaISQ="}

2018-05-11 14:23:06 {"merchant_id":"1499456762","key":"","authCode":"134604158869617916","order_sn":"2018051114230674464","price":8}

2018-05-11 14:30:01 {"merchant_id":"1499456762","key":"","authCode":"134963232128846644","order_sn":"2018051114300138684","price":6}

2018-05-11 15:06:44 {"merchant_id":"1499456762","key":"","authCode":"134595718798324565","order_sn":"2018051115064427810","price":0.5}

2018-05-11 15:17:55 {"merchant_id":"1499456762","key":"","authCode":"134670959687265923","order_sn":"2018051115175585720","price":37}

2018-05-11 15:26:24 {"merchant_id":"2088821827997030","key":"201711BBc699bef5cde842dba6fa5c6bdc706A03","authCode":"285559311953087660","order_sn":"2018051115262445069","price":600}

2018-05-11 15:26:24 {"app_id":"2017071207730667","method":"alipay.trade.pay","charset":"utf-8","sign_type":"RSA","app_auth_token":"201711BBc699bef5cde842dba6fa5c6bdc706A03","timestamp":"2018-05-11 15:26:24","version":"1.0","biz_content":"{\"out_trade_no\":\"2018051115262445069\",\"scene\":\"bar_code\",\"auth_code\":\"285559311953087660\",\"subject\":\"\\u8ba2\\u5355\\u53f7:2018051115262445069\",\"seller_id\":\"2088821827997030\",\"total_amount\":600,\"extend_params\":{\"sys_service_provider_id\":\"2088721521881652\"}}","sign":"U5GuhgzM9Mtw7rN5Vd4ZVA8Gg0bsFdnXjkETUZwES4eRdxAKP0nPqDHrqLFzKmxUA0rgrBwO8wCONE2l7AIRELLuhWQzvrgcUaiPBtqCy5T3XAs1KlfTPS47LSb+L68pldeaN+99Ka6SGeEW+\/O+twNOILFL1LZt0qX8pDEXdsc="}

2018-05-11 15:26:27 {"alipay_trade_pay_response":{"code":"10000","msg":"Success","buyer_logon_id":"186****9888","buyer_pay_amount":"600.00","buyer_user_id":"2088822745438416","fund_bill_list":[{"amount":"3.26","fund_channel":"COUPON"},{"amount":"596.74","fund_channel":"ALIPAYACCOUNT"}],"gmt_payment":"2018-05-11 15:26:27","invoice_amount":"596.74","out_trade_no":"2018051115262445069","point_amount":"3.26","receipt_amount":"600.00","total_amount":"600.00","trade_no":"2018051121001004410563649808"},"sign":"HRCRvmewKRGklSGCgFeCR8b8yfuGJGS815Ep9Y47w5N+s7Oe6sjtpPZJBxnGBvikRXV5+wySJmy8xwLGnxxaea+XQYQT80riMbRbjgaLoJRF1F5WwTVnqIdPr2YgVUKgFlIGnPvH/79TSpDc6jeyJHQj42CXcOEW+9C6iL7LthM="}

2018-05-11 15:31:43 {"merchant_id":"1499456762","key":"","authCode":"134697536497028552","order_sn":"2018051115314356525","price":29}

2018-05-11 15:31:47 {"merchant_id":"1490350062","key":"","authCode":"134551287396739127","order_sn":"2018051115314739457","price":300}

2018-05-11 15:33:56 {"merchant_id":"1499456762","key":"","authCode":"134738626654829189","order_sn":"2018051115335683857","price":14}

2018-05-11 15:36:09 {"merchant_id":"1499456762","key":"","authCode":"135400573366516741","order_sn":"2018051115360933020","price":20}

2018-05-11 15:44:41 {"merchant_id":"1499456762","key":"","authCode":"135386917425963038","order_sn":"2018051115444133806","price":70}

2018-05-11 15:45:30 {"merchant_id":"1499456762","key":"","authCode":"134613725302707041","order_sn":"2018051115453042835","price":43}

2018-05-11 15:55:53 {"merchant_id":"1499456762","key":"","authCode":"134682421333093848","order_sn":"2018051115555345056","price":228}

2018-05-11 16:02:51 {"merchant_id":"1499456762","key":"","authCode":"135012651536689256","order_sn":"2018051116025156653","price":338}

2018-05-11 16:03:53 {"merchant_id":"1499456762","key":"","authCode":"134906186150567398","order_sn":"2018051116035390678","price":56}

2018-05-11 16:05:27 {"merchant_id":"1499456762","key":"","authCode":"134663430957211111","order_sn":"2018051116052781494","price":128}

2018-05-11 16:09:16 {"merchant_id":"1499456762","key":"","authCode":"134768038878468626","order_sn":"2018051116091661341","price":5}

2018-05-11 16:15:09 {"merchant_id":"1499456762","key":"","authCode":"135297495650697665","order_sn":"2018051116150977405","price":16.1}

2018-05-11 16:21:23 {"merchant_id":"1499456762","key":"","authCode":"134565991872171485","order_sn":"2018051116212373632","price":20}

2018-05-11 16:31:38 {"merchant_id":"1499456762","key":"","authCode":"135336885476007885","order_sn":"2018051116313872404","price":53}

2018-05-11 16:44:45 {"merchant_id":"2088822285099072","key":"201710BBaa55e11a995b41488709d94fe3bfbX07","authCode":"289736434054089834","order_sn":"2018051116444536292","price":300}

2018-05-11 16:44:45 {"app_id":"2017071207730667","method":"alipay.trade.pay","charset":"utf-8","sign_type":"RSA","app_auth_token":"201710BBaa55e11a995b41488709d94fe3bfbX07","timestamp":"2018-05-11 16:44:45","version":"1.0","biz_content":"{\"out_trade_no\":\"2018051116444536292\",\"scene\":\"bar_code\",\"auth_code\":\"289736434054089834\",\"subject\":\"\\u8ba2\\u5355\\u53f7:2018051116444536292\",\"seller_id\":\"2088822285099072\",\"total_amount\":300,\"extend_params\":{\"sys_service_provider_id\":\"2088721521881652\"}}","sign":"UlBneeJ\/0GZa7Guz8SzIZxvUEEJQjTEa1AMr0ZKUAEQsip\/fqHS+zjcAdtQEHsaY0aNL2KM+OAqM8Fx5AM\/XG\/h8jF\/35NpEN0MONgazVCWm5mFuaX0yegwVIvDRo+gafYKEMwo\/Foj193NQdkrG6JrDFcd94DdmyuIxZdFJPA0="}

2018-05-11 16:44:45 {"alipay_trade_pay_response":{"code":"10003","msg":" order success pay inprocess","buyer_logon_id":"151****9229","buyer_pay_amount":"0.00","buyer_user_id":"2088722818479248","invoice_amount":"0.00","out_trade_no":"2018051116444536292","point_amount":"0.00","receipt_amount":"0.00","total_amount":"300.00","trade_no":"2018051121001004240541241157"},"sign":"QrEAo3QArfPRWllx+NdlhgJuqlfsirbliC/B8jt9mJ5xyEIBa25xDrJqL8YWjbxN/KSc9B/MWyaz3C+kueR4ANk2YFA2lc4g720GN4Ql24MFqAuImyTVSqLeTHZB5wkVUlmOCGYB2oPtmX1GcpbW8RbtfPZ+FRckzzfNKZJ5W8E="}

2018-05-11 16:44:46 {"alipay_trade_query_response":{"code":"10000","msg":"Success","buyer_logon_id":"151****9229","buyer_pay_amount":"0.00","buyer_user_id":"2088722818479248","invoice_amount":"0.00","out_trade_no":"2018051116444536292","point_amount":"0.00","receipt_amount":"0.00","total_amount":"300.00","trade_no":"2018051121001004240541241157","trade_status":"WAIT_BUYER_PAY"},"sign":"rHkdy6IiXZHHJKsl0mg15iQ0xM02Z4EtyicGhBfYGe/g/f3fDd8AK8+Zi14MrayUc4+7H7ocJYRW1gyEzEM+VhHMWlLeDwD8u3p5WMpHOCt/4S8cV6UBNuMv9vpdT4dyBVN78eiSe+2qqcWZWrbkjbWPINm0JoZd0zyZlxOkRAY="}

2018-05-11 16:44:50 {"alipay_trade_query_response":{"code":"10000","msg":"Success","buyer_logon_id":"151****9229","buyer_pay_amount":"0.00","buyer_user_id":"2088722818479248","invoice_amount":"0.00","out_trade_no":"2018051116444536292","point_amount":"0.00","receipt_amount":"0.00","total_amount":"300.00","trade_no":"2018051121001004240541241157","trade_status":"WAIT_BUYER_PAY"},"sign":"rHkdy6IiXZHHJKsl0mg15iQ0xM02Z4EtyicGhBfYGe/g/f3fDd8AK8+Zi14MrayUc4+7H7ocJYRW1gyEzEM+VhHMWlLeDwD8u3p5WMpHOCt/4S8cV6UBNuMv9vpdT4dyBVN78eiSe+2qqcWZWrbkjbWPINm0JoZd0zyZlxOkRAY="}

2018-05-11 16:44:54 {"alipay_trade_query_response":{"code":"10000","msg":"Success","buyer_logon_id":"151****9229","buyer_pay_amount":"0.00","buyer_user_id":"2088722818479248","invoice_amount":"0.00","out_trade_no":"2018051116444536292","point_amount":"0.00","receipt_amount":"0.00","total_amount":"300.00","trade_no":"2018051121001004240541241157","trade_status":"WAIT_BUYER_PAY"},"sign":"rHkdy6IiXZHHJKsl0mg15iQ0xM02Z4EtyicGhBfYGe/g/f3fDd8AK8+Zi14MrayUc4+7H7ocJYRW1gyEzEM+VhHMWlLeDwD8u3p5WMpHOCt/4S8cV6UBNuMv9vpdT4dyBVN78eiSe+2qqcWZWrbkjbWPINm0JoZd0zyZlxOkRAY="}

2018-05-11 16:44:58 {"alipay_trade_query_response":{"code":"10000","msg":"Success","buyer_logon_id":"151****9229","buyer_pay_amount":"0.00","buyer_user_id":"2088722818479248","invoice_amount":"0.00","out_trade_no":"2018051116444536292","point_amount":"0.00","receipt_amount":"0.00","total_amount":"300.00","trade_no":"2018051121001004240541241157","trade_status":"WAIT_BUYER_PAY"},"sign":"rHkdy6IiXZHHJKsl0mg15iQ0xM02Z4EtyicGhBfYGe/g/f3fDd8AK8+Zi14MrayUc4+7H7ocJYRW1gyEzEM+VhHMWlLeDwD8u3p5WMpHOCt/4S8cV6UBNuMv9vpdT4dyBVN78eiSe+2qqcWZWrbkjbWPINm0JoZd0zyZlxOkRAY="}

2018-05-11 16:45:02 {"alipay_trade_query_response":{"code":"10000","msg":"Success","buyer_logon_id":"151****9229","buyer_pay_amount":"0.00","buyer_user_id":"2088722818479248","invoice_amount":"0.00","out_trade_no":"2018051116444536292","point_amount":"0.00","receipt_amount":"0.00","total_amount":"300.00","trade_no":"2018051121001004240541241157","trade_status":"WAIT_BUYER_PAY"},"sign":"rHkdy6IiXZHHJKsl0mg15iQ0xM02Z4EtyicGhBfYGe/g/f3fDd8AK8+Zi14MrayUc4+7H7ocJYRW1gyEzEM+VhHMWlLeDwD8u3p5WMpHOCt/4S8cV6UBNuMv9vpdT4dyBVN78eiSe+2qqcWZWrbkjbWPINm0JoZd0zyZlxOkRAY="}

2018-05-11 16:45:06 {"alipay_trade_query_response":{"code":"10000","msg":"Success","buyer_logon_id":"151****9229","buyer_pay_amount":"0.00","buyer_user_id":"2088722818479248","invoice_amount":"0.00","out_trade_no":"2018051116444536292","point_amount":"0.00","receipt_amount":"0.00","total_amount":"300.00","trade_no":"2018051121001004240541241157","trade_status":"WAIT_BUYER_PAY"},"sign":"rHkdy6IiXZHHJKsl0mg15iQ0xM02Z4EtyicGhBfYGe/g/f3fDd8AK8+Zi14MrayUc4+7H7ocJYRW1gyEzEM+VhHMWlLeDwD8u3p5WMpHOCt/4S8cV6UBNuMv9vpdT4dyBVN78eiSe+2qqcWZWrbkjbWPINm0JoZd0zyZlxOkRAY="}

2018-05-11 16:45:10 {"alipay_trade_query_response":{"code":"10000","msg":"Success","buyer_logon_id":"151****9229","buyer_pay_amount":"0.00","buyer_user_id":"2088722818479248","invoice_amount":"0.00","out_trade_no":"2018051116444536292","point_amount":"0.00","receipt_amount":"0.00","total_amount":"300.00","trade_no":"2018051121001004240541241157","trade_status":"WAIT_BUYER_PAY"},"sign":"rHkdy6IiXZHHJKsl0mg15iQ0xM02Z4EtyicGhBfYGe/g/f3fDd8AK8+Zi14MrayUc4+7H7ocJYRW1gyEzEM+VhHMWlLeDwD8u3p5WMpHOCt/4S8cV6UBNuMv9vpdT4dyBVN78eiSe+2qqcWZWrbkjbWPINm0JoZd0zyZlxOkRAY="}

2018-05-11 16:45:13 {"alipay_trade_query_response":{"code":"10000","msg":"Success","buyer_logon_id":"151****9229","buyer_pay_amount":"0.00","buyer_user_id":"2088722818479248","invoice_amount":"0.00","out_trade_no":"2018051116444536292","point_amount":"0.00","receipt_amount":"0.00","total_amount":"300.00","trade_no":"2018051121001004240541241157","trade_status":"TRADE_CLOSED"},"sign":"hVVF0y0cyncg2304MVhQee5iMqkHXr8AQ6GTVM+w1MKi604Hb6I5M7nfdknmG/5trBde1rtoKAMtS/7KpA3uQnbGlsF3iNoStlLkOGDP+JaVrfExRTvjvqNV8I5bfP7wUoVVJiZb8IcJ0UGoKGjPB9VV4IB+rCoch5BuYrQnuqE="}

2018-05-11 16:45:14 {"merchant_id":"1499456762","key":"","authCode":"135380818785372545","order_sn":"2018051116451422882","price":10}

2018-05-11 16:45:37 {"merchant_id":"1490350062","key":"","authCode":"134828546491553684","order_sn":"2018051116453760424","price":300}

2018-05-11 16:45:47 {"merchant_id":"1499456762","key":"","authCode":"134528066861728774","order_sn":"2018051116454736965","price":12}

2018-05-11 16:58:27 {"merchant_id":"1499456762","key":"","authCode":"134567600818990569","order_sn":"2018051116582769894","price":1}

2018-05-11 17:07:34 {"merchant_id":"1499456762","key":"","authCode":"134581914112373721","order_sn":"2018051117073466690","price":13}

2018-05-11 17:07:49 {"merchant_id":"1499456762","key":"","authCode":"135150957562568302","order_sn":"2018051117074847738","price":9}

2018-05-11 17:08:21 {"merchant_id":"1499456762","key":"","authCode":"134873769055849536","order_sn":"2018051117082129501","price":11}

2018-05-11 17:14:19 {"merchant_id":"1499456762","key":"","authCode":"134675490569351967","order_sn":"2018051117141980762","price":24.8}

2018-05-11 17:14:57 {"merchant_id":"1499456762","key":"","authCode":"135312751801090559","order_sn":"2018051117145751362","price":34}

2018-05-11 17:18:53 {"merchant_id":"1499456762","key":"","authCode":"134807107857705729","order_sn":"2018051117185332828","price":46}

2018-05-11 17:19:44 {"merchant_id":"1499456762","key":"","authCode":"134997302814833337","order_sn":"2018051117194466795","price":15}

2018-05-11 17:22:55 {"merchant_id":"1499456762","key":"","authCode":"134686091685601273","order_sn":"2018051117225560213","price":15}

2018-05-11 17:24:52 {"merchant_id":"1499456762","key":"","authCode":"135010668464790852","order_sn":"2018051117245246397","price":30}

2018-05-11 17:26:47 {"merchant_id":"1499456762","key":"","authCode":"135184706247644183","order_sn":"2018051117264763911","price":15}

2018-05-11 17:26:54 {"merchant_id":"1493159782","key":"","authCode":"135841629601641333","order_sn":"2018051117265472544","price":90}

2018-05-11 17:28:09 {"merchant_id":"1499456762","key":"","authCode":"134540186596727725","order_sn":"2018051117280931863","price":29}

2018-05-11 17:34:55 {"merchant_id":"1499456762","key":"","authCode":"134536895337902326","order_sn":"2018051117345593560","price":32}

2018-05-11 17:50:20 {"merchant_id":"1499456762","key":"","authCode":"134614972140992827","order_sn":"2018051117502091186","price":136}

2018-05-11 17:50:54 {"merchant_id":"1499456762","key":"","authCode":"134552215895665037","order_sn":"2018051117505449206","price":35}

2018-05-11 17:51:51 {"merchant_id":"1499456762","key":"","authCode":"134760274618621487","order_sn":"2018051117515115695","price":4}

2018-05-11 17:54:28 {"merchant_id":"1499456762","key":"","authCode":"134655453652453283","order_sn":"2018051117542870504","price":15}

2018-05-11 18:15:40 {"merchant_id":"1499456762","key":"","authCode":"134898222318348217","order_sn":"2018051118154085525","price":37}

2018-05-11 18:29:11 {"merchant_id":"1499456762","key":"","authCode":"134504091217853810","order_sn":"2018051118291177923","price":200}

2018-05-11 18:35:19 {"merchant_id":"1499456762","key":"","authCode":"134658235827477972","order_sn":"2018051118351939345","price":300}

2018-05-11 18:39:43 {"merchant_id":"1499456762","key":"","authCode":"135037643880142182","order_sn":"2018051118394341974","price":31}

2018-05-11 18:41:29 {"merchant_id":"1499456762","key":"","authCode":"135744072878796516","order_sn":"2018051118412945365","price":300}

2018-05-11 18:42:42 {"merchant_id":"1499456762","key":"","authCode":"136622835147492235","order_sn":"2018051118424281792","price":27}

2018-05-11 18:44:35 {"merchant_id":"1499456762","key":"","authCode":"134615842808935351","order_sn":"2018051118443580520","price":45.6}

2018-05-11 18:55:16 {"merchant_id":"1499456762","key":"","authCode":"134617363356531087","order_sn":"2018051118551697051","price":22}

2018-05-11 18:55:58 {"merchant_id":"1499456762","key":"","authCode":"134820154525811517","order_sn":"2018051118555880842","price":6}

2018-05-11 18:56:12 {"merchant_id":"1499456762","key":"","authCode":"134953106921648169","order_sn":"2018051118561225490","price":9}

2018-05-11 18:56:34 {"merchant_id":"1499456762","key":"","authCode":"135048222224650797","order_sn":"2018051118563429373","price":9}

2018-05-11 18:57:16 {"merchant_id":"1499456762","key":"","authCode":"134855551334367005","order_sn":"2018051118571648816","price":8}

2018-05-11 19:02:49 {"merchant_id":"1499456762","key":"","authCode":"135034860415250266","order_sn":"2018051119024917689","price":28}

2018-05-11 19:03:05 {"merchant_id":"1499456762","key":"","authCode":"136744584682709356","order_sn":"2018051119030530117","price":28}

2018-05-11 19:03:39 {"merchant_id":"1499456762","key":"","authCode":"134667448724006858","order_sn":"2018051119033985728","price":18}

2018-05-11 19:05:14 {"merchant_id":"1499456762","key":"","authCode":"135010598299091488","order_sn":"2018051119051424539","price":8}

2018-05-11 19:14:58 {"merchant_id":"1499456762","key":"","authCode":"134561378575989838","order_sn":"2018051119145886785","price":128}

2018-05-11 19:17:02 {"merchant_id":"1490350062","key":"","authCode":"134542760087420513","order_sn":"2018051119170246717","price":3}

2018-05-11 19:17:49 {"merchant_id":"1499456762","key":"","authCode":"135680301825518827","order_sn":"2018051119174944429","price":8}

2018-05-11 19:19:44 {"merchant_id":"1499456762","key":"","authCode":"134732268373399276","order_sn":"2018051119194430782","price":16.5}

2018-05-11 19:32:04 {"merchant_id":"1499456762","key":"","authCode":"134791970172505787","order_sn":"2018051119320420038","price":19}

2018-05-11 19:40:51 {"merchant_id":"1499456762","key":"","authCode":"134608455814685757","order_sn":"2018051119405118017","price":11}

2018-05-11 19:43:24 {"merchant_id":"1499456762","key":"","authCode":"134888573488834056","order_sn":"2018051119432429827","price":13.5}

2018-05-11 19:43:47 {"merchant_id":"1499456762","key":"","authCode":"134627718339029519","order_sn":"2018051119434728514","price":8}

2018-05-11 19:45:30 {"merchant_id":"1499456762","key":"","authCode":"134545743048393706","order_sn":"2018051119453024447","price":12}

2018-05-11 19:47:40 {"merchant_id":"1499456762","key":"","authCode":"134621588705196806","order_sn":"2018051119474039404","price":200}

2018-05-11 19:51:18 {"merchant_id":"1499456762","key":"","authCode":"134537688667292692","order_sn":"2018051119511870547","price":15}

2018-05-11 19:58:29 {"merchant_id":"1499456762","key":"","authCode":"134704850331182330","order_sn":"2018051119582991848","price":25.5}

2018-05-11 20:02:43 {"merchant_id":"1499456762","key":"","authCode":"134838725804763888","order_sn":"2018051120024374103","price":7}

2018-05-11 20:09:41 {"merchant_id":"1499456762","key":"","authCode":"135576902038738766","order_sn":"2018051120094187330","price":24.5}

2018-05-11 20:10:16 {"merchant_id":"1499456762","key":"","authCode":"134941710537492257","order_sn":"2018051120101657431","price":9}

2018-05-11 20:10:29 {"merchant_id":"1499456762","key":"","authCode":"134742822089657838","order_sn":"2018051120102968034","price":14}

2018-05-11 20:14:32 {"merchant_id":"1499456762","key":"","authCode":"134535512868176467","order_sn":"2018051120143275234","price":47.5}

2018-05-11 20:22:13 {"merchant_id":"1499456762","key":"","authCode":"135107431809770386","order_sn":"2018051120221387019","price":8}

2018-05-11 20:23:33 {"merchant_id":"1499456762","key":"","authCode":"134708904710268226","order_sn":"2018051120233386280","price":26}

2018-05-11 20:23:48 {"merchant_id":"1499456762","key":"","authCode":"134654075674984465","order_sn":"2018051120234820533","price":28}

2018-05-11 20:28:58 {"merchant_id":"1499456762","key":"","authCode":"134770433909471763","order_sn":"2018051120285875033","price":20}

2018-05-11 20:33:03 {"merchant_id":"1499456762","key":"","authCode":"134897558971213592","order_sn":"2018051120330337673","price":106}

2018-05-11 20:43:59 {"merchant_id":"1499456762","key":"","authCode":"134593326644625315","order_sn":"2018051120435929933","price":7}

2018-05-11 20:44:08 {"merchant_id":"1499456762","key":"","authCode":"134651719008586278","order_sn":"2018051120440873105","price":15}

2018-05-11 20:44:29 {"merchant_id":"1499456762","key":"","authCode":"134551640609044113","order_sn":"2018051120442940655","price":25}

2018-05-11 20:45:01 {"merchant_id":"1499456762","key":"","authCode":"134649047206538671","order_sn":"2018051120450121458","price":15}

2018-05-11 20:45:25 {"merchant_id":"1499456762","key":"","authCode":"134854634260921431","order_sn":"2018051120452522156","price":42}

2018-05-11 21:17:42 {"merchant_id":"1499456762","key":"","authCode":"134651377985774173","order_sn":"2018051121174136996","price":21}

2018-05-11 21:17:42 {"merchant_id":"2088822285099072","key":"201710BBaa55e11a995b41488709d94fe3bfbX07","authCode":"286815146832855742","order_sn":"2018051121174199596","price":78}

2018-05-11 21:17:42 {"app_id":"2017071207730667","method":"alipay.trade.pay","charset":"utf-8","sign_type":"RSA","app_auth_token":"201710BBaa55e11a995b41488709d94fe3bfbX07","timestamp":"2018-05-11 21:17:42","version":"1.0","biz_content":"{\"out_trade_no\":\"2018051121174199596\",\"scene\":\"bar_code\",\"auth_code\":\"286815146832855742\",\"subject\":\"\\u8ba2\\u5355\\u53f7:2018051121174199596\",\"seller_id\":\"2088822285099072\",\"total_amount\":78,\"extend_params\":{\"sys_service_provider_id\":\"2088721521881652\"}}","sign":"ZG\/naD0yoKhlMyPVKWxx8lRDqqAvBsp30+cjoKOFOXe4dJ4tM2EvB4SHiP1GCeRSnlTpqLR5g3pZDaxIp6a+pWqYC9Cg2\/Q9S3P\/oVVxC1z\/fy1lOzf8kC9DWboW9XgfnQfC5P9EVll37iuL6G4X3FWFOcb2LpEw8a\/LcCjTSLc="}

2018-05-11 21:17:42 {"alipay_trade_pay_response":{"code":"10003","msg":" order success pay inprocess","buyer_logon_id":"159****0999","buyer_pay_amount":"0.00","buyer_user_id":"2088602294976537","invoice_amount":"0.00","out_trade_no":"2018051121174199596","point_amount":"0.00","receipt_amount":"0.00","total_amount":"78.00","trade_no":"2018051121001004530528872797"},"sign":"iljhtZvLfueQxC7PQXtfKqqasoQHFGf5T9AjNz2SQAAn51ieeJddWROyO7RaTowmRqJWmu2gdkLP4zf8Ty50779OnKzNOJCdCb6lqqQxM6uOALa+Y+tQqPOs1qDuqQ22qyOq0TmlSu/4SSukCP6eo9etASWHyGx0jfYlPUqAjto="}

2018-05-11 21:17:42 {"alipay_trade_query_response":{"code":"10000","msg":"Success","buyer_logon_id":"159****0999","buyer_pay_amount":"0.00","buyer_user_id":"2088602294976537","invoice_amount":"0.00","out_trade_no":"2018051121174199596","point_amount":"0.00","receipt_amount":"0.00","total_amount":"78.00","trade_no":"2018051121001004530528872797","trade_status":"WAIT_BUYER_PAY"},"sign":"uOuEzr25jPJTD65nG14v4CnrraHvBrVW18BU0ygfA9QrvWTd4TONdohxv6XsMVyp0SCALqKgKV9meBEFGKUpEN+sew43QN0bv5NQ1KWqzC+6Eurmb5S3XPGAt6e2XqcJ2g18p6wtIh3M0UyT9hSMZq2bAchuqPPpIQyOa9weDQY="}

2018-05-11 21:17:47 {"alipay_trade_query_response":{"code":"10000","msg":"Success","buyer_logon_id":"159****0999","buyer_pay_amount":"0.00","buyer_user_id":"2088602294976537","invoice_amount":"0.00","out_trade_no":"2018051121174199596","point_amount":"0.00","receipt_amount":"0.00","total_amount":"78.00","trade_no":"2018051121001004530528872797","trade_status":"WAIT_BUYER_PAY"},"sign":"uOuEzr25jPJTD65nG14v4CnrraHvBrVW18BU0ygfA9QrvWTd4TONdohxv6XsMVyp0SCALqKgKV9meBEFGKUpEN+sew43QN0bv5NQ1KWqzC+6Eurmb5S3XPGAt6e2XqcJ2g18p6wtIh3M0UyT9hSMZq2bAchuqPPpIQyOa9weDQY="}

2018-05-11 21:17:51 {"alipay_trade_query_response":{"code":"10000","msg":"Success","buyer_logon_id":"159****0999","buyer_pay_amount":"0.00","buyer_user_id":"2088602294976537","invoice_amount":"0.00","out_trade_no":"2018051121174199596","point_amount":"0.00","receipt_amount":"0.00","total_amount":"78.00","trade_no":"2018051121001004530528872797","trade_status":"WAIT_BUYER_PAY"},"sign":"uOuEzr25jPJTD65nG14v4CnrraHvBrVW18BU0ygfA9QrvWTd4TONdohxv6XsMVyp0SCALqKgKV9meBEFGKUpEN+sew43QN0bv5NQ1KWqzC+6Eurmb5S3XPGAt6e2XqcJ2g18p6wtIh3M0UyT9hSMZq2bAchuqPPpIQyOa9weDQY="}

2018-05-11 21:17:55 {"alipay_trade_query_response":{"code":"10000","msg":"Success","buyer_logon_id":"159****0999","buyer_pay_amount":"0.00","buyer_user_id":"2088602294976537","invoice_amount":"0.00","out_trade_no":"2018051121174199596","point_amount":"0.00","receipt_amount":"0.00","total_amount":"78.00","trade_no":"2018051121001004530528872797","trade_status":"WAIT_BUYER_PAY"},"sign":"uOuEzr25jPJTD65nG14v4CnrraHvBrVW18BU0ygfA9QrvWTd4TONdohxv6XsMVyp0SCALqKgKV9meBEFGKUpEN+sew43QN0bv5NQ1KWqzC+6Eurmb5S3XPGAt6e2XqcJ2g18p6wtIh3M0UyT9hSMZq2bAchuqPPpIQyOa9weDQY="}

2018-05-11 21:17:59 {"alipay_trade_query_response":{"code":"10000","msg":"Success","buyer_logon_id":"159****0999","buyer_pay_amount":"0.00","buyer_user_id":"2088602294976537","invoice_amount":"0.00","out_trade_no":"2018051121174199596","point_amount":"0.00","receipt_amount":"0.00","total_amount":"78.00","trade_no":"2018051121001004530528872797","trade_status":"WAIT_BUYER_PAY"},"sign":"uOuEzr25jPJTD65nG14v4CnrraHvBrVW18BU0ygfA9QrvWTd4TONdohxv6XsMVyp0SCALqKgKV9meBEFGKUpEN+sew43QN0bv5NQ1KWqzC+6Eurmb5S3XPGAt6e2XqcJ2g18p6wtIh3M0UyT9hSMZq2bAchuqPPpIQyOa9weDQY="}

2018-05-11 21:18:03 {"alipay_trade_query_response":{"code":"10000","msg":"Success","buyer_logon_id":"159****0999","buyer_pay_amount":"0.00","buyer_user_id":"2088602294976537","invoice_amount":"0.00","out_trade_no":"2018051121174199596","point_amount":"0.00","receipt_amount":"0.00","total_amount":"78.00","trade_no":"2018051121001004530528872797","trade_status":"WAIT_BUYER_PAY"},"sign":"uOuEzr25jPJTD65nG14v4CnrraHvBrVW18BU0ygfA9QrvWTd4TONdohxv6XsMVyp0SCALqKgKV9meBEFGKUpEN+sew43QN0bv5NQ1KWqzC+6Eurmb5S3XPGAt6e2XqcJ2g18p6wtIh3M0UyT9hSMZq2bAchuqPPpIQyOa9weDQY="}

2018-05-11 21:18:08 {"alipay_trade_query_response":{"code":"10000","msg":"Success","buyer_logon_id":"159****0999","buyer_pay_amount":"0.00","buyer_user_id":"2088602294976537","invoice_amount":"0.00","out_trade_no":"2018051121174199596","point_amount":"0.00","receipt_amount":"0.00","total_amount":"78.00","trade_no":"2018051121001004530528872797","trade_status":"WAIT_BUYER_PAY"},"sign":"uOuEzr25jPJTD65nG14v4CnrraHvBrVW18BU0ygfA9QrvWTd4TONdohxv6XsMVyp0SCALqKgKV9meBEFGKUpEN+sew43QN0bv5NQ1KWqzC+6Eurmb5S3XPGAt6e2XqcJ2g18p6wtIh3M0UyT9hSMZq2bAchuqPPpIQyOa9weDQY="}

2018-05-11 21:18:11 {"alipay_trade_query_response":{"code":"10000","msg":"Success","buyer_logon_id":"159****0999","buyer_pay_amount":"0.00","buyer_user_id":"2088602294976537","invoice_amount":"0.00","out_trade_no":"2018051121174199596","point_amount":"0.00","receipt_amount":"0.00","total_amount":"78.00","trade_no":"2018051121001004530528872797","trade_status":"TRADE_CLOSED"},"sign":"gaHLIjyyCNUsfAicFOLTSwTicwfBekTnicCxA7hqs9hzhsDC6nUcaRwsQM4S14Um5OjDa1rLyc/9CWP+hGe0ofv3ow+j9joi0rEx0PkvsoMJG0yFRW0u+6Y4d+Qp2q7q2DUvJQzJ0GHQJ7N54nyIYD7oi4yEab8DPFCpphcaWl4="}

2018-05-11 21:45:39 {"merchant_id":"1499456762","key":"","authCode":"134661939648145896","order_sn":"2018051121453810658","price":36}

2018-05-11 22:14:21 {"merchant_id":"1490350062","key":"","authCode":"134925666891943995","order_sn":"2018051122142177353","price":300}

2018-05-11 22:16:32 {"merchant_id":"2088822285099072","key":"201710BBaa55e11a995b41488709d94fe3bfbX07","authCode":"289705648820774547","order_sn":"2018051122163240324","price":100}

2018-05-11 22:16:32 {"app_id":"2017071207730667","method":"alipay.trade.pay","charset":"utf-8","sign_type":"RSA","app_auth_token":"201710BBaa55e11a995b41488709d94fe3bfbX07","timestamp":"2018-05-11 22:16:32","version":"1.0","biz_content":"{\"out_trade_no\":\"2018051122163240324\",\"scene\":\"bar_code\",\"auth_code\":\"289705648820774547\",\"subject\":\"\\u8ba2\\u5355\\u53f7:2018051122163240324\",\"seller_id\":\"2088822285099072\",\"total_amount\":100,\"extend_params\":{\"sys_service_provider_id\":\"2088721521881652\"}}","sign":"Y2UCaZdwuwXFYB5pDMg05\/L4TNHpXtsJ6mNvyp2XdJRY4vvuvJ+7p+oLCA4vz7cXcKeUN+1hCSNFohddyoFSwCFksfo66rubbke\/FHtj7gA0kPfkZiS+zo3ci6YskjmmP+vVVLrpTjBd8Epi79rwDPUERVC4l3ps3cnBu00rB10="}

2018-05-11 22:16:33 {"alipay_trade_pay_response":{"code":"10000","msg":"Success","buyer_logon_id":"138****4576","buyer_pay_amount":"100.00","buyer_user_id":"2088412506890456","fund_bill_list":[{"amount":"100.00","fund_channel":"ALIPAYACCOUNT"}],"gmt_payment":"2018-05-11 22:16:33","invoice_amount":"100.00","out_trade_no":"2018051122163240324","point_amount":"0.00","receipt_amount":"100.00","total_amount":"100.00","trade_no":"2018051121001004450561441001"},"sign":"iUVYg5gp649h+rcncFo5KI+T+27V0DQgXYcSedyFmSeL1aBfJX7bDYz54K6WvaXobcV/8w34tgjbjfqWroiHToHvRHRhWN1ecL7iHqYANYCaUd6Kkj8ykHkeLEGsMKePozqe8mPVHZ8thhqajioAMIVNQTdul2C272tE4gOQMss="}

2018-05-11 23:45:44 {"merchant_id":"1490350062","key":"","authCode":"134605756168970747","order_sn":"2018051123454347388","price":300}

