2018-02-15 00:17:28 {"merchant_id":"1490350062","key":"","authCode":"134757175742099110","order_sn":"2018021500172813897","price":300}
2018-02-15 00:31:23 {"merchant_id":"1490350062","key":"","authCode":"135660367124729811","order_sn":"2018021500312364662","price":300}
2018-02-15 00:36:05 {"merchant_id":"1497272292","key":"","authCode":"134525610105023308","order_sn":"2018021500360524342","price":200}
2018-02-15 01:23:59 {"merchant_id":"2088921838174074","key":"201801BBc27df252ea9e43708e6012a2d32a4D07","authCode":"289104072569019712","order_sn":"2018021501235916570","price":200}
2018-02-15 01:23:59 {"app_id":"2017071207730667","method":"alipay.trade.pay","charset":"utf-8","sign_type":"RSA","app_auth_token":"201801BBc27df252ea9e43708e6012a2d32a4D07","timestamp":"2018-02-15 01:23:59","version":"1.0","biz_content":"{\"out_trade_no\":\"2018021501235916570\",\"scene\":\"bar_code\",\"auth_code\":\"289104072569019712\",\"subject\":\"\\u8ba2\\u5355\\u53f7:2018021501235916570\",\"seller_id\":\"2088921838174074\",\"total_amount\":200,\"extend_params\":{\"sys_service_provider_id\":\"2088721521881652\"}}","sign":"UurF71sL3\/MpcGGAjz0yN0uNAojPRTQwvs3Xbylk6Cxy46nU0snLRrwCArmSiPX3wObv33ge8SiiUVfm2y6YH3tv\/BzIo8ORaVQfcjm3KN3XrqpX80iWbM5w4oOqMnU2UZVGmU0jdxH8lY6Xv1AUN3vhFNUh+xxEVLdJi9vl+zI="}
2018-02-15 01:23:59 {"alipay_trade_pay_response":{"code":"10000","msg":"Success","buyer_logon_id":"198***@qq.com","buyer_pay_amount":"200.00","buyer_user_id":"2088422414400692","fund_bill_list":[{"amount":"200.00","fund_channel":"PCREDIT"}],"gmt_payment":"2018-02-15 01:23:59","invoice_amount":"200.00","out_trade_no":"2018021501235916570","point_amount":"0.00","receipt_amount":"200.00","total_amount":"200.00","trade_no":"2018021521001004690556231180"},"sign":"pRF0LR0YfsejDrhP5VqOWUDNBGIMA2wJyA/TVxFrOX8ShzGAXU0Xq3yarLabcD2w6xche6PG941nL3Nte9Oa6g7fUebYvJFp0kqifyOciWrBBQ2kmIboGpFxMF4vk9dLZRaH+WNkXccBN58HVY8CrGUGJMqP/XyoiGfBLt65t/g="}
2018-02-15 08:33:06 {"merchant_id":"1490350062","key":"","authCode":"135492737644200107","order_sn":"2018021508330621240","price":30}
2018-02-15 09:49:01 {"merchant_id":"1490350062","key":"","authCode":"135049810844052772","order_sn":"2018021509490177140","price":2}
2018-02-15 10:48:06 {"merchant_id":"1490350062","key":"","authCode":"134763593160346858","order_sn":"2018021510480614392","price":15}
2018-02-15 11:19:19 {"merchant_id":"1497272292","key":"","authCode":"135043596762292737","order_sn":"2018021511191899491","price":200}
2018-02-15 11:48:51 {"merchant_id":"2088822285099072","key":"201710BBaa55e11a995b41488709d94fe3bfbX07","authCode":"286971605729450315","order_sn":"2018021511485143139","price":200}
2018-02-15 11:48:51 {"app_id":"2017071207730667","method":"alipay.trade.pay","charset":"utf-8","sign_type":"RSA","app_auth_token":"201710BBaa55e11a995b41488709d94fe3bfbX07","timestamp":"2018-02-15 11:48:51","version":"1.0","biz_content":"{\"out_trade_no\":\"2018021511485143139\",\"scene\":\"bar_code\",\"auth_code\":\"286971605729450315\",\"subject\":\"\\u8ba2\\u5355\\u53f7:2018021511485143139\",\"seller_id\":\"2088822285099072\",\"total_amount\":200,\"extend_params\":{\"sys_service_provider_id\":\"2088721521881652\"}}","sign":"YRiW\/MORKIN3XpgmflbCrQURgqmU2d\/wdipxMAU+neHM7O5DxKk6c6nb4Mw3ivJIp\/a7hJ+J3d50ireiNf6M2JBnyQCITeqSViOeQ\/VFU93JRJ8r1FAxQa5JR4uMkqYBTAc3EekCBClV58B4wfYojI6u1tXkAy0QbGE9Nn3cFMM="}
2018-02-15 11:48:52 {"alipay_trade_pay_response":{"code":"10000","msg":"Success","buyer_logon_id":"610***@qq.com","buyer_pay_amount":"200.00","buyer_user_id":"2088522366495927","fund_bill_list":[{"amount":"200.00","fund_channel":"ALIPAYACCOUNT"}],"gmt_payment":"2018-02-15 11:48:52","invoice_amount":"200.00","out_trade_no":"2018021511485143139","point_amount":"0.00","receipt_amount":"200.00","total_amount":"200.00","trade_no":"2018021521001004920276745964"},"sign":"UIogZUXyIErBfTfM9pkk/DNyealNvxV1M170hMYDk6VuQ66y7Ouh9v1Kgmn9GlS9RTSzd9rip+PBwaJgJUYbfX7eUn9GICGoImLXtS5jZbEqg8lVy5UvnidZ+1Gi/z/kfsStiu7PBWYRt5gZa4nr0iYWssqKy4HyZ0Y4tH+7sE4="}
2018-02-15 12:27:23 {"merchant_id":"1497272292","key":"","authCode":"134641224084814859","order_sn":"2018021512272397973","price":200}
2018-02-15 12:29:54 {"merchant_id":"1493159782","key":"","authCode":"134894792630889801","order_sn":"2018021512295443048","price":200}
2018-02-15 14:21:52 {"merchant_id":"1490350062","key":"","authCode":"134516340372816242","order_sn":"2018021514215242909","price":200}
2018-02-15 19:11:21 {"merchant_id":"1497272292","key":"","authCode":"134673395198381513","order_sn":"2018021519112195952","price":200}
2018-02-15 19:18:54 {"merchant_id":"1490350062","key":"","authCode":"134987625580519136","order_sn":"2018021519185432703","price":25}
2018-02-15 20:18:38 {"merchant_id":"2088822285099072","key":"201710BBaa55e11a995b41488709d94fe3bfbX07","authCode":"288761329170798417","order_sn":"2018021520183867510","price":200}
2018-02-15 20:18:38 {"app_id":"2017071207730667","method":"alipay.trade.pay","charset":"utf-8","sign_type":"RSA","app_auth_token":"201710BBaa55e11a995b41488709d94fe3bfbX07","timestamp":"2018-02-15 20:18:38","version":"1.0","biz_content":"{\"out_trade_no\":\"2018021520183867510\",\"scene\":\"bar_code\",\"auth_code\":\"288761329170798417\",\"subject\":\"\\u8ba2\\u5355\\u53f7:2018021520183867510\",\"seller_id\":\"2088822285099072\",\"total_amount\":200,\"extend_params\":{\"sys_service_provider_id\":\"2088721521881652\"}}","sign":"ZCZI2tUSKj3jObUE\/xbJWzEptDqGB3tI7pPa8BrtVs2qo2CG4Vxk+cb0RzsyC9o89YskcCTYZ+m2CZ65+Gf963BZ03ndkysLVr3bTHVO8nH1lCQkjagxZDABeE+zdThGMfKIvNPp4ZGMPIcUVzPaw3eeLtgyakONAZWu5mTxM4M="}
2018-02-15 20:18:38 {"alipay_trade_pay_response":{"code":"10000","msg":"Success","buyer_logon_id":"183****7855","buyer_pay_amount":"200.00","buyer_user_id":"2088822701859787","fund_bill_list":[{"amount":"200.00","fund_channel":"PCREDIT"}],"gmt_payment":"2018-02-15 20:18:38","invoice_amount":"200.00","out_trade_no":"2018021520183867510","point_amount":"0.00","receipt_amount":"200.00","total_amount":"200.00","trade_no":"2018021521001004780216359683"},"sign":"axqOS7dUD0hpEBfLnChuoWMyQF8gqTRDjRWINQwbYpEt6mhRKVk16k++H4orRtrs7Cs/ljWZwnT3MCIHH4cJ+dT+EHffKwQjeRbi57fkI090Rhghid/TaaL0My3G4teKXoF3FdrQcMHag2VFeaMBRi2lI3gJaR9CcyqL4SDrIcI="}
2018-02-15 21:02:54 {"merchant_id":"1493159782","key":"","authCode":"135029129297174745","order_sn":"2018021521025458786","price":500}
2018-02-15 21:20:38 {"merchant_id":"1490350062","key":"","authCode":"134639180161146401","order_sn":"2018021521203848946","price":4}
2018-02-15 21:56:36 {"merchant_id":"1493159782","key":"","authCode":"134737895321491335","order_sn":"2018021521563695122","price":600}
2018-02-15 22:00:55 {"merchant_id":"1493159782","key":"","authCode":"134518121702796600","order_sn":"2018021522005579766","price":600}
