2018-02-10 08:37:06 {"merchant_id":"1493159782","key":"","authCode":"134806984786095747","order_sn":"2018021008370615004","price":120}
2018-02-10 11:31:32 {"merchant_id":"1490350062","key":"","authCode":"134650634756203109","order_sn":"2018021011313299954","price":500}
2018-02-10 11:48:30 {"merchant_id":"1490350062","key":"","authCode":"134519693886945478","order_sn":"2018021011483031913","price":31}
2018-02-10 12:34:49 {"merchant_id":"2088821827997030","key":"201711BBc699bef5cde842dba6fa5c6bdc706A03","authCode":"280130205354690644","order_sn":"2018021012344979863","price":600}
2018-02-10 12:34:49 {"app_id":"2017071207730667","method":"alipay.trade.pay","charset":"utf-8","sign_type":"RSA","app_auth_token":"201711BBc699bef5cde842dba6fa5c6bdc706A03","timestamp":"2018-02-10 12:34:49","version":"1.0","biz_content":"{\"out_trade_no\":\"2018021012344979863\",\"scene\":\"bar_code\",\"auth_code\":\"280130205354690644\",\"subject\":\"\\u8ba2\\u5355\\u53f7:2018021012344979863\",\"seller_id\":\"2088821827997030\",\"total_amount\":600,\"extend_params\":{\"sys_service_provider_id\":\"2088721521881652\"}}","sign":"pvCsEgnSTY3\/XK0lbQUsHEhRxcJtoNQs+ig1yTFZoFatxn2CJp4yCOe9OMapQPYVUqyFNVIKUSjpkKvtNA4iBPwS0NXh\/IatYdTPvvDi4QwCQQEivj33XGRRR2zFXY+WDttEw0qcVchMZxJ6MRzMBR0gPa3wafVuPQP82\/vLTWI="}
2018-02-10 12:34:51 {"alipay_trade_pay_response":{"code":"10000","msg":"Success","buyer_logon_id":"152****4373","buyer_pay_amount":"600.00","buyer_user_id":"2088022662511544","fund_bill_list":[{"amount":"600.00","fund_channel":"ALIPAYACCOUNT"}],"gmt_payment":"2018-02-10 12:34:51","invoice_amount":"600.00","out_trade_no":"2018021012344979863","point_amount":"0.00","receipt_amount":"600.00","total_amount":"600.00","trade_no":"2018021021001004540515957197"},"sign":"nSSCivfKuD5orwLuRWcLFIqUWcci0HZvQ0szm7im9dwyCGxxa1Qj+u3Fps+U1wmzGCOb8Es+FLMHQ9/g0tLpWt6tReaId24jAGHOHt7nxfocJf/ncEbU8e/qRwEUGx1SFXLanP9836K+8st+PSBnsNOMTcjLYwZHDF1UsaV5uqQ="}
2018-02-10 14:33:44 {"merchant_id":"1493159782","key":"","authCode":"135159397424712934","order_sn":"2018021014334438309","price":400}
2018-02-10 14:47:54 {"merchant_id":"2088822285099072","key":"201710BBaa55e11a995b41488709d94fe3bfbX07","authCode":"281144069780236955","order_sn":"2018021014475441634","price":11}
2018-02-10 14:47:54 {"app_id":"2017071207730667","method":"alipay.trade.pay","charset":"utf-8","sign_type":"RSA","app_auth_token":"201710BBaa55e11a995b41488709d94fe3bfbX07","timestamp":"2018-02-10 14:47:54","version":"1.0","biz_content":"{\"out_trade_no\":\"2018021014475441634\",\"scene\":\"bar_code\",\"auth_code\":\"281144069780236955\",\"subject\":\"\\u8ba2\\u5355\\u53f7:2018021014475441634\",\"seller_id\":\"2088822285099072\",\"total_amount\":11,\"extend_params\":{\"sys_service_provider_id\":\"2088721521881652\"}}","sign":"dDI4yZRAimtYZ1Fr8nOwjw5MVwcwC5CaSabTb6xjmb0zvptmqHTDoKa8jjutaHTsmliBlrpUvTT9yW4uZeGHrnsFTqcYmkS3xK87HCCo5aVVnv1S+TMkSDaKCeBFmhZQ3qkq9s55mMZx4Jt2NP84aU8h6T5pYBFpersvOTe\/jlc="}
2018-02-10 14:47:55 {"alipay_trade_pay_response":{"code":"10000","msg":"Success","buyer_logon_id":"875***@qq.com","buyer_pay_amount":"11.00","buyer_user_id":"2088102000382064","fund_bill_list":[{"amount":"11.00","fund_channel":"PCREDIT"}],"gmt_payment":"2018-02-10 14:47:55","invoice_amount":"11.00","out_trade_no":"2018021014475441634","point_amount":"0.00","receipt_amount":"11.00","total_amount":"11.00","trade_no":"2018021021001004060532560192"},"sign":"sdabpeuhG0lKB/8ZvtrPt3E5hFuyWhsxhgtPjmZoFKt1/w5UZsJfDWTa9A08/Oz47/YHKHK1zf0xnWOaJNEtzpsv4fhMsBzfp87/Ar4IZFOyFpPvpBbx4T5DTgYqDzifFzkHufAVkoLNHEeg5qjn11HbfxxaA7x2+QfWyt2iKs0="}
2018-02-10 14:52:01 {"merchant_id":"1490350062","key":"","authCode":"134669674058358041","order_sn":"2018021014520137936","price":4}
2018-02-10 15:58:21 {"merchant_id":"1493159782","key":"","authCode":"134975368690133971","order_sn":"2018021015582173573","price":1000}
2018-02-10 16:24:22 {"merchant_id":"1493159782","key":"","authCode":"135256822063273946","order_sn":"2018021016242255726","price":200}
2018-02-10 16:26:15 {"merchant_id":"1490350062","key":"","authCode":"134530795289558088","order_sn":"2018021016261599815","price":200}
2018-02-10 16:26:57 {"merchant_id":"1493159782","key":"","authCode":"134644054899467507","order_sn":"2018021016265748986","price":200}
2018-02-10 16:51:43 {"merchant_id":"1493159782","key":"","authCode":"135683625473952817","order_sn":"2018021016514359133","price":400}
2018-02-10 17:23:18 {"merchant_id":"1490350062","key":"","authCode":"135317967858003728","order_sn":"2018021017231822173","price":300}
2018-02-10 17:26:46 {"merchant_id":"1490350062","key":"","authCode":"134779346732622623","order_sn":"2018021017264670651","price":8}
2018-02-10 17:35:22 {"merchant_id":"1490350062","key":"","authCode":"135328709562049959","order_sn":"2018021017352267973","price":200}
2018-02-10 19:36:15 {"merchant_id":"2088822285099072","key":"201710BBaa55e11a995b41488709d94fe3bfbX07","authCode":"280253973384917041","order_sn":"2018021019361565579","price":300}
2018-02-10 19:36:15 {"app_id":"2017071207730667","method":"alipay.trade.pay","charset":"utf-8","sign_type":"RSA","app_auth_token":"201710BBaa55e11a995b41488709d94fe3bfbX07","timestamp":"2018-02-10 19:36:15","version":"1.0","biz_content":"{\"out_trade_no\":\"2018021019361565579\",\"scene\":\"bar_code\",\"auth_code\":\"280253973384917041\",\"subject\":\"\\u8ba2\\u5355\\u53f7:2018021019361565579\",\"seller_id\":\"2088822285099072\",\"total_amount\":300,\"extend_params\":{\"sys_service_provider_id\":\"2088721521881652\"}}","sign":"KJJ27pJ6Qg9XV+NhLXlqRdRa6qqPb4kKBaWWzbsJ1HLacAAJkeDMulwPNRawEhM9AaozGuKOUorNBE463SDJ2gd\/KNafWjew660VNs\/I6D6CQC53ARxz9E4bOht7Oo0aYbn6to\/HJuBhT1ApJ\/92L7A5uXx6GQsBUqf5PPe+M0Q="}
2018-02-10 19:36:16 {"alipay_trade_pay_response":{"code":"10000","msg":"Success","buyer_logon_id":"153***@qq.com","buyer_pay_amount":"299.87","buyer_user_id":"2088602100806328","fund_bill_list":[{"amount":"0.13","fund_channel":"DISCOUNT"},{"amount":"15.26","fund_channel":"POINT"},{"amount":"284.61","fund_channel":"PCREDIT"}],"gmt_payment":"2018-02-10 19:36:16","invoice_amount":"284.61","out_trade_no":"2018021019361565579","point_amount":"15.39","receipt_amount":"300.00","total_amount":"300.00","trade_no":"2018021021001004320275185150"},"sign":"SYe26ZqTZHUq+RZIBTOm5bKf9F7P2VcVTwSJOjd9VgY+tZGpDKRgwWs8y512iQp2HK/MpGEC0mYQ0AM1OxVoNdX2jByLjRcXoKhK/iPU0alddPTfr7+drjJqz4ggFxlvJijKJ9u5b0dzuiKhnD7PsiWYHUuYS3sFBXdhAPXMSUc="}
2018-02-10 20:27:21 {"merchant_id":"1490350062","key":"","authCode":"134719557893378382","order_sn":"2018021020272142624","price":200}
2018-02-10 20:33:59 {"merchant_id":"1493159782","key":"","authCode":"135022284620989867","order_sn":"2018021020335930704","price":600}
2018-02-10 20:40:36 {"merchant_id":"1490350062","key":"","authCode":"134580153246485643","order_sn":"2018021020403697774","price":300}
2018-02-10 20:42:32 {"merchant_id":"1490350062","key":"","authCode":"134685202024246424","order_sn":"2018021020423228210","price":300}
2018-02-10 20:44:19 {"merchant_id":"1490350062","key":"","authCode":"134771847729479893","order_sn":"2018021020441948477","price":300}
2018-02-10 20:47:28 {"merchant_id":"2088821827997030","key":"201711BBc699bef5cde842dba6fa5c6bdc706A03","authCode":"280052678435525661","order_sn":"2018021020472854451","price":400}
2018-02-10 20:47:28 {"app_id":"2017071207730667","method":"alipay.trade.pay","charset":"utf-8","sign_type":"RSA","app_auth_token":"201711BBc699bef5cde842dba6fa5c6bdc706A03","timestamp":"2018-02-10 20:47:28","version":"1.0","biz_content":"{\"out_trade_no\":\"2018021020472854451\",\"scene\":\"bar_code\",\"auth_code\":\"280052678435525661\",\"subject\":\"\\u8ba2\\u5355\\u53f7:2018021020472854451\",\"seller_id\":\"2088821827997030\",\"total_amount\":400,\"extend_params\":{\"sys_service_provider_id\":\"2088721521881652\"}}","sign":"JlvjB1OMU6qjeWGwMf0NLnaDbFWdX56+w7thgHh+3d6WP1oOfUtx\/fUfjkiC0AKo4NVF6T\/QQFs0lCZoR1muAdCYfqU7e+uqsbcPIvBV\/QKJZHIoV4czv57Kh8wlWW6z+Hk6r\/wnjYGABDF9f1wOGcwShYyKrr8iv2jefJSOzmI="}
2018-02-10 20:47:29 {"alipay_trade_pay_response":{"code":"10000","msg":"Success","buyer_logon_id":"133****8825","buyer_pay_amount":"400.00","buyer_user_id":"2088022092485473","fund_bill_list":[{"amount":"400.00","fund_channel":"PCREDIT"}],"gmt_payment":"2018-02-10 20:47:29","invoice_amount":"400.00","out_trade_no":"2018021020472854451","point_amount":"0.00","receipt_amount":"400.00","total_amount":"400.00","trade_no":"2018021021001004470242598443"},"sign":"s0VyN/HN5k+fEGSp9iLSeZ26gMh9GmPvUDjOfqdOf7/UvT0hX3VYrERG93k2r6bHIHI2REhFcoH9h4ixAIwPt8t7J28OGQ+ZQnBCTWMn2ig6dUMMI3CEWrVnkWTy78D1a0wxBcJXbHq6Skb3nf99s6KO1dbylI3rYaT6tGJWtgU="}
2018-02-10 21:07:17 {"merchant_id":"2088822285099072","key":"201710BBaa55e11a995b41488709d94fe3bfbX07","authCode":"282591733302371692","order_sn":"2018021021071759266","price":300}
2018-02-10 21:07:17 {"app_id":"2017071207730667","method":"alipay.trade.pay","charset":"utf-8","sign_type":"RSA","app_auth_token":"201710BBaa55e11a995b41488709d94fe3bfbX07","timestamp":"2018-02-10 21:07:17","version":"1.0","biz_content":"{\"out_trade_no\":\"2018021021071759266\",\"scene\":\"bar_code\",\"auth_code\":\"282591733302371692\",\"subject\":\"\\u8ba2\\u5355\\u53f7:2018021021071759266\",\"seller_id\":\"2088822285099072\",\"total_amount\":300,\"extend_params\":{\"sys_service_provider_id\":\"2088721521881652\"}}","sign":"WCkULF7lMeIDKtVUpID7vJRCY7oY\/rlQku27EIbLZjbbb4sxYP70FoFMBz2agqgTKHsnpFQu+8xkNoUecwuf8D5Zh1Tngesx22RPYEJa6e+zc3kgOknwecFwRrhw\/dEjXgecsy4h8a5R0GGpWq5F14ZVyCAuvx2riN37zWgq8l4="}
2018-02-10 21:07:18 {"alipay_trade_pay_response":{"code":"10000","msg":"Success","buyer_logon_id":"182****6060","buyer_pay_amount":"300.00","buyer_user_id":"2088022226471581","fund_bill_list":[{"amount":"300.00","fund_channel":"PCREDIT"}],"gmt_payment":"2018-02-10 21:07:18","invoice_amount":"300.00","out_trade_no":"2018021021071759266","point_amount":"0.00","receipt_amount":"300.00","total_amount":"300.00","trade_no":"2018021021001004580546662088"},"sign":"oqUyUqI1RupNzI3yaVMz7O928SBb2r+FyetYeqp3UKiGorAqd3MwFCLXqZKnet/5Y+jty3peJlhbavyIEbo5AGDCUk5XlDURaQ4czu3HMoDPsKv3GycuojjxbJepSK0gMYDA6q+xjNPE17cIO9yxkj97rv7jHknUWm3M2J9fBAU="}
2018-02-10 21:17:41 {"merchant_id":"1493159782","key":"","authCode":"134646675024017573","order_sn":"2018021021174129451","price":400}
2018-02-10 21:41:23 {"merchant_id":"1490350062","key":"","authCode":"134819448891110712","order_sn":"2018021021412377637","price":300}
2018-02-10 21:41:57 {"merchant_id":"1493159782","key":"","authCode":"134516929486697014","order_sn":"2018021021415734306","price":400}
2018-02-10 21:43:56 {"merchant_id":"1493159782","key":"","authCode":"134637018788724745","order_sn":"2018021021435612579","price":400}
2018-02-10 21:59:18 {"merchant_id":"1497272292","key":"","authCode":"134570530969436108","order_sn":"2018021021591873390","price":200}
2018-02-10 22:39:07 {"merchant_id":"1490350062","key":"","authCode":"134720562562680375","order_sn":"2018021022390766727","price":300}
2018-02-10 22:53:57 {"merchant_id":"1493159782","key":"","authCode":"134589883093785226","order_sn":"2018021022535718664","price":400}
2018-02-10 23:34:00 {"merchant_id":"1493159782","key":"","authCode":"134815242765156184","order_sn":"2018021023340041422","price":400}
