2018-06-13 00:48:00 {"merchant_id":"2088821827997030","key":"201711BBc699bef5cde842dba6fa5c6bdc706A03","authCode":"281079792542320788","order_sn":"2018061300480018245","price":25}

2018-06-13 00:48:00 {"app_id":"2017071207730667","method":"alipay.trade.pay","charset":"utf-8","sign_type":"RSA","app_auth_token":"201711BBc699bef5cde842dba6fa5c6bdc706A03","timestamp":"2018-06-13 00:48:00","version":"1.0","biz_content":"{\"out_trade_no\":\"2018061300480018245\",\"scene\":\"bar_code\",\"auth_code\":\"281079792542320788\",\"subject\":\"\\u8ba2\\u5355\\u53f7:2018061300480018245\",\"seller_id\":\"2088821827997030\",\"total_amount\":25,\"extend_params\":{\"sys_service_provider_id\":\"2088721521881652\"}}","sign":"Z9RljHXVFU8GuYAsoMcAYfaY\/LUtk41UG2koAxgfQRkVmJnWLVv+HqixIHVQUmmn9b24XcAF9YCGpufdzqp7AmhbjEcMONBoVJZodVS10\/5PPHtuTkMawXWaX1Q0wEFEtIW4J1CzAx665csCsHsYYAhmz36VwhZcc8GItqnFwN8="}

2018-06-13 00:48:02 {"alipay_trade_pay_response":{"code":"10000","msg":"Success","buyer_logon_id":"176****2559","buyer_pay_amount":"25.00","buyer_user_id":"2088802983386250","fund_bill_list":[{"amount":"25.00","fund_channel":"PCREDIT"}],"gmt_payment":"2018-06-13 00:48:02","invoice_amount":"25.00","out_trade_no":"2018061300480018245","point_amount":"0.00","receipt_amount":"25.00","total_amount":"25.00","trade_no":"2018061321001004250595577749"},"sign":"gTR5LAtVVEPpzqlk8VZiaBl9fLdeS0EdhpDoEdqSHBLSDsUapusTbFZQZJQCK3fTMQ+khgy1gidm3a+On5xdZyy1eTJt2bJq7v1BV4YJvifCO4gOmZbQzZfdLqSaMze5GVT/VmlxQ88I7F55ZDZRKHlQPEe+spvL/IPTj2KqpV4="}

2018-06-13 08:18:48 {"merchant_id":"2088822285099072","key":"201710BBaa55e11a995b41488709d94fe3bfbX07","authCode":"289360870444437495","order_sn":"2018061308184818077","price":138}

2018-06-13 08:18:48 {"app_id":"2017071207730667","method":"alipay.trade.pay","charset":"utf-8","sign_type":"RSA","app_auth_token":"201710BBaa55e11a995b41488709d94fe3bfbX07","timestamp":"2018-06-13 08:18:48","version":"1.0","biz_content":"{\"out_trade_no\":\"2018061308184818077\",\"scene\":\"bar_code\",\"auth_code\":\"289360870444437495\",\"subject\":\"\\u8ba2\\u5355\\u53f7:2018061308184818077\",\"seller_id\":\"2088822285099072\",\"total_amount\":138,\"extend_params\":{\"sys_service_provider_id\":\"2088721521881652\"}}","sign":"ITaAWFcIJDCxlbalgCMD\/v0N+jmukF0Ka9ZzKFo+xiBKvcQESACCv8L+5zvPNeiew0kYf+7fKCkbLTPvAzDZX+Bd6kNuHaWIcilf2iS4EXBvGY5GfQoGnL\/s+B6xJ\/nxBh4UJBOWFvgUO0YKsZyXldzaaU93\/2mo9eBUsiLtorY="}

2018-06-13 08:18:50 {"alipay_trade_pay_response":{"code":"10000","msg":"Success","buyer_logon_id":"the***@163.com","buyer_pay_amount":"138.00","buyer_user_id":"2088002097509103","fund_bill_list":[{"amount":"138.00","fund_channel":"ALIPAYACCOUNT"}],"gmt_payment":"2018-06-13 08:18:50","invoice_amount":"138.00","out_trade_no":"2018061308184818077","point_amount":"0.00","receipt_amount":"138.00","total_amount":"138.00","trade_no":"2018061321001004100513178024"},"sign":"WDrgeLPriy8sg7uFfO8T7Gz7PX5Gk4odc+m7D6+bJZvYM3HQudVvkJcoLBqUZtZRYpP23Ie1PXhphjDH4a+IuysZ/5d1c2vJjjMSCnKD4C3IjDurSGDOmHKhGObesWMPZYTVPKhNalflirnsqqGeShhnsldJ04PMvIcQJwwgrwM="}

2018-06-13 08:27:21 {"merchant_id":"1499456762","key":"","authCode":"134688767927938388","order_sn":"2018061308272195262","price":21.5}

2018-06-13 08:31:20 {"merchant_id":"1499456762","key":"","authCode":"135034973232600386","order_sn":"2018061308312069032","price":200}

2018-06-13 08:45:09 {"merchant_id":"1499456762","key":"","authCode":"134631158454654334","order_sn":"2018061308450980182","price":17}

2018-06-13 08:57:02 {"merchant_id":"2088821827997030","key":"201711BBc699bef5cde842dba6fa5c6bdc706A03","authCode":"285336003096363445","order_sn":"2018061308570242419","price":300}

2018-06-13 08:57:02 {"app_id":"2017071207730667","method":"alipay.trade.pay","charset":"utf-8","sign_type":"RSA","app_auth_token":"201711BBc699bef5cde842dba6fa5c6bdc706A03","timestamp":"2018-06-13 08:57:02","version":"1.0","biz_content":"{\"out_trade_no\":\"2018061308570242419\",\"scene\":\"bar_code\",\"auth_code\":\"285336003096363445\",\"subject\":\"\\u8ba2\\u5355\\u53f7:2018061308570242419\",\"seller_id\":\"2088821827997030\",\"total_amount\":300,\"extend_params\":{\"sys_service_provider_id\":\"2088721521881652\"}}","sign":"aPfYCJ8EfWkzM4wrpwghGdrbOK8pPlCvllQf51SO0xGd0nkP6Fwqghf5UPjngqJN\/wS0E+FV1V3nGNG+6zx7k4vFhpjBh\/QXaPBGQw5XmcyaVLTCAcKs76l\/Qp5q6OMa6qUO3zFZj1fnJ5BgQF9VR74xLR84GIuLH6961J6C6lY="}

2018-06-13 08:57:05 {"alipay_trade_pay_response":{"code":"10000","msg":"Success","buyer_logon_id":"lbc***@163.com","buyer_pay_amount":"300.00","buyer_user_id":"2088002915924525","fund_bill_list":[{"amount":"300.00","fund_channel":"ALIPAYACCOUNT"}],"gmt_payment":"2018-06-13 08:57:04","invoice_amount":"300.00","out_trade_no":"2018061308570242419","point_amount":"0.00","receipt_amount":"300.00","total_amount":"300.00","trade_no":"2018061321001004520536830232"},"sign":"OifEZ1o9bbHx8CJaxcQ8zZbb0WdV9hyrYLRbn+G8wlgG49EFfFI4R7QAA6bd9+RzV7G6b/vvGx8Q+ukSknmKqlZMyw09dpDJCmouKW34tHgxCdT7QkBwdxu69oBIRFXp3q3c5K5ItP3RepGKdRLbyj1R5dwCmrv4DzGL2A9veFg="}

2018-06-13 09:04:28 {"merchant_id":"1499456762","key":"","authCode":"134886700932844408","order_sn":"2018061309042762888","price":21}

2018-06-13 09:13:02 {"merchant_id":"1499456762","key":"","authCode":"134944369696985434","order_sn":"2018061309130222797","price":34}

2018-06-13 09:13:31 {"merchant_id":"1499456762","key":"","authCode":"134526267892959307","order_sn":"2018061309133140062","price":19}

2018-06-13 09:14:29 {"merchant_id":"1499456762","key":"","authCode":"134559638689983727","order_sn":"2018061309142979477","price":7}

2018-06-13 09:25:32 {"merchant_id":"1499456762","key":"","authCode":"134635007420073236","order_sn":"2018061309253220412","price":13}

2018-06-13 09:38:14 {"merchant_id":"1499456762","key":"","authCode":"135534452719114616","order_sn":"2018061309381476171","price":500}

2018-06-13 09:50:44 {"merchant_id":"1499456762","key":"","authCode":"135091693283520443","order_sn":"2018061309504396114","price":5}

2018-06-13 09:52:59 {"merchant_id":"1499456762","key":"","authCode":"134892005393635944","order_sn":"2018061309525923654","price":8}

2018-06-13 09:57:20 {"merchant_id":"1493159782","key":"","authCode":"134775676267108483","order_sn":"2018061309572067912","price":200}

2018-06-13 10:04:10 {"merchant_id":"1493159782","key":"","authCode":"134609219262925698","order_sn":"2018061310041042327","price":200}

2018-06-13 10:37:16 {"merchant_id":"1499456762","key":"","authCode":"135418462782451124","order_sn":"2018061310371620486","price":12}

2018-06-13 10:42:00 {"merchant_id":"1499456762","key":"","authCode":"134839024734073181","order_sn":"2018061310420037634","price":15}

2018-06-13 11:19:51 {"merchant_id":"1499456762","key":"","authCode":"134535854835016948","order_sn":"2018061311195187913","price":35}

2018-06-13 11:32:15 {"merchant_id":"1499456762","key":"","authCode":"134652955698367126","order_sn":"2018061311321592693","price":19}

2018-06-13 11:54:01 {"merchant_id":"1499456762","key":"","authCode":"134992635636085933","order_sn":"2018061311540178425","price":12}

2018-06-13 11:56:50 {"merchant_id":"1493159782","key":"","authCode":"134712631780804293","order_sn":"2018061311565095346","price":108}

2018-06-13 12:18:19 {"merchant_id":"1490350062","key":"","authCode":"135251317438181383","order_sn":"2018061312181995495","price":971}

2018-06-13 12:24:51 {"merchant_id":"1499456762","key":"","authCode":"134747760259715520","order_sn":"2018061312245131556","price":31}

2018-06-13 12:45:37 {"merchant_id":"1499456762","key":"","authCode":"134660761964231702","order_sn":"2018061312453745232","price":40}

2018-06-13 12:46:49 {"merchant_id":"1499456762","key":"","authCode":"134886024215107306","order_sn":"2018061312464923670","price":23}

2018-06-13 13:09:20 {"merchant_id":"1499456762","key":"","authCode":"135036107185265050","order_sn":"2018061313092077923","price":15}

2018-06-13 13:18:19 {"merchant_id":"1499456762","key":"","authCode":"134851977956410967","order_sn":"2018061313181967563","price":35}

2018-06-13 13:18:20 {"merchant_id":"1499456762","key":"","authCode":"134796632566308038","order_sn":"2018061313182060597","price":18}

2018-06-13 13:40:27 {"merchant_id":"1499456762","key":"","authCode":"134643193833341081","order_sn":"2018061313402727205","price":8}

2018-06-13 13:53:07 {"merchant_id":"1499456762","key":"","authCode":"134575660968391894","order_sn":"2018061313530744429","price":22}

2018-06-13 13:56:29 {"merchant_id":"1499456762","key":"","authCode":"134617588094793309","order_sn":"2018061313562960032","price":15}

2018-06-13 13:58:16 {"merchant_id":"1499456762","key":"","authCode":"135292503170435475","order_sn":"2018061313581642518","price":20}

2018-06-13 14:12:43 {"merchant_id":"1499456762","key":"","authCode":"134723425565037276","order_sn":"2018061314124370622","price":4}

2018-06-13 14:41:20 {"merchant_id":"1490350062","key":"","authCode":"134766058101335901","order_sn":"2018061314412014624","price":300}

2018-06-13 15:21:16 {"merchant_id":"1493159782","key":"","authCode":"134639714091024088","order_sn":"2018061315211636614","price":200}

2018-06-13 15:27:10 {"merchant_id":"1490350062","key":"","authCode":"134862363533528989","order_sn":"2018061315271067549","price":2}

2018-06-13 15:39:40 {"merchant_id":"1499456762","key":"","authCode":"134932591358493578","order_sn":"2018061315394056945","price":14}

2018-06-13 15:43:37 {"merchant_id":"1499456762","key":"","authCode":"134717434086958955","order_sn":"2018061315433715596","price":9}

2018-06-13 15:49:43 {"merchant_id":"1499456762","key":"","authCode":"134671272523852517","order_sn":"2018061315494346479","price":15}

2018-06-13 16:03:11 {"merchant_id":"1499456762","key":"","authCode":"134648795275155045","order_sn":"2018061316031118367","price":500}

2018-06-13 16:24:28 {"merchant_id":"1499456762","key":"","authCode":"135116336425377891","order_sn":"2018061316242882161","price":11}

2018-06-13 16:26:12 {"merchant_id":"1499456762","key":"","authCode":"135175164346112075","order_sn":"2018061316261217084","price":15}

2018-06-13 16:27:34 {"merchant_id":"1499456762","key":"","authCode":"134517476154024693","order_sn":"2018061316273331670","price":26.5}

2018-06-13 16:34:12 {"merchant_id":"1499456762","key":"","authCode":"135014133857660206","order_sn":"2018061316341221205","price":25}

2018-06-13 18:33:38 {"merchant_id":"1490350062","key":"","authCode":"134653311929502491","order_sn":"2018061318333880047","price":500}

2018-06-13 18:34:38 {"merchant_id":"1499456762","key":"","authCode":"134741519603000141","order_sn":"2018061318343827472","price":12}

2018-06-13 18:35:29 {"merchant_id":"1499456762","key":"","authCode":"134725130303522267","order_sn":"2018061318352926058","price":193}

2018-06-13 18:36:52 {"merchant_id":"1499456762","key":"","authCode":"134622203567627625","order_sn":"2018061318365283695","price":148}

2018-06-13 18:40:48 {"merchant_id":"2088821827997030","key":"201711BBc699bef5cde842dba6fa5c6bdc706A03","authCode":"282120912852326781","order_sn":"2018061318404821647","price":300}

2018-06-13 18:40:48 {"app_id":"2017071207730667","method":"alipay.trade.pay","charset":"utf-8","sign_type":"RSA","app_auth_token":"201711BBc699bef5cde842dba6fa5c6bdc706A03","timestamp":"2018-06-13 18:40:48","version":"1.0","biz_content":"{\"out_trade_no\":\"2018061318404821647\",\"scene\":\"bar_code\",\"auth_code\":\"282120912852326781\",\"subject\":\"\\u8ba2\\u5355\\u53f7:2018061318404821647\",\"seller_id\":\"2088821827997030\",\"total_amount\":300,\"extend_params\":{\"sys_service_provider_id\":\"2088721521881652\"}}","sign":"Ittbhp4HjChjhean3SSK0qh9pv0B4jzFtJ3WMvi9iLdsP66A\/AnELGOET1cFTfq1SAd0C40rh207NRG7imMk2rEjlFgfiJrIaPxTY7AnDtoAoArjY0dTabLpc6V1TnWS1\/yEQWAHI0+Tn0SpiqOLFoXlBknsd785Y080MU\/KRmU="}

2018-06-13 18:40:53 {"alipay_trade_pay_response":{"code":"10000","msg":"Success","buyer_logon_id":"493***@qq.com","buyer_pay_amount":"300.00","buyer_user_id":"2088702707510829","fund_bill_list":[{"amount":"300.00","fund_channel":"ALIPAYACCOUNT"}],"gmt_payment":"2018-06-13 18:40:53","invoice_amount":"300.00","out_trade_no":"2018061318404821647","point_amount":"0.00","receipt_amount":"300.00","total_amount":"300.00","trade_no":"2018061321001004820585030780"},"sign":"fxWb/3nlJBmDyJq0+PICmbRfZCkXzAvZYeyAtYBBOM3HbBlCybP0taAPR8E/hBbNvviH4VGJ07mfz9EloUTuQL2Gnxrn/cFIqenBnjcoI4vXlJpbJhLOCOtBzJEnYYyT/9HPlFbCC6NQXlBIJ0ZocNF7S04tOsZXXDguPrDRuI8="}

2018-06-13 18:40:53 {"merchant_id":"1499456762","key":"","authCode":"135999128318194599","order_sn":"2018061318405318490","price":15}

2018-06-13 18:44:34 {"merchant_id":"2088822285099072","key":"201710BBaa55e11a995b41488709d94fe3bfbX07","authCode":"282548484863121838","order_sn":"2018061318443411268","price":100}

2018-06-13 18:44:34 {"app_id":"2017071207730667","method":"alipay.trade.pay","charset":"utf-8","sign_type":"RSA","app_auth_token":"201710BBaa55e11a995b41488709d94fe3bfbX07","timestamp":"2018-06-13 18:44:34","version":"1.0","biz_content":"{\"out_trade_no\":\"2018061318443411268\",\"scene\":\"bar_code\",\"auth_code\":\"282548484863121838\",\"subject\":\"\\u8ba2\\u5355\\u53f7:2018061318443411268\",\"seller_id\":\"2088822285099072\",\"total_amount\":100,\"extend_params\":{\"sys_service_provider_id\":\"2088721521881652\"}}","sign":"Ej083XFuLlH7WJu0vPy82gnwS5k0lujNeMyNidjULuwytgulC1aUn4obp66i\/li3JOzfaF\/CwSDtnpqE5KgDh7\/4e4yN\/+9GK0AfGjPpHLrcZfhgsUn770gL0ViKW\/Dd8bX2AjEZpfvPr0LcX+8Xm+oMU6UtiiwONJOp\/W53sM8="}

2018-06-13 18:44:35 {"alipay_trade_pay_response":{"code":"10000","msg":"Success","buyer_logon_id":"152****2650","buyer_pay_amount":"100.00","buyer_user_id":"2088802906949553","fund_bill_list":[{"amount":"100.00","fund_channel":"ALIPAYACCOUNT"}],"gmt_payment":"2018-06-13 18:44:35","invoice_amount":"100.00","out_trade_no":"2018061318443411268","point_amount":"0.00","receipt_amount":"100.00","total_amount":"100.00","trade_no":"2018061321001004550576763105"},"sign":"Uya4uVrXk04ObfHEV8MsrHQh2GaGsfip1ubXADDYTdABxvQQkB7EjFF6ZrUvChVld/7VOlnnaHQjIv8KBC5nRB1BrDfGiYU7BI1FzkwVuZ8FO+7Y1jZyMHmNt+nDBGGQNkx2f+p+A6Y67u8TSRIhsn0m5vVQN+RSu9DnwFHfQ9Q="}

2018-06-13 18:49:18 {"merchant_id":"1499456762","key":"","authCode":"135314216329443643","order_sn":"2018061318491880927","price":25}

2018-06-13 18:59:39 {"merchant_id":"1499456762","key":"","authCode":"134519603288419241","order_sn":"2018061318593984232","price":14}

2018-06-13 18:59:56 {"merchant_id":"1499456762","key":"","authCode":"134768073983100666","order_sn":"2018061318595547115","price":22}

2018-06-13 19:00:12 {"merchant_id":"1490350062","key":"","authCode":"134628465312003464","order_sn":"2018061319001193583","price":300}

2018-06-13 19:01:35 {"merchant_id":"1499456762","key":"","authCode":"135172937396337433","order_sn":"2018061319013491853","price":13}

2018-06-13 19:01:40 {"merchant_id":"1499456762","key":"","authCode":"134651752500959994","order_sn":"2018061319014036820","price":10}

2018-06-13 19:02:14 {"merchant_id":"1499456762","key":"","authCode":"134788601751664112","order_sn":"2018061319021479607","price":8}

2018-06-13 19:02:44 {"merchant_id":"1499456762","key":"","authCode":"134529672566460044","order_sn":"2018061319024488467","price":72}

2018-06-13 19:02:47 {"merchant_id":"1499456762","key":"","authCode":"135449454203120264","order_sn":"2018061319024733937","price":17}

2018-06-13 19:05:29 {"merchant_id":"1499456762","key":"","authCode":"134537777400971896","order_sn":"2018061319052852243","price":4}

2018-06-13 19:07:27 {"merchant_id":"1499456762","key":"","authCode":"135030747109650861","order_sn":"2018061319072726002","price":36}

2018-06-13 19:21:46 {"merchant_id":"1499456762","key":"","authCode":"134673603643993224","order_sn":"2018061319214693890","price":20}

2018-06-13 19:25:56 {"merchant_id":"1499456762","key":"","authCode":"134517380679301719","order_sn":"2018061319255679679","price":30}

2018-06-13 19:28:41 {"merchant_id":"1499456762","key":"","authCode":"134896387221846224","order_sn":"2018061319284165675","price":45}

2018-06-13 19:37:34 {"merchant_id":"1499456762","key":"","authCode":"134932032688923634","order_sn":"2018061319373454979","price":26}

2018-06-13 19:43:52 {"merchant_id":"1499456762","key":"","authCode":"134937869934684738","order_sn":"2018061319435299712","price":9}

2018-06-13 19:50:44 {"merchant_id":"1499456762","key":"","authCode":"134606590159172228","order_sn":"2018061319504495608","price":17}

2018-06-13 19:52:49 {"merchant_id":"1499456762","key":"","authCode":"134596898736936186","order_sn":"2018061319524988613","price":21}

2018-06-13 19:53:53 {"merchant_id":"1499456762","key":"","authCode":"134528087303101211","order_sn":"2018061319535335000","price":10}

2018-06-13 20:04:31 {"merchant_id":"1499456762","key":"","authCode":"134780223007068747","order_sn":"2018061320043168218","price":13}

2018-06-13 20:05:21 {"merchant_id":"1499456762","key":"","authCode":"134924917323945157","order_sn":"2018061320052142204","price":31}

2018-06-13 20:09:22 {"merchant_id":"1499456762","key":"","authCode":"134650729047196272","order_sn":"2018061320092259004","price":15}

2018-06-13 20:12:25 {"merchant_id":"1499456762","key":"","authCode":"134670378806314785","order_sn":"2018061320122562123","price":20}

2018-06-13 20:13:35 {"merchant_id":"1499456762","key":"","authCode":"134541735766935299","order_sn":"2018061320133517429","price":7}

2018-06-13 20:16:51 {"merchant_id":"1499456762","key":"","authCode":"134588320354791435","order_sn":"2018061320165199287","price":13}

2018-06-13 20:21:23 {"merchant_id":"1499456762","key":"","authCode":"134568157451445561","order_sn":"2018061320212259087","price":30.5}

2018-06-13 20:22:32 {"merchant_id":"1499456762","key":"","authCode":"134510771191099765","order_sn":"2018061320223230031","price":40}

2018-06-13 20:26:15 {"merchant_id":"1499456762","key":"","authCode":"134753596910679443","order_sn":"2018061320261541577","price":9}

2018-06-13 20:26:55 {"merchant_id":"1499456762","key":"","authCode":"134675882335344256","order_sn":"2018061320265579569","price":12}

2018-06-13 20:30:40 {"merchant_id":"1499456762","key":"","authCode":"135192012577899524","order_sn":"2018061320304032968","price":21}

2018-06-13 20:30:51 {"merchant_id":"1499456762","key":"","authCode":"134530421061346629","order_sn":"2018061320305171041","price":28}

2018-06-13 20:35:43 {"merchant_id":"1490350062","key":"","authCode":"134710734713726626","order_sn":"2018061320354393694","price":300}

2018-06-13 20:40:35 {"merchant_id":"1499456762","key":"","authCode":"135281016422713662","order_sn":"2018061320403574461","price":10}

2018-06-13 20:40:59 {"merchant_id":"1499456762","key":"","authCode":"134605894422622042","order_sn":"2018061320405914805","price":6}

2018-06-13 20:43:49 {"merchant_id":"1499456762","key":"","authCode":"135019791167748645","order_sn":"2018061320434995192","price":20}

2018-06-13 20:44:05 {"merchant_id":"1499456762","key":"","authCode":"134848974185930346","order_sn":"2018061320440566935","price":10}

2018-06-13 20:45:51 {"merchant_id":"1499456762","key":"","authCode":"134770671604835176","order_sn":"2018061320455197122","price":34}

2018-06-13 20:51:57 {"merchant_id":"1499456762","key":"","authCode":"134713589526738896","order_sn":"2018061320515784197","price":20}

2018-06-13 21:05:47 {"merchant_id":"1499456762","key":"","authCode":"134632012844443555","order_sn":"2018061321054733418","price":13}

2018-06-13 21:06:45 {"merchant_id":"1499456762","key":"","authCode":"134660359278250777","order_sn":"2018061321064561575","price":5}

2018-06-13 21:08:42 {"merchant_id":"1499456762","key":"","authCode":"134691284507147815","order_sn":"2018061321084259764","price":22}

2018-06-13 21:33:51 {"merchant_id":"2088822285099072","key":"201710BBaa55e11a995b41488709d94fe3bfbX07","authCode":"280005869017624506","order_sn":"2018061321335165927","price":100}

2018-06-13 21:33:51 {"app_id":"2017071207730667","method":"alipay.trade.pay","charset":"utf-8","sign_type":"RSA","app_auth_token":"201710BBaa55e11a995b41488709d94fe3bfbX07","timestamp":"2018-06-13 21:33:51","version":"1.0","biz_content":"{\"out_trade_no\":\"2018061321335165927\",\"scene\":\"bar_code\",\"auth_code\":\"280005869017624506\",\"subject\":\"\\u8ba2\\u5355\\u53f7:2018061321335165927\",\"seller_id\":\"2088822285099072\",\"total_amount\":100,\"extend_params\":{\"sys_service_provider_id\":\"2088721521881652\"}}","sign":"b83LmXrAZfUtBb8RBpsXQe8iLnJfhfwSKX3\/xed7Cl61RVSCfaBz+\/gfpqDxsrhZqiYxcg2bGQYMWy6qO20uZfdTdTls2PaL7gXgD\/6DxxeIjmwqg9m1ISQ0F6gtr9QGMnH1pqfmxDiNtp+JWJMUf0Ys+mwyYq6ZHvI3DkqO7nI="}

2018-06-13 21:33:53 {"alipay_trade_pay_response":{"code":"10000","msg":"Success","buyer_logon_id":"264***@qq.com","buyer_pay_amount":"100.00","buyer_user_id":"2088012668283167","fund_bill_list":[{"amount":"100.00","fund_channel":"ALIPAYACCOUNT"}],"gmt_payment":"2018-06-13 21:33:53","invoice_amount":"100.00","out_trade_no":"2018061321335165927","point_amount":"0.00","receipt_amount":"100.00","total_amount":"100.00","trade_no":"2018061321001004160505801855"},"sign":"TxBEBOUCnqeHKNaU5F+JqP33d3AgmBdNlNFmOXDN97AM8XfvOJf93Hj2ocEfjj3CsGrpp+YcwIsUbuIf79ytMSV7dSnUMGqoC9QY1uzbFYFYH7tbIsPAvEupbQcVb5mwWBCS7mP55+m+vg9HD9Z5DYLcI7d5M49AnVpnDjKFvQ0="}

2018-06-13 21:34:26 {"merchant_id":"1499456762","key":"","authCode":"134509363627370557","order_sn":"2018061321342680183","price":5}

2018-06-13 21:38:27 {"merchant_id":"1499456762","key":"","authCode":"135061988626524865","order_sn":"2018061321382740259","price":8}

2018-06-13 21:44:26 {"merchant_id":"1499456762","key":"","authCode":"135159333101848797","order_sn":"2018061321442643273","price":14.5}

2018-06-13 21:46:42 {"merchant_id":"1499456762","key":"","authCode":"134692564951329668","order_sn":"2018061321464254767","price":12}

2018-06-13 22:03:11 {"merchant_id":"2088822285099072","key":"201710BBaa55e11a995b41488709d94fe3bfbX07","authCode":"280283871548998750","order_sn":"2018061322031172044","price":300}

2018-06-13 22:03:11 {"app_id":"2017071207730667","method":"alipay.trade.pay","charset":"utf-8","sign_type":"RSA","app_auth_token":"201710BBaa55e11a995b41488709d94fe3bfbX07","timestamp":"2018-06-13 22:03:11","version":"1.0","biz_content":"{\"out_trade_no\":\"2018061322031172044\",\"scene\":\"bar_code\",\"auth_code\":\"280283871548998750\",\"subject\":\"\\u8ba2\\u5355\\u53f7:2018061322031172044\",\"seller_id\":\"2088822285099072\",\"total_amount\":300,\"extend_params\":{\"sys_service_provider_id\":\"2088721521881652\"}}","sign":"Ig7TVBp6Lu1pb6BvWKD\/0M1BLJD\/gK3VlfIzBWWhSvVeZvVlJA8CQScDQMYB8cNrraV9kcGy+Q\/fSCbF8Fcx9+oxVzBVN4z24eMO43sPt8NueHDAgqjVRX+srz6bAFusOPPsMyJ+ncCM6x9Ga1ETcAb676psPcPmqmYI\/tEn90o="}

2018-06-13 22:03:12 {"alipay_trade_pay_response":{"code":"10000","msg":"Success","buyer_logon_id":"130****9988","buyer_pay_amount":"300.00","buyer_user_id":"2088122136577839","fund_bill_list":[{"amount":"300.00","fund_channel":"ALIPAYACCOUNT"}],"gmt_payment":"2018-06-13 22:03:12","invoice_amount":"300.00","out_trade_no":"2018061322031172044","point_amount":"0.00","receipt_amount":"300.00","total_amount":"300.00","trade_no":"2018061321001004830587231666"},"sign":"kOqermCUYvPgOMu/oT2XtpprwTZgtlo7vZwl9eIE4uxBx8Y3eDR6UP8Ou+bkrqe8J9ybqfwqQNp2dGAlYCx9aBk/NC/LQ2Iw5FFvkcuZIWe/vSWS43nKImAjWbyTPk2rvGHCG3XHTwzKuK9P03V5FXil0p4AdAU7pQiSmIho7i4="}

2018-06-13 22:49:26 {"merchant_id":"2088822285099072","key":"201710BBaa55e11a995b41488709d94fe3bfbX07","authCode":"289075630177737844","order_sn":"2018061322492616051","price":900}

2018-06-13 22:49:26 {"app_id":"2017071207730667","method":"alipay.trade.pay","charset":"utf-8","sign_type":"RSA","app_auth_token":"201710BBaa55e11a995b41488709d94fe3bfbX07","timestamp":"2018-06-13 22:49:26","version":"1.0","biz_content":"{\"out_trade_no\":\"2018061322492616051\",\"scene\":\"bar_code\",\"auth_code\":\"289075630177737844\",\"subject\":\"\\u8ba2\\u5355\\u53f7:2018061322492616051\",\"seller_id\":\"2088822285099072\",\"total_amount\":900,\"extend_params\":{\"sys_service_provider_id\":\"2088721521881652\"}}","sign":"FVmBpBs4IRmbn471OW6MzKXpr2Yh35M+1AR31czkAzcZVw9veMvP2XW99YomQ\/oeOeqRyMVhO8WpmcXNFebNAwC96Dep96fptoEGCJowHb2rzKFeKnC5G7O\/QqhqGY1fikyjn3uzQXXA1vtTjVl7a6FI8enpIKCNLjgWN+ezUn8="}

2018-06-13 22:49:27 {"alipay_trade_pay_response":{"code":"10000","msg":"Success","buyer_logon_id":"189****3456","buyer_pay_amount":"900.00","buyer_user_id":"2088412946810070","fund_bill_list":[{"amount":"900.00","fund_channel":"PCREDIT"}],"gmt_payment":"2018-06-13 22:49:27","invoice_amount":"900.00","out_trade_no":"2018061322492616051","point_amount":"0.00","receipt_amount":"900.00","total_amount":"900.00","trade_no":"2018061321001004070513445982"},"sign":"DEegrrYapKX8ixFjg+OcjiTzZlwQ2ESNxaUEJluPJ41ZTvyn2ryi+h9Ci3MxwC6QBreh2OoN/+4GOQwy5JwgahUQVdnNGvirPV7R0vWSNGE8iibdg5eyNdhPSrAExusHueUDxgFhy1ep0vq/pOvAvyrsaT1xqjQEbRUz9qd3Cr8="}

2018-06-13 23:04:36 {"merchant_id":"1490350062","key":"","authCode":"134911806002842190","order_sn":"2018061323043645895","price":300}

2018-06-13 23:21:04 {"merchant_id":"1490350062","key":"","authCode":"134653640785413562","order_sn":"2018061323210449333","price":100}

