2018-06-01 00:15:29 {"merchant_id":"1490350062","key":"","authCode":"134738735224856412","order_sn":"2018060100152928124","price":300}

2018-06-01 07:52:18 {"merchant_id":"1499456762","key":"","authCode":"134507956386146545","order_sn":"2018060107521877143","price":6}

2018-06-01 08:10:42 {"merchant_id":"1499456762","key":"","authCode":"135285692709836336","order_sn":"2018060108104263065","price":14}

2018-06-01 08:40:47 {"merchant_id":"1499456762","key":"","authCode":"134917001234477766","order_sn":"2018060108404776919","price":7.5}

2018-06-01 08:49:38 {"merchant_id":"1499456762","key":"","authCode":"134732096086437234","order_sn":"2018060108493852753","price":15}

2018-06-01 08:52:04 {"merchant_id":"1499456762","key":"","authCode":"134664213470843133","order_sn":"2018060108520485071","price":8}

2018-06-01 08:57:10 {"merchant_id":"1499456762","key":"","authCode":"135277924742943209","order_sn":"2018060108571021687","price":31}

2018-06-01 09:08:05 {"merchant_id":"1499456762","key":"","authCode":"134535196493353260","order_sn":"2018060109080588968","price":69}

2018-06-01 09:12:32 {"merchant_id":"1499456762","key":"","authCode":"135156386084625312","order_sn":"2018060109123257980","price":36}

2018-06-01 09:13:52 {"merchant_id":"1499456762","key":"","authCode":"135193976285541698","order_sn":"2018060109135246388","price":7}

2018-06-01 09:17:18 {"merchant_id":"1499456762","key":"","authCode":"134949394337919538","order_sn":"2018060109171883163","price":10}

2018-06-01 09:43:34 {"merchant_id":"1499456762","key":"","authCode":"134538431511787219","order_sn":"2018060109433451772","price":20}

2018-06-01 09:45:06 {"merchant_id":"2088822285099072","key":"201710BBaa55e11a995b41488709d94fe3bfbX07","authCode":"283298604951860736","order_sn":"2018060109450527728","price":500}

2018-06-01 09:45:06 {"app_id":"2017071207730667","method":"alipay.trade.pay","charset":"utf-8","sign_type":"RSA","app_auth_token":"201710BBaa55e11a995b41488709d94fe3bfbX07","timestamp":"2018-06-01 09:45:06","version":"1.0","biz_content":"{\"out_trade_no\":\"2018060109450527728\",\"scene\":\"bar_code\",\"auth_code\":\"283298604951860736\",\"subject\":\"\\u8ba2\\u5355\\u53f7:2018060109450527728\",\"seller_id\":\"2088822285099072\",\"total_amount\":500,\"extend_params\":{\"sys_service_provider_id\":\"2088721521881652\"}}","sign":"gwFS\/hLI2KeRHz5x5XxPIBx00U3UBHqjdgmENwbenMTXYSLdiyt5XtLQZF64GVkXOPWSyXFsIJ7cOIptQD\/VZWhHKaYecV3OxtbsURLjf9W\/FuqRm\/xAFgLdaDpzwcAR1\/cEq3KmqjQ\/OWA\/Fipe65kzQfz337kDpUnYKz8g21w="}

2018-06-01 09:45:06 {"alipay_trade_pay_response":{"code":"10000","msg":"Success","buyer_logon_id":"125***@qq.com","buyer_pay_amount":"500.00","buyer_user_id":"2088112284683524","fund_bill_list":[{"amount":"500.00","fund_channel":"PCREDIT"}],"gmt_payment":"2018-06-01 09:45:06","invoice_amount":"500.00","out_trade_no":"2018060109450527728","point_amount":"0.00","receipt_amount":"500.00","total_amount":"500.00","trade_no":"2018060121001004520567958456"},"sign":"pSx8guQC5kw71QIBRT2i1auEE0BxwmK8yJ4mjsNbRH2LYtjyLUumhAySYRswO/o7+I28PS8CbYShdD9lPB35dU4Oe3MygYDoz5ekXwvZ8qAtIl669mHR1O3hG3b48IiF0gFIACDcmD/hHhXMdTzZeY63IQGRXFrr0AIB3K6ykP4="}

2018-06-01 09:57:32 {"merchant_id":"1499456762","key":"","authCode":"134629393145102424","order_sn":"2018060109573260490","price":34}

2018-06-01 09:58:55 {"merchant_id":"1499456762","key":"","authCode":"134612839122154477","order_sn":"2018060109585581341","price":15}

2018-06-01 10:01:01 {"merchant_id":"1499456762","key":"","authCode":"134708412314954211","order_sn":"2018060110010147622","price":46}

2018-06-01 10:09:20 {"merchant_id":"1499456762","key":"","authCode":"134549397380082034","order_sn":"2018060110092030396","price":36}

2018-06-01 10:15:38 {"merchant_id":"1499456762","key":"","authCode":"135028014789874880","order_sn":"2018060110153827541","price":26}

2018-06-01 10:19:06 {"merchant_id":"1499456762","key":"","authCode":"134775865020580822","order_sn":"2018060110190665642","price":11}

2018-06-01 10:31:20 {"merchant_id":"1499456762","key":"","authCode":"134976459505641344","order_sn":"2018060110312029928","price":12}

2018-06-01 10:42:25 {"merchant_id":"1499456762","key":"","authCode":"135038529569310331","order_sn":"2018060110422572690","price":12}

2018-06-01 11:04:44 {"merchant_id":"1499456762","key":"","authCode":"134576507944663523","order_sn":"2018060111044425927","price":9}

2018-06-01 11:06:54 {"merchant_id":"1499456762","key":"","authCode":"134746191622237742","order_sn":"2018060111065464306","price":49}

2018-06-01 11:09:21 {"merchant_id":"1499456762","key":"","authCode":"134707641220745635","order_sn":"2018060111092170781","price":4}

2018-06-01 11:18:52 {"merchant_id":"1499456762","key":"","authCode":"135471531550507614","order_sn":"2018060111185244414","price":30}

2018-06-01 11:21:39 {"merchant_id":"1499456762","key":"","authCode":"134557302284465705","order_sn":"2018060111213922674","price":34}

2018-06-01 11:34:30 {"merchant_id":"1499456762","key":"","authCode":"135051648638926283","order_sn":"2018060111343017830","price":38}

2018-06-01 11:37:57 {"merchant_id":"1499456762","key":"","authCode":"134908395146739901","order_sn":"2018060111375767730","price":28}

2018-06-01 11:44:33 {"merchant_id":"1499456762","key":"","authCode":"135003305052415128","order_sn":"2018060111443338544","price":38}

2018-06-01 11:44:51 {"merchant_id":"1499456762","key":"","authCode":"134640440632176234","order_sn":"2018060111445174690","price":28}

2018-06-01 11:56:10 {"merchant_id":"1499456762","key":"","authCode":"134654241469483296","order_sn":"2018060111561032551","price":38.5}

2018-06-01 11:56:45 {"merchant_id":"1499456762","key":"","authCode":"134512873846866090","order_sn":"2018060111564534698","price":40}

2018-06-01 12:00:18 {"merchant_id":"1499456762","key":"","authCode":"134969803832125923","order_sn":"2018060112001815186","price":16}

2018-06-01 12:01:47 {"merchant_id":"1499456762","key":"","authCode":"134623022511555314","order_sn":"2018060112014710497","price":128}

2018-06-01 12:13:34 {"merchant_id":"1499456762","key":"","authCode":"134648299828855526","order_sn":"2018060112133444170","price":47}

2018-06-01 12:21:07 {"merchant_id":"1499456762","key":"","authCode":"134571371827567864","order_sn":"2018060112210734866","price":145}

2018-06-01 12:32:45 {"merchant_id":"1490350062","key":"","authCode":"134636711542482599","order_sn":"2018060112324511296","price":8}

2018-06-01 12:45:42 {"merchant_id":"1499456762","key":"","authCode":"134759243774738523","order_sn":"2018060112454246779","price":12}

2018-06-01 13:03:24 {"merchant_id":"1499456762","key":"","authCode":"134520819915070519","order_sn":"2018060113032460931","price":20}

2018-06-01 13:06:12 {"merchant_id":"1499456762","key":"","authCode":"134575518019400553","order_sn":"2018060113061227734","price":300}

2018-06-01 13:09:39 {"merchant_id":"1499456762","key":"","authCode":"134649629548075574","order_sn":"2018060113093931451","price":27}

2018-06-01 13:11:14 {"merchant_id":"1499456762","key":"","authCode":"134622778414930322","order_sn":"2018060113111426498","price":128}

2018-06-01 13:16:39 {"merchant_id":"1499456762","key":"","authCode":"134928088022549579","order_sn":"2018060113163828175","price":300}

2018-06-01 13:23:20 {"merchant_id":"1499456762","key":"","authCode":"134950148494477776","order_sn":"2018060113232083183","price":20}

2018-06-01 13:57:28 {"merchant_id":"1499456762","key":"","authCode":"134754606949836988","order_sn":"2018060113572855093","price":30}

2018-06-01 14:00:23 {"merchant_id":"1499456762","key":"","authCode":"134667255102175458","order_sn":"2018060114002359011","price":6}

2018-06-01 14:00:28 {"merchant_id":"1490350062","key":"","authCode":"135345897739464423","order_sn":"2018060114002826215","price":400}

2018-06-01 14:14:36 {"merchant_id":"1499456762","key":"","authCode":"134536587022014603","order_sn":"2018060114143653946","price":300}

2018-06-01 14:51:07 {"merchant_id":"1490350062","key":"","authCode":"135133678676066148","order_sn":"2018060114510710127","price":8}

2018-06-01 15:02:59 {"merchant_id":"1499456762","key":"","authCode":"134998683486025065","order_sn":"2018060115025984919","price":20}

2018-06-01 15:08:24 {"merchant_id":"1499456762","key":"","authCode":"134625021243833979","order_sn":"2018060115082466259","price":38}

2018-06-01 15:16:05 {"merchant_id":"1499456762","key":"","authCode":"134627592287821942","order_sn":"2018060115160539011","price":128}

2018-06-01 15:27:19 {"merchant_id":"1499456762","key":"","authCode":"134868946250639449","order_sn":"2018060115271972056","price":30}

2018-06-01 15:29:45 {"merchant_id":"1499456762","key":"","authCode":"134915532408668065","order_sn":"2018060115294578373","price":48}

2018-06-01 15:32:00 {"merchant_id":"1499456762","key":"","authCode":"134715369032437601","order_sn":"2018060115320055466","price":20}

2018-06-01 15:32:20 {"merchant_id":"1499456762","key":"","authCode":"134572910358769871","order_sn":"2018060115322056094","price":23}

2018-06-01 15:34:31 {"merchant_id":"1499456762","key":"","authCode":"134743902667933807","order_sn":"2018060115343139725","price":148}

2018-06-01 15:34:32 {"merchant_id":"1490350062","key":"","authCode":"134650022643101561","order_sn":"2018060115343234419","price":200}

2018-06-01 15:39:52 {"merchant_id":"1499456762","key":"","authCode":"134671809709898458","order_sn":"2018060115395289005","price":24}

2018-06-01 15:41:47 {"merchant_id":"1499456762","key":"","authCode":"134828469871938066","order_sn":"2018060115414789330","price":23}

2018-06-01 15:42:28 {"merchant_id":"1499456762","key":"","authCode":"134696280754538241","order_sn":"2018060115422885278","price":12}

2018-06-01 15:58:48 {"merchant_id":"1499456762","key":"","authCode":"134557893413347715","order_sn":"2018060115584845166","price":18}

2018-06-01 16:06:57 {"merchant_id":"1499456762","key":"","authCode":"135421607383079035","order_sn":"2018060116065713420","price":19.8}

2018-06-01 16:13:49 {"merchant_id":"1499456762","key":"","authCode":"134924547368845018","order_sn":"2018060116134972425","price":35}

2018-06-01 16:14:09 {"merchant_id":"1499456762","key":"","authCode":"134861191215127756","order_sn":"2018060116140954897","price":25}

2018-06-01 16:15:34 {"merchant_id":"1499456762","key":"","authCode":"134683740516436471","order_sn":"2018060116153470548","price":300}

2018-06-01 16:19:54 {"merchant_id":"1499456762","key":"","authCode":"134620724934124690","order_sn":"2018060116195464761","price":12}

2018-06-01 16:35:35 {"merchant_id":"1499456762","key":"","authCode":"134716171868371850","order_sn":"2018060116353551363","price":61}

2018-06-01 16:40:09 {"merchant_id":"1499456762","key":"","authCode":"134789493576826310","order_sn":"2018060116400875442","price":9}

2018-06-01 16:40:57 {"merchant_id":"1499456762","key":"","authCode":"135313096817214631","order_sn":"2018060116405737389","price":17}

2018-06-01 16:45:08 {"merchant_id":"1499456762","key":"","authCode":"134819785749296860","order_sn":"2018060116450815455","price":7}

2018-06-01 17:07:42 {"merchant_id":"1499456762","key":"","authCode":"134530861468784827","order_sn":"2018060117074273580","price":24}

2018-06-01 17:08:14 {"merchant_id":"1499456762","key":"","authCode":"134807474553909616","order_sn":"2018060117081450774","price":28}

2018-06-01 17:11:38 {"merchant_id":"1499456762","key":"","authCode":"134669299825900877","order_sn":"2018060117113824970","price":47}

2018-06-01 17:12:20 {"merchant_id":"1499456762","key":"","authCode":"134706568376978005","order_sn":"2018060117121992124","price":8}

2018-06-01 17:16:27 {"merchant_id":"1499456762","key":"","authCode":"135014256909923166","order_sn":"2018060117162777970","price":20}

2018-06-01 17:22:25 {"merchant_id":"1499456762","key":"","authCode":"134540405823087893","order_sn":"2018060117222580151","price":13}

2018-06-01 17:25:10 {"merchant_id":"1499456762","key":"","authCode":"134610267240284933","order_sn":"2018060117251051905","price":24}

2018-06-01 17:28:51 {"merchant_id":"1499456762","key":"","authCode":"134753469250911741","order_sn":"2018060117285142036","price":28}

2018-06-01 17:29:28 {"merchant_id":"1499456762","key":"","authCode":"134911188092115996","order_sn":"2018060117292861545","price":28}

2018-06-01 17:41:14 {"merchant_id":"1499456762","key":"","authCode":"135123271902924307","order_sn":"2018060117411458767","price":98}

2018-06-01 17:42:02 {"merchant_id":"1499456762","key":"","authCode":"134783903142518734","order_sn":"2018060117420272151","price":11}

2018-06-01 17:50:50 {"merchant_id":"1499456762","key":"","authCode":"134536663922836404","order_sn":"2018060117505069174","price":43}

2018-06-01 17:57:40 {"merchant_id":"1499456762","key":"","authCode":"134565380421397862","order_sn":"2018060117574089370","price":43}

2018-06-01 17:59:01 {"merchant_id":"1499456762","key":"","authCode":"134690369395251227","order_sn":"2018060117590186038","price":98}

2018-06-01 18:04:06 {"merchant_id":"1499456762","key":"","authCode":"135838199970974168","order_sn":"2018060118040648671","price":17}

2018-06-01 18:07:50 {"merchant_id":"1499456762","key":"","authCode":"135003528407878825","order_sn":"2018060118075041350","price":15}

2018-06-01 18:08:40 {"merchant_id":"1499456762","key":"","authCode":"134570659824381176","order_sn":"2018060118084050397","price":15}

2018-06-01 18:17:23 {"merchant_id":"1499456762","key":"","authCode":"135024752137919854","order_sn":"2018060118172388463","price":29}

2018-06-01 18:19:58 {"merchant_id":"1499456762","key":"","authCode":"134613457045225839","order_sn":"2018060118195819925","price":20}

2018-06-01 18:20:23 {"merchant_id":"1499456762","key":"","authCode":"134660983830591198","order_sn":"2018060118202366010","price":21}

2018-06-01 18:21:34 {"merchant_id":"1499456762","key":"","authCode":"135066343818047022","order_sn":"2018060118213475424","price":8}

2018-06-01 18:22:22 {"merchant_id":"1499456762","key":"","authCode":"135036738731860051","order_sn":"2018060118222224001","price":17}

2018-06-01 18:24:43 {"merchant_id":"1499456762","key":"","authCode":"134669501500149281","order_sn":"2018060118244386007","price":28}

2018-06-01 18:32:50 {"merchant_id":"1499456762","key":"","authCode":"134750580293966288","order_sn":"2018060118325088421","price":76}

2018-06-01 18:35:20 {"merchant_id":"1499456762","key":"","authCode":"135339850779260880","order_sn":"2018060118352087942","price":21}

2018-06-01 18:36:09 {"merchant_id":"1499456762","key":"","authCode":"134934439712010369","order_sn":"2018060118360947874","price":21}

2018-06-01 18:43:00 {"merchant_id":"1499456762","key":"","authCode":"134940949006819310","order_sn":"2018060118430015508","price":7}

2018-06-01 18:47:47 {"merchant_id":"1499456762","key":"","authCode":"135135275624306846","order_sn":"2018060118474778069","price":17}

2018-06-01 18:48:47 {"merchant_id":"1499456762","key":"","authCode":"134577580932724807","order_sn":"2018060118484722783","price":16}

2018-06-01 18:50:58 {"merchant_id":"1499456762","key":"","authCode":"134512024549924130","order_sn":"2018060118505835515","price":24}

2018-06-01 18:51:59 {"merchant_id":"1499456762","key":"","authCode":"135025237289129206","order_sn":"2018060118515913837","price":36.5}

2018-06-01 18:56:08 {"merchant_id":"1499456762","key":"","authCode":"134886729253422161","order_sn":"2018060118560849823","price":38}

2018-06-01 19:00:58 {"merchant_id":"1499456762","key":"","authCode":"134783434056400436","order_sn":"2018060119005816133","price":35}

2018-06-01 19:03:26 {"merchant_id":"1499456762","key":"","authCode":"134514869379686757","order_sn":"2018060119032674467","price":200}

2018-06-01 19:12:49 {"merchant_id":"1499456762","key":"","authCode":"134692617241994645","order_sn":"2018060119124977562","price":49}

2018-06-01 19:13:13 {"merchant_id":"1499456762","key":"","authCode":"134635568462119289","order_sn":"2018060119131382718","price":23}

2018-06-01 19:15:38 {"merchant_id":"1499456762","key":"","authCode":"134612556837558630","order_sn":"2018060119153831738","price":6}

2018-06-01 19:16:07 {"merchant_id":"1499456762","key":"","authCode":"134729707838827893","order_sn":"2018060119160741342","price":43}

2018-06-01 19:19:17 {"merchant_id":"1499456762","key":"","authCode":"134889803151822811","order_sn":"2018060119191753209","price":27}

2018-06-01 19:21:02 {"merchant_id":"1499456762","key":"","authCode":"134607037168217005","order_sn":"2018060119210254066","price":81}

2018-06-01 19:21:45 {"merchant_id":"1499456762","key":"","authCode":"134616634119270521","order_sn":"2018060119214524978","price":119}

2018-06-01 19:23:11 {"merchant_id":"1499456762","key":"","authCode":"134678175411385463","order_sn":"2018060119231116956","price":12}

2018-06-01 19:28:20 {"merchant_id":"1499456762","key":"","authCode":"134835244551386154","order_sn":"2018060119282017492","price":9}

2018-06-01 19:35:45 {"merchant_id":"1499456762","key":"","authCode":"134700866021872918","order_sn":"2018060119354562125","price":8}

2018-06-01 19:36:28 {"merchant_id":"1490350062","key":"","authCode":"135858959701623410","order_sn":"2018060119362894889","price":100}

2018-06-01 19:39:33 {"merchant_id":"1499456762","key":"","authCode":"135017540577449739","order_sn":"2018060119393327713","price":15}

2018-06-01 19:40:59 {"merchant_id":"1499456762","key":"","authCode":"134775126007587294","order_sn":"2018060119405952715","price":10}

2018-06-01 19:41:19 {"merchant_id":"1499456762","key":"","authCode":"134665707233194127","order_sn":"2018060119411990826","price":39}

2018-06-01 19:42:04 {"merchant_id":"1499456762","key":"","authCode":"134574521981303195","order_sn":"2018060119420412224","price":28}

2018-06-01 19:42:45 {"merchant_id":"1499456762","key":"","authCode":"134613615587910700","order_sn":"2018060119424571717","price":28}

2018-06-01 19:43:04 {"merchant_id":"1499456762","key":"","authCode":"134646049699571712","order_sn":"2018060119430410692","price":28}

2018-06-01 19:45:01 {"merchant_id":"1499456762","key":"","authCode":"134967853843523280","order_sn":"2018060119450191102","price":36}

2018-06-01 19:47:59 {"merchant_id":"1499456762","key":"","authCode":"134737553751955247","order_sn":"2018060119475973803","price":20}

2018-06-01 19:49:15 {"merchant_id":"2088822285099072","key":"201710BBaa55e11a995b41488709d94fe3bfbX07","authCode":"285300250172727131","order_sn":"2018060119491568403","price":300}

2018-06-01 19:49:15 {"app_id":"2017071207730667","method":"alipay.trade.pay","charset":"utf-8","sign_type":"RSA","app_auth_token":"201710BBaa55e11a995b41488709d94fe3bfbX07","timestamp":"2018-06-01 19:49:15","version":"1.0","biz_content":"{\"out_trade_no\":\"2018060119491568403\",\"scene\":\"bar_code\",\"auth_code\":\"285300250172727131\",\"subject\":\"\\u8ba2\\u5355\\u53f7:2018060119491568403\",\"seller_id\":\"2088822285099072\",\"total_amount\":300,\"extend_params\":{\"sys_service_provider_id\":\"2088721521881652\"}}","sign":"lz4nCoGQjv2rSlsNnTND07feYo4tQKQolGREv2cFewdag2LrSibeNUD9BaNnTGd4aMfhEPl7JBT673t7A4JHA1AzZ2rBlV8GLTbp0uXjVvgGq8ad3bDSHBXCeQ840V5K3\/k2YU63n7uB2hB8hQAQC9t3PN3jYzUtxZ1YaJKQxu4="}

2018-06-01 19:49:16 {"alipay_trade_pay_response":{"code":"10000","msg":"Success","buyer_logon_id":"794***@qq.com","buyer_pay_amount":"300.00","buyer_user_id":"2088022565818036","fund_bill_list":[{"amount":"300.00","fund_channel":"ALIPAYACCOUNT"}],"gmt_payment":"2018-06-01 19:49:16","invoice_amount":"300.00","out_trade_no":"2018060119491568403","point_amount":"0.00","receipt_amount":"300.00","total_amount":"300.00","trade_no":"2018060121001004030536002230"},"sign":"RG4BZ5ZtnALbI/aNZYZZ4+5czy6pqY3Ek4GvloQAtdB94RqQc9i9DNfD5pnJhyXu5cxaQv9mJl7L+NvuVaQwF2ew8uOWpzFpY3+NdnB8nj3rMbO6bfagdRmYkAGTvwqr4J4D7DMArf+QgQo6Y9K8xiAGZpLOSz8p1csvJHzddEQ="}

2018-06-01 19:52:20 {"merchant_id":"1499456762","key":"","authCode":"134765360270307539","order_sn":"2018060119522058679","price":12}

2018-06-01 19:54:16 {"merchant_id":"1499456762","key":"","authCode":"134547653925263702","order_sn":"2018060119541634717","price":38}

2018-06-01 20:01:33 {"merchant_id":"1499456762","key":"","authCode":"134573299820359837","order_sn":"2018060120013386530","price":2}

2018-06-01 20:02:51 {"merchant_id":"1499456762","key":"","authCode":"134583612344894586","order_sn":"2018060120025139076","price":14}

2018-06-01 20:06:17 {"merchant_id":"1499456762","key":"","authCode":"134783822658889405","order_sn":"2018060120061761249","price":20}

2018-06-01 20:07:24 {"merchant_id":"1499456762","key":"","authCode":"134573929191595871","order_sn":"2018060120072479075","price":16}

2018-06-01 20:07:55 {"merchant_id":"1490350062","key":"","authCode":"134545572559654251","order_sn":"2018060120075518117","price":400}

2018-06-01 20:10:13 {"merchant_id":"1499456762","key":"","authCode":"134988364966335890","order_sn":"2018060120101393344","price":68}

2018-06-01 20:18:31 {"merchant_id":"1499456762","key":"","authCode":"134678157677986940","order_sn":"2018060120183167077","price":65.5}

2018-06-01 20:19:50 {"merchant_id":"1499456762","key":"","authCode":"134716579506692790","order_sn":"2018060120195062864","price":24}

2018-06-01 20:26:06 {"merchant_id":"1499456762","key":"","authCode":"134644977617163005","order_sn":"2018060120260673770","price":60.5}

2018-06-01 20:26:13 {"merchant_id":"1499456762","key":"","authCode":"134756591470134988","order_sn":"2018060120261377162","price":21}

2018-06-01 20:27:00 {"merchant_id":"1499456762","key":"","authCode":"135024847800724220","order_sn":"2018060120270025169","price":9}

2018-06-01 20:28:51 {"merchant_id":"1499456762","key":"","authCode":"134740559932461837","order_sn":"2018060120285112195","price":41}

2018-06-01 20:29:30 {"merchant_id":"1499456762","key":"","authCode":"134507175361004647","order_sn":"2018060120293057715","price":9}

2018-06-01 20:29:47 {"merchant_id":"1499456762","key":"","authCode":"134507316035128907","order_sn":"2018060120294710557","price":33.5}

2018-06-01 20:30:10 {"merchant_id":"1499456762","key":"","authCode":"135477966206651111","order_sn":"2018060120301042738","price":12}

2018-06-01 20:30:59 {"merchant_id":"1499456762","key":"","authCode":"134755402173386935","order_sn":"2018060120305912213","price":23}

2018-06-01 20:34:17 {"merchant_id":"1499456762","key":"","authCode":"134883749551416856","order_sn":"2018060120341734232","price":11}

2018-06-01 20:38:24 {"merchant_id":"1499456762","key":"","authCode":"134777113499377769","order_sn":"2018060120382426825","price":15}

2018-06-01 20:40:27 {"merchant_id":"1499456762","key":"","authCode":"134897383490929025","order_sn":"2018060120402717363","price":15.5}

2018-06-01 20:42:56 {"merchant_id":"1499456762","key":"","authCode":"134617491968678751","order_sn":"2018060120425638166","price":28}

2018-06-01 20:44:22 {"merchant_id":"1499456762","key":"","authCode":"134711858194022326","order_sn":"2018060120442248164","price":8}

2018-06-01 20:44:59 {"merchant_id":"1499456762","key":"","authCode":"134632639822183136","order_sn":"2018060120445931022","price":12}

2018-06-01 20:47:26 {"merchant_id":"1490350062","key":"","authCode":"134511878524880277","order_sn":"2018060120472639356","price":300}

2018-06-01 20:50:07 {"merchant_id":"1499456762","key":"","authCode":"134712749368416555","order_sn":"2018060120500748229","price":12}

2018-06-01 20:56:18 {"merchant_id":"1499456762","key":"","authCode":"134707051818691493","order_sn":"2018060120561837575","price":12}

2018-06-01 21:06:06 {"merchant_id":"1490350062","key":"","authCode":"134766864055933829","order_sn":"2018060121060675084","price":100}

2018-06-01 21:07:33 {"merchant_id":"1499456762","key":"","authCode":"134781122655357609","order_sn":"2018060121073342595","price":15}

2018-06-01 21:08:20 {"merchant_id":"1499456762","key":"","authCode":"134807359297323760","order_sn":"2018060121082053800","price":31}

2018-06-01 21:08:29 {"merchant_id":"1499456762","key":"","authCode":"134779418999818199","order_sn":"2018060121082992263","price":15}

2018-06-01 21:10:38 {"merchant_id":"1499456762","key":"","authCode":"134586637873073754","order_sn":"2018060121103826195","price":24.5}

2018-06-01 21:13:17 {"merchant_id":"1499456762","key":"","authCode":"134911921055507143","order_sn":"2018060121131742941","price":15.5}

2018-06-01 21:13:53 {"merchant_id":"1499456762","key":"","authCode":"134545906402473901","order_sn":"2018060121135315952","price":13}

2018-06-01 21:19:32 {"merchant_id":"1499456762","key":"","authCode":"134606243830587309","order_sn":"2018060121193261817","price":14}

2018-06-01 21:22:36 {"merchant_id":"1499456762","key":"","authCode":"134519248816267554","order_sn":"2018060121223644684","price":9}

2018-06-01 21:25:26 {"merchant_id":"1499456762","key":"","authCode":"134600445695418804","order_sn":"2018060121252699968","price":15}

2018-06-01 21:29:25 {"merchant_id":"1499456762","key":"","authCode":"134529433917547046","order_sn":"2018060121292532323","price":15}

2018-06-01 21:36:09 {"merchant_id":"1499456762","key":"","authCode":"134778391724203450","order_sn":"2018060121360861710","price":28}

2018-06-01 21:40:26 {"merchant_id":"1499456762","key":"","authCode":"134578357429666058","order_sn":"2018060121402666474","price":8}

2018-06-01 21:41:50 {"merchant_id":"1490350062","key":"","authCode":"134972146476017731","order_sn":"2018060121415014117","price":200}

2018-06-01 21:44:06 {"merchant_id":"1499456762","key":"","authCode":"134623370878652475","order_sn":"2018060121440540676","price":16}

2018-06-01 21:46:15 {"merchant_id":"1499456762","key":"","authCode":"134751080156926763","order_sn":"2018060121461581722","price":1}

2018-06-01 21:49:36 {"merchant_id":"1499456762","key":"","authCode":"134708399882843625","order_sn":"2018060121493654414","price":47.5}

2018-06-01 22:11:08 {"merchant_id":"1499456762","key":"","authCode":"135312747344432908","order_sn":"2018060122110841060","price":8}

2018-06-01 22:36:33 {"merchant_id":"1493159782","key":"","authCode":"134621603828076167","order_sn":"2018060122363358498","price":300}

2018-06-01 23:02:45 {"merchant_id":"1490350062","key":"","authCode":"134650492504879924","order_sn":"2018060123024576093","price":300}

