2018-05-09 00:12:23 {"merchant_id":"2088822285099072","key":"201710BBaa55e11a995b41488709d94fe3bfbX07","authCode":"281123224411334315","order_sn":"2018050900122374890","price":100}

2018-05-09 00:12:23 {"app_id":"2017071207730667","method":"alipay.trade.pay","charset":"utf-8","sign_type":"RSA","app_auth_token":"201710BBaa55e11a995b41488709d94fe3bfbX07","timestamp":"2018-05-09 00:12:23","version":"1.0","biz_content":"{\"out_trade_no\":\"2018050900122374890\",\"scene\":\"bar_code\",\"auth_code\":\"281123224411334315\",\"subject\":\"\\u8ba2\\u5355\\u53f7:2018050900122374890\",\"seller_id\":\"2088822285099072\",\"total_amount\":100,\"extend_params\":{\"sys_service_provider_id\":\"2088721521881652\"}}","sign":"gtGEOtwUOzAH+IWnWXjOw62EgRU87vVE1gzIqjHx0FrfF92dJVNpHm3a6lI\/Xykl+K6rzzwC9tvdfWln00QkbuvD1qxpeHujhVpvmv\/uAoz2zY\/8MJ4hnmZhvpqSEaP4i5iOCiVL0c3F9cKSe5xdS8N8L\/9dsc7toOOqy5gkvNg="}

2018-05-09 00:12:28 {"alipay_trade_pay_response":{"code":"10000","msg":"Success","buyer_logon_id":"184****3456","buyer_pay_amount":"100.00","buyer_user_id":"2088412474587143","fund_bill_list":[{"amount":"100.00","fund_channel":"ALIPAYACCOUNT"}],"gmt_payment":"2018-05-09 00:12:28","invoice_amount":"100.00","out_trade_no":"2018050900122374890","point_amount":"0.00","receipt_amount":"100.00","total_amount":"100.00","trade_no":"2018050921001004140545042879"},"sign":"k4YODCAwfgpGrnkoKe+tEizkisdgmFHfiCjdjGZs6Fy0z7i+X2PRo2ywrZ7NguQENw9xIqrybpASDikBaYQeIFslx9ruj9/sYkQosTZK5Qs1q4h8/pfxHq3LcQkjBc4SMFVWJ42fW3vAkP5uUE5ge6kXZhSbgcJytTnQ5qzY4q4="}

2018-05-09 05:16:49 {"merchant_id":"1493159782","key":"","authCode":"134755123105055197","order_sn":"2018050905164973575","price":300}

2018-05-09 05:17:39 {"merchant_id":"1493159782","key":"","authCode":"134506459391237982","order_sn":"2018050905173977772","price":300}

2018-05-09 07:25:38 {"merchant_id":"1490350062","key":"","authCode":"134628751767196088","order_sn":"2018050907253813704","price":300}

2018-05-09 08:13:40 {"merchant_id":"1499456762","key":"","authCode":"134655396068012199","order_sn":"2018050908134053863","price":16}

2018-05-09 08:46:11 {"merchant_id":"1499456762","key":"","authCode":"134648271912704884","order_sn":"2018050908461193134","price":9}

2018-05-09 09:04:35 {"merchant_id":"1499456762","key":"","authCode":"134730140905726749","order_sn":"2018050909043565885","price":17}

2018-05-09 09:05:07 {"merchant_id":"1499456762","key":"","authCode":"134972519699351038","order_sn":"2018050909050721021","price":31.5}

2018-05-09 09:05:48 {"merchant_id":"1499456762","key":"","authCode":"134834079695743303","order_sn":"2018050909054835543","price":20}

2018-05-09 09:10:40 {"merchant_id":"1493159782","key":"","authCode":"134570999590729484","order_sn":"2018050909104065538","price":400}

2018-05-09 09:17:59 {"merchant_id":"1490350062","key":"","authCode":"135020153012430387","order_sn":"2018050909175946732","price":53}

2018-05-09 09:32:37 {"merchant_id":"1499456762","key":"","authCode":"134636294989794276","order_sn":"2018050909323754689","price":6}

2018-05-09 09:42:14 {"merchant_id":"1499456762","key":"","authCode":"134576167965334866","order_sn":"2018050909421451408","price":27}

2018-05-09 09:44:56 {"merchant_id":"1499456762","key":"","authCode":"134560572900233714","order_sn":"2018050909445518157","price":10}

2018-05-09 09:46:48 {"merchant_id":"1493159782","key":"","authCode":"135044779743694395","order_sn":"2018050909464818630","price":158}

2018-05-09 09:54:33 {"merchant_id":"1499456762","key":"","authCode":"135228060653256680","order_sn":"2018050909543392194","price":10}

2018-05-09 09:57:47 {"merchant_id":"1499456762","key":"","authCode":"136020194062142255","order_sn":"2018050909574716352","price":14}

2018-05-09 10:14:42 {"merchant_id":"1499456762","key":"","authCode":"134897590680581470","order_sn":"2018050910144278494","price":29}

2018-05-09 10:14:45 {"merchant_id":"2088821827997030","key":"201711BBc699bef5cde842dba6fa5c6bdc706A03","authCode":"281017532119931034","order_sn":"2018050910144555487","price":154}

2018-05-09 10:14:45 {"app_id":"2017071207730667","method":"alipay.trade.pay","charset":"utf-8","sign_type":"RSA","app_auth_token":"201711BBc699bef5cde842dba6fa5c6bdc706A03","timestamp":"2018-05-09 10:14:45","version":"1.0","biz_content":"{\"out_trade_no\":\"2018050910144555487\",\"scene\":\"bar_code\",\"auth_code\":\"281017532119931034\",\"subject\":\"\\u8ba2\\u5355\\u53f7:2018050910144555487\",\"seller_id\":\"2088821827997030\",\"total_amount\":154,\"extend_params\":{\"sys_service_provider_id\":\"2088721521881652\"}}","sign":"HZgezOfibisgwxedfjf9LSaEvyfJO6sZOu+QuaTXf0NCzGNuj+qCPd7zoSkkndh8XBWYr9xEUBUVhzZ92OUzJORxUh3R4EBdyNZQQWjAY7GFIWw7b4acMqWkKWozfgF2msVnvE4wM5YHxwtuhlhd5C3F\/NOrDQ5D8ESjb3rjClw="}

2018-05-09 10:14:46 {"alipay_trade_pay_response":{"code":"10000","msg":"Success","buyer_logon_id":"189****3456","buyer_pay_amount":"154.00","buyer_user_id":"2088412946810070","fund_bill_list":[{"amount":"154.00","fund_channel":"PCREDIT"}],"gmt_payment":"2018-05-09 10:14:46","invoice_amount":"154.00","out_trade_no":"2018050910144555487","point_amount":"0.00","receipt_amount":"154.00","total_amount":"154.00","trade_no":"2018050921001004070553931621"},"sign":"TvpJcU/7/Enj4O8SSHCoqK70wVgNx3PXn9mXDD2glvj+FO2oc8N6zSP4MajzrjYC0Pmzj+BSb0rS+5Rh+/x//GMgly2p3aShOhNbkmN5zmUmpiXp2lTRl3hkr/QEyWsVRb0iSaaSNWWbajDljRSh03kPM1TsNfXCuH7D2QzXxug="}

2018-05-09 10:15:19 {"merchant_id":"1499456762","key":"","authCode":"134960076448347588","order_sn":"2018050910151952481","price":11}

2018-05-09 10:41:46 {"merchant_id":"1499456762","key":"","authCode":"134667566731797098","order_sn":"2018050910414622782","price":25}

2018-05-09 10:42:53 {"merchant_id":"1499456762","key":"","authCode":"134584770645605399","order_sn":"2018050910425357884","price":11}

2018-05-09 11:04:19 {"merchant_id":"1499456762","key":"","authCode":"134701231942114801","order_sn":"2018050911041979547","price":15}

2018-05-09 11:07:18 {"merchant_id":"1499456762","key":"","authCode":"134782652603387764","order_sn":"2018050911071890170","price":51}

2018-05-09 11:29:54 {"merchant_id":"1499456762","key":"","authCode":"134521030318700585","order_sn":"2018050911295453921","price":16}

2018-05-09 11:33:06 {"merchant_id":"1499456762","key":"","authCode":"134708749574014891","order_sn":"2018050911330662019","price":14}

2018-05-09 11:33:09 {"merchant_id":"1499456762","key":"","authCode":"134590287706741134","order_sn":"2018050911330887928","price":46}

2018-05-09 11:34:10 {"merchant_id":"1499456762","key":"","authCode":"135058030444430156","order_sn":"2018050911341036244","price":200}

2018-05-09 11:48:03 {"merchant_id":"1499456762","key":"","authCode":"134583789250322823","order_sn":"2018050911480311007","price":12}

2018-05-09 12:08:17 {"merchant_id":"1499456762","key":"","authCode":"134636958287672602","order_sn":"2018050912081722895","price":16}

2018-05-09 12:15:38 {"merchant_id":"1499456762","key":"","authCode":"134622957503102027","order_sn":"2018050912153870552","price":45}

2018-05-09 12:16:04 {"merchant_id":"1499456762","key":"","authCode":"134654903355127029","order_sn":"2018050912160491618","price":2}

2018-05-09 12:27:50 {"merchant_id":"1499456762","key":"","authCode":"134644568835877657","order_sn":"2018050912275084383","price":16}

2018-05-09 12:33:34 {"merchant_id":"1499456762","key":"","authCode":"134882964092027014","order_sn":"2018050912333498471","price":28.5}

2018-05-09 12:45:20 {"merchant_id":"1499456762","key":"","authCode":"134622771253174938","order_sn":"2018050912452039507","price":20}

2018-05-09 12:52:52 {"merchant_id":"2088821827997030","key":"201711BBc699bef5cde842dba6fa5c6bdc706A03","authCode":"287240379563500412","order_sn":"2018050912525289632","price":300}

2018-05-09 12:52:52 {"app_id":"2017071207730667","method":"alipay.trade.pay","charset":"utf-8","sign_type":"RSA","app_auth_token":"201711BBc699bef5cde842dba6fa5c6bdc706A03","timestamp":"2018-05-09 12:52:52","version":"1.0","biz_content":"{\"out_trade_no\":\"2018050912525289632\",\"scene\":\"bar_code\",\"auth_code\":\"287240379563500412\",\"subject\":\"\\u8ba2\\u5355\\u53f7:2018050912525289632\",\"seller_id\":\"2088821827997030\",\"total_amount\":300,\"extend_params\":{\"sys_service_provider_id\":\"2088721521881652\"}}","sign":"pkfih+Fj319Gl4pT\/DASVBT6CaYd8mZ4ZDdbPrLWzE+ZkfSuwiR8nED5+QQUmh8Coilz3SMgzJze2qy3cds9MToU768WqT0fXAmr1BFu7IgHc8qRdxBkwkazO19wpY5BO7nX9r+jDMDtli411\/XB7E0dmihFD6X3FsyvlOF6l1Y="}

2018-05-09 12:52:54 {"alipay_trade_pay_response":{"code":"10000","msg":"Success","buyer_logon_id":"151***@qq.com","buyer_pay_amount":"300.00","buyer_user_id":"2088802641952225","fund_bill_list":[{"amount":"300.00","fund_channel":"ALIPAYACCOUNT"}],"gmt_payment":"2018-05-09 12:52:54","invoice_amount":"300.00","out_trade_no":"2018050912525289632","point_amount":"0.00","receipt_amount":"300.00","total_amount":"300.00","trade_no":"2018050921001004220547788288"},"sign":"AGM2qDTWi1vJqvTgoRq+k2EPg4SyIJjsKNzG1syinGLf3tJuC0CfsjaIBvMDWF5n05E7Jw9jA3JJyjtrcy33RwP9OqjBV1F/NLHKroPzIRJ5hRl7TNzP7+DnwFw8M17ho4BDaAgQ/wF75+2wkstXZx2gNO2qsfqesx2qUIgdi90="}

2018-05-09 13:21:33 {"merchant_id":"1499456762","key":"","authCode":"134823971527701591","order_sn":"2018050913213370246","price":15.5}

2018-05-09 13:25:00 {"merchant_id":"1499456762","key":"","authCode":"134695511598392564","order_sn":"2018050913250086118","price":18}

2018-05-09 13:28:02 {"merchant_id":"1499456762","key":"","authCode":"134751711729147363","order_sn":"2018050913280239499","price":5}

2018-05-09 13:35:37 {"merchant_id":"1499456762","key":"","authCode":"134722438030938767","order_sn":"2018050913353751955","price":198}

2018-05-09 15:04:31 {"merchant_id":"1499456762","key":"","authCode":"134590996876449666","order_sn":"2018050915043190581","price":12}

2018-05-09 15:11:36 {"merchant_id":"1499456762","key":"","authCode":"134698939008000333","order_sn":"2018050915113675575","price":24}

2018-05-09 15:16:21 {"merchant_id":"1499456762","key":"","authCode":"134968148806249436","order_sn":"2018050915162188731","price":30}

2018-05-09 15:46:46 {"merchant_id":"1499456762","key":"","authCode":"135180729898681950","order_sn":"2018050915464561223","price":23}

2018-05-09 15:55:23 {"merchant_id":"1490350062","key":"","authCode":"134813433066160969","order_sn":"2018050915552312550","price":300}

2018-05-09 16:06:23 {"merchant_id":"1499456762","key":"","authCode":"134763009018124693","order_sn":"2018050916062322636","price":54}

2018-05-09 16:12:34 {"merchant_id":"1499456762","key":"","authCode":"134527228874325553","order_sn":"2018050916123315640","price":24}

2018-05-09 16:22:32 {"merchant_id":"1499456762","key":"","authCode":"134774435542906580","order_sn":"2018050916223115885","price":53}

2018-05-09 16:31:33 {"merchant_id":"1499456762","key":"","authCode":"136122461760368280","order_sn":"2018050916313375386","price":14}

2018-05-09 16:32:48 {"merchant_id":"1499456762","key":"","authCode":"134558324645778253","order_sn":"2018050916324829068","price":15}

2018-05-09 16:45:22 {"merchant_id":"1499456762","key":"","authCode":"134745081946077078","order_sn":"2018050916452280615","price":56.5}

2018-05-09 16:50:05 {"merchant_id":"1499456762","key":"","authCode":"135033621774795684","order_sn":"2018050916500526897","price":11}

2018-05-09 16:51:11 {"merchant_id":"1499456762","key":"","authCode":"134738035391156117","order_sn":"2018050916511127796","price":36}

2018-05-09 16:55:52 {"merchant_id":"1499456762","key":"","authCode":"134854868128981440","order_sn":"2018050916555285616","price":16}

2018-05-09 17:01:20 {"merchant_id":"1499456762","key":"","authCode":"134837739380214041","order_sn":"2018050917012015484","price":16}

2018-05-09 17:20:44 {"merchant_id":"1499456762","key":"","authCode":"134562386472996644","order_sn":"2018050917204419128","price":2}

2018-05-09 17:24:59 {"merchant_id":"1499456762","key":"","authCode":"134714919458515416","order_sn":"2018050917245944876","price":8}

2018-05-09 17:28:38 {"merchant_id":"1499456762","key":"","authCode":"134587916055186806","order_sn":"2018050917283897589","price":20}

2018-05-09 17:33:03 {"merchant_id":"2088822285099072","key":"201710BBaa55e11a995b41488709d94fe3bfbX07","authCode":"287685578348209423","order_sn":"2018050917330316260","price":200}

2018-05-09 17:33:03 {"app_id":"2017071207730667","method":"alipay.trade.pay","charset":"utf-8","sign_type":"RSA","app_auth_token":"201710BBaa55e11a995b41488709d94fe3bfbX07","timestamp":"2018-05-09 17:33:03","version":"1.0","biz_content":"{\"out_trade_no\":\"2018050917330316260\",\"scene\":\"bar_code\",\"auth_code\":\"287685578348209423\",\"subject\":\"\\u8ba2\\u5355\\u53f7:2018050917330316260\",\"seller_id\":\"2088822285099072\",\"total_amount\":200,\"extend_params\":{\"sys_service_provider_id\":\"2088721521881652\"}}","sign":"VVpnkvz6y3UzOrklFkVfsQU44fkc7euKXMvTwkvc25phcD49bQEHUSHkxX4Ye1wGxve5kf60lAF3GM9rMga2rrrINwa7MB6SPohvuCYXDcoW5+E\/fN69rFA2S5cUOqc+r8q9X9OLV7xs+XjJO4IzdWXPJ6DVSOJtOblfO4V5qT0="}

2018-05-09 17:33:04 {"alipay_trade_pay_response":{"code":"10000","msg":"Success","buyer_logon_id":"125***@qq.com","buyer_pay_amount":"200.00","buyer_user_id":"2088112284683524","fund_bill_list":[{"amount":"200.00","fund_channel":"PCREDIT"}],"gmt_payment":"2018-05-09 17:33:04","invoice_amount":"200.00","out_trade_no":"2018050917330316260","point_amount":"0.00","receipt_amount":"200.00","total_amount":"200.00","trade_no":"2018050921001004520593301767"},"sign":"kwgZ45aCF0sMIqyzMhBDkkqoZUBUII172Hx5W0dKka2jyH4gPCVt1sBLfM4kj22Hk/U3t24T9+szqGrvsqFC8GL/CiCjMxI+WG5Fl3HJp8Ma25whcslH16/sTKWkhtjpQezoy+Y/bMGcgzGNCjAWLgtC8PiSRNa+BkRNXfZAzy8="}

2018-05-09 17:43:29 {"merchant_id":"1499456762","key":"","authCode":"134536720534382717","order_sn":"2018050917432912103","price":29}

2018-05-09 17:44:59 {"merchant_id":"1499456762","key":"","authCode":"134587326555073753","order_sn":"2018050917445937005","price":112.5}

2018-05-09 17:47:44 {"merchant_id":"1499456762","key":"","authCode":"134559150274894554","order_sn":"2018050917474494462","price":9}

2018-05-09 17:48:46 {"merchant_id":"1499456762","key":"","authCode":"135020958487561372","order_sn":"2018050917484618970","price":53.5}

2018-05-09 17:50:54 {"merchant_id":"1499456762","key":"","authCode":"135045274684163972","order_sn":"2018050917505490229","price":31}

2018-05-09 17:51:26 {"merchant_id":"1499456762","key":"","authCode":"135037291604521690","order_sn":"2018050917512667229","price":6}

2018-05-09 17:52:03 {"merchant_id":"1499456762","key":"","authCode":"134974362922412134","order_sn":"2018050917520364255","price":15}

2018-05-09 17:52:08 {"merchant_id":"1499456762","key":"","authCode":"134964736033191366","order_sn":"2018050917520867993","price":21}

2018-05-09 17:53:41 {"merchant_id":"1499456762","key":"","authCode":"134655847646071851","order_sn":"2018050917534194764","price":22}

2018-05-09 17:56:19 {"merchant_id":"1499456762","key":"","authCode":"134858390429755127","order_sn":"2018050917561946844","price":128}

2018-05-09 17:57:22 {"merchant_id":"1499456762","key":"","authCode":"134563732972022118","order_sn":"2018050917572250545","price":38}

2018-05-09 17:58:00 {"merchant_id":"1499456762","key":"","authCode":"134700247643495307","order_sn":"2018050917580031089","price":8}

2018-05-09 18:20:50 {"merchant_id":"1499456762","key":"","authCode":"134533404555112179","order_sn":"2018050918205060427","price":41}

2018-05-09 18:32:59 {"merchant_id":"1499456762","key":"","authCode":"134506956705301252","order_sn":"2018050918325946782","price":12}

2018-05-09 18:36:09 {"merchant_id":"1499456762","key":"","authCode":"135011970536889686","order_sn":"2018050918360994462","price":30}

2018-05-09 18:39:55 {"merchant_id":"1499456762","key":"","authCode":"135072131337990465","order_sn":"2018050918395556130","price":8}

2018-05-09 18:40:29 {"merchant_id":"1499456762","key":"","authCode":"134541423175816439","order_sn":"2018050918402951568","price":17}

2018-05-09 18:42:19 {"merchant_id":"1499456762","key":"","authCode":"134902716770116582","order_sn":"2018050918421964566","price":38}

2018-05-09 18:44:25 {"merchant_id":"1499456762","key":"","authCode":"134569105926879091","order_sn":"2018050918442538801","price":20}

2018-05-09 18:46:40 {"merchant_id":"1499456762","key":"","authCode":"134583582099992933","order_sn":"2018050918464082726","price":8}

2018-05-09 18:49:25 {"merchant_id":"1499456762","key":"","authCode":"135129988081912243","order_sn":"2018050918492531197","price":8}

2018-05-09 18:51:01 {"merchant_id":"1499456762","key":"","authCode":"134861884230722693","order_sn":"2018050918510193157","price":61}

2018-05-09 18:53:42 {"merchant_id":"1499456762","key":"","authCode":"134697047627024931","order_sn":"2018050918534291815","price":128}

2018-05-09 19:04:36 {"merchant_id":"1499456762","key":"","authCode":"134626746112828011","order_sn":"2018050919043629915","price":42}

2018-05-09 19:07:38 {"merchant_id":"1499456762","key":"","authCode":"134769191928424298","order_sn":"2018050919073854722","price":38}

2018-05-09 19:08:43 {"merchant_id":"1499456762","key":"","authCode":"134521092097991833","order_sn":"2018050919084317948","price":8}

2018-05-09 19:09:15 {"merchant_id":"1499456762","key":"","authCode":"134544965517110469","order_sn":"2018050919091515429","price":6}

2018-05-09 19:14:21 {"merchant_id":"1499456762","key":"","authCode":"134855839366107754","order_sn":"2018050919142136169","price":8}

2018-05-09 19:15:02 {"merchant_id":"1499456762","key":"","authCode":"134766561006203237","order_sn":"2018050919150236879","price":38}

2018-05-09 19:17:05 {"merchant_id":"1499456762","key":"","authCode":"134582655760504252","order_sn":"2018050919170587936","price":43}

2018-05-09 19:17:54 {"merchant_id":"1499456762","key":"","authCode":"135017963132385472","order_sn":"2018050919175493023","price":300}

2018-05-09 19:18:33 {"merchant_id":"1499456762","key":"","authCode":"134508776680254028","order_sn":"2018050919183367533","price":15}

2018-05-09 19:22:02 {"merchant_id":"1499456762","key":"","authCode":"134739202657854041","order_sn":"2018050919220299834","price":38}

2018-05-09 19:23:37 {"merchant_id":"1499456762","key":"","authCode":"134594362265605309","order_sn":"2018050919233789830","price":10}

2018-05-09 19:39:40 {"merchant_id":"1499456762","key":"","authCode":"134634821534299028","order_sn":"2018050919394064451","price":40}

2018-05-09 19:41:59 {"merchant_id":"1499456762","key":"","authCode":"134689850460994892","order_sn":"2018050919415963101","price":25}

2018-05-09 19:42:28 {"merchant_id":"1499456762","key":"","authCode":"134827649330743496","order_sn":"2018050919422887158","price":4}

2018-05-09 19:48:54 {"merchant_id":"1499456762","key":"","authCode":"134688869098895472","order_sn":"2018050919485487282","price":16}

2018-05-09 19:49:49 {"merchant_id":"1499456762","key":"","authCode":"135042776106923902","order_sn":"2018050919494921928","price":16}

2018-05-09 19:57:18 {"merchant_id":"1499456762","key":"","authCode":"134628899278205785","order_sn":"2018050919571850093","price":9}

2018-05-09 20:03:54 {"merchant_id":"1499456762","key":"","authCode":"134551150503863956","order_sn":"2018050920035445458","price":51.5}

2018-05-09 20:07:00 {"merchant_id":"1499456762","key":"","authCode":"134677749954160483","order_sn":"2018050920070088404","price":7}

2018-05-09 20:10:43 {"merchant_id":"1499456762","key":"","authCode":"134768582261542606","order_sn":"2018050920104327242","price":13.5}

2018-05-09 20:15:16 {"merchant_id":"1499456762","key":"","authCode":"134634373081373124","order_sn":"2018050920151640070","price":44}

2018-05-09 20:22:08 {"merchant_id":"1499456762","key":"","authCode":"134749289201194505","order_sn":"2018050920220845665","price":16}

2018-05-09 20:29:48 {"merchant_id":"1499456762","key":"","authCode":"134800238389814185","order_sn":"2018050920294850591","price":39.4}

2018-05-09 20:31:47 {"merchant_id":"1490350062","key":"","authCode":"135336057870314411","order_sn":"2018050920314776040","price":100}

2018-05-09 20:32:05 {"merchant_id":"1499456762","key":"","authCode":"134658732919478626","order_sn":"2018050920320599183","price":4}

2018-05-09 20:34:45 {"merchant_id":"1499456762","key":"","authCode":"134857736904026615","order_sn":"2018050920344545394","price":48}

2018-05-09 20:39:08 {"merchant_id":"1499456762","key":"","authCode":"134947615004737306","order_sn":"2018050920390819392","price":12}

2018-05-09 20:43:46 {"merchant_id":"1499456762","key":"","authCode":"134512064563258416","order_sn":"2018050920434664455","price":22}

2018-05-09 20:45:33 {"merchant_id":"1499456762","key":"","authCode":"134707439534182594","order_sn":"2018050920453357485","price":22}

2018-05-09 20:49:40 {"merchant_id":"1499456762","key":"","authCode":"134975637025960308","order_sn":"2018050920494014448","price":13}

2018-05-09 20:51:59 {"merchant_id":"1499456762","key":"","authCode":"135038737095028241","order_sn":"2018050920515992269","price":500}

2018-05-09 21:02:30 {"merchant_id":"1499456762","key":"","authCode":"135166869338865860","order_sn":"2018050921023018947","price":25}

2018-05-09 21:02:44 {"merchant_id":"1499456762","key":"","authCode":"134742271980191101","order_sn":"2018050921024496714","price":28}

2018-05-09 21:27:40 {"merchant_id":"1499456762","key":"","authCode":"134903269036127124","order_sn":"2018050921274092995","price":16}

2018-05-09 21:29:10 {"merchant_id":"1499456762","key":"","authCode":"134900226676555812","order_sn":"2018050921291014388","price":22.4}

2018-05-09 23:22:59 {"merchant_id":"1490350062","key":"","authCode":"135060056257239733","order_sn":"2018050923225989054","price":600}

