2018-06-20 01:50:11 {"merchant_id":"1493159782","key":"","authCode":"134514587481475947","order_sn":"2018062001501146468","price":25}

2018-06-20 07:53:08 {"merchant_id":"1493159782","key":"","authCode":"136140310513580307","order_sn":"2018062007530837551","price":900}

2018-06-20 07:55:38 {"merchant_id":"1493159782","key":"","authCode":"136073116478184446","order_sn":"2018062007553873905","price":99}

2018-06-20 08:08:50 {"merchant_id":"1499456762","key":"","authCode":"134629494006894382","order_sn":"2018062008085088140","price":21}

2018-06-20 08:56:29 {"merchant_id":"1499456762","key":"","authCode":"134564260266131833","order_sn":"2018062008562953061","price":10}

2018-06-20 08:59:33 {"merchant_id":"1499456762","key":"","authCode":"134697038560297286","order_sn":"2018062008593365659","price":174}

2018-06-20 09:02:36 {"merchant_id":"1499456762","key":"","authCode":"134670054538203725","order_sn":"2018062009023635278","price":16}

2018-06-20 09:03:35 {"merchant_id":"1499456762","key":"","authCode":"134565869291872397","order_sn":"2018062009033576975","price":8}

2018-06-20 09:06:26 {"merchant_id":"1499456762","key":"","authCode":"135026590996889980","order_sn":"2018062009062628815","price":8}

2018-06-20 09:26:48 {"merchant_id":"1499456762","key":"","authCode":"134590637210412531","order_sn":"2018062009264853057","price":20}

2018-06-20 09:27:35 {"merchant_id":"1499456762","key":"","authCode":"134645759336065095","order_sn":"2018062009273525364","price":18}

2018-06-20 09:36:36 {"merchant_id":"1493159782","key":"","authCode":"134719813371632508","order_sn":"2018062009363695177","price":200}

2018-06-20 09:38:26 {"merchant_id":"1499456762","key":"","authCode":"134676981073212696","order_sn":"2018062009382674231","price":15}

2018-06-20 09:40:03 {"merchant_id":"1499456762","key":"","authCode":"134654892973376812","order_sn":"2018062009400354669","price":21}

2018-06-20 09:46:23 {"merchant_id":"1499456762","key":"","authCode":"134652985681931148","order_sn":"2018062009462389103","price":47}

2018-06-20 09:48:24 {"merchant_id":"1499456762","key":"","authCode":"134750653183736324","order_sn":"2018062009482491597","price":37}

2018-06-20 10:09:53 {"merchant_id":"1499456762","key":"","authCode":"135543842589507925","order_sn":"2018062010095376284","price":8}

2018-06-20 10:26:46 {"merchant_id":"1499456762","key":"","authCode":"134606927288085994","order_sn":"2018062010264615173","price":15}

2018-06-20 10:29:32 {"merchant_id":"1499456762","key":"","authCode":"134692856218668791","order_sn":"2018062010293253713","price":20}

2018-06-20 10:30:55 {"merchant_id":"1499456762","key":"","authCode":"135012370873594822","order_sn":"2018062010305551404","price":128}

2018-06-20 10:36:56 {"merchant_id":"1499456762","key":"","authCode":"135184825972530128","order_sn":"2018062010365639911","price":12}

2018-06-20 11:17:54 {"merchant_id":"1499456762","key":"","authCode":"134743643242176516","order_sn":"2018062011175432824","price":18}

2018-06-20 11:18:15 {"merchant_id":"1499456762","key":"","authCode":"134755640481085347","order_sn":"2018062011181568861","price":7}

2018-06-20 11:29:35 {"merchant_id":"1499456762","key":"","authCode":"135197332825723339","order_sn":"2018062011293515663","price":8}

2018-06-20 11:53:33 {"merchant_id":"1499456762","key":"","authCode":"134759114914682951","order_sn":"2018062011533385023","price":14}

2018-06-20 11:54:46 {"merchant_id":"1499456762","key":"","authCode":"134987371580801708","order_sn":"2018062011544679966","price":10}

2018-06-20 12:05:14 {"merchant_id":"1499456762","key":"","authCode":"134683138120374120","order_sn":"2018062012051412774","price":7}

2018-06-20 12:06:02 {"merchant_id":"1499456762","key":"","authCode":"134608822153320612","order_sn":"2018062012060269467","price":33}

2018-06-20 12:08:25 {"merchant_id":"1499456762","key":"","authCode":"134633492250105250","order_sn":"2018062012082460130","price":24}

2018-06-20 12:09:38 {"merchant_id":"1490350062","key":"","authCode":"135445567824199936","order_sn":"2018062012093893157","price":17}

2018-06-20 12:34:12 {"merchant_id":"1499456762","key":"","authCode":"134545080520183863","order_sn":"2018062012341253752","price":7}

2018-06-20 12:56:23 {"merchant_id":"1499456762","key":"","authCode":"134995132078383001","order_sn":"2018062012562387058","price":27}

2018-06-20 12:59:12 {"merchant_id":"1499456762","key":"","authCode":"134620706574872125","order_sn":"2018062012591210255","price":43.5}

2018-06-20 13:07:42 {"merchant_id":"1499456762","key":"","authCode":"134892947596297976","order_sn":"2018062013074225165","price":18}

2018-06-20 13:23:02 {"merchant_id":"1499456762","key":"","authCode":"134690863547162479","order_sn":"2018062013230292303","price":13}

2018-06-20 13:33:59 {"merchant_id":"1499456762","key":"","authCode":"135289619567085307","order_sn":"2018062013335916471","price":23}

2018-06-20 13:40:51 {"merchant_id":"1499456762","key":"","authCode":"134604440406040930","order_sn":"2018062013405110136","price":32}

2018-06-20 14:09:31 {"merchant_id":"1499456762","key":"","authCode":"134620848190102914","order_sn":"2018062014093180089","price":12}

2018-06-20 14:16:04 {"merchant_id":"1499456762","key":"","authCode":"134663323343784942","order_sn":"2018062014160477672","price":22.5}

2018-06-20 14:16:32 {"merchant_id":"1490350062","key":"","authCode":"134866832036654574","order_sn":"2018062014163289965","price":300}

2018-06-20 14:16:36 {"merchant_id":"1493159782","key":"","authCode":"135065451259716250","order_sn":"2018062014163611689","price":200}

2018-06-20 14:22:24 {"merchant_id":"1499456762","key":"","authCode":"134632974563872886","order_sn":"2018062014222435771","price":65}

2018-06-20 14:32:33 {"merchant_id":"1490350062","key":"","authCode":"135864614665865828","order_sn":"2018062014323344097","price":200}

2018-06-20 14:35:58 {"merchant_id":"1499456762","key":"","authCode":"135195430792507763","order_sn":"2018062014355894519","price":21.8}

2018-06-20 14:49:29 {"merchant_id":"2088822285099072","key":"201710BBaa55e11a995b41488709d94fe3bfbX07","authCode":"285724193316032667","order_sn":"2018062014492930114","price":200}

2018-06-20 14:49:29 {"app_id":"2017071207730667","method":"alipay.trade.pay","charset":"utf-8","sign_type":"RSA","app_auth_token":"201710BBaa55e11a995b41488709d94fe3bfbX07","timestamp":"2018-06-20 14:49:29","version":"1.0","biz_content":"{\"out_trade_no\":\"2018062014492930114\",\"scene\":\"bar_code\",\"auth_code\":\"285724193316032667\",\"subject\":\"\\u8ba2\\u5355\\u53f7:2018062014492930114\",\"seller_id\":\"2088822285099072\",\"total_amount\":200,\"extend_params\":{\"sys_service_provider_id\":\"2088721521881652\"}}","sign":"TyTsYZCCc+b51vnt4zxQotjJiWiV\/aSB+ZiSe51HFBfyNgHeB6Odkpmtth8YeHuvHqEsAQif8\/na1jXFJ11sM72fEmROR9QUczsWLKXR5KGky9k3Dvhuqd+w02a\/VwsSkLdVB486v5qlyGjXXE3dpjauL9kYNA9neusdIAYCMnA="}

2018-06-20 14:49:29 {"alipay_trade_pay_response":{"code":"10000","msg":"Success","buyer_logon_id":"187****6952","buyer_pay_amount":"200.00","buyer_user_id":"2088422318828563","fund_bill_list":[{"amount":"200.00","fund_channel":"PCREDIT"}],"gmt_payment":"2018-06-20 14:49:29","invoice_amount":"200.00","out_trade_no":"2018062014492930114","point_amount":"0.00","receipt_amount":"200.00","total_amount":"200.00","trade_no":"2018062021001004560501105512"},"sign":"MnH3MqVJCGHyZbqb+RTzYetxovvBALJFRbXGRtg1+mzY+Mwo1AhCmcUKaaZdYy0jaP0HGUJf6qfBZUbDZJ0NaXm8W76WKR64+Ra0kOJRCvpfIE9V7gnQDckhWM7Pwd1GGw4/ylD27TYIqqYyb2kTx6x5634VuC3V0r7hjGlTJkU="}

2018-06-20 14:55:43 {"merchant_id":"1499456762","key":"","authCode":"134960550724357804","order_sn":"2018062014554329133","price":52}

2018-06-20 15:05:12 {"merchant_id":"1499456762","key":"","authCode":"134950217397908468","order_sn":"2018062015051295749","price":43.5}

2018-06-20 15:11:55 {"merchant_id":"1490350062","key":"","authCode":"134519457785118541","order_sn":"2018062015115545832","price":600}

2018-06-20 15:28:13 {"merchant_id":"1499456762","key":"","authCode":"134932398379680130","order_sn":"2018062015281328989","price":128}

2018-06-20 15:28:15 {"merchant_id":"1493159782","key":"","authCode":"134822139575006507","order_sn":"2018062015281514686","price":200}

2018-06-20 15:36:01 {"merchant_id":"1499456762","key":"","authCode":"134920368313840145","order_sn":"2018062015360117144","price":100}

2018-06-20 15:38:20 {"merchant_id":"1499456762","key":"","authCode":"134612651998397357","order_sn":"2018062015382093484","price":100}

2018-06-20 16:05:33 {"merchant_id":"1490350062","key":"","authCode":"135167486866280675","order_sn":"2018062016053341179","price":200}

2018-06-20 16:08:49 {"merchant_id":"1499456762","key":"","authCode":"134717784249935852","order_sn":"2018062016084994138","price":15}

2018-06-20 16:30:19 {"merchant_id":"1499456762","key":"","authCode":"134665705562333750","order_sn":"2018062016301924115","price":34.5}

2018-06-20 16:46:25 {"merchant_id":"1499456762","key":"","authCode":"134611559318952455","order_sn":"2018062016462514766","price":13}

2018-06-20 16:47:29 {"merchant_id":"1499456762","key":"","authCode":"134604389697107015","order_sn":"2018062016472950848","price":20}

2018-06-20 16:52:52 {"merchant_id":"1499456762","key":"","authCode":"135009051285832492","order_sn":"2018062016525296073","price":20}

2018-06-20 16:53:08 {"merchant_id":"1499456762","key":"","authCode":"134662111889383223","order_sn":"2018062016530881107","price":75}

2018-06-20 16:53:22 {"merchant_id":"1499456762","key":"","authCode":"134708279681666414","order_sn":"2018062016532234692","price":8}

2018-06-20 16:57:41 {"merchant_id":"1499456762","key":"","authCode":"134591323285770903","order_sn":"2018062016574186663","price":4}

2018-06-20 17:04:57 {"merchant_id":"1499456762","key":"","authCode":"134743092377494161","order_sn":"2018062017045787231","price":8}

2018-06-20 17:10:02 {"merchant_id":"1499456762","key":"","authCode":"134641216720613695","order_sn":"2018062017100213767","price":38.5}

2018-06-20 17:11:03 {"merchant_id":"1499456762","key":"","authCode":"135011092596214501","order_sn":"2018062017110391813","price":38}

2018-06-20 17:11:38 {"merchant_id":"1499456762","key":"","authCode":"134691849549207274","order_sn":"2018062017113885654","price":24}

2018-06-20 17:12:26 {"merchant_id":"2088821827997030","key":"201711BBc699bef5cde842dba6fa5c6bdc706A03","authCode":"286405416906404619","order_sn":"2018062017122653448","price":300}

2018-06-20 17:12:26 {"app_id":"2017071207730667","method":"alipay.trade.pay","charset":"utf-8","sign_type":"RSA","app_auth_token":"201711BBc699bef5cde842dba6fa5c6bdc706A03","timestamp":"2018-06-20 17:12:26","version":"1.0","biz_content":"{\"out_trade_no\":\"2018062017122653448\",\"scene\":\"bar_code\",\"auth_code\":\"286405416906404619\",\"subject\":\"\\u8ba2\\u5355\\u53f7:2018062017122653448\",\"seller_id\":\"2088821827997030\",\"total_amount\":300,\"extend_params\":{\"sys_service_provider_id\":\"2088721521881652\"}}","sign":"gO\/mqk4nAtOGEXRVkcI2K6maTJd3sREaUQGyemm5A+Nvzo2dxeiEiQqivcPciGBEE5AaHlHHGy+yKGIyTfv\/jLpK6qm2ta\/OyDvbo2tPKYlV8NU620yHdoVGKgf9n+nAqi+d7WPMSZY7s6oRmjrTPuCc87ix82JiwzSha6MLrWI="}

2018-06-20 17:12:28 {"alipay_trade_pay_response":{"code":"10000","msg":"Success","buyer_logon_id":"136****2048","buyer_pay_amount":"300.00","buyer_user_id":"2088122315157481","fund_bill_list":[{"amount":"300.00","fund_channel":"ALIPAYACCOUNT"}],"gmt_payment":"2018-06-20 17:12:28","invoice_amount":"300.00","out_trade_no":"2018062017122653448","point_amount":"0.00","receipt_amount":"300.00","total_amount":"300.00","trade_no":"2018062021001004480513817098"},"sign":"wAiXKYgtZNx3OAAlzZXVmI5JKvYuTC23DQsEu1HfggZuHUMUEfZcmoNSgcjOTEhZF3UajcCdw1EuY/77xfVWnxm1YuSvuHFTIqAHQNa7EgRrPXQldmvUbbWXKcektWITbn1KSiz1ZhEDgn174RigbJb59VN7EWGg7LrhlIVQ7Z4="}

2018-06-20 17:16:46 {"merchant_id":"1499456762","key":"","authCode":"134835662284155231","order_sn":"2018062017164614050","price":13}

2018-06-20 17:21:53 {"merchant_id":"1499456762","key":"","authCode":"134619453044317500","order_sn":"2018062017215398506","price":60.5}

2018-06-20 17:27:09 {"merchant_id":"1499456762","key":"","authCode":"135293355102782788","order_sn":"2018062017270973466","price":16}

2018-06-20 17:33:38 {"merchant_id":"1499456762","key":"","authCode":"134870996786584493","order_sn":"2018062017333849485","price":20}

2018-06-20 17:34:24 {"merchant_id":"1499456762","key":"","authCode":"134733571640016107","order_sn":"2018062017342483871","price":39}

2018-06-20 17:35:02 {"merchant_id":"1499456762","key":"","authCode":"134601118171286910","order_sn":"2018062017350279469","price":7}

2018-06-20 17:40:19 {"merchant_id":"1490350062","key":"","authCode":"134635491773568910","order_sn":"2018062017401965600","price":300}

2018-06-20 17:42:24 {"merchant_id":"1490350062","key":"","authCode":"134737993334147388","order_sn":"2018062017422420377","price":300}

2018-06-20 17:45:18 {"merchant_id":"1499456762","key":"","authCode":"134541367172317134","order_sn":"2018062017451887892","price":7}

2018-06-20 17:51:59 {"merchant_id":"1499456762","key":"","authCode":"135000960602319586","order_sn":"2018062017515942298","price":4}

2018-06-20 17:53:50 {"merchant_id":"1499456762","key":"","authCode":"134545939961383760","order_sn":"2018062017535012362","price":19}

2018-06-20 17:56:16 {"merchant_id":"1499456762","key":"","authCode":"134593169055572296","order_sn":"2018062017561686500","price":20}

2018-06-20 18:00:38 {"merchant_id":"1499456762","key":"","authCode":"134726764399033184","order_sn":"2018062018003896419","price":12}

2018-06-20 18:06:14 {"merchant_id":"1499456762","key":"","authCode":"134666447170706316","order_sn":"2018062018061424098","price":200}

2018-06-20 18:07:06 {"merchant_id":"1499456762","key":"","authCode":"134583617479375292","order_sn":"2018062018070675478","price":30}

2018-06-20 18:08:03 {"merchant_id":"1499456762","key":"","authCode":"134681858301751897","order_sn":"2018062018080345055","price":35}

2018-06-20 18:09:20 {"merchant_id":"1499456762","key":"","authCode":"134519564286578112","order_sn":"2018062018092046983","price":33}

2018-06-20 18:17:47 {"merchant_id":"1499456762","key":"","authCode":"134791743646881666","order_sn":"2018062018174755519","price":31}

2018-06-20 18:30:34 {"merchant_id":"1499456762","key":"","authCode":"135818152318549619","order_sn":"2018062018303423057","price":10}

2018-06-20 18:33:42 {"merchant_id":"1499456762","key":"","authCode":"134722630500459561","order_sn":"2018062018334283377","price":28}

2018-06-20 18:39:25 {"merchant_id":"1499456762","key":"","authCode":"134566143700779416","order_sn":"2018062018392412888","price":8}

2018-06-20 18:41:25 {"merchant_id":"1499456762","key":"","authCode":"134542735298979759","order_sn":"2018062018412570011","price":28}

2018-06-20 18:47:14 {"merchant_id":"1490350062","key":"","authCode":"135163759185986106","order_sn":"2018062018471445562","price":300}

2018-06-20 18:49:04 {"merchant_id":"1499456762","key":"","authCode":"135005536043950985","order_sn":"2018062018490456360","price":22}

2018-06-20 18:49:32 {"merchant_id":"1499456762","key":"","authCode":"134991100730680696","order_sn":"2018062018493223373","price":10}

2018-06-20 18:50:44 {"merchant_id":"1499456762","key":"","authCode":"134699037350015762","order_sn":"2018062018504468254","price":16}

2018-06-20 19:07:43 {"merchant_id":"1499456762","key":"","authCode":"134728000979405443","order_sn":"2018062019074398294","price":42}

2018-06-20 19:08:04 {"merchant_id":"1499456762","key":"","authCode":"134894287872149617","order_sn":"2018062019080426528","price":15}

2018-06-20 19:09:54 {"merchant_id":"1499456762","key":"","authCode":"134761613903612865","order_sn":"2018062019095458299","price":21}

2018-06-20 19:13:48 {"merchant_id":"1499456762","key":"","authCode":"134998555374014819","order_sn":"2018062019134826698","price":34}

2018-06-20 19:20:04 {"merchant_id":"1499456762","key":"","authCode":"134787315576243992","order_sn":"2018062019200490266","price":200}

2018-06-20 19:20:34 {"merchant_id":"1499456762","key":"","authCode":"134852142866185344","order_sn":"2018062019203417564","price":28}

2018-06-20 19:22:18 {"merchant_id":"1499456762","key":"","authCode":"134811711709240250","order_sn":"2018062019221825264","price":8}

2018-06-20 19:34:11 {"merchant_id":"1499456762","key":"","authCode":"134786266389248612","order_sn":"2018062019341193173","price":15}

2018-06-20 19:37:11 {"merchant_id":"1490350062","key":"","authCode":"134639484568707080","order_sn":"2018062019371115185","price":300}

2018-06-20 19:40:18 {"merchant_id":"1499456762","key":"","authCode":"134640848073906425","order_sn":"2018062019401897662","price":41}

2018-06-20 19:45:26 {"merchant_id":"1490350062","key":"","authCode":"135108935865230562","order_sn":"2018062019452689131","price":100}

2018-06-20 19:47:20 {"merchant_id":"1499456762","key":"","authCode":"134507998766152315","order_sn":"2018062019472024264","price":108}

2018-06-20 19:50:14 {"merchant_id":"1499456762","key":"","authCode":"134607167302299972","order_sn":"2018062019501422352","price":8}

2018-06-20 19:57:27 {"merchant_id":"1499456762","key":"","authCode":"134622648550073503","order_sn":"2018062019572779762","price":12}

2018-06-20 19:59:12 {"merchant_id":"1499456762","key":"","authCode":"134625985607501327","order_sn":"2018062019591247613","price":14}

2018-06-20 20:00:54 {"merchant_id":"1499456762","key":"","authCode":"134628934674832651","order_sn":"2018062020005459650","price":31}

2018-06-20 20:01:04 {"merchant_id":"1499456762","key":"","authCode":"134922908588932076","order_sn":"2018062020010468617","price":5}

2018-06-20 20:03:51 {"merchant_id":"1499456762","key":"","authCode":"134539437492325426","order_sn":"2018062020035147591","price":9}

2018-06-20 20:04:24 {"merchant_id":"1499456762","key":"","authCode":"134505560568481143","order_sn":"2018062020042460357","price":13}

2018-06-20 20:05:02 {"merchant_id":"1499456762","key":"","authCode":"135016060109765944","order_sn":"2018062020050293656","price":8}

2018-06-20 20:06:59 {"merchant_id":"1499456762","key":"","authCode":"135516811760845561","order_sn":"2018062020065933485","price":11}

2018-06-20 20:07:52 {"merchant_id":"1490350062","key":"","authCode":"135210622675597108","order_sn":"2018062020075251438","price":300}

2018-06-20 20:10:46 {"merchant_id":"1499456762","key":"","authCode":"135620410732243784","order_sn":"2018062020104663693","price":24}

2018-06-20 20:11:17 {"merchant_id":"1493159782","key":"","authCode":"134645314090061394","order_sn":"2018062020111729574","price":300}

2018-06-20 20:12:27 {"merchant_id":"1499456762","key":"","authCode":"134590275133776828","order_sn":"2018062020122741479","price":6}

2018-06-20 20:14:32 {"merchant_id":"1499456762","key":"","authCode":"135039377437508694","order_sn":"2018062020143227272","price":20}

2018-06-20 20:22:55 {"merchant_id":"1499456762","key":"","authCode":"134769635867339764","order_sn":"2018062020225563409","price":6}

2018-06-20 20:25:57 {"merchant_id":"1499456762","key":"","authCode":"134782167165075840","order_sn":"2018062020255732357","price":45}

2018-06-20 20:27:59 {"merchant_id":"1499456762","key":"","authCode":"134932569380833683","order_sn":"2018062020275994074","price":8}

2018-06-20 20:31:36 {"merchant_id":"1499456762","key":"","authCode":"134623885828212531","order_sn":"2018062020313619807","price":7}

2018-06-20 20:34:22 {"merchant_id":"1499456762","key":"","authCode":"134651154173132420","order_sn":"2018062020342249707","price":28}

2018-06-20 20:46:38 {"merchant_id":"1499456762","key":"","authCode":"134963256494455444","order_sn":"2018062020463845843","price":30}

2018-06-20 20:48:03 {"merchant_id":"1499456762","key":"","authCode":"134642451289911077","order_sn":"2018062020480330363","price":14}

2018-06-20 20:51:54 {"merchant_id":"1499456762","key":"","authCode":"134896387566158408","order_sn":"2018062020515422593","price":13}

2018-06-20 20:58:21 {"merchant_id":"1499456762","key":"","authCode":"134773700644504874","order_sn":"2018062020582191955","price":6}

2018-06-20 20:59:10 {"merchant_id":"1499456762","key":"","authCode":"134740090623887533","order_sn":"2018062020591087850","price":16}

2018-06-20 20:59:31 {"merchant_id":"1499456762","key":"","authCode":"134523632332607494","order_sn":"2018062020593128887","price":9}

2018-06-20 21:01:38 {"merchant_id":"1499456762","key":"","authCode":"134807162004917597","order_sn":"2018062021013876541","price":7}

2018-06-20 21:03:41 {"merchant_id":"1499456762","key":"","authCode":"134636231769499255","order_sn":"2018062021034161642","price":15}

2018-06-20 21:06:49 {"merchant_id":"1499456762","key":"","authCode":"134662949109266870","order_sn":"2018062021064987727","price":15}

2018-06-20 21:11:31 {"merchant_id":"1499456762","key":"","authCode":"134506323729473792","order_sn":"2018062021113151417","price":14}

2018-06-20 21:12:13 {"merchant_id":"1499456762","key":"","authCode":"135035257098440872","order_sn":"2018062021121310444","price":35}

2018-06-20 21:12:49 {"merchant_id":"1499456762","key":"","authCode":"134764965283620313","order_sn":"2018062021124912061","price":32}

2018-06-20 21:14:31 {"merchant_id":"1490350062","key":"","authCode":"134710746536265115","order_sn":"2018062021143174293","price":300}

2018-06-20 21:18:29 {"merchant_id":"1499456762","key":"","authCode":"134532726753630271","order_sn":"2018062021182846963","price":23}

2018-06-20 21:25:38 {"merchant_id":"1499456762","key":"","authCode":"134681745015353293","order_sn":"2018062021253873779","price":37}

2018-06-20 21:32:40 {"merchant_id":"1493159782","key":"","authCode":"134687186039032100","order_sn":"2018062021324035391","price":300}

2018-06-20 21:36:21 {"merchant_id":"1499456762","key":"","authCode":"134768905022806185","order_sn":"2018062021362195470","price":17}

2018-06-20 21:37:09 {"merchant_id":"1499456762","key":"","authCode":"134618361548686954","order_sn":"2018062021370963294","price":13}

2018-06-20 21:38:33 {"merchant_id":"1499456762","key":"","authCode":"134767900485460499","order_sn":"2018062021383328748","price":20}

2018-06-20 21:42:50 {"merchant_id":"1490350062","key":"","authCode":"134574690064987049","order_sn":"2018062021425082226","price":100}

2018-06-20 21:58:01 {"merchant_id":"1499456762","key":"","authCode":"134518583410142960","order_sn":"2018062021580126370","price":16}

2018-06-20 22:01:15 {"merchant_id":"2088822285099072","key":"201710BBaa55e11a995b41488709d94fe3bfbX07","authCode":"286222067985163172","order_sn":"2018062022011524113","price":500}

2018-06-20 22:01:15 {"app_id":"2017071207730667","method":"alipay.trade.pay","charset":"utf-8","sign_type":"RSA","app_auth_token":"201710BBaa55e11a995b41488709d94fe3bfbX07","timestamp":"2018-06-20 22:01:15","version":"1.0","biz_content":"{\"out_trade_no\":\"2018062022011524113\",\"scene\":\"bar_code\",\"auth_code\":\"286222067985163172\",\"subject\":\"\\u8ba2\\u5355\\u53f7:2018062022011524113\",\"seller_id\":\"2088822285099072\",\"total_amount\":500,\"extend_params\":{\"sys_service_provider_id\":\"2088721521881652\"}}","sign":"JU823Wpc5xEVoZUiqCu2aTP0aBiyMDd03VVqomZVZb+5ORKKB+fJ9rf6H2SPsY8ay29\/BUpHboY7CpjX\/cIcOIVz8C\/L0fmUT3wVOS27M8t9HDTNmu1tCOFqvJmodkfV22AQ3QJeyK0Y8X6Gm\/5n8tfs5fBqq6+I5MiJrOCo9Jw="}

2018-06-20 22:01:16 {"alipay_trade_pay_response":{"code":"10000","msg":"Success","buyer_logon_id":"125***@qq.com","buyer_pay_amount":"500.00","buyer_user_id":"2088112284683524","fund_bill_list":[{"amount":"500.00","fund_channel":"PCREDIT"}],"gmt_payment":"2018-06-20 22:01:16","invoice_amount":"500.00","out_trade_no":"2018062022011524113","point_amount":"0.00","receipt_amount":"500.00","total_amount":"500.00","trade_no":"2018062021001004520576170088"},"sign":"Vpg9KRub7Q6SJ0M+KvnEH7/WFoGbXGCsYNN9qzyOK5j/h1YieAkBVKr+wQ7MsRu9PUidrTWl4Yt4X259TeZ68mh8zVSEWMxHeYDQn/KCUOeUuzo6/ep/FxhNhE6Fcf1vqrvq6QeNIkU+FVK5XvYgnaHIGhV46Zp9j5Cy0TQ4Ck8="}

2018-06-20 22:33:10 {"merchant_id":"2088822285099072","key":"201710BBaa55e11a995b41488709d94fe3bfbX07","authCode":"289702675010925659","order_sn":"2018062022331086947","price":200}

2018-06-20 22:33:10 {"app_id":"2017071207730667","method":"alipay.trade.pay","charset":"utf-8","sign_type":"RSA","app_auth_token":"201710BBaa55e11a995b41488709d94fe3bfbX07","timestamp":"2018-06-20 22:33:10","version":"1.0","biz_content":"{\"out_trade_no\":\"2018062022331086947\",\"scene\":\"bar_code\",\"auth_code\":\"289702675010925659\",\"subject\":\"\\u8ba2\\u5355\\u53f7:2018062022331086947\",\"seller_id\":\"2088822285099072\",\"total_amount\":200,\"extend_params\":{\"sys_service_provider_id\":\"2088721521881652\"}}","sign":"KiHc7LW0ThGDfw2rs\/bGYPlJZjA7yrSmSz4DfW15pCgB1R\/ENUu4wGOM9YkO1I8C44+nMSjBeMgGgYk3JelCu9xtl3YoW6hbBEmTgUs0d4vazBmU3HhxJZqpOKx78Y4NRzAlY9oF802qODdpK7q36NkidXc8\/UO3zjoKGt02K0E="}

2018-06-20 22:33:12 {"alipay_trade_pay_response":{"code":"10000","msg":"Success","buyer_logon_id":"156****3007","buyer_pay_amount":"200.00","buyer_user_id":"2088712690462823","fund_bill_list":[{"amount":"200.00","fund_channel":"ALIPAYACCOUNT"}],"gmt_payment":"2018-06-20 22:33:12","invoice_amount":"200.00","out_trade_no":"2018062022331086947","point_amount":"0.00","receipt_amount":"200.00","total_amount":"200.00","trade_no":"2018062021001004820525316447"},"sign":"OEIW1SL6AeiZejrbrUngKSZrPFMmVePHhQLHF6NA76a4/+XI7LgM4xzIbKgysSkmfa3lv4Z9Y8z7XtwIBaG1+/Xrc4cQukdj3lRircW4SCmAywScEXJb5XOyooYVgenOn262HUCNp5r1G6F/GADYss4+S/pWmDDJj8o8HUyptdM="}

2018-06-20 23:11:27 {"merchant_id":"2088822285099072","key":"201710BBaa55e11a995b41488709d94fe3bfbX07","authCode":"286209317301450212","order_sn":"2018062023112654713","price":2000}

2018-06-20 23:11:27 {"app_id":"2017071207730667","method":"alipay.trade.pay","charset":"utf-8","sign_type":"RSA","app_auth_token":"201710BBaa55e11a995b41488709d94fe3bfbX07","timestamp":"2018-06-20 23:11:27","version":"1.0","biz_content":"{\"out_trade_no\":\"2018062023112654713\",\"scene\":\"bar_code\",\"auth_code\":\"286209317301450212\",\"subject\":\"\\u8ba2\\u5355\\u53f7:2018062023112654713\",\"seller_id\":\"2088822285099072\",\"total_amount\":2000,\"extend_params\":{\"sys_service_provider_id\":\"2088721521881652\"}}","sign":"L\/AOTY6CP3oXy6coxmH\/ca2DGz401l34mm9K9IkFbZgEZXC5lhibKWEfvsj5RuVyz5I5Jrk8lRRpzcez8Q+jrgeDHLGiog4XCEHIKAdk15uJZBwMbzY8EUJNw50B7mnTmBX3g2t0elVdLZS\/IG7GfagLGZy3U6DmhsE9eCx2s3o="}

2018-06-20 23:11:27 {"alipay_trade_pay_response":{"code":"10003","msg":" order success pay inprocess","buyer_logon_id":"189****3456","buyer_pay_amount":"0.00","buyer_user_id":"2088412946810070","invoice_amount":"0.00","out_trade_no":"2018062023112654713","point_amount":"0.00","receipt_amount":"0.00","total_amount":"2000.00","trade_no":"2018062021001004070550019154"},"sign":"UXnvVtmWWOQiXaBvKH14UC6+tANyxDbC4l7hxoMj5kB748HiHJwJJEJIJlMW7TK1RKPCN/dJCjgJe3/p66dqnZ1xrG7W+XGuQ/baEUr3wHzofoeGAzMZ82Bxv4dGcHSI7tTWyOxlx1UqS8T1G9keYNSO4tRczxM0LqyiA0pXF4c="}

2018-06-20 23:11:27 {"alipay_trade_query_response":{"code":"10000","msg":"Success","buyer_logon_id":"189****3456","buyer_pay_amount":"0.00","buyer_user_id":"2088412946810070","invoice_amount":"0.00","out_trade_no":"2018062023112654713","point_amount":"0.00","receipt_amount":"0.00","total_amount":"2000.00","trade_no":"2018062021001004070550019154","trade_status":"WAIT_BUYER_PAY"},"sign":"oDGLfsgte99pp5OaZJSJ4EDpI+cVhl4rqqLQCaR2I6N2qe4pelGXpfsqtZ4uUE7CBGIog12bc1Tz2kqDrc5Y/lohSMocJ+ZLIwxW7osv6hyorQszK3oK0KP1tGALUhVhPQI0rQQhq8lVzJnblgp2NyM3XoVtq3XnaKCAM/eNazI="}

2018-06-20 23:11:31 {"alipay_trade_query_response":{"code":"10000","msg":"Success","buyer_logon_id":"189****3456","buyer_pay_amount":"0.00","buyer_user_id":"2088412946810070","invoice_amount":"0.00","out_trade_no":"2018062023112654713","point_amount":"0.00","receipt_amount":"0.00","total_amount":"2000.00","trade_no":"2018062021001004070550019154","trade_status":"WAIT_BUYER_PAY"},"sign":"oDGLfsgte99pp5OaZJSJ4EDpI+cVhl4rqqLQCaR2I6N2qe4pelGXpfsqtZ4uUE7CBGIog12bc1Tz2kqDrc5Y/lohSMocJ+ZLIwxW7osv6hyorQszK3oK0KP1tGALUhVhPQI0rQQhq8lVzJnblgp2NyM3XoVtq3XnaKCAM/eNazI="}

2018-06-20 23:11:35 {"alipay_trade_query_response":{"code":"10000","msg":"Success","buyer_logon_id":"189****3456","buyer_pay_amount":"2000.00","buyer_user_id":"2088412946810070","fund_bill_list":[{"amount":"2000.00","fund_channel":"PCREDIT"}],"invoice_amount":"2000.00","out_trade_no":"2018062023112654713","point_amount":"0.00","receipt_amount":"2000.00","send_pay_date":"2018-06-20 23:11:31","total_amount":"2000.00","trade_no":"2018062021001004070550019154","trade_status":"TRADE_SUCCESS"},"sign":"gLwv+Ovo+mMdUHnARZieNE+dyAwWA4YOKrZQDip4BrbIuNQOEnzlginwOlWnOC7rvM3EJ0PSKwl1VNer3xN29KeeBP7eZVOahSOtgdLrUKNLH+cVaLPTF/76U8hpdXZQbmpCuu3YcCbHhb32EwZCT8EXe3CWJw573V+janVX0bw="}

2018-06-20 23:55:13 {"merchant_id":"2088822285099072","key":"201710BBaa55e11a995b41488709d94fe3bfbX07","authCode":"282165665905205426","order_sn":"2018062023551378442","price":300}

2018-06-20 23:55:13 {"app_id":"2017071207730667","method":"alipay.trade.pay","charset":"utf-8","sign_type":"RSA","app_auth_token":"201710BBaa55e11a995b41488709d94fe3bfbX07","timestamp":"2018-06-20 23:55:13","version":"1.0","biz_content":"{\"out_trade_no\":\"2018062023551378442\",\"scene\":\"bar_code\",\"auth_code\":\"282165665905205426\",\"subject\":\"\\u8ba2\\u5355\\u53f7:2018062023551378442\",\"seller_id\":\"2088822285099072\",\"total_amount\":300,\"extend_params\":{\"sys_service_provider_id\":\"2088721521881652\"}}","sign":"GzS7HhcbkVHRUltrsqiUhiOMRSDP93KGipj5tTNipVYMqYkVuJsKKcSgDOfU6fHKNz+ivwA1A\/U1V+gD7JqDewD5Yk7CpyT1fsKS0IZ9JnyscARZiW+RhOK1jb4v7+ebsFvW2copnzZjeZ6T1HVUMbaVWRGp7ibxdTh019DyaYw="}

2018-06-20 23:55:15 {"alipay_trade_pay_response":{"code":"10003","msg":" order success pay inprocess","buyer_logon_id":"186****0111","buyer_pay_amount":"0.00","buyer_user_id":"2088522080942536","invoice_amount":"0.00","out_trade_no":"2018062023551378442","point_amount":"0.00","receipt_amount":"0.00","total_amount":"300.00","trade_no":"2018062021001004530503018739"},"sign":"rmEeo6sOzkKUN7mXdX9ew5fWQNueKAPjWFhPFvGEJMbjwKhOSl3QWTups35L4zydQXlZkTbNs9KBpi55PSb9Uag++b4SN0wzhILYf78xxYthTrrmBmIg5216O2/n951UBANxCx/wgLeMVeREFPc1JrNqHnMzFYLKpGMYz0eIlxk="}

2018-06-20 23:55:15 {"alipay_trade_query_response":{"code":"10000","msg":"Success","buyer_logon_id":"186****0111","buyer_pay_amount":"0.00","buyer_user_id":"2088522080942536","invoice_amount":"0.00","out_trade_no":"2018062023551378442","point_amount":"0.00","receipt_amount":"0.00","total_amount":"300.00","trade_no":"2018062021001004530503018739","trade_status":"WAIT_BUYER_PAY"},"sign":"vNNniPUI++1wlGrXimRygwGj3YN7guZ1YS3d1YOLZomMCmK3k8IQSIm2uQW7WKTZ/fFr6vKTOYdSgpzHV3sZWYi+EbKPGYVTTLFOb/8O73LdBOMkm2VmLLCpZgLuB+oDMxpkhdapVj+UTZ3Sy8bNw6nf5rFHIKWjzqdDpRmFR3o="}

2018-06-20 23:55:19 {"alipay_trade_query_response":{"code":"10000","msg":"Success","buyer_logon_id":"186****0111","buyer_pay_amount":"0.00","buyer_user_id":"2088522080942536","invoice_amount":"0.00","out_trade_no":"2018062023551378442","point_amount":"0.00","receipt_amount":"0.00","total_amount":"300.00","trade_no":"2018062021001004530503018739","trade_status":"WAIT_BUYER_PAY"},"sign":"vNNniPUI++1wlGrXimRygwGj3YN7guZ1YS3d1YOLZomMCmK3k8IQSIm2uQW7WKTZ/fFr6vKTOYdSgpzHV3sZWYi+EbKPGYVTTLFOb/8O73LdBOMkm2VmLLCpZgLuB+oDMxpkhdapVj+UTZ3Sy8bNw6nf5rFHIKWjzqdDpRmFR3o="}

2018-06-20 23:55:23 {"alipay_trade_query_response":{"code":"10000","msg":"Success","buyer_logon_id":"186****0111","buyer_pay_amount":"300.00","buyer_user_id":"2088522080942536","fund_bill_list":[{"amount":"300.00","fund_channel":"ALIPAYACCOUNT"}],"invoice_amount":"300.00","out_trade_no":"2018062023551378442","point_amount":"0.00","receipt_amount":"300.00","send_pay_date":"2018-06-20 23:55:22","total_amount":"300.00","trade_no":"2018062021001004530503018739","trade_status":"TRADE_SUCCESS"},"sign":"gxs3BTilfa2lTCRnTm0HJktZywbUXmjBjs9EGT3x9zvh8k1wCfG05ZjEhrhSKiTNwMDgLlf7gTS9tB0EAHGlrUSd7GSw++f+fJIGGfBzTOlho9QrbGrqZoyiEvzu7P6g3bhUSj218qPwgM0Zo84azHds6IV1PahSCW8pUKkQ38g="}

