2018-06-06 00:59:51 {"merchant_id":"1490350062","key":"","authCode":"135272336416039536","order_sn":"2018060600595189464","price":300}

2018-06-06 09:31:44 {"merchant_id":"1499456762","key":"","authCode":"134615581426240622","order_sn":"2018060609314499951","price":12}

2018-06-06 09:35:06 {"merchant_id":"1499456762","key":"","authCode":"134960730813530314","order_sn":"2018060609350635785","price":15}

2018-06-06 09:36:07 {"merchant_id":"1499456762","key":"","authCode":"135045866364019097","order_sn":"2018060609360784786","price":8}

2018-06-06 09:53:57 {"merchant_id":"1499456762","key":"","authCode":"134986994289540920","order_sn":"2018060609535758935","price":41}

2018-06-06 10:03:09 {"merchant_id":"1499456762","key":"","authCode":"134582406997713068","order_sn":"2018060610030926482","price":23.5}

2018-06-06 10:05:09 {"merchant_id":"1493159782","key":"","authCode":"135059474926051513","order_sn":"2018060610050929718","price":100}

2018-06-06 10:14:33 {"merchant_id":"1499456762","key":"","authCode":"134823003777303279","order_sn":"2018060610143316542","price":15}

2018-06-06 10:19:17 {"merchant_id":"1499456762","key":"","authCode":"135066238046643874","order_sn":"2018060610191736606","price":200}

2018-06-06 10:32:51 {"merchant_id":"1499456762","key":"","authCode":"135000028990638235","order_sn":"2018060610325196747","price":6}

2018-06-06 10:43:52 {"merchant_id":"1499456762","key":"","authCode":"134552356978821537","order_sn":"2018060610435263661","price":70}

2018-06-06 10:46:55 {"merchant_id":"1499456762","key":"","authCode":"134642164425233665","order_sn":"2018060610465517950","price":216}

2018-06-06 10:47:33 {"merchant_id":"1499456762","key":"","authCode":"134538713217162710","order_sn":"2018060610473350016","price":15}

2018-06-06 10:50:25 {"merchant_id":"1499456762","key":"","authCode":"134876637285969742","order_sn":"2018060610502562816","price":33}

2018-06-06 10:51:06 {"merchant_id":"1499456762","key":"","authCode":"135047091702347162","order_sn":"2018060610510682821","price":10}

2018-06-06 10:56:19 {"merchant_id":"1499456762","key":"","authCode":"134710337032880200","order_sn":"2018060610561992585","price":200}

2018-06-06 10:59:43 {"merchant_id":"1490350062","key":"","authCode":"134738120008752451","order_sn":"2018060610594353901","price":200}

2018-06-06 11:06:30 {"merchant_id":"1499456762","key":"","authCode":"134821825691495029","order_sn":"2018060611063043035","price":22}

2018-06-06 11:27:53 {"merchant_id":"1493159782","key":"","authCode":"134879749467111524","order_sn":"2018060611275373783","price":200}

2018-06-06 11:30:41 {"merchant_id":"1493159782","key":"","authCode":"135028240223461958","order_sn":"2018060611304123107","price":200}

2018-06-06 11:32:09 {"merchant_id":"1499456762","key":"","authCode":"134515323536801932","order_sn":"2018060611320974467","price":28}

2018-06-06 11:46:06 {"merchant_id":"1499456762","key":"","authCode":"134701696938321583","order_sn":"2018060611460624552","price":21}

2018-06-06 11:47:33 {"merchant_id":"1499456762","key":"","authCode":"134639695504669364","order_sn":"2018060611473356681","price":15}

2018-06-06 12:12:04 {"merchant_id":"1499456762","key":"","authCode":"134568135373106511","order_sn":"2018060612120476493","price":8}

2018-06-06 12:22:13 {"merchant_id":"1499456762","key":"","authCode":"135171232722013950","order_sn":"2018060612221361213","price":6}

2018-06-06 12:23:41 {"merchant_id":"1499456762","key":"","authCode":"135309733750261600","order_sn":"2018060612234189694","price":4}

2018-06-06 13:00:44 {"merchant_id":"1493159782","key":"","authCode":"134644745311866341","order_sn":"2018060613004434798","price":400}

2018-06-06 13:05:58 {"merchant_id":"1490350062","key":"","authCode":"134872857990240202","order_sn":"2018060613055856017","price":200}

2018-06-06 13:18:30 {"merchant_id":"1499456762","key":"","authCode":"134734938048324925","order_sn":"2018060613183061482","price":8}

2018-06-06 13:19:36 {"merchant_id":"1499456762","key":"","authCode":"134948078734255440","order_sn":"2018060613193630088","price":24}

2018-06-06 13:47:00 {"merchant_id":"1499456762","key":"","authCode":"135043894649401016","order_sn":"2018060613470065842","price":12}

2018-06-06 14:05:27 {"merchant_id":"1499456762","key":"","authCode":"134673096021113270","order_sn":"2018060614052755158","price":6}

2018-06-06 14:48:19 {"merchant_id":"1490350062","key":"","authCode":"134594447307098414","order_sn":"2018060614481991824","price":900}

2018-06-06 14:52:57 {"merchant_id":"1499456762","key":"","authCode":"134904266362481045","order_sn":"2018060614525771093","price":10}

2018-06-06 15:02:33 {"merchant_id":"1499456762","key":"","authCode":"134715842300813100","order_sn":"2018060615023336743","price":31}

2018-06-06 15:09:20 {"merchant_id":"1493159782","key":"","authCode":"134784404342314128","order_sn":"2018060615092019348","price":600}

2018-06-06 15:24:24 {"merchant_id":"1499456762","key":"","authCode":"134701086387237173","order_sn":"2018060615242454139","price":10}

2018-06-06 15:28:17 {"merchant_id":"1499456762","key":"","authCode":"134554516299161640","order_sn":"2018060615281769071","price":45}

2018-06-06 15:35:46 {"merchant_id":"1493159782","key":"","authCode":"135024111068887479","order_sn":"2018060615354652299","price":200}

2018-06-06 15:39:43 {"merchant_id":"1493159782","key":"","authCode":"134915142846263412","order_sn":"2018060615394351464","price":100}

2018-06-06 15:42:36 {"merchant_id":"1499456762","key":"","authCode":"134728709894985687","order_sn":"2018060615423674823","price":23.5}

2018-06-06 15:45:05 {"merchant_id":"1499456762","key":"","authCode":"134671308266945563","order_sn":"2018060615450538390","price":9}

2018-06-06 15:45:49 {"merchant_id":"1499456762","key":"","authCode":"134632753252472847","order_sn":"2018060615454945074","price":5}

2018-06-06 15:51:00 {"merchant_id":"1499456762","key":"","authCode":"134783105378658882","order_sn":"2018060615510023169","price":38}

2018-06-06 16:07:36 {"merchant_id":"1499456762","key":"","authCode":"134573992931164508","order_sn":"2018060616073624342","price":7}

2018-06-06 16:14:09 {"merchant_id":"1499456762","key":"","authCode":"134521612133197860","order_sn":"2018060616140987537","price":25}

2018-06-06 16:22:13 {"merchant_id":"1493159782","key":"","authCode":"134818273572146607","order_sn":"2018060616221372006","price":800}

2018-06-06 16:29:33 {"merchant_id":"1499456762","key":"","authCode":"134662071430116923","order_sn":"2018060616293371402","price":198}

2018-06-06 16:31:32 {"merchant_id":"1499456762","key":"","authCode":"134653702927036474","order_sn":"2018060616313271131","price":33.5}

2018-06-06 16:31:46 {"merchant_id":"2088821827997030","key":"201711BBc699bef5cde842dba6fa5c6bdc706A03","authCode":"286675845233491062","order_sn":"2018060616314636269","price":300}

2018-06-06 16:31:46 {"app_id":"2017071207730667","method":"alipay.trade.pay","charset":"utf-8","sign_type":"RSA","app_auth_token":"201711BBc699bef5cde842dba6fa5c6bdc706A03","timestamp":"2018-06-06 16:31:46","version":"1.0","biz_content":"{\"out_trade_no\":\"2018060616314636269\",\"scene\":\"bar_code\",\"auth_code\":\"286675845233491062\",\"subject\":\"\\u8ba2\\u5355\\u53f7:2018060616314636269\",\"seller_id\":\"2088821827997030\",\"total_amount\":300,\"extend_params\":{\"sys_service_provider_id\":\"2088721521881652\"}}","sign":"Lm4LdUwRBeKNNfEgvMB4dk6z+ZWVyTbAV4v8ysiX2Jw0nXSUTtzO4xovY+77vwbHeDbx12VjPfttBe+wZPfqkh92Hnt37a7qmIZSR7g9iaHUV96RV5gpd6fgB7uoi6svW86ohafYBkeCYqvrfuv3ztBeL+UL4Z+dOrbJYAcyi+U="}

2018-06-06 16:31:47 {"alipay_trade_pay_response":{"code":"10000","msg":"Success","buyer_logon_id":"182****5191","buyer_pay_amount":"299.00","buyer_user_id":"2088222789062693","fund_bill_list":[{"amount":"299.00","fund_channel":"PCREDIT"},{"amount":"1.00","fund_channel":"DISCOUNT"}],"gmt_payment":"2018-06-06 16:31:47","invoice_amount":"299.00","out_trade_no":"2018060616314636269","point_amount":"1.00","receipt_amount":"300.00","total_amount":"300.00","trade_no":"2018060621001004690534450257"},"sign":"rchtfTBau8jluJcOHTyVr0tm2bDMuJ+KGUXTTBSHZP/oOdJgif78MX6sxB1tpSldQ/geDZK8ReW0keUAGhWcCvDmv+8QP9GizcKx9koSD5gyofG1mB4PiNRAaJIPtYructAnny70iOqKXhmJDDj5htDRaPyYTCmqFhTG5qtc+dg="}

2018-06-06 16:37:08 {"merchant_id":"1493159782","key":"","authCode":"134616664704183170","order_sn":"2018060616370862443","price":200}

2018-06-06 16:39:11 {"merchant_id":"1499456762","key":"","authCode":"135011309521039805","order_sn":"2018060616391147245","price":158}

2018-06-06 16:45:08 {"merchant_id":"1499456762","key":"","authCode":"134598080414915836","order_sn":"2018060616450849336","price":12}

2018-06-06 16:47:29 {"merchant_id":"1499456762","key":"","authCode":"135058623833927642","order_sn":"2018060616472840232","price":128}

2018-06-06 16:51:14 {"merchant_id":"1493159782","key":"","authCode":"134549815125947847","order_sn":"2018060616511464447","price":400}

2018-06-06 16:56:24 {"merchant_id":"1493159782","key":"","authCode":"134991025000813303","order_sn":"2018060616562442929","price":200}

2018-06-06 17:02:41 {"merchant_id":"1499456762","key":"","authCode":"134838672074546114","order_sn":"2018060617024188643","price":12}

2018-06-06 17:02:51 {"merchant_id":"1499456762","key":"","authCode":"134767188490114201","order_sn":"2018060617025112847","price":30}

2018-06-06 17:06:46 {"merchant_id":"1499456762","key":"","authCode":"134796651974429951","order_sn":"2018060617064619122","price":21}

2018-06-06 17:07:42 {"merchant_id":"2088822285099072","key":"201710BBaa55e11a995b41488709d94fe3bfbX07","authCode":"286666087236755065","order_sn":"2018060617074262535","price":300}

2018-06-06 17:07:42 {"app_id":"2017071207730667","method":"alipay.trade.pay","charset":"utf-8","sign_type":"RSA","app_auth_token":"201710BBaa55e11a995b41488709d94fe3bfbX07","timestamp":"2018-06-06 17:07:42","version":"1.0","biz_content":"{\"out_trade_no\":\"2018060617074262535\",\"scene\":\"bar_code\",\"auth_code\":\"286666087236755065\",\"subject\":\"\\u8ba2\\u5355\\u53f7:2018060617074262535\",\"seller_id\":\"2088822285099072\",\"total_amount\":300,\"extend_params\":{\"sys_service_provider_id\":\"2088721521881652\"}}","sign":"dTOaEnWBKS1E+ivi\/Xe9x6LJH0HU1ZAljjw5Axbe8J5n5mualILpNP9EEg9KYSoGiCNJEOMoZ7A9I4qvrAMWt3X4aNdDMRUHkx4xxnndSKebOybixlyfi4dAzPdEoxS4bP8FlNaRr7rBDo47RUByCKd2fug3wxEYBCblgBWqnY8="}

2018-06-06 17:07:43 {"alipay_trade_pay_response":{"code":"10000","msg":"Success","buyer_logon_id":"138****8323","buyer_pay_amount":"300.00","buyer_user_id":"2088222078650251","fund_bill_list":[{"amount":"300.00","fund_channel":"PCREDIT"}],"gmt_payment":"2018-06-06 17:07:43","invoice_amount":"300.00","out_trade_no":"2018060617074262535","point_amount":"0.00","receipt_amount":"300.00","total_amount":"300.00","trade_no":"2018060621001004250560897391"},"sign":"d9XaVkdVLj1hQl5O0yVQnIMIjYT1EQC0sGL8JW+v+keO2hiQbWimgXKFC3Jq5c1dTr+jtwO5Pw0sLj0n6gTJj0NUF57VttFsJWs81FazfIBHncm1v3NVI+jAwEC4RHb7CaFBuj12n8TXv0gPVsmVbhuYO+Tawl3vYIusVm1KlwQ="}

2018-06-06 17:11:28 {"merchant_id":"1499456762","key":"","authCode":"134649419057126374","order_sn":"2018060617112862908","price":5}

2018-06-06 17:14:57 {"merchant_id":"1499456762","key":"","authCode":"134688940355225429","order_sn":"2018060617145736742","price":22}

2018-06-06 17:38:55 {"merchant_id":"1499456762","key":"","authCode":"134637760525885353","order_sn":"2018060617385522082","price":45.5}

2018-06-06 17:50:40 {"merchant_id":"1499456762","key":"","authCode":"134610841873230107","order_sn":"2018060617504015284","price":7}

2018-06-06 17:57:32 {"merchant_id":"1499456762","key":"","authCode":"134533888082264107","order_sn":"2018060617573291517","price":38}

2018-06-06 17:58:01 {"merchant_id":"1499456762","key":"","authCode":"134782727539533771","order_sn":"2018060617580181521","price":36.5}

2018-06-06 18:02:33 {"merchant_id":"1499456762","key":"","authCode":"134657104598576895","order_sn":"2018060618023321145","price":35}

2018-06-06 18:08:55 {"merchant_id":"1499456762","key":"","authCode":"135416731866187574","order_sn":"2018060618085510984","price":8}

2018-06-06 18:09:06 {"merchant_id":"1499456762","key":"","authCode":"134583715103203070","order_sn":"2018060618090699479","price":20}

2018-06-06 18:09:46 {"merchant_id":"1493159782","key":"","authCode":"135849689432237051","order_sn":"2018060618094585458","price":4758}

2018-06-06 18:10:33 {"merchant_id":"1493159782","key":"","authCode":"134667625106073590","order_sn":"2018060618103356561","price":4758}

2018-06-06 18:10:36 {"merchant_id":"1499456762","key":"","authCode":"134551360499543491","order_sn":"2018060618103629936","price":83}

2018-06-06 18:15:36 {"merchant_id":"2088822285099072","key":"201710BBaa55e11a995b41488709d94fe3bfbX07","authCode":"288290348722875055","order_sn":"2018060618153670406","price":200}

2018-06-06 18:15:36 {"app_id":"2017071207730667","method":"alipay.trade.pay","charset":"utf-8","sign_type":"RSA","app_auth_token":"201710BBaa55e11a995b41488709d94fe3bfbX07","timestamp":"2018-06-06 18:15:36","version":"1.0","biz_content":"{\"out_trade_no\":\"2018060618153670406\",\"scene\":\"bar_code\",\"auth_code\":\"288290348722875055\",\"subject\":\"\\u8ba2\\u5355\\u53f7:2018060618153670406\",\"seller_id\":\"2088822285099072\",\"total_amount\":200,\"extend_params\":{\"sys_service_provider_id\":\"2088721521881652\"}}","sign":"AMpr7dCqxiXpMSf0rejqn2LnGzbTK\/4FHhGk7Eo19nAKcXDbWyn8bssMaL1zQwXfiOqr7TF9JSklZ8D89quac\/zp6PQx1aOUIZJSyoY\/aOF6NoiUoFOstQ9sZs8kqmd97xJdvkwtYfGoCpq1aCLCCFBV6U0su4yawzV3ZZ5f0R0="}

2018-06-06 18:15:38 {"alipay_trade_pay_response":{"code":"10000","msg":"Success","buyer_logon_id":"132****0775","buyer_pay_amount":"200.00","buyer_user_id":"2088422505630164","fund_bill_list":[{"amount":"200.00","fund_channel":"PCREDIT"}],"gmt_payment":"2018-06-06 18:15:38","invoice_amount":"200.00","out_trade_no":"2018060618153670406","point_amount":"0.00","receipt_amount":"200.00","total_amount":"200.00","trade_no":"2018060621001004160563257691"},"sign":"kUpyD+BqZtlShLWQY+bJcOjlKHa9pT4YBrgmvB3V/haG7H692FH1Pc5h02DbnZBzaU2YD21ut20cmjGR6L180qQGM0zd54phCoHGgL9IfIH7WrJMCmo1xW4iho+qA7FYHzjcYVe7xUfaHMOXci2a82tckbIs23YA3vr2MWpdk6s="}

2018-06-06 18:16:44 {"merchant_id":"1490350062","key":"","authCode":"134730594744206988","order_sn":"2018060618164469786","price":300}

2018-06-06 18:21:26 {"merchant_id":"1499456762","key":"","authCode":"134852922740334833","order_sn":"2018060618212525020","price":49.5}

2018-06-06 18:23:14 {"merchant_id":"1499456762","key":"","authCode":"135525587657087978","order_sn":"2018060618231430553","price":20}

2018-06-06 18:25:34 {"merchant_id":"1499456762","key":"","authCode":"134755304499351347","order_sn":"2018060618253446178","price":12}

2018-06-06 18:27:16 {"merchant_id":"1499456762","key":"","authCode":"134939216383758969","order_sn":"2018060618271642820","price":15}

2018-06-06 18:27:23 {"merchant_id":"1499456762","key":"","authCode":"134896242120392663","order_sn":"2018060618272399762","price":15}

2018-06-06 18:35:02 {"merchant_id":"1499456762","key":"","authCode":"134512406978308732","order_sn":"2018060618350212486","price":32}

2018-06-06 18:36:21 {"merchant_id":"1490350062","key":"","authCode":"134606236745834646","order_sn":"2018060618362047064","price":300}

2018-06-06 18:36:24 {"merchant_id":"1499456762","key":"","authCode":"134626175883980232","order_sn":"2018060618362465260","price":15}

2018-06-06 18:40:30 {"merchant_id":"1499456762","key":"","authCode":"134686325168658647","order_sn":"2018060618403022146","price":38}

2018-06-06 18:42:38 {"merchant_id":"1499456762","key":"","authCode":"134948125272547262","order_sn":"2018060618423830132","price":69}

2018-06-06 18:45:47 {"merchant_id":"1493159782","key":"","authCode":"134917956585051339","order_sn":"2018060618454716063","price":200}

2018-06-06 18:54:46 {"merchant_id":"1499456762","key":"","authCode":"134931297734921867","order_sn":"2018060618544663213","price":8.5}

2018-06-06 19:00:47 {"merchant_id":"1493159782","key":"","authCode":"134923410231151917","order_sn":"2018060619004782279","price":500}

2018-06-06 19:02:54 {"merchant_id":"1499456762","key":"","authCode":"135240100330522634","order_sn":"2018060619025412531","price":14}

2018-06-06 19:05:56 {"merchant_id":"1499456762","key":"","authCode":"135034935468053871","order_sn":"2018060619055650217","price":34}

2018-06-06 19:07:19 {"merchant_id":"1499456762","key":"","authCode":"134884857310512523","order_sn":"2018060619071935113","price":200}

2018-06-06 19:10:55 {"merchant_id":"1499456762","key":"","authCode":"135029046760690589","order_sn":"2018060619105545717","price":10}

2018-06-06 19:11:53 {"merchant_id":"1499456762","key":"","authCode":"134728429174000705","order_sn":"2018060619115344507","price":10}

2018-06-06 19:17:19 {"merchant_id":"1499456762","key":"","authCode":"134996736450670181","order_sn":"2018060619171971255","price":11}

2018-06-06 19:21:16 {"merchant_id":"1499456762","key":"","authCode":"134517204109068747","order_sn":"2018060619211695890","price":18}

2018-06-06 19:23:00 {"merchant_id":"2088822285099072","key":"201710BBaa55e11a995b41488709d94fe3bfbX07","authCode":"284327494226300425","order_sn":"2018060619230089317","price":600}

2018-06-06 19:23:00 {"app_id":"2017071207730667","method":"alipay.trade.pay","charset":"utf-8","sign_type":"RSA","app_auth_token":"201710BBaa55e11a995b41488709d94fe3bfbX07","timestamp":"2018-06-06 19:23:00","version":"1.0","biz_content":"{\"out_trade_no\":\"2018060619230089317\",\"scene\":\"bar_code\",\"auth_code\":\"284327494226300425\",\"subject\":\"\\u8ba2\\u5355\\u53f7:2018060619230089317\",\"seller_id\":\"2088822285099072\",\"total_amount\":600,\"extend_params\":{\"sys_service_provider_id\":\"2088721521881652\"}}","sign":"pPVpv3NF7kYrJY4RXkf8DfNwyxPFnz97ZuP2ac7rfkJY7onliYwZlVoGzzr+6BRtfa7sQ6Jdr8Wjsy73+iBny\/OpNW6\/nem7JqDkTRM+XWTyTZh79DspP9emnKyZ1CidyJWfmSHoPb4EbKpR1wTCvk+ZkXl4HwzSEIGplNxVYPw="}

2018-06-06 19:23:01 {"alipay_trade_pay_response":{"code":"10000","msg":"Success","buyer_logon_id":"186****5223","buyer_pay_amount":"600.00","buyer_user_id":"2088212889694661","fund_bill_list":[{"amount":"600.00","fund_channel":"ALIPAYACCOUNT"}],"gmt_payment":"2018-06-06 19:23:01","invoice_amount":"600.00","out_trade_no":"2018060619230089317","point_amount":"0.00","receipt_amount":"600.00","total_amount":"600.00","trade_no":"2018060621001004660532856462"},"sign":"jP3SkJzciL81QIRrHhIcDdisnaydHZ3Hs6pLgAa146EINW7O07810q/+H2BxVLEZ78ry8DYEb+i8r6AKQRg426J7QPUKJnBLQrknX4/iL47TgiRNRouQCj3kPDiusy6t6ca9kXRB9gqU+Cp3ViSD2dq1Ah3oQ0LRBdY1icJOwnU="}

2018-06-06 19:23:26 {"merchant_id":"1499456762","key":"","authCode":"134685869876868553","order_sn":"2018060619232654427","price":5}

2018-06-06 19:36:23 {"merchant_id":"1499456762","key":"","authCode":"134613491714996566","order_sn":"2018060619362373452","price":15}

2018-06-06 19:38:35 {"merchant_id":"1499456762","key":"","authCode":"135019700917223024","order_sn":"2018060619383524410","price":22}

2018-06-06 19:42:24 {"merchant_id":"1499456762","key":"","authCode":"134598937055975159","order_sn":"2018060619422470807","price":14}

2018-06-06 19:48:35 {"merchant_id":"1499456762","key":"","authCode":"134724127315907968","order_sn":"2018060619483575520","price":28}

2018-06-06 19:48:43 {"merchant_id":"1499456762","key":"","authCode":"134618011892653278","order_sn":"2018060619484385552","price":19.8}

2018-06-06 19:54:49 {"merchant_id":"1493159782","key":"","authCode":"134991849823489826","order_sn":"2018060619544987601","price":300}

2018-06-06 19:58:32 {"merchant_id":"1499456762","key":"","authCode":"134926917109267599","order_sn":"2018060619583257851","price":11}

2018-06-06 20:05:35 {"merchant_id":"1499456762","key":"","authCode":"134564024491548026","order_sn":"2018060620053550097","price":8}

2018-06-06 20:08:35 {"merchant_id":"1499456762","key":"","authCode":"134777369665547706","order_sn":"2018060620083518550","price":12}

2018-06-06 20:13:42 {"merchant_id":"1499456762","key":"","authCode":"135002081645391467","order_sn":"2018060620134210233","price":16}

2018-06-06 20:15:16 {"merchant_id":"1499456762","key":"","authCode":"134862685889517804","order_sn":"2018060620151685770","price":12}

2018-06-06 20:16:21 {"merchant_id":"1499456762","key":"","authCode":"134570046602550383","order_sn":"2018060620162131691","price":16}

2018-06-06 20:16:42 {"merchant_id":"1499456762","key":"","authCode":"135162827077104493","order_sn":"2018060620164256012","price":50}

2018-06-06 20:17:55 {"merchant_id":"1499456762","key":"","authCode":"134791023567794349","order_sn":"2018060620175537784","price":57}

2018-06-06 20:21:50 {"merchant_id":"1499456762","key":"","authCode":"134632996562741980","order_sn":"2018060620215084336","price":19}

2018-06-06 20:34:14 {"merchant_id":"1499456762","key":"","authCode":"134639503529624989","order_sn":"2018060620341479022","price":14}

2018-06-06 20:35:06 {"merchant_id":"1499456762","key":"","authCode":"134688686993347519","order_sn":"2018060620350652509","price":30}

2018-06-06 20:35:15 {"merchant_id":"1499456762","key":"","authCode":"135063116039482529","order_sn":"2018060620351595219","price":14}

2018-06-06 20:36:13 {"merchant_id":"1499456762","key":"","authCode":"134760665526675844","order_sn":"2018060620361363942","price":47.5}

2018-06-06 20:42:57 {"merchant_id":"1499456762","key":"","authCode":"134631157153432964","order_sn":"2018060620425785488","price":35.8}

2018-06-06 20:43:55 {"merchant_id":"1499456762","key":"","authCode":"134538006890208647","order_sn":"2018060620435558801","price":15}

2018-06-06 20:44:38 {"merchant_id":"1499456762","key":"","authCode":"134782120220072401","order_sn":"2018060620443875439","price":8}

2018-06-06 20:45:34 {"merchant_id":"1499456762","key":"","authCode":"134995910499836781","order_sn":"2018060620453477908","price":25}

2018-06-06 20:46:11 {"merchant_id":"1499456762","key":"","authCode":"134934388949912529","order_sn":"2018060620461199758","price":22}

2018-06-06 20:46:43 {"merchant_id":"1499456762","key":"","authCode":"134642600317109439","order_sn":"2018060620464339455","price":9}

2018-06-06 20:52:18 {"merchant_id":"1499456762","key":"","authCode":"134508422823240581","order_sn":"2018060620521822853","price":8}

2018-06-06 20:57:19 {"merchant_id":"1499456762","key":"","authCode":"134773543003222191","order_sn":"2018060620571947904","price":25}

2018-06-06 20:58:54 {"merchant_id":"1499456762","key":"","authCode":"134886308612529016","order_sn":"2018060620585473366","price":15}

2018-06-06 20:59:17 {"merchant_id":"1499456762","key":"","authCode":"134749842911552285","order_sn":"2018060620591760977","price":16.5}

2018-06-06 21:03:54 {"merchant_id":"1499456762","key":"","authCode":"134528191721836832","order_sn":"2018060621035446370","price":25}

2018-06-06 21:17:21 {"merchant_id":"1499456762","key":"","authCode":"134771448394743082","order_sn":"2018060621172117907","price":39}

2018-06-06 21:19:55 {"merchant_id":"1499456762","key":"","authCode":"134567488757214299","order_sn":"2018060621195486900","price":8}

2018-06-06 21:22:39 {"merchant_id":"1499456762","key":"","authCode":"135230811863769328","order_sn":"2018060621223934468","price":9}

2018-06-06 21:24:45 {"merchant_id":"1499456762","key":"","authCode":"134667964521405442","order_sn":"2018060621244572627","price":36}

2018-06-06 21:25:24 {"merchant_id":"1499456762","key":"","authCode":"134887980065968584","order_sn":"2018060621252451358","price":33}

2018-06-06 21:27:34 {"merchant_id":"1499456762","key":"","authCode":"135046482568195162","order_sn":"2018060621273446437","price":21}

2018-06-06 21:29:36 {"merchant_id":"1490350062","key":"","authCode":"134703603600981361","order_sn":"2018060621293687870","price":300}

2018-06-06 21:30:20 {"merchant_id":"1499456762","key":"","authCode":"134620099514893055","order_sn":"2018060621302074413","price":17}

2018-06-06 21:32:43 {"merchant_id":"1499456762","key":"","authCode":"134641572288014988","order_sn":"2018060621324379822","price":17}

2018-06-06 21:32:52 {"merchant_id":"1490350062","key":"","authCode":"134744436847130480","order_sn":"2018060621325225662","price":500}

2018-06-06 21:37:33 {"merchant_id":"1499456762","key":"","authCode":"134566947079757228","order_sn":"2018060621373382492","price":30}

2018-06-06 21:45:19 {"merchant_id":"1499456762","key":"","authCode":"134787681294564754","order_sn":"2018060621451913592","price":69}

2018-06-06 21:47:51 {"merchant_id":"1499456762","key":"","authCode":"134518307689007527","order_sn":"2018060621475138372","price":12}

2018-06-06 21:55:25 {"merchant_id":"1499456762","key":"","authCode":"135038644652583358","order_sn":"2018060621552520053","price":38}

2018-06-06 21:58:47 {"merchant_id":"1499456762","key":"","authCode":"134616794703262697","order_sn":"2018060621584791138","price":13}

2018-06-06 22:02:53 {"merchant_id":"1490350062","key":"","authCode":"135567165845369078","order_sn":"2018060622025382953","price":300}

2018-06-06 22:12:22 {"merchant_id":"1499456762","key":"","authCode":"134609731489052754","order_sn":"2018060622122287931","price":16}

2018-06-06 22:15:43 {"merchant_id":"1499456762","key":"","authCode":"134567553991809739","order_sn":"2018060622154396362","price":29}

2018-06-06 22:31:45 {"merchant_id":"1499456762","key":"","authCode":"135041124719375459","order_sn":"2018060622314552001","price":25}

