2018-06-21 01:35:17 {"merchant_id":"1490350062","key":"","authCode":"134770062581963562","order_sn":"2018062101351735053","price":300}

2018-06-21 07:54:25 {"merchant_id":"2088821827997030","key":"201711BBc699bef5cde842dba6fa5c6bdc706A03","authCode":"286096576597463725","order_sn":"2018062107542519824","price":158}

2018-06-21 07:54:25 {"app_id":"2017071207730667","method":"alipay.trade.pay","charset":"utf-8","sign_type":"RSA","app_auth_token":"201711BBc699bef5cde842dba6fa5c6bdc706A03","timestamp":"2018-06-21 07:54:25","version":"1.0","biz_content":"{\"out_trade_no\":\"2018062107542519824\",\"scene\":\"bar_code\",\"auth_code\":\"286096576597463725\",\"subject\":\"\\u8ba2\\u5355\\u53f7:2018062107542519824\",\"seller_id\":\"2088821827997030\",\"total_amount\":158,\"extend_params\":{\"sys_service_provider_id\":\"2088721521881652\"}}","sign":"CsrKnhYJ9TcLX7EY6VF+797Pk+JfzdK3ffjorSKsIKz1wmRevcuMEnOLF3J3I5eBhyqVxVIz2mgU5xbLPdY7vsSrvOkD7vRSQy7PSrLWoFUzTM\/DSdFV+sDqs+eS\/cXwqBbhdkiJ5PD1rHMfcddwtFkynJP\/XI3BnBid1BCjr8s="}

2018-06-21 07:54:27 {"alipay_trade_pay_response":{"code":"10000","msg":"Success","buyer_logon_id":"136****2048","buyer_pay_amount":"158.00","buyer_user_id":"2088122315157481","fund_bill_list":[{"amount":"158.00","fund_channel":"ALIPAYACCOUNT"}],"gmt_payment":"2018-06-21 07:54:27","invoice_amount":"158.00","out_trade_no":"2018062107542519824","point_amount":"0.00","receipt_amount":"158.00","total_amount":"158.00","trade_no":"2018062121001004480515767563"},"sign":"StfWKi11OV+2mZOWKF+SfH9B9PSSvEO6V5wdiYnjF2GuZyRcqUuyOu/8xP+G+Zg3UdDBi9r7LRVc+FEBI42FO33F9z+ygbIiZeZYt4BYJzjkqvHv6egAF1RGUdYcPeF6xQHU5G0BZ0K+Fjk0kHDvQbEBA0BBrw3jhNdvxB+joKc="}

2018-06-21 08:13:51 {"merchant_id":"1499456762","key":"","authCode":"134510715353295489","order_sn":"2018062108135181963","price":0.1}

2018-06-21 08:18:05 {"merchant_id":"1490350062","key":"","authCode":"134600650415273077","order_sn":"2018062108180596943","price":17}

2018-06-21 08:23:50 {"merchant_id":"1499456762","key":"","authCode":"135046380697910645","order_sn":"2018062108235052913","price":7}

2018-06-21 08:24:02 {"merchant_id":"1499456762","key":"","authCode":"135870729762741246","order_sn":"2018062108240278514","price":16}

2018-06-21 08:37:05 {"merchant_id":"1499456762","key":"","authCode":"135251397359565324","order_sn":"2018062108370572310","price":0.01}

2018-06-21 08:48:10 {"merchant_id":"1499456762","key":"","authCode":"134775873860924491","order_sn":"2018062108481062687","price":17}

2018-06-21 08:49:35 {"merchant_id":"1499456762","key":"","authCode":"134728152086507137","order_sn":"2018062108493587058","price":20}

2018-06-21 09:18:55 {"merchant_id":"2088821827997030","key":"201711BBc699bef5cde842dba6fa5c6bdc706A03","authCode":"288796056636335911","order_sn":"2018062109185542067","price":158}

2018-06-21 09:18:55 {"app_id":"2017071207730667","method":"alipay.trade.pay","charset":"utf-8","sign_type":"RSA","app_auth_token":"201711BBc699bef5cde842dba6fa5c6bdc706A03","timestamp":"2018-06-21 09:18:55","version":"1.0","biz_content":"{\"out_trade_no\":\"2018062109185542067\",\"scene\":\"bar_code\",\"auth_code\":\"288796056636335911\",\"subject\":\"\\u8ba2\\u5355\\u53f7:2018062109185542067\",\"seller_id\":\"2088821827997030\",\"total_amount\":158,\"extend_params\":{\"sys_service_provider_id\":\"2088721521881652\"}}","sign":"CUami1bej84WDMALgY1dQXXGLKe08az9YwbR+u4o1t9ohZBxcEoV1LZZY6DZhTRXxfHDb59xcsAE5MLpy7ps1IRIPWmkUyD56XD1hvM\/22RZJlsIUwqFs32jmQIRxCnbbwGYTNkQb+CkND9EZTLKnVS32WpJlRvQcwfJe94DrGg="}

2018-06-21 09:18:56 {"alipay_trade_pay_response":{"code":"10000","msg":"Success","buyer_logon_id":"245***@qq.com","buyer_pay_amount":"158.00","buyer_user_id":"2088302130830440","fund_bill_list":[{"amount":"158.00","fund_channel":"ALIPAYACCOUNT"}],"gmt_payment":"2018-06-21 09:18:56","invoice_amount":"158.00","out_trade_no":"2018062109185542067","point_amount":"0.00","receipt_amount":"158.00","total_amount":"158.00","trade_no":"2018062121001004440515131623"},"sign":"HzDROfZH+sEc6D2geLqxdZ4HKLzroEAzGcxC1NPNlaeDfIy4j1XdhezTN3UMK7ZH8J79y4fCj1Ii3FDZRxqU3npHq8wJnmImFjr6flw5btUv01KIAADarwEW6OXD0RO9+iThuKve7K8ftkuDackA2eUY5/AdOlcT9Y8K+DE3tsU="}

2018-06-21 09:23:49 {"merchant_id":"1499456762","key":"","authCode":"134516924730378196","order_sn":"2018062109234990348","price":13}

2018-06-21 10:06:14 {"merchant_id":"1499456762","key":"","authCode":"135020821168104505","order_sn":"2018062110061412423","price":300}

2018-06-21 10:07:46 {"merchant_id":"1499456762","key":"","authCode":"135019485370558928","order_sn":"2018062110074695598","price":100}

2018-06-21 10:08:19 {"merchant_id":"1499456762","key":"","authCode":"135155597126458957","order_sn":"2018062110081919923","price":100}

2018-06-21 10:36:03 {"merchant_id":"1499456762","key":"","authCode":"134608690029766129","order_sn":"2018062110360394620","price":0.1}

2018-06-21 11:01:49 {"merchant_id":"1493159782","key":"","authCode":"134636951950373453","order_sn":"2018062111014949381","price":2000}

2018-06-21 11:02:34 {"merchant_id":"1493159782","key":"","authCode":"134601462905377956","order_sn":"2018062111023476372","price":2000}

2018-06-21 11:09:50 {"merchant_id":"1499456762","key":"","authCode":"134608700828483360","order_sn":"2018062111095056080","price":29}

2018-06-21 11:38:42 {"merchant_id":"1499456762","key":"","authCode":"134610819642788067","order_sn":"2018062111384264692","price":16}

2018-06-21 11:51:19 {"merchant_id":"1499456762","key":"","authCode":"134766464844460209","order_sn":"2018062111511997546","price":25}

2018-06-21 11:56:44 {"merchant_id":"1499456762","key":"","authCode":"135175751994717362","order_sn":"2018062111564470480","price":0.01}

2018-06-21 12:00:52 {"merchant_id":"1499456762","key":"","authCode":"134797658047250569","order_sn":"2018062112005245603","price":33}

2018-06-21 12:01:38 {"merchant_id":"1499456762","key":"","authCode":"134614019052053727","order_sn":"2018062112013815656","price":12}

2018-06-21 12:02:06 {"merchant_id":"1499456762","key":"","authCode":"134750395870904469","order_sn":"2018062112020688212","price":12}

2018-06-21 12:02:39 {"merchant_id":"1499456762","key":"","authCode":"134763788742517211","order_sn":"2018062112023940978","price":13}

2018-06-21 12:03:16 {"merchant_id":"1499456762","key":"","authCode":"134930989561397590","order_sn":"2018062112031671981","price":31.5}

2018-06-21 12:24:32 {"merchant_id":"1499456762","key":"","authCode":"134743821075672433","order_sn":"2018062112243276075","price":14}

2018-06-21 12:26:32 {"merchant_id":"1499456762","key":"","authCode":"134714992560208349","order_sn":"2018062112263219468","price":0.1}

2018-06-21 12:28:00 {"merchant_id":"1499456762","key":"","authCode":"134554728268168810","order_sn":"2018062112280098547","price":17.6}

2018-06-21 12:29:10 {"merchant_id":"1499456762","key":"","authCode":"135457515160994575","order_sn":"2018062112291085836","price":15}

2018-06-21 12:37:21 {"merchant_id":"1499456762","key":"","authCode":"136642986215208744","order_sn":"2018062112372124074","price":35.5}

2018-06-21 13:02:55 {"merchant_id":"1499456762","key":"","authCode":"134714350528029130","order_sn":"2018062113025534584","price":27}

2018-06-21 13:20:55 {"merchant_id":"1499456762","key":"","authCode":"135032456534967327","order_sn":"2018062113205551632","price":12}

2018-06-21 13:29:16 {"merchant_id":"1490350062","key":"","authCode":"134761566504000877","order_sn":"2018062113291627502","price":203}

2018-06-21 13:32:48 {"merchant_id":"1499456762","key":"","authCode":"134665972435465132","order_sn":"2018062113324857797","price":18}

2018-06-21 13:39:56 {"merchant_id":"1499456762","key":"","authCode":"135197568635579622","order_sn":"2018062113395690648","price":0.1}

2018-06-21 13:49:46 {"merchant_id":"1499456762","key":"","authCode":"134540697918164383","order_sn":"2018062113494651635","price":52}

2018-06-21 13:49:55 {"merchant_id":"1499456762","key":"","authCode":"134540697918164383","order_sn":"2018062113495518049","price":2}

2018-06-21 13:50:16 {"merchant_id":"1499456762","key":"","authCode":"134672142826998096","order_sn":"2018062113501660840","price":2}

2018-06-21 14:20:46 {"merchant_id":"2088822285099072","key":"201710BBaa55e11a995b41488709d94fe3bfbX07","authCode":"287386070005516283","order_sn":"2018062114204675375","price":300}

2018-06-21 14:20:46 {"app_id":"2017071207730667","method":"alipay.trade.pay","charset":"utf-8","sign_type":"RSA","app_auth_token":"201710BBaa55e11a995b41488709d94fe3bfbX07","timestamp":"2018-06-21 14:20:46","version":"1.0","biz_content":"{\"out_trade_no\":\"2018062114204675375\",\"scene\":\"bar_code\",\"auth_code\":\"287386070005516283\",\"subject\":\"\\u8ba2\\u5355\\u53f7:2018062114204675375\",\"seller_id\":\"2088822285099072\",\"total_amount\":300,\"extend_params\":{\"sys_service_provider_id\":\"2088721521881652\"}}","sign":"pwtrZWls8zg057+cC405tZZlC8vc3PdgWN9yOmW4IK+pzetcBqGTJchonDptqnXLbRu6d5py+4ODALDcL5wgEVTv+W\/RebSarkvcOmA718vFriCYZDmk331VrJx9l\/dyWiYuIuI5nEQsQxn6OJUgfE96LNy576YbxOA79DVgyc0="}

2018-06-21 14:20:49 {"alipay_trade_pay_response":{"code":"10000","msg":"Success","buyer_logon_id":"151****3841","buyer_pay_amount":"300.00","buyer_user_id":"2088522957340469","fund_bill_list":[{"amount":"300.00","fund_channel":"ALIPAYACCOUNT"}],"gmt_payment":"2018-06-21 14:20:49","invoice_amount":"300.00","out_trade_no":"2018062114204675375","point_amount":"0.00","receipt_amount":"300.00","total_amount":"300.00","trade_no":"2018062121001004460530460544"},"sign":"vySlhkjHwfDKbOnzCDCV7MQPsVBHXZpLTcjTnEJBue+I+0s0aTgTSY20XMOoPfk/Q1p84GS8bxsNR1ryq+JKca+bm6/GNsF7Tb3vaw8IaABXJDLCj3WqmKs6UZHe9ETQYRArSC5tIs4Li6O3WTdUFJEWcci5NDlnPW9ajW7OZgA="}

2018-06-21 14:35:36 {"merchant_id":"1499456762","key":"","authCode":"134596991398462343","order_sn":"2018062114353676694","price":10}

2018-06-21 14:55:18 {"merchant_id":"1499456762","key":"","authCode":"135546951834060752","order_sn":"2018062114551841054","price":20}

2018-06-21 15:02:23 {"merchant_id":"1499456762","key":"","authCode":"134610306834441098","order_sn":"2018062115022389125","price":18}

2018-06-21 15:03:11 {"merchant_id":"1499456762","key":"","authCode":"135347577382910293","order_sn":"2018062115031118084","price":27}

2018-06-21 15:09:04 {"merchant_id":"1499456762","key":"","authCode":"134564791670718134","order_sn":"2018062115090441506","price":128}

2018-06-21 15:24:26 {"merchant_id":"1499456762","key":"","authCode":"134553566629999240","order_sn":"2018062115242697400","price":8}

2018-06-21 15:35:48 {"merchant_id":"1499456762","key":"","authCode":"134935948807482136","order_sn":"2018062115354813484","price":21}

2018-06-21 15:40:44 {"merchant_id":"2088822285099072","key":"201710BBaa55e11a995b41488709d94fe3bfbX07","authCode":"280437428029503990","order_sn":"2018062115404430800","price":200}

2018-06-21 15:40:44 {"app_id":"2017071207730667","method":"alipay.trade.pay","charset":"utf-8","sign_type":"RSA","app_auth_token":"201710BBaa55e11a995b41488709d94fe3bfbX07","timestamp":"2018-06-21 15:40:44","version":"1.0","biz_content":"{\"out_trade_no\":\"2018062115404430800\",\"scene\":\"bar_code\",\"auth_code\":\"280437428029503990\",\"subject\":\"\\u8ba2\\u5355\\u53f7:2018062115404430800\",\"seller_id\":\"2088822285099072\",\"total_amount\":200,\"extend_params\":{\"sys_service_provider_id\":\"2088721521881652\"}}","sign":"FdMi15fZVuPdHEwUz+gMQFO1DDJlPlOlVQXYoKjBLdqeznRLpgYBogxjIahOosdGM+goGwagkVnRUa9nPwYgEAfGLUKayRJAS4lBbs33XSbfMSfIXRXj1pH2HSMSviO584HOe\/gEExGVjVQuaz7LitCj\/dZrO4Oq5gAK5+mArDg="}

2018-06-21 15:40:45 {"alipay_trade_pay_response":{"code":"10000","msg":"Success","buyer_logon_id":"187****6952","buyer_pay_amount":"200.00","buyer_user_id":"2088422318828563","fund_bill_list":[{"amount":"0.02","fund_channel":"COUPON"},{"amount":"199.98","fund_channel":"PCREDIT"}],"gmt_payment":"2018-06-21 15:40:45","invoice_amount":"199.98","out_trade_no":"2018062115404430800","point_amount":"0.02","receipt_amount":"200.00","total_amount":"200.00","trade_no":"2018062121001004560506121371"},"sign":"riC+s4JgtqiZKzwsANUKe3ehCrqGR2T8/aiRucdZnlVuBL35IMXFlCO1JMu7ZZ0vNtFIwKiCZNtyQYV5UzOTHfCP8pI0NNLg2FC2e1yUyh3wy7EnEW2X38/LiIwosEYXaf2DTA/QlvuOaeu8NAnPxO0WJgYQrHN9n6F3BQ/I+aU="}

2018-06-21 15:50:50 {"merchant_id":"1499456762","key":"","authCode":"134826922509697634","order_sn":"2018062115505055287","price":8}

2018-06-21 15:57:42 {"merchant_id":"1499456762","key":"","authCode":"135331091107655679","order_sn":"2018062115574223899","price":16}

2018-06-21 16:08:57 {"merchant_id":"1499456762","key":"","authCode":"134796694693387168","order_sn":"2018062116085766016","price":9}

2018-06-21 16:15:26 {"merchant_id":"1499456762","key":"","authCode":"134671338322063417","order_sn":"2018062116152619768","price":45}

2018-06-21 16:43:40 {"merchant_id":"1499456762","key":"","authCode":"134568799200105799","order_sn":"2018062116434052776","price":8}

2018-06-21 16:48:11 {"merchant_id":"1499456762","key":"","authCode":"134602590759477467","order_sn":"2018062116481139440","price":7}

2018-06-21 16:49:37 {"merchant_id":"1499456762","key":"","authCode":"134766670894999878","order_sn":"2018062116493771983","price":6}

2018-06-21 17:02:19 {"merchant_id":"1499456762","key":"","authCode":"134664177122830069","order_sn":"2018062117021999101","price":9}

2018-06-21 17:06:59 {"merchant_id":"1499456762","key":"","authCode":"134653267147600733","order_sn":"2018062117065949797","price":30}

2018-06-21 17:14:29 {"merchant_id":"1499456762","key":"","authCode":"134567925431996144","order_sn":"2018062117142959414","price":54.5}

2018-06-21 17:17:10 {"merchant_id":"1499456762","key":"","authCode":"135343450015196948","order_sn":"2018062117171032317","price":15}

2018-06-21 17:20:49 {"merchant_id":"1499456762","key":"","authCode":"134747286598326943","order_sn":"2018062117204992942","price":6}

2018-06-21 17:22:07 {"merchant_id":"1499456762","key":"","authCode":"134583763030984665","order_sn":"2018062117220720097","price":20}

2018-06-21 17:31:01 {"merchant_id":"1499456762","key":"","authCode":"134977245061276294","order_sn":"2018062117310127609","price":15}

2018-06-21 17:39:57 {"merchant_id":"1499456762","key":"","authCode":"134592076942402660","order_sn":"2018062117395797601","price":13}

2018-06-21 17:41:28 {"merchant_id":"1499456762","key":"","authCode":"134523974004301816","order_sn":"2018062117412895803","price":12}

2018-06-21 17:43:09 {"merchant_id":"1499456762","key":"","authCode":"135296487099992789","order_sn":"2018062117430921487","price":55}

2018-06-21 17:44:29 {"merchant_id":"1499456762","key":"","authCode":"134719274993472252","order_sn":"2018062117442936069","price":200}

2018-06-21 18:02:33 {"merchant_id":"1499456762","key":"","authCode":"134545071620821026","order_sn":"2018062118023369068","price":4}

2018-06-21 18:02:47 {"merchant_id":"1499456762","key":"","authCode":"134933598663278086","order_sn":"2018062118024726535","price":30}

2018-06-21 18:06:54 {"merchant_id":"1499456762","key":"","authCode":"134793078579969709","order_sn":"2018062118065435681","price":65}

2018-06-21 18:07:17 {"merchant_id":"1499456762","key":"","authCode":"134621851058268494","order_sn":"2018062118071725603","price":23}

2018-06-21 18:10:11 {"merchant_id":"1499456762","key":"","authCode":"134993277584783578","order_sn":"2018062118101180930","price":15}

2018-06-21 18:11:02 {"merchant_id":"1499456762","key":"","authCode":"135367787574026403","order_sn":"2018062118110250067","price":52}

2018-06-21 18:11:46 {"merchant_id":"1499456762","key":"","authCode":"135035714476843633","order_sn":"2018062118114690242","price":15}

2018-06-21 18:12:13 {"merchant_id":"1499456762","key":"","authCode":"134717947202959119","order_sn":"2018062118121396954","price":55}

2018-06-21 18:21:33 {"merchant_id":"1499456762","key":"","authCode":"134596907315273459","order_sn":"2018062118213392113","price":53}

2018-06-21 18:24:20 {"merchant_id":"1499456762","key":"","authCode":"134552383533948400","order_sn":"2018062118242079205","price":4}

2018-06-21 18:26:28 {"merchant_id":"1499456762","key":"","authCode":"135166418103944234","order_sn":"2018062118262884784","price":24}

2018-06-21 18:28:06 {"merchant_id":"1499456762","key":"","authCode":"134545226853692985","order_sn":"2018062118280636291","price":10}

2018-06-21 18:32:25 {"merchant_id":"1499456762","key":"","authCode":"134739379004683364","order_sn":"2018062118322579655","price":28}

2018-06-21 18:37:38 {"merchant_id":"1499456762","key":"","authCode":"135157552632184200","order_sn":"2018062118373885862","price":14}

2018-06-21 18:40:34 {"merchant_id":"1499456762","key":"","authCode":"135170481443080420","order_sn":"2018062118403438836","price":38}

2018-06-21 18:41:35 {"merchant_id":"1499456762","key":"","authCode":"135343197341481314","order_sn":"2018062118413584511","price":24}

2018-06-21 18:45:03 {"merchant_id":"1499456762","key":"","authCode":"135065147191817758","order_sn":"2018062118450393194","price":21}

2018-06-21 18:45:45 {"merchant_id":"1499456762","key":"","authCode":"134555600859875012","order_sn":"2018062118454475546","price":15}

2018-06-21 18:48:01 {"merchant_id":"1499456762","key":"","authCode":"135061282984867043","order_sn":"2018062118480134548","price":10}

2018-06-21 18:50:10 {"merchant_id":"1499456762","key":"","authCode":"134613832170775966","order_sn":"2018062118501056062","price":10}

2018-06-21 19:06:50 {"merchant_id":"1499456762","key":"","authCode":"134579986120417889","order_sn":"2018062119065022542","price":43}

2018-06-21 19:16:58 {"merchant_id":"1499456762","key":"","authCode":"134560109201659535","order_sn":"2018062119165876706","price":9}

2018-06-21 19:27:03 {"merchant_id":"1499456762","key":"","authCode":"135021458548188401","order_sn":"2018062119270349711","price":108}

2018-06-21 19:29:04 {"merchant_id":"1499456762","key":"","authCode":"134669007122817231","order_sn":"2018062119290433280","price":38}

2018-06-21 19:32:59 {"merchant_id":"1499456762","key":"","authCode":"134566160469887178","order_sn":"2018062119325965036","price":15}

2018-06-21 19:35:02 {"merchant_id":"1499456762","key":"","authCode":"134530893901210233","order_sn":"2018062119350290578","price":13}

2018-06-21 19:40:17 {"merchant_id":"1499456762","key":"","authCode":"134633125870289473","order_sn":"2018062119401785740","price":15}

2018-06-21 19:46:21 {"merchant_id":"1499456762","key":"","authCode":"134703818197785544","order_sn":"2018062119462191109","price":7}

2018-06-21 19:54:48 {"merchant_id":"1499456762","key":"","authCode":"134630931731518936","order_sn":"2018062119544883284","price":15}

2018-06-21 19:55:33 {"merchant_id":"2088822285099072","key":"201710BBaa55e11a995b41488709d94fe3bfbX07","authCode":"280636070836992275","order_sn":"2018062119553397090","price":1200}

2018-06-21 19:55:33 {"app_id":"2017071207730667","method":"alipay.trade.pay","charset":"utf-8","sign_type":"RSA","app_auth_token":"201710BBaa55e11a995b41488709d94fe3bfbX07","timestamp":"2018-06-21 19:55:33","version":"1.0","biz_content":"{\"out_trade_no\":\"2018062119553397090\",\"scene\":\"bar_code\",\"auth_code\":\"280636070836992275\",\"subject\":\"\\u8ba2\\u5355\\u53f7:2018062119553397090\",\"seller_id\":\"2088822285099072\",\"total_amount\":1200,\"extend_params\":{\"sys_service_provider_id\":\"2088721521881652\"}}","sign":"OSXQAlZfj3CnubvMc6FK3IvEh4cco+\/RganBMaoxpPYt5eZBIJJh8mDBtUNVyBlVjEFWBlfp9scweLQXQXPEg98Zj62wcRS\/mCL3HJRx89FrmZc7XhrYXgD\/Akgj0gW4g5ANkG4YUlDY+BPFnnaLqF5q26pr6YHlYeYw79SQqus="}

2018-06-21 19:55:33 {"alipay_trade_pay_response":{"code":"10003","msg":" order success pay inprocess","buyer_logon_id":"139****6896","buyer_pay_amount":"0.00","buyer_user_id":"2088522163713327","invoice_amount":"0.00","out_trade_no":"2018062119553397090","point_amount":"0.00","receipt_amount":"0.00","total_amount":"1200.00","trade_no":"2018062121001004320520844824"},"sign":"c9DnLbooD75+JiTDcMzm7/uMvTzP8eT5YvdrpVIf4wLz+0oiLfXiqdtRl5dJmp2KdXJ7hdObBs1exL1Xxa84GRhGT93qqmnQ+oNUViohgaCrn/TU7fGVjNLgPG7zlgE20WLGn49zsLeT3HOZ5QtbeZ1hF8qVLbM6S0UvLJ2upN4="}

2018-06-21 19:55:33 {"alipay_trade_query_response":{"code":"10000","msg":"Success","buyer_logon_id":"139****6896","buyer_pay_amount":"0.00","buyer_user_id":"2088522163713327","invoice_amount":"0.00","out_trade_no":"2018062119553397090","point_amount":"0.00","receipt_amount":"0.00","total_amount":"1200.00","trade_no":"2018062121001004320520844824","trade_status":"WAIT_BUYER_PAY"},"sign":"jxeLpOHlKOm3fEi0NnCRoPLXc8z5XFBSCf66wt1zaXPdAu4E56jIXKeI/4LcFGBBKEhVjDciL83gyZqnrjLK9Eqq6fLx9IzvomW1nWD10TBoIooKyzn4np2UkCR35Aai2PC5TvD1eUFILzReCsLSGi+/Yf0xx+AVKOEZFAYnTmc="}

2018-06-21 19:55:37 {"alipay_trade_query_response":{"code":"10000","msg":"Success","buyer_logon_id":"139****6896","buyer_pay_amount":"0.00","buyer_user_id":"2088522163713327","invoice_amount":"0.00","out_trade_no":"2018062119553397090","point_amount":"0.00","receipt_amount":"0.00","total_amount":"1200.00","trade_no":"2018062121001004320520844824","trade_status":"WAIT_BUYER_PAY"},"sign":"jxeLpOHlKOm3fEi0NnCRoPLXc8z5XFBSCf66wt1zaXPdAu4E56jIXKeI/4LcFGBBKEhVjDciL83gyZqnrjLK9Eqq6fLx9IzvomW1nWD10TBoIooKyzn4np2UkCR35Aai2PC5TvD1eUFILzReCsLSGi+/Yf0xx+AVKOEZFAYnTmc="}

2018-06-21 19:55:42 {"alipay_trade_query_response":{"code":"10000","msg":"Success","buyer_logon_id":"139****6896","buyer_pay_amount":"0.00","buyer_user_id":"2088522163713327","invoice_amount":"0.00","out_trade_no":"2018062119553397090","point_amount":"0.00","receipt_amount":"0.00","total_amount":"1200.00","trade_no":"2018062121001004320520844824","trade_status":"WAIT_BUYER_PAY"},"sign":"jxeLpOHlKOm3fEi0NnCRoPLXc8z5XFBSCf66wt1zaXPdAu4E56jIXKeI/4LcFGBBKEhVjDciL83gyZqnrjLK9Eqq6fLx9IzvomW1nWD10TBoIooKyzn4np2UkCR35Aai2PC5TvD1eUFILzReCsLSGi+/Yf0xx+AVKOEZFAYnTmc="}

2018-06-21 19:55:46 {"alipay_trade_query_response":{"code":"10000","msg":"Success","buyer_logon_id":"139****6896","buyer_pay_amount":"0.00","buyer_user_id":"2088522163713327","invoice_amount":"0.00","out_trade_no":"2018062119553397090","point_amount":"0.00","receipt_amount":"0.00","total_amount":"1200.00","trade_no":"2018062121001004320520844824","trade_status":"WAIT_BUYER_PAY"},"sign":"jxeLpOHlKOm3fEi0NnCRoPLXc8z5XFBSCf66wt1zaXPdAu4E56jIXKeI/4LcFGBBKEhVjDciL83gyZqnrjLK9Eqq6fLx9IzvomW1nWD10TBoIooKyzn4np2UkCR35Aai2PC5TvD1eUFILzReCsLSGi+/Yf0xx+AVKOEZFAYnTmc="}

2018-06-21 19:55:50 {"alipay_trade_query_response":{"code":"10000","msg":"Success","buyer_logon_id":"139****6896","buyer_pay_amount":"0.00","buyer_user_id":"2088522163713327","invoice_amount":"0.00","out_trade_no":"2018062119553397090","point_amount":"0.00","receipt_amount":"0.00","total_amount":"1200.00","trade_no":"2018062121001004320520844824","trade_status":"WAIT_BUYER_PAY"},"sign":"jxeLpOHlKOm3fEi0NnCRoPLXc8z5XFBSCf66wt1zaXPdAu4E56jIXKeI/4LcFGBBKEhVjDciL83gyZqnrjLK9Eqq6fLx9IzvomW1nWD10TBoIooKyzn4np2UkCR35Aai2PC5TvD1eUFILzReCsLSGi+/Yf0xx+AVKOEZFAYnTmc="}

2018-06-21 19:55:54 {"alipay_trade_query_response":{"code":"10000","msg":"Success","buyer_logon_id":"139****6896","buyer_pay_amount":"0.00","buyer_user_id":"2088522163713327","invoice_amount":"0.00","out_trade_no":"2018062119553397090","point_amount":"0.00","receipt_amount":"0.00","total_amount":"1200.00","trade_no":"2018062121001004320520844824","trade_status":"WAIT_BUYER_PAY"},"sign":"jxeLpOHlKOm3fEi0NnCRoPLXc8z5XFBSCf66wt1zaXPdAu4E56jIXKeI/4LcFGBBKEhVjDciL83gyZqnrjLK9Eqq6fLx9IzvomW1nWD10TBoIooKyzn4np2UkCR35Aai2PC5TvD1eUFILzReCsLSGi+/Yf0xx+AVKOEZFAYnTmc="}

2018-06-21 19:55:58 {"alipay_trade_query_response":{"code":"10000","msg":"Success","buyer_logon_id":"139****6896","buyer_pay_amount":"0.00","buyer_user_id":"2088522163713327","invoice_amount":"0.00","out_trade_no":"2018062119553397090","point_amount":"0.00","receipt_amount":"0.00","total_amount":"1200.00","trade_no":"2018062121001004320520844824","trade_status":"WAIT_BUYER_PAY"},"sign":"jxeLpOHlKOm3fEi0NnCRoPLXc8z5XFBSCf66wt1zaXPdAu4E56jIXKeI/4LcFGBBKEhVjDciL83gyZqnrjLK9Eqq6fLx9IzvomW1nWD10TBoIooKyzn4np2UkCR35Aai2PC5TvD1eUFILzReCsLSGi+/Yf0xx+AVKOEZFAYnTmc="}

2018-06-21 19:56:02 {"alipay_trade_query_response":{"code":"10000","msg":"Success","buyer_logon_id":"139****6896","buyer_pay_amount":"0.00","buyer_user_id":"2088522163713327","invoice_amount":"0.00","out_trade_no":"2018062119553397090","point_amount":"0.00","receipt_amount":"0.00","total_amount":"1200.00","trade_no":"2018062121001004320520844824","trade_status":"TRADE_CLOSED"},"sign":"DRcl45pI6H8E5hrAb+/5LbGmEgMDWe5vxbBXmZ00KKTNYZAofnFRIVxovTCt51bEDa/lJBzW+Vv/9EsbdtUuUuFDiL6bF/HtdrUUrflXBzkPk8NmI5tMaxuJ7dKvmi4/99Mt1Nc63CLuLZ5t5DVtDImCp3TxJ5IzJumzaJt/LwU="}

2018-06-21 19:56:08 {"merchant_id":"1499456762","key":"","authCode":"135177548364726914","order_sn":"2018062119560894032","price":12}

2018-06-21 19:56:34 {"merchant_id":"1499456762","key":"","authCode":"135024886649285019","order_sn":"2018062119563488842","price":9}

2018-06-21 19:57:26 {"merchant_id":"1499456762","key":"","authCode":"134617360287475445","order_sn":"2018062119572629965","price":28}

2018-06-21 19:57:48 {"merchant_id":"1499456762","key":"","authCode":"134573577939198555","order_sn":"2018062119574854875","price":2}

2018-06-21 20:02:56 {"merchant_id":"1499456762","key":"","authCode":"134523578742112252","order_sn":"2018062120025573055","price":11}

2018-06-21 20:03:26 {"merchant_id":"1499456762","key":"","authCode":"135239420705076469","order_sn":"2018062120032681441","price":27}

2018-06-21 20:03:56 {"merchant_id":"1499456762","key":"","authCode":"134608733378205212","order_sn":"2018062120035668654","price":12}

2018-06-21 20:04:37 {"merchant_id":"1499456762","key":"","authCode":"135178092154479204","order_sn":"2018062120043777150","price":7}

2018-06-21 20:06:40 {"merchant_id":"1499456762","key":"","authCode":"134558337617818587","order_sn":"2018062120064030300","price":12}

2018-06-21 20:12:53 {"merchant_id":"1499456762","key":"","authCode":"134751637287256981","order_sn":"2018062120125399900","price":23}

2018-06-21 20:14:37 {"merchant_id":"1499456762","key":"","authCode":"134520824105995009","order_sn":"2018062120143764840","price":7}

2018-06-21 20:17:09 {"merchant_id":"1499456762","key":"","authCode":"134668707789122357","order_sn":"2018062120170989938","price":1}

2018-06-21 20:19:29 {"merchant_id":"1499456762","key":"","authCode":"134668419025045929","order_sn":"2018062120192942612","price":20}

2018-06-21 20:22:39 {"merchant_id":"1499456762","key":"","authCode":"134536742479626203","order_sn":"2018062120223944694","price":10}

2018-06-21 20:23:37 {"merchant_id":"1499456762","key":"","authCode":"135102644127812079","order_sn":"2018062120233732216","price":65}

2018-06-21 20:24:17 {"merchant_id":"1499456762","key":"","authCode":"134835134127181382","order_sn":"2018062120241748715","price":9}

2018-06-21 20:24:28 {"merchant_id":"1499456762","key":"","authCode":"134992982784620658","order_sn":"2018062120242856574","price":25}

2018-06-21 20:34:10 {"merchant_id":"1499456762","key":"","authCode":"134726801284603579","order_sn":"2018062120341032963","price":33}

2018-06-21 20:34:47 {"merchant_id":"1499456762","key":"","authCode":"134635303165113426","order_sn":"2018062120344744865","price":8}

2018-06-21 20:36:46 {"merchant_id":"1499456762","key":"","authCode":"134959766592926147","order_sn":"2018062120364658149","price":12}

2018-06-21 20:37:44 {"merchant_id":"1499456762","key":"","authCode":"135092296040935875","order_sn":"2018062120374413947","price":38}

2018-06-21 20:44:17 {"merchant_id":"1499456762","key":"","authCode":"134508941844698587","order_sn":"2018062120441767420","price":14}

2018-06-21 20:49:12 {"merchant_id":"1499456762","key":"","authCode":"134631634819690438","order_sn":"2018062120491224480","price":22}

2018-06-21 20:52:14 {"merchant_id":"1499456762","key":"","authCode":"134892711325626785","order_sn":"2018062120521411643","price":22}

2018-06-21 20:55:35 {"merchant_id":"1490350062","key":"","authCode":"135231493602089044","order_sn":"2018062120553541855","price":236}

2018-06-21 20:58:57 {"merchant_id":"1499456762","key":"","authCode":"134658595613463730","order_sn":"2018062120585714588","price":7.5}

2018-06-21 21:00:07 {"merchant_id":"1499456762","key":"","authCode":"134657435922988858","order_sn":"2018062121000780592","price":20}

2018-06-21 21:02:36 {"merchant_id":"1499456762","key":"","authCode":"135561081743331495","order_sn":"2018062121023652209","price":12}

2018-06-21 21:06:11 {"merchant_id":"1499456762","key":"","authCode":"134764401895481312","order_sn":"2018062121061139969","price":19.5}

2018-06-21 21:06:53 {"merchant_id":"1499456762","key":"","authCode":"134655398277699331","order_sn":"2018062121065354300","price":17}

2018-06-21 21:08:58 {"merchant_id":"1499456762","key":"","authCode":"134599960002691344","order_sn":"2018062121085855876","price":7}

2018-06-21 21:12:23 {"merchant_id":"1499456762","key":"","authCode":"134731846307354515","order_sn":"2018062121122320943","price":12}

2018-06-21 21:13:22 {"merchant_id":"1499456762","key":"","authCode":"134685567793138722","order_sn":"2018062121132247385","price":19}

2018-06-21 21:14:43 {"merchant_id":"1499456762","key":"","authCode":"134632656823274845","order_sn":"2018062121144369840","price":25}

2018-06-21 21:15:55 {"merchant_id":"1499456762","key":"","authCode":"134742488466030334","order_sn":"2018062121155529469","price":35.5}

2018-06-21 21:16:10 {"merchant_id":"1499456762","key":"","authCode":"134738268827204424","order_sn":"2018062121161038088","price":8}

2018-06-21 21:16:40 {"merchant_id":"1499456762","key":"","authCode":"134740040815851359","order_sn":"2018062121164074921","price":31.8}

2018-06-21 21:22:39 {"merchant_id":"1499456762","key":"","authCode":"134738362352257872","order_sn":"2018062121223967633","price":57}

2018-06-21 21:23:07 {"merchant_id":"1499456762","key":"","authCode":"134720276025512123","order_sn":"2018062121230726217","price":12}

2018-06-21 21:24:40 {"merchant_id":"1499456762","key":"","authCode":"134570935997409882","order_sn":"2018062121244078848","price":10}

2018-06-21 21:24:59 {"merchant_id":"1499456762","key":"","authCode":"134690296738937997","order_sn":"2018062121245947633","price":8}

2018-06-21 21:25:43 {"merchant_id":"1499456762","key":"","authCode":"134937471712712722","order_sn":"2018062121254346041","price":28}

2018-06-21 21:28:46 {"merchant_id":"1499456762","key":"","authCode":"134907579933183765","order_sn":"2018062121284653448","price":6}

2018-06-21 21:30:38 {"merchant_id":"1499456762","key":"","authCode":"135072083271613120","order_sn":"2018062121303860354","price":21}

2018-06-21 21:31:06 {"merchant_id":"1499456762","key":"","authCode":"135189246387689484","order_sn":"2018062121310659969","price":10}

2018-06-21 21:38:14 {"merchant_id":"1499456762","key":"","authCode":"134516327282254997","order_sn":"2018062121381490934","price":9}

2018-06-21 21:41:39 {"merchant_id":"1490350062","key":"","authCode":"135240001645277124","order_sn":"2018062121413982613","price":100}

2018-06-21 21:55:41 {"merchant_id":"1499456762","key":"","authCode":"134914808295071002","order_sn":"2018062121554139695","price":4}

2018-06-21 22:06:14 {"merchant_id":"1499456762","key":"","authCode":"135515367926496897","order_sn":"2018062122061415516","price":28}

