2018-06-11 00:56:27 {"merchant_id":"1490350062","key":"","authCode":"134692235572663306","order_sn":"2018061100562745640","price":150}

2018-06-11 01:29:42 {"merchant_id":"1493159782","key":"","authCode":"135030973214452409","order_sn":"2018061101294222725","price":300}

2018-06-11 07:33:52 {"merchant_id":"2088822285099072","key":"201710BBaa55e11a995b41488709d94fe3bfbX07","authCode":"281586532660659061","order_sn":"2018061107335293950","price":138}

2018-06-11 07:33:52 {"app_id":"2017071207730667","method":"alipay.trade.pay","charset":"utf-8","sign_type":"RSA","app_auth_token":"201710BBaa55e11a995b41488709d94fe3bfbX07","timestamp":"2018-06-11 07:33:52","version":"1.0","biz_content":"{\"out_trade_no\":\"2018061107335293950\",\"scene\":\"bar_code\",\"auth_code\":\"281586532660659061\",\"subject\":\"\\u8ba2\\u5355\\u53f7:2018061107335293950\",\"seller_id\":\"2088822285099072\",\"total_amount\":138,\"extend_params\":{\"sys_service_provider_id\":\"2088721521881652\"}}","sign":"GsC9Yak6BA8IixBGjNfv+kAZqmMjOCymnMxR72qy6KoKDIhFiucie\/2fbj9boXES8BVI\/WSC1+ENUWPqONju3qzsHoLc7v3LsgeYhsSkQ+aWHBOVDNkCdpV6jwGsNxCL\/tRP\/PzZAYmi4fHMhNYB9R\/ObO\/NeBMBHvx5HNSi0MY="}

2018-06-11 07:33:53 {"alipay_trade_pay_response":{"code":"10000","msg":"Success","buyer_logon_id":"the***@163.com","buyer_pay_amount":"138.00","buyer_user_id":"2088002097509103","fund_bill_list":[{"amount":"138.00","fund_channel":"ALIPAYACCOUNT"}],"gmt_payment":"2018-06-11 07:33:53","invoice_amount":"138.00","out_trade_no":"2018061107335293950","point_amount":"0.00","receipt_amount":"138.00","total_amount":"138.00","trade_no":"2018061121001004100501155157"},"sign":"uqLAIJqetw5PHYVNX8aol+3grIYY2jgcoHQg3mhALgUIx8djjs5cRdY/gHFsdhteYZzGcXT2ah5qtnTf6od9NNOtI2f33ssRsAbHcb2VW06YgndX58EFx/VdHDXi8kMnlU2GmR4PDap3Ndi/Kc91RnrPOk/gb1BRH2/ZGSXC5sA="}

2018-06-11 07:56:32 {"merchant_id":"1499456762","key":"","authCode":"134670894271225874","order_sn":"2018061107563269318","price":8}

2018-06-11 08:26:28 {"merchant_id":"1499456762","key":"","authCode":"134719444421690511","order_sn":"2018061108262870683","price":31}

2018-06-11 08:31:08 {"merchant_id":"1499456762","key":"","authCode":"134902455058475249","order_sn":"2018061108310815633","price":16}

2018-06-11 08:34:37 {"merchant_id":"1490350062","key":"","authCode":"134906990101490332","order_sn":"2018061108343727675","price":2}

2018-06-11 08:37:01 {"merchant_id":"1490350062","key":"","authCode":"134651303105211994","order_sn":"2018061108370147774","price":3}

2018-06-11 08:37:24 {"merchant_id":"1499456762","key":"","authCode":"134766277390460474","order_sn":"2018061108372417562","price":48}

2018-06-11 08:44:53 {"merchant_id":"1499456762","key":"","authCode":"134706569468651922","order_sn":"2018061108445325645","price":6}

2018-06-11 09:07:31 {"merchant_id":"1499456762","key":"","authCode":"135397825835956169","order_sn":"2018061109073181031","price":11}

2018-06-11 09:10:53 {"merchant_id":"1499456762","key":"","authCode":"134790282507129425","order_sn":"2018061109105332607","price":8}

2018-06-11 09:11:09 {"merchant_id":"1499456762","key":"","authCode":"135060933988714598","order_sn":"2018061109110973178","price":6}

2018-06-11 09:21:38 {"merchant_id":"1499456762","key":"","authCode":"134630254016218061","order_sn":"2018061109213869972","price":128}

2018-06-11 09:29:24 {"merchant_id":"1493159782","key":"","authCode":"134527156518253382","order_sn":"2018061109292413239","price":300}

2018-06-11 10:15:32 {"merchant_id":"1499456762","key":"","authCode":"134722662775769836","order_sn":"2018061110153295152","price":6}

2018-06-11 10:16:27 {"merchant_id":"1499456762","key":"","authCode":"136295038058451694","order_sn":"2018061110162798094","price":4}

2018-06-11 10:16:50 {"merchant_id":"1499456762","key":"","authCode":"136457542271996193","order_sn":"2018061110165066759","price":296}

2018-06-11 10:19:43 {"merchant_id":"1499456762","key":"","authCode":"135347459152918973","order_sn":"2018061110194232152","price":8}

2018-06-11 10:27:17 {"merchant_id":"1499456762","key":"","authCode":"136949585750795909","order_sn":"2018061110271794716","price":8}

2018-06-11 10:27:25 {"merchant_id":"1499456762","key":"","authCode":"134882089942398883","order_sn":"2018061110272555614","price":42.5}

2018-06-11 10:52:07 {"merchant_id":"2088822285099072","key":"201710BBaa55e11a995b41488709d94fe3bfbX07","authCode":"280175916643501804","order_sn":"2018061110520712709","price":100}

2018-06-11 10:52:07 {"app_id":"2017071207730667","method":"alipay.trade.pay","charset":"utf-8","sign_type":"RSA","app_auth_token":"201710BBaa55e11a995b41488709d94fe3bfbX07","timestamp":"2018-06-11 10:52:07","version":"1.0","biz_content":"{\"out_trade_no\":\"2018061110520712709\",\"scene\":\"bar_code\",\"auth_code\":\"280175916643501804\",\"subject\":\"\\u8ba2\\u5355\\u53f7:2018061110520712709\",\"seller_id\":\"2088822285099072\",\"total_amount\":100,\"extend_params\":{\"sys_service_provider_id\":\"2088721521881652\"}}","sign":"cx14icHwxCSnD6i6zzE3E\/BxqG8VVW3Hf5tDmQ93sEPgRPH+x60qoNNkvXUmZkcVf0HLQALx9ldPjVRxlgFGCKOJQ1ABYCI0Jb7QRFHaOd\/C2RBkVQUWBkC3zg7o\/EUM\/CPz\/jqfdHHuzH7J9MLg85ubVLLwm+j4NWMqCk3xkLY="}

2018-06-11 10:52:08 {"alipay_trade_pay_response":{"code":"10000","msg":"Success","buyer_logon_id":"151****8111","buyer_pay_amount":"100.00","buyer_user_id":"2088922538941955","fund_bill_list":[{"amount":"100.00","fund_channel":"ALIPAYACCOUNT"}],"gmt_payment":"2018-06-11 10:52:08","invoice_amount":"100.00","out_trade_no":"2018061110520712709","point_amount":"0.00","receipt_amount":"100.00","total_amount":"100.00","trade_no":"2018061121001004950568835236"},"sign":"Oofcz2J9L1vpdH26Ad320XRMCiQ92ZHqz/CwZoE/ERpGLqns+SpqxglaYNq+lqLmetkJKeZnRJytkqg92OnrRNiBDsYcL5+D1MwK2BVTreMnyTgN+tWhP0qQXU3wawx5KwVLQKuJ91mx2z/6M2gKEiAUgNeh8Untzvza4qO6ji4="}

2018-06-11 11:04:26 {"merchant_id":"1499456762","key":"","authCode":"134642725988154602","order_sn":"2018061111042641067","price":18}

2018-06-11 11:04:38 {"merchant_id":"1499456762","key":"","authCode":"135127124450838998","order_sn":"2018061111043892050","price":2}

2018-06-11 11:06:39 {"merchant_id":"1499456762","key":"","authCode":"134708034064959515","order_sn":"2018061111063990815","price":7}

2018-06-11 12:07:23 {"merchant_id":"1499456762","key":"","authCode":"134981980311356253","order_sn":"2018061112072353574","price":8}

2018-06-11 12:10:09 {"merchant_id":"1499456762","key":"","authCode":"134547844977113843","order_sn":"2018061112100910206","price":36}

2018-06-11 12:10:56 {"merchant_id":"1499456762","key":"","authCode":"135058615480485899","order_sn":"2018061112105619975","price":28}

2018-06-11 12:11:33 {"merchant_id":"1499456762","key":"","authCode":"134756813065883700","order_sn":"2018061112113311394","price":24}

2018-06-11 12:15:24 {"merchant_id":"1490350062","key":"","authCode":"134842294275523344","order_sn":"2018061112152498554","price":200}

2018-06-11 12:28:32 {"merchant_id":"1499456762","key":"","authCode":"134877299426517199","order_sn":"2018061112283216923","price":6}

2018-06-11 12:49:36 {"merchant_id":"1499456762","key":"","authCode":"134609320333085232","order_sn":"2018061112493679637","price":20}

2018-06-11 12:50:14 {"merchant_id":"1499456762","key":"","authCode":"134725143164099601","order_sn":"2018061112501491513","price":12}

2018-06-11 13:23:22 {"merchant_id":"1499456762","key":"","authCode":"135883009504581338","order_sn":"2018061113232240418","price":6}

2018-06-11 14:26:44 {"merchant_id":"1499456762","key":"","authCode":"134931618586569569","order_sn":"2018061114264412376","price":46}

2018-06-11 14:34:57 {"merchant_id":"1499456762","key":"","authCode":"134634532707067541","order_sn":"2018061114345722465","price":48}

2018-06-11 14:54:07 {"merchant_id":"1499456762","key":"","authCode":"134619799373045924","order_sn":"2018061114540764304","price":23}

2018-06-11 14:57:11 {"merchant_id":"2088822285099072","key":"201710BBaa55e11a995b41488709d94fe3bfbX07","authCode":"285438099940572934","order_sn":"2018061114571173041","price":200}

2018-06-11 14:57:11 {"app_id":"2017071207730667","method":"alipay.trade.pay","charset":"utf-8","sign_type":"RSA","app_auth_token":"201710BBaa55e11a995b41488709d94fe3bfbX07","timestamp":"2018-06-11 14:57:11","version":"1.0","biz_content":"{\"out_trade_no\":\"2018061114571173041\",\"scene\":\"bar_code\",\"auth_code\":\"285438099940572934\",\"subject\":\"\\u8ba2\\u5355\\u53f7:2018061114571173041\",\"seller_id\":\"2088822285099072\",\"total_amount\":200,\"extend_params\":{\"sys_service_provider_id\":\"2088721521881652\"}}","sign":"rBELupow5cR\/tb\/TQBhJO0awl6GvcK06dtAeIM+6P3BVQJs5+VwbQzAynQP6RWOv4KWiA1Neyw8DaM1euMCfme8IJFjca2ammj0v\/RiNEpAuj8GyS+VtNClKopIymOD0pxj4BzkpUJJbGnfGoer1+0AnxqF9AW2DFdMlI\/DeayE="}

2018-06-11 14:57:12 {"alipay_trade_pay_response":{"code":"10000","msg":"Success","buyer_logon_id":"253***@qq.com","buyer_pay_amount":"200.00","buyer_user_id":"2088922451419632","fund_bill_list":[{"amount":"200.00","fund_channel":"ALIPAYACCOUNT"}],"gmt_payment":"2018-06-11 14:57:12","invoice_amount":"200.00","out_trade_no":"2018061114571173041","point_amount":"0.00","receipt_amount":"200.00","total_amount":"200.00","trade_no":"2018061121001004630561526377"},"sign":"ZpFk0ljotjBaObYLEehNEEbFolDwarEmNYBoVc8NFGOKHI40f8jbyeMpM3k+ElXIOvr0O+VEv8FbS5g0iwHga4ndInjvUR4sOdioWznawh0yuVbztfo7TnyES/mAqCbEcOUPwev/c2Rj408L1EhQ6n4NhJWjl6N1/2xaBlVUFuI="}

2018-06-11 15:04:18 {"merchant_id":"1499456762","key":"","authCode":"134629325121571063","order_sn":"2018061115041864771","price":8}

2018-06-11 15:09:56 {"merchant_id":"1499456762","key":"","authCode":"134629043196172478","order_sn":"2018061115095654619","price":8}

2018-06-11 15:10:23 {"merchant_id":"1499456762","key":"","authCode":"134732972437516933","order_sn":"2018061115102333753","price":13.5}

2018-06-11 15:18:15 {"merchant_id":"1499456762","key":"","authCode":"134663893039377936","order_sn":"2018061115181566848","price":51}

2018-06-11 15:20:06 {"merchant_id":"1499456762","key":"","authCode":"134754201519898912","order_sn":"2018061115200652173","price":5}

2018-06-11 15:39:52 {"merchant_id":"1499456762","key":"","authCode":"134756859720311630","order_sn":"2018061115395283013","price":2}

2018-06-11 15:48:22 {"merchant_id":"1499456762","key":"","authCode":"134601633450183849","order_sn":"2018061115482224946","price":18.5}

2018-06-11 16:15:19 {"merchant_id":"1499456762","key":"","authCode":"134552628001284574","order_sn":"2018061116151964706","price":200}

2018-06-11 16:22:47 {"merchant_id":"1499456762","key":"","authCode":"134600322166762300","order_sn":"2018061116224767661","price":22}

2018-06-11 16:36:05 {"merchant_id":"1499456762","key":"","authCode":"135357057845395063","order_sn":"2018061116360528273","price":9}

2018-06-11 16:36:43 {"merchant_id":"1499456762","key":"","authCode":"135525149954096622","order_sn":"2018061116364334463","price":9}

2018-06-11 16:37:07 {"merchant_id":"1499456762","key":"","authCode":"135438346429698398","order_sn":"2018061116370780932","price":9}

2018-06-11 16:38:49 {"merchant_id":"1499456762","key":"","authCode":"134756128573836806","order_sn":"2018061116384987561","price":8}

2018-06-11 16:39:09 {"merchant_id":"1490350062","key":"","authCode":"134617911776051431","order_sn":"2018061116390949839","price":300}

2018-06-11 16:43:03 {"merchant_id":"1493159782","key":"","authCode":"134644557697554346","order_sn":"2018061116430324264","price":400}

2018-06-11 16:47:11 {"merchant_id":"1499456762","key":"","authCode":"135455395386196930","order_sn":"2018061116471128607","price":9}

2018-06-11 16:56:36 {"merchant_id":"1499456762","key":"","authCode":"135298640370200410","order_sn":"2018061116563685403","price":51}

2018-06-11 17:01:29 {"merchant_id":"1499456762","key":"","authCode":"134719407502007832","order_sn":"2018061117012964566","price":9}

2018-06-11 17:04:56 {"merchant_id":"1499456762","key":"","authCode":"134920522781384495","order_sn":"2018061117045655588","price":10}

2018-06-11 17:05:20 {"merchant_id":"1499456762","key":"","authCode":"134663852033007309","order_sn":"2018061117052097906","price":10}

2018-06-11 17:06:24 {"merchant_id":"1499456762","key":"","authCode":"134678786292908392","order_sn":"2018061117062438149","price":500}

2018-06-11 17:08:32 {"merchant_id":"1499456762","key":"","authCode":"134989121051916931","order_sn":"2018061117083258554","price":14}

2018-06-11 17:09:00 {"merchant_id":"1499456762","key":"","authCode":"135047349901002063","order_sn":"2018061117090047338","price":2}

2018-06-11 17:24:49 {"merchant_id":"1499456762","key":"","authCode":"134629707111493078","order_sn":"2018061117244951707","price":8}

2018-06-11 17:25:26 {"merchant_id":"1499456762","key":"","authCode":"135104391974403619","order_sn":"2018061117252589413","price":22}

2018-06-11 17:29:40 {"merchant_id":"1499456762","key":"","authCode":"134610197523935240","order_sn":"2018061117294093570","price":198}

2018-06-11 17:36:36 {"merchant_id":"1499456762","key":"","authCode":"134606146853838424","order_sn":"2018061117363652980","price":38}

2018-06-11 17:37:48 {"merchant_id":"1499456762","key":"","authCode":"134723781462647554","order_sn":"2018061117374849603","price":15}

2018-06-11 17:41:45 {"merchant_id":"1499456762","key":"","authCode":"134672500779522319","order_sn":"2018061117414569179","price":15}

2018-06-11 17:46:21 {"merchant_id":"1499456762","key":"","authCode":"134812981011378109","order_sn":"2018061117462195265","price":7.2}

2018-06-11 17:48:24 {"merchant_id":"1499456762","key":"","authCode":"134593949506275741","order_sn":"2018061117482485557","price":4}

2018-06-11 17:57:15 {"merchant_id":"1499456762","key":"","authCode":"134536787435202898","order_sn":"2018061117571582639","price":8}

2018-06-11 17:57:52 {"merchant_id":"2088822285099072","key":"201710BBaa55e11a995b41488709d94fe3bfbX07","authCode":"284972604011020200","order_sn":"2018061117575272123","price":100}

2018-06-11 17:57:52 {"app_id":"2017071207730667","method":"alipay.trade.pay","charset":"utf-8","sign_type":"RSA","app_auth_token":"201710BBaa55e11a995b41488709d94fe3bfbX07","timestamp":"2018-06-11 17:57:52","version":"1.0","biz_content":"{\"out_trade_no\":\"2018061117575272123\",\"scene\":\"bar_code\",\"auth_code\":\"284972604011020200\",\"subject\":\"\\u8ba2\\u5355\\u53f7:2018061117575272123\",\"seller_id\":\"2088822285099072\",\"total_amount\":100,\"extend_params\":{\"sys_service_provider_id\":\"2088721521881652\"}}","sign":"X0T2oCNG6koQxWruC\/r56QVSm1z7sOhkcDaD1RJeHCxwmuK33N1NrpbJHOTnATyqMaLZtjud963r7UsGBlDNIvxng89jQvN5lICXR1\/n\/H\/XyfwwI71qVjzYgby6zZGrrioqUHJvKNNXXEtgyCJof8S1Hj\/KECOseYpHwWHRvHk="}

2018-06-11 17:57:53 {"alipay_trade_pay_response":{"code":"10000","msg":"Success","buyer_logon_id":"150****6020","buyer_pay_amount":"100.00","buyer_user_id":"2088512378997371","fund_bill_list":[{"amount":"100.00","fund_channel":"PCREDIT"}],"gmt_payment":"2018-06-11 17:57:53","invoice_amount":"100.00","out_trade_no":"2018061117575272123","point_amount":"0.00","receipt_amount":"100.00","total_amount":"100.00","trade_no":"2018061121001004370594968095"},"sign":"YMRpKpt38kLT0+fJlDa3JthCN+xTwsGgJPG85z75b68uinylfSZgxsenxM1cdQsXDwjZYZNKUyfGfIoS+/M+hI7W613O2C/YqT492o8HZiFcNlcLO9ndaDr8EzjeCZjFhPZbWEDuclyU0eVTT8x12J4lIMwYGmPrkO9lMZGmacY="}

2018-06-11 18:04:44 {"merchant_id":"1499456762","key":"","authCode":"134685864350225310","order_sn":"2018061118044496880","price":14}

2018-06-11 18:05:40 {"merchant_id":"1499456762","key":"","authCode":"134519228589552395","order_sn":"2018061118054071098","price":6}

2018-06-11 18:30:09 {"merchant_id":"1499456762","key":"","authCode":"134860769524252318","order_sn":"2018061118300995221","price":18}

2018-06-11 18:33:24 {"merchant_id":"1499456762","key":"","authCode":"134710208356060388","order_sn":"2018061118332447747","price":30}

2018-06-11 18:34:12 {"merchant_id":"1499456762","key":"","authCode":"135166911609386808","order_sn":"2018061118341211736","price":15}

2018-06-11 18:35:06 {"merchant_id":"1499456762","key":"","authCode":"134814543761476947","order_sn":"2018061118350664855","price":15}

2018-06-11 18:36:14 {"merchant_id":"1499456762","key":"","authCode":"134669707681007296","order_sn":"2018061118361448582","price":34}

2018-06-11 18:37:04 {"merchant_id":"1499456762","key":"","authCode":"135244574370138495","order_sn":"2018061118370489637","price":15}

2018-06-11 18:37:15 {"merchant_id":"1499456762","key":"","authCode":"134826749112167118","order_sn":"2018061118371517654","price":11}

2018-06-11 18:39:14 {"merchant_id":"1499456762","key":"","authCode":"134714351735115307","order_sn":"2018061118391464340","price":38}

2018-06-11 18:48:18 {"merchant_id":"1499456762","key":"","authCode":"134677098309512341","order_sn":"2018061118481870438","price":40.8}

2018-06-11 18:50:06 {"merchant_id":"1499456762","key":"","authCode":"134513737781966163","order_sn":"2018061118500688135","price":27}

2018-06-11 18:50:22 {"merchant_id":"1490350062","key":"","authCode":"134966097931008828","order_sn":"2018061118502226165","price":300}

2018-06-11 18:51:07 {"merchant_id":"1499456762","key":"","authCode":"134617987193481011","order_sn":"2018061118510794390","price":14}

2018-06-11 19:01:05 {"merchant_id":"1499456762","key":"","authCode":"134900603617087803","order_sn":"2018061119010554964","price":15}

2018-06-11 19:12:13 {"merchant_id":"1499456762","key":"","authCode":"134708503403052283","order_sn":"2018061119121391938","price":28}

2018-06-11 19:14:02 {"merchant_id":"1499456762","key":"","authCode":"134640721875567387","order_sn":"2018061119140211725","price":40}

2018-06-11 19:16:54 {"merchant_id":"2088822285099072","key":"201710BBaa55e11a995b41488709d94fe3bfbX07","authCode":"288498679151380733","order_sn":"2018061119165413030","price":500}

2018-06-11 19:16:54 {"app_id":"2017071207730667","method":"alipay.trade.pay","charset":"utf-8","sign_type":"RSA","app_auth_token":"201710BBaa55e11a995b41488709d94fe3bfbX07","timestamp":"2018-06-11 19:16:54","version":"1.0","biz_content":"{\"out_trade_no\":\"2018061119165413030\",\"scene\":\"bar_code\",\"auth_code\":\"288498679151380733\",\"subject\":\"\\u8ba2\\u5355\\u53f7:2018061119165413030\",\"seller_id\":\"2088822285099072\",\"total_amount\":500,\"extend_params\":{\"sys_service_provider_id\":\"2088721521881652\"}}","sign":"lJcjKNzKu\/XL5RGFGcUi55LmHByStmJXO+s2GI60\/zPMP3n9VHXIiuHunSVtwoCu6Bc9zsjegjBrseGwVUuWVzKUOC2\/EaV+4h5sxH+TWjmETTofg3iHQN9WO+0\/7yKlPBath66LGKtbtUQ8bA4Hs3mU8TsAxEjNFbQLOwepHY8="}

2018-06-11 19:16:55 {"alipay_trade_pay_response":{"code":"10000","msg":"Success","buyer_logon_id":"125***@qq.com","buyer_pay_amount":"500.00","buyer_user_id":"2088112284683524","fund_bill_list":[{"amount":"500.00","fund_channel":"PCREDIT"}],"gmt_payment":"2018-06-11 19:16:55","invoice_amount":"500.00","out_trade_no":"2018061119165413030","point_amount":"0.00","receipt_amount":"500.00","total_amount":"500.00","trade_no":"2018061121001004520528858871"},"sign":"CAt33OdkTSeYuUfBf0jJFJNYawgt6ei1bYv8CUf5VIlb+S8VDd0NgD38rqF26oeFcYXKtDjtKSwU/hip0NFxzFUnd/n2AHIlTQw4EWp0xq5OAeeDkzj9SCKFGiN2cFO22hNIXExxrmpDcKsfzt3A1PUeEytkP8gyREUQH5+e/IA="}

2018-06-11 19:17:55 {"merchant_id":"1499456762","key":"","authCode":"135858357351801552","order_sn":"2018061119175595042","price":97.5}

2018-06-11 19:18:28 {"merchant_id":"1499456762","key":"","authCode":"134588504262988625","order_sn":"2018061119182877394","price":12}

2018-06-11 19:18:33 {"merchant_id":"1499456762","key":"","authCode":"134834056236604336","order_sn":"2018061119183335308","price":40}

2018-06-11 19:19:19 {"merchant_id":"1499456762","key":"","authCode":"134638920181330395","order_sn":"2018061119191982206","price":29}

2018-06-11 19:22:29 {"merchant_id":"1499456762","key":"","authCode":"134613259656142043","order_sn":"2018061119222929423","price":29}

2018-06-11 19:28:35 {"merchant_id":"1499456762","key":"","authCode":"134979609027361585","order_sn":"2018061119283511161","price":20}

2018-06-11 19:35:40 {"merchant_id":"1499456762","key":"","authCode":"134749772505421337","order_sn":"2018061119354023636","price":13}

2018-06-11 19:36:28 {"merchant_id":"1499456762","key":"","authCode":"134843860757331048","order_sn":"2018061119362842803","price":29}

2018-06-11 19:37:56 {"merchant_id":"1499456762","key":"","authCode":"135134731697999165","order_sn":"2018061119375688691","price":37}

2018-06-11 19:39:46 {"merchant_id":"1499456762","key":"","authCode":"134775423880961571","order_sn":"2018061119394665586","price":19}

2018-06-11 19:44:51 {"merchant_id":"1499456762","key":"","authCode":"134795485477954544","order_sn":"2018061119445165694","price":9}

2018-06-11 19:50:42 {"merchant_id":"1499456762","key":"","authCode":"134569786240951443","order_sn":"2018061119504290065","price":28}

2018-06-11 19:51:36 {"merchant_id":"1499456762","key":"","authCode":"134622650056167688","order_sn":"2018061119513667289","price":54}

2018-06-11 19:53:31 {"merchant_id":"1499456762","key":"","authCode":"134682991673291746","order_sn":"2018061119533190106","price":19.5}

2018-06-11 19:54:44 {"merchant_id":"1499456762","key":"","authCode":"134887812570843469","order_sn":"2018061119544465328","price":13}

2018-06-11 20:02:14 {"merchant_id":"1499456762","key":"","authCode":"134603164339199357","order_sn":"2018061120021453008","price":100}

2018-06-11 20:02:17 {"merchant_id":"1499456762","key":"","authCode":"134887947643115878","order_sn":"2018061120021713478","price":23}

2018-06-11 20:02:57 {"merchant_id":"1499456762","key":"","authCode":"134786817270924099","order_sn":"2018061120025718294","price":7}

2018-06-11 20:09:54 {"merchant_id":"1499456762","key":"","authCode":"134776103183812575","order_sn":"2018061120095425102","price":10}

2018-06-11 20:10:52 {"merchant_id":"1499456762","key":"","authCode":"134717036666621790","order_sn":"2018061120105249254","price":19}

2018-06-11 20:11:27 {"merchant_id":"1499456762","key":"","authCode":"134658490593602864","order_sn":"2018061120112737577","price":6}

2018-06-11 20:13:39 {"merchant_id":"1499456762","key":"","authCode":"135020294432707440","order_sn":"2018061120133972632","price":28}

2018-06-11 20:15:20 {"merchant_id":"1499456762","key":"","authCode":"134822294164266723","order_sn":"2018061120152033588","price":9}

2018-06-11 20:15:24 {"merchant_id":"1490350062","key":"","authCode":"134762472604215513","order_sn":"2018061120152460770","price":100}

2018-06-11 20:22:21 {"merchant_id":"1499456762","key":"","authCode":"134741028582762947","order_sn":"2018061120222141358","price":29}

2018-06-11 20:25:52 {"merchant_id":"1499456762","key":"","authCode":"134827061956152536","order_sn":"2018061120255263271","price":36}

2018-06-11 20:26:33 {"merchant_id":"1499456762","key":"","authCode":"134953106386062444","order_sn":"2018061120263373174","price":8}

2018-06-11 20:27:27 {"merchant_id":"1499456762","key":"","authCode":"134812046514378535","order_sn":"2018061120272748232","price":8}

2018-06-11 20:30:06 {"merchant_id":"1499456762","key":"","authCode":"134668541244219139","order_sn":"2018061120300636554","price":44}

2018-06-11 20:30:32 {"merchant_id":"1499456762","key":"","authCode":"134553460799613309","order_sn":"2018061120303285944","price":26}

2018-06-11 20:31:50 {"merchant_id":"1499456762","key":"","authCode":"134846441094254075","order_sn":"2018061120315013711","price":7}

2018-06-11 20:32:38 {"merchant_id":"1499456762","key":"","authCode":"134921580353478156","order_sn":"2018061120323811662","price":6}

2018-06-11 20:34:22 {"merchant_id":"1499456762","key":"","authCode":"134589582511974881","order_sn":"2018061120342233155","price":18}

2018-06-11 20:35:46 {"merchant_id":"1499456762","key":"","authCode":"134963410186046904","order_sn":"2018061120354647960","price":30}

2018-06-11 20:37:56 {"merchant_id":"1499456762","key":"","authCode":"134613948321944987","order_sn":"2018061120375610068","price":30}

2018-06-11 20:39:38 {"merchant_id":"1493159782","key":"","authCode":"134813095428187716","order_sn":"2018061120393882719","price":300}

2018-06-11 20:43:39 {"merchant_id":"1499456762","key":"","authCode":"135184254910986915","order_sn":"2018061120433950800","price":28}

2018-06-11 20:49:09 {"merchant_id":"1499456762","key":"","authCode":"135019672546025639","order_sn":"2018061120490955638","price":25.5}

2018-06-11 20:52:11 {"merchant_id":"1499456762","key":"","authCode":"134604958966232689","order_sn":"2018061120521140713","price":14}

2018-06-11 20:53:32 {"merchant_id":"1499456762","key":"","authCode":"134510966722654056","order_sn":"2018061120533238271","price":14}

2018-06-11 20:53:47 {"merchant_id":"1499456762","key":"","authCode":"134615537555527312","order_sn":"2018061120534741280","price":1}

2018-06-11 20:55:41 {"merchant_id":"1499456762","key":"","authCode":"135053539513488836","order_sn":"2018061120554172630","price":55}

2018-06-11 20:56:11 {"merchant_id":"1499456762","key":"","authCode":"134652679373690812","order_sn":"2018061120561176138","price":12}

2018-06-11 20:59:02 {"merchant_id":"1499456762","key":"","authCode":"134842035882688198","order_sn":"2018061120590229109","price":8}

2018-06-11 21:15:24 {"merchant_id":"1499456762","key":"","authCode":"135207011346695233","order_sn":"2018061121152441981","price":18.4}

2018-06-11 21:18:35 {"merchant_id":"1499456762","key":"","authCode":"134677213551286842","order_sn":"2018061121183539417","price":22}

2018-06-11 21:20:50 {"merchant_id":"1499456762","key":"","authCode":"135103756703492259","order_sn":"2018061121205084699","price":40}

2018-06-11 21:21:02 {"merchant_id":"1499456762","key":"","authCode":"135466469346304966","order_sn":"2018061121210230430","price":8}

2018-06-11 21:27:44 {"merchant_id":"1493159782","key":"","authCode":"135799081533343754","order_sn":"2018061121274417982","price":300}

2018-06-11 21:29:09 {"merchant_id":"1499456762","key":"","authCode":"134703429046549646","order_sn":"2018061121290911617","price":7}

2018-06-11 21:29:48 {"merchant_id":"1499456762","key":"","authCode":"134627631113312508","order_sn":"2018061121294882787","price":7}

2018-06-11 21:52:42 {"merchant_id":"1499456762","key":"","authCode":"134918379165783827","order_sn":"2018061121524287484","price":36.8}

2018-06-11 21:53:14 {"merchant_id":"1499456762","key":"","authCode":"135019225282029227","order_sn":"2018061121531429280","price":6}

2018-06-11 21:54:06 {"merchant_id":"1499456762","key":"","authCode":"134650895052917050","order_sn":"2018061121540672747","price":28}

2018-06-11 21:54:29 {"merchant_id":"1499456762","key":"","authCode":"134535021689187795","order_sn":"2018061121542928170","price":9}

2018-06-11 21:58:02 {"merchant_id":"2088822285099072","key":"201710BBaa55e11a995b41488709d94fe3bfbX07","authCode":"281333332417634741","order_sn":"2018061121580294390","price":138}

2018-06-11 21:58:02 {"app_id":"2017071207730667","method":"alipay.trade.pay","charset":"utf-8","sign_type":"RSA","app_auth_token":"201710BBaa55e11a995b41488709d94fe3bfbX07","timestamp":"2018-06-11 21:58:02","version":"1.0","biz_content":"{\"out_trade_no\":\"2018061121580294390\",\"scene\":\"bar_code\",\"auth_code\":\"281333332417634741\",\"subject\":\"\\u8ba2\\u5355\\u53f7:2018061121580294390\",\"seller_id\":\"2088822285099072\",\"total_amount\":138,\"extend_params\":{\"sys_service_provider_id\":\"2088721521881652\"}}","sign":"HNprvv\/XSUFsix2xqVla8DO4N2DmuJFdQhudOTC23mttxfal+RQGqcTJBfYnYync3S0d9icklkoVTEp8o0qp0PN1SfLnizmPs3slka24Xg8H7mmpvjeT2p1f594MDNKRuzrRNFxkI8s\/TKIHjsac19AWJv8gi6rHk371HGf9jlY="}

2018-06-11 21:58:03 {"alipay_trade_pay_response":{"code":"10000","msg":"Success","buyer_logon_id":"the***@163.com","buyer_pay_amount":"138.00","buyer_user_id":"2088002097509103","fund_bill_list":[{"amount":"138.00","fund_channel":"ALIPAYACCOUNT"}],"gmt_payment":"2018-06-11 21:58:03","invoice_amount":"138.00","out_trade_no":"2018061121580294390","point_amount":"0.00","receipt_amount":"138.00","total_amount":"138.00","trade_no":"2018061121001004100506523523"},"sign":"SxisEmei2n0u8+wkbMvINzvHq0LI6w/KmBrsR30eW4J8ayhvGUvEtQs1Tq7k9R1+K+OpkvThdcif2vGUHa/QjuMeJlQJg4lbu91VpkP84MJmBbQ0PISCpuc8nuB+51mL3uLKYCvp51eRbP1eMwZ1Pjxwj0PQvQOwn68bFVU3oqo="}

2018-06-11 22:34:39 {"merchant_id":"1490350062","key":"","authCode":"135283939620547330","order_sn":"2018061122343971947","price":300}

2018-06-11 22:47:19 {"merchant_id":"1490350062","key":"","authCode":"134508612518623438","order_sn":"2018061122471969779","price":300}

2018-06-11 23:30:30 {"merchant_id":"1490350062","key":"","authCode":"134986829381845767","order_sn":"2018061123302949214","price":300}

