2018-03-03 00:00:27 {"merchant_id":"1490350062","key":"","authCode":"134584579410213107","order_sn":"2018030300002791129","price":300}
2018-03-03 00:15:21 {"merchant_id":"1490350062","key":"","authCode":"134721091659249058","order_sn":"2018030300152123529","price":300}
2018-03-03 01:29:22 {"merchant_id":"1490350062","key":"","authCode":"134593166518258330","order_sn":"2018030301292257850","price":300}
2018-03-03 10:08:29 {"merchant_id":"1493159782","key":"","authCode":"134602574467613533","order_sn":"2018030310082987818","price":6}
2018-03-03 11:58:39 {"merchant_id":"1490350062","key":"","authCode":"135139904213129403","order_sn":"2018030311583963198","price":300}
2018-03-03 13:21:30 {"merchant_id":"1493159782","key":"","authCode":"135546026483728342","order_sn":"2018030313213088214","price":300}
2018-03-03 14:02:59 {"merchant_id":"1493159782","key":"","authCode":"135436796917272961","order_sn":"2018030314025969470","price":400}
2018-03-03 14:05:12 {"merchant_id":"1490350062","key":"","authCode":"134747386817240588","order_sn":"2018030314051236842","price":2}
2018-03-03 14:12:41 {"merchant_id":"1490350062","key":"","authCode":"134567044244924242","order_sn":"2018030314124119977","price":100}
2018-03-03 15:11:03 {"merchant_id":"1490350062","key":"","authCode":"134681575225840940","order_sn":"2018030315110332901","price":50}
2018-03-03 15:19:41 {"merchant_id":"1490350062","key":"","authCode":"134574349299757397","order_sn":"2018030315194169974","price":300}
2018-03-03 16:50:20 {"merchant_id":"2088822285099072","key":"201710BBaa55e11a995b41488709d94fe3bfbX07","authCode":"289236260047045145","order_sn":"2018030316502085609","price":300}
2018-03-03 16:50:20 {"app_id":"2017071207730667","method":"alipay.trade.pay","charset":"utf-8","sign_type":"RSA","app_auth_token":"201710BBaa55e11a995b41488709d94fe3bfbX07","timestamp":"2018-03-03 16:50:20","version":"1.0","biz_content":"{\"out_trade_no\":\"2018030316502085609\",\"scene\":\"bar_code\",\"auth_code\":\"289236260047045145\",\"subject\":\"\\u8ba2\\u5355\\u53f7:2018030316502085609\",\"seller_id\":\"2088822285099072\",\"total_amount\":300,\"extend_params\":{\"sys_service_provider_id\":\"2088721521881652\"}}","sign":"Fev2f\/rRa6XyX3P1ahywqXWsBgMFPwbaRl+k7PGgI38mMJnjqx4re0gRpdV8mBxGHsVlXOOeZKorhJQ+Ee1gPHFRQ\/rGrQiB5jbTZdqKCWqG+Jh9R943zzU2pjFSv7utm2XE3mkQz+6juay++fHEJPiTwFnKF2By6ZAU7qOljPE="}
2018-03-03 16:50:21 {"alipay_trade_pay_response":{"code":"10000","msg":"Success","buyer_logon_id":"182****6060","buyer_pay_amount":"300.00","buyer_user_id":"2088022226471581","fund_bill_list":[{"amount":"300.00","fund_channel":"PCREDIT"}],"gmt_payment":"2018-03-03 16:50:21","invoice_amount":"300.00","out_trade_no":"2018030316502085609","point_amount":"0.00","receipt_amount":"300.00","total_amount":"300.00","trade_no":"2018030321001004580599931561"},"sign":"H9qx1MPVTbacqw+CYTXvz0z49+Y7HYoPLjWP26Ih0S+ELeRamsQY7apbZ8qPrezbCQ65cv63ywFqwfPLe0HlwNzo3TR2xlJ0wdy/3ZVSWDArwud+wu260kQAmAciNuBtiF2FceDVqoooKddQu+6tIc9FsJutVCKqcKRBJGtQNIU="}
2018-03-03 17:02:10 {"merchant_id":"1490350062","key":"","authCode":"134913438221724747","order_sn":"2018030317020988828","price":9}
2018-03-03 17:08:01 {"merchant_id":"1493159782","key":"","authCode":"134655811920158922","order_sn":"2018030317080120602","price":3000}
2018-03-03 17:20:53 {"merchant_id":"1493159782","key":"","authCode":"134600051102266808","order_sn":"2018030317205360237","price":100}
2018-03-03 18:26:37 {"merchant_id":"1493159782","key":"","authCode":"134638514666240780","order_sn":"2018030318263725112","price":500}
2018-03-03 19:34:08 {"merchant_id":"1493159782","key":"","authCode":"135040880522338442","order_sn":"2018030319340861044","price":300}
2018-03-03 19:43:36 {"merchant_id":"1493159782","key":"","authCode":"134534194692294049","order_sn":"2018030319433692573","price":300}
2018-03-03 20:14:02 {"merchant_id":"1490350062","key":"","authCode":"134524730654657838","order_sn":"2018030320140285073","price":100}
2018-03-03 20:43:40 {"merchant_id":"1490350062","key":"","authCode":"135382207823316494","order_sn":"2018030320434060369","price":300}
2018-03-03 20:54:30 {"merchant_id":"2088821827997030","key":"201711BBc699bef5cde842dba6fa5c6bdc706A03","authCode":"280816293824276748","order_sn":"2018030320543051667","price":300}
2018-03-03 20:54:30 {"app_id":"2017071207730667","method":"alipay.trade.pay","charset":"utf-8","sign_type":"RSA","app_auth_token":"201711BBc699bef5cde842dba6fa5c6bdc706A03","timestamp":"2018-03-03 20:54:30","version":"1.0","biz_content":"{\"out_trade_no\":\"2018030320543051667\",\"scene\":\"bar_code\",\"auth_code\":\"280816293824276748\",\"subject\":\"\\u8ba2\\u5355\\u53f7:2018030320543051667\",\"seller_id\":\"2088821827997030\",\"total_amount\":300,\"extend_params\":{\"sys_service_provider_id\":\"2088721521881652\"}}","sign":"Nww2mg6\/kK8eH6bg\/F\/vRglsGvbgkT2OZzh\/uGkY0dRqPijaOGECn3FIiGrGTZZQX2A7jGwDmnQkQeOWajptfhnofc9LThuMKumUzs8x8JAK2B08uYrK3YqvG5Ymde1XrpuBdjuM24rZOEPhVe47joyhBvZ4rHJs3yqEBU58Jao="}
2018-03-03 20:54:31 {"alipay_trade_pay_response":{"code":"10000","msg":"Success","buyer_logon_id":"181****7111","buyer_pay_amount":"300.00","buyer_user_id":"2088912774000815","fund_bill_list":[{"amount":"300.00","fund_channel":"ALIPAYACCOUNT"}],"gmt_payment":"2018-03-03 20:54:31","invoice_amount":"300.00","out_trade_no":"2018030320543051667","point_amount":"0.00","receipt_amount":"300.00","total_amount":"300.00","trade_no":"2018030321001004810570790903"},"sign":"OvmZGVg/J9KBAlkyh9eud3iiFyJFbbrALkh4ZopyA7prtrG3f5BsvIcBkhqbciMD+x92/hrHfsFNIFbq37eWFje7m1QXRJXoAhmPNWdMMP4CMcpPzJccb/o3zNFDA6mHXXUOpJ+SQC9gjEwYqvpQ91BqdctOzu4TDfy9Il0+PSI="}
2018-03-03 20:57:01 {"merchant_id":"1490350062","key":"","authCode":"134983142686007801","order_sn":"2018030320570165302","price":300}
2018-03-03 21:15:52 {"merchant_id":"1490350062","key":"","authCode":"134806226346311090","order_sn":"2018030321155264945","price":300}
2018-03-03 21:17:30 {"merchant_id":"1490350062","key":"","authCode":"134736766049093468","order_sn":"2018030321173051787","price":100}
2018-03-03 21:23:34 {"merchant_id":"1490350062","key":"","authCode":"134681003207948224","order_sn":"2018030321233494724","price":20}
2018-03-03 22:22:04 {"merchant_id":"1490350062","key":"","authCode":"134629208148171483","order_sn":"2018030322220481263","price":200}
2018-03-03 22:22:32 {"merchant_id":"1490350062","key":"","authCode":"134735383857711251","order_sn":"2018030322223258027","price":100}
2018-03-03 22:27:57 {"merchant_id":"1490350062","key":"","authCode":"135216673195379369","order_sn":"2018030322275716715","price":20}
2018-03-03 22:28:58 {"merchant_id":"1490350062","key":"","authCode":"135130839443523763","order_sn":"2018030322285878366","price":20}
2018-03-03 23:15:45 {"merchant_id":"1490350062","key":"","authCode":"134605064974779558","order_sn":"2018030323154553810","price":300}
