2018-05-31 00:35:53 {"merchant_id":"1490350062","key":"","authCode":"134746185713684888","order_sn":"2018053100355390809","price":300}

2018-05-31 01:31:58 {"merchant_id":"2088822285099072","key":"201710BBaa55e11a995b41488709d94fe3bfbX07","authCode":"286881127081178231","order_sn":"2018053101315868806","price":300}

2018-05-31 01:31:58 {"app_id":"2017071207730667","method":"alipay.trade.pay","charset":"utf-8","sign_type":"RSA","app_auth_token":"201710BBaa55e11a995b41488709d94fe3bfbX07","timestamp":"2018-05-31 01:31:58","version":"1.0","biz_content":"{\"out_trade_no\":\"2018053101315868806\",\"scene\":\"bar_code\",\"auth_code\":\"286881127081178231\",\"subject\":\"\\u8ba2\\u5355\\u53f7:2018053101315868806\",\"seller_id\":\"2088822285099072\",\"total_amount\":300,\"extend_params\":{\"sys_service_provider_id\":\"2088721521881652\"}}","sign":"KGMTWEWOCkKKEcNRxXCxm4vY59\/Uffq3gzYGwEHhGVILfGA+SnVfa6pzyK5WoIiK6wvl0UxV\/2Hog8uq\/ZgZrEUVBZqj\/nZ1gm+9YiTz2iRVMXbez9hgCEACPK9wbV3kuyLyf4kuHAj6Zsqr5iNju0KIzm86nd0Tip0hj2FZNEY="}

2018-05-31 01:31:58 {"alipay_trade_pay_response":{"code":"10000","msg":"Success","buyer_logon_id":"187****8977","buyer_pay_amount":"300.00","buyer_user_id":"2088422440337256","fund_bill_list":[{"amount":"300.00","fund_channel":"PCREDIT"}],"gmt_payment":"2018-05-31 01:31:58","invoice_amount":"300.00","out_trade_no":"2018053101315868806","point_amount":"0.00","receipt_amount":"300.00","total_amount":"300.00","trade_no":"2018053121001004250521100450"},"sign":"VdHsu0hO//4CssRY+Qfo8YFdMQ132KsG+BAZz0MOpALtCkYoaHmzH/BPAi44wjSjlw1In/mQaP0Opf+5IvKN00L/EfyRnYrOx62W8F0QrVOGWoCUC2uMhbaZs+kwIgil4q1+XMuxVs/PpBNNWDZoUFd/7LXZDkZis29H3c7g11I="}

2018-05-31 05:10:55 {"merchant_id":"1490350062","key":"","authCode":"134766640777004801","order_sn":"2018053105105565541","price":300}

2018-05-31 08:43:05 {"merchant_id":"1499456762","key":"","authCode":"134884846099394103","order_sn":"2018053108430592717","price":38.5}

2018-05-31 09:04:25 {"merchant_id":"1493159782","key":"","authCode":"134556193944258362","order_sn":"2018053109042523755","price":200}

2018-05-31 09:12:50 {"merchant_id":"1499456762","key":"","authCode":"134906566708528593","order_sn":"2018053109125017874","price":6}

2018-05-31 09:18:04 {"merchant_id":"1499456762","key":"","authCode":"134702389199640439","order_sn":"2018053109180495448","price":11}

2018-05-31 09:22:04 {"merchant_id":"1499456762","key":"","authCode":"134783305529911427","order_sn":"2018053109220485684","price":16.5}

2018-05-31 09:39:59 {"merchant_id":"1493159782","key":"","authCode":"134651680144853782","order_sn":"2018053109395963379","price":372}

2018-05-31 09:58:36 {"merchant_id":"1499456762","key":"","authCode":"134776544086562806","order_sn":"2018053109583649309","price":50}

2018-05-31 11:30:40 {"merchant_id":"1499456762","key":"","authCode":"134509445447530450","order_sn":"2018053111304096913","price":100}

2018-05-31 11:30:50 {"merchant_id":"1499456762","key":"","authCode":"134928214575157406","order_sn":"2018053111305041695","price":15}

2018-05-31 11:42:17 {"merchant_id":"1499456762","key":"","authCode":"134873988317232986","order_sn":"2018053111421725354","price":10}

2018-05-31 11:43:23 {"merchant_id":"1499456762","key":"","authCode":"134637984730776041","order_sn":"2018053111432346553","price":20}

2018-05-31 11:43:26 {"merchant_id":"1490350062","key":"","authCode":"134759151354814651","order_sn":"2018053111432666335","price":100}

2018-05-31 11:52:42 {"merchant_id":"1490350062","key":"","authCode":"134899172600904371","order_sn":"2018053111524275579","price":118}

2018-05-31 12:09:52 {"merchant_id":"1499456762","key":"","authCode":"134848535278202128","order_sn":"2018053112095276221","price":45}

2018-05-31 12:14:48 {"merchant_id":"1490350062","key":"","authCode":"135782566654487769","order_sn":"2018053112144897890","price":300}

2018-05-31 12:17:10 {"merchant_id":"1493159782","key":"","authCode":"134953003906811645","order_sn":"2018053112171089550","price":200}

2018-05-31 12:19:39 {"merchant_id":"1490350062","key":"","authCode":"135730000221765576","order_sn":"2018053112193990272","price":145}

2018-05-31 12:19:51 {"merchant_id":"1499456762","key":"","authCode":"134597570381516948","order_sn":"2018053112195195936","price":8}

2018-05-31 12:29:07 {"merchant_id":"1490350062","key":"","authCode":"134960384631085190","order_sn":"2018053112290790208","price":100}

2018-05-31 12:32:35 {"merchant_id":"1499456762","key":"","authCode":"134689329763797503","order_sn":"2018053112323594232","price":38}

2018-05-31 12:33:59 {"merchant_id":"1499456762","key":"","authCode":"134552155929321796","order_sn":"2018053112335938335","price":28}

2018-05-31 12:48:19 {"merchant_id":"1499456762","key":"","authCode":"134647223034132904","order_sn":"2018053112481982812","price":20}

2018-05-31 13:06:10 {"merchant_id":"1499456762","key":"","authCode":"134641697717554216","order_sn":"2018053113061050143","price":28}

2018-05-31 13:15:13 {"merchant_id":"1490350062","key":"","authCode":"134740130621468423","order_sn":"2018053113151365808","price":300}

2018-05-31 13:21:22 {"merchant_id":"1490350062","key":"","authCode":"134687700959341305","order_sn":"2018053113212217904","price":200}

2018-05-31 13:40:56 {"merchant_id":"1499456762","key":"","authCode":"134624926740766389","order_sn":"2018053113405677494","price":8}

2018-05-31 13:47:51 {"merchant_id":"1499456762","key":"","authCode":"135245504916421379","order_sn":"2018053113475099176","price":150}

2018-05-31 13:57:51 {"merchant_id":"1499456762","key":"","authCode":"134647809322476635","order_sn":"2018053113575174926","price":200}

2018-05-31 14:03:08 {"merchant_id":"1490350062","key":"","authCode":"135300347403528552","order_sn":"2018053114030845223","price":300}

2018-05-31 14:15:04 {"merchant_id":"1499456762","key":"","authCode":"134771102899899521","order_sn":"2018053114150475808","price":6}

2018-05-31 14:16:04 {"merchant_id":"1490350062","key":"","authCode":"134681399503830869","order_sn":"2018053114160411563","price":100}

2018-05-31 15:05:50 {"merchant_id":"1499456762","key":"","authCode":"134754565636924410","order_sn":"2018053115055096440","price":30}

2018-05-31 15:10:05 {"merchant_id":"1499456762","key":"","authCode":"134694294597629362","order_sn":"2018053115100562064","price":23}

2018-05-31 15:11:48 {"merchant_id":"1499456762","key":"","authCode":"134915883073774072","order_sn":"2018053115114858170","price":30}

2018-05-31 15:27:58 {"merchant_id":"1499456762","key":"","authCode":"134515371286842765","order_sn":"2018053115275894448","price":24}

2018-05-31 15:31:16 {"merchant_id":"1499456762","key":"","authCode":"134801062793088149","order_sn":"2018053115311653652","price":40}

2018-05-31 15:32:09 {"merchant_id":"1499456762","key":"","authCode":"134776715960099377","order_sn":"2018053115320960725","price":28}

2018-05-31 15:37:55 {"merchant_id":"1499456762","key":"","authCode":"134779095341955884","order_sn":"2018053115375546585","price":23}

2018-05-31 15:55:30 {"merchant_id":"2088822285099072","key":"201710BBaa55e11a995b41488709d94fe3bfbX07","authCode":"283543272910850074","order_sn":"2018053115553015985","price":500}

2018-05-31 15:55:30 {"app_id":"2017071207730667","method":"alipay.trade.pay","charset":"utf-8","sign_type":"RSA","app_auth_token":"201710BBaa55e11a995b41488709d94fe3bfbX07","timestamp":"2018-05-31 15:55:30","version":"1.0","biz_content":"{\"out_trade_no\":\"2018053115553015985\",\"scene\":\"bar_code\",\"auth_code\":\"283543272910850074\",\"subject\":\"\\u8ba2\\u5355\\u53f7:2018053115553015985\",\"seller_id\":\"2088822285099072\",\"total_amount\":500,\"extend_params\":{\"sys_service_provider_id\":\"2088721521881652\"}}","sign":"FjfYzzbyU2zIUiFMVTytC8uQkm7njFnMYIGHIeKT8Zicc8po+wqSGsTMnzoA0HZGSNv7NT7jyiRdrJBYO5t5U5japMna0ohvloc4U\/nNpVvy48Qz5p+YH0uHJmHV475J6eY3SAyspo8z5zTguv7AYnRDl3N7Im6jYVYbtonW7Ic="}

2018-05-31 15:55:31 {"alipay_trade_pay_response":{"code":"10000","msg":"Success","buyer_logon_id":"156****0333","buyer_pay_amount":"500.00","buyer_user_id":"2088922918325302","fund_bill_list":[{"amount":"500.00","fund_channel":"ALIPAYACCOUNT"}],"gmt_payment":"2018-05-31 15:55:31","invoice_amount":"500.00","out_trade_no":"2018053115553015985","point_amount":"0.00","receipt_amount":"500.00","total_amount":"500.00","trade_no":"2018053121001004300501800528"},"sign":"gPVRLCzReRhEFVrEK5fk/w9tr2jyXLTBgXo7cM8pUlWjNgLpgd9DK3yYfrMxOPMDUS9FwTTA2PRdAly+eqjw3RMawQZuDbNMeZT2uGQQBk+rWIeDdTI47AILUpKFHfH7uGHgrX2cLz7C5pg988M46oYKDkHnVEJQahkFXS2ld/4="}

2018-05-31 16:15:21 {"merchant_id":"1499456762","key":"","authCode":"134909005106461457","order_sn":"2018053116152135240","price":7}

2018-05-31 16:33:57 {"merchant_id":"1499456762","key":"","authCode":"134589594405789998","order_sn":"2018053116335745716","price":38}

2018-05-31 16:50:43 {"merchant_id":"1499456762","key":"","authCode":"135047222480073402","order_sn":"2018053116504394826","price":20}

2018-05-31 17:10:10 {"merchant_id":"1499456762","key":"","authCode":"134722781637956440","order_sn":"2018053117101093472","price":11}

2018-05-31 17:11:46 {"merchant_id":"1499456762","key":"","authCode":"134608088253345479","order_sn":"2018053117114662033","price":9}

2018-05-31 17:12:21 {"merchant_id":"1499456762","key":"","authCode":"134616480492001261","order_sn":"2018053117122171564","price":6}

2018-05-31 17:12:51 {"merchant_id":"1499456762","key":"","authCode":"135277879943503481","order_sn":"2018053117125191426","price":22}

2018-05-31 17:13:59 {"merchant_id":"1499456762","key":"","authCode":"134739767451990999","order_sn":"2018053117135919858","price":13}

2018-05-31 17:17:42 {"merchant_id":"1499456762","key":"","authCode":"134711341613606073","order_sn":"2018053117174281175","price":60}

2018-05-31 17:21:57 {"merchant_id":"1499456762","key":"","authCode":"134928091681860590","order_sn":"2018053117215781845","price":43}

2018-05-31 17:23:09 {"merchant_id":"1499456762","key":"","authCode":"134625018725851510","order_sn":"2018053117230914170","price":300}

2018-05-31 17:28:08 {"merchant_id":"1499456762","key":"","authCode":"134636202578716575","order_sn":"2018053117280892416","price":18.5}

2018-05-31 17:29:21 {"merchant_id":"1499456762","key":"","authCode":"134589783491260555","order_sn":"2018053117292157940","price":11}

2018-05-31 17:42:31 {"merchant_id":"1499456762","key":"","authCode":"134579505528740959","order_sn":"2018053117423117051","price":20}

2018-05-31 17:47:06 {"merchant_id":"1499456762","key":"","authCode":"135001009042663029","order_sn":"2018053117470616702","price":35}

2018-05-31 17:57:14 {"merchant_id":"1499456762","key":"","authCode":"134738708084756271","order_sn":"2018053117571428622","price":20}

2018-05-31 18:02:19 {"merchant_id":"1499456762","key":"","authCode":"134710607000728011","order_sn":"2018053118021929974","price":32}

2018-05-31 18:02:58 {"merchant_id":"1499456762","key":"","authCode":"134733638844393904","order_sn":"2018053118025851283","price":20.5}

2018-05-31 18:06:49 {"merchant_id":"1499456762","key":"","authCode":"134632965738031488","order_sn":"2018053118064933308","price":8}

2018-05-31 18:11:33 {"merchant_id":"1499456762","key":"","authCode":"134641033247235332","order_sn":"2018053118113388399","price":15}

2018-05-31 18:15:21 {"merchant_id":"1499456762","key":"","authCode":"134721736823481553","order_sn":"2018053118152189684","price":38}

2018-05-31 18:15:29 {"merchant_id":"1499456762","key":"","authCode":"134515468436333879","order_sn":"2018053118152994155","price":13}

2018-05-31 18:17:03 {"merchant_id":"1499456762","key":"","authCode":"134591682995416061","order_sn":"2018053118170359884","price":8}

2018-05-31 18:20:54 {"merchant_id":"1499456762","key":"","authCode":"134621501771099090","order_sn":"2018053118205457788","price":15}

2018-05-31 18:38:58 {"merchant_id":"1499456762","key":"","authCode":"134840578387848496","order_sn":"2018053118385887027","price":9}

2018-05-31 18:43:12 {"merchant_id":"1499456762","key":"","authCode":"135175107462908714","order_sn":"2018053118431229265","price":8}

2018-05-31 18:46:42 {"merchant_id":"1499456762","key":"","authCode":"134625027524635913","order_sn":"2018053118464227451","price":43}

2018-05-31 18:55:48 {"merchant_id":"1499456762","key":"","authCode":"134683549645018743","order_sn":"2018053118554845183","price":8}

2018-05-31 19:02:02 {"merchant_id":"1499456762","key":"","authCode":"135044705879212884","order_sn":"2018053119020282720","price":24}

2018-05-31 19:02:56 {"merchant_id":"1499456762","key":"","authCode":"134627978884109235","order_sn":"2018053119025656516","price":38}

2018-05-31 19:05:24 {"merchant_id":"1499456762","key":"","authCode":"134694782716600835","order_sn":"2018053119052448803","price":9}

2018-05-31 19:06:03 {"merchant_id":"1499456762","key":"","authCode":"134508115137191485","order_sn":"2018053119060368620","price":53}

2018-05-31 19:07:56 {"merchant_id":"1499456762","key":"","authCode":"134602038788499378","order_sn":"2018053119075652846","price":300}

2018-05-31 19:10:01 {"merchant_id":"1490350062","key":"","authCode":"135886404254656812","order_sn":"2018053119100163156","price":300}

2018-05-31 19:10:24 {"merchant_id":"1499456762","key":"","authCode":"134741464543731108","order_sn":"2018053119102479764","price":12}

2018-05-31 19:11:50 {"merchant_id":"1499456762","key":"","authCode":"134521294846280707","order_sn":"2018053119115051002","price":168}

2018-05-31 19:21:06 {"merchant_id":"1499456762","key":"","authCode":"134884007256485001","order_sn":"2018053119210656049","price":28}

2018-05-31 19:21:22 {"merchant_id":"1499456762","key":"","authCode":"134623080514844740","order_sn":"2018053119212285882","price":44}

2018-05-31 19:22:24 {"merchant_id":"1499456762","key":"","authCode":"134560788646157020","order_sn":"2018053119222435494","price":6}

2018-05-31 19:23:24 {"merchant_id":"1499456762","key":"","authCode":"134546117792603404","order_sn":"2018053119232481201","price":4}

2018-05-31 19:24:18 {"merchant_id":"1499456762","key":"","authCode":"134712896353974127","order_sn":"2018053119241820505","price":300}

2018-05-31 19:28:24 {"merchant_id":"1499456762","key":"","authCode":"134906370373263527","order_sn":"2018053119282462897","price":18}

2018-05-31 19:31:59 {"merchant_id":"1499456762","key":"","authCode":"134727576242239053","order_sn":"2018053119315914547","price":11}

2018-05-31 19:37:36 {"merchant_id":"1499456762","key":"","authCode":"134563931200894441","order_sn":"2018053119373644374","price":9}

2018-05-31 19:39:11 {"merchant_id":"1499456762","key":"","authCode":"134637840662669914","order_sn":"2018053119391141024","price":18}

2018-05-31 19:43:33 {"merchant_id":"1499456762","key":"","authCode":"134914439755708669","order_sn":"2018053119433369386","price":15}

2018-05-31 19:44:30 {"merchant_id":"1499456762","key":"","authCode":"135029917905616826","order_sn":"2018053119443041009","price":12}

2018-05-31 19:45:01 {"merchant_id":"1499456762","key":"","authCode":"134533599527915568","order_sn":"2018053119450139357","price":23}

2018-05-31 19:52:57 {"merchant_id":"1499456762","key":"","authCode":"135032865875365848","order_sn":"2018053119525760302","price":8}

2018-05-31 19:54:14 {"merchant_id":"1499456762","key":"","authCode":"134519884903761118","order_sn":"2018053119541484348","price":31}

2018-05-31 19:55:14 {"merchant_id":"1499456762","key":"","authCode":"134556621579715616","order_sn":"2018053119551454234","price":12}

2018-05-31 19:57:03 {"merchant_id":"1499456762","key":"","authCode":"134619357215746364","order_sn":"2018053119570384992","price":24}

2018-05-31 19:58:35 {"merchant_id":"1499456762","key":"","authCode":"134527365976102388","order_sn":"2018053119583537315","price":10}

2018-05-31 19:59:35 {"merchant_id":"1499456762","key":"","authCode":"134935765151293222","order_sn":"2018053119593582269","price":16}

2018-05-31 20:01:02 {"merchant_id":"1499456762","key":"","authCode":"134529346346272747","order_sn":"2018053120010216293","price":12}

2018-05-31 20:04:33 {"merchant_id":"1499456762","key":"","authCode":"134815714587390433","order_sn":"2018053120043351497","price":10}

2018-05-31 20:04:40 {"merchant_id":"1499456762","key":"","authCode":"135024831030709470","order_sn":"2018053120044065106","price":44}

2018-05-31 20:05:50 {"merchant_id":"1499456762","key":"","authCode":"134633251971228495","order_sn":"2018053120055076421","price":22}

2018-05-31 20:09:50 {"merchant_id":"1499456762","key":"","authCode":"134543911691507315","order_sn":"2018053120095086779","price":8}

2018-05-31 20:19:11 {"merchant_id":"1499456762","key":"","authCode":"135876447659551245","order_sn":"2018053120191162519","price":45}

2018-05-31 20:21:12 {"merchant_id":"1499456762","key":"","authCode":"134644149946710169","order_sn":"2018053120211266829","price":11}

2018-05-31 20:23:41 {"merchant_id":"1499456762","key":"","authCode":"135058615245764479","order_sn":"2018053120234155238","price":35}

2018-05-31 20:25:51 {"merchant_id":"1499456762","key":"","authCode":"134628352089463794","order_sn":"2018053120255116851","price":21}

2018-05-31 20:30:17 {"merchant_id":"1499456762","key":"","authCode":"134615313080269959","order_sn":"2018053120301732256","price":28}

2018-05-31 20:33:54 {"merchant_id":"1499456762","key":"","authCode":"134755585532182879","order_sn":"2018053120335479470","price":19}

2018-05-31 20:37:27 {"merchant_id":"1490350062","key":"","authCode":"134894600597206070","order_sn":"2018053120372724816","price":300}

2018-05-31 20:41:16 {"merchant_id":"1499456762","key":"","authCode":"134611650063353882","order_sn":"2018053120411684064","price":7}

2018-05-31 20:42:41 {"merchant_id":"1499456762","key":"","authCode":"134694884598524371","order_sn":"2018053120424136189","price":35}

2018-05-31 20:47:10 {"merchant_id":"1499456762","key":"","authCode":"134784916429896287","order_sn":"2018053120471064682","price":14}

2018-05-31 20:49:17 {"merchant_id":"1499456762","key":"","authCode":"135037752258412282","order_sn":"2018053120491772291","price":32}

2018-05-31 20:49:31 {"merchant_id":"1499456762","key":"","authCode":"134538196958706462","order_sn":"2018053120493119286","price":15}

2018-05-31 20:51:36 {"merchant_id":"1499456762","key":"","authCode":"134678700268722560","order_sn":"2018053120513529166","price":14}

2018-05-31 20:52:19 {"merchant_id":"1499456762","key":"","authCode":"135153287913046923","order_sn":"2018053120521941522","price":37}

2018-05-31 20:59:25 {"merchant_id":"1499456762","key":"","authCode":"134772241426999038","order_sn":"2018053120592556781","price":12}

2018-05-31 21:00:52 {"merchant_id":"1499456762","key":"","authCode":"134733106233154662","order_sn":"2018053121005228988","price":8}

2018-05-31 21:01:13 {"merchant_id":"1499456762","key":"","authCode":"134698164890459919","order_sn":"2018053121011328736","price":24}

2018-05-31 21:02:23 {"merchant_id":"1499456762","key":"","authCode":"134959124112081665","order_sn":"2018053121022326330","price":34.5}

2018-05-31 21:03:13 {"merchant_id":"1499456762","key":"","authCode":"134926111160004597","order_sn":"2018053121031346178","price":34.5}

2018-05-31 21:07:35 {"merchant_id":"1499456762","key":"","authCode":"134693482628264862","order_sn":"2018053121073597653","price":4}

2018-05-31 21:13:44 {"merchant_id":"1499456762","key":"","authCode":"134943522606824186","order_sn":"2018053121134426224","price":8}

2018-05-31 21:18:24 {"merchant_id":"1499456762","key":"","authCode":"134778640304906524","order_sn":"2018053121182484993","price":12}

2018-05-31 21:21:14 {"merchant_id":"1499456762","key":"","authCode":"134622259464230673","order_sn":"2018053121211486943","price":24}

2018-05-31 21:22:20 {"merchant_id":"1499456762","key":"","authCode":"134568547334587097","order_sn":"2018053121222011668","price":8}

2018-05-31 21:25:43 {"merchant_id":"1499456762","key":"","authCode":"134518465137469116","order_sn":"2018053121254356101","price":22.5}

2018-05-31 21:27:22 {"merchant_id":"1499456762","key":"","authCode":"134638731305609120","order_sn":"2018053121272284385","price":10}

2018-05-31 21:28:10 {"merchant_id":"1499456762","key":"","authCode":"134749284159472903","order_sn":"2018053121281081378","price":8}

2018-05-31 21:30:10 {"merchant_id":"1499456762","key":"","authCode":"135494239620584663","order_sn":"2018053121301012526","price":8}

2018-05-31 21:32:49 {"merchant_id":"1499456762","key":"","authCode":"134634137159580843","order_sn":"2018053121324979531","price":20.5}

2018-05-31 21:34:27 {"merchant_id":"1499456762","key":"","authCode":"134729156296900397","order_sn":"2018053121342786411","price":8.5}

2018-05-31 21:35:49 {"merchant_id":"1499456762","key":"","authCode":"134539061739719806","order_sn":"2018053121354989115","price":8}

2018-05-31 21:43:24 {"merchant_id":"1499456762","key":"","authCode":"134515802391477740","order_sn":"2018053121432486334","price":20}

2018-05-31 21:48:53 {"merchant_id":"1499456762","key":"","authCode":"134612010295841711","order_sn":"2018053121485352703","price":51.5}

2018-05-31 22:26:34 {"merchant_id":"1490350062","key":"","authCode":"134617485792519834","order_sn":"2018053122263481104","price":100}

2018-05-31 22:38:49 {"merchant_id":"1499456762","key":"","authCode":"134945720887383274","order_sn":"2018053122384963193","price":12}

