2018-03-31 01:51:02 {"merchant_id":"1490350062","key":"","authCode":"135902644371880775","order_sn":"2018033101510210129","price":800}
2018-03-31 02:19:24 {"merchant_id":"1490350062","key":"","authCode":"135235212054416796","order_sn":"2018033102192466054","price":400}
2018-03-31 02:42:17 {"merchant_id":"2088821827997030","key":"201711BBc699bef5cde842dba6fa5c6bdc706A03","authCode":"286593702550657158","order_sn":"2018033102421746569","price":3000}
2018-03-31 02:42:17 {"app_id":"2017071207730667","method":"alipay.trade.pay","charset":"utf-8","sign_type":"RSA","app_auth_token":"201711BBc699bef5cde842dba6fa5c6bdc706A03","timestamp":"2018-03-31 02:42:17","version":"1.0","biz_content":"{\"out_trade_no\":\"2018033102421746569\",\"scene\":\"bar_code\",\"auth_code\":\"286593702550657158\",\"subject\":\"\\u8ba2\\u5355\\u53f7:2018033102421746569\",\"seller_id\":\"2088821827997030\",\"total_amount\":3000,\"extend_params\":{\"sys_service_provider_id\":\"2088721521881652\"}}","sign":"bm\/gLX8cgR6ywQXo7kkk+l7UCaD7ijgZceeK1eYiOQ5yto+rikTiTTLSUDJ1RabNuizFf\/b8bhrNqQd98KnrGpNTuAPKhy71dkmdKEBr05ZSLVNgOBzYv4YjMuTHBWVd+XxfFap8fhMvO59AyLAkVTltWanYfY\/29cOzRU9rPjo="}
2018-03-31 02:42:17 {"alipay_trade_pay_response":{"code":"10003","msg":" order success pay inprocess","buyer_logon_id":"177****3111","buyer_pay_amount":"0.00","buyer_user_id":"2088522417904471","invoice_amount":"0.00","out_trade_no":"2018033102421746569","point_amount":"0.00","receipt_amount":"0.00","total_amount":"3000.00","trade_no":"2018033121001004470518383086"},"sign":"QFXb+ABwDHrQc61X5jKc/PHTpwZUu72qr+dk2r1rIyDhRZJWTXu7x7rVv8bbKiMYjT//4H1n82VdNlXdMc1oEQumB7KrcC/99fUCVqFw2+RioYvLUr2O032W09SgpwwpLSMC+1a7tEEoCHJcapkxfsKn2nySM/NawnEMNVjeV/s="}
2018-03-31 02:42:17 {"alipay_trade_query_response":{"code":"10000","msg":"Success","buyer_logon_id":"177****3111","buyer_pay_amount":"0.00","buyer_user_id":"2088522417904471","invoice_amount":"0.00","out_trade_no":"2018033102421746569","point_amount":"0.00","receipt_amount":"0.00","total_amount":"3000.00","trade_no":"2018033121001004470518383086","trade_status":"WAIT_BUYER_PAY"},"sign":"tRWuykx6SceY6Z15Ijd4wPZPADWMUI66RqQJKr0xDCqMCwz9VTD2mnyxoaZh/nBO8TwWdTIiIoYW8ezqMCZQeMXvqcFFyeRZPr8U2cw1UqWlL/b4dTUa1VMEaPa1aESi5MANvb6PyoDpxXzAH8U+VJGenG0WyjLJAEbsjtji028="}
2018-03-31 02:42:22 {"alipay_trade_query_response":{"code":"10000","msg":"Success","buyer_logon_id":"177****3111","buyer_pay_amount":"3000.00","buyer_user_id":"2088522417904471","fund_bill_list":[{"amount":"3000.00","fund_channel":"ALIPAYACCOUNT"}],"invoice_amount":"3000.00","out_trade_no":"2018033102421746569","point_amount":"0.00","receipt_amount":"3000.00","send_pay_date":"2018-03-31 02:42:21","total_amount":"3000.00","trade_no":"2018033121001004470518383086","trade_status":"TRADE_SUCCESS"},"sign":"MdUWRha66v4sfEfpGYG8I1k2Z48X9fbVuemxJqM08v+hrapUJReE76FiKTRWKrS2pMs8rwkCP4ukSU8pES38MNewyH2430gECNknVmkOBBkAiPXYUO3pr1BiTur6AVGfJ0yDoW76Y6kY+ruujLI4H3kl61jtox2QQKBiN5hJk5Y="}
2018-03-31 08:10:06 {"merchant_id":"1499456762","key":"","authCode":"134727979401643243","order_sn":"2018033108100625612","price":128}
2018-03-31 08:10:21 {"merchant_id":"1499456762","key":"","authCode":"134706631390958086","order_sn":"2018033108102143715","price":108}
2018-03-31 08:14:03 {"merchant_id":"1499456762","key":"","authCode":"134939199592638451","order_sn":"2018033108140314004","price":12}
2018-03-31 09:01:37 {"merchant_id":"1499456762","key":"","authCode":"134566334313769101","order_sn":"2018033109013745401","price":6}
2018-03-31 09:07:26 {"merchant_id":"1490350062","key":"","authCode":"134603249792718095","order_sn":"2018033109072676518","price":38}
2018-03-31 09:42:46 {"merchant_id":"1499456762","key":"","authCode":"134886476039416406","order_sn":"2018033109424615104","price":300}
2018-03-31 09:53:58 {"merchant_id":"1499456762","key":"","authCode":"134577910297002793","order_sn":"2018033109535816697","price":300}
2018-03-31 10:04:37 {"merchant_id":"1499456762","key":"","authCode":"134617014860130808","order_sn":"2018033110043717371","price":13}
2018-03-31 10:26:39 {"merchant_id":"1499456762","key":"","authCode":"134705824806909972","order_sn":"2018033110263946155","price":128}
2018-03-31 10:31:03 {"merchant_id":"1499456762","key":"","authCode":"134767089003474913","order_sn":"2018033110310336498","price":132}
2018-03-31 10:33:01 {"merchant_id":"1490350062","key":"","authCode":"135186073139074208","order_sn":"2018033110330139044","price":2}
2018-03-31 10:40:13 {"merchant_id":"1499456762","key":"","authCode":"134575807134934331","order_sn":"2018033110401316649","price":49}
2018-03-31 10:41:33 {"merchant_id":"1499456762","key":"","authCode":"134619341217170560","order_sn":"2018033110413363285","price":10}
2018-03-31 10:42:52 {"merchant_id":"1499456762","key":"","authCode":"134608116624286720","order_sn":"2018033110425275901","price":84}
2018-03-31 10:50:16 {"merchant_id":"1499456762","key":"","authCode":"134670434205785410","order_sn":"2018033110501614175","price":32}
2018-03-31 10:56:08 {"merchant_id":"1499456762","key":"","authCode":"134669810642661325","order_sn":"2018033110560865058","price":11}
2018-03-31 11:00:23 {"merchant_id":"1499456762","key":"","authCode":"134537716430617431","order_sn":"2018033111002341683","price":158.4}
2018-03-31 11:07:48 {"merchant_id":"1499456762","key":"","authCode":"134566339301551575","order_sn":"2018033111074845021","price":23}
2018-03-31 11:10:03 {"merchant_id":"1499456762","key":"","authCode":"134518241624977827","order_sn":"2018033111100380219","price":13}
2018-03-31 11:21:37 {"merchant_id":"1499456762","key":"","authCode":"134618436638124182","order_sn":"2018033111213751200","price":36}
2018-03-31 11:41:05 {"merchant_id":"1499456762","key":"","authCode":"134845320232682477","order_sn":"2018033111410592245","price":13}
2018-03-31 11:45:18 {"merchant_id":"1490350062","key":"","authCode":"135895889842691029","order_sn":"2018033111451856943","price":25}
2018-03-31 11:50:51 {"merchant_id":"1499456762","key":"","authCode":"134895624581120585","order_sn":"2018033111505151939","price":31}
2018-03-31 11:59:39 {"merchant_id":"1499456762","key":"","authCode":"136456444854709312","order_sn":"2018033111593951848","price":40}
2018-03-31 12:00:51 {"merchant_id":"1499456762","key":"","authCode":"134908030621009642","order_sn":"2018033112005113281","price":13}
2018-03-31 12:13:41 {"merchant_id":"1499456762","key":"","authCode":"134896517379143622","order_sn":"2018033112134111491","price":15}
2018-03-31 12:17:13 {"merchant_id":"1499456762","key":"","authCode":"134714166658687571","order_sn":"2018033112171311021","price":16}
2018-03-31 12:22:02 {"merchant_id":"1499456762","key":"","authCode":"134692930037445458","order_sn":"2018033112220233142","price":17}
2018-03-31 12:23:07 {"merchant_id":"1499456762","key":"","authCode":"134571193420439411","order_sn":"2018033112230781545","price":44}
2018-03-31 12:59:00 {"merchant_id":"1499456762","key":"","authCode":"134632124963708873","order_sn":"2018033112590016314","price":15}
2018-03-31 12:59:21 {"merchant_id":"1499456762","key":"","authCode":"134738637878279650","order_sn":"2018033112592171367","price":14.5}
2018-03-31 13:06:07 {"merchant_id":"1499456762","key":"","authCode":"134714123637025979","order_sn":"2018033113060764772","price":24}
2018-03-31 13:12:53 {"merchant_id":"1499456762","key":"","authCode":"134523711388902863","order_sn":"2018033113125378927","price":10}
2018-03-31 13:23:45 {"merchant_id":"1499456762","key":"","authCode":"134644745211416161","order_sn":"2018033113234598318","price":8}
2018-03-31 14:05:08 {"merchant_id":"1499456762","key":"","authCode":"134954980134378504","order_sn":"2018033114050857576","price":11}
2018-03-31 14:15:21 {"merchant_id":"1499456762","key":"","authCode":"134521240299790828","order_sn":"2018033114152190728","price":24}
2018-03-31 14:22:21 {"merchant_id":"1499456762","key":"","authCode":"134621871454395900","order_sn":"2018033114222120245","price":8.5}
2018-03-31 14:32:12 {"merchant_id":"1499456762","key":"","authCode":"134519579531714153","order_sn":"2018033114321261719","price":36}
2018-03-31 14:32:41 {"merchant_id":"1499456762","key":"","authCode":"134569710339542485","order_sn":"2018033114324172592","price":14}
2018-03-31 14:47:24 {"merchant_id":"1499456762","key":"","authCode":"134752184865416576","order_sn":"2018033114472492194","price":15}
2018-03-31 14:47:47 {"merchant_id":"1499456762","key":"","authCode":"134938484532763341","order_sn":"2018033114474734187","price":23}
2018-03-31 14:51:32 {"merchant_id":"1499456762","key":"","authCode":"134755531737039769","order_sn":"2018033114513241031","price":15}
2018-03-31 14:53:54 {"merchant_id":"1499456762","key":"","authCode":"134754615601481872","order_sn":"2018033114535415602","price":18}
2018-03-31 14:55:54 {"merchant_id":"1499456762","key":"","authCode":"134781895641068898","order_sn":"2018033114555453664","price":12}
2018-03-31 14:57:16 {"merchant_id":"1499456762","key":"","authCode":"134734931939814735","order_sn":"2018033114571530312","price":17.6}
2018-03-31 15:10:44 {"merchant_id":"1499456762","key":"","authCode":"134608435032624974","order_sn":"2018033115104435422","price":32}
2018-03-31 15:14:27 {"merchant_id":"1499456762","key":"","authCode":"136110116542015791","order_sn":"2018033115142789894","price":268}
2018-03-31 15:15:41 {"merchant_id":"1499456762","key":"","authCode":"134699863727853647","order_sn":"2018033115154168348","price":6}
2018-03-31 15:19:32 {"merchant_id":"1499456762","key":"","authCode":"135285488084478180","order_sn":"2018033115193266159","price":8}
2018-03-31 15:26:57 {"merchant_id":"1499456762","key":"","authCode":"134857312775734798","order_sn":"2018033115265754710","price":16}
2018-03-31 15:27:56 {"merchant_id":"1499456762","key":"","authCode":"135045594148962944","order_sn":"2018033115275672153","price":15}
2018-03-31 15:28:55 {"merchant_id":"1499456762","key":"","authCode":"134992360460689203","order_sn":"2018033115285584144","price":8}
2018-03-31 15:32:32 {"merchant_id":"1499456762","key":"","authCode":"134996442387386271","order_sn":"2018033115323250001","price":5}
2018-03-31 16:00:18 {"merchant_id":"1499456762","key":"","authCode":"134687535478497632","order_sn":"2018033116001845420","price":6}
2018-03-31 16:09:56 {"merchant_id":"1499456762","key":"","authCode":"134535093749355986","order_sn":"2018033116095637429","price":101.5}
2018-03-31 16:10:29 {"merchant_id":"1499456762","key":"","authCode":"134608442878408070","order_sn":"2018033116102941426","price":8}
2018-03-31 16:23:02 {"merchant_id":"1499456762","key":"","authCode":"134505572975171627","order_sn":"2018033116230231681","price":12}
2018-03-31 16:28:40 {"merchant_id":"1499456762","key":"","authCode":"134876656843136798","order_sn":"2018033116284090881","price":35}
2018-03-31 16:37:09 {"merchant_id":"1499456762","key":"","authCode":"134526974190903628","order_sn":"2018033116370937035","price":35}
2018-03-31 16:37:41 {"merchant_id":"1487791482","key":"","authCode":"134562033672416208","order_sn":"2018033116374174207","price":1}
2018-03-31 16:38:43 {"merchant_id":"1499456762","key":"","authCode":"134976469160617477","order_sn":"2018033116384311665","price":12.5}
2018-03-31 16:43:17 {"merchant_id":"1499456762","key":"","authCode":"134620752993086564","order_sn":"2018033116431712814","price":19}
2018-03-31 16:44:30 {"merchant_id":"1499456762","key":"","authCode":"135295122759932031","order_sn":"2018033116443073441","price":300}
2018-03-31 16:46:16 {"merchant_id":"1499456762","key":"","authCode":"135891723539372614","order_sn":"2018033116461666803","price":34}
2018-03-31 16:52:37 {"merchant_id":"1499456762","key":"","authCode":"134887162085627906","order_sn":"2018033116523771535","price":6}
2018-03-31 16:53:59 {"merchant_id":"1499456762","key":"","authCode":"134513349762252870","order_sn":"2018033116535910243","price":17}
2018-03-31 16:54:22 {"merchant_id":"1499456762","key":"","authCode":"134532974409155742","order_sn":"2018033116542278604","price":42.5}
2018-03-31 17:12:24 {"merchant_id":"1499456762","key":"","authCode":"134628205604934977","order_sn":"2018033117122452737","price":300}
2018-03-31 17:25:35 {"merchant_id":"1499456762","key":"","authCode":"134507318676311011","order_sn":"2018033117253578946","price":43}
2018-03-31 17:26:22 {"merchant_id":"1499456762","key":"","authCode":"134640782760484244","order_sn":"2018033117262248180","price":21}
2018-03-31 17:28:45 {"merchant_id":"1499456762","key":"","authCode":"134975581771845191","order_sn":"2018033117284511321","price":30}
2018-03-31 17:31:10 {"merchant_id":"1499456762","key":"","authCode":"134771267601101186","order_sn":"2018033117311060877","price":15}
2018-03-31 17:36:22 {"merchant_id":"1499456762","key":"","authCode":"134570240589829453","order_sn":"2018033117362263324","price":200}
2018-03-31 17:54:15 {"merchant_id":"1499456762","key":"","authCode":"134673852438869476","order_sn":"2018033117541569977","price":398}
2018-03-31 18:02:08 {"merchant_id":"1499456762","key":"","authCode":"134547171986262542","order_sn":"2018033118020857265","price":198}
2018-03-31 18:02:42 {"merchant_id":"1499456762","key":"","authCode":"134698153341038434","order_sn":"2018033118024295342","price":112}
2018-03-31 18:03:25 {"merchant_id":"1499456762","key":"","authCode":"134507459926034130","order_sn":"2018033118032561095","price":15}
2018-03-31 18:09:01 {"merchant_id":"1499456762","key":"","authCode":"134726617668841949","order_sn":"2018033118090055373","price":15}
2018-03-31 18:17:52 {"merchant_id":"1499456762","key":"","authCode":"134722800537753697","order_sn":"2018033118175211139","price":14}
2018-03-31 18:20:22 {"merchant_id":"1499456762","key":"","authCode":"134649446627693819","order_sn":"2018033118202272711","price":15}
2018-03-31 18:23:10 {"merchant_id":"1499456762","key":"","authCode":"134805694641136892","order_sn":"2018033118231026988","price":15}
2018-03-31 18:33:24 {"merchant_id":"1499456762","key":"","authCode":"134617593415088560","order_sn":"2018033118332431477","price":36}
2018-03-31 18:51:20 {"merchant_id":"1499456762","key":"","authCode":"135648301482074454","order_sn":"2018033118512041445","price":20}
2018-03-31 18:58:37 {"merchant_id":"1499456762","key":"","authCode":"134605669387315625","order_sn":"2018033118583797545","price":19}
2018-03-31 19:01:47 {"merchant_id":"1499456762","key":"","authCode":"134817550490352694","order_sn":"2018033119014780839","price":9}
2018-03-31 19:03:13 {"merchant_id":"1499456762","key":"","authCode":"134732391713583655","order_sn":"2018033119031392268","price":30}
2018-03-31 19:03:21 {"merchant_id":"1499456762","key":"","authCode":"134850429900616905","order_sn":"2018033119032122753","price":9}
2018-03-31 19:08:19 {"merchant_id":"1499456762","key":"","authCode":"134547349923623990","order_sn":"2018033119081928496","price":9}
2018-03-31 19:10:27 {"merchant_id":"1499456762","key":"","authCode":"135791801011922166","order_sn":"2018033119102747145","price":8}
2018-03-31 19:21:58 {"merchant_id":"1499456762","key":"","authCode":"134523181492964098","order_sn":"2018033119215829171","price":108}
2018-03-31 19:23:39 {"merchant_id":"1499456762","key":"","authCode":"134590822468621353","order_sn":"2018033119233964714","price":25}
2018-03-31 19:26:12 {"merchant_id":"1499456762","key":"","authCode":"134652855340859121","order_sn":"2018033119261262860","price":15}
2018-03-31 19:28:15 {"merchant_id":"1499456762","key":"","authCode":"134692400032215330","order_sn":"2018033119281563170","price":87}
2018-03-31 19:33:20 {"merchant_id":"1499456762","key":"","authCode":"134595768497632712","order_sn":"2018033119332021762","price":8}
2018-03-31 19:34:57 {"merchant_id":"1499456762","key":"","authCode":"134530544089051011","order_sn":"2018033119345786039","price":12}
2018-03-31 19:44:40 {"merchant_id":"1499456762","key":"","authCode":"134681889663509664","order_sn":"2018033119444062085","price":12}
2018-03-31 19:47:25 {"merchant_id":"1499456762","key":"","authCode":"134552832807604614","order_sn":"2018033119472588112","price":14}
2018-03-31 19:57:04 {"merchant_id":"1499456762","key":"","authCode":"135201906648314416","order_sn":"2018033119570420070","price":12}
2018-03-31 19:58:24 {"merchant_id":"1499456762","key":"","authCode":"134513126122948247","order_sn":"2018033119582452284","price":13}
2018-03-31 19:59:35 {"merchant_id":"1499456762","key":"","authCode":"134934495863142870","order_sn":"2018033119593520844","price":19.5}
2018-03-31 20:02:22 {"merchant_id":"1499456762","key":"","authCode":"135208386428656050","order_sn":"2018033120022279008","price":20}
2018-03-31 20:02:49 {"merchant_id":"1490350062","key":"","authCode":"134879102492597487","order_sn":"2018033120024941224","price":1200}
2018-03-31 20:05:26 {"merchant_id":"1493159782","key":"","authCode":"134928706879523236","order_sn":"2018033120052594461","price":300}
2018-03-31 20:10:36 {"merchant_id":"1499456762","key":"","authCode":"134901938376412320","order_sn":"2018033120103612470","price":29}
2018-03-31 20:11:37 {"merchant_id":"1499456762","key":"","authCode":"134518230940156353","order_sn":"2018033120113786805","price":15}
2018-03-31 20:19:38 {"merchant_id":"1499456762","key":"","authCode":"134529565810772953","order_sn":"2018033120193877586","price":73}
2018-03-31 20:20:05 {"merchant_id":"1499456762","key":"","authCode":"134737746937235538","order_sn":"2018033120200520862","price":15}
2018-03-31 20:20:49 {"merchant_id":"1499456762","key":"","authCode":"134996536737670199","order_sn":"2018033120204973295","price":12}
2018-03-31 20:22:09 {"merchant_id":"1499456762","key":"","authCode":"134538600916491911","order_sn":"2018033120220985226","price":8}
2018-03-31 20:22:41 {"merchant_id":"1499456762","key":"","authCode":"134703393043085382","order_sn":"2018033120224174455","price":12}
2018-03-31 20:24:39 {"merchant_id":"2088822285099072","key":"201710BBaa55e11a995b41488709d94fe3bfbX07","authCode":"280275050412048798","order_sn":"2018033120243923569","price":2000}
2018-03-31 20:24:39 {"app_id":"2017071207730667","method":"alipay.trade.pay","charset":"utf-8","sign_type":"RSA","app_auth_token":"201710BBaa55e11a995b41488709d94fe3bfbX07","timestamp":"2018-03-31 20:24:39","version":"1.0","biz_content":"{\"out_trade_no\":\"2018033120243923569\",\"scene\":\"bar_code\",\"auth_code\":\"280275050412048798\",\"subject\":\"\\u8ba2\\u5355\\u53f7:2018033120243923569\",\"seller_id\":\"2088822285099072\",\"total_amount\":2000,\"extend_params\":{\"sys_service_provider_id\":\"2088721521881652\"}}","sign":"kwyN6+cEUki\/HIru00\/GA08kz9vi3aWhe4YVhUVJK0rsmot60joA+q541ob+hOrzqATzD2SRkZkquph2uQnDODJ8gegPVntyRQsTk2Hs+p+1+8lcsQDs9MpvR26B9W0zQYTnh86pOtGMY69oHDvSs8QnwYoiO4ducMTsfc7\/5Wk="}
2018-03-31 20:24:39 {"alipay_trade_pay_response":{"code":"10003","msg":" order success pay inprocess","buyer_logon_id":"189****7858","buyer_pay_amount":"0.00","buyer_user_id":"2088422520001952","invoice_amount":"0.00","out_trade_no":"2018033120243923569","point_amount":"0.00","receipt_amount":"0.00","total_amount":"2000.00","trade_no":"2018033121001004950570445779"},"sign":"j40dzpKdqcR65W5kiQoatiqU+BGgH50xtSjVQ41b8kOTnH2DZ3V941X/PVk5QJ6pAtMvic2LyVgDbvGg693hLkKd6lID+md+wqeD3T7IUqwgWlXV6b2FuvckgRKJQ/uRyw53FsqzAHA5sAT5f0I3akzKCMHc3SQO++JlpOm8YL0="}
2018-03-31 20:24:39 {"alipay_trade_query_response":{"code":"10000","msg":"Success","buyer_logon_id":"189****7858","buyer_pay_amount":"0.00","buyer_user_id":"2088422520001952","invoice_amount":"0.00","out_trade_no":"2018033120243923569","point_amount":"0.00","receipt_amount":"0.00","total_amount":"2000.00","trade_no":"2018033121001004950570445779","trade_status":"WAIT_BUYER_PAY"},"sign":"Vo7lmzlHHm8+iAhkCAcaioV+75OtM+lv8anC+eLhmiGiJSCHWDwtR+yng098xc0Cyn0YX90x2WSiF6vDktxuTO6GUYSGHCtdhwJf9dAV8ICx2Jh1k73/EaCxYq0/BeDf2XXYfTD8qdNSGSV3a1WhywSnJSshSXES5CmXg/FSbAU="}
2018-03-31 20:24:43 {"alipay_trade_query_response":{"code":"10000","msg":"Success","buyer_logon_id":"189****7858","buyer_pay_amount":"0.00","buyer_user_id":"2088422520001952","invoice_amount":"0.00","out_trade_no":"2018033120243923569","point_amount":"0.00","receipt_amount":"0.00","total_amount":"2000.00","trade_no":"2018033121001004950570445779","trade_status":"WAIT_BUYER_PAY"},"sign":"Vo7lmzlHHm8+iAhkCAcaioV+75OtM+lv8anC+eLhmiGiJSCHWDwtR+yng098xc0Cyn0YX90x2WSiF6vDktxuTO6GUYSGHCtdhwJf9dAV8ICx2Jh1k73/EaCxYq0/BeDf2XXYfTD8qdNSGSV3a1WhywSnJSshSXES5CmXg/FSbAU="}
2018-03-31 20:24:47 {"alipay_trade_query_response":{"code":"10000","msg":"Success","buyer_logon_id":"189****7858","buyer_pay_amount":"0.00","buyer_user_id":"2088422520001952","invoice_amount":"0.00","out_trade_no":"2018033120243923569","point_amount":"0.00","receipt_amount":"0.00","total_amount":"2000.00","trade_no":"2018033121001004950570445779","trade_status":"WAIT_BUYER_PAY"},"sign":"Vo7lmzlHHm8+iAhkCAcaioV+75OtM+lv8anC+eLhmiGiJSCHWDwtR+yng098xc0Cyn0YX90x2WSiF6vDktxuTO6GUYSGHCtdhwJf9dAV8ICx2Jh1k73/EaCxYq0/BeDf2XXYfTD8qdNSGSV3a1WhywSnJSshSXES5CmXg/FSbAU="}
2018-03-31 20:24:52 {"alipay_trade_query_response":{"code":"10000","msg":"Success","buyer_logon_id":"189****7858","buyer_pay_amount":"0.00","buyer_user_id":"2088422520001952","invoice_amount":"0.00","out_trade_no":"2018033120243923569","point_amount":"0.00","receipt_amount":"0.00","total_amount":"2000.00","trade_no":"2018033121001004950570445779","trade_status":"WAIT_BUYER_PAY"},"sign":"Vo7lmzlHHm8+iAhkCAcaioV+75OtM+lv8anC+eLhmiGiJSCHWDwtR+yng098xc0Cyn0YX90x2WSiF6vDktxuTO6GUYSGHCtdhwJf9dAV8ICx2Jh1k73/EaCxYq0/BeDf2XXYfTD8qdNSGSV3a1WhywSnJSshSXES5CmXg/FSbAU="}
2018-03-31 20:24:56 {"alipay_trade_query_response":{"code":"10000","msg":"Success","buyer_logon_id":"189****7858","buyer_pay_amount":"0.00","buyer_user_id":"2088422520001952","invoice_amount":"0.00","out_trade_no":"2018033120243923569","point_amount":"0.00","receipt_amount":"0.00","total_amount":"2000.00","trade_no":"2018033121001004950570445779","trade_status":"WAIT_BUYER_PAY"},"sign":"Vo7lmzlHHm8+iAhkCAcaioV+75OtM+lv8anC+eLhmiGiJSCHWDwtR+yng098xc0Cyn0YX90x2WSiF6vDktxuTO6GUYSGHCtdhwJf9dAV8ICx2Jh1k73/EaCxYq0/BeDf2XXYfTD8qdNSGSV3a1WhywSnJSshSXES5CmXg/FSbAU="}
2018-03-31 20:25:00 {"alipay_trade_query_response":{"code":"10000","msg":"Success","buyer_logon_id":"189****7858","buyer_pay_amount":"0.00","buyer_user_id":"2088422520001952","invoice_amount":"0.00","out_trade_no":"2018033120243923569","point_amount":"0.00","receipt_amount":"0.00","total_amount":"2000.00","trade_no":"2018033121001004950570445779","trade_status":"WAIT_BUYER_PAY"},"sign":"Vo7lmzlHHm8+iAhkCAcaioV+75OtM+lv8anC+eLhmiGiJSCHWDwtR+yng098xc0Cyn0YX90x2WSiF6vDktxuTO6GUYSGHCtdhwJf9dAV8ICx2Jh1k73/EaCxYq0/BeDf2XXYfTD8qdNSGSV3a1WhywSnJSshSXES5CmXg/FSbAU="}
2018-03-31 20:25:04 {"alipay_trade_query_response":{"code":"10000","msg":"Success","buyer_logon_id":"189****7858","buyer_pay_amount":"2000.00","buyer_user_id":"2088422520001952","fund_bill_list":[{"amount":"2000.00","fund_channel":"ALIPAYACCOUNT"}],"invoice_amount":"2000.00","out_trade_no":"2018033120243923569","point_amount":"0.00","receipt_amount":"2000.00","send_pay_date":"2018-03-31 20:25:01","total_amount":"2000.00","trade_no":"2018033121001004950570445779","trade_status":"TRADE_SUCCESS"},"sign":"LvZc+jkrASp2mkBhRIC9iHqDCBG1aQbnp0ql5+5J+Xg11jAz9HCC4eoQYturDQV9iB0U9d9jwQdo4L9CZXP7fzmzORc2YL9wJ2/+bWrjYNHFms6g1IeBMZqm8JUkusIs6Yr9XOZW3eJzCmdNuZPum1y/7yK6eJDDVV9TT7A//MI="}
2018-03-31 20:27:57 {"merchant_id":"1499456762","key":"","authCode":"134606586209344223","order_sn":"2018033120275729259","price":28}
2018-03-31 20:28:37 {"merchant_id":"1499456762","key":"","authCode":"134714886177729962","order_sn":"2018033120283784792","price":20}
2018-03-31 20:39:32 {"merchant_id":"1499456762","key":"","authCode":"134889136834645932","order_sn":"2018033120393286394","price":13}
2018-03-31 20:45:56 {"merchant_id":"1499456762","key":"","authCode":"134845778128252444","order_sn":"2018033120455542096","price":13}
2018-03-31 20:54:44 {"merchant_id":"1499456762","key":"","authCode":"134753638076546526","order_sn":"2018033120544460714","price":13.5}
2018-03-31 21:08:44 {"merchant_id":"1499456762","key":"","authCode":"134654314609325681","order_sn":"2018033121084478057","price":34.5}
2018-03-31 21:15:56 {"merchant_id":"1499456762","key":"","authCode":"134927749852698299","order_sn":"2018033121155656545","price":12}
2018-03-31 21:19:13 {"merchant_id":"1499456762","key":"","authCode":"134699964486926573","order_sn":"2018033121191348155","price":29.5}
2018-03-31 21:19:42 {"merchant_id":"1493159782","key":"","authCode":"134933933227899811","order_sn":"2018033121194136267","price":500}
2018-03-31 21:35:44 {"merchant_id":"1490350062","key":"","authCode":"135076541084559172","order_sn":"2018033121354410051","price":400}
2018-03-31 21:52:53 {"merchant_id":"1499456762","key":"","authCode":"135320962137525814","order_sn":"2018033121525376395","price":16}
2018-03-31 22:31:32 {"merchant_id":"1490350062","key":"","authCode":"134928030460194771","order_sn":"2018033122313231689","price":20}
