2018-04-10 00:01:09 {"merchant_id":"1490350062","key":"","authCode":"135265095347651431","order_sn":"2018041000010910470","price":900}
2018-04-10 01:59:53 {"merchant_id":"1490350062","key":"","authCode":"134620361012788161","order_sn":"2018041001595350058","price":100}
2018-04-10 02:18:39 {"merchant_id":"1490350062","key":"","authCode":"134633214216187046","order_sn":"2018041002183934521","price":100}
2018-04-10 08:22:06 {"merchant_id":"1499456762","key":"","authCode":"134603875149053520","order_sn":"2018041008220682050","price":198}
2018-04-10 08:26:09 {"merchant_id":"1499456762","key":"","authCode":"134746650295078304","order_sn":"2018041008260914514","price":6}
2018-04-10 08:26:22 {"merchant_id":"1499456762","key":"","authCode":"134600711445938469","order_sn":"2018041008262258156","price":8}
2018-04-10 08:55:39 {"merchant_id":"1499456762","key":"","authCode":"134630243900242429","order_sn":"2018041008553926291","price":8}
2018-04-10 09:11:00 {"merchant_id":"1499456762","key":"","authCode":"134628574063388651","order_sn":"2018041009110070561","price":5}
2018-04-10 09:34:47 {"merchant_id":"1499456762","key":"","authCode":"134683175510229280","order_sn":"2018041009344737753","price":62.5}
2018-04-10 09:44:06 {"merchant_id":"1499456762","key":"","authCode":"134605738618984890","order_sn":"2018041009440620799","price":10}
2018-04-10 09:52:42 {"merchant_id":"1499456762","key":"","authCode":"135422291692994783","order_sn":"2018041009524298835","price":15}
2018-04-10 10:04:15 {"merchant_id":"1499456762","key":"","authCode":"134915339360624883","order_sn":"2018041010041526677","price":20}
2018-04-10 10:06:08 {"merchant_id":"1499456762","key":"","authCode":"134687681173328705","order_sn":"2018041010060814749","price":8}
2018-04-10 10:08:16 {"merchant_id":"1499456762","key":"","authCode":"134700434858667313","order_sn":"2018041010081655593","price":5}
2018-04-10 10:12:04 {"merchant_id":"1499456762","key":"","authCode":"134940934067106170","order_sn":"2018041010120438140","price":200}
2018-04-10 10:42:43 {"merchant_id":"1499456762","key":"","authCode":"134611075031853018","order_sn":"2018041010424376849","price":14}
2018-04-10 11:09:52 {"merchant_id":"1499456762","key":"","authCode":"134627399741520674","order_sn":"2018041011095267904","price":29}
2018-04-10 11:12:11 {"merchant_id":"1499456762","key":"","authCode":"135005967231206139","order_sn":"2018041011121144823","price":14}
2018-04-10 11:12:41 {"merchant_id":"1499456762","key":"","authCode":"134873301041269584","order_sn":"2018041011124199136","price":6}
2018-04-10 11:16:11 {"merchant_id":"1499456762","key":"","authCode":"134618311390036176","order_sn":"2018041011161127252","price":8}
2018-04-10 11:17:09 {"merchant_id":"1499456762","key":"","authCode":"134542329758848483","order_sn":"2018041011170956284","price":200}
2018-04-10 11:19:40 {"merchant_id":"1499456762","key":"","authCode":"134721017329354768","order_sn":"2018041011194095106","price":9}
2018-04-10 11:57:25 {"merchant_id":"1499456762","key":"","authCode":"134583982842892151","order_sn":"2018041011572536708","price":20}
2018-04-10 12:01:14 {"merchant_id":"1499456762","key":"","authCode":"135004347410055036","order_sn":"2018041012011435204","price":7}
2018-04-10 12:01:36 {"merchant_id":"1499456762","key":"","authCode":"134633498335810799","order_sn":"2018041012013611495","price":20}
2018-04-10 12:46:10 {"merchant_id":"1499456762","key":"","authCode":"134767824875723353","order_sn":"2018041012461017163","price":128}
2018-04-10 13:11:00 {"merchant_id":"1499456762","key":"","authCode":"134521057239347119","order_sn":"2018041013110022582","price":300}
2018-04-10 14:19:49 {"merchant_id":"1499456762","key":"","authCode":"134534402035710173","order_sn":"2018041014194941417","price":21}
2018-04-10 14:22:36 {"merchant_id":"1499456762","key":"","authCode":"135043943941056734","order_sn":"2018041014223656594","price":42}
2018-04-10 14:24:57 {"merchant_id":"1499456762","key":"","authCode":"134646662347082913","order_sn":"2018041014245751264","price":12}
2018-04-10 14:36:11 {"merchant_id":"1493159782","key":"","authCode":"134896467575378141","order_sn":"2018041014361162310","price":5000}
2018-04-10 15:13:41 {"merchant_id":"1499456762","key":"","authCode":"134565891314048684","order_sn":"2018041015134159088","price":8}
2018-04-10 15:18:20 {"merchant_id":"2088822285099072","key":"201710BBaa55e11a995b41488709d94fe3bfbX07","authCode":"280708077194087642","order_sn":"2018041015182098588","price":300}
2018-04-10 15:18:20 {"app_id":"2017071207730667","method":"alipay.trade.pay","charset":"utf-8","sign_type":"RSA","app_auth_token":"201710BBaa55e11a995b41488709d94fe3bfbX07","timestamp":"2018-04-10 15:18:20","version":"1.0","biz_content":"{\"out_trade_no\":\"2018041015182098588\",\"scene\":\"bar_code\",\"auth_code\":\"280708077194087642\",\"subject\":\"\\u8ba2\\u5355\\u53f7:2018041015182098588\",\"seller_id\":\"2088822285099072\",\"total_amount\":300,\"extend_params\":{\"sys_service_provider_id\":\"2088721521881652\"}}","sign":"YFXxm3jKJ4hhniGashoxyTio74iZNn9Qnes9\/3KdJNW9CeQnEzT8EMs5eCI8q1XYX2D+D8bwPL+RYmRsZfQDSfncB3hELB6a69cHDkzugjzmFeOtQhVd3hS9ff9A2kbV8nWDzA4E+AhxUEhOBU6+wMm2liKVy+O5hzgOnj2MWuc="}
2018-04-10 15:18:21 {"alipay_trade_pay_response":{"code":"10000","msg":"Success","buyer_logon_id":"183****2660","buyer_pay_amount":"300.00","buyer_user_id":"2088122336258648","fund_bill_list":[{"amount":"300.00","fund_channel":"PCREDIT"}],"gmt_payment":"2018-04-10 15:18:21","invoice_amount":"300.00","out_trade_no":"2018041015182098588","point_amount":"0.00","receipt_amount":"300.00","total_amount":"300.00","trade_no":"2018041021001004640213916273"},"sign":"AeVY9ae3tHKpSmBSl0XbxjnOnU7yH+9NZHhcIEiPFiAuuFJC9W1ofActMAN3ibnH/HOnQJ0vSIUTZdcAiHApWhx9b2SaaWkMDIO0O//UG4CXIXobAiRxRgMoZYrkUZZQH4myKIpS7SNzFXA/8EXoP8xw/NlczA8C7zQ5nyE/VEg="}
2018-04-10 15:44:38 {"merchant_id":"1499456762","key":"","authCode":"134687713515688817","order_sn":"2018041015443846760","price":17}
2018-04-10 15:45:33 {"merchant_id":"1499456762","key":"","authCode":"134711489704036139","order_sn":"2018041015453340037","price":128}
2018-04-10 15:46:18 {"merchant_id":"1499456762","key":"","authCode":"134742197178338300","order_sn":"2018041015461832190","price":11}
2018-04-10 15:47:38 {"merchant_id":"1499456762","key":"","authCode":"134674065851987558","order_sn":"2018041015473826569","price":11}
2018-04-10 16:00:21 {"merchant_id":"1499456762","key":"","authCode":"134653178919537631","order_sn":"2018041016002183601","price":8}
2018-04-10 16:02:26 {"merchant_id":"1499456762","key":"","authCode":"134599611775299930","order_sn":"2018041016022677985","price":13}
2018-04-10 16:19:58 {"merchant_id":"1499456762","key":"","authCode":"135042216947030300","order_sn":"2018041016195866151","price":20}
2018-04-10 16:24:51 {"merchant_id":"1499456762","key":"","authCode":"134615535331265754","order_sn":"2018041016245175335","price":9}
2018-04-10 16:35:25 {"merchant_id":"1499456762","key":"","authCode":"134676308289535024","order_sn":"2018041016352550495","price":15}
2018-04-10 16:39:05 {"merchant_id":"1499456762","key":"","authCode":"134914501291046548","order_sn":"2018041016390524335","price":8}
2018-04-10 16:40:36 {"merchant_id":"1499456762","key":"","authCode":"134623217087979401","order_sn":"2018041016403661820","price":4}
2018-04-10 16:44:01 {"merchant_id":"1499456762","key":"","authCode":"134538847066752930","order_sn":"2018041016440121529","price":17}
2018-04-10 17:01:04 {"merchant_id":"1499456762","key":"","authCode":"135223719129889909","order_sn":"2018041017010482882","price":38}
2018-04-10 17:02:00 {"merchant_id":"1499456762","key":"","authCode":"134567360285297571","order_sn":"2018041017020065687","price":24.52}
2018-04-10 17:02:43 {"merchant_id":"1499456762","key":"","authCode":"134610947957380188","order_sn":"2018041017024327302","price":175.5}
2018-04-10 17:03:00 {"merchant_id":"1499456762","key":"","authCode":"135451467761116475","order_sn":"2018041017030010494","price":32}
2018-04-10 17:05:52 {"merchant_id":"1499456762","key":"","authCode":"134541976104858195","order_sn":"2018041017055264279","price":14}
2018-04-10 17:06:54 {"merchant_id":"1499456762","key":"","authCode":"134603431057803304","order_sn":"2018041017065438027","price":6}
2018-04-10 17:09:42 {"merchant_id":"1499456762","key":"","authCode":"134562574882393032","order_sn":"2018041017094259295","price":35}
2018-04-10 17:11:14 {"merchant_id":"1499456762","key":"","authCode":"134643405028683089","order_sn":"2018041017111458910","price":6}
2018-04-10 17:15:45 {"merchant_id":"1499456762","key":"","authCode":"134568409558219008","order_sn":"2018041017154523703","price":15}
2018-04-10 17:34:27 {"merchant_id":"1499456762","key":"","authCode":"134617894272895686","order_sn":"2018041017342744195","price":31}
2018-04-10 17:37:49 {"merchant_id":"1499456762","key":"","authCode":"134846357159898412","order_sn":"2018041017374923101","price":16}
2018-04-10 17:45:16 {"merchant_id":"1499456762","key":"","authCode":"134763532720595145","order_sn":"2018041017451624737","price":55.5}
2018-04-10 17:54:04 {"merchant_id":"1499456762","key":"","authCode":"135012512054101117","order_sn":"2018041017540457482","price":8}
2018-04-10 17:56:42 {"merchant_id":"1499456762","key":"","authCode":"134582523912184480","order_sn":"2018041017564297452","price":28}
2018-04-10 17:57:03 {"merchant_id":"1499456762","key":"","authCode":"134572380756556893","order_sn":"2018041017570355015","price":28}
2018-04-10 18:16:15 {"merchant_id":"1499456762","key":"","authCode":"134509961364724205","order_sn":"2018041018161533179","price":20}
2018-04-10 18:18:14 {"merchant_id":"1499456762","key":"","authCode":"134635967993819772","order_sn":"2018041018181451842","price":10}
2018-04-10 18:23:28 {"merchant_id":"1499456762","key":"","authCode":"134986598464387676","order_sn":"2018041018232888678","price":17}
2018-04-10 18:23:35 {"merchant_id":"1499456762","key":"","authCode":"134646290283061836","order_sn":"2018041018233528944","price":56}
2018-04-10 18:28:43 {"merchant_id":"1499456762","key":"","authCode":"134600990629141452","order_sn":"2018041018284369236","price":31}
2018-04-10 18:32:50 {"merchant_id":"1499456762","key":"","authCode":"134525087036020910","order_sn":"2018041018325054856","price":200}
2018-04-10 18:37:02 {"merchant_id":"1499456762","key":"","authCode":"134629749679203760","order_sn":"2018041018370268397","price":32}
2018-04-10 18:38:44 {"merchant_id":"1499456762","key":"","authCode":"134917793468663729","order_sn":"2018041018384488842","price":25}
2018-04-10 18:42:31 {"merchant_id":"1499456762","key":"","authCode":"134957028343424568","order_sn":"2018041018423187145","price":300}
2018-04-10 18:44:37 {"merchant_id":"1499456762","key":"","authCode":"135408602091081235","order_sn":"2018041018443779077","price":29}
2018-04-10 18:48:32 {"merchant_id":"1499456762","key":"","authCode":"134604321934115788","order_sn":"2018041018483233088","price":6}
2018-04-10 18:49:18 {"merchant_id":"1499456762","key":"","authCode":"134612713918678392","order_sn":"2018041018491863300","price":5}
2018-04-10 18:53:56 {"merchant_id":"1499456762","key":"","authCode":"134543746219039470","order_sn":"2018041018535699580","price":8}
2018-04-10 18:54:50 {"merchant_id":"1499456762","key":"","authCode":"134576601628668429","order_sn":"2018041018545047166","price":16}
2018-04-10 18:59:54 {"merchant_id":"1499456762","key":"","authCode":"134641212283746291","order_sn":"2018041018595469633","price":37}
2018-04-10 19:04:53 {"merchant_id":"1499456762","key":"","authCode":"134710600453946113","order_sn":"2018041019045335586","price":38}
2018-04-10 19:15:31 {"merchant_id":"1499456762","key":"","authCode":"134673179524774090","order_sn":"2018041019153133418","price":44}
2018-04-10 19:16:39 {"merchant_id":"1499456762","key":"","authCode":"134698769518642865","order_sn":"2018041019163993561","price":12}
2018-04-10 19:26:28 {"merchant_id":"1499456762","key":"","authCode":"134893507446769956","order_sn":"2018041019262884958","price":23}
2018-04-10 19:31:34 {"merchant_id":"1499456762","key":"","authCode":"134701854614678813","order_sn":"2018041019313493623","price":28}
2018-04-10 19:34:11 {"merchant_id":"1499456762","key":"","authCode":"136188749371522065","order_sn":"2018041019341194225","price":69}
2018-04-10 19:38:55 {"merchant_id":"1499456762","key":"","authCode":"134590251931220221","order_sn":"2018041019385566831","price":21.5}
2018-04-10 19:40:13 {"merchant_id":"1499456762","key":"","authCode":"134824960975073260","order_sn":"2018041019401373797","price":148}
2018-04-10 19:47:19 {"merchant_id":"1499456762","key":"","authCode":"135148024807215324","order_sn":"2018041019471910240","price":7}
2018-04-10 19:49:15 {"merchant_id":"1499456762","key":"","authCode":"134570132148151810","order_sn":"2018041019491520319","price":33}
2018-04-10 19:54:04 {"merchant_id":"1490350062","key":"","authCode":"135091219754542555","order_sn":"2018041019540469714","price":300}
2018-04-10 20:00:28 {"merchant_id":"1499456762","key":"","authCode":"134658302119370065","order_sn":"2018041020002844537","price":9}
2018-04-10 20:01:21 {"merchant_id":"1499456762","key":"","authCode":"134621292452406745","order_sn":"2018041020012113200","price":17}
2018-04-10 20:03:00 {"merchant_id":"2088822285099072","key":"201710BBaa55e11a995b41488709d94fe3bfbX07","authCode":"283372526338436294","order_sn":"2018041020030097209","price":300}
2018-04-10 20:03:00 {"app_id":"2017071207730667","method":"alipay.trade.pay","charset":"utf-8","sign_type":"RSA","app_auth_token":"201710BBaa55e11a995b41488709d94fe3bfbX07","timestamp":"2018-04-10 20:03:00","version":"1.0","biz_content":"{\"out_trade_no\":\"2018041020030097209\",\"scene\":\"bar_code\",\"auth_code\":\"283372526338436294\",\"subject\":\"\\u8ba2\\u5355\\u53f7:2018041020030097209\",\"seller_id\":\"2088822285099072\",\"total_amount\":300,\"extend_params\":{\"sys_service_provider_id\":\"2088721521881652\"}}","sign":"c6DA9x33oE\/sGI9W7x\/4t7neKmr+Ixv5e4iY2Q\/3JfeX0L8DIv\/Tn+1JVPlcTVr1O5IC7WtwtDQGc9FW5x7GuRA2EnU5JkSfgjfEdfk98BhZtgXRRapU7fIXJm\/9UYDDWANkfjG3XYRvJc31TAuys4vX62K7Uneu8Vo4PePXpe8="}
2018-04-10 20:03:01 {"alipay_trade_pay_response":{"code":"10000","msg":"Success","buyer_logon_id":"187****3335","buyer_pay_amount":"300.00","buyer_user_id":"2088512540483183","fund_bill_list":[{"amount":"300.00","fund_channel":"ALIPAYACCOUNT"}],"gmt_payment":"2018-04-10 20:03:01","invoice_amount":"300.00","out_trade_no":"2018041020030097209","point_amount":"0.00","receipt_amount":"300.00","total_amount":"300.00","trade_no":"2018041021001004180527382797"},"sign":"alHG4tiOA/bjg5wwePq3SMnopTZMv9UiS+/Nyl8cFVkifnIO4tQcyP8PI5ZxBzOtFE4lqIUiqSUvZfG3XtOqIGYBuGT9RQbkr7wTYK2vxxB7EvhNk7tiKCmmG1X2KnWmtxX1tY1bt453AX0hHw/vYsZZ1HNXGIK4gZlO6sRo9LA="}
2018-04-10 20:07:50 {"merchant_id":"1499456762","key":"","authCode":"135548417306437365","order_sn":"2018041020075044308","price":15}
2018-04-10 20:08:30 {"merchant_id":"1499456762","key":"","authCode":"134788840017595233","order_sn":"2018041020083082142","price":18}
2018-04-10 20:09:16 {"merchant_id":"1499456762","key":"","authCode":"134922690163462830","order_sn":"2018041020091611701","price":23}
2018-04-10 20:10:49 {"merchant_id":"1499456762","key":"","authCode":"134525211923819804","order_sn":"2018041020104996822","price":8}
2018-04-10 20:14:11 {"merchant_id":"1499456762","key":"","authCode":"134932845450961715","order_sn":"2018041020141192793","price":8}
2018-04-10 20:23:35 {"merchant_id":"1499456762","key":"","authCode":"134668664567986161","order_sn":"2018041020233546318","price":12}
2018-04-10 20:31:05 {"merchant_id":"1499456762","key":"","authCode":"134688444337852066","order_sn":"2018041020310552388","price":24}
2018-04-10 20:31:26 {"merchant_id":"1499456762","key":"","authCode":"134651408939622907","order_sn":"2018041020312648970","price":9}
2018-04-10 20:32:17 {"merchant_id":"1499456762","key":"","authCode":"134609513432695310","order_sn":"2018041020321755449","price":16}
2018-04-10 20:33:17 {"merchant_id":"1499456762","key":"","authCode":"134583124279061185","order_sn":"2018041020331766179","price":9}
2018-04-10 20:34:33 {"merchant_id":"1499456762","key":"","authCode":"134614465850261381","order_sn":"2018041020343391707","price":14.5}
2018-04-10 20:34:45 {"merchant_id":"1493159782","key":"","authCode":"134594135521718953","order_sn":"2018041020344599264","price":400}
2018-04-10 20:34:56 {"merchant_id":"1499456762","key":"","authCode":"134645798116031778","order_sn":"2018041020345644954","price":11}
2018-04-10 20:37:45 {"merchant_id":"1499456762","key":"","authCode":"134720220304468244","order_sn":"2018041020374571864","price":16}
2018-04-10 21:01:54 {"merchant_id":"1499456762","key":"","authCode":"134687436983441612","order_sn":"2018041021015468565","price":18}
2018-04-10 21:02:50 {"merchant_id":"1499456762","key":"","authCode":"134675507273212132","order_sn":"2018041021025035414","price":22}
2018-04-10 21:04:15 {"merchant_id":"1490350062","key":"","authCode":"134633574565087722","order_sn":"2018041021041530569","price":200}
2018-04-10 21:06:06 {"merchant_id":"1499456762","key":"","authCode":"134582851966543669","order_sn":"2018041021060631129","price":19}
2018-04-10 21:11:03 {"merchant_id":"1499456762","key":"","authCode":"134585318320682544","order_sn":"2018041021110319711","price":27}
2018-04-10 21:11:29 {"merchant_id":"1499456762","key":"","authCode":"134819112132760222","order_sn":"2018041021112978481","price":57}
2018-04-10 21:12:05 {"merchant_id":"1499456762","key":"","authCode":"134688660455931739","order_sn":"2018041021120590086","price":8}
2018-04-10 21:13:41 {"merchant_id":"1499456762","key":"","authCode":"134611213489684226","order_sn":"2018041021134149403","price":38.5}
2018-04-10 21:40:46 {"merchant_id":"1499456762","key":"","authCode":"135014833807174184","order_sn":"2018041021404656253","price":6}
2018-04-10 22:04:19 {"merchant_id":"1499456762","key":"","authCode":"135024342559188046","order_sn":"2018041022041990467","price":20.5}
2018-04-10 23:05:54 {"merchant_id":"1490350062","key":"","authCode":"134988416396558535","order_sn":"2018041023055430483","price":300}
2018-04-10 23:14:36 {"merchant_id":"1493159782","key":"","authCode":"135763514189212311","order_sn":"2018041023143660886","price":2000}
2018-04-10 23:16:21 {"merchant_id":"1493159782","key":"","authCode":"135828233192092396","order_sn":"2018041023162141574","price":2000}
