2018-06-02 00:03:03 {"merchant_id":"1493159782","key":"","authCode":"134547170862907621","order_sn":"2018060200030360264","price":300}

2018-06-02 00:09:04 {"merchant_id":"1490350062","key":"","authCode":"135340785241224401","order_sn":"2018060200090448772","price":100}

2018-06-02 03:53:41 {"merchant_id":"1490350062","key":"","authCode":"134812381608493194","order_sn":"2018060203534160091","price":300}

2018-06-02 08:41:16 {"merchant_id":"1499456762","key":"","authCode":"134740256232046457","order_sn":"2018060208411639304","price":9}

2018-06-02 08:50:27 {"merchant_id":"1493159782","key":"","authCode":"135087608175437877","order_sn":"2018060208502755213","price":200}

2018-06-02 08:57:13 {"merchant_id":"1499456762","key":"","authCode":"134523669056896640","order_sn":"2018060208571338533","price":34.5}

2018-06-02 09:08:07 {"merchant_id":"1490350062","key":"","authCode":"135315343395003030","order_sn":"2018060209080733501","price":64}

2018-06-02 09:17:03 {"merchant_id":"1499456762","key":"","authCode":"134749039414401624","order_sn":"2018060209170385398","price":35}

2018-06-02 09:30:57 {"merchant_id":"1499456762","key":"","authCode":"135240343334327397","order_sn":"2018060209305733936","price":20}

2018-06-02 09:40:48 {"merchant_id":"1499456762","key":"","authCode":"134697451425671041","order_sn":"2018060209404879626","price":17}

2018-06-02 09:43:46 {"merchant_id":"1499456762","key":"","authCode":"134871402776589494","order_sn":"2018060209434631273","price":122.5}

2018-06-02 09:52:34 {"merchant_id":"1499456762","key":"","authCode":"134739864344957078","order_sn":"2018060209523440341","price":27}

2018-06-02 09:53:24 {"merchant_id":"1499456762","key":"","authCode":"134777592357398630","order_sn":"2018060209532445232","price":30}

2018-06-02 09:56:02 {"merchant_id":"1499456762","key":"","authCode":"134650110166920654","order_sn":"2018060209560297024","price":30}

2018-06-02 09:56:19 {"merchant_id":"1499456762","key":"","authCode":"134520752990870952","order_sn":"2018060209561924840","price":11}

2018-06-02 10:01:13 {"merchant_id":"1490350062","key":"","authCode":"134638127753860542","order_sn":"2018060210011397737","price":50}

2018-06-02 10:06:29 {"merchant_id":"2088822285099072","key":"201710BBaa55e11a995b41488709d94fe3bfbX07","authCode":"282720375298057044","order_sn":"2018060210062976855","price":300}

2018-06-02 10:06:29 {"app_id":"2017071207730667","method":"alipay.trade.pay","charset":"utf-8","sign_type":"RSA","app_auth_token":"201710BBaa55e11a995b41488709d94fe3bfbX07","timestamp":"2018-06-02 10:06:29","version":"1.0","biz_content":"{\"out_trade_no\":\"2018060210062976855\",\"scene\":\"bar_code\",\"auth_code\":\"282720375298057044\",\"subject\":\"\\u8ba2\\u5355\\u53f7:2018060210062976855\",\"seller_id\":\"2088822285099072\",\"total_amount\":300,\"extend_params\":{\"sys_service_provider_id\":\"2088721521881652\"}}","sign":"KqQmokdKobdaQLiflOeFYrGVOBT090km1ckoNMfoQKc3L7JICvNY2FJuzC7C8YRK0bG3A\/Sl6dQkqtQPBnpSaBnd8Df28VW8GXqGlBfpvtWO6EwKd3AorHCjqklYZ7TtrS5QVcFmMDFC8ZNqGVzvqN5+R3mHLzi\/opaG0sUNt1o="}

2018-06-02 10:06:29 {"alipay_trade_pay_response":{"code":"10000","msg":"Success","buyer_logon_id":"139****4066","buyer_pay_amount":"300.00","buyer_user_id":"2088702331251011","fund_bill_list":[{"amount":"300.00","fund_channel":"PCREDIT"}],"gmt_payment":"2018-06-02 10:06:29","invoice_amount":"300.00","out_trade_no":"2018060210062976855","point_amount":"0.00","receipt_amount":"300.00","total_amount":"300.00","trade_no":"2018060221001004010539797663"},"sign":"k+KdZ5DRAaoQ43UwwlRVscdhzE8JwjwKomK1d09uufyPWMlvshpJGjP1CIJUT4QRYd3KonrU+AmCArhlrNsS/0t2Ro0QASjzA2lQEYVfXqwkyVuOXn5lU/jaUBH4AOXh2dHlfDWrLMrNV6WwqTsbspm7ySwwUtlLQFcpoZjgV8E="}

2018-06-02 10:07:45 {"merchant_id":"1499456762","key":"","authCode":"134606169216686432","order_sn":"2018060210074515149","price":28}

2018-06-02 10:11:42 {"merchant_id":"1499456762","key":"","authCode":"134634444726713555","order_sn":"2018060210114210842","price":31}

2018-06-02 10:21:20 {"merchant_id":"1493159782","key":"","authCode":"134841620771109490","order_sn":"2018060210212070930","price":200}

2018-06-02 10:40:13 {"merchant_id":"1499456762","key":"","authCode":"134532125084934142","order_sn":"2018060210401322862","price":10}

2018-06-02 10:46:49 {"merchant_id":"1499456762","key":"","authCode":"134578634152751824","order_sn":"2018060210464966761","price":128}

2018-06-02 11:00:01 {"merchant_id":"1493159782","key":"","authCode":"134773231594277752","order_sn":"2018060211000180674","price":200}

2018-06-02 11:00:15 {"merchant_id":"1499456762","key":"","authCode":"134923222119901003","order_sn":"2018060211001431004","price":200}

2018-06-02 11:10:09 {"merchant_id":"1499456762","key":"","authCode":"135278266708048319","order_sn":"2018060211100978108","price":7}

2018-06-02 11:17:43 {"merchant_id":"1499456762","key":"","authCode":"135570636638420093","order_sn":"2018060211174336721","price":28}

2018-06-02 11:22:18 {"merchant_id":"1499456762","key":"","authCode":"134810153857997812","order_sn":"2018060211221868172","price":6.5}

2018-06-02 11:22:25 {"merchant_id":"1499456762","key":"","authCode":"135759205588901172","order_sn":"2018060211222515651","price":41}

2018-06-02 11:27:42 {"merchant_id":"1490350062","key":"","authCode":"134667646818555932","order_sn":"2018060211274225018","price":118}

2018-06-02 11:30:55 {"merchant_id":"1499456762","key":"","authCode":"134611086860793083","order_sn":"2018060211305552313","price":86}

2018-06-02 11:32:44 {"merchant_id":"1499456762","key":"","authCode":"134735403295780859","order_sn":"2018060211324481708","price":20}

2018-06-02 11:35:22 {"merchant_id":"1499456762","key":"","authCode":"135207660196563680","order_sn":"2018060211352229010","price":22.5}

2018-06-02 11:36:20 {"merchant_id":"1499456762","key":"","authCode":"134870497745854259","order_sn":"2018060211362015651","price":20}

2018-06-02 11:43:14 {"merchant_id":"1490350062","key":"","authCode":"134871206289021517","order_sn":"2018060211431444431","price":200}

2018-06-02 11:50:49 {"merchant_id":"1499456762","key":"","authCode":"134667620357855900","order_sn":"2018060211504920571","price":10}

2018-06-02 11:53:08 {"merchant_id":"1499456762","key":"","authCode":"134783025580152541","order_sn":"2018060211530826066","price":41}

2018-06-02 11:57:45 {"merchant_id":"1499456762","key":"","authCode":"134515965421730609","order_sn":"2018060211574528643","price":28}

2018-06-02 12:03:31 {"merchant_id":"1499456762","key":"","authCode":"134934589669817982","order_sn":"2018060212033126026","price":14}

2018-06-02 12:17:39 {"merchant_id":"1499456762","key":"","authCode":"134572709835116962","order_sn":"2018060212173867330","price":12}

2018-06-02 12:18:10 {"merchant_id":"1499456762","key":"","authCode":"134531154419764399","order_sn":"2018060212181048830","price":128}

2018-06-02 12:23:51 {"merchant_id":"1499456762","key":"","authCode":"134651263085045588","order_sn":"2018060212235154935","price":26}

2018-06-02 12:33:50 {"merchant_id":"1499456762","key":"","authCode":"134559117280508396","order_sn":"2018060212335030742","price":18}

2018-06-02 12:35:49 {"merchant_id":"1499456762","key":"","authCode":"134783587150447225","order_sn":"2018060212354921398","price":200}

2018-06-02 13:05:44 {"merchant_id":"1499456762","key":"","authCode":"135122657752411437","order_sn":"2018060213054438601","price":12}

2018-06-02 13:24:20 {"merchant_id":"1499456762","key":"","authCode":"134729237558596390","order_sn":"2018060213242012780","price":128}

2018-06-02 13:25:46 {"merchant_id":"1499456762","key":"","authCode":"134588647636331116","order_sn":"2018060213254613731","price":53}

2018-06-02 13:37:59 {"merchant_id":"1499456762","key":"","authCode":"134650731402617038","order_sn":"2018060213375968978","price":12}

2018-06-02 13:57:38 {"merchant_id":"1490350062","key":"","authCode":"134615606585484020","order_sn":"2018060213573859716","price":300}

2018-06-02 13:58:19 {"merchant_id":"1499456762","key":"","authCode":"134536677796670761","order_sn":"2018060213581979379","price":50}

2018-06-02 14:17:43 {"merchant_id":"1499456762","key":"","authCode":"134727962150187808","order_sn":"2018060214174365895","price":26}

2018-06-02 14:30:29 {"merchant_id":"1499456762","key":"","authCode":"134649674549962351","order_sn":"2018060214302982039","price":3}

2018-06-02 14:32:57 {"merchant_id":"1499456762","key":"","authCode":"134977919797809233","order_sn":"2018060214325786394","price":20}

2018-06-02 15:14:57 {"merchant_id":"1490350062","key":"","authCode":"134923044442552952","order_sn":"2018060215145710336","price":200}

2018-06-02 15:19:16 {"merchant_id":"1499456762","key":"","authCode":"134728228529000223","order_sn":"2018060215191652058","price":98}

2018-06-02 15:30:32 {"merchant_id":"1499456762","key":"","authCode":"134759850224073958","order_sn":"2018060215303281635","price":128}

2018-06-02 15:35:12 {"merchant_id":"1499456762","key":"","authCode":"135518383379405835","order_sn":"2018060215351239347","price":8.5}

2018-06-02 15:45:15 {"merchant_id":"1490350062","key":"","authCode":"134968612289408031","order_sn":"2018060215451533798","price":300}

2018-06-02 16:01:39 {"merchant_id":"1499456762","key":"","authCode":"134714385442958147","order_sn":"2018060216013953760","price":12}

2018-06-02 16:08:15 {"merchant_id":"1499456762","key":"","authCode":"134846025064386486","order_sn":"2018060216081590921","price":43}

2018-06-02 16:11:44 {"merchant_id":"1499456762","key":"","authCode":"134508222236112887","order_sn":"2018060216114452732","price":21}

2018-06-02 16:12:41 {"merchant_id":"1499456762","key":"","authCode":"134550788689534210","order_sn":"2018060216124184772","price":16}

2018-06-02 16:13:50 {"merchant_id":"1499456762","key":"","authCode":"134780894942379524","order_sn":"2018060216135019331","price":39}

2018-06-02 16:15:56 {"merchant_id":"1499456762","key":"","authCode":"134542074469317430","order_sn":"2018060216155683320","price":36}

2018-06-02 16:16:29 {"merchant_id":"1499456762","key":"","authCode":"135214556795042149","order_sn":"2018060216162978769","price":21.5}

2018-06-02 16:19:47 {"merchant_id":"1499456762","key":"","authCode":"134629548981982826","order_sn":"2018060216194725968","price":33}

2018-06-02 16:22:54 {"merchant_id":"1499456762","key":"","authCode":"135550692570451480","order_sn":"2018060216225491854","price":9}

2018-06-02 16:23:46 {"merchant_id":"1499456762","key":"","authCode":"134828710849748964","order_sn":"2018060216234696487","price":4}

2018-06-02 16:29:25 {"merchant_id":"1499456762","key":"","authCode":"134784067055884971","order_sn":"2018060216292514921","price":23}

2018-06-02 16:32:19 {"merchant_id":"1499456762","key":"","authCode":"134648205763232490","order_sn":"2018060216321914692","price":38}

2018-06-02 16:34:39 {"merchant_id":"1499456762","key":"","authCode":"134516164230754682","order_sn":"2018060216343959646","price":8}

2018-06-02 16:35:04 {"merchant_id":"1499456762","key":"","authCode":"134518180946966345","order_sn":"2018060216350412295","price":31}

2018-06-02 16:36:09 {"merchant_id":"1499456762","key":"","authCode":"134913608778029642","order_sn":"2018060216360959697","price":17}

2018-06-02 16:43:00 {"merchant_id":"1499456762","key":"","authCode":"134709916732704141","order_sn":"2018060216430051673","price":31.5}

2018-06-02 16:44:46 {"merchant_id":"1499456762","key":"","authCode":"134911724237605512","order_sn":"2018060216444624412","price":500}

2018-06-02 16:44:47 {"merchant_id":"1499456762","key":"","authCode":"134829491649873863","order_sn":"2018060216444753807","price":14}

2018-06-02 16:46:45 {"merchant_id":"1499456762","key":"","authCode":"134668971456165056","order_sn":"2018060216464545064","price":22}

2018-06-02 16:47:48 {"merchant_id":"1499456762","key":"","authCode":"134923929117101628","order_sn":"2018060216474896279","price":16}

2018-06-02 16:49:14 {"merchant_id":"1499456762","key":"","authCode":"134652492697775152","order_sn":"2018060216491469353","price":8}

2018-06-02 16:52:19 {"merchant_id":"1499456762","key":"","authCode":"134629851826224519","order_sn":"2018060216521998338","price":200}

2018-06-02 16:53:42 {"merchant_id":"1499456762","key":"","authCode":"134982337944501040","order_sn":"2018060216534212186","price":60}

2018-06-02 17:00:09 {"merchant_id":"1499456762","key":"","authCode":"134565958735409923","order_sn":"2018060217000912685","price":12}

2018-06-02 17:06:52 {"merchant_id":"1499456762","key":"","authCode":"134654819355745093","order_sn":"2018060217065232008","price":18}

2018-06-02 17:12:15 {"merchant_id":"1499456762","key":"","authCode":"134589469706514721","order_sn":"2018060217121594086","price":48.5}

2018-06-02 17:20:15 {"merchant_id":"1499456762","key":"","authCode":"134993952654180596","order_sn":"2018060217201585638","price":7}

2018-06-02 17:37:07 {"merchant_id":"1499456762","key":"","authCode":"134711344281236690","order_sn":"2018060217370713499","price":12}

2018-06-02 17:52:48 {"merchant_id":"1499456762","key":"","authCode":"134528189968453854","order_sn":"2018060217524844625","price":61}

2018-06-02 17:57:28 {"merchant_id":"1499456762","key":"","authCode":"134781544398641326","order_sn":"2018060217572833962","price":38}

2018-06-02 18:11:54 {"merchant_id":"1499456762","key":"","authCode":"134516367569073595","order_sn":"2018060218115443024","price":86.5}

2018-06-02 18:13:12 {"merchant_id":"1499456762","key":"","authCode":"135211697300130714","order_sn":"2018060218131235833","price":17}

2018-06-02 18:13:23 {"merchant_id":"1499456762","key":"","authCode":"134788443411840762","order_sn":"2018060218132390527","price":15}

2018-06-02 18:21:20 {"merchant_id":"1499456762","key":"","authCode":"135498064480332740","order_sn":"2018060218212054927","price":11}

2018-06-02 18:22:19 {"merchant_id":"1499456762","key":"","authCode":"134715557368594028","order_sn":"2018060218221988649","price":7}

2018-06-02 18:23:25 {"merchant_id":"1499456762","key":"","authCode":"134738362802286264","order_sn":"2018060218232490976","price":30}

2018-06-02 18:28:51 {"merchant_id":"1499456762","key":"","authCode":"135086075705765055","order_sn":"2018060218285195842","price":38}

2018-06-02 18:30:06 {"merchant_id":"1493159782","key":"","authCode":"134956335324344291","order_sn":"2018060218300683190","price":200}

2018-06-02 18:32:36 {"merchant_id":"1499456762","key":"","authCode":"134683967776693025","order_sn":"2018060218323652027","price":12}

2018-06-02 18:43:15 {"merchant_id":"1499456762","key":"","authCode":"134701186571268816","order_sn":"2018060218431596322","price":28}

2018-06-02 18:46:14 {"merchant_id":"1499456762","key":"","authCode":"134507365579579359","order_sn":"2018060218461496640","price":11}

2018-06-02 19:03:44 {"merchant_id":"1499456762","key":"","authCode":"134914039849078428","order_sn":"2018060219034495643","price":3}

2018-06-02 19:10:01 {"merchant_id":"1499456762","key":"","authCode":"134649655985080243","order_sn":"2018060219100148620","price":8}

2018-06-02 19:12:26 {"merchant_id":"1499456762","key":"","authCode":"134566552330083846","order_sn":"2018060219122635135","price":18}

2018-06-02 19:12:59 {"merchant_id":"1499456762","key":"","authCode":"135019649504308487","order_sn":"2018060219125953687","price":30}

2018-06-02 19:15:51 {"merchant_id":"2088822285099072","key":"201710BBaa55e11a995b41488709d94fe3bfbX07","authCode":"289319195256769188","order_sn":"2018060219155122926","price":100}

2018-06-02 19:15:51 {"app_id":"2017071207730667","method":"alipay.trade.pay","charset":"utf-8","sign_type":"RSA","app_auth_token":"201710BBaa55e11a995b41488709d94fe3bfbX07","timestamp":"2018-06-02 19:15:51","version":"1.0","biz_content":"{\"out_trade_no\":\"2018060219155122926\",\"scene\":\"bar_code\",\"auth_code\":\"289319195256769188\",\"subject\":\"\\u8ba2\\u5355\\u53f7:2018060219155122926\",\"seller_id\":\"2088822285099072\",\"total_amount\":100,\"extend_params\":{\"sys_service_provider_id\":\"2088721521881652\"}}","sign":"ld7M9iMtpkwruXDZw8HZM0YjfNUHAvPzRcu\/Ioitd4fooPygVV3ZPmXGp1DAzxYR0cWh5GqTNLzoJcH\/tjGlsvMBh0fK3PUIhX\/DlV1GaMjcXCn52nyRnhUnB2GqIT6QnSJKvWPtiOgFkDJth9LOb4GUPJ+Up6DsWBykdPRJBIQ="}

2018-06-02 19:15:52 {"alipay_trade_pay_response":{"code":"10000","msg":"Success","buyer_logon_id":"csl***@163.com","buyer_pay_amount":"100.00","buyer_user_id":"2088602252896859","fund_bill_list":[{"amount":"100.00","fund_channel":"ALIPAYACCOUNT"}],"gmt_payment":"2018-06-02 19:15:52","invoice_amount":"100.00","out_trade_no":"2018060219155122926","point_amount":"0.00","receipt_amount":"100.00","total_amount":"100.00","trade_no":"2018060221001004850524173991"},"sign":"Od7yKRd17yd/9nfHe0dN11ZBgcWnlcy3O+qSq79j5nq6IUQaMalz9YPMaEFuzbN3flUaLhiMPvERR8PfljFPUC4bJpYicE5H7kI2mAjGLnYGnJPOgHNxk7Co0P57P+F0E/B2zhVdae1TmkrSH5jmSnCzbjHhzafnq9xqoRuq+bI="}

2018-06-02 19:18:43 {"merchant_id":"1499456762","key":"","authCode":"135001834612644512","order_sn":"2018060219184315879","price":5}

2018-06-02 19:18:47 {"merchant_id":"1499456762","key":"","authCode":"134674004014305795","order_sn":"2018060219184782319","price":24.5}

2018-06-02 19:21:25 {"merchant_id":"1499456762","key":"","authCode":"134825916516180418","order_sn":"2018060219212541529","price":7}

2018-06-02 19:35:27 {"merchant_id":"1499456762","key":"","authCode":"134826069229921652","order_sn":"2018060219352744869","price":34}

2018-06-02 19:40:07 {"merchant_id":"1499456762","key":"","authCode":"134751868335550001","order_sn":"2018060219400765658","price":9}

2018-06-02 19:43:44 {"merchant_id":"1499456762","key":"","authCode":"134534558740595005","order_sn":"2018060219434486679","price":23}

2018-06-02 19:47:43 {"merchant_id":"1499456762","key":"","authCode":"134652817164442741","order_sn":"2018060219474325967","price":15}

2018-06-02 19:57:03 {"merchant_id":"1499456762","key":"","authCode":"134534051269631211","order_sn":"2018060219570318681","price":38}

2018-06-02 19:57:55 {"merchant_id":"1499456762","key":"","authCode":"134623884786397384","order_sn":"2018060219575556886","price":59}

2018-06-02 19:59:49 {"merchant_id":"1499456762","key":"","authCode":"134653892884407119","order_sn":"2018060219594938206","price":8}

2018-06-02 20:00:42 {"merchant_id":"1499456762","key":"","authCode":"134774210530398220","order_sn":"2018060220004243720","price":6}

2018-06-02 20:03:29 {"merchant_id":"1499456762","key":"","authCode":"134520025761312929","order_sn":"2018060220032974825","price":12}

2018-06-02 20:04:00 {"merchant_id":"1499456762","key":"","authCode":"134892702386533068","order_sn":"2018060220040017094","price":12}

2018-06-02 20:04:48 {"merchant_id":"1499456762","key":"","authCode":"134962731909544883","order_sn":"2018060220044830612","price":47.4}

2018-06-02 20:06:33 {"merchant_id":"1499456762","key":"","authCode":"134734289246637609","order_sn":"2018060220063362962","price":15}

2018-06-02 20:06:54 {"merchant_id":"1499456762","key":"","authCode":"134773186934820150","order_sn":"2018060220065492747","price":22.4}

2018-06-02 20:29:40 {"merchant_id":"1499456762","key":"","authCode":"134805976738484411","order_sn":"2018060220294058559","price":34}

2018-06-02 20:32:09 {"merchant_id":"1499456762","key":"","authCode":"134720862315168056","order_sn":"2018060220320920997","price":43}

2018-06-02 20:35:19 {"merchant_id":"1499456762","key":"","authCode":"134759292083736581","order_sn":"2018060220351923908","price":15}

2018-06-02 20:35:30 {"merchant_id":"1499456762","key":"","authCode":"134732980868655689","order_sn":"2018060220353070133","price":5}

2018-06-02 20:36:13 {"merchant_id":"1499456762","key":"","authCode":"134644368182971428","order_sn":"2018060220361326412","price":16}

2018-06-02 20:36:39 {"merchant_id":"1499456762","key":"","authCode":"134682637148425649","order_sn":"2018060220363933160","price":16}

2018-06-02 20:38:42 {"merchant_id":"1499456762","key":"","authCode":"134581853892463236","order_sn":"2018060220384297414","price":21}

2018-06-02 20:40:02 {"merchant_id":"1499456762","key":"","authCode":"134704597490982185","order_sn":"2018060220400287669","price":34}

2018-06-02 20:40:46 {"merchant_id":"1499456762","key":"","authCode":"134971361457750436","order_sn":"2018060220404681288","price":28}

2018-06-02 20:44:09 {"merchant_id":"1499456762","key":"","authCode":"134512452945697984","order_sn":"2018060220440956435","price":93}

2018-06-02 20:45:12 {"merchant_id":"1499456762","key":"","authCode":"134687728734005887","order_sn":"2018060220451263699","price":22}

2018-06-02 20:45:51 {"merchant_id":"1499456762","key":"","authCode":"134811032103061485","order_sn":"2018060220455112558","price":20}

2018-06-02 20:55:01 {"merchant_id":"1499456762","key":"","authCode":"134625170910307702","order_sn":"2018060220550116169","price":16}

2018-06-02 20:56:22 {"merchant_id":"1499456762","key":"","authCode":"134550917004763748","order_sn":"2018060220562250178","price":10}

2018-06-02 20:57:30 {"merchant_id":"1499456762","key":"","authCode":"135200366884242493","order_sn":"2018060220573053760","price":12}

2018-06-02 21:00:06 {"merchant_id":"1499456762","key":"","authCode":"135535827694686805","order_sn":"2018060221000615991","price":19}

2018-06-02 21:01:14 {"merchant_id":"1499456762","key":"","authCode":"135766455642586958","order_sn":"2018060221011418156","price":33.5}

2018-06-02 21:06:34 {"merchant_id":"1499456762","key":"","authCode":"135112470435354859","order_sn":"2018060221063411137","price":4}

2018-06-02 21:10:27 {"merchant_id":"1499456762","key":"","authCode":"134776461906477911","order_sn":"2018060221102775787","price":13}

2018-06-02 21:21:11 {"merchant_id":"1499456762","key":"","authCode":"135483735852556151","order_sn":"2018060221211152657","price":6}

2018-06-02 21:21:53 {"merchant_id":"1499456762","key":"","authCode":"134757463285621024","order_sn":"2018060221215397337","price":8}

2018-06-02 21:22:41 {"merchant_id":"1499456762","key":"","authCode":"135000876940026720","order_sn":"2018060221224188138","price":19}

2018-06-02 21:24:05 {"merchant_id":"1499456762","key":"","authCode":"134623193021490207","order_sn":"2018060221240531382","price":13}

2018-06-02 21:26:56 {"merchant_id":"1499456762","key":"","authCode":"134723420510413374","order_sn":"2018060221265646107","price":33}

2018-06-02 21:26:59 {"merchant_id":"1499456762","key":"","authCode":"134880072836093433","order_sn":"2018060221265993960","price":16}

2018-06-02 21:28:34 {"merchant_id":"1499456762","key":"","authCode":"134648955956260840","order_sn":"2018060221283416859","price":16}

2018-06-02 21:28:47 {"merchant_id":"1499456762","key":"","authCode":"134646472777346335","order_sn":"2018060221284799401","price":17}

2018-06-02 21:34:26 {"merchant_id":"1499456762","key":"","authCode":"134680047111007340","order_sn":"2018060221342630634","price":10}

2018-06-02 21:34:45 {"merchant_id":"1499456762","key":"","authCode":"134894527857296785","order_sn":"2018060221344530831","price":10}

2018-06-02 21:35:17 {"merchant_id":"1499456762","key":"","authCode":"134573075301922418","order_sn":"2018060221351677544","price":13}

2018-06-02 21:46:53 {"merchant_id":"1499456762","key":"","authCode":"135182199356739000","order_sn":"2018060221465347889","price":45}

2018-06-02 21:50:53 {"merchant_id":"1499456762","key":"","authCode":"134938004618289540","order_sn":"2018060221505341315","price":38.8}

2018-06-02 21:52:18 {"merchant_id":"1499456762","key":"","authCode":"134533901889303857","order_sn":"2018060221521891884","price":21}

2018-06-02 21:53:46 {"merchant_id":"1499456762","key":"","authCode":"134766483816269838","order_sn":"2018060221534624573","price":26.5}

2018-06-02 22:00:25 {"merchant_id":"1499456762","key":"","authCode":"134589350835658456","order_sn":"2018060222002571629","price":30}

2018-06-02 22:03:59 {"merchant_id":"1490350062","key":"","authCode":"135190750062678086","order_sn":"2018060222035958551","price":100}

2018-06-02 22:07:16 {"merchant_id":"1499456762","key":"","authCode":"134778820150536451","order_sn":"2018060222071619289","price":32.2}

2018-06-02 22:27:33 {"merchant_id":"1490350062","key":"","authCode":"134600499627687766","order_sn":"2018060222273317086","price":300}

2018-06-02 23:56:31 {"merchant_id":"1490350062","key":"","authCode":"134523221741607769","order_sn":"2018060223563160201","price":300}

