2018-02-20 00:26:41 {"merchant_id":"1490350062","key":"","authCode":"134586785423457057","order_sn":"2018022000264167034","price":10}
2018-02-20 00:33:55 {"merchant_id":"1490350062","key":"","authCode":"134778160192167009","order_sn":"2018022000335520720","price":5}
2018-02-20 08:43:46 {"merchant_id":"1490350062","key":"","authCode":"135587144772826015","order_sn":"2018022008434621426","price":2}
2018-02-20 08:45:34 {"merchant_id":"2088821827997030","key":"201711BBc699bef5cde842dba6fa5c6bdc706A03","authCode":"285369084873614443","order_sn":"2018022008453494325","price":198}
2018-02-20 08:45:34 {"app_id":"2017071207730667","method":"alipay.trade.pay","charset":"utf-8","sign_type":"RSA","app_auth_token":"201711BBc699bef5cde842dba6fa5c6bdc706A03","timestamp":"2018-02-20 08:45:34","version":"1.0","biz_content":"{\"out_trade_no\":\"2018022008453494325\",\"scene\":\"bar_code\",\"auth_code\":\"285369084873614443\",\"subject\":\"\\u8ba2\\u5355\\u53f7:2018022008453494325\",\"seller_id\":\"2088821827997030\",\"total_amount\":198,\"extend_params\":{\"sys_service_provider_id\":\"2088721521881652\"}}","sign":"L4qPmh4UYp\/JRIolW3fwng9zbStdze0Dn4Sn9PF47bdophUxmlUbVn8BJAd4MHvQsL1pjBxQ\/YE0w\/dOiplHoktkS67CbBIgnXL7mpSPNOpfAprJ8RzntPbhDG+2e5utvo6ZGJ6CqpcWcYEguxug6nmxnjb+LREdn2bWk32\/WGQ="}
2018-02-20 08:45:35 {"alipay_trade_pay_response":{"code":"10000","msg":"Success","buyer_logon_id":"136****0922","buyer_pay_amount":"198.00","buyer_user_id":"2088012438835176","fund_bill_list":[{"amount":"198.00","fund_channel":"ALIPAYACCOUNT"}],"gmt_payment":"2018-02-20 08:45:35","invoice_amount":"198.00","out_trade_no":"2018022008453494325","point_amount":"0.00","receipt_amount":"198.00","total_amount":"198.00","trade_no":"2018022021001004170250709760"},"sign":"EeK1iOSasvNmsU5B0GErs/umLAwq/dAq+bDghZ3HtMV3KzS/pPV3juyaYZ5GE7/KeMasREPQwbVvEHVSIhiGI1F9O4pPtB/h2+ML/ZWUXoi5SxrJYXCJR6fpPzgzBdwGvRxpKzI4hcgBMPPctF7MjlU+EidDfzX0luaXtsmt2pc="}
2018-02-20 10:39:55 {"merchant_id":"1490350062","key":"","authCode":"135516695238166751","order_sn":"2018022010395534478","price":2}
2018-02-20 12:24:45 {"merchant_id":"2088821827997030","key":"201711BBc699bef5cde842dba6fa5c6bdc706A03","authCode":"288127835996380467","order_sn":"2018022012244526474","price":200}
2018-02-20 12:24:45 {"app_id":"2017071207730667","method":"alipay.trade.pay","charset":"utf-8","sign_type":"RSA","app_auth_token":"201711BBc699bef5cde842dba6fa5c6bdc706A03","timestamp":"2018-02-20 12:24:45","version":"1.0","biz_content":"{\"out_trade_no\":\"2018022012244526474\",\"scene\":\"bar_code\",\"auth_code\":\"288127835996380467\",\"subject\":\"\\u8ba2\\u5355\\u53f7:2018022012244526474\",\"seller_id\":\"2088821827997030\",\"total_amount\":200,\"extend_params\":{\"sys_service_provider_id\":\"2088721521881652\"}}","sign":"GnqhYXq8A3iugJgMKsSKV2u2w5+aAluuAJwjIUhT9+wuEWkip6y\/gqP6DBb6ooKXUJ\/a6pKfVgYti73nuC08ejtZ5f72yUDtVJLOmPFhBn5+Zta56LZLL+GFpPf53bP98EHa6\/30tcFQItQtr5nyn\/raa39\/r+VqY\/ewkS8NXS0="}
2018-02-20 12:24:46 {"alipay_trade_pay_response":{"code":"10000","msg":"Success","buyer_logon_id":"136****3108","buyer_pay_amount":"200.00","buyer_user_id":"2088422847094761","fund_bill_list":[{"amount":"200.00","fund_channel":"ALIPAYACCOUNT"}],"gmt_payment":"2018-02-20 12:24:46","invoice_amount":"200.00","out_trade_no":"2018022012244526474","point_amount":"0.00","receipt_amount":"200.00","total_amount":"200.00","trade_no":"2018022021001004760565935080"},"sign":"JkI/r4bvMVKfjKirgLOWMyGzYFgIV3WO///AWSlXhYkiMvV+gAQS1e5F5yslw3MeLorWsQarnlReZDX1VHsR7g/lBUZ35EH3ItSxnSSkuR0x5TXWp82ITq+aQsefEmvx1IsvmNa4wCPhoWadHYmGfTI8gAbH0kIYCbCxaN2VByc="}
2018-02-20 12:54:58 {"merchant_id":"1490350062","key":"","authCode":"134586415481120758","order_sn":"2018022012545854667","price":10}
2018-02-20 13:31:08 {"merchant_id":"1490350062","key":"","authCode":"134875720959814875","order_sn":"2018022013310858249","price":1000}
2018-02-20 13:44:36 {"merchant_id":"1490350062","key":"","authCode":"134762385972799434","order_sn":"2018022013443620611","price":200}
2018-02-20 14:02:43 {"merchant_id":"1493159782","key":"","authCode":"135507510720015237","order_sn":"2018022014024352201","price":476}
2018-02-20 15:39:34 {"merchant_id":"1497272292","key":"","authCode":"134618699192891658","order_sn":"2018022015393433797","price":100}
2018-02-20 15:48:52 {"merchant_id":"1490350062","key":"","authCode":"134979444833917995","order_sn":"2018022015485182535","price":1000}
2018-02-20 16:48:20 {"merchant_id":"1490350062","key":"","authCode":"134887284444612020","order_sn":"2018022016482017844","price":168}
2018-02-20 17:52:49 {"merchant_id":"2088821827997030","key":"201711BBc699bef5cde842dba6fa5c6bdc706A03","authCode":"282410771883510706","order_sn":"2018022017524930662","price":900}
2018-02-20 17:52:49 {"app_id":"2017071207730667","method":"alipay.trade.pay","charset":"utf-8","sign_type":"RSA","app_auth_token":"201711BBc699bef5cde842dba6fa5c6bdc706A03","timestamp":"2018-02-20 17:52:49","version":"1.0","biz_content":"{\"out_trade_no\":\"2018022017524930662\",\"scene\":\"bar_code\",\"auth_code\":\"282410771883510706\",\"subject\":\"\\u8ba2\\u5355\\u53f7:2018022017524930662\",\"seller_id\":\"2088821827997030\",\"total_amount\":900,\"extend_params\":{\"sys_service_provider_id\":\"2088721521881652\"}}","sign":"Umb+0qQ0a\/jG6TxZtnHEaJFXPY\/zZRXhn4PMNnWdAJsUr5Ohc5vJvjCuKKMY1IZxvFoB4x8VOPxitSaYBADbGshQe97ZQLZ9G8R+e0KnwjAnnm+Xd6RM5bdDkohyOC\/Aw54j5qnRC6Dt6g9t2YoLFccCN\/IGd9RyhG14dgDNZiY="}
2018-02-20 17:52:50 {"alipay_trade_pay_response":{"code":"10000","msg":"Success","buyer_logon_id":"151****6609","buyer_pay_amount":"900.00","buyer_user_id":"2088702244383542","fund_bill_list":[{"amount":"900.00","fund_channel":"ALIPAYACCOUNT"}],"gmt_payment":"2018-02-20 17:52:50","invoice_amount":"900.00","out_trade_no":"2018022017524930662","point_amount":"0.00","receipt_amount":"900.00","total_amount":"900.00","trade_no":"2018022021001004540541535934"},"sign":"Nt6D/PkW1fYqALrb/QaPYIeQ9ioMMN3YxcDVvYvnShm9uVeKECnp6jUX/u8b4dM5T0o+hP4SjF/zV8WcbtNJcjh8XK5/j/AqvMb86XjPFk9MdcuiqAFPq+K8De8MVuCaXQMzIGENSaoRLJxpIFrFTFch67U1FgNr+so3Xz+jzsc="}
2018-02-20 18:36:50 {"merchant_id":"1493159782","key":"","authCode":"134776105580997161","order_sn":"2018022018365031268","price":100}
2018-02-20 18:58:55 {"merchant_id":"2088822285099072","key":"201710BBaa55e11a995b41488709d94fe3bfbX07","authCode":"287988478349886806","order_sn":"2018022018585588140","price":100}
2018-02-20 18:58:55 {"app_id":"2017071207730667","method":"alipay.trade.pay","charset":"utf-8","sign_type":"RSA","app_auth_token":"201710BBaa55e11a995b41488709d94fe3bfbX07","timestamp":"2018-02-20 18:58:55","version":"1.0","biz_content":"{\"out_trade_no\":\"2018022018585588140\",\"scene\":\"bar_code\",\"auth_code\":\"287988478349886806\",\"subject\":\"\\u8ba2\\u5355\\u53f7:2018022018585588140\",\"seller_id\":\"2088822285099072\",\"total_amount\":100,\"extend_params\":{\"sys_service_provider_id\":\"2088721521881652\"}}","sign":"an2XqxrloN1NzxQTfnCZV6yD27R6PxoXN2URa7pQsQULrzaPrGgjh8RFft+sZNbaRqa6GqYrIk+w1GW0SebGM4c6xrxYZrG49cGwv4+y4r7i\/gibFzviKfL\/ZfvI5qoB9T5Pqf0IVF04H+rsXB69NfAgK\/Y606gyjLXwMKTZRCE="}
2018-02-20 18:58:56 {"alipay_trade_pay_response":{"code":"10000","msg":"Success","buyer_logon_id":"182****2594","buyer_pay_amount":"100.00","buyer_user_id":"2088612557800190","fund_bill_list":[{"amount":"100.00","fund_channel":"PCREDIT"}],"gmt_payment":"2018-02-20 18:58:56","invoice_amount":"100.00","out_trade_no":"2018022018585588140","point_amount":"0.00","receipt_amount":"100.00","total_amount":"100.00","trade_no":"2018022021001004190555379368"},"sign":"eT9GJTStR4mha/XbmstDS6n5xiDjn7q2/+y2RAgRwvu1cb95CCSe17ZIpEQxxaNgh/bsdgTI2h8JLDTixCG5JN1Rkr3d4w8WXTAZxAkIRDIlmrI6DsjMKyt536W9kKs/GAUWEBq+88g1VFopFUwdU5uSsozVHoUqkZRLkcspjac="}
2018-02-20 19:48:27 {"merchant_id":"1493159782","key":"","authCode":"135441562170685731","order_sn":"2018022019482783115","price":400}
2018-02-20 20:26:41 {"merchant_id":"1497272292","key":"","authCode":"134947348277893482","order_sn":"2018022020264162846","price":200}
2018-02-20 21:08:59 {"merchant_id":"1493159782","key":"","authCode":"134807552205499342","order_sn":"2018022021085972682","price":2000}
2018-02-20 21:19:40 {"merchant_id":"1497272292","key":"","authCode":"134743129665419567","order_sn":"2018022021194021872","price":200}
2018-02-20 21:50:06 {"merchant_id":"1493159782","key":"","authCode":"135094789884195719","order_sn":"2018022021500674752","price":168}
2018-02-20 21:57:29 {"merchant_id":"1490350062","key":"","authCode":"135024199243567193","order_sn":"2018022021572956568","price":300}
2018-02-20 21:59:34 {"merchant_id":"1490350062","key":"","authCode":"135640908512510743","order_sn":"2018022021593498273","price":300}
2018-02-20 22:59:16 {"merchant_id":"1490350062","key":"","authCode":"134781828252159803","order_sn":"2018022022591650844","price":300}
2018-02-20 23:03:19 {"merchant_id":"2088821827997030","key":"201711BBc699bef5cde842dba6fa5c6bdc706A03","authCode":"282433043137297326","order_sn":"2018022023031975528","price":400}
2018-02-20 23:03:19 {"app_id":"2017071207730667","method":"alipay.trade.pay","charset":"utf-8","sign_type":"RSA","app_auth_token":"201711BBc699bef5cde842dba6fa5c6bdc706A03","timestamp":"2018-02-20 23:03:19","version":"1.0","biz_content":"{\"out_trade_no\":\"2018022023031975528\",\"scene\":\"bar_code\",\"auth_code\":\"282433043137297326\",\"subject\":\"\\u8ba2\\u5355\\u53f7:2018022023031975528\",\"seller_id\":\"2088821827997030\",\"total_amount\":400,\"extend_params\":{\"sys_service_provider_id\":\"2088721521881652\"}}","sign":"QPyfgmC29oWYv6ZIWRoHDErr4XRwkZbODL+pzzo6mfMGr9aSWL5AXHXDeELLN59T+aPW26JXV0qYKWYX0z02lYBuJqXBXrUkioFIRN0ZX4QiDbFs2Gg9SAmz63dztjgzo8+AGb1yrrk\/yeEN+URhT61P6bTAhpVtsiS56fd\/fX4="}
2018-02-20 23:03:20 {"alipay_trade_pay_response":{"code":"10000","msg":"Success","buyer_logon_id":"183****2662","buyer_pay_amount":"400.00","buyer_user_id":"2088422272204823","fund_bill_list":[{"amount":"400.00","fund_channel":"ALIPAYACCOUNT"}],"gmt_payment":"2018-02-20 23:03:20","invoice_amount":"400.00","out_trade_no":"2018022023031975528","point_amount":"0.00","receipt_amount":"400.00","total_amount":"400.00","trade_no":"2018022021001004820541013840"},"sign":"eXiAavE9zrYu5rkKulpcV0zMEtOZ/IL/B91D1ssL3nZxA2R0PX9pWHff4LhPIOU3lrH0OjRRpW4/ubXqZd4dET/AkdGT+aYf5Ih1OMS+WZAVFtdd5Qs5Uqql6J2fSwOXTGyBtYkKQWeqfQuRHd7KMLRD1Nh7HfbY4oo3dJhLz1c="}
2018-02-20 23:20:22 {"merchant_id":"1493159782","key":"","authCode":"134530890867999698","order_sn":"2018022023202276937","price":25}
