2018-03-26 00:48:01 {"merchant_id":"1490350062","key":"","authCode":"134584962557335217","order_sn":"2018032600480175257","price":200}
2018-03-26 00:48:58 {"merchant_id":"1490350062","key":"","authCode":"135138606248892410","order_sn":"2018032600485859577","price":300}
2018-03-26 03:22:17 {"merchant_id":"1490350062","key":"","authCode":"134534633357480459","order_sn":"2018032603221764131","price":300}
2018-03-26 08:17:41 {"merchant_id":"1490350062","key":"","authCode":"134898396318313728","order_sn":"2018032608174180653","price":10}
2018-03-26 08:37:13 {"merchant_id":"1499456762","key":"","authCode":"134509976447487534","order_sn":"2018032608371334450","price":9}
2018-03-26 09:07:48 {"merchant_id":"1499456762","key":"","authCode":"134615344322639889","order_sn":"2018032609074834511","price":38}
2018-03-26 09:27:17 {"merchant_id":"1499456762","key":"","authCode":"134781677734626363","order_sn":"2018032609271787750","price":28}
2018-03-26 09:29:29 {"merchant_id":"2088821827997030","key":"201711BBc699bef5cde842dba6fa5c6bdc706A03","authCode":"285687410861785737","order_sn":"2018032609292930883","price":474}
2018-03-26 09:29:29 {"app_id":"2017071207730667","method":"alipay.trade.pay","charset":"utf-8","sign_type":"RSA","app_auth_token":"201711BBc699bef5cde842dba6fa5c6bdc706A03","timestamp":"2018-03-26 09:29:29","version":"1.0","biz_content":"{\"out_trade_no\":\"2018032609292930883\",\"scene\":\"bar_code\",\"auth_code\":\"285687410861785737\",\"subject\":\"\\u8ba2\\u5355\\u53f7:2018032609292930883\",\"seller_id\":\"2088821827997030\",\"total_amount\":474,\"extend_params\":{\"sys_service_provider_id\":\"2088721521881652\"}}","sign":"H5br81J+BdHdjUmGuA3cmKCcBuAi3sTQp\/U+uGapMrw7o1Kez+Ujy1CC1EjJySG1HK+fLBeZTv8pKK6TpCFDl7tiL5VQP5lRutvSHqQ2eE5u0NhnIjx+9pmHbllemil3OYLOIXi24\/\/nHtvxVkB\/iYMriPTkqB1JZRAqNSrpOps="}
2018-03-26 09:29:30 {"alipay_trade_pay_response":{"code":"10000","msg":"Success","buyer_logon_id":"395***@qq.com","buyer_pay_amount":"474.00","buyer_user_id":"2088612378193321","fund_bill_list":[{"amount":"474.00","fund_channel":"PCREDIT"}],"gmt_payment":"2018-03-26 09:29:30","invoice_amount":"474.00","out_trade_no":"2018032609292930883","point_amount":"0.00","receipt_amount":"474.00","total_amount":"474.00","trade_no":"2018032621001004320573796180"},"sign":"ZfhD0AhWiD7g9QO/EuUWgV4HK85VssnkV+TBxLvpiEGkSgT56+/TeqfJ+dZSRe7M6I1Wkw+V0JQqz01i3DMbO10cGriTJ6DTwAEP/DQ8fhetlvOAet0M92lxhXWBtAt4UH6uI+711naiQr8QjpZ+GNyUXpLniVGeuGnurLZN+to="}
2018-03-26 09:40:19 {"merchant_id":"1499456762","key":"","authCode":"135034273538618521","order_sn":"2018032609401978182","price":19}
2018-03-26 10:09:28 {"merchant_id":"2088821827997030","key":"201711BBc699bef5cde842dba6fa5c6bdc706A03","authCode":"282323867023004005","order_sn":"2018032610092872322","price":2212}
2018-03-26 10:09:28 {"app_id":"2017071207730667","method":"alipay.trade.pay","charset":"utf-8","sign_type":"RSA","app_auth_token":"201711BBc699bef5cde842dba6fa5c6bdc706A03","timestamp":"2018-03-26 10:09:28","version":"1.0","biz_content":"{\"out_trade_no\":\"2018032610092872322\",\"scene\":\"bar_code\",\"auth_code\":\"282323867023004005\",\"subject\":\"\\u8ba2\\u5355\\u53f7:2018032610092872322\",\"seller_id\":\"2088821827997030\",\"total_amount\":2212,\"extend_params\":{\"sys_service_provider_id\":\"2088721521881652\"}}","sign":"iJ05E+BEwAYh0+oHTqBbCNdWLCtCX\/RHPhrI4zzTMR6QE4t2P0hpV\/3QCufcbNUVcJBmV73S5dN+BPKDuKduqVf6Gc\/TpqzKbugV2TWVgNEO4oUX6yENWEF9hd9LQ2wyMiN9rIRVYtgt\/Z3cKVXIKo1Uewo51cssJKCvQ48cujE="}
2018-03-26 10:09:28 {"alipay_trade_pay_response":{"code":"10003","msg":" order success pay inprocess","buyer_logon_id":"xzg***@163.com","buyer_pay_amount":"0.00","buyer_user_id":"2088802540025482","invoice_amount":"0.00","out_trade_no":"2018032610092872322","point_amount":"0.00","receipt_amount":"0.00","total_amount":"2212.00","trade_no":"2018032621001004480569936364"},"sign":"Wr2mDQHqvdbA7FZnetXvYiwrV7af60y26/rWmhBAu/AJcnFVlmOt9ix+eBakqEjWhClVsoLBl2pXQkiIl3PUeDl0znvnFgb+oZ9ocsFDi1H2wMzxVVa65Hc2Z6Jf7Hw57R5C5yAD02RgLyIQwHxv1/YUjXrrUwshGMbDNLvpgbg="}
2018-03-26 10:09:28 {"alipay_trade_query_response":{"code":"10000","msg":"Success","buyer_logon_id":"xzg***@163.com","buyer_pay_amount":"0.00","buyer_user_id":"2088802540025482","invoice_amount":"0.00","out_trade_no":"2018032610092872322","point_amount":"0.00","receipt_amount":"0.00","total_amount":"2212.00","trade_no":"2018032621001004480569936364","trade_status":"WAIT_BUYER_PAY"},"sign":"jRuHrR5eEgMMEXJJyqhuJNlzgheV1mxzb4hrmn4kXCok3pnku6hN1UdIRCf2c6Zum4Rc+N8ydsr+OVg0gvl8MHD4iAnPLM6ctOOdgBJF6OXcQG52aOAkaNEY833alX2jr8gcz82u8J0qd5I70r2s/EX6V5mxT3bstKrYTa0/aAU="}
2018-03-26 10:09:32 {"alipay_trade_query_response":{"code":"10000","msg":"Success","buyer_logon_id":"xzg***@163.com","buyer_pay_amount":"0.00","buyer_user_id":"2088802540025482","invoice_amount":"0.00","out_trade_no":"2018032610092872322","point_amount":"0.00","receipt_amount":"0.00","total_amount":"2212.00","trade_no":"2018032621001004480569936364","trade_status":"WAIT_BUYER_PAY"},"sign":"jRuHrR5eEgMMEXJJyqhuJNlzgheV1mxzb4hrmn4kXCok3pnku6hN1UdIRCf2c6Zum4Rc+N8ydsr+OVg0gvl8MHD4iAnPLM6ctOOdgBJF6OXcQG52aOAkaNEY833alX2jr8gcz82u8J0qd5I70r2s/EX6V5mxT3bstKrYTa0/aAU="}
2018-03-26 10:09:37 {"alipay_trade_query_response":{"code":"10000","msg":"Success","buyer_logon_id":"xzg***@163.com","buyer_pay_amount":"0.00","buyer_user_id":"2088802540025482","invoice_amount":"0.00","out_trade_no":"2018032610092872322","point_amount":"0.00","receipt_amount":"0.00","total_amount":"2212.00","trade_no":"2018032621001004480569936364","trade_status":"WAIT_BUYER_PAY"},"sign":"jRuHrR5eEgMMEXJJyqhuJNlzgheV1mxzb4hrmn4kXCok3pnku6hN1UdIRCf2c6Zum4Rc+N8ydsr+OVg0gvl8MHD4iAnPLM6ctOOdgBJF6OXcQG52aOAkaNEY833alX2jr8gcz82u8J0qd5I70r2s/EX6V5mxT3bstKrYTa0/aAU="}
2018-03-26 10:09:41 {"alipay_trade_query_response":{"code":"10000","msg":"Success","buyer_logon_id":"xzg***@163.com","buyer_pay_amount":"2212.00","buyer_user_id":"2088802540025482","fund_bill_list":[{"amount":"2212.00","fund_channel":"ALIPAYACCOUNT"}],"invoice_amount":"2212.00","out_trade_no":"2018032610092872322","point_amount":"0.00","receipt_amount":"2212.00","send_pay_date":"2018-03-26 10:09:38","total_amount":"2212.00","trade_no":"2018032621001004480569936364","trade_status":"TRADE_SUCCESS"},"sign":"ALisaCm5GtLrSIkpu31vuvT5F12YJdSJKnsCWLX+gWMr227Uo+atMWVl2I+6E/5b8eCRZKClLp+q1eXp0fYOcFEgPU6qh+7OohWmA3f6U6PjhkekP+UnwRf9FA8COVFt66opW5dtNHOlPGJU0ZTSfrQ3C7e+8AFUUl+CtYf80ro="}
2018-03-26 10:24:37 {"merchant_id":"1499456762","key":"","authCode":"135294664240204036","order_sn":"2018032610243759134","price":28}
2018-03-26 10:45:59 {"merchant_id":"1490350062","key":"","authCode":"136067371802602760","order_sn":"2018032610455951358","price":2000}
2018-03-26 10:55:21 {"merchant_id":"1499456762","key":"","authCode":"134621191250128340","order_sn":"2018032610552142846","price":8}
2018-03-26 10:57:31 {"merchant_id":"1499456762","key":"","authCode":"135040499461492526","order_sn":"2018032610573123608","price":128}
2018-03-26 11:28:38 {"merchant_id":"1499456762","key":"","authCode":"134902714190872234","order_sn":"2018032611283854246","price":25}
2018-03-26 11:40:40 {"merchant_id":"1499456762","key":"","authCode":"134870098300619580","order_sn":"2018032611404058067","price":8}
2018-03-26 12:17:11 {"merchant_id":"1490350062","key":"","authCode":"135902141356082407","order_sn":"2018032612171196881","price":118}
2018-03-26 12:39:48 {"merchant_id":"1499456762","key":"","authCode":"134607184288711594","order_sn":"2018032612394897772","price":26}
2018-03-26 12:43:14 {"merchant_id":"1499456762","key":"","authCode":"134904952336277730","order_sn":"2018032612431495893","price":20}
2018-03-26 12:44:12 {"merchant_id":"1499456762","key":"","authCode":"135052599079884075","order_sn":"2018032612441276313","price":12}
2018-03-26 14:01:10 {"merchant_id":"1499456762","key":"","authCode":"134917228063238217","order_sn":"2018032614011053988","price":15}
2018-03-26 14:09:14 {"merchant_id":"1499456762","key":"","authCode":"134651637348432993","order_sn":"2018032614091491347","price":8}
2018-03-26 14:31:53 {"merchant_id":"1486561492","key":"","authCode":"135904775251038405","order_sn":"2018032614315364713","price":0.01}
2018-03-26 14:33:47 {"merchant_id":"1499456762","key":"","authCode":"134591223917770271","order_sn":"2018032614334787193","price":12}
2018-03-26 14:35:17 {"merchant_id":"1486561492","key":"","authCode":"135801845725806867","order_sn":"2018032614351787838","price":0.01}
2018-03-26 14:35:57 {"merchant_id":"1486561492","key":"","authCode":"135773612978148472","order_sn":"2018032614355764505","price":0.01}
2018-03-26 14:53:40 {"merchant_id":"1486561492","key":"","authCode":"135643642105833127","order_sn":"2018032614534048608","price":0.01}
2018-03-26 15:01:57 {"merchant_id":"1486561492","key":"","authCode":"135908725445081192","order_sn":"2018032615015726913","price":0.01}
2018-03-26 15:02:27 {"merchant_id":"1499456762","key":"","authCode":"135025770165039627","order_sn":"2018032615022738122","price":23.5}
2018-03-26 15:06:23 {"merchant_id":"1486561492","key":"","authCode":"135843658791446022","order_sn":"2018032615062339325","price":0.01}
2018-03-26 15:08:11 {"merchant_id":"1486561492","key":"","authCode":"134625415707540077","order_sn":"2018032615081141250","price":0.01}
2018-03-26 15:08:28 {"merchant_id":"1486561492","key":"","authCode":"135729068916995333","order_sn":"2018032615082828444","price":0.01}
2018-03-26 15:11:49 {"merchant_id":"1499456762","key":"","authCode":"134771056962943671","order_sn":"2018032615114959030","price":200}
2018-03-26 15:40:23 {"merchant_id":"1499456762","key":"","authCode":"134827165392083818","order_sn":"2018032615402333849","price":32}
2018-03-26 15:41:56 {"merchant_id":"1499456762","key":"","authCode":"134674534265006180","order_sn":"2018032615415624036","price":35}
2018-03-26 16:07:04 {"merchant_id":"1499456762","key":"","authCode":"134612412747097089","order_sn":"2018032616070481528","price":62}
2018-03-26 16:35:16 {"merchant_id":"1499456762","key":"","authCode":"135000146001563610","order_sn":"2018032616351661348","price":9}
2018-03-26 16:36:29 {"merchant_id":"1499456762","key":"","authCode":"135037355138604621","order_sn":"2018032616362932205","price":35}
2018-03-26 16:36:51 {"merchant_id":"1499456762","key":"","authCode":"134820243319826800","order_sn":"2018032616365140211","price":15}
2018-03-26 16:39:30 {"merchant_id":"1499456762","key":"","authCode":"134688418822587861","order_sn":"2018032616393043833","price":16}
2018-03-26 16:40:38 {"merchant_id":"1499456762","key":"","authCode":"134664437649485705","order_sn":"2018032616403869314","price":46}
2018-03-26 17:10:20 {"merchant_id":"1499456762","key":"","authCode":"134699543834385849","order_sn":"2018032617102033406","price":30}
2018-03-26 17:35:13 {"merchant_id":"1499456762","key":"","authCode":"134960551470249063","order_sn":"2018032617351367488","price":37.5}
2018-03-26 17:40:19 {"merchant_id":"1499456762","key":"","authCode":"134923604850351639","order_sn":"2018032617401839426","price":500}
2018-03-26 17:44:55 {"merchant_id":"1499456762","key":"","authCode":"134528196850892496","order_sn":"2018032617445595954","price":19}
2018-03-26 18:11:47 {"merchant_id":"1499456762","key":"","authCode":"134694401484476585","order_sn":"2018032618114759207","price":9}
2018-03-26 18:15:23 {"merchant_id":"1499456762","key":"","authCode":"134757247021141246","order_sn":"2018032618152310441","price":14}
2018-03-26 18:16:49 {"merchant_id":"1490350062","key":"","authCode":"134640850563716428","order_sn":"2018032618164977873","price":148}
2018-03-26 18:18:09 {"merchant_id":"1499456762","key":"","authCode":"134954396161615908","order_sn":"2018032618180996826","price":8}
2018-03-26 18:28:08 {"merchant_id":"2088822285099072","key":"201710BBaa55e11a995b41488709d94fe3bfbX07","authCode":"280142537591810601","order_sn":"2018032618280842383","price":300}
2018-03-26 18:28:08 {"app_id":"2017071207730667","method":"alipay.trade.pay","charset":"utf-8","sign_type":"RSA","app_auth_token":"201710BBaa55e11a995b41488709d94fe3bfbX07","timestamp":"2018-03-26 18:28:08","version":"1.0","biz_content":"{\"out_trade_no\":\"2018032618280842383\",\"scene\":\"bar_code\",\"auth_code\":\"280142537591810601\",\"subject\":\"\\u8ba2\\u5355\\u53f7:2018032618280842383\",\"seller_id\":\"2088822285099072\",\"total_amount\":300,\"extend_params\":{\"sys_service_provider_id\":\"2088721521881652\"}}","sign":"ki1o0fa6HQvTDz\/1stHIfqoP8vqVnlXpgFndZEZta1obTpgUzvkrjhbh5delPkk5XCqJ+9Timu72Pho3dDCS22nnflvtw2hRkLVee14FVhoXy6SSlPr+RpUlT9w2xunqJWGiRvURI0BGnkSWYK45cJMKxT\/3nsvC+TxI8hX4Eco="}
2018-03-26 18:28:09 {"alipay_trade_pay_response":{"code":"10000","msg":"Success","buyer_logon_id":"151****1555","buyer_pay_amount":"300.00","buyer_user_id":"2088032311820758","fund_bill_list":[{"amount":"300.00","fund_channel":"ALIPAYACCOUNT"}],"gmt_payment":"2018-03-26 18:28:09","invoice_amount":"300.00","out_trade_no":"2018032618280842383","point_amount":"0.00","receipt_amount":"300.00","total_amount":"300.00","trade_no":"2018032621001004750577257190"},"sign":"CO3p3b5O9AoswbWXa39pnLBQP5ym/sMSkKPIr/svR95I8UnK+B9vjAE7NOG9SVpMrw+9fVZkNGHXIIA5+aHcImUY4pRBOceCgNI3Q2ghu23nYyK0OioEBtJVl30DIw0psqsZk1i/tytMk4gzsnD4urL+He6I5WwLZkjBbQlf96g="}
2018-03-26 18:32:18 {"merchant_id":"1493159782","key":"","authCode":"134549612219191566","order_sn":"2018032618321896215","price":400}
2018-03-26 18:37:55 {"merchant_id":"1499456762","key":"","authCode":"134892079289537151","order_sn":"2018032618375595881","price":31}
2018-03-26 18:44:53 {"merchant_id":"1499456762","key":"","authCode":"134546251382927316","order_sn":"2018032618445311886","price":41}
2018-03-26 18:46:01 {"merchant_id":"1499456762","key":"","authCode":"134703861131539937","order_sn":"2018032618460142198","price":12}
2018-03-26 18:53:18 {"merchant_id":"1499456762","key":"","authCode":"134780985162183270","order_sn":"2018032618531899678","price":52.8}
2018-03-26 18:55:51 {"merchant_id":"1499456762","key":"","authCode":"134775938076835445","order_sn":"2018032618555184179","price":38}
2018-03-26 19:06:33 {"merchant_id":"1490350062","key":"","authCode":"134796708691991211","order_sn":"2018032619063360765","price":300}
2018-03-26 19:14:40 {"merchant_id":"1499456762","key":"","authCode":"134853504570656731","order_sn":"2018032619144058640","price":11}
2018-03-26 19:16:56 {"merchant_id":"1499456762","key":"","authCode":"134685740322733296","order_sn":"2018032619165672404","price":27}
2018-03-26 19:21:28 {"merchant_id":"1499456762","key":"","authCode":"134648291980353773","order_sn":"2018032619212834684","price":12}
2018-03-26 19:23:58 {"merchant_id":"1499456762","key":"","authCode":"134753016512745747","order_sn":"2018032619235834648","price":12}
2018-03-26 19:24:56 {"merchant_id":"1499456762","key":"","authCode":"135958374734423491","order_sn":"2018032619245644768","price":29}
2018-03-26 19:29:02 {"merchant_id":"1490350062","key":"","authCode":"134599738907516181","order_sn":"2018032619290261247","price":300}
2018-03-26 19:34:11 {"merchant_id":"1499456762","key":"","authCode":"134658812581052598","order_sn":"2018032619341117977","price":46}
2018-03-26 19:34:35 {"merchant_id":"1499456762","key":"","authCode":"134757020170796367","order_sn":"2018032619343526644","price":10}
2018-03-26 19:41:11 {"merchant_id":"1499456762","key":"","authCode":"135370874284419085","order_sn":"2018032619411136122","price":25}
2018-03-26 19:44:28 {"merchant_id":"1499456762","key":"","authCode":"134647938861691949","order_sn":"2018032619442846992","price":21}
2018-03-26 19:51:01 {"merchant_id":"1499456762","key":"","authCode":"134690458085990820","order_sn":"2018032619510169199","price":13}
2018-03-26 19:57:47 {"merchant_id":"1499456762","key":"","authCode":"134786463550079165","order_sn":"2018032619574768924","price":12}
2018-03-26 19:58:18 {"merchant_id":"1499456762","key":"","authCode":"134926249145646125","order_sn":"2018032619581769132","price":8}
2018-03-26 20:45:33 {"merchant_id":"1493159782","key":"","authCode":"134525007381883175","order_sn":"2018032620453338049","price":400}
2018-03-26 20:56:05 {"merchant_id":"1499456762","key":"","authCode":"134576334104655267","order_sn":"2018032620560528476","price":16}
2018-03-26 20:56:19 {"merchant_id":"1499456762","key":"","authCode":"134542713694494384","order_sn":"2018032620561931096","price":14}
2018-03-26 21:40:13 {"merchant_id":"1490350062","key":"","authCode":"135486709164323404","order_sn":"2018032621401353029","price":300}
2018-03-26 21:48:36 {"merchant_id":"1490350062","key":"","authCode":"134800342259019303","order_sn":"2018032621483639455","price":200}
2018-03-26 22:35:29 {"merchant_id":"2088822285099072","key":"201710BBaa55e11a995b41488709d94fe3bfbX07","authCode":"285971325551657051","order_sn":"2018032622352953136","price":400}
2018-03-26 22:35:29 {"app_id":"2017071207730667","method":"alipay.trade.pay","charset":"utf-8","sign_type":"RSA","app_auth_token":"201710BBaa55e11a995b41488709d94fe3bfbX07","timestamp":"2018-03-26 22:35:29","version":"1.0","biz_content":"{\"out_trade_no\":\"2018032622352953136\",\"scene\":\"bar_code\",\"auth_code\":\"285971325551657051\",\"subject\":\"\\u8ba2\\u5355\\u53f7:2018032622352953136\",\"seller_id\":\"2088822285099072\",\"total_amount\":400,\"extend_params\":{\"sys_service_provider_id\":\"2088721521881652\"}}","sign":"UfIzbTlaxAirW8kxrmmmZq6WRhZfl37KFY8OgHpYJFD1z4HlHxEoED1aolpXW\/bA32URiZMpgIIPZajaLNAERK39WFEFpdQTofFoXdHKSY+aFTvZOR9144pCuTg0otYFyQyDofD2G9g9ZloSF8myErQp8UZXfPPz1t4VGwQ1IxQ="}
2018-03-26 22:35:30 {"alipay_trade_pay_response":{"code":"10000","msg":"Success","buyer_logon_id":"152****3737","buyer_pay_amount":"400.00","buyer_user_id":"2088122200720985","fund_bill_list":[{"amount":"400.00","fund_channel":"PCREDIT"}],"gmt_payment":"2018-03-26 22:35:30","invoice_amount":"400.00","out_trade_no":"2018032622352953136","point_amount":"0.00","receipt_amount":"400.00","total_amount":"400.00","trade_no":"2018032621001004980551462879"},"sign":"TZQT/NYX86tettyWjhD9nZ3J3A7veRaqmxyIt3NsR7sa/YAV9FTSP8rpqtp62srKn2hoZIC2QzOivOTbnooKiTRlsy/K35l9dbajDw4FxjOjPY1lLo3s0sA4NoiaQ8oruqReZfPlhXD0GYEb+s3JW0ljDQlqQht/9OuUXHwWa5M="}
2018-03-26 22:44:46 {"merchant_id":"1490350062","key":"","authCode":"135125864721035309","order_sn":"2018032622444642651","price":100}
2018-03-26 22:58:35 {"merchant_id":"1493159782","key":"","authCode":"134508835323101084","order_sn":"2018032622583550351","price":300}
