2018-06-15 00:07:01 {"merchant_id":"1490350062","key":"","authCode":"134587051430455043","order_sn":"2018061500070175339","price":300}

2018-06-15 02:05:36 {"merchant_id":"1490350062","key":"","authCode":"135036108838807829","order_sn":"2018061502053637057","price":600}

2018-06-15 07:37:07 {"merchant_id":"1499456762","key":"","authCode":"134650727356848873","order_sn":"2018061507370785810","price":33}

2018-06-15 08:09:16 {"merchant_id":"1493159782","key":"","authCode":"134595484289939656","order_sn":"2018061508091688627","price":200}

2018-06-15 08:26:04 {"merchant_id":"1499456762","key":"","authCode":"135036116037432839","order_sn":"2018061508260457817","price":17}

2018-06-15 08:50:08 {"merchant_id":"1499456762","key":"","authCode":"134722314988561174","order_sn":"2018061508500860435","price":18}

2018-06-15 09:00:17 {"merchant_id":"1499456762","key":"","authCode":"135165275092888252","order_sn":"2018061509001786575","price":33}

2018-06-15 09:11:10 {"merchant_id":"1499456762","key":"","authCode":"135454573029330599","order_sn":"2018061509111077041","price":71}

2018-06-15 09:11:48 {"merchant_id":"1499456762","key":"","authCode":"134851051603459615","order_sn":"2018061509114858483","price":8}

2018-06-15 09:22:43 {"merchant_id":"1499456762","key":"","authCode":"134599291450732151","order_sn":"2018061509224316345","price":14}

2018-06-15 09:30:47 {"merchant_id":"1499456762","key":"","authCode":"135463077068255823","order_sn":"2018061509304750321","price":29}

2018-06-15 09:33:15 {"merchant_id":"1499456762","key":"","authCode":"134827284524704890","order_sn":"2018061509331537094","price":33}

2018-06-15 09:33:46 {"merchant_id":"1493159782","key":"","authCode":"134851943875310859","order_sn":"2018061509334696429","price":198}

2018-06-15 09:35:57 {"merchant_id":"1499456762","key":"","authCode":"134593579295091156","order_sn":"2018061509355797472","price":17}

2018-06-15 09:51:36 {"merchant_id":"1499456762","key":"","authCode":"134606289656692768","order_sn":"2018061509513620204","price":18}

2018-06-15 09:59:40 {"merchant_id":"1499456762","key":"","authCode":"134932730135695138","order_sn":"2018061509594086561","price":28}

2018-06-15 10:02:54 {"merchant_id":"1499456762","key":"","authCode":"134548089099520957","order_sn":"2018061510025451302","price":17}

2018-06-15 10:03:39 {"merchant_id":"1499456762","key":"","authCode":"134903082898662974","order_sn":"2018061510033928400","price":24}

2018-06-15 10:04:01 {"merchant_id":"1499456762","key":"","authCode":"134799899138714321","order_sn":"2018061510040011004","price":22}

2018-06-15 10:14:15 {"merchant_id":"1499456762","key":"","authCode":"134850529238991898","order_sn":"2018061510141527657","price":14}

2018-06-15 10:19:10 {"merchant_id":"1499456762","key":"","authCode":"134712752378266768","order_sn":"2018061510191061427","price":6}

2018-06-15 10:21:55 {"merchant_id":"1499456762","key":"","authCode":"134809022099915170","order_sn":"2018061510215582964","price":9}

2018-06-15 10:23:58 {"merchant_id":"1499456762","key":"","authCode":"134541407102414348","order_sn":"2018061510235815472","price":3}

2018-06-15 10:30:23 {"merchant_id":"2088822285099072","key":"201710BBaa55e11a995b41488709d94fe3bfbX07","authCode":"284408985161981764","order_sn":"2018061510302388562","price":500}

2018-06-15 10:30:23 {"app_id":"2017071207730667","method":"alipay.trade.pay","charset":"utf-8","sign_type":"RSA","app_auth_token":"201710BBaa55e11a995b41488709d94fe3bfbX07","timestamp":"2018-06-15 10:30:23","version":"1.0","biz_content":"{\"out_trade_no\":\"2018061510302388562\",\"scene\":\"bar_code\",\"auth_code\":\"284408985161981764\",\"subject\":\"\\u8ba2\\u5355\\u53f7:2018061510302388562\",\"seller_id\":\"2088822285099072\",\"total_amount\":500,\"extend_params\":{\"sys_service_provider_id\":\"2088721521881652\"}}","sign":"o6xTduP7vGr9rX5ripwL9ZfxSnar03Hg3Cn\/o0jcMoc3z0L\/AQTJGOBUbKE1nGpAwSOdm1QvBuJUdyEI4475\/eG3ihJLeY3f5pRNrEhgS2Wd9BlUXRJfFBr9fhQyrh5jgvRadvWNu0QzsoPlK8d++Gaulwqy6fUWPhpMpJcifHw="}

2018-06-15 10:30:24 {"alipay_trade_pay_response":{"code":"10000","msg":"Success","buyer_logon_id":"125***@qq.com","buyer_pay_amount":"500.00","buyer_user_id":"2088112284683524","fund_bill_list":[{"amount":"500.00","fund_channel":"ALIPAYACCOUNT"}],"gmt_payment":"2018-06-15 10:30:24","invoice_amount":"500.00","out_trade_no":"2018061510302388562","point_amount":"0.00","receipt_amount":"500.00","total_amount":"500.00","trade_no":"2018061521001004520547667705"},"sign":"TtoXdQtBnXdWQ+buiBsUQQHKu2x4WhJPp98o67Oz4zcrfLTu5UIdPb3Q7orusv1itsAPkPFLmbiTsrF1pO23k8oXCyQNiHFgplZM6PpKxueNJ5hblO8s8FfqEDimzRbbVmfbrG47dIaVE2IZrQ0SZpotGkr/x1yJz6zLLdZYrf4="}

2018-06-15 10:33:29 {"merchant_id":"1499456762","key":"","authCode":"135729401121038416","order_sn":"2018061510332917225","price":8.5}

2018-06-15 10:36:04 {"merchant_id":"1499456762","key":"","authCode":"134596970110021756","order_sn":"2018061510360447826","price":31}

2018-06-15 10:39:49 {"merchant_id":"1499456762","key":"","authCode":"134669610656570938","order_sn":"2018061510394940938","price":38}

2018-06-15 10:47:04 {"merchant_id":"1499456762","key":"","authCode":"134636341120145512","order_sn":"2018061510470430243","price":100}

2018-06-15 11:08:44 {"merchant_id":"1499456762","key":"","authCode":"134535910708047398","order_sn":"2018061511084495132","price":44}

2018-06-15 11:15:10 {"merchant_id":"1499456762","key":"","authCode":"134556138373376406","order_sn":"2018061511151057709","price":5}

2018-06-15 11:47:38 {"merchant_id":"1499456762","key":"","authCode":"134583755080713787","order_sn":"2018061511473869560","price":38}

2018-06-15 12:01:01 {"merchant_id":"1499456762","key":"","authCode":"134610643638162035","order_sn":"2018061512010166712","price":22}

2018-06-15 12:08:38 {"merchant_id":"2088822285099072","key":"201710BBaa55e11a995b41488709d94fe3bfbX07","authCode":"280531974941938041","order_sn":"2018061512083849762","price":118}

2018-06-15 12:08:38 {"app_id":"2017071207730667","method":"alipay.trade.pay","charset":"utf-8","sign_type":"RSA","app_auth_token":"201710BBaa55e11a995b41488709d94fe3bfbX07","timestamp":"2018-06-15 12:08:38","version":"1.0","biz_content":"{\"out_trade_no\":\"2018061512083849762\",\"scene\":\"bar_code\",\"auth_code\":\"280531974941938041\",\"subject\":\"\\u8ba2\\u5355\\u53f7:2018061512083849762\",\"seller_id\":\"2088822285099072\",\"total_amount\":118,\"extend_params\":{\"sys_service_provider_id\":\"2088721521881652\"}}","sign":"Q6YenNHmvYHVWPXIa+i47xA3zLKzLZNR0ExWypB7nHWZjnLl\/3vlLSKavp4lZg\/cxtyzNDCMAyf\/laNtB46MTsRtcgkNMQQ7Ce09TPTrPiq+oIdD2tufqtjDXiUjONRAQBvhUVMWtmoX+m9CNvwTgTrNMJ7kMUNeB5fInMz2O6k="}

2018-06-15 12:08:39 {"alipay_trade_pay_response":{"code":"10000","msg":"Success","buyer_logon_id":"133****3842","buyer_pay_amount":"118.00","buyer_user_id":"2088812679521832","fund_bill_list":[{"amount":"118.00","fund_channel":"PCREDIT"}],"gmt_payment":"2018-06-15 12:08:39","invoice_amount":"118.00","out_trade_no":"2018061512083849762","point_amount":"0.00","receipt_amount":"118.00","total_amount":"118.00","trade_no":"2018061521001004830593663829"},"sign":"GZLscZ8Vr4BTBOWqTZpuuzRkwEm49Vq9Bj66mQeKZGqMxl298Ie/ZgMUfsgPpGFgF/Wv91N0tWfZtgsP3BtO5ViNABUdxHW4mgjFVwU6ahxZZvr5sf9xtVznrrinBLE2ull3vKrUqGQHFHAzoCfMvaAyKY+kMiY/gPK4vy74jg0="}

2018-06-15 12:30:54 {"merchant_id":"1499456762","key":"","authCode":"134558164507915513","order_sn":"2018061512305428447","price":36.5}

2018-06-15 12:37:18 {"merchant_id":"1499456762","key":"","authCode":"134615120285545308","order_sn":"2018061512371820965","price":21}

2018-06-15 12:38:49 {"merchant_id":"1499456762","key":"","authCode":"135495897639515969","order_sn":"2018061512384989453","price":12}

2018-06-15 12:59:06 {"merchant_id":"2088822285099072","key":"201710BBaa55e11a995b41488709d94fe3bfbX07","authCode":"285613954080067042","order_sn":"2018061512590654521","price":500}

2018-06-15 12:59:06 {"app_id":"2017071207730667","method":"alipay.trade.pay","charset":"utf-8","sign_type":"RSA","app_auth_token":"201710BBaa55e11a995b41488709d94fe3bfbX07","timestamp":"2018-06-15 12:59:06","version":"1.0","biz_content":"{\"out_trade_no\":\"2018061512590654521\",\"scene\":\"bar_code\",\"auth_code\":\"285613954080067042\",\"subject\":\"\\u8ba2\\u5355\\u53f7:2018061512590654521\",\"seller_id\":\"2088822285099072\",\"total_amount\":500,\"extend_params\":{\"sys_service_provider_id\":\"2088721521881652\"}}","sign":"AQg+BvedJJ9MC9i59sKfTEbfpfQJpLfYfz5VjxPNIbKpL\/JeDsU20d1NhcaVHX+ewTs\/f2Yoq21zpqGRHqJoTRln8x5y7HCBKOZZ92e+\/kWuvYllz66Fm7N2s7KTKhqN7mDFmHQWZXE3\/5Pg087Z4vGx4e2GcFeQruKsTngpIhk="}

2018-06-15 12:59:07 {"alipay_trade_pay_response":{"code":"10000","msg":"Success","buyer_logon_id":"156****0333","buyer_pay_amount":"500.00","buyer_user_id":"2088922918325302","fund_bill_list":[{"amount":"500.00","fund_channel":"ALIPAYACCOUNT"}],"gmt_payment":"2018-06-15 12:59:07","invoice_amount":"500.00","out_trade_no":"2018061512590654521","point_amount":"0.00","receipt_amount":"500.00","total_amount":"500.00","trade_no":"2018061521001004300583191254"},"sign":"uoVRJtI5/Qmp//5MVk1WK0SKMlmAFGYM+JPorv527Usgj3KVLgAp8rRx0RUnr9d/p5TBbIg/4n3h2BkSnyjc4XQOcUL4qCbGcBtsj9GV5Mos6HGBIaSK5Go/qgC7nrgBipvxao4nRvf0qPxvaN53Lyi8JYq46kEEvhcchuImK/o="}

2018-06-15 13:27:05 {"merchant_id":"1499456762","key":"","authCode":"134688487714500741","order_sn":"2018061513270532611","price":200}

2018-06-15 13:44:11 {"merchant_id":"1499456762","key":"","authCode":"134654254608993732","order_sn":"2018061513441127931","price":36}

2018-06-15 13:44:59 {"merchant_id":"1499456762","key":"","authCode":"135320897079248026","order_sn":"2018061513445979602","price":28}

2018-06-15 14:05:52 {"merchant_id":"1499456762","key":"","authCode":"134565714251666192","order_sn":"2018061514055295313","price":26}

2018-06-15 14:06:30 {"merchant_id":"2088822285099072","key":"201710BBaa55e11a995b41488709d94fe3bfbX07","authCode":"283880462855501834","order_sn":"2018061514063019785","price":200}

2018-06-15 14:06:30 {"app_id":"2017071207730667","method":"alipay.trade.pay","charset":"utf-8","sign_type":"RSA","app_auth_token":"201710BBaa55e11a995b41488709d94fe3bfbX07","timestamp":"2018-06-15 14:06:30","version":"1.0","biz_content":"{\"out_trade_no\":\"2018061514063019785\",\"scene\":\"bar_code\",\"auth_code\":\"283880462855501834\",\"subject\":\"\\u8ba2\\u5355\\u53f7:2018061514063019785\",\"seller_id\":\"2088822285099072\",\"total_amount\":200,\"extend_params\":{\"sys_service_provider_id\":\"2088721521881652\"}}","sign":"PJdKVu6x4mZs78OHrED1rcUi9dgC8jdszbQ3UzmVDlWzkqFMAvqhjvbx6jPBbYeVQMKQbEa+HIT2Kx\/uYC+IGkISlKzrbDPlVJm4bBy86jigneFiTALgOXq0KJrdfU6eg31KQf2YxHfedqM2mbXnlF8HQN4gUY6glbshsDgVjvU="}

2018-06-15 14:06:31 {"alipay_trade_pay_response":{"code":"10000","msg":"Success","buyer_logon_id":"lzh***@sina.com","buyer_pay_amount":"200.00","buyer_user_id":"2088002398277213","fund_bill_list":[{"amount":"200.00","fund_channel":"PCREDIT"}],"gmt_payment":"2018-06-15 14:06:31","invoice_amount":"200.00","out_trade_no":"2018061514063019785","point_amount":"0.00","receipt_amount":"200.00","total_amount":"200.00","trade_no":"2018061521001004210508182965"},"sign":"leZuDJxEk8LhbacK1E8kWvLLLgw+mJIjacFT7BZeK7PHxwolpelpNB7tYvBlqGQh2OEEjgloJ23Ekr6wdJCacL83euL5ZvutDGMYRrjn2m9ujeJw4JoAmXxVcWyP+JEbOdv3VBB75G7Ikmm9VsQrSeBC5hXgE98xoWoLieunIX8="}

2018-06-15 14:38:58 {"merchant_id":"1493159782","key":"","authCode":"134748461590626611","order_sn":"2018061514385870839","price":200}

2018-06-15 14:45:15 {"merchant_id":"1499456762","key":"","authCode":"135018728786310303","order_sn":"2018061514451536100","price":200}

2018-06-15 15:01:34 {"merchant_id":"2088821827997030","key":"201711BBc699bef5cde842dba6fa5c6bdc706A03","authCode":"282445375827711508","order_sn":"2018061515013482874","price":400}

2018-06-15 15:01:34 {"app_id":"2017071207730667","method":"alipay.trade.pay","charset":"utf-8","sign_type":"RSA","app_auth_token":"201711BBc699bef5cde842dba6fa5c6bdc706A03","timestamp":"2018-06-15 15:01:34","version":"1.0","biz_content":"{\"out_trade_no\":\"2018061515013482874\",\"scene\":\"bar_code\",\"auth_code\":\"282445375827711508\",\"subject\":\"\\u8ba2\\u5355\\u53f7:2018061515013482874\",\"seller_id\":\"2088821827997030\",\"total_amount\":400,\"extend_params\":{\"sys_service_provider_id\":\"2088721521881652\"}}","sign":"iF+cXA291vEkry31Mfr0dwRV1w+tJh+CcmvUhlJedtK3VX3qIF6D9Piof89TYs99tqF+8TmaoYYdvw7zpWRCX+VFSmIj0DKfP+OObvJjY6DGk0iQCTM6DspKy4JP9+e6JpPPGbx97rogKZMxhJ4lkiYq2UKTdVhlcRTqRH5zxH8="}

2018-06-15 15:01:35 {"alipay_trade_pay_response":{"code":"10000","msg":"Success","buyer_logon_id":"157****1048","buyer_pay_amount":"400.00","buyer_user_id":"2088602158916361","fund_bill_list":[{"amount":"400.00","fund_channel":"ALIPAYACCOUNT"}],"gmt_payment":"2018-06-15 15:01:35","invoice_amount":"400.00","out_trade_no":"2018061515013482874","point_amount":"0.00","receipt_amount":"400.00","total_amount":"400.00","trade_no":"2018061521001004360586148421"},"sign":"nbUfgH31YPNfAlhLAMXkzkNI8zQKZGQ2uH480Mcmzwc9YXjlg+vATg/aAVVZZ/wpwu5lA0QocNbYh8QUArPVByoAilq7nuOLTiF3UsLlkSfNLsWQXozqw92wXpTbtcv5fU61ee4DIGfV9W/I8Y7It+cWBcbwG4jTF+A9+TEkHCU="}

2018-06-15 15:05:55 {"merchant_id":"1499456762","key":"","authCode":"134840815718759731","order_sn":"2018061515055569863","price":17}

2018-06-15 15:24:07 {"merchant_id":"1499456762","key":"","authCode":"134516768282914174","order_sn":"2018061515240793410","price":53}

2018-06-15 15:27:12 {"merchant_id":"1499456762","key":"","authCode":"135000510045017131","order_sn":"2018061515271294910","price":46.5}

2018-06-15 15:27:31 {"merchant_id":"1499456762","key":"","authCode":"134640787849027411","order_sn":"2018061515273161556","price":15}

2018-06-15 15:27:54 {"merchant_id":"1490350062","key":"","authCode":"134554585620576897","order_sn":"2018061515275475091","price":300}

2018-06-15 15:36:12 {"merchant_id":"1499456762","key":"","authCode":"134609138358599205","order_sn":"2018061515361237575","price":14}

2018-06-15 16:03:10 {"merchant_id":"1499456762","key":"","authCode":"134626602500600032","order_sn":"2018061516031097268","price":27}

2018-06-15 16:03:29 {"merchant_id":"1499456762","key":"","authCode":"134752657239331097","order_sn":"2018061516032988239","price":66}

2018-06-15 16:05:53 {"merchant_id":"1499456762","key":"","authCode":"134724173759095394","order_sn":"2018061516055340973","price":56}

2018-06-15 16:06:17 {"merchant_id":"1499456762","key":"","authCode":"134781743284929814","order_sn":"2018061516061751766","price":20}

2018-06-15 16:14:58 {"merchant_id":"1499456762","key":"","authCode":"134737477545952104","order_sn":"2018061516145870549","price":34}

2018-06-15 16:24:29 {"merchant_id":"1499456762","key":"","authCode":"134584075041187833","order_sn":"2018061516242989136","price":200}

2018-06-15 16:24:39 {"merchant_id":"1499456762","key":"","authCode":"134722706149168184","order_sn":"2018061516243966500","price":5}

2018-06-15 16:27:18 {"merchant_id":"1499456762","key":"","authCode":"134633757543534951","order_sn":"2018061516271874807","price":128}

2018-06-15 16:34:46 {"merchant_id":"1499456762","key":"","authCode":"134820358246088879","order_sn":"2018061516344630706","price":29}

2018-06-15 16:35:32 {"merchant_id":"1499456762","key":"","authCode":"135213461810847331","order_sn":"2018061516353298790","price":9}

2018-06-15 16:46:41 {"merchant_id":"1499456762","key":"","authCode":"134651418960727578","order_sn":"2018061516464183194","price":17}

2018-06-15 16:47:12 {"merchant_id":"1499456762","key":"","authCode":"134661552685186130","order_sn":"2018061516471225641","price":17}

2018-06-15 16:51:12 {"merchant_id":"1490350062","key":"","authCode":"134595005430238432","order_sn":"2018061516511276442","price":200}

2018-06-15 16:54:22 {"merchant_id":"1499456762","key":"","authCode":"135189484699303535","order_sn":"2018061516542232055","price":15}

2018-06-15 16:56:18 {"merchant_id":"1499456762","key":"","authCode":"135333279170865361","order_sn":"2018061516561822857","price":38}

2018-06-15 17:00:02 {"merchant_id":"1499456762","key":"","authCode":"134635807456236459","order_sn":"2018061517000261087","price":25}

2018-06-15 17:01:32 {"merchant_id":"1499456762","key":"","authCode":"134767785917740859","order_sn":"2018061517013268953","price":198}

2018-06-15 17:04:42 {"merchant_id":"1499456762","key":"","authCode":"134504434002051955","order_sn":"2018061517044260951","price":25}

2018-06-15 17:07:34 {"merchant_id":"1499456762","key":"","authCode":"135117474213446610","order_sn":"2018061517073483239","price":12}

2018-06-15 17:12:20 {"merchant_id":"1499456762","key":"","authCode":"134744243655042398","order_sn":"2018061517122091796","price":35}

2018-06-15 17:13:15 {"merchant_id":"1499456762","key":"","authCode":"135233347131791659","order_sn":"2018061517131571209","price":4}

2018-06-15 17:25:02 {"merchant_id":"1499456762","key":"","authCode":"134806940205758582","order_sn":"2018061517250294892","price":9}

2018-06-15 17:29:39 {"merchant_id":"1499456762","key":"","authCode":"135029784750935236","order_sn":"2018061517293964293","price":34}

2018-06-15 17:29:56 {"merchant_id":"1499456762","key":"","authCode":"134963730035325945","order_sn":"2018061517295657301","price":4}

2018-06-15 17:38:31 {"merchant_id":"1499456762","key":"","authCode":"134702063818359871","order_sn":"2018061517383125749","price":20}

2018-06-15 17:40:52 {"merchant_id":"1499456762","key":"","authCode":"134783278652785730","order_sn":"2018061517405218701","price":22}

2018-06-15 17:43:54 {"merchant_id":"1499456762","key":"","authCode":"134990212352094507","order_sn":"2018061517435470146","price":40}

2018-06-15 17:48:23 {"merchant_id":"1499456762","key":"","authCode":"134613617349367158","order_sn":"2018061517482332704","price":300}

2018-06-15 17:49:51 {"merchant_id":"1499456762","key":"","authCode":"135150243752234372","order_sn":"2018061517495195684","price":35}

2018-06-15 17:53:10 {"merchant_id":"1499456762","key":"","authCode":"134777188642349830","order_sn":"2018061517531093676","price":132}

2018-06-15 17:58:21 {"merchant_id":"1499456762","key":"","authCode":"134574605586616751","order_sn":"2018061517582113902","price":28}

2018-06-15 18:08:14 {"merchant_id":"1499456762","key":"","authCode":"134648320618783389","order_sn":"2018061518081465645","price":20}

2018-06-15 18:08:24 {"merchant_id":"1499456762","key":"","authCode":"134637985797223197","order_sn":"2018061518082471900","price":24}

2018-06-15 18:11:34 {"merchant_id":"1499456762","key":"","authCode":"134943936666525500","order_sn":"2018061518113444693","price":13.5}

2018-06-15 18:33:00 {"merchant_id":"1499456762","key":"","authCode":"134611408806288934","order_sn":"2018061518330056204","price":12}

2018-06-15 18:41:06 {"merchant_id":"1499456762","key":"","authCode":"134892359001876954","order_sn":"2018061518410615731","price":43.5}

2018-06-15 18:47:00 {"merchant_id":"1499456762","key":"","authCode":"134738886059611335","order_sn":"2018061518470044948","price":9}

2018-06-15 18:48:31 {"merchant_id":"1499456762","key":"","authCode":"134563386665457945","order_sn":"2018061518483177160","price":24}

2018-06-15 19:04:04 {"merchant_id":"1499456762","key":"","authCode":"134519323038036809","order_sn":"2018061519040459618","price":128}

2018-06-15 19:19:27 {"merchant_id":"1490350062","key":"","authCode":"135254188106843548","order_sn":"2018061519192794398","price":7}

2018-06-15 19:19:47 {"merchant_id":"1499456762","key":"","authCode":"134580484575444982","order_sn":"2018061519194737336","price":7.5}

2018-06-15 19:22:40 {"merchant_id":"1499456762","key":"","authCode":"134864065406721798","order_sn":"2018061519224028109","price":15}

2018-06-15 19:23:48 {"merchant_id":"1499456762","key":"","authCode":"135029642313613960","order_sn":"2018061519234882737","price":200}

2018-06-15 19:32:31 {"merchant_id":"1499456762","key":"","authCode":"134972417271353841","order_sn":"2018061519323182378","price":22}

2018-06-15 19:32:38 {"merchant_id":"1499456762","key":"","authCode":"135136180081209909","order_sn":"2018061519323829454","price":7}

2018-06-15 19:36:31 {"merchant_id":"1499456762","key":"","authCode":"135298875012984976","order_sn":"2018061519363124607","price":200}

2018-06-15 19:38:35 {"merchant_id":"1499456762","key":"","authCode":"134929046134358249","order_sn":"2018061519383585964","price":26}

2018-06-15 19:53:05 {"merchant_id":"1499456762","key":"","authCode":"134759755030936108","order_sn":"2018061519530531650","price":20}

2018-06-15 19:56:11 {"merchant_id":"1499456762","key":"","authCode":"134513182978091924","order_sn":"2018061519561124777","price":21}

2018-06-15 19:57:34 {"merchant_id":"1499456762","key":"","authCode":"134785959658362052","order_sn":"2018061519573471628","price":7}

2018-06-15 19:59:15 {"merchant_id":"1499456762","key":"","authCode":"134735940468427591","order_sn":"2018061519591530993","price":142}

2018-06-15 20:08:47 {"merchant_id":"1499456762","key":"","authCode":"134844221261114663","order_sn":"2018061520084798061","price":200}

2018-06-15 20:28:30 {"merchant_id":"1499456762","key":"","authCode":"134642461434118600","order_sn":"2018061520283069477","price":23}

2018-06-15 20:29:39 {"merchant_id":"1499456762","key":"","authCode":"134677379261818997","order_sn":"2018061520293912050","price":17}

2018-06-15 20:32:24 {"merchant_id":"1499456762","key":"","authCode":"134605034427381067","order_sn":"2018061520322417193","price":15}

2018-06-15 20:34:06 {"merchant_id":"1499456762","key":"","authCode":"134952223730203408","order_sn":"2018061520340581642","price":96}

2018-06-15 20:36:22 {"merchant_id":"1499456762","key":"","authCode":"134965470091388702","order_sn":"2018061520362229821","price":12}

2018-06-15 20:38:17 {"merchant_id":"1499456762","key":"","authCode":"134818790255045673","order_sn":"2018061520381787245","price":15}

2018-06-15 20:41:27 {"merchant_id":"1499456762","key":"","authCode":"134560232704783162","order_sn":"2018061520412753517","price":19}

2018-06-15 20:43:22 {"merchant_id":"1499456762","key":"","authCode":"134613659554335665","order_sn":"2018061520432260754","price":20}

2018-06-15 20:44:38 {"merchant_id":"1499456762","key":"","authCode":"134607724294139698","order_sn":"2018061520443839666","price":50.5}

2018-06-15 20:45:59 {"merchant_id":"1499456762","key":"","authCode":"135232815718982401","order_sn":"2018061520455912585","price":15}

2018-06-15 20:52:51 {"merchant_id":"1490350062","key":"","authCode":"134912926210650318","order_sn":"2018061520525116081","price":300}

2018-06-15 20:58:28 {"merchant_id":"1499456762","key":"","authCode":"134938268974653231","order_sn":"2018061520582820517","price":7}

2018-06-15 21:10:50 {"merchant_id":"1499456762","key":"","authCode":"134636923910842427","order_sn":"2018061521105018753","price":23}

2018-06-15 21:12:28 {"merchant_id":"1490350062","key":"","authCode":"134838048771368206","order_sn":"2018061521122863897","price":300}

2018-06-15 21:12:45 {"merchant_id":"1499456762","key":"","authCode":"135230103607931498","order_sn":"2018061521124591367","price":8}

2018-06-15 21:20:58 {"merchant_id":"1499456762","key":"","authCode":"135128244291369915","order_sn":"2018061521205856761","price":9}

2018-06-15 21:21:20 {"merchant_id":"1499456762","key":"","authCode":"134636961129279929","order_sn":"2018061521212026706","price":9}

2018-06-15 21:26:30 {"merchant_id":"1499456762","key":"","authCode":"134890203726591247","order_sn":"2018061521263051079","price":9}

2018-06-15 21:29:10 {"merchant_id":"1499456762","key":"","authCode":"134623380208039932","order_sn":"2018061521291092309","price":50}

2018-06-15 21:29:54 {"merchant_id":"1499456762","key":"","authCode":"134711778852331410","order_sn":"2018061521295431316","price":49}

2018-06-15 21:46:17 {"merchant_id":"1499456762","key":"","authCode":"134653443334629368","order_sn":"2018061521461734760","price":23}

2018-06-15 22:43:14 {"merchant_id":"1499456762","key":"","authCode":"134942702761699703","order_sn":"2018061522431412819","price":15}

2018-06-15 22:55:46 {"merchant_id":"1490350062","key":"","authCode":"134747889749215815","order_sn":"2018061522554632624","price":100}

2018-06-15 23:14:01 {"merchant_id":"2088822285099072","key":"201710BBaa55e11a995b41488709d94fe3bfbX07","authCode":"283355031991457052","order_sn":"2018061523140169673","price":300}

2018-06-15 23:14:01 {"app_id":"2017071207730667","method":"alipay.trade.pay","charset":"utf-8","sign_type":"RSA","app_auth_token":"201710BBaa55e11a995b41488709d94fe3bfbX07","timestamp":"2018-06-15 23:14:01","version":"1.0","biz_content":"{\"out_trade_no\":\"2018061523140169673\",\"scene\":\"bar_code\",\"auth_code\":\"283355031991457052\",\"subject\":\"\\u8ba2\\u5355\\u53f7:2018061523140169673\",\"seller_id\":\"2088822285099072\",\"total_amount\":300,\"extend_params\":{\"sys_service_provider_id\":\"2088721521881652\"}}","sign":"Rt9DT2LoUp6InmL+SF6chWwbxBdOuRbPIvlOrjr\/7\/YTchMhbBjpOQ5cK3JPwU8L\/eSS67TQeTypqBySjUF\/g9dW\/MNJ1KBbb4xRINqqcrXT7SEp6Cx6QoPaIwMfQFux11WK4UcgqTtfLeCt\/3LqpO+qVa4t1oSpTuaMEwGxzBA="}

2018-06-15 23:14:02 {"alipay_trade_pay_response":{"code":"10000","msg":"Success","buyer_logon_id":"875***@qq.com","buyer_pay_amount":"300.00","buyer_user_id":"2088102000382064","fund_bill_list":[{"amount":"300.00","fund_channel":"PCREDIT"}],"gmt_payment":"2018-06-15 23:14:02","invoice_amount":"300.00","out_trade_no":"2018061523140169673","point_amount":"0.00","receipt_amount":"300.00","total_amount":"300.00","trade_no":"2018061521001004060519625847"},"sign":"kHpKt5pcOj0rWGb1foKDxujP0yEPx94v6nzkWANgsoD69QdKbuwBP5q1c9bZZPTgdHuV+5En+QteBqzEiKymEA0125BJfORIhsLymNQFHSZ6w2ukDJZ2AOpdc6AWGT9A5ipznWfur7pj9iAHazfbbY0kSL6dnQeOeh6bP3p86is="}

2018-06-15 23:45:02 {"merchant_id":"1490350062","key":"","authCode":"134605351226688394","order_sn":"2018061523450251729","price":300}

