2018-04-18 01:22:49 {"merchant_id":"2088822285099072","key":"201710BBaa55e11a995b41488709d94fe3bfbX07","authCode":"285147169733759006","order_sn":"2018041801224933166","price":2000}

2018-04-18 01:22:49 {"app_id":"2017071207730667","method":"alipay.trade.pay","charset":"utf-8","sign_type":"RSA","app_auth_token":"201710BBaa55e11a995b41488709d94fe3bfbX07","timestamp":"2018-04-18 01:22:49","version":"1.0","biz_content":"{\"out_trade_no\":\"2018041801224933166\",\"scene\":\"bar_code\",\"auth_code\":\"285147169733759006\",\"subject\":\"\\u8ba2\\u5355\\u53f7:2018041801224933166\",\"seller_id\":\"2088822285099072\",\"total_amount\":2000,\"extend_params\":{\"sys_service_provider_id\":\"2088721521881652\"}}","sign":"De01K11cmmh9vYw\/abUCRiMfQkIc7HGNFaIYPD7YPgAdx897zDQ+LR+o2W0ZbWkiOUZ9Tokslam7N\/zyCwhN+XxOgJfHVWM3tmCX9KFmINuX3vYzi3VYgIORutzUBNlcEwQiQnWEi5vrX4MF0aVhS5jXN\/benFGHMjUOlvrXFSw="}

2018-04-18 01:22:49 {"alipay_trade_pay_response":{"code":"10003","msg":" order success pay inprocess","buyer_logon_id":"ain***@sohu.com","buyer_pay_amount":"0.00","buyer_user_id":"2088302236010294","invoice_amount":"0.00","out_trade_no":"2018041801224933166","point_amount":"0.00","receipt_amount":"0.00","total_amount":"2000.00","trade_no":"2018041821001004290553788000"},"sign":"sIZM1j85Ba3ulgVao+c+4xypj7nGAgy2wS8FGsWzytH0MdNwEEyQ8YxC0jspCvJp7ZWYmJzcbSlocDP+8gSKYgwKBnxR+/ynQY5cp2g7CVxP36vkxahI90P3n3S/MKgIBWAcaqR3JgLCKnCYdsxdVJL+68A14XDX9ed0j2fqhx8="}

2018-04-18 01:22:49 {"alipay_trade_query_response":{"code":"10000","msg":"Success","buyer_logon_id":"ain***@sohu.com","buyer_pay_amount":"0.00","buyer_user_id":"2088302236010294","invoice_amount":"0.00","out_trade_no":"2018041801224933166","point_amount":"0.00","receipt_amount":"0.00","total_amount":"2000.00","trade_no":"2018041821001004290553788000","trade_status":"WAIT_BUYER_PAY"},"sign":"UhqrKhjDmL78MCmWTlceUqdg6arFjvUEU+S/zpWTIABXSJRRWMZIdscSGblJXK2R6w9vKaUpEzq7sQbzF000xnRJxArcTM8p4zXTMYkZZEHM3wYRkykK+iCAEM4eyYBCLrjRT1WSSYAu0grj76UpIhZ+828jskAiDMwrIKq/ZgU="}

2018-04-18 01:22:53 {"alipay_trade_query_response":{"code":"10000","msg":"Success","buyer_logon_id":"ain***@sohu.com","buyer_pay_amount":"0.00","buyer_user_id":"2088302236010294","invoice_amount":"0.00","out_trade_no":"2018041801224933166","point_amount":"0.00","receipt_amount":"0.00","total_amount":"2000.00","trade_no":"2018041821001004290553788000","trade_status":"WAIT_BUYER_PAY"},"sign":"UhqrKhjDmL78MCmWTlceUqdg6arFjvUEU+S/zpWTIABXSJRRWMZIdscSGblJXK2R6w9vKaUpEzq7sQbzF000xnRJxArcTM8p4zXTMYkZZEHM3wYRkykK+iCAEM4eyYBCLrjRT1WSSYAu0grj76UpIhZ+828jskAiDMwrIKq/ZgU="}

2018-04-18 01:22:57 {"alipay_trade_query_response":{"code":"10000","msg":"Success","buyer_logon_id":"ain***@sohu.com","buyer_pay_amount":"0.00","buyer_user_id":"2088302236010294","invoice_amount":"0.00","out_trade_no":"2018041801224933166","point_amount":"0.00","receipt_amount":"0.00","total_amount":"2000.00","trade_no":"2018041821001004290553788000","trade_status":"WAIT_BUYER_PAY"},"sign":"UhqrKhjDmL78MCmWTlceUqdg6arFjvUEU+S/zpWTIABXSJRRWMZIdscSGblJXK2R6w9vKaUpEzq7sQbzF000xnRJxArcTM8p4zXTMYkZZEHM3wYRkykK+iCAEM4eyYBCLrjRT1WSSYAu0grj76UpIhZ+828jskAiDMwrIKq/ZgU="}

2018-04-18 01:23:02 {"alipay_trade_query_response":{"code":"10000","msg":"Success","buyer_logon_id":"ain***@sohu.com","buyer_pay_amount":"2000.00","buyer_user_id":"2088302236010294","fund_bill_list":[{"amount":"2000.00","fund_channel":"PCREDIT"}],"invoice_amount":"2000.00","out_trade_no":"2018041801224933166","point_amount":"0.00","receipt_amount":"2000.00","send_pay_date":"2018-04-18 01:23:01","total_amount":"2000.00","trade_no":"2018041821001004290553788000","trade_status":"TRADE_SUCCESS"},"sign":"AC3q3ALXmP+iTuMWAk12TjL8TIifWtktPCsSAjAU805wAESk47pSqM/Me/h3YHWYsIr8ik56H/DXO3aHV9aL84GY/lkuueZuZU5BCx74WEDEowpkhHhu7VwCzaDqHaRY/1pD3bCW7jlDrxMDvSq79IZKSa/KHAbpROc1qB5WSqA="}

2018-04-18 07:06:02 {"merchant_id":"2088821827997030","key":"201711BBc699bef5cde842dba6fa5c6bdc706A03","authCode":"283829644025429214","order_sn":"2018041807060246036","price":80}

2018-04-18 07:06:02 {"app_id":"2017071207730667","method":"alipay.trade.pay","charset":"utf-8","sign_type":"RSA","app_auth_token":"201711BBc699bef5cde842dba6fa5c6bdc706A03","timestamp":"2018-04-18 07:06:02","version":"1.0","biz_content":"{\"out_trade_no\":\"2018041807060246036\",\"scene\":\"bar_code\",\"auth_code\":\"283829644025429214\",\"subject\":\"\\u8ba2\\u5355\\u53f7:2018041807060246036\",\"seller_id\":\"2088821827997030\",\"total_amount\":80,\"extend_params\":{\"sys_service_provider_id\":\"2088721521881652\"}}","sign":"NtQHLYV0PgT9ap0h5eXWTtYD26fREKWFxCsrEGdvLnd9enKibxPlVGPl1Lpdx1\/pYHjlZonB5TSK2eJ0OF4Ro2XTs8A1w8M3Vp3VS2Bu12EF9o936n2uNUQRYrXz56uoTSMimgiGPvgzVo+4xIspbJS7TrCTUtnmzAaCcuCBiu8="}

2018-04-18 07:06:03 {"alipay_trade_pay_response":{"code":"10000","msg":"Success","buyer_logon_id":"187****7311","buyer_pay_amount":"80.00","buyer_user_id":"2088512510806235","fund_bill_list":[{"amount":"80.00","fund_channel":"ALIPAYACCOUNT"}],"gmt_payment":"2018-04-18 07:06:03","invoice_amount":"80.00","out_trade_no":"2018041807060246036","point_amount":"0.00","receipt_amount":"80.00","total_amount":"80.00","trade_no":"2018041821001004230576097702"},"sign":"R6Lpf5gnCEfCjN5X0eOhB0PPi65jgW6dOhcZAUkr1Ive4El+sgBvckFM4r4YNf06S4QQAhblfCfw05seEcfN7f/CZ9V2jj5t/O9UMmD+WLnsF1xWn4iiinG8tSYgvQJl1tUX6znpI+kHZ8n6Rxj8WE/r1LaOiRTz1MTBxC1hTjQ="}

2018-04-18 08:38:53 {"merchant_id":"1493159782","key":"","authCode":"135009042741678318","order_sn":"2018041808385385715","price":200}

2018-04-18 09:21:35 {"merchant_id":"1499456762","key":"","authCode":"135043256607572201","order_sn":"2018041809213512575","price":15}

2018-04-18 09:40:05 {"merchant_id":"1499456762","key":"","authCode":"134878410394454412","order_sn":"2018041809400546368","price":10}

2018-04-18 10:21:41 {"merchant_id":"1499456762","key":"","authCode":"134597306952806618","order_sn":"2018041810214126014","price":6}

2018-04-18 10:27:16 {"merchant_id":"1499456762","key":"","authCode":"135850134356284295","order_sn":"2018041810271619604","price":58}

2018-04-18 10:29:07 {"merchant_id":"1499456762","key":"","authCode":"134645149215313588","order_sn":"2018041810290755624","price":37}

2018-04-18 10:36:28 {"merchant_id":"1499456762","key":"","authCode":"134714859501561231","order_sn":"2018041810362817203","price":11}

2018-04-18 10:37:56 {"merchant_id":"1499456762","key":"","authCode":"135140738712429772","order_sn":"2018041810375664666","price":27}

2018-04-18 10:44:37 {"merchant_id":"1499456762","key":"","authCode":"134587099829410969","order_sn":"2018041810443631221","price":128}

2018-04-18 10:50:47 {"merchant_id":"1499456762","key":"","authCode":"134966977688013665","order_sn":"2018041810504735492","price":9}

2018-04-18 10:55:09 {"merchant_id":"1499456762","key":"","authCode":"134906639745341810","order_sn":"2018041810550979344","price":9}

2018-04-18 11:00:42 {"merchant_id":"1499456762","key":"","authCode":"134934743947723847","order_sn":"2018041811004240388","price":8}

2018-04-18 11:04:51 {"merchant_id":"1499456762","key":"","authCode":"134896333681235296","order_sn":"2018041811045118599","price":14}

2018-04-18 11:18:36 {"merchant_id":"1499456762","key":"","authCode":"134974579378737209","order_sn":"2018041811183665327","price":15}

2018-04-18 11:29:45 {"merchant_id":"1499456762","key":"","authCode":"135592979415636134","order_sn":"2018041811294534462","price":24}

2018-04-18 11:32:25 {"merchant_id":"1499456762","key":"","authCode":"134513219400189643","order_sn":"2018041811322524083","price":6}

2018-04-18 11:46:24 {"merchant_id":"1499456762","key":"","authCode":"134759308355355377","order_sn":"2018041811462467569","price":12}

2018-04-18 12:02:42 {"merchant_id":"1499456762","key":"","authCode":"135013921026418670","order_sn":"2018041812024274033","price":17}

2018-04-18 12:18:35 {"merchant_id":"1499456762","key":"","authCode":"134660388739190474","order_sn":"2018041812183587417","price":15}

2018-04-18 12:29:44 {"merchant_id":"1490350062","key":"","authCode":"134577618856052508","order_sn":"2018041812294438535","price":300}

2018-04-18 12:35:19 {"merchant_id":"2088822285099072","key":"201710BBaa55e11a995b41488709d94fe3bfbX07","authCode":"286653945498412630","order_sn":"2018041812351942368","price":158}

2018-04-18 12:35:19 {"app_id":"2017071207730667","method":"alipay.trade.pay","charset":"utf-8","sign_type":"RSA","app_auth_token":"201710BBaa55e11a995b41488709d94fe3bfbX07","timestamp":"2018-04-18 12:35:19","version":"1.0","biz_content":"{\"out_trade_no\":\"2018041812351942368\",\"scene\":\"bar_code\",\"auth_code\":\"286653945498412630\",\"subject\":\"\\u8ba2\\u5355\\u53f7:2018041812351942368\",\"seller_id\":\"2088822285099072\",\"total_amount\":158,\"extend_params\":{\"sys_service_provider_id\":\"2088721521881652\"}}","sign":"JGZwcwRnBnpCGNXHBjs3lNRBDzKjjOag\/G0wWlx+0fFHtknEIgYP+buWsuslHdIOYP0h2a50iGHkxfdEy39FUSMrfh9Z1Qwuvr8TJj5CtqzBown0bWvF+pqEZu7ne8Xz2lsaXiHTz2T8Gs0uGPohsgbezo8DnJC9JLq7y32MKH4="}

2018-04-18 12:35:21 {"alipay_trade_pay_response":{"code":"10000","msg":"Success","buyer_logon_id":"181****9263","buyer_pay_amount":"158.00","buyer_user_id":"2088522763148181","fund_bill_list":[{"amount":"158.00","fund_channel":"ALIPAYACCOUNT"}],"gmt_payment":"2018-04-18 12:35:21","invoice_amount":"158.00","out_trade_no":"2018041812351942368","point_amount":"0.00","receipt_amount":"158.00","total_amount":"158.00","trade_no":"2018041821001004180559508274"},"sign":"aTsA/OczPlpmxzxZQ1WLblOG6RGdxB9t/BcWn6XICR93rQyQ75dnwMxiRmMxe661+vGZfpnYVBec0Odj0K3YqNqFt1XdIV2n5erH6IiKDf1/ZFmUVCm77izc3Qe0GLhrVQYpZzFNKEENYm5oaMc9gyLIpDQXFVxsijYFHv6rE7c="}

2018-04-18 12:45:00 {"merchant_id":"1499456762","key":"","authCode":"134512733433458554","order_sn":"2018041812450012344","price":13.5}

2018-04-18 12:46:03 {"merchant_id":"1490350062","key":"","authCode":"134747267944888594","order_sn":"2018041812460349067","price":200}

2018-04-18 12:51:40 {"merchant_id":"1499456762","key":"","authCode":"134718347827115243","order_sn":"2018041812514063987","price":10}

2018-04-18 13:31:16 {"merchant_id":"1499456762","key":"","authCode":"134569958293511258","order_sn":"2018041813311666070","price":21}

2018-04-18 13:46:51 {"merchant_id":"1499456762","key":"","authCode":"134702514791787707","order_sn":"2018041813465130699","price":18}

2018-04-18 13:59:36 {"merchant_id":"1499456762","key":"","authCode":"134709176779041985","order_sn":"2018041813593619822","price":15}

2018-04-18 14:25:43 {"merchant_id":"1499456762","key":"","authCode":"134670299419351222","order_sn":"2018041814254326556","price":20}

2018-04-18 14:40:27 {"merchant_id":"1499456762","key":"","authCode":"134629474189085791","order_sn":"2018041814402794948","price":200}

2018-04-18 14:44:36 {"merchant_id":"1499456762","key":"","authCode":"134513704820005993","order_sn":"2018041814443658971","price":6.5}

2018-04-18 14:52:20 {"merchant_id":"1499456762","key":"","authCode":"134901099644980542","order_sn":"2018041814522062932","price":20}

2018-04-18 14:59:32 {"merchant_id":"1499456762","key":"","authCode":"134648184476535841","order_sn":"2018041814593279865","price":3}

2018-04-18 15:06:00 {"merchant_id":"1499456762","key":"","authCode":"134672867831111566","order_sn":"2018041815060076395","price":198}

2018-04-18 15:19:15 {"merchant_id":"1490350062","key":"","authCode":"134974344368283275","order_sn":"2018041815191521918","price":200}

2018-04-18 15:32:48 {"merchant_id":"1499456762","key":"","authCode":"134559559557338390","order_sn":"2018041815324891430","price":128}

2018-04-18 15:34:32 {"merchant_id":"2088821827997030","key":"201711BBc699bef5cde842dba6fa5c6bdc706A03","authCode":"285480654419609584","order_sn":"2018041815343288940","price":800}

2018-04-18 15:34:32 {"app_id":"2017071207730667","method":"alipay.trade.pay","charset":"utf-8","sign_type":"RSA","app_auth_token":"201711BBc699bef5cde842dba6fa5c6bdc706A03","timestamp":"2018-04-18 15:34:32","version":"1.0","biz_content":"{\"out_trade_no\":\"2018041815343288940\",\"scene\":\"bar_code\",\"auth_code\":\"285480654419609584\",\"subject\":\"\\u8ba2\\u5355\\u53f7:2018041815343288940\",\"seller_id\":\"2088821827997030\",\"total_amount\":800,\"extend_params\":{\"sys_service_provider_id\":\"2088721521881652\"}}","sign":"Xldym0sueTFvBoYtRH\/ps1lWncUHacpmD\/\/vHNl4PoPjX0ZiYlUOYSgyuxbzebqEkUEvijxi8dJR3eUZtpQ3Y2T7NeDjsaiTS4V8nxeZIHfwbk+nXW96wAOUv5VRB0fMhTKq533\/rsg0irEKm1xyBybE1zwLArKWFZPf9gdMdmE="}

2018-04-18 15:34:33 {"alipay_trade_pay_response":{"code":"10000","msg":"Success","buyer_logon_id":"136****1325","buyer_pay_amount":"800.00","buyer_user_id":"2088222051894472","fund_bill_list":[{"amount":"0.02","fund_channel":"COUPON"},{"amount":"799.98","fund_channel":"ALIPAYACCOUNT"}],"gmt_payment":"2018-04-18 15:34:33","invoice_amount":"799.98","out_trade_no":"2018041815343288940","point_amount":"0.02","receipt_amount":"800.00","total_amount":"800.00","trade_no":"2018041821001004470586247618"},"sign":"AVcKXGxn1JI0h+IfRv0IaCTrd9PnmfN/tVAL78T7QCh92Jb24KU87CvstZqBtGxsKM3IZBPpcTzvl0FYXu6Ae4s/sab+JdyeNPwhezEcO2Wf/vyLAWU3WGWz7Us/aMuwrS1TUGb8c4PtgAivKuhTCOnCNc0HeuyNDk/+esknbGI="}

2018-04-18 15:50:59 {"merchant_id":"1490350062","key":"","authCode":"134562415961986462","order_sn":"2018041815505994280","price":100}

2018-04-18 16:05:00 {"merchant_id":"1499456762","key":"","authCode":"134638363796277059","order_sn":"2018041816050085264","price":12}

2018-04-18 16:05:58 {"merchant_id":"1499456762","key":"","authCode":"135620701868913596","order_sn":"2018041816055817085","price":17}

2018-04-18 16:07:59 {"merchant_id":"1499456762","key":"","authCode":"134673464256410349","order_sn":"2018041816075992481","price":128}

2018-04-18 16:08:23 {"merchant_id":"1499456762","key":"","authCode":"135190150270276856","order_sn":"2018041816082346180","price":12}

2018-04-18 16:15:37 {"merchant_id":"1499456762","key":"","authCode":"134657783432202526","order_sn":"2018041816153764901","price":34}

2018-04-18 16:29:37 {"merchant_id":"1499456762","key":"","authCode":"134541189579125744","order_sn":"2018041816293738889","price":24}

2018-04-18 16:30:04 {"merchant_id":"2088822285099072","key":"201710BBaa55e11a995b41488709d94fe3bfbX07","authCode":"280401951164581061","order_sn":"2018041816300490604","price":138}

2018-04-18 16:30:04 {"app_id":"2017071207730667","method":"alipay.trade.pay","charset":"utf-8","sign_type":"RSA","app_auth_token":"201710BBaa55e11a995b41488709d94fe3bfbX07","timestamp":"2018-04-18 16:30:04","version":"1.0","biz_content":"{\"out_trade_no\":\"2018041816300490604\",\"scene\":\"bar_code\",\"auth_code\":\"280401951164581061\",\"subject\":\"\\u8ba2\\u5355\\u53f7:2018041816300490604\",\"seller_id\":\"2088822285099072\",\"total_amount\":138,\"extend_params\":{\"sys_service_provider_id\":\"2088721521881652\"}}","sign":"QKpGdI67eQi4VudsZIfBuQ5e1LbTC6btGiK8itTp78YlHTGLOCdNbSvUtrUv7W5pXQwhjKcJfh6d1lhXIfGv+mbCTQlxmq4nPlweP7yjAi6NxV3RQ4jRWxSr1Bvrgw7wvOpBqT0u0S8pCmDrdFI1vJwFcK9KsRy9oQzFOQGwExs="}

2018-04-18 16:30:05 {"alipay_trade_pay_response":{"code":"10000","msg":"Success","buyer_logon_id":"125***@qq.com","buyer_pay_amount":"138.00","buyer_user_id":"2088112284683524","fund_bill_list":[{"amount":"138.00","fund_channel":"ALIPAYACCOUNT"}],"gmt_payment":"2018-04-18 16:30:05","invoice_amount":"138.00","out_trade_no":"2018041816300490604","point_amount":"0.00","receipt_amount":"138.00","total_amount":"138.00","trade_no":"2018041821001004520515935554"},"sign":"pdIp6ZtvLNJ00p+D7/0mhXVBdGOX+/YDXTxVwuXdGMtC4bpjzBwoEFEtQ4U2BiBe3ZZoH7Zwe8T1HlW/AZJN52IrWzKhs395P0f0YDF46X0Fz4ZHOu2Cv3lUIRLW3yUhtYgV25/O58vAvvPuWGk5vSZ/6JcI1u7raAh3krSPhfk="}

2018-04-18 16:37:01 {"merchant_id":"1499456762","key":"","authCode":"134512546712384204","order_sn":"2018041816370191087","price":12}

2018-04-18 16:37:26 {"merchant_id":"1499456762","key":"","authCode":"134712821420838283","order_sn":"2018041816372613960","price":48}

2018-04-18 16:46:06 {"merchant_id":"1499456762","key":"","authCode":"134821297280101953","order_sn":"2018041816460624490","price":36}

2018-04-18 16:55:11 {"merchant_id":"1499456762","key":"","authCode":"134589483492755197","order_sn":"2018041816551185390","price":6}

2018-04-18 16:56:07 {"merchant_id":"1499456762","key":"","authCode":"134695013823695045","order_sn":"2018041816560793417","price":21}

2018-04-18 16:56:35 {"merchant_id":"1499456762","key":"","authCode":"134688251167864466","order_sn":"2018041816563588257","price":20}

2018-04-18 16:57:14 {"merchant_id":"1499456762","key":"","authCode":"134872338064474744","order_sn":"2018041816571494251","price":27}

2018-04-18 16:57:20 {"merchant_id":"1499456762","key":"","authCode":"135030957274528471","order_sn":"2018041816572096753","price":25}

2018-04-18 16:58:29 {"merchant_id":"1499456762","key":"","authCode":"134667054231771349","order_sn":"2018041816582959565","price":9}

2018-04-18 17:06:32 {"merchant_id":"1490350062","key":"","authCode":"134792501210997804","order_sn":"2018041817063220055","price":200}

2018-04-18 17:10:37 {"merchant_id":"1499456762","key":"","authCode":"134691942955895829","order_sn":"2018041817103758136","price":8}

2018-04-18 17:16:52 {"merchant_id":"1499456762","key":"","authCode":"134508973528101021","order_sn":"2018041817165216007","price":11}

2018-04-18 17:17:53 {"merchant_id":"1499456762","key":"","authCode":"134615992420644226","order_sn":"2018041817175399079","price":15}

2018-04-18 17:18:33 {"merchant_id":"1499456762","key":"","authCode":"134661082132176645","order_sn":"2018041817183386959","price":19}

2018-04-18 17:23:10 {"merchant_id":"1499456762","key":"","authCode":"134649922989546098","order_sn":"2018041817231069890","price":13}

2018-04-18 17:23:46 {"merchant_id":"1499456762","key":"","authCode":"135004250460220986","order_sn":"2018041817234615442","price":8}

2018-04-18 17:26:04 {"merchant_id":"1499456762","key":"","authCode":"134639200839911551","order_sn":"2018041817260476940","price":24}

2018-04-18 17:45:14 {"merchant_id":"1499456762","key":"","authCode":"134528328790436309","order_sn":"2018041817451493997","price":20}

2018-04-18 18:02:37 {"merchant_id":"1499456762","key":"","authCode":"134788720728324616","order_sn":"2018041818023735739","price":17}

2018-04-18 18:07:48 {"merchant_id":"1499456762","key":"","authCode":"135337787552348120","order_sn":"2018041818074888313","price":31}

2018-04-18 18:10:35 {"merchant_id":"1499456762","key":"","authCode":"135207878499986420","order_sn":"2018041818103521136","price":25}

2018-04-18 18:29:29 {"merchant_id":"1490350062","key":"","authCode":"134967002587326547","order_sn":"2018041818292942819","price":400}

2018-04-18 18:34:11 {"merchant_id":"1499456762","key":"","authCode":"135010173560326414","order_sn":"2018041818341121087","price":15}

2018-04-18 18:34:35 {"merchant_id":"1499456762","key":"","authCode":"135412536699470171","order_sn":"2018041818343537524","price":33}

2018-04-18 18:37:19 {"merchant_id":"1499456762","key":"","authCode":"134705821875272429","order_sn":"2018041818371972913","price":24}

2018-04-18 18:40:35 {"merchant_id":"1499456762","key":"","authCode":"134914122899110950","order_sn":"2018041818403534314","price":19}

2018-04-18 18:48:00 {"merchant_id":"1499456762","key":"","authCode":"134600746599211693","order_sn":"2018041818480069020","price":14}

2018-04-18 18:48:47 {"merchant_id":"1499456762","key":"","authCode":"134742906209086681","order_sn":"2018041818484777253","price":6}

2018-04-18 18:51:41 {"merchant_id":"1499456762","key":"","authCode":"134754911304104696","order_sn":"2018041818514128225","price":222}

2018-04-18 18:56:17 {"merchant_id":"1499456762","key":"","authCode":"134633831703628915","order_sn":"2018041818561731284","price":98}

2018-04-18 18:58:28 {"merchant_id":"1499456762","key":"","authCode":"134857037141471216","order_sn":"2018041818582873346","price":30}

2018-04-18 19:33:57 {"merchant_id":"1499456762","key":"","authCode":"135396647007134761","order_sn":"2018041819335798192","price":16}

2018-04-18 19:35:27 {"merchant_id":"1499456762","key":"","authCode":"134939916606702922","order_sn":"2018041819352772899","price":18}

2018-04-18 19:40:06 {"merchant_id":"1499456762","key":"","authCode":"134983743342896619","order_sn":"2018041819400646711","price":128}

2018-04-18 19:40:56 {"merchant_id":"1499456762","key":"","authCode":"134874839598776133","order_sn":"2018041819405638861","price":24}

2018-04-18 19:42:51 {"merchant_id":"1499456762","key":"","authCode":"134764029734892021","order_sn":"2018041819425150465","price":7}

2018-04-18 19:46:14 {"merchant_id":"1499456762","key":"","authCode":"134507717246524044","order_sn":"2018041819461475016","price":11}

2018-04-18 19:50:07 {"merchant_id":"1499456762","key":"","authCode":"134536507754866557","order_sn":"2018041819500784774","price":35}

2018-04-18 19:51:18 {"merchant_id":"1499456762","key":"","authCode":"134621487466354063","order_sn":"2018041819511858373","price":30}

2018-04-18 20:07:19 {"merchant_id":"1499456762","key":"","authCode":"134743476251698225","order_sn":"2018041820071969731","price":10}

2018-04-18 20:23:23 {"merchant_id":"1499456762","key":"","authCode":"134639579158040224","order_sn":"2018041820232355058","price":52}

2018-04-18 20:26:56 {"merchant_id":"1493159782","key":"","authCode":"134640840154857670","order_sn":"2018041820265648287","price":300}

2018-04-18 20:32:33 {"merchant_id":"1499456762","key":"","authCode":"136003068834931013","order_sn":"2018041820323396549","price":12}

2018-04-18 20:39:39 {"merchant_id":"1499456762","key":"","authCode":"134589810505637946","order_sn":"2018041820393923932","price":23}

2018-04-18 20:44:50 {"merchant_id":"1499456762","key":"","authCode":"134559189181427839","order_sn":"2018041820445013891","price":33}

2018-04-18 20:47:14 {"merchant_id":"1499456762","key":"","authCode":"134641357561563902","order_sn":"2018041820471465543","price":20.5}

2018-04-18 20:47:44 {"merchant_id":"1499456762","key":"","authCode":"134645314821919050","order_sn":"2018041820474435634","price":16}

2018-04-18 20:48:07 {"merchant_id":"1499456762","key":"","authCode":"134708486176282336","order_sn":"2018041820480736897","price":6}

2018-04-18 20:48:20 {"merchant_id":"1499456762","key":"","authCode":"134916847619314533","order_sn":"2018041820482086802","price":16}

2018-04-18 20:51:51 {"merchant_id":"1499456762","key":"","authCode":"134519875865219479","order_sn":"2018041820515112640","price":9}

2018-04-18 20:52:43 {"merchant_id":"1499456762","key":"","authCode":"134704724414936484","order_sn":"2018041820524357182","price":84}

2018-04-18 20:54:02 {"merchant_id":"1499456762","key":"","authCode":"134575360961299569","order_sn":"2018041820540266127","price":33}

2018-04-18 20:56:21 {"merchant_id":"1499456762","key":"","authCode":"134596107742999909","order_sn":"2018041820562139745","price":14.5}

2018-04-18 21:01:44 {"merchant_id":"1499456762","key":"","authCode":"134662023812068037","order_sn":"2018041821014493691","price":47}

2018-04-18 21:04:14 {"merchant_id":"1499456762","key":"","authCode":"134850475954378599","order_sn":"2018041821041438962","price":12}

2018-04-18 21:05:46 {"merchant_id":"1499456762","key":"","authCode":"135099858947341122","order_sn":"2018041821054613630","price":28}

2018-04-18 21:08:06 {"merchant_id":"1499456762","key":"","authCode":"135448104665424353","order_sn":"2018041821080641134","price":41.5}

2018-04-18 21:12:07 {"merchant_id":"1499456762","key":"","authCode":"134678686288662332","order_sn":"2018041821120758467","price":6}

2018-04-18 21:15:47 {"merchant_id":"1499456762","key":"","authCode":"134527286590860406","order_sn":"2018041821154719574","price":18}

2018-04-18 21:16:17 {"merchant_id":"1499456762","key":"","authCode":"135587580841372422","order_sn":"2018041821161726715","price":26}

2018-04-18 21:41:47 {"merchant_id":"1499456762","key":"","authCode":"134664077345266803","order_sn":"2018041821414775438","price":23}

2018-04-18 21:50:34 {"merchant_id":"1499456762","key":"","authCode":"134932704077782629","order_sn":"2018041821503429229","price":13}

2018-04-18 21:50:49 {"merchant_id":"1493159782","key":"","authCode":"134562182992919725","order_sn":"2018041821504921101","price":300}

2018-04-18 22:00:00 {"merchant_id":"1490350062","key":"","authCode":"135218201527382337","order_sn":"2018041822000086937","price":300}

2018-04-18 22:58:15 {"merchant_id":"2088822285099072","key":"201710BBaa55e11a995b41488709d94fe3bfbX07","authCode":"282219478153894834","order_sn":"2018041822581558182","price":300}

2018-04-18 22:58:15 {"app_id":"2017071207730667","method":"alipay.trade.pay","charset":"utf-8","sign_type":"RSA","app_auth_token":"201710BBaa55e11a995b41488709d94fe3bfbX07","timestamp":"2018-04-18 22:58:15","version":"1.0","biz_content":"{\"out_trade_no\":\"2018041822581558182\",\"scene\":\"bar_code\",\"auth_code\":\"282219478153894834\",\"subject\":\"\\u8ba2\\u5355\\u53f7:2018041822581558182\",\"seller_id\":\"2088822285099072\",\"total_amount\":300,\"extend_params\":{\"sys_service_provider_id\":\"2088721521881652\"}}","sign":"SSDzG7+s2Y2lupLLGxTfvkVgeMIVhWm11CSLxCJU6W+DRhJkYGG8GUVA3eLfxAs\/HOzFHxgl35xqW5dO\/dVtGOXavOKiZKpz50s1J7d1Jo+RfsLqY4QixjMkjxYXWOT8qarIOXkKj0zCdrPpEDd3HhnfHmyFyzPn7CblhyJj9hM="}

2018-04-18 22:58:16 {"alipay_trade_pay_response":{"code":"10000","msg":"Success","buyer_logon_id":"147****4333","buyer_pay_amount":"300.00","buyer_user_id":"2088512875473358","fund_bill_list":[{"amount":"300.00","fund_channel":"PCREDIT"}],"gmt_payment":"2018-04-18 22:58:16","invoice_amount":"300.00","out_trade_no":"2018041822581558182","point_amount":"0.00","receipt_amount":"300.00","total_amount":"300.00","trade_no":"2018041821001004350578801923"},"sign":"bHHImyYgNUy/428T7fJ3V2F8UtThG0/dAaIYJ9HMTsmhcZZIlDJIuJ2yRrh9f+RBYdAdonpbr6iogNgRFfrCOOW/d9ffGSVSC4Z07WIyI0tXF7dhK2zDwuqm4u2dwvRMoKeWDiCFr+AqM/loQduEyOY8codBiKs1MR9kZAdPguA="}

2018-04-18 23:58:50 {"merchant_id":"1490350062","key":"","authCode":"134783464194439444","order_sn":"2018041823585096657","price":200}

