2018-05-04 01:07:04 {"merchant_id":"1493159782","key":"","authCode":"134883123886305704","order_sn":"2018050401070462268","price":500}

2018-05-04 01:54:13 {"merchant_id":"1490350062","key":"","authCode":"134772340587799264","order_sn":"2018050401541373428","price":300}

2018-05-04 01:54:30 {"merchant_id":"1490350062","key":"","authCode":"134621468415210553","order_sn":"2018050401543067109","price":220}

2018-05-04 01:56:52 {"merchant_id":"1490350062","key":"","authCode":"134990139108998525","order_sn":"2018050401565231817","price":300}

2018-05-04 02:09:21 {"merchant_id":"1490350062","key":"","authCode":"134691518320584964","order_sn":"2018050402092175775","price":300}

2018-05-04 03:10:14 {"merchant_id":"2088822285099072","key":"201710BBaa55e11a995b41488709d94fe3bfbX07","authCode":"287494349370826078","order_sn":"2018050403101484718","price":30}

2018-05-04 03:10:14 {"app_id":"2017071207730667","method":"alipay.trade.pay","charset":"utf-8","sign_type":"RSA","app_auth_token":"201710BBaa55e11a995b41488709d94fe3bfbX07","timestamp":"2018-05-04 03:10:14","version":"1.0","biz_content":"{\"out_trade_no\":\"2018050403101484718\",\"scene\":\"bar_code\",\"auth_code\":\"287494349370826078\",\"subject\":\"\\u8ba2\\u5355\\u53f7:2018050403101484718\",\"seller_id\":\"2088822285099072\",\"total_amount\":30,\"extend_params\":{\"sys_service_provider_id\":\"2088721521881652\"}}","sign":"CJ95+M3GSq40b8+DAIkJSUIvQkwcT9BAMz6komLolvDQqC33aqVbNN+HtGuJerfos7iwhTMOwZHropck9IoBrM3znSEettvpeoTtpSdHKGmOnqNx3jJagRCJW+KJy7b2vCaAz8jAfhYsKphO0RCrpCYUkpGrze6sRHqa10maj6U="}

2018-05-04 03:10:15 {"alipay_trade_pay_response":{"code":"10000","msg":"Success","buyer_logon_id":"136****6661","buyer_pay_amount":"30.00","buyer_user_id":"2088212165413315","fund_bill_list":[{"amount":"30.00","fund_channel":"ALIPAYACCOUNT"}],"gmt_payment":"2018-05-04 03:10:15","invoice_amount":"30.00","out_trade_no":"2018050403101484718","point_amount":"0.00","receipt_amount":"30.00","total_amount":"30.00","trade_no":"2018050421001004310513994454"},"sign":"ExbLRL8GWMEXF9AWeDfETJ7TT7P2n1lQ2vHMq07umKYQtU3UkYpMu70BkF89PyxrUwL2pfh+HTr6nStC2E79tp8yUMnx2/u/DMrNH9D8iYJ7/b2tvMAztcNmzSFmBjPkKnWfRVKF/CGXwVOszXLkwVCRRgnr5ezP5L6nxrlY+UA="}

2018-05-04 07:36:25 {"merchant_id":"1499456762","key":"","authCode":"134729116982349728","order_sn":"2018050407362533667","price":6}

2018-05-04 07:56:28 {"merchant_id":"1499456762","key":"","authCode":"134958589696820563","order_sn":"2018050407562854103","price":7}

2018-05-04 08:39:57 {"merchant_id":"1499456762","key":"","authCode":"134714224517501397","order_sn":"2018050408395761246","price":34}

2018-05-04 08:40:32 {"merchant_id":"1499456762","key":"","authCode":"134610352247095041","order_sn":"2018050408403263845","price":166}

2018-05-04 09:14:28 {"merchant_id":"1490350062","key":"","authCode":"134960446885315523","order_sn":"2018050409142828052","price":300}

2018-05-04 09:33:00 {"merchant_id":"1499456762","key":"","authCode":"134588559453113834","order_sn":"2018050409330086728","price":12}

2018-05-04 09:41:20 {"merchant_id":"1499456762","key":"","authCode":"134642211188894866","order_sn":"2018050409412028211","price":14}

2018-05-04 09:56:32 {"merchant_id":"1499456762","key":"","authCode":"134660707220152729","order_sn":"2018050409563236152","price":300}

2018-05-04 10:03:20 {"merchant_id":"1499456762","key":"","authCode":"134906317223125822","order_sn":"2018050410032031386","price":1}

2018-05-04 10:03:39 {"merchant_id":"1499456762","key":"","authCode":"134937017541495185","order_sn":"2018050410033989213","price":4}

2018-05-04 10:30:05 {"merchant_id":"1499456762","key":"","authCode":"135456746130466203","order_sn":"2018050410300585146","price":15}

2018-05-04 10:30:27 {"merchant_id":"1499456762","key":"","authCode":"134514716647078323","order_sn":"2018050410302741400","price":9}

2018-05-04 10:30:54 {"merchant_id":"1499456762","key":"","authCode":"134667732092369375","order_sn":"2018050410305454998","price":2}

2018-05-04 10:36:56 {"merchant_id":"1499456762","key":"","authCode":"135066438538321660","order_sn":"2018050410365619389","price":97.5}

2018-05-04 10:42:45 {"merchant_id":"1490350062","key":"","authCode":"134839239828569866","order_sn":"2018050410424511561","price":30}

2018-05-04 10:47:33 {"merchant_id":"1499456762","key":"","authCode":"135204506206422398","order_sn":"2018050410473336117","price":200}

2018-05-04 10:52:52 {"merchant_id":"1499456762","key":"","authCode":"134632145090043218","order_sn":"2018050410525283683","price":15}

2018-05-04 10:56:15 {"merchant_id":"1499456762","key":"","authCode":"134649568311584350","order_sn":"2018050410561519907","price":24}

2018-05-04 11:02:20 {"merchant_id":"1499456762","key":"","authCode":"134640188328367200","order_sn":"2018050411022079903","price":21.5}

2018-05-04 11:06:47 {"merchant_id":"1499456762","key":"","authCode":"134620133314304572","order_sn":"2018050411064735209","price":18}

2018-05-04 11:09:09 {"merchant_id":"1499456762","key":"","authCode":"134545230614976400","order_sn":"2018050411090971984","price":26}

2018-05-04 11:10:39 {"merchant_id":"1499456762","key":"","authCode":"134773478059080352","order_sn":"2018050411103952296","price":27}

2018-05-04 11:20:34 {"merchant_id":"2088822285099072","key":"201710BBaa55e11a995b41488709d94fe3bfbX07","authCode":"282280823049755174","order_sn":"2018050411203430973","price":100}

2018-05-04 11:20:34 {"app_id":"2017071207730667","method":"alipay.trade.pay","charset":"utf-8","sign_type":"RSA","app_auth_token":"201710BBaa55e11a995b41488709d94fe3bfbX07","timestamp":"2018-05-04 11:20:34","version":"1.0","biz_content":"{\"out_trade_no\":\"2018050411203430973\",\"scene\":\"bar_code\",\"auth_code\":\"282280823049755174\",\"subject\":\"\\u8ba2\\u5355\\u53f7:2018050411203430973\",\"seller_id\":\"2088822285099072\",\"total_amount\":100,\"extend_params\":{\"sys_service_provider_id\":\"2088721521881652\"}}","sign":"O\/ID\/o3iwK7aruF0WCJJIKMOh3HrfnLIBoj+\/tS92fbxIHwaJfDlCux6XN6e1PUZX97Gj0BGpxRzf22M8QySSEC6UjzNjaEmDGWF1yqwkrbNz+1CUEJyRf+cArYambWl7TYQJk9VGFKiUTb5+HMX8JubbESFCN8tpbS4WO1wFEc="}

2018-05-04 11:20:35 {"alipay_trade_pay_response":{"code":"10000","msg":"Success","buyer_logon_id":"158****2552","buyer_pay_amount":"100.00","buyer_user_id":"2088612540239743","fund_bill_list":[{"amount":"100.00","fund_channel":"ALIPAYACCOUNT"}],"gmt_payment":"2018-05-04 11:20:35","invoice_amount":"100.00","out_trade_no":"2018050411203430973","point_amount":"0.00","receipt_amount":"100.00","total_amount":"100.00","trade_no":"2018050421001004740595679083"},"sign":"MIwtF/qHag8EGYwpziBqeiwPEHO8SJRehonDzcCb1u/0yYH3jwfGVJu6sY/I3I/DjeR1lu3FwoMGKIZz6fHx+cRX4fBsU8lwSKJ+LcNlvW5xSmDrxCQcJBlwaADw5XmqRB7Onu2WECNbiED58YkGdB8vWkGGNE4seyug0CJdiEU="}

2018-05-04 11:58:07 {"merchant_id":"1499456762","key":"","authCode":"134621856176092766","order_sn":"2018050411580756133","price":28}

2018-05-04 12:08:31 {"merchant_id":"1499456762","key":"","authCode":"134593857005277287","order_sn":"2018050412083118501","price":28}

2018-05-04 12:10:28 {"merchant_id":"1499456762","key":"","authCode":"134636825493513405","order_sn":"2018050412102869904","price":15}

2018-05-04 12:17:54 {"merchant_id":"1490350062","key":"","authCode":"135339632368421086","order_sn":"2018050412175422604","price":200}

2018-05-04 12:37:12 {"merchant_id":"2088822285099072","key":"201710BBaa55e11a995b41488709d94fe3bfbX07","authCode":"287999975962801797","order_sn":"2018050412371232569","price":25}

2018-05-04 12:37:12 {"app_id":"2017071207730667","method":"alipay.trade.pay","charset":"utf-8","sign_type":"RSA","app_auth_token":"201710BBaa55e11a995b41488709d94fe3bfbX07","timestamp":"2018-05-04 12:37:12","version":"1.0","biz_content":"{\"out_trade_no\":\"2018050412371232569\",\"scene\":\"bar_code\",\"auth_code\":\"287999975962801797\",\"subject\":\"\\u8ba2\\u5355\\u53f7:2018050412371232569\",\"seller_id\":\"2088822285099072\",\"total_amount\":25,\"extend_params\":{\"sys_service_provider_id\":\"2088721521881652\"}}","sign":"g0a+PU656fO1hFBw2bD7fzMuQqE5vWgtXE2oLHBa9TyOvsM7nECM5PHE8aPGPqayjPwOvAXLiGC4yC6+etrbe6TJPOtBcbP79L\/EgV7InL9zB+8k59dKPUI\/4cS0S8qPnhFIkwghSnoYx2FW8tDz\/XlXNO+4Bl+IUakupY22XoI="}

2018-05-04 12:37:13 {"alipay_trade_pay_response":{"code":"10000","msg":"Success","buyer_logon_id":"137****6657","buyer_pay_amount":"25.00","buyer_user_id":"2088202902917341","fund_bill_list":[{"amount":"25.00","fund_channel":"PCREDIT"}],"gmt_payment":"2018-05-04 12:37:13","invoice_amount":"25.00","out_trade_no":"2018050412371232569","point_amount":"0.00","receipt_amount":"25.00","total_amount":"25.00","trade_no":"2018050421001004340530222886"},"sign":"O+w4R3GMRm8uH5biSSwL+DswUqAJfWzhmixA4OJeOYj81tYpksjfDkpAsjg/U3zAyyGrUAss5jPIsQ+s3wMHQAnhZdoFrM0Y9FIobnZkDB7F00AyLSHgL/4XwBnf3qni7wRGfAiqjLD6eYdEt1eIbWlcNr1dRp0ptt+adEIjkqE="}

2018-05-04 12:45:22 {"merchant_id":"2088822285099072","key":"201710BBaa55e11a995b41488709d94fe3bfbX07","authCode":"284913352986503135","order_sn":"2018050412452214127","price":240}

2018-05-04 12:45:22 {"app_id":"2017071207730667","method":"alipay.trade.pay","charset":"utf-8","sign_type":"RSA","app_auth_token":"201710BBaa55e11a995b41488709d94fe3bfbX07","timestamp":"2018-05-04 12:45:22","version":"1.0","biz_content":"{\"out_trade_no\":\"2018050412452214127\",\"scene\":\"bar_code\",\"auth_code\":\"284913352986503135\",\"subject\":\"\\u8ba2\\u5355\\u53f7:2018050412452214127\",\"seller_id\":\"2088822285099072\",\"total_amount\":240,\"extend_params\":{\"sys_service_provider_id\":\"2088721521881652\"}}","sign":"kV4\/bRJLMqERvqi0WDL6oNmTNruQxHz9GNxAwVTI9SML\/ghDsIWkgKjYbKpMcUQBxDFIZ0XDIXeIQE2wyUg3HiQNuliN1iTxrrSurqhEFhipenOtJQ0cKbkF6AGgEVKSzFhgo835az4le9yAwzBeDTaOtRIF5b6KPv775SGrG2c="}

2018-05-04 12:45:23 {"alipay_trade_pay_response":{"code":"10000","msg":"Success","buyer_logon_id":"137****6657","buyer_pay_amount":"240.00","buyer_user_id":"2088202902917341","fund_bill_list":[{"amount":"240.00","fund_channel":"PCREDIT"}],"gmt_payment":"2018-05-04 12:45:23","invoice_amount":"240.00","out_trade_no":"2018050412452214127","point_amount":"0.00","receipt_amount":"240.00","total_amount":"240.00","trade_no":"2018050421001004340530349430"},"sign":"O+wWguh5VFwxE0wham9Gx4hozYmyZuGx0GxX63/FGKtGHulEWuLvlSQZVk4jMDHoMYporlDvEa5RFoGUVepzmNIvUBmEDKynLVQQ6NA6Xas2my3EK5g5USKS7EKjvYUp54zofn65FOcLr6PetTo4EqDhumc0kFweCkNXofcIJcY="}

2018-05-04 12:51:02 {"merchant_id":"1490350062","key":"","authCode":"134662631972746980","order_sn":"2018050412510284900","price":15}

2018-05-04 13:04:26 {"merchant_id":"1499456762","key":"","authCode":"134707297448967950","order_sn":"2018050413042633204","price":8}

2018-05-04 13:11:03 {"merchant_id":"1499456762","key":"","authCode":"134671431930336318","order_sn":"2018050413110355403","price":100}

2018-05-04 13:21:56 {"merchant_id":"1499456762","key":"","authCode":"134545675812877475","order_sn":"2018050413215689108","price":32}

2018-05-04 13:25:18 {"merchant_id":"1499456762","key":"","authCode":"134609467800576068","order_sn":"2018050413251792130","price":6}

2018-05-04 13:37:24 {"merchant_id":"1499456762","key":"","authCode":"134698516022134666","order_sn":"2018050413372443425","price":100}

2018-05-04 13:46:32 {"merchant_id":"1499456762","key":"","authCode":"135248227599943521","order_sn":"2018050413463290981","price":83}

2018-05-04 14:23:47 {"merchant_id":"1499456762","key":"","authCode":"134513030722360614","order_sn":"2018050414234795536","price":18}

2018-05-04 14:31:21 {"merchant_id":"1493159782","key":"","authCode":"134912254657465171","order_sn":"2018050414312157808","price":114}

2018-05-04 15:18:09 {"merchant_id":"1499456762","key":"","authCode":"134650240687306073","order_sn":"2018050415180952892","price":200}

2018-05-04 15:25:29 {"merchant_id":"1499456762","key":"","authCode":"134855213705531448","order_sn":"2018050415252932924","price":72}

2018-05-04 15:53:50 {"merchant_id":"1499456762","key":"","authCode":"134753663395893890","order_sn":"2018050415535099184","price":55}

2018-05-04 15:57:43 {"merchant_id":"1499456762","key":"","authCode":"134926262312340490","order_sn":"2018050415574394525","price":23}

2018-05-04 15:58:58 {"merchant_id":"1499456762","key":"","authCode":"134906032818489453","order_sn":"2018050415585897217","price":21}

2018-05-04 16:07:36 {"merchant_id":"1499456762","key":"","authCode":"134624339628562319","order_sn":"2018050416073625441","price":18}

2018-05-04 16:08:42 {"merchant_id":"1499456762","key":"","authCode":"134604036906344440","order_sn":"2018050416084225631","price":22}

2018-05-04 16:12:01 {"merchant_id":"1499456762","key":"","authCode":"134974462450365541","order_sn":"2018050416120184617","price":34}

2018-05-04 16:12:27 {"merchant_id":"1499456762","key":"","authCode":"134553310172298224","order_sn":"2018050416122788022","price":300}

2018-05-04 16:12:44 {"merchant_id":"1499456762","key":"","authCode":"135040216828531233","order_sn":"2018050416124443298","price":10}

2018-05-04 16:17:42 {"merchant_id":"1499456762","key":"","authCode":"134574743702271743","order_sn":"2018050416174224595","price":15}

2018-05-04 16:18:29 {"merchant_id":"1499456762","key":"","authCode":"134970306178585801","order_sn":"2018050416182953193","price":41.5}

2018-05-04 16:23:14 {"merchant_id":"1499456762","key":"","authCode":"135435974095022558","order_sn":"2018050416231464129","price":69}

2018-05-04 16:26:09 {"merchant_id":"1499456762","key":"","authCode":"134956695053372226","order_sn":"2018050416260981377","price":26}

2018-05-04 16:29:34 {"merchant_id":"1499456762","key":"","authCode":"134527766493893759","order_sn":"2018050416293467385","price":11}

2018-05-04 16:29:53 {"merchant_id":"1499456762","key":"","authCode":"134526889756853306","order_sn":"2018050416295355472","price":30}

2018-05-04 16:30:55 {"merchant_id":"1499456762","key":"","authCode":"134631980685242333","order_sn":"2018050416305519414","price":39.5}

2018-05-04 16:34:16 {"merchant_id":"1499456762","key":"","authCode":"134828268761085635","order_sn":"2018050416341681278","price":9}

2018-05-04 16:34:44 {"merchant_id":"1499456762","key":"","authCode":"134718274251868635","order_sn":"2018050416344429025","price":9}

2018-05-04 16:35:50 {"merchant_id":"1499456762","key":"","authCode":"134718999511862083","order_sn":"2018050416355063839","price":69}

2018-05-04 16:37:23 {"merchant_id":"1499456762","key":"","authCode":"135173962539350256","order_sn":"2018050416372322934","price":42}

2018-05-04 16:42:07 {"merchant_id":"1499456762","key":"","authCode":"134974421805032683","order_sn":"2018050416420658566","price":200}

2018-05-04 16:42:45 {"merchant_id":"1499456762","key":"","authCode":"134586832952510635","order_sn":"2018050416424582077","price":9}

2018-05-04 16:46:48 {"merchant_id":"1499456762","key":"","authCode":"134680209780100370","order_sn":"2018050416464888821","price":44}

2018-05-04 16:47:22 {"merchant_id":"1499456762","key":"","authCode":"134773098984430691","order_sn":"2018050416472223623","price":44}

2018-05-04 16:47:46 {"merchant_id":"1499456762","key":"","authCode":"134620797669589500","order_sn":"2018050416474630316","price":14}

2018-05-04 16:59:39 {"merchant_id":"1499456762","key":"","authCode":"134857662250225705","order_sn":"2018050416593980039","price":45}

2018-05-04 17:00:52 {"merchant_id":"1499456762","key":"","authCode":"134736532993283776","order_sn":"2018050417005258643","price":21}

2018-05-04 17:03:48 {"merchant_id":"1499456762","key":"","authCode":"134932125705900500","order_sn":"2018050417034889638","price":14}

2018-05-04 17:04:51 {"merchant_id":"1499456762","key":"","authCode":"134781107107478064","order_sn":"2018050417045176536","price":41}

2018-05-04 17:05:17 {"merchant_id":"1499456762","key":"","authCode":"134896148386672887","order_sn":"2018050417051772749","price":3000}

2018-05-04 17:06:01 {"merchant_id":"1499456762","key":"","authCode":"135044148988534725","order_sn":"2018050417060188407","price":300}

2018-05-04 17:06:37 {"merchant_id":"1499456762","key":"","authCode":"134805138395390438","order_sn":"2018050417063732803","price":33}

2018-05-04 17:07:15 {"merchant_id":"1499456762","key":"","authCode":"135102589335535985","order_sn":"2018050417071578204","price":56}

2018-05-04 17:09:39 {"merchant_id":"1499456762","key":"","authCode":"135804962619569201","order_sn":"2018050417093951633","price":21}

2018-05-04 17:28:32 {"merchant_id":"1499456762","key":"","authCode":"134636937237188218","order_sn":"2018050417283233936","price":26}

2018-05-04 17:30:24 {"merchant_id":"1499456762","key":"","authCode":"134630972828301159","order_sn":"2018050417302434221","price":9}

2018-05-04 17:30:41 {"merchant_id":"1499456762","key":"","authCode":"134846766874419130","order_sn":"2018050417304119097","price":9}

2018-05-04 17:31:13 {"merchant_id":"1499456762","key":"","authCode":"135013766752321336","order_sn":"2018050417311346087","price":17}

2018-05-04 17:36:08 {"merchant_id":"1499456762","key":"","authCode":"134612599784569621","order_sn":"2018050417360836730","price":128}

2018-05-04 17:44:24 {"merchant_id":"1499456762","key":"","authCode":"135228470984636810","order_sn":"2018050417442448117","price":16}

2018-05-04 17:45:02 {"merchant_id":"1499456762","key":"","authCode":"134508821583887828","order_sn":"2018050417450235485","price":8}

2018-05-04 17:48:06 {"merchant_id":"1499456762","key":"","authCode":"134828168112083555","order_sn":"2018050417480616455","price":46}

2018-05-04 17:58:06 {"merchant_id":"1499456762","key":"","authCode":"134628547600407016","order_sn":"2018050417580693460","price":40}

2018-05-04 18:04:48 {"merchant_id":"1499456762","key":"","authCode":"134620243828185563","order_sn":"2018050418044815329","price":22}

2018-05-04 18:06:17 {"merchant_id":"1499456762","key":"","authCode":"134878674141449834","order_sn":"2018050418061756311","price":28}

2018-05-04 18:07:32 {"merchant_id":"1499456762","key":"","authCode":"134612643554339503","order_sn":"2018050418073287468","price":77}

2018-05-04 18:18:29 {"merchant_id":"1499456762","key":"","authCode":"134637174645066523","order_sn":"2018050418182995561","price":17}

2018-05-04 18:20:32 {"merchant_id":"1499456762","key":"","authCode":"134612925048157982","order_sn":"2018050418203111986","price":6}

2018-05-04 18:30:22 {"merchant_id":"1499456762","key":"","authCode":"134627447925193558","order_sn":"2018050418302265627","price":50.5}

2018-05-04 18:31:49 {"merchant_id":"1499456762","key":"","authCode":"134557443174073560","order_sn":"2018050418314992758","price":63}

2018-05-04 18:34:54 {"merchant_id":"1499456762","key":"","authCode":"134923035572005100","order_sn":"2018050418345415929","price":8}

2018-05-04 18:35:38 {"merchant_id":"1499456762","key":"","authCode":"135037564759481178","order_sn":"2018050418353815782","price":7}

2018-05-04 18:38:39 {"merchant_id":"1499456762","key":"","authCode":"134749842226247362","order_sn":"2018050418383920465","price":250}

2018-05-04 18:40:23 {"merchant_id":"1499456762","key":"","authCode":"135180190754115770","order_sn":"2018050418402347846","price":33}

2018-05-04 18:41:08 {"merchant_id":"1499456762","key":"","authCode":"135137787788395065","order_sn":"2018050418410830566","price":65}

2018-05-04 18:47:51 {"merchant_id":"1499456762","key":"","authCode":"134721484587957551","order_sn":"2018050418475177424","price":24}

2018-05-04 18:57:22 {"merchant_id":"2088821827997030","key":"201711BBc699bef5cde842dba6fa5c6bdc706A03","authCode":"284435156581919824","order_sn":"2018050418572228059","price":300}

2018-05-04 18:57:22 {"app_id":"2017071207730667","method":"alipay.trade.pay","charset":"utf-8","sign_type":"RSA","app_auth_token":"201711BBc699bef5cde842dba6fa5c6bdc706A03","timestamp":"2018-05-04 18:57:22","version":"1.0","biz_content":"{\"out_trade_no\":\"2018050418572228059\",\"scene\":\"bar_code\",\"auth_code\":\"284435156581919824\",\"subject\":\"\\u8ba2\\u5355\\u53f7:2018050418572228059\",\"seller_id\":\"2088821827997030\",\"total_amount\":300,\"extend_params\":{\"sys_service_provider_id\":\"2088721521881652\"}}","sign":"isghERax2fF0qt9HLN+HBIo53KJBnYnuHKzGHJ\/eMvC0t0fzTe3kgN0mFT9hBM01btmiGMX6CtoJFviYM5Gt0SmdoYdjIkfUtpCOwqLDcGPueWm\/HMAIJ9e3PzRc2e5OhQvRH8hHRDCbG+l7776I3D+XmgK2MMJygbPsVDPk2p4="}

2018-05-04 18:57:25 {"alipay_trade_pay_response":{"code":"10000","msg":"Success","buyer_logon_id":"199****5149","buyer_pay_amount":"300.00","buyer_user_id":"2088802823442571","fund_bill_list":[{"amount":"300.00","fund_channel":"ALIPAYACCOUNT"}],"gmt_payment":"2018-05-04 18:57:24","invoice_amount":"300.00","out_trade_no":"2018050418572228059","point_amount":"0.00","receipt_amount":"300.00","total_amount":"300.00","trade_no":"2018050421001004570529117718"},"sign":"QqDslIg5QCi36Jzwkp+BK1rXUHEtiCGQsMLQcPOAujfYhhkPqq0mGjpxT2zi4pHs5F7OwvCUIXNMvaCa9yX7LliJ3w7HrK2i5POCttOGNEzI3lC/GNBv7euBADiIHGpLfmU/StZMYdRTpjcKmGJJnVTaVjE6xyYsvRlj/6S1jNs="}

2018-05-04 19:00:38 {"merchant_id":"1499456762","key":"","authCode":"134778706225490925","order_sn":"2018050419003861791","price":14}

2018-05-04 19:02:04 {"merchant_id":"1499456762","key":"","authCode":"134529823157007596","order_sn":"2018050419020415607","price":14}

2018-05-04 19:02:43 {"merchant_id":"1499456762","key":"","authCode":"134600909676258460","order_sn":"2018050419024341909","price":28}

2018-05-04 19:03:55 {"merchant_id":"1499456762","key":"","authCode":"134905809073172065","order_sn":"2018050419035511325","price":60}

2018-05-04 19:04:21 {"merchant_id":"1499456762","key":"","authCode":"134888267077140448","order_sn":"2018050419042083745","price":2}

2018-05-04 19:04:29 {"merchant_id":"1499456762","key":"","authCode":"135007511461445904","order_sn":"2018050419042965409","price":6}

2018-05-04 19:05:25 {"merchant_id":"1499456762","key":"","authCode":"134934545026886605","order_sn":"2018050419052595970","price":2}

2018-05-04 19:15:22 {"merchant_id":"1499456762","key":"","authCode":"134515726675875551","order_sn":"2018050419152268916","price":20}

2018-05-04 19:24:25 {"merchant_id":"1499456762","key":"","authCode":"134591305384640097","order_sn":"2018050419242568171","price":12}

2018-05-04 19:29:37 {"merchant_id":"1499456762","key":"","authCode":"134916876241101697","order_sn":"2018050419293711346","price":34}

2018-05-04 19:34:49 {"merchant_id":"1490350062","key":"","authCode":"134574624570540372","order_sn":"2018050419344987438","price":200}

2018-05-04 19:36:07 {"merchant_id":"1499456762","key":"","authCode":"134779367677498149","order_sn":"2018050419360764863","price":8}

2018-05-04 19:41:53 {"merchant_id":"1499456762","key":"","authCode":"134657302000249415","order_sn":"2018050419415326366","price":28}

2018-05-04 19:48:09 {"merchant_id":"1499456762","key":"","authCode":"134543213577007602","order_sn":"2018050419480968509","price":38}

2018-05-04 19:50:02 {"merchant_id":"1499456762","key":"","authCode":"134775450739131448","order_sn":"2018050419500292291","price":300}

2018-05-04 19:50:23 {"merchant_id":"1499456762","key":"","authCode":"134776298825282729","order_sn":"2018050419502380873","price":14}

2018-05-04 19:59:13 {"merchant_id":"1499456762","key":"","authCode":"134770598531833297","order_sn":"2018050419591394681","price":9}

2018-05-04 19:59:16 {"merchant_id":"1499456762","key":"","authCode":"134916381689280260","order_sn":"2018050419591611979","price":38}

2018-05-04 20:00:32 {"merchant_id":"1499456762","key":"","authCode":"134639942279242377","order_sn":"2018050420003290521","price":16}

2018-05-04 20:04:53 {"merchant_id":"1499456762","key":"","authCode":"135099672669986139","order_sn":"2018050420045377533","price":61.5}

2018-05-04 20:06:02 {"merchant_id":"1499456762","key":"","authCode":"135179849750408841","order_sn":"2018050420060236516","price":8}

2018-05-04 20:08:58 {"merchant_id":"1499456762","key":"","authCode":"135254597544576678","order_sn":"2018050420085811491","price":16}

2018-05-04 20:10:43 {"merchant_id":"1499456762","key":"","authCode":"134760517767258885","order_sn":"2018050420104323712","price":8}

2018-05-04 20:13:49 {"merchant_id":"1499456762","key":"","authCode":"134580410639348816","order_sn":"2018050420134994913","price":16.5}

2018-05-04 20:14:09 {"merchant_id":"1499456762","key":"","authCode":"134560335061903428","order_sn":"2018050420140961580","price":24}

2018-05-04 20:14:28 {"merchant_id":"1499456762","key":"","authCode":"134619531835551341","order_sn":"2018050420142858290","price":22}

2018-05-04 20:16:54 {"merchant_id":"1499456762","key":"","authCode":"134740450554508787","order_sn":"2018050420165434741","price":20}

2018-05-04 20:19:40 {"merchant_id":"1499456762","key":"","authCode":"134620922729895132","order_sn":"2018050420194086763","price":12}

2018-05-04 20:22:59 {"merchant_id":"1499456762","key":"","authCode":"134722989086722688","order_sn":"2018050420225924011","price":20}

2018-05-04 20:34:00 {"merchant_id":"1499456762","key":"","authCode":"134745043089023559","order_sn":"2018050420340064959","price":31}

2018-05-04 20:34:43 {"merchant_id":"1493159782","key":"","authCode":"134761596999269209","order_sn":"2018050420344319857","price":3000}

2018-05-04 20:43:10 {"merchant_id":"1499456762","key":"","authCode":"134687446630464945","order_sn":"2018050420431010101","price":60}

2018-05-04 20:43:39 {"merchant_id":"1499456762","key":"","authCode":"134686323856364951","order_sn":"2018050420433999130","price":20}

2018-05-04 20:44:12 {"merchant_id":"1499456762","key":"","authCode":"134631543711208467","order_sn":"2018050420441292098","price":40}

2018-05-04 20:48:22 {"merchant_id":"1499456762","key":"","authCode":"134697400348259373","order_sn":"2018050420482225226","price":17}

2018-05-04 20:48:57 {"merchant_id":"1499456762","key":"","authCode":"134614079522323224","order_sn":"2018050420485752947","price":9}

2018-05-04 20:49:34 {"merchant_id":"1499456762","key":"","authCode":"134639149944048903","order_sn":"2018050420493487726","price":8}

2018-05-04 20:59:32 {"merchant_id":"1499456762","key":"","authCode":"134691492995651063","order_sn":"2018050420593223620","price":9}

2018-05-04 21:00:22 {"merchant_id":"1499456762","key":"","authCode":"134562450692244177","order_sn":"2018050421002244791","price":8}

2018-05-04 21:01:53 {"merchant_id":"1499456762","key":"","authCode":"134935517736490292","order_sn":"2018050421015325546","price":41}

2018-05-04 21:05:33 {"merchant_id":"1499456762","key":"","authCode":"134871089613492794","order_sn":"2018050421053382464","price":13}

2018-05-04 21:05:48 {"merchant_id":"1499456762","key":"","authCode":"135245627736573072","order_sn":"2018050421054810851","price":12}

2018-05-04 21:11:29 {"merchant_id":"1499456762","key":"","authCode":"134652840043860889","order_sn":"2018050421112998133","price":15}

2018-05-04 21:11:51 {"merchant_id":"1499456762","key":"","authCode":"134672705790587276","order_sn":"2018050421115182645","price":15}

2018-05-04 21:14:26 {"merchant_id":"1499456762","key":"","authCode":"134650858881950091","order_sn":"2018050421142622467","price":7.5}

2018-05-04 21:17:40 {"merchant_id":"1499456762","key":"","authCode":"134739807310928262","order_sn":"2018050421174072718","price":30}

2018-05-04 21:21:09 {"merchant_id":"1499456762","key":"","authCode":"134533666826472371","order_sn":"2018050421210969167","price":38}

2018-05-04 21:22:54 {"merchant_id":"1499456762","key":"","authCode":"134847738306316017","order_sn":"2018050421225431350","price":17}

2018-05-04 21:27:35 {"merchant_id":"1499456762","key":"","authCode":"134787636309115448","order_sn":"2018050421273562668","price":15}

2018-05-04 21:32:06 {"merchant_id":"1499456762","key":"","authCode":"134992401491131388","order_sn":"2018050421320683032","price":53}

2018-05-04 21:33:04 {"merchant_id":"1490350062","key":"","authCode":"134837870234752639","order_sn":"2018050421330344434","price":300}

2018-05-04 21:34:30 {"merchant_id":"1499456762","key":"","authCode":"135240170302728479","order_sn":"2018050421343069020","price":11}

2018-05-04 21:36:06 {"merchant_id":"1499456762","key":"","authCode":"135210873686217461","order_sn":"2018050421360621181","price":7}

2018-05-04 21:40:10 {"merchant_id":"1499456762","key":"","authCode":"134924117513590776","order_sn":"2018050421401098527","price":9}

2018-05-04 22:09:56 {"merchant_id":"1490350062","key":"","authCode":"134605889686811859","order_sn":"2018050422095687637","price":276}

2018-05-04 22:17:20 {"merchant_id":"1493159782","key":"","authCode":"134765421329312495","order_sn":"2018050422172063111","price":400}

2018-05-04 22:20:18 {"merchant_id":"1490350062","key":"","authCode":"134961885778361081","order_sn":"2018050422201840118","price":200}

2018-05-04 22:46:53 {"merchant_id":"1493159782","key":"","authCode":"135054687675097549","order_sn":"2018050422465325425","price":500}

2018-05-04 23:09:16 {"merchant_id":"1490350062","key":"","authCode":"134714491790477786","order_sn":"2018050423091654337","price":300}

2018-05-04 23:23:05 {"merchant_id":"2088822285099072","key":"201710BBaa55e11a995b41488709d94fe3bfbX07","authCode":"286279687932168834","order_sn":"2018050423230586124","price":500}

2018-05-04 23:23:05 {"app_id":"2017071207730667","method":"alipay.trade.pay","charset":"utf-8","sign_type":"RSA","app_auth_token":"201710BBaa55e11a995b41488709d94fe3bfbX07","timestamp":"2018-05-04 23:23:05","version":"1.0","biz_content":"{\"out_trade_no\":\"2018050423230586124\",\"scene\":\"bar_code\",\"auth_code\":\"286279687932168834\",\"subject\":\"\\u8ba2\\u5355\\u53f7:2018050423230586124\",\"seller_id\":\"2088822285099072\",\"total_amount\":500,\"extend_params\":{\"sys_service_provider_id\":\"2088721521881652\"}}","sign":"HEhanJxdJcJ3N+SEmdTifVGOQnSaEzlUCdX4D5NWOiiXVK\/2vRX2onKdCvFzafeZLHKkqsFWDDnFxikWnJ8NqlSNXk0sHLi2f8bp\/t0iOC4htetpI9LC8JBa1iUpvVvAPnSQgRWTbU7zqdQbTSHserZ2L+6F43L4pgAGGgqGL\/8="}

2018-05-04 23:23:06 {"alipay_trade_pay_response":{"code":"10000","msg":"Success","buyer_logon_id":"125***@qq.com","buyer_pay_amount":"500.00","buyer_user_id":"2088112284683524","fund_bill_list":[{"amount":"500.00","fund_channel":"ALIPAYACCOUNT"}],"gmt_payment":"2018-05-04 23:23:06","invoice_amount":"500.00","out_trade_no":"2018050423230586124","point_amount":"0.00","receipt_amount":"500.00","total_amount":"500.00","trade_no":"2018050421001004520577527300"},"sign":"WXBn4pUj21hPTuleSXUgXEv7ZsYYW3zhKcLbzrbHUqFs/AP/kq9LbC29r5OcDeUnhi0f/hFCnhFDz2hUDzEhXYhNf2rEwr/haFbbFxyDgtqooxkuFWw1Fk+w9ljUONphr9SVxDs7ItJgljh3CbKloBEe6mqihYWJc2jGNJp7sg8="}

