2018-02-28 00:34:34 {"merchant_id":"1493159782","key":"","authCode":"135016563054387423","order_sn":"2018022800343472083","price":300}
2018-02-28 01:58:14 {"merchant_id":"1490350062","key":"","authCode":"134588398653228647","order_sn":"2018022801581445960","price":100}
2018-02-28 08:16:15 {"merchant_id":"1493159782","key":"","authCode":"134609198787284004","order_sn":"2018022808161563246","price":300}
2018-02-28 09:43:05 {"merchant_id":"1490350062","key":"","authCode":"134636485241808104","order_sn":"2018022809430539370","price":8}
2018-02-28 09:45:10 {"merchant_id":"1490350062","key":"","authCode":"134575827558889363","order_sn":"2018022809451046358","price":400}
2018-02-28 13:09:29 {"merchant_id":"1493159782","key":"","authCode":"134939768954673097","order_sn":"2018022813092910664","price":1000}
2018-02-28 13:34:17 {"merchant_id":"1493159782","key":"","authCode":"134646486556521714","order_sn":"2018022813341773351","price":1000}
2018-02-28 14:38:45 {"merchant_id":"1490350062","key":"","authCode":"134741693937082566","order_sn":"2018022814384511507","price":300}
2018-02-28 15:14:37 {"merchant_id":"1490350062","key":"","authCode":"134932675462925811","order_sn":"2018022815143752819","price":200}
2018-02-28 19:24:31 {"merchant_id":"1497272292","key":"","authCode":"134787656030502120","order_sn":"2018022819243129187","price":500}
2018-02-28 19:36:08 {"merchant_id":"1490350062","key":"","authCode":"134954799345512050","order_sn":"2018022819360874857","price":100}
2018-02-28 20:47:19 {"merchant_id":"1493159782","key":"","authCode":"135082817989986474","order_sn":"2018022820471917200","price":200}
2018-02-28 20:51:13 {"merchant_id":"1493159782","key":"","authCode":"134640215451369315","order_sn":"2018022820511313179","price":6}
2018-02-28 20:52:47 {"merchant_id":"1493159782","key":"","authCode":"134886908939889496","order_sn":"2018022820524733000","price":500}
2018-02-28 20:55:46 {"merchant_id":"2088821827997030","key":"201711BBc699bef5cde842dba6fa5c6bdc706A03","authCode":"284223662038565398","order_sn":"2018022820554645981","price":400}
2018-02-28 20:55:46 {"app_id":"2017071207730667","method":"alipay.trade.pay","charset":"utf-8","sign_type":"RSA","app_auth_token":"201711BBc699bef5cde842dba6fa5c6bdc706A03","timestamp":"2018-02-28 20:55:46","version":"1.0","biz_content":"{\"out_trade_no\":\"2018022820554645981\",\"scene\":\"bar_code\",\"auth_code\":\"284223662038565398\",\"subject\":\"\\u8ba2\\u5355\\u53f7:2018022820554645981\",\"seller_id\":\"2088821827997030\",\"total_amount\":400,\"extend_params\":{\"sys_service_provider_id\":\"2088721521881652\"}}","sign":"RigZUA8iRQUcaE9wpz6jsiADd0B7opyo3vL\/33usqV5Rl25TSZ3Z8Zd8\/PScLuwgOEtelC3uSL\/+7dvSechFDuLh0dUqWDOdXoPVDO\/E68F\/11pOOCx8w6RPMnkbKVtkvXQeH\/3zrcwt55tdWae0vHs85Zx1czMMC\/vvIQnFqvM="}
2018-02-28 20:55:48 {"alipay_trade_pay_response":{"code":"10000","msg":"Success","buyer_logon_id":"178****5158","buyer_pay_amount":"400.00","buyer_user_id":"2088622531382514","fund_bill_list":[{"amount":"400.00","fund_channel":"PCREDIT"}],"gmt_payment":"2018-02-28 20:55:47","invoice_amount":"400.00","out_trade_no":"2018022820554645981","point_amount":"0.00","receipt_amount":"400.00","total_amount":"400.00","trade_no":"2018022821001004510599081680"},"sign":"oi+GsZzA1MFTw8TrB0cJKXd7MQyLTUs6zDpOKGeLN4oZO0Ifs+w/DlpA5tvxG63KuPi0rmNuWUdlNFhl65DAsfylMe6DAWf0lYTd5nD2TETzgDifMDmDNCWjaA7T2v+QRVg1SEWM71BI7mk1prjZzrXbgl4zefX9YglF8BFd2+s="}
2018-02-28 21:00:39 {"merchant_id":"2088821827997030","key":"201711BBc699bef5cde842dba6fa5c6bdc706A03","authCode":"286133976716750663","order_sn":"2018022821003914952","price":300}
2018-02-28 21:00:39 {"app_id":"2017071207730667","method":"alipay.trade.pay","charset":"utf-8","sign_type":"RSA","app_auth_token":"201711BBc699bef5cde842dba6fa5c6bdc706A03","timestamp":"2018-02-28 21:00:39","version":"1.0","biz_content":"{\"out_trade_no\":\"2018022821003914952\",\"scene\":\"bar_code\",\"auth_code\":\"286133976716750663\",\"subject\":\"\\u8ba2\\u5355\\u53f7:2018022821003914952\",\"seller_id\":\"2088821827997030\",\"total_amount\":300,\"extend_params\":{\"sys_service_provider_id\":\"2088721521881652\"}}","sign":"DIpHLLS8hwIstHKg4z4B4qsn3\/rF74gs5iuAIP2LjvRjrkMQ6EQ+Y6wV0Ldq+gVAFMEtPgbafo\/G6rrpgIfyWexlCVkcOG\/4TQn12ZmqDzj64ItuIWGn\/NsM+4kcloA+2DU2edxcCK3\/HWiNqhoQTKUuc8tmyTuNc\/HKp9jVWp8="}
2018-02-28 21:00:40 {"alipay_trade_pay_response":{"code":"10000","msg":"Success","buyer_logon_id":"mit***@163.com","buyer_pay_amount":"300.00","buyer_user_id":"2088302055931686","fund_bill_list":[{"amount":"300.00","fund_channel":"ALIPAYACCOUNT"}],"gmt_payment":"2018-02-28 21:00:40","invoice_amount":"300.00","out_trade_no":"2018022821003914952","point_amount":"0.00","receipt_amount":"300.00","total_amount":"300.00","trade_no":"2018022821001004680597161830"},"sign":"QbsOwYGlPl2voVFbTCXOWDNyIEuPaCRj+8PFQAPJDeV47CEn/WoclYnjXISZs0X4tI7V3bH6B5R6HkXGP9e4+EC/OwIyNj/fHppde0OFS0hGnJtVMMtX2aO64V8+U0EvMkc/DQmyYaJUzyPY6G2ovSz/DRDtchZO2g+/tBts+NA="}
2018-02-28 21:10:50 {"merchant_id":"2088822285099072","key":"201710BBaa55e11a995b41488709d94fe3bfbX07","authCode":"280081761892120695","order_sn":"2018022821105086672","price":300}
2018-02-28 21:10:50 {"app_id":"2017071207730667","method":"alipay.trade.pay","charset":"utf-8","sign_type":"RSA","app_auth_token":"201710BBaa55e11a995b41488709d94fe3bfbX07","timestamp":"2018-02-28 21:10:50","version":"1.0","biz_content":"{\"out_trade_no\":\"2018022821105086672\",\"scene\":\"bar_code\",\"auth_code\":\"280081761892120695\",\"subject\":\"\\u8ba2\\u5355\\u53f7:2018022821105086672\",\"seller_id\":\"2088822285099072\",\"total_amount\":300,\"extend_params\":{\"sys_service_provider_id\":\"2088721521881652\"}}","sign":"Yyt22Ib6F6vll7ati\/wtm5Sdc4f4DJCKDQj2kGtZgt2atEqO++9nsa3pGMz1e4fFMa+6mKzMOFM\/Sdcnsrp5X1PVeTVd3Vsxsn2+JOZ4jNBNsmCR+I\/Vf4j5Lh9t2PzRBy3DPFYi7xHTNcFM2o0o0cIyFNnMx\/U2Fk2G3pQ2MFI="}
2018-02-28 21:10:51 {"alipay_trade_pay_response":{"code":"10000","msg":"Success","buyer_logon_id":"182****6060","buyer_pay_amount":"300.00","buyer_user_id":"2088022226471581","fund_bill_list":[{"amount":"0.10","fund_channel":"COUPON"},{"amount":"299.90","fund_channel":"PCREDIT"}],"gmt_payment":"2018-02-28 21:10:51","invoice_amount":"299.90","out_trade_no":"2018022821105086672","point_amount":"0.10","receipt_amount":"300.00","total_amount":"300.00","trade_no":"2018022821001004580591874761"},"sign":"hgoZesmW3/bnXQklGZZKjumzedu8hDYMtFN+zn4RdOLA5svmYrneYCorhq2kJaHIVKarLtmv+DJ1zEv3BgK9IyqXALNuhde/nghjU96++YkCk+JKzHLia3It7CFXlqgAn5nHBUkeaEyOH0kkkvcPtqEvyDkABHgfOKBrl/xHzYo="}
2018-02-28 21:40:27 {"merchant_id":"1493159782","key":"","authCode":"134897931911167168","order_sn":"2018022821402732009","price":300}
2018-02-28 21:56:02 {"merchant_id":"1490350062","key":"","authCode":"135027912731869050","order_sn":"2018022821560245005","price":600}
2018-02-28 22:20:41 {"merchant_id":"2088822285099072","key":"201710BBaa55e11a995b41488709d94fe3bfbX07","authCode":"281849818622203843","order_sn":"2018022822204151105","price":300}
2018-02-28 22:20:41 {"app_id":"2017071207730667","method":"alipay.trade.pay","charset":"utf-8","sign_type":"RSA","app_auth_token":"201710BBaa55e11a995b41488709d94fe3bfbX07","timestamp":"2018-02-28 22:20:41","version":"1.0","biz_content":"{\"out_trade_no\":\"2018022822204151105\",\"scene\":\"bar_code\",\"auth_code\":\"281849818622203843\",\"subject\":\"\\u8ba2\\u5355\\u53f7:2018022822204151105\",\"seller_id\":\"2088822285099072\",\"total_amount\":300,\"extend_params\":{\"sys_service_provider_id\":\"2088721521881652\"}}","sign":"KQt3Pza4RwEqFFeogu9ROvkFleulzei2lX2VbEudCAVUIaQ3dYpYiysJ3RbdRRpU6xrHMvtGUBU3knbpEb5PojOvxj40wrtvQHPrV8geObbP+7ho8p990xlyQV2g1mFmeypfPZEuNzSWbVjV1gO6LGh6Oddy2cfGfRLVMIpgeBY="}
2018-02-28 22:20:42 {"alipay_trade_pay_response":{"code":"10000","msg":"Success","buyer_logon_id":"137****6868","buyer_pay_amount":"300.00","buyer_user_id":"2088122059464768","fund_bill_list":[{"amount":"300.00","fund_channel":"ALIPAYACCOUNT"}],"gmt_payment":"2018-02-28 22:20:42","invoice_amount":"300.00","out_trade_no":"2018022822204151105","point_amount":"0.00","receipt_amount":"300.00","total_amount":"300.00","trade_no":"2018022821001004760587559956"},"sign":"ZvqBO7fJNnCrI3O0E2aK3XLxcF6VGigeNDB0Sh1YPJGi1WQY7BqePimM6IIEr7f/hvyM880p04mWIkIU0qsrEaVF6wyG/TUa4UoJWsSb+0PXrM/3Q34TSqg5cUCAEi+jjykLDQm6Zo3pt0lFHE1+f9ffTcEqXWSVOADO8rHF+GQ="}
2018-02-28 23:05:30 {"merchant_id":"1490350062","key":"","authCode":"134922115552747426","order_sn":"2018022823053083353","price":300}
2018-02-28 23:17:56 {"merchant_id":"1490350062","key":"","authCode":"134755575851423129","order_sn":"2018022823175627414","price":300}
