2018-05-24 00:03:19 {"merchant_id":"1490350062","key":"","authCode":"134678437642545570","order_sn":"2018052400031939814","price":300}

2018-05-24 01:43:39 {"merchant_id":"1493159782","key":"","authCode":"134707953816714220","order_sn":"2018052401433973194","price":300}

2018-05-24 01:48:37 {"merchant_id":"1490350062","key":"","authCode":"134747710408752556","order_sn":"2018052401483749648","price":300}

2018-05-24 05:20:42 {"merchant_id":"1490350062","key":"","authCode":"135064374413241908","order_sn":"2018052405204277362","price":150}

2018-05-24 06:27:45 {"merchant_id":"1490350062","key":"","authCode":"134779688254161153","order_sn":"2018052406274526453","price":100}

2018-05-24 07:45:36 {"merchant_id":"1493159782","key":"","authCode":"134539333966898005","order_sn":"2018052407453693326","price":28}

2018-05-24 08:16:48 {"merchant_id":"1493159782","key":"","authCode":"134593746631237430","order_sn":"2018052408164843973","price":200}

2018-05-24 08:50:01 {"merchant_id":"1499456762","key":"","authCode":"134545619091471055","order_sn":"2018052408500150885","price":22}

2018-05-24 08:58:34 {"merchant_id":"1499456762","key":"","authCode":"134737229525384863","order_sn":"2018052408583432477","price":14.5}

2018-05-24 09:00:05 {"merchant_id":"1493159782","key":"","authCode":"135096036741022845","order_sn":"2018052409000565332","price":200}

2018-05-24 09:01:58 {"merchant_id":"1499456762","key":"","authCode":"134687169284409970","order_sn":"2018052409015873479","price":8}

2018-05-24 09:46:29 {"merchant_id":"1499456762","key":"","authCode":"134877597104006513","order_sn":"2018052409462946200","price":120}

2018-05-24 09:47:19 {"merchant_id":"1499456762","key":"","authCode":"135010558410213985","order_sn":"2018052409471917126","price":24}

2018-05-24 09:52:54 {"merchant_id":"1499456762","key":"","authCode":"134762103056804111","order_sn":"2018052409525489186","price":7}

2018-05-24 09:59:58 {"merchant_id":"1499456762","key":"","authCode":"134876008061307838","order_sn":"2018052409595845458","price":24}

2018-05-24 10:09:26 {"merchant_id":"1499456762","key":"","authCode":"134764201985074660","order_sn":"2018052410092614158","price":25}

2018-05-24 10:25:16 {"merchant_id":"1499456762","key":"","authCode":"134682378514291370","order_sn":"2018052410251650347","price":10}

2018-05-24 10:34:04 {"merchant_id":"1499456762","key":"","authCode":"134746525622931609","order_sn":"2018052410340491315","price":24}

2018-05-24 10:50:26 {"merchant_id":"1499456762","key":"","authCode":"134953012522913636","order_sn":"2018052410502645416","price":51}

2018-05-24 10:56:35 {"merchant_id":"1499456762","key":"","authCode":"134574023446470804","order_sn":"2018052410563541141","price":17}

2018-05-24 10:57:52 {"merchant_id":"1499456762","key":"","authCode":"134513340226129200","order_sn":"2018052410575224474","price":18}

2018-05-24 11:05:33 {"merchant_id":"1499456762","key":"","authCode":"134685757073245979","order_sn":"2018052411053399565","price":15}

2018-05-24 11:19:25 {"merchant_id":"1499456762","key":"","authCode":"135472488560402925","order_sn":"2018052411192597401","price":38}

2018-05-24 12:12:26 {"merchant_id":"1490350062","key":"","authCode":"134645558523040873","order_sn":"2018052412122644655","price":300}

2018-05-24 12:37:52 {"merchant_id":"1499456762","key":"","authCode":"134577759034824580","order_sn":"2018052412375266597","price":200}

2018-05-24 12:47:04 {"merchant_id":"1499456762","key":"","authCode":"134520758354697247","order_sn":"2018052412470414568","price":27}

2018-05-24 12:57:35 {"merchant_id":"1499456762","key":"","authCode":"134715853026565157","order_sn":"2018052412573557718","price":40}

2018-05-24 13:07:30 {"merchant_id":"1499456762","key":"","authCode":"134636613242563115","order_sn":"2018052413073058630","price":15.5}

2018-05-24 13:23:51 {"merchant_id":"1499456762","key":"","authCode":"134634207500736107","order_sn":"2018052413235148278","price":33}

2018-05-24 13:44:09 {"merchant_id":"1499456762","key":"","authCode":"134680488975101515","order_sn":"2018052413440930831","price":35}

2018-05-24 13:49:14 {"merchant_id":"1499456762","key":"","authCode":"134570619455521470","order_sn":"2018052413491461378","price":12}

2018-05-24 13:56:59 {"merchant_id":"1490350062","key":"","authCode":"134637862293342556","order_sn":"2018052413565923686","price":100}

2018-05-24 14:01:22 {"merchant_id":"1499456762","key":"","authCode":"134531643431107162","order_sn":"2018052414012229879","price":21}

2018-05-24 14:05:21 {"merchant_id":"1499456762","key":"","authCode":"134742613157597263","order_sn":"2018052414052133084","price":4}

2018-05-24 14:09:12 {"merchant_id":"1499456762","key":"","authCode":"134784675943075001","order_sn":"2018052414091251368","price":6}

2018-05-24 14:09:35 {"merchant_id":"1499456762","key":"","authCode":"134597580283459918","order_sn":"2018052414093423380","price":16}

2018-05-24 14:14:53 {"merchant_id":"1499456762","key":"","authCode":"134566594216863457","order_sn":"2018052414145376395","price":8}

2018-05-24 14:22:19 {"merchant_id":"1499456762","key":"","authCode":"134587348915362865","order_sn":"2018052414221987043","price":200}

2018-05-24 14:28:57 {"merchant_id":"1499456762","key":"","authCode":"134586506813565328","order_sn":"2018052414285738250","price":10}

2018-05-24 14:36:22 {"merchant_id":"1499456762","key":"","authCode":"134697994068073205","order_sn":"2018052414362223990","price":25}

2018-05-24 14:38:48 {"merchant_id":"1499456762","key":"","authCode":"134762006754447738","order_sn":"2018052414384842604","price":16}

2018-05-24 14:45:31 {"merchant_id":"1499456762","key":"","authCode":"134638427964018026","order_sn":"2018052414453146684","price":18}

2018-05-24 14:47:58 {"merchant_id":"1499456762","key":"","authCode":"135030706057639011","order_sn":"2018052414475869953","price":18}

2018-05-24 15:24:56 {"merchant_id":"1493159782","key":"","authCode":"134585672980200729","order_sn":"2018052415245679663","price":300}

2018-05-24 15:25:21 {"merchant_id":"1499456762","key":"","authCode":"134577368582205245","order_sn":"2018052415252115296","price":21}

2018-05-24 15:28:39 {"merchant_id":"1499456762","key":"","authCode":"134863969660622713","order_sn":"2018052415283971768","price":17}

2018-05-24 15:36:19 {"merchant_id":"1499456762","key":"","authCode":"134783480771703866","order_sn":"2018052415361948531","price":41.5}

2018-05-24 15:39:07 {"merchant_id":"1499456762","key":"","authCode":"135014808346748304","order_sn":"2018052415390724010","price":23}

2018-05-24 15:46:28 {"merchant_id":"1499456762","key":"","authCode":"134537957801062575","order_sn":"2018052415462897794","price":38}

2018-05-24 15:49:57 {"merchant_id":"1499456762","key":"","authCode":"134952924604378285","order_sn":"2018052415495724594","price":6}

2018-05-24 15:57:40 {"merchant_id":"1499456762","key":"","authCode":"134677269329789439","order_sn":"2018052415574084720","price":45}

2018-05-24 16:02:08 {"merchant_id":"1499456762","key":"","authCode":"134681506428280291","order_sn":"2018052416020842242","price":17}

2018-05-24 16:05:04 {"merchant_id":"1499456762","key":"","authCode":"134776014172994638","order_sn":"2018052416050457052","price":28}

2018-05-24 16:05:33 {"merchant_id":"1493159782","key":"","authCode":"134921524020973636","order_sn":"2018052416053324852","price":100}

2018-05-24 16:06:13 {"merchant_id":"1499456762","key":"","authCode":"134625305603826873","order_sn":"2018052416061387900","price":6}

2018-05-24 16:06:23 {"merchant_id":"1499456762","key":"","authCode":"134751905057854361","order_sn":"2018052416062329069","price":17}

2018-05-24 16:07:20 {"merchant_id":"1499456762","key":"","authCode":"134780812125724754","order_sn":"2018052416072027932","price":7}

2018-05-24 16:07:25 {"merchant_id":"1499456762","key":"","authCode":"134638220743378542","order_sn":"2018052416072549959","price":23}

2018-05-24 16:10:32 {"merchant_id":"1499456762","key":"","authCode":"134656024978388798","order_sn":"2018052416103245552","price":66.5}

2018-05-24 16:13:25 {"merchant_id":"1499456762","key":"","authCode":"134605927662662552","order_sn":"2018052416132571665","price":28}

2018-05-24 16:26:12 {"merchant_id":"1499456762","key":"","authCode":"134595938228779930","order_sn":"2018052416261262175","price":15}

2018-05-24 16:41:56 {"merchant_id":"1499456762","key":"","authCode":"134743677461003783","order_sn":"2018052416415620923","price":200}

2018-05-24 16:46:13 {"merchant_id":"1490350062","key":"","authCode":"134797325541320843","order_sn":"2018052416461326127","price":100}

2018-05-24 16:46:51 {"merchant_id":"1499456762","key":"","authCode":"135186084340918728","order_sn":"2018052416465198614","price":23}

2018-05-24 16:51:14 {"merchant_id":"1499456762","key":"","authCode":"134907028400228471","order_sn":"2018052416511415704","price":14}

2018-05-24 16:52:43 {"merchant_id":"1499456762","key":"","authCode":"134901816310284732","order_sn":"2018052416524353933","price":26}

2018-05-24 16:53:58 {"merchant_id":"1490350062","key":"","authCode":"134642455181693500","order_sn":"2018052416535854126","price":300}

2018-05-24 16:57:15 {"merchant_id":"1499456762","key":"","authCode":"134884711536868285","order_sn":"2018052416571589731","price":54}

2018-05-24 16:59:45 {"merchant_id":"1499456762","key":"","authCode":"134654968353201012","order_sn":"2018052416594592849","price":20}

2018-05-24 17:03:54 {"merchant_id":"1499456762","key":"","authCode":"134867313300456789","order_sn":"2018052417035448983","price":6}

2018-05-24 17:06:12 {"merchant_id":"1499456762","key":"","authCode":"135120801482900292","order_sn":"2018052417061284882","price":15}

2018-05-24 17:07:13 {"merchant_id":"1499456762","key":"","authCode":"134959962032447560","order_sn":"2018052417071329469","price":11}

2018-05-24 17:08:26 {"merchant_id":"1499456762","key":"","authCode":"134661022637479285","order_sn":"2018052417082693179","price":14}

2018-05-24 17:09:35 {"merchant_id":"1499456762","key":"","authCode":"135421535809239137","order_sn":"2018052417093539199","price":39}

2018-05-24 17:11:17 {"merchant_id":"1499456762","key":"","authCode":"134532221121511393","order_sn":"2018052417111765529","price":15}

2018-05-24 17:13:26 {"merchant_id":"1499456762","key":"","authCode":"134545167066271638","order_sn":"2018052417132668699","price":8.5}

2018-05-24 17:18:46 {"merchant_id":"1499456762","key":"","authCode":"134515167773773497","order_sn":"2018052417184625028","price":18}

2018-05-24 17:19:32 {"merchant_id":"1499456762","key":"","authCode":"134518609206057346","order_sn":"2018052417193288513","price":12}

2018-05-24 17:22:29 {"merchant_id":"1499456762","key":"","authCode":"134663555948469933","order_sn":"2018052417222956556","price":21.5}

2018-05-24 17:22:32 {"merchant_id":"1493159782","key":"","authCode":"134922418832484658","order_sn":"2018052417223256042","price":200}

2018-05-24 17:22:42 {"merchant_id":"1499456762","key":"","authCode":"134978580404597547","order_sn":"2018052417224281573","price":7}

2018-05-24 17:33:34 {"merchant_id":"1499456762","key":"","authCode":"134664037607434759","order_sn":"2018052417333436364","price":17}

2018-05-24 17:34:04 {"merchant_id":"1499456762","key":"","authCode":"134900766449341011","order_sn":"2018052417340437774","price":19.5}

2018-05-24 17:40:35 {"merchant_id":"1499456762","key":"","authCode":"134644306824712754","order_sn":"2018052417403544897","price":28}

2018-05-24 17:41:28 {"merchant_id":"1499456762","key":"","authCode":"135165721311372273","order_sn":"2018052417412886817","price":6}

2018-05-24 17:43:08 {"merchant_id":"1499456762","key":"","authCode":"134658254592857549","order_sn":"2018052417430822184","price":40}

2018-05-24 17:50:27 {"merchant_id":"1499456762","key":"","authCode":"134689604252089026","order_sn":"2018052417502722970","price":14}

2018-05-24 17:53:11 {"merchant_id":"1499456762","key":"","authCode":"134646870798929885","order_sn":"2018052417531185006","price":16}

2018-05-24 17:58:39 {"merchant_id":"1499456762","key":"","authCode":"134770487040527159","order_sn":"2018052417583986353","price":14}

2018-05-24 18:00:16 {"merchant_id":"1499456762","key":"","authCode":"134720354636578704","order_sn":"2018052418001671527","price":38}

2018-05-24 18:00:46 {"merchant_id":"1499456762","key":"","authCode":"134780553583916719","order_sn":"2018052418004695600","price":36.5}

2018-05-24 18:02:35 {"merchant_id":"1499456762","key":"","authCode":"134512487850617579","order_sn":"2018052418023524628","price":128}

2018-05-24 18:03:03 {"merchant_id":"1499456762","key":"","authCode":"135055727042831448","order_sn":"2018052418030381841","price":6}

2018-05-24 18:05:27 {"merchant_id":"1499456762","key":"","authCode":"134609042790463588","order_sn":"2018052418052798805","price":46.5}

2018-05-24 18:08:05 {"merchant_id":"1499456762","key":"","authCode":"134633686991644522","order_sn":"2018052418080534534","price":18}

2018-05-24 18:09:01 {"merchant_id":"1499456762","key":"","authCode":"134644593519862307","order_sn":"2018052418090157000","price":8}

2018-05-24 18:16:17 {"merchant_id":"1499456762","key":"","authCode":"134591959032226640","order_sn":"2018052418161743892","price":8}

2018-05-24 18:18:01 {"merchant_id":"1499456762","key":"","authCode":"134915433535804827","order_sn":"2018052418180172030","price":17}

2018-05-24 18:18:29 {"merchant_id":"1499456762","key":"","authCode":"134601966841543847","order_sn":"2018052418182959918","price":16}

2018-05-24 18:20:19 {"merchant_id":"1499456762","key":"","authCode":"135229037349243564","order_sn":"2018052418201987313","price":13}

2018-05-24 18:27:40 {"merchant_id":"1499456762","key":"","authCode":"134884507526243246","order_sn":"2018052418274051943","price":8}

2018-05-24 18:27:58 {"merchant_id":"1499456762","key":"","authCode":"135534812853559903","order_sn":"2018052418275736759","price":10}

2018-05-24 18:29:14 {"merchant_id":"1499456762","key":"","authCode":"134692251875750091","order_sn":"2018052418291458535","price":32}

2018-05-24 18:29:33 {"merchant_id":"1499456762","key":"","authCode":"134645186609582579","order_sn":"2018052418293333789","price":10}

2018-05-24 18:32:04 {"merchant_id":"1499456762","key":"","authCode":"134772119161483520","order_sn":"2018052418320480161","price":40.5}

2018-05-24 18:36:25 {"merchant_id":"1499456762","key":"","authCode":"135000115659361674","order_sn":"2018052418362548457","price":21}

2018-05-24 18:38:31 {"merchant_id":"1499456762","key":"","authCode":"134728330727097951","order_sn":"2018052418383157868","price":36}

2018-05-24 18:41:09 {"merchant_id":"1499456762","key":"","authCode":"134576770611302588","order_sn":"2018052418410938115","price":8}

2018-05-24 18:47:12 {"merchant_id":"1499456762","key":"","authCode":"134663327040996035","order_sn":"2018052418471261291","price":14}

2018-05-24 18:50:54 {"merchant_id":"1499456762","key":"","authCode":"134748218009053558","order_sn":"2018052418505423157","price":47}

2018-05-24 18:52:03 {"merchant_id":"1499456762","key":"","authCode":"135336657975876927","order_sn":"2018052418520388539","price":28.5}

2018-05-24 18:56:11 {"merchant_id":"1499456762","key":"","authCode":"134744407430146470","order_sn":"2018052418561175047","price":17}

2018-05-24 19:03:19 {"merchant_id":"1499456762","key":"","authCode":"134682432804476636","order_sn":"2018052419031965569","price":21}

2018-05-24 19:06:01 {"merchant_id":"1499456762","key":"","authCode":"134743339733898817","order_sn":"2018052419060195817","price":18.5}

2018-05-24 19:23:40 {"merchant_id":"1499456762","key":"","authCode":"134718770156737931","order_sn":"2018052419234085709","price":20}

2018-05-24 19:31:24 {"merchant_id":"1499456762","key":"","authCode":"134736276555254528","order_sn":"2018052419312495822","price":21}

2018-05-24 19:33:48 {"merchant_id":"1499456762","key":"","authCode":"134700440472265946","order_sn":"2018052419334777160","price":38.5}

2018-05-24 19:36:31 {"merchant_id":"1499456762","key":"","authCode":"135603085053728460","order_sn":"2018052419363162117","price":27}

2018-05-24 19:38:51 {"merchant_id":"1499456762","key":"","authCode":"134979407263724002","order_sn":"2018052419385119074","price":12}

2018-05-24 19:44:33 {"merchant_id":"1499456762","key":"","authCode":"134614658555373939","order_sn":"2018052419443360309","price":12}

2018-05-24 19:50:51 {"merchant_id":"1499456762","key":"","authCode":"134652067073422207","order_sn":"2018052419505181683","price":8}

2018-05-24 19:54:13 {"merchant_id":"1499456762","key":"","authCode":"134720524561423631","order_sn":"2018052419541397852","price":24}

2018-05-24 19:57:36 {"merchant_id":"1499456762","key":"","authCode":"134873996241502753","order_sn":"2018052419573610977","price":15}

2018-05-24 19:59:13 {"merchant_id":"1499456762","key":"","authCode":"134746737359758321","order_sn":"2018052419591322927","price":20}

2018-05-24 20:00:47 {"merchant_id":"1499456762","key":"","authCode":"135269156316021348","order_sn":"2018052420004714048","price":228}

2018-05-24 20:00:59 {"merchant_id":"1499456762","key":"","authCode":"135194078179799129","order_sn":"2018052420005994716","price":12}

2018-05-24 20:05:49 {"merchant_id":"1499456762","key":"","authCode":"134743513430552447","order_sn":"2018052420054959815","price":6}

2018-05-24 20:10:19 {"merchant_id":"1499456762","key":"","authCode":"134633902754053331","order_sn":"2018052420101958186","price":12}

2018-05-24 20:10:41 {"merchant_id":"1499456762","key":"","authCode":"134997558157035332","order_sn":"2018052420104143346","price":8}

2018-05-24 20:12:45 {"merchant_id":"1499456762","key":"","authCode":"134918165635881100","order_sn":"2018052420124560554","price":31}

2018-05-24 20:14:12 {"merchant_id":"1499456762","key":"","authCode":"134853494414982416","order_sn":"2018052420141254510","price":7}

2018-05-24 20:15:21 {"merchant_id":"1499456762","key":"","authCode":"134883577459058790","order_sn":"2018052420152072460","price":46}

2018-05-24 20:20:04 {"merchant_id":"1499456762","key":"","authCode":"135500143326662736","order_sn":"2018052420200442544","price":20}

2018-05-24 20:20:27 {"merchant_id":"1499456762","key":"","authCode":"134586987609613002","order_sn":"2018052420202745884","price":29}

2018-05-24 20:25:01 {"merchant_id":"1499456762","key":"","authCode":"134613232558660662","order_sn":"2018052420250162812","price":30}

2018-05-24 20:26:58 {"merchant_id":"1499456762","key":"","authCode":"125032395021632623","order_sn":"2018052420265895155","price":65}

2018-05-24 20:30:30 {"merchant_id":"1499456762","key":"","authCode":"134629700883306666","order_sn":"2018052420303085579","price":18}

2018-05-24 20:31:26 {"merchant_id":"1499456762","key":"","authCode":"134528791608381427","order_sn":"2018052420312644167","price":30}

2018-05-24 20:31:31 {"merchant_id":"1499456762","key":"","authCode":"134524065040363004","order_sn":"2018052420313183657","price":20}

2018-05-24 20:32:02 {"merchant_id":"1490350062","key":"","authCode":"134613587773271526","order_sn":"2018052420320260009","price":300}

2018-05-24 20:37:11 {"merchant_id":"1499456762","key":"","authCode":"135298247698032156","order_sn":"2018052420371125585","price":12}

2018-05-24 20:39:17 {"merchant_id":"1499456762","key":"","authCode":"134796303724609833","order_sn":"2018052420391781840","price":24}

2018-05-24 20:44:02 {"merchant_id":"1499456762","key":"","authCode":"135003903079757697","order_sn":"2018052420440267336","price":8}

2018-05-24 20:51:10 {"merchant_id":"1499456762","key":"","authCode":"135012952378993427","order_sn":"2018052420511098198","price":11}

2018-05-24 20:56:19 {"merchant_id":"2088822285099072","key":"201710BBaa55e11a995b41488709d94fe3bfbX07","authCode":"285527278179751064","order_sn":"2018052420561958409","price":200}

2018-05-24 20:56:19 {"app_id":"2017071207730667","method":"alipay.trade.pay","charset":"utf-8","sign_type":"RSA","app_auth_token":"201710BBaa55e11a995b41488709d94fe3bfbX07","timestamp":"2018-05-24 20:56:19","version":"1.0","biz_content":"{\"out_trade_no\":\"2018052420561958409\",\"scene\":\"bar_code\",\"auth_code\":\"285527278179751064\",\"subject\":\"\\u8ba2\\u5355\\u53f7:2018052420561958409\",\"seller_id\":\"2088822285099072\",\"total_amount\":200,\"extend_params\":{\"sys_service_provider_id\":\"2088721521881652\"}}","sign":"gXfDDSKmScgpRqTUsJv+GPj8cE7qw3pFjmYSad8nGTKVasxABvthPSAnshkcWJulG4V4SUAVV+PUcJHJwrjDduwSn2x0YE5tdH0AbjLxDLDF7eUj3agz1Jq63WQUlIL15c01fkFfg6c6yRgy4uDTVxFOrHcxEjMo1yO046KJC3Q="}

2018-05-24 20:56:20 {"alipay_trade_pay_response":{"code":"10000","msg":"Success","buyer_logon_id":"137****9449","buyer_pay_amount":"200.00","buyer_user_id":"2088032316986875","fund_bill_list":[{"amount":"200.00","fund_channel":"ALIPAYACCOUNT"}],"gmt_payment":"2018-05-24 20:56:19","invoice_amount":"200.00","out_trade_no":"2018052420561958409","point_amount":"0.00","receipt_amount":"200.00","total_amount":"200.00","trade_no":"2018052421001004870249027199"},"sign":"pCFVI6jZkdRWQ8jnkUcmazWtjOOAR+ouACbiGV4C7BibLq58KfCgLCu2xM5SdDCwfvNd5zy5UJjpkT0aqTFgHUtl9I6nbhJEuVYtu4AgLI79g8ANZmEZvFor5krIvhhDusUxKC1dMGgAUFtXcE8f8qQFzSWMbEqGvhOH18+m7bE="}

2018-05-24 21:00:12 {"merchant_id":"1499456762","key":"","authCode":"134646662184171684","order_sn":"2018052421001265274","price":500}

2018-05-24 21:11:41 {"merchant_id":"1499456762","key":"","authCode":"134774914994549091","order_sn":"2018052421114168340","price":21.5}

2018-05-24 21:22:10 {"merchant_id":"1499456762","key":"","authCode":"134578342214478076","order_sn":"2018052421220932828","price":15}

2018-05-24 21:34:46 {"merchant_id":"1499456762","key":"","authCode":"134978520780471719","order_sn":"2018052421344699918","price":24.5}

2018-05-24 22:23:58 {"merchant_id":"1490350062","key":"","authCode":"135491582711815510","order_sn":"2018052422235892727","price":300}

2018-05-24 22:38:03 {"merchant_id":"1490350062","key":"","authCode":"134628841102089778","order_sn":"2018052422380348892","price":300}

2018-05-24 23:18:12 {"merchant_id":"1490350062","key":"","authCode":"134742730045510825","order_sn":"2018052423181274675","price":300}

2018-05-24 23:32:46 {"merchant_id":"2088822285099072","key":"201710BBaa55e11a995b41488709d94fe3bfbX07","authCode":"288035576004793260","order_sn":"2018052423324511087","price":300}

2018-05-24 23:32:46 {"app_id":"2017071207730667","method":"alipay.trade.pay","charset":"utf-8","sign_type":"RSA","app_auth_token":"201710BBaa55e11a995b41488709d94fe3bfbX07","timestamp":"2018-05-24 23:32:46","version":"1.0","biz_content":"{\"out_trade_no\":\"2018052423324511087\",\"scene\":\"bar_code\",\"auth_code\":\"288035576004793260\",\"subject\":\"\\u8ba2\\u5355\\u53f7:2018052423324511087\",\"seller_id\":\"2088822285099072\",\"total_amount\":300,\"extend_params\":{\"sys_service_provider_id\":\"2088721521881652\"}}","sign":"ly03x6NiMEH\/\/4xZvAUR\/Fo+qW37j5oMZfCPbPQ+FDBTYu+I\/pIfPxegh962moCGGuTaWXcOQhCFBgPDiq5NhYoFbyJ+q9sW4H4766jjnmOfWlwG+xUxEE2ng6OFxCJbiBMQDfTrUvxjCktU8P7uQxmVnP0HlmFsBRbBtHTy8tk="}

2018-05-24 23:32:47 {"alipay_trade_pay_response":{"code":"10000","msg":"Success","buyer_logon_id":"177****6888","buyer_pay_amount":"300.00","buyer_user_id":"2088122669460165","fund_bill_list":[{"amount":"300.00","fund_channel":"PCREDIT"}],"gmt_payment":"2018-05-24 23:32:47","invoice_amount":"300.00","out_trade_no":"2018052423324511087","point_amount":"0.00","receipt_amount":"300.00","total_amount":"300.00","trade_no":"2018052421001004160268229436"},"sign":"U0JzR3RTF/nMHlmt5gIbjIi/KQGBW8zwL/3XfdAxDZ/VfCN8kIME25ssr04XkF9eQibl2Q/BWvtcn/d+qMbE/7zaRVLpE9/Ami7u6sx5DEEnFX4wy+/lMLnkAfuYKdP5QMSTTgSIEoHZtAMrm7KE4E41AkJXhA1AHmH/NoULiqM="}

