2018-06-12 00:00:44 {"merchant_id":"1490350062","key":"","authCode":"134623009259164412","order_sn":"2018061200004463263","price":600}

2018-06-12 02:36:20 {"merchant_id":"1490350062","key":"","authCode":"134562933974007339","order_sn":"2018061202362038145","price":300}

2018-06-12 02:38:27 {"merchant_id":"1493159782","key":"","authCode":"135224871083841489","order_sn":"2018061202382789980","price":300}

2018-06-12 07:38:00 {"merchant_id":"1499456762","key":"","authCode":"134640891943148567","order_sn":"2018061207380082802","price":8}

2018-06-12 07:38:09 {"merchant_id":"1499456762","key":"","authCode":"134718356469039731","order_sn":"2018061207380994429","price":8}

2018-06-12 07:38:34 {"merchant_id":"1499456762","key":"","authCode":"134781598682842013","order_sn":"2018061207383453790","price":9}

2018-06-12 07:38:57 {"merchant_id":"1499456762","key":"","authCode":"134779400115930036","order_sn":"2018061207385735140","price":8}

2018-06-12 08:49:58 {"merchant_id":"1499456762","key":"","authCode":"134613653497385601","order_sn":"2018061208495817005","price":20}

2018-06-12 08:53:09 {"merchant_id":"1499456762","key":"","authCode":"134871012047021977","order_sn":"2018061208530939019","price":14.5}

2018-06-12 08:58:31 {"merchant_id":"1499456762","key":"","authCode":"134511402669774194","order_sn":"2018061208583164721","price":6}

2018-06-12 09:17:07 {"merchant_id":"1499456762","key":"","authCode":"134581600666634800","order_sn":"2018061209170731153","price":28}

2018-06-12 09:22:12 {"merchant_id":"1499456762","key":"","authCode":"134606775191803494","order_sn":"2018061209221240761","price":13}

2018-06-12 09:41:39 {"merchant_id":"1499456762","key":"","authCode":"134920723184806751","order_sn":"2018061209413912443","price":6}

2018-06-12 10:15:09 {"merchant_id":"1499456762","key":"","authCode":"134621551583913110","order_sn":"2018061210150914455","price":35}

2018-06-12 10:33:31 {"merchant_id":"1499456762","key":"","authCode":"134616446352250195","order_sn":"2018061210333112919","price":28}

2018-06-12 10:47:01 {"merchant_id":"1499456762","key":"","authCode":"134763437125953113","order_sn":"2018061210470143209","price":12}

2018-06-12 12:01:22 {"merchant_id":"1499456762","key":"","authCode":"134769794143208521","order_sn":"2018061212012279552","price":108}

2018-06-12 12:11:34 {"merchant_id":"1499456762","key":"","authCode":"134989144917359755","order_sn":"2018061212113417575","price":38}

2018-06-12 12:14:20 {"merchant_id":"1493159782","key":"","authCode":"135082527588604815","order_sn":"2018061212142031555","price":200}

2018-06-12 12:35:56 {"merchant_id":"1499456762","key":"","authCode":"135168934262662212","order_sn":"2018061212355670380","price":8}

2018-06-12 13:05:22 {"merchant_id":"1499456762","key":"","authCode":"134914315533861488","order_sn":"2018061213052257579","price":5}

2018-06-12 13:07:17 {"merchant_id":"1490350062","key":"","authCode":"134515306368850820","order_sn":"2018061213071758950","price":300}

2018-06-12 13:08:46 {"merchant_id":"2088822285099072","key":"201710BBaa55e11a995b41488709d94fe3bfbX07","authCode":"283599349605451267","order_sn":"2018061213084663052","price":130}

2018-06-12 13:08:46 {"app_id":"2017071207730667","method":"alipay.trade.pay","charset":"utf-8","sign_type":"RSA","app_auth_token":"201710BBaa55e11a995b41488709d94fe3bfbX07","timestamp":"2018-06-12 13:08:46","version":"1.0","biz_content":"{\"out_trade_no\":\"2018061213084663052\",\"scene\":\"bar_code\",\"auth_code\":\"283599349605451267\",\"subject\":\"\\u8ba2\\u5355\\u53f7:2018061213084663052\",\"seller_id\":\"2088822285099072\",\"total_amount\":130,\"extend_params\":{\"sys_service_provider_id\":\"2088721521881652\"}}","sign":"o0ZfNdHBxcTtxxq+QWs+NZmbly\/w8cULL3ADgEBbLb1XD++mTSf291VW8Cp6LnVOWb05mhs7FtB9BGAXvraAf9gKu4O8VFb7fYiokYbES98ymnyRD\/fufgcEuabt7bXwEZoggtnTJKMpp7OOUy3l2spmp6Ld4BuswF0U+m1qJKA="}

2018-06-12 13:08:47 {"alipay_trade_pay_response":{"code":"10000","msg":"Success","buyer_logon_id":"152****7526","buyer_pay_amount":"130.00","buyer_user_id":"2088212982900911","fund_bill_list":[{"amount":"130.00","fund_channel":"PCREDIT"}],"gmt_payment":"2018-06-12 13:08:47","invoice_amount":"130.00","out_trade_no":"2018061213084663052","point_amount":"0.00","receipt_amount":"130.00","total_amount":"130.00","trade_no":"2018061221001004910576371587"},"sign":"I8RiFRFZfx8a82tyjHhSU0iLPgR4r/UdWZkUqlESaesyCsjRoPiLdLQ2/wnJYmylt//17unlFfY7sYaUhWeb9z7ffFvDk/3gmNb1HM+quqwNLlWs0HxpAUkhwFXc+BXLDwFlB3IxcJjrH21r6ClDluJCMAr/CH4MiKCVE5a9CKU="}

2018-06-12 13:10:38 {"merchant_id":"1499456762","key":"","authCode":"135014259150090790","order_sn":"2018061213103845184","price":20}

2018-06-12 13:31:03 {"merchant_id":"1499456762","key":"","authCode":"134743396153127980","order_sn":"2018061213310331374","price":48}

2018-06-12 13:55:49 {"merchant_id":"1499456762","key":"","authCode":"135368729715728236","order_sn":"2018061213554959220","price":14}

2018-06-12 13:59:31 {"merchant_id":"1499456762","key":"","authCode":"134603031102129164","order_sn":"2018061213593129640","price":28}

2018-06-12 14:01:53 {"merchant_id":"1499456762","key":"","authCode":"135340464575980070","order_sn":"2018061214015384816","price":16}

2018-06-12 14:06:40 {"merchant_id":"1499456762","key":"","authCode":"134991152640507219","order_sn":"2018061214064055186","price":8}

2018-06-12 14:20:24 {"merchant_id":"1499456762","key":"","authCode":"134616764151110900","order_sn":"2018061214202436619","price":5}

2018-06-12 14:51:24 {"merchant_id":"1499456762","key":"","authCode":"134715937210737451","order_sn":"2018061214512453212","price":64.5}

2018-06-12 15:45:43 {"merchant_id":"1499456762","key":"","authCode":"135461442039304018","order_sn":"2018061215454355515","price":24}

2018-06-12 16:42:54 {"merchant_id":"1499456762","key":"","authCode":"134972466157816433","order_sn":"2018061216425492686","price":17}

2018-06-12 16:59:03 {"merchant_id":"1499456762","key":"","authCode":"134938117881234595","order_sn":"2018061216590364219","price":13}

2018-06-12 17:03:55 {"merchant_id":"1499456762","key":"","authCode":"134821440016737196","order_sn":"2018061217035564740","price":23}

2018-06-12 17:14:34 {"merchant_id":"1499456762","key":"","authCode":"134705227878516407","order_sn":"2018061217143451998","price":43}

2018-06-12 17:19:49 {"merchant_id":"1499456762","key":"","authCode":"134733611358902582","order_sn":"2018061217194916279","price":13}

2018-06-12 17:42:16 {"merchant_id":"1499456762","key":"","authCode":"134523745063585160","order_sn":"2018061217421695041","price":8}

2018-06-12 17:44:45 {"merchant_id":"1499456762","key":"","authCode":"134585944855292458","order_sn":"2018061217444515139","price":40}

2018-06-12 17:46:40 {"merchant_id":"1499456762","key":"","authCode":"135029534984400195","order_sn":"2018061217464030015","price":32.5}

2018-06-12 17:52:48 {"merchant_id":"1499456762","key":"","authCode":"135230448868320254","order_sn":"2018061217524872185","price":23}

2018-06-12 17:54:43 {"merchant_id":"1499456762","key":"","authCode":"134765166663466066","order_sn":"2018061217544369252","price":43}

2018-06-12 17:58:14 {"merchant_id":"2088822285099072","key":"201710BBaa55e11a995b41488709d94fe3bfbX07","authCode":"281275966047314602","order_sn":"2018061217581378991","price":200}

2018-06-12 17:58:14 {"app_id":"2017071207730667","method":"alipay.trade.pay","charset":"utf-8","sign_type":"RSA","app_auth_token":"201710BBaa55e11a995b41488709d94fe3bfbX07","timestamp":"2018-06-12 17:58:14","version":"1.0","biz_content":"{\"out_trade_no\":\"2018061217581378991\",\"scene\":\"bar_code\",\"auth_code\":\"281275966047314602\",\"subject\":\"\\u8ba2\\u5355\\u53f7:2018061217581378991\",\"seller_id\":\"2088822285099072\",\"total_amount\":200,\"extend_params\":{\"sys_service_provider_id\":\"2088721521881652\"}}","sign":"rJEishGeB2A73ClXXcwnfA3vHMRBrUvxX5ODuKHptH3jQz00wnOvjlGRjEqcJGW9iiPTTbGsMFrdZhG4mz1mPgnFiM6V2UtvdZA0kRfLtMKKMlLTy4cYxN4ZDrkBwgo2aDoRbQAP4Pzd2E1NYSzcdyxkDsCjJlggvPo9ZQcprMQ="}

2018-06-12 17:58:14 {"alipay_trade_pay_response":{"code":"10000","msg":"Success","buyer_logon_id":"794***@qq.com","buyer_pay_amount":"200.00","buyer_user_id":"2088022565818036","fund_bill_list":[{"amount":"200.00","fund_channel":"PCREDIT"}],"gmt_payment":"2018-06-12 17:58:14","invoice_amount":"200.00","out_trade_no":"2018061217581378991","point_amount":"0.00","receipt_amount":"200.00","total_amount":"200.00","trade_no":"2018061221001004030500580254"},"sign":"tDtNc9MBIksaIqqFWSeULpzQHgWzvvlbMP4goMQo252pj6q98GdCuxkfWfDrDVa+e0c4XmT/HRlnuru4B5dz9t24qVTD3u/IUeD4Ru+pJ7ghE4vig1JYcrsBd5K3iji+RoYjF7+hXaRP1bvY7qx1JzWfVQE24dwmI7rZqkfxdoY="}

2018-06-12 18:03:05 {"merchant_id":"1499456762","key":"","authCode":"134515092683636985","order_sn":"2018061218030517626","price":16}

2018-06-12 18:04:56 {"merchant_id":"1499456762","key":"","authCode":"134522064711984788","order_sn":"2018061218045686780","price":30}

2018-06-12 18:08:09 {"merchant_id":"1499456762","key":"","authCode":"134524465196813609","order_sn":"2018061218080980202","price":28}

2018-06-12 18:16:18 {"merchant_id":"1499456762","key":"","authCode":"134552466034703697","order_sn":"2018061218161848304","price":8}

2018-06-12 18:20:29 {"merchant_id":"1499456762","key":"","authCode":"134848355514058245","order_sn":"2018061218202958995","price":38}

2018-06-12 18:25:31 {"merchant_id":"1499456762","key":"","authCode":"134665022384999762","order_sn":"2018061218253127686","price":128}

2018-06-12 18:28:40 {"merchant_id":"2088822285099072","key":"201710BBaa55e11a995b41488709d94fe3bfbX07","authCode":"287483093951232612","order_sn":"2018061218284070237","price":100}

2018-06-12 18:28:40 {"app_id":"2017071207730667","method":"alipay.trade.pay","charset":"utf-8","sign_type":"RSA","app_auth_token":"201710BBaa55e11a995b41488709d94fe3bfbX07","timestamp":"2018-06-12 18:28:40","version":"1.0","biz_content":"{\"out_trade_no\":\"2018061218284070237\",\"scene\":\"bar_code\",\"auth_code\":\"287483093951232612\",\"subject\":\"\\u8ba2\\u5355\\u53f7:2018061218284070237\",\"seller_id\":\"2088822285099072\",\"total_amount\":100,\"extend_params\":{\"sys_service_provider_id\":\"2088721521881652\"}}","sign":"WLyorj5mwy9DBrpN4s9VwAuwF6BXS77RCKwXxZxVNUAaqpRyuDipZQTxRH\/fn1zSJofMkQ3iBLanXl+ORtS+jAl12hCegNg1YE9nUlWag3bqtZweCxORlWfI5lPB4vedqyAVKXQX\/iw0M+ZAu97JyOJsR7j2Q4uBkg9HXfclOpM="}

2018-06-12 18:28:41 {"alipay_trade_pay_response":{"code":"10000","msg":"Success","buyer_logon_id":"151****8111","buyer_pay_amount":"100.00","buyer_user_id":"2088922538941955","fund_bill_list":[{"amount":"100.00","fund_channel":"ALIPAYACCOUNT"}],"gmt_payment":"2018-06-12 18:28:41","invoice_amount":"100.00","out_trade_no":"2018061218284070237","point_amount":"0.00","receipt_amount":"100.00","total_amount":"100.00","trade_no":"2018061221001004950577700506"},"sign":"ZppCX7SiXhXE8U1hgVOdebbvVAfaYDb06UWnuiXDbLC3gWh2Y5zXvpPKXsriLlwUuqA4ndww9HJK8ydWb6xDqmWvGO7Mx7fOnsDG6GPF4fGypFNtYvVrHf9JQ8DcvycKoNKKYf5IiH2LxXxTrNsl9eyfcn6SWAhW43G3mrIFu5U="}

2018-06-12 19:01:30 {"merchant_id":"1499456762","key":"","authCode":"135036013680750671","order_sn":"2018061219013036265","price":98}

2018-06-12 19:04:54 {"merchant_id":"1499456762","key":"","authCode":"134693110378109286","order_sn":"2018061219045393072","price":8}

2018-06-12 19:05:03 {"merchant_id":"1499456762","key":"","authCode":"134717854579515981","order_sn":"2018061219050375595","price":31}

2018-06-12 19:05:04 {"merchant_id":"1499456762","key":"","authCode":"134714679285199730","order_sn":"2018061219050424239","price":30}

2018-06-12 19:07:24 {"merchant_id":"1490350062","key":"","authCode":"134677630132291618","order_sn":"2018061219072421958","price":79}

2018-06-12 19:07:30 {"merchant_id":"1499456762","key":"","authCode":"134644798440033978","order_sn":"2018061219073020873","price":13}

2018-06-12 19:09:31 {"merchant_id":"1499456762","key":"","authCode":"134552779461681936","order_sn":"2018061219093063422","price":27}

2018-06-12 19:12:16 {"merchant_id":"1499456762","key":"","authCode":"134654033278748927","order_sn":"2018061219121640338","price":12}

2018-06-12 19:16:35 {"merchant_id":"1499456762","key":"","authCode":"134595117517354902","order_sn":"2018061219163571297","price":14}

2018-06-12 19:22:41 {"merchant_id":"1499456762","key":"","authCode":"134634526332975620","order_sn":"2018061219224121157","price":19}

2018-06-12 19:32:40 {"merchant_id":"1499456762","key":"","authCode":"134768239680755262","order_sn":"2018061219324080158","price":28}

2018-06-12 19:33:50 {"merchant_id":"1499456762","key":"","authCode":"134641571220954329","order_sn":"2018061219335081211","price":20}

2018-06-12 19:41:16 {"merchant_id":"1499456762","key":"","authCode":"134876164874497533","order_sn":"2018061219411617065","price":12}

2018-06-12 19:46:42 {"merchant_id":"1499456762","key":"","authCode":"134665679068042477","order_sn":"2018061219464216017","price":119}

2018-06-12 19:48:12 {"merchant_id":"1499456762","key":"","authCode":"134761213976667239","order_sn":"2018061219481236026","price":12}

2018-06-12 19:50:03 {"merchant_id":"1499456762","key":"","authCode":"134979340483162592","order_sn":"2018061219500238470","price":19}

2018-06-12 20:00:38 {"merchant_id":"1499456762","key":"","authCode":"134776779080633878","order_sn":"2018061220003862978","price":18}

2018-06-12 20:04:03 {"merchant_id":"1499456762","key":"","authCode":"135125743796046718","order_sn":"2018061220040350068","price":13}

2018-06-12 20:06:15 {"merchant_id":"1499456762","key":"","authCode":"134998668094391588","order_sn":"2018061220061526785","price":41}

2018-06-12 20:16:18 {"merchant_id":"1499456762","key":"","authCode":"134624427850838443","order_sn":"2018061220161815851","price":11}

2018-06-12 20:17:08 {"merchant_id":"1490350062","key":"","authCode":"134678835965466033","order_sn":"2018061220170819368","price":500}

2018-06-12 20:18:34 {"merchant_id":"1499456762","key":"","authCode":"134844075678189914","order_sn":"2018061220183451097","price":10}

2018-06-12 20:19:56 {"merchant_id":"1499456762","key":"","authCode":"135410297206018933","order_sn":"2018061220195622652","price":21}

2018-06-12 20:21:35 {"merchant_id":"1499456762","key":"","authCode":"134623572959788252","order_sn":"2018061220213514284","price":23}

2018-06-12 20:21:54 {"merchant_id":"1490350062","key":"","authCode":"134670350631954254","order_sn":"2018061220215449584","price":148}

2018-06-12 20:28:27 {"merchant_id":"1499456762","key":"","authCode":"134594805621275589","order_sn":"2018061220282787296","price":23}

2018-06-12 20:31:49 {"merchant_id":"1499456762","key":"","authCode":"134938358641029541","order_sn":"2018061220314964459","price":18}

2018-06-12 20:32:50 {"merchant_id":"1499456762","key":"","authCode":"135039149001597675","order_sn":"2018061220325090304","price":11}

2018-06-12 20:35:18 {"merchant_id":"1499456762","key":"","authCode":"134664647011925123","order_sn":"2018061220351838760","price":8}

2018-06-12 20:48:58 {"merchant_id":"1499456762","key":"","authCode":"134719103267605363","order_sn":"2018061220485841342","price":23}

2018-06-12 20:50:51 {"merchant_id":"1499456762","key":"","authCode":"134687157192286811","order_sn":"2018061220505195238","price":20}

2018-06-12 20:53:42 {"merchant_id":"1499456762","key":"","authCode":"134997969870932949","order_sn":"2018061220534233031","price":23.5}

2018-06-12 20:55:54 {"merchant_id":"1499456762","key":"","authCode":"135033157114681896","order_sn":"2018061220555491322","price":15}

2018-06-12 20:59:33 {"merchant_id":"1499456762","key":"","authCode":"134927299747638644","order_sn":"2018061220593338857","price":7}

2018-06-12 21:01:57 {"merchant_id":"1499456762","key":"","authCode":"134566282323045353","order_sn":"2018061221015793527","price":4}

2018-06-12 21:05:30 {"merchant_id":"1499456762","key":"","authCode":"135417647200552479","order_sn":"2018061221053045905","price":18}

2018-06-12 21:07:14 {"merchant_id":"1499456762","key":"","authCode":"134886503636174429","order_sn":"2018061221071472091","price":9}

2018-06-12 21:14:43 {"merchant_id":"1499456762","key":"","authCode":"136240535424973923","order_sn":"2018061221144374716","price":10}

2018-06-12 21:23:38 {"merchant_id":"1499456762","key":"","authCode":"134763186765960258","order_sn":"2018061221233899446","price":42}

2018-06-12 21:29:07 {"merchant_id":"1499456762","key":"","authCode":"134551042474759538","order_sn":"2018061221290750089","price":9}

2018-06-12 21:34:56 {"merchant_id":"1499456762","key":"","authCode":"134610684590119426","order_sn":"2018061221345693754","price":14}

2018-06-12 21:45:32 {"merchant_id":"1499456762","key":"","authCode":"135010921683729125","order_sn":"2018061221453256844","price":33.5}

2018-06-12 21:50:27 {"merchant_id":"1499456762","key":"","authCode":"134801637179635445","order_sn":"2018061221502746007","price":9}

2018-06-12 21:53:02 {"merchant_id":"1499456762","key":"","authCode":"134729197667547380","order_sn":"2018061221530290305","price":31.5}

2018-06-12 21:54:29 {"merchant_id":"1499456762","key":"","authCode":"134609986276822847","order_sn":"2018061221542994246","price":36}

2018-06-12 22:36:43 {"merchant_id":"1490350062","key":"","authCode":"135479715102719820","order_sn":"2018061222364357239","price":300}

2018-06-12 23:15:38 {"merchant_id":"1493159782","key":"","authCode":"134604034215557784","order_sn":"2018061223153885159","price":600}

2018-06-12 23:23:00 {"merchant_id":"1490350062","key":"","authCode":"134764647104997912","order_sn":"2018061223230020711","price":300}

2018-06-12 23:23:29 {"merchant_id":"2088822285099072","key":"201710BBaa55e11a995b41488709d94fe3bfbX07","authCode":"289553730962877658","order_sn":"2018061223232949739","price":300}

2018-06-12 23:23:29 {"app_id":"2017071207730667","method":"alipay.trade.pay","charset":"utf-8","sign_type":"RSA","app_auth_token":"201710BBaa55e11a995b41488709d94fe3bfbX07","timestamp":"2018-06-12 23:23:29","version":"1.0","biz_content":"{\"out_trade_no\":\"2018061223232949739\",\"scene\":\"bar_code\",\"auth_code\":\"289553730962877658\",\"subject\":\"\\u8ba2\\u5355\\u53f7:2018061223232949739\",\"seller_id\":\"2088822285099072\",\"total_amount\":300,\"extend_params\":{\"sys_service_provider_id\":\"2088721521881652\"}}","sign":"XaL74HIiOuAOlppFtDFvXU6jC6D+vbZiKTnCbKRZSMnfuWCoQSS1wPAs51bVU8nzIhI8eRzh\/t6BD9ennCmGB0yfUfK0l\/iOqNWQ7ZhmZcGFlLeKS+iwHDwJwwe454TxmDJ04Qybm8IZ\/Akw1qFcYoNTVUYtPwpSg3M0LNhI9Zg="}

2018-06-12 23:23:31 {"alipay_trade_pay_response":{"code":"10003","msg":" order success pay inprocess","buyer_logon_id":"183****7855","buyer_pay_amount":"0.00","buyer_user_id":"2088822701859787","invoice_amount":"0.00","out_trade_no":"2018061223232949739","point_amount":"0.00","receipt_amount":"0.00","total_amount":"300.00","trade_no":"2018061221001004780566945642"},"sign":"qfZE5LfpCR0u7quDaKZNq8wVvLbwPEbdWW0x63cAIoxI4nbCT32w7MuOiVBUzcmXTLf0ZpyqLjmSya9JrBwQcVkaOkHGHiwzKKv3bGhZQg9VIrNA690LNd7hoiBVMj9C/E1s7u9MFZz/z+y3UTNlRS9bT6KJnL7L+WDiv54QYRY="}

2018-06-12 23:23:31 {"alipay_trade_query_response":{"code":"10000","msg":"Success","buyer_logon_id":"183****7855","buyer_pay_amount":"0.00","buyer_user_id":"2088822701859787","invoice_amount":"0.00","out_trade_no":"2018061223232949739","point_amount":"0.00","receipt_amount":"0.00","total_amount":"300.00","trade_no":"2018061221001004780566945642","trade_status":"WAIT_BUYER_PAY"},"sign":"YpPbUuUtHdlFRINC/BpU2AqlWVWT4+9ihChUJ1cTS9KAVWERzFBgxjOw2N4t9cpq9V92xsZP10qrYhFbzxacofvxWZkyw6qTTcmPjxXQRvsZbAgzqi3kc85vfPqsmRofTL+ui/bN3DCLgF7A9X9UFDjaRYrUosdY13NYwUiPtQI="}

2018-06-12 23:23:35 {"alipay_trade_query_response":{"code":"10000","msg":"Success","buyer_logon_id":"183****7855","buyer_pay_amount":"0.00","buyer_user_id":"2088822701859787","invoice_amount":"0.00","out_trade_no":"2018061223232949739","point_amount":"0.00","receipt_amount":"0.00","total_amount":"300.00","trade_no":"2018061221001004780566945642","trade_status":"WAIT_BUYER_PAY"},"sign":"YpPbUuUtHdlFRINC/BpU2AqlWVWT4+9ihChUJ1cTS9KAVWERzFBgxjOw2N4t9cpq9V92xsZP10qrYhFbzxacofvxWZkyw6qTTcmPjxXQRvsZbAgzqi3kc85vfPqsmRofTL+ui/bN3DCLgF7A9X9UFDjaRYrUosdY13NYwUiPtQI="}

2018-06-12 23:23:39 {"alipay_trade_query_response":{"code":"10000","msg":"Success","buyer_logon_id":"183****7855","buyer_pay_amount":"0.00","buyer_user_id":"2088822701859787","invoice_amount":"0.00","out_trade_no":"2018061223232949739","point_amount":"0.00","receipt_amount":"0.00","total_amount":"300.00","trade_no":"2018061221001004780566945642","trade_status":"WAIT_BUYER_PAY"},"sign":"YpPbUuUtHdlFRINC/BpU2AqlWVWT4+9ihChUJ1cTS9KAVWERzFBgxjOw2N4t9cpq9V92xsZP10qrYhFbzxacofvxWZkyw6qTTcmPjxXQRvsZbAgzqi3kc85vfPqsmRofTL+ui/bN3DCLgF7A9X9UFDjaRYrUosdY13NYwUiPtQI="}

2018-06-12 23:23:43 {"alipay_trade_query_response":{"code":"10000","msg":"Success","buyer_logon_id":"183****7855","buyer_pay_amount":"0.00","buyer_user_id":"2088822701859787","invoice_amount":"0.00","out_trade_no":"2018061223232949739","point_amount":"0.00","receipt_amount":"0.00","total_amount":"300.00","trade_no":"2018061221001004780566945642","trade_status":"WAIT_BUYER_PAY"},"sign":"YpPbUuUtHdlFRINC/BpU2AqlWVWT4+9ihChUJ1cTS9KAVWERzFBgxjOw2N4t9cpq9V92xsZP10qrYhFbzxacofvxWZkyw6qTTcmPjxXQRvsZbAgzqi3kc85vfPqsmRofTL+ui/bN3DCLgF7A9X9UFDjaRYrUosdY13NYwUiPtQI="}

2018-06-12 23:23:48 {"alipay_trade_query_response":{"code":"10000","msg":"Success","buyer_logon_id":"183****7855","buyer_pay_amount":"0.00","buyer_user_id":"2088822701859787","invoice_amount":"0.00","out_trade_no":"2018061223232949739","point_amount":"0.00","receipt_amount":"0.00","total_amount":"300.00","trade_no":"2018061221001004780566945642","trade_status":"WAIT_BUYER_PAY"},"sign":"YpPbUuUtHdlFRINC/BpU2AqlWVWT4+9ihChUJ1cTS9KAVWERzFBgxjOw2N4t9cpq9V92xsZP10qrYhFbzxacofvxWZkyw6qTTcmPjxXQRvsZbAgzqi3kc85vfPqsmRofTL+ui/bN3DCLgF7A9X9UFDjaRYrUosdY13NYwUiPtQI="}

2018-06-12 23:23:52 {"alipay_trade_query_response":{"code":"10000","msg":"Success","buyer_logon_id":"183****7855","buyer_pay_amount":"0.00","buyer_user_id":"2088822701859787","invoice_amount":"0.00","out_trade_no":"2018061223232949739","point_amount":"0.00","receipt_amount":"0.00","total_amount":"300.00","trade_no":"2018061221001004780566945642","trade_status":"WAIT_BUYER_PAY"},"sign":"YpPbUuUtHdlFRINC/BpU2AqlWVWT4+9ihChUJ1cTS9KAVWERzFBgxjOw2N4t9cpq9V92xsZP10qrYhFbzxacofvxWZkyw6qTTcmPjxXQRvsZbAgzqi3kc85vfPqsmRofTL+ui/bN3DCLgF7A9X9UFDjaRYrUosdY13NYwUiPtQI="}

2018-06-12 23:23:56 {"alipay_trade_query_response":{"code":"10000","msg":"Success","buyer_logon_id":"183****7855","buyer_pay_amount":"0.00","buyer_user_id":"2088822701859787","invoice_amount":"0.00","out_trade_no":"2018061223232949739","point_amount":"0.00","receipt_amount":"0.00","total_amount":"300.00","trade_no":"2018061221001004780566945642","trade_status":"WAIT_BUYER_PAY"},"sign":"YpPbUuUtHdlFRINC/BpU2AqlWVWT4+9ihChUJ1cTS9KAVWERzFBgxjOw2N4t9cpq9V92xsZP10qrYhFbzxacofvxWZkyw6qTTcmPjxXQRvsZbAgzqi3kc85vfPqsmRofTL+ui/bN3DCLgF7A9X9UFDjaRYrUosdY13NYwUiPtQI="}

2018-06-12 23:23:59 {"alipay_trade_query_response":{"code":"10000","msg":"Success","buyer_logon_id":"183****7855","buyer_pay_amount":"0.00","buyer_user_id":"2088822701859787","invoice_amount":"0.00","out_trade_no":"2018061223232949739","point_amount":"0.00","receipt_amount":"0.00","total_amount":"300.00","trade_no":"2018061221001004780566945642","trade_status":"TRADE_CLOSED"},"sign":"WfYpkMeM54BRcBOEHS8m+ZeadEEGfoHoPwT55e8XsmQcK7dzCITK2auv87q6OGObxrb8Sp/GKycpRs2wl2fvGsbEuLa5oP0dnZXKkmyJZKhaThjjZPC779jMjhb8lfxnk2Im9OZ7gm65zeOtm0YSjbk5sq464gbPbZaSeKZPEo4="}

2018-06-12 23:24:09 {"merchant_id":"1490350062","key":"","authCode":"134741377100025247","order_sn":"2018061223240855648","price":100}

2018-06-12 23:24:21 {"merchant_id":"2088822285099072","key":"201710BBaa55e11a995b41488709d94fe3bfbX07","authCode":"286046147455526999","order_sn":"2018061223242176201","price":200}

2018-06-12 23:24:21 {"app_id":"2017071207730667","method":"alipay.trade.pay","charset":"utf-8","sign_type":"RSA","app_auth_token":"201710BBaa55e11a995b41488709d94fe3bfbX07","timestamp":"2018-06-12 23:24:21","version":"1.0","biz_content":"{\"out_trade_no\":\"2018061223242176201\",\"scene\":\"bar_code\",\"auth_code\":\"286046147455526999\",\"subject\":\"\\u8ba2\\u5355\\u53f7:2018061223242176201\",\"seller_id\":\"2088822285099072\",\"total_amount\":200,\"extend_params\":{\"sys_service_provider_id\":\"2088721521881652\"}}","sign":"BpZgY8KMMWEjvP8OyXWAXamItGPrF8VGbhU17Nn3kEBYXWH98QyfqTmkRqjHUvQTIJdQpKBUcCsc\/ylx4G8ypSkgHWnTWJtDW0PivkyHwxDXQds6uXCjdp3FYxPNXAZi6VeqAROKsjyNsv\/tC00qJAk9lc2vZrt6gexcKyoPi1k="}

2018-06-12 23:24:22 {"alipay_trade_pay_response":{"code":"10000","msg":"Success","buyer_logon_id":"183****7855","buyer_pay_amount":"200.00","buyer_user_id":"2088822701859787","fund_bill_list":[{"amount":"200.00","fund_channel":"ALIPAYACCOUNT"}],"gmt_payment":"2018-06-12 23:24:22","invoice_amount":"200.00","out_trade_no":"2018061223242176201","point_amount":"0.00","receipt_amount":"200.00","total_amount":"200.00","trade_no":"2018061221001004780566935267"},"sign":"rKjTEv46OtdopRoi8uMroZjmP+ReVI7LpnxA2DAjBrsUl5JJM4FGri21TBg6jE2/enfcSfvyjrPteaakBCW/G8FufJ8xIZGCjPAAhzuScmWEztJeQtotM5wvqPajkLS5YbSRHJifgfK4i8LOe0FeCJp+sCy0ldgX9QgntuQeuCg="}

2018-06-12 23:26:26 {"merchant_id":"1493159782","key":"","authCode":"134847724478779635","order_sn":"2018061223262668003","price":300}

2018-06-12 23:33:31 {"merchant_id":"1490350062","key":"","authCode":"134840232879962622","order_sn":"2018061223333164867","price":300}

2018-06-12 23:41:23 {"merchant_id":"1493159782","key":"","authCode":"134686833466810678","order_sn":"2018061223412379103","price":300}

2018-06-12 23:42:06 {"merchant_id":"1493159782","key":"","authCode":"134909343848888527","order_sn":"2018061223420644630","price":300}

2018-06-12 23:46:54 {"merchant_id":"1490350062","key":"","authCode":"134778058045489479","order_sn":"2018061223465424180","price":4}

2018-06-12 23:51:43 {"merchant_id":"1490350062","key":"","authCode":"134729394456279366","order_sn":"2018061223514326764","price":300}

