2018-03-24 00:36:21 {"merchant_id":"1490350062","key":"","authCode":"135826535519241952","order_sn":"2018032400362122386","price":100}
2018-03-24 08:37:36 {"merchant_id":"1490350062","key":"","authCode":"135430944050710087","order_sn":"2018032408373650992","price":2}
2018-03-24 09:16:03 {"merchant_id":"1499456762","key":"","authCode":"134617275066486994","order_sn":"2018032409160348177","price":47.5}
2018-03-24 09:28:45 {"merchant_id":"1499456762","key":"","authCode":"134687502519912181","order_sn":"2018032409284512377","price":32}
2018-03-24 09:30:33 {"merchant_id":"1499456762","key":"","authCode":"134764136087992304","order_sn":"2018032409303318227","price":12}
2018-03-24 09:44:37 {"merchant_id":"1499456762","key":"","authCode":"134670864278554182","order_sn":"2018032409443767086","price":15}
2018-03-24 09:57:00 {"merchant_id":"1499456762","key":"","authCode":"134883592647333037","order_sn":"2018032409570041143","price":76}
2018-03-24 10:03:07 {"merchant_id":"1490350062","key":"","authCode":"134918735180761734","order_sn":"2018032410030733142","price":8}
2018-03-24 10:04:56 {"merchant_id":"1499456762","key":"","authCode":"134763134755495324","order_sn":"2018032410045686292","price":12}
2018-03-24 10:06:18 {"merchant_id":"1499456762","key":"","authCode":"134557599530203793","order_sn":"2018032410061816431","price":27}
2018-03-24 10:18:26 {"merchant_id":"2088822285099072","key":"201710BBaa55e11a995b41488709d94fe3bfbX07","authCode":"284986441388625348","order_sn":"2018032410182627056","price":3}
2018-03-24 10:18:26 {"app_id":"2017071207730667","method":"alipay.trade.pay","charset":"utf-8","sign_type":"RSA","app_auth_token":"201710BBaa55e11a995b41488709d94fe3bfbX07","timestamp":"2018-03-24 10:18:26","version":"1.0","biz_content":"{\"out_trade_no\":\"2018032410182627056\",\"scene\":\"bar_code\",\"auth_code\":\"284986441388625348\",\"subject\":\"\\u8ba2\\u5355\\u53f7:2018032410182627056\",\"seller_id\":\"2088822285099072\",\"total_amount\":3,\"extend_params\":{\"sys_service_provider_id\":\"2088721521881652\"}}","sign":"lZJg+MB9N1HpA1fdFpi0vWBOifJiHW6iZTbYDnrrUZH8nnsfRbJP7AitG74m2CI81wZKUBV3KhbtjoEZTT9zAw\/4UNTpz0O05wBu90KWONtdE7uQ98WZYCQCum9a6zF5j01JNOK3l7Ya7zmEL5q7WV8JAJNMP2Xn3m0l0OENs\/U="}
2018-03-24 10:18:27 {"alipay_trade_pay_response":{"code":"10000","msg":"Success","buyer_logon_id":"180****6257","buyer_pay_amount":"3.00","buyer_user_id":"2088922642249958","fund_bill_list":[{"amount":"3.00","fund_channel":"ALIPAYACCOUNT"}],"gmt_payment":"2018-03-24 10:18:27","invoice_amount":"3.00","out_trade_no":"2018032410182627056","point_amount":"0.00","receipt_amount":"3.00","total_amount":"3.00","trade_no":"2018032421001004950538973872"},"sign":"vtwfI4/0r1VWUqRUIIOkgGMSwpCHU6HQYl8L8wW1m+0Yts/saXxBL+den41MIh0bV4ZFV2e08+2Bb/0WKgWK+OsREqWqB4Oj7Fbb3M1hTvR1zdJ3U9MLzfDgc4rcvcO7TQ5QxQiG/heRfkkfEA7ERMX2DgCz7d6+bml65512Tfk="}
2018-03-24 10:22:06 {"merchant_id":"1499456762","key":"","authCode":"134540232866701727","order_sn":"2018032410220673932","price":40}
2018-03-24 10:22:21 {"merchant_id":"1499456762","key":"","authCode":"134606066866350759","order_sn":"2018032410222197683","price":40}
2018-03-24 10:22:51 {"merchant_id":"1499456762","key":"","authCode":"134773121407917762","order_sn":"2018032410225124791","price":28}
2018-03-24 10:23:08 {"merchant_id":"1499456762","key":"","authCode":"134783222662274201","order_sn":"2018032410230871871","price":20}
2018-03-24 10:25:45 {"merchant_id":"1499456762","key":"","authCode":"135312331295332904","order_sn":"2018032410254598075","price":13}
2018-03-24 10:40:16 {"merchant_id":"1499456762","key":"","authCode":"134526742712627536","order_sn":"2018032410401629527","price":28}
2018-03-24 10:53:45 {"merchant_id":"1493159782","key":"","authCode":"134619292173488414","order_sn":"2018032410534566320","price":21}
2018-03-24 11:04:50 {"merchant_id":"2088822285099072","key":"201710BBaa55e11a995b41488709d94fe3bfbX07","authCode":"285415360433524854","order_sn":"2018032411045093815","price":100}
2018-03-24 11:04:50 {"app_id":"2017071207730667","method":"alipay.trade.pay","charset":"utf-8","sign_type":"RSA","app_auth_token":"201710BBaa55e11a995b41488709d94fe3bfbX07","timestamp":"2018-03-24 11:04:50","version":"1.0","biz_content":"{\"out_trade_no\":\"2018032411045093815\",\"scene\":\"bar_code\",\"auth_code\":\"285415360433524854\",\"subject\":\"\\u8ba2\\u5355\\u53f7:2018032411045093815\",\"seller_id\":\"2088822285099072\",\"total_amount\":100,\"extend_params\":{\"sys_service_provider_id\":\"2088721521881652\"}}","sign":"SOq9JZeHLCNrg6GhIPjPoRobLTVjGFWCG0lAtlQZtljXOjw1LV9KGQncO2dzTh8T4ZmDCN2Uz1AQmmcWMV+VWZkti8AiDjXT05dYW81\/B4PIp9qZuLqnqjKATQHkuEQgGtr1tzEtENCkkU90gKwINgtYYb5fzRwaYclFbQ\/wGlI="}
2018-03-24 11:04:51 {"alipay_trade_pay_response":{"code":"10000","msg":"Success","buyer_logon_id":"151****1555","buyer_pay_amount":"100.00","buyer_user_id":"2088032311820758","fund_bill_list":[{"amount":"100.00","fund_channel":"PCREDIT"}],"gmt_payment":"2018-03-24 11:04:51","invoice_amount":"100.00","out_trade_no":"2018032411045093815","point_amount":"0.00","receipt_amount":"100.00","total_amount":"100.00","trade_no":"2018032421001004750569520949"},"sign":"Jo2aDDXyH1lv9fay4jwXaUytQhTUyPcsApjFHHHG9vnCPyQRy3LxrEAsD6qP0Ztb63OMroAazJnQfsoP/OwophPcVJesv5EB6neh5D6QZu3REv51EUNTGw77lp8kSWxbe6Efjt5u0F2MHid6bAgbXwRsfvstviwVm6WkWRLxDn8="}
2018-03-24 11:12:09 {"merchant_id":"1499456762","key":"","authCode":"134778678574564523","order_sn":"2018032411120992851","price":200}
2018-03-24 11:16:09 {"merchant_id":"1499456762","key":"","authCode":"134528198778750398","order_sn":"2018032411160933899","price":6}
2018-03-24 11:30:47 {"merchant_id":"1499456762","key":"","authCode":"134976145325189502","order_sn":"2018032411304746057","price":26}
2018-03-24 11:33:00 {"merchant_id":"1499456762","key":"","authCode":"134930820073583195","order_sn":"2018032411330011320","price":16}
2018-03-24 11:38:15 {"merchant_id":"1499456762","key":"","authCode":"135010860490006455","order_sn":"2018032411381583944","price":42.5}
2018-03-24 11:51:35 {"merchant_id":"1499456762","key":"","authCode":"135184620183744611","order_sn":"2018032411513526214","price":15}
2018-03-24 11:55:05 {"merchant_id":"1499456762","key":"","authCode":"134683632703644953","order_sn":"2018032411550528230","price":15}
2018-03-24 12:18:01 {"merchant_id":"1499456762","key":"","authCode":"134633295780717668","order_sn":"2018032412180111231","price":10}
2018-03-24 12:18:25 {"merchant_id":"1499456762","key":"","authCode":"134960889975642147","order_sn":"2018032412182549901","price":8}
2018-03-24 12:43:53 {"merchant_id":"1499456762","key":"","authCode":"134526062978204048","order_sn":"2018032412435367315","price":26}
2018-03-24 14:04:20 {"merchant_id":"1499456762","key":"","authCode":"134741341778108478","order_sn":"2018032414042095757","price":15}
2018-03-24 14:39:13 {"merchant_id":"1499456762","key":"","authCode":"134521276804726006","order_sn":"2018032414391342161","price":128}
2018-03-24 14:51:09 {"merchant_id":"1499456762","key":"","authCode":"134946652695729388","order_sn":"2018032414510967408","price":15}
2018-03-24 14:56:07 {"merchant_id":"1499456762","key":"","authCode":"134582113037225156","order_sn":"2018032414560747855","price":8}
2018-03-24 15:01:37 {"merchant_id":"1499456762","key":"","authCode":"134943267366221432","order_sn":"2018032415013798336","price":163}
2018-03-24 15:13:35 {"merchant_id":"1499456762","key":"","authCode":"134690717395431780","order_sn":"2018032415133576930","price":45}
2018-03-24 15:14:49 {"merchant_id":"1499456762","key":"","authCode":"134929620610131196","order_sn":"2018032415144968703","price":34}
2018-03-24 15:15:07 {"merchant_id":"1499456762","key":"","authCode":"135094345115567634","order_sn":"2018032415150786771","price":12}
2018-03-24 15:36:32 {"merchant_id":"1499456762","key":"","authCode":"134713288742167651","order_sn":"2018032415363211131","price":30}
2018-03-24 15:50:14 {"merchant_id":"1499456762","key":"","authCode":"134991702225682516","order_sn":"2018032415501488336","price":53}
2018-03-24 15:52:07 {"merchant_id":"1499456762","key":"","authCode":"134633249762169657","order_sn":"2018032415520771890","price":38}
2018-03-24 16:14:20 {"merchant_id":"1499456762","key":"","authCode":"134748110887583416","order_sn":"2018032416142055817","price":20}
2018-03-24 16:15:23 {"merchant_id":"1499456762","key":"","authCode":"134628022935136790","order_sn":"2018032416152399198","price":26}
2018-03-24 16:18:06 {"merchant_id":"1499456762","key":"","authCode":"134616344466035052","order_sn":"2018032416180696402","price":12}
2018-03-24 16:34:53 {"merchant_id":"1499456762","key":"","authCode":"134781063092972511","order_sn":"2018032416345365305","price":16}
2018-03-24 16:46:59 {"merchant_id":"1499456762","key":"","authCode":"134685337060668284","order_sn":"2018032416465932803","price":33}
2018-03-24 16:47:41 {"merchant_id":"1499456762","key":"","authCode":"134614207515711347","order_sn":"2018032416474110988","price":15}
2018-03-24 16:54:57 {"merchant_id":"1499456762","key":"","authCode":"134994892951434746","order_sn":"2018032416545643016","price":96}
2018-03-24 16:56:04 {"merchant_id":"1499456762","key":"","authCode":"134628574057203507","order_sn":"2018032416560472700","price":37}
2018-03-24 16:57:51 {"merchant_id":"1499456762","key":"","authCode":"134674171801429983","order_sn":"2018032416575193826","price":27}
2018-03-24 17:14:44 {"merchant_id":"1499456762","key":"","authCode":"134837552418851262","order_sn":"2018032417144478791","price":42}
2018-03-24 17:15:27 {"merchant_id":"1499456762","key":"","authCode":"135042049320763453","order_sn":"2018032417152712055","price":16}
2018-03-24 17:17:48 {"merchant_id":"1499456762","key":"","authCode":"134704144950876088","order_sn":"2018032417174851951","price":14}
2018-03-24 17:26:56 {"merchant_id":"1499456762","key":"","authCode":"134532791952278039","order_sn":"2018032417265641108","price":198}
2018-03-24 17:28:50 {"merchant_id":"1499456762","key":"","authCode":"134700990549137936","order_sn":"2018032417285010846","price":18}
2018-03-24 17:43:35 {"merchant_id":"1499456762","key":"","authCode":"134770240754903556","order_sn":"2018032417433575520","price":23}
2018-03-24 17:45:07 {"merchant_id":"1499456762","key":"","authCode":"134804355434777088","order_sn":"2018032417450750405","price":59}
2018-03-24 17:57:43 {"merchant_id":"1499456762","key":"","authCode":"134865778245252204","order_sn":"2018032417574377372","price":15}
2018-03-24 17:58:18 {"merchant_id":"1499456762","key":"","authCode":"135006555129780213","order_sn":"2018032417581841428","price":4}
2018-03-24 18:03:46 {"merchant_id":"1499456762","key":"","authCode":"134506246193852378","order_sn":"2018032418034613951","price":8}
2018-03-24 18:07:29 {"merchant_id":"1499456762","key":"","authCode":"134885377236455032","order_sn":"2018032418072882022","price":13}
2018-03-24 18:14:18 {"merchant_id":"1499456762","key":"","authCode":"134688496637354326","order_sn":"2018032418141897693","price":22}
2018-03-24 18:40:45 {"merchant_id":"1499456762","key":"","authCode":"135725805242499720","order_sn":"2018032418404526798","price":24}
2018-03-24 18:50:12 {"merchant_id":"1499456762","key":"","authCode":"134872612558771281","order_sn":"2018032418501255813","price":5}
2018-03-24 18:55:15 {"merchant_id":"1499456762","key":"","authCode":"134613311257656382","order_sn":"2018032418551545414","price":8}
2018-03-24 19:05:51 {"merchant_id":"1499456762","key":"","authCode":"134573288998165926","order_sn":"2018032419055195909","price":16}
2018-03-24 19:43:44 {"merchant_id":"1499456762","key":"","authCode":"135324269479154418","order_sn":"2018032419434484973","price":6}
2018-03-24 19:44:22 {"merchant_id":"1499456762","key":"","authCode":"134775309824535545","order_sn":"2018032419442215432","price":12}
2018-03-24 20:07:52 {"merchant_id":"1499456762","key":"","authCode":"134935504176501005","order_sn":"2018032420075295188","price":22.5}
2018-03-24 20:13:48 {"merchant_id":"1499456762","key":"","authCode":"134608752108592778","order_sn":"2018032420134887501","price":68.5}
2018-03-24 20:32:54 {"merchant_id":"1499456762","key":"","authCode":"135006496900841098","order_sn":"2018032420325420594","price":18.5}
2018-03-24 20:56:35 {"merchant_id":"1499456762","key":"","authCode":"134651648922253374","order_sn":"2018032420563435007","price":17}
2018-03-24 20:59:40 {"merchant_id":"1499456762","key":"","authCode":"134971577352768613","order_sn":"2018032420594012210","price":19}
2018-03-24 21:56:13 {"merchant_id":"1490350062","key":"","authCode":"135065374976256818","order_sn":"2018032421561360802","price":300}
2018-03-24 22:30:17 {"merchant_id":"1490350062","key":"","authCode":"134632772105456218","order_sn":"2018032422301756117","price":200}
