2018-06-10 01:54:13 {"merchant_id":"1490350062","key":"","authCode":"134604966693521734","order_sn":"2018061001541375807","price":300}

2018-06-10 02:46:03 {"merchant_id":"1490350062","key":"","authCode":"134933973702951762","order_sn":"2018061002460359062","price":600}

2018-06-10 08:04:48 {"merchant_id":"1499456762","key":"","authCode":"134843302081435929","order_sn":"2018061008044847387","price":38}

2018-06-10 08:41:31 {"merchant_id":"1499456762","key":"","authCode":"134693104301771954","order_sn":"2018061008413180603","price":16}

2018-06-10 09:09:16 {"merchant_id":"1490350062","key":"","authCode":"134611903662892706","order_sn":"2018061009091646140","price":8}

2018-06-10 09:26:21 {"merchant_id":"1499456762","key":"","authCode":"134668671137222343","order_sn":"2018061009262194426","price":13}

2018-06-10 09:44:28 {"merchant_id":"1499456762","key":"","authCode":"135241862660545699","order_sn":"2018061009442825261","price":22}

2018-06-10 09:48:51 {"merchant_id":"1490350062","key":"","authCode":"134726579403480464","order_sn":"2018061009485186485","price":300}

2018-06-10 09:50:38 {"merchant_id":"1499456762","key":"","authCode":"134511104298877561","order_sn":"2018061009503840877","price":8}

2018-06-10 09:57:16 {"merchant_id":"1499456762","key":"","authCode":"134572255912569414","order_sn":"2018061009571692903","price":128}

2018-06-10 09:58:10 {"merchant_id":"1499456762","key":"","authCode":"134956059497327957","order_sn":"2018061009581087548","price":12}

2018-06-10 09:58:21 {"merchant_id":"1499456762","key":"","authCode":"134583661727196959","order_sn":"2018061009582182441","price":9}

2018-06-10 10:00:49 {"merchant_id":"1499456762","key":"","authCode":"134600757383769163","order_sn":"2018061010004982156","price":68}

2018-06-10 10:05:31 {"merchant_id":"1499456762","key":"","authCode":"135234016013080318","order_sn":"2018061010053166524","price":200}

2018-06-10 10:07:31 {"merchant_id":"1499456762","key":"","authCode":"135256442798526811","order_sn":"2018061010073139084","price":6}

2018-06-10 10:07:52 {"merchant_id":"1499456762","key":"","authCode":"135316306014274985","order_sn":"2018061010075297269","price":15}

2018-06-10 10:16:40 {"merchant_id":"1499456762","key":"","authCode":"134997907176212548","order_sn":"2018061010164034854","price":198}

2018-06-10 10:24:50 {"merchant_id":"2088822285099072","key":"201710BBaa55e11a995b41488709d94fe3bfbX07","authCode":"285631276800302952","order_sn":"2018061010245043351","price":100}

2018-06-10 10:24:50 {"app_id":"2017071207730667","method":"alipay.trade.pay","charset":"utf-8","sign_type":"RSA","app_auth_token":"201710BBaa55e11a995b41488709d94fe3bfbX07","timestamp":"2018-06-10 10:24:50","version":"1.0","biz_content":"{\"out_trade_no\":\"2018061010245043351\",\"scene\":\"bar_code\",\"auth_code\":\"285631276800302952\",\"subject\":\"\\u8ba2\\u5355\\u53f7:2018061010245043351\",\"seller_id\":\"2088822285099072\",\"total_amount\":100,\"extend_params\":{\"sys_service_provider_id\":\"2088721521881652\"}}","sign":"kCl835RlWdPgM1ALrEeTFomD9lFWRbd2rmoX690snqkdWttu7F8IRQMNybxIqvVoWb53AOwmePgKZ+rotavDXKT6xtz7HloMuRiCI6L+wodQpcD\/tj0YbbOlkRFjrUm0fYEdpr0pXEPGCSFdrs47U07Ht8waL21+yFnwz6NbuY4="}

2018-06-10 10:24:51 {"alipay_trade_pay_response":{"code":"10000","msg":"Success","buyer_logon_id":"278***@qq.com","buyer_pay_amount":"100.00","buyer_user_id":"2088102107064126","fund_bill_list":[{"amount":"100.00","fund_channel":"ALIPAYACCOUNT"}],"gmt_payment":"2018-06-10 10:24:51","invoice_amount":"100.00","out_trade_no":"2018061010245043351","point_amount":"0.00","receipt_amount":"100.00","total_amount":"100.00","trade_no":"2018061021001004120582982998"},"sign":"kIf2k/pOuUUElWxROgYDLTMdhnuOERJrqEQAwcvEWzqtX09ffbg7LJN33NbcMfi4m0SemgC7pUXMq79yeZZsEJs4Lvykh0fdr8CebZU7H7lXS0gNLAZlmdM1kCq34t8Eg1faRr+hbmi0fwK7uzgSs9f4FQNXnyMFGi4I8m6ToCM="}

2018-06-10 10:26:06 {"merchant_id":"1499456762","key":"","authCode":"134700075701739482","order_sn":"2018061010260672547","price":11}

2018-06-10 10:27:37 {"merchant_id":"1499456762","key":"","authCode":"134771859643954873","order_sn":"2018061010273680121","price":50}

2018-06-10 10:27:52 {"merchant_id":"1499456762","key":"","authCode":"135063038673198850","order_sn":"2018061010275269234","price":25}

2018-06-10 10:28:56 {"merchant_id":"1499456762","key":"","authCode":"135209726746719172","order_sn":"2018061010285670538","price":213}

2018-06-10 11:15:53 {"merchant_id":"1499456762","key":"","authCode":"134896005048651268","order_sn":"2018061011155341311","price":12}

2018-06-10 11:19:24 {"merchant_id":"1499456762","key":"","authCode":"134729334655500037","order_sn":"2018061011192462757","price":18}

2018-06-10 11:22:42 {"merchant_id":"1499456762","key":"","authCode":"134599374340692268","order_sn":"2018061011224289272","price":32}

2018-06-10 11:23:22 {"merchant_id":"1499456762","key":"","authCode":"134655347042947867","order_sn":"2018061011232257686","price":46}

2018-06-10 11:25:58 {"merchant_id":"1499456762","key":"","authCode":"134652510404814378","order_sn":"2018061011255897262","price":22}

2018-06-10 11:36:50 {"merchant_id":"1499456762","key":"","authCode":"134772532711277097","order_sn":"2018061011365046571","price":11}

2018-06-10 11:38:35 {"merchant_id":"1499456762","key":"","authCode":"134962469146192853","order_sn":"2018061011383563255","price":18.5}

2018-06-10 11:41:02 {"merchant_id":"1499456762","key":"","authCode":"135020160164255201","order_sn":"2018061011410257728","price":16}

2018-06-10 11:51:57 {"merchant_id":"1499456762","key":"","authCode":"134509650245078785","order_sn":"2018061011515627553","price":19}

2018-06-10 12:02:53 {"merchant_id":"1499456762","key":"","authCode":"134937671599683281","order_sn":"2018061012025327643","price":83.5}

2018-06-10 12:05:32 {"merchant_id":"1499456762","key":"","authCode":"135042184237426555","order_sn":"2018061012053211094","price":28}

2018-06-10 12:09:06 {"merchant_id":"1499456762","key":"","authCode":"135537748099405240","order_sn":"2018061012090692632","price":12}

2018-06-10 12:09:31 {"merchant_id":"1499456762","key":"","authCode":"134948095273423917","order_sn":"2018061012093155656","price":21}

2018-06-10 12:10:44 {"merchant_id":"1499456762","key":"","authCode":"134637335895613496","order_sn":"2018061012104470611","price":43}

2018-06-10 12:11:04 {"merchant_id":"1499456762","key":"","authCode":"134655938007026485","order_sn":"2018061012110465771","price":34}

2018-06-10 12:14:51 {"merchant_id":"1499456762","key":"","authCode":"134616945013571059","order_sn":"2018061012145132069","price":28}

2018-06-10 12:21:05 {"merchant_id":"2088822285099072","key":"201710BBaa55e11a995b41488709d94fe3bfbX07","authCode":"284954350422989748","order_sn":"2018061012210490600","price":100}

2018-06-10 12:21:05 {"app_id":"2017071207730667","method":"alipay.trade.pay","charset":"utf-8","sign_type":"RSA","app_auth_token":"201710BBaa55e11a995b41488709d94fe3bfbX07","timestamp":"2018-06-10 12:21:05","version":"1.0","biz_content":"{\"out_trade_no\":\"2018061012210490600\",\"scene\":\"bar_code\",\"auth_code\":\"284954350422989748\",\"subject\":\"\\u8ba2\\u5355\\u53f7:2018061012210490600\",\"seller_id\":\"2088822285099072\",\"total_amount\":100,\"extend_params\":{\"sys_service_provider_id\":\"2088721521881652\"}}","sign":"R710d5ec\/4F7LJQE4cltjAFflWjHGKv58iCyV\/ZzX9J6ciixrhzPrLIVo7bUBNYXpSlTEGg9sAx4qR4hFxC8HCa8at4Sk888YZPfU3\/a\/F1Eg\/WUy2N+w9aHFZTuuYzIuGpIu6HZt3sBEimRKisSF0vingKCmNu+CJCEpMdJF4Y="}

2018-06-10 12:21:05 {"alipay_trade_pay_response":{"code":"10000","msg":"Success","buyer_logon_id":"151****8111","buyer_pay_amount":"100.00","buyer_user_id":"2088922538941955","fund_bill_list":[{"amount":"100.00","fund_channel":"ALIPAYACCOUNT"}],"gmt_payment":"2018-06-10 12:21:05","invoice_amount":"100.00","out_trade_no":"2018061012210490600","point_amount":"0.00","receipt_amount":"100.00","total_amount":"100.00","trade_no":"2018061021001004950563491754"},"sign":"R3U436znpWdFirELVppmcX1qrgO+7bwrKeuSwXvKyWPOAobTszkEqvA2OWHGi71EgkxDuT4QHjZLqRLiT443gI3e34MUXJ2Qyftqxo718xqLVQZOwmRKMseTh9rCLC0qoXHHywSQn1Ztn0j47Mg3P1043+OGCwVVrGD+yh6gUFk="}

2018-06-10 12:35:07 {"merchant_id":"1499456762","key":"","authCode":"134956314122007507","order_sn":"2018061012350793269","price":8}

2018-06-10 12:42:39 {"merchant_id":"1499456762","key":"","authCode":"135021518566886552","order_sn":"2018061012423936419","price":15}

2018-06-10 12:43:14 {"merchant_id":"1499456762","key":"","authCode":"134792871137406277","order_sn":"2018061012431491803","price":15}

2018-06-10 12:43:49 {"merchant_id":"1499456762","key":"","authCode":"135196627653555902","order_sn":"2018061012434969100","price":15}

2018-06-10 12:43:51 {"merchant_id":"1499456762","key":"","authCode":"135196627653555902","order_sn":"2018061012435135434","price":15}

2018-06-10 12:50:06 {"merchant_id":"1499456762","key":"","authCode":"134612127929695622","order_sn":"2018061012500675411","price":8}

2018-06-10 13:06:57 {"merchant_id":"1490350062","key":"","authCode":"134698285268899592","order_sn":"2018061013065726813","price":300}

2018-06-10 13:27:40 {"merchant_id":"1499456762","key":"","authCode":"134649516672022072","order_sn":"2018061013274066971","price":47}

2018-06-10 13:28:00 {"merchant_id":"1499456762","key":"","authCode":"134736627918792984","order_sn":"2018061013280057389","price":20}

2018-06-10 13:50:32 {"merchant_id":"1490350062","key":"","authCode":"135315459067404312","order_sn":"2018061013503275137","price":640}

2018-06-10 13:56:53 {"merchant_id":"1499456762","key":"","authCode":"134938140039504539","order_sn":"2018061013565314725","price":15}

2018-06-10 14:03:29 {"merchant_id":"1499456762","key":"","authCode":"134872954184548392","order_sn":"2018061014032974124","price":43}

2018-06-10 14:10:53 {"merchant_id":"1499456762","key":"","authCode":"134623398711988063","order_sn":"2018061014105331713","price":4}

2018-06-10 14:12:41 {"merchant_id":"1490350062","key":"","authCode":"134662116768471607","order_sn":"2018061014124150995","price":200}

2018-06-10 14:16:06 {"merchant_id":"1490350062","key":"","authCode":"134808755489284403","order_sn":"2018061014160640608","price":200}

2018-06-10 14:18:26 {"merchant_id":"1499456762","key":"","authCode":"134641098325597343","order_sn":"2018061014182622191","price":16}

2018-06-10 14:34:20 {"merchant_id":"1490350062","key":"","authCode":"134596225416977284","order_sn":"2018061014342027593","price":200}

2018-06-10 14:55:06 {"merchant_id":"1499456762","key":"","authCode":"135346853136915226","order_sn":"2018061014550678648","price":85}

2018-06-10 14:59:26 {"merchant_id":"1499456762","key":"","authCode":"134646935038237736","order_sn":"2018061014592695506","price":12}

2018-06-10 15:20:33 {"merchant_id":"1499456762","key":"","authCode":"134752122826533993","order_sn":"2018061015203330020","price":36}

2018-06-10 15:45:19 {"merchant_id":"1499456762","key":"","authCode":"135587493674698805","order_sn":"2018061015451921139","price":12}

2018-06-10 16:16:44 {"merchant_id":"1499456762","key":"","authCode":"134633438376808175","order_sn":"2018061016164473214","price":11}

2018-06-10 16:17:53 {"merchant_id":"1499456762","key":"","authCode":"134669206625589039","order_sn":"2018061016175391171","price":283}

2018-06-10 16:21:26 {"merchant_id":"1499456762","key":"","authCode":"134727942298891459","order_sn":"2018061016212686971","price":20}

2018-06-10 16:22:34 {"merchant_id":"1499456762","key":"","authCode":"134517882686571815","order_sn":"2018061016223326844","price":128}

2018-06-10 16:31:50 {"merchant_id":"1499456762","key":"","authCode":"134550249945823799","order_sn":"2018061016315065276","price":30}

2018-06-10 16:34:12 {"merchant_id":"1499456762","key":"","authCode":"134542680019886135","order_sn":"2018061016341213575","price":17}

2018-06-10 16:37:07 {"merchant_id":"1499456762","key":"","authCode":"135115373697900766","order_sn":"2018061016370776059","price":6}

2018-06-10 16:41:22 {"merchant_id":"1499456762","key":"","authCode":"134972177081457081","order_sn":"2018061016412260541","price":15}

2018-06-10 16:44:41 {"merchant_id":"1499456762","key":"","authCode":"134648223951045230","order_sn":"2018061016444191831","price":15}

2018-06-10 16:47:44 {"merchant_id":"1499456762","key":"","authCode":"134614301774816877","order_sn":"2018061016474499042","price":15}

2018-06-10 17:01:20 {"merchant_id":"1499456762","key":"","authCode":"134527880750297981","order_sn":"2018061017012049709","price":30}

2018-06-10 17:02:24 {"merchant_id":"1499456762","key":"","authCode":"134654707246589886","order_sn":"2018061017022499825","price":8}

2018-06-10 17:05:53 {"merchant_id":"1499456762","key":"","authCode":"134634342598542791","order_sn":"2018061017055380777","price":28}

2018-06-10 17:08:16 {"merchant_id":"1499456762","key":"","authCode":"134727215764378679","order_sn":"2018061017081674042","price":23}

2018-06-10 17:16:48 {"merchant_id":"1499456762","key":"","authCode":"134626276562360676","order_sn":"2018061017164777937","price":30.5}

2018-06-10 17:37:30 {"merchant_id":"1499456762","key":"","authCode":"134546396754123761","order_sn":"2018061017373015037","price":17.5}

2018-06-10 17:38:15 {"merchant_id":"1499456762","key":"","authCode":"134826095883814779","order_sn":"2018061017381571574","price":57}

2018-06-10 17:54:43 {"merchant_id":"1499456762","key":"","authCode":"134545670855226608","order_sn":"2018061017544374524","price":53}

2018-06-10 17:55:08 {"merchant_id":"1499456762","key":"","authCode":"134734391440693060","order_sn":"2018061017550830366","price":25.5}

2018-06-10 17:57:21 {"merchant_id":"1499456762","key":"","authCode":"134763444368844875","order_sn":"2018061017572167978","price":23}

2018-06-10 17:58:20 {"merchant_id":"1499456762","key":"","authCode":"134616207891229755","order_sn":"2018061017582057400","price":8}

2018-06-10 18:06:33 {"merchant_id":"1499456762","key":"","authCode":"135012798816108871","order_sn":"2018061018063322437","price":5}

2018-06-10 18:19:45 {"merchant_id":"1499456762","key":"","authCode":"134864552817169965","order_sn":"2018061018194559183","price":25}

2018-06-10 18:20:11 {"merchant_id":"1499456762","key":"","authCode":"134637939605369845","order_sn":"2018061018201122889","price":56}

2018-06-10 18:20:58 {"merchant_id":"1499456762","key":"","authCode":"134744984712620605","order_sn":"2018061018205830778","price":40}

2018-06-10 18:22:16 {"merchant_id":"1493159782","key":"","authCode":"134528756071231398","order_sn":"2018061018221691814","price":600}

2018-06-10 18:27:41 {"merchant_id":"1499456762","key":"","authCode":"134709855787100886","order_sn":"2018061018274143189","price":35}

2018-06-10 18:29:38 {"merchant_id":"1499456762","key":"","authCode":"135001941325813093","order_sn":"2018061018293832150","price":9}

2018-06-10 18:30:37 {"merchant_id":"1499456762","key":"","authCode":"134526286328298934","order_sn":"2018061018303731058","price":20}

2018-06-10 18:34:13 {"merchant_id":"1499456762","key":"","authCode":"134639613672436478","order_sn":"2018061018341374730","price":5}

2018-06-10 18:38:15 {"merchant_id":"1499456762","key":"","authCode":"134787652538428956","order_sn":"2018061018381558768","price":30}

2018-06-10 18:38:50 {"merchant_id":"1499456762","key":"","authCode":"134690717105767328","order_sn":"2018061018385040554","price":23}

2018-06-10 18:41:06 {"merchant_id":"1499456762","key":"","authCode":"134779746419160263","order_sn":"2018061018410612172","price":20}

2018-06-10 18:47:08 {"merchant_id":"1499456762","key":"","authCode":"134764892590220086","order_sn":"2018061018470820127","price":20}

2018-06-10 18:49:42 {"merchant_id":"1490350062","key":"","authCode":"134575854010137320","order_sn":"2018061018494234741","price":300}

2018-06-10 18:51:57 {"merchant_id":"1499456762","key":"","authCode":"134891578732209309","order_sn":"2018061018515787467","price":128}

2018-06-10 18:52:25 {"merchant_id":"1499456762","key":"","authCode":"134597106209817898","order_sn":"2018061018522486274","price":5}

2018-06-10 19:06:07 {"merchant_id":"1499456762","key":"","authCode":"134744084658616351","order_sn":"2018061019060754679","price":13}

2018-06-10 19:06:23 {"merchant_id":"1499456762","key":"","authCode":"134898414463513643","order_sn":"2018061019062291751","price":8}

2018-06-10 19:06:57 {"merchant_id":"1499456762","key":"","authCode":"134843102269611746","order_sn":"2018061019065744627","price":21}

2018-06-10 19:07:22 {"merchant_id":"1499456762","key":"","authCode":"134714743223056537","order_sn":"2018061019072281827","price":21}

2018-06-10 19:10:45 {"merchant_id":"1499456762","key":"","authCode":"134921283096739488","order_sn":"2018061019104561302","price":9}

2018-06-10 19:12:32 {"merchant_id":"1490350062","key":"","authCode":"134969455023727452","order_sn":"2018061019123285207","price":200}

2018-06-10 19:14:17 {"merchant_id":"1499456762","key":"","authCode":"134771930468222583","order_sn":"2018061019141767734","price":36}

2018-06-10 19:14:40 {"merchant_id":"1499456762","key":"","authCode":"134563733079771047","order_sn":"2018061019144021548","price":16}

2018-06-10 19:15:29 {"merchant_id":"1499456762","key":"","authCode":"134642816236149871","order_sn":"2018061019152956775","price":8}

2018-06-10 19:18:25 {"merchant_id":"1499456762","key":"","authCode":"134824142581034439","order_sn":"2018061019182566546","price":13}

2018-06-10 19:20:10 {"merchant_id":"1499456762","key":"","authCode":"134654955523412770","order_sn":"2018061019201085132","price":8}

2018-06-10 19:22:45 {"merchant_id":"1499456762","key":"","authCode":"134686974148995455","order_sn":"2018061019224565979","price":38}

2018-06-10 19:24:41 {"merchant_id":"1499456762","key":"","authCode":"135008994557107874","order_sn":"2018061019244143487","price":10}

2018-06-10 19:26:16 {"merchant_id":"1499456762","key":"","authCode":"135022433361086608","order_sn":"2018061019261696346","price":42}

2018-06-10 19:28:42 {"merchant_id":"1499456762","key":"","authCode":"134644706286050534","order_sn":"2018061019284285512","price":16}

2018-06-10 19:35:32 {"merchant_id":"1499456762","key":"","authCode":"134631263968714590","order_sn":"2018061019353247664","price":8}

2018-06-10 19:39:35 {"merchant_id":"1499456762","key":"","authCode":"134756250352449678","order_sn":"2018061019393549432","price":15}

2018-06-10 19:43:55 {"merchant_id":"1499456762","key":"","authCode":"134515983239217266","order_sn":"2018061019435576318","price":38}

2018-06-10 19:46:09 {"merchant_id":"1499456762","key":"","authCode":"135457696956771262","order_sn":"2018061019460971110","price":20}

2018-06-10 19:47:01 {"merchant_id":"1499456762","key":"","authCode":"134721151995837882","order_sn":"2018061019470113795","price":15}

2018-06-10 19:51:31 {"merchant_id":"1499456762","key":"","authCode":"134607347534218110","order_sn":"2018061019513139877","price":8}

2018-06-10 19:56:26 {"merchant_id":"1499456762","key":"","authCode":"135016235328158090","order_sn":"2018061019562649981","price":21}

2018-06-10 20:00:11 {"merchant_id":"1499456762","key":"","authCode":"134635132875560027","order_sn":"2018061020001143126","price":18}

2018-06-10 20:00:50 {"merchant_id":"1499456762","key":"","authCode":"134660220188877829","order_sn":"2018061020005078714","price":8}

2018-06-10 20:03:18 {"merchant_id":"1499456762","key":"","authCode":"135024483696533077","order_sn":"2018061020031889134","price":9}

2018-06-10 20:04:39 {"merchant_id":"1499456762","key":"","authCode":"134585701595196158","order_sn":"2018061020043921575","price":35}

2018-06-10 20:07:56 {"merchant_id":"1499456762","key":"","authCode":"134717069424154128","order_sn":"2018061020075628190","price":8.5}

2018-06-10 20:10:41 {"merchant_id":"1490350062","key":"","authCode":"134646448989393990","order_sn":"2018061020104129917","price":2000}

2018-06-10 20:16:16 {"merchant_id":"1499456762","key":"","authCode":"134612840595063042","order_sn":"2018061020161634855","price":46}

2018-06-10 20:19:20 {"merchant_id":"1499456762","key":"","authCode":"134595880382849999","order_sn":"2018061020192050496","price":12}

2018-06-10 20:20:53 {"merchant_id":"1499456762","key":"","authCode":"134994287017037222","order_sn":"2018061020205331048","price":20}

2018-06-10 20:26:40 {"merchant_id":"1499456762","key":"","authCode":"134616884182574083","order_sn":"2018061020264030716","price":22}

2018-06-10 20:31:51 {"merchant_id":"1499456762","key":"","authCode":"134761965195690127","order_sn":"2018061020315110005","price":20}

2018-06-10 20:31:56 {"merchant_id":"1499456762","key":"","authCode":"134696891754132384","order_sn":"2018061020315635717","price":55}

2018-06-10 20:32:21 {"merchant_id":"1499456762","key":"","authCode":"134994570782164716","order_sn":"2018061020322125731","price":5}

2018-06-10 20:36:31 {"merchant_id":"1499456762","key":"","authCode":"134665059234876351","order_sn":"2018061020363152835","price":27}

2018-06-10 20:39:50 {"merchant_id":"1499456762","key":"","authCode":"134582580828507094","order_sn":"2018061020395012265","price":17}

2018-06-10 20:41:00 {"merchant_id":"1499456762","key":"","authCode":"134946468999950487","order_sn":"2018061020410039608","price":12}

2018-06-10 20:42:27 {"merchant_id":"1499456762","key":"","authCode":"134550436763348908","order_sn":"2018061020422739597","price":15}

2018-06-10 20:44:01 {"merchant_id":"1490350062","key":"","authCode":"134576441243301086","order_sn":"2018061020440138567","price":300}

2018-06-10 20:45:48 {"merchant_id":"1499456762","key":"","authCode":"134939698542400951","order_sn":"2018061020454871997","price":13}

2018-06-10 20:46:39 {"merchant_id":"1499456762","key":"","authCode":"135217081470223989","order_sn":"2018061020463945100","price":27.5}

2018-06-10 20:47:23 {"merchant_id":"1499456762","key":"","authCode":"134736041276819858","order_sn":"2018061020472320971","price":66}

2018-06-10 20:50:28 {"merchant_id":"1499456762","key":"","authCode":"134798700577757202","order_sn":"2018061020502819818","price":11}

2018-06-10 20:50:54 {"merchant_id":"1499456762","key":"","authCode":"134887217333171069","order_sn":"2018061020505440927","price":7}

2018-06-10 20:51:26 {"merchant_id":"1499456762","key":"","authCode":"134739577475962460","order_sn":"2018061020512636653","price":10}

2018-06-10 20:55:33 {"merchant_id":"1499456762","key":"","authCode":"134532969108820348","order_sn":"2018061020553334756","price":8}

2018-06-10 20:56:15 {"merchant_id":"1499456762","key":"","authCode":"134743823292107960","order_sn":"2018061020561581888","price":11}

2018-06-10 21:00:50 {"merchant_id":"1499456762","key":"","authCode":"134546632000126137","order_sn":"2018061021005078642","price":25}

2018-06-10 21:01:42 {"merchant_id":"1499456762","key":"","authCode":"134835708616825846","order_sn":"2018061021014230586","price":8}

2018-06-10 21:02:38 {"merchant_id":"1499456762","key":"","authCode":"134667324898183763","order_sn":"2018061021023880605","price":6}

2018-06-10 21:05:01 {"merchant_id":"1499456762","key":"","authCode":"134717016956300236","order_sn":"2018061021050179887","price":14}

2018-06-10 21:05:46 {"merchant_id":"1499456762","key":"","authCode":"134723860761343579","order_sn":"2018061021054689051","price":8}

2018-06-10 21:08:14 {"merchant_id":"1499456762","key":"","authCode":"135122815199243256","order_sn":"2018061021081445998","price":16}

2018-06-10 21:12:39 {"merchant_id":"1499456762","key":"","authCode":"134923369932271467","order_sn":"2018061021123921670","price":29.5}

2018-06-10 21:13:25 {"merchant_id":"1499456762","key":"","authCode":"134642414241883544","order_sn":"2018061021132553581","price":14}

2018-06-10 21:17:28 {"merchant_id":"1499456762","key":"","authCode":"134839523515842363","order_sn":"2018061021172816262","price":55}

2018-06-10 21:17:57 {"merchant_id":"1499456762","key":"","authCode":"134801568515361747","order_sn":"2018061021175755932","price":7}

2018-06-10 21:19:31 {"merchant_id":"1499456762","key":"","authCode":"135000760655850089","order_sn":"2018061021193152586","price":12.5}

2018-06-10 21:21:15 {"merchant_id":"1499456762","key":"","authCode":"134611064516035493","order_sn":"2018061021211577208","price":39}

2018-06-10 21:22:47 {"merchant_id":"1499456762","key":"","authCode":"134681516520654003","order_sn":"2018061021224755621","price":4}

2018-06-10 21:24:39 {"merchant_id":"1499456762","key":"","authCode":"134969632581927220","order_sn":"2018061021243911086","price":31}

2018-06-10 21:25:21 {"merchant_id":"1499456762","key":"","authCode":"134850555307673603","order_sn":"2018061021252177819","price":15}

2018-06-10 21:25:45 {"merchant_id":"1499456762","key":"","authCode":"134776368816464526","order_sn":"2018061021254564317","price":6}

2018-06-10 21:30:06 {"merchant_id":"1499456762","key":"","authCode":"134616741672580154","order_sn":"2018061021300656809","price":9}

2018-06-10 21:33:52 {"merchant_id":"1499456762","key":"","authCode":"134744217901170783","order_sn":"2018061021335230882","price":13}

2018-06-10 21:33:53 {"merchant_id":"1499456762","key":"","authCode":"134733935982119804","order_sn":"2018061021335353618","price":16}

2018-06-10 21:35:57 {"merchant_id":"1499456762","key":"","authCode":"134614165552143391","order_sn":"2018061021355726314","price":21}

2018-06-10 21:41:25 {"merchant_id":"1499456762","key":"","authCode":"134593834363872676","order_sn":"2018061021412522228","price":8}

2018-06-10 21:41:49 {"merchant_id":"1499456762","key":"","authCode":"135620387374948113","order_sn":"2018061021414993905","price":8}

2018-06-10 21:42:45 {"merchant_id":"1499456762","key":"","authCode":"134712338848087330","order_sn":"2018061021424596360","price":8}

2018-06-10 21:48:41 {"merchant_id":"1499456762","key":"","authCode":"135019927796304717","order_sn":"2018061021484166937","price":44}

2018-06-10 21:50:05 {"merchant_id":"1499456762","key":"","authCode":"134775780594547929","order_sn":"2018061021500581904","price":9}

2018-06-10 21:51:13 {"merchant_id":"1499456762","key":"","authCode":"134647633649030394","order_sn":"2018061021511364880","price":28}

2018-06-10 21:52:45 {"merchant_id":"1499456762","key":"","authCode":"135158148696013178","order_sn":"2018061021524514286","price":9}

2018-06-10 21:56:43 {"merchant_id":"1499456762","key":"","authCode":"134839926852985203","order_sn":"2018061021564318669","price":15}

2018-06-10 21:56:59 {"merchant_id":"1499456762","key":"","authCode":"135165424124216568","order_sn":"2018061021565999532","price":20}

2018-06-10 21:58:38 {"merchant_id":"1490350062","key":"","authCode":"134509325067658069","order_sn":"2018061021583831227","price":300}

2018-06-10 22:11:45 {"merchant_id":"1490350062","key":"","authCode":"135222592843964249","order_sn":"2018061022114576362","price":300}

2018-06-10 22:19:13 {"merchant_id":"1499456762","key":"","authCode":"134849963828471566","order_sn":"2018061022191313772","price":7}

2018-06-10 23:34:24 {"merchant_id":"1490350062","key":"","authCode":"134513758916817539","order_sn":"2018061023342479352","price":100}

2018-06-10 23:46:14 {"merchant_id":"2088821827997030","key":"201711BBc699bef5cde842dba6fa5c6bdc706A03","authCode":"282013078459420357","order_sn":"2018061023461459012","price":300}

2018-06-10 23:46:14 {"app_id":"2017071207730667","method":"alipay.trade.pay","charset":"utf-8","sign_type":"RSA","app_auth_token":"201711BBc699bef5cde842dba6fa5c6bdc706A03","timestamp":"2018-06-10 23:46:14","version":"1.0","biz_content":"{\"out_trade_no\":\"2018061023461459012\",\"scene\":\"bar_code\",\"auth_code\":\"282013078459420357\",\"subject\":\"\\u8ba2\\u5355\\u53f7:2018061023461459012\",\"seller_id\":\"2088821827997030\",\"total_amount\":300,\"extend_params\":{\"sys_service_provider_id\":\"2088721521881652\"}}","sign":"UjdNz6mwL4HSNIgYhKx\/otOPkGlRUyTo9jaijZr\/VfqhBJ2wqBN2wx4Xi8awGBtZTWR4w\/RRGpZdOqYjrbxP5Ggg5N4xQzVRHUQ5uX8bo9mqe195PFi6F1ghK+Y6TQ0WG5D6pzMEbfDVb7g5k0ctCGP\/kq1Vr1zWoMc32\/WbXmA="}

2018-06-10 23:46:16 {"alipay_trade_pay_response":{"code":"10000","msg":"Success","buyer_logon_id":"183****8881","buyer_pay_amount":"300.00","buyer_user_id":"2088712094330586","fund_bill_list":[{"amount":"300.00","fund_channel":"ALIPAYACCOUNT"}],"gmt_payment":"2018-06-10 23:46:16","invoice_amount":"300.00","out_trade_no":"2018061023461459012","point_amount":"0.00","receipt_amount":"300.00","total_amount":"300.00","trade_no":"2018061021001004580572924417"},"sign":"IhqGEmxOHAN4xFr10P8G2cLC68AxZQlJvGvPO8RPwuSRRPgQ7HaBbZjZobfCdLItUm09CKE5MChLtBYcqjh4UG6PsNnL8gYgtKSAcmDNTUzxqXTH3HrBAI2OT0P+gkJIWFV2UCvoS1oLIkwBc72cvt+X9NksQpOqMabXE1xHNgA="}

