2018-03-23 00:09:00 {"merchant_id":"1490350062","key":"","authCode":"134517631967730639","order_sn":"2018032300090030305","price":30}
2018-03-23 07:53:28 {"merchant_id":"1499456762","key":"","authCode":"134643617564686103","order_sn":"2018032307532861316","price":338}
2018-03-23 07:54:51 {"merchant_id":"1499456762","key":"","authCode":"134566608041660530","order_sn":"2018032307545144313","price":162}
2018-03-23 08:29:17 {"merchant_id":"1499456762","key":"","authCode":"134614171318731411","order_sn":"2018032308291759600","price":7.5}
2018-03-23 08:46:48 {"merchant_id":"1499456762","key":"","authCode":"135029062974687653","order_sn":"2018032308464879663","price":7}
2018-03-23 09:33:37 {"merchant_id":"2088822285099072","key":"201710BBaa55e11a995b41488709d94fe3bfbX07","authCode":"280369585387019276","order_sn":"2018032309333757512","price":200}
2018-03-23 09:33:37 {"app_id":"2017071207730667","method":"alipay.trade.pay","charset":"utf-8","sign_type":"RSA","app_auth_token":"201710BBaa55e11a995b41488709d94fe3bfbX07","timestamp":"2018-03-23 09:33:37","version":"1.0","biz_content":"{\"out_trade_no\":\"2018032309333757512\",\"scene\":\"bar_code\",\"auth_code\":\"280369585387019276\",\"subject\":\"\\u8ba2\\u5355\\u53f7:2018032309333757512\",\"seller_id\":\"2088822285099072\",\"total_amount\":200,\"extend_params\":{\"sys_service_provider_id\":\"2088721521881652\"}}","sign":"ARrSkFxi6RJfV2G\/ziG+3nv5XOCM1ah7E0+\/intK4YbbTuMeX8rquZeeiWlPRg3wHVgh4RmCYJK2gwz3HEDAQY6dfo4a6Zz7WNYEPU6HaM\/AXPaleoUHbK0eOTOb41xJu66VX9QuQld0hl5AfRVKoaNJCLlhy4AAHguW4lbzZmo="}
2018-03-23 09:33:39 {"alipay_trade_pay_response":{"code":"10000","msg":"Success","buyer_logon_id":"151****1555","buyer_pay_amount":"199.50","buyer_user_id":"2088032311820758","fund_bill_list":[{"amount":"0.50","fund_channel":"DISCOUNT"},{"amount":"199.50","fund_channel":"PCREDIT"}],"gmt_payment":"2018-03-23 09:33:39","invoice_amount":"199.50","out_trade_no":"2018032309333757512","point_amount":"0.50","receipt_amount":"200.00","total_amount":"200.00","trade_no":"2018032321001004750565623411"},"sign":"VxH0VUF80/mCAdVvRc0CmMx3MI27mstoALTy2e547+nAu/Du+apqfr7lq7GynSpZxArL5ONcSimeLcmx9sYh9GksQX2sGda8tvkqo/97ElQvzqFkrDDUuElXJfLrda6B3RlNZgRaw5GU+iURsMztJho65BN0lGG9iEKXC1dkYZw="}
2018-03-23 09:50:37 {"merchant_id":"1499456762","key":"","authCode":"134663809444058710","order_sn":"2018032309503755896","price":52}
2018-03-23 10:07:40 {"merchant_id":"1499456762","key":"","authCode":"134816285082220370","order_sn":"2018032310074083685","price":200}
2018-03-23 10:11:39 {"merchant_id":"1499456762","key":"","authCode":"134722900948141558","order_sn":"2018032310113994077","price":37}
2018-03-23 10:16:12 {"merchant_id":"2088712805115985","key":"201803BB0afa56b023a940739b27bf1e7a294X98","authCode":"281798126475480284","order_sn":"2018032310161284863","price":249}
2018-03-23 10:16:12 {"app_id":"2017071207730667","method":"alipay.trade.pay","charset":"utf-8","sign_type":"RSA","app_auth_token":"201803BB0afa56b023a940739b27bf1e7a294X98","timestamp":"2018-03-23 10:16:12","version":"1.0","biz_content":"{\"out_trade_no\":\"2018032310161284863\",\"scene\":\"bar_code\",\"auth_code\":\"281798126475480284\",\"subject\":\"\\u8ba2\\u5355\\u53f7:2018032310161284863\",\"seller_id\":\"2088712805115985\",\"total_amount\":249,\"extend_params\":{\"sys_service_provider_id\":\"2088721521881652\"}}","sign":"PyxqNatOIqhgWuaEslNCtkh7CmQLNTkKvMTXQhzxfqQ0iVrwtj+W4RbR2DMtshzMdtHfdGNIzUw17RUGzmUNgmAmbE6VHhztPnXhZgsinmjvhpmEiqkLySSgc73xr91k3JoCUN6Gxr1b7ePdViO\/hKbhbAESJ1IMtdiq\/ZEZlI4="}
2018-03-23 10:16:13 {"alipay_trade_pay_response":{"code":"10000","msg":"Success","buyer_logon_id":"155****5999","buyer_pay_amount":"248.90","buyer_user_id":"2088312378022196","fund_bill_list":[{"amount":"0.10","fund_channel":"DISCOUNT"},{"amount":"248.90","fund_channel":"ALIPAYACCOUNT"}],"gmt_payment":"2018-03-23 10:16:13","invoice_amount":"248.90","out_trade_no":"2018032310161284863","point_amount":"0.10","receipt_amount":"249.00","total_amount":"249.00","trade_no":"2018032321001004190551655210"},"sign":"GIxc+2d3i/lL3uqEnK3YYYNy2NjINvhcNAu/K5MN3p2UE4T++aL7pMPRl9T8ZpxxpLcZy3rIy/khtQ2ld+kxlRX5XC8L79GOI5pZYyNYKvDyBDeE4eafIvtdLZzzhDFH6V3t3bpTrs9PK+KESzxo1UUgPxThE6oiFEs6vR7FU/I="}
2018-03-23 10:41:27 {"merchant_id":"1499456762","key":"","authCode":"134983889981335091","order_sn":"2018032310412752386","price":40}
2018-03-23 10:44:21 {"merchant_id":"1490350062","key":"","authCode":"135037452864962202","order_sn":"2018032310442138790","price":2000}
2018-03-23 10:54:50 {"merchant_id":"1499456762","key":"","authCode":"134524125505151136","order_sn":"2018032310545027916","price":31}
2018-03-23 11:12:32 {"merchant_id":"1499456762","key":"","authCode":"134652318532423467","order_sn":"2018032311123212369","price":23}
2018-03-23 11:13:41 {"merchant_id":"1499456762","key":"","authCode":"134536819205995947","order_sn":"2018032311134189593","price":6}
2018-03-23 11:45:05 {"merchant_id":"1499456762","key":"","authCode":"134883737616040416","order_sn":"2018032311450529035","price":6}
2018-03-23 11:48:12 {"merchant_id":"1490350062","key":"","authCode":"134587013138076002","order_sn":"2018032311481253728","price":200}
2018-03-23 11:48:59 {"merchant_id":"1499456762","key":"","authCode":"135271133324999746","order_sn":"2018032311485950697","price":26}
2018-03-23 11:53:17 {"merchant_id":"1499456762","key":"","authCode":"134689859779506559","order_sn":"2018032311531749093","price":43}
2018-03-23 12:04:23 {"merchant_id":"2088712805115985","key":"201803BB0afa56b023a940739b27bf1e7a294X98","authCode":"284140858542657005","order_sn":"2018032312042394230","price":16}
2018-03-23 12:04:23 {"app_id":"2017071207730667","method":"alipay.trade.pay","charset":"utf-8","sign_type":"RSA","app_auth_token":"201803BB0afa56b023a940739b27bf1e7a294X98","timestamp":"2018-03-23 12:04:23","version":"1.0","biz_content":"{\"out_trade_no\":\"2018032312042394230\",\"scene\":\"bar_code\",\"auth_code\":\"284140858542657005\",\"subject\":\"\\u8ba2\\u5355\\u53f7:2018032312042394230\",\"seller_id\":\"2088712805115985\",\"total_amount\":16,\"extend_params\":{\"sys_service_provider_id\":\"2088721521881652\"}}","sign":"mg1pFJW0bSE+ttKKME\/3OzBOfhaTvp3QgXF+Is10BQTN8LX4yYrnM12zjW6UJttAL0PgriFqUOMKZzU7x1zUbAsvavz8tMEITJaA8IwOqCSb5WH6zimPhFQU868eKh6d9EiqvgWXoODNkk4MB+hDbpaHvSTsN3TtfKqMcyrmCpE="}
2018-03-23 12:04:24 {"alipay_trade_pay_response":{"code":"10000","msg":"Success","buyer_logon_id":"150****9869","buyer_pay_amount":"15.60","buyer_user_id":"2088812559013165","fund_bill_list":[{"amount":"0.40","fund_channel":"DISCOUNT","real_amount":"0.00"},{"amount":"15.60","fund_channel":"PCREDIT"}],"gmt_payment":"2018-03-23 12:04:23","invoice_amount":"15.60","out_trade_no":"2018032312042394230","point_amount":"0.40","receipt_amount":"16.00","total_amount":"16.00","trade_no":"2018032321001004160557365455"},"sign":"HjjrVh/BBbVu0Zz9zYiuT9y14w5AkjUzoNBFqllQLEssa7wQJag9EvU1vQtOuOcjeDKPFxz62GaO6YzWDFbVld7YaHVFotXJ1MT3bez9EYM3kgCRJeZwD2qqgFUcpWyVVfDGT95bqVRXbQWGekiIii3uDiDxbXuRAb8EZ1f8qD0="}
2018-03-23 12:22:06 {"merchant_id":"1490350062","key":"","authCode":"135200569921877398","order_sn":"2018032312220687692","price":400}
2018-03-23 12:42:55 {"merchant_id":"1499456762","key":"","authCode":"134782031456659214","order_sn":"2018032312425546447","price":23.5}
2018-03-23 12:52:01 {"merchant_id":"1499456762","key":"","authCode":"134616629847268836","order_sn":"2018032312520026022","price":51}
2018-03-23 12:58:59 {"merchant_id":"1499456762","key":"","authCode":"134945175047597106","order_sn":"2018032312585910889","price":16}
2018-03-23 12:59:54 {"merchant_id":"1499456762","key":"","authCode":"134896188038761194","order_sn":"2018032312595462375","price":16}
2018-03-23 13:00:38 {"merchant_id":"1499456762","key":"","authCode":"134934668690937193","order_sn":"2018032313003824522","price":16}
2018-03-23 13:03:04 {"merchant_id":"1499456762","key":"","authCode":"134563185343218796","order_sn":"2018032313030432470","price":6}
2018-03-23 13:03:37 {"merchant_id":"1499456762","key":"","authCode":"134587640570519884","order_sn":"2018032313033795704","price":10}
2018-03-23 13:04:13 {"merchant_id":"1499456762","key":"","authCode":"134652927612534565","order_sn":"2018032313041312142","price":6}
2018-03-23 13:10:47 {"merchant_id":"2088712805115985","key":"201803BB0afa56b023a940739b27bf1e7a294X98","authCode":"283500939465925361","order_sn":"2018032313104750117","price":300}
2018-03-23 13:10:47 {"app_id":"2017071207730667","method":"alipay.trade.pay","charset":"utf-8","sign_type":"RSA","app_auth_token":"201803BB0afa56b023a940739b27bf1e7a294X98","timestamp":"2018-03-23 13:10:47","version":"1.0","biz_content":"{\"out_trade_no\":\"2018032313104750117\",\"scene\":\"bar_code\",\"auth_code\":\"283500939465925361\",\"subject\":\"\\u8ba2\\u5355\\u53f7:2018032313104750117\",\"seller_id\":\"2088712805115985\",\"total_amount\":300,\"extend_params\":{\"sys_service_provider_id\":\"2088721521881652\"}}","sign":"e1zfJyVhG0bX8cxYh1dyRA9SfSplIekdapScvrrqDC2LFiX2rYf+1mu5UWqR+JFqYNMqKk67P9RVtnxZbL+5oFsN\/MpHP0RcC+ghKrWvWKXM\/a5Hm5hz0FPKgYH3M\/8OfgSM8SDawZrf18ic6LDUtrcc2OSwUC3irqZlDgBHH6k="}
2018-03-23 13:10:52 {"alipay_trade_pay_response":{"code":"10000","msg":"Success","buyer_logon_id":"182****5303","buyer_pay_amount":"300.00","buyer_user_id":"2088612603232364","fund_bill_list":[{"amount":"300.00","fund_channel":"ALIPAYACCOUNT"}],"gmt_payment":"2018-03-23 13:10:52","invoice_amount":"300.00","out_trade_no":"2018032313104750117","point_amount":"0.00","receipt_amount":"300.00","total_amount":"300.00","trade_no":"2018032321001004360560151218"},"sign":"LMUDxTLbnvSp59ZHisWkLnxoI74kBsuTc3p0wrciRBDVey1OEZxb2SlxLoF8Ewc3LgF+P/de3b/BMe1vQ3SJzkJgyWFiAFwlPzVIOaw2L4TELvv97aQ7/Q0VPXcInb/NqXNpLbdap0K5bDD5Wl0LC6ozlUoO0hFipiTn/AWeocU="}
2018-03-23 13:15:10 {"merchant_id":"1499456762","key":"","authCode":"135060534917143063","order_sn":"2018032313151049774","price":14}
2018-03-23 13:20:20 {"merchant_id":"1499456762","key":"","authCode":"135184546268547383","order_sn":"2018032313202030771","price":22}
2018-03-23 13:25:27 {"merchant_id":"1499456762","key":"","authCode":"134631951568325483","order_sn":"2018032313252771806","price":300}
2018-03-23 13:45:46 {"merchant_id":"1499456762","key":"","authCode":"134505047447121565","order_sn":"2018032313454618421","price":15}
2018-03-23 13:55:59 {"merchant_id":"1499456762","key":"","authCode":"134947850794994982","order_sn":"2018032313555925794","price":4}
2018-03-23 14:29:34 {"merchant_id":"1499456762","key":"","authCode":"134679968850125796","order_sn":"2018032314293421960","price":20}
2018-03-23 14:43:22 {"merchant_id":"2088821827997030","key":"201711BBc699bef5cde842dba6fa5c6bdc706A03","authCode":"284922004076284761","order_sn":"2018032314432223537","price":316}
2018-03-23 14:43:22 {"app_id":"2017071207730667","method":"alipay.trade.pay","charset":"utf-8","sign_type":"RSA","app_auth_token":"201711BBc699bef5cde842dba6fa5c6bdc706A03","timestamp":"2018-03-23 14:43:22","version":"1.0","biz_content":"{\"out_trade_no\":\"2018032314432223537\",\"scene\":\"bar_code\",\"auth_code\":\"284922004076284761\",\"subject\":\"\\u8ba2\\u5355\\u53f7:2018032314432223537\",\"seller_id\":\"2088821827997030\",\"total_amount\":316,\"extend_params\":{\"sys_service_provider_id\":\"2088721521881652\"}}","sign":"bJ3T7hJG0Cr9nRw4lxyQSR381n7FHL6Gk1VfeAxt\/Xd6DfE8Qg7RQ2VGGc7gbs9ukcPFmDW2ptSJ\/jLJFshT3Nu3Gv4W42\/ZfeVYfrQlQHnrt0wLxufFGIpYXsAnt\/umnl+4DBliejLvuz9wekE\/uVtYAQZKq5ThhnP8gvR+jTI="}
2018-03-23 14:43:23 {"alipay_trade_pay_response":{"code":"10000","msg":"Success","buyer_logon_id":"182***@qq.com","buyer_pay_amount":"316.00","buyer_user_id":"2088112218841840","fund_bill_list":[{"amount":"316.00","fund_channel":"ALIPAYACCOUNT"}],"gmt_payment":"2018-03-23 14:43:23","invoice_amount":"316.00","out_trade_no":"2018032314432223537","point_amount":"0.00","receipt_amount":"316.00","total_amount":"316.00","trade_no":"2018032321001004840539118683"},"sign":"lG6QVUMA1aalaG9RvCH3n2fnd57mXYO3Eg1WY8U0nr7+TW5xJEKhB2DsUJT0NmsiiYipMCFYZgR4zHdYAQW/9szQ0LGznNtRRnzTliy3PxFdccILKOMeJKnBWOmj9vRvyukwRfnKSgABUirN78Z0orJjSpHQB2W0F+EOEuR1me8="}
2018-03-23 14:49:30 {"merchant_id":"1499456762","key":"","authCode":"134624615282922904","order_sn":"2018032314493057062","price":5}
2018-03-23 15:06:19 {"merchant_id":"2088712805115985","key":"201803BB0afa56b023a940739b27bf1e7a294X98","authCode":"280475974791904530","order_sn":"2018032315061992968","price":15}
2018-03-23 15:06:19 {"app_id":"2017071207730667","method":"alipay.trade.pay","charset":"utf-8","sign_type":"RSA","app_auth_token":"201803BB0afa56b023a940739b27bf1e7a294X98","timestamp":"2018-03-23 15:06:19","version":"1.0","biz_content":"{\"out_trade_no\":\"2018032315061992968\",\"scene\":\"bar_code\",\"auth_code\":\"280475974791904530\",\"subject\":\"\\u8ba2\\u5355\\u53f7:2018032315061992968\",\"seller_id\":\"2088712805115985\",\"total_amount\":15,\"extend_params\":{\"sys_service_provider_id\":\"2088721521881652\"}}","sign":"PS3tL1crEEFQSDBd7NowZ222MIlfTcLoC3SWIqML0u6oyawA5R38z6ChT\/aCQCo3ytHl7tS\/7b3PGF0CrasxM9USdrUA4Fxjpr8ygzNhgpXxIg+X8BragAFb2uJ6kqmp8b6KPxP8wvWP8oqcWOp1KXmtOdVoyfgDlzwzFL\/6wM8="}
2018-03-23 15:06:19 {"alipay_trade_pay_response":{"code":"10000","msg":"Success","buyer_logon_id":"186****6919","buyer_pay_amount":"15.00","buyer_user_id":"2088112680814584","fund_bill_list":[{"amount":"15.00","fund_channel":"PCREDIT"}],"gmt_payment":"2018-03-23 15:06:19","invoice_amount":"15.00","out_trade_no":"2018032315061992968","point_amount":"0.00","receipt_amount":"15.00","total_amount":"15.00","trade_no":"2018032321001004580568344405"},"sign":"UhqmMRxlmWG/rsHfJN0m7iXKvLhJDgzcu2xbeilzoiETdleAxdNwLj8A0ecA/L82/TSwJuuVps2m44qcF866GkrO9yI0QhV+lo9sbG2+wIc6UBzUNXJ0gUdOliujz9QZ+VvaQX3HavVGjpYIH9bogGNExioMKf/hfXQal2loMpY="}
2018-03-23 15:08:11 {"merchant_id":"1499456762","key":"","authCode":"134572228174120391","order_sn":"2018032315081180471","price":300}
2018-03-23 15:10:24 {"merchant_id":"1499456762","key":"","authCode":"134888546623663567","order_sn":"2018032315102443119","price":21}
2018-03-23 15:14:32 {"merchant_id":"1499456762","key":"","authCode":"134915555646692272","order_sn":"2018032315143257563","price":35}
2018-03-23 15:14:45 {"merchant_id":"1499456762","key":"","authCode":"134698472617647577","order_sn":"2018032315144550863","price":15}
2018-03-23 15:15:40 {"merchant_id":"1499456762","key":"","authCode":"134658573891612168","order_sn":"2018032315154089925","price":28}
2018-03-23 15:17:21 {"merchant_id":"1499456762","key":"","authCode":"134742287638868077","order_sn":"2018032315172191604","price":37.4}
2018-03-23 15:25:48 {"merchant_id":"1490350062","key":"","authCode":"135103215414766011","order_sn":"2018032315254834917","price":25}
2018-03-23 15:39:04 {"merchant_id":"1499456762","key":"","authCode":"135069245890474166","order_sn":"2018032315390440725","price":17}
2018-03-23 15:41:43 {"merchant_id":"1499456762","key":"","authCode":"135000289718222224","order_sn":"2018032315414376768","price":17}
2018-03-23 15:52:47 {"merchant_id":"1499456762","key":"","authCode":"134802883384085208","order_sn":"2018032315524795561","price":14}
2018-03-23 15:55:49 {"merchant_id":"1499456762","key":"","authCode":"134581937193496345","order_sn":"2018032315554959878","price":14}
2018-03-23 16:06:20 {"merchant_id":"1499456762","key":"","authCode":"134708675054024716","order_sn":"2018032316062021266","price":81}
2018-03-23 16:06:30 {"merchant_id":"1499456762","key":"","authCode":"134633641558881943","order_sn":"2018032316063087213","price":10}
2018-03-23 16:11:28 {"merchant_id":"1499456762","key":"","authCode":"134741939323060485","order_sn":"2018032316112827328","price":14}
2018-03-23 16:12:30 {"merchant_id":"1499456762","key":"","authCode":"134541034920330082","order_sn":"2018032316123044158","price":12}
2018-03-23 16:13:42 {"merchant_id":"1499456762","key":"","authCode":"134643414647712099","order_sn":"2018032316134242873","price":34.5}
2018-03-23 16:16:43 {"merchant_id":"1499456762","key":"","authCode":"134656080641128773","order_sn":"2018032316164328201","price":34}
2018-03-23 16:17:30 {"merchant_id":"1499456762","key":"","authCode":"135159910461412922","order_sn":"2018032316173029683","price":200}
2018-03-23 16:20:29 {"merchant_id":"1499456762","key":"","authCode":"134776277052406500","order_sn":"2018032316202983780","price":5}
2018-03-23 16:21:06 {"merchant_id":"1490350062","key":"","authCode":"134626856901124996","order_sn":"2018032316210681474","price":100}
2018-03-23 16:29:23 {"merchant_id":"1499456762","key":"","authCode":"135189356865471690","order_sn":"2018032316292334384","price":300}
2018-03-23 16:32:51 {"merchant_id":"1499456762","key":"","authCode":"134543977071750466","order_sn":"2018032316325126131","price":28}
2018-03-23 16:35:19 {"merchant_id":"1499456762","key":"","authCode":"134624998457884887","order_sn":"2018032316351927543","price":15}
2018-03-23 16:37:11 {"merchant_id":"1499456762","key":"","authCode":"134669409810003367","order_sn":"2018032316371120427","price":24}
2018-03-23 16:39:02 {"merchant_id":"1499456762","key":"","authCode":"134732409888803310","order_sn":"2018032316390264258","price":13}
2018-03-23 16:39:47 {"merchant_id":"1499456762","key":"","authCode":"134873188226708087","order_sn":"2018032316394753625","price":34.5}
2018-03-23 16:50:05 {"merchant_id":"1499456762","key":"","authCode":"134609061652686762","order_sn":"2018032316500552947","price":48}
2018-03-23 16:59:32 {"merchant_id":"1499456762","key":"","authCode":"135204541564473156","order_sn":"2018032316593221325","price":12}
2018-03-23 17:02:32 {"merchant_id":"1499456762","key":"","authCode":"134623148905952812","order_sn":"2018032317023298643","price":14}
2018-03-23 17:07:30 {"merchant_id":"1499456762","key":"","authCode":"134673506455389333","order_sn":"2018032317073075787","price":8}
2018-03-23 17:07:53 {"merchant_id":"1499456762","key":"","authCode":"134896787513707904","order_sn":"2018032317075361643","price":8}
2018-03-23 17:13:45 {"merchant_id":"1499456762","key":"","authCode":"134936958531669715","order_sn":"2018032317134560776","price":512}
2018-03-23 17:18:08 {"merchant_id":"1499456762","key":"","authCode":"134873884309247392","order_sn":"2018032317180890848","price":5}
2018-03-23 17:19:31 {"merchant_id":"1493159782","key":"","authCode":"134600019308126339","order_sn":"2018032317193161599","price":300}
2018-03-23 17:20:08 {"merchant_id":"1499456762","key":"","authCode":"134549410117536151","order_sn":"2018032317200815299","price":65}
2018-03-23 17:23:09 {"merchant_id":"2088712805115985","key":"201803BB0afa56b023a940739b27bf1e7a294X98","authCode":"287316895864982470","order_sn":"2018032317230974816","price":15}
2018-03-23 17:23:09 {"app_id":"2017071207730667","method":"alipay.trade.pay","charset":"utf-8","sign_type":"RSA","app_auth_token":"201803BB0afa56b023a940739b27bf1e7a294X98","timestamp":"2018-03-23 17:23:09","version":"1.0","biz_content":"{\"out_trade_no\":\"2018032317230974816\",\"scene\":\"bar_code\",\"auth_code\":\"287316895864982470\",\"subject\":\"\\u8ba2\\u5355\\u53f7:2018032317230974816\",\"seller_id\":\"2088712805115985\",\"total_amount\":15,\"extend_params\":{\"sys_service_provider_id\":\"2088721521881652\"}}","sign":"J5UnHI5l6cbd+Lg7hDssdccnQYI57RUtnOtlVllBBs0dUUmnzjOw9+g00QsOR2MeZIqq6+aSUxXBpHCdhosqshqLKvqdhFyq56fqxsakTEhO8VALq+MZ2x5z3SYmZhkKs45SBbSZXllJX5dLpJ8A+ZizcJ72MZnAP1dUP97X\/Qw="}
2018-03-23 17:23:11 {"alipay_trade_pay_response":{"code":"10000","msg":"Success","buyer_logon_id":"151****0503","buyer_pay_amount":"15.00","buyer_user_id":"2088922007750202","fund_bill_list":[{"amount":"15.00","fund_channel":"ALIPAYACCOUNT"}],"gmt_payment":"2018-03-23 17:23:11","invoice_amount":"15.00","out_trade_no":"2018032317230974816","point_amount":"0.00","receipt_amount":"15.00","total_amount":"15.00","trade_no":"2018032321001004200563440873"},"sign":"qhZVm2W7FjN19DX4qPHhMKelW2+pqfeJCgU4LyeA8idtXWIrnXx2uIBbK8xVsKcylIN6KAJT9LfZfEma31H1r/ULuvY8YkQR9kt1pnUfpp3SJGgj1R/stpaV7OEsHMzRJgtGTZCxxjAsof1j4DmzLh0iW5/rgeLVl3hFxEzOkcY="}
2018-03-23 17:25:43 {"merchant_id":"1499456762","key":"","authCode":"134723875330941899","order_sn":"2018032317254353688","price":48}
2018-03-23 17:27:44 {"merchant_id":"1499456762","key":"","authCode":"134514841817036177","order_sn":"2018032317274436566","price":25}
2018-03-23 17:33:22 {"merchant_id":"1490350062","key":"","authCode":"135835050751710068","order_sn":"2018032317332245494","price":10}
2018-03-23 17:35:43 {"merchant_id":"1499456762","key":"","authCode":"134888276819261628","order_sn":"2018032317354326380","price":9}
2018-03-23 17:38:44 {"merchant_id":"1499456762","key":"","authCode":"134517950442903916","order_sn":"2018032317384473026","price":16}
2018-03-23 17:42:03 {"merchant_id":"1499456762","key":"","authCode":"134588051014010193","order_sn":"2018032317420320389","price":8.5}
2018-03-23 17:45:26 {"merchant_id":"1499456762","key":"","authCode":"134659951835546852","order_sn":"2018032317452679856","price":30}
2018-03-23 17:53:09 {"merchant_id":"1499456762","key":"","authCode":"134774591665959277","order_sn":"2018032317530914163","price":18}
2018-03-23 17:54:36 {"merchant_id":"1490350062","key":"","authCode":"134747374237043817","order_sn":"2018032317543693584","price":100}
2018-03-23 17:55:54 {"merchant_id":"1499456762","key":"","authCode":"134780595357228118","order_sn":"2018032317555457569","price":21}
2018-03-23 17:56:58 {"merchant_id":"1499456762","key":"","authCode":"134573935963935383","order_sn":"2018032317565890728","price":3}
2018-03-23 17:58:49 {"merchant_id":"1490350062","key":"","authCode":"135862325803258438","order_sn":"2018032317584917121","price":1200}
2018-03-23 18:00:56 {"merchant_id":"1499456762","key":"","authCode":"134530354893386716","order_sn":"2018032318005643287","price":500}
2018-03-23 18:01:43 {"merchant_id":"1499456762","key":"","authCode":"135231046840081272","order_sn":"2018032318014379413","price":500}
2018-03-23 18:08:38 {"merchant_id":"1499456762","key":"","authCode":"134610748075033253","order_sn":"2018032318083863419","price":1}
2018-03-23 18:09:55 {"merchant_id":"1499456762","key":"","authCode":"135477640469818560","order_sn":"2018032318095566062","price":30}
2018-03-23 18:11:01 {"merchant_id":"2088712805115985","key":"201803BB0afa56b023a940739b27bf1e7a294X98","authCode":"281221325173310455","order_sn":"2018032318110163243","price":43}
2018-03-23 18:11:01 {"app_id":"2017071207730667","method":"alipay.trade.pay","charset":"utf-8","sign_type":"RSA","app_auth_token":"201803BB0afa56b023a940739b27bf1e7a294X98","timestamp":"2018-03-23 18:11:01","version":"1.0","biz_content":"{\"out_trade_no\":\"2018032318110163243\",\"scene\":\"bar_code\",\"auth_code\":\"281221325173310455\",\"subject\":\"\\u8ba2\\u5355\\u53f7:2018032318110163243\",\"seller_id\":\"2088712805115985\",\"total_amount\":43,\"extend_params\":{\"sys_service_provider_id\":\"2088721521881652\"}}","sign":"VEPvom\/Sf0KA4YW09rT2MluwszD56C1SyC50WjatWbypAm48+my96KJ5amrOc+Rw13MYjJA8AytbNPiev85FTr9fRXb9zZBCbU9pSGjZ2zqOFha39F3sQmJys4E7o1iJzBgCmr76lVwnG4kG6joeTrmqrIQcslssjJQeDSzwzRU="}
2018-03-23 18:11:02 {"alipay_trade_pay_response":{"code":"10000","msg":"Success","buyer_logon_id":"139****0056","buyer_pay_amount":"43.00","buyer_user_id":"2088902212264174","fund_bill_list":[{"amount":"43.00","fund_channel":"ALIPAYACCOUNT"}],"gmt_payment":"2018-03-23 18:11:02","invoice_amount":"43.00","out_trade_no":"2018032318110163243","point_amount":"0.00","receipt_amount":"43.00","total_amount":"43.00","trade_no":"2018032321001004170556340183"},"sign":"nXF3bbdZTaxU3KN8nLPPWSFsK/93TApIVSBCqw0h40fK9fyuXvvuGfb8XpXlTmOtxv90C7XIw/yCKjE5POtROK21IrYrWO87jmn5Pej0d9+NRpnvJdrK0n1fOR8RB+bJ1fXkZH9SOBpWRSGUIlM0pTha4RB1MLoB/FKilp6eb60="}
2018-03-23 18:14:01 {"merchant_id":"1499456762","key":"","authCode":"135066098281749638","order_sn":"2018032318140191635","price":20}
2018-03-23 18:16:00 {"merchant_id":"1499456762","key":"","authCode":"134909089464426113","order_sn":"2018032318160059541","price":7}
2018-03-23 18:27:26 {"merchant_id":"1499456762","key":"","authCode":"134543138709130174","order_sn":"2018032318272650251","price":21}
2018-03-23 18:29:10 {"merchant_id":"1499456762","key":"","authCode":"134653317378455310","order_sn":"2018032318290967140","price":338}
2018-03-23 18:32:42 {"merchant_id":"1499456762","key":"","authCode":"134764889614351690","order_sn":"2018032318324299742","price":20}
2018-03-23 18:39:26 {"merchant_id":"1499456762","key":"","authCode":"134794025826046052","order_sn":"2018032318392619146","price":51.5}
2018-03-23 18:42:25 {"merchant_id":"1499456762","key":"","authCode":"134523906514278782","order_sn":"2018032318422556613","price":18}
2018-03-23 18:46:24 {"merchant_id":"1499456762","key":"","authCode":"134688678117521229","order_sn":"2018032318462452306","price":300}
2018-03-23 18:48:17 {"merchant_id":"1499456762","key":"","authCode":"134713079587061607","order_sn":"2018032318481720478","price":15}
2018-03-23 18:50:23 {"merchant_id":"1499456762","key":"","authCode":"134651621755400309","order_sn":"2018032318502378481","price":200}
2018-03-23 18:51:46 {"merchant_id":"1499456762","key":"","authCode":"134552361994995025","order_sn":"2018032318514615242","price":13.5}
2018-03-23 18:56:56 {"merchant_id":"1499456762","key":"","authCode":"134647894887391697","order_sn":"2018032318565626976","price":11}
2018-03-23 18:57:17 {"merchant_id":"1499456762","key":"","authCode":"135053282273603842","order_sn":"2018032318571761807","price":8}
2018-03-23 19:00:10 {"merchant_id":"1499456762","key":"","authCode":"134557928504172827","order_sn":"2018032319001070085","price":12}
2018-03-23 19:09:59 {"merchant_id":"1499456762","key":"","authCode":"134761816175700136","order_sn":"2018032319095920573","price":38}
2018-03-23 19:12:13 {"merchant_id":"1499456762","key":"","authCode":"134695882176614383","order_sn":"2018032319121326023","price":8.5}
2018-03-23 19:14:57 {"merchant_id":"1499456762","key":"","authCode":"134669431904706431","order_sn":"2018032319145737804","price":21}
2018-03-23 19:21:29 {"merchant_id":"1499456762","key":"","authCode":"134733237133993393","order_sn":"2018032319212975413","price":200}
2018-03-23 19:47:37 {"merchant_id":"1499456762","key":"","authCode":"135130804806397945","order_sn":"2018032319473714115","price":8.5}
2018-03-23 19:47:37 {"merchant_id":"2088712805115985","key":"201803BB0afa56b023a940739b27bf1e7a294X98","authCode":"286099768827502335","order_sn":"2018032319473782402","price":25}
2018-03-23 19:47:37 {"app_id":"2017071207730667","method":"alipay.trade.pay","charset":"utf-8","sign_type":"RSA","app_auth_token":"201803BB0afa56b023a940739b27bf1e7a294X98","timestamp":"2018-03-23 19:47:37","version":"1.0","biz_content":"{\"out_trade_no\":\"2018032319473782402\",\"scene\":\"bar_code\",\"auth_code\":\"286099768827502335\",\"subject\":\"\\u8ba2\\u5355\\u53f7:2018032319473782402\",\"seller_id\":\"2088712805115985\",\"total_amount\":25,\"extend_params\":{\"sys_service_provider_id\":\"2088721521881652\"}}","sign":"B0cx7DFhBrVSoVe9jKQD6n2maBgadKvEjyqZMxIbChMufbakoLmE7FT+uZptLspnx3TmOq0q7P\/rqT393erSxywJAQwwXteRf5fzfVwssiYmdtCMoRDIzOPcv2ELiv0q8zIWCQ92McXGnGTKaix\/u9kO6S3BOCltLSKV+eLgX9k="}
2018-03-23 19:47:38 {"alipay_trade_pay_response":{"code":"10000","msg":"Success","buyer_logon_id":"188****6123","buyer_pay_amount":"25.00","buyer_user_id":"2088612210887377","fund_bill_list":[{"amount":"25.00","fund_channel":"ALIPAYACCOUNT"}],"gmt_payment":"2018-03-23 19:47:38","invoice_amount":"25.00","out_trade_no":"2018032319473782402","point_amount":"0.00","receipt_amount":"25.00","total_amount":"25.00","trade_no":"2018032321001004370588437500"},"sign":"ecFF8tA1954zQ2E5lOB37mOnb1R+PWZg9jCXKoy5bdOnBkX7G0VWY/B1aHkX0LECRVbW23PU0CrdlE+rx7XVXnSI6p1or0W+VPr09YD0Xrw7a60aH0hDNL73UJcLeAukdsu/5z22kwuEQHp6GTINcOIOnau5Jw6z/2F3il4p5Lc="}
2018-03-23 19:49:42 {"merchant_id":"1499456762","key":"","authCode":"134541651643557534","order_sn":"2018032319494270221","price":6.8}
2018-03-23 19:54:45 {"merchant_id":"1499456762","key":"","authCode":"135015705312253870","order_sn":"2018032319544539959","price":14}
2018-03-23 19:58:27 {"merchant_id":"1499456762","key":"","authCode":"134888150596457659","order_sn":"2018032319582768982","price":8}
2018-03-23 20:04:58 {"merchant_id":"1499456762","key":"","authCode":"134545022080337779","order_sn":"2018032320045820805","price":6}
2018-03-23 20:16:54 {"merchant_id":"1499456762","key":"","authCode":"134906479033856087","order_sn":"2018032320165425286","price":60}
2018-03-23 20:22:08 {"merchant_id":"2088712805115985","key":"201803BB0afa56b023a940739b27bf1e7a294X98","authCode":"282851573099403918","order_sn":"2018032320220837819","price":10}
2018-03-23 20:22:08 {"app_id":"2017071207730667","method":"alipay.trade.pay","charset":"utf-8","sign_type":"RSA","app_auth_token":"201803BB0afa56b023a940739b27bf1e7a294X98","timestamp":"2018-03-23 20:22:08","version":"1.0","biz_content":"{\"out_trade_no\":\"2018032320220837819\",\"scene\":\"bar_code\",\"auth_code\":\"282851573099403918\",\"subject\":\"\\u8ba2\\u5355\\u53f7:2018032320220837819\",\"seller_id\":\"2088712805115985\",\"total_amount\":10,\"extend_params\":{\"sys_service_provider_id\":\"2088721521881652\"}}","sign":"D\/UANs1dTxfD23ErB2ELMfXKB3BzV3XPcaWip2LS+CiEYgb1HFXh4Z3W5TGDp3X1V5rqPCkkGFeCEx9GLELbPlX4oYcndD7m\/Yfi7FUZorItSV9rFCr+yHogPo1gy65xYDxgxuT3ZSk9tutEWc7\/xhHnK+TdEn7s8W95B1emWQQ="}
2018-03-23 20:22:09 {"alipay_trade_pay_response":{"code":"10000","msg":"Success","buyer_logon_id":"152****0726","buyer_pay_amount":"10.00","buyer_user_id":"2088412181946914","fund_bill_list":[{"amount":"10.00","fund_channel":"PCREDIT"}],"gmt_payment":"2018-03-23 20:22:09","invoice_amount":"10.00","out_trade_no":"2018032320220837819","point_amount":"0.00","receipt_amount":"10.00","total_amount":"10.00","trade_no":"2018032321001004910538985629"},"sign":"fBpmkiLVQNI5tNrNR7aOaGB32bHgr5cfb4MEcjmbVA+vZua2gSeUkfpVYvXowZzqZHL56r/w/+fqjC+7ZvyW6/I7pgronB11/bt2xDAOOg3VTmJcENhil1n2SgZ5Xaj+1cO5eDHXNISfXNenSur2CkIF/R/CFaNOZRmkieZ0BC8="}
2018-03-23 20:25:05 {"merchant_id":"1499456762","key":"","authCode":"134760722538603354","order_sn":"2018032320250575388","price":32}
2018-03-23 20:33:11 {"merchant_id":"1499456762","key":"","authCode":"134993913940551655","order_sn":"2018032320331122395","price":12}
2018-03-23 20:36:01 {"merchant_id":"1499456762","key":"","authCode":"134519913757746364","order_sn":"2018032320360055010","price":13}
2018-03-23 20:43:14 {"merchant_id":"1499456762","key":"","authCode":"134579224162302925","order_sn":"2018032320431489398","price":6}
2018-03-23 20:46:45 {"merchant_id":"2088712805115985","key":"201803BB0afa56b023a940739b27bf1e7a294X98","authCode":"289025266297884465","order_sn":"2018032320464578306","price":300}
2018-03-23 20:46:45 {"app_id":"2017071207730667","method":"alipay.trade.pay","charset":"utf-8","sign_type":"RSA","app_auth_token":"201803BB0afa56b023a940739b27bf1e7a294X98","timestamp":"2018-03-23 20:46:45","version":"1.0","biz_content":"{\"out_trade_no\":\"2018032320464578306\",\"scene\":\"bar_code\",\"auth_code\":\"289025266297884465\",\"subject\":\"\\u8ba2\\u5355\\u53f7:2018032320464578306\",\"seller_id\":\"2088712805115985\",\"total_amount\":300,\"extend_params\":{\"sys_service_provider_id\":\"2088721521881652\"}}","sign":"jjFkk19ogaM2ub1B2eXAcOrx1MzIi4G8IXSgEAoio5otWhPN0TDm\/qg3v5Rzxkefe\/qdkD6B1kdBTNUorQhKwxMF3KKJHduX4YKq4yt6GaPi4siE1FFH1Bo0kMPX2v+e9Jvy80gNf9amdRz8+xeXhbsntJ4Brlf835\/4FG1nhgE="}
2018-03-23 20:46:46 {"alipay_trade_pay_response":{"code":"10000","msg":"Success","buyer_logon_id":"187****2542","buyer_pay_amount":"300.00","buyer_user_id":"2088722403701598","fund_bill_list":[{"amount":"300.00","fund_channel":"ALIPAYACCOUNT"}],"gmt_payment":"2018-03-23 20:46:46","invoice_amount":"300.00","out_trade_no":"2018032320464578306","point_amount":"0.00","receipt_amount":"300.00","total_amount":"300.00","trade_no":"2018032321001004590576393006"},"sign":"vBKP0ycmueBvwk4IlYl0OQnLKifcMa3X0xzEOzujBrjLj19EgnAgOdMJ0TQ3wCo8Ub2JwdocXtx7kXZQfyToBwYaocRPgcR8kE2ZovT5bKXCA1XZ9d5vtStiHBRTYeaCHbi+agcYzanc4+Kh4uqd7Yqupynxr0bT+pQSukXoMXE="}
2018-03-23 20:54:10 {"merchant_id":"1499456762","key":"","authCode":"134681140295780512","order_sn":"2018032320541028874","price":25.5}
2018-03-23 20:57:27 {"merchant_id":"1499456762","key":"","authCode":"134659623571115435","order_sn":"2018032320572775586","price":7}
2018-03-23 21:27:19 {"merchant_id":"1490350062","key":"","authCode":"134524689533266244","order_sn":"2018032321271947458","price":200}
2018-03-23 21:56:49 {"merchant_id":"1490350062","key":"","authCode":"135160335714223720","order_sn":"2018032321564952219","price":100}
2018-03-23 22:04:25 {"merchant_id":"1493159782","key":"","authCode":"134904346117696765","order_sn":"2018032322042522178","price":400}
2018-03-23 22:05:22 {"merchant_id":"2088712805115985","key":"201803BB0afa56b023a940739b27bf1e7a294X98","authCode":"280544773497863288","order_sn":"2018032322052220352","price":8}
2018-03-23 22:05:22 {"app_id":"2017071207730667","method":"alipay.trade.pay","charset":"utf-8","sign_type":"RSA","app_auth_token":"201803BB0afa56b023a940739b27bf1e7a294X98","timestamp":"2018-03-23 22:05:22","version":"1.0","biz_content":"{\"out_trade_no\":\"2018032322052220352\",\"scene\":\"bar_code\",\"auth_code\":\"280544773497863288\",\"subject\":\"\\u8ba2\\u5355\\u53f7:2018032322052220352\",\"seller_id\":\"2088712805115985\",\"total_amount\":8,\"extend_params\":{\"sys_service_provider_id\":\"2088721521881652\"}}","sign":"eEiEyauNTxD\/Suyo+fqEcTV\/1YZgW+V3HZXgcqDaFIQlEWVl5\/quyr20T46aesRLSzClFqltKvEV7PHHtyZDHjaLSE1vbJTDDXdKc3k9L7lIzInhd5VuVKq\/20xfw8q2NkCsbBMU47ivy15teFmQI9GvukCJOzsoc5x6lmonKHg="}
2018-03-23 22:05:23 {"alipay_trade_pay_response":{"code":"10000","msg":"Success","buyer_logon_id":"155****6130","buyer_pay_amount":"8.00","buyer_user_id":"2088622139492213","fund_bill_list":[{"amount":"8.00","fund_channel":"ALIPAYACCOUNT"}],"gmt_payment":"2018-03-23 22:05:23","invoice_amount":"8.00","out_trade_no":"2018032322052220352","point_amount":"0.00","receipt_amount":"8.00","total_amount":"8.00","trade_no":"2018032321001004210584783566"},"sign":"u88r5HmtHyugsrYRwX96UcJrqRV3Y85FoxptC2lH2JioPknIiAr9xaLFyYeN6DAHADoSHs6Jj9daGHTjfzZrN+Sz9GuJipKX0sxpFANrSJQBv7FNOzhyp3jzM6a6/fDviwu0cQv4AOrVA/2Ia8nbsjpWX4hEIU7zMmsndZb26DE="}
2018-03-23 23:46:35 {"merchant_id":"2088821827997030","key":"201711BBc699bef5cde842dba6fa5c6bdc706A03","authCode":"282768938337327252","order_sn":"2018032323463582368","price":300}
2018-03-23 23:46:35 {"app_id":"2017071207730667","method":"alipay.trade.pay","charset":"utf-8","sign_type":"RSA","app_auth_token":"201711BBc699bef5cde842dba6fa5c6bdc706A03","timestamp":"2018-03-23 23:46:35","version":"1.0","biz_content":"{\"out_trade_no\":\"2018032323463582368\",\"scene\":\"bar_code\",\"auth_code\":\"282768938337327252\",\"subject\":\"\\u8ba2\\u5355\\u53f7:2018032323463582368\",\"seller_id\":\"2088821827997030\",\"total_amount\":300,\"extend_params\":{\"sys_service_provider_id\":\"2088721521881652\"}}","sign":"GBZVHxvpQxJhsAYKIt4MZ3U8S\/pwVoM33ct0zME2mzxjxKAyBxWt1jN5JiQgHp+NMMq4HFDVFjAATFrg6V\/QIVwmto2\/IH4xyP5VKwfGPybuiz7YybSKiX5YdAPE\/UUICAbX+qOBci\/9UAcZRmeLwS1bBuGsxgnWguHI25WMnbo="}
2018-03-23 23:46:36 {"alipay_trade_pay_response":{"code":"10000","msg":"Success","buyer_logon_id":"147****7788","buyer_pay_amount":"299.55","buyer_user_id":"2088802943696674","fund_bill_list":[{"amount":"0.45","fund_channel":"DISCOUNT","real_amount":"0.00"},{"amount":"299.55","fund_channel":"ALIPAYACCOUNT"}],"gmt_payment":"2018-03-23 23:46:36","invoice_amount":"299.55","out_trade_no":"2018032323463582368","point_amount":"0.45","receipt_amount":"300.00","total_amount":"300.00","trade_no":"2018032321001004670584410667"},"sign":"QeUrXfUkSostpl5svtSVlBqKxKqGfUADNFK6OJzD9mwxkrRgTktRnH0mdjKIDD89pV7Aa4tRNduY22JFbU4mzcVc/DOP7Md35MbKp8ukvXx8gOnYnjkNVPLSKsDdD6GCfgAsvad0hH8XS77wh24UVfZV+ubPOz/hVMm3HSEOL9g="}
