2018-05-20 00:04:56 {"merchant_id":"1490350062","key":"","authCode":"134544599753213279","order_sn":"2018052000045624727","price":300}

2018-05-20 00:09:40 {"merchant_id":"1493159782","key":"","authCode":"134765144127857788","order_sn":"2018052000094018600","price":300}

2018-05-20 01:26:24 {"merchant_id":"2088822285099072","key":"201710BBaa55e11a995b41488709d94fe3bfbX07","authCode":"289453090893765940","order_sn":"2018052001262438262","price":300}

2018-05-20 01:26:24 {"app_id":"2017071207730667","method":"alipay.trade.pay","charset":"utf-8","sign_type":"RSA","app_auth_token":"201710BBaa55e11a995b41488709d94fe3bfbX07","timestamp":"2018-05-20 01:26:24","version":"1.0","biz_content":"{\"out_trade_no\":\"2018052001262438262\",\"scene\":\"bar_code\",\"auth_code\":\"289453090893765940\",\"subject\":\"\\u8ba2\\u5355\\u53f7:2018052001262438262\",\"seller_id\":\"2088822285099072\",\"total_amount\":300,\"extend_params\":{\"sys_service_provider_id\":\"2088721521881652\"}}","sign":"lKbZ6EYOTMfjqWtBoiDt4K6rtvj9sFF2hgI0B36synt3ZvES3MirjaLGTZmiBhgIdTmojrfnrbIVKprKw3imsAwHKTmPIAIa2jo56vAlAK7IEgL3S8TmId1Q\/dzUcjTOtQkezaBQqqS9PVti2D9e\/sfgjp4hDzzj7VyThT3Wjnc="}

2018-05-20 01:26:25 {"alipay_trade_pay_response":{"code":"10000","msg":"Success","buyer_logon_id":"157****0551","buyer_pay_amount":"300.00","buyer_user_id":"2088522380438223","fund_bill_list":[{"amount":"300.00","fund_channel":"PCREDIT"}],"gmt_payment":"2018-05-20 01:26:25","invoice_amount":"300.00","out_trade_no":"2018052001262438262","point_amount":"0.00","receipt_amount":"300.00","total_amount":"300.00","trade_no":"2018052021001004220589243854"},"sign":"H6hYYGnOQg/cuKHLlSODWoKXRxAF1vCdBBk+feq8TkwW+BA0lBBQHmayXDPSxJGcNQC3CNeFEPjuKBirgo73eYXEUPShPOXOYFKIwwOBj9WbXQMw73c8wzJKrbSosJac29YRLjFfggAo+jofttFT4VGGinM7q1jY4orlkIPn8UY="}

2018-05-20 03:32:00 {"merchant_id":"1490350062","key":"","authCode":"134690237689366023","order_sn":"2018052003320099856","price":200}

2018-05-20 07:55:40 {"merchant_id":"1499456762","key":"","authCode":"135000422126716991","order_sn":"2018052007554046891","price":9}

2018-05-20 07:56:24 {"merchant_id":"1499456762","key":"","authCode":"134833764222529317","order_sn":"2018052007562410207","price":17.5}

2018-05-20 08:22:22 {"merchant_id":"1499456762","key":"","authCode":"134800927841035764","order_sn":"2018052008222231722","price":21.2}

2018-05-20 08:42:52 {"merchant_id":"1499456762","key":"","authCode":"134690584211015218","order_sn":"2018052008425295388","price":5.2}

2018-05-20 08:51:11 {"merchant_id":"1499456762","key":"","authCode":"134641933387135805","order_sn":"2018052008511192693","price":5.2}

2018-05-20 08:58:58 {"merchant_id":"1499456762","key":"","authCode":"134630961697138909","order_sn":"2018052008585828085","price":200}

2018-05-20 09:00:28 {"merchant_id":"1499456762","key":"","authCode":"134915732525980575","order_sn":"2018052009002866198","price":19}

2018-05-20 09:04:46 {"merchant_id":"1499456762","key":"","authCode":"135753403491572754","order_sn":"2018052009044679951","price":16}

2018-05-20 09:09:15 {"merchant_id":"1499456762","key":"","authCode":"134561046805570485","order_sn":"2018052009091590863","price":13}

2018-05-20 09:10:34 {"merchant_id":"1499456762","key":"","authCode":"134690339171034401","order_sn":"2018052009103437510","price":148}

2018-05-20 09:11:08 {"merchant_id":"1499456762","key":"","authCode":"135003276821012760","order_sn":"2018052009110890140","price":200}

2018-05-20 09:15:36 {"merchant_id":"1499456762","key":"","authCode":"134538290461390639","order_sn":"2018052009153582782","price":5.2}

2018-05-20 09:20:50 {"merchant_id":"1499456762","key":"","authCode":"134663372617857042","order_sn":"2018052009205072331","price":8}

2018-05-20 09:43:04 {"merchant_id":"1499456762","key":"","authCode":"134554900372510904","order_sn":"2018052009430457230","price":8}

2018-05-20 09:48:46 {"merchant_id":"1499456762","key":"","authCode":"134884056114601409","order_sn":"2018052009484668143","price":200}

2018-05-20 09:48:50 {"merchant_id":"1499456762","key":"","authCode":"134570419954607487","order_sn":"2018052009485050914","price":4}

2018-05-20 09:50:16 {"merchant_id":"1499456762","key":"","authCode":"134654657861483022","order_sn":"2018052009501676334","price":200}

2018-05-20 09:53:28 {"merchant_id":"1499456762","key":"","authCode":"134650185731094817","order_sn":"2018052009532822804","price":12}

2018-05-20 10:00:20 {"merchant_id":"1499456762","key":"","authCode":"135534322009581817","order_sn":"2018052010002097905","price":5.2}

2018-05-20 10:01:22 {"merchant_id":"1499456762","key":"","authCode":"134782177011481367","order_sn":"2018052010012267966","price":5.2}

2018-05-20 10:02:08 {"merchant_id":"1499456762","key":"","authCode":"134734283147121917","order_sn":"2018052010020871664","price":5.2}

2018-05-20 10:02:44 {"merchant_id":"1499456762","key":"","authCode":"135105496453719695","order_sn":"2018052010024472341","price":5.2}

2018-05-20 10:03:09 {"merchant_id":"1499456762","key":"","authCode":"135239779491223285","order_sn":"2018052010030911504","price":5.2}

2018-05-20 10:03:35 {"merchant_id":"1499456762","key":"","authCode":"134924014148486520","order_sn":"2018052010033511747","price":5.2}

2018-05-20 10:04:42 {"merchant_id":"1499456762","key":"","authCode":"134653452046493795","order_sn":"2018052010044280413","price":5.2}

2018-05-20 10:05:25 {"merchant_id":"1499456762","key":"","authCode":"134916010086685197","order_sn":"2018052010052579840","price":5.2}

2018-05-20 10:07:26 {"merchant_id":"1499456762","key":"","authCode":"134625090524437445","order_sn":"2018052010072699318","price":5.2}

2018-05-20 10:07:56 {"merchant_id":"1499456762","key":"","authCode":"134519259039128784","order_sn":"2018052010075653894","price":5.2}

2018-05-20 10:08:18 {"merchant_id":"1499456762","key":"","authCode":"135038863919203041","order_sn":"2018052010081827025","price":5.2}

2018-05-20 10:09:04 {"merchant_id":"1499456762","key":"","authCode":"134625283614476624","order_sn":"2018052010090429403","price":5.2}

2018-05-20 10:09:48 {"merchant_id":"1499456762","key":"","authCode":"134655087026269421","order_sn":"2018052010094810614","price":26}

2018-05-20 10:09:57 {"merchant_id":"1499456762","key":"","authCode":"134556117866770899","order_sn":"2018052010095772447","price":4}

2018-05-20 10:10:17 {"merchant_id":"1499456762","key":"","authCode":"134804984880682101","order_sn":"2018052010101767775","price":6}

2018-05-20 10:10:34 {"merchant_id":"1499456762","key":"","authCode":"134714608078536281","order_sn":"2018052010103446350","price":148}

2018-05-20 10:12:07 {"merchant_id":"1499456762","key":"","authCode":"134525081710406212","order_sn":"2018052010120794172","price":23}

2018-05-20 10:14:03 {"merchant_id":"1499456762","key":"","authCode":"134710689588040358","order_sn":"2018052010140382982","price":40}

2018-05-20 10:14:42 {"merchant_id":"1499456762","key":"","authCode":"134686255393229550","order_sn":"2018052010144227035","price":5.2}

2018-05-20 10:15:11 {"merchant_id":"1499456762","key":"","authCode":"134671377671977337","order_sn":"2018052010151155489","price":5.2}

2018-05-20 10:17:46 {"merchant_id":"1499456762","key":"","authCode":"134570508757133883","order_sn":"2018052010174696102","price":5.2}

2018-05-20 10:24:16 {"merchant_id":"1499456762","key":"","authCode":"134533707410241385","order_sn":"2018052010241679678","price":5.2}

2018-05-20 10:31:14 {"merchant_id":"1499456762","key":"","authCode":"134636672598836992","order_sn":"2018052010311461214","price":5.2}

2018-05-20 10:35:22 {"merchant_id":"1499456762","key":"","authCode":"134702786836267431","order_sn":"2018052010352292679","price":11}

2018-05-20 10:37:19 {"merchant_id":"1499456762","key":"","authCode":"134641104331364227","order_sn":"2018052010371936168","price":200}

2018-05-20 10:41:00 {"merchant_id":"1499456762","key":"","authCode":"135030534432857049","order_sn":"2018052010410091979","price":15}

2018-05-20 10:41:43 {"merchant_id":"1499456762","key":"","authCode":"134545956035322193","order_sn":"2018052010414362921","price":9}

2018-05-20 10:42:10 {"merchant_id":"1499456762","key":"","authCode":"134878360314762425","order_sn":"2018052010421031684","price":8}

2018-05-20 10:50:58 {"merchant_id":"1499456762","key":"","authCode":"134522098767470278","order_sn":"2018052010505867779","price":5}

2018-05-20 10:54:02 {"merchant_id":"1499456762","key":"","authCode":"135057674422048618","order_sn":"2018052010540267427","price":18}

2018-05-20 10:56:00 {"merchant_id":"1499456762","key":"","authCode":"134725280035272474","order_sn":"2018052010560030206","price":5.2}

2018-05-20 10:57:34 {"merchant_id":"1499456762","key":"","authCode":"135078567077305290","order_sn":"2018052010573490918","price":28}

2018-05-20 11:00:28 {"merchant_id":"1499456762","key":"","authCode":"134537510052718869","order_sn":"2018052011002899234","price":13}

2018-05-20 11:01:15 {"merchant_id":"1499456762","key":"","authCode":"134564770247680736","order_sn":"2018052011011520909","price":32}

2018-05-20 11:21:58 {"merchant_id":"1499456762","key":"","authCode":"134670480711586838","order_sn":"2018052011215849372","price":8}

2018-05-20 11:25:03 {"merchant_id":"1499456762","key":"","authCode":"135834527254347479","order_sn":"2018052011250399685","price":12}

2018-05-20 11:49:49 {"merchant_id":"1499456762","key":"","authCode":"134581941467149528","order_sn":"2018052011494997124","price":20}

2018-05-20 11:49:52 {"merchant_id":"1499456762","key":"","authCode":"134756693380134162","order_sn":"2018052011495236461","price":30}

2018-05-20 11:53:20 {"merchant_id":"1499456762","key":"","authCode":"134693129073521731","order_sn":"2018052011532012851","price":10}

2018-05-20 12:13:26 {"merchant_id":"1499456762","key":"","authCode":"134599675813176696","order_sn":"2018052012132665165","price":30}

2018-05-20 12:14:38 {"merchant_id":"1499456762","key":"","authCode":"134877229343734467","order_sn":"2018052012143864102","price":15}

2018-05-20 12:15:15 {"merchant_id":"1499456762","key":"","authCode":"134751516959449608","order_sn":"2018052012151552477","price":8}

2018-05-20 12:18:38 {"merchant_id":"1499456762","key":"","authCode":"134928786483268957","order_sn":"2018052012183818698","price":200}

2018-05-20 12:21:31 {"merchant_id":"1499456762","key":"","authCode":"134752557210861691","order_sn":"2018052012213162350","price":44}

2018-05-20 12:34:42 {"merchant_id":"1499456762","key":"","authCode":"135060638865388612","order_sn":"2018052012344260952","price":5.2}

2018-05-20 12:43:34 {"merchant_id":"1499456762","key":"","authCode":"134516951863770725","order_sn":"2018052012433421690","price":5.2}

2018-05-20 12:46:19 {"merchant_id":"1499456762","key":"","authCode":"134659481802980471","order_sn":"2018052012461972371","price":27}

2018-05-20 12:48:40 {"merchant_id":"1499456762","key":"","authCode":"134561309181116817","order_sn":"2018052012484060715","price":7}

2018-05-20 12:55:03 {"merchant_id":"1493159782","key":"","authCode":"134565835988424256","order_sn":"2018052012550375207","price":200}

2018-05-20 12:57:29 {"merchant_id":"1499456762","key":"","authCode":"134663718224361542","order_sn":"2018052012572962399","price":22.5}

2018-05-20 12:59:52 {"merchant_id":"1499456762","key":"","authCode":"134516305596140231","order_sn":"2018052012595289487","price":9}

2018-05-20 13:00:34 {"merchant_id":"2088822285099072","key":"201710BBaa55e11a995b41488709d94fe3bfbX07","authCode":"285311322112337822","order_sn":"2018052013003348589","price":200}

2018-05-20 13:00:34 {"app_id":"2017071207730667","method":"alipay.trade.pay","charset":"utf-8","sign_type":"RSA","app_auth_token":"201710BBaa55e11a995b41488709d94fe3bfbX07","timestamp":"2018-05-20 13:00:34","version":"1.0","biz_content":"{\"out_trade_no\":\"2018052013003348589\",\"scene\":\"bar_code\",\"auth_code\":\"285311322112337822\",\"subject\":\"\\u8ba2\\u5355\\u53f7:2018052013003348589\",\"seller_id\":\"2088822285099072\",\"total_amount\":200,\"extend_params\":{\"sys_service_provider_id\":\"2088721521881652\"}}","sign":"YpZePh8id1UkV28TzU6t88Xl9kXNt0EZDVDgjVzCOFgdipLeliYN4FYnbu0oluQhlnUTaTsV2o7jhwyGQ3K\/bLhLodsyCd0MO5x8lbNwwPBJ0AndevY+zC6WbmmrOk5wDFoqsjQt8OJKmHFy2yVeV0uDlTmvRyxicLHMEsHKPdg="}

2018-05-20 13:00:35 {"alipay_trade_pay_response":{"code":"10000","msg":"Success","buyer_logon_id":"182****5855","buyer_pay_amount":"200.00","buyer_user_id":"2088612260089594","fund_bill_list":[{"amount":"200.00","fund_channel":"ALIPAYACCOUNT"}],"gmt_payment":"2018-05-20 13:00:35","invoice_amount":"200.00","out_trade_no":"2018052013003348589","point_amount":"0.00","receipt_amount":"200.00","total_amount":"200.00","trade_no":"2018052021001004590591454385"},"sign":"Q2Vn9JeLGSmx9NaTYQ+UNt7Pbmfjf/kjs7R/D6PKc40ApCOfMKqxFeRh2A1HbS6J3qo0muNWCBn/p5eiPAcKfdcraDAFvkQ2q7Zu5i27qlzFZm8tO6tfolcPkShNyKl3ImMvoRkqW2PoXxzRIgH0BoBAFqjdl6P5l8JqC0wK0iQ="}

2018-05-20 13:08:46 {"merchant_id":"1499456762","key":"","authCode":"135301669977673454","order_sn":"2018052013084695377","price":200}

2018-05-20 13:18:04 {"merchant_id":"1499456762","key":"","authCode":"135028205403522608","order_sn":"2018052013180413031","price":11}

2018-05-20 13:30:47 {"merchant_id":"1499456762","key":"","authCode":"134626858869341734","order_sn":"2018052013304711754","price":13.2}

2018-05-20 13:33:47 {"merchant_id":"1499456762","key":"","authCode":"134513672423870173","order_sn":"2018052013334781224","price":5.2}

2018-05-20 13:35:57 {"merchant_id":"1493159782","key":"","authCode":"135307908125240669","order_sn":"2018052013355787200","price":200}

2018-05-20 13:45:33 {"merchant_id":"1499456762","key":"","authCode":"134765352503129362","order_sn":"2018052013453387935","price":5}

2018-05-20 13:55:58 {"merchant_id":"1499456762","key":"","authCode":"134818909559931775","order_sn":"2018052013555880329","price":46}

2018-05-20 13:58:47 {"merchant_id":"1499456762","key":"","authCode":"135265694117064139","order_sn":"2018052013584776324","price":15}

2018-05-20 14:08:52 {"merchant_id":"1499456762","key":"","authCode":"134913274878881227","order_sn":"2018052014085257837","price":7}

2018-05-20 14:16:14 {"merchant_id":"1499456762","key":"","authCode":"134859346915029981","order_sn":"2018052014161496975","price":200}

2018-05-20 14:26:12 {"merchant_id":"1499456762","key":"","authCode":"134763727093514743","order_sn":"2018052014261220432","price":8}

2018-05-20 14:29:45 {"merchant_id":"1499456762","key":"","authCode":"134525087119161325","order_sn":"2018052014294579427","price":5.2}

2018-05-20 14:36:14 {"merchant_id":"1499456762","key":"","authCode":"134961249170219896","order_sn":"2018052014361485897","price":5.2}

2018-05-20 14:40:25 {"merchant_id":"1499456762","key":"","authCode":"134835079456667501","order_sn":"2018052014402558470","price":5.2}

2018-05-20 14:41:17 {"merchant_id":"1499456762","key":"","authCode":"135052411151680623","order_sn":"2018052014411763719","price":8}

2018-05-20 14:42:17 {"merchant_id":"1499456762","key":"","authCode":"134652338994075900","order_sn":"2018052014421723263","price":8}

2018-05-20 14:42:32 {"merchant_id":"1499456762","key":"","authCode":"134637310299700279","order_sn":"2018052014423241400","price":8}

2018-05-20 14:44:56 {"merchant_id":"1499456762","key":"","authCode":"134911262981844352","order_sn":"2018052014445652660","price":15}

2018-05-20 14:50:09 {"merchant_id":"1499456762","key":"","authCode":"136180308482137213","order_sn":"2018052014500994694","price":35}

2018-05-20 15:00:04 {"merchant_id":"1499456762","key":"","authCode":"134571687627890523","order_sn":"2018052015000320974","price":5.2}

2018-05-20 15:04:53 {"merchant_id":"1499456762","key":"","authCode":"134581975187102287","order_sn":"2018052015045326255","price":8}

2018-05-20 15:07:50 {"merchant_id":"1499456762","key":"","authCode":"134663306200140882","order_sn":"2018052015075088676","price":5.2}

2018-05-20 15:08:45 {"merchant_id":"1499456762","key":"","authCode":"134586546542031814","order_sn":"2018052015084524507","price":4}

2018-05-20 15:09:19 {"merchant_id":"1499456762","key":"","authCode":"134707395679118145","order_sn":"2018052015091931749","price":5.2}

2018-05-20 15:09:38 {"merchant_id":"1499456762","key":"","authCode":"134557755620592655","order_sn":"2018052015093891514","price":5.2}

2018-05-20 15:10:17 {"merchant_id":"1499456762","key":"","authCode":"134577132341212150","order_sn":"2018052015101715488","price":5.2}

2018-05-20 15:11:14 {"merchant_id":"1499456762","key":"","authCode":"134657920457466656","order_sn":"2018052015111468978","price":5.2}

2018-05-20 15:11:46 {"merchant_id":"1499456762","key":"","authCode":"134600029863994209","order_sn":"2018052015114655118","price":5.2}

2018-05-20 15:14:04 {"merchant_id":"1499456762","key":"","authCode":"134950103890783259","order_sn":"2018052015140493354","price":5.2}

2018-05-20 15:15:23 {"merchant_id":"1499456762","key":"","authCode":"134698382049762449","order_sn":"2018052015152328734","price":5.2}

2018-05-20 15:15:47 {"merchant_id":"1499456762","key":"","authCode":"134774200834996011","order_sn":"2018052015154785828","price":9}

2018-05-20 15:17:01 {"merchant_id":"1499456762","key":"","authCode":"135045987060195272","order_sn":"2018052015170125452","price":5.2}

2018-05-20 15:17:26 {"merchant_id":"1499456762","key":"","authCode":"135059178375931529","order_sn":"2018052015172636031","price":58}

2018-05-20 15:23:41 {"merchant_id":"1499456762","key":"","authCode":"134597285142985861","order_sn":"2018052015234134421","price":5.2}

2018-05-20 15:24:39 {"merchant_id":"1499456762","key":"","authCode":"134753945987117155","order_sn":"2018052015243917402","price":17}

2018-05-20 15:28:05 {"merchant_id":"1499456762","key":"","authCode":"134543100563583754","order_sn":"2018052015280534338","price":18}

2018-05-20 15:29:11 {"merchant_id":"1499456762","key":"","authCode":"135571235271712401","order_sn":"2018052015291122392","price":23}

2018-05-20 15:34:53 {"merchant_id":"1499456762","key":"","authCode":"134661774745165192","order_sn":"2018052015345367978","price":5.2}

2018-05-20 15:35:12 {"merchant_id":"1499456762","key":"","authCode":"134559502680923523","order_sn":"2018052015351295748","price":22}

2018-05-20 15:52:25 {"merchant_id":"1499456762","key":"","authCode":"134823623171723964","order_sn":"2018052015522597368","price":15}

2018-05-20 15:53:38 {"merchant_id":"1499456762","key":"","authCode":"134594105691520211","order_sn":"2018052015533874075","price":5.2}

2018-05-20 15:55:35 {"merchant_id":"1499456762","key":"","authCode":"134545213694066330","order_sn":"2018052015553491528","price":2}

2018-05-20 15:56:49 {"merchant_id":"1499456762","key":"","authCode":"135244209998550448","order_sn":"2018052015564939205","price":35}

2018-05-20 15:57:24 {"merchant_id":"1499456762","key":"","authCode":"135040339918267946","order_sn":"2018052015572482221","price":53}

2018-05-20 15:57:35 {"merchant_id":"1499456762","key":"","authCode":"134549962640098369","order_sn":"2018052015573531673","price":8}

2018-05-20 16:01:34 {"merchant_id":"1499456762","key":"","authCode":"134908931076427905","order_sn":"2018052016013463016","price":19}

2018-05-20 16:02:00 {"merchant_id":"1499456762","key":"","authCode":"134685947807449718","order_sn":"2018052016020094140","price":36}

2018-05-20 16:06:31 {"merchant_id":"1499456762","key":"","authCode":"134730876731670058","order_sn":"2018052016063154370","price":28}

2018-05-20 16:06:46 {"merchant_id":"1499456762","key":"","authCode":"135214640877275206","order_sn":"2018052016064666334","price":5.2}

2018-05-20 16:10:42 {"merchant_id":"1499456762","key":"","authCode":"134757660405051710","order_sn":"2018052016104230809","price":198}

2018-05-20 16:11:22 {"merchant_id":"1490350062","key":"","authCode":"134863796692371853","order_sn":"2018052016112295619","price":300}

2018-05-20 16:14:30 {"merchant_id":"1499456762","key":"","authCode":"134783839224670587","order_sn":"2018052016143026444","price":26}

2018-05-20 16:15:57 {"merchant_id":"1499456762","key":"","authCode":"134717808886465114","order_sn":"2018052016155714956","price":40.2}

2018-05-20 16:16:07 {"merchant_id":"1499456762","key":"","authCode":"135065697129329997","order_sn":"2018052016160738962","price":5.2}

2018-05-20 16:19:11 {"merchant_id":"1499456762","key":"","authCode":"134928267088115460","order_sn":"2018052016191127667","price":7}

2018-05-20 16:19:52 {"merchant_id":"1499456762","key":"","authCode":"135485653243081450","order_sn":"2018052016195211249","price":30}

2018-05-20 16:20:13 {"merchant_id":"1499456762","key":"","authCode":"134622189946458762","order_sn":"2018052016201329661","price":9}

2018-05-20 16:20:53 {"merchant_id":"1499456762","key":"","authCode":"134936521357429873","order_sn":"2018052016205341822","price":54}

2018-05-20 16:23:22 {"merchant_id":"1499456762","key":"","authCode":"134728145853858315","order_sn":"2018052016232233471","price":17}

2018-05-20 16:26:55 {"merchant_id":"1499456762","key":"","authCode":"134610041417774459","order_sn":"2018052016265593569","price":46}

2018-05-20 16:27:54 {"merchant_id":"1490350062","key":"","authCode":"134750540588413471","order_sn":"2018052016275429499","price":100}

2018-05-20 16:30:17 {"merchant_id":"1499456762","key":"","authCode":"134630945406751506","order_sn":"2018052016301786144","price":15}

2018-05-20 16:34:58 {"merchant_id":"1499456762","key":"","authCode":"134960010566559712","order_sn":"2018052016345832181","price":16}

2018-05-20 16:40:20 {"merchant_id":"1499456762","key":"","authCode":"134617323507970806","order_sn":"2018052016402081421","price":9}

2018-05-20 16:42:47 {"merchant_id":"1499456762","key":"","authCode":"134995118161725999","order_sn":"2018052016424763202","price":21}

2018-05-20 16:44:34 {"merchant_id":"1499456762","key":"","authCode":"134783490349177705","order_sn":"2018052016443449482","price":14}

2018-05-20 16:44:45 {"merchant_id":"1499456762","key":"","authCode":"134960148029037199","order_sn":"2018052016444552984","price":35.5}

2018-05-20 16:53:05 {"merchant_id":"1499456762","key":"","authCode":"135040327030168809","order_sn":"2018052016530533001","price":5.2}

2018-05-20 16:53:22 {"merchant_id":"1499456762","key":"","authCode":"134716275614055619","order_sn":"2018052016532287202","price":25}

2018-05-20 16:54:00 {"merchant_id":"1499456762","key":"","authCode":"134739028247327314","order_sn":"2018052016540088484","price":13.2}

2018-05-20 16:54:37 {"merchant_id":"1499456762","key":"","authCode":"135310055738893043","order_sn":"2018052016543610809","price":4}

2018-05-20 16:56:52 {"merchant_id":"1499456762","key":"","authCode":"134678701635846952","order_sn":"2018052016565183298","price":20}

2018-05-20 17:01:03 {"merchant_id":"1499456762","key":"","authCode":"135175864580409824","order_sn":"2018052017010355164","price":20}

2018-05-20 17:08:44 {"merchant_id":"1499456762","key":"","authCode":"134685259604504839","order_sn":"2018052017084456808","price":15}

2018-05-20 17:13:14 {"merchant_id":"1499456762","key":"","authCode":"134628216880483943","order_sn":"2018052017131410212","price":121}

2018-05-20 17:13:46 {"merchant_id":"1499456762","key":"","authCode":"135261292349015710","order_sn":"2018052017134616217","price":38}

2018-05-20 17:16:23 {"merchant_id":"1499456762","key":"","authCode":"134588280674734898","order_sn":"2018052017162317477","price":6}

2018-05-20 17:17:22 {"merchant_id":"1499456762","key":"","authCode":"134795707468519880","order_sn":"2018052017172215712","price":35}

2018-05-20 17:19:23 {"merchant_id":"1499456762","key":"","authCode":"134543736441126851","order_sn":"2018052017192331560","price":28}

2018-05-20 17:20:02 {"merchant_id":"1499456762","key":"","authCode":"134918233999566387","order_sn":"2018052017200222442","price":15}

2018-05-20 17:21:17 {"merchant_id":"1499456762","key":"","authCode":"134558920274399193","order_sn":"2018052017211780151","price":15}

2018-05-20 17:21:49 {"merchant_id":"1499456762","key":"","authCode":"134665130162856181","order_sn":"2018052017214958913","price":24}

2018-05-20 17:24:58 {"merchant_id":"1499456762","key":"","authCode":"135014684805047363","order_sn":"2018052017245864647","price":12}

2018-05-20 17:25:06 {"merchant_id":"1499456762","key":"","authCode":"134665247007855724","order_sn":"2018052017250680028","price":7}

2018-05-20 17:27:48 {"merchant_id":"1493159782","key":"","authCode":"135019256499728265","order_sn":"2018052017274832900","price":400}

2018-05-20 17:33:02 {"merchant_id":"1499456762","key":"","authCode":"134533543809988965","order_sn":"2018052017330195506","price":25}

2018-05-20 17:34:08 {"merchant_id":"1499456762","key":"","authCode":"134608011858883708","order_sn":"2018052017340878552","price":14.5}

2018-05-20 17:34:43 {"merchant_id":"1499456762","key":"","authCode":"134662262221314135","order_sn":"2018052017344218422","price":9}

2018-05-20 17:38:11 {"merchant_id":"1499456762","key":"","authCode":"135437515663617248","order_sn":"2018052017381163975","price":30}

2018-05-20 17:38:35 {"merchant_id":"1499456762","key":"","authCode":"134593251933216976","order_sn":"2018052017383537050","price":15}

2018-05-20 17:43:54 {"merchant_id":"1499456762","key":"","authCode":"134808324993201613","order_sn":"2018052017435452577","price":28}

2018-05-20 17:44:15 {"merchant_id":"1499456762","key":"","authCode":"134976540812583786","order_sn":"2018052017441568630","price":15}

2018-05-20 17:49:24 {"merchant_id":"1499456762","key":"","authCode":"134617296398446038","order_sn":"2018052017492483486","price":9}

2018-05-20 17:50:23 {"merchant_id":"1499456762","key":"","authCode":"134686431932736606","order_sn":"2018052017502358346","price":8}

2018-05-20 17:50:39 {"merchant_id":"1499456762","key":"","authCode":"134717846471851331","order_sn":"2018052017503929110","price":8}

2018-05-20 17:51:28 {"merchant_id":"1499456762","key":"","authCode":"134582060882435979","order_sn":"2018052017512815175","price":16}

2018-05-20 17:52:01 {"merchant_id":"1499456762","key":"","authCode":"134797455563447884","order_sn":"2018052017520183830","price":17}

2018-05-20 17:54:32 {"merchant_id":"1499456762","key":"","authCode":"134548746819117790","order_sn":"2018052017543295506","price":9}

2018-05-20 18:01:21 {"merchant_id":"1499456762","key":"","authCode":"134686341425995327","order_sn":"2018052018012172241","price":15}

2018-05-20 18:06:00 {"merchant_id":"1499456762","key":"","authCode":"134600087941704070","order_sn":"2018052018060040849","price":65.9}

2018-05-20 18:06:35 {"merchant_id":"1499456762","key":"","authCode":"134776613007523113","order_sn":"2018052018063529851","price":4}

2018-05-20 18:09:52 {"merchant_id":"1499456762","key":"","authCode":"134896791409120339","order_sn":"2018052018095295028","price":35}

2018-05-20 18:10:16 {"merchant_id":"1499456762","key":"","authCode":"134504616537035740","order_sn":"2018052018101695486","price":8}

2018-05-20 18:10:40 {"merchant_id":"1499456762","key":"","authCode":"134754278913959895","order_sn":"2018052018104076576","price":8}

2018-05-20 18:18:34 {"merchant_id":"1499456762","key":"","authCode":"134642615168620979","order_sn":"2018052018183447314","price":24}

2018-05-20 18:20:35 {"merchant_id":"1499456762","key":"","authCode":"134716201062064763","order_sn":"2018052018203580303","price":36}

2018-05-20 18:22:51 {"merchant_id":"1499456762","key":"","authCode":"134611662606801664","order_sn":"2018052018225121999","price":10.4}

2018-05-20 18:24:21 {"merchant_id":"1499456762","key":"","authCode":"134515756296911797","order_sn":"2018052018242147798","price":31}

2018-05-20 18:26:09 {"merchant_id":"1499456762","key":"","authCode":"134768732290826194","order_sn":"2018052018260964133","price":14}

2018-05-20 18:26:33 {"merchant_id":"1499456762","key":"","authCode":"134852204522217042","order_sn":"2018052018263382141","price":9}

2018-05-20 18:31:27 {"merchant_id":"1499456762","key":"","authCode":"134958406089374272","order_sn":"2018052018312792783","price":51}

2018-05-20 18:40:48 {"merchant_id":"1499456762","key":"","authCode":"134561821308225669","order_sn":"2018052018404849705","price":6}

2018-05-20 18:47:01 {"merchant_id":"1499456762","key":"","authCode":"134862869346619576","order_sn":"2018052018470136863","price":14}

2018-05-20 18:48:11 {"merchant_id":"1499456762","key":"","authCode":"134666127287105646","order_sn":"2018052018481125701","price":20}

2018-05-20 18:49:34 {"merchant_id":"1499456762","key":"","authCode":"134885147051940092","order_sn":"2018052018493433847","price":33}

2018-05-20 18:52:08 {"merchant_id":"1499456762","key":"","authCode":"134661810883436991","order_sn":"2018052018520833758","price":27}

2018-05-20 18:52:31 {"merchant_id":"1499456762","key":"","authCode":"134670907475961296","order_sn":"2018052018523071441","price":16.5}

2018-05-20 18:57:56 {"merchant_id":"1499456762","key":"","authCode":"134739592661003965","order_sn":"2018052018575627261","price":8}

2018-05-20 19:00:04 {"merchant_id":"1499456762","key":"","authCode":"135286273801700572","order_sn":"2018052019000446344","price":60}

2018-05-20 19:04:09 {"merchant_id":"1499456762","key":"","authCode":"134650077283546647","order_sn":"2018052019040937286","price":16}

2018-05-20 19:09:31 {"merchant_id":"1499456762","key":"","authCode":"134896928248063944","order_sn":"2018052019093174887","price":28}

2018-05-20 19:10:13 {"merchant_id":"1499456762","key":"","authCode":"134994073398219545","order_sn":"2018052019101381026","price":5}

2018-05-20 19:13:28 {"merchant_id":"1499456762","key":"","authCode":"134633525537480978","order_sn":"2018052019132886234","price":8}

2018-05-20 19:14:47 {"merchant_id":"1499456762","key":"","authCode":"134696437410790600","order_sn":"2018052019144761351","price":28}

2018-05-20 19:16:47 {"merchant_id":"1499456762","key":"","authCode":"134549017944734059","order_sn":"2018052019164717389","price":8}

2018-05-20 19:18:05 {"merchant_id":"1490350062","key":"","authCode":"134992720627788781","order_sn":"2018052019180569137","price":300}

2018-05-20 19:21:50 {"merchant_id":"1499456762","key":"","authCode":"134584832127618403","order_sn":"2018052019215081352","price":20}

2018-05-20 19:23:42 {"merchant_id":"1499456762","key":"","authCode":"134802727709798073","order_sn":"2018052019234298514","price":6.5}

2018-05-20 19:28:32 {"merchant_id":"1499456762","key":"","authCode":"134886926936419091","order_sn":"2018052019283261290","price":16}

2018-05-20 19:30:37 {"merchant_id":"1499456762","key":"","authCode":"134615734968150838","order_sn":"2018052019303759501","price":6.5}

2018-05-20 19:32:06 {"merchant_id":"1499456762","key":"","authCode":"134880041643348171","order_sn":"2018052019320646119","price":29}

2018-05-20 19:33:51 {"merchant_id":"1499456762","key":"","authCode":"134884685680965477","order_sn":"2018052019335168627","price":28}

2018-05-20 19:34:58 {"merchant_id":"1499456762","key":"","authCode":"134972572123533596","order_sn":"2018052019345828074","price":12}

2018-05-20 19:38:20 {"merchant_id":"1499456762","key":"","authCode":"135052931576282882","order_sn":"2018052019382052010","price":41.5}

2018-05-20 19:39:43 {"merchant_id":"2088822285099072","key":"201710BBaa55e11a995b41488709d94fe3bfbX07","authCode":"280623067761847424","order_sn":"2018052019394322586","price":118}

2018-05-20 19:39:43 {"app_id":"2017071207730667","method":"alipay.trade.pay","charset":"utf-8","sign_type":"RSA","app_auth_token":"201710BBaa55e11a995b41488709d94fe3bfbX07","timestamp":"2018-05-20 19:39:43","version":"1.0","biz_content":"{\"out_trade_no\":\"2018052019394322586\",\"scene\":\"bar_code\",\"auth_code\":\"280623067761847424\",\"subject\":\"\\u8ba2\\u5355\\u53f7:2018052019394322586\",\"seller_id\":\"2088822285099072\",\"total_amount\":118,\"extend_params\":{\"sys_service_provider_id\":\"2088721521881652\"}}","sign":"IBKV\/YMTRAHmQSDcU2CIp2PDUYjUnfQZ06I7X61\/HN1emQJHxjbLjbdwafxRc8M\/4B3k9vU19tiIPPHgwrYeo155EMeJCERfgCRt9y4ZQKJ15uDHA5T+ehDVsuj9IzCTimAjLjcsyEyjo6X7KdBOcFW+jVWRSGwfNp\/YRMVCt4I="}

2018-05-20 19:39:44 {"alipay_trade_pay_response":{"code":"10000","msg":"Success","buyer_logon_id":"158****5267","buyer_pay_amount":"118.00","buyer_user_id":"2088222769487164","fund_bill_list":[{"amount":"118.00","fund_channel":"ALIPAYACCOUNT"}],"gmt_payment":"2018-05-20 19:39:44","invoice_amount":"118.00","out_trade_no":"2018052019394322586","point_amount":"0.00","receipt_amount":"118.00","total_amount":"118.00","trade_no":"2018052021001004160597284143"},"sign":"ckUmdK4UqqMRVKN9rMKsmvOteU/THNc9PN+WhIpYuv5mrzBLSG8ar/Qd1jLKpK/hoPP9V4JK/aM+7YkzEloJZopDbgIqesceJ62kwyCRsErQI1NzVuyqEJR08xZ2PIAXINeWqOraxVU4wbr7oitTaZguPsAeZgE8oRJLYVfD2b4="}

2018-05-20 19:40:01 {"merchant_id":"1499456762","key":"","authCode":"135180621082342134","order_sn":"2018052019400170798","price":6}

2018-05-20 19:42:55 {"merchant_id":"1499456762","key":"","authCode":"134630822016720225","order_sn":"2018052019425520554","price":28}

2018-05-20 19:45:19 {"merchant_id":"1493159782","key":"","authCode":"135041845440626663","order_sn":"2018052019451931262","price":300}

2018-05-20 19:47:41 {"merchant_id":"1499456762","key":"","authCode":"135697266293717238","order_sn":"2018052019474135106","price":4}

2018-05-20 19:48:08 {"merchant_id":"1499456762","key":"","authCode":"134995523306618424","order_sn":"2018052019480825450","price":31}

2018-05-20 19:51:05 {"merchant_id":"1499456762","key":"","authCode":"134858088078475733","order_sn":"2018052019510542557","price":15}

2018-05-20 19:54:50 {"merchant_id":"1499456762","key":"","authCode":"134687906701426683","order_sn":"2018052019545095941","price":22}

2018-05-20 20:04:09 {"merchant_id":"1499456762","key":"","authCode":"134776761187036128","order_sn":"2018052020040913324","price":16}

2018-05-20 20:09:11 {"merchant_id":"1499456762","key":"","authCode":"134674942165245941","order_sn":"2018052020091187908","price":14}

2018-05-20 20:12:29 {"merchant_id":"1499456762","key":"","authCode":"134897315029774734","order_sn":"2018052020122939122","price":25}

2018-05-20 20:14:12 {"merchant_id":"1499456762","key":"","authCode":"135491292956519868","order_sn":"2018052020141280857","price":15}

2018-05-20 20:14:29 {"merchant_id":"1499456762","key":"","authCode":"134800682366745220","order_sn":"2018052020142930344","price":8}

2018-05-20 20:21:16 {"merchant_id":"1499456762","key":"","authCode":"134570136512332319","order_sn":"2018052020211647414","price":15}

2018-05-20 20:23:33 {"merchant_id":"1499456762","key":"","authCode":"134768301046985649","order_sn":"2018052020233398752","price":14}

2018-05-20 20:26:06 {"merchant_id":"1499456762","key":"","authCode":"135123825197083691","order_sn":"2018052020260636307","price":17}

2018-05-20 20:26:34 {"merchant_id":"1499456762","key":"","authCode":"134727535512600386","order_sn":"2018052020263446137","price":36}

2018-05-20 20:30:14 {"merchant_id":"1499456762","key":"","authCode":"134837380510048088","order_sn":"2018052020301425011","price":12}

2018-05-20 20:31:50 {"merchant_id":"1499456762","key":"","authCode":"134744346370958957","order_sn":"2018052020315087962","price":8}

2018-05-20 20:34:23 {"merchant_id":"1499456762","key":"","authCode":"135183020081231179","order_sn":"2018052020342395904","price":24}

2018-05-20 20:39:46 {"merchant_id":"1499456762","key":"","authCode":"134839299552826171","order_sn":"2018052020394687359","price":8}

2018-05-20 20:45:44 {"merchant_id":"1493159782","key":"","authCode":"134966312610939020","order_sn":"2018052020454373742","price":300}

2018-05-20 20:49:00 {"merchant_id":"1499456762","key":"","authCode":"134653829033543691","order_sn":"2018052020490088907","price":23}

2018-05-20 20:49:09 {"merchant_id":"1499456762","key":"","authCode":"134520327429313576","order_sn":"2018052020490945035","price":1}

2018-05-20 20:49:44 {"merchant_id":"1490350062","key":"","authCode":"134634889034433006","order_sn":"2018052020494483471","price":200}

2018-05-20 20:51:10 {"merchant_id":"1499456762","key":"","authCode":"134596516307673738","order_sn":"2018052020511035760","price":17}

2018-05-20 20:51:52 {"merchant_id":"1499456762","key":"","authCode":"134936471948936207","order_sn":"2018052020515230877","price":9}

2018-05-20 20:55:17 {"merchant_id":"1493159782","key":"","authCode":"134726182722578046","order_sn":"2018052020551758821","price":200}

2018-05-20 20:57:26 {"merchant_id":"1499456762","key":"","authCode":"134695443391039441","order_sn":"2018052020572623240","price":2}

2018-05-20 21:00:03 {"merchant_id":"1499456762","key":"","authCode":"134536159633485919","order_sn":"2018052021000240609","price":33.5}

2018-05-20 21:03:49 {"merchant_id":"1499456762","key":"","authCode":"134529689819555273","order_sn":"2018052021034931236","price":4}

2018-05-20 21:05:33 {"merchant_id":"1499456762","key":"","authCode":"134923965656050513","order_sn":"2018052021053271890","price":39.5}

2018-05-20 21:11:17 {"merchant_id":"1490350062","key":"","authCode":"135069168893780062","order_sn":"2018052021111756788","price":200}

2018-05-20 21:13:49 {"merchant_id":"1499456762","key":"","authCode":"134612925468706015","order_sn":"2018052021134919982","price":30}

2018-05-20 21:14:34 {"merchant_id":"1499456762","key":"","authCode":"134668182365075242","order_sn":"2018052021143491298","price":26}

2018-05-20 21:22:35 {"merchant_id":"1499456762","key":"","authCode":"134939355705135877","order_sn":"2018052021223521061","price":5.2}

2018-05-20 21:23:11 {"merchant_id":"1499456762","key":"","authCode":"134682819149512306","order_sn":"2018052021231148458","price":6.5}

2018-05-20 21:24:49 {"merchant_id":"1499456762","key":"","authCode":"134674720932197135","order_sn":"2018052021244918467","price":9}

2018-05-20 21:28:56 {"merchant_id":"1490350062","key":"","authCode":"134781451170536260","order_sn":"2018052021285647166","price":100}

2018-05-20 21:35:17 {"merchant_id":"1499456762","key":"","authCode":"134876579476255404","order_sn":"2018052021351774064","price":35}

2018-05-20 21:44:12 {"merchant_id":"1499456762","key":"","authCode":"134927052285694394","order_sn":"2018052021441212034","price":45}

2018-05-20 21:44:46 {"merchant_id":"1499456762","key":"","authCode":"134748344841392196","order_sn":"2018052021444681221","price":45}

2018-05-20 22:26:11 {"merchant_id":"1490350062","key":"","authCode":"134693111411017703","order_sn":"2018052022261162740","price":50}

2018-05-20 22:30:37 {"merchant_id":"2088822285099072","key":"201710BBaa55e11a995b41488709d94fe3bfbX07","authCode":"289040653583081663","order_sn":"2018052022303724387","price":100}

2018-05-20 22:30:37 {"app_id":"2017071207730667","method":"alipay.trade.pay","charset":"utf-8","sign_type":"RSA","app_auth_token":"201710BBaa55e11a995b41488709d94fe3bfbX07","timestamp":"2018-05-20 22:30:37","version":"1.0","biz_content":"{\"out_trade_no\":\"2018052022303724387\",\"scene\":\"bar_code\",\"auth_code\":\"289040653583081663\",\"subject\":\"\\u8ba2\\u5355\\u53f7:2018052022303724387\",\"seller_id\":\"2088822285099072\",\"total_amount\":100,\"extend_params\":{\"sys_service_provider_id\":\"2088721521881652\"}}","sign":"lWG2E78iB\/jWw8FWYrZVaN4qCe2mQb2ghcvc5\/lJ+cjd6yY6zU6pB5jHDRoe3CM\/leVJrOb\/4fQobBynJq9\/BYVJ6+1mkCNsqJz6Nn9PrcWfEX\/HeC7ZpjSCbAtlQyTtCzu5uLSLRnSCWqPczvlwTZC71L9dJdtEYsisVjvF0To="}

2018-05-20 22:30:38 {"alipay_trade_pay_response":{"code":"10000","msg":"Success","buyer_logon_id":"159****9078","buyer_pay_amount":"100.00","buyer_user_id":"2088312773023123","fund_bill_list":[{"amount":"100.00","fund_channel":"PCREDIT"}],"gmt_payment":"2018-05-20 22:30:38","invoice_amount":"100.00","out_trade_no":"2018052022303724387","point_amount":"0.00","receipt_amount":"100.00","total_amount":"100.00","trade_no":"2018052021001004120599612169"},"sign":"IpiZWxk/mnJq5u93GzHVRSLc+cNq5kyiPJCaqpep7isLAtmmsVfBEh1KB4ymw5n7y6/hwTIE6H89sehEc2vaXz5bCkpb9DSGUs4wfPjSIPPGLksRnXq8yzHVDNgW+0C23+PC5v46yA1kR6gqbilhK8SebmMxDxJsoODOt12WDyc="}

2018-05-20 23:03:37 {"merchant_id":"1490350062","key":"","authCode":"135156046776504628","order_sn":"2018052023033782609","price":100}

2018-05-20 23:47:23 {"merchant_id":"1490350062","key":"","authCode":"134712884981324584","order_sn":"2018052023472353415","price":1000}

