2018-06-03 03:05:52:参数:{"service":"close_order","merchant_id":"6008005629","third_order_id":"2018060303051794953","nonce_str":"UK1VT6G04SZ7Y3SN5F6KSORKRLY3DWSU","sign":"C8720E7BED082CB5206A1BB18D18F5B3"}

2018-06-03 03:05:52:返回:{"resp_code":"0","amount":"1630","leshua_order_id":"1806030305132362","merchant_id":"6008005629","nonce_str":"3184CDAJ35DN4N9A27FLHQ2XZQ7GND1F","pay_way":"ZFBZF","result_code":"0","sign":"E0212FADAB00855DD3639F5CDB28435C","status":"6","third_order_id":"2018060303051794953"}

2018-06-03 08:16:14:参数:{"service":"close_order","merchant_id":"6008005629","third_order_id":"2018060308154021219","nonce_str":"C597RDB26RWA8Q4UF4YGYM4Z6IV38NMV","sign":"7D6123C212015B367847913DB88687A3"}

2018-06-03 08:16:15:返回:{"resp_code":"0","amount":"300","leshua_order_id":"1806030815426734","merchant_id":"6008005629","nonce_str":"HMH20UDMS5GXSAF27HIETIY6NYTKFYDK","pay_way":"WXZF","result_code":"0","sign":"07040A5652D2D0075E97685279059CAA","status":"6","third_order_id":"2018060308154021219"}

2018-06-03 08:17:21:参数:{"service":"close_order","merchant_id":"6008005629","third_order_id":"2018060308164724714","nonce_str":"TBF08K6BIV0O2CMX8RC4JMIS644QQ1RE","sign":"408A5171222A58AC326B64582CA1EDBA"}

2018-06-03 08:17:22:返回:{"resp_code":"0","amount":"900","leshua_order_id":"1806030816435176","merchant_id":"6008005629","nonce_str":"NP7WOAC863N2CK5UFLI025UOETRHX2ZO","pay_way":"WXZF","result_code":"0","sign":"2C91896D5DF7BB9A754FEFD09FA65DE7","status":"6","third_order_id":"2018060308164724714"}

2018-06-03 08:52:14:参数:{"service":"close_order","merchant_id":"6008005629","third_order_id":"2018060308514067017","nonce_str":"OUUYOAMAOC868EIBSHT25XIMGDWR5RYR","sign":"6AF845C1F8CCAEC41BE39121FFD58AAF"}

2018-06-03 08:52:14:返回:{"resp_code":"0","amount":"1180","leshua_order_id":"1806030851401788","merchant_id":"6008005629","nonce_str":"XQASYC97HMYTRXENOJHS8R5I6E3B80JZ","pay_way":"ZFBZF","result_code":"0","sign":"61D9F58B272E4604756CDEA91052F1FA","status":"6","third_order_id":"2018060308514067017"}

2018-06-03 11:43:58:参数:{"service":"close_order","merchant_id":"6008005629","third_order_id":"2018060311432324453","nonce_str":"QXFIT53P5CMP32P613OK0SK71L2Y5OJA","sign":"069DB47A67F10E08FC572CC948E6B002"}

2018-06-03 11:43:58:返回:{"resp_code":"0","amount":"100100","leshua_order_id":"1806031143228635","merchant_id":"6008005629","nonce_str":"0X3IM6Y2VVG974IL8XRO5VCRC3VZ60T7","pay_way":"WXZF","result_code":"0","sign":"AB8A390EBA77F2BB0F44ACB8BD8E6233","status":"6","third_order_id":"2018060311432324453"}

2018-06-03 16:00:51:参数:{"service":"close_order","merchant_id":"6008005629","third_order_id":"2018060316001492472","nonce_str":"O0SS7RZ2S9B9EI9OBFKSJXHUS2N0MM8C","sign":"5B745C7C1DB93D1F77DAF9F8FD93E66C"}

2018-06-03 16:00:51:返回:{"resp_code":"0","amount":"1880","leshua_order_id":"1806031600126148","merchant_id":"6008005629","nonce_str":"3IHK0GDL2BP31SBH8T2MK9Q3LRPEH5J1","pay_way":"WXZF","result_code":"0","sign":"DBAFDA0419643BB23622706D12EC522C","status":"6","third_order_id":"2018060316001492472"}

2018-06-03 17:49:50:参数:{"service":"close_order","merchant_id":"6008005629","third_order_id":"2018060317491412752","nonce_str":"VV9ML7Y6UUHQBYEDXN2P0CSWJ2VPP8FQ","sign":"C895134067C0149437DB0F2ECC001664"}

2018-06-03 17:49:50:返回:{"resp_code":"0","amount":"520","leshua_order_id":"1806031749131825","merchant_id":"6008005629","nonce_str":"U6ZF0EK8GWTAWVTGF66X33JGR0ZKI34O","pay_way":"WXZF","result_code":"0","sign":"16E8DE985DF1FEC19A268A3C48FF04A0","status":"6","third_order_id":"2018060317491412752"}

2018-06-03 18:11:08:参数:{"service":"close_order","merchant_id":"6008005629","third_order_id":"2018060318103594382","nonce_str":"1ZVHA3NQID18V9LS47VTSJ990LRR8H4S","sign":"8A73E85E2A7DBB03127AB4D02B3EC972"}

2018-06-03 18:11:09:返回:{"resp_code":"0","amount":"140","leshua_order_id":"1806031810333799","merchant_id":"6008005629","nonce_str":"2TAEJI9XVPGK7M9MVGS8YFMTWYQ0U5OK","pay_way":"WXZF","result_code":"0","sign":"5A23F9680DB486FA82F8A2CC04DB13D6","status":"6","third_order_id":"2018060318103594382"}

2018-06-03 18:51:18:参数:{"service":"close_order","merchant_id":"6008005629","third_order_id":"2018060318504369643","nonce_str":"I6Z432QWWDFXKOYC287U2HOHBPEVBWGX","sign":"F106ADE5DA726C81A6F5FA275C34126A"}

2018-06-03 18:51:18:返回:{"resp_code":"0","amount":"900","leshua_order_id":"1806031850435251","merchant_id":"6008005629","nonce_str":"5J9D4LT92G6KWGFXA99WA5915494MVGP","pay_way":"WXZF","result_code":"0","sign":"124F7D2F69DBAF8ECF80B9FFB8DFE026","status":"6","third_order_id":"2018060318504369643"}

2018-06-03 19:56:56:参数:{"service":"close_order","merchant_id":"6008005629","third_order_id":"2018060319562159044","nonce_str":"R0P8ADTLES5WF68GACX7VY76UNDS3DT1","sign":"2198F719758E862CCE1129F75132ED22"}

2018-06-03 19:56:56:返回:{"resp_code":"0","amount":"1760","leshua_order_id":"1806031956202301","merchant_id":"6008005629","nonce_str":"XWYBERO33TNPJ3QYBJ359NT4Z0B2YUD2","pay_way":"WXZF","result_code":"0","sign":"6A93CF87A4C8570A357E3DC14F43DF13","status":"6","third_order_id":"2018060319562159044"}

2018-06-03 20:22:21:参数:{"service":"close_order","merchant_id":"6008005629","third_order_id":"2018060320214790646","nonce_str":"MR1H6IE70QB7EWMHSP9A9DQ6JA0Y01BF","sign":"5EBCB1690A8726CD35B86CEE8445069C"}

2018-06-03 20:22:22:返回:{"resp_code":"0","amount":"2160","leshua_order_id":"1806032021424723","merchant_id":"6008005629","nonce_str":"G0TOCAAUO3A04A77J7S1VE7UMWARTFPR","pay_way":"WXZF","result_code":"0","sign":"BF49D9B89424379CA55D599F1E2AA261","status":"6","third_order_id":"2018060320214790646"}

2018-06-03 20:37:10:参数:{"service":"close_order","merchant_id":"6008005629","third_order_id":"2018060320363546054","nonce_str":"XFTM3PQ16A0TJJ7U0CVUP1JU4THS7ZAZ","sign":"8B308E27BD09827C23C4F42893142854"}

2018-06-03 20:37:10:返回:{"resp_code":"0","amount":"500","leshua_order_id":"1806032036321638","merchant_id":"6008005629","nonce_str":"UXQXF55S2E78IAN0SX40ERU5E0D8W9YR","pay_way":"WXZF","result_code":"0","sign":"62D38D0F9408027BAA646AE4519D5699","status":"6","third_order_id":"2018060320363546054"}

