2018-05-06 02:00:28:参数:{"merchant_id":"6008005629","service":"query_status","third_order_id":"2018050602002750795","nonce_str":"1SVI0EUGAPN5K9MINYXUVEU5ONLN8N2X","sign":"849E5D105D63ED86F96D9240E804E81F"}

2018-05-06 02:00:34:继续查询:{"resp_code":"0","amount":"2250","leshua_order_id":"1805060200202367","merchant_id":"6008005629","nonce_str":"KTJ5B31A5C4KPMXPPPA30PJR62DVPJAQ","pay_way":"WXZF","result_code":"0","sign":"E3089D2F529E7744A01BEAAE80366B24","status":"0","third_order_id":"2018050602002750795"}

2018-05-06 02:00:34:参数:{"merchant_id":"6008005629","service":"query_status","third_order_id":"2018050602002750795","nonce_str":"LLDQB5H3DHNFOHW0ZOEMWVWSR62L3ZAD","sign":"F785F4F3E53D35E719A1B0E224B34815"}

2018-05-06 02:00:39:继续查询:{"resp_code":"0","amount":"2250","leshua_order_id":"1805060200202367","merchant_id":"6008005629","nonce_str":"HXJ2C2QDXWUQTZSWRF333J7764G29Z6X","pay_way":"WXZF","result_code":"0","sign":"F7578713E898C3E0FFBC7AC159F17632","status":"0","third_order_id":"2018050602002750795"}

2018-05-06 02:00:39:参数:{"merchant_id":"6008005629","service":"query_status","third_order_id":"2018050602002750795","nonce_str":"KVYOG8H1Q8L03OZU2TF7O9IPR78JNZLC","sign":"1D7BE21331B4D6CA88B21D1B2B9413F0"}

2018-05-06 02:00:40:支付成功:{"resp_code":"0","amount":"2250","bank_type":"CFT","leshua_order_id":"1805060200202367","merchant_id":"6008005629","nonce_str":"J3X3KLT02BFJ6MC4A8C0H4ITNTNAB560","openid":"oRfOu1eG-NTBirbidIMuusvaCFfw","out_transaction_id":"4200000116201805063609289871","pay_time":"2018-05-06 02:00:39","pay_way":"WXZF","result_code":"0","sign":"8C91D4890D826E72B653DFD4B36C3B59","status":"2","third_order_id":"2018050602002750795"}

2018-05-06 03:09:16:参数:{"merchant_id":"6008005629","service":"query_status","third_order_id":"2018050603091536226","nonce_str":"FAILXLQ1OGDID70I3G5NWRGDUKXPDKJ7","sign":"E01DC4043F2D22AE729F87A1A035C74D"}

2018-05-06 03:09:21:继续查询:{"resp_code":"0","amount":"2100","leshua_order_id":"1805060309131931","merchant_id":"6008005629","nonce_str":"4X6FJVUOW5GCZQMHEK23S6MQ2LSZT286","pay_way":"WXZF","result_code":"0","sign":"6258676BAB2AE7DFA4176D1190CA3C2A","status":"0","third_order_id":"2018050603091536226"}

2018-05-06 03:09:21:参数:{"merchant_id":"6008005629","service":"query_status","third_order_id":"2018050603091536226","nonce_str":"ANGFOO7MTWDZ6O4N9MP6TQZYYC9SBIV9","sign":"702D1F232ED2B4911C974A2EFE672347"}

2018-05-06 03:09:27:继续查询:{"resp_code":"0","amount":"2100","leshua_order_id":"1805060309131931","merchant_id":"6008005629","nonce_str":"S3I2M9H5R0DME113KS9928N7USE9INAS","pay_way":"WXZF","result_code":"0","sign":"CAD8946E6863E68B74F07E6BCA9E9E8C","status":"0","third_order_id":"2018050603091536226"}

2018-05-06 03:09:27:参数:{"merchant_id":"6008005629","service":"query_status","third_order_id":"2018050603091536226","nonce_str":"TSMVP4HB6MLGTJZ4UCDH37E6ZUAVWEGQ","sign":"099B8A181C3AF491BC96B8B496624236"}

2018-05-06 03:09:28:支付成功:{"resp_code":"0","amount":"2100","bank_type":"ICBC_DEBIT","leshua_order_id":"1805060309131931","merchant_id":"6008005629","nonce_str":"P1WA9HX4J7YBNON3X61HOC3T0UDTIC4E","openid":"oRfOu1ROOHNOkw9T5wnzryZF5EIg","out_transaction_id":"4200000123201805063672666689","pay_time":"2018-05-06 03:09:27","pay_way":"WXZF","result_code":"0","sign":"F295B8E3477B9B15A8AF716A09D6B606","status":"2","third_order_id":"2018050603091536226"}

2018-05-06 09:52:17:参数:{"merchant_id":"6008005629","service":"query_status","third_order_id":"2018050609521588470","nonce_str":"VDH357QPN8FF5FT16X9CTKH5OBBR4MVQ","sign":"2AEA255071905F4980F534836BF0AC8F"}

2018-05-06 09:52:22:继续查询:{"resp_code":"0","amount":"2520","leshua_order_id":"1805060952128890","merchant_id":"6008005629","nonce_str":"3MJPH8T2HO2WSNSHDISN0UELFFIZCH71","pay_way":"ZFBZF","result_code":"0","sign":"EFE5D7ADBD9EA87E4D1E2408D17FF1E6","status":"0","third_order_id":"2018050609521588470"}

2018-05-06 09:52:22:参数:{"merchant_id":"6008005629","service":"query_status","third_order_id":"2018050609521588470","nonce_str":"HL32SVG8D7M3K7375XTES6QVEA24VFE0","sign":"D15DDB3F6D1B423CE5BE34A223803146"}

2018-05-06 09:52:28:继续查询:{"resp_code":"0","amount":"2520","leshua_order_id":"1805060952128890","merchant_id":"6008005629","nonce_str":"9JK7R1UKX3KQJOCQ9JIGZ27X1JPNS3B8","pay_way":"ZFBZF","result_code":"0","sign":"BCDD16AF967A9AFCB973F86C7AF4E80A","status":"0","third_order_id":"2018050609521588470"}

2018-05-06 09:52:28:参数:{"merchant_id":"6008005629","service":"query_status","third_order_id":"2018050609521588470","nonce_str":"F7MJEFQFPCA1MG5ZOY2SW86H6DASD12U","sign":"D17BA74B8200D6A4B687D56246DF8C4F"}

2018-05-06 09:52:33:继续查询:{"resp_code":"0","amount":"2520","leshua_order_id":"1805060952128890","merchant_id":"6008005629","nonce_str":"AX8W5PKPUHPOB27YUJKAXXYQRQ2BREGY","pay_way":"ZFBZF","result_code":"0","sign":"E9F1E61CE198CEB7D7D9C7502FBEE6A0","status":"0","third_order_id":"2018050609521588470"}

2018-05-06 09:52:33:参数:{"merchant_id":"6008005629","service":"query_status","third_order_id":"2018050609521588470","nonce_str":"YYEH33JXDFZHUBD9W3G6FYPRMDQP71SM","sign":"DAAD95BEB4CFDA355F0B44D710318305"}

2018-05-06 09:52:39:继续查询:{"resp_code":"0","amount":"2520","leshua_order_id":"1805060952128890","merchant_id":"6008005629","nonce_str":"NFN350TTZJ9H1C5MQNIVY4F36XOZYDI6","pay_way":"ZFBZF","result_code":"0","sign":"863B7A2209B2E72573E41905744540C1","status":"0","third_order_id":"2018050609521588470"}

2018-05-06 09:52:39:参数:{"merchant_id":"6008005629","service":"query_status","third_order_id":"2018050609521588470","nonce_str":"3IKEX6LZHR581LYJS3X322QFSIAVEV0E","sign":"E6957D95E3BADE92304261E81548359B"}

2018-05-06 09:52:44:继续查询:{"resp_code":"0","amount":"2520","leshua_order_id":"1805060952128890","merchant_id":"6008005629","nonce_str":"OWDKF6197VXTPPQP5VV3O3FM5KH7O5XD","pay_way":"ZFBZF","result_code":"0","sign":"8E634CBA5F603872040B70BCE892FA0C","status":"0","third_order_id":"2018050609521588470"}

2018-05-06 09:52:44:参数:{"merchant_id":"6008005629","service":"query_status","third_order_id":"2018050609521588470","nonce_str":"HSYQFTKJPATTDKNN3HZJZ6FK508UZG8R","sign":"2744FB363E66413B4C2905A22E382655"}

2018-05-06 09:52:50:继续查询:{"resp_code":"0","amount":"2520","leshua_order_id":"1805060952128890","merchant_id":"6008005629","nonce_str":"1UEXRC3ZZ0GLIM81PIX7GSOVRR1RR03Z","pay_way":"ZFBZF","result_code":"0","sign":"205E7B4E735AFAC3637A17C3A7691788","status":"0","third_order_id":"2018050609521588470"}

2018-05-06 09:52:50:参数:{"merchant_id":"6008005629","service":"query_status","third_order_id":"2018050609521588470","nonce_str":"JGPR8ZBM8ARBRYC7Y79C4TB4ULMBMI8Y","sign":"EA2EB5921627C9B72EA548502D28B659"}

2018-05-06 09:52:51:参数:{"merchant_id":"6008005629","service":"query_status","third_order_id":"2018050609521588470","nonce_str":"7NSVTU8C6BG7HR205Y4WY6AQR98EXTM0","sign":"40B58B692ECA5A31888239F0D5F982F2"}

2018-05-06 09:52:51:支付失败:{"resp_code":"0","amount":"2520","leshua_order_id":"1805060952128890","merchant_id":"6008005629","nonce_str":"MMEDVILSK0JJH1Y2PFRFNI1UO1FEFQ21","pay_way":"ZFBZF","result_code":"0","sign":"A6EB9B168A763D822A96A6D311908481","status":"6","third_order_id":"2018050609521588470"}

2018-05-06 10:05:13:参数:{"merchant_id":"6008005629","service":"query_status","third_order_id":"2018050610051278933","nonce_str":"60HML9ZIAONWM9HONW9YX9K36A7P64EI","sign":"92D7C17732837C39CCE46C7CE4E5A44B"}

2018-05-06 10:05:19:继续查询:{"resp_code":"0","amount":"2030","leshua_order_id":"1805061005123758","merchant_id":"6008005629","nonce_str":"PTHRMXVQIO4ZT6DD1LBMJE45JU5FJNYY","pay_way":"WXZF","result_code":"0","sign":"2E9FF472AFF971A9BF3161ECA39D5E72","status":"0","third_order_id":"2018050610051278933"}

2018-05-06 10:05:19:参数:{"merchant_id":"6008005629","service":"query_status","third_order_id":"2018050610051278933","nonce_str":"2XUO17WPNM1POSZK13AG5ANNPI8KLSDN","sign":"4F8579F9A0F2F8A667CEA1BA23E7848B"}

2018-05-06 10:05:24:继续查询:{"resp_code":"0","amount":"2030","leshua_order_id":"1805061005123758","merchant_id":"6008005629","nonce_str":"SI8F1PXFL9I434JJ2199CD9Q99E6ECH6","pay_way":"WXZF","result_code":"0","sign":"1BBC9EC711C1E5FD42F2E3F9A21642FA","status":"0","third_order_id":"2018050610051278933"}

2018-05-06 10:05:24:参数:{"merchant_id":"6008005629","service":"query_status","third_order_id":"2018050610051278933","nonce_str":"TH6SOIM5EECD4GT7JMYDKO7QCD86G4A6","sign":"7D68B5754A96F081C0838E956DBF770E"}

2018-05-06 10:05:29:继续查询:{"resp_code":"0","amount":"2030","leshua_order_id":"1805061005123758","merchant_id":"6008005629","nonce_str":"OFWZ2RPAE9C0S8OV63X4OSKVR5YN66JB","pay_way":"WXZF","result_code":"0","sign":"FE7CC6FB1C8B19DF8CB659AFEE0C8B08","status":"0","third_order_id":"2018050610051278933"}

2018-05-06 10:05:29:参数:{"merchant_id":"6008005629","service":"query_status","third_order_id":"2018050610051278933","nonce_str":"42AXFSPKCP0PCSJ0BE778VXWFUSIT6LW","sign":"89B2B72831A2A077DC5F45556BEC1CC3"}

2018-05-06 10:05:35:继续查询:{"resp_code":"0","amount":"2030","leshua_order_id":"1805061005123758","merchant_id":"6008005629","nonce_str":"PJIRBY7VSCDET92LM2JKBO6K67NZCB4Y","pay_way":"WXZF","result_code":"0","sign":"4E74C3D535957F4B3330055CC5400607","status":"0","third_order_id":"2018050610051278933"}

2018-05-06 10:05:35:参数:{"merchant_id":"6008005629","service":"query_status","third_order_id":"2018050610051278933","nonce_str":"UHJ6ZQFA1RXVAFAPM38PB93TOQFEFAPX","sign":"8AE943274018130984960D6E0242394B"}

2018-05-06 10:05:40:继续查询:{"resp_code":"0","amount":"2030","leshua_order_id":"1805061005123758","merchant_id":"6008005629","nonce_str":"OLMO5XB2OLF9978GQE0LXJ1RVPE66BLZ","pay_way":"WXZF","result_code":"0","sign":"DDB09D78E135917AD5C70E54AD148958","status":"0","third_order_id":"2018050610051278933"}

2018-05-06 10:05:40:参数:{"merchant_id":"6008005629","service":"query_status","third_order_id":"2018050610051278933","nonce_str":"MVS2U63IVECQPC3RPGCKR88J82BOQ2A4","sign":"5680129FA321659970397C9F272115E0"}

2018-05-06 10:05:45:继续查询:{"resp_code":"0","amount":"2030","leshua_order_id":"1805061005123758","merchant_id":"6008005629","nonce_str":"T55J2OEXV7K0ICT79D27WM69VX1SAZVY","pay_way":"WXZF","result_code":"0","sign":"F7716B04F0611DFEC6DFB6D96808FF80","status":"0","third_order_id":"2018050610051278933"}

2018-05-06 10:05:45:参数:{"merchant_id":"6008005629","service":"query_status","third_order_id":"2018050610051278933","nonce_str":"3QNB80KV73ACDKV89N9HRKFT3T9UYG33","sign":"736E16762FEFF27CD21778AB915710FA"}

2018-05-06 10:05:46:参数:{"merchant_id":"6008005629","service":"query_status","third_order_id":"2018050610051278933","nonce_str":"Q64DGQMFYTKMJD3OBSKPZG6Q5QKRWOY2","sign":"0D582263DDE4D787DAABE99452AB1B88"}

2018-05-06 10:05:46:支付失败:{"resp_code":"0","amount":"2030","leshua_order_id":"1805061005123758","merchant_id":"6008005629","nonce_str":"GHK47Z2ANQ7IX2YNO3J3WOT1OV82VBAC","pay_way":"WXZF","result_code":"0","sign":"07B1D3207A96D0733ED1BD54E2503368","status":"6","third_order_id":"2018050610051278933"}

2018-05-06 10:46:56:参数:{"merchant_id":"6008005629","service":"query_status","third_order_id":"2018050610465417383","nonce_str":"7YC0TTA9JROIX1W37C76YGL4062KVFJM","sign":"B1F184DCF9A0DB4BB1ACE71B8B7A5FB6"}

2018-05-06 10:47:01:继续查询:{"resp_code":"0","amount":"409","leshua_order_id":"1805061046501341","merchant_id":"6008005629","nonce_str":"BZCZH4ZAJ6X4T5OVCJUKHB2XW07JMGEW","pay_way":"WXZF","result_code":"0","sign":"3F8CAA8AE4D4BAE4E9630443EE61F2EE","status":"0","third_order_id":"2018050610465417383"}

2018-05-06 10:47:01:参数:{"merchant_id":"6008005629","service":"query_status","third_order_id":"2018050610465417383","nonce_str":"CXKRX2V802866J8A71RRNH0H27PMVBDW","sign":"A8E0B7F5FB6A4C534FEEB5618DF82B6C"}

2018-05-06 10:47:07:继续查询:{"resp_code":"0","amount":"409","leshua_order_id":"1805061046501341","merchant_id":"6008005629","nonce_str":"5SC2U7PCGZL4ME4148WYUWZR63CZMVA3","pay_way":"WXZF","result_code":"0","sign":"5B5B75B986984D4F814AE989525B4C9E","status":"0","third_order_id":"2018050610465417383"}

2018-05-06 10:47:07:参数:{"merchant_id":"6008005629","service":"query_status","third_order_id":"2018050610465417383","nonce_str":"LKNRKUNM9MT3JGQVZE5NHU9776AFHMEP","sign":"04D85994E6E12BEC9374DBB07DB8F236"}

2018-05-06 10:47:07:支付成功:{"resp_code":"0","amount":"409","bank_type":"ABC_DEBIT","leshua_order_id":"1805061046501341","merchant_id":"6008005629","nonce_str":"BFLX452ZZZWAFIRLZDJTQXPKU40BLUJP","openid":"oRfOu1RWELs3egilqUBNrdDirJIA","out_transaction_id":"4200000111201805063855049163","pay_time":"2018-05-06 10:47:07","pay_way":"WXZF","result_code":"0","sign":"F096B1EDDBC510634340637A26375D57","status":"2","third_order_id":"2018050610465417383"}

2018-05-06 10:49:41:参数:{"merchant_id":"6008005629","service":"query_status","third_order_id":"2018050610493894797","nonce_str":"2E7RIZH2NEUJ5EY1NO26ID9JUTUX2Q48","sign":"029BACC19DD33521C0031A9AF91FED09"}

2018-05-06 10:49:47:继续查询:{"resp_code":"0","amount":"2610","leshua_order_id":"1805061049302198","merchant_id":"6008005629","nonce_str":"I7M0Y339IURDJHU2M3WTDIQ2DEF3KWS3","pay_way":"ZFBZF","result_code":"0","sign":"4D16E85F2F3C71F1FA8791CF3B50763D","status":"0","third_order_id":"2018050610493894797"}

2018-05-06 10:49:47:参数:{"merchant_id":"6008005629","service":"query_status","third_order_id":"2018050610493894797","nonce_str":"8X0GXII9K79T5TSE89MBDTOR57776IYD","sign":"BDD4F8E0D56469D9E21112EB04306FC4"}

2018-05-06 10:49:52:继续查询:{"resp_code":"0","amount":"2610","leshua_order_id":"1805061049302198","merchant_id":"6008005629","nonce_str":"14BX9H4AMEKSE3DOARS0IYT5BFL9G9D4","pay_way":"ZFBZF","result_code":"0","sign":"E232522076C811059643495636E2836E","status":"0","third_order_id":"2018050610493894797"}

2018-05-06 10:49:52:参数:{"merchant_id":"6008005629","service":"query_status","third_order_id":"2018050610493894797","nonce_str":"54HH9BOBHSRPR84FG2QPVTW4HK880U3X","sign":"A97FB49D0FF52FE96639838FDB5A81D5"}

2018-05-06 10:49:58:继续查询:{"resp_code":"0","amount":"2610","leshua_order_id":"1805061049302198","merchant_id":"6008005629","nonce_str":"LNYEWCVL5FNH2PZCE0C2FL0LERL3P8ZW","pay_way":"ZFBZF","result_code":"0","sign":"DA20D98F390BA718174EF19690A2B9A9","status":"0","third_order_id":"2018050610493894797"}

2018-05-06 10:49:58:参数:{"merchant_id":"6008005629","service":"query_status","third_order_id":"2018050610493894797","nonce_str":"K8I3N4PW9BI88KQHWDRS3DZKVSESUG3X","sign":"FC84E62A2ED8D0CD63A53AC04345E232"}

2018-05-06 10:50:03:继续查询:{"resp_code":"0","amount":"2610","leshua_order_id":"1805061049302198","merchant_id":"6008005629","nonce_str":"8GGSH3D188OMON03G5JNEYCU9FACUBQU","pay_way":"ZFBZF","result_code":"0","sign":"97B18559B3B85E14291A3036977C6D51","status":"0","third_order_id":"2018050610493894797"}

2018-05-06 10:50:03:参数:{"merchant_id":"6008005629","service":"query_status","third_order_id":"2018050610493894797","nonce_str":"1QTOHU2P2D71YKXZFEA8DYACU3ARZCKG","sign":"D0FBA9228F73B9F39F6DADAB943E526F"}

2018-05-06 10:50:09:继续查询:{"resp_code":"0","amount":"2610","leshua_order_id":"1805061049302198","merchant_id":"6008005629","nonce_str":"X8VI8Z1GT8Q18R86Q1BNXLYJF4ECKSA8","pay_way":"ZFBZF","result_code":"0","sign":"B67FC97518E4C370E7DA4689E3C7C762","status":"0","third_order_id":"2018050610493894797"}

2018-05-06 10:50:09:参数:{"merchant_id":"6008005629","service":"query_status","third_order_id":"2018050610493894797","nonce_str":"0QXFH8NPCX5CUPVTIV6QVEN779IXWULF","sign":"2B65AFC765C4E5491E6FA1712833638E"}

2018-05-06 10:50:14:继续查询:{"resp_code":"0","amount":"2610","leshua_order_id":"1805061049302198","merchant_id":"6008005629","nonce_str":"5IRK2WNZ88DPPI20SFY0ZAXU51QJATSY","pay_way":"ZFBZF","result_code":"0","sign":"ACCB4F4F08561E8DE92ECB370AFE2A5D","status":"0","third_order_id":"2018050610493894797"}

2018-05-06 10:50:14:参数:{"merchant_id":"6008005629","service":"query_status","third_order_id":"2018050610493894797","nonce_str":"SOQITUK66JKS42LBCNOXIZBMHPK3STAX","sign":"9DCDCE9872530C58A60D1D7C431C23EF"}

2018-05-06 10:50:15:参数:{"merchant_id":"6008005629","service":"query_status","third_order_id":"2018050610493894797","nonce_str":"OAPXU58P1TU0XSUTCFZWTI4FGLRQHHDK","sign":"4811244530C4F02E1D56BC8AFE3D8045"}

2018-05-06 10:50:15:支付失败:{"resp_code":"0","amount":"2610","leshua_order_id":"1805061049302198","merchant_id":"6008005629","nonce_str":"DT7RNJFXKWIAV183KBRZXS0AKO2CHVPZ","pay_way":"ZFBZF","result_code":"0","sign":"66545AEB7B08CBBEB9FECED6A39BC1FC","status":"6","third_order_id":"2018050610493894797"}

2018-05-06 16:03:51:参数:{"merchant_id":"6008005629","service":"query_status","third_order_id":"2018050616034993087","nonce_str":"EW1NNZUSIQX1D61SGN15FEIWQM2R03A8","sign":"2BAFF701A8882E037A2873422A556687"}

2018-05-06 16:03:56:继续查询:{"resp_code":"0","amount":"800","leshua_order_id":"1805061603535397","merchant_id":"6008005629","nonce_str":"6ELA5E276096DD3IIZ1OSQ9OKLC3JJ5D","pay_way":"WXZF","result_code":"0","sign":"23A294CCA42AC252426476C360E87B14","status":"0","third_order_id":"2018050616034993087"}

2018-05-06 16:03:56:参数:{"merchant_id":"6008005629","service":"query_status","third_order_id":"2018050616034993087","nonce_str":"3UY3O3T5BC3NREDW8SYNZOTWQEU28N1T","sign":"D80BA31904FABDB41A16330D4194D15A"}

2018-05-06 16:04:02:继续查询:{"resp_code":"0","amount":"800","leshua_order_id":"1805061603535397","merchant_id":"6008005629","nonce_str":"DLB44DZ47XKFWNCUPKF6XPD9IZFZDNE8","pay_way":"WXZF","result_code":"0","sign":"70514AAAE4C687A80BEFBF7D7C2514E7","status":"0","third_order_id":"2018050616034993087"}

2018-05-06 16:04:02:参数:{"merchant_id":"6008005629","service":"query_status","third_order_id":"2018050616034993087","nonce_str":"1SJQMJEEP9U42I1CPN0H9Z1USMVOVQLG","sign":"E9C2D4DF0623E6333F4FD46E5B1A8D3C"}

2018-05-06 16:04:07:继续查询:{"resp_code":"0","amount":"800","leshua_order_id":"1805061603535397","merchant_id":"6008005629","nonce_str":"BW3I9YA91JVZS4O9XWD9UKRGZTYG0LE5","pay_way":"WXZF","result_code":"0","sign":"25DB8D68354E03B592C7FD89D7ADAC17","status":"0","third_order_id":"2018050616034993087"}

2018-05-06 16:04:07:参数:{"merchant_id":"6008005629","service":"query_status","third_order_id":"2018050616034993087","nonce_str":"XG0CRWWXBH3C50W9MOXGING0QN3ZQQUJ","sign":"BCCCD2BDAA19AF94D1EB7BDF064600A0"}

2018-05-06 16:04:13:继续查询:{"resp_code":"0","amount":"800","leshua_order_id":"1805061603535397","merchant_id":"6008005629","nonce_str":"0FGDMUQICYB3FX81KAUYSLDZP4Z63FYO","pay_way":"WXZF","result_code":"0","sign":"90F2EE874FB2BAE97204E7C405083090","status":"0","third_order_id":"2018050616034993087"}

2018-05-06 16:04:13:参数:{"merchant_id":"6008005629","service":"query_status","third_order_id":"2018050616034993087","nonce_str":"5TZD4B8CK6BPXG6TDKMYDFHO9WWWTEJM","sign":"69C085B876F882C913567277C327530D"}

2018-05-06 16:04:18:继续查询:{"resp_code":"0","amount":"800","leshua_order_id":"1805061603535397","merchant_id":"6008005629","nonce_str":"PNVW6O2J7TTH6WXF8YF8UK78KYFZSJEV","pay_way":"WXZF","result_code":"0","sign":"162DD7E406CE00202D4A72BA1F4AA551","status":"0","third_order_id":"2018050616034993087"}

2018-05-06 16:04:18:参数:{"merchant_id":"6008005629","service":"query_status","third_order_id":"2018050616034993087","nonce_str":"SZLW9ANCLYXGMHWD5WB9IIR03N8L2N0I","sign":"CC3BF93DDDFCF88A716DBFF8DA8DB6F8"}

2018-05-06 16:04:23:继续查询:{"resp_code":"0","amount":"800","leshua_order_id":"1805061603535397","merchant_id":"6008005629","nonce_str":"L0FH2KRBIKS4UX1JD27OI979AJK61C0J","pay_way":"WXZF","result_code":"0","sign":"8E71F90E76F9A9D725D35BAFE93B49E8","status":"0","third_order_id":"2018050616034993087"}

2018-05-06 16:04:23:参数:{"merchant_id":"6008005629","service":"query_status","third_order_id":"2018050616034993087","nonce_str":"8PK86FOQINEDY3AFVCUNQFH0GFK24LQG","sign":"2A7E38FBABE43045CA37DD6988909A6D"}

2018-05-06 16:04:24:参数:{"merchant_id":"6008005629","service":"query_status","third_order_id":"2018050616034993087","nonce_str":"01P8VMNK02ABSCDTJ6S5DJL0ZW5QIA30","sign":"15F4FC1CBD4441DBE6C7D833787E982B"}

2018-05-06 16:04:24:支付失败:{"resp_code":"0","amount":"800","leshua_order_id":"1805061603535397","merchant_id":"6008005629","nonce_str":"T03EV98D34UW72K32SMK2TGUZRI5LHZV","pay_way":"WXZF","result_code":"0","sign":"F3136ED4AB0B241A2E618F70EE7AB8E9","status":"6","third_order_id":"2018050616034993087"}

2018-05-06 17:30:23:参数:{"merchant_id":"6008005629","service":"query_status","third_order_id":"2018050617302289347","nonce_str":"0L8V8DVEJJPQU9WVVNKPH19SZYG1CZTB","sign":"7BAB0362C5B4F61C18AC94A3C5E4DA84"}

2018-05-06 17:30:28:继续查询:{"resp_code":"0","amount":"280","leshua_order_id":"1805061730207394","merchant_id":"6008005629","nonce_str":"LZFLD9JLCGM3SD9ANS4QB3U617WFO44D","pay_way":"WXZF","result_code":"0","sign":"7E8D23BAAA00A2E11B8913EB327905A5","status":"0","third_order_id":"2018050617302289347"}

2018-05-06 17:30:28:参数:{"merchant_id":"6008005629","service":"query_status","third_order_id":"2018050617302289347","nonce_str":"933FF9EFBPD8OKKUMB1R6ZRO2XH048U0","sign":"A88089A706AE41748535CBA9BC1DED07"}

2018-05-06 17:30:34:继续查询:{"resp_code":"0","amount":"280","leshua_order_id":"1805061730207394","merchant_id":"6008005629","nonce_str":"W7C3CRPMXIT4ET4VEANK0ZDMFHUC1712","pay_way":"WXZF","result_code":"0","sign":"8C2994F77A5A8A982913338A2A6D000F","status":"0","third_order_id":"2018050617302289347"}

2018-05-06 17:30:34:参数:{"merchant_id":"6008005629","service":"query_status","third_order_id":"2018050617302289347","nonce_str":"6RD3KDFVQ26QQNDGWSOMMSBUKS44H8KV","sign":"A2582FA6AE423A7941544457B40FA3A3"}

2018-05-06 17:30:34:支付成功:{"resp_code":"0","amount":"280","bank_type":"CFT","leshua_order_id":"1805061730207394","merchant_id":"6008005629","nonce_str":"BXBVRC1REM6KATRKASZ6ZRQVXAJ2K9CX","openid":"oRfOu1SQ3gQM79r9BfS79S-j07Zg","out_transaction_id":"4200000137201805064163805813","pay_time":"2018-05-06 17:30:34","pay_way":"WXZF","result_code":"0","sign":"15FDEF64695F7E4F461AE6779E3AEDC7","status":"2","third_order_id":"2018050617302289347"}

2018-05-06 17:39:11:参数:{"merchant_id":"6008005629","service":"query_status","third_order_id":"2018050617391029730","nonce_str":"SF2DVWFYR6QBCNB30WS775XW1MSO1GA2","sign":"7BED585ABD98AC5BC90287F3D7AAB82D"}

2018-05-06 17:39:17:继续查询:{"resp_code":"0","amount":"400","leshua_order_id":"1805061739100681","merchant_id":"6008005629","nonce_str":"9N7F5OK7IQ4SR8IKNQFIVX9278RL3CDE","pay_way":"WXZF","result_code":"0","sign":"EA508FE723FA5B2528950AA659081AA3","status":"0","third_order_id":"2018050617391029730"}

2018-05-06 17:39:17:参数:{"merchant_id":"6008005629","service":"query_status","third_order_id":"2018050617391029730","nonce_str":"NKEB0JGU7W6RACDEKFZ1E1KBHWWNQTFT","sign":"81693D1B395D8F68C8A554379AB2CD29"}

2018-05-06 17:39:27:继续查询:{"resp_code":"0","amount":"400","leshua_order_id":"1805061739100681","merchant_id":"6008005629","nonce_str":"2RUS218JP0IVDQ3FJLMPCTQDXK1WO0ZL","pay_way":"WXZF","result_code":"0","sign":"F6702E7A77B4075E625F8CDBF30C35BC","status":"0","third_order_id":"2018050617391029730"}

2018-05-06 17:39:27:参数:{"merchant_id":"6008005629","service":"query_status","third_order_id":"2018050617391029730","nonce_str":"VU8EVIABIHH75J8LQLL983ZOULMOJISV","sign":"3E50A97CB5A44A9040284228664DF3C8"}

2018-05-06 17:39:37:继续查询:{"resp_code":"0","amount":"400","leshua_order_id":"1805061739100681","merchant_id":"6008005629","nonce_str":"KKPGOKCMRKBSU7UEZ9OPMNZ9OMW067CG","pay_way":"WXZF","result_code":"0","sign":"FD740200A59076D1BE2646CA413C1BEA","status":"0","third_order_id":"2018050617391029730"}

2018-05-06 17:39:37:参数:{"merchant_id":"6008005629","service":"query_status","third_order_id":"2018050617391029730","nonce_str":"9ZIKT3ZW7AZIFVSEJH5Q7LRTCW0SBONW","sign":"301A2D71A18E91E6B37829AE6A4DD945"}

2018-05-06 17:39:48:继续查询:{"resp_code":"0","amount":"400","leshua_order_id":"1805061739100681","merchant_id":"6008005629","nonce_str":"I1L5M46ZM8N971W0046BHMC2FMLXDRFW","pay_way":"WXZF","result_code":"0","sign":"837B7DF8567737227A1FCDD1B4373C2F","status":"0","third_order_id":"2018050617391029730"}

2018-05-06 17:39:48:参数:{"merchant_id":"6008005629","service":"query_status","third_order_id":"2018050617391029730","nonce_str":"JDWXDQJ9PNKBOVLJES2YTPWNGZR4K0ZJ","sign":"05859792472D35BB220BB8FDD220A800"}

2018-05-06 17:39:57:继续查询:{"resp_code":"0","amount":"400","leshua_order_id":"1805061739100681","merchant_id":"6008005629","nonce_str":"CSMHJ3EQ0BKYX0BQGUVAVVZ3AB6UN41R","pay_way":"WXZF","result_code":"0","sign":"F377A9B4C49DD9120DF8711945263BC3","status":"0","third_order_id":"2018050617391029730"}

2018-05-06 17:39:57:参数:{"merchant_id":"6008005629","service":"query_status","third_order_id":"2018050617391029730","nonce_str":"ELSFUL3ZSLS8YIZUVMSKAFUACM0OCMI0","sign":"E5B057E468390F2F45C65D3123671048"}

2018-05-06 17:40:02:继续查询:{"resp_code":"0","amount":"400","leshua_order_id":"1805061739100681","merchant_id":"6008005629","nonce_str":"NB33W0IMNI8G170KOSDF7R6IYQN8I4G7","pay_way":"WXZF","result_code":"0","sign":"2EBF245390DFD470F78D08F7CB6A15A3","status":"0","third_order_id":"2018050617391029730"}

2018-05-06 17:40:02:参数:{"merchant_id":"6008005629","service":"query_status","third_order_id":"2018050617391029730","nonce_str":"7HMH61FZZC94RV5OMUO96ZYULAV00P7C","sign":"94B2628697D77BC87E019D0FE8E75E90"}

2018-05-06 17:40:03:参数:{"merchant_id":"6008005629","service":"query_status","third_order_id":"2018050617391029730","nonce_str":"8DA83SAQ9ZRW2RGXATZ2PE27KN75KNZ5","sign":"A498BE0F922E5070CB7541B6284C984E"}

2018-05-06 17:40:03:支付失败:{"resp_code":"0","amount":"400","leshua_order_id":"1805061739100681","merchant_id":"6008005629","nonce_str":"52S6CYBCIYJZLP2QB1T9UPYR54Y8ZTBK","pay_way":"WXZF","result_code":"0","sign":"503CB358215756534431A82E3B9391FE","status":"6","third_order_id":"2018050617391029730"}

2018-05-06 18:37:10:参数:{"merchant_id":"6008005629","service":"query_status","third_order_id":"2018050618370824102","nonce_str":"J4DDHVQZG77P80A01TKC65SZB9ONU2VY","sign":"334A8D2CA91542C9BA44016BDD954BB8"}

2018-05-06 18:37:15:继续查询:{"resp_code":"0","amount":"780","leshua_order_id":"1805061837002739","merchant_id":"6008005629","nonce_str":"CBGBHS5WPV0WRCC77V1ED2XLNNMP9FVW","pay_way":"ZFBZF","result_code":"0","sign":"0041FCEF10C9C5D9F1900D28BDC25D63","status":"0","third_order_id":"2018050618370824102"}

2018-05-06 18:37:15:参数:{"merchant_id":"6008005629","service":"query_status","third_order_id":"2018050618370824102","nonce_str":"UQGVXG0E0ZFN4IN9N6A5RQL3DAUPFF8A","sign":"9207D57DE65C43E6E42CDD505D963279"}

2018-05-06 18:37:21:继续查询:{"resp_code":"0","amount":"780","leshua_order_id":"1805061837002739","merchant_id":"6008005629","nonce_str":"WW7OY0VS0S63LG97KYDRY6UVC78SSZSO","pay_way":"ZFBZF","result_code":"0","sign":"5944A4E027C65AF47CBA4AA441DB69E1","status":"0","third_order_id":"2018050618370824102"}

2018-05-06 18:37:21:参数:{"merchant_id":"6008005629","service":"query_status","third_order_id":"2018050618370824102","nonce_str":"W3G59VF6TMAQW54DILR95V75GDKFHQJH","sign":"A4E681EBFE37548818894A1FB5D739D4"}

2018-05-06 18:37:26:继续查询:{"resp_code":"0","amount":"780","leshua_order_id":"1805061837002739","merchant_id":"6008005629","nonce_str":"FMA4KI7HJNFWDBG7GVN00ISIC6SZ1EKN","pay_way":"ZFBZF","result_code":"0","sign":"2BEA511ACB77ABD77B5F0186F95F2264","status":"0","third_order_id":"2018050618370824102"}

2018-05-06 18:37:26:参数:{"merchant_id":"6008005629","service":"query_status","third_order_id":"2018050618370824102","nonce_str":"GXIEJJJ3GMPTPZEGO96T5CQIXSO0IPMX","sign":"6838DD2793EC16A31F529481641394E2"}

2018-05-06 18:37:32:继续查询:{"resp_code":"0","amount":"780","leshua_order_id":"1805061837002739","merchant_id":"6008005629","nonce_str":"QYPVUGX9UJQP76VQCMHVHV9H3OIYEKVP","pay_way":"ZFBZF","result_code":"0","sign":"4C8CACC04C7CFBAA32E7AC4F4230599D","status":"0","third_order_id":"2018050618370824102"}

2018-05-06 18:37:32:参数:{"merchant_id":"6008005629","service":"query_status","third_order_id":"2018050618370824102","nonce_str":"GHHZ5SFGLKE8X6ZCXJTOXVH2SWSJ38TJ","sign":"D08315F9518B7628743FF387DF8AF9A6"}

2018-05-06 18:37:37:继续查询:{"resp_code":"0","amount":"780","leshua_order_id":"1805061837002739","merchant_id":"6008005629","nonce_str":"4LWHDA2VJ9APYT69S5GS8T5PM8367IBQ","pay_way":"ZFBZF","result_code":"0","sign":"0B761B1FB7110A60E31453579FB7035E","status":"0","third_order_id":"2018050618370824102"}

2018-05-06 18:37:37:参数:{"merchant_id":"6008005629","service":"query_status","third_order_id":"2018050618370824102","nonce_str":"BIQWJOE2NSWNCQMT9J7TY9I9IWJ9D9IG","sign":"954F321210947D815C7C41A0FF053784"}

2018-05-06 18:37:43:继续查询:{"resp_code":"0","amount":"780","leshua_order_id":"1805061837002739","merchant_id":"6008005629","nonce_str":"DAQA0IDGE9Q4DN6N30RIUR8OQLNG5I6A","pay_way":"ZFBZF","result_code":"0","sign":"C56933D17A9DA25A374C36BB1F86FD2F","status":"0","third_order_id":"2018050618370824102"}

2018-05-06 18:37:43:参数:{"merchant_id":"6008005629","service":"query_status","third_order_id":"2018050618370824102","nonce_str":"L9OWREOWJ53DZ7OOUUFMWKXYTX7WEWEL","sign":"2FD4001E12BF445AEEE76E1AF8699C82"}

2018-05-06 18:37:44:参数:{"merchant_id":"6008005629","service":"query_status","third_order_id":"2018050618370824102","nonce_str":"TEHKUX7TVJFX3R253GND3P9FX7XH5116","sign":"36B3B7B69BB8652DA67BBECBB58EB9C3"}

2018-05-06 18:37:44:支付失败:{"resp_code":"0","amount":"780","leshua_order_id":"1805061837002739","merchant_id":"6008005629","nonce_str":"5QNDVA623PLVJI4QACLJ3QXWO72442F9","pay_way":"ZFBZF","result_code":"0","sign":"BAA952B5A230BA91F4D58C65CAB503BE","status":"6","third_order_id":"2018050618370824102"}

2018-05-06 19:03:15:参数:{"merchant_id":"6008005629","service":"query_status","third_order_id":"2018050619031487882","nonce_str":"LMHLPSNHC9XTCHBHXX5UN9JP3A5TPX06","sign":"788B9F8BCAC2A605F83A2C71E2ADE577"}

2018-05-06 19:03:20:继续查询:{"resp_code":"0","amount":"500","leshua_order_id":"1805061903131866","merchant_id":"6008005629","nonce_str":"XKB0D0ZW5Y5LH60J8QYVU9GF2KI110A5","pay_way":"ZFBZF","result_code":"0","sign":"457A359FF05A9F9B722D48137B18976C","status":"0","third_order_id":"2018050619031487882"}

2018-05-06 19:03:20:参数:{"merchant_id":"6008005629","service":"query_status","third_order_id":"2018050619031487882","nonce_str":"BNZTL2GXO6668OSBRGKY6MRTL76KJ3X1","sign":"4F260E2CA24B00E6CD9ECE98C894A07E"}

2018-05-06 19:03:26:继续查询:{"resp_code":"0","amount":"500","leshua_order_id":"1805061903131866","merchant_id":"6008005629","nonce_str":"GHP1W8QJ2R2YHPDG2HYHVBKWJKWI5BI1","pay_way":"ZFBZF","result_code":"0","sign":"8E308678BF4936DA2D3D1DB364A1BEDB","status":"0","third_order_id":"2018050619031487882"}

2018-05-06 19:03:26:参数:{"merchant_id":"6008005629","service":"query_status","third_order_id":"2018050619031487882","nonce_str":"SF3ZZK6FSEY7J68E0R62RD9PZ9XMMBON","sign":"A0A4AFBB41B756AC405669F8254E478B"}

2018-05-06 19:03:31:继续查询:{"resp_code":"0","amount":"500","leshua_order_id":"1805061903131866","merchant_id":"6008005629","nonce_str":"FJRFSO3EALJ6IOFQCAH0EFY42Q0PMG1G","pay_way":"ZFBZF","result_code":"0","sign":"CD01972A3384CBADC3AD5C7DBD51D792","status":"0","third_order_id":"2018050619031487882"}

2018-05-06 19:03:31:参数:{"merchant_id":"6008005629","service":"query_status","third_order_id":"2018050619031487882","nonce_str":"KSM9H0GETPOQLKRINE22YJXL3L0JZZ14","sign":"8D8A49980F9C9F6AA7EF999D353A7C1B"}

2018-05-06 19:03:32:支付成功:{"resp_code":"0","amount":"500","bank_type":"CREDIT_CARD","leshua_order_id":"1805061903131866","merchant_id":"6008005629","nonce_str":"NNBB31VDBQTMNOS293AZTD0E7836RHTO","openid":"2088122650811345","out_transaction_id":"2018050621001004340538341158","pay_time":"2018-05-06 19:03:29","pay_way":"ZFBZF","result_code":"0","sign":"DE9233051856A303A038F9CA478599BF","status":"2","third_order_id":"2018050619031487882"}

2018-05-06 19:12:22:参数:{"merchant_id":"6008005629","service":"query_status","third_order_id":"2018050619122178756","nonce_str":"XEUMQYZ7QJYGGB6VBMVA6QC8ORNXZQVZ","sign":"881F3B18AE9B73E2EC1552B64E9FA004"}

2018-05-06 19:12:27:继续查询:{"resp_code":"0","amount":"2320","leshua_order_id":"1805061912235850","merchant_id":"6008005629","nonce_str":"80MOB6RKFYLBY91SVOD0FU0ATN32MTV8","pay_way":"WXZF","result_code":"0","sign":"3FE50565D64B53D3202744056CC59C57","status":"0","third_order_id":"2018050619122178756"}

2018-05-06 19:12:27:参数:{"merchant_id":"6008005629","service":"query_status","third_order_id":"2018050619122178756","nonce_str":"0M6FY6JCNQMAJ0OMFVQH8VVR0FYRLITT","sign":"64E5A418A2AC2FC43CA09350C473A039"}

2018-05-06 19:12:28:支付成功:{"resp_code":"0","amount":"2320","bank_type":"ABC_DEBIT","leshua_order_id":"1805061912235850","merchant_id":"6008005629","nonce_str":"D95VIF6E3WQNOTPGKGCM5FUGU0OZQIKO","openid":"oRfOu1RWELs3egilqUBNrdDirJIA","out_transaction_id":"4200000121201805064067983994","pay_time":"2018-05-06 19:12:28","pay_way":"WXZF","result_code":"0","sign":"A0C748424E6562F79BBDF1F15C555BBF","status":"2","third_order_id":"2018050619122178756"}

2018-05-06 19:17:46:参数:{"merchant_id":"6008005629","service":"query_status","third_order_id":"2018050619174529149","nonce_str":"XKAR7FIADRVK4JPVGQC9Q1VZB449SIT6","sign":"F785CFF25B556D6C0B30832A6487FF50"}

2018-05-06 19:17:51:继续查询:{"resp_code":"0","amount":"3840","leshua_order_id":"1805061917427144","merchant_id":"6008005629","nonce_str":"ICEQ1T29MII59CU4CFW5B9NQCTOEQUU3","pay_way":"WXZF","result_code":"0","sign":"CD41771D6A2770B0BF6C8873047AFDA9","status":"0","third_order_id":"2018050619174529149"}

2018-05-06 19:17:51:参数:{"merchant_id":"6008005629","service":"query_status","third_order_id":"2018050619174529149","nonce_str":"FJC4WZXXTL28PTIZKNDFDX2V2O4CVL0W","sign":"05808395D4D0381EE3FA46719EB699EE"}

2018-05-06 19:17:56:继续查询:{"resp_code":"0","amount":"3840","leshua_order_id":"1805061917427144","merchant_id":"6008005629","nonce_str":"5NN0R0R2HP841GRACEU4F1THIVX2CCDX","pay_way":"WXZF","result_code":"0","sign":"58848067EDD687AA056A2AF263EB9B3E","status":"0","third_order_id":"2018050619174529149"}

2018-05-06 19:17:56:参数:{"merchant_id":"6008005629","service":"query_status","third_order_id":"2018050619174529149","nonce_str":"T6FKZ3518MQZ825PF7T1KPGJQ0Z3AYNB","sign":"10DE4E17323516B7E9C80C2A0127C721"}

2018-05-06 19:18:02:继续查询:{"resp_code":"0","amount":"3840","leshua_order_id":"1805061917427144","merchant_id":"6008005629","nonce_str":"QO3FHF2ZDG65FPUVDF910WQLAGT2MXSI","pay_way":"WXZF","result_code":"0","sign":"D3C2F0B1C33D68BD641EF5128719AD2C","status":"0","third_order_id":"2018050619174529149"}

2018-05-06 19:18:02:参数:{"merchant_id":"6008005629","service":"query_status","third_order_id":"2018050619174529149","nonce_str":"8TJR8X2ATW0RUTN5LTCTY9RRFE9E17HN","sign":"8F37623346FAE29B281EF76D28F8ED95"}

2018-05-06 19:18:07:继续查询:{"resp_code":"0","amount":"3840","leshua_order_id":"1805061917427144","merchant_id":"6008005629","nonce_str":"VJI23XMWHF0WSKFY9LDD84YJGS5M8OMR","pay_way":"WXZF","result_code":"0","sign":"DC926670675DFFDC83B48563E6A15388","status":"0","third_order_id":"2018050619174529149"}

2018-05-06 19:18:07:参数:{"merchant_id":"6008005629","service":"query_status","third_order_id":"2018050619174529149","nonce_str":"ALBPJF43LYJIH83WK4V5LT3IZA6Y24T7","sign":"4982C9DF171AE04621CBA15533A326F8"}

2018-05-06 19:18:13:继续查询:{"resp_code":"0","amount":"3840","leshua_order_id":"1805061917427144","merchant_id":"6008005629","nonce_str":"Z30D5KXUXN2ZPN3E73GR958HPUK7DRYN","pay_way":"WXZF","result_code":"0","sign":"2D54BE802AE8F20BD72966B851D3B100","status":"0","third_order_id":"2018050619174529149"}

2018-05-06 19:18:13:参数:{"merchant_id":"6008005629","service":"query_status","third_order_id":"2018050619174529149","nonce_str":"LPRBO13SZWFV2E2M2I6BOSNBGSC450QG","sign":"0316C4C946525A164A01535D051587C2"}

2018-05-06 19:18:18:继续查询:{"resp_code":"0","amount":"3840","leshua_order_id":"1805061917427144","merchant_id":"6008005629","nonce_str":"4W52XHVEIBQQCXATB5KZPYBH3UCW1PHE","pay_way":"WXZF","result_code":"0","sign":"745552A5AFA603E60A099303E67C193A","status":"0","third_order_id":"2018050619174529149"}

2018-05-06 19:18:18:参数:{"merchant_id":"6008005629","service":"query_status","third_order_id":"2018050619174529149","nonce_str":"XD6LYNG9MEGS4A6OYYM55K36JA9XUR14","sign":"6F823D1EF3BF8A4A1DA81FAC4E0DCE11"}

2018-05-06 19:18:19:参数:{"merchant_id":"6008005629","service":"query_status","third_order_id":"2018050619174529149","nonce_str":"62BM67GEK7F9E7TPU28V7RWOUD8IRZCH","sign":"F4AFD1B9ED6724E723DE8007EF560549"}

2018-05-06 19:18:19:支付失败:{"resp_code":"0","amount":"3840","leshua_order_id":"1805061917427144","merchant_id":"6008005629","nonce_str":"Z94RZR2LL4T3RZ44M2DRESH5EUM0CLKP","pay_way":"WXZF","result_code":"0","sign":"32133856E39E1C08CC0F184FFAE3AA9B","status":"6","third_order_id":"2018050619174529149"}

2018-05-06 19:18:47:参数:{"merchant_id":"6008005629","service":"query_status","third_order_id":"2018050619184623733","nonce_str":"709CVDJXVKI35YMIU6WIDK44H4OV91R2","sign":"4A71D9219E674067B0EF4AE42049C11B"}

2018-05-06 19:18:52:继续查询:{"resp_code":"0","amount":"3840","leshua_order_id":"1805061918407102","merchant_id":"6008005629","nonce_str":"BI12TUKX94KJXX653LZMIWNF3ZZL5A10","pay_way":"WXZF","result_code":"0","sign":"12E72292D349A320E26E137FB348B645","status":"0","third_order_id":"2018050619184623733"}

2018-05-06 19:18:52:参数:{"merchant_id":"6008005629","service":"query_status","third_order_id":"2018050619184623733","nonce_str":"ZMH09D3RQJIUE9NR5FJWCZQY7FNRDL7M","sign":"9E10CC45702F9DDB3CF5C7E5ECA0D726"}

2018-05-06 19:18:57:继续查询:{"resp_code":"0","amount":"3840","leshua_order_id":"1805061918407102","merchant_id":"6008005629","nonce_str":"J7GXGHZGG61H3FP64H9LHJIM9THKZ2M6","pay_way":"WXZF","result_code":"0","sign":"97030DEB58C31940D798FFC796B4AB04","status":"0","third_order_id":"2018050619184623733"}

2018-05-06 19:18:57:参数:{"merchant_id":"6008005629","service":"query_status","third_order_id":"2018050619184623733","nonce_str":"US7EI979IJ4V9MWX2LB6TLXJX58964FJ","sign":"2CBF4254DF9440BFA2DD0A37C81A72D7"}

2018-05-06 19:19:03:继续查询:{"resp_code":"0","amount":"3840","leshua_order_id":"1805061918407102","merchant_id":"6008005629","nonce_str":"VU2AWXOI7UH6KBMYVL571Q1US3NBNIH3","pay_way":"WXZF","result_code":"0","sign":"7F9CCEE948E18753C1356615BCF476B6","status":"0","third_order_id":"2018050619184623733"}

2018-05-06 19:19:03:参数:{"merchant_id":"6008005629","service":"query_status","third_order_id":"2018050619184623733","nonce_str":"3F5LFAGZSEREBL4K0CDG0YJVD9Z0OMI0","sign":"F517C0BB9B2BBF0E5ECAED20A068B9C0"}

2018-05-06 19:19:08:继续查询:{"resp_code":"0","amount":"3840","leshua_order_id":"1805061918407102","merchant_id":"6008005629","nonce_str":"9IAI226DEI01KTXI6UPZ026ZBGH1AIFL","pay_way":"WXZF","result_code":"0","sign":"0800F5CDFFD55428043BE91BA2717661","status":"0","third_order_id":"2018050619184623733"}

2018-05-06 19:19:08:参数:{"merchant_id":"6008005629","service":"query_status","third_order_id":"2018050619184623733","nonce_str":"WE3OCPGITUDGS0ZVQ0GATTPYNLU7JWJU","sign":"8FCCD8E5C16A8A37A79EA8A3700EB683"}

2018-05-06 19:19:09:支付成功:{"resp_code":"0","amount":"3840","bank_type":"CFT","leshua_order_id":"1805061918407102","merchant_id":"6008005629","nonce_str":"7P6CS70WLX7ESJPKTDSID0CNR73639Q5","openid":"oRfOu1dM3-j9JodIMafjY2rZHGHo","out_transaction_id":"4200000125201805063798078063","pay_time":"2018-05-06 19:19:08","pay_way":"WXZF","result_code":"0","sign":"B6C4DBBB8C85CFB7B97221F30BCCBC75","status":"2","third_order_id":"2018050619184623733"}

2018-05-06 19:28:29:参数:{"merchant_id":"6008005629","service":"query_status","third_order_id":"2018050619282877880","nonce_str":"SB8J1Z8N0VWOD5D9GPIC9Q9KVEE4F3C8","sign":"9912F3B2AFE74964BBCD4C0F72A418A3"}

2018-05-06 19:28:35:继续查询:{"resp_code":"0","amount":"240","leshua_order_id":"1805061928221674","merchant_id":"6008005629","nonce_str":"9TXXRWXHSIGZBTWG0Z2GDE7ACAMNFS2G","pay_way":"WXZF","result_code":"0","sign":"38588B689E6AD9284291A27D6F3F0FC8","status":"0","third_order_id":"2018050619282877880"}

2018-05-06 19:28:35:参数:{"merchant_id":"6008005629","service":"query_status","third_order_id":"2018050619282877880","nonce_str":"A5OL00T1GJWLX8WPW7FA4W1EF3MYRC7T","sign":"D2702CE3CA82BBF94ADF7A9CD793BD9E"}

2018-05-06 19:28:40:继续查询:{"resp_code":"0","amount":"240","leshua_order_id":"1805061928221674","merchant_id":"6008005629","nonce_str":"946XCX19VCFH9FA6LFZWYUIQAP5961XP","pay_way":"WXZF","result_code":"0","sign":"0C39B8F6C4B621C35CCDF23EE3AD90BA","status":"0","third_order_id":"2018050619282877880"}

2018-05-06 19:28:40:参数:{"merchant_id":"6008005629","service":"query_status","third_order_id":"2018050619282877880","nonce_str":"P3JSJ5KKZ6IX6I2LI9WYDOG9L92TAVIB","sign":"3BFCC01F7646C4C39170D564229186BA"}

2018-05-06 19:28:41:支付成功:{"resp_code":"0","amount":"240","bank_type":"ABC_DEBIT","leshua_order_id":"1805061928221674","merchant_id":"6008005629","nonce_str":"955R25RS65306JKYGANE2S0LITN3K9FL","openid":"oRfOu1THmpLJhk8w4_35EDODs8y8","out_transaction_id":"4200000119201805063663616160","pay_time":"2018-05-06 19:28:40","pay_way":"WXZF","result_code":"0","sign":"816C181A5A323F94C710AD7AD7C4D0F2","status":"2","third_order_id":"2018050619282877880"}

2018-05-06 19:32:28:参数:{"merchant_id":"6008005629","service":"query_status","third_order_id":"2018050619322653856","nonce_str":"DDRDGBT9V1J9MIS8N4BPX7INJWG089GY","sign":"C33C89FA61D772727B82A2F6313831A3"}

2018-05-06 19:32:33:继续查询:{"resp_code":"0","amount":"1770","leshua_order_id":"1805061932234568","merchant_id":"6008005629","nonce_str":"B6T71SWXBW5AT0SCI3CYJCR37O7SL3QE","pay_way":"WXZF","result_code":"0","sign":"DA721358CC2E0B9E92210B6420E9CFEC","status":"0","third_order_id":"2018050619322653856"}

2018-05-06 19:32:33:参数:{"merchant_id":"6008005629","service":"query_status","third_order_id":"2018050619322653856","nonce_str":"SLJF58PIM9NIEC4E9BKOOI8V40VGJM36","sign":"7049110CFD62598D2CDF4428EB393D00"}

2018-05-06 19:32:34:支付成功:{"resp_code":"0","amount":"1770","bank_type":"SPDB_DEBIT","leshua_order_id":"1805061932234568","merchant_id":"6008005629","nonce_str":"QK9CM34KOQDMF21RFV57KGHRXCZ1NYVD","openid":"oRfOu1am1-K3XYP5jQ69iBXd7YkU","out_transaction_id":"4200000128201805064188371215","pay_time":"2018-05-06 19:32:33","pay_way":"WXZF","result_code":"0","sign":"93862745772D8DB74024887A6EACBCBF","status":"2","third_order_id":"2018050619322653856"}

2018-05-06 19:49:39:参数:{"merchant_id":"6008005629","service":"query_status","third_order_id":"2018050619493775612","nonce_str":"D2CN4AUOJ3VCS1CH5RNYWS7JMX3OBMJB","sign":"9032C9320DC83018553732A8BB73253C"}

2018-05-06 19:49:44:继续查询:{"resp_code":"0","amount":"1490","leshua_order_id":"1805061949331940","merchant_id":"6008005629","nonce_str":"77PO882C1AZIAIPI8ZYWOBQ2BLG3QO1R","pay_way":"WXZF","result_code":"0","sign":"D71EDDF5D3B416F5DCE29469115F9B8E","status":"0","third_order_id":"2018050619493775612"}

2018-05-06 19:49:44:参数:{"merchant_id":"6008005629","service":"query_status","third_order_id":"2018050619493775612","nonce_str":"MB7XY1PSH22FN1QN6IJ5C3OVY9CUJXUQ","sign":"EE68020E5C9E140D388C6E637AB09D64"}

2018-05-06 19:49:49:继续查询:{"resp_code":"0","amount":"1490","leshua_order_id":"1805061949331940","merchant_id":"6008005629","nonce_str":"JRT66D0O2FCTAABGF64HSYBABEY6W1NL","pay_way":"WXZF","result_code":"0","sign":"68631C24209989130F062A0AF76536BC","status":"0","third_order_id":"2018050619493775612"}

2018-05-06 19:49:49:参数:{"merchant_id":"6008005629","service":"query_status","third_order_id":"2018050619493775612","nonce_str":"N83QBZOQUX4F8WJKQ7N4FHEH857UBM22","sign":"D7250785B8B75F4F9EC4081A3586D1F3"}

2018-05-06 19:49:50:支付成功:{"resp_code":"0","amount":"1490","bank_type":"CFT","leshua_order_id":"1805061949331940","merchant_id":"6008005629","nonce_str":"9NWQXSSUR21LB001G75RG4AH8W0HF7C5","openid":"oRfOu1VWsaQSCYGnnmTFj9Shud7I","out_transaction_id":"4200000135201805064196991497","pay_time":"2018-05-06 19:49:50","pay_way":"WXZF","result_code":"0","sign":"98E8381136854440D3D03D7C2E9099A4","status":"2","third_order_id":"2018050619493775612"}

2018-05-06 22:08:35:参数:{"merchant_id":"6008005629","service":"query_status","third_order_id":"2018050622083418215","nonce_str":"D6M445KUQ5Q2WLVXLA1WD0IR34PHOKX0","sign":"628048A813C80ECF49F3EF09DE34D6E7"}

2018-05-06 22:08:41:继续查询:{"resp_code":"0","amount":"730","leshua_order_id":"1805062208331338","merchant_id":"6008005629","nonce_str":"3ABCFNVIWRGXTNOY35SOMOY1OABXPB33","pay_way":"WXZF","result_code":"0","sign":"4D2DC959D68C4CE2EF64B00FFE6C88FB","status":"0","third_order_id":"2018050622083418215"}

2018-05-06 22:08:41:参数:{"merchant_id":"6008005629","service":"query_status","third_order_id":"2018050622083418215","nonce_str":"7WCEO76FXXM5LTJUQD6A20DWD0K1CM3J","sign":"D09B8054195435788041D4A59D7B8A29"}

2018-05-06 22:08:46:继续查询:{"resp_code":"0","amount":"730","leshua_order_id":"1805062208331338","merchant_id":"6008005629","nonce_str":"NYUBJR5JMQ36DX2PQW5GADK7DWM2NTUR","pay_way":"WXZF","result_code":"0","sign":"20A17C11AF1A77379B634C9ECA8E9753","status":"0","third_order_id":"2018050622083418215"}

2018-05-06 22:08:46:参数:{"merchant_id":"6008005629","service":"query_status","third_order_id":"2018050622083418215","nonce_str":"0XJ2XO2Y0C2DO8MZXX3ULISIITS7V0VT","sign":"CA330007A21AEEAEE7D29161C43D8144"}

2018-05-06 22:08:47:支付成功:{"resp_code":"0","amount":"730","bank_type":"CFT","leshua_order_id":"1805062208331338","merchant_id":"6008005629","nonce_str":"DORIM1L0YD09XBE88DUHTW0GLDQGNKY4","openid":"oRfOu1eDRHijyYBD8E7mXEA4PAbk","out_transaction_id":"4200000131201805064084663749","pay_time":"2018-05-06 22:08:46","pay_way":"WXZF","result_code":"0","sign":"D86F88387250CD7A52E6EF93421F3C62","status":"2","third_order_id":"2018050622083418215"}

2018-05-06 22:32:14:参数:{"merchant_id":"6008005629","service":"query_status","third_order_id":"2018050622321135218","nonce_str":"QWA12Z1IFMA0BG1VC2CJR0MDGCCHT38H","sign":"F37BF02297895E76E502FB32750B83E1"}

2018-05-06 22:32:19:继续查询:{"resp_code":"0","amount":"880","leshua_order_id":"1805062232106324","merchant_id":"6008005629","nonce_str":"2JHQL70B6NV2YO21536466TOLWBP6N9U","pay_way":"ZFBZF","result_code":"0","sign":"D9E6A75A98369B260C91322A41FB1334","status":"0","third_order_id":"2018050622321135218"}

2018-05-06 22:32:19:参数:{"merchant_id":"6008005629","service":"query_status","third_order_id":"2018050622321135218","nonce_str":"4M8DOM6YAREX7A6Z73P6AHQE98UORRV5","sign":"0F4213DCDE1858180BF6586B33F9E5CD"}

2018-05-06 22:32:25:继续查询:{"resp_code":"0","amount":"880","leshua_order_id":"1805062232106324","merchant_id":"6008005629","nonce_str":"V2TCUVYC1F1QOXO4W2KW0HT6453MUY0T","pay_way":"ZFBZF","result_code":"0","sign":"417615E3E9354EADB0B5E60D79644332","status":"0","third_order_id":"2018050622321135218"}

2018-05-06 22:32:25:参数:{"merchant_id":"6008005629","service":"query_status","third_order_id":"2018050622321135218","nonce_str":"KU7S2CM9K3RWSF4IVC7WNZ9O2CTKV62I","sign":"E35046F3FA58CDFAABAAD9A714CEDC7F"}

2018-05-06 22:32:30:继续查询:{"resp_code":"0","amount":"880","leshua_order_id":"1805062232106324","merchant_id":"6008005629","nonce_str":"0AE7CMEUJMP306Z9DZLSWJDXPBHILKU7","pay_way":"ZFBZF","result_code":"0","sign":"E729481E1C9D746D0627AB4204EF4C6E","status":"0","third_order_id":"2018050622321135218"}

2018-05-06 22:32:30:参数:{"merchant_id":"6008005629","service":"query_status","third_order_id":"2018050622321135218","nonce_str":"ZJX724GAHYMTRIRFQ603N8V6WAFGFH0K","sign":"570A0DDDAEA6E324880566520FB71510"}

2018-05-06 22:32:36:继续查询:{"resp_code":"0","amount":"880","leshua_order_id":"1805062232106324","merchant_id":"6008005629","nonce_str":"1H4IPX5SL9BK0LIMYXUBTCDSI01Q0Q38","pay_way":"ZFBZF","result_code":"0","sign":"71F99F1A09CB0277C3BE42FD1E4AAE3B","status":"0","third_order_id":"2018050622321135218"}

2018-05-06 22:32:36:参数:{"merchant_id":"6008005629","service":"query_status","third_order_id":"2018050622321135218","nonce_str":"NBVSCUQL1A0P9JECXJ3X5UON0OHJP7TV","sign":"22491E71B0308299E715858ACD58004C"}

2018-05-06 22:32:41:继续查询:{"resp_code":"0","amount":"880","leshua_order_id":"1805062232106324","merchant_id":"6008005629","nonce_str":"ZEEGQRH1JPK7P8J9W0D50L0F380SBSRF","pay_way":"ZFBZF","result_code":"0","sign":"42F28FBD07D7FEFFB58C7E9FA07314F2","status":"0","third_order_id":"2018050622321135218"}

2018-05-06 22:32:41:参数:{"merchant_id":"6008005629","service":"query_status","third_order_id":"2018050622321135218","nonce_str":"215J8TPBLXFL7Y7R69U62B2NVD9JGEIZ","sign":"582EE7EA9EC8418246709D92A8DF8B95"}

2018-05-06 22:32:47:继续查询:{"resp_code":"0","amount":"880","leshua_order_id":"1805062232106324","merchant_id":"6008005629","nonce_str":"FH1BK9VZHTFAHVT904R04QUQK3IUB9MM","pay_way":"ZFBZF","result_code":"0","sign":"986DF9BA227ADC2B6FB2468E40A67BEE","status":"0","third_order_id":"2018050622321135218"}

2018-05-06 22:32:47:参数:{"merchant_id":"6008005629","service":"query_status","third_order_id":"2018050622321135218","nonce_str":"KBNL0S606450DUGICB2L8K3ST5E8VWZ9","sign":"3E95D8576275D35F112A8D137D35A021"}

2018-05-06 22:32:48:参数:{"merchant_id":"6008005629","service":"query_status","third_order_id":"2018050622321135218","nonce_str":"E3USDSQV9PGWRRPIXCZJVNH3RQC5OSDW","sign":"67990290D0B63915275776D25BF7720D"}

2018-05-06 22:32:48:支付失败:{"resp_code":"0","amount":"880","leshua_order_id":"1805062232106324","merchant_id":"6008005629","nonce_str":"PPQ2D9LFG3WTS8MQZ7XDQWYJ8N91F2FF","pay_way":"ZFBZF","result_code":"0","sign":"B1D30117B6474461AA1C746822012DE5","status":"6","third_order_id":"2018050622321135218"}

