2018-05-05 03:14:04:参数:{"merchant_id":"6008005629","service":"query_status","third_order_id":"2018050503140344526","nonce_str":"143G3E8J3HNJ9PT786NN78DB9EBWPF4A","sign":"0B7F6F1232878919BB6909F40CA966A5"}

2018-05-05 03:14:09:继续查询:{"resp_code":"0","amount":"400","leshua_order_id":"1805050314004545","merchant_id":"6008005629","nonce_str":"H67151YO9VUZQZ3MC1DMG0AOT6QCDGED","pay_way":"WXZF","result_code":"0","sign":"FE8A21B143F985BC982FB4A1B473E860","status":"0","third_order_id":"2018050503140344526"}

2018-05-05 03:14:09:参数:{"merchant_id":"6008005629","service":"query_status","third_order_id":"2018050503140344526","nonce_str":"13GG45NIP1M6VJAVCUH81VEO63TQ0FBR","sign":"662D0D13F6B974BDC65AA93D19987D22"}

2018-05-05 03:14:10:支付成功:{"resp_code":"0","amount":"400","bank_type":"CFT","leshua_order_id":"1805050314004545","merchant_id":"6008005629","nonce_str":"NV5QK25TQ4RTMWQWTXTIWT8HE8RY9XLB","openid":"oRfOu1an7rTApSRtsLJa5DNGEdAM","out_transaction_id":"4200000125201805053013666432","pay_time":"2018-05-05 03:14:09","pay_way":"WXZF","result_code":"0","sign":"E591CA811EB3B442F611502F3E163CFE","status":"2","third_order_id":"2018050503140344526"}

2018-05-05 05:56:03:参数:{"merchant_id":"6008005629","service":"query_status","third_order_id":"2018050505560145393","nonce_str":"EEZQ663K2DUW38X4QS4GF71IC1NHMMT4","sign":"73CAE999B7F90A8D50DC01C0F5466B97"}

2018-05-05 05:56:08:继续查询:{"resp_code":"0","amount":"2000","leshua_order_id":"1805050556036691","merchant_id":"6008005629","nonce_str":"4S6JQWGCUP92I2LKUUWWNX26KVAXCZPV","pay_way":"ZFBZF","result_code":"0","sign":"62C9EF9D94F1FA1D97E22D7E9E19FBA8","status":"0","third_order_id":"2018050505560145393"}

2018-05-05 05:56:08:参数:{"merchant_id":"6008005629","service":"query_status","third_order_id":"2018050505560145393","nonce_str":"3F89ULSBP4IJJSWOCPQWBTNY1TGFSVXS","sign":"6BA2A8CC9E59BE29587DB9E954A3BAF0"}

2018-05-05 05:56:14:继续查询:{"resp_code":"0","amount":"2000","leshua_order_id":"1805050556036691","merchant_id":"6008005629","nonce_str":"21BD2VPNT1G9IQXBGMKUJISFON6JLSW8","pay_way":"ZFBZF","result_code":"0","sign":"54A0B49E8BFDF28226CB6061DBBAAE13","status":"0","third_order_id":"2018050505560145393"}

2018-05-05 05:56:14:参数:{"merchant_id":"6008005629","service":"query_status","third_order_id":"2018050505560145393","nonce_str":"FPJ6GMGJD05KLTND84XH9Y3PKK570UCV","sign":"7F5BA5EBB6E0B9226AAED4B65CED03B8"}

2018-05-05 05:56:15:支付成功:{"resp_code":"0","amount":"2000","bank_type":"DEBIT_CARD","leshua_order_id":"1805050556036691","merchant_id":"6008005629","nonce_str":"IQH2WNCWM0K2GE7AWGTY1RYML5KSAXNK","openid":"2088222361716105","out_transaction_id":"2018050521001004100541377836","pay_time":"2018-05-05 05:56:13","pay_way":"ZFBZF","result_code":"0","sign":"E9FA756878BD15DD014F8E9570385BA9","status":"2","third_order_id":"2018050505560145393"}

2018-05-05 08:35:19:参数:{"merchant_id":"6008005629","service":"query_status","third_order_id":"2018050508351844571","nonce_str":"EH0ZW7DFMFUL96DWIZZTQB066D3NSQXW","sign":"5D2934970F18A20A6DB907155B87F715"}

2018-05-05 08:35:25:继续查询:{"resp_code":"0","amount":"2150","leshua_order_id":"1805050835103272","merchant_id":"6008005629","nonce_str":"DI4O43F73Z72NNITET2PXRWPVB7VBLIR","pay_way":"WXZF","result_code":"0","sign":"0844C0583DF837DBDA0CEB250E86A164","status":"0","third_order_id":"2018050508351844571"}

2018-05-05 08:35:25:参数:{"merchant_id":"6008005629","service":"query_status","third_order_id":"2018050508351844571","nonce_str":"WH6ZS3GF7PYGYN7APAXZGYUAEK0EJS2W","sign":"091B0C7E0FB21C649A1402322AB5201F"}

2018-05-05 08:35:30:继续查询:{"resp_code":"0","amount":"2150","leshua_order_id":"1805050835103272","merchant_id":"6008005629","nonce_str":"9FXCTZ22Z23XHAJEMTP4X0MLM4KRJ890","pay_way":"WXZF","result_code":"0","sign":"CF6BA56197DEB58153A7625105699CC8","status":"0","third_order_id":"2018050508351844571"}

2018-05-05 08:35:30:参数:{"merchant_id":"6008005629","service":"query_status","third_order_id":"2018050508351844571","nonce_str":"YT0VP6XUUWHSCPBTZUDW8PHKJTENAFE3","sign":"1C66E3361DCCF3D6B41F43A9046EF26A"}

2018-05-05 08:35:31:支付成功:{"resp_code":"0","amount":"2150","bank_type":"CFT","leshua_order_id":"1805050835103272","merchant_id":"6008005629","nonce_str":"O9KO3Z4OGC8S9R5WU7490GCJCA6W8NRO","openid":"oRfOu1RWELs3egilqUBNrdDirJIA","out_transaction_id":"4200000136201805052907314474","pay_time":"2018-05-05 08:35:30","pay_way":"WXZF","result_code":"0","sign":"59B64D4215DF0B921F4B59C267908AD4","status":"2","third_order_id":"2018050508351844571"}

2018-05-05 15:02:02:参数:{"merchant_id":"6008005629","service":"query_status","third_order_id":"2018050515020118456","nonce_str":"0O8TBQ5SCBGJNSWW3JBITWIU6MAMD5TD","sign":"368C64885329F8DCFEE0D391F43472BC"}

2018-05-05 15:02:07:继续查询:{"resp_code":"0","amount":"1710","leshua_order_id":"1805051502029911","merchant_id":"6008005629","nonce_str":"U0WVDRIY3DL57SSBXUW8JGJYC5UF1146","pay_way":"WXZF","result_code":"0","sign":"ED38BEDB05F9455E99DC24B1D6A50D16","status":"0","third_order_id":"2018050515020118456"}

2018-05-05 15:02:07:参数:{"merchant_id":"6008005629","service":"query_status","third_order_id":"2018050515020118456","nonce_str":"HQZ0BSKO8U5KF2AQ2E5UULQKZRTFDFLO","sign":"EF4002D8BAB0FFD2BEC4741968322874"}

2018-05-05 15:02:13:继续查询:{"resp_code":"0","amount":"1710","leshua_order_id":"1805051502029911","merchant_id":"6008005629","nonce_str":"JP2EIKM173D2VZGY1RP2G9F3B3PU9GGD","pay_way":"WXZF","result_code":"0","sign":"9DFC8FF32AA2CB9C89739657929492BA","status":"0","third_order_id":"2018050515020118456"}

2018-05-05 15:02:13:参数:{"merchant_id":"6008005629","service":"query_status","third_order_id":"2018050515020118456","nonce_str":"7W9KUDB0WPJZMMZH8BOGRNA338EBX1V2","sign":"AD5BC704CE888F83F67B8771BE0D640F"}

2018-05-05 15:02:18:继续查询:{"resp_code":"0","amount":"1710","leshua_order_id":"1805051502029911","merchant_id":"6008005629","nonce_str":"HTYHOIXXJJQJQA4UJK6HVQYD36RAR0A7","pay_way":"WXZF","result_code":"0","sign":"1ACE74D6A80818F9D91DDAE8ECE3F6F7","status":"0","third_order_id":"2018050515020118456"}

2018-05-05 15:02:18:参数:{"merchant_id":"6008005629","service":"query_status","third_order_id":"2018050515020118456","nonce_str":"NLO2PZTLZPH8TZGXJR99CVT4AMNR7N2U","sign":"919DA76FC81E2A655E6A7450001B524A"}

2018-05-05 15:02:24:继续查询:{"resp_code":"0","amount":"1710","leshua_order_id":"1805051502029911","merchant_id":"6008005629","nonce_str":"49LOR5J2H468F5ZHLVN10AIYBDAKU3AK","pay_way":"WXZF","result_code":"0","sign":"66BDD12E2EE06BA9085A00AA50FB5EE6","status":"0","third_order_id":"2018050515020118456"}

2018-05-05 15:02:24:参数:{"merchant_id":"6008005629","service":"query_status","third_order_id":"2018050515020118456","nonce_str":"W0WPG5RXZX1XQEVPUHOVM3Z1UYTYQS43","sign":"26861DEC017A20E36E6DF1CE5E536A85"}

2018-05-05 15:02:29:继续查询:{"resp_code":"0","amount":"1710","leshua_order_id":"1805051502029911","merchant_id":"6008005629","nonce_str":"3TXB98HSRPZHDZNKQQ7VM77AWDSULTT8","pay_way":"WXZF","result_code":"0","sign":"DF6ACD9A01936CC7A5A373F477A0DCB2","status":"0","third_order_id":"2018050515020118456"}

2018-05-05 15:02:29:参数:{"merchant_id":"6008005629","service":"query_status","third_order_id":"2018050515020118456","nonce_str":"EEZZ353LROHD65ZRH1FJPFOT93DZP95E","sign":"7DDFDF65D86D1EB45EFFEFF5BD5E793A"}

2018-05-05 15:02:34:继续查询:{"resp_code":"0","amount":"1710","leshua_order_id":"1805051502029911","merchant_id":"6008005629","nonce_str":"QNQD95N083I0YD8YCZ1SQZ2A5OB91UVJ","pay_way":"WXZF","result_code":"0","sign":"75C7F65ECB88B3B850B22FA9E9CB2100","status":"0","third_order_id":"2018050515020118456"}

2018-05-05 15:02:34:参数:{"merchant_id":"6008005629","service":"query_status","third_order_id":"2018050515020118456","nonce_str":"D197MUUTI362JIJ94OT4KXNS73NK29RR","sign":"A2CBD0272F89E135B9F206BA6401CFEF"}

2018-05-05 15:02:35:参数:{"merchant_id":"6008005629","service":"query_status","third_order_id":"2018050515020118456","nonce_str":"POKJOGQ0JGVFQOJJ5NTBEIL24100TFVI","sign":"6D3E0C5A724701790B0B9FEAC75CA013"}

2018-05-05 15:02:35:支付失败:{"resp_code":"0","amount":"1710","leshua_order_id":"1805051502029911","merchant_id":"6008005629","nonce_str":"T7T3ABCN8VKEW23WR1EKAW498AT9G9HJ","pay_way":"WXZF","result_code":"0","sign":"0D5E551829AD6F8E702741139AFFE9F4","status":"6","third_order_id":"2018050515020118456"}

2018-05-05 15:02:43:参数:{"merchant_id":"6008005629","service":"query_status","third_order_id":"2018050515024243445","nonce_str":"EWIAXSKE063RPAJV786O9T0WJ0WHB90J","sign":"3FE1DE821B06C87CD87521DA5AD7AA53"}

2018-05-05 15:02:48:继续查询:{"resp_code":"0","amount":"1710","leshua_order_id":"1805051502438382","merchant_id":"6008005629","nonce_str":"KOTRT8I5GE4EOTICZIIG4BMQDBI4VN2A","pay_way":"WXZF","result_code":"0","sign":"853CBE4F2A5E80084057AD331A7D9616","status":"0","third_order_id":"2018050515024243445"}

2018-05-05 15:02:48:参数:{"merchant_id":"6008005629","service":"query_status","third_order_id":"2018050515024243445","nonce_str":"U6IXY4HFSWY8SXC3AI8SIMKWBIZIWLGN","sign":"9923F26E52734A22584C6F0A287CB6CD"}

2018-05-05 15:02:54:继续查询:{"resp_code":"0","amount":"1710","leshua_order_id":"1805051502438382","merchant_id":"6008005629","nonce_str":"5OJZRN0D147ZXKVP53KFJGST0XC2J53F","pay_way":"WXZF","result_code":"0","sign":"82B52D4303B6BC55F093973E59E7D8CA","status":"0","third_order_id":"2018050515024243445"}

2018-05-05 15:02:54:参数:{"merchant_id":"6008005629","service":"query_status","third_order_id":"2018050515024243445","nonce_str":"HIJ9C9Y21BZX5CL1W6TGHOB6OL6AI47L","sign":"2A66CD9E02F9A1024E3F8FBD3BCD38BB"}

2018-05-05 15:02:54:支付成功:{"resp_code":"0","amount":"1710","bank_type":"CFT","leshua_order_id":"1805051502438382","merchant_id":"6008005629","nonce_str":"VP1PHIMIR8L552H3K1GD9CRSDZ5XMS6T","openid":"oRfOu1b048cWNEitl0YBU36fGmpU","out_transaction_id":"4200000134201805053334087125","pay_time":"2018-05-05 15:02:54","pay_way":"WXZF","result_code":"0","sign":"4632B25C6A34EE9DC266CC0ABFD24157","status":"2","third_order_id":"2018050515024243445"}

2018-05-05 15:19:20:参数:{"merchant_id":"6008005629","service":"query_status","third_order_id":"2018050515191850963","nonce_str":"CBYH04R8WWMJRILDBS9J9IP95BAGFRG6","sign":"F903D2BAEF375DFF38FFF1544D4A34FD"}

2018-05-05 15:19:25:继续查询:{"resp_code":"0","amount":"2420","leshua_order_id":"1805051519107823","merchant_id":"6008005629","nonce_str":"75HE20RPG6WFH40XI3UHIBS17HL3BB6B","pay_way":"ZFBZF","result_code":"0","sign":"18D8E4F15B559EE1DA0B8D705748C27B","status":"0","third_order_id":"2018050515191850963"}

2018-05-05 15:19:25:参数:{"merchant_id":"6008005629","service":"query_status","third_order_id":"2018050515191850963","nonce_str":"XD2SJ2LEP7BSCHYBUBYP5H1U4T83U3D8","sign":"0D5AF7F414CC3461419E12376AE26E79"}

2018-05-05 15:19:31:继续查询:{"resp_code":"0","amount":"2420","leshua_order_id":"1805051519107823","merchant_id":"6008005629","nonce_str":"THFAT2ZG37X3FQGQ4C49IFV3FXA5K623","pay_way":"ZFBZF","result_code":"0","sign":"2170F1D29177AAE790D0A7074B99A239","status":"0","third_order_id":"2018050515191850963"}

2018-05-05 15:19:31:参数:{"merchant_id":"6008005629","service":"query_status","third_order_id":"2018050515191850963","nonce_str":"EHIHW42L1IFPDO4MFBJ9ADYL6JYGLWY6","sign":"F0B32BC845E522753D00B7CF179C49B3"}

2018-05-05 15:19:36:继续查询:{"resp_code":"0","amount":"2420","leshua_order_id":"1805051519107823","merchant_id":"6008005629","nonce_str":"8WA8S1X8TS0DVA462T3EUWV488OA4NNC","pay_way":"ZFBZF","result_code":"0","sign":"16E42EA5EAB780770AE87349904E31EE","status":"0","third_order_id":"2018050515191850963"}

2018-05-05 15:19:36:参数:{"merchant_id":"6008005629","service":"query_status","third_order_id":"2018050515191850963","nonce_str":"DT9XDXP6CNIGA54Y3GBBJ6J3IOZTHQHN","sign":"9A357E8FADDAB1AF28CA4EEF9E9EA02D"}

2018-05-05 15:19:42:继续查询:{"resp_code":"0","amount":"2420","leshua_order_id":"1805051519107823","merchant_id":"6008005629","nonce_str":"9W3WO35P9KCAZ06X9DF1WTEVDJTUV15P","pay_way":"ZFBZF","result_code":"0","sign":"439617A2A64910FE6A0603E6B103B7EA","status":"0","third_order_id":"2018050515191850963"}

2018-05-05 15:19:42:参数:{"merchant_id":"6008005629","service":"query_status","third_order_id":"2018050515191850963","nonce_str":"GLV3MXJZ9TCMCRNZ3T9DX54QS7T5YOBY","sign":"D3566D127FFCE6B7A2DF35EC614153C0"}

2018-05-05 15:19:47:继续查询:{"resp_code":"0","amount":"2420","leshua_order_id":"1805051519107823","merchant_id":"6008005629","nonce_str":"70IRJWTGW80IQX9A37X03RDAGBKZBS37","pay_way":"ZFBZF","result_code":"0","sign":"3716E6D94F1EF80C1F3B03E3C1D608F9","status":"0","third_order_id":"2018050515191850963"}

2018-05-05 15:19:47:参数:{"merchant_id":"6008005629","service":"query_status","third_order_id":"2018050515191850963","nonce_str":"O5TE0BSPGAVWI0WC6GBMQEGIMKDHDTSK","sign":"F72A4C4C01CEC8360D63BEEE416E582C"}

2018-05-05 15:19:53:继续查询:{"resp_code":"0","amount":"2420","leshua_order_id":"1805051519107823","merchant_id":"6008005629","nonce_str":"2KW2O7FILEN4Y2K570VB1DEBX4RTRP0W","pay_way":"ZFBZF","result_code":"0","sign":"F9B388823A8EB47E94373201AE1C9961","status":"0","third_order_id":"2018050515191850963"}

2018-05-05 15:19:53:参数:{"merchant_id":"6008005629","service":"query_status","third_order_id":"2018050515191850963","nonce_str":"7X9LZW3LNCQOGGOPU16HLO8KQ73CHG1G","sign":"1CA2BCF66CC5ACDA4DFFC5F053E4441E"}

2018-05-05 15:19:54:参数:{"merchant_id":"6008005629","service":"query_status","third_order_id":"2018050515191850963","nonce_str":"MHGUPJTILUXNERXXW2JHCZVDZ8MT5SJU","sign":"FA7129D2699F26905282D6F8548455F8"}

2018-05-05 15:19:54:支付失败:{"resp_code":"0","amount":"2420","leshua_order_id":"1805051519107823","merchant_id":"6008005629","nonce_str":"W38L4KW0H37E5DL9WEFB3LFPPWIVYUNT","pay_way":"ZFBZF","result_code":"0","sign":"BE89A075B9E407A32D03894BA654A494","status":"6","third_order_id":"2018050515191850963"}

2018-05-05 17:33:28:参数:{"merchant_id":"6008005629","service":"query_status","third_order_id":"2018050517332710810","nonce_str":"5G80QLPA5KHIJEMJ2F7O34ZS5DIGDO6K","sign":"249E90577D67A439A963ECDC3E78E1FC"}

2018-05-05 17:33:34:继续查询:{"resp_code":"0","amount":"2650","leshua_order_id":"1805051733204256","merchant_id":"6008005629","nonce_str":"XAOY9MHEN8VJ3UNBYN700A39LYG0RIXU","pay_way":"ZFBZF","result_code":"0","sign":"F85678AB93BC0C9C27B5D3BB22861480","status":"0","third_order_id":"2018050517332710810"}

2018-05-05 17:33:34:参数:{"merchant_id":"6008005629","service":"query_status","third_order_id":"2018050517332710810","nonce_str":"2YREO0PX9RJGHKJQZZT05RZKRZ3GWD8U","sign":"FAA83D2DE14F6FB50BE287D06C5386AA"}

2018-05-05 17:33:39:继续查询:{"resp_code":"0","amount":"2650","leshua_order_id":"1805051733204256","merchant_id":"6008005629","nonce_str":"4N1ZFOWPEYFS7EQW292N3Z3GA0SNGB8Y","pay_way":"ZFBZF","result_code":"0","sign":"3CAD4385694A1D5A355194530836F77F","status":"0","third_order_id":"2018050517332710810"}

2018-05-05 17:33:39:参数:{"merchant_id":"6008005629","service":"query_status","third_order_id":"2018050517332710810","nonce_str":"4RBS44E7CEJTT0JO6I8Z819VGDM1XDUJ","sign":"5A550239260CB228334D3ECF8FD0C0E5"}

2018-05-05 17:33:40:支付成功:{"resp_code":"0","amount":"2650","bank_type":"DEBIT_CARD","leshua_order_id":"1805051733204256","merchant_id":"6008005629","nonce_str":"P3GWK5KNTE6OB7QW0HLHX0JHZY1LQZZG","openid":"2088222361716105","out_transaction_id":"2018050521001004100542809118","pay_time":"2018-05-05 17:33:37","pay_way":"ZFBZF","result_code":"0","sign":"12D6E4C771E76C62B1DFAB7FADE8BA01","status":"2","third_order_id":"2018050517332710810"}

2018-05-05 18:17:23:参数:{"merchant_id":"6008005629","service":"query_status","third_order_id":"2018050518172227207","nonce_str":"H2L5GOMQUUWMKOENMOVKG77DC656TO4Z","sign":"C744DAFAFDAF73CCED1C1AD3AA800941"}

2018-05-05 18:17:28:继续查询:{"resp_code":"0","amount":"10400","leshua_order_id":"1805051817201430","merchant_id":"6008005629","nonce_str":"9TAJ9KCVWIGNO8AOXEHA9TM2X5TZKTWA","pay_way":"WXZF","result_code":"0","sign":"36B5A78E6B97D9E2300A7CFB7D49413C","status":"0","third_order_id":"2018050518172227207"}

2018-05-05 18:17:28:参数:{"merchant_id":"6008005629","service":"query_status","third_order_id":"2018050518172227207","nonce_str":"RCQSSLPNZIIT0MTOEL1N8OL6KDRIPF8M","sign":"102E06FB217A3F208A97FA00BA8CE792"}

2018-05-05 18:17:34:继续查询:{"resp_code":"0","amount":"10400","leshua_order_id":"1805051817201430","merchant_id":"6008005629","nonce_str":"RFMD36HQCW3T7E3S9HX9K3ARDO61NG29","pay_way":"WXZF","result_code":"0","sign":"909FD46CCD7B89645C61F70746715412","status":"0","third_order_id":"2018050518172227207"}

2018-05-05 18:17:34:参数:{"merchant_id":"6008005629","service":"query_status","third_order_id":"2018050518172227207","nonce_str":"SF4DIQOQTJG5LFRYEI1NFC12U6CT31SR","sign":"71752387BFECD7EFE930872D6780EBEA"}

2018-05-05 18:17:34:支付成功:{"resp_code":"0","amount":"10400","bank_type":"ICBC_DEBIT","leshua_order_id":"1805051817201430","merchant_id":"6008005629","nonce_str":"CYY2C8OWEOSAX11V65JP04GWCLWBX0OD","openid":"oRfOu1bHRXKQnAG_tvzPqBFeQ4A8","out_transaction_id":"4200000130201805053124254610","pay_time":"2018-05-05 18:17:34","pay_way":"WXZF","result_code":"0","sign":"A6D8541CEF4124455F1E119C203A4831","status":"2","third_order_id":"2018050518172227207"}

2018-05-05 18:56:56:参数:{"merchant_id":"6008005629","service":"query_status","third_order_id":"2018050518565311401","nonce_str":"VI3HUUE7QCSBU3H4NICZVJVIEH99YZXT","sign":"FE184C29C1D3E14ED9A972EC711EC1ED"}

2018-05-05 18:57:02:继续查询:{"resp_code":"0","amount":"1520","leshua_order_id":"1805051856506129","merchant_id":"6008005629","nonce_str":"6M4OALP3KI2DIEW6C1UBJOU73NHZ9MVI","pay_way":"ZFBZF","result_code":"0","sign":"FDF35155CEEF6E0B9C1D7976A939BF6D","status":"0","third_order_id":"2018050518565311401"}

2018-05-05 18:57:02:参数:{"merchant_id":"6008005629","service":"query_status","third_order_id":"2018050518565311401","nonce_str":"0T0SUAJ1PWHZSCGTF50CB1X3HFNEPGXV","sign":"BF01BC47540D72D62C7D03D174A04540"}

2018-05-05 18:57:07:继续查询:{"resp_code":"0","amount":"1520","leshua_order_id":"1805051856506129","merchant_id":"6008005629","nonce_str":"WFFFIY9VH067JF85ET0MPWETR65K9SCK","pay_way":"ZFBZF","result_code":"0","sign":"BC67042DD8AE406D82273E7855EEFC1B","status":"0","third_order_id":"2018050518565311401"}

2018-05-05 18:57:07:参数:{"merchant_id":"6008005629","service":"query_status","third_order_id":"2018050518565311401","nonce_str":"4HI7KFOW314OH8L9FLDN94809E86NDVI","sign":"9B01F57A2287017382EA48E6C8FC0F5E"}

2018-05-05 18:57:08:支付成功:{"resp_code":"0","amount":"1520","bank_type":"DEBIT_CARD","leshua_order_id":"1805051856506129","merchant_id":"6008005629","nonce_str":"09KNZNBHBBEA46HRJ2LA77X6E908P2EJ","openid":"2088122770753552","out_transaction_id":"2018050521001004550512099410","pay_time":"2018-05-05 18:57:05","pay_way":"ZFBZF","result_code":"0","sign":"C370A3920FA228A46F23905A37722F06","status":"2","third_order_id":"2018050518565311401"}

2018-05-05 19:08:33:参数:{"merchant_id":"6008005629","service":"query_status","third_order_id":"2018050519083248928","nonce_str":"3QLV0MAE1N9ZWEBDUTSO2C9QNPH5K6CI","sign":"00F82D68127D3138E4E1D6437115EFC1"}

2018-05-05 19:08:39:继续查询:{"resp_code":"0","amount":"1470","leshua_order_id":"1805051908322917","merchant_id":"6008005629","nonce_str":"2QIHJ27GPF128D7YE1QWLZCE6P52TUZH","pay_way":"WXZF","result_code":"0","sign":"8D0AA010EE83DE819E3921389F4C3CDF","status":"0","third_order_id":"2018050519083248928"}

2018-05-05 19:08:39:参数:{"merchant_id":"6008005629","service":"query_status","third_order_id":"2018050519083248928","nonce_str":"WDWETUBT614PH4CXK8ZXIC6PBCGIHT14","sign":"B649F86718450ED79AAA689759DD144A"}

2018-05-05 19:08:44:继续查询:{"resp_code":"0","amount":"1470","leshua_order_id":"1805051908322917","merchant_id":"6008005629","nonce_str":"KDTQGSFOEQ4YFCPGJL170W5DGTTUJDEE","pay_way":"WXZF","result_code":"0","sign":"63C87524308C82B634F5229E3215B1B8","status":"0","third_order_id":"2018050519083248928"}

2018-05-05 19:08:44:参数:{"merchant_id":"6008005629","service":"query_status","third_order_id":"2018050519083248928","nonce_str":"6BG3I8GVZDQFSGLOWA0AD2VTUAWWYNZE","sign":"5229B80D2A5F2C590D95DA13C201F2D5"}

2018-05-05 19:08:50:继续查询:{"resp_code":"0","amount":"1470","leshua_order_id":"1805051908322917","merchant_id":"6008005629","nonce_str":"0JOBHJ09ZTMIY2X1G168LX7W1UJR3RH3","pay_way":"WXZF","result_code":"0","sign":"A5C550845E977ECCBB713E4094A07F14","status":"0","third_order_id":"2018050519083248928"}

2018-05-05 19:08:50:参数:{"merchant_id":"6008005629","service":"query_status","third_order_id":"2018050519083248928","nonce_str":"SZDMNZKS9SBMK7HHZ96JXRT7B4LQ2IU9","sign":"3B7E8552D7CE5247FFF294A584DFA267"}

2018-05-05 19:08:55:继续查询:{"resp_code":"0","amount":"1470","leshua_order_id":"1805051908322917","merchant_id":"6008005629","nonce_str":"F5I183J6OHVI382QC3YEV3EX2JPL17XC","pay_way":"WXZF","result_code":"0","sign":"53CF72DC8057F3FBBF66C5430B96B0F4","status":"0","third_order_id":"2018050519083248928"}

2018-05-05 19:08:55:参数:{"merchant_id":"6008005629","service":"query_status","third_order_id":"2018050519083248928","nonce_str":"3R04T6M4RY2QXYRKVQ745MLB31SSVC2G","sign":"9C137DE28EE1043CE4F668D302E31941"}

2018-05-05 19:08:56:支付成功:{"resp_code":"0","amount":"1470","bank_type":"ABC_DEBIT","leshua_order_id":"1805051908322917","merchant_id":"6008005629","nonce_str":"IVNCSTB590RGVLWSFAAS8HL27DDTNDCZ","openid":"oRfOu1ZRPPurpbbi6YD78d4zL2S0","out_transaction_id":"4200000114201805053530673841","pay_time":"2018-05-05 19:08:55","pay_way":"WXZF","result_code":"0","sign":"033EC5CF7E7A92EBE2D1359A31D6F889","status":"2","third_order_id":"2018050519083248928"}

2018-05-05 19:46:46:参数:{"merchant_id":"6008005629","service":"query_status","third_order_id":"2018050519464514911","nonce_str":"R6ZQVBWOEFGDY90CH1VPYR72BP2KKTUO","sign":"CF33DB84F39C43CB65D694862622A727"}

2018-05-05 19:46:52:继续查询:{"resp_code":"0","amount":"390","leshua_order_id":"1805051946403176","merchant_id":"6008005629","nonce_str":"AJM0JTPDBH1MHAH6QR6XPWS6C72ERCEO","pay_way":"WXZF","result_code":"0","sign":"44656133AAEE2A7213801F9BC3DB6321","status":"0","third_order_id":"2018050519464514911"}

2018-05-05 19:46:52:参数:{"merchant_id":"6008005629","service":"query_status","third_order_id":"2018050519464514911","nonce_str":"BRG4DWOCU4NZ643T2646R26AWSELI2NK","sign":"BD4BDC8EE7312EC97760393896FFCD6C"}

2018-05-05 19:46:57:继续查询:{"resp_code":"0","amount":"390","leshua_order_id":"1805051946403176","merchant_id":"6008005629","nonce_str":"33ZFR0HQBV6142Z1RDLVC05Q9V0JFJY9","pay_way":"WXZF","result_code":"0","sign":"CDF4DB8F7BC662253AAD1D18CFC98127","status":"0","third_order_id":"2018050519464514911"}

2018-05-05 19:46:57:参数:{"merchant_id":"6008005629","service":"query_status","third_order_id":"2018050519464514911","nonce_str":"OKL55T054YYLYLVAMNOLEE7IDKTT4SUN","sign":"8471C146F1C05F73DC5B06A6F01D902B"}

2018-05-05 19:46:58:支付成功:{"resp_code":"0","amount":"390","bank_type":"CCB_DEBIT","leshua_order_id":"1805051946403176","merchant_id":"6008005629","nonce_str":"88J53TZB1Q906N03CU0N99TJ0I1U2L8Z","openid":"oRfOu1SBtVAYlEgbG5_mKy5UNk0c","out_transaction_id":"4200000138201805053401901515","pay_time":"2018-05-05 19:46:57","pay_way":"WXZF","result_code":"0","sign":"91E50E9ABEAAE3206FD97789DEFD7CE0","status":"2","third_order_id":"2018050519464514911"}

2018-05-05 21:43:19:参数:{"merchant_id":"6008005629","service":"query_status","third_order_id":"2018050521431875589","nonce_str":"LTAJGM8Z63TBPJS6P6WQB6F4DW9W2K5O","sign":"1E75D0B7A6C053DA5B2C447C48054582"}

2018-05-05 21:43:24:继续查询:{"resp_code":"0","amount":"610","leshua_order_id":"1805052143122821","merchant_id":"6008005629","nonce_str":"N1OJJ7UXCDJ5WKVJ70MH8BZQQFV6RZNF","pay_way":"WXZF","result_code":"0","sign":"98E1932A1AD2B9171446D20FAABC21BC","status":"0","third_order_id":"2018050521431875589"}

2018-05-05 21:43:24:参数:{"merchant_id":"6008005629","service":"query_status","third_order_id":"2018050521431875589","nonce_str":"A83UI9BGJLOHG3904YYFADQTZ9LDTS9K","sign":"5320EDC924A6236D2AE3BC2F2149A55C"}

2018-05-05 21:43:30:继续查询:{"resp_code":"0","amount":"610","leshua_order_id":"1805052143122821","merchant_id":"6008005629","nonce_str":"QNQZR3P6LWOXM35MSI9NUWR0F041HGGL","pay_way":"WXZF","result_code":"0","sign":"D67DDF6ABFC5FAA57D8953A6CC15A0AC","status":"0","third_order_id":"2018050521431875589"}

2018-05-05 21:43:30:参数:{"merchant_id":"6008005629","service":"query_status","third_order_id":"2018050521431875589","nonce_str":"RPWAIUBHFFQ4LK3UK7TT2IG2WTV6GZIB","sign":"AFF9D6E30483AD3B0A0B86EEC571C15B"}

2018-05-05 21:43:30:支付成功:{"resp_code":"0","amount":"610","bank_type":"CFT","leshua_order_id":"1805052143122821","merchant_id":"6008005629","nonce_str":"GCY0ADM4TYEGJ0R4FOCXK61ZY7BPQX2A","openid":"oRfOu1cmhAfW7w3PHlW9zWGSuguY","out_transaction_id":"4200000123201805053611220806","pay_time":"2018-05-05 21:43:30","pay_way":"WXZF","result_code":"0","sign":"F1388CDF06702AAAA7EAB8D448ACDD4B","status":"2","third_order_id":"2018050521431875589"}

2018-05-05 22:07:23:参数:{"merchant_id":"6008005629","service":"query_status","third_order_id":"2018050522072243139","nonce_str":"4AD1NLEMYMRTFR6GF3H2OJ6ZRKO3N3U0","sign":"A8FCCF4139597049D48D3141294C48EC"}

2018-05-05 22:07:29:继续查询:{"resp_code":"0","amount":"1100","leshua_order_id":"1805052207235353","merchant_id":"6008005629","nonce_str":"2IPBWUYEFJUVY0Z6SKEQ441R345MRAFU","pay_way":"WXZF","result_code":"0","sign":"63896BE6A848191BD9A00432B715976B","status":"0","third_order_id":"2018050522072243139"}

2018-05-05 22:07:29:参数:{"merchant_id":"6008005629","service":"query_status","third_order_id":"2018050522072243139","nonce_str":"CQ68AYRNQY629Z2JYD4LZ83WR5XPERS7","sign":"CF188ACD4A3883223BE0B99EA895406C"}

2018-05-05 22:07:34:继续查询:{"resp_code":"0","amount":"1100","leshua_order_id":"1805052207235353","merchant_id":"6008005629","nonce_str":"Z8BN1BMS41U79SS3GAIY19C4MZVECZLE","pay_way":"WXZF","result_code":"0","sign":"8FB7EFBF80F3B0AFAAD3AD53C3904B87","status":"0","third_order_id":"2018050522072243139"}

2018-05-05 22:07:34:参数:{"merchant_id":"6008005629","service":"query_status","third_order_id":"2018050522072243139","nonce_str":"3G2OCXCUEPR4WSOQI5ASIQZS3HQ7E8RW","sign":"E807DABEF94141755FC8461A327DCF00"}

2018-05-05 22:07:34:支付成功:{"resp_code":"0","amount":"1100","bank_type":"CFT","leshua_order_id":"1805052207235353","merchant_id":"6008005629","nonce_str":"SB739KHXC579BY2SVK9GOPMXZMEFZREZ","openid":"oRfOu1a14gnSN0YQOcXt0aeOaB1E","out_transaction_id":"4200000112201805053627530170","pay_time":"2018-05-05 22:07:34","pay_way":"WXZF","result_code":"0","sign":"C17BEC962229DB265F5C6E42E523C717","status":"2","third_order_id":"2018050522072243139"}

2018-05-05 22:43:13:参数:{"merchant_id":"6008005629","service":"query_status","third_order_id":"2018050522431115919","nonce_str":"THKOLTFZCRX1UIBVIQSIQB3AZZ90G6CN","sign":"166036D3F06FE7DF3AB9C6EB16027DE8"}

2018-05-05 22:43:18:继续查询:{"resp_code":"0","amount":"1050","leshua_order_id":"1805052243124558","merchant_id":"6008005629","nonce_str":"0VHR0XRSDE1VUS796JEZKXDPH45G24X7","pay_way":"WXZF","result_code":"0","sign":"873E87DCE00ADEFB74FB2BC2CBE91C07","status":"0","third_order_id":"2018050522431115919"}

2018-05-05 22:43:18:参数:{"merchant_id":"6008005629","service":"query_status","third_order_id":"2018050522431115919","nonce_str":"KO8UC8IOA5V3VBI4VJKEVZ1SC97RM9A4","sign":"90B828E094EBE4E82EDCA5EEBA88609D"}

2018-05-05 22:43:23:继续查询:{"resp_code":"0","amount":"1050","leshua_order_id":"1805052243124558","merchant_id":"6008005629","nonce_str":"0V6RULP7DNLGK8UKYP9LMXTQNQA0UBAM","pay_way":"WXZF","result_code":"0","sign":"F9E9988E06782354F1F5C95C6909F21B","status":"0","third_order_id":"2018050522431115919"}

2018-05-05 22:43:23:参数:{"merchant_id":"6008005629","service":"query_status","third_order_id":"2018050522431115919","nonce_str":"29RLVLGNAGQH11ML47PJBK4R432CX4W4","sign":"AD9D90A20EECB1F2292BD83051061C5D"}

2018-05-05 22:43:29:继续查询:{"resp_code":"0","amount":"1050","leshua_order_id":"1805052243124558","merchant_id":"6008005629","nonce_str":"6QE8JT4HSODSPHZ0D5R30RW4FP8FNR72","pay_way":"WXZF","result_code":"0","sign":"3FF44023B350612849DA37DF1B11CFE3","status":"0","third_order_id":"2018050522431115919"}

2018-05-05 22:43:29:参数:{"merchant_id":"6008005629","service":"query_status","third_order_id":"2018050522431115919","nonce_str":"MKYHLHS8AZY9U3D583CMGQ50XMC8TWH8","sign":"121D615B302A32354BFDD3B9B06A470F"}

2018-05-05 22:43:29:支付成功:{"resp_code":"0","amount":"1050","bank_type":"CFT","leshua_order_id":"1805052243124558","merchant_id":"6008005629","nonce_str":"Y0A340GFK07RC7V7EGPYJ06AWQHUHE95","openid":"oRfOu1a14gnSN0YQOcXt0aeOaB1E","out_transaction_id":"4200000135201805053569932501","pay_time":"2018-05-05 22:43:29","pay_way":"WXZF","result_code":"0","sign":"F3BA63C5CE59DC2F7E9279ABC75A30B5","status":"2","third_order_id":"2018050522431115919"}

