2018-04-30 09:51:16:参数:{"merchant_id":"6008005629","service":"query_status","third_order_id":"2018043009511488652","nonce_str":"XZ1069MWB3RYV7TBF2FBOR5W4MLOBK6I","sign":"FB4F9643A9F0A6F7117C266B0F499C8E"}

2018-04-30 09:51:22:继续查询:{"resp_code":"0","amount":"670","leshua_order_id":"1804300951103857","merchant_id":"6008005629","nonce_str":"F0VGOYS4DJMBAWE1BLD9SPRDPL8GJN40","pay_way":"ZFBZF","result_code":"0","sign":"F273804C8D928699885ED2238FF18BC2","status":"0","third_order_id":"2018043009511488652"}

2018-04-30 09:51:22:参数:{"merchant_id":"6008005629","service":"query_status","third_order_id":"2018043009511488652","nonce_str":"UCOOBF0VFUVZJLKVSI7LP7K0NYJQCT9C","sign":"4BD85B56E638F44D1F49F88001EBD63C"}

2018-04-30 09:51:27:继续查询:{"resp_code":"0","amount":"670","leshua_order_id":"1804300951103857","merchant_id":"6008005629","nonce_str":"25POR61VHNZZ6KCWCMI5QSABF33WAW1R","pay_way":"ZFBZF","result_code":"0","sign":"E491D552711CCB228777AAB94C9F29F8","status":"0","third_order_id":"2018043009511488652"}

2018-04-30 09:51:27:参数:{"merchant_id":"6008005629","service":"query_status","third_order_id":"2018043009511488652","nonce_str":"0ZVANC2ITO5QBHAK6TFQZO3ZSNOGXU2J","sign":"1FFEF8B0FC3CB1F824E0E8B3BCA65503"}

2018-04-30 09:51:33:继续查询:{"resp_code":"0","amount":"670","leshua_order_id":"1804300951103857","merchant_id":"6008005629","nonce_str":"LRBB4B70SMJJDNTU7QNGW649L8ZGUUI6","pay_way":"ZFBZF","result_code":"0","sign":"373D42A85C24A3546182AA21214DE744","status":"0","third_order_id":"2018043009511488652"}

2018-04-30 09:51:33:参数:{"merchant_id":"6008005629","service":"query_status","third_order_id":"2018043009511488652","nonce_str":"VQ3LK02IVRVWHNL1RCHAZJMOXMTX8OS0","sign":"9BB63C29F0E28545E4706C4077D38C1B"}

2018-04-30 09:51:38:继续查询:{"resp_code":"0","amount":"670","leshua_order_id":"1804300951103857","merchant_id":"6008005629","nonce_str":"YJ0223PQWMLQ5W38FFPIY5CZNXU59AF5","pay_way":"ZFBZF","result_code":"0","sign":"5956215EB5A5F8B90CF904D103E9F6BD","status":"0","third_order_id":"2018043009511488652"}

2018-04-30 09:51:38:参数:{"merchant_id":"6008005629","service":"query_status","third_order_id":"2018043009511488652","nonce_str":"PLEGE5PO2MNBXFT8VJJIL0Q30EHVJCQL","sign":"2444566F5008D945D05135C6A5391F4F"}

2018-04-30 09:51:44:继续查询:{"resp_code":"0","amount":"670","leshua_order_id":"1804300951103857","merchant_id":"6008005629","nonce_str":"Z0BRU1MHY46D2QABNGJ2FL4FSBBU0W2W","pay_way":"ZFBZF","result_code":"0","sign":"08F540AB4F3A10F825CB2322D62A8ABE","status":"0","third_order_id":"2018043009511488652"}

2018-04-30 09:51:44:参数:{"merchant_id":"6008005629","service":"query_status","third_order_id":"2018043009511488652","nonce_str":"DZDJXWA9IO8KIOH9T5F9CK4K7T2G9O6M","sign":"AE6DC12AC93473CB349390BD22BCD95A"}

2018-04-30 09:51:49:继续查询:{"resp_code":"0","amount":"670","leshua_order_id":"1804300951103857","merchant_id":"6008005629","nonce_str":"1708YFS7VHS7XJ488GYVJT5JNRWD6MF2","pay_way":"ZFBZF","result_code":"0","sign":"6BB507E3F44A7A9D8829E43AB7EB64C2","status":"0","third_order_id":"2018043009511488652"}

2018-04-30 09:51:49:参数:{"merchant_id":"6008005629","service":"query_status","third_order_id":"2018043009511488652","nonce_str":"4EAX4M45DWA6KAO6GQBLQ6XOMHX0Y47X","sign":"EFD73DC406E80CCBDDEA95788A3659BB"}

2018-04-30 09:51:50:参数:{"merchant_id":"6008005629","service":"query_status","third_order_id":"2018043009511488652","nonce_str":"S00L201VRHL43K60XMAS0IDPDPCOCYSM","sign":"9951814D0DFCB93E3D891B3A8C441DF8"}

2018-04-30 09:51:50:支付失败:{"resp_code":"0","amount":"670","leshua_order_id":"1804300951103857","merchant_id":"6008005629","nonce_str":"Y4BYEEMFNTIF3JPJOFQIP4OOSNKTHDJL","pay_way":"ZFBZF","result_code":"0","sign":"4A7342A8AD87BF4E74CA79EE01CDCF8D","status":"6","third_order_id":"2018043009511488652"}

2018-04-30 10:18:40:参数:{"merchant_id":"6008005629","service":"query_status","third_order_id":"2018043010183910020","nonce_str":"TLUUN3TY5ZM9CXAR4Z9TU02UQM0BFFOA","sign":"C3C815E5FE9F1CDCE52489E850C38F71"}

2018-04-30 10:18:45:继续查询:{"resp_code":"0","amount":"4100","leshua_order_id":"1804301018334706","merchant_id":"6008005629","nonce_str":"KPO5SVUA9AWB1VP3B791T7E7P7FL3383","pay_way":"WXZF","result_code":"0","sign":"69A09AD6BD4AB85CABDF0B1D62DACC9A","status":"0","third_order_id":"2018043010183910020"}

2018-04-30 10:18:45:参数:{"merchant_id":"6008005629","service":"query_status","third_order_id":"2018043010183910020","nonce_str":"XMG8DB3I8QSH3IAA6NN04TGG0GN89J6C","sign":"0CD1FC18E1E7AD982867C3FE54F19578"}

2018-04-30 10:18:50:继续查询:{"resp_code":"0","amount":"4100","leshua_order_id":"1804301018334706","merchant_id":"6008005629","nonce_str":"VXML2LNJM6306REXMWUWWQV63AQ4KIW3","pay_way":"WXZF","result_code":"0","sign":"2CFFBD697DC957E93CC5431427E9E16B","status":"0","third_order_id":"2018043010183910020"}

2018-04-30 10:18:50:参数:{"merchant_id":"6008005629","service":"query_status","third_order_id":"2018043010183910020","nonce_str":"HZ6PL6KNK16Z01C79LDMS1OXOPTWNV4B","sign":"4B37EDD4C83366A5BD2E8A4FB6A458FF"}

2018-04-30 10:18:54:参数:{"merchant_id":"6008005629","service":"query_status","third_order_id":"2018043010185375899","nonce_str":"2RLNOTZ2M6QBML7VYP2AJHEM3SHNOXYT","sign":"926A4F93C9FC39B5C4A8ADEB5A6C1D6B"}

2018-04-30 10:18:56:继续查询:{"resp_code":"0","amount":"4100","leshua_order_id":"1804301018334706","merchant_id":"6008005629","nonce_str":"R12P4LIN7K94QDI8RKM5R0KYXOGSNXYN","pay_way":"WXZF","result_code":"0","sign":"2E72B5E842F0684794FDD7C28420064B","status":"0","third_order_id":"2018043010183910020"}

2018-04-30 10:18:56:参数:{"merchant_id":"6008005629","service":"query_status","third_order_id":"2018043010183910020","nonce_str":"B77A4P9FD9DTA1PJHN62SKLTOA05D2X2","sign":"11867CA5D2C636386F2FACAC644BAE81"}

2018-04-30 10:18:56:支付成功:{"resp_code":"0","amount":"4100","bank_type":"PAB_CREDIT","leshua_order_id":"1804301018334706","merchant_id":"6008005629","nonce_str":"7AE1GIY4QNHYPNGMV6X9QCZSZK8OYIZM","openid":"oRfOu1bKg34KcOr46VL5Ki8Ri2hc","out_transaction_id":"4200000138201804308742464044","pay_time":"2018-04-30 10:18:56","pay_way":"WXZF","result_code":"0","sign":"C847DC810DCC50A91F58D3D9262391C3","status":"2","third_order_id":"2018043010183910020"}

2018-04-30 10:19:00:继续查询:{"resp_code":"0","amount":"3200","leshua_order_id":"1804301018501640","merchant_id":"6008005629","nonce_str":"249PZ2P3CMFGO30CRD7P2HT38IWXGZ43","pay_way":"WXZF","result_code":"0","sign":"3FED5689E4EF2841947873C48405E58D","status":"0","third_order_id":"2018043010185375899"}

2018-04-30 10:19:00:参数:{"merchant_id":"6008005629","service":"query_status","third_order_id":"2018043010185375899","nonce_str":"H6LZ6FI1Z7K08DZ5IK36ELY0GD2J61F9","sign":"C60EB37E6375E1E1202ADCE1EB6E398E"}

2018-04-30 10:19:05:继续查询:{"resp_code":"0","amount":"3200","leshua_order_id":"1804301018501640","merchant_id":"6008005629","nonce_str":"1J724QIFRFL4JWZSZ5Z7B4QEKH9DGG7Z","pay_way":"WXZF","result_code":"0","sign":"99AE5E0FA4FAC913159DC07935F7E29F","status":"0","third_order_id":"2018043010185375899"}

2018-04-30 10:19:05:参数:{"merchant_id":"6008005629","service":"query_status","third_order_id":"2018043010185375899","nonce_str":"F3P9IK6K7E1B83JDSZXQJCIBM48LYXSO","sign":"5926F1D58B7B2540DD940ECCCDF784C9"}

2018-04-30 10:19:05:支付成功:{"resp_code":"0","amount":"3200","bank_type":"ABC_DEBIT","leshua_order_id":"1804301018501640","merchant_id":"6008005629","nonce_str":"UZQORSI3JM8SZ0SO57TFM1HOGP5X1KPL","openid":"oRfOu1RWELs3egilqUBNrdDirJIA","out_transaction_id":"4200000138201804309091704398","pay_time":"2018-04-30 10:19:05","pay_way":"WXZF","result_code":"0","sign":"826A3F7165828F9F4324DE4A333D8667","status":"2","third_order_id":"2018043010185375899"}

2018-04-30 10:41:34:参数:{"merchant_id":"6008005629","service":"query_status","third_order_id":"2018043010413375104","nonce_str":"5FV03VYSQJJ0O0UZGBD6OK8JXMRMAMUF","sign":"12B9E54A18F47003432119E2A38ECDBB"}

2018-04-30 10:41:40:继续查询:{"resp_code":"0","amount":"100","leshua_order_id":"1804301041334213","merchant_id":"6008005629","nonce_str":"5T2LF8OXLFM8WUTCYSCDO2QVLE9D62ZH","pay_way":"WXZF","result_code":"0","sign":"032621F64EDCBA188279C6BDCABE6956","status":"0","third_order_id":"2018043010413375104"}

2018-04-30 10:41:40:参数:{"merchant_id":"6008005629","service":"query_status","third_order_id":"2018043010413375104","nonce_str":"Z762EZJ5FKQOXEBJXWLHUMGND0FW91M9","sign":"D6546B23210FF24FE56DA110CCA736EF"}

2018-04-30 10:41:45:继续查询:{"resp_code":"0","amount":"100","leshua_order_id":"1804301041334213","merchant_id":"6008005629","nonce_str":"7FZ0NAH03RQC2QC2VHSMK2GSYL8VN32W","pay_way":"WXZF","result_code":"0","sign":"5C227E8BA78F3A24E4241C01109D08FF","status":"0","third_order_id":"2018043010413375104"}

2018-04-30 10:41:45:参数:{"merchant_id":"6008005629","service":"query_status","third_order_id":"2018043010413375104","nonce_str":"MRV7QB2BWOV49OZM57LTX43U65LN1P0Q","sign":"FC31A49C6F1798CE0DB8487934E80C1D"}

2018-04-30 10:41:50:继续查询:{"resp_code":"0","amount":"100","leshua_order_id":"1804301041334213","merchant_id":"6008005629","nonce_str":"R4CPSBTIN1FM7KU23EMDJZ3H33QUTAQ7","pay_way":"WXZF","result_code":"0","sign":"6F31D5A7C0404F6B2C340F2670956535","status":"0","third_order_id":"2018043010413375104"}

2018-04-30 10:41:50:参数:{"merchant_id":"6008005629","service":"query_status","third_order_id":"2018043010413375104","nonce_str":"RPW1K8F81JAWK51MS34RPSPCDYLM5D54","sign":"7DEF4E677357198930D268A46180793A"}

2018-04-30 10:41:56:继续查询:{"resp_code":"0","amount":"100","leshua_order_id":"1804301041334213","merchant_id":"6008005629","nonce_str":"BQUX18WW27EYWK18Q52WRKRMKMN23R6H","pay_way":"WXZF","result_code":"0","sign":"08F2EF397EFD660B88E04B8E7E9C010E","status":"0","third_order_id":"2018043010413375104"}

2018-04-30 10:41:56:参数:{"merchant_id":"6008005629","service":"query_status","third_order_id":"2018043010413375104","nonce_str":"KSJQV41IO110YDK8RN475B99IU3AW1SZ","sign":"A80FD2068D1C8F6DF2FA258C14BD38B5"}

2018-04-30 10:42:01:继续查询:{"resp_code":"0","amount":"100","leshua_order_id":"1804301041334213","merchant_id":"6008005629","nonce_str":"S3CMYCX6Y7Z1MIKH2BTJVJUGKIWZ7W51","pay_way":"WXZF","result_code":"0","sign":"C3F5DAD840219C77AF791A1ED74BFD0C","status":"0","third_order_id":"2018043010413375104"}

2018-04-30 10:42:01:参数:{"merchant_id":"6008005629","service":"query_status","third_order_id":"2018043010413375104","nonce_str":"4KZ3DZPRBL3M40NNXMFUNTIF80MGP01U","sign":"0233C6F0D7C581E2CFA8ED6343D402E9"}

2018-04-30 10:42:07:继续查询:{"resp_code":"0","amount":"100","leshua_order_id":"1804301041334213","merchant_id":"6008005629","nonce_str":"371UGR7HPF7NPVEJTJVGG4WRA1BKY1JR","pay_way":"WXZF","result_code":"0","sign":"7A1A2749E1928FC364CB229270DDB971","status":"0","third_order_id":"2018043010413375104"}

2018-04-30 10:42:07:参数:{"merchant_id":"6008005629","service":"query_status","third_order_id":"2018043010413375104","nonce_str":"UAZR3UR7TV6MLINYMALJXNM1Z9O93VGC","sign":"3C8E303E368DA71D7F385862B42159E0"}

2018-04-30 10:42:07:参数:{"merchant_id":"6008005629","service":"query_status","third_order_id":"2018043010413375104","nonce_str":"13WC1ZRA5YY6ZSL73KRYZLTR12X0MGVX","sign":"C04846D2BEB4F472B768F8E4783AC5FC"}

2018-04-30 10:42:08:支付失败:{"resp_code":"0","amount":"100","leshua_order_id":"1804301041334213","merchant_id":"6008005629","nonce_str":"Y8HXGZNBXVCUREQM1TDJTC7SOJZG4ZHK","pay_way":"WXZF","result_code":"0","sign":"DD9D31FA29A969BEDA2CCD2D7E945214","status":"6","third_order_id":"2018043010413375104"}

2018-04-30 11:27:11:参数:{"merchant_id":"6008005629","service":"query_status","third_order_id":"2018043011270970718","nonce_str":"XB5RO22MNLTZ5VLT6M9UWH9F3LELTXU3","sign":"AC6C435340488FFB5481071EFCCE09D9"}

2018-04-30 11:27:16:继续查询:{"resp_code":"0","amount":"1680","leshua_order_id":"1804301127027400","merchant_id":"6008005629","nonce_str":"JIS29AV0YYIXJXK9P8ZWOCJ32KJO43ZL","pay_way":"WXZF","result_code":"0","sign":"65B9DEBDAA6F527A5AFE1FB826BE7298","status":"0","third_order_id":"2018043011270970718"}

2018-04-30 11:27:16:参数:{"merchant_id":"6008005629","service":"query_status","third_order_id":"2018043011270970718","nonce_str":"HTNVO7BRNTKS7CEX1HYVSUWJELDQZBNZ","sign":"563BCD8AD2A79D4F230B8B44C31A8277"}

2018-04-30 11:27:21:继续查询:{"resp_code":"0","amount":"1680","leshua_order_id":"1804301127027400","merchant_id":"6008005629","nonce_str":"B9M2GVCG7DMTYJK0V241WRAIVSVTISXM","pay_way":"WXZF","result_code":"0","sign":"F48255D12EE547D23A2BD56ADF7DCB59","status":"0","third_order_id":"2018043011270970718"}

2018-04-30 11:27:21:参数:{"merchant_id":"6008005629","service":"query_status","third_order_id":"2018043011270970718","nonce_str":"BFMFSYHBJAHYHSODT8QAIAI16IQ7MK39","sign":"A39BC242612F8ED46B15CBC3B1BAB641"}

2018-04-30 11:27:22:支付成功:{"resp_code":"0","amount":"1680","bank_type":"CFT","leshua_order_id":"1804301127027400","merchant_id":"6008005629","nonce_str":"WESA48U924QO2LUALLNMA4VTL26YSOTV","openid":"oRfOu1X6mReG7EI5fEfyaG3xZjp8","out_transaction_id":"4200000125201804309315123194","pay_time":"2018-04-30 11:27:21","pay_way":"WXZF","result_code":"0","sign":"7CF750E76F04116874B618A86AE07967","status":"2","third_order_id":"2018043011270970718"}

2018-04-30 12:01:22:参数:{"merchant_id":"6008005629","service":"query_status","third_order_id":"2018043012012130845","nonce_str":"DRX4G4JK6BUI3E2A57USLDDYLC1UR1YP","sign":"64D6B54561177F01D1C4487E0073D0E7"}

2018-04-30 12:01:28:继续查询:{"resp_code":"0","amount":"3870","leshua_order_id":"1804301201203908","merchant_id":"6008005629","nonce_str":"BXXNK7J5HDUCF3S4LE40RZZCLATPYB32","pay_way":"WXZF","result_code":"0","sign":"3C3855B02D3BEA53739CA15CC4F8E7A0","status":"0","third_order_id":"2018043012012130845"}

2018-04-30 12:01:28:参数:{"merchant_id":"6008005629","service":"query_status","third_order_id":"2018043012012130845","nonce_str":"KMAWY6K5Q3E07BC5D4VTJ2X8WEBDFAGT","sign":"5FF4B38FD5FE89CFDDB23D820C1293C4"}

2018-04-30 12:01:33:继续查询:{"resp_code":"0","amount":"3870","leshua_order_id":"1804301201203908","merchant_id":"6008005629","nonce_str":"X2G8LM7D4KK4HIQQ5L74NRK7E093KGMR","pay_way":"WXZF","result_code":"0","sign":"273A76DBBD6075985F7F583177EE8DEE","status":"0","third_order_id":"2018043012012130845"}

2018-04-30 12:01:33:参数:{"merchant_id":"6008005629","service":"query_status","third_order_id":"2018043012012130845","nonce_str":"6HK6F4ISBDTSEV64V19CU35QXK1PSLB9","sign":"B6F9F8FB0402E6E4CE9AD76AF4DAB1A1"}

2018-04-30 12:01:39:继续查询:{"resp_code":"0","amount":"3870","leshua_order_id":"1804301201203908","merchant_id":"6008005629","nonce_str":"16E2PM36NE1Z97HTJL6Z0U831Y0TKUWE","pay_way":"WXZF","result_code":"0","sign":"1D71A5CDF583AF0F6ABF44EBBDA15467","status":"0","third_order_id":"2018043012012130845"}

2018-04-30 12:01:39:参数:{"merchant_id":"6008005629","service":"query_status","third_order_id":"2018043012012130845","nonce_str":"SRM70RLWRQHQOV2B455ZYN2N0QKUA9W9","sign":"FDAED063DE828DEC9D070A43368A8C0A"}

2018-04-30 12:01:44:继续查询:{"resp_code":"0","amount":"3870","leshua_order_id":"1804301201203908","merchant_id":"6008005629","nonce_str":"EGIH09GN36IJ46DS051GFF0J9NOMSPXA","pay_way":"WXZF","result_code":"0","sign":"5D27042C4A2ACFE45A39D336A9897F3D","status":"0","third_order_id":"2018043012012130845"}

2018-04-30 12:01:44:参数:{"merchant_id":"6008005629","service":"query_status","third_order_id":"2018043012012130845","nonce_str":"GOKHWR0HUQNNFXRYTQK3KJEHJ13BMHD6","sign":"B3A4574B81C126FBE977C63C764B5BBD"}

2018-04-30 12:01:49:继续查询:{"resp_code":"0","amount":"3870","leshua_order_id":"1804301201203908","merchant_id":"6008005629","nonce_str":"LUJNRJ70QR1D5PJ09BWY1SIYWK89R0GP","pay_way":"WXZF","result_code":"0","sign":"295A7FF538633638F81176BE18E01D38","status":"0","third_order_id":"2018043012012130845"}

2018-04-30 12:01:49:参数:{"merchant_id":"6008005629","service":"query_status","third_order_id":"2018043012012130845","nonce_str":"720Y4OCB51OKA71888I0MU41C8YU3VYX","sign":"27F573CF620315E3E1E94F7836082930"}

2018-04-30 12:01:55:继续查询:{"resp_code":"0","amount":"3870","leshua_order_id":"1804301201203908","merchant_id":"6008005629","nonce_str":"PA2DUOQ628Y16EKM4H6U3IFD8YXE6YL4","pay_way":"WXZF","result_code":"0","sign":"1D587DE503923DE195E3795B8520DBF0","status":"0","third_order_id":"2018043012012130845"}

2018-04-30 12:01:55:参数:{"merchant_id":"6008005629","service":"query_status","third_order_id":"2018043012012130845","nonce_str":"6XLVAB1SOPBA4PKSUCGMBHE8ZFD9S8ZL","sign":"5B7DC1CCD8A9EDE6A482DAFB86E799C5"}

2018-04-30 12:01:56:参数:{"merchant_id":"6008005629","service":"query_status","third_order_id":"2018043012012130845","nonce_str":"MCZ91VV0BUNRJRJRQQO5ATSF2DCHCAYV","sign":"0A79568A248969ECE14B8CBF2C068EEB"}

2018-04-30 12:01:56:支付失败:{"resp_code":"0","amount":"3870","leshua_order_id":"1804301201203908","merchant_id":"6008005629","nonce_str":"KI1HHMM7SEMVX1SNQLPM363PLFCKPKY2","pay_way":"WXZF","result_code":"0","sign":"797F6DAD397F8A5411C92B40F3BDA076","status":"6","third_order_id":"2018043012012130845"}

2018-04-30 12:21:42:参数:{"merchant_id":"6008005629","service":"query_status","third_order_id":"2018043012214117756","nonce_str":"XRP8Y14WRQ73B7VIYSATXAFE4RRFZ1QV","sign":"3FAC0E81C02C6D11B5B563FAD5E39109"}

2018-04-30 12:21:48:继续查询:{"resp_code":"0","amount":"1310","leshua_order_id":"1804301221409831","merchant_id":"6008005629","nonce_str":"SYDGC2PGFRMDX3VWL0BPIMFIF2058LX1","pay_way":"WXZF","result_code":"0","sign":"96EE760B8E2ED6AF25CAC8EAAB7DE887","status":"0","third_order_id":"2018043012214117756"}

2018-04-30 12:21:48:参数:{"merchant_id":"6008005629","service":"query_status","third_order_id":"2018043012214117756","nonce_str":"PTFXBQ62WD0DALSTQZHP07Q6RP56I7U8","sign":"37BAEF92372E1F9FE488F16D01F76149"}

2018-04-30 12:21:48:支付成功:{"resp_code":"0","amount":"1310","bank_type":"CFT","leshua_order_id":"1804301221409831","merchant_id":"6008005629","nonce_str":"O9F2YCL6UKKBMEFGAYI1YJXW02HXCUPD","openid":"oRfOu1dTkYw55d-u1_NyC91sCGTc","out_transaction_id":"4200000128201804308790345702","pay_time":"2018-04-30 12:21:48","pay_way":"WXZF","result_code":"0","sign":"6055C31263757662E6CEAA56B8F9379A","status":"2","third_order_id":"2018043012214117756"}

2018-04-30 13:47:57:参数:{"merchant_id":"6008005629","service":"query_status","third_order_id":"2018043013475545603","nonce_str":"4BVJ5KF80Q8IV7MOZMNOB1XVJBCVRV2P","sign":"032CC531959879F0DBAD4EB4E344A69A"}

2018-04-30 13:48:02:继续查询:{"resp_code":"0","amount":"340","leshua_order_id":"1804301347536072","merchant_id":"6008005629","nonce_str":"L5IDLOPL5H7266OZOXTN982O0O8T4YJO","pay_way":"WXZF","result_code":"0","sign":"38DBADBFD1C584A3CC4B14C5F2A9788A","status":"0","third_order_id":"2018043013475545603"}

2018-04-30 13:48:02:参数:{"merchant_id":"6008005629","service":"query_status","third_order_id":"2018043013475545603","nonce_str":"2ID45SPPNDRYX7OBNI3YT3HGC760UMNC","sign":"06263ACD7345371D3D3145F01A7FD940"}

2018-04-30 13:48:08:继续查询:{"resp_code":"0","amount":"340","leshua_order_id":"1804301347536072","merchant_id":"6008005629","nonce_str":"H970HNSJ3LWW0S3L2OIRP8WK7J2MFEIN","pay_way":"WXZF","result_code":"0","sign":"54A1687B02D7DB2DD3323EA844338D87","status":"0","third_order_id":"2018043013475545603"}

2018-04-30 13:48:08:参数:{"merchant_id":"6008005629","service":"query_status","third_order_id":"2018043013475545603","nonce_str":"Y343Y9J6OBX25VHQ366DJ6Y67JUQ8YWO","sign":"26C788384A9DE09EC4744DBA12FF0FC6"}

2018-04-30 13:48:08:支付成功:{"resp_code":"0","amount":"340","bank_type":"CFT","leshua_order_id":"1804301347536072","merchant_id":"6008005629","nonce_str":"2NQI8NO3R7966PU9KWUVFP6I4MS7VYYR","openid":"oRfOu1eqjQ8OjdkjCt2Ktx-iNMoA","out_transaction_id":"4200000123201804309292300288","pay_time":"2018-04-30 13:48:08","pay_way":"WXZF","result_code":"0","sign":"1F829B1BB0F8FC39CF5155B2089A9FBE","status":"2","third_order_id":"2018043013475545603"}

2018-04-30 13:49:38:参数:{"merchant_id":"6008005629","service":"query_status","third_order_id":"2018043013493751934","nonce_str":"8A8K70CNVT06ZJT7GXUS9NP16ZODMLAR","sign":"61C12529DF6E215D7CD79DFA99938EB8"}

2018-04-30 13:49:44:继续查询:{"resp_code":"0","amount":"3429","leshua_order_id":"1804301349303058","merchant_id":"6008005629","nonce_str":"PAACUIL00WW1AB8IYJM42VQPOQJ4IHL0","pay_way":"WXZF","result_code":"0","sign":"861F3BB1A3C9DB5227ED9A87CEB16135","status":"0","third_order_id":"2018043013493751934"}

2018-04-30 13:49:44:参数:{"merchant_id":"6008005629","service":"query_status","third_order_id":"2018043013493751934","nonce_str":"U2VXS6BNJ19XXHSPITQ7X2WKCGZXANYC","sign":"69CE812CB1868BE507430A785C7783FA"}

2018-04-30 13:49:49:继续查询:{"resp_code":"0","amount":"3429","leshua_order_id":"1804301349303058","merchant_id":"6008005629","nonce_str":"X97UOUEOPXB9NAICV9P2IJ8PCLM3CLMP","pay_way":"WXZF","result_code":"0","sign":"1EBC3B710EA0E9BDEEBC566C7EA88D0E","status":"0","third_order_id":"2018043013493751934"}

2018-04-30 13:49:49:参数:{"merchant_id":"6008005629","service":"query_status","third_order_id":"2018043013493751934","nonce_str":"HESLY8LEBR7NIEKJDICH3K44N0KMHAYG","sign":"51BB0C480901CA92B42D5FC55EB32302"}

2018-04-30 13:49:50:支付成功:{"resp_code":"0","amount":"3429","bank_type":"ICBC_CREDIT","leshua_order_id":"1804301349303058","merchant_id":"6008005629","nonce_str":"65M9V84C90JJKG97IERQNUWXZE5TBXAU","openid":"oRfOu1ZRa5oFMsKHGesf-8jbbFQs","out_transaction_id":"4200000128201804309347593789","pay_time":"2018-04-30 13:49:49","pay_way":"WXZF","result_code":"0","sign":"501BCD8B6B8EA10620E613A090203390","status":"2","third_order_id":"2018043013493751934"}

2018-04-30 15:26:14:参数:{"merchant_id":"6008005629","service":"query_status","third_order_id":"2018043015261381600","nonce_str":"XPY5IGBCZIUDOKQ4Z0TBF8PRHJMSXDK3","sign":"7FD8B2BE63448AA5D35067659A40309B"}

2018-04-30 15:26:20:继续查询:{"resp_code":"0","amount":"1889","leshua_order_id":"1804301526122899","merchant_id":"6008005629","nonce_str":"7G818YU3ZOY4FF1VGXAKE47ZFJNGM8L8","pay_way":"WXZF","result_code":"0","sign":"2F6430E79F9A66B3D2E68AC032C36260","status":"0","third_order_id":"2018043015261381600"}

2018-04-30 15:26:20:参数:{"merchant_id":"6008005629","service":"query_status","third_order_id":"2018043015261381600","nonce_str":"HHMEZVU6EKB6G5WAF1XM36ZQ4QOMWC75","sign":"07F08B80FAAB4CE43728F4E1CA86458C"}

2018-04-30 15:26:25:继续查询:{"resp_code":"0","amount":"1889","leshua_order_id":"1804301526122899","merchant_id":"6008005629","nonce_str":"M880TBXBWT2U54J3SFJP449SODK5SMO1","pay_way":"WXZF","result_code":"0","sign":"D96D4D955E0C973E1220380F80E53AB3","status":"0","third_order_id":"2018043015261381600"}

2018-04-30 15:26:25:参数:{"merchant_id":"6008005629","service":"query_status","third_order_id":"2018043015261381600","nonce_str":"VN9HJ662Z93XNAYMO3URQN4IDB3SSBUS","sign":"F0DA22499A223007443BE41A348C33C4"}

2018-04-30 15:26:25:支付成功:{"resp_code":"0","amount":"1889","bank_type":"BOC_DEBIT","leshua_order_id":"1804301526122899","merchant_id":"6008005629","nonce_str":"6QUF3Q4LROH02W8T7E53UITJR5W2LGJF","openid":"oRfOu1ZSqFBGF9CvWbIQWgeH46nM","out_transaction_id":"4200000123201804309400481645","pay_time":"2018-04-30 15:26:25","pay_way":"WXZF","result_code":"0","sign":"C431A49F68D23855395981992AAFF42A","status":"2","third_order_id":"2018043015261381600"}

2018-04-30 16:35:12:参数:{"merchant_id":"6008005629","service":"query_status","third_order_id":"2018043016351270214","nonce_str":"IJ0GVTLN1STQHZ1LGOHE2RWO1RDBBPXO","sign":"0C174CDCBAB4B90D0CDA944150710810"}

2018-04-30 16:35:18:继续查询:{"resp_code":"0","amount":"560","leshua_order_id":"1804301635129151","merchant_id":"6008005629","nonce_str":"UWWYE0LGILFMKEYHA4HRR5DQRV8OOONW","pay_way":"WXZF","result_code":"0","sign":"777EC5A5D7486860380595C7E8A73641","status":"0","third_order_id":"2018043016351270214"}

2018-04-30 16:35:18:参数:{"merchant_id":"6008005629","service":"query_status","third_order_id":"2018043016351270214","nonce_str":"1RC6XZ6SBMP26IPUL0SWSJ65M3GRNDVH","sign":"44FBFB694ACFB79936D798267F1E56D4"}

2018-04-30 16:35:23:继续查询:{"resp_code":"0","amount":"560","leshua_order_id":"1804301635129151","merchant_id":"6008005629","nonce_str":"07UMZAGHHYSNIKOGIQ6K3FG7JQ6INKUL","pay_way":"WXZF","result_code":"0","sign":"ED6AA5F4C4D19C29D3A037617A187FF8","status":"0","third_order_id":"2018043016351270214"}

2018-04-30 16:35:23:参数:{"merchant_id":"6008005629","service":"query_status","third_order_id":"2018043016351270214","nonce_str":"7FVVCW4J2320ISMFRMXH05SKF01DIFE2","sign":"D465503BF7B3254EA65886E5EE94353A"}

2018-04-30 16:35:24:支付成功:{"resp_code":"0","amount":"560","bank_type":"CFT","leshua_order_id":"1804301635129151","merchant_id":"6008005629","nonce_str":"QP4GG30VIUS3U81T7JLKY9F73DJY2MEJ","openid":"oRfOu1cmhAfW7w3PHlW9zWGSuguY","out_transaction_id":"4200000129201804309102577403","pay_time":"2018-04-30 16:35:23","pay_way":"WXZF","result_code":"0","sign":"FD6F7F5AB924A2301217D7E4AA62918B","status":"2","third_order_id":"2018043016351270214"}

2018-04-30 17:18:38:参数:{"merchant_id":"6008005629","service":"query_status","third_order_id":"2018043017183685808","nonce_str":"RA8XWBRSHL46FPLE1PEBFBDFK29QC1GB","sign":"8A7C796C5E5D3E9CD85CBCCF00BA9F09"}

2018-04-30 17:18:43:继续查询:{"resp_code":"0","amount":"570","leshua_order_id":"1804301718338973","merchant_id":"6008005629","nonce_str":"4SB2OXL7BK2VJ2G2MCR645IV4YJAB9NB","pay_way":"ZFBZF","result_code":"0","sign":"763B46639DB3B40C8688850AB65CD47D","status":"0","third_order_id":"2018043017183685808"}

2018-04-30 17:18:43:参数:{"merchant_id":"6008005629","service":"query_status","third_order_id":"2018043017183685808","nonce_str":"VLRO65L7TDNN6LS6HHXSZQ2EVHRULBOQ","sign":"5A35C9CB83FDEE8FBD4EAD04324C017F"}

2018-04-30 17:18:49:继续查询:{"resp_code":"0","amount":"570","leshua_order_id":"1804301718338973","merchant_id":"6008005629","nonce_str":"JVUVRIU5VBGA1IRP3N5M8M86P4H9B45S","pay_way":"ZFBZF","result_code":"0","sign":"AA0B95E641D6BF177FB99BEA5F66E874","status":"0","third_order_id":"2018043017183685808"}

2018-04-30 17:18:49:参数:{"merchant_id":"6008005629","service":"query_status","third_order_id":"2018043017183685808","nonce_str":"N1W7LAH939Y8QT9CY5B1BBEVEDNSRDH3","sign":"504E5C36E41317FAEA04ED211805D3A0"}

2018-04-30 17:18:54:继续查询:{"resp_code":"0","amount":"570","leshua_order_id":"1804301718338973","merchant_id":"6008005629","nonce_str":"4NES3ZSZMWUSIXY2SOV5R6ELC03YYX10","pay_way":"ZFBZF","result_code":"0","sign":"EBD412131CE76B7EBEEBA5AECFCE18C2","status":"0","third_order_id":"2018043017183685808"}

2018-04-30 17:18:54:参数:{"merchant_id":"6008005629","service":"query_status","third_order_id":"2018043017183685808","nonce_str":"B6GGNLFGZ0JN1RMNSWWNROCJPIAUIN6E","sign":"D32036BF0A081B574B246D61B88AD16E"}

2018-04-30 17:19:00:继续查询:{"resp_code":"0","amount":"570","leshua_order_id":"1804301718338973","merchant_id":"6008005629","nonce_str":"6VY38X6K9C2KV8L9D74JXMWKDHNZ11AX","pay_way":"ZFBZF","result_code":"0","sign":"C5D4CC0242AF7F7F8F95C87FC99D5ED3","status":"0","third_order_id":"2018043017183685808"}

2018-04-30 17:19:00:参数:{"merchant_id":"6008005629","service":"query_status","third_order_id":"2018043017183685808","nonce_str":"F000VX8NCMG84QW6CI51VEU842O7XB1G","sign":"EB13624730F26F0C672847B87ACDE3E3"}

2018-04-30 17:19:06:继续查询:{"resp_code":"0","amount":"570","leshua_order_id":"1804301718338973","merchant_id":"6008005629","nonce_str":"PZ4NTDW6B2IIBLHYKMW54IA40ONCFMH5","pay_way":"ZFBZF","result_code":"0","sign":"717120F0F169A0D9973B1DF5B4E61904","status":"0","third_order_id":"2018043017183685808"}

2018-04-30 17:19:06:参数:{"merchant_id":"6008005629","service":"query_status","third_order_id":"2018043017183685808","nonce_str":"4BGBMCOSKXY1TWJI0BXV60C6IC8SDF6O","sign":"46B2AF8B57552D09EAA2D011438F76EC"}

2018-04-30 17:19:11:继续查询:{"resp_code":"0","amount":"570","leshua_order_id":"1804301718338973","merchant_id":"6008005629","nonce_str":"NKLC5JDXFU2AOWVUL0GEO92YMJEJUOG0","pay_way":"ZFBZF","result_code":"0","sign":"9A6D90FD2E3F88AA8701CDFD90E6659E","status":"0","third_order_id":"2018043017183685808"}

2018-04-30 17:19:11:参数:{"merchant_id":"6008005629","service":"query_status","third_order_id":"2018043017183685808","nonce_str":"9J6QONA93VSTOALQUQRV824OVEV9D640","sign":"185906C2FBAFA3243FB8B4FD2E624B6C"}

2018-04-30 17:19:12:参数:{"merchant_id":"6008005629","service":"query_status","third_order_id":"2018043017183685808","nonce_str":"5QWMB2O96WN79MXE5JG5QEYSFD71UTQJ","sign":"318BD75A0BD905CA1723818FD1BEF0A6"}

2018-04-30 17:19:12:支付失败:{"resp_code":"0","amount":"570","leshua_order_id":"1804301718338973","merchant_id":"6008005629","nonce_str":"8ZRV0G2QIVPBDGOP5F30PTILLS9ZHE2U","pay_way":"ZFBZF","result_code":"0","sign":"832BE5797614CF15969B977F58A8F997","status":"6","third_order_id":"2018043017183685808"}

2018-04-30 17:28:34:参数:{"merchant_id":"6008005629","service":"query_status","third_order_id":"2018043017283222490","nonce_str":"2JXWXKZUJD1S1521JH493JHWTCUBW75N","sign":"84C054FBCE9CCD26582822EAEA3F4E7C"}

2018-04-30 17:28:39:继续查询:{"resp_code":"0","amount":"2050","leshua_order_id":"1804301728333336","merchant_id":"6008005629","nonce_str":"AGI67BFKIW145OALR8DMH5Q66TJLW0BU","pay_way":"WXZF","result_code":"0","sign":"DADE5A272EF8237F02365E9B73254AB4","status":"0","third_order_id":"2018043017283222490"}

2018-04-30 17:28:39:参数:{"merchant_id":"6008005629","service":"query_status","third_order_id":"2018043017283222490","nonce_str":"BX9R5JMCPZ1KKTBQOEYSPKC0DLXOB3BF","sign":"7E0EAC1A0F034A6B85D4D692CD0C3E93"}

2018-04-30 17:28:45:继续查询:{"resp_code":"0","amount":"2050","leshua_order_id":"1804301728333336","merchant_id":"6008005629","nonce_str":"TF9C30ZK5UCCWKTL6DMHSEVU9090E5BJ","pay_way":"WXZF","result_code":"0","sign":"2F28E250DFB9194ECFD734228F8FD92E","status":"0","third_order_id":"2018043017283222490"}

2018-04-30 17:28:45:参数:{"merchant_id":"6008005629","service":"query_status","third_order_id":"2018043017283222490","nonce_str":"0MD72R9X4KYN7N19CEB2PE5QYFX57K5U","sign":"04B4D9D18F8A324B4CD3CC46D3CFC55E"}

2018-04-30 17:28:50:继续查询:{"resp_code":"0","amount":"2050","leshua_order_id":"1804301728333336","merchant_id":"6008005629","nonce_str":"19Z4HUT7XYXD1CUHW117Y7E2JTPUBJ7Y","pay_way":"WXZF","result_code":"0","sign":"6085572DD78CE50C49957B53018F1E01","status":"0","third_order_id":"2018043017283222490"}

2018-04-30 17:28:50:参数:{"merchant_id":"6008005629","service":"query_status","third_order_id":"2018043017283222490","nonce_str":"O2H4V1QOAYVDAYZ0AJL93PN2Y8FVBXLE","sign":"1B14455DE32C9B7E8D21D6648BC0021F"}

2018-04-30 17:28:55:继续查询:{"resp_code":"0","amount":"2050","leshua_order_id":"1804301728333336","merchant_id":"6008005629","nonce_str":"V7IZFTPVDF332X42Y42IQMCQNTWULOYQ","pay_way":"WXZF","result_code":"0","sign":"29DF3F27D28CE2C8FCCED35484932060","status":"0","third_order_id":"2018043017283222490"}

2018-04-30 17:28:55:参数:{"merchant_id":"6008005629","service":"query_status","third_order_id":"2018043017283222490","nonce_str":"3CK2F719GTDP6URMKGQRUICQESYBRNZ2","sign":"1E53B2DCCDFECB079D21984A63F67BB7"}

2018-04-30 17:28:56:支付成功:{"resp_code":"0","amount":"2050","bank_type":"CFT","leshua_order_id":"1804301728333336","merchant_id":"6008005629","nonce_str":"2ZU35UDQXYKE7R0UX2DFFZ0ID5Y9JTK7","openid":"oRfOu1XZmTwuKbHbeQHNqp3SALfA","out_transaction_id":"4200000113201804309643986656","pay_time":"2018-04-30 17:28:55","pay_way":"WXZF","result_code":"0","sign":"3FB71BC795EF39CB64F6A6BE19E8194F","status":"2","third_order_id":"2018043017283222490"}

2018-04-30 19:15:57:参数:{"merchant_id":"6008005629","service":"query_status","third_order_id":"2018043019155675301","nonce_str":"OKW7JHC3FPEG56B83I1L8CO4KFX5XT5Y","sign":"38D13FC3D2D26994E84C4EB67D4070F0"}

2018-04-30 19:16:02:继续查询:{"resp_code":"0","amount":"1600","leshua_order_id":"1804301915505323","merchant_id":"6008005629","nonce_str":"25E2JBZXI2ANXBORCHIHK4VUV9IKM3T0","pay_way":"WXZF","result_code":"0","sign":"2FDE959464BA3DE0537CA9517E55C0AB","status":"0","third_order_id":"2018043019155675301"}

2018-04-30 19:16:02:参数:{"merchant_id":"6008005629","service":"query_status","third_order_id":"2018043019155675301","nonce_str":"MC5EW0DHLCWA4HNSEH5TKBW6I30V4QT6","sign":"E37BBCB6145806462CB43C7B0047CAF4"}

2018-04-30 19:16:02:支付成功:{"resp_code":"0","amount":"1600","bank_type":"CFT","leshua_order_id":"1804301915505323","merchant_id":"6008005629","nonce_str":"4CU6O1J5KMO23VI6DR9F0XU0ZAODXK2T","openid":"oRfOu1SowXPg_AB89iKBIxG0lyVQ","out_transaction_id":"4200000118201804309359576698","pay_time":"2018-04-30 19:16:02","pay_way":"WXZF","result_code":"0","sign":"C7981424194798F8CEC7091B18F6D33A","status":"2","third_order_id":"2018043019155675301"}

2018-04-30 19:33:26:参数:{"merchant_id":"6008005629","service":"query_status","third_order_id":"2018043019332559608","nonce_str":"UJHOFDWE7OCUQLISPVP6J60IE856WXDF","sign":"0E71BC0DDED9CE3B1A53F8FD84BB877F"}

2018-04-30 19:33:31:继续查询:{"resp_code":"0","amount":"780","leshua_order_id":"1804301933222032","merchant_id":"6008005629","nonce_str":"QRSTPMLFUHJFAS9C7BQ4SLC92ORWZ76J","pay_way":"WXZF","result_code":"0","sign":"94BBD5CC9C1C1F1EE8EB7DC73CC797A3","status":"0","third_order_id":"2018043019332559608"}

2018-04-30 19:33:31:参数:{"merchant_id":"6008005629","service":"query_status","third_order_id":"2018043019332559608","nonce_str":"P2C5U0PEUACN7EKAOO3WWKRRJDLLIW68","sign":"1990DC8B4AFFFA2AA83CFBFCAC1D0858"}

2018-04-30 19:33:37:继续查询:{"resp_code":"0","amount":"780","leshua_order_id":"1804301933222032","merchant_id":"6008005629","nonce_str":"N1K18Q7LWAXRI0P2HIOSQE2H7Y3L5U91","pay_way":"WXZF","result_code":"0","sign":"7B8686DF182A51FFFC27C37FF38CF086","status":"0","third_order_id":"2018043019332559608"}

2018-04-30 19:33:37:参数:{"merchant_id":"6008005629","service":"query_status","third_order_id":"2018043019332559608","nonce_str":"1J643L2M3UB3K3J289ZZD08RE4CWN6JX","sign":"442F236F0E31A0EB38526A714F486BAA"}

2018-04-30 19:33:37:支付成功:{"resp_code":"0","amount":"780","bank_type":"CFT","leshua_order_id":"1804301933222032","merchant_id":"6008005629","nonce_str":"MDTF6E1FMK55OT4D0SS9EYWS02GGO4QQ","openid":"oRfOu1dsBil7uHbDqYkt_s5JOPus","out_transaction_id":"4200000122201804309709329036","pay_time":"2018-04-30 19:33:37","pay_way":"WXZF","result_code":"0","sign":"6758AF842F1CAE8B2C8D9E21F65FE4D3","status":"2","third_order_id":"2018043019332559608"}

2018-04-30 20:44:17:参数:{"merchant_id":"6008005629","service":"query_status","third_order_id":"2018043020441654656","nonce_str":"7F8GXYXDQMBI9H85F4NYY5U6OZ6EGZP9","sign":"CC901002827FD90F74C3B8F5E9C92090"}

2018-04-30 20:44:23:继续查询:{"resp_code":"0","amount":"670","leshua_order_id":"1804302044128832","merchant_id":"6008005629","nonce_str":"C1BCI910PSU733YCS9I46ZSKZA53GXNB","pay_way":"WXZF","result_code":"0","sign":"F45B9F094C0DB0F8D9331450BD2CB1FC","status":"0","third_order_id":"2018043020441654656"}

2018-04-30 20:44:23:参数:{"merchant_id":"6008005629","service":"query_status","third_order_id":"2018043020441654656","nonce_str":"W0BW590D7HM6YPQT60QFYCY2CCVP4L65","sign":"249050B00B8CC80647BE2EEA595A8103"}

2018-04-30 20:44:28:继续查询:{"resp_code":"0","amount":"670","leshua_order_id":"1804302044128832","merchant_id":"6008005629","nonce_str":"JT2QQSRNGZNUH7R82858Z12F86X3GQB1","pay_way":"WXZF","result_code":"0","sign":"777C320A2407ECD3653109FE54F2CDB2","status":"0","third_order_id":"2018043020441654656"}

2018-04-30 20:44:28:参数:{"merchant_id":"6008005629","service":"query_status","third_order_id":"2018043020441654656","nonce_str":"JJCO4KSW04HH9IE0UGXJRAXXM4D9P44H","sign":"CAE8BD6401C98A1ADC1BDD7D4089FFF4"}

2018-04-30 20:44:34:继续查询:{"resp_code":"0","amount":"670","leshua_order_id":"1804302044128832","merchant_id":"6008005629","nonce_str":"5SCO9608K61UVU3YKAKYVAI25NA2VE9F","pay_way":"WXZF","result_code":"0","sign":"767CBAA35C2901349B9D2D44DD4D7EFE","status":"0","third_order_id":"2018043020441654656"}

2018-04-30 20:44:34:参数:{"merchant_id":"6008005629","service":"query_status","third_order_id":"2018043020441654656","nonce_str":"PPMN93FI01WIINQUD2F38HSYQNBZ01OS","sign":"69F5DC79E09760512F8F86893759A8AB"}

2018-04-30 20:44:39:继续查询:{"resp_code":"0","amount":"670","leshua_order_id":"1804302044128832","merchant_id":"6008005629","nonce_str":"HU0TK179SYXPB0G2FLCX6ILXPKMY91FV","pay_way":"WXZF","result_code":"0","sign":"799051BE8ACD281ACC9BF0213C249A62","status":"0","third_order_id":"2018043020441654656"}

2018-04-30 20:44:39:参数:{"merchant_id":"6008005629","service":"query_status","third_order_id":"2018043020441654656","nonce_str":"EV1U2ZIIRP90WCIKJ35NKSLV87ZRHRFF","sign":"F00FEDF0B7BE1F6D8BD2816E5F256025"}

2018-04-30 20:44:44:继续查询:{"resp_code":"0","amount":"670","leshua_order_id":"1804302044128832","merchant_id":"6008005629","nonce_str":"GO3X3Q0CKK7DU1S579DW3I5Q1K3RMF3I","pay_way":"WXZF","result_code":"0","sign":"908C4EAA9A4E13A16FF06BA93D907765","status":"0","third_order_id":"2018043020441654656"}

2018-04-30 20:44:44:参数:{"merchant_id":"6008005629","service":"query_status","third_order_id":"2018043020441654656","nonce_str":"CODA329MXWJN1VE0MHJYWTJ7RZELTWJJ","sign":"D7B0CAE70D91DF148313FAD2685E1CDF"}

2018-04-30 20:44:50:继续查询:{"resp_code":"0","amount":"670","leshua_order_id":"1804302044128832","merchant_id":"6008005629","nonce_str":"0UYF72IBF0DBZOK69RM5QLIV32RAFXDU","pay_way":"WXZF","result_code":"0","sign":"70AD80FE49D542B7FC6E02DAB1A4BEB8","status":"0","third_order_id":"2018043020441654656"}

2018-04-30 20:44:50:参数:{"merchant_id":"6008005629","service":"query_status","third_order_id":"2018043020441654656","nonce_str":"QNJFX5BYGOJTVOEEFB6WG5GRJGP6F1AW","sign":"9E1FBBA324B7DA267AC6427CA55A97FD"}

2018-04-30 20:44:51:参数:{"merchant_id":"6008005629","service":"query_status","third_order_id":"2018043020441654656","nonce_str":"7NZYQGE1Z9IS8SCKJ50M5912U2VLXTUP","sign":"222F23E1CF7D06D8535C1777D4B6B2DB"}

2018-04-30 20:44:51:支付失败:{"resp_code":"0","amount":"670","leshua_order_id":"1804302044128832","merchant_id":"6008005629","nonce_str":"0UXOUPEWNACH5D18VSC4826Q82LAT96T","pay_way":"WXZF","result_code":"0","sign":"C57FB6CA0E2FF463CFB7A832CB920FAF","status":"6","third_order_id":"2018043020441654656"}

2018-04-30 20:45:00:参数:{"merchant_id":"6008005629","service":"query_status","third_order_id":"2018043020445948167","nonce_str":"COKAT2G9OGJ1XHY2XA79TGXU9S4EJNSE","sign":"68B6C1570C43B44B1734E64F56323532"}

2018-04-30 20:45:05:继续查询:{"resp_code":"0","amount":"670","leshua_order_id":"1804302044529118","merchant_id":"6008005629","nonce_str":"N5ROVXJ44I0N5KW43OGYKOBHSZYX5GDN","pay_way":"WXZF","result_code":"0","sign":"6935D5EF8D78E71C11B0B9B3121BE1AF","status":"0","third_order_id":"2018043020445948167"}

2018-04-30 20:45:05:参数:{"merchant_id":"6008005629","service":"query_status","third_order_id":"2018043020445948167","nonce_str":"6T4WQBZMY35920X2Z7J810BFCP9W4PKP","sign":"8AE0938F64A3E4CE646F3F2CF225294C"}

2018-04-30 20:45:10:继续查询:{"resp_code":"0","amount":"670","leshua_order_id":"1804302044529118","merchant_id":"6008005629","nonce_str":"1WO1K3SPKEMPN06MIIK9XOCV1YJRT6X7","pay_way":"WXZF","result_code":"0","sign":"D80D10932CD1C940AC7FE2980614BACF","status":"0","third_order_id":"2018043020445948167"}

2018-04-30 20:45:10:参数:{"merchant_id":"6008005629","service":"query_status","third_order_id":"2018043020445948167","nonce_str":"HC8K7V5PQ3JLCBU0IXI9KNON2O2MBPX3","sign":"D983C7D9743EEE8A8CC00F2CD6F8FBBF"}

2018-04-30 20:45:11:支付成功:{"resp_code":"0","amount":"670","bank_type":"ABC_DEBIT","leshua_order_id":"1804302044529118","merchant_id":"6008005629","nonce_str":"5YOW5VLYZX2OEJYDZRTG0Z3ZE0XLW2T2","openid":"oRfOu1V-P0BSGQg52TeFU9OUyqnM","out_transaction_id":"4200000131201804309416153080","pay_time":"2018-04-30 20:45:11","pay_way":"WXZF","result_code":"0","sign":"81B4637F8A9D393484943B336D1F832D","status":"2","third_order_id":"2018043020445948167"}

2018-04-30 22:22:52:参数:{"merchant_id":"6008005629","service":"query_status","third_order_id":"2018043022225188508","nonce_str":"ZJ5W8PEFD97QZNQSTE2H1936KSVWU5DO","sign":"2A02719AF5471800CB6CF81EDC8AC42F"}

2018-04-30 22:22:57:继续查询:{"resp_code":"0","amount":"930","leshua_order_id":"1804302222532072","merchant_id":"6008005629","nonce_str":"RLJ1HNSYHCI1097BRXASNYY8EYS315PR","pay_way":"WXZF","result_code":"0","sign":"CEFA92379EFDCDA205E97D41467B9900","status":"0","third_order_id":"2018043022225188508"}

2018-04-30 22:22:57:参数:{"merchant_id":"6008005629","service":"query_status","third_order_id":"2018043022225188508","nonce_str":"DX317CXMI2YOM48T1A423H3N2JJGKUH5","sign":"9EC66D7354602442B350664966D9847A"}

2018-04-30 22:23:02:继续查询:{"resp_code":"0","amount":"930","leshua_order_id":"1804302222532072","merchant_id":"6008005629","nonce_str":"8ES8BM1MLXVU05RPEIGCCNJ00GP9EHE4","pay_way":"WXZF","result_code":"0","sign":"7CE7EAC3F237EDBF1A6D82A31B995593","status":"0","third_order_id":"2018043022225188508"}

2018-04-30 22:23:02:参数:{"merchant_id":"6008005629","service":"query_status","third_order_id":"2018043022225188508","nonce_str":"BL2H2XK1HHGQC6V99II1Z5MAV10EHXM0","sign":"8B606A1B4F87DB9652138180B10CADBA"}

2018-04-30 22:23:03:支付成功:{"resp_code":"0","amount":"930","bank_type":"CFT","leshua_order_id":"1804302222532072","merchant_id":"6008005629","nonce_str":"BBV2G1GB85HIQLZADG4LM3VN3UN13WT7","openid":"oRfOu1cmhAfW7w3PHlW9zWGSuguY","out_transaction_id":"4200000133201804309743054976","pay_time":"2018-04-30 22:23:02","pay_way":"WXZF","result_code":"0","sign":"F9FCEBCCED695BF27849CA4ADA66FB30","status":"2","third_order_id":"2018043022225188508"}

2018-04-30 22:56:04:参数:{"merchant_id":"6008005629","service":"query_status","third_order_id":"2018043022560349267","nonce_str":"U34MGEWREMEDC8YW77WFSEOLECPO5X0A","sign":"8A70A13A6B3A80A9E9132808D721D100"}

2018-04-30 22:56:09:继续查询:{"resp_code":"0","amount":"1460","leshua_order_id":"1804302256029909","merchant_id":"6008005629","nonce_str":"VM1RSKHLAQX9MHW5ESP9598PV3VGFE41","pay_way":"WXZF","result_code":"0","sign":"2DC86ECE3AFB615F3908D2E64D607741","status":"0","third_order_id":"2018043022560349267"}

2018-04-30 22:56:09:参数:{"merchant_id":"6008005629","service":"query_status","third_order_id":"2018043022560349267","nonce_str":"J069YIQEB342QDMXEN7MWX3FILFEKWJ7","sign":"13A33C85F2F86E149D0DBA207BD76264"}

2018-04-30 22:56:15:继续查询:{"resp_code":"0","amount":"1460","leshua_order_id":"1804302256029909","merchant_id":"6008005629","nonce_str":"41AZ57VDN06I0CXE32W2BELDR7YDNE0X","pay_way":"WXZF","result_code":"0","sign":"5E45ADCF2A57EBB788B7B57AF1E97E7C","status":"0","third_order_id":"2018043022560349267"}

2018-04-30 22:56:15:参数:{"merchant_id":"6008005629","service":"query_status","third_order_id":"2018043022560349267","nonce_str":"TGKV7I0C2CV22KM0MCQ2L7BIAFUUARCX","sign":"51FEB97FE1AF313225E9165927305683"}

2018-04-30 22:56:20:继续查询:{"resp_code":"0","amount":"1460","leshua_order_id":"1804302256029909","merchant_id":"6008005629","nonce_str":"K0O16QB90O258FPSU7NDE6FDSOVR3E59","pay_way":"WXZF","result_code":"0","sign":"CCE0E055BB3BB6D1C4F2CCA5A2B51E19","status":"0","third_order_id":"2018043022560349267"}

2018-04-30 22:56:20:参数:{"merchant_id":"6008005629","service":"query_status","third_order_id":"2018043022560349267","nonce_str":"ES2JX4SLA2KP2VGA0N3VN42858E3UQQF","sign":"34D13D5AB0BACC55CDEBEF54E84BFE43"}

2018-04-30 22:56:21:支付成功:{"resp_code":"0","amount":"1460","bank_type":"SZRCB_DEBIT","leshua_order_id":"1804302256029909","merchant_id":"6008005629","nonce_str":"NA8SI6IQNLAGWKVS4R0NCPCJ7P2LGF03","openid":"oRfOu1Ws2wTSNhqSWMNHZjpMChb4","out_transaction_id":"4200000135201804309837098656","pay_time":"2018-04-30 22:56:20","pay_way":"WXZF","result_code":"0","sign":"E3C10CDA37B87DAB08D0A5E67BD6600F","status":"2","third_order_id":"2018043022560349267"}

