2018-06-11 04:07:36:参数:{"service":"close_order","merchant_id":"6008005629","third_order_id":"2018061104070148279","nonce_str":"DZ54FY4ZXO1VH83SDV2VYNO58SRH32GN","sign":"390DE57E1771F0C4C26FFCA42A8C7BC5"}

2018-06-11 04:07:37:返回:{"resp_code":"0","amount":"2200","leshua_order_id":"1806110407031281","merchant_id":"6008005629","nonce_str":"M2WHV4CNYCOWS6Z42OS9V79UB3VC1GFD","pay_way":"WXZF","result_code":"0","sign":"B2E89C131C599F89D57F172275E26518","status":"6","third_order_id":"2018061104070148279"}

2018-06-11 08:23:42:参数:{"service":"close_order","merchant_id":"6008005629","third_order_id":"2018061108230827146","nonce_str":"2BXPS66RLBRBVZFI13II8M4OJEEUMDBA","sign":"925D025F72F01EAA926852DCA2707865"}

2018-06-11 08:23:43:返回:{"resp_code":"0","amount":"600","leshua_order_id":"1806110823039016","merchant_id":"6008005629","nonce_str":"YKR7GVIGSMBSLINR2DXFCON5X4Q0R01X","pay_way":"WXZF","result_code":"0","sign":"0AD04945FF20992183EBF40C3C466A66","status":"6","third_order_id":"2018061108230827146"}

2018-06-11 08:37:05:参数:{"service":"close_order","merchant_id":"6008005629","third_order_id":"2018061108363183590","nonce_str":"OAQICTWBPHOG3UKZ2LOT73UE8MC5JOVV","sign":"ADE7D33EADBCEBE9C3D08A678819C414"}

2018-06-11 08:37:06:返回:{"resp_code":"0","amount":"100","leshua_order_id":"1806110836307723","merchant_id":"6008005629","nonce_str":"R5E47CUONU5GIFVT7XG8C67JN0M6QXPR","pay_way":"WXZF","result_code":"0","sign":"0FC7182D4509B528CBC8B83F4666DD9F","status":"6","third_order_id":"2018061108363183590"}

2018-06-11 09:08:58:参数:{"service":"close_order","merchant_id":"6008005629","third_order_id":"2018061109082480443","nonce_str":"LKYUETKQUM5CGDE70SOXSTY53I0JANVR","sign":"449F534FAEA154EA8141904528F1E472"}

2018-06-11 09:08:58:返回:{"resp_code":"0","amount":"300","leshua_order_id":"1806110908232551","merchant_id":"6008005629","nonce_str":"AHCRCTDVL507BT1BZ8JZE9W33C67Z8T4","pay_way":"WXZF","result_code":"0","sign":"CAF9326A54F6C907B5DED8C320F387FF","status":"6","third_order_id":"2018061109082480443"}

2018-06-11 10:58:11:参数:{"service":"close_order","merchant_id":"6008005629","third_order_id":"2018061110573648066","nonce_str":"J44PC2MIX4NQY5LBV1YXIPLCP2XB8YIW","sign":"A6A375AA8D9F3C113643E430CB35D5D3"}

2018-06-11 10:58:12:返回:{"resp_code":"0","amount":"1040","leshua_order_id":"1806111057338832","merchant_id":"6008005629","nonce_str":"6EI713GGCHYWVDYG80ONV92SI0TBBCP8","pay_way":"WXZF","result_code":"0","sign":"C3FA47242071B8E7998288A54F422045","status":"6","third_order_id":"2018061110573648066"}

2018-06-11 12:17:43:参数:{"service":"close_order","merchant_id":"6008005629","third_order_id":"2018061112170917185","nonce_str":"AR2A4WGE83TD3GP1L1LFPWDB118G9UQ7","sign":"9B1657CE57B54EB1095AD5C2F60C86FF"}

2018-06-11 12:17:44:返回:{"resp_code":"0","amount":"800","leshua_order_id":"1806111217038325","merchant_id":"6008005629","nonce_str":"OLAL0E7MIKMY90NIN49IB2PPT1Z6W72A","pay_way":"WXZF","result_code":"0","sign":"80668BF2CF1812DD57EA70F7C0B02E91","status":"6","third_order_id":"2018061112170917185"}

2018-06-11 12:51:26:参数:{"service":"close_order","merchant_id":"6008005629","third_order_id":"2018061112505189824","nonce_str":"87KNHZN3SUJH4YGOE1CFFMH48U4OC6DN","sign":"CA4D9E54AC315F05E88BB84E744BB9FA"}

2018-06-11 12:51:27:返回:{"resp_code":"0","amount":"740","leshua_order_id":"1806111250501867","merchant_id":"6008005629","nonce_str":"D7HD9P5748IA0CJMTUIYNGIZZCT17D8I","pay_way":"WXZF","result_code":"0","sign":"0D9D42F8DFD9E0EC750F153A2C7973E9","status":"6","third_order_id":"2018061112505189824"}

2018-06-11 12:52:03:参数:{"service":"close_order","merchant_id":"6008005629","third_order_id":"2018061112512844384","nonce_str":"5QWLH1J19695VQ0JDB5QQBZS25T4XCY9","sign":"99E2E80DE0725DDDBE8595B90E2618AE"}

2018-06-11 12:52:04:返回:{"resp_code":"0","amount":"740","leshua_order_id":"1806111251202039","merchant_id":"6008005629","nonce_str":"WZ93B2LZ9JKLJW08I8YA93VB0LZE5PD6","pay_way":"WXZF","result_code":"0","sign":"10A01766C59006E3A54E4BF4ECD04054","status":"6","third_order_id":"2018061112512844384"}

2018-06-11 16:49:44:参数:{"service":"close_order","merchant_id":"6008005629","third_order_id":"2018061116491052751","nonce_str":"XKUJRIM9HDKDB0CWECPY2A6WBBGPZ04I","sign":"48AC0BEDDEFCBD3891E3044C93BB27CF"}

2018-06-11 16:49:45:返回:{"resp_code":"0","amount":"700","leshua_order_id":"1806111649131005","merchant_id":"6008005629","nonce_str":"HXLXWDG4Y5ODNO20QM13D2H87AM27I2S","pay_way":"WXZF","result_code":"0","sign":"F05AE997CF1AACBC595294789118CC05","status":"6","third_order_id":"2018061116491052751"}

2018-06-11 17:52:29:参数:{"service":"close_order","merchant_id":"6008005629","third_order_id":"2018061117515499019","nonce_str":"I4PEJB7QDKV2JFRH394O6E5F9T27D77H","sign":"03B7E7FB04210A11CA4ED201AC321BBA"}

2018-06-11 17:52:30:返回:{"resp_code":"0","amount":"600","leshua_order_id":"1806111751533800","merchant_id":"6008005629","nonce_str":"1I70FI5SEZPS8JEN201LD67DL2ZMESBR","pay_way":"WXZF","result_code":"0","sign":"388E704C2A6E2E4059E92D423A6BD4B9","status":"6","third_order_id":"2018061117515499019"}

2018-06-11 18:26:05:参数:{"service":"close_order","merchant_id":"0408001370","third_order_id":"2018061118252822838","nonce_str":"8KAOOHZFPG3MORJKPI524PVHLGCNDGM2","sign":"D0B811B5E5CDB121D39D9954215C1B0C"}

2018-06-11 18:26:07:返回:{"resp_code":"0","amount":"2970","leshua_order_id":"1806111825221171","merchant_id":"0408001370","nonce_str":"Y6GO3Q0U069J1RJH342D44P6SGKNS6ZI","pay_way":"ZFBZF","result_code":"0","sign":"3D94CD445B382F49580A81A969B9B334","status":"6","third_order_id":"2018061118252822838"}

2018-06-11 18:36:04:参数:{"service":"close_order","merchant_id":"6008005629","third_order_id":"2018061118353072585","nonce_str":"AEUROTAGYZSJP00IMEM0HZE8GKRVN4DF","sign":"5CC66C0C0BECC7C628F5BC5BA515889E"}

2018-06-11 18:36:04:返回:{"resp_code":"0","amount":"600","leshua_order_id":"1806111835301248","merchant_id":"6008005629","nonce_str":"MJFJ6Z7LZIEFC1SLEDCA5XNTCGI0Q4JO","pay_way":"WXZF","result_code":"0","sign":"45BC38001B0F579D5CFDEA352D332802","status":"6","third_order_id":"2018061118353072585"}

2018-06-11 19:23:12:参数:{"service":"close_order","merchant_id":"6008005629","third_order_id":"2018061119223874931","nonce_str":"CS6KDABCCPSJJCNRC1ZSAWH7VDH8UO6T","sign":"D02387834F7BB16F8F17F6DCF5C02A95"}

2018-06-11 19:23:12:返回:{"resp_code":"0","amount":"40","leshua_order_id":"1806111922331956","merchant_id":"6008005629","nonce_str":"A90QYMOGLG4OE832Y4Y58ISBLO0WJUC4","pay_way":"WXZF","result_code":"0","sign":"8650FC689C7393BDBF1816D6C51D559E","status":"6","third_order_id":"2018061119223874931"}

2018-06-11 20:26:37:参数:{"service":"close_order","merchant_id":"6008005629","third_order_id":"2018061120260395295","nonce_str":"7G4JFNID4AZOT2SQA4VZD816RVXCZPS9","sign":"98A3F2CE40B6ED57027B6199225528AD"}

2018-06-11 20:26:38:返回:{"resp_code":"0","amount":"350","leshua_order_id":"1806112026004787","merchant_id":"6008005629","nonce_str":"EP1IC93T3PDSV5Y112NU3WHTATUPAWSV","pay_way":"WXZF","result_code":"0","sign":"A609EDF8747753B04A45211BDD72EC87","status":"6","third_order_id":"2018061120260395295"}

2018-06-11 20:44:42:参数:{"service":"close_order","merchant_id":"6008005629","third_order_id":"2018061120440740793","nonce_str":"ZWDCOJTIWCEJGRHUZXHR9L3NY2MGA32O","sign":"2BECB592D6DBD0DAAC005E1F92D81A39"}

2018-06-11 20:44:42:返回:{"resp_code":"0","amount":"1100","leshua_order_id":"1806112044001607","merchant_id":"6008005629","nonce_str":"XVT04LGER5E2KFWFK82HWSPN3XAM6N0C","pay_way":"WXZF","result_code":"0","sign":"B8F2F2BCAC3436C79934AAD60B6B97FA","status":"6","third_order_id":"2018061120440740793"}

2018-06-11 21:49:51:参数:{"service":"close_order","merchant_id":"6008005629","third_order_id":"2018061121491758827","nonce_str":"T2120MGG379H2K6JWAI3E65EJA9E84L2","sign":"3B2B8A53D9BE13182524556E6A138ADC"}

2018-06-11 21:49:52:返回:{"resp_code":"0","amount":"2200","leshua_order_id":"1806112149123025","merchant_id":"6008005629","nonce_str":"0UVVDDBX0B5HM5KCSET5EB6LR7XJFLVK","pay_way":"WXZF","result_code":"0","sign":"7E9CF92926D70B26D83DDFD963F72FC9","status":"6","third_order_id":"2018061121491758827"}

