2018-06-11 00:59:02:参数:{"merchant_id":"6008005629","service":"query_status","third_order_id":"2018061100585921529","nonce_str":"5JZ1QDIXGRK9D2O9YP3I8A7QT3W0UXJP","sign":"56F028995B54F6B9105EF05520F09A12"}

2018-06-11 00:59:02:支付失败:{"resp_code":"0","amount":"300","leshua_order_id":"1806110058538696","merchant_id":"6008005629","nonce_str":"KT625M4MZLDZ5XP40PRMV3YOFPS416MA","pay_way":"WXZF","result_code":"0","sign":"17F97EB11B3452AA40FB28873FEB038B","status":"6","third_order_id":"2018061100585921529"}

2018-06-11 04:07:02:参数:{"merchant_id":"6008005629","service":"query_status","third_order_id":"2018061104070148279","nonce_str":"I2RLBORNAD4NW1EWD16IAOO4BVSCOU2Y","sign":"17172563184A1DB742E54EC71858D128"}

2018-06-11 04:07:08:继续查询:{"resp_code":"0","amount":"2200","leshua_order_id":"1806110407031281","merchant_id":"6008005629","nonce_str":"CLZTV6RQG1DQC6OKFYXFQY84N7JG2VMK","pay_way":"WXZF","result_code":"0","sign":"935FF0979291C726C178E77131CAAEA5","status":"0","third_order_id":"2018061104070148279"}

2018-06-11 04:07:08:参数:{"merchant_id":"6008005629","service":"query_status","third_order_id":"2018061104070148279","nonce_str":"WE7P2MUJEL888JW668F7EPPO8PWT7X0C","sign":"D89A90930D07E88C0B12CD3CCA0E3EA5"}

2018-06-11 04:07:13:继续查询:{"resp_code":"0","amount":"2200","leshua_order_id":"1806110407031281","merchant_id":"6008005629","nonce_str":"HN48MNF0Z8Q564NUPHY4V3P8PVFW0GIA","pay_way":"WXZF","result_code":"0","sign":"6CAEBCB146494B0088C126F8E0028223","status":"0","third_order_id":"2018061104070148279"}

2018-06-11 04:07:13:参数:{"merchant_id":"6008005629","service":"query_status","third_order_id":"2018061104070148279","nonce_str":"DPDKI81KGSIE7BN5DR29YMEJOQ2K7BH3","sign":"6D1334C0F364BFBD200FA60B7919ED3D"}

2018-06-11 04:07:19:继续查询:{"resp_code":"0","amount":"2200","leshua_order_id":"1806110407031281","merchant_id":"6008005629","nonce_str":"TBQVNJ7956OV2ZFEXHUWWBW3T8HVSENI","pay_way":"WXZF","result_code":"0","sign":"E5675891BF9D220ACAAA6E6F14027404","status":"0","third_order_id":"2018061104070148279"}

2018-06-11 04:07:19:参数:{"merchant_id":"6008005629","service":"query_status","third_order_id":"2018061104070148279","nonce_str":"I9R4O0VQOYZR8CSBCU4G6NW88JAYMWTY","sign":"A42AEA0C6EADF258E381FCF41CCFD3B4"}

2018-06-11 04:07:25:继续查询:{"resp_code":"0","amount":"2200","leshua_order_id":"1806110407031281","merchant_id":"6008005629","nonce_str":"NDWWDZ312SNQP8ENBR2EGB8ZV7JV19FG","pay_way":"WXZF","result_code":"0","sign":"33272944C4375CDBE5DC242939392ED9","status":"0","third_order_id":"2018061104070148279"}

2018-06-11 04:07:25:参数:{"merchant_id":"6008005629","service":"query_status","third_order_id":"2018061104070148279","nonce_str":"1U5K6L8RGNRY9P3Z020HUR5DENPWV41K","sign":"329CF1E05826084A6798CCB2AE06CDE4"}

2018-06-11 04:07:30:继续查询:{"resp_code":"0","amount":"2200","leshua_order_id":"1806110407031281","merchant_id":"6008005629","nonce_str":"1L2K51NAV7PWMH6955QLP4KYQJ0HGF80","pay_way":"WXZF","result_code":"0","sign":"AC4D06C9E465A0D4C2EB4CAD58396901","status":"0","third_order_id":"2018061104070148279"}

2018-06-11 04:07:30:参数:{"merchant_id":"6008005629","service":"query_status","third_order_id":"2018061104070148279","nonce_str":"EIS6Y3CSSBYKPSOD0HHY542PU3KCNA1M","sign":"B94D63F710BE507E40691993000E52C7"}

2018-06-11 04:07:36:继续查询:{"resp_code":"0","amount":"2200","leshua_order_id":"1806110407031281","merchant_id":"6008005629","nonce_str":"EH3AKSD1ETU12K8AHTW91LC0PKCTMG5Z","pay_way":"WXZF","result_code":"0","sign":"47707B878D91B3899F9D79901CE756C9","status":"0","third_order_id":"2018061104070148279"}

2018-06-11 04:07:36:参数:{"merchant_id":"6008005629","service":"query_status","third_order_id":"2018061104070148279","nonce_str":"DSYYDJGD9P8J78S50J8X5Y6QI6J5IWC6","sign":"296189958E6D3378E5A1BF2D11C2A450"}

2018-06-11 08:23:09:参数:{"merchant_id":"6008005629","service":"query_status","third_order_id":"2018061108230827146","nonce_str":"PYG0553B08J5SM8QPT6Y9G0IXI50WEP4","sign":"44DD072E8B27D8CF9CF9B8154796ABC3"}

2018-06-11 08:23:14:继续查询:{"resp_code":"0","amount":"600","leshua_order_id":"1806110823039016","merchant_id":"6008005629","nonce_str":"Z74DWL4P1NFQDIJM1WIA5JYTZEDKR18K","pay_way":"WXZF","result_code":"0","sign":"B393BE21D3B86925F12905F95C269932","status":"0","third_order_id":"2018061108230827146"}

2018-06-11 08:23:14:参数:{"merchant_id":"6008005629","service":"query_status","third_order_id":"2018061108230827146","nonce_str":"WO8K9U9VV6EBQ3DGLTMVX1VXI1XE4JS3","sign":"ADB78E37187892BBC84B30595E072A87"}

2018-06-11 08:23:20:继续查询:{"resp_code":"0","amount":"600","leshua_order_id":"1806110823039016","merchant_id":"6008005629","nonce_str":"W8R3X4C162CURNNB2UZWRWQ9L6AQ8O49","pay_way":"WXZF","result_code":"0","sign":"0EC7B9C271F58DF18B4BEA387894E4B4","status":"0","third_order_id":"2018061108230827146"}

2018-06-11 08:23:20:参数:{"merchant_id":"6008005629","service":"query_status","third_order_id":"2018061108230827146","nonce_str":"7IZ8H93YD0EVA4D0QNTMWK6OZJFSHMA6","sign":"5713876351F13B15B5E4409D58EF07CF"}

2018-06-11 08:23:25:继续查询:{"resp_code":"0","amount":"600","leshua_order_id":"1806110823039016","merchant_id":"6008005629","nonce_str":"3YC3IVKNKE1C86QV38M38FMCJOG338OB","pay_way":"WXZF","result_code":"0","sign":"B8783903A457274FCFA13C64B12CCF71","status":"0","third_order_id":"2018061108230827146"}

2018-06-11 08:23:25:参数:{"merchant_id":"6008005629","service":"query_status","third_order_id":"2018061108230827146","nonce_str":"MFKPDGC1NTMUG9LORFZOSK03MNA0JRVD","sign":"8E98FAF2A0D10C1FAB91BF4BAB43D7A1"}

2018-06-11 08:23:31:继续查询:{"resp_code":"0","amount":"600","leshua_order_id":"1806110823039016","merchant_id":"6008005629","nonce_str":"L1N8N1ZJSKTREG9Q1XI1PM9E9HM5ENDK","pay_way":"WXZF","result_code":"0","sign":"2C43464905A082E379AF668855DD86F1","status":"0","third_order_id":"2018061108230827146"}

2018-06-11 08:23:31:参数:{"merchant_id":"6008005629","service":"query_status","third_order_id":"2018061108230827146","nonce_str":"XSZ8RAEXI4VAJ621YB0VA20HLNZ3152S","sign":"D2357B9216DF12B1134C7358308F1E7A"}

2018-06-11 08:23:36:继续查询:{"resp_code":"0","amount":"600","leshua_order_id":"1806110823039016","merchant_id":"6008005629","nonce_str":"EEDS90CFH1M1DG4JII4FMZMPJS5OO4IB","pay_way":"WXZF","result_code":"0","sign":"659A6634DA4A0435FD79CA7EF1C63165","status":"0","third_order_id":"2018061108230827146"}

2018-06-11 08:23:36:参数:{"merchant_id":"6008005629","service":"query_status","third_order_id":"2018061108230827146","nonce_str":"72Z8MA7XXZWCIE23U2W1CHEBPJY9R1WD","sign":"C5CF865BB48AA0500C2A076713D79584"}

2018-06-11 08:23:42:继续查询:{"resp_code":"0","amount":"600","leshua_order_id":"1806110823039016","merchant_id":"6008005629","nonce_str":"LIO3ZZT7E1X483JJB8DACG3N4OM5SJKI","pay_way":"WXZF","result_code":"0","sign":"AAD60260312235739C0743A5B14CBC94","status":"0","third_order_id":"2018061108230827146"}

2018-06-11 08:23:42:参数:{"merchant_id":"6008005629","service":"query_status","third_order_id":"2018061108230827146","nonce_str":"MV02U9H3FQYNKV8Q7B45UGWG6BAHRWYD","sign":"05B63ADAB7D0197F66DA243BC0C905D7"}

2018-06-11 08:29:45:参数:{"merchant_id":"6008005629","service":"query_status","third_order_id":"2018061108294459697","nonce_str":"HH4OWO4EPFXPRU4LDCXTFMP3FZB2JDN1","sign":"A002D414E5B579DE651A99AC4631A277"}

2018-06-11 08:29:51:继续查询:{"resp_code":"0","amount":"1989","leshua_order_id":"1806110829406534","merchant_id":"6008005629","nonce_str":"A3VM3OUF8XAKHLB3VYU0CCFXDVT10CAA","pay_way":"WXZF","result_code":"0","sign":"BEE78B4196CAC2144943B9AC3F295AE9","status":"0","third_order_id":"2018061108294459697"}

2018-06-11 08:29:51:参数:{"merchant_id":"6008005629","service":"query_status","third_order_id":"2018061108294459697","nonce_str":"HSPEEHIJHERUMD6V8FFNZZ4VSHADJAQ3","sign":"DD71B32D00EFC1FD24550785E44733A3"}

2018-06-11 08:29:56:继续查询:{"resp_code":"0","amount":"1989","leshua_order_id":"1806110829406534","merchant_id":"6008005629","nonce_str":"ICU7E767CANRCOFC5BK4GAWX5NWDPR1Q","pay_way":"WXZF","result_code":"0","sign":"CB7812134FBCD9B242842DF7DFA06889","status":"0","third_order_id":"2018061108294459697"}

2018-06-11 08:29:56:参数:{"merchant_id":"6008005629","service":"query_status","third_order_id":"2018061108294459697","nonce_str":"A98SRNPYMIRSCXGJPSB0L4H8TF9K7GQM","sign":"2C2C0E8D9172D3296E87C0CACABE3F5E"}

2018-06-11 08:30:02:继续查询:{"resp_code":"0","amount":"1989","leshua_order_id":"1806110829406534","merchant_id":"6008005629","nonce_str":"JFF0BOSLBKSDUCP32SBH2C9XMKTDP08M","pay_way":"WXZF","result_code":"0","sign":"9CB842593A23B23AD1DB878881F16180","status":"0","third_order_id":"2018061108294459697"}

2018-06-11 08:30:02:参数:{"merchant_id":"6008005629","service":"query_status","third_order_id":"2018061108294459697","nonce_str":"TY1GXII20SFHWK6MPQ617PN8PSJC2GMB","sign":"BBEB36B6817F645F5066185F25F582AE"}

2018-06-11 08:30:07:继续查询:{"resp_code":"0","amount":"1989","leshua_order_id":"1806110829406534","merchant_id":"6008005629","nonce_str":"9771EIDQIXP5WEC38CKV210IVA35DI3P","pay_way":"WXZF","result_code":"0","sign":"CFF2716B6E8DA13E0A52D9E4BA250BD9","status":"0","third_order_id":"2018061108294459697"}

2018-06-11 08:30:07:参数:{"merchant_id":"6008005629","service":"query_status","third_order_id":"2018061108294459697","nonce_str":"41D2DB8GXZ3J0BQ3NSLVD9SFUSOM1CN3","sign":"A87579E3CC827FE32197C4BB1BB17C02"}

2018-06-11 08:30:08:支付失败:{"resp_code":"0","amount":"1989","leshua_order_id":"1806110829406534","merchant_id":"6008005629","nonce_str":"FUHUIDHECQ8L668VXX29DXXSXFFWSSGY","pay_way":"WXZF","result_code":"0","sign":"736A1A9C0239EB4CBEC47CB8F589BA71","status":"8","third_order_id":"2018061108294459697"}

2018-06-11 08:36:32:参数:{"merchant_id":"6008005629","service":"query_status","third_order_id":"2018061108363183590","nonce_str":"VDFJ1BQ0USX9ODP2UE7Q67LVCR5IWO3H","sign":"C45D3DE30466DD0229CBD089ACF82A81"}

2018-06-11 08:36:37:继续查询:{"resp_code":"0","amount":"100","leshua_order_id":"1806110836307723","merchant_id":"6008005629","nonce_str":"S3OVOJFOH88BJMPTGQO2PEKM2RECLJ7O","pay_way":"WXZF","result_code":"0","sign":"3D29A857B0B35B70DFB0C5BBD196C9EC","status":"0","third_order_id":"2018061108363183590"}

2018-06-11 08:36:37:参数:{"merchant_id":"6008005629","service":"query_status","third_order_id":"2018061108363183590","nonce_str":"9K1QWFD7Q07VIA76ECTECEQZ2NSMR331","sign":"A512DBEB3F1DFF8903E5959196E798C6"}

2018-06-11 08:36:43:继续查询:{"resp_code":"0","amount":"100","leshua_order_id":"1806110836307723","merchant_id":"6008005629","nonce_str":"QB7FVOTO5ZJFIPZKKQKFJKU721RRC4SY","pay_way":"WXZF","result_code":"0","sign":"79689551EF974FB8242F8975CCDC9051","status":"0","third_order_id":"2018061108363183590"}

2018-06-11 08:36:43:参数:{"merchant_id":"6008005629","service":"query_status","third_order_id":"2018061108363183590","nonce_str":"9QW2W9YD9TZ1Z5MEUPVFQ0NN0YVUXY73","sign":"06F8FB4766D96F27C3BA747F4B6C1128"}

2018-06-11 08:36:48:继续查询:{"resp_code":"0","amount":"100","leshua_order_id":"1806110836307723","merchant_id":"6008005629","nonce_str":"TDDVIWR27P4SM1M4AHTJ7NN75O39VJFX","pay_way":"WXZF","result_code":"0","sign":"5FC5293A1715613BAC0A746BD08EAF46","status":"0","third_order_id":"2018061108363183590"}

2018-06-11 08:36:48:参数:{"merchant_id":"6008005629","service":"query_status","third_order_id":"2018061108363183590","nonce_str":"17HYRQCFJAZEV7Q1PJHWXMTWGJOMY136","sign":"154DF15000FE947A115FCB9DBF343E12"}

2018-06-11 08:36:54:继续查询:{"resp_code":"0","amount":"100","leshua_order_id":"1806110836307723","merchant_id":"6008005629","nonce_str":"KNJ96SBY27S03XS0STGK5992UFZD2EY3","pay_way":"WXZF","result_code":"0","sign":"CF7E9B4C6BCB876CCC8C9790B250EA5B","status":"0","third_order_id":"2018061108363183590"}

2018-06-11 08:36:54:参数:{"merchant_id":"6008005629","service":"query_status","third_order_id":"2018061108363183590","nonce_str":"7N6QGFRAXRG905AQXNRGIR2G999UONVW","sign":"5DEA59EA344DE92AE16C598F66D66A63"}

2018-06-11 08:36:59:继续查询:{"resp_code":"0","amount":"100","leshua_order_id":"1806110836307723","merchant_id":"6008005629","nonce_str":"VTTQ7GKZ3QLK5MXRBX4FTPBNBKXGAPJ1","pay_way":"WXZF","result_code":"0","sign":"1DE6D505AF26E9BFAF8E20995CEAEAE5","status":"0","third_order_id":"2018061108363183590"}

2018-06-11 08:36:59:参数:{"merchant_id":"6008005629","service":"query_status","third_order_id":"2018061108363183590","nonce_str":"TU8N19C21YX73GXISJLEJ782JTF5IPLZ","sign":"6E77B2B93590E1F77A0F29CB3A54566A"}

2018-06-11 08:37:05:继续查询:{"resp_code":"0","amount":"100","leshua_order_id":"1806110836307723","merchant_id":"6008005629","nonce_str":"QHI2LP7FELANA5ZX5PVXTZW02U8Y4FBY","pay_way":"WXZF","result_code":"0","sign":"E1BD71CA3C5F84A7D384337F67142D6C","status":"0","third_order_id":"2018061108363183590"}

2018-06-11 08:37:05:参数:{"merchant_id":"6008005629","service":"query_status","third_order_id":"2018061108363183590","nonce_str":"SPV2O9RHFQRT0SMLLTKZR8EMV42UWD9S","sign":"F28B871C1D64C44CE123AE3EA1E8049E"}

2018-06-11 09:08:25:参数:{"merchant_id":"6008005629","service":"query_status","third_order_id":"2018061109082480443","nonce_str":"322ZBPMICUXN4UTO43UKBMGLHEQL9Z37","sign":"52276792C07437ACED6E920AEA1EBE5E"}

2018-06-11 09:08:30:继续查询:{"resp_code":"0","amount":"300","leshua_order_id":"1806110908232551","merchant_id":"6008005629","nonce_str":"OS6T4AB1761NLC93GXT6HR3LE3Q9DYIR","pay_way":"WXZF","result_code":"0","sign":"99147C86D17D2E1E26B0C937373A1641","status":"0","third_order_id":"2018061109082480443"}

2018-06-11 09:08:30:参数:{"merchant_id":"6008005629","service":"query_status","third_order_id":"2018061109082480443","nonce_str":"5L43OJDLL457STBY3W124XX2ZGNWRK0Y","sign":"B6B273CE26C98999F1D2677F6988C239"}

2018-06-11 09:08:35:继续查询:{"resp_code":"0","amount":"300","leshua_order_id":"1806110908232551","merchant_id":"6008005629","nonce_str":"GDXOD6FTN344G3JQMNLQ3TK1B8Y1GI0K","pay_way":"WXZF","result_code":"0","sign":"113D7E932FF821868377041A4659D345","status":"0","third_order_id":"2018061109082480443"}

2018-06-11 09:08:35:参数:{"merchant_id":"6008005629","service":"query_status","third_order_id":"2018061109082480443","nonce_str":"RU2SGO69WE9HNLE35S2KUIDVA9NLF2QK","sign":"9B53BD63549BC01B73256B2AE2ED17A5"}

2018-06-11 09:08:41:继续查询:{"resp_code":"0","amount":"300","leshua_order_id":"1806110908232551","merchant_id":"6008005629","nonce_str":"80L7C35S1P0CC4J6BVS2O2R8PN6R6ZAD","pay_way":"WXZF","result_code":"0","sign":"89241888C47BEF7A9B2AE4EB1840F925","status":"0","third_order_id":"2018061109082480443"}

2018-06-11 09:08:41:参数:{"merchant_id":"6008005629","service":"query_status","third_order_id":"2018061109082480443","nonce_str":"XMFF8UV4A11JXGJTJNMPBPDAY46BM4BF","sign":"A921635F813C158DCB2E39F7100BF7A6"}

2018-06-11 09:08:46:继续查询:{"resp_code":"0","amount":"300","leshua_order_id":"1806110908232551","merchant_id":"6008005629","nonce_str":"64SFUHGYVYR08KSBSVX3NSBNY7O827ZG","pay_way":"WXZF","result_code":"0","sign":"DF484C39F14BD00A385793069527A002","status":"0","third_order_id":"2018061109082480443"}

2018-06-11 09:08:46:参数:{"merchant_id":"6008005629","service":"query_status","third_order_id":"2018061109082480443","nonce_str":"7Q77MQWT0OXL9QTT56T7ICS7WPP557GO","sign":"64C99D3A1BA774722E76A7C73C570FB8"}

2018-06-11 09:08:52:继续查询:{"resp_code":"0","amount":"300","leshua_order_id":"1806110908232551","merchant_id":"6008005629","nonce_str":"LW5UR3TDADTYJRWCSN1V2DC2VUNSW14B","pay_way":"WXZF","result_code":"0","sign":"49454CE0B94DF81A78C6E589C925946E","status":"0","third_order_id":"2018061109082480443"}

2018-06-11 09:08:52:参数:{"merchant_id":"6008005629","service":"query_status","third_order_id":"2018061109082480443","nonce_str":"IAR53D5R18C5BXZ005Y10EX0Q87BH8TU","sign":"C42D81CC88E052B1BFA3F9EB803F2574"}

2018-06-11 09:08:57:继续查询:{"resp_code":"0","amount":"300","leshua_order_id":"1806110908232551","merchant_id":"6008005629","nonce_str":"5M1NWZSUCWZKGC98WYSO7WC2PIBKYQ3E","pay_way":"WXZF","result_code":"0","sign":"BB98F63D938AA31134199E51A60C6B00","status":"0","third_order_id":"2018061109082480443"}

2018-06-11 09:08:57:参数:{"merchant_id":"6008005629","service":"query_status","third_order_id":"2018061109082480443","nonce_str":"V5J223ZBE6WG7257VR09BET66AMKGVIT","sign":"CAF7A28EC2E750226435BC3A77511DA6"}

2018-06-11 09:25:49:参数:{"merchant_id":"6008005629","service":"query_status","third_order_id":"2018061109254768505","nonce_str":"EYP3EMUPW2JHC2QZHSNW7SCE8AZTB0RE","sign":"5CB91A4B456B9BBD86F8FCA6654EC1A3"}

2018-06-11 09:25:50:支付失败:{"resp_code":"0","amount":"1360","leshua_order_id":"1806110925439115","merchant_id":"6008005629","nonce_str":"1YCAJRZM9UBN2CEYCOSLBO42DFNI5NTS","pay_way":"WXZF","result_code":"0","sign":"67F1AC71C8460D64179A76A715408F2D","status":"6","third_order_id":"2018061109254768505"}

2018-06-11 09:26:43:参数:{"merchant_id":"6008005629","service":"query_status","third_order_id":"2018061109264299556","nonce_str":"BZG8SHU0SOQA3WMXPB3BL3N83DOEAPRA","sign":"D97926C74BA2A97D983C0BABD9228D08"}

2018-06-11 09:26:49:继续查询:{"resp_code":"0","amount":"1360","leshua_order_id":"1806110926439485","merchant_id":"6008005629","nonce_str":"KFST1L5VBF9RF94ELP9TIQXTAB6PX8S9","pay_way":"WXZF","result_code":"0","sign":"331FD1ADD2790301F1E0C95D3360E27B","status":"0","third_order_id":"2018061109264299556"}

2018-06-11 09:26:49:参数:{"merchant_id":"6008005629","service":"query_status","third_order_id":"2018061109264299556","nonce_str":"FVOZK78L235N5M6MYOWUP6NR7333YJ81","sign":"7CE90150003019A995676071C5DDA5E3"}

2018-06-11 09:26:54:继续查询:{"resp_code":"0","amount":"1360","leshua_order_id":"1806110926439485","merchant_id":"6008005629","nonce_str":"BI0AE2Z2WEZJPSNBYIPW6M3SFG5G7L0U","pay_way":"WXZF","result_code":"0","sign":"0C391917980C289A5241FF94CE18C36C","status":"0","third_order_id":"2018061109264299556"}

2018-06-11 09:26:54:参数:{"merchant_id":"6008005629","service":"query_status","third_order_id":"2018061109264299556","nonce_str":"B7TPWDIPNKEPWHOKBERZYIPMEUL4BOJM","sign":"F5D65159A9788E5A38FFBDD8304520DD"}

2018-06-11 09:26:55:支付失败:{"resp_code":"0","amount":"1360","leshua_order_id":"1806110926439485","merchant_id":"6008005629","nonce_str":"WSX69POGESEXMZXRD01LQFLFNT8LGF4O","pay_way":"WXZF","result_code":"0","sign":"F9FC0818B9043F7C7A17E657682A6C39","status":"8","third_order_id":"2018061109264299556"}

2018-06-11 10:57:38:参数:{"merchant_id":"6008005629","service":"query_status","third_order_id":"2018061110573648066","nonce_str":"T2CF1R0J6JOEN5ZVG49BRDL28QM41S8Y","sign":"F3591EA8B065BC4811F6209BF30B49D5"}

2018-06-11 10:57:43:继续查询:{"resp_code":"0","amount":"1040","leshua_order_id":"1806111057338832","merchant_id":"6008005629","nonce_str":"Y73QAOBMK71Z8O6W88FOV7QQOX0J3KM9","pay_way":"WXZF","result_code":"0","sign":"1BC59F5B403A2947A7F38AEC28DB6DF3","status":"0","third_order_id":"2018061110573648066"}

2018-06-11 10:57:43:参数:{"merchant_id":"6008005629","service":"query_status","third_order_id":"2018061110573648066","nonce_str":"DDC87TLQ9YYJ514T4VMBTJTSEQFNINF5","sign":"080444883F2E07EDF3E540EAF028019E"}

2018-06-11 10:57:49:继续查询:{"resp_code":"0","amount":"1040","leshua_order_id":"1806111057338832","merchant_id":"6008005629","nonce_str":"C1MSPH0C1IASCBBYNDS4WVXDDF0QLJ5Z","pay_way":"WXZF","result_code":"0","sign":"A9A46667BDBD232BA22762C4102A02C1","status":"0","third_order_id":"2018061110573648066"}

2018-06-11 10:57:49:参数:{"merchant_id":"6008005629","service":"query_status","third_order_id":"2018061110573648066","nonce_str":"2LU6C6KK0ATOWSQFSIA0C4LXP3E22IQM","sign":"AB29BE44959298E046E011C462741DAB"}

2018-06-11 10:57:54:继续查询:{"resp_code":"0","amount":"1040","leshua_order_id":"1806111057338832","merchant_id":"6008005629","nonce_str":"OO9C61BTNTKW1SQVRXQXY0T7D60BCB2V","pay_way":"WXZF","result_code":"0","sign":"4453217B4EA654B148900F036CD50517","status":"0","third_order_id":"2018061110573648066"}

2018-06-11 10:57:54:参数:{"merchant_id":"6008005629","service":"query_status","third_order_id":"2018061110573648066","nonce_str":"MSE2MRBRGDHVMA0WGECL3GMKPSMAEARH","sign":"3932680D8A16001E95176DE048FE941F"}

2018-06-11 10:58:00:继续查询:{"resp_code":"0","amount":"1040","leshua_order_id":"1806111057338832","merchant_id":"6008005629","nonce_str":"N1GZKVP53UM7PB89JLVWNL7T9RY60D5H","pay_way":"WXZF","result_code":"0","sign":"B13526C79551E8BFD9E4DEFC3EE6583A","status":"0","third_order_id":"2018061110573648066"}

2018-06-11 10:58:00:参数:{"merchant_id":"6008005629","service":"query_status","third_order_id":"2018061110573648066","nonce_str":"PVWAQQ8G8PPR0NC1N6ZDQ9RZSWB37Y2R","sign":"310AE28A388CFF7FF9442FDDF5446233"}

2018-06-11 10:58:05:继续查询:{"resp_code":"0","amount":"1040","leshua_order_id":"1806111057338832","merchant_id":"6008005629","nonce_str":"7JLLQMMJZJFDSIHF0FTNXZO8B8MAXIU4","pay_way":"WXZF","result_code":"0","sign":"CE7334B13C807D92C2C48E5DBEC9CC0F","status":"0","third_order_id":"2018061110573648066"}

2018-06-11 10:58:05:参数:{"merchant_id":"6008005629","service":"query_status","third_order_id":"2018061110573648066","nonce_str":"MKH1L3SV3I1XZ3HMNA2ZI8NR9AB290T2","sign":"A81B8CB73F8F56C6DAE9C43AAAC6A9E3"}

2018-06-11 10:58:11:继续查询:{"resp_code":"0","amount":"1040","leshua_order_id":"1806111057338832","merchant_id":"6008005629","nonce_str":"U6ZYXOU3I49WDMYULHDTETH2SWBPS54M","pay_way":"WXZF","result_code":"0","sign":"DD0F44C251A3252151D0F28AC797103F","status":"0","third_order_id":"2018061110573648066"}

2018-06-11 10:58:11:参数:{"merchant_id":"6008005629","service":"query_status","third_order_id":"2018061110573648066","nonce_str":"6YKOJK671XOME83VZF2KGKFKG6ZM94UQ","sign":"395DFFE8E0F5158DE87693A894E8F7CE"}

2018-06-11 12:17:10:参数:{"merchant_id":"6008005629","service":"query_status","third_order_id":"2018061112170917185","nonce_str":"OISHPX1ULBERLD8U9XA8Y6FHT0NDBA81","sign":"BA001D72ABBF7F497AABE1E4B28331C6"}

2018-06-11 12:17:15:继续查询:{"resp_code":"0","amount":"800","leshua_order_id":"1806111217038325","merchant_id":"6008005629","nonce_str":"HZRXC7KBRTF1IYBUX04PY41GRRW5NBBB","pay_way":"WXZF","result_code":"0","sign":"8A0AF6E388D1B09324087C073A83B641","status":"0","third_order_id":"2018061112170917185"}

2018-06-11 12:17:15:参数:{"merchant_id":"6008005629","service":"query_status","third_order_id":"2018061112170917185","nonce_str":"GS1OKAWGQIUDQGEGOZ9FD6N6CAIEKLSB","sign":"BCAC3CBE0EBD4F656B818E9C483500EB"}

2018-06-11 12:17:21:继续查询:{"resp_code":"0","amount":"800","leshua_order_id":"1806111217038325","merchant_id":"6008005629","nonce_str":"J5BM7XQUT7AKCGPHRAZANQ2O0HPBV4D0","pay_way":"WXZF","result_code":"0","sign":"77F5F069C0A3E3CA4DD7C247650C84D1","status":"0","third_order_id":"2018061112170917185"}

2018-06-11 12:17:21:参数:{"merchant_id":"6008005629","service":"query_status","third_order_id":"2018061112170917185","nonce_str":"0ZHM45GUIJYB1EOBYGTUVUHLLM4MLMAS","sign":"ED86F31E734094B5DADB19AC06CF04B0"}

2018-06-11 12:17:26:继续查询:{"resp_code":"0","amount":"800","leshua_order_id":"1806111217038325","merchant_id":"6008005629","nonce_str":"9QHCMV5PBCXS3OKBACI9FYRCI0RPMXPK","pay_way":"WXZF","result_code":"0","sign":"186BF78290D513BDE5F11644E388038B","status":"0","third_order_id":"2018061112170917185"}

2018-06-11 12:17:26:参数:{"merchant_id":"6008005629","service":"query_status","third_order_id":"2018061112170917185","nonce_str":"QD040YZQ186DIZDBVXE8PCRK1X59EDYJ","sign":"11AC2E1CB3F34B4F24662F024BFFE56E"}

2018-06-11 12:17:32:继续查询:{"resp_code":"0","amount":"800","leshua_order_id":"1806111217038325","merchant_id":"6008005629","nonce_str":"IGSCTWJGE1WMS3AI0EL4YFQINJZNDPE9","pay_way":"WXZF","result_code":"0","sign":"1162C0F5180CA3E13FEE681174D44585","status":"0","third_order_id":"2018061112170917185"}

2018-06-11 12:17:32:参数:{"merchant_id":"6008005629","service":"query_status","third_order_id":"2018061112170917185","nonce_str":"4BFICL2H4LPL6YYEJ912ELRTZYKLM58H","sign":"81C8160A312237AFBA13DAD68BD33D48"}

2018-06-11 12:17:37:继续查询:{"resp_code":"0","amount":"800","leshua_order_id":"1806111217038325","merchant_id":"6008005629","nonce_str":"A208YG2XOEPIMF1SQY5JN99LKB0LYQH3","pay_way":"WXZF","result_code":"0","sign":"A9E6E27124DA6A20E90023B35FD4F941","status":"0","third_order_id":"2018061112170917185"}

2018-06-11 12:17:37:参数:{"merchant_id":"6008005629","service":"query_status","third_order_id":"2018061112170917185","nonce_str":"D7ZTS3S4THXH0189Z7UR67DUO121FYSI","sign":"FC096EAFAF60A04B49E1B3C5452B0780"}

2018-06-11 12:17:43:继续查询:{"resp_code":"0","amount":"800","leshua_order_id":"1806111217038325","merchant_id":"6008005629","nonce_str":"D5EMOGZGJCAKEWG9387OE66FKVJGRMC2","pay_way":"WXZF","result_code":"0","sign":"0EFE1EBB7783F3B39B6565B2D9AA2019","status":"0","third_order_id":"2018061112170917185"}

2018-06-11 12:17:43:参数:{"merchant_id":"6008005629","service":"query_status","third_order_id":"2018061112170917185","nonce_str":"M1K7KRVRUR10CTISEBTS8XS0FBIDFRV1","sign":"A93C067A7FB44E20E4F2AF8A5801FF8B"}

2018-06-11 12:50:53:参数:{"merchant_id":"6008005629","service":"query_status","third_order_id":"2018061112505189824","nonce_str":"7W9XQ527DX7H7TB2ODF3N6ZBRB99W9V7","sign":"3C14EF9B573F14E2D142AB9762803793"}

2018-06-11 12:50:58:继续查询:{"resp_code":"0","amount":"740","leshua_order_id":"1806111250501867","merchant_id":"6008005629","nonce_str":"Y0LG22SWNRDPDV2WH5853ONLKQG63JOR","pay_way":"WXZF","result_code":"0","sign":"C52C4AAE8B85D8FBBDC7DE1CE1315A87","status":"0","third_order_id":"2018061112505189824"}

2018-06-11 12:50:58:参数:{"merchant_id":"6008005629","service":"query_status","third_order_id":"2018061112505189824","nonce_str":"GFNUTCBYI0OFIK3AIFXY93OG3G3IJJ71","sign":"1B94AA865A3257D4CCA847ADD7E31D28"}

2018-06-11 12:51:04:继续查询:{"resp_code":"0","amount":"740","leshua_order_id":"1806111250501867","merchant_id":"6008005629","nonce_str":"BX3K2V3P4J3O1JRM51IZW2A5EQ6SE6MF","pay_way":"WXZF","result_code":"0","sign":"13AAF2C47DF4C41F1A8179106E809136","status":"0","third_order_id":"2018061112505189824"}

2018-06-11 12:51:04:参数:{"merchant_id":"6008005629","service":"query_status","third_order_id":"2018061112505189824","nonce_str":"QD6GHSMF9SQ6OX9ZR2GFG52LFXIUYOL7","sign":"66E77CF4E65314C3B1C3C220876A499F"}

2018-06-11 12:51:09:继续查询:{"resp_code":"0","amount":"740","leshua_order_id":"1806111250501867","merchant_id":"6008005629","nonce_str":"DKS4DDWLVP00RU3ZQKQQAPUXVU74L4TV","pay_way":"WXZF","result_code":"0","sign":"82623CCC2B9AF9D441BDD889F4B2E4B1","status":"0","third_order_id":"2018061112505189824"}

2018-06-11 12:51:09:参数:{"merchant_id":"6008005629","service":"query_status","third_order_id":"2018061112505189824","nonce_str":"5TFK2S7MIMPDIQ28JN1W6R414V0DDMDI","sign":"1A7FDA6EA0BA65A6F5E1C416AFE5E64D"}

2018-06-11 12:51:15:继续查询:{"resp_code":"0","amount":"740","leshua_order_id":"1806111250501867","merchant_id":"6008005629","nonce_str":"WWOB0I0P2PAQHE9OCU1C1XQQB85UKEBK","pay_way":"WXZF","result_code":"0","sign":"25AFE42974CB8B114BCE148CEDE01828","status":"0","third_order_id":"2018061112505189824"}

2018-06-11 12:51:15:参数:{"merchant_id":"6008005629","service":"query_status","third_order_id":"2018061112505189824","nonce_str":"OUD3N5TGZYR0F9RBHRNN1V96RU22Y646","sign":"3F8C812C41111BFD2AF70198811D853D"}

2018-06-11 12:51:20:继续查询:{"resp_code":"0","amount":"740","leshua_order_id":"1806111250501867","merchant_id":"6008005629","nonce_str":"EJXOPPN809363NNICKB51GXOFRARKTUI","pay_way":"WXZF","result_code":"0","sign":"A161771D5AEA172C1E3A958C013BD8E6","status":"0","third_order_id":"2018061112505189824"}

2018-06-11 12:51:20:参数:{"merchant_id":"6008005629","service":"query_status","third_order_id":"2018061112505189824","nonce_str":"3GYKZJFHPZANQRQ0EPV51QQELK8S38ZA","sign":"8154EDB3B012C8C1D523C305572D5CE0"}

2018-06-11 12:51:26:继续查询:{"resp_code":"0","amount":"740","leshua_order_id":"1806111250501867","merchant_id":"6008005629","nonce_str":"O712YCXYU1JMMMB36N00R3OBVSXU2F0W","pay_way":"WXZF","result_code":"0","sign":"3DFB70AAE380B7496DDAFC31846BD826","status":"0","third_order_id":"2018061112505189824"}

2018-06-11 12:51:26:参数:{"merchant_id":"6008005629","service":"query_status","third_order_id":"2018061112505189824","nonce_str":"NO0NNQ0HLSHIEWJXS86OKECVJ78DPI4I","sign":"24071AF77A61FC17AA3CD7B31F3D476C"}

2018-06-11 12:51:29:参数:{"merchant_id":"6008005629","service":"query_status","third_order_id":"2018061112512844384","nonce_str":"0HOODVBRB6KUO2IS0NF4WWSLK7KTT4OH","sign":"C70D8C5D6D9BF1CD8AABEA27C43637B7"}

2018-06-11 12:51:35:继续查询:{"resp_code":"0","amount":"740","leshua_order_id":"1806111251202039","merchant_id":"6008005629","nonce_str":"GYMG0F5FKA00TXT9HDJLIY3Q5I927SA6","pay_way":"WXZF","result_code":"0","sign":"A5233449428AC12DD4DC59FDCD85D4B5","status":"0","third_order_id":"2018061112512844384"}

2018-06-11 12:51:35:参数:{"merchant_id":"6008005629","service":"query_status","third_order_id":"2018061112512844384","nonce_str":"F1K7MDE0V9CLPVDD3NEB6NA5LVHZ7IZ1","sign":"903FB98C73A9BB3661318CD242B40357"}

2018-06-11 12:51:40:继续查询:{"resp_code":"0","amount":"740","leshua_order_id":"1806111251202039","merchant_id":"6008005629","nonce_str":"VK1Z7L5UMPK4W7RIQK76OUBDJUBFTX6T","pay_way":"WXZF","result_code":"0","sign":"E00B9002696685DDB7CE454E70F93EDF","status":"0","third_order_id":"2018061112512844384"}

2018-06-11 12:51:40:参数:{"merchant_id":"6008005629","service":"query_status","third_order_id":"2018061112512844384","nonce_str":"WC2068BC2OZ36H19OCZSHYK5NIH5SEHR","sign":"D10B98BA118FE91FFA51C7339C791838"}

2018-06-11 12:51:46:继续查询:{"resp_code":"0","amount":"740","leshua_order_id":"1806111251202039","merchant_id":"6008005629","nonce_str":"AVCYMWJCAVSL94X0Y1MNVOC2NUO3O3IJ","pay_way":"WXZF","result_code":"0","sign":"422C76A36245C7B2FE3B6F34DB6AC1C1","status":"0","third_order_id":"2018061112512844384"}

2018-06-11 12:51:46:参数:{"merchant_id":"6008005629","service":"query_status","third_order_id":"2018061112512844384","nonce_str":"LMT6G3JZN0J7LN5XVGX6QYGQKO2Y9Y76","sign":"C82A4D2B79C62FD18A8FA72F1F437469"}

2018-06-11 12:51:51:继续查询:{"resp_code":"0","amount":"740","leshua_order_id":"1806111251202039","merchant_id":"6008005629","nonce_str":"B64UDVYOG8G34XGX713WWCYBMN7HO6PQ","pay_way":"WXZF","result_code":"0","sign":"B9C71F6AB2C927EF193C74C47DE0C832","status":"0","third_order_id":"2018061112512844384"}

2018-06-11 12:51:51:参数:{"merchant_id":"6008005629","service":"query_status","third_order_id":"2018061112512844384","nonce_str":"G8XTK20K50X2IXI8RXWM6WQ5PQQNZ0BS","sign":"1E3178338C287215E13AC38B044F6242"}

2018-06-11 12:51:57:继续查询:{"resp_code":"0","amount":"740","leshua_order_id":"1806111251202039","merchant_id":"6008005629","nonce_str":"3XXG055BJM8ME92O2DPQ68BDDKHCGUXI","pay_way":"WXZF","result_code":"0","sign":"7DF25287023EB1E70DD5CC516B9944E3","status":"0","third_order_id":"2018061112512844384"}

2018-06-11 12:51:57:参数:{"merchant_id":"6008005629","service":"query_status","third_order_id":"2018061112512844384","nonce_str":"LIK19POJNGKIMHT5H2PNUYJJYFPP5ONN","sign":"76901C92C7FB514121CCD4010F80EE7A"}

2018-06-11 12:52:03:继续查询:{"resp_code":"0","amount":"740","leshua_order_id":"1806111251202039","merchant_id":"6008005629","nonce_str":"JF259KZ703W966MO2FHR9JJG7MOO18R2","pay_way":"WXZF","result_code":"0","sign":"DDFF482063B76D6C45DADDDC6DC52AEC","status":"0","third_order_id":"2018061112512844384"}

2018-06-11 12:52:03:参数:{"merchant_id":"6008005629","service":"query_status","third_order_id":"2018061112512844384","nonce_str":"24PJPVD2MCQSK53W8GUGP295ZT75R3MX","sign":"B1BB537931CE4DCCDE5C619187D8E0E9"}

2018-06-11 16:49:11:参数:{"merchant_id":"6008005629","service":"query_status","third_order_id":"2018061116491052751","nonce_str":"3DPG839B7PQSC7O40QEAI2KGVO0BYHJ3","sign":"07959ECC343C17CF5DC7820612F4AA4B"}

2018-06-11 16:49:16:继续查询:{"resp_code":"0","amount":"700","leshua_order_id":"1806111649131005","merchant_id":"6008005629","nonce_str":"3G939QJCA8AYL4R5I3JA6ZCAKDVYFVCV","pay_way":"WXZF","result_code":"0","sign":"2C6C8FB8249AD0A154648C4630DA7103","status":"0","third_order_id":"2018061116491052751"}

2018-06-11 16:49:16:参数:{"merchant_id":"6008005629","service":"query_status","third_order_id":"2018061116491052751","nonce_str":"HCDQO36I5SUAUNCAY9QRO4OONJPOCZHD","sign":"B611CD289A1725E4049BFE5560777760"}

2018-06-11 16:49:22:继续查询:{"resp_code":"0","amount":"700","leshua_order_id":"1806111649131005","merchant_id":"6008005629","nonce_str":"8A7LTQOX357XT8VDXGIJNTDFSHUVDHDH","pay_way":"WXZF","result_code":"0","sign":"33B8C5744BC28D443441AB953C9CE1A1","status":"0","third_order_id":"2018061116491052751"}

2018-06-11 16:49:22:参数:{"merchant_id":"6008005629","service":"query_status","third_order_id":"2018061116491052751","nonce_str":"ET2RG6FGTYNA3REV7MM8DAGS7Y3Z1S8O","sign":"6F8B39476EA033232E33D1FD1D2F07D8"}

2018-06-11 16:49:27:继续查询:{"resp_code":"0","amount":"700","leshua_order_id":"1806111649131005","merchant_id":"6008005629","nonce_str":"LLUEXD6QDYT7GPKDHYFWEG0638E2SXXQ","pay_way":"WXZF","result_code":"0","sign":"059E6A4CC463D3CDAA6D64D1A93E3F68","status":"0","third_order_id":"2018061116491052751"}

2018-06-11 16:49:27:参数:{"merchant_id":"6008005629","service":"query_status","third_order_id":"2018061116491052751","nonce_str":"BSY8CGKL498C10669WSHA1BL2GP4OAPX","sign":"05861D47297612DF14E9790BBF5EBD45"}

2018-06-11 16:49:33:继续查询:{"resp_code":"0","amount":"700","leshua_order_id":"1806111649131005","merchant_id":"6008005629","nonce_str":"Y69WAVNGSC0KKRAFJZJXPP19M4OCP4ZP","pay_way":"WXZF","result_code":"0","sign":"C73529B3D0C39C67305B4616C9CF1B80","status":"0","third_order_id":"2018061116491052751"}

2018-06-11 16:49:33:参数:{"merchant_id":"6008005629","service":"query_status","third_order_id":"2018061116491052751","nonce_str":"QP5ELU1ZWAJSMPA3J9Q3V279GFYPH5ID","sign":"2956F1C40FFACB521ECA688E53F0E204"}

2018-06-11 16:49:38:继续查询:{"resp_code":"0","amount":"700","leshua_order_id":"1806111649131005","merchant_id":"6008005629","nonce_str":"V6X7LFIRTZZ1VL3WNR2LDFDU06D93VFS","pay_way":"WXZF","result_code":"0","sign":"20069D5B1DCBDBDD8632BD0E1A688A09","status":"0","third_order_id":"2018061116491052751"}

2018-06-11 16:49:38:参数:{"merchant_id":"6008005629","service":"query_status","third_order_id":"2018061116491052751","nonce_str":"PZIDSPL5299FXEXQ1OPRFUHMC9ZU8RID","sign":"79BD7F2CC0942736401BC6550539EDC6"}

2018-06-11 16:49:44:继续查询:{"resp_code":"0","amount":"700","leshua_order_id":"1806111649131005","merchant_id":"6008005629","nonce_str":"1FJHRPNUIUEY3NHJ3WNE6RIWWWLW7W94","pay_way":"WXZF","result_code":"0","sign":"003E4B0041A815731D1D380C07B6CA30","status":"0","third_order_id":"2018061116491052751"}

2018-06-11 16:49:44:参数:{"merchant_id":"6008005629","service":"query_status","third_order_id":"2018061116491052751","nonce_str":"3NMM4EOJQBASI0PJA0JQBXKENKME5OF2","sign":"DDD80E0F74B373DD4495220AC88E9BBB"}

2018-06-11 16:59:04:参数:{"merchant_id":"6008005629","service":"query_status","third_order_id":"2018061116585957506","nonce_str":"9OQK48TQ44OVTSONUU23FDSBCH4U9G2K","sign":"9B71B2489BFA3391F6F50DA747DF6464"}

2018-06-11 16:59:05:支付失败:{"resp_code":"0","amount":"2660","leshua_order_id":"1806111658535756","merchant_id":"6008005629","nonce_str":"SWLJOORC07NMRWOQUF0CUNQ4GSBVF03H","pay_way":"WXZF","result_code":"0","sign":"07445D59F73AC1D2EB45E183FF56F161","status":"6","third_order_id":"2018061116585957506"}

2018-06-11 17:09:47:参数:{"merchant_id":"6008005629","service":"query_status","third_order_id":"2018061117094616331","nonce_str":"3Y9678ITJEO9TYARRYAF4Y8MMCT5P4WS","sign":"9A24BB3BA7F62864ECDECD8D91983377"}

2018-06-11 17:09:48:支付失败:{"resp_code":"0","amount":"1889","leshua_order_id":"1806111709404865","merchant_id":"6008005629","nonce_str":"OA3HBEQSTEWVXV6N0QQCSU2JN75ZOJLA","pay_way":"WXZF","result_code":"0","sign":"9D12BF38E34F900B5EF288ACD8F320B6","status":"6","third_order_id":"2018061117094616331"}

2018-06-11 17:51:56:参数:{"merchant_id":"6008005629","service":"query_status","third_order_id":"2018061117515499019","nonce_str":"W70ONCN7ZIXCZWF4UGXBUZB32LPELTAX","sign":"F02D9AC0EFE7FA7F0B8A31F711460FBF"}

2018-06-11 17:52:01:继续查询:{"resp_code":"0","amount":"600","leshua_order_id":"1806111751533800","merchant_id":"6008005629","nonce_str":"8FXIU642IEZYM6WURJ77S1GPO61MRQE6","pay_way":"WXZF","result_code":"0","sign":"A3FD9F12EA2937FC33A63E85002C39AF","status":"0","third_order_id":"2018061117515499019"}

2018-06-11 17:52:01:参数:{"merchant_id":"6008005629","service":"query_status","third_order_id":"2018061117515499019","nonce_str":"BZD3PBTUA3MQUN9RO93QNDR2TCAM04T5","sign":"FD90E7EDF0354CC31C85730A4B9FBD37"}

2018-06-11 17:52:07:继续查询:{"resp_code":"0","amount":"600","leshua_order_id":"1806111751533800","merchant_id":"6008005629","nonce_str":"PQSWTLPOZO6M9O3YGVKK7GV3HOZC93KP","pay_way":"WXZF","result_code":"0","sign":"781B0E44F7E5B238A9F762598F07C8B4","status":"0","third_order_id":"2018061117515499019"}

2018-06-11 17:52:07:参数:{"merchant_id":"6008005629","service":"query_status","third_order_id":"2018061117515499019","nonce_str":"N13UO66085LTLBTEZ2KLGOHQA4FTW5TO","sign":"E863755B792600E5FCDD98C5E635F37B"}

2018-06-11 17:52:12:继续查询:{"resp_code":"0","amount":"600","leshua_order_id":"1806111751533800","merchant_id":"6008005629","nonce_str":"WU2WIVHASXUJYRWMJQOCH9A2FQ7KZBQU","pay_way":"WXZF","result_code":"0","sign":"FAC5B04AF65ADE9E8D5F7C251D966E7A","status":"0","third_order_id":"2018061117515499019"}

2018-06-11 17:52:12:参数:{"merchant_id":"6008005629","service":"query_status","third_order_id":"2018061117515499019","nonce_str":"F2K1ZL7TZH40EDL2G8GKKSRKGOTZ9Y4P","sign":"69149C6E1ADC9A0047546B6DBD6CC0B5"}

2018-06-11 17:52:18:继续查询:{"resp_code":"0","amount":"600","leshua_order_id":"1806111751533800","merchant_id":"6008005629","nonce_str":"PZ9DRDMSCM7QWH6CT5ZX5LCT9H5H3BQD","pay_way":"WXZF","result_code":"0","sign":"DB69CADCC01142081CE243E07ABA5345","status":"0","third_order_id":"2018061117515499019"}

2018-06-11 17:52:18:参数:{"merchant_id":"6008005629","service":"query_status","third_order_id":"2018061117515499019","nonce_str":"P3MTOVEAYGG79B533JG9YUHT70FXTDEQ","sign":"8751E64EE3EE0F669EB3BD81D5D89CE8"}

2018-06-11 17:52:23:继续查询:{"resp_code":"0","amount":"600","leshua_order_id":"1806111751533800","merchant_id":"6008005629","nonce_str":"7TVWVENYREQ1OKNAREYZXGF65L2V4G9J","pay_way":"WXZF","result_code":"0","sign":"090B0A39FA43A788653DC82F540E5432","status":"0","third_order_id":"2018061117515499019"}

2018-06-11 17:52:23:参数:{"merchant_id":"6008005629","service":"query_status","third_order_id":"2018061117515499019","nonce_str":"C4SDV8HJ4DQL41TRMXAFQ7ODKAK3L2U5","sign":"6653E83FAEBCB61477A8890A4E4E9449"}

2018-06-11 17:52:29:继续查询:{"resp_code":"0","amount":"600","leshua_order_id":"1806111751533800","merchant_id":"6008005629","nonce_str":"34TMUKNM7PGQVGF3QTE1I9ESW8TZHL4W","pay_way":"WXZF","result_code":"0","sign":"E34B2688725FC61EF54CC8BBF66C7646","status":"0","third_order_id":"2018061117515499019"}

2018-06-11 17:52:29:参数:{"merchant_id":"6008005629","service":"query_status","third_order_id":"2018061117515499019","nonce_str":"I6B9WHXYFRJZ0RUA0N0O7UUG606L1NHG","sign":"67AF8B93CBC8D1664E8F1269B7891484"}

2018-06-11 17:53:09:参数:{"merchant_id":"6008005629","service":"query_status","third_order_id":"2018061117530875861","nonce_str":"P9PRLSX8C7MA4DX5YMKWDOLAOR72K7Q2","sign":"0EB4C6E7784C9498F10FB8AE76918306"}

2018-06-11 17:53:15:继续查询:{"resp_code":"0","amount":"600","leshua_order_id":"1806111753023872","merchant_id":"6008005629","nonce_str":"HJM0UN7OZ99W8URF88WHX7F96OOKFCTU","pay_way":"WXZF","result_code":"0","sign":"9605E687390D80BA701CBD84AAB8781D","status":"0","third_order_id":"2018061117530875861"}

2018-06-11 17:53:15:参数:{"merchant_id":"6008005629","service":"query_status","third_order_id":"2018061117530875861","nonce_str":"JVDI9RJ20OVCFWC5I053Q6QALTJ9HSBJ","sign":"1ABB9FD8157503C1A92ED8F8ABBCA315"}

2018-06-11 17:53:20:继续查询:{"resp_code":"0","amount":"600","leshua_order_id":"1806111753023872","merchant_id":"6008005629","nonce_str":"1B7JY4F8E1T6EEDLQOKI0I8QOC1S9MVH","pay_way":"WXZF","result_code":"0","sign":"147A984398571E1F488039B1DF19852B","status":"0","third_order_id":"2018061117530875861"}

2018-06-11 17:53:20:参数:{"merchant_id":"6008005629","service":"query_status","third_order_id":"2018061117530875861","nonce_str":"22DGN3LSNZBL0XW74K1PKRNUIJLK9XCG","sign":"6EA354084E18CB36CC40A164A6891F6D"}

2018-06-11 17:53:26:继续查询:{"resp_code":"0","amount":"600","leshua_order_id":"1806111753023872","merchant_id":"6008005629","nonce_str":"SO0YZYK3GDRPILLSBVQJN5A74OXWHEIM","pay_way":"WXZF","result_code":"0","sign":"FA0AA397FE5D7275CD09C18E4664300E","status":"0","third_order_id":"2018061117530875861"}

2018-06-11 17:53:26:参数:{"merchant_id":"6008005629","service":"query_status","third_order_id":"2018061117530875861","nonce_str":"ID1M5ZMLBFM97Y4WPEXWP5TZHC30TWJV","sign":"9A5ECD7D3BDDAAFF07ED0111F493936E"}

2018-06-11 17:53:26:支付成功:{"resp_code":"0","amount":"600","bank_type":"PSBC_DEBIT","leshua_order_id":"1806111753023872","merchant_id":"6008005629","nonce_str":"2NVVJZ9W4Z4721RY3W9KBYT11KYW62V7","openid":"o8uJ6uGeFuU0TAT1-aCG3LCJsEXs","out_transaction_id":[],"pay_time":"2018-06-11 17:53:26","pay_way":"WXZF","result_code":"0","sign":"F95074A578E12F4250B390F14B3514BE","status":"2","third_order_id":"2018061117530875861"}

2018-06-11 17:58:50:参数:{"merchant_id":"6008005629","service":"query_status","third_order_id":"2018061117584832041","nonce_str":"QXVMCMU9NCUSFK59X1J7VPETO12KO720","sign":"DAA23FE19ADC462329FE0CA9F6EE253F"}

2018-06-11 17:58:55:继续查询:{"resp_code":"0","amount":"2200","leshua_order_id":"1806111758426953","merchant_id":"6008005629","nonce_str":"22AW2BR6FRWN7N5F1DC0P8VZOMMKK9ZC","pay_way":"WXZF","result_code":"0","sign":"EE0ECAB02C57D2F56278291C513F37B8","status":"0","third_order_id":"2018061117584832041"}

2018-06-11 17:58:55:参数:{"merchant_id":"6008005629","service":"query_status","third_order_id":"2018061117584832041","nonce_str":"0AKORCC81HYG099C93AWTV3LO7W0Z2HL","sign":"3D7BE6D52FE4A90A7D27306F71BD4B11"}

2018-06-11 17:59:01:继续查询:{"resp_code":"0","amount":"2200","leshua_order_id":"1806111758426953","merchant_id":"6008005629","nonce_str":"LN3Z1G1YLEI5OL7QYMJN85CG984CD6AW","pay_way":"WXZF","result_code":"0","sign":"41333B87066314427835FD3E55F75EFB","status":"0","third_order_id":"2018061117584832041"}

2018-06-11 17:59:01:参数:{"merchant_id":"6008005629","service":"query_status","third_order_id":"2018061117584832041","nonce_str":"LRHL4EXES8CGOO6YN92HIATPC8JCT9PI","sign":"0D23F53EE0B74878956FB9E321F4179F"}

2018-06-11 17:59:01:支付成功:{"resp_code":"0","amount":"2200","bank_type":"CFT","leshua_order_id":"1806111758426953","merchant_id":"6008005629","nonce_str":"C8PVCEB8CH67AFZAPUATLLBB4N6W47EL","openid":"o8uJ6uFLumYetYMJwWhsjshW7NZM","out_transaction_id":[],"pay_time":"2018-06-11 17:59:01","pay_way":"WXZF","result_code":"0","sign":"164EC486D3E940ACDE6DEB095EDD9585","status":"2","third_order_id":"2018061117584832041"}

2018-06-11 18:25:32:参数:{"merchant_id":"0408001370","service":"query_status","third_order_id":"2018061118252822838","nonce_str":"B7H7Z7UWHN6Z15WFGBHNMTPDLTL3FX9Z","sign":"15A2266A95D3B2CD0EFFA47BCCBFAF8C"}

2018-06-11 18:25:38:继续查询:{"resp_code":"0","amount":"2970","leshua_order_id":"1806111825221171","merchant_id":"0408001370","nonce_str":"3TXGYH1A0679L69D3SHYFMXQYQHIZWBM","pay_way":"ZFBZF","result_code":"0","sign":"82063493189C4244FF22000407F05F05","status":"0","third_order_id":"2018061118252822838"}

2018-06-11 18:25:38:参数:{"merchant_id":"0408001370","service":"query_status","third_order_id":"2018061118252822838","nonce_str":"B0NYQ7B2TXTTV2P69IDRE8YN4XG4PAEL","sign":"CAA5D8193178AE68845F9D3D2F1DAFF7"}

2018-06-11 18:25:43:继续查询:{"resp_code":"0","amount":"2970","leshua_order_id":"1806111825221171","merchant_id":"0408001370","nonce_str":"YZ4YXG0QA88G7F3JEU9Q4A9BN88WGY4A","pay_way":"ZFBZF","result_code":"0","sign":"3E02754672EF40864921EDB380E913F4","status":"0","third_order_id":"2018061118252822838"}

2018-06-11 18:25:43:参数:{"merchant_id":"0408001370","service":"query_status","third_order_id":"2018061118252822838","nonce_str":"UQMZASVW4CIXB0Z6Z45FV89RIG82M1NL","sign":"B2A8205457C83E6F98CFA15916759C7E"}

2018-06-11 18:25:48:继续查询:{"resp_code":"0","amount":"2970","leshua_order_id":"1806111825221171","merchant_id":"0408001370","nonce_str":"H24P67CVRKUEN2VVH41GAGBHUDL0SJW8","pay_way":"ZFBZF","result_code":"0","sign":"98B0B60AEEBF5982BE0DBEF76E7A71AE","status":"0","third_order_id":"2018061118252822838"}

2018-06-11 18:25:48:参数:{"merchant_id":"0408001370","service":"query_status","third_order_id":"2018061118252822838","nonce_str":"J13NYWXYDG93D61AEWAXHXDJ8NMFC4WV","sign":"843773B6A0416F1E96D4DECA30377457"}

2018-06-11 18:25:54:继续查询:{"resp_code":"0","amount":"2970","leshua_order_id":"1806111825221171","merchant_id":"0408001370","nonce_str":"POQ6W7AUK3OJVORUGY6L8MAREN7WR1DJ","pay_way":"ZFBZF","result_code":"0","sign":"8B699E69847146829022A7914B237F09","status":"0","third_order_id":"2018061118252822838"}

2018-06-11 18:25:54:参数:{"merchant_id":"0408001370","service":"query_status","third_order_id":"2018061118252822838","nonce_str":"9VJNSRXG8ARDZKMPNPJ6VO94UX8CA9HC","sign":"E2E101E6DA2B7D333DDC15320D1E22AA"}

2018-06-11 18:26:00:继续查询:{"resp_code":"0","amount":"2970","leshua_order_id":"1806111825221171","merchant_id":"0408001370","nonce_str":"4M4VW6IHMHRYK0I31J9AJR4G1NRDGX2H","pay_way":"ZFBZF","result_code":"0","sign":"83619B85288A79E3665FFB53EAE065AB","status":"0","third_order_id":"2018061118252822838"}

2018-06-11 18:26:00:参数:{"merchant_id":"0408001370","service":"query_status","third_order_id":"2018061118252822838","nonce_str":"XLP4NAJL96HQDYNAYJHXE8F4YLP9D0X1","sign":"B7E26C34C51FB8C617FA0DCF9A7055B8"}

2018-06-11 18:26:05:继续查询:{"resp_code":"0","amount":"2970","leshua_order_id":"1806111825221171","merchant_id":"0408001370","nonce_str":"9C0VDZZDU4JK0Y4PCAXZHUFWEG5H6LXA","pay_way":"ZFBZF","result_code":"0","sign":"A5E11BD1C4399D15651B6DE7898CC1D4","status":"0","third_order_id":"2018061118252822838"}

2018-06-11 18:26:05:参数:{"merchant_id":"0408001370","service":"query_status","third_order_id":"2018061118252822838","nonce_str":"LU1P9BFKPE1LGYJIMG63SAZPM1R6XKKK","sign":"29FED63FF4E8072BDE6679E762992293"}

2018-06-11 18:35:31:参数:{"merchant_id":"6008005629","service":"query_status","third_order_id":"2018061118353072585","nonce_str":"NT8XP3W643LJJX8HE03EKH67PZ3TPDZJ","sign":"55A4AB2D9033E0209301E1ABB2081A2B"}

2018-06-11 18:35:36:继续查询:{"resp_code":"0","amount":"600","leshua_order_id":"1806111835301248","merchant_id":"6008005629","nonce_str":"0TDA1T8OX1TP29PYHPU8U0CI4V6Y56IC","pay_way":"WXZF","result_code":"0","sign":"17BD051370D64DD8AA789593E24F222C","status":"0","third_order_id":"2018061118353072585"}

2018-06-11 18:35:36:参数:{"merchant_id":"6008005629","service":"query_status","third_order_id":"2018061118353072585","nonce_str":"WUIU8MBROHWM9BDVKQ2S40T9GKLV3V76","sign":"9FC3F2DC075EF175D17DB8D3DC94708B"}

2018-06-11 18:35:42:继续查询:{"resp_code":"0","amount":"600","leshua_order_id":"1806111835301248","merchant_id":"6008005629","nonce_str":"O6X4GLHUSXM870KP1TGQV4QHEI7EDU9L","pay_way":"WXZF","result_code":"0","sign":"B91A4BDF195FA947B4A6641DB0B270F9","status":"0","third_order_id":"2018061118353072585"}

2018-06-11 18:35:42:参数:{"merchant_id":"6008005629","service":"query_status","third_order_id":"2018061118353072585","nonce_str":"ZQIP5GD4F3I8O0NXQ7ZWFZM5TG62JB0C","sign":"8425A6922244565AB8BDE3BEEF100E2A"}

2018-06-11 18:35:47:继续查询:{"resp_code":"0","amount":"600","leshua_order_id":"1806111835301248","merchant_id":"6008005629","nonce_str":"6HJDA40VJYF6V511NVZPE0FQ39KC54ZW","pay_way":"WXZF","result_code":"0","sign":"0F9B09D2AFD56C7B312828DDBA1A1E62","status":"0","third_order_id":"2018061118353072585"}

2018-06-11 18:35:47:参数:{"merchant_id":"6008005629","service":"query_status","third_order_id":"2018061118353072585","nonce_str":"C5ACETJHCRHM1DOPY6BB731M7SF5O1WV","sign":"81EB5F0527CAD066F4281CB7C1D54E9B"}

2018-06-11 18:35:53:继续查询:{"resp_code":"0","amount":"600","leshua_order_id":"1806111835301248","merchant_id":"6008005629","nonce_str":"IAD6490QOGK54039P9NXRDLP80C7KL11","pay_way":"WXZF","result_code":"0","sign":"5DD1A337649A2CEB6370E57B571314E3","status":"0","third_order_id":"2018061118353072585"}

2018-06-11 18:35:53:参数:{"merchant_id":"6008005629","service":"query_status","third_order_id":"2018061118353072585","nonce_str":"O634BF63FMEKGN017J6RUNSAPL068J3D","sign":"B7154152AF7D6440CA2F2BBA262606D7"}

2018-06-11 18:35:58:继续查询:{"resp_code":"0","amount":"600","leshua_order_id":"1806111835301248","merchant_id":"6008005629","nonce_str":"0UDRV8XX7PJZ4ZMLE4LE6XYM8M36KD2U","pay_way":"WXZF","result_code":"0","sign":"3A5C0DC53AE004814CA6A554D9515AB5","status":"0","third_order_id":"2018061118353072585"}

2018-06-11 18:35:58:参数:{"merchant_id":"6008005629","service":"query_status","third_order_id":"2018061118353072585","nonce_str":"P1ZVS5LXAU6UB7SL53LTJRUDL20WL7S0","sign":"CC856628EC2B72021203A3F182077788"}

2018-06-11 18:36:03:继续查询:{"resp_code":"0","amount":"600","leshua_order_id":"1806111835301248","merchant_id":"6008005629","nonce_str":"KMQAUHQPN043PD53EFNUCS1YRVEF5UUI","pay_way":"WXZF","result_code":"0","sign":"7010C7E8C7EEE934650DC5C4559300AE","status":"0","third_order_id":"2018061118353072585"}

2018-06-11 18:36:03:参数:{"merchant_id":"6008005629","service":"query_status","third_order_id":"2018061118353072585","nonce_str":"0FR924LCJ56QOMIEC8KPDM0WH3NTVSCU","sign":"A1D4F00C1779F1FAF68D0B300198120F"}

2018-06-11 19:10:24:参数:{"merchant_id":"6008005629","service":"query_status","third_order_id":"2018061119102390826","nonce_str":"0T38QW7ZEPHE7FCJWVPCL5DK0BFPYSX5","sign":"4662360AA704ABEB05AD30CB0F16D701"}

2018-06-11 19:10:30:继续查询:{"resp_code":"0","amount":"2010","leshua_order_id":"1806111910205110","merchant_id":"6008005629","nonce_str":"EX9STUW22DW9Y0M9EL7KALE4907YIX67","pay_way":"WXZF","result_code":"0","sign":"4B8C507495EA6020E5384466302DD155","status":"0","third_order_id":"2018061119102390826"}

2018-06-11 19:10:30:参数:{"merchant_id":"6008005629","service":"query_status","third_order_id":"2018061119102390826","nonce_str":"ALZ2FZUWIHMAFQ85L7JWMTEVS78DW841","sign":"01507FDCB252AF6BCBFD11D69432DA01"}

2018-06-11 19:10:35:继续查询:{"resp_code":"0","amount":"2010","leshua_order_id":"1806111910205110","merchant_id":"6008005629","nonce_str":"P09U3G0F7K1VB8JCQVCYKGJLAGU1S7ZU","pay_way":"WXZF","result_code":"0","sign":"71426F618038422FFEAA017A373AA8A0","status":"0","third_order_id":"2018061119102390826"}

2018-06-11 19:10:35:参数:{"merchant_id":"6008005629","service":"query_status","third_order_id":"2018061119102390826","nonce_str":"REMN5RZHPPY8J6S1JS4I49VVW3N1VT2F","sign":"B534B013435C015B1F0CFCF1A5C4F1B0"}

2018-06-11 19:10:36:支付成功:{"resp_code":"0","amount":"2010","bank_type":"CCB_DEBIT","leshua_order_id":"1806111910205110","merchant_id":"6008005629","nonce_str":"G0PFF0RCHYZ4XQEO3KNBP9GRXW5EH2J6","openid":"o8uJ6uIXxC4L3BQI44YY292stjFw","out_transaction_id":[],"pay_time":"2018-06-11 19:10:35","pay_way":"WXZF","result_code":"0","sign":"4D7D79A00B0B6A841D735FF7C55E4901","status":"2","third_order_id":"2018061119102390826"}

2018-06-11 19:22:39:参数:{"merchant_id":"6008005629","service":"query_status","third_order_id":"2018061119223874931","nonce_str":"Q0X6FBTNRW3H6WY8RT1QL7CEZQTW505R","sign":"DDC83D6C38B0B5589A2F936BE153BDCD"}

2018-06-11 19:22:44:继续查询:{"resp_code":"0","amount":"40","leshua_order_id":"1806111922331956","merchant_id":"6008005629","nonce_str":"GTOTEVFRJ6EIQ1KP8FVTF7SYFOUD9TS8","pay_way":"WXZF","result_code":"0","sign":"06AD40A2A57767C1EDDEB134E1D2FBCC","status":"0","third_order_id":"2018061119223874931"}

2018-06-11 19:22:44:参数:{"merchant_id":"6008005629","service":"query_status","third_order_id":"2018061119223874931","nonce_str":"POZAFMEIHXE8IPJRS5DLQBN71OF0Q64G","sign":"B0992047E1FA8187F6950C8DAC90FB4E"}

2018-06-11 19:22:50:继续查询:{"resp_code":"0","amount":"40","leshua_order_id":"1806111922331956","merchant_id":"6008005629","nonce_str":"SCFOSWJXWUJ38115UHZE9B8JWXC50STB","pay_way":"WXZF","result_code":"0","sign":"4F36B840EB6D5A8651B11F671E5D462F","status":"0","third_order_id":"2018061119223874931"}

2018-06-11 19:22:50:参数:{"merchant_id":"6008005629","service":"query_status","third_order_id":"2018061119223874931","nonce_str":"3ZEYS2N3ABYUDLQ0QHS3K2DS9IYUK34O","sign":"87F2EF816796388C19B86AE1FFCDDFE4"}

2018-06-11 19:22:55:继续查询:{"resp_code":"0","amount":"40","leshua_order_id":"1806111922331956","merchant_id":"6008005629","nonce_str":"18HPR091JPMV7FHX3TJH3AIBWQM9GKRH","pay_way":"WXZF","result_code":"0","sign":"443525B3E1702ADE9DF628165840F49E","status":"0","third_order_id":"2018061119223874931"}

2018-06-11 19:22:55:参数:{"merchant_id":"6008005629","service":"query_status","third_order_id":"2018061119223874931","nonce_str":"3G1TP6DCWB6681PWG3D5LVVXF32MHY19","sign":"175BD9B2BD485FF60A09EE93F530FD5B"}

2018-06-11 19:23:00:继续查询:{"resp_code":"0","amount":"40","leshua_order_id":"1806111922331956","merchant_id":"6008005629","nonce_str":"EIKDPBCEDJ7BAXO8X5TK37JALX56067O","pay_way":"WXZF","result_code":"0","sign":"D706A69F46F5979ACE57F2236858B05F","status":"0","third_order_id":"2018061119223874931"}

2018-06-11 19:23:00:参数:{"merchant_id":"6008005629","service":"query_status","third_order_id":"2018061119223874931","nonce_str":"XHT55KJQ7EIWSPCG639IFXAUP70T9J06","sign":"401D712E5E17302734DD6A11C123D5D1"}

2018-06-11 19:23:06:继续查询:{"resp_code":"0","amount":"40","leshua_order_id":"1806111922331956","merchant_id":"6008005629","nonce_str":"L0JBMQ3A33GR96FYT1WLFV2XT821RHYJ","pay_way":"WXZF","result_code":"0","sign":"D4F92E5EE6B9FA937232DFA1D23956ED","status":"0","third_order_id":"2018061119223874931"}

2018-06-11 19:23:06:参数:{"merchant_id":"6008005629","service":"query_status","third_order_id":"2018061119223874931","nonce_str":"R33HHIMFYM0PS2UG074AFKDKK5DGS990","sign":"DC9BBC9682DB3AB7774FE5A870BB6FD6"}

2018-06-11 19:23:11:继续查询:{"resp_code":"0","amount":"40","leshua_order_id":"1806111922331956","merchant_id":"6008005629","nonce_str":"Z2GTE7ZV459RBA81SNGDT6C5ZH41ORSP","pay_way":"WXZF","result_code":"0","sign":"54C86FA141D7D8948CCA60FA231E44D5","status":"0","third_order_id":"2018061119223874931"}

2018-06-11 19:23:11:参数:{"merchant_id":"6008005629","service":"query_status","third_order_id":"2018061119223874931","nonce_str":"BLQH7I5EMTSQ9R7V1G53D9BFXJJ2EV61","sign":"8A3AC8AB85371341AAE0C2BB928A419A"}

2018-06-11 19:43:45:参数:{"merchant_id":"6008005629","service":"query_status","third_order_id":"2018061119434259580","nonce_str":"XH2XRYSYF2LD7KLZ26VFAJ3XOUZGEN68","sign":"B3AAA7A2E38AB8A4F50B30187F707797"}

2018-06-11 19:43:45:支付失败:{"resp_code":"0","amount":"840","leshua_order_id":"1806111943429081","merchant_id":"6008005629","nonce_str":"XOQPHBRPX4R352IST0KF2FJXHALDRBDQ","pay_way":"WXZF","result_code":"0","sign":"F19222DEA992E31A3FC88AE3B43AB87F","status":"6","third_order_id":"2018061119434259580"}

2018-06-11 20:26:04:参数:{"merchant_id":"6008005629","service":"query_status","third_order_id":"2018061120260395295","nonce_str":"ULYLPI2OT6RZJY1NLXN1Y91NCEB8A0NX","sign":"4CB453E9C0AFCDEB4F8C4A6826AFAC99"}

2018-06-11 20:26:09:继续查询:{"resp_code":"0","amount":"350","leshua_order_id":"1806112026004787","merchant_id":"6008005629","nonce_str":"5RWZ04CDYFZFVLN6NN20TCXL3EQ5AC4V","pay_way":"WXZF","result_code":"0","sign":"4FF9B5EF15EFF1FADB55CB12AD07BD23","status":"0","third_order_id":"2018061120260395295"}

2018-06-11 20:26:09:参数:{"merchant_id":"6008005629","service":"query_status","third_order_id":"2018061120260395295","nonce_str":"VS9DE17SJKYZ6E6XGE56H1UXAGIJ2OID","sign":"59C3F01D098A3737F30BFC9A16095C6C"}

2018-06-11 20:26:15:继续查询:{"resp_code":"0","amount":"350","leshua_order_id":"1806112026004787","merchant_id":"6008005629","nonce_str":"LS6S79NU04L0ISC9XH7TFNLZNG46EJ0Z","pay_way":"WXZF","result_code":"0","sign":"D3ADAFF82F52D6774EC75C15274EBA1A","status":"0","third_order_id":"2018061120260395295"}

2018-06-11 20:26:15:参数:{"merchant_id":"6008005629","service":"query_status","third_order_id":"2018061120260395295","nonce_str":"7IWZZ060O8HU20JU862TCCWLST6N28GR","sign":"407D137D6284670585B784B22F9AF938"}

2018-06-11 20:26:20:继续查询:{"resp_code":"0","amount":"350","leshua_order_id":"1806112026004787","merchant_id":"6008005629","nonce_str":"2NC7UG25D2OBYEA2TRZR2B50LX4H1XA6","pay_way":"WXZF","result_code":"0","sign":"3E9B46889A8541EE8C3439FFB6EACA50","status":"0","third_order_id":"2018061120260395295"}

2018-06-11 20:26:20:参数:{"merchant_id":"6008005629","service":"query_status","third_order_id":"2018061120260395295","nonce_str":"W8WWXXKWJSGOUO9HV461TAPENCGQ2ZY5","sign":"EB2A2D7C4E8C1CF23B018E1D01E9DD3D"}

2018-06-11 20:26:26:继续查询:{"resp_code":"0","amount":"350","leshua_order_id":"1806112026004787","merchant_id":"6008005629","nonce_str":"ZJNMOWQ8ID2G10RY746FWPE47I9AV6IV","pay_way":"WXZF","result_code":"0","sign":"9E19E4C9E688A27ECB0EE7313EC3D7C7","status":"0","third_order_id":"2018061120260395295"}

2018-06-11 20:26:26:参数:{"merchant_id":"6008005629","service":"query_status","third_order_id":"2018061120260395295","nonce_str":"W9Z458JDL53AHC7JIES75I081F6QWTNC","sign":"09ACE19178AACA14E4F9D306E5B6A3FC"}

2018-06-11 20:26:31:继续查询:{"resp_code":"0","amount":"350","leshua_order_id":"1806112026004787","merchant_id":"6008005629","nonce_str":"VTVP954JUHWD399CW5Y1XVQ7XTMEVH0V","pay_way":"WXZF","result_code":"0","sign":"C10B58AEFC9C6B10320FA4A5F38F111C","status":"0","third_order_id":"2018061120260395295"}

2018-06-11 20:26:31:参数:{"merchant_id":"6008005629","service":"query_status","third_order_id":"2018061120260395295","nonce_str":"PNPV0BX6TH71JHMH1P6I092MHK8373D1","sign":"211FFE8CDE9840D8AD6B3A66368D820C"}

2018-06-11 20:26:37:继续查询:{"resp_code":"0","amount":"350","leshua_order_id":"1806112026004787","merchant_id":"6008005629","nonce_str":"TAE14GVO54LUK1YY6FBM6811RGUEENJS","pay_way":"WXZF","result_code":"0","sign":"B3995357228DA2130A5E4623463FB248","status":"0","third_order_id":"2018061120260395295"}

2018-06-11 20:26:37:参数:{"merchant_id":"6008005629","service":"query_status","third_order_id":"2018061120260395295","nonce_str":"IUQW36BQG99P1KECOL6ZY5BMA603OKNF","sign":"6EFA7EF2B5363D1E7E7BD8B4E540E155"}

2018-06-11 20:27:56:参数:{"merchant_id":"6008005629","service":"query_status","third_order_id":"2018061120275451042","nonce_str":"EGCA31QPDB9QY0XAEFWU3PHFP4AI690Y","sign":"E42EA93EC72A05DBAA94659934342EA4"}

2018-06-11 20:28:03:继续查询:{"resp_code":"0","amount":"1200","leshua_order_id":"1806112027505512","merchant_id":"6008005629","nonce_str":"WG9AY8ND27IWCVBECYTEEK3GU7UTGCFZ","pay_way":"ZFBZF","result_code":"0","sign":"BE945D7887FDED12CB734903B75FA944","status":"0","third_order_id":"2018061120275451042"}

2018-06-11 20:28:03:参数:{"merchant_id":"6008005629","service":"query_status","third_order_id":"2018061120275451042","nonce_str":"YTI9BYZ1CUNMWDPWT4NZZ2UNN24DN4DY","sign":"639B49D88CA4CBBBC8E512F9ECB2DA2A"}

2018-06-11 20:28:09:继续查询:{"resp_code":"0","amount":"1200","leshua_order_id":"1806112027505512","merchant_id":"6008005629","nonce_str":"EVPUSVYAQ6ZT4W3Q7I059WJQOIU26R21","pay_way":"ZFBZF","result_code":"0","sign":"C22746410FC86B10AC57B0726E919CDA","status":"0","third_order_id":"2018061120275451042"}

2018-06-11 20:28:09:参数:{"merchant_id":"6008005629","service":"query_status","third_order_id":"2018061120275451042","nonce_str":"7FELHFUVRZNCTH8P23MYIPLD13VT4X2S","sign":"8E48029F4936ACCC9961AC0F75E2BC78"}

2018-06-11 20:28:09:支付成功:{"resp_code":"0","amount":"1200","bank_type":"DEBIT_CARD","leshua_order_id":"1806112027505512","merchant_id":"6008005629","nonce_str":"K4ZAW2HDUIIXGSSL6ZH0ELXO7YZANQA1","openid":"2088722969980862","out_transaction_id":"2018061121001004860575056665","pay_time":"2018-06-11 20:28:07","pay_way":"ZFBZF","result_code":"0","sign":"9EA08BE502A86AF1B7B4ED78BDB0AE9A","status":"2","third_order_id":"2018061120275451042"}

2018-06-11 20:44:08:参数:{"merchant_id":"6008005629","service":"query_status","third_order_id":"2018061120440740793","nonce_str":"6Y0BAKVIRDI5TNBBKS7RJ8JW8GIFPSAA","sign":"86E3B03C323E6B7BEB7BE624D867E8F7"}

2018-06-11 20:44:14:继续查询:{"resp_code":"0","amount":"1100","leshua_order_id":"1806112044001607","merchant_id":"6008005629","nonce_str":"FA6LPYR6CSOQS697X1KE1AV3NISLAUP5","pay_way":"WXZF","result_code":"0","sign":"ECDD2FFBD517C3C868090B8AA53114D7","status":"0","third_order_id":"2018061120440740793"}

2018-06-11 20:44:14:参数:{"merchant_id":"6008005629","service":"query_status","third_order_id":"2018061120440740793","nonce_str":"INJ0V8QQHVADPQ0IP18KORP6XST1NUCV","sign":"7FFE32B3A8916C66B3EDC4D343397A42"}

2018-06-11 20:44:19:继续查询:{"resp_code":"0","amount":"1100","leshua_order_id":"1806112044001607","merchant_id":"6008005629","nonce_str":"ON28EDB3UMI382US2L4FAR8G1DK5ALUN","pay_way":"WXZF","result_code":"0","sign":"E3B4D3942FC301AB56EA23384FAB5316","status":"0","third_order_id":"2018061120440740793"}

2018-06-11 20:44:19:参数:{"merchant_id":"6008005629","service":"query_status","third_order_id":"2018061120440740793","nonce_str":"3QQSQF0F5N7QKMUZ94UMO0IOUROPNDJ6","sign":"B77268FA04902C9AAF41D1B740B6CC8C"}

2018-06-11 20:44:25:继续查询:{"resp_code":"0","amount":"1100","leshua_order_id":"1806112044001607","merchant_id":"6008005629","nonce_str":"SQ4HO7065WN7ZCA09M2V3XYNUGHOZT7W","pay_way":"WXZF","result_code":"0","sign":"45E2F5802090791826594BBDC393BF0D","status":"0","third_order_id":"2018061120440740793"}

2018-06-11 20:44:25:参数:{"merchant_id":"6008005629","service":"query_status","third_order_id":"2018061120440740793","nonce_str":"VAUGB281DNJ466LNPSVDAK5M35D0SXV2","sign":"970191DCFE35B0F3C19F45A19CDDC591"}

2018-06-11 20:44:30:继续查询:{"resp_code":"0","amount":"1100","leshua_order_id":"1806112044001607","merchant_id":"6008005629","nonce_str":"39YVEEGTRJVGGGJ3A71YVQ0I162EA8LX","pay_way":"WXZF","result_code":"0","sign":"7ADA35F7132D9CFEC4DAA4FB99087A80","status":"0","third_order_id":"2018061120440740793"}

2018-06-11 20:44:30:参数:{"merchant_id":"6008005629","service":"query_status","third_order_id":"2018061120440740793","nonce_str":"ERTYWY4VM9G9OC6SMAHFQQP4CICYWYUF","sign":"3A85926BC64122622665446F6FAEDEE7"}

2018-06-11 20:44:36:继续查询:{"resp_code":"0","amount":"1100","leshua_order_id":"1806112044001607","merchant_id":"6008005629","nonce_str":"T1B7181MYSO9L8T3QNLVTBBIYGSXVCF1","pay_way":"WXZF","result_code":"0","sign":"8EE2335E7FBDA932C93D0DB52243B32E","status":"0","third_order_id":"2018061120440740793"}

2018-06-11 20:44:36:参数:{"merchant_id":"6008005629","service":"query_status","third_order_id":"2018061120440740793","nonce_str":"QVU44ETB5FJ278OUZU3BWTMKSD6HDU7K","sign":"82AB4034ABA919ADFFD7AC755EA2BFDD"}

2018-06-11 20:44:41:继续查询:{"resp_code":"0","amount":"1100","leshua_order_id":"1806112044001607","merchant_id":"6008005629","nonce_str":"K8LI421MB4XDJ8XQJSL1J2X1J4F6PM6L","pay_way":"WXZF","result_code":"0","sign":"11185EFAC1F32FAF52C4E9F4A3CAC432","status":"0","third_order_id":"2018061120440740793"}

2018-06-11 20:44:41:参数:{"merchant_id":"6008005629","service":"query_status","third_order_id":"2018061120440740793","nonce_str":"2AVKN7DXQ12DEX59D7X4ODU633HTLT39","sign":"1055108D5122B3F8786E1EC713DE0901"}

2018-06-11 21:42:13:参数:{"merchant_id":"6008005629","service":"query_status","third_order_id":"2018061121421154432","nonce_str":"S73RFBUA47OU6FFR5FTB8TAYCFFIEPLU","sign":"7B7D42594C2E1339BD869AEBECB2671A"}

2018-06-11 21:42:18:继续查询:{"resp_code":"0","amount":"2580","leshua_order_id":"1806112142100121","merchant_id":"6008005629","nonce_str":"DBZGL2QWNSPCLCHKR39H44HZ1ACHZHED","pay_way":"WXZF","result_code":"0","sign":"411798C1E4DB4422481AA7FA9C47123C","status":"0","third_order_id":"2018061121421154432"}

2018-06-11 21:42:18:参数:{"merchant_id":"6008005629","service":"query_status","third_order_id":"2018061121421154432","nonce_str":"EU27ZIH3CP4M8ATEFYQOOK49YJMN7ILU","sign":"C33FB3507558D3DC615725B102126CC3"}

2018-06-11 21:42:24:继续查询:{"resp_code":"0","amount":"2580","leshua_order_id":"1806112142100121","merchant_id":"6008005629","nonce_str":"ZFWY1V8CZUJJ7T3H2WZTEBIFHOKAGM8W","pay_way":"WXZF","result_code":"0","sign":"183EAAE256AC12C17EC6F8972E909851","status":"0","third_order_id":"2018061121421154432"}

2018-06-11 21:42:24:参数:{"merchant_id":"6008005629","service":"query_status","third_order_id":"2018061121421154432","nonce_str":"UBSGG53QKPKT7DKKO4VNARZNBST5VQ3Y","sign":"7FAFC23515CEF0CEE8F5C71921E0DE7E"}

2018-06-11 21:42:24:支付成功:{"resp_code":"0","amount":"2580","bank_type":"CFT","leshua_order_id":"1806112142100121","merchant_id":"6008005629","nonce_str":"B13R9CZLLUTI4HLCKM81QO8H8BLS7T4A","openid":"o8uJ6uEG949PYAwcCK_dAb4IDKRc","out_transaction_id":[],"pay_time":"2018-06-11 21:42:24","pay_way":"WXZF","result_code":"0","sign":"AB931FB8059747724428D6D748497E47","status":"2","third_order_id":"2018061121421154432"}

2018-06-11 21:49:17:参数:{"merchant_id":"6008005629","service":"query_status","third_order_id":"2018061121491758827","nonce_str":"JHUL200UYVRT71I098ETLW6HKQSZSW09","sign":"1F66E6E4E443EF9701CD45AEAC7D154F"}

2018-06-11 21:49:23:继续查询:{"resp_code":"0","amount":"2200","leshua_order_id":"1806112149123025","merchant_id":"6008005629","nonce_str":"CNKS4U96UVGOD5GYJ4O79XDQJW83CE8U","pay_way":"WXZF","result_code":"0","sign":"BA9666154A0BA28FCF2D4ABDF8BA9593","status":"0","third_order_id":"2018061121491758827"}

2018-06-11 21:49:23:参数:{"merchant_id":"6008005629","service":"query_status","third_order_id":"2018061121491758827","nonce_str":"E4HXDNDYY283E6TUX5ZI28H0DU6YQTAQ","sign":"B0E1F2E62B90380A616D0D87A45B4EDA"}

2018-06-11 21:49:29:继续查询:{"resp_code":"0","amount":"2200","leshua_order_id":"1806112149123025","merchant_id":"6008005629","nonce_str":"8LIRV0R92UJFSXAB772OUCDIP9448C68","pay_way":"WXZF","result_code":"0","sign":"361DC145BA4F4DC65B85E2F8B5D6430D","status":"0","third_order_id":"2018061121491758827"}

2018-06-11 21:49:29:参数:{"merchant_id":"6008005629","service":"query_status","third_order_id":"2018061121491758827","nonce_str":"OYEBZWA0GY6DKI1FWOL5RJ8EDL1HCJKW","sign":"631CCAC465C29FB3BFEBB842C52FFFB0"}

2018-06-11 21:49:34:继续查询:{"resp_code":"0","amount":"2200","leshua_order_id":"1806112149123025","merchant_id":"6008005629","nonce_str":"FF47P31N1FHG2DJRR38MV9W102U4TJQW","pay_way":"WXZF","result_code":"0","sign":"9023E1720C320514FAF6E9CE33638E8D","status":"0","third_order_id":"2018061121491758827"}

2018-06-11 21:49:34:参数:{"merchant_id":"6008005629","service":"query_status","third_order_id":"2018061121491758827","nonce_str":"QYRNJQB2IQ929CCLSH1DN3R68LH0UAUN","sign":"1EA7716F4CE61EAF27C304E9C1AF90BE"}

2018-06-11 21:49:40:继续查询:{"resp_code":"0","amount":"2200","leshua_order_id":"1806112149123025","merchant_id":"6008005629","nonce_str":"LEWBNFZGS3QYTGV3XPMFR91JD0N2XYP7","pay_way":"WXZF","result_code":"0","sign":"E5F954A1272A587E56FF68CEACEB2F32","status":"0","third_order_id":"2018061121491758827"}

2018-06-11 21:49:40:参数:{"merchant_id":"6008005629","service":"query_status","third_order_id":"2018061121491758827","nonce_str":"I7P3H2ZHBCVMUHBXXIGRQANQ46T9T81U","sign":"E14EC3DDED7D55701686EFF5F751BA00"}

2018-06-11 21:49:45:继续查询:{"resp_code":"0","amount":"2200","leshua_order_id":"1806112149123025","merchant_id":"6008005629","nonce_str":"ZY02ZVCCQQS7XZPKA3YDAHA0UGG784E9","pay_way":"WXZF","result_code":"0","sign":"CF62113F00B52B3688E55B12A4385400","status":"0","third_order_id":"2018061121491758827"}

2018-06-11 21:49:45:参数:{"merchant_id":"6008005629","service":"query_status","third_order_id":"2018061121491758827","nonce_str":"WGR164LY37M8N6QVQSRERP9YA88D05PN","sign":"B636CAAD819827829B411CE906A04B1C"}

2018-06-11 21:49:51:继续查询:{"resp_code":"0","amount":"2200","leshua_order_id":"1806112149123025","merchant_id":"6008005629","nonce_str":"VSTWJWS16X6LYGLWQHA66T7OF0KJC3XY","pay_way":"WXZF","result_code":"0","sign":"7A9FFC378533E39DCA1277304477D9F6","status":"0","third_order_id":"2018061121491758827"}

2018-06-11 21:49:51:参数:{"merchant_id":"6008005629","service":"query_status","third_order_id":"2018061121491758827","nonce_str":"513F9UELC9FZEHQKS8LRKD4JRQVVHX3F","sign":"EDCB0124FE9D3F94F9D3294EF25A6FAB"}

2018-06-11 22:27:26:参数:{"merchant_id":"6008005629","service":"query_status","third_order_id":"2018061122272297301","nonce_str":"L9MJLG2WT3JQVRMAHS4KP3412Z2OFWNI","sign":"BBDEBE27CDB71F4DCD46C4403DA86572"}

2018-06-11 22:27:26:支付失败:{"resp_code":"0","amount":"270","leshua_order_id":"1806112227222561","merchant_id":"6008005629","nonce_str":"B0DHWKHHNW45MQ27KWG8SOLH2J8JCI8D","pay_way":"WXZF","result_code":"0","sign":"CB1B32E124FF44BED14B8B10FC5622CE","status":"6","third_order_id":"2018061122272297301"}

