2018-05-13 01:18:21:参数:{"merchant_id":"6008005629","service":"query_status","third_order_id":"2018051301182085531","nonce_str":"S2WIRSTJKEMJZZCL8B0KLQBTWHR8VNIW","sign":"B448A939F3A94081E83172EEA36BB610"}

2018-05-13 01:18:26:继续查询:{"resp_code":"0","amount":"1580","leshua_order_id":"1805130118221746","merchant_id":"6008005629","nonce_str":"G21IVPDLCJ2IA48M902SCZQM0FHJURXY","pay_way":"WXZF","result_code":"0","sign":"86C8C46FD8A45193994435D3F3083784","status":"0","third_order_id":"2018051301182085531"}

2018-05-13 01:18:26:参数:{"merchant_id":"6008005629","service":"query_status","third_order_id":"2018051301182085531","nonce_str":"33K890H6Q0WVHBPS7P9TLJUWF3070F6W","sign":"FC5ABFABFD77ED6F2AD9DC8537CF5D07"}

2018-05-13 01:18:32:继续查询:{"resp_code":"0","amount":"1580","leshua_order_id":"1805130118221746","merchant_id":"6008005629","nonce_str":"5KDV7SLT6SKBHVTA0W8VAOX4O4QAL1GX","pay_way":"WXZF","result_code":"0","sign":"75C6CE5F7DF079AC65FC51D401E53D14","status":"0","third_order_id":"2018051301182085531"}

2018-05-13 01:18:32:参数:{"merchant_id":"6008005629","service":"query_status","third_order_id":"2018051301182085531","nonce_str":"1CP02TWKHFVQX3FRCMXAEINP7R2SIRIP","sign":"29F5D9DFB59081AC37888E477AC5FC3C"}

2018-05-13 01:18:37:继续查询:{"resp_code":"0","amount":"1580","leshua_order_id":"1805130118221746","merchant_id":"6008005629","nonce_str":"X7J0TKLI2RUCUGVE2DBXX7MRKV0NC91E","pay_way":"WXZF","result_code":"0","sign":"3C3FDB39CCFBB9DF157B372235BB5087","status":"0","third_order_id":"2018051301182085531"}

2018-05-13 01:18:37:参数:{"merchant_id":"6008005629","service":"query_status","third_order_id":"2018051301182085531","nonce_str":"5L6YQLRY6XD4W0NJNNYBK9ITJBAPZ7JK","sign":"5220CA4D2730BFB148501F31A265AE91"}

2018-05-13 01:18:38:支付成功:{"resp_code":"0","amount":"1580","bank_type":"CFT","leshua_order_id":"1805130118221746","merchant_id":"6008005629","nonce_str":"2Z8SRY2PF8FE604GN7MEY5883KIYL1YG","openid":"oRfOu1Q2ghVuUHF3LS68XFafEvCE","out_transaction_id":"4200000114201805138252018841","pay_time":"2018-05-13 01:18:37","pay_way":"WXZF","result_code":"0","sign":"C2682CB6C40A65C078C8506969B6C98E","status":"2","third_order_id":"2018051301182085531"}

2018-05-13 15:03:51:参数:{"merchant_id":"6008005629","service":"query_status","third_order_id":"2018051315034919251","nonce_str":"JTWL4U13ID3TROGUFD8KEQZZABWJIR8O","sign":"58AE866C771B2D53B01628568A2C818A"}

2018-05-13 15:03:56:继续查询:{"resp_code":"0","amount":"800","leshua_order_id":"1805131503408257","merchant_id":"6008005629","nonce_str":"7PGU8NR7JUIHJ4PYYILFQN2NTS4IMVKA","pay_way":"ZFBZF","result_code":"0","sign":"F60984E6C7AC6909DAC28316A9255BC4","status":"0","third_order_id":"2018051315034919251"}

2018-05-13 15:03:56:参数:{"merchant_id":"6008005629","service":"query_status","third_order_id":"2018051315034919251","nonce_str":"EBCHAB03RXHQ87IMIFRECMGE72CIPPT9","sign":"F7D15F639F5346AD121098022F9AE545"}

2018-05-13 15:04:02:继续查询:{"resp_code":"0","amount":"800","leshua_order_id":"1805131503408257","merchant_id":"6008005629","nonce_str":"0KC0C2IMJ07JY8584SB4O5V3NYBFT2VG","pay_way":"ZFBZF","result_code":"0","sign":"11201861FE1B1855D9DA53D8F49BBD5E","status":"0","third_order_id":"2018051315034919251"}

2018-05-13 15:04:02:参数:{"merchant_id":"6008005629","service":"query_status","third_order_id":"2018051315034919251","nonce_str":"NYFD7BNXT5FNACJR7DUXHE12Z8MJKKRM","sign":"0C883308E09CDD5000259192F1BFEFEF"}

2018-05-13 15:04:08:继续查询:{"resp_code":"0","amount":"800","leshua_order_id":"1805131503408257","merchant_id":"6008005629","nonce_str":"3NCQJUDBGUOJQHFRQYS76WMZENUF6P6Y","pay_way":"ZFBZF","result_code":"0","sign":"AA255924DF46578E926EDB18ABE7DE41","status":"0","third_order_id":"2018051315034919251"}

2018-05-13 15:04:08:参数:{"merchant_id":"6008005629","service":"query_status","third_order_id":"2018051315034919251","nonce_str":"M2N9ERF2Z3L89JQ8ECWU77891HJGZVZT","sign":"9210968321458272CA26306DE0A3B701"}

2018-05-13 15:04:13:继续查询:{"resp_code":"0","amount":"800","leshua_order_id":"1805131503408257","merchant_id":"6008005629","nonce_str":"SB7E0KEKG0CMH2GU2DZOB3PRVGHO34WD","pay_way":"ZFBZF","result_code":"0","sign":"92C16FBC16B02066896220EFD0625929","status":"0","third_order_id":"2018051315034919251"}

2018-05-13 15:04:13:参数:{"merchant_id":"6008005629","service":"query_status","third_order_id":"2018051315034919251","nonce_str":"2TPC9V8GZVE3EO60L15JPSMMNT5OXBTV","sign":"C2A3E5B62D36A48771460F46CE4B353D"}

2018-05-13 15:04:19:继续查询:{"resp_code":"0","amount":"800","leshua_order_id":"1805131503408257","merchant_id":"6008005629","nonce_str":"G0X3XQWTN7IXXAXYRY3P3RWPAJIM7VJA","pay_way":"ZFBZF","result_code":"0","sign":"54A5072ED129312AA4AEDE9FA5706B4A","status":"0","third_order_id":"2018051315034919251"}

2018-05-13 15:04:19:参数:{"merchant_id":"6008005629","service":"query_status","third_order_id":"2018051315034919251","nonce_str":"TSMMMF3T6BDWPT6CIP0QCR1TT5HHC7ZF","sign":"8E60B1EA3A5C9A42E94589CD6298D934"}

2018-05-13 15:04:24:继续查询:{"resp_code":"0","amount":"800","leshua_order_id":"1805131503408257","merchant_id":"6008005629","nonce_str":"CMMWA7VUHFHA36O0W7T0G0I5X1ACQM7I","pay_way":"ZFBZF","result_code":"0","sign":"0D5C5A09D1F3F4CED8CE0C27E0894D77","status":"0","third_order_id":"2018051315034919251"}

2018-05-13 15:04:24:参数:{"merchant_id":"6008005629","service":"query_status","third_order_id":"2018051315034919251","nonce_str":"ED4YHN7U1LEIZ0AWPSDQKSGJZD2P68DA","sign":"0410BD41081049A394D5CA5D54F2CAFE"}

2018-05-13 15:04:26:参数:{"merchant_id":"6008005629","service":"query_status","third_order_id":"2018051315034919251","nonce_str":"OT40UR3QFG71IS6D6SWP47JLXKFMK12A","sign":"1B7435C95EB544412D7E2E997229A7E9"}

2018-05-13 15:04:26:支付失败:{"resp_code":"0","amount":"800","leshua_order_id":"1805131503408257","merchant_id":"6008005629","nonce_str":"9DYDR1W56JSMSU2X01KL5EDZMSBC3W8N","pay_way":"ZFBZF","result_code":"0","sign":"3BC30C7CC212CD771D5DCFF33319ADAB","status":"6","third_order_id":"2018051315034919251"}

2018-05-13 17:31:50:参数:{"merchant_id":"6008005629","service":"query_status","third_order_id":"2018051317314796387","nonce_str":"LK763X7U22Y7RC8VD10F21ZN9LNBVAQ6","sign":"C179B2FBA3BFA917C9777D53CBD4F883"}

2018-05-13 17:31:55:继续查询:{"resp_code":"0","amount":"1110","leshua_order_id":"1805131731406099","merchant_id":"6008005629","nonce_str":"DZEZNADKYTH5DEFOWWXV4V2GWQG6S7PN","pay_way":"ZFBZF","result_code":"0","sign":"29421E34C982411EE8AE8EFB3E990F17","status":"0","third_order_id":"2018051317314796387"}

2018-05-13 17:31:55:参数:{"merchant_id":"6008005629","service":"query_status","third_order_id":"2018051317314796387","nonce_str":"1M3891HUKA6Y4X1X3BMOXW01536DGENQ","sign":"BF7BC3116986080D8AF46E920D838EFE"}

2018-05-13 17:32:01:继续查询:{"resp_code":"0","amount":"1110","leshua_order_id":"1805131731406099","merchant_id":"6008005629","nonce_str":"FQHRPEK8CZ6YM0MDHHAELW3JW1SJQ84S","pay_way":"ZFBZF","result_code":"0","sign":"C74247FFEC02D01477CCBC8722610CAE","status":"0","third_order_id":"2018051317314796387"}

2018-05-13 17:32:01:参数:{"merchant_id":"6008005629","service":"query_status","third_order_id":"2018051317314796387","nonce_str":"BOOPAJT29EUJ790C5MX3B1SL3KPTR8B8","sign":"BC69013B1B2AF7803442B6AAF9276F14"}

2018-05-13 17:32:01:支付成功:{"resp_code":"0","amount":"1110","bank_type":"DEBIT_CARD","leshua_order_id":"1805131731406099","merchant_id":"6008005629","nonce_str":"QL4AZWQNO6Y56SWJ1W07503J7BG9JJ9S","openid":"2088022186693346","out_transaction_id":"2018051321001004340564423056","pay_time":"2018-05-13 17:31:59","pay_way":"ZFBZF","result_code":"0","sign":"78F18061A70BDF05771CFF226793907D","status":"2","third_order_id":"2018051317314796387"}

2018-05-13 17:37:07:参数:{"merchant_id":"6008005629","service":"query_status","third_order_id":"2018051317370690490","nonce_str":"IZA3M4FIY8S3OC768PSQNGQXGN2VXPQO","sign":"5F430256DA4FE591F81A40F703897349"}

2018-05-13 17:37:13:继续查询:{"resp_code":"0","amount":"20","leshua_order_id":"1805131737024990","merchant_id":"6008005629","nonce_str":"BAC2PGICQQJ86PA2B4EU9Y5RALMBTR1F","pay_way":"WXZF","result_code":"0","sign":"72073CC18CE2283A9F4D648395C24C81","status":"0","third_order_id":"2018051317370690490"}

2018-05-13 17:37:13:参数:{"merchant_id":"6008005629","service":"query_status","third_order_id":"2018051317370690490","nonce_str":"517VH2G9MES1TC6V60NBWDV6HXA5R3Z3","sign":"B1B5937A2A14252E2DB39B12F1E26FBE"}

2018-05-13 17:37:18:继续查询:{"resp_code":"0","amount":"20","leshua_order_id":"1805131737024990","merchant_id":"6008005629","nonce_str":"WAA552V3AQBT3UZ5FVRR0H0D2XCMU4WM","pay_way":"WXZF","result_code":"0","sign":"8B234CFA87AAF734CBB4153F92933444","status":"0","third_order_id":"2018051317370690490"}

2018-05-13 17:37:18:参数:{"merchant_id":"6008005629","service":"query_status","third_order_id":"2018051317370690490","nonce_str":"FJXFHTXX2506Z7AWWCJP1KJY36C88UQM","sign":"0BC854D3CF4119DDF0E0F9BE373E8B01"}

2018-05-13 17:37:24:继续查询:{"resp_code":"0","amount":"20","leshua_order_id":"1805131737024990","merchant_id":"6008005629","nonce_str":"SLA0I1RUV3ZIMPPKR17EU9CR6IA3EQMB","pay_way":"WXZF","result_code":"0","sign":"92D9D19434C8F78F905C7FA66C311C9E","status":"0","third_order_id":"2018051317370690490"}

2018-05-13 17:37:24:参数:{"merchant_id":"6008005629","service":"query_status","third_order_id":"2018051317370690490","nonce_str":"Y4BCFAOPV1878SAXGJORCVAH6VB923GG","sign":"CF13371106FF3E4308BECA2B31272CB7"}

2018-05-13 17:37:29:继续查询:{"resp_code":"0","amount":"20","leshua_order_id":"1805131737024990","merchant_id":"6008005629","nonce_str":"KZVBVXHCR5TR8VKZIZH8945F3CSZ7H5I","pay_way":"WXZF","result_code":"0","sign":"0ADF1D12D2FE80CB1E32467D877547BF","status":"0","third_order_id":"2018051317370690490"}

2018-05-13 17:37:29:参数:{"merchant_id":"6008005629","service":"query_status","third_order_id":"2018051317370690490","nonce_str":"V9TBCMTHRZOBWDMD8G2JXS6QEE77AQPM","sign":"3B7893D0BC2A411A24409DD34A9F21F6"}

2018-05-13 17:37:35:继续查询:{"resp_code":"0","amount":"20","leshua_order_id":"1805131737024990","merchant_id":"6008005629","nonce_str":"OHY3FKB620AMOGQ07OZE8JF8WJM74K9V","pay_way":"WXZF","result_code":"0","sign":"83E9A5EDC3D0F2582D5292282DF868EB","status":"0","third_order_id":"2018051317370690490"}

2018-05-13 17:37:35:参数:{"merchant_id":"6008005629","service":"query_status","third_order_id":"2018051317370690490","nonce_str":"W9E13FDQTTNE8KCU0CQN4FIIFYF3EULL","sign":"3F7A93B2616DE3A4518D052EE89946C1"}

2018-05-13 17:37:35:支付成功:{"resp_code":"0","amount":"20","bank_type":"CFT","leshua_order_id":"1805131737024990","merchant_id":"6008005629","nonce_str":"KKAPIDVP2Q7NXV1LP6S2OSK6AR46ATMT","openid":"oRfOu1ZrXhLoy4XICqw9eXaQZet4","out_transaction_id":"4200000109201805138826527852","pay_time":"2018-05-13 17:37:35","pay_way":"WXZF","result_code":"0","sign":"67D399422A576C9FA08A8BC0B8844970","status":"2","third_order_id":"2018051317370690490"}

2018-05-13 17:41:28:参数:{"merchant_id":"6008005629","service":"query_status","third_order_id":"2018051317412789379","nonce_str":"T39IT3VS90E44CTCHVZF09VAPTLT7UPF","sign":"ECFFDFBA4A5C21708B7400EDCD1E5BCF"}

2018-05-13 17:41:33:继续查询:{"resp_code":"0","amount":"400","leshua_order_id":"1805131741226964","merchant_id":"6008005629","nonce_str":"3NK5SZBSZ4UVWU3D46PDPGAH62QU53I1","pay_way":"WXZF","result_code":"0","sign":"CEB516ACE7281EA699D60B0DC34ACC43","status":"0","third_order_id":"2018051317412789379"}

2018-05-13 17:41:33:参数:{"merchant_id":"6008005629","service":"query_status","third_order_id":"2018051317412789379","nonce_str":"SCY3RJVWLZ9SZRV3PJRT1YZXVMN0WB28","sign":"4A877034209D7B55453C9287E9D0BB06"}

2018-05-13 17:41:39:继续查询:{"resp_code":"0","amount":"400","leshua_order_id":"1805131741226964","merchant_id":"6008005629","nonce_str":"P7CCICLYZCOI2IVYXRSPKZN4OI8T9P54","pay_way":"WXZF","result_code":"0","sign":"90335C0042377A420F325F2FC86F0C88","status":"0","third_order_id":"2018051317412789379"}

2018-05-13 17:41:39:参数:{"merchant_id":"6008005629","service":"query_status","third_order_id":"2018051317412789379","nonce_str":"G8VJTOV18IYKY10146R9KAJ4GSD7LE3P","sign":"97AB58957B831FCEF741DA51005A1273"}

2018-05-13 17:41:44:继续查询:{"resp_code":"0","amount":"400","leshua_order_id":"1805131741226964","merchant_id":"6008005629","nonce_str":"1GCG3IEFFPKZAII17UT07RW0QOFRGN8T","pay_way":"WXZF","result_code":"0","sign":"1530943CE068C619975EDA5013BFB057","status":"0","third_order_id":"2018051317412789379"}

2018-05-13 17:41:44:参数:{"merchant_id":"6008005629","service":"query_status","third_order_id":"2018051317412789379","nonce_str":"8WOBW4VXSTL2NAREZMO2KBQE40IYWZ7V","sign":"725C0506F7A166517F66EBB5F30BF735"}

2018-05-13 17:41:50:继续查询:{"resp_code":"0","amount":"400","leshua_order_id":"1805131741226964","merchant_id":"6008005629","nonce_str":"8AJAZVS015GCTYVKIRKC0QZLMULN9239","pay_way":"WXZF","result_code":"0","sign":"13B9A7824964BC1024F320E651901279","status":"0","third_order_id":"2018051317412789379"}

2018-05-13 17:41:50:参数:{"merchant_id":"6008005629","service":"query_status","third_order_id":"2018051317412789379","nonce_str":"AKS4XE899BD4X5EJEFXLPGJG77192HID","sign":"1C3FC031ABC5A7F29E4A0DACB0155D84"}

2018-05-13 17:41:55:继续查询:{"resp_code":"0","amount":"400","leshua_order_id":"1805131741226964","merchant_id":"6008005629","nonce_str":"V2GJ6QPCUHJ1YQOAS0FO958Y1F50N7GM","pay_way":"WXZF","result_code":"0","sign":"DD462BF94F8887338216F1162AE52E70","status":"0","third_order_id":"2018051317412789379"}

2018-05-13 17:41:55:参数:{"merchant_id":"6008005629","service":"query_status","third_order_id":"2018051317412789379","nonce_str":"MY8Q27GIWP12FRNSEW85KXF8HDF00ETQ","sign":"94F667E40EF53E0493AAC256A350C1C1"}

2018-05-13 17:42:00:继续查询:{"resp_code":"0","amount":"400","leshua_order_id":"1805131741226964","merchant_id":"6008005629","nonce_str":"G8876EEQSO6M7CNOR1JTE1EBHTUX44U3","pay_way":"WXZF","result_code":"0","sign":"56B1EBCA3A1339BA576507B1D33EE6B7","status":"0","third_order_id":"2018051317412789379"}

2018-05-13 17:42:00:参数:{"merchant_id":"6008005629","service":"query_status","third_order_id":"2018051317412789379","nonce_str":"NR7POQPVX9KGDGHLL8VIRYYENG3MTSCF","sign":"357C5DCC52310792543CE693FDDEB24B"}

2018-05-13 17:42:01:参数:{"merchant_id":"6008005629","service":"query_status","third_order_id":"2018051317412789379","nonce_str":"H3HCX4V9R4A7W9N4LNBD89983QCYKM3O","sign":"819E8FE82A8C0BDB7B826E81BDDE8891"}

2018-05-13 17:42:02:支付失败:{"resp_code":"0","amount":"400","leshua_order_id":"1805131741226964","merchant_id":"6008005629","nonce_str":"MLDJ5342UQ421YJW3E9R5TWG01KOHYBS","pay_way":"WXZF","result_code":"0","sign":"4BC2CF559311C9453F19E6E8EB13BA1D","status":"6","third_order_id":"2018051317412789379"}

2018-05-13 20:03:17:参数:{"merchant_id":"6008005629","service":"query_status","third_order_id":"2018051320031668279","nonce_str":"OZGBEQ5LEGYFV2Y67OQFT0V09U3PK9DC","sign":"588CFC3D6A37AF9C138D4F1BA1DBCA46"}

2018-05-13 20:03:23:继续查询:{"resp_code":"0","amount":"350","leshua_order_id":"1805132003136720","merchant_id":"6008005629","nonce_str":"NQ64RKKGZBW8LYB79KBSPWYHAYC6UUB3","pay_way":"WXZF","result_code":"0","sign":"294D7D35E2432BC38D37200BF1B4D7F9","status":"0","third_order_id":"2018051320031668279"}

2018-05-13 20:03:23:参数:{"merchant_id":"6008005629","service":"query_status","third_order_id":"2018051320031668279","nonce_str":"CCR5TJ27O59V2O9UTMUM37M7XJR30N89","sign":"AAE2CBCDE2B57C8201BD70C6661C223D"}

2018-05-13 20:03:28:继续查询:{"resp_code":"0","amount":"350","leshua_order_id":"1805132003136720","merchant_id":"6008005629","nonce_str":"5AJIA330F60L9Q6PXX09E53BN2C9JNSC","pay_way":"WXZF","result_code":"0","sign":"34F412C89C7644FBFAEDC85CE97BAE7D","status":"0","third_order_id":"2018051320031668279"}

2018-05-13 20:03:28:参数:{"merchant_id":"6008005629","service":"query_status","third_order_id":"2018051320031668279","nonce_str":"TWWWRHW1N2YNZI4ZMYB0T0E81MPWMAUJ","sign":"A77C7DA111D642DCD5C02719E8CC3642"}

2018-05-13 20:03:33:继续查询:{"resp_code":"0","amount":"350","leshua_order_id":"1805132003136720","merchant_id":"6008005629","nonce_str":"05LK6UHCSUCLZ6TLRMJDNYP4635BQ311","pay_way":"WXZF","result_code":"0","sign":"2F57AFF13DF8B90F54DDF97C48D527DE","status":"0","third_order_id":"2018051320031668279"}

2018-05-13 20:03:33:参数:{"merchant_id":"6008005629","service":"query_status","third_order_id":"2018051320031668279","nonce_str":"48CHDVMV2XYIH809T7WAZATP335UZ2Y8","sign":"3607A2675B2A5A221EEEBBBC33409B95"}

2018-05-13 20:03:39:继续查询:{"resp_code":"0","amount":"350","leshua_order_id":"1805132003136720","merchant_id":"6008005629","nonce_str":"1OPK8FS8OVXHHKSKQ4DGSB2AN6ZSYPMG","pay_way":"WXZF","result_code":"0","sign":"6DDBCD39A9836CBCF837275478238533","status":"0","third_order_id":"2018051320031668279"}

2018-05-13 20:03:39:参数:{"merchant_id":"6008005629","service":"query_status","third_order_id":"2018051320031668279","nonce_str":"27O696FSE2YKFSANJ16XL8NVR173RDKS","sign":"467E019674E1ACD9DFEF2F3D1BA83FA6"}

2018-05-13 20:03:44:继续查询:{"resp_code":"0","amount":"350","leshua_order_id":"1805132003136720","merchant_id":"6008005629","nonce_str":"900LIWNRLAFDFHQ79EH05SIP5MUZHG9O","pay_way":"WXZF","result_code":"0","sign":"B15CFEA984114F371E3B60F4AC9E7B4B","status":"0","third_order_id":"2018051320031668279"}

2018-05-13 20:03:44:参数:{"merchant_id":"6008005629","service":"query_status","third_order_id":"2018051320031668279","nonce_str":"79192241F9IFZFYJEO0FHHFFM9VA0GGZ","sign":"BC06A355E61912B7861B1DA19070ECC8"}

2018-05-13 20:03:50:继续查询:{"resp_code":"0","amount":"350","leshua_order_id":"1805132003136720","merchant_id":"6008005629","nonce_str":"C75IQUVCSWUWRFQZ437FOTI3L4SOAD27","pay_way":"WXZF","result_code":"0","sign":"4216C8A1FA17E171AF90554F92A4BE41","status":"0","third_order_id":"2018051320031668279"}

2018-05-13 20:03:50:参数:{"merchant_id":"6008005629","service":"query_status","third_order_id":"2018051320031668279","nonce_str":"OZ7LDEG3T0PNUU9JVQSCQWZ1TRS4MOZM","sign":"5044112F165EBAF706047F98B04D334C"}

2018-05-13 20:03:50:参数:{"merchant_id":"6008005629","service":"query_status","third_order_id":"2018051320031668279","nonce_str":"EK9J93D4SYWWE6LZY4ACFEQ1U8H0M26Y","sign":"28071F2DE805D7816836254C4FA8180B"}

2018-05-13 20:03:51:支付失败:{"resp_code":"0","amount":"350","leshua_order_id":"1805132003136720","merchant_id":"6008005629","nonce_str":"N3YEHLVQVARYVQNIV2GX3J0HN6O8RCN9","pay_way":"WXZF","result_code":"0","sign":"BCFF8C00489E5C109EA22F2D42E7C0D0","status":"6","third_order_id":"2018051320031668279"}

2018-05-13 20:32:52:参数:{"merchant_id":"6008005629","service":"query_status","third_order_id":"2018051320325166172","nonce_str":"ERKNZ7MWMVCZFAOPS5OBII9RSF2HXNPA","sign":"512BA1EAE79A374445EFB0D9DD132737"}

2018-05-13 20:32:57:继续查询:{"resp_code":"0","amount":"1040","leshua_order_id":"1805132032522003","merchant_id":"6008005629","nonce_str":"PITNXNM52TUOSFTXZQWOLVQD9V4ZUVN9","pay_way":"WXZF","result_code":"0","sign":"9E1A6EA63A2D8486D59E107A714DB052","status":"0","third_order_id":"2018051320325166172"}

2018-05-13 20:32:57:参数:{"merchant_id":"6008005629","service":"query_status","third_order_id":"2018051320325166172","nonce_str":"ARSA57WLIQVQH5UD9L907W63F8P5FU6D","sign":"B899A7B63BAB24A9328A4EF0D75FB937"}

2018-05-13 20:32:58:支付成功:{"resp_code":"0","amount":"1040","bank_type":"CFT","leshua_order_id":"1805132032522003","merchant_id":"6008005629","nonce_str":"4WYFONG985B51VSVMW5N42872GFMID3U","openid":"oRfOu1Sip_ol2AbL7Hq61sOh51PA","out_transaction_id":"4200000125201805138682642434","pay_time":"2018-05-13 20:32:57","pay_way":"WXZF","result_code":"0","sign":"7AEF38C729FE8EF4503931A391785C43","status":"2","third_order_id":"2018051320325166172"}

