2018-04-26 09:26:53:参数:{"merchant_id":"6008005629","service":"query_status","third_order_id":"2018042609265127658","nonce_str":"J2XQHSX8S3DJX6B1OPV0JDFQKAD6OALJ","sign":"FB8E4B12AE1C11886DEB68BECBA3F0C8"}

2018-04-26 09:26:59:继续查询:{"resp_code":"0","amount":"2690","leshua_order_id":"1804260926535757","merchant_id":"6008005629","nonce_str":"Y9ZPFENHMBWW0O0X8JPJAVMJRQ7Q740S","pay_way":"ZFBZF","result_code":"0","sign":"5F9381F1114A3B8172F5751726B34E20","status":"0","third_order_id":"2018042609265127658"}

2018-04-26 09:26:59:参数:{"merchant_id":"6008005629","service":"query_status","third_order_id":"2018042609265127658","nonce_str":"CR48YNBRBYGZ7PD5S4NL334DVLV0X96J","sign":"D5EC2D9E81DB86DC4BF8AA44D6E2AA2C"}

2018-04-26 09:27:04:继续查询:{"resp_code":"0","amount":"2690","leshua_order_id":"1804260926535757","merchant_id":"6008005629","nonce_str":"YYTK1GY5PMDVXE2O1QE7010Q5MZFZE0D","pay_way":"ZFBZF","result_code":"0","sign":"0EEAD4792C5FF52C5CFF1D33DA9F4010","status":"0","third_order_id":"2018042609265127658"}

2018-04-26 09:27:04:参数:{"merchant_id":"6008005629","service":"query_status","third_order_id":"2018042609265127658","nonce_str":"5E529H5K6VTNHOJI9DZKXIZ4RZXUO12N","sign":"559568F1FE468653AC0CFD707CBD5B2A"}

2018-04-26 09:27:04:支付成功:{"resp_code":"0","amount":"2690","bank_type":"ALIPAYACCOUNT","leshua_order_id":"1804260926535757","merchant_id":"6008005629","nonce_str":"46IIHSLSBDZV9J4L19F1VS3YYHBRQNK4","openid":"2088812820232154","out_transaction_id":"2018042621001004150591297982","pay_time":"2018-04-26 09:27:04","pay_way":"ZFBZF","result_code":"0","sign":"94C926ED4473B3918B6961CC268D5B97","status":"2","third_order_id":"2018042609265127658"}

2018-04-26 10:51:00:参数:{"merchant_id":"6008005629","service":"query_status","third_order_id":"2018042610505997469","nonce_str":"HHP84EN4ZMZAC3ZM3HSE7DMX2IZ2VATX","sign":"46B166F83C60F2AF1AA71D35176301D1"}

2018-04-26 10:51:05:继续查询:{"resp_code":"0","amount":"2010","leshua_order_id":"1804261050524173","merchant_id":"6008005629","nonce_str":"ATV0Y0U7PKGAIFWWG4PY2P0Z03BC0MFU","pay_way":"WXZF","result_code":"0","sign":"8A01D64E69628567E3C83E63ADB8FB79","status":"0","third_order_id":"2018042610505997469"}

2018-04-26 10:51:05:参数:{"merchant_id":"6008005629","service":"query_status","third_order_id":"2018042610505997469","nonce_str":"5E3R7LO6EIOF4JQ1O6XKCIPQCQ8YZ5Z5","sign":"43632A7BC7C54279A9A2FF5218B5461E"}

2018-04-26 10:51:11:继续查询:{"resp_code":"0","amount":"2010","leshua_order_id":"1804261050524173","merchant_id":"6008005629","nonce_str":"CLW4UDHB95P3FKZG3W0PTDCYSC52NUZK","pay_way":"WXZF","result_code":"0","sign":"B08F31BA4C722A52A3882E0D32F9E200","status":"0","third_order_id":"2018042610505997469"}

2018-04-26 10:51:11:参数:{"merchant_id":"6008005629","service":"query_status","third_order_id":"2018042610505997469","nonce_str":"Q42J917QCF6NP6CTB0UGBNBH17Z626NF","sign":"DD104F6E5F4FA63CF47269E14E96F8D9"}

2018-04-26 10:51:16:继续查询:{"resp_code":"0","amount":"2010","leshua_order_id":"1804261050524173","merchant_id":"6008005629","nonce_str":"K1PDEEU7FSG71TX85SAB1OKAZIEVRHF2","pay_way":"WXZF","result_code":"0","sign":"1ACAFED9AAFCD2F6698EDF926BFE0B13","status":"0","third_order_id":"2018042610505997469"}

2018-04-26 10:51:16:参数:{"merchant_id":"6008005629","service":"query_status","third_order_id":"2018042610505997469","nonce_str":"PI7Z5QXVT66AVM3WF8XKDP7KNP90Q3L4","sign":"E7770FB3DFA6A138B9C97A2DB6B29F11"}

2018-04-26 10:51:22:继续查询:{"resp_code":"0","amount":"2010","leshua_order_id":"1804261050524173","merchant_id":"6008005629","nonce_str":"S5QFEKV13CRZN0UAFBCO8FCY2OFSEXVP","pay_way":"WXZF","result_code":"0","sign":"76FEFD520DBDA8F9A5E018E23761B456","status":"0","third_order_id":"2018042610505997469"}

2018-04-26 10:51:22:参数:{"merchant_id":"6008005629","service":"query_status","third_order_id":"2018042610505997469","nonce_str":"L6PYVHY5OZYW6A6CQ6Y6VVSL6KFS5AXL","sign":"DECA0151D50CC6B87A626C13F3DC4DA0"}

2018-04-26 10:51:28:继续查询:{"resp_code":"0","amount":"2010","leshua_order_id":"1804261050524173","merchant_id":"6008005629","nonce_str":"8C9UZJZ714LA8BAOW9GPQ0RXJP0DQLI9","pay_way":"WXZF","result_code":"0","sign":"2FA0261376FED76F97E19C61837FC7C6","status":"0","third_order_id":"2018042610505997469"}

2018-04-26 10:51:28:参数:{"merchant_id":"6008005629","service":"query_status","third_order_id":"2018042610505997469","nonce_str":"7HBFEX5PU4QUWHOTCOQQZ1YOW75G2ID1","sign":"331F9B7F08DA52FD6D105ABF9B655C39"}

2018-04-26 10:51:34:继续查询:{"resp_code":"0","amount":"2010","leshua_order_id":"1804261050524173","merchant_id":"6008005629","nonce_str":"CFE63YU8JW705OC4NLPBD1PXC9GVO787","pay_way":"WXZF","result_code":"0","sign":"53FAEE31577DC94AFE43E9B31A0BAE51","status":"0","third_order_id":"2018042610505997469"}

2018-04-26 10:51:34:参数:{"merchant_id":"6008005629","service":"query_status","third_order_id":"2018042610505997469","nonce_str":"JXGHZANCI3MS0UEL7N6MZL5DYMFUQCBQ","sign":"812233B7997235E688A61159912A2155"}

2018-04-26 10:51:39:继续查询:{"resp_code":"0","amount":"2010","leshua_order_id":"1804261050524173","merchant_id":"6008005629","nonce_str":"94BKWUF1XB200VTQAP20X3030ERLTY6H","pay_way":"WXZF","result_code":"0","sign":"EE8CDE99F58A7F019F261B44436A8EAC","status":"0","third_order_id":"2018042610505997469"}

2018-04-26 10:51:39:参数:{"merchant_id":"6008005629","service":"query_status","third_order_id":"2018042610505997469","nonce_str":"0FDX18ZE3JNUGHD3515186PJIN5YSAIH","sign":"316290516006077BBF5D24BA6CF7F0FE"}

2018-04-26 10:51:44:继续查询:{"resp_code":"0","amount":"2010","leshua_order_id":"1804261050524173","merchant_id":"6008005629","nonce_str":"WL2NQAQRJK42G616Q9C1LFXCMOAGSXYN","pay_way":"WXZF","result_code":"0","sign":"8CA2613A05D1697EC845F0B5AEF9D43D","status":"0","third_order_id":"2018042610505997469"}

2018-04-26 10:51:44:参数:{"merchant_id":"6008005629","service":"query_status","third_order_id":"2018042610505997469","nonce_str":"BZTX78VNBNYQONEVI4CV75J3HMQ0KFZ3","sign":"04F4DFD8C9E31FDE7F1E561FC996AB8B"}

2018-04-26 10:51:50:继续查询:{"resp_code":"0","amount":"2010","leshua_order_id":"1804261050524173","merchant_id":"6008005629","nonce_str":"0RHBLULGPCXI161KJA750KHFBVOMPAWT","pay_way":"WXZF","result_code":"0","sign":"33E9732627688445CC6EC7FD645864EA","status":"0","third_order_id":"2018042610505997469"}

2018-04-26 10:51:50:参数:{"merchant_id":"6008005629","service":"query_status","third_order_id":"2018042610505997469","nonce_str":"YEJ21K1BYO8CG7LTGSX33CK8UTUE5PR6","sign":"0CAC88E947A8D708C5132BEDB0CBCA7C"}

2018-04-26 10:51:55:继续查询:{"resp_code":"0","amount":"2010","leshua_order_id":"1804261050524173","merchant_id":"6008005629","nonce_str":"JQP1T9PMQYVSAR2AQHMEIONXMOF6FWB3","pay_way":"WXZF","result_code":"0","sign":"231EECA68CA62C972EE7E9A20FE3847D","status":"0","third_order_id":"2018042610505997469"}

2018-04-26 10:51:55:参数:{"merchant_id":"6008005629","service":"query_status","third_order_id":"2018042610505997469","nonce_str":"HOL50F85A8FBESDC2YNUZ8E7LRIG2X09","sign":"AFE2239BACD616CFD683D76C8D88A616"}

2018-04-26 10:52:00:继续查询:{"resp_code":"0","amount":"2010","leshua_order_id":"1804261050524173","merchant_id":"6008005629","nonce_str":"YE7T6VKR7FMFW9I0UWHPX0NVML78OOR0","pay_way":"WXZF","result_code":"0","sign":"ECE878E477217C07390090C8E2B84361","status":"0","third_order_id":"2018042610505997469"}

2018-04-26 10:52:00:参数:{"merchant_id":"6008005629","service":"query_status","third_order_id":"2018042610505997469","nonce_str":"WSI6AQF47VVO2PVSVV4BTGOKYI63I2ZP","sign":"6D88B403A8F41D594B9876FD10B5B271"}

2018-04-26 10:52:06:继续查询:{"resp_code":"0","amount":"2010","leshua_order_id":"1804261050524173","merchant_id":"6008005629","nonce_str":"O8STUJVVJ0O025PCPEA0LB0GF5A5ZNZR","pay_way":"WXZF","result_code":"0","sign":"1398B0CC6EDB681D589375B30CCCEF7A","status":"0","third_order_id":"2018042610505997469"}

2018-04-26 16:40:58:参数:{"merchant_id":"6008005629","service":"query_status","third_order_id":"2018042616405528530","nonce_str":"Y93AE06PP6QCWESZMZJWE1YZD22AKLUM","sign":"4B03CF5F68C545E7C1358C418C301348"}

2018-04-26 16:41:03:继续查询:{"resp_code":"0","amount":"1350","leshua_order_id":"1804261640521635","merchant_id":"6008005629","nonce_str":"DJGPXZ0X4PR48JWND0BTHWL1PI5WXUYF","pay_way":"WXZF","result_code":"0","sign":"09DC625B9A49173605BC6B1B5D1AA637","status":"0","third_order_id":"2018042616405528530"}

2018-04-26 16:41:03:参数:{"merchant_id":"6008005629","service":"query_status","third_order_id":"2018042616405528530","nonce_str":"I2Y2N4F1FZTCETU3ZOR8WGP3WRAM8F86","sign":"645D7DB79EAFC4806D5F31E5A058C617"}

2018-04-26 16:41:09:继续查询:{"resp_code":"0","amount":"1350","leshua_order_id":"1804261640521635","merchant_id":"6008005629","nonce_str":"FFC7ZHS3MY9MTK51JT2BRT179TB8POZF","pay_way":"WXZF","result_code":"0","sign":"FBA796CAC13498B0AC1CFC8EFB6265ED","status":"0","third_order_id":"2018042616405528530"}

2018-04-26 16:41:09:参数:{"merchant_id":"6008005629","service":"query_status","third_order_id":"2018042616405528530","nonce_str":"CHDUY0F6KAO17N1A4ITLUXW2VNCZRFP6","sign":"319A5F8DE827AE7996A595B4220EB97A"}

2018-04-26 16:41:14:继续查询:{"resp_code":"0","amount":"1350","leshua_order_id":"1804261640521635","merchant_id":"6008005629","nonce_str":"U4GDDMVCVVQ4ZE5NLX51RBN5FT2401EG","pay_way":"WXZF","result_code":"0","sign":"3276D25CCF842F57A285D1F2CB879490","status":"0","third_order_id":"2018042616405528530"}

2018-04-26 16:41:14:参数:{"merchant_id":"6008005629","service":"query_status","third_order_id":"2018042616405528530","nonce_str":"Q3C5EZRGH8JRYXHWMODF4NCFGKWCS8BC","sign":"647852203DDB03058D94641AF0E8E5BB"}

2018-04-26 16:41:20:继续查询:{"resp_code":"0","amount":"1350","leshua_order_id":"1804261640521635","merchant_id":"6008005629","nonce_str":"MM0CM017WFN8Z0XRW0FQ4GN2CJHIJGQ8","pay_way":"WXZF","result_code":"0","sign":"20869214140D7BF01DD96804C682956C","status":"0","third_order_id":"2018042616405528530"}

2018-04-26 16:41:20:参数:{"merchant_id":"6008005629","service":"query_status","third_order_id":"2018042616405528530","nonce_str":"5S5RBCH46O92ZR8QFIEOJGHRVAWMGJO8","sign":"220DADA2065BAB0F3FECBBDC96ADA6C4"}

2018-04-26 16:41:25:继续查询:{"resp_code":"0","amount":"1350","leshua_order_id":"1804261640521635","merchant_id":"6008005629","nonce_str":"K1BY0SNPVVPHIBHRGK0E1FBQ9YXOT1YL","pay_way":"WXZF","result_code":"0","sign":"0BAE1696001B4A549912265AE3269A82","status":"0","third_order_id":"2018042616405528530"}

2018-04-26 16:41:25:参数:{"merchant_id":"6008005629","service":"query_status","third_order_id":"2018042616405528530","nonce_str":"LXSNP2UFQ368L4CEPDEN3YUCOB5BJI4Q","sign":"6630F635B2428033FFC08DBA6C1E0F3A"}

2018-04-26 16:41:31:继续查询:{"resp_code":"0","amount":"1350","leshua_order_id":"1804261640521635","merchant_id":"6008005629","nonce_str":"CUFE276KINVBEP0UM5SBA92AKAB276RY","pay_way":"WXZF","result_code":"0","sign":"A9A31A6397918F2F45ACA3C2618BD8E3","status":"0","third_order_id":"2018042616405528530"}

2018-04-26 16:41:31:参数:{"merchant_id":"6008005629","service":"query_status","third_order_id":"2018042616405528530","nonce_str":"9HEUUG6TM8JT7QL27PI5PX37DDQWP48N","sign":"2B5B50E8C1A6CC894F0B0C47C5DCD011"}

2018-04-26 16:41:36:继续查询:{"resp_code":"0","amount":"1350","leshua_order_id":"1804261640521635","merchant_id":"6008005629","nonce_str":"2S23YQIH0GXLMZAOBZOOLHYOTGLWMSJA","pay_way":"WXZF","result_code":"0","sign":"B6CC2CED525189A8427041E22634DED1","status":"0","third_order_id":"2018042616405528530"}

2018-04-26 16:41:36:参数:{"merchant_id":"6008005629","service":"query_status","third_order_id":"2018042616405528530","nonce_str":"93NMM86JFJWRSUD1VWMBPM6DYWQG3P2F","sign":"99815461A3C2ED6943CBC46D666449AE"}

2018-04-26 16:41:41:继续查询:{"resp_code":"0","amount":"1350","leshua_order_id":"1804261640521635","merchant_id":"6008005629","nonce_str":"FLW2WJ3O0A6MUY8JK2I5WKOJ1R2LBWMJ","pay_way":"WXZF","result_code":"0","sign":"F3312BF66E8443A76DBD1368D5AD63E5","status":"0","third_order_id":"2018042616405528530"}

2018-04-26 16:41:41:参数:{"merchant_id":"6008005629","service":"query_status","third_order_id":"2018042616405528530","nonce_str":"5ZX0I0LHBT0JENXGLNLEKKTBOU74WHTO","sign":"AB0869F32DC3531FBC790DCEA3239CD3"}

2018-04-26 16:41:47:继续查询:{"resp_code":"0","amount":"1350","leshua_order_id":"1804261640521635","merchant_id":"6008005629","nonce_str":"KV3F968Y1BZ9TRLVGN67GI0RTFLPFCT4","pay_way":"WXZF","result_code":"0","sign":"B944CF93A2F87ED4DC21A43498DEFF66","status":"0","third_order_id":"2018042616405528530"}

2018-04-26 16:41:47:参数:{"merchant_id":"6008005629","service":"query_status","third_order_id":"2018042616405528530","nonce_str":"RB8F852ALDFN9KJV6VNJZNKO97D5XCEA","sign":"B6F65630791B104E6640B03EB371699C"}

2018-04-26 16:41:52:继续查询:{"resp_code":"0","amount":"1350","leshua_order_id":"1804261640521635","merchant_id":"6008005629","nonce_str":"BI45SQHFJZSLS5UIHM13ABH5GITQ1LHQ","pay_way":"WXZF","result_code":"0","sign":"5292FC2BE51B9B0D1FC2345964AAB5A4","status":"0","third_order_id":"2018042616405528530"}

2018-04-26 16:41:52:参数:{"merchant_id":"6008005629","service":"query_status","third_order_id":"2018042616405528530","nonce_str":"ZM0V31JS3IKZMREPHXLNBDYB0LPREN15","sign":"4B95B74ADAF61BBBABAB667FFEB057D9"}

2018-04-26 16:41:58:继续查询:{"resp_code":"0","amount":"1350","leshua_order_id":"1804261640521635","merchant_id":"6008005629","nonce_str":"X9I9Z982S7D0XWAJTF8YFELA724W2XD8","pay_way":"WXZF","result_code":"0","sign":"B67957AA32A1C3C6C7B61B02E6BB4985","status":"0","third_order_id":"2018042616405528530"}

2018-04-26 16:41:58:参数:{"merchant_id":"6008005629","service":"query_status","third_order_id":"2018042616405528530","nonce_str":"JI3IKZS6ZJJ2U5CYCFO8FKBE4QUCSMNE","sign":"0BE0AC87B128D3B02C3A89672D740B27"}

2018-04-26 16:42:03:继续查询:{"resp_code":"0","amount":"1350","leshua_order_id":"1804261640521635","merchant_id":"6008005629","nonce_str":"QMTZJU9WFF8V68R9I0N872PYYSLQHN94","pay_way":"WXZF","result_code":"0","sign":"B3E248AD2A12A703AD80AF598FDD4501","status":"0","third_order_id":"2018042616405528530"}

2018-04-26 16:42:07:参数:{"merchant_id":"6008005629","service":"query_status","third_order_id":"2018042616420562559","nonce_str":"P2ERA24TV5ZGEPQJYUV49KSXOZYYFU4U","sign":"F23666E108F2B0A8445F93C50D773CF4"}

2018-04-26 16:42:13:继续查询:{"resp_code":"0","amount":"1350","leshua_order_id":"1804261642022232","merchant_id":"6008005629","nonce_str":"6J2H7Y3DM1FPG39DTKGBL51JN7H7IFUZ","pay_way":"WXZF","result_code":"0","sign":"8425F628A6B16D4246B431A41EE76080","status":"0","third_order_id":"2018042616420562559"}

2018-04-26 16:42:13:参数:{"merchant_id":"6008005629","service":"query_status","third_order_id":"2018042616420562559","nonce_str":"IJZ3W77SH190M5OBW2LMYKURJRBYKR30","sign":"E756823CCFA41B16EB6D1572AC191DDA"}

2018-04-26 16:42:18:继续查询:{"resp_code":"0","amount":"1350","leshua_order_id":"1804261642022232","merchant_id":"6008005629","nonce_str":"8JJF46Q62S1LB2Y40S1EM5M1YQOHSAAG","pay_way":"WXZF","result_code":"0","sign":"765F8520A5AE3B8D5502ACABE06BC9BA","status":"0","third_order_id":"2018042616420562559"}

2018-04-26 16:42:18:参数:{"merchant_id":"6008005629","service":"query_status","third_order_id":"2018042616420562559","nonce_str":"YR0TO4OZ5O6FLYP247C1QE5GN1WO7YJG","sign":"E679FF33132F757BE59EE2E8AA0071B3"}

2018-04-26 16:42:24:继续查询:{"resp_code":"0","amount":"1350","leshua_order_id":"1804261642022232","merchant_id":"6008005629","nonce_str":"U7RQYH73IGH7V5ZIPYFVIZ3C5G9Q72U6","pay_way":"WXZF","result_code":"0","sign":"69258CDF4CE244E9E1243DB85ACA8E3B","status":"0","third_order_id":"2018042616420562559"}

2018-04-26 16:42:24:参数:{"merchant_id":"6008005629","service":"query_status","third_order_id":"2018042616420562559","nonce_str":"NHPJFZSZ8SY8ZU0TEVNTCVNBDC5TVQ9P","sign":"62C986671CF8A29F091329635B25F0A0"}

2018-04-26 16:42:29:继续查询:{"resp_code":"0","amount":"1350","leshua_order_id":"1804261642022232","merchant_id":"6008005629","nonce_str":"P81O940FSKGS59NSTR13R0EVDI1O0HBK","pay_way":"WXZF","result_code":"0","sign":"8B6374F2CD3AD368DD6DB0EF57F1DD0B","status":"0","third_order_id":"2018042616420562559"}

2018-04-26 16:42:29:参数:{"merchant_id":"6008005629","service":"query_status","third_order_id":"2018042616420562559","nonce_str":"R6DM7HIY87PIGVXHZC29FNJE3GPJVL3D","sign":"402518CB31D107C57FA5205725349139"}

2018-04-26 16:42:35:继续查询:{"resp_code":"0","amount":"1350","leshua_order_id":"1804261642022232","merchant_id":"6008005629","nonce_str":"UNG2JWQLC992EU748N8G4ELHQJFSVT40","pay_way":"WXZF","result_code":"0","sign":"988891EB3DAF4FD7875369B14E6BD81A","status":"0","third_order_id":"2018042616420562559"}

2018-04-26 16:42:35:参数:{"merchant_id":"6008005629","service":"query_status","third_order_id":"2018042616420562559","nonce_str":"MQRSLVYDAWPOEV6RSRX35Y24AOTH5UYB","sign":"44CADF2575E7C558DB4ECC9215C6A519"}

2018-04-26 16:42:40:继续查询:{"resp_code":"0","amount":"1350","leshua_order_id":"1804261642022232","merchant_id":"6008005629","nonce_str":"QXV2NPCY6N6T67BDWRJ7VQXJ9J79G4T3","pay_way":"WXZF","result_code":"0","sign":"BC33A89E405087B774793F6B5556BA26","status":"0","third_order_id":"2018042616420562559"}

2018-04-26 16:42:40:参数:{"merchant_id":"6008005629","service":"query_status","third_order_id":"2018042616420562559","nonce_str":"54PTCDTGBM37X0A868XHEZQVKUEI3J64","sign":"BB247BCC45EE561C4903A88422764884"}

2018-04-26 16:42:45:继续查询:{"resp_code":"0","amount":"1350","leshua_order_id":"1804261642022232","merchant_id":"6008005629","nonce_str":"LG06E3XS0EYCY05NRO78B8T2YGXKIKSQ","pay_way":"WXZF","result_code":"0","sign":"F947B9620F9AB96F71F2CB99137D3E69","status":"0","third_order_id":"2018042616420562559"}

2018-04-26 16:42:45:参数:{"merchant_id":"6008005629","service":"query_status","third_order_id":"2018042616420562559","nonce_str":"PCKWEY7ZD5DXRXI3ZF4Q065L55JLU17D","sign":"319714191E0D37A175A802BEFE4A4A5F"}

2018-04-26 16:42:51:继续查询:{"resp_code":"0","amount":"1350","leshua_order_id":"1804261642022232","merchant_id":"6008005629","nonce_str":"AB8NQXO0LIBKALWVEMM183XIH5B19LZA","pay_way":"WXZF","result_code":"0","sign":"F077EDB0E495242669F0F99E86E5C84E","status":"0","third_order_id":"2018042616420562559"}

2018-04-26 16:42:51:参数:{"merchant_id":"6008005629","service":"query_status","third_order_id":"2018042616420562559","nonce_str":"UUR5UHQLHNVACFO16KDNVA2TAHMN1HRP","sign":"76FF273DF700D602434B3FC542FB3409"}

2018-04-26 16:42:55:参数:{"merchant_id":"6008005629","service":"query_status","third_order_id":"2018042616425457513","nonce_str":"5DS1D9OP1G8Z3UPCS9HO97OM5Z4CDWE6","sign":"9E83DBC635AF1F130A7541F57B0B2B7C"}

2018-04-26 16:42:56:继续查询:{"resp_code":"0","amount":"1350","leshua_order_id":"1804261642022232","merchant_id":"6008005629","nonce_str":"Y2YUX9ONGF43Z8Z8ZG4419Z30UKRW0BF","pay_way":"WXZF","result_code":"0","sign":"9F5A54C6FF6E596B73EB1A665EEDB087","status":"0","third_order_id":"2018042616420562559"}

2018-04-26 16:42:56:参数:{"merchant_id":"6008005629","service":"query_status","third_order_id":"2018042616420562559","nonce_str":"05U2YKL0BGU3I6Y45RAD1JOKA9FQ31LJ","sign":"A63A0A9E5384E5C93FD17084F73E07DE"}

2018-04-26 16:43:00:继续查询:{"resp_code":"0","amount":"409","leshua_order_id":"1804261642522690","merchant_id":"6008005629","nonce_str":"SHI3OOWQ0HX2AKK9K0EG0K6VOP14BE4S","pay_way":"WXZF","result_code":"0","sign":"88FDC2441CBCD60A399A7937DB8A19F3","status":"0","third_order_id":"2018042616425457513"}

2018-04-26 16:43:01:参数:{"merchant_id":"6008005629","service":"query_status","third_order_id":"2018042616425457513","nonce_str":"KYEBZNOSX0YV0E5HX6BOHIHDKJEVL6DK","sign":"7D341CEA42C3B5D05E055E62E08DFDE3"}

2018-04-26 16:43:02:继续查询:{"resp_code":"0","amount":"1350","leshua_order_id":"1804261642022232","merchant_id":"6008005629","nonce_str":"ETXE84L7ITIT1XSJTA121XASNEX415QO","pay_way":"WXZF","result_code":"0","sign":"43D3F2DCBE2C1B2A85F3F4939D93DDBB","status":"0","third_order_id":"2018042616420562559"}

2018-04-26 16:43:02:参数:{"merchant_id":"6008005629","service":"query_status","third_order_id":"2018042616420562559","nonce_str":"NYE0YZJ59Q8OE5DOAEJTVEBN9P3RD21J","sign":"66C794E744D3DB0B5CE5590362F59754"}

2018-04-26 16:43:06:继续查询:{"resp_code":"0","amount":"409","leshua_order_id":"1804261642522690","merchant_id":"6008005629","nonce_str":"40R5LTA3481SIDS4Y17W1OSN9961RTUR","pay_way":"WXZF","result_code":"0","sign":"50AC90BC7C678F6F969B9C3E7E714007","status":"0","third_order_id":"2018042616425457513"}

2018-04-26 16:43:06:参数:{"merchant_id":"6008005629","service":"query_status","third_order_id":"2018042616425457513","nonce_str":"SEKWHKCKAA48S2CJUC4JXSZK8Y54KQ85","sign":"AA7EC9577E4319076794CA56B1573432"}

2018-04-26 16:43:07:支付成功:{"resp_code":"0","amount":"409","bank_type":"CFT","leshua_order_id":"1804261642522690","merchant_id":"6008005629","nonce_str":"HO45UG6CMH2UL03OV0FEHSDZO7FO145W","openid":"oRfOu1T48RUSElTQw3ZebWQBnpLI","out_transaction_id":"4200000054201804265988420296","pay_time":"2018-04-26 16:43:06","pay_way":"WXZF","result_code":"0","sign":"F448BFDF66D90DBC451895E6288807E0","status":"2","third_order_id":"2018042616425457513"}

2018-04-26 16:43:07:继续查询:{"resp_code":"0","amount":"1350","leshua_order_id":"1804261642022232","merchant_id":"6008005629","nonce_str":"KIHOAA8WA8UXERLQRIMCSCH94K51PLQ6","pay_way":"WXZF","result_code":"0","sign":"E8E58CE2EA773A2414E576359B114662","status":"0","third_order_id":"2018042616420562559"}

2018-04-26 16:43:07:参数:{"merchant_id":"6008005629","service":"query_status","third_order_id":"2018042616420562559","nonce_str":"I0RD70T0F3WOCOMKPRRTWO8F5WAH8FQR","sign":"672519B5D4FC5C7ECECEC3C5AE46FB23"}

2018-04-26 16:43:13:继续查询:{"resp_code":"0","amount":"1350","leshua_order_id":"1804261642022232","merchant_id":"6008005629","nonce_str":"DO90EA60FYI67PL3OZEUG0LG0Q2NP363","pay_way":"WXZF","result_code":"0","sign":"2E2A6E4C89D4FE96F06B0F9C886D82FF","status":"0","third_order_id":"2018042616420562559"}

2018-04-26 18:41:26:参数:{"merchant_id":"6008005629","service":"query_status","third_order_id":"2018042618412475452","nonce_str":"09MPGX5HAVVI8RRP4U95QUP79JZMPH9T","sign":"FF5028F9C5520DE18B551837DBC38401"}

2018-04-26 18:41:31:继续查询:{"resp_code":"0","amount":"220","leshua_order_id":"1804261841222535","merchant_id":"6008005629","nonce_str":"XQ28LRNN9TYKAECFAW8VE75F6B6E6DD6","pay_way":"ZFBZF","result_code":"0","sign":"6E4F63834C8B52BBED137D93DC29A876","status":"0","third_order_id":"2018042618412475452"}

2018-04-26 18:41:31:参数:{"merchant_id":"6008005629","service":"query_status","third_order_id":"2018042618412475452","nonce_str":"81C354EQEQ9N0XQT6ZXXPBDPXFTB30GJ","sign":"FA1C4D16903440D2F7B9E9053874D934"}

2018-04-26 18:41:37:继续查询:{"resp_code":"0","amount":"220","leshua_order_id":"1804261841222535","merchant_id":"6008005629","nonce_str":"J5T2VJ68TQT33VM9KP3HMNKS9HGQQU0V","pay_way":"ZFBZF","result_code":"0","sign":"B0C36D83D92D9D847ED468A00B2D4257","status":"0","third_order_id":"2018042618412475452"}

2018-04-26 18:41:37:参数:{"merchant_id":"6008005629","service":"query_status","third_order_id":"2018042618412475452","nonce_str":"P676M0Y48EN24TX60Z40KKZD26FXXPQV","sign":"DD337229A722F497B482CD7693CE44B3"}

2018-04-26 18:41:42:继续查询:{"resp_code":"0","amount":"220","leshua_order_id":"1804261841222535","merchant_id":"6008005629","nonce_str":"0ZALS6MONXD8JW4XSIF4CMFJIS7KY8FJ","pay_way":"ZFBZF","result_code":"0","sign":"4F55BAC74E4238AF5B453BB520D58B3A","status":"0","third_order_id":"2018042618412475452"}

2018-04-26 18:41:42:参数:{"merchant_id":"6008005629","service":"query_status","third_order_id":"2018042618412475452","nonce_str":"TW3DJ726ZGCESU40BM1LVISXRRTFT4LP","sign":"CBB09EE73F6CDA099EBA3C0E8371C22E"}

2018-04-26 18:41:48:继续查询:{"resp_code":"0","amount":"220","leshua_order_id":"1804261841222535","merchant_id":"6008005629","nonce_str":"4BSYHZTF8EWULV45GUSU0SVH8R7T5TJ0","pay_way":"ZFBZF","result_code":"0","sign":"00FBA3B705FF04C857C33F0BCAAED6B3","status":"0","third_order_id":"2018042618412475452"}

2018-04-26 18:41:48:参数:{"merchant_id":"6008005629","service":"query_status","third_order_id":"2018042618412475452","nonce_str":"0ZGPYLELFFZMQ4QWUPAL6YV0UYRM1YYD","sign":"BC4AA692B83A3B67C5F40FB5794320BB"}

2018-04-26 18:41:54:继续查询:{"resp_code":"0","amount":"220","leshua_order_id":"1804261841222535","merchant_id":"6008005629","nonce_str":"XKEY3MTKQOTW145DUMM0RUQ4CGTAY133","pay_way":"ZFBZF","result_code":"0","sign":"A494DBB43A6522E3231724272468ED54","status":"0","third_order_id":"2018042618412475452"}

2018-04-26 18:41:54:参数:{"merchant_id":"6008005629","service":"query_status","third_order_id":"2018042618412475452","nonce_str":"DCCIFD1FYXXTXUHYGP350RB6T7LI3XSD","sign":"F6B8F4270B53489869C169A127028B1F"}

2018-04-26 18:41:59:继续查询:{"resp_code":"0","amount":"220","leshua_order_id":"1804261841222535","merchant_id":"6008005629","nonce_str":"V71E2OFE1GDZS890K28WA2411716JVKD","pay_way":"ZFBZF","result_code":"0","sign":"6922DA3DB56CE039EE7E44EC5D897A2A","status":"0","third_order_id":"2018042618412475452"}

2018-04-26 18:41:59:参数:{"merchant_id":"6008005629","service":"query_status","third_order_id":"2018042618412475452","nonce_str":"88FYFMN9AH2VLI02PMR0QWOM3FXBFGBC","sign":"2F2A16A36A393054D25C1FF54D217B86"}

2018-04-26 18:42:05:继续查询:{"resp_code":"0","amount":"220","leshua_order_id":"1804261841222535","merchant_id":"6008005629","nonce_str":"FEGLQKU0AJYS7ZEWGLF1Q1PO01FTTM6K","pay_way":"ZFBZF","result_code":"0","sign":"1C2DE594231E01E6E840A4A1858B4EA0","status":"0","third_order_id":"2018042618412475452"}

2018-04-26 18:42:05:参数:{"merchant_id":"6008005629","service":"query_status","third_order_id":"2018042618412475452","nonce_str":"ZL5619E6QRKYTGUVDYNV09UDDAGHVU2X","sign":"DE30E7F42210918E7DD5DA6D89FF1331"}

2018-04-26 18:42:10:继续查询:{"resp_code":"0","amount":"220","leshua_order_id":"1804261841222535","merchant_id":"6008005629","nonce_str":"JICZT3529C0X01DZ1ALBMJ81HKXNBT9K","pay_way":"ZFBZF","result_code":"0","sign":"1EA3D293B9C11849B29B8D9BBF3B6E5D","status":"0","third_order_id":"2018042618412475452"}

2018-04-26 18:42:10:参数:{"merchant_id":"6008005629","service":"query_status","third_order_id":"2018042618412475452","nonce_str":"TWOHM5O1MUCU6O4OJVI7FTCUCD8JUQF2","sign":"9B87450BB41D754D1837BA590E5B533B"}

2018-04-26 18:42:16:继续查询:{"resp_code":"0","amount":"220","leshua_order_id":"1804261841222535","merchant_id":"6008005629","nonce_str":"C9VNIR3OXK8XD6UW5FH77ZULCUGWL9AM","pay_way":"ZFBZF","result_code":"0","sign":"71F99BEA206316E36A773E1A00E1353E","status":"0","third_order_id":"2018042618412475452"}

2018-04-26 18:42:16:参数:{"merchant_id":"6008005629","service":"query_status","third_order_id":"2018042618412475452","nonce_str":"YOT6W6IJB72622JW8NAJ23XGVAOUTN5Y","sign":"FB73888B48F84DF278EBE2153868A625"}

2018-04-26 18:42:21:继续查询:{"resp_code":"0","amount":"220","leshua_order_id":"1804261841222535","merchant_id":"6008005629","nonce_str":"LHAJGUWAPNFB02YIYXPK02KJ741GL9FQ","pay_way":"ZFBZF","result_code":"0","sign":"E01F291468AB9C8111A3D03FF032CF4B","status":"0","third_order_id":"2018042618412475452"}

2018-04-26 18:42:21:参数:{"merchant_id":"6008005629","service":"query_status","third_order_id":"2018042618412475452","nonce_str":"274MJAZUKB07W1OBH7B99FROUTRSJKSX","sign":"0DB7956903775D49889BE1A10D966C37"}

2018-04-26 18:42:27:继续查询:{"resp_code":"0","amount":"220","leshua_order_id":"1804261841222535","merchant_id":"6008005629","nonce_str":"VS7K6WD06CXTY60RM2LJP8MLQC720RK3","pay_way":"ZFBZF","result_code":"0","sign":"10C6AD049FDFA454D0869FA803126D03","status":"0","third_order_id":"2018042618412475452"}

2018-04-26 18:42:27:参数:{"merchant_id":"6008005629","service":"query_status","third_order_id":"2018042618412475452","nonce_str":"0RC5G1RIP40C1XDZQOXBGGY4WSNT4CMY","sign":"C70C2BF36D38BC4910E6CE11F0A58FAC"}

2018-04-26 18:42:32:继续查询:{"resp_code":"0","amount":"220","leshua_order_id":"1804261841222535","merchant_id":"6008005629","nonce_str":"64W110G0TGYGBKENZUHTCCOJOF4RZZ1I","pay_way":"ZFBZF","result_code":"0","sign":"61C8C5EF6CF30F66AA1EF14633AEF572","status":"0","third_order_id":"2018042618412475452"}

2018-04-26 20:12:31:参数:{"merchant_id":"6008005629","service":"query_status","third_order_id":"2018042620123047288","nonce_str":"BWH1FU99GWO62XGZNHC6ZTQSLLRX61AW","sign":"D92751497A241F99A5CCCC59398303D4"}

2018-04-26 20:12:37:继续查询:{"resp_code":"0","amount":"470","leshua_order_id":"1804262012324941","merchant_id":"6008005629","nonce_str":"DUAA5BQH6AMTNV1QWKRU3DOD2FPXHZIT","pay_way":"WXZF","result_code":"0","sign":"11DA4400E6531706E4B9EABB23DC8783","status":"0","third_order_id":"2018042620123047288"}

2018-04-26 20:12:37:参数:{"merchant_id":"6008005629","service":"query_status","third_order_id":"2018042620123047288","nonce_str":"5DLY6AJCCHB5PWN389UWZWMC89951IHT","sign":"0843D01911D75C7BA130CA7F1863CF78"}

2018-04-26 20:12:42:继续查询:{"resp_code":"0","amount":"470","leshua_order_id":"1804262012324941","merchant_id":"6008005629","nonce_str":"BQ6MPJH3PI2ZP3F2FRUDLZADYJ7N38J8","pay_way":"WXZF","result_code":"0","sign":"30B0E322514E0F44394A2A82F14807BF","status":"0","third_order_id":"2018042620123047288"}

2018-04-26 20:12:42:参数:{"merchant_id":"6008005629","service":"query_status","third_order_id":"2018042620123047288","nonce_str":"3UN9EU4HHCNU7TQ4F55YVFX3IDSHETRZ","sign":"B83220E94902D1915951CE1B126F2CB6"}

2018-04-26 20:12:43:支付成功:{"resp_code":"0","amount":"470","bank_type":"CFT","leshua_order_id":"1804262012324941","merchant_id":"6008005629","nonce_str":"WHFOLFUIE4A3BF2Z692ZZ78158VB1MPB","openid":"oRfOu1Q7NOWnQpN1zq5oEBUyHGaE","out_transaction_id":"4200000075201804266798113915","pay_time":"2018-04-26 20:12:42","pay_way":"WXZF","result_code":"0","sign":"4EB4259EB6E76DF3A3854EB726086B93","status":"2","third_order_id":"2018042620123047288"}

2018-04-26 20:44:58:参数:{"merchant_id":"6008005629","service":"query_status","third_order_id":"2018042620445739112","nonce_str":"99V5CO8GIO4L4932OWMMRP1X3NCJPU75","sign":"8004CA1F5EBE320F2DE3875D005B3830"}

2018-04-26 20:45:04:继续查询:{"resp_code":"0","amount":"20600","leshua_order_id":"1804262044522439","merchant_id":"6008005629","nonce_str":"86H63R1K8B3JR10FQT5RP02NZ0H16U26","pay_way":"WXZF","result_code":"0","sign":"337F0B213E80E43AE3371332C8E425F5","status":"0","third_order_id":"2018042620445739112"}

2018-04-26 20:45:04:参数:{"merchant_id":"6008005629","service":"query_status","third_order_id":"2018042620445739112","nonce_str":"FUDLU547VCSD4LB2XDQG1F6A9I510RII","sign":"C90E2CDFCE6B79FA22E0DA64C3F8028E"}

2018-04-26 20:45:09:继续查询:{"resp_code":"0","amount":"20600","leshua_order_id":"1804262044522439","merchant_id":"6008005629","nonce_str":"TWCX4ZB9G1XKRM8B3HLO3JXY0TOUUXXU","pay_way":"WXZF","result_code":"0","sign":"684AE44DABD9F67CC6EA3C2B2859D6DE","status":"0","third_order_id":"2018042620445739112"}

2018-04-26 20:45:09:参数:{"merchant_id":"6008005629","service":"query_status","third_order_id":"2018042620445739112","nonce_str":"2ZOV0GXG3DPEOTGUQIUSU7Q92N27Y20B","sign":"86C135253DD43B37C2890845B3D0DC75"}

2018-04-26 20:45:10:支付成功:{"resp_code":"0","amount":"20600","bank_type":"CFT","leshua_order_id":"1804262044522439","merchant_id":"6008005629","nonce_str":"T1411PVO1WM2Q7XX8VVSJ004BSY6L9YP","openid":"oRfOu1f6oEfIpna8w4gg1AIZkQqQ","out_transaction_id":"4200000059201804266818115670","pay_time":"2018-04-26 20:45:09","pay_way":"WXZF","result_code":"0","sign":"6B79C75150D1BEECED11E6BFE986B132","status":"2","third_order_id":"2018042620445739112"}

2018-04-26 22:19:23:参数:{"merchant_id":"6008005629","service":"query_status","third_order_id":"2018042622192253501","nonce_str":"2D7EC2E8LT3NSARX1RCLK14PRF9N1DYF","sign":"5AE2075618930F44C4F222FF7EBC0677"}

2018-04-26 22:19:28:继续查询:{"resp_code":"0","amount":"660","leshua_order_id":"1804262219228671","merchant_id":"6008005629","nonce_str":"48KE790UW1GYX096HO85X8ZY0W11N13W","pay_way":"WXZF","result_code":"0","sign":"1D74C2584293C8901370BD9FD8B5CB6D","status":"0","third_order_id":"2018042622192253501"}

2018-04-26 22:19:28:参数:{"merchant_id":"6008005629","service":"query_status","third_order_id":"2018042622192253501","nonce_str":"GCERF9RI8705S2SPEJQ594FG2N66QSLE","sign":"AB90FE4352E672F49BB775EFCF12F62E"}

2018-04-26 22:19:33:继续查询:{"resp_code":"0","amount":"660","leshua_order_id":"1804262219228671","merchant_id":"6008005629","nonce_str":"62T1EVCVACQ8IW1DT3V93TUC7WNHKWMA","pay_way":"WXZF","result_code":"0","sign":"7E030A98A5ECD503F66900A6BEB43A8F","status":"0","third_order_id":"2018042622192253501"}

2018-04-26 22:19:33:参数:{"merchant_id":"6008005629","service":"query_status","third_order_id":"2018042622192253501","nonce_str":"X23RVGI8F43ZWL1A1AE7M41SXSK5L4XL","sign":"C32A6180AFC7866BC9A76611AD8DAB4E"}

2018-04-26 22:19:39:继续查询:{"resp_code":"0","amount":"660","leshua_order_id":"1804262219228671","merchant_id":"6008005629","nonce_str":"ST7ZAK5RRXR56KC6GFZ0HPGV23T5BNF5","pay_way":"WXZF","result_code":"0","sign":"504F26FCA9EB3EBC10C9F3D4EEDCF886","status":"0","third_order_id":"2018042622192253501"}

2018-04-26 22:19:39:参数:{"merchant_id":"6008005629","service":"query_status","third_order_id":"2018042622192253501","nonce_str":"NOLP3SGEKIYW8Z5RMROC51OJFR2RVYWM","sign":"1E640AE70C17C0796F7D820A6B1D0190"}

2018-04-26 22:19:39:支付成功:{"resp_code":"0","amount":"660","bank_type":"CFT","leshua_order_id":"1804262219228671","merchant_id":"6008005629","nonce_str":"RLDEMH92WAV6OC9PCIYJHX9YVJTI92LR","openid":"oRfOu1Xj5wWzFCj5H7t3LLJK6RrI","out_transaction_id":"4200000074201804266782633987","pay_time":"2018-04-26 22:19:39","pay_way":"WXZF","result_code":"0","sign":"71BB11A69EDF6489D4005658F5FADA5C","status":"2","third_order_id":"2018042622192253501"}

2018-04-26 22:20:12:参数:{"merchant_id":"6008005629","service":"query_status","third_order_id":"2018042622201011912","nonce_str":"UHL5XR0EDE1O7WD13XTCFD838B6336D0","sign":"30897FB95D3FADB2CA7B8C749011D8A0"}

2018-04-26 22:20:18:继续查询:{"resp_code":"0","amount":"1720","leshua_order_id":"1804262220132402","merchant_id":"6008005629","nonce_str":"55F5BVHG98DQHA1NU3OD2ZRVV0VM6BVU","pay_way":"ZFBZF","result_code":"0","sign":"D0C00BB129E010BBAC5C49B7D87FE0F3","status":"0","third_order_id":"2018042622201011912"}

2018-04-26 22:20:18:参数:{"merchant_id":"6008005629","service":"query_status","third_order_id":"2018042622201011912","nonce_str":"D8MS9OEFAE7SD7OKNBS7LONLDH5CF9C6","sign":"80C018E1067489B01BB32E64FC4E3A49"}

2018-04-26 22:20:23:继续查询:{"resp_code":"0","amount":"1720","leshua_order_id":"1804262220132402","merchant_id":"6008005629","nonce_str":"ZM55KQKKNBCX256UDVLBRC5S0CTXUTUR","pay_way":"ZFBZF","result_code":"0","sign":"E1AB8975E30443C8168B5AD172BCAE5A","status":"0","third_order_id":"2018042622201011912"}

2018-04-26 22:20:23:参数:{"merchant_id":"6008005629","service":"query_status","third_order_id":"2018042622201011912","nonce_str":"12UH1X1XXRB8OO5FF4GQDXNRYNQMIAUI","sign":"6D55575A813D99DD456C9A3B8D95C2DC"}

2018-04-26 22:20:29:继续查询:{"resp_code":"0","amount":"1720","leshua_order_id":"1804262220132402","merchant_id":"6008005629","nonce_str":"12G1FA6FXKMF9M42EF4ZGZELEVR5AHY9","pay_way":"ZFBZF","result_code":"0","sign":"3896884498F62C539599723685CC6052","status":"0","third_order_id":"2018042622201011912"}

2018-04-26 22:20:29:参数:{"merchant_id":"6008005629","service":"query_status","third_order_id":"2018042622201011912","nonce_str":"RS37K3V9QQF7IER958CJPY45NYN3MHG6","sign":"62A8F6A93E55298F7C99D7B3C41ADBBE"}

2018-04-26 22:20:34:继续查询:{"resp_code":"0","amount":"1720","leshua_order_id":"1804262220132402","merchant_id":"6008005629","nonce_str":"N0NFJ13VE8YU10BE4RXA3CIKBUXLOZRS","pay_way":"ZFBZF","result_code":"0","sign":"8588E13F03F5D30FFDC0BF1BC5585DD4","status":"0","third_order_id":"2018042622201011912"}

2018-04-26 22:20:34:参数:{"merchant_id":"6008005629","service":"query_status","third_order_id":"2018042622201011912","nonce_str":"4W6TCEQYSQZJK9UWIZ19FZQJ7BRPNKO0","sign":"75D632C453ED941620E4BD18F521D375"}

2018-04-26 22:20:40:继续查询:{"resp_code":"0","amount":"1720","leshua_order_id":"1804262220132402","merchant_id":"6008005629","nonce_str":"Q9GM41LPABJKPZQCL9H7U6SZWQC12SKE","pay_way":"ZFBZF","result_code":"0","sign":"41A97F685C2A580CA22C8BEAAC02791C","status":"0","third_order_id":"2018042622201011912"}

2018-04-26 22:20:40:参数:{"merchant_id":"6008005629","service":"query_status","third_order_id":"2018042622201011912","nonce_str":"OOS86X62CKJ88GQ098CYQZN6M4AUNZI2","sign":"6FB4E2164E33764C1D9730330183CC69"}

2018-04-26 22:20:46:继续查询:{"resp_code":"0","amount":"1720","leshua_order_id":"1804262220132402","merchant_id":"6008005629","nonce_str":"94DVHO58CM9199851LI4TDI5XZZ3ZGHO","pay_way":"ZFBZF","result_code":"0","sign":"1EE5D792A5261D463CA6933E43438D1E","status":"0","third_order_id":"2018042622201011912"}

2018-04-26 22:20:46:参数:{"merchant_id":"6008005629","service":"query_status","third_order_id":"2018042622201011912","nonce_str":"LVIO3P338GDQSVXW1B403L9HGCWLWPBY","sign":"0503C6DFEAC64F8428BEA1DF2749B387"}

2018-04-26 22:20:51:继续查询:{"resp_code":"0","amount":"1720","leshua_order_id":"1804262220132402","merchant_id":"6008005629","nonce_str":"OGV9J7QC9BQTSL2VO29Q227TMQMS4F5U","pay_way":"ZFBZF","result_code":"0","sign":"680BC7770A987F1BA55A07BAB82705D7","status":"0","third_order_id":"2018042622201011912"}

2018-04-26 22:20:51:参数:{"merchant_id":"6008005629","service":"query_status","third_order_id":"2018042622201011912","nonce_str":"UEHPHPHUW0V7D4PFO134XO1BRQMKSMAJ","sign":"0FA768A576DBCB65163A6B321D6E38E1"}

2018-04-26 22:20:56:继续查询:{"resp_code":"0","amount":"1720","leshua_order_id":"1804262220132402","merchant_id":"6008005629","nonce_str":"2V2LD6C9GSMF0FHBCAK1EPS7RZP854NK","pay_way":"ZFBZF","result_code":"0","sign":"F9B87AD9D4575599DF5F6021685907DB","status":"0","third_order_id":"2018042622201011912"}

2018-04-26 22:20:56:参数:{"merchant_id":"6008005629","service":"query_status","third_order_id":"2018042622201011912","nonce_str":"Q3OT0KJ4GO21ZW0HCCAY34H7DMTJXKVG","sign":"0F96557747FD70D0938164ADB912247F"}

2018-04-26 22:21:02:继续查询:{"resp_code":"0","amount":"1720","leshua_order_id":"1804262220132402","merchant_id":"6008005629","nonce_str":"XMG7V17DVGFPO5U7GD34GZNJ75E3D4NP","pay_way":"ZFBZF","result_code":"0","sign":"6B3A8B2983D7A4A90DA080EE45309137","status":"0","third_order_id":"2018042622201011912"}

2018-04-26 22:21:02:参数:{"merchant_id":"6008005629","service":"query_status","third_order_id":"2018042622201011912","nonce_str":"5WITLGBY78GNENQYY000OBNL9G0FG5AB","sign":"B8CA40803A430B31004A107700071B91"}

2018-04-26 22:21:07:继续查询:{"resp_code":"0","amount":"1720","leshua_order_id":"1804262220132402","merchant_id":"6008005629","nonce_str":"46SE138PQZ8MXSPB6G6MLAJCZD6JPOXI","pay_way":"ZFBZF","result_code":"0","sign":"813A6CFB520DD4F3BE79BC90B10EE2D5","status":"0","third_order_id":"2018042622201011912"}

2018-04-26 22:21:07:参数:{"merchant_id":"6008005629","service":"query_status","third_order_id":"2018042622201011912","nonce_str":"TRFWN7DZMTM2OUFO4SMQ8Z6TW4NIWIOB","sign":"60BD0CD1C136E8DB210909A1F382A729"}

2018-04-26 22:21:13:继续查询:{"resp_code":"0","amount":"1720","leshua_order_id":"1804262220132402","merchant_id":"6008005629","nonce_str":"MZ7T6T6GNG39FV14C7RLQWUBYUY85SJ8","pay_way":"ZFBZF","result_code":"0","sign":"BEF3445E7E4333B640063003C39C92B7","status":"0","third_order_id":"2018042622201011912"}

2018-04-26 22:21:13:参数:{"merchant_id":"6008005629","service":"query_status","third_order_id":"2018042622201011912","nonce_str":"I4Q148POAJ16YRD78UXE0OU1IHU105GN","sign":"A1A2731EF0FB02C239C2F01DE00D4179"}

2018-04-26 22:21:18:继续查询:{"resp_code":"0","amount":"1720","leshua_order_id":"1804262220132402","merchant_id":"6008005629","nonce_str":"UMGZJ33Z7OCLQKJFXL4R271WBIFC0DPG","pay_way":"ZFBZF","result_code":"0","sign":"829FE9E8B67C5D33EC2D9DBD323923FC","status":"0","third_order_id":"2018042622201011912"}

