2018-04-29 09:11:19:参数:{"merchant_id":"6008005629","service":"query_status","third_order_id":"2018042909111769324","nonce_str":"52Y8NT5V8O31Y2B5BEQ8EW6W00U7LZCF","sign":"8EE1741CB34F5AF1F656D1D76EE21322"}

2018-04-29 09:11:24:继续查询:{"resp_code":"0","amount":"2130","leshua_order_id":"1804290911131430","merchant_id":"6008005629","nonce_str":"ZF0U3TIXGAS2SFNW3S0QSSJSO01OCYH1","pay_way":"WXZF","result_code":"0","sign":"BDB1066A40C68256C4AC51C41806778A","status":"0","third_order_id":"2018042909111769324"}

2018-04-29 09:11:24:参数:{"merchant_id":"6008005629","service":"query_status","third_order_id":"2018042909111769324","nonce_str":"PNVS50727IQV7J76ZIVMXJR37KYSDR7U","sign":"2D3394EF50C58AAB002B99339A152B38"}

2018-04-29 09:11:29:继续查询:{"resp_code":"0","amount":"2130","leshua_order_id":"1804290911131430","merchant_id":"6008005629","nonce_str":"M3VPXQ5HCQKMXLMF8KS7IH7WT60MY6Q1","pay_way":"WXZF","result_code":"0","sign":"C97A993344FBFE9939AF8D7752224C30","status":"0","third_order_id":"2018042909111769324"}

2018-04-29 09:11:29:参数:{"merchant_id":"6008005629","service":"query_status","third_order_id":"2018042909111769324","nonce_str":"VZN417T7YE53VSN3IG8M48MWEF5JU3UV","sign":"1A7BC6914B03DF1F46966FB1BA10ED2E"}

2018-04-29 09:11:30:支付成功:{"resp_code":"0","amount":"2130","bank_type":"PSBC_DEBIT","leshua_order_id":"1804290911131430","merchant_id":"6008005629","nonce_str":"8SHFOKL5736ES3MF2VX9KCPN2SWVDOUU","openid":"oRfOu1ffqbMdpPtIA6goC1he02-o","out_transaction_id":"4200000131201804298463158461","pay_time":"2018-04-29 09:11:30","pay_way":"WXZF","result_code":"0","sign":"7B46351DF6E9D0F67AADB7B6557EF303","status":"2","third_order_id":"2018042909111769324"}

2018-04-29 09:50:15:参数:{"merchant_id":"6008005629","service":"query_status","third_order_id":"2018042909501496926","nonce_str":"XD3V860JIYT2F0MFNP9F70QRKIX1MHBC","sign":"E9058BE12346B70F938657BBEAA61E46"}

2018-04-29 09:50:21:继续查询:{"resp_code":"0","amount":"2000","leshua_order_id":"1804290950134814","merchant_id":"6008005629","nonce_str":"WVBPYMCZ2SIIIL8KJBA3YIH8YIRP20QH","pay_way":"WXZF","result_code":"0","sign":"9EA94C9748C8A063A63AB6E186F1FA07","status":"0","third_order_id":"2018042909501496926"}

2018-04-29 09:50:21:参数:{"merchant_id":"6008005629","service":"query_status","third_order_id":"2018042909501496926","nonce_str":"XGIY72AJVYUJB29S5SDL2OMR3CH7AUMC","sign":"2F6B989C426EA3ECA46FB5FDEB5916BB"}

2018-04-29 09:50:26:继续查询:{"resp_code":"0","amount":"2000","leshua_order_id":"1804290950134814","merchant_id":"6008005629","nonce_str":"AZQPE5RVF4BH9WDA03NVUJLYFRRPJ0GU","pay_way":"WXZF","result_code":"0","sign":"7683CD9A0DCC272FE52CE7A4F9D3A621","status":"0","third_order_id":"2018042909501496926"}

2018-04-29 09:50:26:参数:{"merchant_id":"6008005629","service":"query_status","third_order_id":"2018042909501496926","nonce_str":"42K53WK6PX81EXX2TUC18Y3PET7VIAZY","sign":"1BD9589D2BDE102E58E1E1141510DB92"}

2018-04-29 09:50:27:支付成功:{"resp_code":"0","amount":"2000","bank_type":"CFT","leshua_order_id":"1804290950134814","merchant_id":"6008005629","nonce_str":"ECWCY7EI4CVLDV11WYCLW12UIYGXY1K5","openid":"oRfOu1Xso6OUDbto_3tQ64Unw2fM","out_transaction_id":"4200000111201804298571506769","pay_time":"2018-04-29 09:50:26","pay_way":"WXZF","result_code":"0","sign":"026365F2A1E5471A7ACA28DAA3434DD6","status":"2","third_order_id":"2018042909501496926"}

2018-04-29 13:19:26:参数:{"merchant_id":"6008005629","service":"query_status","third_order_id":"2018042913192595192","nonce_str":"SIUYF6J5Q9TK1Y9IQMNLOEVAV6OSWR89","sign":"769BA3D70FA3E5B1213574567C6BE993"}

2018-04-29 13:19:32:继续查询:{"resp_code":"0","amount":"400","leshua_order_id":"1804291319238995","merchant_id":"6008005629","nonce_str":"O48GKSM8FPP6PF6GKI03UC2WGIW1TNTK","pay_way":"WXZF","result_code":"0","sign":"CA00BC0E52BAAD43ADE60C0B20DBA66F","status":"0","third_order_id":"2018042913192595192"}

2018-04-29 13:19:32:参数:{"merchant_id":"6008005629","service":"query_status","third_order_id":"2018042913192595192","nonce_str":"OLCXO9ZZ6MLH544FHO68J27VSMSJ4NUU","sign":"B52F894A989885AE2412BDB046A54AC0"}

2018-04-29 13:19:32:支付成功:{"resp_code":"0","amount":"400","bank_type":"CFT","leshua_order_id":"1804291319238995","merchant_id":"6008005629","nonce_str":"25YJUTGGLSDYOAXVUO6I5W3M02GOJBR6","openid":"oRfOu1U4TUglhrKQEdJcprQ6cb-U","out_transaction_id":"4200000122201804298597888992","pay_time":"2018-04-29 13:19:32","pay_way":"WXZF","result_code":"0","sign":"DA40F743667BF79CA912966C4AA8CA66","status":"2","third_order_id":"2018042913192595192"}

2018-04-29 14:07:57:参数:{"merchant_id":"6008005629","service":"query_status","third_order_id":"2018042914075633999","nonce_str":"C67F5GK1OZ86CXFMN03YBAFUL3U241YE","sign":"7ED6D268A94A0CBA1929264702D9F440"}

2018-04-29 14:08:03:继续查询:{"resp_code":"0","amount":"969","leshua_order_id":"1804291407536054","merchant_id":"6008005629","nonce_str":"PVSTO6HO4ILJB94QYO0UE6E9I29OW7OW","pay_way":"WXZF","result_code":"0","sign":"0B9C844D92A5F055C0ADF10B3A2C4631","status":"0","third_order_id":"2018042914075633999"}

2018-04-29 14:08:03:参数:{"merchant_id":"6008005629","service":"query_status","third_order_id":"2018042914075633999","nonce_str":"XIXT7JVFVN20I8R1HDKNSVPAFB8P9WQP","sign":"FB3DF0CE52D25B6038A8875566D7C831"}

2018-04-29 14:08:08:继续查询:{"resp_code":"0","amount":"969","leshua_order_id":"1804291407536054","merchant_id":"6008005629","nonce_str":"N8ROW1IGKGC0L0WJ28L39N205EE2NANW","pay_way":"WXZF","result_code":"0","sign":"166603EDD95ADE557FE3360096B196AA","status":"0","third_order_id":"2018042914075633999"}

2018-04-29 14:08:08:参数:{"merchant_id":"6008005629","service":"query_status","third_order_id":"2018042914075633999","nonce_str":"2M1YV8J7XZQ7UF13TY32GSMSZJEY4COA","sign":"2BBF658116639CAAC434F511478E3487"}

2018-04-29 14:08:14:继续查询:{"resp_code":"0","amount":"969","leshua_order_id":"1804291407536054","merchant_id":"6008005629","nonce_str":"D78H8GETZKYZ2W5EHW9R986OHAYOTQGM","pay_way":"WXZF","result_code":"0","sign":"D2D077DA58FDE09322D34F08871AA6B4","status":"0","third_order_id":"2018042914075633999"}

2018-04-29 14:08:14:参数:{"merchant_id":"6008005629","service":"query_status","third_order_id":"2018042914075633999","nonce_str":"5ATF5DX5R1403T4EW9414LHHL8HYMYCM","sign":"C417608D5FADB32E31F8765DCD264E40"}

2018-04-29 14:08:20:继续查询:{"resp_code":"0","amount":"969","leshua_order_id":"1804291407536054","merchant_id":"6008005629","nonce_str":"Y4ECSWM5WU6MARFACLF5ZXI5UO6D5ODM","pay_way":"WXZF","result_code":"0","sign":"9B1B28805E6ED415513DAA87DC3E1A91","status":"0","third_order_id":"2018042914075633999"}

2018-04-29 14:08:20:参数:{"merchant_id":"6008005629","service":"query_status","third_order_id":"2018042914075633999","nonce_str":"6BDOPOQ8VOFP7IEJTQG6U1XU54UH0W4V","sign":"A122583C53855B15DB6FA2879B72FCE4"}

2018-04-29 14:08:25:继续查询:{"resp_code":"0","amount":"969","leshua_order_id":"1804291407536054","merchant_id":"6008005629","nonce_str":"TVKKG77MVSK79NTF8DQB3K6ACXNIN498","pay_way":"WXZF","result_code":"0","sign":"4C560242FE071788FEC8DE6501A5A514","status":"0","third_order_id":"2018042914075633999"}

2018-04-29 14:08:25:参数:{"merchant_id":"6008005629","service":"query_status","third_order_id":"2018042914075633999","nonce_str":"IKYBBAN5TCBOWJNG0S2KSIUHR53ZWVL8","sign":"B17E8270CF9EEB383F33A2F4EB73DA86"}

2018-04-29 14:08:30:继续查询:{"resp_code":"0","amount":"969","leshua_order_id":"1804291407536054","merchant_id":"6008005629","nonce_str":"2JLFK3GO01RBGWRH4LJ5UVOG8P81R6QH","pay_way":"WXZF","result_code":"0","sign":"A35875E6FAB970FF59ABD8B70DE502A8","status":"0","third_order_id":"2018042914075633999"}

2018-04-29 14:08:30:参数:{"merchant_id":"6008005629","service":"query_status","third_order_id":"2018042914075633999","nonce_str":"PFZA0WMCI42DVF758AABTDTDLWL3QNP9","sign":"DA7537984A788B6CF5ACA1CF1ADE87D5"}

2018-04-29 14:08:31:参数:{"merchant_id":"6008005629","service":"query_status","third_order_id":"2018042914075633999","nonce_str":"U55E0786RT3ND39NEL8KFCG1GK6V2BI0","sign":"7D4DCF6DA9CFF810339147B7B8CDE9F8"}

2018-04-29 14:08:31:支付失败:{"resp_code":"0","amount":"969","leshua_order_id":"1804291407536054","merchant_id":"6008005629","nonce_str":"PPTEWOA02DXAGQHE3F5F3N7U527K50FT","pay_way":"WXZF","result_code":"0","sign":"0E7C85A98D7AAF14697E720A7B60CC35","status":"6","third_order_id":"2018042914075633999"}

2018-04-29 14:08:55:参数:{"merchant_id":"6008005629","service":"query_status","third_order_id":"2018042914085418750","nonce_str":"RV6GHF3AVOA5O44QI17GNX1LCCO1M6AZ","sign":"075783F9D1F75FA7A9EC295C99DD2DD2"}

2018-04-29 14:09:01:继续查询:{"resp_code":"0","amount":"930","leshua_order_id":"1804291408536395","merchant_id":"6008005629","nonce_str":"J2ABR4Z23TF8DOCYH262L54QVTODR5IU","pay_way":"WXZF","result_code":"0","sign":"249105D4251FA63D96C2F11632F20B38","status":"0","third_order_id":"2018042914085418750"}

2018-04-29 14:09:01:参数:{"merchant_id":"6008005629","service":"query_status","third_order_id":"2018042914085418750","nonce_str":"9GIQ1PMLBH0AKKGSK6E97G9FXYRMPUH5","sign":"E45F25269E8717CA71C3C36413911522"}

2018-04-29 14:09:06:继续查询:{"resp_code":"0","amount":"930","leshua_order_id":"1804291408536395","merchant_id":"6008005629","nonce_str":"D9BRM0TCZYT0T9E6KM5PERFF5LL9RDP9","pay_way":"WXZF","result_code":"0","sign":"C33E1D20E3D3E83ADE3B824ACA84F354","status":"0","third_order_id":"2018042914085418750"}

2018-04-29 14:09:06:参数:{"merchant_id":"6008005629","service":"query_status","third_order_id":"2018042914085418750","nonce_str":"ODPIVUT0W8AXTDM205DFR97JIUPZ96MP","sign":"5131AF6C9B1E592FB10224B0B8F54CE2"}

2018-04-29 14:09:11:继续查询:{"resp_code":"0","amount":"930","leshua_order_id":"1804291408536395","merchant_id":"6008005629","nonce_str":"KDDHE9BJWCGBP3JGXX9U3ZINZIIABAQW","pay_way":"WXZF","result_code":"0","sign":"F35F9B2F44BFF1C826D7841E5523D0A9","status":"0","third_order_id":"2018042914085418750"}

2018-04-29 14:09:11:参数:{"merchant_id":"6008005629","service":"query_status","third_order_id":"2018042914085418750","nonce_str":"USNPO2H7LQWY0YBVMQ0DRITYQUPF2337","sign":"215C0C6AB5EB6548EB32CD7C8EE26F95"}

2018-04-29 14:09:17:继续查询:{"resp_code":"0","amount":"930","leshua_order_id":"1804291408536395","merchant_id":"6008005629","nonce_str":"M1E93ZPQNSQ2ROJ4RY8JDKV45UXXHMJZ","pay_way":"WXZF","result_code":"0","sign":"EE8C2EAB5C8FAF913E615E3CEA91178F","status":"0","third_order_id":"2018042914085418750"}

2018-04-29 14:09:17:参数:{"merchant_id":"6008005629","service":"query_status","third_order_id":"2018042914085418750","nonce_str":"15ZR3SK8187HRBCDPA5Q9IQPDSHCTWCX","sign":"01AB65C0980E9378F577D82B0AD23E9A"}

2018-04-29 14:09:17:支付成功:{"resp_code":"0","amount":"930","bank_type":"CFT","leshua_order_id":"1804291408536395","merchant_id":"6008005629","nonce_str":"OQPJGLUQ0C5UYY07Y7QPQ4298SUC2FF1","openid":"oRfOu1Z5Bv9qtRaXIsGug70UiUMs","out_transaction_id":"4200000123201804298261744571","pay_time":"2018-04-29 14:09:17","pay_way":"WXZF","result_code":"0","sign":"852B564D1B8AE5E56ED20D175B59BEAF","status":"2","third_order_id":"2018042914085418750"}

2018-04-29 15:13:56:参数:{"merchant_id":"6008005629","service":"query_status","third_order_id":"2018042915135657278","nonce_str":"PH5U60B7EQ22YXUFP52YVY7GHLUP05VR","sign":"12FD01C7EFD686DECA624794307DC085"}

2018-04-29 15:14:02:继续查询:{"resp_code":"0","amount":"1000","leshua_order_id":"1804291513501955","merchant_id":"6008005629","nonce_str":"4FS459KOYWN1CXF1LCZGDEO6YGQ50D72","pay_way":"WXZF","result_code":"0","sign":"150EFF00C96645F387FA4885239574E6","status":"0","third_order_id":"2018042915135657278"}

2018-04-29 15:14:02:参数:{"merchant_id":"6008005629","service":"query_status","third_order_id":"2018042915135657278","nonce_str":"LLTLWAJU2KD0G2P99LQ96ZK0SNYEBB3C","sign":"7837766CC7FDD74F1DA8B74AA49BE148"}

2018-04-29 15:14:07:继续查询:{"resp_code":"0","amount":"1000","leshua_order_id":"1804291513501955","merchant_id":"6008005629","nonce_str":"8XWHGFYD0P3QEMHPHZWH2M3AEJMQWZHK","pay_way":"WXZF","result_code":"0","sign":"E713B4933A1F0E1234444AC28B8FF1B9","status":"0","third_order_id":"2018042915135657278"}

2018-04-29 15:14:07:参数:{"merchant_id":"6008005629","service":"query_status","third_order_id":"2018042915135657278","nonce_str":"PW8CTYDPLX93X2UIWE2SNMZMMDL94UD9","sign":"D46EAE05EC118C4F22C2242E76857223"}

2018-04-29 15:14:08:支付成功:{"resp_code":"0","amount":"1000","bank_type":"CFT","leshua_order_id":"1804291513501955","merchant_id":"6008005629","nonce_str":"SAVXL6CMIWZVAPNWUUNTVHR5P7ZWSNHB","openid":"oRfOu1av5MagXFA2NuRyf3h2Gjc0","out_transaction_id":"4200000132201804298742377702","pay_time":"2018-04-29 15:14:07","pay_way":"WXZF","result_code":"0","sign":"00B0A6884CA7D207F91C9C5ACCBD35C6","status":"2","third_order_id":"2018042915135657278"}

2018-04-29 16:34:35:参数:{"merchant_id":"6008005629","service":"query_status","third_order_id":"2018042916343424887","nonce_str":"RHS93LNJXSK3D740XW17TLZKIHW8WTZT","sign":"CEB3E7F189C08BF35F6AD1CA601E9AB4"}

2018-04-29 16:34:41:继续查询:{"resp_code":"0","amount":"450","leshua_order_id":"1804291634325552","merchant_id":"6008005629","nonce_str":"P8ARKZ7JAB0BLDKSIJW5CTORJCHSMQGL","pay_way":"WXZF","result_code":"0","sign":"2364F57858A29369E2E442BA2AC44D94","status":"0","third_order_id":"2018042916343424887"}

2018-04-29 16:34:41:参数:{"merchant_id":"6008005629","service":"query_status","third_order_id":"2018042916343424887","nonce_str":"KREQ1LXEKWIGS3BGI95OIF8UMI0V85OG","sign":"7B71A9263DC37435AEF74B22D71223C5"}

2018-04-29 16:34:46:继续查询:{"resp_code":"0","amount":"450","leshua_order_id":"1804291634325552","merchant_id":"6008005629","nonce_str":"2KELBQE58K1SXXAD3NXKUCMV362TTZPZ","pay_way":"WXZF","result_code":"0","sign":"53487943C9F711B9E881478071E17099","status":"0","third_order_id":"2018042916343424887"}

2018-04-29 16:34:46:参数:{"merchant_id":"6008005629","service":"query_status","third_order_id":"2018042916343424887","nonce_str":"88GMC03HL1AJIV1A7SS4UXQDEI9O0U2O","sign":"F08FAC7041D96C8DD3C3E4C39BC64BD7"}

2018-04-29 16:34:51:继续查询:{"resp_code":"0","amount":"450","leshua_order_id":"1804291634325552","merchant_id":"6008005629","nonce_str":"9Q42S0QD4WLKAXAF4UEVY1YR8YD2QBTU","pay_way":"WXZF","result_code":"0","sign":"6533509B9C9B296EF0FF346A1A468135","status":"0","third_order_id":"2018042916343424887"}

2018-04-29 16:34:51:参数:{"merchant_id":"6008005629","service":"query_status","third_order_id":"2018042916343424887","nonce_str":"OE0X3M0EWUNOZ8RAF4A8634DOI5O6RU0","sign":"45FB09570C828858346C4A0EC5F6BD5B"}

2018-04-29 16:34:57:继续查询:{"resp_code":"0","amount":"450","leshua_order_id":"1804291634325552","merchant_id":"6008005629","nonce_str":"5HV2VQ0QZLAXV0D3BLMS03R393220MXW","pay_way":"WXZF","result_code":"0","sign":"95FEC67971C4D1CC8572DACBB04B722B","status":"0","third_order_id":"2018042916343424887"}

2018-04-29 16:34:57:参数:{"merchant_id":"6008005629","service":"query_status","third_order_id":"2018042916343424887","nonce_str":"0PG9CSZ1BT1YMLCDT2OX4D1MTLKCFEGQ","sign":"5DC4EED2C8FBC25092DC44E9E71C8401"}

2018-04-29 16:35:02:继续查询:{"resp_code":"0","amount":"450","leshua_order_id":"1804291634325552","merchant_id":"6008005629","nonce_str":"5LSU8IPOHWWIU7ZYGXAJRJWZUOFBXB43","pay_way":"WXZF","result_code":"0","sign":"8EAB0FDAC325E54CFF7C33224CF6FF96","status":"0","third_order_id":"2018042916343424887"}

2018-04-29 16:35:02:参数:{"merchant_id":"6008005629","service":"query_status","third_order_id":"2018042916343424887","nonce_str":"DO5XKQYXB46008DH6PYZ8H5TY775324W","sign":"278D713C15BB88F2173A3C0B163BEBEC"}

2018-04-29 16:35:03:支付成功:{"resp_code":"0","amount":"450","bank_type":"CFT","leshua_order_id":"1804291634325552","merchant_id":"6008005629","nonce_str":"Z78Q5M4YI005XD84T6V680LL7U6NBLAO","openid":"oRfOu1bbms0_Cj5RFCzgD-BFwKc8","out_transaction_id":"4200000129201804298670830373","pay_time":"2018-04-29 16:35:02","pay_way":"WXZF","result_code":"0","sign":"852E6AE7A73EFDBBA64112EC4F0A6A0D","status":"2","third_order_id":"2018042916343424887"}

2018-04-29 17:35:44:参数:{"merchant_id":"6008005629","service":"query_status","third_order_id":"2018042917354364317","nonce_str":"AED6SESICX3237JX46GH4S1A43TCQENP","sign":"89A5B1F6C8009FEFEA8926058C01465B"}

2018-04-29 17:35:50:继续查询:{"resp_code":"0","amount":"1000","leshua_order_id":"1804291735407791","merchant_id":"6008005629","nonce_str":"40N07OQUX2U11ORWUBQKZ9U4FUJF3R88","pay_way":"WXZF","result_code":"0","sign":"AA8586607FE2FD64FC079F925740B60F","status":"0","third_order_id":"2018042917354364317"}

2018-04-29 17:35:50:参数:{"merchant_id":"6008005629","service":"query_status","third_order_id":"2018042917354364317","nonce_str":"2LQZ39A82E4BJIYQAVUWZWN493RUH31L","sign":"10EA5D5C9FA9D7A83A13D64CA9E89FE7"}

2018-04-29 17:35:55:继续查询:{"resp_code":"0","amount":"1000","leshua_order_id":"1804291735407791","merchant_id":"6008005629","nonce_str":"S6TTNG5ET0K4FUUUN16YT7LFEVBH1SOY","pay_way":"WXZF","result_code":"0","sign":"82E5DF1BBBE36A36DE880FA96DA4EDD1","status":"0","third_order_id":"2018042917354364317"}

2018-04-29 17:35:55:参数:{"merchant_id":"6008005629","service":"query_status","third_order_id":"2018042917354364317","nonce_str":"A3VWUUXYQZH855B1CGFXYR14PPEBZGZL","sign":"1D05D97D277C5D959CC148E24818DFB2"}

2018-04-29 17:36:01:继续查询:{"resp_code":"0","amount":"1000","leshua_order_id":"1804291735407791","merchant_id":"6008005629","nonce_str":"Q5HJ8NOQB3RRS0FZN7YBNUQMDMUQB409","pay_way":"WXZF","result_code":"0","sign":"FD5302D6A036EDA0042103AE96FD3FD9","status":"0","third_order_id":"2018042917354364317"}

2018-04-29 17:36:01:参数:{"merchant_id":"6008005629","service":"query_status","third_order_id":"2018042917354364317","nonce_str":"DJ17Q6VQRKQCK370E8MFRU157XBZ6W6H","sign":"8EB509D164DDC4832F234F2BE6730946"}

2018-04-29 17:36:06:继续查询:{"resp_code":"0","amount":"1000","leshua_order_id":"1804291735407791","merchant_id":"6008005629","nonce_str":"ILMVXU726756SLY4GL1QHYCL0WLC3609","pay_way":"WXZF","result_code":"0","sign":"7D4B93473392F8585EA798E2A6B12F40","status":"0","third_order_id":"2018042917354364317"}

2018-04-29 17:36:06:参数:{"merchant_id":"6008005629","service":"query_status","third_order_id":"2018042917354364317","nonce_str":"O43CH02KBI9CJ32P1810OIP7R51DQYR5","sign":"70B2C03E4098AFE1A19C72FCF27708CE"}

2018-04-29 17:36:11:继续查询:{"resp_code":"0","amount":"1000","leshua_order_id":"1804291735407791","merchant_id":"6008005629","nonce_str":"NJ5ALS0YCQQSN2APLCXLTA20P5RLW3WE","pay_way":"WXZF","result_code":"0","sign":"74F17FAF56C56098DE1AA4EC93B5A802","status":"0","third_order_id":"2018042917354364317"}

2018-04-29 17:36:11:参数:{"merchant_id":"6008005629","service":"query_status","third_order_id":"2018042917354364317","nonce_str":"V3IM6WJBET5AXLEVPVJXRFZP4VYD8MUY","sign":"4BDA58AEED75F7CA897C83E7EA31D25E"}

2018-04-29 17:36:17:继续查询:{"resp_code":"0","amount":"1000","leshua_order_id":"1804291735407791","merchant_id":"6008005629","nonce_str":"QRZEBG22TWLG5NTULEFXZ25RACNE3YEZ","pay_way":"WXZF","result_code":"0","sign":"79949DD000747C8CE9A74FD9DED8D2DA","status":"0","third_order_id":"2018042917354364317"}

2018-04-29 17:36:17:参数:{"merchant_id":"6008005629","service":"query_status","third_order_id":"2018042917354364317","nonce_str":"LX2HY61667LAIFI255OXW1093JD9B9KL","sign":"9D5ED3CF8CB6D1D7FD2C7145DC357502"}

2018-04-29 17:36:18:参数:{"merchant_id":"6008005629","service":"query_status","third_order_id":"2018042917354364317","nonce_str":"K3H6M85Y76GVNSST1MUJXLYJUTQERC5T","sign":"746A54EE65A123796E02FB4FF3BB4989"}

2018-04-29 17:36:18:支付失败:{"resp_code":"0","amount":"1000","leshua_order_id":"1804291735407791","merchant_id":"6008005629","nonce_str":"ID9ZF0PFUUOTQBZFRJT5OY3DB7A8LYLZ","pay_way":"WXZF","result_code":"0","sign":"C03285D8BF645188469C57355E8CE4EE","status":"6","third_order_id":"2018042917354364317"}

2018-04-29 18:09:05:参数:{"merchant_id":"6008005629","service":"query_status","third_order_id":"2018042918090423725","nonce_str":"6LH3M48UG1KTE46ISUIMHHQJQFVNI4XS","sign":"02D0CB2D2FDEFC0AD01330CF1F32F9A8"}

2018-04-29 18:09:11:继续查询:{"resp_code":"0","amount":"1200","leshua_order_id":"1804291809026292","merchant_id":"6008005629","nonce_str":"JFBGP6ZI09I7JHYIHUE6Q9NMEJ0J8W40","pay_way":"WXZF","result_code":"0","sign":"10713F2D4ACB6568C58BD699826F9CE0","status":"0","third_order_id":"2018042918090423725"}

2018-04-29 18:09:11:参数:{"merchant_id":"6008005629","service":"query_status","third_order_id":"2018042918090423725","nonce_str":"85BKGXTF74GTUH8XELCUU6DN1EAUEDCT","sign":"5C75CE459AC0D819EA01EE716F5E72D1"}

2018-04-29 18:09:16:继续查询:{"resp_code":"0","amount":"1200","leshua_order_id":"1804291809026292","merchant_id":"6008005629","nonce_str":"TXE29MAQ1YCI8SC8QEESLBB0J7XP4Y95","pay_way":"WXZF","result_code":"0","sign":"6C1423982205862AF7AB55613AD371D4","status":"0","third_order_id":"2018042918090423725"}

2018-04-29 18:09:16:参数:{"merchant_id":"6008005629","service":"query_status","third_order_id":"2018042918090423725","nonce_str":"LYGPVEA1HVCODOK63YS1I5390BRTUL8P","sign":"5189BFA8F68FB5E8ED564DD47E1F7071"}

2018-04-29 18:09:22:继续查询:{"resp_code":"0","amount":"1200","leshua_order_id":"1804291809026292","merchant_id":"6008005629","nonce_str":"G01FHTEPGPTDW79AVE7C0EGHFE46SDPZ","pay_way":"WXZF","result_code":"0","sign":"FD5431E392B49D27397D372FB24BA4A0","status":"0","third_order_id":"2018042918090423725"}

2018-04-29 18:09:22:参数:{"merchant_id":"6008005629","service":"query_status","third_order_id":"2018042918090423725","nonce_str":"56EZGIKN0F6PHZLGAGP10MRX1WQV6837","sign":"1B2DF84833F94D4E0A5BFAF9D9EA269D"}

2018-04-29 18:09:27:继续查询:{"resp_code":"0","amount":"1200","leshua_order_id":"1804291809026292","merchant_id":"6008005629","nonce_str":"CGY4SY710NF2NEOCT9KR85TJUB3WTLFH","pay_way":"WXZF","result_code":"0","sign":"1BF465D978D29531F1DF79893750E0E7","status":"0","third_order_id":"2018042918090423725"}

2018-04-29 18:09:27:参数:{"merchant_id":"6008005629","service":"query_status","third_order_id":"2018042918090423725","nonce_str":"SDN0KTVHTR0O6ELYM4RAM8ONFKCDF4FM","sign":"86E490CDACD1DD54BCD8A730FF5F9A32"}

2018-04-29 18:09:32:继续查询:{"resp_code":"0","amount":"1200","leshua_order_id":"1804291809026292","merchant_id":"6008005629","nonce_str":"RF841T7J0MOM8EC0WEBS5PZTUH0CK0F5","pay_way":"WXZF","result_code":"0","sign":"513EC698575EE6AC19BB5E2995F5A3D0","status":"0","third_order_id":"2018042918090423725"}

2018-04-29 18:09:32:参数:{"merchant_id":"6008005629","service":"query_status","third_order_id":"2018042918090423725","nonce_str":"0KX9UHM5X6J4VU4TP4NUZTXPNZQ8IVQY","sign":"169254290EDF6879BF4C0285126EA29D"}

2018-04-29 18:09:38:继续查询:{"resp_code":"0","amount":"1200","leshua_order_id":"1804291809026292","merchant_id":"6008005629","nonce_str":"RY39WZAWYBWFW13Y28C3VRYK1SV7ZM36","pay_way":"WXZF","result_code":"0","sign":"D702D6A181F521EF4881A00FCF0391B1","status":"0","third_order_id":"2018042918090423725"}

2018-04-29 18:09:38:参数:{"merchant_id":"6008005629","service":"query_status","third_order_id":"2018042918090423725","nonce_str":"RJ1RY4H5IEXT9BUJJ1P943XIFY54359C","sign":"6D6D766A5DA4235C59562CA2625CAC0C"}

2018-04-29 18:09:38:参数:{"merchant_id":"6008005629","service":"query_status","third_order_id":"2018042918090423725","nonce_str":"4T4U8O3Y3M35PAYQ32YVGDU91ZLQVLSN","sign":"437B8F6C86703B4676295043BECC2F8D"}

2018-04-29 18:09:39:支付失败:{"resp_code":"0","amount":"1200","leshua_order_id":"1804291809026292","merchant_id":"6008005629","nonce_str":"NPWM2WN0YX8UC06COX1P8U554GQRWK22","pay_way":"WXZF","result_code":"0","sign":"6EB1CB964F10038B6165E07FC80D909D","status":"6","third_order_id":"2018042918090423725"}

2018-04-29 18:10:32:参数:{"merchant_id":"6008005629","service":"query_status","third_order_id":"2018042918103166869","nonce_str":"LD122SJ3DKVA35S7LLFJDB9FNXTRIHKW","sign":"FCB892357DFFBA331D8B3372878384FB"}

2018-04-29 18:10:38:继续查询:{"resp_code":"0","amount":"1200","leshua_order_id":"1804291810336597","merchant_id":"6008005629","nonce_str":"81RGU12CB6K8T822G5FQA0HWSGP417PJ","pay_way":"WXZF","result_code":"0","sign":"97B16E03B162F1CFDB5F7BAB68A9744A","status":"0","third_order_id":"2018042918103166869"}

2018-04-29 18:10:38:参数:{"merchant_id":"6008005629","service":"query_status","third_order_id":"2018042918103166869","nonce_str":"C56HGUVGENVQOHLHKDWNE6SC3GG7RK1B","sign":"005643E69C97A6CDE51022B6384112F7"}

2018-04-29 18:10:43:继续查询:{"resp_code":"0","amount":"1200","leshua_order_id":"1804291810336597","merchant_id":"6008005629","nonce_str":"TS0K614L2PK2KUPIMIS8OF72MP6MDVJ8","pay_way":"WXZF","result_code":"0","sign":"933C5F1449CF16AEA52012D53F52C406","status":"0","third_order_id":"2018042918103166869"}

2018-04-29 18:10:43:参数:{"merchant_id":"6008005629","service":"query_status","third_order_id":"2018042918103166869","nonce_str":"DTTL5SXEVC0PZL0CSMWGKO1Y5ZLCCZZ6","sign":"8721DF3D547DD39332A3B0B0D5E45EE7"}

2018-04-29 18:10:44:支付成功:{"resp_code":"0","amount":"1200","bank_type":"PAB_DEBIT","leshua_order_id":"1804291810336597","merchant_id":"6008005629","nonce_str":"ZDQC1HPLQMUTPX427LWEFSC4IIDLR7RI","openid":"oRfOu1SFT3C8WqVxbkeOnh-rVsAE","out_transaction_id":"4200000130201804298846509148","pay_time":"2018-04-29 18:10:43","pay_way":"WXZF","result_code":"0","sign":"333D471EC6CA1C9E53BCBDD4B3A2776D","status":"2","third_order_id":"2018042918103166869"}

2018-04-29 18:40:37:参数:{"merchant_id":"6008005629","service":"query_status","third_order_id":"2018042918403426764","nonce_str":"JIULGMNT2P0HJHPNIZ5MUCBPKWSQEHSW","sign":"4D64ABB644FEBF57BEA5E5FF3F9157B5"}

2018-04-29 18:40:42:继续查询:{"resp_code":"0","amount":"1140","leshua_order_id":"1804291840329778","merchant_id":"6008005629","nonce_str":"5999HJRQ4RLPQU2DO6BWZVPR9CKGK3YK","pay_way":"ZFBZF","result_code":"0","sign":"E6ABC5E21183E4F0C5EC363314BF11AD","status":"0","third_order_id":"2018042918403426764"}

2018-04-29 18:40:42:参数:{"merchant_id":"6008005629","service":"query_status","third_order_id":"2018042918403426764","nonce_str":"7Q1GUR8GIJVLXCZEH498XXWAA6G4GT5X","sign":"D8DD9778F8B94DEBC8809E0EF95A0D0E"}

2018-04-29 18:40:48:继续查询:{"resp_code":"0","amount":"1140","leshua_order_id":"1804291840329778","merchant_id":"6008005629","nonce_str":"VRATY3KTSN7JICXP17SCW88691WRBJ7S","pay_way":"ZFBZF","result_code":"0","sign":"B43AB8B2407DD9BFA99BCCD4858947DA","status":"0","third_order_id":"2018042918403426764"}

2018-04-29 18:40:48:参数:{"merchant_id":"6008005629","service":"query_status","third_order_id":"2018042918403426764","nonce_str":"AATNQKZHV37V4ZS95900WQYWEBKUFO3K","sign":"5E8D45EA2BCF3FC5B326D8092F1D6B4A"}

2018-04-29 18:40:48:支付成功:{"resp_code":"0","amount":"1140","bank_type":"DEBIT_CARD","leshua_order_id":"1804291840329778","merchant_id":"6008005629","nonce_str":"UF31KOSV7UJAQ68CPAXS55ZYMA8Q33FF","openid":"2088912790243146","out_transaction_id":"2018042921001004140507154368","pay_time":"2018-04-29 18:40:48","pay_way":"ZFBZF","result_code":"0","sign":"FFD21C5AEE3DD6D6E8CC2F39A39E5E85","status":"2","third_order_id":"2018042918403426764"}

2018-04-29 19:15:38:参数:{"merchant_id":"6008005629","service":"query_status","third_order_id":"2018042919153689904","nonce_str":"KIRFQRQZHRE5IQNVBC5TLH8B41S4C2N3","sign":"ED831B9FA0C863D28126A25EC155443D"}

2018-04-29 19:15:43:继续查询:{"resp_code":"0","amount":"350","leshua_order_id":"1804291915323518","merchant_id":"6008005629","nonce_str":"O4VGF7152EPIXWAN3AV8D2FJY5262TSE","pay_way":"WXZF","result_code":"0","sign":"F4F7407E86FB63F963F6A2E48E8DE1A3","status":"0","third_order_id":"2018042919153689904"}

2018-04-29 19:15:43:参数:{"merchant_id":"6008005629","service":"query_status","third_order_id":"2018042919153689904","nonce_str":"VJ619F757Z19ZVX7U4TS0AK2RKKM8YPU","sign":"8D287193D2BB6576792589556945A65E"}

2018-04-29 19:15:49:继续查询:{"resp_code":"0","amount":"350","leshua_order_id":"1804291915323518","merchant_id":"6008005629","nonce_str":"1CBDIZGVT4WRLCMVYUD967CYRF613785","pay_way":"WXZF","result_code":"0","sign":"310E287864B07FFBCD2C8E4C29D764AB","status":"0","third_order_id":"2018042919153689904"}

2018-04-29 19:15:49:参数:{"merchant_id":"6008005629","service":"query_status","third_order_id":"2018042919153689904","nonce_str":"VUEJGK70P1QDEW196KT61Y1V8N0XL08L","sign":"B475D210CA05F2238B547CF6146D46AE"}

2018-04-29 19:15:54:继续查询:{"resp_code":"0","amount":"350","leshua_order_id":"1804291915323518","merchant_id":"6008005629","nonce_str":"UH5N79WV2JHVUHP5A68J8WIV9JJIHCFC","pay_way":"WXZF","result_code":"0","sign":"43FA1E9ADFDCA4C6A05AFD8B1777EF8D","status":"0","third_order_id":"2018042919153689904"}

2018-04-29 19:15:54:参数:{"merchant_id":"6008005629","service":"query_status","third_order_id":"2018042919153689904","nonce_str":"0AMG9RWFSMEX53XNRXM6Q35BQP5HZY8R","sign":"2B8EA49010319090E200DDCA6D2A69C8"}

2018-04-29 19:16:00:继续查询:{"resp_code":"0","amount":"350","leshua_order_id":"1804291915323518","merchant_id":"6008005629","nonce_str":"JXQVP0A5PQ2509PA9FSTDF2J6UR29DR6","pay_way":"WXZF","result_code":"0","sign":"904AF507A15944B1BA3A8DF685474799","status":"0","third_order_id":"2018042919153689904"}

2018-04-29 19:16:00:参数:{"merchant_id":"6008005629","service":"query_status","third_order_id":"2018042919153689904","nonce_str":"WR942ZY1YG4JLCULDDL3HWY6QDKUI3TM","sign":"B592A3C12F289461BEF220E2E9F06DF1"}

2018-04-29 19:16:00:支付成功:{"resp_code":"0","amount":"350","bank_type":"SZRCB_DEBIT","leshua_order_id":"1804291915323518","merchant_id":"6008005629","nonce_str":"ALIOLTC3TMPX35UARPKWQD9LTTK6GX0H","openid":"oRfOu1VVlELrqxymj158lPyWdG34","out_transaction_id":"4200000114201804298587487430","pay_time":"2018-04-29 19:16:00","pay_way":"WXZF","result_code":"0","sign":"E5014132BA69BFD8CE4FDB4ED9BAF439","status":"2","third_order_id":"2018042919153689904"}

2018-04-29 20:21:06:参数:{"merchant_id":"6008005629","service":"query_status","third_order_id":"2018042920210562109","nonce_str":"Z96VE3DQG94H2YY6I0JGYJ6K1CA93FQD","sign":"779A02AB791BBDEC6C4F169AF1321D50"}

2018-04-29 20:21:12:继续查询:{"resp_code":"0","amount":"3929","leshua_order_id":"1804292021029331","merchant_id":"6008005629","nonce_str":"EXR4M28VKPYGVIRVZ1LZR2XM2UMKZBFN","pay_way":"WXZF","result_code":"0","sign":"4FBC9141C6F986CA3245F0A23F168D50","status":"0","third_order_id":"2018042920210562109"}

2018-04-29 20:21:12:参数:{"merchant_id":"6008005629","service":"query_status","third_order_id":"2018042920210562109","nonce_str":"O8B6I15Z9GNOMEA8PB0PEYY7W5LIWWV8","sign":"6DE4A5E25F272342285EBCA080CCC94F"}

2018-04-29 20:21:17:继续查询:{"resp_code":"0","amount":"3929","leshua_order_id":"1804292021029331","merchant_id":"6008005629","nonce_str":"40KGZ53KGPA2WU42YZ2SFN81RG7QG6MS","pay_way":"WXZF","result_code":"0","sign":"B4253D130436AA62FE385CC73EEA9F09","status":"0","third_order_id":"2018042920210562109"}

2018-04-29 20:21:17:参数:{"merchant_id":"6008005629","service":"query_status","third_order_id":"2018042920210562109","nonce_str":"M13TWRJEX9HFXAZA22US6G7BQGL5DSYD","sign":"ED6C086ECB136F524F26EB1C8C7731CC"}

2018-04-29 20:21:17:支付成功:{"resp_code":"0","amount":"3929","bank_type":"CFT","leshua_order_id":"1804292021029331","merchant_id":"6008005629","nonce_str":"QUTED0IUFM0Q6OQJ471S601KNFAZKEC4","openid":"oRfOu1fqPomvTH4LnX8O1WjBaqtA","out_transaction_id":"4200000126201804298855120783","pay_time":"2018-04-29 20:21:17","pay_way":"WXZF","result_code":"0","sign":"361F99C5A934C218E4D4002D7AE3FBDA","status":"2","third_order_id":"2018042920210562109"}

2018-04-29 21:52:35:参数:{"merchant_id":"6008005629","service":"query_status","third_order_id":"2018042921523366212","nonce_str":"IEUE2J9T9X46VPM0MNEYQWAMM7IG8SI5","sign":"C2E850287FA020A0D4AA9A5872396215"}

2018-04-29 21:52:40:继续查询:{"resp_code":"0","amount":"660","leshua_order_id":"1804292152330726","merchant_id":"6008005629","nonce_str":"1F1RQZ4UV38W7UJQPH5V2W6CG3KMNAFB","pay_way":"WXZF","result_code":"0","sign":"8FADF6012630F4EFBB87CD7570349863","status":"0","third_order_id":"2018042921523366212"}

2018-04-29 21:52:40:参数:{"merchant_id":"6008005629","service":"query_status","third_order_id":"2018042921523366212","nonce_str":"2D08D1ZJ0F38WCKWNPZX8N89SGHLMIXC","sign":"0150B4F07DBFAFF58308E357AB2068E5"}

2018-04-29 21:52:45:继续查询:{"resp_code":"0","amount":"660","leshua_order_id":"1804292152330726","merchant_id":"6008005629","nonce_str":"NPA845ZR1OIEV4USV7SF6FCR00U9MT6O","pay_way":"WXZF","result_code":"0","sign":"9DB1066495906C00F27E65C6520F0D97","status":"0","third_order_id":"2018042921523366212"}

2018-04-29 21:52:45:参数:{"merchant_id":"6008005629","service":"query_status","third_order_id":"2018042921523366212","nonce_str":"W1GDCTT8SZNG5EOICR7JDU68J3I4Q3N8","sign":"53EDEDD37603247895589D55576893BC"}

2018-04-29 21:52:51:继续查询:{"resp_code":"0","amount":"660","leshua_order_id":"1804292152330726","merchant_id":"6008005629","nonce_str":"8VHE0LD46BF4B337NF8N2SDEAUA6RMTJ","pay_way":"WXZF","result_code":"0","sign":"86ABCDCFA78A37ED559E61E1B828EF3A","status":"0","third_order_id":"2018042921523366212"}

2018-04-29 21:52:51:参数:{"merchant_id":"6008005629","service":"query_status","third_order_id":"2018042921523366212","nonce_str":"VVWL59K9H1QJOE6Y6IZE6BF0G8OOP1RR","sign":"CFF4B58B7A8DDC79507F17F0E36A62D4"}

2018-04-29 21:52:56:继续查询:{"resp_code":"0","amount":"660","leshua_order_id":"1804292152330726","merchant_id":"6008005629","nonce_str":"N51YS6T6AIRCBJAE122GBPNFW6Q8DMJL","pay_way":"WXZF","result_code":"0","sign":"B2A0B504E41D5A0D2A1A1F9BB7AFEDE0","status":"0","third_order_id":"2018042921523366212"}

2018-04-29 21:52:56:参数:{"merchant_id":"6008005629","service":"query_status","third_order_id":"2018042921523366212","nonce_str":"BQBDFW9XY1AYRL07F9E7IST7RYRTKH86","sign":"2B93E8D64F21F8474BE2B95313F18743"}

2018-04-29 21:53:01:继续查询:{"resp_code":"0","amount":"660","leshua_order_id":"1804292152330726","merchant_id":"6008005629","nonce_str":"5LR70K2J3ADHHNYHRXC3XND3FLZDYMWL","pay_way":"WXZF","result_code":"0","sign":"94D868B059444BCEE520668261AC6888","status":"0","third_order_id":"2018042921523366212"}

2018-04-29 21:53:01:参数:{"merchant_id":"6008005629","service":"query_status","third_order_id":"2018042921523366212","nonce_str":"KEYQEH66XZKW14FXJVEWHT4M3BQORU8E","sign":"C6E1DE385E02B90DE237232727FEF2DC"}

2018-04-29 21:53:07:继续查询:{"resp_code":"0","amount":"660","leshua_order_id":"1804292152330726","merchant_id":"6008005629","nonce_str":"G2565KIF8VQTCVLXQ4ZMIC04VQDVP3K1","pay_way":"WXZF","result_code":"0","sign":"88CB84B5D04034D46D7B54920679F3B3","status":"0","third_order_id":"2018042921523366212"}

2018-04-29 21:53:07:参数:{"merchant_id":"6008005629","service":"query_status","third_order_id":"2018042921523366212","nonce_str":"YHOXFV52K3S3VHC0H66DF00GWINFOJPU","sign":"35A64AA03FDC8E685BC2D6017138E2FE"}

2018-04-29 21:53:08:参数:{"merchant_id":"6008005629","service":"query_status","third_order_id":"2018042921523366212","nonce_str":"3YBKREW0OT225XFT3IRQ1YUO76STQXHC","sign":"D54D2CAE3ABD02C9D2A2F74B4D9CA579"}

2018-04-29 21:53:08:支付失败:{"resp_code":"0","amount":"660","leshua_order_id":"1804292152330726","merchant_id":"6008005629","nonce_str":"FGOS91G37CTELEITEEDWDJMC24VM8CMR","pay_way":"WXZF","result_code":"0","sign":"5D9DEB543D52AC80C9C769F04D1CE3DC","status":"6","third_order_id":"2018042921523366212"}

2018-04-29 21:53:39:参数:{"merchant_id":"6008005629","service":"query_status","third_order_id":"2018042921533847730","nonce_str":"72W5AFG3GIR4MYV2ST3RH9HYD4S5O00C","sign":"81410EE8E8549B67784A471E2F0571BA"}

2018-04-29 21:53:44:继续查询:{"resp_code":"0","amount":"660","leshua_order_id":"1804292153330963","merchant_id":"6008005629","nonce_str":"YWBCNWZ43ZWFP4GP93M8S5NTV2LTZ9XG","pay_way":"WXZF","result_code":"0","sign":"AD563AB220932AD23E8A90AD2ECADE35","status":"0","third_order_id":"2018042921533847730"}

2018-04-29 21:53:44:参数:{"merchant_id":"6008005629","service":"query_status","third_order_id":"2018042921533847730","nonce_str":"U9ZUJ40YGQCXQZ2DGG6BF293DZESXTTM","sign":"DCF33549D3C41CB2BE0A8EEDD303C50F"}

2018-04-29 21:53:50:继续查询:{"resp_code":"0","amount":"660","leshua_order_id":"1804292153330963","merchant_id":"6008005629","nonce_str":"8N26P5W7G7M1QXQ87CF04FE9RQ0W1DST","pay_way":"WXZF","result_code":"0","sign":"36FD06993B235681F5D29164CDB23082","status":"0","third_order_id":"2018042921533847730"}

2018-04-29 21:53:50:参数:{"merchant_id":"6008005629","service":"query_status","third_order_id":"2018042921533847730","nonce_str":"RXFDGRT53EKJKIN4XN3Y35UZQZ4GID1J","sign":"3F8B2031FF92A4B23FA7B61E61250C58"}

2018-04-29 21:53:50:支付成功:{"resp_code":"0","amount":"660","bank_type":"CFT","leshua_order_id":"1804292153330963","merchant_id":"6008005629","nonce_str":"S27238XN00VY9GIZ19GNJWLX6P9AH2XF","openid":"oRfOu1UKsqsxdxCIpniRgYmYg87k","out_transaction_id":"4200000110201804298871524998","pay_time":"2018-04-29 21:53:50","pay_way":"WXZF","result_code":"0","sign":"BD218F3696EE9481C0067C700D077F6C","status":"2","third_order_id":"2018042921533847730"}

2018-04-29 23:36:49:参数:{"merchant_id":"6008005629","service":"query_status","third_order_id":"2018042923364826997","nonce_str":"KOU6V92N89CDOB6R0DYN0A9AY7OYZXKP","sign":"18316B34619C2C68EC30532DCAFA36B6"}

2018-04-29 23:36:54:继续查询:{"resp_code":"0","amount":"1939","leshua_order_id":"1804292336407011","merchant_id":"6008005629","nonce_str":"9H6V65TKYEO3CZPB9XVWLID29D2JVEK2","pay_way":"WXZF","result_code":"0","sign":"0076E2900B39D95DC3706511F5DF13C3","status":"0","third_order_id":"2018042923364826997"}

2018-04-29 23:36:54:参数:{"merchant_id":"6008005629","service":"query_status","third_order_id":"2018042923364826997","nonce_str":"FV7P96WX9509K6EPZLR712ELFIGE4QFW","sign":"1334726CE36ACDE4D405B1152B9B5D57"}

2018-04-29 23:37:00:继续查询:{"resp_code":"0","amount":"1939","leshua_order_id":"1804292336407011","merchant_id":"6008005629","nonce_str":"7EUWUMQZ2TWZTBN9LQ5HHHGQT41XJ0IA","pay_way":"WXZF","result_code":"0","sign":"806110A5F82450135AB2BE2118485B9A","status":"0","third_order_id":"2018042923364826997"}

2018-04-29 23:37:00:参数:{"merchant_id":"6008005629","service":"query_status","third_order_id":"2018042923364826997","nonce_str":"H6DUSODYBY63YV5TBC9DWSIYYMRP10MV","sign":"DB0D0F8299EA9D9132D64762829D57CE"}

2018-04-29 23:37:05:继续查询:{"resp_code":"0","amount":"1939","leshua_order_id":"1804292336407011","merchant_id":"6008005629","nonce_str":"NDWRAI01LY7A23GYJ0089QYGKTV3V160","pay_way":"WXZF","result_code":"0","sign":"AD4307FE08C97CB81212FCC8B187BFE3","status":"0","third_order_id":"2018042923364826997"}

2018-04-29 23:37:05:参数:{"merchant_id":"6008005629","service":"query_status","third_order_id":"2018042923364826997","nonce_str":"C9Y6NZWZ9HCNBQP1KQFQE82DY1USTTQU","sign":"427F94EE28987EB03CF8842B4860DD2D"}

2018-04-29 23:37:10:继续查询:{"resp_code":"0","amount":"1939","leshua_order_id":"1804292336407011","merchant_id":"6008005629","nonce_str":"GDRPYXACKDKR035YKP068ZA9ON8TO0K2","pay_way":"WXZF","result_code":"0","sign":"205BF325CDAD648DD1131948932B0EFD","status":"0","third_order_id":"2018042923364826997"}

2018-04-29 23:37:10:参数:{"merchant_id":"6008005629","service":"query_status","third_order_id":"2018042923364826997","nonce_str":"5PX34T4WTQ8S8XJ0HU493KK3K6NJN78E","sign":"5F58D275F9AA2E75741CA2BFDF620E0C"}

2018-04-29 23:37:16:继续查询:{"resp_code":"0","amount":"1939","leshua_order_id":"1804292336407011","merchant_id":"6008005629","nonce_str":"5Y8XWZ1VV3JS00BMAFZVGWBG72UNUVHI","pay_way":"WXZF","result_code":"0","sign":"A668E97571909E631E347B1EC36978A6","status":"0","third_order_id":"2018042923364826997"}

2018-04-29 23:37:16:参数:{"merchant_id":"6008005629","service":"query_status","third_order_id":"2018042923364826997","nonce_str":"CW2S75APCNH9X6C2RJ0884VOCUZ31JQ5","sign":"2DCB8EDD0470B085F25FDA05B1923B7B"}

2018-04-29 23:37:21:继续查询:{"resp_code":"0","amount":"1939","leshua_order_id":"1804292336407011","merchant_id":"6008005629","nonce_str":"10LCC3LBBW3WGE8AGB6L029Z02LD0VPU","pay_way":"WXZF","result_code":"0","sign":"1908918BAB9CC0A3E33F6C7B48A9970E","status":"0","third_order_id":"2018042923364826997"}

2018-04-29 23:37:21:参数:{"merchant_id":"6008005629","service":"query_status","third_order_id":"2018042923364826997","nonce_str":"TCHXW5JWOL981BK662D4YFHIXFPV24CP","sign":"020913D16275476E1C99C34666B66ECA"}

2018-04-29 23:37:22:参数:{"merchant_id":"6008005629","service":"query_status","third_order_id":"2018042923364826997","nonce_str":"E22TANMHK3VCAC62I8W9NDUR39OEPPFQ","sign":"959E63C67DAFBFD3B8935D0A403AFB6E"}

2018-04-29 23:37:22:支付失败:{"resp_code":"0","amount":"1939","leshua_order_id":"1804292336407011","merchant_id":"6008005629","nonce_str":"DDBZ395L1LRDL2SE3AL2FR91K03MZSPH","pay_way":"WXZF","result_code":"0","sign":"EBBB78FD16015EB6707CCC442C41E960","status":"6","third_order_id":"2018042923364826997"}

