2018-05-09 08:42:38:参数:{"merchant_id":"6008005629","service":"query_status","third_order_id":"2018050908423792966","nonce_str":"H79YA5AA0AT4IFJ56F6HDVJMJF7NOJUA","sign":"8525E60CA68CCC6472402DC65BE022C1"}

2018-05-09 08:42:43:继续查询:{"resp_code":"0","amount":"1040","leshua_order_id":"1805090842333838","merchant_id":"6008005629","nonce_str":"6EN47TLE0AD5YV7IS5WDUODCQEE3PYKM","pay_way":"WXZF","result_code":"0","sign":"EE356BFCE96F144DE56C05E7D5A4DEDB","status":"0","third_order_id":"2018050908423792966"}

2018-05-09 08:42:43:参数:{"merchant_id":"6008005629","service":"query_status","third_order_id":"2018050908423792966","nonce_str":"11C15FNE57I98LX0ISQT88P1P8H9UEQQ","sign":"3FAD344CE261B7A97E0E42D79795C6B0"}

2018-05-09 08:42:49:继续查询:{"resp_code":"0","amount":"1040","leshua_order_id":"1805090842333838","merchant_id":"6008005629","nonce_str":"H5L9WHF7JCEDAMTQR3MDCQOHMXOGCEJ0","pay_way":"WXZF","result_code":"0","sign":"B2ABC606503CBD795D2E6140999EA85E","status":"0","third_order_id":"2018050908423792966"}

2018-05-09 08:42:49:参数:{"merchant_id":"6008005629","service":"query_status","third_order_id":"2018050908423792966","nonce_str":"LWEIVFH6NMFZH8KB2IQ2ZP1ANMKRBNBV","sign":"5B25102088601F28062FCF5EA3D265E1"}

2018-05-09 08:42:54:继续查询:{"resp_code":"0","amount":"1040","leshua_order_id":"1805090842333838","merchant_id":"6008005629","nonce_str":"VY2CJIETQQRL7VHT1MPN3PBMW2RGJ9QP","pay_way":"WXZF","result_code":"0","sign":"1E8339B256097875B56CFE707A6578A2","status":"0","third_order_id":"2018050908423792966"}

2018-05-09 08:42:54:参数:{"merchant_id":"6008005629","service":"query_status","third_order_id":"2018050908423792966","nonce_str":"BJBMETX4R5R9I4I7J6K13W7ZF8QWF1S1","sign":"F3CC86E5D708B6BAE65A0C792A1D0B3C"}

2018-05-09 08:42:55:支付成功:{"resp_code":"0","amount":"1040","bank_type":"CFT","leshua_order_id":"1805090842333838","merchant_id":"6008005629","nonce_str":"UUCFW0Q2C50TLRP7E0K5S9D6WZYUW7J4","openid":"oRfOu1a0WQjjmCpDXAEZn7DjT-TM","out_transaction_id":"4200000131201805095464921727","pay_time":"2018-05-09 08:42:54","pay_way":"WXZF","result_code":"0","sign":"2FB6C5FDFAEE6ACD4AC2456E48164F11","status":"2","third_order_id":"2018050908423792966"}

2018-05-09 09:21:12:参数:{"merchant_id":"6008005629","service":"query_status","third_order_id":"2018050909211026351","nonce_str":"K9FLA171JEAEDJRQXT9OZOZMZ7FK25R3","sign":"9CFACB1103C34A0BA624A8FEC5CB271D"}

2018-05-09 09:21:17:继续查询:{"resp_code":"0","amount":"3090","leshua_order_id":"1805090921108872","merchant_id":"6008005629","nonce_str":"3IM1YMOPC8CRZQ8PB031CE1NJX4TZ5H6","pay_way":"WXZF","result_code":"0","sign":"76A9DC831C62FEF6A60B5C567EC6D47C","status":"0","third_order_id":"2018050909211026351"}

2018-05-09 09:21:17:参数:{"merchant_id":"6008005629","service":"query_status","third_order_id":"2018050909211026351","nonce_str":"812TFPYWP6O20GAN7EC0A49DAAJ3VOLM","sign":"482EB68932113E44D66D58E38C7AA9D4"}

2018-05-09 09:21:23:继续查询:{"resp_code":"0","amount":"3090","leshua_order_id":"1805090921108872","merchant_id":"6008005629","nonce_str":"9AHV4XU5V357Q1K2BL93ZA0AO4XOKHJ5","pay_way":"WXZF","result_code":"0","sign":"45F7B74EAB8A83DC0E3AD4A0E8B20785","status":"0","third_order_id":"2018050909211026351"}

2018-05-09 09:21:23:参数:{"merchant_id":"6008005629","service":"query_status","third_order_id":"2018050909211026351","nonce_str":"QPVXCWLUSP6S2I6NWLEYEGW0K9HK0N0Q","sign":"4C13D2F18AE4A3668E1C30581AA02273"}

2018-05-09 09:21:28:继续查询:{"resp_code":"0","amount":"3090","leshua_order_id":"1805090921108872","merchant_id":"6008005629","nonce_str":"IXR6FC6TMEO8WH56B368PDKNGN1F6UVX","pay_way":"WXZF","result_code":"0","sign":"9362877F527A88A8F1BF6A0B6E7CFC24","status":"0","third_order_id":"2018050909211026351"}

2018-05-09 09:21:28:参数:{"merchant_id":"6008005629","service":"query_status","third_order_id":"2018050909211026351","nonce_str":"QS4OHQ49JXFR4AN5OV3AO6US2TZ3WNNZ","sign":"68EC83CF1781678C6619391E17834B6F"}

2018-05-09 09:21:29:支付成功:{"resp_code":"0","amount":"3090","bank_type":"CFT","leshua_order_id":"1805090921108872","merchant_id":"6008005629","nonce_str":"1AMMTSZAOEPOI2Y0PWHRH4B6TRHONR9F","openid":"oRfOu1ZhKeparY89NzkC0Y2y8O3o","out_transaction_id":"4200000120201805095866574112","pay_time":"2018-05-09 09:21:28","pay_way":"WXZF","result_code":"0","sign":"628B84D8050D1DC60C7D66A318F01856","status":"2","third_order_id":"2018050909211026351"}

2018-05-09 10:48:45:参数:{"merchant_id":"6008005629","service":"query_status","third_order_id":"2018050910484472288","nonce_str":"UNPYK8BXIOQ8WUPNN180K3A8YCFXNERM","sign":"B1F49DE5F346E5F1BE6B2E3DE58A740C"}

2018-05-09 10:48:51:继续查询:{"resp_code":"0","amount":"2330","leshua_order_id":"1805091048400873","merchant_id":"6008005629","nonce_str":"6RXCFXGBTOZKLC86JPOA8Z1RT9MSUYQP","pay_way":"WXZF","result_code":"0","sign":"324B4F4AD8CD58299452E407D17FF989","status":"0","third_order_id":"2018050910484472288"}

2018-05-09 10:48:51:参数:{"merchant_id":"6008005629","service":"query_status","third_order_id":"2018050910484472288","nonce_str":"B70JOFTZMT24JPO0UL5SPPTBZ9B1SGF4","sign":"FCE22B757F917EEC17541CCAD1D9C722"}

2018-05-09 10:48:56:继续查询:{"resp_code":"0","amount":"2330","leshua_order_id":"1805091048400873","merchant_id":"6008005629","nonce_str":"3D0ZSMDF21N37K64PV6U46MIVXEYV0IC","pay_way":"WXZF","result_code":"0","sign":"1A53FD343C2F361AAD2F2EBB48619A30","status":"0","third_order_id":"2018050910484472288"}

2018-05-09 10:48:56:参数:{"merchant_id":"6008005629","service":"query_status","third_order_id":"2018050910484472288","nonce_str":"MCWXODAEWQWQHCKMWUU9MDSF0E2KV5JU","sign":"0F41AD64D81DA689A511253B0A5D144D"}

2018-05-09 10:49:01:继续查询:{"resp_code":"0","amount":"2330","leshua_order_id":"1805091048400873","merchant_id":"6008005629","nonce_str":"W3CDDOJXK84TFWMT23BXIY4Y1MGDTDNZ","pay_way":"WXZF","result_code":"0","sign":"4CA95E792091E67A0BB3B9B2A45745B2","status":"0","third_order_id":"2018050910484472288"}

2018-05-09 10:49:01:参数:{"merchant_id":"6008005629","service":"query_status","third_order_id":"2018050910484472288","nonce_str":"7AFEQ911US2NNWJSPI1RDO9HFUD2JHXQ","sign":"23DD929C28B05FCC9030AA5AE4D0E520"}

2018-05-09 10:49:07:继续查询:{"resp_code":"0","amount":"2330","leshua_order_id":"1805091048400873","merchant_id":"6008005629","nonce_str":"LCL1I8M4Z1PCLJ3SBK5X8F8MO791OJS8","pay_way":"WXZF","result_code":"0","sign":"0883F640EBEB5A2C577E65FF77EE9A77","status":"0","third_order_id":"2018050910484472288"}

2018-05-09 10:49:07:参数:{"merchant_id":"6008005629","service":"query_status","third_order_id":"2018050910484472288","nonce_str":"CHQYNZS2L5ZC9M6BHTTMKGJI532KMWOO","sign":"C38DA73BDE360286CF423235B3494E4B"}

2018-05-09 10:49:12:继续查询:{"resp_code":"0","amount":"2330","leshua_order_id":"1805091048400873","merchant_id":"6008005629","nonce_str":"ZX2A2SJD10XXVMHUG7KFFVQSCRPTBRV3","pay_way":"WXZF","result_code":"0","sign":"B0FAD742AF8E303FACB1E345F82D8298","status":"0","third_order_id":"2018050910484472288"}

2018-05-09 10:49:12:参数:{"merchant_id":"6008005629","service":"query_status","third_order_id":"2018050910484472288","nonce_str":"IQR8TX3V3N3JK332GM0PHFI35QVGP06W","sign":"EF0EEA8EEC29FD2FCFE8D550D2946987"}

2018-05-09 10:49:18:继续查询:{"resp_code":"0","amount":"2330","leshua_order_id":"1805091048400873","merchant_id":"6008005629","nonce_str":"AXTAAI4SQZK489PHFJA6H57VKXC18KNN","pay_way":"WXZF","result_code":"0","sign":"BDB025C929E75D67B0AE9F9AAAD9EF7D","status":"0","third_order_id":"2018050910484472288"}

2018-05-09 10:49:18:参数:{"merchant_id":"6008005629","service":"query_status","third_order_id":"2018050910484472288","nonce_str":"ELPOSSQHIC1QG5DVMZ9T45ZB3Z7TPBFW","sign":"264506CC3A9627A7350B41303D67157F"}

2018-05-09 10:49:19:参数:{"merchant_id":"6008005629","service":"query_status","third_order_id":"2018050910484472288","nonce_str":"AWUDEC01DH3FHL1POKVJNB1EQQZMOBV4","sign":"411DEB82CCD901061649A0E33CA00DDB"}

2018-05-09 10:49:19:支付失败:{"resp_code":"0","amount":"2330","leshua_order_id":"1805091048400873","merchant_id":"6008005629","nonce_str":"BIY2WYBASPX5UYBH9ORFJCKDZ9YKR4RL","pay_way":"WXZF","result_code":"0","sign":"80A09460BE9266019A16285D6E0BC2CF","status":"6","third_order_id":"2018050910484472288"}

2018-05-09 10:49:36:参数:{"merchant_id":"6008005629","service":"query_status","third_order_id":"2018050910493567603","nonce_str":"R66JMOZCPPMFRSXTR43YMMZ1LFMFUW7Z","sign":"CAFF4D38DAFB06139A5635C6E17C1C2F"}

2018-05-09 10:49:42:继续查询:{"resp_code":"0","amount":"2330","leshua_order_id":"1805091049324200","merchant_id":"6008005629","nonce_str":"8VBPWZ2ROY1TS8WIPS4H2SGKC5GQIYVK","pay_way":"WXZF","result_code":"0","sign":"E649022741AC07F1AD861A3C9B650DAA","status":"0","third_order_id":"2018050910493567603"}

2018-05-09 10:49:42:参数:{"merchant_id":"6008005629","service":"query_status","third_order_id":"2018050910493567603","nonce_str":"K0R1GNNBWO5S0RDF2URKZBIYGN8R25EH","sign":"8FE0B0B6534BE7BE05825730B14C74A5"}

2018-05-09 10:49:47:继续查询:{"resp_code":"0","amount":"2330","leshua_order_id":"1805091049324200","merchant_id":"6008005629","nonce_str":"NOG1T6L0Y6C5CPNC892MYP2H3VZ1F2EL","pay_way":"WXZF","result_code":"0","sign":"01DA0D3CC79CDC25ADE75086B36608F5","status":"0","third_order_id":"2018050910493567603"}

2018-05-09 10:49:47:参数:{"merchant_id":"6008005629","service":"query_status","third_order_id":"2018050910493567603","nonce_str":"WF1ZFQCOKDC6TTYHHJGWWX8C4L4JYE4I","sign":"1C8ADD08241DDAFE12C4BB369639C5F4"}

2018-05-09 10:49:53:继续查询:{"resp_code":"0","amount":"2330","leshua_order_id":"1805091049324200","merchant_id":"6008005629","nonce_str":"VKY79YI2RJ8Y41RGV7A5XEMJCF409D74","pay_way":"WXZF","result_code":"0","sign":"2219F307430B69574F5B16BDBFC8179F","status":"0","third_order_id":"2018050910493567603"}

2018-05-09 10:49:53:参数:{"merchant_id":"6008005629","service":"query_status","third_order_id":"2018050910493567603","nonce_str":"FPSRQYFEVXDU9SAEOEHPBO3HZQJ98HPI","sign":"025145EA60FBDDDA22789B4F78C34FC3"}

2018-05-09 10:49:58:继续查询:{"resp_code":"0","amount":"2330","leshua_order_id":"1805091049324200","merchant_id":"6008005629","nonce_str":"QBXJWXMYTSGMV8CINHD59E5SJIJ7DCBB","pay_way":"WXZF","result_code":"0","sign":"91FC046B87C5FDD29C4D14D8E7951C48","status":"0","third_order_id":"2018050910493567603"}

2018-05-09 10:49:58:参数:{"merchant_id":"6008005629","service":"query_status","third_order_id":"2018050910493567603","nonce_str":"KRGWLSDP6K5YKTBS079JQMSMYCP7VKFF","sign":"E2BAF2B64E4DF32082AD29C5059BCEDE"}

2018-05-09 10:50:04:继续查询:{"resp_code":"0","amount":"2330","leshua_order_id":"1805091049324200","merchant_id":"6008005629","nonce_str":"O0I81345LL2PQMRCUWU1TAL02X4OY4I3","pay_way":"WXZF","result_code":"0","sign":"0ED04BFDAA138B94B6E60E3C8828B587","status":"0","third_order_id":"2018050910493567603"}

2018-05-09 10:50:04:参数:{"merchant_id":"6008005629","service":"query_status","third_order_id":"2018050910493567603","nonce_str":"575YTIZJVA5WBAIF5VHJ4ZZ3GJMI13MV","sign":"B5744E7C37DB08984EE62965DF5FA52C"}

2018-05-09 10:50:09:继续查询:{"resp_code":"0","amount":"2330","leshua_order_id":"1805091049324200","merchant_id":"6008005629","nonce_str":"LC7TXI3S9FC10VFAEIDJWV8C86B0NGWH","pay_way":"WXZF","result_code":"0","sign":"D45898100DF7EFDF439C11047025C23E","status":"0","third_order_id":"2018050910493567603"}

2018-05-09 10:50:09:参数:{"merchant_id":"6008005629","service":"query_status","third_order_id":"2018050910493567603","nonce_str":"CHKVO81HOKVKDLB5BBTU657LCKGKS473","sign":"57FC8B26F1869A6DF1B280FE99525F49"}

2018-05-09 10:50:10:参数:{"merchant_id":"6008005629","service":"query_status","third_order_id":"2018050910493567603","nonce_str":"ABD2Q9F93PEUX09B7FB6YZCKQ0FJI6J2","sign":"15FEABB89748E480FEA5FDC0CB9B3256"}

2018-05-09 10:50:10:支付失败:{"resp_code":"0","amount":"2330","leshua_order_id":"1805091049324200","merchant_id":"6008005629","nonce_str":"F7J4JI18E5BLRDD078WIJ9PIOX2FRHZE","pay_way":"WXZF","result_code":"0","sign":"56F6739BE98AF991C76AA86C96BB376E","status":"6","third_order_id":"2018050910493567603"}

2018-05-09 19:14:27:参数:{"merchant_id":"6008005629","service":"query_status","third_order_id":"2018050919142641418","nonce_str":"9S7OXLL9N57DRJFZOLEIEAL0DM11NA4O","sign":"F573786669A12EF8833EF25ACCF26EF1"}

2018-05-09 19:14:33:继续查询:{"resp_code":"0","amount":"1110","leshua_order_id":"1805091914200089","merchant_id":"6008005629","nonce_str":"UPDUOFY6E2QR2F3LM16QH69AR9YTW3Z2","pay_way":"WXZF","result_code":"0","sign":"52BBCFBB46160E70A2D5A8B703463CD6","status":"0","third_order_id":"2018050919142641418"}

2018-05-09 19:14:33:参数:{"merchant_id":"6008005629","service":"query_status","third_order_id":"2018050919142641418","nonce_str":"UXFK8CHDEYHDJFX1OQ0R0HQ9J7SN1Y61","sign":"DBE787A528F6CF5AEDDCEBF6B50B257E"}

2018-05-09 19:14:38:继续查询:{"resp_code":"0","amount":"1110","leshua_order_id":"1805091914200089","merchant_id":"6008005629","nonce_str":"M323V3KHRC4PS648UMDEYW5WWL58F3HC","pay_way":"WXZF","result_code":"0","sign":"D32EE57D301049E2A3A850E5CC13004E","status":"0","third_order_id":"2018050919142641418"}

2018-05-09 19:14:38:参数:{"merchant_id":"6008005629","service":"query_status","third_order_id":"2018050919142641418","nonce_str":"9CVBE75W4BL42HB9JKAI3L8CSDFDVUQY","sign":"543C1F68DF00D2F95949FEF025961CF6"}

2018-05-09 19:14:39:支付成功:{"resp_code":"0","amount":"1110","bank_type":"CFT","leshua_order_id":"1805091914200089","merchant_id":"6008005629","nonce_str":"11C5BWT5X2J2E32JCMM2YFMB9WLV42OH","openid":"oRfOu1Sq0v5Np9fcDItfr5xws4t8","out_transaction_id":"4200000115201805096110079212","pay_time":"2018-05-09 19:14:38","pay_way":"WXZF","result_code":"0","sign":"0C8529BC308923DE1397687E353B04DD","status":"2","third_order_id":"2018050919142641418"}

