2018-06-06 09:33:23:参数:{"service":"close_order","merchant_id":"6008005629","third_order_id":"2018060609324970595","nonce_str":"GKDMNQ4J26O2D6YCQB9OOVUCAQOCUWQ1","sign":"DD62A2127614BFAC227FEA5989DA55F5"}

2018-06-06 09:33:23:返回:{"resp_code":"0","amount":"910","leshua_order_id":"1806060932436697","merchant_id":"6008005629","nonce_str":"OKMMVR6ZYV292LHOQXKIP4OHRSU9WGFH","pay_way":"WXZF","result_code":"0","sign":"8BB3DB2E90C249FE4543CB7C78A7ADCC","status":"6","third_order_id":"2018060609324970595"}

2018-06-06 12:33:14:参数:{"service":"close_order","merchant_id":"6008005629","third_order_id":"2018060612323916198","nonce_str":"QZHJN3M0RRH5E05W4AEWJD6JX80KA0K3","sign":"98797E9B056A3AD621941BD5F4FE9019"}

2018-06-06 12:33:15:返回:{"resp_code":"0","amount":"380","leshua_order_id":"1806061232301941","merchant_id":"6008005629","nonce_str":"EUHY15VD36WS34L2AL31CSPSLBVQRUP1","pay_way":"WXZF","result_code":"0","sign":"866772BDDE50C269E94FDFB6BD075A65","status":"6","third_order_id":"2018060612323916198"}

2018-06-06 13:34:17:参数:{"service":"close_order","merchant_id":"6008005629","third_order_id":"2018060613334244880","nonce_str":"5W8P4FWW22LBTIA0J7NOQPR6UMH5DCJL","sign":"06133E1239E1B3A7B7C24765557D270C"}

2018-06-06 13:34:18:返回:{"resp_code":"0","amount":"1820","leshua_order_id":"1806061333425605","merchant_id":"6008005629","nonce_str":"IG9Y8QQN8ZXOFZX3W4ZIRZA15C3UVE75","pay_way":"WXZF","result_code":"0","sign":"FAAFBE218D3583DD858C068B71013233","status":"6","third_order_id":"2018060613334244880"}

2018-06-06 14:02:50:参数:{"service":"close_order","merchant_id":"6008005629","third_order_id":"2018060614021668455","nonce_str":"OHMK6HYH5ANU0F67D556T8FO1B97IXRJ","sign":"97785BDB9A9590459442A656EC8CB928"}

2018-06-06 14:02:51:返回:{"resp_code":"0","amount":"2900","leshua_order_id":"1806061402106502","merchant_id":"6008005629","nonce_str":"A4NNQPHCNB6DEYDEM7F9T0WJL8C1HEJ3","pay_way":"WXZF","result_code":"0","sign":"E986CF10FDD24CC31DE03D66E7772F14","status":"6","third_order_id":"2018060614021668455"}

2018-06-06 18:14:33:参数:{"service":"close_order","merchant_id":"6008005629","third_order_id":"2018060618135917437","nonce_str":"K1GC5JUP0U4MLRKVE4GYTAISAKKMH8X5","sign":"3D802B1F3D6D703872F2A7F4A6203D96"}

2018-06-06 18:14:34:返回:{"resp_code":"0","amount":"4680","leshua_order_id":"1806061813523097","merchant_id":"6008005629","nonce_str":"29QIHOCJWLE0S8F8N5A7VG1VM7Q42WCL","pay_way":"ZFBZF","result_code":"0","sign":"BFAE922B3AB5C165121A04256D879066","status":"6","third_order_id":"2018060618135917437"}

2018-06-06 18:18:01:参数:{"service":"close_order","merchant_id":"6008005629","third_order_id":"2018060618172762661","nonce_str":"JY4TDDCJHPTLMD6ACRGVAROGDXVVL28C","sign":"3CD5856F4AC8EDE1BC04A91AA3F29016"}

2018-06-06 18:18:02:返回:{"resp_code":"0","amount":"121","leshua_order_id":"1806061817225034","merchant_id":"6008005629","nonce_str":"76L8YVSA44TDQDK8OD60RXAO1QHTRING","pay_way":"WXZF","result_code":"0","sign":"E9B80C220BEADCD74A4C0FF137BC6754","status":"6","third_order_id":"2018060618172762661"}

2018-06-06 20:43:32:参数:{"service":"close_order","merchant_id":"6008005629","third_order_id":"2018060620425866260","nonce_str":"JTMT0B64ZQ1702G301YHLB7APRRBTE9R","sign":"1B0CBE5CCC0E1617821D583C729A8676"}

2018-06-06 20:43:33:返回:{"resp_code":"0","amount":"450","leshua_order_id":"1806062042527700","merchant_id":"6008005629","nonce_str":"E3N1XXRC3DOZIBVMF5C969ZHFQZAWQO3","pay_way":"WXZF","result_code":"0","sign":"FD9825DAB05533E421A0885B1ED2FAA1","status":"6","third_order_id":"2018060620425866260"}

2018-06-06 21:16:07:参数:{"service":"close_order","merchant_id":"6008005629","third_order_id":"2018060621153372693","nonce_str":"OHIAH3M63IHM5L8DYCYKEPCGA77V71ET","sign":"756B4B1F8E47A31A27801E975B269D91"}

2018-06-06 21:16:08:返回:{"resp_code":"0","amount":"409","leshua_order_id":"1806062115304841","merchant_id":"6008005629","nonce_str":"UTTM6K4PM4XQU5WRFFKML82YP6FZGW0W","pay_way":"WXZF","result_code":"0","sign":"10B01F41F99C3191F84A2E23A977E5C8","status":"6","third_order_id":"2018060621153372693"}

2018-06-06 21:26:35:参数:{"service":"close_order","merchant_id":"6008005629","third_order_id":"2018060621260087403","nonce_str":"DRZ6X9PVKR4EFZDXJQ8MMYCHX2NC2T14","sign":"B974DE2E5BA97C3CDF92E095045A555B"}

2018-06-06 21:26:35:返回:{"resp_code":"0","amount":"2270","leshua_order_id":"1806062126025631","merchant_id":"6008005629","nonce_str":"2DMYNAW8D485A55WEMZH3XOUAMKMAGB3","pay_way":"WXZF","result_code":"0","sign":"61E2BE31B58FD8373FCA63420283A118","status":"6","third_order_id":"2018060621260087403"}

2018-06-06 21:47:47:参数:{"service":"close_order","merchant_id":"6008005629","third_order_id":"2018060621471397363","nonce_str":"XGMQVRO5SKTQ476RWK1BKJMYXRH1EWBQ","sign":"DFBB58B244B7418884FCC2349D578516"}

2018-06-06 21:47:48:返回:{"resp_code":"0","amount":"2250","leshua_order_id":"1806062147130543","merchant_id":"6008005629","nonce_str":"WVN5ZOVJY44TULPF0CCZ90KVDHOI35CW","pay_way":"WXZF","result_code":"0","sign":"EB64FB7AE763F9AAEE4CA49FEE1FA30E","status":"6","third_order_id":"2018060621471397363"}

2018-06-06 23:11:04:参数:{"service":"close_order","merchant_id":"6008005629","third_order_id":"2018060623102985416","nonce_str":"00UA5ZQ5VXZLNMNSRJY7N30L4TSLP1R5","sign":"677E325CE471629F5054E3BAE862F93F"}

2018-06-06 23:11:05:返回:{"resp_code":"0","amount":"590","leshua_order_id":"1806062310236284","merchant_id":"6008005629","nonce_str":"595IQB4L7Q7X5ZBXFHLIPJKZXQ0VT3JX","pay_way":"WXZF","result_code":"0","sign":"F52CA0C7D8E3D1E722172A9001F846D8","status":"6","third_order_id":"2018060623102985416"}

