2018-05-12 05:21:26:参数:{"merchant_id":"6008005629","service":"query_status","third_order_id":"2018051205212537055","nonce_str":"FXE03ZSP4M7JHBLFV2USAHV7ZAF7WJLR","sign":"AA3E717DEAD645D1D11A30C4F727B294"}

2018-05-12 05:21:32:继续查询:{"resp_code":"0","amount":"200","leshua_order_id":"1805120521226836","merchant_id":"6008005629","nonce_str":"JZFRB04X2S5E235VHYJEPL5DJN56W92O","pay_way":"ZFBZF","result_code":"0","sign":"F32D88DB98CE77EE5E9F5BE214AD9C4D","status":"0","third_order_id":"2018051205212537055"}

2018-05-12 05:21:32:参数:{"merchant_id":"6008005629","service":"query_status","third_order_id":"2018051205212537055","nonce_str":"753NZEE2RR2LYXKSJ9G0Z6UO64O1MKST","sign":"7D65A531D88F9D00D2137872C32CD152"}

2018-05-12 05:21:37:继续查询:{"resp_code":"0","amount":"200","leshua_order_id":"1805120521226836","merchant_id":"6008005629","nonce_str":"ERFTHFUM8I36KTE9XP8540LYQ6FFBPFF","pay_way":"ZFBZF","result_code":"0","sign":"BC7281FB6FBD80BF05E0DA6DE9F1DAA0","status":"0","third_order_id":"2018051205212537055"}

2018-05-12 05:21:37:参数:{"merchant_id":"6008005629","service":"query_status","third_order_id":"2018051205212537055","nonce_str":"UM0D5ZQTHWL7HCD71MH6PEL2IWU36IC5","sign":"1A1A7985A6927FAFF76A1432A19E54A8"}

2018-05-12 05:21:43:继续查询:{"resp_code":"0","amount":"200","leshua_order_id":"1805120521226836","merchant_id":"6008005629","nonce_str":"4ZDMN9JTVT2E8FKW7V0WS71D7N3TV2NC","pay_way":"ZFBZF","result_code":"0","sign":"8A24F45EEBC8B0B63AD731EE86434398","status":"0","third_order_id":"2018051205212537055"}

2018-05-12 05:21:43:参数:{"merchant_id":"6008005629","service":"query_status","third_order_id":"2018051205212537055","nonce_str":"3H7DQZMLITYH8XBUPAXW7TC10YIVJOIH","sign":"24260F77494F077059537CA1EAD7F95D"}

2018-05-12 05:21:48:继续查询:{"resp_code":"0","amount":"200","leshua_order_id":"1805120521226836","merchant_id":"6008005629","nonce_str":"D5G6CNUJ0KQFRK50SX58VU5I7LHQTUUZ","pay_way":"ZFBZF","result_code":"0","sign":"DDCD75059F3F2B7115FA8D08101120D6","status":"0","third_order_id":"2018051205212537055"}

2018-05-12 05:21:48:参数:{"merchant_id":"6008005629","service":"query_status","third_order_id":"2018051205212537055","nonce_str":"PVGP49O2VWFCEA360SKWWF9CLISUE0VD","sign":"82CCA52161F485D73C5E0982EDB2E698"}

2018-05-12 05:21:54:继续查询:{"resp_code":"0","amount":"200","leshua_order_id":"1805120521226836","merchant_id":"6008005629","nonce_str":"Z7W2PI2LJN1LDABBPOE24WGTSINQ3DI0","pay_way":"ZFBZF","result_code":"0","sign":"EDB2CCFE0DC3E177E7D35DA35DBC0878","status":"0","third_order_id":"2018051205212537055"}

2018-05-12 05:21:54:参数:{"merchant_id":"6008005629","service":"query_status","third_order_id":"2018051205212537055","nonce_str":"50Z6LWLCYYCQD80AWUXYDOHGNJB1XSBS","sign":"4AC238574F80D9C9A8856D7E4F51419F"}

2018-05-12 05:21:55:支付成功:{"resp_code":"0","amount":"200","bank_type":"ALIPAYACCOUNT","leshua_order_id":"1805120521226836","merchant_id":"6008005629","nonce_str":"YEGHJJEPZ7BBLQO1K13UF5WL9KS7KFZP","openid":"2088922080440191","out_transaction_id":"2018051221001004190551805823","pay_time":"2018-05-12 05:21:51","pay_way":"ZFBZF","result_code":"0","sign":"23F01CF87E06429CB895D45874471B0A","status":"2","third_order_id":"2018051205212537055"}

2018-05-12 05:40:22:参数:{"merchant_id":"6008005629","service":"query_status","third_order_id":"2018051205402020672","nonce_str":"BUK6GX5G3LN5GLR5XSHVSGPCRAA2TEPG","sign":"0863ED9FE3214581B4BEF0C993D60A80"}

2018-05-12 05:40:28:继续查询:{"resp_code":"0","amount":"1290","leshua_order_id":"1805120540226939","merchant_id":"6008005629","nonce_str":"S83M1ETBU5NMDM1EM3ZKARV8P45HGD2M","pay_way":"WXZF","result_code":"0","sign":"5293C739120F2D8D5116D3C8556E34C5","status":"0","third_order_id":"2018051205402020672"}

2018-05-12 05:40:28:参数:{"merchant_id":"6008005629","service":"query_status","third_order_id":"2018051205402020672","nonce_str":"QD0DZS9CAAA74ZRUMG317JC4CH1DO6ZY","sign":"C88EDB166BA5DE176F8D47F3BC363BA2"}

2018-05-12 05:40:33:继续查询:{"resp_code":"0","amount":"1290","leshua_order_id":"1805120540226939","merchant_id":"6008005629","nonce_str":"I72BAUFBUFYV6DEU3FRJK4JTW06RFS0O","pay_way":"WXZF","result_code":"0","sign":"7CDA90B8DA5EABD59C82C1C18642BC27","status":"0","third_order_id":"2018051205402020672"}

2018-05-12 05:40:33:参数:{"merchant_id":"6008005629","service":"query_status","third_order_id":"2018051205402020672","nonce_str":"KOKLPWVZIWE1F1JYELCWYMMCZ5Y9VDPY","sign":"47B54D92C34D16A93E0BBF613D51D2B4"}

2018-05-12 05:40:34:支付成功:{"resp_code":"0","amount":"1290","bank_type":"CFT","leshua_order_id":"1805120540226939","merchant_id":"6008005629","nonce_str":"RKSE6R3J7XG8XX5LBJX7GJVUP0GB68MC","openid":"oRfOu1anes4XmOpzF0KMy9KeFSpM","out_transaction_id":"4200000109201805127758799111","pay_time":"2018-05-12 05:40:33","pay_way":"WXZF","result_code":"0","sign":"A18A50B470CD4C582E1CC1BC6CB0A6A6","status":"2","third_order_id":"2018051205402020672"}

2018-05-12 07:00:29:参数:{"merchant_id":"6008005629","service":"query_status","third_order_id":"2018051207002733071","nonce_str":"DOIE41J2JUR0SRMZ11S1HSCKB0Z4ZU5H","sign":"B821B3828BCED14A6BFE1533EC617DE5"}

2018-05-12 07:00:35:继续查询:{"resp_code":"0","amount":"2650","leshua_order_id":"1805120700209825","merchant_id":"6008005629","nonce_str":"IU3QO6XSULWGXMCK9WR5JKJVZPGCYXTQ","pay_way":"WXZF","result_code":"0","sign":"600D1DF7BE0F4621B7D7BC06DAC541AC","status":"0","third_order_id":"2018051207002733071"}

2018-05-12 07:00:35:参数:{"merchant_id":"6008005629","service":"query_status","third_order_id":"2018051207002733071","nonce_str":"GF1CM18T2DI0QERTIWSHGKHDNQOZQ71H","sign":"FB974AC4D0CD0F75FA4C4CBBF249AFB2"}

2018-05-12 07:00:40:继续查询:{"resp_code":"0","amount":"2650","leshua_order_id":"1805120700209825","merchant_id":"6008005629","nonce_str":"H3CMW9W8K7D1Q3YYC9PER4IYOG26ALQ3","pay_way":"WXZF","result_code":"0","sign":"D52473D1525751C50E0B87D21F16B936","status":"0","third_order_id":"2018051207002733071"}

2018-05-12 07:00:40:参数:{"merchant_id":"6008005629","service":"query_status","third_order_id":"2018051207002733071","nonce_str":"SY6O5QUUI1BOVZN9HIEKOOKPX7MYE0H1","sign":"04D45F42670E91D9C7DCA72AE6898478"}

2018-05-12 07:00:40:支付成功:{"resp_code":"0","amount":"2650","bank_type":"CFT","leshua_order_id":"1805120700209825","merchant_id":"6008005629","nonce_str":"Y65D1MW29Y8P127GLHJUN2U7QA9ISWDU","openid":"oRfOu1Ub3nt07b6qL1it3P79e3cg","out_transaction_id":"4200000120201805127704119869","pay_time":"2018-05-12 07:00:40","pay_way":"WXZF","result_code":"0","sign":"FB1F93649B848000106E998472A95351","status":"2","third_order_id":"2018051207002733071"}

2018-05-12 09:32:17:参数:{"merchant_id":"6008005629","service":"query_status","third_order_id":"2018051209321637359","nonce_str":"94IM3BC32CWIMZ38B6R1HUDHIWP5FNOW","sign":"DBC113B6F16DE365CA90051EAAFD0186"}

2018-05-12 09:32:23:继续查询:{"resp_code":"0","amount":"690","leshua_order_id":"1805120932108093","merchant_id":"6008005629","nonce_str":"QK1KR5KDZ643Z7QO6RE6DNRMZBCZYWI5","pay_way":"ZFBZF","result_code":"0","sign":"4F9D2E2830A8A4F3BC1843FD939EC1E1","status":"0","third_order_id":"2018051209321637359"}

2018-05-12 09:32:23:参数:{"merchant_id":"6008005629","service":"query_status","third_order_id":"2018051209321637359","nonce_str":"6Y1H15F65RHYCDBDE9Z08O5KTU2WVMAD","sign":"3AF14334801741DEFB8643EC81E71522"}

2018-05-12 09:32:29:继续查询:{"resp_code":"0","amount":"690","leshua_order_id":"1805120932108093","merchant_id":"6008005629","nonce_str":"SBQ9QBJRDNJ0F5C743CGXJZN4M6RJKE1","pay_way":"ZFBZF","result_code":"0","sign":"507B8B50C829CF2AF84005DEC46DD3DB","status":"0","third_order_id":"2018051209321637359"}

2018-05-12 09:32:29:参数:{"merchant_id":"6008005629","service":"query_status","third_order_id":"2018051209321637359","nonce_str":"YD1U25OJIMT4XRDU5RMEJT6W8D7BZNWL","sign":"81B035B9BC39A1116CD7D0A58EE3116F"}

2018-05-12 09:32:34:继续查询:{"resp_code":"0","amount":"690","leshua_order_id":"1805120932108093","merchant_id":"6008005629","nonce_str":"HYGUMV6HLNDKLJVV3C4IE43XRNKW431Y","pay_way":"ZFBZF","result_code":"0","sign":"36FC867634CD79C958823363DA528A46","status":"0","third_order_id":"2018051209321637359"}

2018-05-12 09:32:34:参数:{"merchant_id":"6008005629","service":"query_status","third_order_id":"2018051209321637359","nonce_str":"XI79PSXXAS4S372S8UD3ZT18HKOYXLCQ","sign":"0A6E1240347303247D74A842C403E742"}

2018-05-12 09:32:40:继续查询:{"resp_code":"0","amount":"690","leshua_order_id":"1805120932108093","merchant_id":"6008005629","nonce_str":"W3NFBBPUQ3K8DDOS34TDRD8HLTC067AA","pay_way":"ZFBZF","result_code":"0","sign":"ADCA97816DECA32379CD5B505FAB4065","status":"0","third_order_id":"2018051209321637359"}

2018-05-12 09:32:40:参数:{"merchant_id":"6008005629","service":"query_status","third_order_id":"2018051209321637359","nonce_str":"UFP572S841DQPFOQEDMFEXF2JGF6QT6B","sign":"399345EB50E87F8579FB2948766A4A88"}

2018-05-12 09:32:45:继续查询:{"resp_code":"0","amount":"690","leshua_order_id":"1805120932108093","merchant_id":"6008005629","nonce_str":"6R8J8VXOCOV1T2GHR9UBM4KDT1LJZQ5A","pay_way":"ZFBZF","result_code":"0","sign":"1B2F993347A6CEAA2878B246C761891A","status":"0","third_order_id":"2018051209321637359"}

2018-05-12 09:32:45:参数:{"merchant_id":"6008005629","service":"query_status","third_order_id":"2018051209321637359","nonce_str":"31IHECAS0QZEW1NFTIF86O2LBAOY4Y75","sign":"54F7698CC49EC9C8F297110A39137965"}

2018-05-12 09:32:51:继续查询:{"resp_code":"0","amount":"690","leshua_order_id":"1805120932108093","merchant_id":"6008005629","nonce_str":"AQV46446HIA5NRCWFBAKAXDJDTV5XPR2","pay_way":"ZFBZF","result_code":"0","sign":"FB5EE014F0EDE46AA68F55D8A90775EE","status":"0","third_order_id":"2018051209321637359"}

2018-05-12 09:32:51:参数:{"merchant_id":"6008005629","service":"query_status","third_order_id":"2018051209321637359","nonce_str":"NRC7Q2UUQBMZ3VAYDT1MP0U8KPOZJLYF","sign":"8EB228B1EBA55756D8224DE59B92773E"}

2018-05-12 09:32:52:参数:{"merchant_id":"6008005629","service":"query_status","third_order_id":"2018051209321637359","nonce_str":"ABUODGSRCPQ63RCECF4CDJI9IGDX03HI","sign":"00ECF60B1AC6FD925D181B3E6A162A0A"}

2018-05-12 09:32:52:支付失败:{"resp_code":"0","amount":"690","leshua_order_id":"1805120932108093","merchant_id":"6008005629","nonce_str":"V32IZXNP4UOSHJTQKE0UUAIZ1I85QEJO","pay_way":"ZFBZF","result_code":"0","sign":"A8BAC8CB57D580E15A11BD3B0D554F75","status":"6","third_order_id":"2018051209321637359"}

2018-05-12 10:58:02:参数:{"merchant_id":"6008005629","service":"query_status","third_order_id":"2018051210580030884","nonce_str":"TCBUFF8U42AMZHH6Y5O8PX7UC5M76KN2","sign":"40EE6F7F291D1EC6ECA26EA070755D2E"}

2018-05-12 10:58:08:继续查询:{"resp_code":"0","amount":"2010","leshua_order_id":"1805121058032044","merchant_id":"6008005629","nonce_str":"P2N50YATK49KYRDJSJYVENGEUDRFPUTY","pay_way":"ZFBZF","result_code":"0","sign":"C5BFA86D84A921D1CEA9968F0D144E73","status":"0","third_order_id":"2018051210580030884"}

2018-05-12 10:58:08:参数:{"merchant_id":"6008005629","service":"query_status","third_order_id":"2018051210580030884","nonce_str":"4IUD824E0KM9SNTTR501V57SYPOF3Q18","sign":"DD7772E3E3FD30AC436059E24B734420"}

2018-05-12 10:58:13:继续查询:{"resp_code":"0","amount":"2010","leshua_order_id":"1805121058032044","merchant_id":"6008005629","nonce_str":"8OG332MWEN3RKIJEJJXKJEONOJHECP29","pay_way":"ZFBZF","result_code":"0","sign":"5818B8CF86481DDF1442D9DF922238C5","status":"0","third_order_id":"2018051210580030884"}

2018-05-12 10:58:13:参数:{"merchant_id":"6008005629","service":"query_status","third_order_id":"2018051210580030884","nonce_str":"XA1X4PFYNMXLVDDTALZOJQ993241L97F","sign":"17DEAB6944E52D4EF3BC382D5E170914"}

2018-05-12 10:58:13:支付成功:{"resp_code":"0","amount":"2010","bank_type":"DEBIT_CARD","leshua_order_id":"1805121058032044","merchant_id":"6008005629","nonce_str":"XF1ZNQHVO7R0EHIHQJKM2NWBLO39QQCG","openid":"2088802409750564","out_transaction_id":"2018051221001004560531850752","pay_time":"2018-05-12 10:58:13","pay_way":"ZFBZF","result_code":"0","sign":"3EA33BFAC3B81EAEAE9A2B1B3006A617","status":"2","third_order_id":"2018051210580030884"}

2018-05-12 12:18:36:参数:{"merchant_id":"6008005629","service":"query_status","third_order_id":"2018051212183346122","nonce_str":"YRACOECREZJ9TBAW3848MF94E5CGZMO8","sign":"F8FE3F3D276BD3850EF198A7C7FCA241"}

2018-05-12 12:18:42:继续查询:{"resp_code":"0","amount":"1410","leshua_order_id":"1805121218320591","merchant_id":"6008005629","nonce_str":"R4NVKY5A9707WA7H7W6YPNFOQN77PVSF","pay_way":"ZFBZF","result_code":"0","sign":"C83103FC33B21029D53BAFB7A47D6EA8","status":"0","third_order_id":"2018051212183346122"}

2018-05-12 12:18:42:参数:{"merchant_id":"6008005629","service":"query_status","third_order_id":"2018051212183346122","nonce_str":"TGK1UGFJ75FS3HTCDPAL9XCB7HH84TEQ","sign":"6E07B2ED62F1AF72A0E5E8D0DA9F4C05"}

2018-05-12 12:18:47:继续查询:{"resp_code":"0","amount":"1410","leshua_order_id":"1805121218320591","merchant_id":"6008005629","nonce_str":"GYA1YISA3760XFOKRSW2H0V60EDX3AAS","pay_way":"ZFBZF","result_code":"0","sign":"EE31820564CC13C42C1CFEACD28DE1B6","status":"0","third_order_id":"2018051212183346122"}

2018-05-12 12:18:47:参数:{"merchant_id":"6008005629","service":"query_status","third_order_id":"2018051212183346122","nonce_str":"6LDL7EB9WXGAHORQIE42R9LYRH9SP8FI","sign":"7EFA271E5FFC1B463E8BF8AB644CD33B"}

2018-05-12 12:18:53:继续查询:{"resp_code":"0","amount":"1410","leshua_order_id":"1805121218320591","merchant_id":"6008005629","nonce_str":"EEXUKIBUIKR8LGD0YFIWLM111RCTOLYF","pay_way":"ZFBZF","result_code":"0","sign":"1ACFE922EF2ABF2C76E82C5F5671C8BB","status":"0","third_order_id":"2018051212183346122"}

2018-05-12 12:18:53:参数:{"merchant_id":"6008005629","service":"query_status","third_order_id":"2018051212183346122","nonce_str":"FWEMM2IDCOJSON5HW1TOOUYW2TKJ28VX","sign":"F3BD8190570DA74DFF40BD3E9C32BDE7"}

2018-05-12 12:18:58:继续查询:{"resp_code":"0","amount":"1410","leshua_order_id":"1805121218320591","merchant_id":"6008005629","nonce_str":"0TDZODKANV3ZP3HMXCFAIH4T04QEE2CB","pay_way":"ZFBZF","result_code":"0","sign":"878557C5575028DA32FE65698EE4EBCA","status":"0","third_order_id":"2018051212183346122"}

2018-05-12 12:18:58:参数:{"merchant_id":"6008005629","service":"query_status","third_order_id":"2018051212183346122","nonce_str":"FA5ZFMBZWMGZW8O6LOHB6DK9E3TA2EZD","sign":"3E824ED1BD35DDF9E70DE129BB28ACAF"}

2018-05-12 12:19:04:继续查询:{"resp_code":"0","amount":"1410","leshua_order_id":"1805121218320591","merchant_id":"6008005629","nonce_str":"D0O93A9P4GGHENT57HQ7PP11JH7UE9SI","pay_way":"ZFBZF","result_code":"0","sign":"F760140207383B8D81A741E1C73D052E","status":"0","third_order_id":"2018051212183346122"}

2018-05-12 12:19:04:参数:{"merchant_id":"6008005629","service":"query_status","third_order_id":"2018051212183346122","nonce_str":"TWZWB5AQX3GDBLTA70J1IJ6YL6G2WJVV","sign":"C1C1DA4C284730285D5E69F6A542B9D1"}

2018-05-12 12:19:09:继续查询:{"resp_code":"0","amount":"1410","leshua_order_id":"1805121218320591","merchant_id":"6008005629","nonce_str":"BCLFFGVSZ7NY7XF2MFGPPOQWYTVO9JF3","pay_way":"ZFBZF","result_code":"0","sign":"A052A01AFC2E78EA522BD7E0FDE0B321","status":"0","third_order_id":"2018051212183346122"}

2018-05-12 12:19:09:参数:{"merchant_id":"6008005629","service":"query_status","third_order_id":"2018051212183346122","nonce_str":"0IUOPAXCRK1EIDX8AFYK19EN516Q971Y","sign":"8E7793D6BA42C640ED35F5C74C0E9E27"}

2018-05-12 12:19:11:参数:{"merchant_id":"6008005629","service":"query_status","third_order_id":"2018051212183346122","nonce_str":"ADU0ECU4F6AW0J22OE19MZ0578L1LHY1","sign":"25F3EBC7EE23F72CD9B41EF17E9B08DF"}

2018-05-12 12:19:11:支付失败:{"resp_code":"0","amount":"1410","leshua_order_id":"1805121218320591","merchant_id":"6008005629","nonce_str":"C7HOYHR0G2QU6H2OS4LCEJCXAE6RID1I","pay_way":"ZFBZF","result_code":"0","sign":"4C9381A84EF19BD4C849390121222FE7","status":"6","third_order_id":"2018051212183346122"}

2018-05-12 12:26:22:参数:{"merchant_id":"6008005629","service":"query_status","third_order_id":"2018051212262170496","nonce_str":"6X0RZ2KGA4SJHTAZ0WSSROI2UC8POTSL","sign":"DB47C12B8B5147A717372E23AA8C6022"}

2018-05-12 12:26:27:继续查询:{"resp_code":"0","amount":"1360","leshua_order_id":"1805121226223574","merchant_id":"6008005629","nonce_str":"6UPUA4RT1DYW9E5GO2ZYP52JSXKPNAR9","pay_way":"WXZF","result_code":"0","sign":"1A927015E5BE4CF27E5E77C3EDD2B84F","status":"0","third_order_id":"2018051212262170496"}

2018-05-12 12:26:27:参数:{"merchant_id":"6008005629","service":"query_status","third_order_id":"2018051212262170496","nonce_str":"EJHRCIRBXM8O4ODQ8N6ZGNJTZA2CGLA9","sign":"B4A868B6E377E229378D830F385C0E38"}

2018-05-12 12:26:33:继续查询:{"resp_code":"0","amount":"1360","leshua_order_id":"1805121226223574","merchant_id":"6008005629","nonce_str":"JI4JC66PTU084U1RRPTZYUCF2DBDO31G","pay_way":"WXZF","result_code":"0","sign":"FA6CAA61505CF4652BFFAC9BF29B27C2","status":"0","third_order_id":"2018051212262170496"}

2018-05-12 12:26:33:参数:{"merchant_id":"6008005629","service":"query_status","third_order_id":"2018051212262170496","nonce_str":"7TWDWIG0RDIJF08Z5J2DYUUUO5JHIMFG","sign":"C5D8729489CF331DDD6149AB6802E49A"}

2018-05-12 12:26:38:继续查询:{"resp_code":"0","amount":"1360","leshua_order_id":"1805121226223574","merchant_id":"6008005629","nonce_str":"4AS5L2FHBTYZW08RJORK5DHKJ5HN48QC","pay_way":"WXZF","result_code":"0","sign":"AC5E3EDEE8902229920C716FF0973ED8","status":"0","third_order_id":"2018051212262170496"}

2018-05-12 12:26:38:参数:{"merchant_id":"6008005629","service":"query_status","third_order_id":"2018051212262170496","nonce_str":"1OKZ8UNEAI8E6OX3SOFUSS3R9LA957B0","sign":"455F65D475A8447BF0DBA63F5C2D9CD6"}

2018-05-12 12:26:44:继续查询:{"resp_code":"0","amount":"1360","leshua_order_id":"1805121226223574","merchant_id":"6008005629","nonce_str":"U0LNY3L7FOO1PXN4V9VL6Y7500TJF24D","pay_way":"WXZF","result_code":"0","sign":"B4B483BD54ACD6CD09EFB1649A708C6C","status":"0","third_order_id":"2018051212262170496"}

2018-05-12 12:26:44:参数:{"merchant_id":"6008005629","service":"query_status","third_order_id":"2018051212262170496","nonce_str":"KCZA8PS2K3PXI5ALX2R0UU2QEJ4OJAOM","sign":"D0260D4C024F8455A7C63322FA39B2FA"}

2018-05-12 12:26:49:继续查询:{"resp_code":"0","amount":"1360","leshua_order_id":"1805121226223574","merchant_id":"6008005629","nonce_str":"MQDE13MCNBWI73O0GA8AVNNP0A736I63","pay_way":"WXZF","result_code":"0","sign":"13E69B7C4BC5194BC76EF9AD92F719CD","status":"0","third_order_id":"2018051212262170496"}

2018-05-12 12:26:49:参数:{"merchant_id":"6008005629","service":"query_status","third_order_id":"2018051212262170496","nonce_str":"JB2XYQZ5VOFYZV5AHXI60FNKWP6WD6OU","sign":"CA68F3F403623378D192104A69573135"}

2018-05-12 12:26:55:继续查询:{"resp_code":"0","amount":"1360","leshua_order_id":"1805121226223574","merchant_id":"6008005629","nonce_str":"LQC9APW1YBTWG8IK1ZZ8GMP254FIHW4K","pay_way":"WXZF","result_code":"0","sign":"FB54C535621A8AA2DAD7C0394E560041","status":"0","third_order_id":"2018051212262170496"}

2018-05-12 12:26:55:参数:{"merchant_id":"6008005629","service":"query_status","third_order_id":"2018051212262170496","nonce_str":"Z0NYPH77Z96SVRD5E4BB6C8PW4ECZNH0","sign":"028CFF18D357954FA2210E81AF1F2000"}

2018-05-12 12:26:56:参数:{"merchant_id":"6008005629","service":"query_status","third_order_id":"2018051212262170496","nonce_str":"I13Y3CO8IVCURJBJZTJI4DYC4Q5AAU8A","sign":"1C639285FF96ECAD320F05B62DDF4EEE"}

2018-05-12 12:26:56:支付失败:{"resp_code":"0","amount":"1360","leshua_order_id":"1805121226223574","merchant_id":"6008005629","nonce_str":"V0J9VT9A5HEXSCFCDQLYI3H2TYMY8K7I","pay_way":"WXZF","result_code":"0","sign":"956D8DC52005EA25871523A9AF5F7F26","status":"6","third_order_id":"2018051212262170496"}

2018-05-12 12:57:00:参数:{"merchant_id":"6008005629","service":"query_status","third_order_id":"2018051212565858468","nonce_str":"0VH5SF8ZYY9UQZN4WOK61CZBJ9V9TY23","sign":"6D806D0B330B92C170FCA86A9518F1E5"}

2018-05-12 12:57:05:继续查询:{"resp_code":"0","amount":"510300","leshua_order_id":"1805121256524779","merchant_id":"6008005629","nonce_str":"UO0N371D5KE1Z84BCKST78K3B8TLMU01","pay_way":"WXZF","result_code":"0","sign":"8D062A42110F36BEB0070A17ADABE060","status":"0","third_order_id":"2018051212565858468"}

2018-05-12 12:57:05:参数:{"merchant_id":"6008005629","service":"query_status","third_order_id":"2018051212565858468","nonce_str":"35VP7B4TA8ETFRM4FPSC47JEAFOMQY78","sign":"99CC2AFD195700536958E2A3B2D024D2"}

2018-05-12 12:57:11:继续查询:{"resp_code":"0","amount":"510300","leshua_order_id":"1805121256524779","merchant_id":"6008005629","nonce_str":"128RB5W7THDID5ZTJ0R6UOP376U469E2","pay_way":"WXZF","result_code":"0","sign":"7D40BEB4981FC0C1F04D0C970508AAA6","status":"0","third_order_id":"2018051212565858468"}

2018-05-12 12:57:11:参数:{"merchant_id":"6008005629","service":"query_status","third_order_id":"2018051212565858468","nonce_str":"84P80EDK5K62PGSELVIFO4K658VDOMIM","sign":"B55BF7374BA734CD29928079E31185E2"}

2018-05-12 12:57:16:继续查询:{"resp_code":"0","amount":"510300","leshua_order_id":"1805121256524779","merchant_id":"6008005629","nonce_str":"TMP5LI8350DQFL8UO9NDE9199KPU49ZW","pay_way":"WXZF","result_code":"0","sign":"37E68F528928F04E776CF679FAD3CA8B","status":"0","third_order_id":"2018051212565858468"}

2018-05-12 12:57:16:参数:{"merchant_id":"6008005629","service":"query_status","third_order_id":"2018051212565858468","nonce_str":"UIDNXLIUMQX929UNWZMMEV89ZWQUM9Q8","sign":"AF2C36C313DB26C505484B614F3B2005"}

2018-05-12 12:57:22:继续查询:{"resp_code":"0","amount":"510300","leshua_order_id":"1805121256524779","merchant_id":"6008005629","nonce_str":"FTJAPOLLA9FUSKWPBWLV1CFQ17GO5L4S","pay_way":"WXZF","result_code":"0","sign":"ACE1E885C840DC5BBB904B4B761529C7","status":"0","third_order_id":"2018051212565858468"}

2018-05-12 12:57:22:参数:{"merchant_id":"6008005629","service":"query_status","third_order_id":"2018051212565858468","nonce_str":"X23WBJDOHRZBKREYI0GS41X0GQ3MMXNK","sign":"580A779ED237565FA2FAF58A38F811D3"}

2018-05-12 12:57:27:继续查询:{"resp_code":"0","amount":"510300","leshua_order_id":"1805121256524779","merchant_id":"6008005629","nonce_str":"4DRLYTV230LJ2C1ND8XRIIYR7WW347OX","pay_way":"WXZF","result_code":"0","sign":"953948EFCCD75E1263C9F091CA2883DB","status":"0","third_order_id":"2018051212565858468"}

2018-05-12 12:57:27:参数:{"merchant_id":"6008005629","service":"query_status","third_order_id":"2018051212565858468","nonce_str":"ZO0G457IZLFKRN4N0BB2X5CJDECRZUCI","sign":"1171ED6B52662F8547205FA944B3B4E2"}

2018-05-12 12:57:32:继续查询:{"resp_code":"0","amount":"510300","leshua_order_id":"1805121256524779","merchant_id":"6008005629","nonce_str":"U1F0XSG2O30P0G0P3ST3J2MWZADKNYW2","pay_way":"WXZF","result_code":"0","sign":"FBF6C969991B188414298DBB42E5646B","status":"0","third_order_id":"2018051212565858468"}

2018-05-12 12:57:32:参数:{"merchant_id":"6008005629","service":"query_status","third_order_id":"2018051212565858468","nonce_str":"CH4QTLYVNGY1L9KI2TL590I4K8HUE7OW","sign":"9C8EF0C830BE82DA124922CE5A95E78A"}

2018-05-12 12:57:33:参数:{"merchant_id":"6008005629","service":"query_status","third_order_id":"2018051212565858468","nonce_str":"R95ZZCH72YDTNQX4AJBH7B4LAB89MK1B","sign":"F1B3ACB01A8AC03BF777FE7C5327C1E8"}

2018-05-12 12:57:33:支付失败:{"resp_code":"0","amount":"510300","leshua_order_id":"1805121256524779","merchant_id":"6008005629","nonce_str":"Y6XBAR8UFJFQU2V92YAEZUTDVX63GP58","pay_way":"WXZF","result_code":"0","sign":"C778122905B76EEB3A4FE813554F02B2","status":"6","third_order_id":"2018051212565858468"}

2018-05-12 17:17:39:参数:{"merchant_id":"6008005629","service":"query_status","third_order_id":"2018051217173734265","nonce_str":"TVZ3P3D8QLMYQDXDI9ILX2WI3JDSOVRC","sign":"D44EC75674AF8F85A02CBBF7134E0D99"}

2018-05-12 17:17:44:继续查询:{"resp_code":"0","amount":"1710","leshua_order_id":"1805121717322499","merchant_id":"6008005629","nonce_str":"HVF0UY3F7NSJQE9TGI9OV6ZSA51BK97P","pay_way":"WXZF","result_code":"0","sign":"13AD737E52574033010E13761BF76FC0","status":"0","third_order_id":"2018051217173734265"}

2018-05-12 17:17:44:参数:{"merchant_id":"6008005629","service":"query_status","third_order_id":"2018051217173734265","nonce_str":"9H0MO426CHTGGRNRCV7RXWVN7LPQOFUH","sign":"A1409CB705075B06725EE7AC0E74086B"}

2018-05-12 17:17:50:继续查询:{"resp_code":"0","amount":"1710","leshua_order_id":"1805121717322499","merchant_id":"6008005629","nonce_str":"NSMQRCWVSO5PXHSNNHW3I89QA6SY92GB","pay_way":"WXZF","result_code":"0","sign":"AD644423AF146F56A8AE402A8395FD96","status":"0","third_order_id":"2018051217173734265"}

2018-05-12 17:17:50:参数:{"merchant_id":"6008005629","service":"query_status","third_order_id":"2018051217173734265","nonce_str":"ZJ9EVKPGNYWG4AUX9FF6WIZP2G2X0YT4","sign":"973284FEE6890E406D3642BB8C759115"}

2018-05-12 17:17:55:继续查询:{"resp_code":"0","amount":"1710","leshua_order_id":"1805121717322499","merchant_id":"6008005629","nonce_str":"6WSQM5VN5CUJLBWWYA594UKUHQ6ND1RR","pay_way":"WXZF","result_code":"0","sign":"62DC5E3C584D2B1D4192C97D024F076C","status":"0","third_order_id":"2018051217173734265"}

2018-05-12 17:17:55:参数:{"merchant_id":"6008005629","service":"query_status","third_order_id":"2018051217173734265","nonce_str":"TJQSI69ZMW29UGY2DO5MIN2N64ZVF173","sign":"4A0C2D6A3A62ED77A84D1F3F5DAE989C"}

2018-05-12 17:18:00:继续查询:{"resp_code":"0","amount":"1710","leshua_order_id":"1805121717322499","merchant_id":"6008005629","nonce_str":"412B07FK3ZYROFM2YH8EKCFBMGVFI4J0","pay_way":"WXZF","result_code":"0","sign":"4E708E5809A12FDFC0B802D35359B22B","status":"0","third_order_id":"2018051217173734265"}

2018-05-12 17:18:00:参数:{"merchant_id":"6008005629","service":"query_status","third_order_id":"2018051217173734265","nonce_str":"FM9FVT3XEHCAS85V7ICY9D3ME9GBKW2R","sign":"4C2B0106E7FBCA8881FBAD27DF6CBED9"}

2018-05-12 17:18:06:继续查询:{"resp_code":"0","amount":"1710","leshua_order_id":"1805121717322499","merchant_id":"6008005629","nonce_str":"44TOMO338T0L241ZARXO02GVAE5RODSD","pay_way":"WXZF","result_code":"0","sign":"1DC1A14CEC5C5D879F16D18D6E1006F4","status":"0","third_order_id":"2018051217173734265"}

2018-05-12 17:18:06:参数:{"merchant_id":"6008005629","service":"query_status","third_order_id":"2018051217173734265","nonce_str":"WWK5KKDX4YWH3ZH8J3IH645FULOHU0LP","sign":"F524A2FFACC7504D407FFBDCC0DD3D54"}

2018-05-12 17:18:11:继续查询:{"resp_code":"0","amount":"1710","leshua_order_id":"1805121717322499","merchant_id":"6008005629","nonce_str":"51UW8GJ02URYW9EYGIO9U9KJAJ2LJT9P","pay_way":"WXZF","result_code":"0","sign":"72DED1BA4DB17707ED124354D02D2743","status":"0","third_order_id":"2018051217173734265"}

2018-05-12 17:18:11:参数:{"merchant_id":"6008005629","service":"query_status","third_order_id":"2018051217173734265","nonce_str":"1EZ0DBY3T8P9YHR7URCASAE6G4M57VPA","sign":"FC172176963FF6CCA102DA33BE3C86E7"}

2018-05-12 17:18:12:参数:{"merchant_id":"6008005629","service":"query_status","third_order_id":"2018051217173734265","nonce_str":"X7TGG427HOIKABCOIFQMI2BCYL2TE3QD","sign":"007336447797852A2B56FD963160CA25"}

2018-05-12 17:18:12:支付失败:{"resp_code":"0","amount":"1710","leshua_order_id":"1805121717322499","merchant_id":"6008005629","nonce_str":"8N421MA0BPG0307JWZEII87FLP9GBMFJ","pay_way":"WXZF","result_code":"0","sign":"645E4258C138A5E55BA2F69D78787107","status":"6","third_order_id":"2018051217173734265"}

2018-05-12 18:10:35:参数:{"merchant_id":"6008005629","service":"query_status","third_order_id":"2018051218103427234","nonce_str":"YDQ90XWGVWFR9U3NLCFSJGL1THIVHRHP","sign":"17BA52EE3C7C4BCA35CBD4CC625A1B40"}

2018-05-12 18:10:40:继续查询:{"resp_code":"0","amount":"1260","leshua_order_id":"1805121810326564","merchant_id":"6008005629","nonce_str":"Z1RP1FS1LXEG3BOOK1PITROXHAVF97WR","pay_way":"WXZF","result_code":"0","sign":"7C9E2CBB582989089AB11057F7B7BA23","status":"0","third_order_id":"2018051218103427234"}

2018-05-12 18:10:40:参数:{"merchant_id":"6008005629","service":"query_status","third_order_id":"2018051218103427234","nonce_str":"PC1DYVFZMQV96I4YY90OTCG33SSH83Z9","sign":"24D1C16559E89AB31075673CEE0060E5"}

2018-05-12 18:10:45:继续查询:{"resp_code":"0","amount":"1260","leshua_order_id":"1805121810326564","merchant_id":"6008005629","nonce_str":"4IMIDYCY3WPTRBQZ6X7GNRNWPG26G25Q","pay_way":"WXZF","result_code":"0","sign":"766F1CAC1B19EDDE5287F7C5B717B9DF","status":"0","third_order_id":"2018051218103427234"}

2018-05-12 18:10:45:参数:{"merchant_id":"6008005629","service":"query_status","third_order_id":"2018051218103427234","nonce_str":"3MNMMRPPJ42CMT43J1UE3Z2WOYNV2YWO","sign":"70E74E7E4BE02506AA95E12165766F87"}

2018-05-12 18:10:46:支付成功:{"resp_code":"0","amount":"1260","bank_type":"CFT","leshua_order_id":"1805121810326564","merchant_id":"6008005629","nonce_str":"G3LKWNLZQX21ZT5K91NUBHIK8R7MB8ZK","openid":"oRfOu1dXDj9qbfjxIQNW-JLpmkLg","out_transaction_id":"4200000127201805128198418629","pay_time":"2018-05-12 18:10:46","pay_way":"WXZF","result_code":"0","sign":"FB74B156F8F3417D4D9AF06BE1A03AA5","status":"2","third_order_id":"2018051218103427234"}

2018-05-12 19:57:58:参数:{"merchant_id":"6008005629","service":"query_status","third_order_id":"2018051219575752776","nonce_str":"L1DDFS3NUME081Z16GI819NG13QF47MG","sign":"1B9EA553E1B2562DF4046E0C9D69D172"}

2018-05-12 19:58:04:继续查询:{"resp_code":"0","amount":"1190","leshua_order_id":"1805121957522432","merchant_id":"6008005629","nonce_str":"A6EB71MX7KQDZBOCS3K3Z2M203KIQWO4","pay_way":"WXZF","result_code":"0","sign":"CDDDA33D43EDE07DB7DAB764F787FFAE","status":"0","third_order_id":"2018051219575752776"}

2018-05-12 19:58:04:参数:{"merchant_id":"6008005629","service":"query_status","third_order_id":"2018051219575752776","nonce_str":"WG6XR7X5PT34U4SVHRSSCW05G5PHNDCM","sign":"994463FAC2C2F6AABA0D93F1419270DF"}

2018-05-12 19:58:09:继续查询:{"resp_code":"0","amount":"1190","leshua_order_id":"1805121957522432","merchant_id":"6008005629","nonce_str":"WU3RMRKQAIVZ66LGBE47R3W2WV8FDEHG","pay_way":"WXZF","result_code":"0","sign":"99EFE5B41343A6E61EAB81DAD2CCD700","status":"0","third_order_id":"2018051219575752776"}

2018-05-12 19:58:09:参数:{"merchant_id":"6008005629","service":"query_status","third_order_id":"2018051219575752776","nonce_str":"ATX0P11Q8A35LY0Q39TMOB5QXCCIVS2I","sign":"63B90A5F4B3FB42016B5DE5035D71D52"}

2018-05-12 19:58:15:继续查询:{"resp_code":"0","amount":"1190","leshua_order_id":"1805121957522432","merchant_id":"6008005629","nonce_str":"JT41KZ8NR4H2BODFQICSHY0676C64ABD","pay_way":"WXZF","result_code":"0","sign":"27CCDE707E16CBDFCEE2209605834631","status":"0","third_order_id":"2018051219575752776"}

2018-05-12 19:58:15:参数:{"merchant_id":"6008005629","service":"query_status","third_order_id":"2018051219575752776","nonce_str":"UCKXSU7AQZE2WJK1D5RM7ZEN0BXXGL6Z","sign":"05962B868E00F2AB4B5A72D6C813BD73"}

2018-05-12 19:58:15:支付成功:{"resp_code":"0","amount":"1190","bank_type":"CFT","leshua_order_id":"1805121957522432","merchant_id":"6008005629","nonce_str":"3TUGRIJKG2V2XHEZAUFMFJWM4LQQMKBG","openid":"oRfOu1bhcet7KQoo2DKNTsa4ypo0","out_transaction_id":"4200000133201805128106887425","pay_time":"2018-05-12 19:58:15","pay_way":"WXZF","result_code":"0","sign":"432E20ACD308A0007478C322FBDA1CB0","status":"2","third_order_id":"2018051219575752776"}

2018-05-12 21:00:42:参数:{"merchant_id":"6008005629","service":"query_status","third_order_id":"2018051221004112040","nonce_str":"175M7XXTP3WSH1S8ORX1RYII2CPEGYDG","sign":"469A1069186868C8FC854947804388BA"}

2018-05-12 21:00:48:继续查询:{"resp_code":"0","amount":"1630","leshua_order_id":"1805122100401766","merchant_id":"6008005629","nonce_str":"5FVFFXD06WBKD4OTNZBE53X8I7CAK331","pay_way":"ZFBZF","result_code":"0","sign":"D7E64FCE60914819D9D87FE1CC5C49C6","status":"0","third_order_id":"2018051221004112040"}

2018-05-12 21:00:48:参数:{"merchant_id":"6008005629","service":"query_status","third_order_id":"2018051221004112040","nonce_str":"F0KIEFBNAND3CUU83AC66LR3DTCT3CTW","sign":"44726F3201E0E4B4CF6C13AD0C2D88F9"}

2018-05-12 21:00:53:继续查询:{"resp_code":"0","amount":"1630","leshua_order_id":"1805122100401766","merchant_id":"6008005629","nonce_str":"Q5R9EX5JRRV8ONG46BZPQR5EAIZCFJ0F","pay_way":"ZFBZF","result_code":"0","sign":"080C2BA35F73851161D897C2F15DA20E","status":"0","third_order_id":"2018051221004112040"}

2018-05-12 21:00:53:参数:{"merchant_id":"6008005629","service":"query_status","third_order_id":"2018051221004112040","nonce_str":"5MCX1UN1HGX5IG8RLJN31W6TIHM69A0O","sign":"8F2FD4D00C8CABA00D1DAAD6FAEC1436"}

2018-05-12 21:00:54:支付成功:{"resp_code":"0","amount":"1630","bank_type":"DEBIT_CARD","leshua_order_id":"1805122100401766","merchant_id":"6008005629","nonce_str":"U24JT3BCAZ3OEIWNB3KJ48WXFTJG359Y","openid":"2088812914067037","out_transaction_id":"2018051221001004030567202765","pay_time":"2018-05-12 21:00:51","pay_way":"ZFBZF","result_code":"0","sign":"9ADAEDDD1402D972D3C101FCE7676258","status":"2","third_order_id":"2018051221004112040"}

2018-05-12 21:02:43:参数:{"merchant_id":"6008005629","service":"query_status","third_order_id":"2018051221024295111","nonce_str":"CE0RXM6XPUPO3CB11338Y8YIDPIF1AMV","sign":"51B2A5DD8AA5688F2CCFD1391E15AAB0"}

2018-05-12 21:02:49:继续查询:{"resp_code":"0","amount":"300","leshua_order_id":"1805122102402359","merchant_id":"6008005629","nonce_str":"UCDK45VNO2REKU3WJV0NDKRFMAKHO4N9","pay_way":"WXZF","result_code":"0","sign":"254C9B5575D687B55A51C8003D10AE0E","status":"0","third_order_id":"2018051221024295111"}

2018-05-12 21:02:49:参数:{"merchant_id":"6008005629","service":"query_status","third_order_id":"2018051221024295111","nonce_str":"O4MPMK40XA2EWY7TZWXRS56J30BFBQQR","sign":"C173AD717551A35D80611F94E81F6E88"}

2018-05-12 21:02:49:支付成功:{"resp_code":"0","amount":"300","bank_type":"CFT","leshua_order_id":"1805122102402359","merchant_id":"6008005629","nonce_str":"M4JBGLF6B9TMSMYHLIR12OGYP9UM07J9","openid":"oRfOu1erz70-JGvbkGbn5RzKgsLE","out_transaction_id":"4200000132201805128485195830","pay_time":"2018-05-12 21:02:49","pay_way":"WXZF","result_code":"0","sign":"D9B86A3ABC207201B20915B2594E6F5D","status":"2","third_order_id":"2018051221024295111"}

2018-05-12 21:26:33:参数:{"merchant_id":"6008005629","service":"query_status","third_order_id":"2018051221263272414","nonce_str":"7DQMP0VN50MZN4PBZHPIHSPSILN74QMY","sign":"C5E84CCECF9228D69A27DF246B33FEC7"}

2018-05-12 21:26:39:继续查询:{"resp_code":"0","amount":"580","leshua_order_id":"1805122126308962","merchant_id":"6008005629","nonce_str":"NIUJK5FU046HP7LJF8QCF0CJAIECV5UQ","pay_way":"WXZF","result_code":"0","sign":"A83817483517498CF0C5351D6253E848","status":"0","third_order_id":"2018051221263272414"}

2018-05-12 21:26:39:参数:{"merchant_id":"6008005629","service":"query_status","third_order_id":"2018051221263272414","nonce_str":"E2SEC6OQYMWL4D6KCR70LA6Y21BJ82DR","sign":"236F57532ADB9C4CD97739AFF98B4B8D"}

2018-05-12 21:26:44:继续查询:{"resp_code":"0","amount":"580","leshua_order_id":"1805122126308962","merchant_id":"6008005629","nonce_str":"GV2YD135DJ9EOLCF42TR9PDE4GDJWR6C","pay_way":"WXZF","result_code":"0","sign":"A4DEBFD6E189DBDE75C5B91A7F917BE4","status":"0","third_order_id":"2018051221263272414"}

2018-05-12 21:26:44:参数:{"merchant_id":"6008005629","service":"query_status","third_order_id":"2018051221263272414","nonce_str":"LUZQOVPNU1TI227K70D8VLR5QI2P5V3P","sign":"493D448D44FEC2C091DAE13798258E8D"}

2018-05-12 21:26:45:支付成功:{"resp_code":"0","amount":"580","bank_type":"CFT","leshua_order_id":"1805122126308962","merchant_id":"6008005629","nonce_str":"P8KLI8V9MF62M6F2X0WATSHINNWQKL3E","openid":"oRfOu1ZCjRN2_SgQN_4cQz3hi_PI","out_transaction_id":"4200000131201805128385136553","pay_time":"2018-05-12 21:26:44","pay_way":"WXZF","result_code":"0","sign":"0EF1D5E22EE32B8260D25C8B9E27A62D","status":"2","third_order_id":"2018051221263272414"}

2018-05-12 21:31:36:参数:{"merchant_id":"6008005629","service":"query_status","third_order_id":"2018051221313532755","nonce_str":"TKWZ77IRDO94N7ROG8QJJS0Q2OHSP89Z","sign":"9B727C10D0784CA5170179745B8F028E"}

2018-05-12 21:31:42:继续查询:{"resp_code":"0","amount":"459","leshua_order_id":"1805122131327775","merchant_id":"6008005629","nonce_str":"TEA4IJXVNA8GPZ25Z0885PHFDH1MK924","pay_way":"WXZF","result_code":"0","sign":"A506E5CC17DBDF286589BBC05CCEE5BB","status":"0","third_order_id":"2018051221313532755"}

2018-05-12 21:31:42:参数:{"merchant_id":"6008005629","service":"query_status","third_order_id":"2018051221313532755","nonce_str":"7QWLY5X3E43820Q6I86P7LCHAMUNIFII","sign":"682CEE77FC1F09D8E16D98E983A85C85"}

2018-05-12 21:31:47:继续查询:{"resp_code":"0","amount":"459","leshua_order_id":"1805122131327775","merchant_id":"6008005629","nonce_str":"XBP357WS2RVWCLO2G7T389SC490HQ8X7","pay_way":"WXZF","result_code":"0","sign":"1D787331928382A505B571CF3287E81F","status":"0","third_order_id":"2018051221313532755"}

2018-05-12 21:31:47:参数:{"merchant_id":"6008005629","service":"query_status","third_order_id":"2018051221313532755","nonce_str":"AKOB0ODLJXKD95Q8L4PO1BNR75RM4BHM","sign":"C64660B9F6CFF77AB68BA0C24FBCAC41"}

2018-05-12 21:31:47:支付成功:{"resp_code":"0","amount":"459","bank_type":"ABC_DEBIT","leshua_order_id":"1805122131327775","merchant_id":"6008005629","nonce_str":"PNWPXNVDDNJDAN5LB5J2SM7MA3TEUNYZ","openid":"oRfOu1THmpLJhk8w4_35EDODs8y8","out_transaction_id":"4200000130201805128229229299","pay_time":"2018-05-12 21:31:47","pay_way":"WXZF","result_code":"0","sign":"5906260543E6513A202A997BF8FDE6EC","status":"2","third_order_id":"2018051221313532755"}

