2018-06-08 07:36:37:参数:{"merchant_id":"6008005629","service":"query_status","third_order_id":"2018060807363537903","nonce_str":"JEXZ4674KJSGLK2UF7NYHFGLUMKBYH6J","sign":"E2EBE8D36A3B02CBF2E7983D5BBA3050"}

2018-06-08 07:36:44:继续查询:{"resp_code":"0","amount":"1470","leshua_order_id":"1806080736324138","merchant_id":"6008005629","nonce_str":"AB77YNYGJPS679RW292YYZARL81TTJ3C","pay_way":"ZFBZF","result_code":"0","sign":"CF3FF05C256814B2B88C11564F90CE0B","status":"0","third_order_id":"2018060807363537903"}

2018-06-08 07:36:45:参数:{"merchant_id":"6008005629","service":"query_status","third_order_id":"2018060807363537903","nonce_str":"MP6EMXLSTX5FOLKOB9C7WR7N3NUVZKWS","sign":"256A0F24A4B83070276CCB592C33CF9E"}

2018-06-08 07:36:50:继续查询:{"resp_code":"0","amount":"1470","leshua_order_id":"1806080736324138","merchant_id":"6008005629","nonce_str":"P1PJ598Z6R227G8OIQ208WDTREL2ZZRB","pay_way":"ZFBZF","result_code":"0","sign":"09E99476FB76F597383755FC8C7AB5AB","status":"0","third_order_id":"2018060807363537903"}

2018-06-08 07:36:50:参数:{"merchant_id":"6008005629","service":"query_status","third_order_id":"2018060807363537903","nonce_str":"ZGL7K2RDY8VQL3WTMCLSYBLQFWOTASBH","sign":"21E1603C9128A4B11BD1154593A97F16"}

2018-06-08 07:36:56:继续查询:{"resp_code":"0","amount":"1470","leshua_order_id":"1806080736324138","merchant_id":"6008005629","nonce_str":"U0QMVKX5D8LHDTH0F1UAHF0RACD84HVI","pay_way":"ZFBZF","result_code":"0","sign":"E9460725010287A0AF5D9C6259D7938E","status":"0","third_order_id":"2018060807363537903"}

2018-06-08 07:36:56:参数:{"merchant_id":"6008005629","service":"query_status","third_order_id":"2018060807363537903","nonce_str":"R635HGI7JE5K5L5Q6H6NOS77B8ZLFQ8B","sign":"12D9BD45261143F90BC9FFED5A7E2CED"}

2018-06-08 07:37:04:继续查询:{"resp_code":"0","amount":"1470","leshua_order_id":"1806080736324138","merchant_id":"6008005629","nonce_str":"3BXFY0XBTI0P2ACW8GRNTHSADZ6KSJLC","pay_way":"ZFBZF","result_code":"0","sign":"E41A5714A48756EAF841429D613E6F7C","status":"0","third_order_id":"2018060807363537903"}

2018-06-08 07:37:04:参数:{"merchant_id":"6008005629","service":"query_status","third_order_id":"2018060807363537903","nonce_str":"5X10XAZV535S2RB3DRFJ6KYTJQ7PGC3M","sign":"09015370B81D4554C9B397B6DDB584E6"}

2018-06-08 07:37:05:支付成功:{"resp_code":"0","amount":"1470","bank_type":"PCREDIT","leshua_order_id":"1806080736324138","merchant_id":"6008005629","nonce_str":"6DIAN5PJ1CYPZLDROUC3NIAF9W20N0F2","openid":"2088102029046354","out_transaction_id":"2018060821001004350569012540","pay_time":"2018-06-08 07:36:59","pay_way":"ZFBZF","result_code":"0","sign":"B7BB7C4C69772668B6CBAF51B73B4B1C","status":"2","third_order_id":"2018060807363537903"}

2018-06-08 09:49:43:参数:{"merchant_id":"6008005629","service":"query_status","third_order_id":"2018060809494140370","nonce_str":"OUK4VE56MHH78DRHIKWN748WNIKHRDEB","sign":"148A532281D65970073A9E46170F398D"}

2018-06-08 09:49:43:支付失败:{"resp_code":"0","amount":"1610","leshua_order_id":"1806080949421515","merchant_id":"6008005629","nonce_str":"8BSHNIFHENTZUKMR0WW3CDO74UT36OJ3","pay_way":"WXZF","result_code":"0","sign":"A72D29AE92F440CCC07F60147FCE0E43","status":"6","third_order_id":"2018060809494140370"}

2018-06-08 10:15:39:参数:{"merchant_id":"4909001413","service":"query_status","third_order_id":"2018060810153896678","nonce_str":"0LWNMIBYYF8Y35S3DVFCWWTGAXKACRYO","sign":"561BEA7C85CC5D82EBC9D00BA907BE78"}

2018-06-08 10:15:45:继续查询:{"resp_code":"0","amount":"50000","leshua_order_id":"1806081015304870","merchant_id":"4909001413","nonce_str":"G1O9VZJ36UE854DEJ584RD563BMBTHZL","pay_way":"WXZF","result_code":"0","sign":"1590C3ADB4E5E2A7583024C4E318D490","status":"0","third_order_id":"2018060810153896678"}

2018-06-08 10:15:45:参数:{"merchant_id":"4909001413","service":"query_status","third_order_id":"2018060810153896678","nonce_str":"TWEEHK9CGDFHFY274XTWMQLOZ7ZRLNRY","sign":"97774456D2873874B5B1FE4142677A7B"}

2018-06-08 10:15:50:继续查询:{"resp_code":"0","amount":"50000","leshua_order_id":"1806081015304870","merchant_id":"4909001413","nonce_str":"88L5G06SQTXEDDS7WJDBKMZQDBAE58HT","pay_way":"WXZF","result_code":"0","sign":"E1AD37A230F2AB3F82C7329EDE6CD803","status":"0","third_order_id":"2018060810153896678"}

2018-06-08 10:15:50:参数:{"merchant_id":"4909001413","service":"query_status","third_order_id":"2018060810153896678","nonce_str":"4I1MVCTSGKX82AQ86KL60QQA0KKBYEEE","sign":"17D8E84D1EF82D0E416BC5D4D7510B26"}

2018-06-08 10:15:51:支付成功:{"resp_code":"0","amount":"50000","bank_type":"ICBC_DEBIT","leshua_order_id":"1806081015304870","merchant_id":"4909001413","nonce_str":"CRAQ03QH9RGNB7XT7MT908R9D6OYKFO1","openid":"o8uJ6uI8K7Yt_T42ShNUqXSWbhjg","out_transaction_id":[],"pay_time":"2018-06-08 10:15:50","pay_way":"WXZF","result_code":"0","sign":"AF69A5D04130ED9C7F705DAFA25F3BC7","status":"2","third_order_id":"2018060810153896678"}

2018-06-08 10:24:33:参数:{"merchant_id":"6008005629","service":"query_status","third_order_id":"2018060810243170087","nonce_str":"MV74E4J8KZ43DVH1RH6XQC8J9DL3SX2D","sign":"F3A94A6B38556ACE6D28C34B25DD90D9"}

2018-06-08 10:24:38:继续查询:{"resp_code":"0","amount":"1100","leshua_order_id":"1806081024325866","merchant_id":"6008005629","nonce_str":"QT20RIRZZLUKA7ZHOT917JJEWYSWCT88","pay_way":"WXZF","result_code":"0","sign":"8CD71C5D9EA3BD66E6A861271FF9A9C5","status":"0","third_order_id":"2018060810243170087"}

2018-06-08 10:24:38:参数:{"merchant_id":"6008005629","service":"query_status","third_order_id":"2018060810243170087","nonce_str":"O27DJEQKFLA5QYOPHO44ZKOQNZQSA71W","sign":"1023163C23B91FEE1195F207054D58FA"}

2018-06-08 10:24:39:支付成功:{"resp_code":"0","amount":"1100","bank_type":"CFT","leshua_order_id":"1806081024325866","merchant_id":"6008005629","nonce_str":"K9HS7GCFBR15R6IMQZV29W7P8MGD1Z9R","openid":"o8uJ6uNYGn8d3-Mfe6MR32N28EhQ","out_transaction_id":[],"pay_time":"2018-06-08 10:24:38","pay_way":"WXZF","result_code":"0","sign":"0D901D59EE12589407376F6435A9CD96","status":"2","third_order_id":"2018060810243170087"}

2018-06-08 10:25:14:参数:{"merchant_id":"6008005629","service":"query_status","third_order_id":"2018060810251280443","nonce_str":"2ZBMQM3RPZF3AX36Q3R0TZSZLACMG3KI","sign":"567365B279D64DD1CD65F2B2456E5C8B"}

2018-06-08 10:25:20:继续查询:{"resp_code":"0","amount":"760","leshua_order_id":"1806081025107731","merchant_id":"6008005629","nonce_str":"0VEZARF9MVVQBHJS490N3B5PYG01MB62","pay_way":"ZFBZF","result_code":"0","sign":"D6E7B537CA34AEAC8A66CCD52A7C18F2","status":"0","third_order_id":"2018060810251280443"}

2018-06-08 10:25:20:参数:{"merchant_id":"6008005629","service":"query_status","third_order_id":"2018060810251280443","nonce_str":"YK3NYV5CWI2XOM3775IYEDGPKT3MUE3G","sign":"F71AF6C096CFC93F105C60970F58059F"}

2018-06-08 10:25:27:继续查询:{"resp_code":"0","amount":"760","leshua_order_id":"1806081025107731","merchant_id":"6008005629","nonce_str":"QQW16EYTH1EAA2NNI3VBTY5L2BC2Z03B","pay_way":"ZFBZF","result_code":"0","sign":"7DCA86E401D4697C83B9893F2F1143DA","status":"0","third_order_id":"2018060810251280443"}

2018-06-08 10:25:27:参数:{"merchant_id":"6008005629","service":"query_status","third_order_id":"2018060810251280443","nonce_str":"5UOFTF5F8CG9Y910SPDN5WG1DQJ9WH7D","sign":"AB7888B610D29C69B0DDEDC763DF37E1"}

2018-06-08 10:25:35:继续查询:{"resp_code":"0","amount":"760","leshua_order_id":"1806081025107731","merchant_id":"6008005629","nonce_str":"QVF8P6XARQM9VFOL4U5KMSMCGTD4XP9I","pay_way":"ZFBZF","result_code":"0","sign":"36B88E7D1E41B926FD61A415FA5D2A50","status":"0","third_order_id":"2018060810251280443"}

2018-06-08 10:25:35:参数:{"merchant_id":"6008005629","service":"query_status","third_order_id":"2018060810251280443","nonce_str":"QUS7Q0KLTV8BZD12DGSPBUHAHISEFJCB","sign":"46F866AED545B4F1AFCB3ED6A1B85350"}

2018-06-08 10:25:41:继续查询:{"resp_code":"0","amount":"760","leshua_order_id":"1806081025107731","merchant_id":"6008005629","nonce_str":"P1X3Z7CIWKTGL53NYSHKQIP48O7AK95K","pay_way":"ZFBZF","result_code":"0","sign":"C66B1CAAE111D68C26C56BBEAED9A33D","status":"0","third_order_id":"2018060810251280443"}

2018-06-08 10:25:41:参数:{"merchant_id":"6008005629","service":"query_status","third_order_id":"2018060810251280443","nonce_str":"5HW93CCQS60Z3HL9LB7L9NMXFXX8DO7W","sign":"AC9F48337523FCDF9F3B7C003FB3FAE9"}

2018-06-08 10:25:47:继续查询:{"resp_code":"0","amount":"760","leshua_order_id":"1806081025107731","merchant_id":"6008005629","nonce_str":"F3WQBI2W2A2641MBKQQ9N3NR12DDJ674","pay_way":"ZFBZF","result_code":"0","sign":"66080371CCA0B9E1D0EEE84BE406A07E","status":"0","third_order_id":"2018060810251280443"}

2018-06-08 10:25:47:参数:{"merchant_id":"6008005629","service":"query_status","third_order_id":"2018060810251280443","nonce_str":"CD43L3GZ86WKWUQYQN8TAD0NY8DV59UF","sign":"160955DA3323FAC7017788CC475574C6"}

2018-06-08 10:25:52:继续查询:{"resp_code":"0","amount":"760","leshua_order_id":"1806081025107731","merchant_id":"6008005629","nonce_str":"FJQLS2QTCV7AFXKU5K9YHLF02UOOCTRV","pay_way":"ZFBZF","result_code":"0","sign":"3D44586BFCB66CFEE59BF33A32678730","status":"0","third_order_id":"2018060810251280443"}

2018-06-08 10:25:52:参数:{"merchant_id":"6008005629","service":"query_status","third_order_id":"2018060810251280443","nonce_str":"7RTVWMMFDDFXZWWOOBGMMP5JWUICX6MH","sign":"9A2CAF5B29787ED872EA2BD9A34C712A"}

2018-06-08 10:26:06:参数:{"merchant_id":"6008005629","service":"query_status","third_order_id":"2018060810260497841","nonce_str":"DD4G8RSKVB2OMZJ6C99FX9BG611EZUDK","sign":"C93911AD372A3573B4255032F5FD6C12"}

2018-06-08 10:26:11:继续查询:{"resp_code":"0","amount":"760","leshua_order_id":"1806081026007990","merchant_id":"6008005629","nonce_str":"0OXNIC30LH73IHQNPTAIDV9LOV16Z6QZ","pay_way":"ZFBZF","result_code":"0","sign":"3BE32F414B3EBE139A78BCF164C04E43","status":"0","third_order_id":"2018060810260497841"}

2018-06-08 10:26:11:参数:{"merchant_id":"6008005629","service":"query_status","third_order_id":"2018060810260497841","nonce_str":"S2A66MNZRDEB7TMKF4RWSSTQ5OT5TEHZ","sign":"DF32EA0F62180F03641F9F03EF6EEDD4"}

2018-06-08 10:26:18:继续查询:{"resp_code":"0","amount":"760","leshua_order_id":"1806081026007990","merchant_id":"6008005629","nonce_str":"YCZ5476A42RZH0JHROVRFG7JTN21B5VW","pay_way":"ZFBZF","result_code":"0","sign":"D1413F4826C14F13623D5E34605A487C","status":"0","third_order_id":"2018060810260497841"}

2018-06-08 10:26:18:参数:{"merchant_id":"6008005629","service":"query_status","third_order_id":"2018060810260497841","nonce_str":"5UM9T9K7DFHDWYHB0U4GVER5BJUMNXD2","sign":"AC5D499C17D95E2FBE686CC06CBE0908"}

2018-06-08 10:26:23:继续查询:{"resp_code":"0","amount":"760","leshua_order_id":"1806081026007990","merchant_id":"6008005629","nonce_str":"YD0M1AP36LGCX7VO4VV0PH76K4LQFA05","pay_way":"ZFBZF","result_code":"0","sign":"45F86C8726760D2344E73254ECA953B3","status":"0","third_order_id":"2018060810260497841"}

2018-06-08 10:26:23:参数:{"merchant_id":"6008005629","service":"query_status","third_order_id":"2018060810260497841","nonce_str":"OFOIIU8PQUVG0RDLKNF2ZEZ1W1IN3J9Q","sign":"A8DD008654E4FD5A20B0CC6E817E22B2"}

2018-06-08 10:26:30:继续查询:{"resp_code":"0","amount":"760","leshua_order_id":"1806081026007990","merchant_id":"6008005629","nonce_str":"AU76PJ1HKUMU44YACINWUAWM9W61037D","pay_way":"ZFBZF","result_code":"0","sign":"81C012AC5EA1F7D544ABD0977A2B72E6","status":"0","third_order_id":"2018060810260497841"}

2018-06-08 10:26:30:参数:{"merchant_id":"6008005629","service":"query_status","third_order_id":"2018060810260497841","nonce_str":"ZJ35TDB0NEVLHPPO5Q8KTMBX9KQM6W3W","sign":"86C31C1192C231473074E5C7990B9417"}

2018-06-08 10:26:37:继续查询:{"resp_code":"0","amount":"760","leshua_order_id":"1806081026007990","merchant_id":"6008005629","nonce_str":"3AGOIDMDR6HKKSGC0KUW6GSMT3DR5BT6","pay_way":"ZFBZF","result_code":"0","sign":"CFCD34F72D4BC76E660AD48489C23C51","status":"0","third_order_id":"2018060810260497841"}

2018-06-08 10:26:37:参数:{"merchant_id":"6008005629","service":"query_status","third_order_id":"2018060810260497841","nonce_str":"V1UHT89DZXSCNVW5XS4E7QVSUGJ8M96F","sign":"8CEFDF91D5E4647EBEC19CECEC5BDCFB"}

2018-06-08 10:26:43:继续查询:{"resp_code":"0","amount":"760","leshua_order_id":"1806081026007990","merchant_id":"6008005629","nonce_str":"A46MSKK5O6PNGF8IXGPW3VRVPNX86583","pay_way":"ZFBZF","result_code":"0","sign":"909F0586FE88F64EC6A5B5EA6DC2D51A","status":"0","third_order_id":"2018060810260497841"}

2018-06-08 10:26:43:参数:{"merchant_id":"6008005629","service":"query_status","third_order_id":"2018060810260497841","nonce_str":"UW34NH5CFPXK0Y442B3XZ1P81MK7BL7U","sign":"4AAE981B39166A3CFA0E1018D3F4FA9D"}

2018-06-08 10:26:43:支付成功:{"resp_code":"0","amount":"760","bank_type":"DEBIT_CARD","leshua_order_id":"1806081026007990","merchant_id":"6008005629","nonce_str":"W48Q0YXY4BR1VAT3U0KVB77YIZEJMGQB","openid":"2088402703544555","out_transaction_id":"2018060821001004550545267116","pay_time":"2018-06-08 10:26:41","pay_way":"ZFBZF","result_code":"0","sign":"42A62C7E0BC67E3935DFC7F7201B9011","status":"2","third_order_id":"2018060810260497841"}

2018-06-08 10:27:38:参数:{"merchant_id":"6008005629","service":"query_status","third_order_id":"2018060810273751607","nonce_str":"B6QKWD2SO322C7GFJTKMU3T5H4U9AJX2","sign":"091B2BC19741B68095C71331150AC712"}

2018-06-08 10:27:44:继续查询:{"resp_code":"0","amount":"4560","leshua_order_id":"1806081027336205","merchant_id":"6008005629","nonce_str":"VTINMPMHJLJDPJNPRQJX7OIZO4FZP0VS","pay_way":"WXZF","result_code":"0","sign":"C33EB3080B3AF965D3974970A5D7DC58","status":"0","third_order_id":"2018060810273751607"}

2018-06-08 10:27:44:参数:{"merchant_id":"6008005629","service":"query_status","third_order_id":"2018060810273751607","nonce_str":"03MBVT7RDKNQY05J4Z9JE6UBKZKYV3OI","sign":"E08E0E0DEF4DB05C907E056915692AC9"}

2018-06-08 10:27:49:继续查询:{"resp_code":"0","amount":"4560","leshua_order_id":"1806081027336205","merchant_id":"6008005629","nonce_str":"EP8ZFL0BKODCV4ZX215Q89J779W51PVJ","pay_way":"WXZF","result_code":"0","sign":"EEFFB63AC7E75A4E5ECD8FFAF2F91055","status":"0","third_order_id":"2018060810273751607"}

2018-06-08 10:27:49:参数:{"merchant_id":"6008005629","service":"query_status","third_order_id":"2018060810273751607","nonce_str":"B8KODZQP3KTNEH301SDO6EBF1NSVLRAO","sign":"C1E3F9C7BE9969E5C155BD049E209787"}

2018-06-08 10:27:55:继续查询:{"resp_code":"0","amount":"4560","leshua_order_id":"1806081027336205","merchant_id":"6008005629","nonce_str":"230KQWWUYTMQFE2JWBFNDVOPUKF51I6L","pay_way":"WXZF","result_code":"0","sign":"D5A9C883F9FBDD0E0FDC00747C212B43","status":"0","third_order_id":"2018060810273751607"}

2018-06-08 10:27:55:参数:{"merchant_id":"6008005629","service":"query_status","third_order_id":"2018060810273751607","nonce_str":"ZWN9W1G0T2P08LOQIS94EW0VJT3B0JY1","sign":"7F994C011F1B18559C12D7C7DFA15FF0"}

2018-06-08 10:27:55:支付成功:{"resp_code":"0","amount":"4560","bank_type":"PSBC_DEBIT","leshua_order_id":"1806081027336205","merchant_id":"6008005629","nonce_str":"KU69AW2S1IYHI6ZWTTQOHB3KVQ7BIDQM","openid":"o8uJ6uJJ1FX5Uspd76tcwO5qHT50","out_transaction_id":[],"pay_time":"2018-06-08 10:27:55","pay_way":"WXZF","result_code":"0","sign":"91E13A2210E92B2822BA8A1178954D9B","status":"2","third_order_id":"2018060810273751607"}

2018-06-08 13:20:49:参数:{"merchant_id":"6008005629","service":"query_status","third_order_id":"2018060813204858646","nonce_str":"8CYEK7ZNHUCBW1DIFNW83T8ET08UVW5C","sign":"DA1A4BD4387FDD48BD7A63BF04186CA8"}

2018-06-08 13:20:55:继续查询:{"resp_code":"0","amount":"1400","leshua_order_id":"1806081320404484","merchant_id":"6008005629","nonce_str":"3NN3V4IFPLK61RAFZBIZSK01CMZ5DH1G","pay_way":"WXZF","result_code":"0","sign":"68559AE20661A65DEC3833DAA2E3740E","status":"0","third_order_id":"2018060813204858646"}

2018-06-08 13:20:55:参数:{"merchant_id":"6008005629","service":"query_status","third_order_id":"2018060813204858646","nonce_str":"5ANE26JM3JKOTPRRM9C7TY77UN5JQ9AL","sign":"0F7F3E1200A57E8E1FC39F1A17B94642"}

2018-06-08 13:21:00:继续查询:{"resp_code":"0","amount":"1400","leshua_order_id":"1806081320404484","merchant_id":"6008005629","nonce_str":"9TUT2RGD01G95KXQIVH0RA5284H5J3XA","pay_way":"WXZF","result_code":"0","sign":"35ABB9842AADB2314ED5ADD76041BB49","status":"0","third_order_id":"2018060813204858646"}

2018-06-08 13:21:00:参数:{"merchant_id":"6008005629","service":"query_status","third_order_id":"2018060813204858646","nonce_str":"LB237VPCN57X7YVKT57S07IGZ2CU9DCP","sign":"B8A7845384F9008627EA0DE2B43A7244"}

2018-06-08 13:21:06:继续查询:{"resp_code":"0","amount":"1400","leshua_order_id":"1806081320404484","merchant_id":"6008005629","nonce_str":"2SGTNU6HVE7I9BOTPP0QREQU5WW5M1GS","pay_way":"WXZF","result_code":"0","sign":"C2A76D42BA9EAB25DECBB62402699960","status":"0","third_order_id":"2018060813204858646"}

2018-06-08 13:21:06:参数:{"merchant_id":"6008005629","service":"query_status","third_order_id":"2018060813204858646","nonce_str":"YTSWYVWBKODNVV00WF9VEZ5IZZVZJ4PG","sign":"8A49702A2CA4B25C3B8FDFFDDA51EA97"}

2018-06-08 13:21:06:支付成功:{"resp_code":"0","amount":"1400","bank_type":"CFT","leshua_order_id":"1806081320404484","merchant_id":"6008005629","nonce_str":"AJNLAN1R9ZN3BN5VSBHCYLS5VB1ZQT28","openid":"o8uJ6uNYGn8d3-Mfe6MR32N28EhQ","out_transaction_id":[],"pay_time":"2018-06-08 13:21:06","pay_way":"WXZF","result_code":"0","sign":"0E0B7903FE844287EA4F9EB8C9C4CF6A","status":"2","third_order_id":"2018060813204858646"}

2018-06-08 14:14:57:参数:{"merchant_id":"6008005629","service":"query_status","third_order_id":"2018060814145583591","nonce_str":"2TPMW0ENU9UMOMLLMSSUFVYCQXQ9ESQX","sign":"0219FFF46618A8461BE4DD52540BB9CD"}

2018-06-08 14:15:02:继续查询:{"resp_code":"0","amount":"459","leshua_order_id":"1806081414508731","merchant_id":"6008005629","nonce_str":"EHPDQ1221TJFH55GB0IH1NNZS728JVOS","pay_way":"WXZF","result_code":"0","sign":"D9A83A9FFE8E3BC94C2B38A8FCEB4040","status":"0","third_order_id":"2018060814145583591"}

2018-06-08 14:15:02:参数:{"merchant_id":"6008005629","service":"query_status","third_order_id":"2018060814145583591","nonce_str":"PYPTX595K7LBPRI8AHQ33D0TVBA9RE39","sign":"F24EA2A0BE061208EE8ABB8626EC9CF5"}

2018-06-08 14:15:08:继续查询:{"resp_code":"0","amount":"459","leshua_order_id":"1806081414508731","merchant_id":"6008005629","nonce_str":"0XY7XRXW61M3VTKA17MG51G8K23GKFAS","pay_way":"WXZF","result_code":"0","sign":"BB4C9D3850BCF3813F808A0BEAB142E9","status":"0","third_order_id":"2018060814145583591"}

2018-06-08 14:15:08:参数:{"merchant_id":"6008005629","service":"query_status","third_order_id":"2018060814145583591","nonce_str":"EBZ8526Q63FX1DB51XJIGWCV2HTIJ4Z2","sign":"96EB2AB3E7CCC342E3311643BFC67F9B"}

2018-06-08 14:15:08:支付成功:{"resp_code":"0","amount":"459","bank_type":"CFT","leshua_order_id":"1806081414508731","merchant_id":"6008005629","nonce_str":"6R3M2S13S7FRHK03GG1P5DRSFLUDD1DC","openid":"o8uJ6uAAslg7xV22tx0aSmVizcDs","out_transaction_id":[],"pay_time":"2018-06-08 14:15:08","pay_way":"WXZF","result_code":"0","sign":"FAB65942B829CD003572B72066AF1773","status":"2","third_order_id":"2018060814145583591"}

2018-06-08 16:25:46:参数:{"merchant_id":"6008005629","service":"query_status","third_order_id":"2018060816254430999","nonce_str":"SYCBV3B97YRC7OIPBJXVB3NPFH5FNVCV","sign":"F5264D12783F031BC6528DF964FAE543"}

2018-06-08 16:25:47:支付失败:{"resp_code":"0","amount":"6190","leshua_order_id":"1806081625407534","merchant_id":"6008005629","nonce_str":"DWWIC5UCJRQUUDZB2YYGY9Q6A7GY3ZSJ","pay_way":"WXZF","result_code":"0","sign":"5BE006985CCB648D3B605856CFC533D2","status":"6","third_order_id":"2018060816254430999"}

2018-06-08 17:04:43:参数:{"merchant_id":"6008005629","service":"query_status","third_order_id":"2018060817044123478","nonce_str":"WYACQJPI9HIC21AX33YG0K9O9GFXS4GN","sign":"520345E27155656B260FF515D13846E3"}

2018-06-08 17:04:48:继续查询:{"resp_code":"0","amount":"1730","leshua_order_id":"1806081704402114","merchant_id":"6008005629","nonce_str":"G23XT8PWU4PKJ4TGYIPA8VTAI9Z6YKRB","pay_way":"WXZF","result_code":"0","sign":"D2A51A769952B7FA7031098900786995","status":"0","third_order_id":"2018060817044123478"}

2018-06-08 17:04:48:参数:{"merchant_id":"6008005629","service":"query_status","third_order_id":"2018060817044123478","nonce_str":"SR7PAN29NEQZGFP846RDK30KD6WAMK8Y","sign":"BA532EEE608CCBB3594B9F995919DC13"}

2018-06-08 17:04:49:支付成功:{"resp_code":"0","amount":"1730","bank_type":"CFT","leshua_order_id":"1806081704402114","merchant_id":"6008005629","nonce_str":"HV58SG4CUG3KXNZR54E8KU6HKZSU6D6L","openid":"o8uJ6uGWC7Yxp1asxINA3XaTa9_4","out_transaction_id":[],"pay_time":"2018-06-08 17:04:48","pay_way":"WXZF","result_code":"0","sign":"8956D407677B419E46711CDDECA6B8FC","status":"2","third_order_id":"2018060817044123478"}

2018-06-08 17:07:34:参数:{"merchant_id":"6008005629","service":"query_status","third_order_id":"2018060817073350309","nonce_str":"MB8IAAGNL99X0JM03SYN4LJ5GE7VWP4K","sign":"F71DE30E1997AB6BFBBA008013E50D5D"}

2018-06-08 17:07:40:继续查询:{"resp_code":"0","amount":"300","leshua_order_id":"1806081707326771","merchant_id":"6008005629","nonce_str":"PNKNQFAPFPG7A7PDSBI291WIM41XKA9T","pay_way":"WXZF","result_code":"0","sign":"D03EF67DE202A262878C64DEC51769FE","status":"0","third_order_id":"2018060817073350309"}

2018-06-08 17:07:40:参数:{"merchant_id":"6008005629","service":"query_status","third_order_id":"2018060817073350309","nonce_str":"00AVZGLUG9UXR4XBPA1T5N4J687IUZCE","sign":"D8581604A979F8CC7EE1615C2F4C2D03"}

2018-06-08 17:07:41:支付成功:{"resp_code":"0","amount":"300","bank_type":"CFT","leshua_order_id":"1806081707326771","merchant_id":"6008005629","nonce_str":"WPUMBH5405L5LKJ1WUH3WEE4S2O00CKA","openid":"o8uJ6uNYGn8d3-Mfe6MR32N28EhQ","out_transaction_id":[],"pay_time":"2018-06-08 17:07:40","pay_way":"WXZF","result_code":"0","sign":"DF0985F27870183DF514D753455FF289","status":"2","third_order_id":"2018060817073350309"}

2018-06-08 17:37:16:参数:{"merchant_id":"6008005629","service":"query_status","third_order_id":"2018060817371581762","nonce_str":"9QUXFPBQVU5UE5X1T7EK4W0Y4DSRN9P3","sign":"8F3317A7F64360877A4AF3C2D6204F60"}

2018-06-08 17:37:22:继续查询:{"resp_code":"0","amount":"1500","leshua_order_id":"1806081737105144","merchant_id":"6008005629","nonce_str":"F6P301NCII7TNE08SG0YGIQLFXW7IR2E","pay_way":"WXZF","result_code":"0","sign":"A2AE2400BF89BBC38464261AB376CABF","status":"0","third_order_id":"2018060817371581762"}

2018-06-08 17:37:22:参数:{"merchant_id":"6008005629","service":"query_status","third_order_id":"2018060817371581762","nonce_str":"36A1HQM18UIERG6IPSAOPJ3QWUS80F6Y","sign":"F5EF644948390F9109CCB9E1A59CB0CE"}

2018-06-08 17:37:23:支付成功:{"resp_code":"0","amount":"1500","bank_type":"CFT","leshua_order_id":"1806081737105144","merchant_id":"6008005629","nonce_str":"POWY4EG65N56UWT2SE2Z9HQ1UIWKSFSQ","openid":"o8uJ6uNYGn8d3-Mfe6MR32N28EhQ","out_transaction_id":[],"pay_time":"2018-06-08 17:37:22","pay_way":"WXZF","result_code":"0","sign":"3E9D557770CC36F2CAF586A9B27789E8","status":"2","third_order_id":"2018060817371581762"}

2018-06-08 18:07:32:参数:{"merchant_id":"4909001413","service":"query_status","third_order_id":"2018060818073089464","nonce_str":"50A3E24HDAW4NCXZQ2YLU2RRL0BRDT2R","sign":"200A305EB8EB2991AA429C89782258B5"}

2018-06-08 18:07:38:继续查询:{"resp_code":"0","amount":"10000","leshua_order_id":"1806081807330149","merchant_id":"4909001413","nonce_str":"COP0EK0SMNIRC4COQKFHYRSQS6JSHO70","pay_way":"ZFBZF","result_code":"0","sign":"FAED8B9390DAC0358F8C2EFA2AEAC430","status":"0","third_order_id":"2018060818073089464"}

2018-06-08 18:07:38:参数:{"merchant_id":"4909001413","service":"query_status","third_order_id":"2018060818073089464","nonce_str":"F7CIK3JFFC8Z8ALTA0ZFIA2VR4HS786C","sign":"5691B053754526F10DE0F57A377CE3E8"}

2018-06-08 18:07:43:继续查询:{"resp_code":"0","amount":"10000","leshua_order_id":"1806081807330149","merchant_id":"4909001413","nonce_str":"MIZYOQ1U53ZW7H4YSYYHN9Z0WTU94Z9W","pay_way":"ZFBZF","result_code":"0","sign":"F9010410F20C3430670EF23F7585FFBB","status":"0","third_order_id":"2018060818073089464"}

2018-06-08 18:07:43:参数:{"merchant_id":"4909001413","service":"query_status","third_order_id":"2018060818073089464","nonce_str":"F46NJJ9W34KN1CQZXLXRT2VUB1UFAUM0","sign":"17066152465BEC85AE8D7BC8121F13F0"}

2018-06-08 18:07:43:支付成功:{"resp_code":"0","amount":"10000","bank_type":"CREDIT_CARD","leshua_order_id":"1806081807330149","merchant_id":"4909001413","nonce_str":"B1Y0OKRDJ9238GCJA16YIRA0ITHT1TIV","openid":"2088602055100094","out_transaction_id":"2018060821001004090572385607","pay_time":"2018-06-08 18:07:41","pay_way":"ZFBZF","result_code":"0","sign":"D240BD12BA33C57655EADC1A74F7D655","status":"2","third_order_id":"2018060818073089464"}

2018-06-08 18:40:43:参数:{"merchant_id":"6008005629","service":"query_status","third_order_id":"2018060818404057851","nonce_str":"NZ3X5CM2F6OTGXJ185SZAU5BBZEKZHYI","sign":"A9D95D3964CFEA734F60190A50799803"}

2018-06-08 18:40:43:支付失败:{"resp_code":"0","amount":"2700","leshua_order_id":"1806081840425132","merchant_id":"6008005629","nonce_str":"24LDCI33DLE5JC17N2Y26JU1JBH626AS","pay_way":"WXZF","result_code":"0","sign":"83353357F58B2CF16A861170CB505C68","status":"6","third_order_id":"2018060818404057851"}

2018-06-08 18:42:09:参数:{"merchant_id":"6008005629","service":"query_status","third_order_id":"2018060818420817314","nonce_str":"7UDMWSIR5M3KIIEW0BKLOG6IK38EKU41","sign":"1877DA77B88980529068E7D2B0015FC8"}

2018-06-08 18:42:15:继续查询:{"resp_code":"0","amount":"2700","leshua_order_id":"1806081842038913","merchant_id":"6008005629","nonce_str":"GOSUAML1T6OS10HJV6WNIIC5J77T60T6","pay_way":"WXZF","result_code":"0","sign":"20FF4AD12411090EC2676ECCDE95E7AC","status":"0","third_order_id":"2018060818420817314"}

2018-06-08 18:42:15:参数:{"merchant_id":"6008005629","service":"query_status","third_order_id":"2018060818420817314","nonce_str":"31W2NBN226SSQZ3PK6ACCY5GHU3FXA46","sign":"B84F5A586F10C5F5737A32098B20121D"}

2018-06-08 18:42:15:支付成功:{"resp_code":"0","amount":"2700","bank_type":"CCB_DEBIT","leshua_order_id":"1806081842038913","merchant_id":"6008005629","nonce_str":"BZ8W6JCVFX09PG2MNIXRPTK71R1DGAL4","openid":"o8uJ6uNvRVYiaXB5o8ZNXGjoBQR8","out_transaction_id":[],"pay_time":"2018-06-08 18:42:15","pay_way":"WXZF","result_code":"0","sign":"2F1794E4C70E31B265EE840A134889E5","status":"2","third_order_id":"2018060818420817314"}

2018-06-08 19:54:13:参数:{"merchant_id":"6008005629","service":"query_status","third_order_id":"2018060819541181124","nonce_str":"SN9IBXNPXA3K2GVSYLM2UVFXFDXZL8VB","sign":"073BF01B1D690955C369FD04BD8CC73C"}

2018-06-08 19:54:18:继续查询:{"resp_code":"0","amount":"520","leshua_order_id":"1806081954101040","merchant_id":"6008005629","nonce_str":"ZU68NQOEBHUKGJ9JEN3UH2AAY5XX15J5","pay_way":"WXZF","result_code":"0","sign":"DF08C276DE91685D9D98E421D11531C2","status":"0","third_order_id":"2018060819541181124"}

2018-06-08 19:54:18:参数:{"merchant_id":"6008005629","service":"query_status","third_order_id":"2018060819541181124","nonce_str":"UMG2VP4LCUJK3FACPAADS63UF9FGDV0E","sign":"35A97CC9770B88E36622448F2ECAB203"}

2018-06-08 19:54:24:继续查询:{"resp_code":"0","amount":"520","leshua_order_id":"1806081954101040","merchant_id":"6008005629","nonce_str":"Y2JRWIWLFD2B9X0SS4U2L37DD67D8OVU","pay_way":"WXZF","result_code":"0","sign":"D446A0572680A0FA773A521C49ABFC89","status":"0","third_order_id":"2018060819541181124"}

2018-06-08 19:54:24:参数:{"merchant_id":"6008005629","service":"query_status","third_order_id":"2018060819541181124","nonce_str":"XKAWJAY2YGVRBVSRYK0UDRF68BCJ8XS9","sign":"EFAF811AFBDEA937832743B63168A405"}

2018-06-08 19:54:24:支付成功:{"resp_code":"0","amount":"520","bank_type":"CFT","leshua_order_id":"1806081954101040","merchant_id":"6008005629","nonce_str":"BL0MJ4OSN25SA2QC8V16YM3VDO9U7LNJ","openid":"o8uJ6uANw3V9fwTfR8ZgxodP-Pvk","out_transaction_id":[],"pay_time":"2018-06-08 19:54:24","pay_way":"WXZF","result_code":"0","sign":"606CC02B19F107F5CF27DF75FCABB58C","status":"2","third_order_id":"2018060819541181124"}

2018-06-08 20:22:34:参数:{"merchant_id":"4909001413","service":"query_status","third_order_id":"2018060820223220738","nonce_str":"I6PJS4VGEAUOHAJCJDZP574UV6BKQWJN","sign":"64AC3D8B5524CEE97F30CD6A6266C44D"}

2018-06-08 20:22:39:继续查询:{"resp_code":"0","amount":"50000","leshua_order_id":"1806082022324249","merchant_id":"4909001413","nonce_str":"19YZ8DY7IH2TAYO851GF53UVW1IY04CG","pay_way":"WXZF","result_code":"0","sign":"815BEE487AB44C595BED7A0895DB48E9","status":"0","third_order_id":"2018060820223220738"}

2018-06-08 20:22:39:参数:{"merchant_id":"4909001413","service":"query_status","third_order_id":"2018060820223220738","nonce_str":"25KA8M878YPDKOL9M4BJN790H0YED3DH","sign":"7C311E0B0406008C2AF643348AEC9BC9"}

2018-06-08 20:22:45:继续查询:{"resp_code":"0","amount":"50000","leshua_order_id":"1806082022324249","merchant_id":"4909001413","nonce_str":"BASRGNMKY4BS53ETNH9E0VK5KJ9QQA69","pay_way":"WXZF","result_code":"0","sign":"8AD3A57120AC54078051EE81283C5511","status":"0","third_order_id":"2018060820223220738"}

2018-06-08 20:22:45:参数:{"merchant_id":"4909001413","service":"query_status","third_order_id":"2018060820223220738","nonce_str":"YDC237XXDLW9JL3MEP42NM07M70O0XQA","sign":"13EE4CA485B8CDBE3CA957FB95DB1A2D"}

2018-06-08 20:22:45:支付成功:{"resp_code":"0","amount":"50000","bank_type":"ICBC_DEBIT","leshua_order_id":"1806082022324249","merchant_id":"4909001413","nonce_str":"IEWMW4GVBCZGVSZFYS0BMDEB8450SQZ0","openid":"o8uJ6uO5VOk6sEpjDrjyRpU3Bm10","out_transaction_id":[],"pay_time":"2018-06-08 20:22:45","pay_way":"WXZF","result_code":"0","sign":"85BFB5C28F60C6FA2A311A60B2577AFE","status":"2","third_order_id":"2018060820223220738"}

2018-06-08 20:32:14:参数:{"merchant_id":"6008005629","service":"query_status","third_order_id":"2018060820321258743","nonce_str":"Q2D0QQ4NZDK43H658VPT6VHE8RPWWTHZ","sign":"F3F315687DA4C8CBE4AEF96E0D24DA4B"}

2018-06-08 20:32:14:支付失败:{"resp_code":"0","amount":"360","leshua_order_id":"1806082032134284","merchant_id":"6008005629","nonce_str":"KGNDDA28Z8N7UHPQYS8DBBI9S3Q0Y9EQ","pay_way":"WXZF","result_code":"0","sign":"C3D223B61A39D7CB50FA6F01EE9CDFF1","status":"6","third_order_id":"2018060820321258743"}

2018-06-08 20:34:25:参数:{"merchant_id":"6008005629","service":"query_status","third_order_id":"2018060820342426898","nonce_str":"6OC8E15Q6Z1QD6X6LCNE6GG0MJ3S4ZLH","sign":"136B447A29DDA55752AFCF998DA31A69"}

2018-06-08 20:34:30:继续查询:{"resp_code":"0","amount":"100","leshua_order_id":"1806082034229819","merchant_id":"6008005629","nonce_str":"NSQATKUKK8NGK914BI13XO25BTFRY1GW","pay_way":"WXZF","result_code":"0","sign":"BF932B6AD0DEA00FB19C11D4F94739A9","status":"0","third_order_id":"2018060820342426898"}

2018-06-08 20:34:30:参数:{"merchant_id":"6008005629","service":"query_status","third_order_id":"2018060820342426898","nonce_str":"YEZU91JYELKGKC0W01KSZ8G8K1ZEPTEG","sign":"3601D3B5F3901336ED716B3500B4FCC7"}

2018-06-08 20:34:36:继续查询:{"resp_code":"0","amount":"100","leshua_order_id":"1806082034229819","merchant_id":"6008005629","nonce_str":"9LT38VGXKGU3IU65LMSWX0X6RJEMZQCG","pay_way":"WXZF","result_code":"0","sign":"095CAC79C787247B7F324CE96B10ED48","status":"0","third_order_id":"2018060820342426898"}

2018-06-08 20:34:36:参数:{"merchant_id":"6008005629","service":"query_status","third_order_id":"2018060820342426898","nonce_str":"22RK3S5QNYILALQDDHSPKBYZLG3NPMMI","sign":"1E80D003EACB27C0EF1EF75FBDC52641"}

2018-06-08 20:34:42:继续查询:{"resp_code":"0","amount":"100","leshua_order_id":"1806082034229819","merchant_id":"6008005629","nonce_str":"8GCGUF8A4JQW2368FEUWXR8BWOXIQTK7","pay_way":"WXZF","result_code":"0","sign":"9860D5EE229F62F528B77B6B85ABCAB1","status":"0","third_order_id":"2018060820342426898"}

2018-06-08 20:34:42:参数:{"merchant_id":"6008005629","service":"query_status","third_order_id":"2018060820342426898","nonce_str":"CXTFK6DMAZ2DQMR2PO8ANIFPD1MPGC27","sign":"25983A4C3B7A633A9ECA8218493CFBF5"}

2018-06-08 20:34:47:继续查询:{"resp_code":"0","amount":"100","leshua_order_id":"1806082034229819","merchant_id":"6008005629","nonce_str":"SAWPKUWHVDQ798KKZ8ANQC1840GDWK59","pay_way":"WXZF","result_code":"0","sign":"C24BB012DD7B05E67D2A68147BB6478B","status":"0","third_order_id":"2018060820342426898"}

2018-06-08 20:34:47:参数:{"merchant_id":"6008005629","service":"query_status","third_order_id":"2018060820342426898","nonce_str":"FPYJ9761SMDNKPJAOK0UYRZ1NSDXD84R","sign":"83635EC9057A8E8668B25A35B5D27470"}

2018-06-08 20:34:53:继续查询:{"resp_code":"0","amount":"100","leshua_order_id":"1806082034229819","merchant_id":"6008005629","nonce_str":"JXZTQFQO0HTHR941BMI2XIXQPPBSPM2R","pay_way":"WXZF","result_code":"0","sign":"8AB59A066183415B18D1B7B48D012F84","status":"0","third_order_id":"2018060820342426898"}

2018-06-08 20:34:53:参数:{"merchant_id":"6008005629","service":"query_status","third_order_id":"2018060820342426898","nonce_str":"QQQX08MNH68ZICUUVXYG23F9TXX09STQ","sign":"36F49FE17BC3984479B327955D1FB18F"}

2018-06-08 20:34:58:继续查询:{"resp_code":"0","amount":"100","leshua_order_id":"1806082034229819","merchant_id":"6008005629","nonce_str":"0ND89DRDRGYSR6EG9M38RIHJST9UYRMW","pay_way":"WXZF","result_code":"0","sign":"3165FF9312BEB9758D9ED9F40C4CF8A4","status":"0","third_order_id":"2018060820342426898"}

2018-06-08 20:34:58:参数:{"merchant_id":"6008005629","service":"query_status","third_order_id":"2018060820342426898","nonce_str":"JL5GD6R3AD0BHQZH9TT7QC0J4XXK3HDP","sign":"2B70583FA6D308A55D0E425C82FD10B3"}

2018-06-08 20:35:01:参数:{"merchant_id":"6008005629","service":"query_status","third_order_id":"2018060820345958306","nonce_str":"SZX52QLS7YATZYAPXNWGBMV0PL1TSM9R","sign":"221C99706FE46FCF5250A8FF35A7F5CB"}

2018-06-08 20:35:06:继续查询:{"resp_code":"0","amount":"100","leshua_order_id":"1806082035006873","merchant_id":"6008005629","nonce_str":"BNT28FYOGKCR6UIZGK0BYNX3XPYDH666","pay_way":"WXZF","result_code":"0","sign":"73C6D1B12C7CAFB6FB36ABE06670555C","status":"0","third_order_id":"2018060820345958306"}

2018-06-08 20:35:06:参数:{"merchant_id":"6008005629","service":"query_status","third_order_id":"2018060820345958306","nonce_str":"IJDL8K50IUV2VG607024P2F0JPQCS3QQ","sign":"E7BB2CE7FAF61310BD7B03C24058FCA8"}

2018-06-08 20:35:12:继续查询:{"resp_code":"0","amount":"100","leshua_order_id":"1806082035006873","merchant_id":"6008005629","nonce_str":"WFE621H6BFR9APFSNS18LHP550W6D6OK","pay_way":"WXZF","result_code":"0","sign":"B59C59F79DC2261B4473818B77B8A987","status":"0","third_order_id":"2018060820345958306"}

2018-06-08 20:35:12:参数:{"merchant_id":"6008005629","service":"query_status","third_order_id":"2018060820345958306","nonce_str":"QXYWT9QFZE202409IDYHJ4PJEMKY9ZM4","sign":"54587AB119FEF4C50F9F0BFEB9085141"}

2018-06-08 20:35:12:支付成功:{"resp_code":"0","amount":"100","bank_type":"CCB_DEBIT","leshua_order_id":"1806082035006873","merchant_id":"6008005629","nonce_str":"WPQHDRG4UPW1949L8URNJA341BBT3C6Y","openid":"o8uJ6uBCJXY4EXn9No55R9F3s30w","out_transaction_id":[],"pay_time":"2018-06-08 20:35:12","pay_way":"WXZF","result_code":"0","sign":"85955544E23240BBBB5F7834A49F45C9","status":"2","third_order_id":"2018060820345958306"}

2018-06-08 21:08:26:参数:{"merchant_id":"6008005629","service":"query_status","third_order_id":"2018060821082487646","nonce_str":"0J30ET7J0MXGIM6XT0CIFV0GMEIZUDB0","sign":"6134BD4557EE7C3EAF594609862EAE7A"}

2018-06-08 21:08:27:支付失败:{"resp_code":"0","amount":"1900","leshua_order_id":"1806082108224359","merchant_id":"6008005629","nonce_str":"N25EIQVAX1G7EI3LUNOZCA3FP6L5PU32","pay_way":"WXZF","result_code":"0","sign":"5A791D094DE9BFD9E6B1AB45EE1ACF30","status":"6","third_order_id":"2018060821082487646"}

2018-06-08 21:09:02:参数:{"merchant_id":"6008005629","service":"query_status","third_order_id":"2018060821090171553","nonce_str":"V1UUX9YVPA9AAHE1F9DZHLYMBN4JQ7GO","sign":"FD12391E781AD0A7F460CEC59751F2E6"}

2018-06-08 21:09:08:继续查询:{"resp_code":"0","amount":"10","leshua_order_id":"1806082109031067","merchant_id":"6008005629","nonce_str":"BMNPZ20USIZLNJY0FZ45WK3W676NKF6U","pay_way":"WXZF","result_code":"0","sign":"0401935A400B332F52C1E669609E0E99","status":"0","third_order_id":"2018060821090171553"}

2018-06-08 21:09:08:参数:{"merchant_id":"6008005629","service":"query_status","third_order_id":"2018060821090171553","nonce_str":"XXJ2NLIA8B89WZ2MI3HTJCQPJNASF2EG","sign":"12EB1471A961FD77CF13278E2004582C"}

2018-06-08 21:09:13:继续查询:{"resp_code":"0","amount":"10","leshua_order_id":"1806082109031067","merchant_id":"6008005629","nonce_str":"OUTX9YOIGK2F1CI24L06N3V8XG1OVGWF","pay_way":"WXZF","result_code":"0","sign":"ECDE4AD4B5CBC677CA0677048B26242B","status":"0","third_order_id":"2018060821090171553"}

2018-06-08 21:09:13:参数:{"merchant_id":"6008005629","service":"query_status","third_order_id":"2018060821090171553","nonce_str":"63P08SEV5AO2M9G7XMKPDR54WVDUPGYN","sign":"05D9B734A79D9CD1C9158506732039E5"}

2018-06-08 21:09:19:继续查询:{"resp_code":"0","amount":"10","leshua_order_id":"1806082109031067","merchant_id":"6008005629","nonce_str":"2W9M49X3ABRSDUM6ZMYO3HST8JJ4VZ6X","pay_way":"WXZF","result_code":"0","sign":"8EBA5C1D37B9C47FE860FC8043413234","status":"0","third_order_id":"2018060821090171553"}

2018-06-08 21:09:19:参数:{"merchant_id":"6008005629","service":"query_status","third_order_id":"2018060821090171553","nonce_str":"3Z1SLUYL2TNZCDOKOZFG0JKZK1LCDEOI","sign":"03E7B04ED683689425E3AAB166ABBBFC"}

2018-06-08 21:09:24:继续查询:{"resp_code":"0","amount":"10","leshua_order_id":"1806082109031067","merchant_id":"6008005629","nonce_str":"SU8973PNK1JWH3VLK0SQCLCLBYNS3JV5","pay_way":"WXZF","result_code":"0","sign":"66DDEFE3A5D11B3C12E9A83DE6F8A3FF","status":"0","third_order_id":"2018060821090171553"}

2018-06-08 21:09:24:参数:{"merchant_id":"6008005629","service":"query_status","third_order_id":"2018060821090171553","nonce_str":"V239UM3DVX07J5O5MK9SMMPHOX6CZ9EP","sign":"404FDDEAE546B80D11976D2CDD462060"}

2018-06-08 21:09:30:继续查询:{"resp_code":"0","amount":"10","leshua_order_id":"1806082109031067","merchant_id":"6008005629","nonce_str":"I2V0O9OLCGB04W5U10M5TPKB0KZX22R6","pay_way":"WXZF","result_code":"0","sign":"1B37EFC0BC4C9D9965EAC00AE7C51569","status":"0","third_order_id":"2018060821090171553"}

2018-06-08 21:09:30:参数:{"merchant_id":"6008005629","service":"query_status","third_order_id":"2018060821090171553","nonce_str":"TYBQYFQ9F6PPTSQV8WBU5WQIPRKV7J7Y","sign":"BB54C3E5A2673B5D4CE8D1AEEB493782"}

2018-06-08 21:09:35:继续查询:{"resp_code":"0","amount":"10","leshua_order_id":"1806082109031067","merchant_id":"6008005629","nonce_str":"8BTVVJO32I2FE4ATTTRZFMORKOCTAZ6I","pay_way":"WXZF","result_code":"0","sign":"E2F1F65C02EAA2A2060321235798298A","status":"0","third_order_id":"2018060821090171553"}

2018-06-08 21:09:35:参数:{"merchant_id":"6008005629","service":"query_status","third_order_id":"2018060821090171553","nonce_str":"758BELQ4WO6KKP45KX8H1F5VQ5QBAZZQ","sign":"E859E0EF4D9C9D5A911C233E62322AB1"}

2018-06-08 21:10:27:参数:{"merchant_id":"6008005629","service":"query_status","third_order_id":"2018060821102566724","nonce_str":"RYGS3GFA73RFANJV03PHWQ4UBZT34JPG","sign":"974540B15C7B50DC7AFFDF602A9557CD"}

2018-06-08 21:10:32:继续查询:{"resp_code":"0","amount":"1500","leshua_order_id":"1806082110209198","merchant_id":"6008005629","nonce_str":"EYL73D28ZS74KUDBX6L6CL701M4AYX7H","pay_way":"WXZF","result_code":"0","sign":"E6E34396C69AE4D09021F454B68233E4","status":"0","third_order_id":"2018060821102566724"}

2018-06-08 21:10:32:参数:{"merchant_id":"6008005629","service":"query_status","third_order_id":"2018060821102566724","nonce_str":"7CNTBX43VSDG4JKHHQHXIN4SRIC3AEA9","sign":"C71E64136A5F625718DB01EC578BA0F9"}

2018-06-08 21:10:38:继续查询:{"resp_code":"0","amount":"1500","leshua_order_id":"1806082110209198","merchant_id":"6008005629","nonce_str":"YDGVZORH8KXXP3O0MZQUG4WJ4RKE7HA8","pay_way":"WXZF","result_code":"0","sign":"3EAB1F0A5D69FD03A1F8B623307DC087","status":"0","third_order_id":"2018060821102566724"}

2018-06-08 21:10:38:参数:{"merchant_id":"6008005629","service":"query_status","third_order_id":"2018060821102566724","nonce_str":"8DJCCPKM7Y8NK9NRSCH8ZG63XBBMBH5W","sign":"2ED324783CB3E73D9BB3267CA58DF78E"}

2018-06-08 21:10:38:支付成功:{"resp_code":"0","amount":"1500","bank_type":"CFT","leshua_order_id":"1806082110209198","merchant_id":"6008005629","nonce_str":"23726H0U0QYYF5EVHV3615EQQVCI4C0M","openid":"o8uJ6uNYGn8d3-Mfe6MR32N28EhQ","out_transaction_id":[],"pay_time":"2018-06-08 21:10:38","pay_way":"WXZF","result_code":"0","sign":"650108C7A4C799976E51D21F806610AF","status":"2","third_order_id":"2018060821102566724"}

2018-06-08 21:35:24:参数:{"merchant_id":"6008005629","service":"query_status","third_order_id":"2018060821352221895","nonce_str":"BWXUSJKD58W0KFLA87KKW0L3C01724OF","sign":"997308CD9B52F74BD5035D0CAA910B06"}

2018-06-08 21:35:29:继续查询:{"resp_code":"0","amount":"1040","leshua_order_id":"1806082135206455","merchant_id":"6008005629","nonce_str":"WEWJD1BPJ8N42SODCWAKNLZVUGPS1X6A","pay_way":"WXZF","result_code":"0","sign":"BE748429FC0B537F347870C2B82CA5C2","status":"0","third_order_id":"2018060821352221895"}

2018-06-08 21:35:29:参数:{"merchant_id":"6008005629","service":"query_status","third_order_id":"2018060821352221895","nonce_str":"5105RT712NS9M1LBDHFIRHEOIZBHVTJ4","sign":"3B07C9255D88FEEB3A44FF5FF268C040"}

2018-06-08 21:35:35:继续查询:{"resp_code":"0","amount":"1040","leshua_order_id":"1806082135206455","merchant_id":"6008005629","nonce_str":"K9G2PIFFVQ0AGZIFCU771EO52UBFOQ2O","pay_way":"WXZF","result_code":"0","sign":"C12DCB432D65BB911A4EE3204100A1CD","status":"0","third_order_id":"2018060821352221895"}

2018-06-08 21:35:35:参数:{"merchant_id":"6008005629","service":"query_status","third_order_id":"2018060821352221895","nonce_str":"34Z32FCFORT1L7FTG4JTN31KBOTZQYQN","sign":"43BF9910D3ACCD12EF508CBD17F9EEEE"}

2018-06-08 21:35:40:继续查询:{"resp_code":"0","amount":"1040","leshua_order_id":"1806082135206455","merchant_id":"6008005629","nonce_str":"W35F430YF5R4GVH0BB5GE9DGXF8AD6TB","pay_way":"WXZF","result_code":"0","sign":"1DA9852EBEE42C397183244E55573FAE","status":"0","third_order_id":"2018060821352221895"}

2018-06-08 21:35:40:参数:{"merchant_id":"6008005629","service":"query_status","third_order_id":"2018060821352221895","nonce_str":"HSLTOYGA7TEILYMHIGP3SYEHO33LGGA1","sign":"0A3BB55B5FC541FB06EFF00E6A6465C1"}

2018-06-08 21:35:41:支付成功:{"resp_code":"0","amount":"1040","bank_type":"CFT","leshua_order_id":"1806082135206455","merchant_id":"6008005629","nonce_str":"O8IRXMI1FDLWD6UNCEPNKB49LPEZ3BGC","openid":"o8uJ6uFI0yoNPfuX5SCAU40Cj5HY","out_transaction_id":[],"pay_time":"2018-06-08 21:35:41","pay_way":"WXZF","result_code":"0","sign":"C7119A01F6939EB422CD1C60D445E91F","status":"2","third_order_id":"2018060821352221895"}

2018-06-08 21:44:38:参数:{"merchant_id":"6008005629","service":"query_status","third_order_id":"2018060821443635595","nonce_str":"5Z69NN7VEUMNFRLATA6HJ2F6WCEUI3ST","sign":"D60ACA2670CA81AE1AD4F1CD3F808FBF"}

2018-06-08 21:44:43:继续查询:{"resp_code":"0","amount":"3220","leshua_order_id":"1806082144308850","merchant_id":"6008005629","nonce_str":"EXXHND8I4LLTJ30RP2TSKSKDV43IY6CH","pay_way":"WXZF","result_code":"0","sign":"B345702ADD88A6DD0DD6ADED917A186C","status":"0","third_order_id":"2018060821443635595"}

2018-06-08 21:44:43:参数:{"merchant_id":"6008005629","service":"query_status","third_order_id":"2018060821443635595","nonce_str":"G4HQ9SXPUQCQ8ED0MM41FXCUY9197BTK","sign":"38A3F41029032390BB77CFAE08F27639"}

2018-06-08 21:44:49:继续查询:{"resp_code":"0","amount":"3220","leshua_order_id":"1806082144308850","merchant_id":"6008005629","nonce_str":"1AW8AR4MGZJ8YL1VKD3ME083V08W2S0Y","pay_way":"WXZF","result_code":"0","sign":"190C27DBF9FA5E5A52538B8532213F49","status":"0","third_order_id":"2018060821443635595"}

2018-06-08 21:44:49:参数:{"merchant_id":"6008005629","service":"query_status","third_order_id":"2018060821443635595","nonce_str":"4V0EVCOM5RBKOPWRMK4R90NCYXQ3DLKZ","sign":"90903AEA08484CC53C00C0B253ADA3DC"}

2018-06-08 21:44:49:支付成功:{"resp_code":"0","amount":"3220","bank_type":"PSBC_DEBIT","leshua_order_id":"1806082144308850","merchant_id":"6008005629","nonce_str":"TRARKIOTKPBFDGRHQLLQI27SET9FON92","openid":"o8uJ6uAsgoNC_HxvGa2OpmmLv_0g","out_transaction_id":[],"pay_time":"2018-06-08 21:44:49","pay_way":"WXZF","result_code":"0","sign":"163DD73889CF8110C1C7BB9608B4B8D2","status":"2","third_order_id":"2018060821443635595"}

2018-06-08 22:10:32:参数:{"merchant_id":"6008005629","service":"query_status","third_order_id":"2018060822103138150","nonce_str":"237I2DQMI2QEI8VDTISCYQG3JGVFLTMU","sign":"32617665915527ADD5B7C00141F5430D"}

2018-06-08 22:10:37:继续查询:{"resp_code":"0","amount":"580","leshua_order_id":"1806082210331445","merchant_id":"6008005629","nonce_str":"N1KWEQM0IAGAT6M0F282KUD5F48H2461","pay_way":"WXZF","result_code":"0","sign":"943A176262128B987C4700EF17EF9338","status":"0","third_order_id":"2018060822103138150"}

2018-06-08 22:10:37:参数:{"merchant_id":"6008005629","service":"query_status","third_order_id":"2018060822103138150","nonce_str":"DTHLAP1N3D62ZU0MXJ5XCHIVL9DIPXBV","sign":"3EC3C5F619EE0F69100FDD5E492C4738"}

2018-06-08 22:10:43:继续查询:{"resp_code":"0","amount":"580","leshua_order_id":"1806082210331445","merchant_id":"6008005629","nonce_str":"RAZY0TEKRAASRCJC2TVPUFMMSXBOY6VZ","pay_way":"WXZF","result_code":"0","sign":"BC284F4F60FB3E957299FA9176CBE1AE","status":"0","third_order_id":"2018060822103138150"}

2018-06-08 22:10:43:参数:{"merchant_id":"6008005629","service":"query_status","third_order_id":"2018060822103138150","nonce_str":"9VOT42GR1OYLRXZ86UWGEV88WZYH20WJ","sign":"B179A4DB332A538D6909AFB990D6CDCD"}

2018-06-08 22:10:48:继续查询:{"resp_code":"0","amount":"580","leshua_order_id":"1806082210331445","merchant_id":"6008005629","nonce_str":"WIOHJ4EQ12LNJ6PWNUTD4ZDBG4QLSC3N","pay_way":"WXZF","result_code":"0","sign":"6D343D661F859A55ECD1BD023393DCD5","status":"0","third_order_id":"2018060822103138150"}

2018-06-08 22:10:48:参数:{"merchant_id":"6008005629","service":"query_status","third_order_id":"2018060822103138150","nonce_str":"8WWM6X27DACTZK7KO6KCM2OB10UT9OM0","sign":"16DC75ACEFF644E3BC2E45CB03313A0E"}

2018-06-08 22:10:54:继续查询:{"resp_code":"0","amount":"580","leshua_order_id":"1806082210331445","merchant_id":"6008005629","nonce_str":"Q30TOSBNWKKTRB12J93FH4YW3SM26E3Q","pay_way":"WXZF","result_code":"0","sign":"DD9ED22065D649B159FA7918CE0D05E2","status":"0","third_order_id":"2018060822103138150"}

2018-06-08 22:10:54:参数:{"merchant_id":"6008005629","service":"query_status","third_order_id":"2018060822103138150","nonce_str":"XHCIBLCRNV2OHBS1GSG49UTX1AN1EFUX","sign":"D537DBDDBBDE0D4372B1169153A028C2"}

2018-06-08 22:10:59:继续查询:{"resp_code":"0","amount":"580","leshua_order_id":"1806082210331445","merchant_id":"6008005629","nonce_str":"WDGQ9276L5J7B6X6065MQ1UWW1XP02WS","pay_way":"WXZF","result_code":"0","sign":"AA88929EB4F4CFB6FDBC06C6EBDA6E61","status":"0","third_order_id":"2018060822103138150"}

2018-06-08 22:10:59:参数:{"merchant_id":"6008005629","service":"query_status","third_order_id":"2018060822103138150","nonce_str":"34VSPKBXXBP4WP4S53402CDDES02UZ2D","sign":"B0AD4D3D1A3E5813A7B050F1207F391A"}

2018-06-08 22:11:05:继续查询:{"resp_code":"0","amount":"580","leshua_order_id":"1806082210331445","merchant_id":"6008005629","nonce_str":"YEQXCOLPMOVIV1YRJHAR7HUC8MKG25XP","pay_way":"WXZF","result_code":"0","sign":"DE665BF385198B0D9872161932DBF9BA","status":"0","third_order_id":"2018060822103138150"}

2018-06-08 22:11:05:参数:{"merchant_id":"6008005629","service":"query_status","third_order_id":"2018060822103138150","nonce_str":"WN4LJHZ26A42CMS941Z2FS9IEGERGRME","sign":"9A702D5ACEC7A5F4666336A8BBC03AC4"}

2018-06-08 23:57:58:参数:{"merchant_id":"6008005629","service":"query_status","third_order_id":"2018060823575882075","nonce_str":"024JTV26YVYQNN1BL7XUVOPBGR47FXTI","sign":"AAB85C432F03132BE1BBFFF0278C92A3"}

2018-06-08 23:58:04:继续查询:{"resp_code":"0","amount":"1230","leshua_order_id":"1806082357526475","merchant_id":"6008005629","nonce_str":"4NJN6GDB8CWRR0QO81AOJ4JRKFS6M73V","pay_way":"WXZF","result_code":"0","sign":"1CF4070FFA127DC13C275BA20260349D","status":"0","third_order_id":"2018060823575882075"}

2018-06-08 23:58:04:参数:{"merchant_id":"6008005629","service":"query_status","third_order_id":"2018060823575882075","nonce_str":"3B2YA37ET7FSMW1N4KLYHYJICKL1FQ4D","sign":"28991382D9371CC35B498C5DB9571504"}

2018-06-08 23:58:09:继续查询:{"resp_code":"0","amount":"1230","leshua_order_id":"1806082357526475","merchant_id":"6008005629","nonce_str":"HUXCCUVQ3GC48OGWT513Y0O181U4VFZN","pay_way":"WXZF","result_code":"0","sign":"08F8FAD26C407442A57C23636AADACEA","status":"0","third_order_id":"2018060823575882075"}

2018-06-08 23:58:09:参数:{"merchant_id":"6008005629","service":"query_status","third_order_id":"2018060823575882075","nonce_str":"5VP757VA938FWRH4EGCMHDKWSKIFYUEQ","sign":"B0955ADF954DCE67773D8BFCBEB49512"}

2018-06-08 23:58:10:支付成功:{"resp_code":"0","amount":"1230","bank_type":"PAB_CREDIT","leshua_order_id":"1806082357526475","merchant_id":"6008005629","nonce_str":"XT22MBANA94LLR2N071BIP2O6WGWT5MM","openid":"o8uJ6uHZRcLNzs2yO5qAzH-dHEL8","out_transaction_id":[],"pay_time":"2018-06-08 23:58:10","pay_way":"WXZF","result_code":"0","sign":"4A31AFD3179DD2BFBD10F554BEAA5E38","status":"2","third_order_id":"2018060823575882075"}

