2018-05-07 07:54:05:参数:{"merchant_id":"6008005629","service":"query_status","third_order_id":"2018050707540436516","nonce_str":"G0KXB3KCKFIWCSJY8MQ1WOYQDQ75A8GU","sign":"1AD4F07687F265A751B2DAA156E67C11"}

2018-05-07 07:54:10:继续查询:{"resp_code":"0","amount":"3329","leshua_order_id":"1805070754020113","merchant_id":"6008005629","nonce_str":"VXGRAG4VU7XFVTKQGF8AJUFDOIG1Q1QO","pay_way":"WXZF","result_code":"0","sign":"695DCECE5F03E4AE31AC27160784D7A3","status":"0","third_order_id":"2018050707540436516"}

2018-05-07 07:54:10:参数:{"merchant_id":"6008005629","service":"query_status","third_order_id":"2018050707540436516","nonce_str":"RQNYNHZ4SZKPYXI9V2C84D0HD6DVTN10","sign":"F074BD22B79F6CB15EB00B829445F866"}

2018-05-07 07:54:15:继续查询:{"resp_code":"0","amount":"3329","leshua_order_id":"1805070754020113","merchant_id":"6008005629","nonce_str":"LYQWKIHGBGHDXK9H8EI9T8RDYSI0SMX1","pay_way":"WXZF","result_code":"0","sign":"1866A4379281FE29B609A0110662F396","status":"0","third_order_id":"2018050707540436516"}

2018-05-07 07:54:15:参数:{"merchant_id":"6008005629","service":"query_status","third_order_id":"2018050707540436516","nonce_str":"5LEJTK7VAECVNPOQ1L01UYK9BURGTQKA","sign":"DB7862654C12E3084EC27CB0E0E4A8F6"}

2018-05-07 07:54:21:继续查询:{"resp_code":"0","amount":"3329","leshua_order_id":"1805070754020113","merchant_id":"6008005629","nonce_str":"SQQG2RSSRFDDZ8UR38GGY91AOX3QS6DI","pay_way":"WXZF","result_code":"0","sign":"8743DC058BA39D4B3CFE859349EA0F8B","status":"0","third_order_id":"2018050707540436516"}

2018-05-07 07:54:21:参数:{"merchant_id":"6008005629","service":"query_status","third_order_id":"2018050707540436516","nonce_str":"OGUFI0GYH9VCZ05AP1SLG6VTERUNDPY6","sign":"119B5BFA101090E3786695D7FD73C754"}

2018-05-07 07:54:26:继续查询:{"resp_code":"0","amount":"3329","leshua_order_id":"1805070754020113","merchant_id":"6008005629","nonce_str":"FTAVSQSF40ISOMIVZG3P3C2I00YY47Q1","pay_way":"WXZF","result_code":"0","sign":"A9BF08352D1A031B63121F0144FA6B27","status":"0","third_order_id":"2018050707540436516"}

2018-05-07 07:54:26:参数:{"merchant_id":"6008005629","service":"query_status","third_order_id":"2018050707540436516","nonce_str":"CW5C1DTRL6B7KD6XSL2M5Q84NUKYCZZ5","sign":"9B312398E4F31C6064E7B4C7D8D15E0F"}

2018-05-07 07:54:32:继续查询:{"resp_code":"0","amount":"3329","leshua_order_id":"1805070754020113","merchant_id":"6008005629","nonce_str":"WOF7DCRR9937AYFTCEJM8K89KTCE6AAE","pay_way":"WXZF","result_code":"0","sign":"9CD1168DBA291900FEE13106BA8B97BB","status":"0","third_order_id":"2018050707540436516"}

2018-05-07 07:54:32:参数:{"merchant_id":"6008005629","service":"query_status","third_order_id":"2018050707540436516","nonce_str":"CRKHKZ85RGHSQOHUDQIAUWTHC0OCRN70","sign":"BEBFC65584D53D1EB0B63170984A38B0"}

2018-05-07 07:54:37:继续查询:{"resp_code":"0","amount":"3329","leshua_order_id":"1805070754020113","merchant_id":"6008005629","nonce_str":"LS6B2ZWYVCWKBG8R28RKXXQRA1W4GOV7","pay_way":"WXZF","result_code":"0","sign":"C28F8AECEB7FAF28BC28AA33B7DE1457","status":"0","third_order_id":"2018050707540436516"}

2018-05-07 07:54:37:参数:{"merchant_id":"6008005629","service":"query_status","third_order_id":"2018050707540436516","nonce_str":"KS63SWKG5NF6KTVHY0207RHVKTWLF00X","sign":"A1F9953D389C197BFDF8ABC4CE92284C"}

2018-05-07 07:54:38:参数:{"merchant_id":"6008005629","service":"query_status","third_order_id":"2018050707540436516","nonce_str":"8FJ3GQPU6ZI60AHYG16HIH7WL0XZXAUQ","sign":"93977EE6A8DEA92EA8531BDAF2FC346C"}

2018-05-07 07:54:38:支付失败:{"resp_code":"0","amount":"3329","leshua_order_id":"1805070754020113","merchant_id":"6008005629","nonce_str":"6GEB1FWVTOJ6SE63PKJSFRHHCOHT622P","pay_way":"WXZF","result_code":"0","sign":"2115E8BD3CA457408513C1BFD514A20E","status":"6","third_order_id":"2018050707540436516"}

2018-05-07 09:28:12:参数:{"merchant_id":"6008005629","service":"query_status","third_order_id":"2018050709281075041","nonce_str":"NEY9KETSVZRO4IR3KO13MRTRGIBVDMJX","sign":"C5EB6AC5324A9A92157A5989080DADD1"}

2018-05-07 09:28:18:继续查询:{"resp_code":"0","amount":"2360","leshua_order_id":"1805070928102627","merchant_id":"6008005629","nonce_str":"2B5C20KONFO96K08WFA0KSQFQZV6I2LT","pay_way":"ZFBZF","result_code":"0","sign":"093251E75AED0ADC5E5BF40D056AAE76","status":"0","third_order_id":"2018050709281075041"}

2018-05-07 09:28:18:参数:{"merchant_id":"6008005629","service":"query_status","third_order_id":"2018050709281075041","nonce_str":"16YV9OBXI3KT5DUPWSBLR8DNM93QKYL7","sign":"3C0BEC02B66256CBCD8AD879E97D8F5A"}

2018-05-07 09:28:23:继续查询:{"resp_code":"0","amount":"2360","leshua_order_id":"1805070928102627","merchant_id":"6008005629","nonce_str":"LN2YOLIWJPK0ODWL8S6RIDRMIJ0EQJQH","pay_way":"ZFBZF","result_code":"0","sign":"5D28207089919D2CA0ABF17D4ABA1564","status":"0","third_order_id":"2018050709281075041"}

2018-05-07 09:28:23:参数:{"merchant_id":"6008005629","service":"query_status","third_order_id":"2018050709281075041","nonce_str":"W8C9761J0GA4LS4WMM8PJD7C63U79HKR","sign":"26521FFCDE0EAC1125D62765343679DE"}

2018-05-07 09:28:29:继续查询:{"resp_code":"0","amount":"2360","leshua_order_id":"1805070928102627","merchant_id":"6008005629","nonce_str":"GSA3SHVBQ3SSYIXDZVG3LJHOATFYM7IB","pay_way":"ZFBZF","result_code":"0","sign":"93D82A284B42A65FE92333D4E9F132D2","status":"0","third_order_id":"2018050709281075041"}

2018-05-07 09:28:29:参数:{"merchant_id":"6008005629","service":"query_status","third_order_id":"2018050709281075041","nonce_str":"TBM8F9CUCYORL16GZNMTUMDH3555KK90","sign":"5D11D1B7ACF3BF748A1A682A57EF45EA"}

2018-05-07 09:28:34:继续查询:{"resp_code":"0","amount":"2360","leshua_order_id":"1805070928102627","merchant_id":"6008005629","nonce_str":"CRL3310W2E608Z3RXYESTVTHH4BP94OP","pay_way":"ZFBZF","result_code":"0","sign":"FC7ED7592ED07117E3F9941B54B9AFC0","status":"0","third_order_id":"2018050709281075041"}

2018-05-07 09:28:34:参数:{"merchant_id":"6008005629","service":"query_status","third_order_id":"2018050709281075041","nonce_str":"ZZHKC44INCGMIS7YT0CFNER9M59J2SEO","sign":"08EF24F680B1F2F714D8C7D3EFDCFD9F"}

2018-05-07 09:28:39:继续查询:{"resp_code":"0","amount":"2360","leshua_order_id":"1805070928102627","merchant_id":"6008005629","nonce_str":"RBCC0Q6DJCJEZF6JAEKB64A02ZWK3GKH","pay_way":"ZFBZF","result_code":"0","sign":"BEC0582054FAD10B13463C7E944D94A1","status":"0","third_order_id":"2018050709281075041"}

2018-05-07 09:28:40:参数:{"merchant_id":"6008005629","service":"query_status","third_order_id":"2018050709281075041","nonce_str":"2Q9EDDG30AWP34XTRWTF0S1KHGQMW099","sign":"7923C7CF30032F416356684A695DA4B0"}

2018-05-07 09:28:45:继续查询:{"resp_code":"0","amount":"2360","leshua_order_id":"1805070928102627","merchant_id":"6008005629","nonce_str":"GFLRZC5ENXLIT1ODYKYOAP06SI1TYA3Z","pay_way":"ZFBZF","result_code":"0","sign":"3DC26F516F9FFFF87E278EBC203788F7","status":"0","third_order_id":"2018050709281075041"}

2018-05-07 09:28:45:参数:{"merchant_id":"6008005629","service":"query_status","third_order_id":"2018050709281075041","nonce_str":"W3PFT7N9RZB0W831ZGLJ6ACCPSN88D0U","sign":"1BB1FFF4576FDD95AFCDA14E1CE735DC"}

2018-05-07 09:28:46:参数:{"merchant_id":"6008005629","service":"query_status","third_order_id":"2018050709281075041","nonce_str":"UZXBQQMAPVOKE0MP8ED0L6PO4EJYDJA2","sign":"95C0C4E6B1A1A8987B5F833F60D5BF5A"}

2018-05-07 09:28:46:支付失败:{"resp_code":"0","amount":"2360","leshua_order_id":"1805070928102627","merchant_id":"6008005629","nonce_str":"DPVG92R0QL2130ZXTQDPRJ50QEDQQODX","pay_way":"ZFBZF","result_code":"0","sign":"F7A9A649A34383E90CD39F12F63AFB8A","status":"6","third_order_id":"2018050709281075041"}

2018-05-07 09:52:29:参数:{"merchant_id":"6008005629","service":"query_status","third_order_id":"2018050709522848853","nonce_str":"LLX066I17Z6OTZ81IHBB812W5HCOQFT9","sign":"F6037E481E42879E78592ACB09C4B40C"}

2018-05-07 09:52:35:继续查询:{"resp_code":"0","amount":"310","leshua_order_id":"1805070952208158","merchant_id":"6008005629","nonce_str":"MTMN9CMUAN7INDHZ9JGUJHGFZ6EN0C0O","pay_way":"WXZF","result_code":"0","sign":"2F266776D5ECC995072C3D260FF69BF1","status":"0","third_order_id":"2018050709522848853"}

2018-05-07 09:52:35:参数:{"merchant_id":"6008005629","service":"query_status","third_order_id":"2018050709522848853","nonce_str":"Z51OVMG61WPK2VE7VJ59MO9O52UOT1YT","sign":"F2271F3D7109BA97D866AC51182EF106"}

2018-05-07 09:52:40:继续查询:{"resp_code":"0","amount":"310","leshua_order_id":"1805070952208158","merchant_id":"6008005629","nonce_str":"SK4IAWUSD2FWJF0ZGB0JY5251XXIOZOE","pay_way":"WXZF","result_code":"0","sign":"27B02BBE85DA4A6A007D99B1F4245E32","status":"0","third_order_id":"2018050709522848853"}

2018-05-07 09:52:40:参数:{"merchant_id":"6008005629","service":"query_status","third_order_id":"2018050709522848853","nonce_str":"JXQ4PLPSNLTNL365EYTMZOSR82FVIUVQ","sign":"AFC684184641AB75C149910BC2A0AED1"}

2018-05-07 09:52:40:支付成功:{"resp_code":"0","amount":"310","bank_type":"CFT","leshua_order_id":"1805070952208158","merchant_id":"6008005629","nonce_str":"8SJU6SMWFAJE4EGWTC7K57D19NS2LPJ4","openid":"oRfOu1SWs1RwnqigmwmwX9uu1Qtw","out_transaction_id":"4200000115201805074549806618","pay_time":"2018-05-07 09:52:40","pay_way":"WXZF","result_code":"0","sign":"330F206A4C1ACBD66B2DB253E0989D88","status":"2","third_order_id":"2018050709522848853"}

2018-05-07 10:17:50:参数:{"merchant_id":"6008005629","service":"query_status","third_order_id":"2018050710174881861","nonce_str":"FV2L5A4SQ3CPNOYXJHDSZ2MZEG8W7CK2","sign":"33E79DE243F8AB0AEE24BE91F78E1925"}

2018-05-07 10:17:56:继续查询:{"resp_code":"0","amount":"4300","leshua_order_id":"1805071017436944","merchant_id":"6008005629","nonce_str":"59QKPWKA31AAH3ZJ53G161WP9BO1OXI0","pay_way":"WXZF","result_code":"0","sign":"B247953E82EEEE68C8663664F7AAAE27","status":"0","third_order_id":"2018050710174881861"}

2018-05-07 10:17:56:参数:{"merchant_id":"6008005629","service":"query_status","third_order_id":"2018050710174881861","nonce_str":"A8DPF5XIWPNECGPC37K31JMMNN888FCP","sign":"0649BDFDCAB48593FC14AF70EFFAC7D0"}

2018-05-07 10:18:01:继续查询:{"resp_code":"0","amount":"4300","leshua_order_id":"1805071017436944","merchant_id":"6008005629","nonce_str":"76I7TGQMNUM5FVSIFHFYHN0HXJA92IBZ","pay_way":"WXZF","result_code":"0","sign":"A01A670643BFD4C13809FCD020EEC087","status":"0","third_order_id":"2018050710174881861"}

2018-05-07 10:18:01:参数:{"merchant_id":"6008005629","service":"query_status","third_order_id":"2018050710174881861","nonce_str":"79NR34BVH7KJPZG6P14GK3YCAXLFOFRI","sign":"648D9992AEDE546C0516F0A873022D3F"}

2018-05-07 10:18:02:支付成功:{"resp_code":"0","amount":"4300","bank_type":"CFT","leshua_order_id":"1805071017436944","merchant_id":"6008005629","nonce_str":"S3M2G0YKI6BZW0UHFYAKHQY2PDGDR6RU","openid":"oRfOu1Rq9TByt2STMvWwOR-qP1r4","out_transaction_id":"4200000130201805074459636885","pay_time":"2018-05-07 10:18:01","pay_way":"WXZF","result_code":"0","sign":"32B95C25E9B2DEDA991A8C050A6F5BAA","status":"2","third_order_id":"2018050710174881861"}

2018-05-07 11:23:16:参数:{"merchant_id":"6008005629","service":"query_status","third_order_id":"2018050711231593240","nonce_str":"Q6HMP3YH1BM4PU7DE93G3X1OPH6SMRSZ","sign":"32C720D66159A35EBC262AF64C2C09A9"}

2018-05-07 11:23:22:继续查询:{"resp_code":"0","amount":"2760","leshua_order_id":"1805071123134505","merchant_id":"6008005629","nonce_str":"QMKTTS8O8E0W5QQGZLFX09CT2AHDYHHF","pay_way":"WXZF","result_code":"0","sign":"ABD324A15AF0B48EAB3F996944E327DE","status":"0","third_order_id":"2018050711231593240"}

2018-05-07 11:23:22:参数:{"merchant_id":"6008005629","service":"query_status","third_order_id":"2018050711231593240","nonce_str":"H417AYNT5E915JBONWHHO540L9WLNDQH","sign":"DEC7BBD55CEBE284C30224FE8861DC92"}

2018-05-07 11:23:27:继续查询:{"resp_code":"0","amount":"2760","leshua_order_id":"1805071123134505","merchant_id":"6008005629","nonce_str":"UR0XTBFFMYVZK13UA4RW2RK5ZZJ6JZWA","pay_way":"WXZF","result_code":"0","sign":"39911CBA9235FAA4C18FC35A30FC2D86","status":"0","third_order_id":"2018050711231593240"}

2018-05-07 11:23:27:参数:{"merchant_id":"6008005629","service":"query_status","third_order_id":"2018050711231593240","nonce_str":"99PNS60O9LBNK1LI08245A88SO0XJGTN","sign":"C24C5AD25A84B2057AADD760EE27F620"}

2018-05-07 11:23:32:继续查询:{"resp_code":"0","amount":"2760","leshua_order_id":"1805071123134505","merchant_id":"6008005629","nonce_str":"MG3J2XN1DF14VDY3LSXJVYAEA0955139","pay_way":"WXZF","result_code":"0","sign":"4BB9EDED7D132033FB709029865C4D0D","status":"0","third_order_id":"2018050711231593240"}

2018-05-07 11:23:32:参数:{"merchant_id":"6008005629","service":"query_status","third_order_id":"2018050711231593240","nonce_str":"8QOILQ2N84TW6XZFJ0WC9JE1TLHG6K48","sign":"E4E09B60AC22986CAEB160ADFBDE24C4"}

2018-05-07 11:23:33:支付成功:{"resp_code":"0","amount":"2760","bank_type":"PSBC_DEBIT","leshua_order_id":"1805071123134505","merchant_id":"6008005629","nonce_str":"NHV4OGU5UX6E9C7BE7VTRH2473SIKEGA","openid":"oRfOu1RftpjHyjGBnFQ6gnVIJAe8","out_transaction_id":"4200000113201805074370271776","pay_time":"2018-05-07 11:23:32","pay_way":"WXZF","result_code":"0","sign":"42213A08AE302F7ACC4D4F4F5261ADDC","status":"2","third_order_id":"2018050711231593240"}

2018-05-07 15:56:07:参数:{"merchant_id":"6008005629","service":"query_status","third_order_id":"2018050715560624846","nonce_str":"C526JJ2FXFZ48MFSNL1GSQRHOF9AYXE8","sign":"B30A24911652FBB67E535EC91C709311"}

2018-05-07 15:56:13:继续查询:{"resp_code":"0","amount":"2600","leshua_order_id":"1805071556009637","merchant_id":"6008005629","nonce_str":"05V2BL0DS25I6JT1GF8JMPXDW6HDIFJR","pay_way":"WXZF","result_code":"0","sign":"2BA5AED6509EDE02A44FBF24BB36D1F4","status":"0","third_order_id":"2018050715560624846"}

2018-05-07 15:56:13:参数:{"merchant_id":"6008005629","service":"query_status","third_order_id":"2018050715560624846","nonce_str":"X2ZR7RZW94810UREWQM87BCCIAVMJJEH","sign":"74E0269F10F8E6718FC806F93CFA20E9"}

2018-05-07 15:56:18:继续查询:{"resp_code":"0","amount":"2600","leshua_order_id":"1805071556009637","merchant_id":"6008005629","nonce_str":"F11I9Q1DE2P47Z6227FBJVY3ULTYJC2D","pay_way":"WXZF","result_code":"0","sign":"27EB4B68A2FE2B5748CEC2B25484B1B4","status":"0","third_order_id":"2018050715560624846"}

2018-05-07 15:56:18:参数:{"merchant_id":"6008005629","service":"query_status","third_order_id":"2018050715560624846","nonce_str":"WMZP7Y7P048HZ07A6I0OFLBP25AH1ZNG","sign":"13596E00EF1D1E1FF9E207D295A568D3"}

2018-05-07 15:56:24:继续查询:{"resp_code":"0","amount":"2600","leshua_order_id":"1805071556009637","merchant_id":"6008005629","nonce_str":"JL76EVT22L7SCLYGJJVPGA9JDSDF131E","pay_way":"WXZF","result_code":"0","sign":"FFF4C99C0FE671780079990701C62C8E","status":"0","third_order_id":"2018050715560624846"}

2018-05-07 15:56:24:参数:{"merchant_id":"6008005629","service":"query_status","third_order_id":"2018050715560624846","nonce_str":"INGSS5NCNNUWQ6UFEPTN8B6ID6CH3WWH","sign":"93D59549D1A94621BFDF320A5D15FAB4"}

2018-05-07 15:56:30:继续查询:{"resp_code":"0","amount":"2600","leshua_order_id":"1805071556009637","merchant_id":"6008005629","nonce_str":"SCWEH5O8TH1KW7VIZE68XRJ8WORICDFI","pay_way":"WXZF","result_code":"0","sign":"CFCCF18A951088D9ED24C551A1291377","status":"0","third_order_id":"2018050715560624846"}

2018-05-07 15:56:30:参数:{"merchant_id":"6008005629","service":"query_status","third_order_id":"2018050715560624846","nonce_str":"PZGRW0FU0D7XIZBR34GYFWG0TLO9E1VG","sign":"4D965C87D59CA0B80C8FEACA96487656"}

2018-05-07 15:56:35:继续查询:{"resp_code":"0","amount":"2600","leshua_order_id":"1805071556009637","merchant_id":"6008005629","nonce_str":"0GFD8A4467NU5PWIT8051WWCRCFXK97L","pay_way":"WXZF","result_code":"0","sign":"2DBF56EE8B02066F7A7381B0FFA30F73","status":"0","third_order_id":"2018050715560624846"}

2018-05-07 15:56:36:参数:{"merchant_id":"6008005629","service":"query_status","third_order_id":"2018050715560624846","nonce_str":"IUFZGD13BR2NBOQTBCQLDS8J32YSH7F6","sign":"58322BC113F8EAF1D71A6E9F08684ED0"}

2018-05-07 15:56:41:继续查询:{"resp_code":"0","amount":"2600","leshua_order_id":"1805071556009637","merchant_id":"6008005629","nonce_str":"G8HMEZ3SL0UB19Y07WEVOSRDGNM5R2QQ","pay_way":"WXZF","result_code":"0","sign":"2F06BAAFF79FDBD9299A2AE68EBDD3F0","status":"0","third_order_id":"2018050715560624846"}

2018-05-07 15:56:41:参数:{"merchant_id":"6008005629","service":"query_status","third_order_id":"2018050715560624846","nonce_str":"WFGET5EVOH10363WNFHMKP1YEX328SK2","sign":"2394C912D53942782D7402F50F18D83E"}

2018-05-07 15:56:42:参数:{"merchant_id":"6008005629","service":"query_status","third_order_id":"2018050715560624846","nonce_str":"2NBTWPAD9TWWETEHTS4TBMC4GHWYUB75","sign":"D61D2B4D257896D08FB49444ADC4A5B0"}

2018-05-07 15:56:42:支付失败:{"resp_code":"0","amount":"2600","leshua_order_id":"1805071556009637","merchant_id":"6008005629","nonce_str":"FDTWTAVDOJVCFPZBQEMC3UFHPL48VVVR","pay_way":"WXZF","result_code":"0","sign":"ACCA6C573F8FCC2377D40053FBD6F640","status":"6","third_order_id":"2018050715560624846"}

2018-05-07 15:57:50:参数:{"merchant_id":"6008005629","service":"query_status","third_order_id":"2018050715574970564","nonce_str":"RB0HJQJ125ZZDP2FYEWIKASAM8BT6XPI","sign":"D97ED542078EB41ED77C497CAB2EDB46"}

2018-05-07 15:57:56:继续查询:{"resp_code":"0","amount":"36000","leshua_order_id":"1805071557428299","merchant_id":"6008005629","nonce_str":"ADJVUEU8JJBVZVECEG5G2LOQV46LO8S8","pay_way":"ZFBZF","result_code":"0","sign":"CF51B3EB5C323F6AE1929FE91AE16C2F","status":"0","third_order_id":"2018050715574970564"}

2018-05-07 15:57:56:参数:{"merchant_id":"6008005629","service":"query_status","third_order_id":"2018050715574970564","nonce_str":"O23O1PUHIPPQYI5ZJF1PME5JR9KDZ3WJ","sign":"35002B3C60B384AA086E0778EE18BB9E"}

2018-05-07 15:57:57:支付成功:{"resp_code":"0","amount":"36000","bank_type":"PCREDIT","leshua_order_id":"1805071557428299","merchant_id":"6008005629","nonce_str":"D2X2LQHU15JP0CC2993NGXTTNXDCPGWY","openid":"2088912017902342","out_transaction_id":"2018050721001004340541896307","pay_time":"2018-05-07 15:57:55","pay_way":"ZFBZF","result_code":"0","sign":"A9C18459EB7EAC303C1EA3AFC86878C1","status":"2","third_order_id":"2018050715574970564"}

2018-05-07 18:24:57:参数:{"merchant_id":"6708004828","service":"query_status","third_order_id":"2018050718245650074","nonce_str":"M80E9TIM8Z58HYT0F39GPVZSO8RFRCXS","sign":"0FB897BE65657CE07694EEC53B0B93F2"}

2018-05-07 18:25:03:继续查询:{"resp_code":"0","amount":"1","leshua_order_id":"1805071824536606","merchant_id":"6708004828","nonce_str":"5I25VUV37H2J4JCBBZND2GZYCY6FTAS7","pay_way":"WXZF","result_code":"0","sign":"973D66A0D6884027E03E2E293AE6144B","status":"0","third_order_id":"2018050718245650074"}

2018-05-07 18:25:03:参数:{"merchant_id":"6708004828","service":"query_status","third_order_id":"2018050718245650074","nonce_str":"DM0XOXZCKOOB9TERE06GEFQK476LW123","sign":"ADDB9474ACA25C6DFD9ABB81B95B04E1"}

2018-05-07 18:25:08:继续查询:{"resp_code":"0","amount":"1","leshua_order_id":"1805071824536606","merchant_id":"6708004828","nonce_str":"IF5P1WC6GCGKOXGLGF9HJPCW0T3LC18V","pay_way":"WXZF","result_code":"0","sign":"63554F6864BA78DF6978C4196B8DDF48","status":"0","third_order_id":"2018050718245650074"}

2018-05-07 18:25:08:参数:{"merchant_id":"6708004828","service":"query_status","third_order_id":"2018050718245650074","nonce_str":"VK3GO5YZLDHW10VOW3950QVI2U63ENH0","sign":"A7FA9CDA2207AE1176055D93D345AB2A"}

2018-05-07 18:25:13:继续查询:{"resp_code":"0","amount":"1","leshua_order_id":"1805071824536606","merchant_id":"6708004828","nonce_str":"LG2FBH643WQOOJ3VQOJ2ZH56T7HOM9LY","pay_way":"WXZF","result_code":"0","sign":"D74742FAB30F6E869748572061507AC2","status":"0","third_order_id":"2018050718245650074"}

2018-05-07 18:25:13:参数:{"merchant_id":"6708004828","service":"query_status","third_order_id":"2018050718245650074","nonce_str":"YPNLW9OBD63ZJTV44VFF2LFMESUF5JGC","sign":"2D298AAD5F91441A863656C535C1BF2F"}

2018-05-07 18:25:19:继续查询:{"resp_code":"0","amount":"1","leshua_order_id":"1805071824536606","merchant_id":"6708004828","nonce_str":"JUI6TK9A17UB0LSK5RNL8NHMEQKCP3EJ","pay_way":"WXZF","result_code":"0","sign":"C3831F190128A372A05F355026590BF7","status":"0","third_order_id":"2018050718245650074"}

2018-05-07 18:25:19:参数:{"merchant_id":"6708004828","service":"query_status","third_order_id":"2018050718245650074","nonce_str":"2XW4BWF9H3C2XB0OV8TWAVSZP21IZ9G5","sign":"DEE7294116208559993025E4F5460470"}

2018-05-07 18:25:24:继续查询:{"resp_code":"0","amount":"1","leshua_order_id":"1805071824536606","merchant_id":"6708004828","nonce_str":"0EYSPO6ME2O1T94P5E1FHILNWOVB934G","pay_way":"WXZF","result_code":"0","sign":"26C8B33755E397A609F31889057D7F80","status":"0","third_order_id":"2018050718245650074"}

2018-05-07 18:25:24:参数:{"merchant_id":"6708004828","service":"query_status","third_order_id":"2018050718245650074","nonce_str":"HW308MEQ9M1MK1UE9K9A4RPI8EIU1OPP","sign":"66446D95EE3E4F6ABA00E131EE0251FD"}

2018-05-07 18:25:30:继续查询:{"resp_code":"0","amount":"1","leshua_order_id":"1805071824536606","merchant_id":"6708004828","nonce_str":"3MSFWVA374NUZ5OLEYL35NGE9H6QEHFV","pay_way":"WXZF","result_code":"0","sign":"5C5CA06875FEB9081C71C2F3469B3643","status":"0","third_order_id":"2018050718245650074"}

2018-05-07 18:25:30:参数:{"merchant_id":"6708004828","service":"query_status","third_order_id":"2018050718245650074","nonce_str":"IV2O3U3XX2RCCCOCNG24PIRJFPZEPYYW","sign":"FC9927BEE39E62F0E80B126410A99B84"}

2018-05-07 18:25:30:参数:{"merchant_id":"6708004828","service":"query_status","third_order_id":"2018050718245650074","nonce_str":"SMWOE9LABE94SKY52M71EMMY67HEUOFH","sign":"03BC9F810F67F410D658466AD23BBE17"}

2018-05-07 18:25:31:支付失败:{"resp_code":"0","amount":"1","leshua_order_id":"1805071824536606","merchant_id":"6708004828","nonce_str":"HGJ4P3M0WFKUPE4MAJZLISMNTO5GAWUM","pay_way":"WXZF","result_code":"0","sign":"8EA075AB23DF81BE0E62397C530244FF","status":"6","third_order_id":"2018050718245650074"}

2018-05-07 19:23:45:参数:{"merchant_id":"6008005629","service":"query_status","third_order_id":"2018050719234331803","nonce_str":"0Z6MNXHNJ99XKV7I7IS1K9GFAYCDL0WS","sign":"CBB71E9600A85D7E2BEAE9ECC3FD37FA"}

2018-05-07 19:23:50:继续查询:{"resp_code":"0","amount":"1320","leshua_order_id":"1805071923435021","merchant_id":"6008005629","nonce_str":"U2NZ41NOK38VUPMRSP4TBX963ZNC6JVP","pay_way":"WXZF","result_code":"0","sign":"7923DEEBF777825A0CCF0A983A422238","status":"0","third_order_id":"2018050719234331803"}

2018-05-07 19:23:50:参数:{"merchant_id":"6008005629","service":"query_status","third_order_id":"2018050719234331803","nonce_str":"BKPL5K31DKQQ8ZEL7VGIFNUDU7L8YOOT","sign":"3E92CFEDE16F7C389672D79ADD125428"}

2018-05-07 19:23:51:支付成功:{"resp_code":"0","amount":"1320","bank_type":"CCB_DEBIT","leshua_order_id":"1805071923435021","merchant_id":"6008005629","nonce_str":"RTXIS5HJVTV10SHNQBZH3370KJ4V2EU3","openid":"oRfOu1TR6wVgSfdHEJ6y-SONUyIE","out_transaction_id":"4200000133201805074848922898","pay_time":"2018-05-07 19:23:50","pay_way":"WXZF","result_code":"0","sign":"9E8FBB05B817E42A3AA5CAAC4263F951","status":"2","third_order_id":"2018050719234331803"}

2018-05-07 19:27:02:参数:{"merchant_id":"6008005629","service":"query_status","third_order_id":"2018050719270146120","nonce_str":"MI28Q5ZP0LS4UCFBWULD6EK2Y7HWT3JH","sign":"0445C083C84A2A054BBA4A9AF81CC3E0"}

2018-05-07 19:27:08:继续查询:{"resp_code":"0","amount":"1400","leshua_order_id":"1805071927027966","merchant_id":"6008005629","nonce_str":"9OP7TXQ8O0XO5T34E1FK7HHEVZF616DB","pay_way":"WXZF","result_code":"0","sign":"70EBC96C3D88434CE3E1209E3D566FD6","status":"0","third_order_id":"2018050719270146120"}

2018-05-07 19:27:08:参数:{"merchant_id":"6008005629","service":"query_status","third_order_id":"2018050719270146120","nonce_str":"DJ0IKXH05X1ZQDQ3EIC5O3E5QGKROJNT","sign":"556F6AD536C36E059FE1461B46FE1C88"}

2018-05-07 19:27:08:支付成功:{"resp_code":"0","amount":"1400","bank_type":"CCB_DEBIT","leshua_order_id":"1805071927027966","merchant_id":"6008005629","nonce_str":"38IAH6DQ30JL9ZUV8BJ1OYNPILGGTG1O","openid":"oRfOu1TR6wVgSfdHEJ6y-SONUyIE","out_transaction_id":"4200000128201805073471292620","pay_time":"2018-05-07 19:27:08","pay_way":"WXZF","result_code":"0","sign":"6991E983AE009F3129633D39E68A41A7","status":"2","third_order_id":"2018050719270146120"}

