2018-05-26 02:45:59:参数:{"merchant_id":"6008005629","service":"query_status","third_order_id":"2018052602455831053","nonce_str":"KW1VTYFCUKBPDAXXT93G9AGRALU7EEGV","sign":"7D93FECC0172102D68C7D0B7663A4915"}

2018-05-26 02:46:04:继续查询:{"resp_code":"0","amount":"300","leshua_order_id":"1805260245505144","merchant_id":"6008005629","nonce_str":"8PGOM8K5ROT2OZXABLCMOX28ZEV28Z7Q","pay_way":"WXZF","result_code":"0","sign":"D9DB62E965C9DE5B7824B56C60B9F906","status":"0","third_order_id":"2018052602455831053"}

2018-05-26 02:46:04:参数:{"merchant_id":"6008005629","service":"query_status","third_order_id":"2018052602455831053","nonce_str":"6WSFG1WYLQD9M4HH36IVRZ13LACKZUJT","sign":"855E1EF72704084C06E5877EA819BB4E"}

2018-05-26 02:46:05:支付成功:{"resp_code":"0","amount":"300","bank_type":"CFT","leshua_order_id":"1805260245505144","merchant_id":"6008005629","nonce_str":"3C6K7VPEHKIQYHDYS7WUFLTNLBSO8GJQ","openid":"oRfOu1R-GUhU6Dd8R7D3dNSQcPr8","out_transaction_id":"4200000109201805261404249991","pay_time":"2018-05-26 02:46:04","pay_way":"WXZF","result_code":"0","sign":"FB8BE0BBAFBB893A2AA4BA8A223488CB","status":"2","third_order_id":"2018052602455831053"}

2018-05-26 04:30:51:参数:{"merchant_id":"6008005629","service":"query_status","third_order_id":"2018052604305050657","nonce_str":"08YTN49RP4L8ZCRKWZ9TIT8PG56KDM21","sign":"DEC0F1104CEA34293095E73EA6B890A5"}

2018-05-26 04:30:56:继续查询:{"resp_code":"0","amount":"3000","leshua_order_id":"1805260430520018","merchant_id":"6008005629","nonce_str":"PV1ZUJ1A5JCI8GO32PV47WWMA3070P3N","pay_way":"WXZF","result_code":"0","sign":"72D52BAB1328EDDF027F36944E9C618E","status":"0","third_order_id":"2018052604305050657"}

2018-05-26 04:30:56:参数:{"merchant_id":"6008005629","service":"query_status","third_order_id":"2018052604305050657","nonce_str":"NVWTZM6QQRWW9WM3Z1KX05SJ0X1BGODQ","sign":"E4CF5B1D24BC460742B3B623F6DE373B"}

2018-05-26 04:31:02:继续查询:{"resp_code":"0","amount":"3000","leshua_order_id":"1805260430520018","merchant_id":"6008005629","nonce_str":"4CRR70YV7BISYKIJYJTD5O5M1AECYJV1","pay_way":"WXZF","result_code":"0","sign":"00582D005571F89D072964160387EB11","status":"0","third_order_id":"2018052604305050657"}

2018-05-26 04:31:02:参数:{"merchant_id":"6008005629","service":"query_status","third_order_id":"2018052604305050657","nonce_str":"77JDBQY8WIA6FOY91XVCRYN9K70NYI9I","sign":"A41877FD96B2D97B0E646660FCE8B6C7"}

2018-05-26 04:31:08:继续查询:{"resp_code":"0","amount":"3000","leshua_order_id":"1805260430520018","merchant_id":"6008005629","nonce_str":"TCYXA8QXOUMXBH3RG4O7GNA08CP3N2FP","pay_way":"WXZF","result_code":"0","sign":"AA8F1264A86F9F60EEDA430D35F844B9","status":"0","third_order_id":"2018052604305050657"}

2018-05-26 04:31:08:参数:{"merchant_id":"6008005629","service":"query_status","third_order_id":"2018052604305050657","nonce_str":"ZF2FXPNZFZXDPXW3WQ5BD386T0TGD16P","sign":"FC7D76425DD41660547148B4BA9CFD5F"}

2018-05-26 04:31:13:继续查询:{"resp_code":"0","amount":"3000","leshua_order_id":"1805260430520018","merchant_id":"6008005629","nonce_str":"L8VX4NAKUZIM30FCBKEC9MFQW2Y5DCBS","pay_way":"WXZF","result_code":"0","sign":"727F85AB0AA1AE736BE30731A68FCBFF","status":"0","third_order_id":"2018052604305050657"}

2018-05-26 04:31:13:参数:{"merchant_id":"6008005629","service":"query_status","third_order_id":"2018052604305050657","nonce_str":"2XJZXCRHN9SFKH5230TQUDZUOUJ87L9I","sign":"715A732094BFAE0D083DD5B05F5D6ED0"}

2018-05-26 04:31:19:继续查询:{"resp_code":"0","amount":"3000","leshua_order_id":"1805260430520018","merchant_id":"6008005629","nonce_str":"SGST7H0ICXWYE8F9PEKC9AP742BZRMBU","pay_way":"WXZF","result_code":"0","sign":"59184D40E97139CEDF68B9EA07522217","status":"0","third_order_id":"2018052604305050657"}

2018-05-26 04:31:19:参数:{"merchant_id":"6008005629","service":"query_status","third_order_id":"2018052604305050657","nonce_str":"MY2XNEBS253HRRJBZTUTZVYHYM4DPG06","sign":"2B83629022F7C8733587DC487E504726"}

2018-05-26 04:31:24:继续查询:{"resp_code":"0","amount":"3000","leshua_order_id":"1805260430520018","merchant_id":"6008005629","nonce_str":"2JDDVJWDT6Z5GJ27JPUS29UAC7P6NVI2","pay_way":"WXZF","result_code":"0","sign":"27BCD5AED4AFF1FF4CF5DC69B1B1F6B1","status":"0","third_order_id":"2018052604305050657"}

2018-05-26 04:31:24:参数:{"merchant_id":"6008005629","service":"query_status","third_order_id":"2018052604305050657","nonce_str":"14POCVFTEACOUMBJXCKNBZYCUTVFD58V","sign":"F2A118B9BB842E8BC4EEDACB654912AE"}

2018-05-26 04:31:26:参数:{"merchant_id":"6008005629","service":"query_status","third_order_id":"2018052604305050657","nonce_str":"EXW6YGK4GB4M3IU78T39HV1B0JWJI5RB","sign":"526767F1FBA80AB75620ADB3C277D280"}

2018-05-26 04:31:26:支付失败:{"resp_code":"0","amount":"3000","leshua_order_id":"1805260430520018","merchant_id":"6008005629","nonce_str":"USRYHX9QY03BSQ2QIVIVMMJGII1178ES","pay_way":"WXZF","result_code":"0","sign":"51E2F926F233D752E3708DE141407DB7","status":"6","third_order_id":"2018052604305050657"}

2018-05-26 04:31:40:参数:{"merchant_id":"6008005629","service":"query_status","third_order_id":"2018052604313945413","nonce_str":"0MG8CIMW3L5NEK4VVOJDZ4EE3BQLJUQ1","sign":"57D9222FE88F6D7AB935B19B62778BFC"}

2018-05-26 04:31:45:继续查询:{"resp_code":"0","amount":"3000","leshua_order_id":"1805260431320028","merchant_id":"6008005629","nonce_str":"57FAJMB2U7S6O0CEQBAENS8RUC21AFAP","pay_way":"WXZF","result_code":"0","sign":"DE8F407C1CB03561D61792E85D70319B","status":"0","third_order_id":"2018052604313945413"}

2018-05-26 04:31:45:参数:{"merchant_id":"6008005629","service":"query_status","third_order_id":"2018052604313945413","nonce_str":"YKIOXGCNJ5OD6NMXSUW2Y1IGGVXIXGCU","sign":"81A5ED81088F1AE9A5634A9A7018469E"}

2018-05-26 04:31:51:继续查询:{"resp_code":"0","amount":"3000","leshua_order_id":"1805260431320028","merchant_id":"6008005629","nonce_str":"2NGFNAYGBKARF5J02CSO9GT05TJ6G1W4","pay_way":"WXZF","result_code":"0","sign":"68A71CDC6095F7D4B065F8F34C52629D","status":"0","third_order_id":"2018052604313945413"}

2018-05-26 04:31:51:参数:{"merchant_id":"6008005629","service":"query_status","third_order_id":"2018052604313945413","nonce_str":"JY9GNH1R4WBA0CUXEI5HB4CAGLG1YBPK","sign":"FECEFB8FB50B0253E4196673EC59AD67"}

2018-05-26 04:31:56:继续查询:{"resp_code":"0","amount":"3000","leshua_order_id":"1805260431320028","merchant_id":"6008005629","nonce_str":"08ER40GBK0YQ4K5WH0POQVB94D81QS6O","pay_way":"WXZF","result_code":"0","sign":"B471C49D31DE3F9C0054940EE3B262C4","status":"0","third_order_id":"2018052604313945413"}

2018-05-26 04:31:56:参数:{"merchant_id":"6008005629","service":"query_status","third_order_id":"2018052604313945413","nonce_str":"9JRM9LXWG7VFQTK7VNVE4TJUI7DLQ4S4","sign":"C3CB8A1CA176E0B88C5DB6938B59C69F"}

2018-05-26 04:32:01:继续查询:{"resp_code":"0","amount":"3000","leshua_order_id":"1805260431320028","merchant_id":"6008005629","nonce_str":"VD20FJSZ5X60PZJ7MNBUXTIQPU4O5S7F","pay_way":"WXZF","result_code":"0","sign":"52C24303C6F0A1F38FDD83309662ECAC","status":"0","third_order_id":"2018052604313945413"}

2018-05-26 04:32:01:参数:{"merchant_id":"6008005629","service":"query_status","third_order_id":"2018052604313945413","nonce_str":"31B8I9J0ENMANHWAZ599NB34BTSTFJM8","sign":"5B9BDF865671A59FC9FCE2ECFABB7624"}

2018-05-26 04:32:07:继续查询:{"resp_code":"0","amount":"3000","leshua_order_id":"1805260431320028","merchant_id":"6008005629","nonce_str":"J3WO3CFR2YIMSDV3MF3GUOSAOE3F4FER","pay_way":"WXZF","result_code":"0","sign":"02851F93B21CA3CC87EFCA5741592E44","status":"0","third_order_id":"2018052604313945413"}

2018-05-26 04:32:07:参数:{"merchant_id":"6008005629","service":"query_status","third_order_id":"2018052604313945413","nonce_str":"HKJK6CR6XZ6R70DNFDA7WEZI10AQ7P8D","sign":"EE36F10E14A847B830CA005A921CE684"}

2018-05-26 04:32:12:继续查询:{"resp_code":"0","amount":"3000","leshua_order_id":"1805260431320028","merchant_id":"6008005629","nonce_str":"JGE28EP9FHIGTWXT8NQC9I28RFRLZX2D","pay_way":"WXZF","result_code":"0","sign":"719AB178A7E2778DBC19385936DAF1ED","status":"0","third_order_id":"2018052604313945413"}

2018-05-26 04:32:12:参数:{"merchant_id":"6008005629","service":"query_status","third_order_id":"2018052604313945413","nonce_str":"T23IFQD6XDFS96OHYQUZQXGF2E9AR87A","sign":"890A85434EFF24506D807D33E1EE1AB6"}

2018-05-26 04:32:14:参数:{"merchant_id":"6008005629","service":"query_status","third_order_id":"2018052604313945413","nonce_str":"DB6PF8CRV4X5Z9AA9LAS3NQYBHXV8OWJ","sign":"AF8E8E798D54ADEEFF8D23FA133E46E5"}

2018-05-26 04:32:14:支付失败:{"resp_code":"0","amount":"3000","leshua_order_id":"1805260431320028","merchant_id":"6008005629","nonce_str":"QB9TD86ZB8012VAUGAED0YPV72CC7WXI","pay_way":"WXZF","result_code":"0","sign":"028421B4A6F96DB9748EAC9426772CD0","status":"6","third_order_id":"2018052604313945413"}

2018-05-26 04:34:37:参数:{"merchant_id":"6008005629","service":"query_status","third_order_id":"2018052604343653057","nonce_str":"L15HDNZNKO4NHNPPRYQJ9E5NZIL3BWNM","sign":"BC2AC0166552274BE97B28B07C6E0E99"}

2018-05-26 04:34:43:继续查询:{"resp_code":"0","amount":"3000","leshua_order_id":"1805260434320057","merchant_id":"6008005629","nonce_str":"8FH1NI7606Q241JOR6SKP4QP2O09ZMMG","pay_way":"WXZF","result_code":"0","sign":"C6363A3BCCA9F460576841343493D4C2","status":"0","third_order_id":"2018052604343653057"}

2018-05-26 04:34:43:参数:{"merchant_id":"6008005629","service":"query_status","third_order_id":"2018052604343653057","nonce_str":"CS2C475Y3VLUES73OG2VWSUNN7CC5ZUF","sign":"84DDD2B9EE83EA9A16D7CCEB48329E54"}

2018-05-26 04:34:44:支付成功:{"resp_code":"0","amount":"3000","bank_type":"CMB_DEBIT","leshua_order_id":"1805260434320057","merchant_id":"6008005629","nonce_str":"OXTVJH1F7IUO91JC7UB2K1DK5GBI9SUR","openid":"oRfOu1fxnIn9yaY2kMFGZ_fBS6kY","out_transaction_id":"4200000124201805263199508555","pay_time":"2018-05-26 04:34:43","pay_way":"WXZF","result_code":"0","sign":"141AB80A624383EB5F0A23D4B016A00E","status":"2","third_order_id":"2018052604343653057"}

2018-05-26 07:10:40:参数:{"merchant_id":"6008005629","service":"query_status","third_order_id":"2018052607104091356","nonce_str":"H3AB3INQAP7G1WZ5HLQXK6YON3DIZ91O","sign":"0F192CE69DAEBEBF850EEBB0893EAC76"}

2018-05-26 07:10:46:继续查询:{"resp_code":"0","amount":"2070","leshua_order_id":"1805260710407692","merchant_id":"6008005629","nonce_str":"BU64ATVCRTDUE171AJF4A4RYR1YEFTM1","pay_way":"WXZF","result_code":"0","sign":"C9DC798836840CBE49CFE17FDD3D5313","status":"0","third_order_id":"2018052607104091356"}

2018-05-26 07:10:46:参数:{"merchant_id":"6008005629","service":"query_status","third_order_id":"2018052607104091356","nonce_str":"1SPS51WM8UGIMOQ3UXGVPHIF7XX9GG82","sign":"E55A59114DFEE71CDB15B0564E428586"}

2018-05-26 07:10:51:继续查询:{"resp_code":"0","amount":"2070","leshua_order_id":"1805260710407692","merchant_id":"6008005629","nonce_str":"JOU3MI1ZLVJWCNKJCNUZ1N3Y2KTA730K","pay_way":"WXZF","result_code":"0","sign":"64296C4AEBD311FC08069EC1FDB4DDE5","status":"0","third_order_id":"2018052607104091356"}

2018-05-26 07:10:51:参数:{"merchant_id":"6008005629","service":"query_status","third_order_id":"2018052607104091356","nonce_str":"DXDOYZY8GKW7YB5Y5K8GPM69OSCQ58NO","sign":"DCEE8B380BB87A99893963A5EC19EDD3"}

2018-05-26 07:10:57:继续查询:{"resp_code":"0","amount":"2070","leshua_order_id":"1805260710407692","merchant_id":"6008005629","nonce_str":"7NMAVTHS35U0BP5X3VA5DS7U0FAED66J","pay_way":"WXZF","result_code":"0","sign":"4EEEC74550FA8C76C6898F3A8305C720","status":"0","third_order_id":"2018052607104091356"}

2018-05-26 07:10:57:参数:{"merchant_id":"6008005629","service":"query_status","third_order_id":"2018052607104091356","nonce_str":"NFPCPXC6Q4L7YIHJZDVNXD9XWAF5EXO6","sign":"A85C861457A4FDF896A5A83D06B5FEF6"}

2018-05-26 07:11:02:继续查询:{"resp_code":"0","amount":"2070","leshua_order_id":"1805260710407692","merchant_id":"6008005629","nonce_str":"1TI7NTS11ZFLW6OKSRSIAB6UADT7JBOG","pay_way":"WXZF","result_code":"0","sign":"265CB4FF87AE49AD9271BEEF7B0C7550","status":"0","third_order_id":"2018052607104091356"}

2018-05-26 07:11:02:参数:{"merchant_id":"6008005629","service":"query_status","third_order_id":"2018052607104091356","nonce_str":"DL7R7OVP7G83Q403GHO22GC0Q2X6E34K","sign":"D508FC4EDAB883BB1EABCEDCC5AD0EBE"}

2018-05-26 07:11:08:继续查询:{"resp_code":"0","amount":"2070","leshua_order_id":"1805260710407692","merchant_id":"6008005629","nonce_str":"K5NS0N2XD33L4FLJJ1QBKDSVN8QE3AC6","pay_way":"WXZF","result_code":"0","sign":"6AF567AF02983FA13B1D448AEAC2E8CF","status":"0","third_order_id":"2018052607104091356"}

2018-05-26 07:11:08:参数:{"merchant_id":"6008005629","service":"query_status","third_order_id":"2018052607104091356","nonce_str":"4GZSS3YXRMMQ635REI0E22HX6US8LDRX","sign":"9F8C86302B9A27465C490047B895CB67"}

2018-05-26 07:11:13:继续查询:{"resp_code":"0","amount":"2070","leshua_order_id":"1805260710407692","merchant_id":"6008005629","nonce_str":"3UEEIM89TRTS53PR9F39JZXILW9IVRMF","pay_way":"WXZF","result_code":"0","sign":"635F4F611E1605172BDD112A113C94F2","status":"0","third_order_id":"2018052607104091356"}

2018-05-26 07:11:13:参数:{"merchant_id":"6008005629","service":"query_status","third_order_id":"2018052607104091356","nonce_str":"IWDIA6ML6FR47H1TSYYBJR6HGBE5NLEZ","sign":"849B5FF427108F126F4AE14B05F0F81B"}

2018-05-26 07:11:14:参数:{"merchant_id":"6008005629","service":"query_status","third_order_id":"2018052607104091356","nonce_str":"4TYX4JS3IF5CBNISSQ7FGIQ25RYTGW7M","sign":"6DCF58D8BC695E636BA3AC516743CD3F"}

2018-05-26 07:11:14:支付失败:{"resp_code":"0","amount":"2070","leshua_order_id":"1805260710407692","merchant_id":"6008005629","nonce_str":"1FUD5L6RN83QSKQDRY3N5OD7UVQ9RXDK","pay_way":"WXZF","result_code":"0","sign":"EBAC9B11A916E4730E1DB6AE01885362","status":"6","third_order_id":"2018052607104091356"}

2018-05-26 08:14:09:参数:{"merchant_id":"6008005629","service":"query_status","third_order_id":"2018052608140888419","nonce_str":"T1MMQ7W361LOPJQDAZKWQUARZTU9IIHV","sign":"F3B4AD680D403F12AD849E20652A3F37"}

2018-05-26 08:14:15:继续查询:{"resp_code":"0","amount":"3860","leshua_order_id":"1805260814030696","merchant_id":"6008005629","nonce_str":"P6KFQ0EEE1YHNVEMXHE1K37DS99R2A06","pay_way":"WXZF","result_code":"0","sign":"9CFBEBD47EF0D6C881EB2D2994F76327","status":"0","third_order_id":"2018052608140888419"}

2018-05-26 08:14:15:参数:{"merchant_id":"6008005629","service":"query_status","third_order_id":"2018052608140888419","nonce_str":"IXZPV609Y64DJR7SALD40OGBQUBII4JI","sign":"2CD693F0D88EDD64791D0C5F7980E48D"}

2018-05-26 08:14:20:继续查询:{"resp_code":"0","amount":"3860","leshua_order_id":"1805260814030696","merchant_id":"6008005629","nonce_str":"H9VL48MK32C3VL9DCSGMJ464HAY0NW6S","pay_way":"WXZF","result_code":"0","sign":"2C4B1226E5C396946CAC01B47BEC9AFE","status":"0","third_order_id":"2018052608140888419"}

2018-05-26 08:14:20:参数:{"merchant_id":"6008005629","service":"query_status","third_order_id":"2018052608140888419","nonce_str":"BCEVBW60EX2SY3PLS3RPIVR1J0PJPIIW","sign":"A58E6A20FAF3C1DA97D07AD62A322B5A"}

2018-05-26 08:14:21:支付成功:{"resp_code":"0","amount":"3860","bank_type":"CFT","leshua_order_id":"1805260814030696","merchant_id":"6008005629","nonce_str":"RXJS0M58WVRKCE86AI200DQWGUQFR25O","openid":"oRfOu1U05uIIx4Om4yE7uYkNDxAk","out_transaction_id":"4200000127201805269632752988","pay_time":"2018-05-26 08:14:20","pay_way":"WXZF","result_code":"0","sign":"60398AE8E2F8C9A633C86E9EA2F68777","status":"2","third_order_id":"2018052608140888419"}

2018-05-26 11:52:07:参数:{"merchant_id":"6008005629","service":"query_status","third_order_id":"2018052611520644814","nonce_str":"L5KR4JO1UCLAI2FWM2M3EOWLYFWP011P","sign":"D2391413F088F8B747C3BB4200B3B7AC"}

2018-05-26 11:52:12:继续查询:{"resp_code":"0","amount":"1789","leshua_order_id":"1805261152005232","merchant_id":"6008005629","nonce_str":"3GG0J2XLJM3UP1R00QR04I9ISRKMAMOX","pay_way":"WXZF","result_code":"0","sign":"35335519BD2E30B61B590A3BF078799F","status":"0","third_order_id":"2018052611520644814"}

2018-05-26 11:52:12:参数:{"merchant_id":"6008005629","service":"query_status","third_order_id":"2018052611520644814","nonce_str":"JIRQUFXO173NR5HSFP4TUJNAQKLG916N","sign":"971CDA0E377DBC546936843EAEFA49FC"}

2018-05-26 11:52:18:继续查询:{"resp_code":"0","amount":"1789","leshua_order_id":"1805261152005232","merchant_id":"6008005629","nonce_str":"TYQOOP2JUYGUGPWRWGJEY3S9544LZ3AY","pay_way":"WXZF","result_code":"0","sign":"8F02ACDD276FD02ADDF05E2489017816","status":"0","third_order_id":"2018052611520644814"}

2018-05-26 11:52:18:参数:{"merchant_id":"6008005629","service":"query_status","third_order_id":"2018052611520644814","nonce_str":"CMD46IAGIVQF4335KZ9X3UVEA5SEGBMF","sign":"85BE9DAAF2B70B42770FAD3A7E74B62E"}

2018-05-26 11:52:23:继续查询:{"resp_code":"0","amount":"1789","leshua_order_id":"1805261152005232","merchant_id":"6008005629","nonce_str":"SJ5A15MO1FFX1GOSFR53D0E9T4AQ249S","pay_way":"WXZF","result_code":"0","sign":"D2B34FD21DD978FE985937A49286F334","status":"0","third_order_id":"2018052611520644814"}

2018-05-26 11:52:23:参数:{"merchant_id":"6008005629","service":"query_status","third_order_id":"2018052611520644814","nonce_str":"YD3BVDUVO61F65C3C9O7ZJYG4EI7TQHK","sign":"C19A8D46824ED7600A9B8FB83E896F8C"}

2018-05-26 11:52:29:继续查询:{"resp_code":"0","amount":"1789","leshua_order_id":"1805261152005232","merchant_id":"6008005629","nonce_str":"XVSW3J62C2DZXL0CPHD3O3FHUPBQDEXA","pay_way":"WXZF","result_code":"0","sign":"48F5A1C54E1B2DB85D1AB10346BEBE63","status":"0","third_order_id":"2018052611520644814"}

2018-05-26 11:52:29:参数:{"merchant_id":"6008005629","service":"query_status","third_order_id":"2018052611520644814","nonce_str":"XNM6OFFCB0JY45GDJOGC4XDLVWK8V9T2","sign":"08AC45983F2122B62E07DB19C0E439B4"}

2018-05-26 11:52:34:继续查询:{"resp_code":"0","amount":"1789","leshua_order_id":"1805261152005232","merchant_id":"6008005629","nonce_str":"RH282YKZX1FZMG735BFXTWRU99Y3Q15D","pay_way":"WXZF","result_code":"0","sign":"5F05A2E5B562A8970C9D6653B0E9BBE3","status":"0","third_order_id":"2018052611520644814"}

2018-05-26 11:52:34:参数:{"merchant_id":"6008005629","service":"query_status","third_order_id":"2018052611520644814","nonce_str":"CYZCL9TUCA5Y18S6TVXZN9NXS76OV0QN","sign":"28A176DB2A75F909BE3EA6D2FEFA76E1"}

2018-05-26 11:52:40:继续查询:{"resp_code":"0","amount":"1789","leshua_order_id":"1805261152005232","merchant_id":"6008005629","nonce_str":"SU3GS8QDMTXO5XX9COC6C78PJLNK6C4B","pay_way":"WXZF","result_code":"0","sign":"30387EA96A0D1665F6CFCA4D861528D8","status":"0","third_order_id":"2018052611520644814"}

2018-05-26 11:52:40:参数:{"merchant_id":"6008005629","service":"query_status","third_order_id":"2018052611520644814","nonce_str":"93UZYKLYP3K2UFQHB0DJFY6Z978UJ68G","sign":"98FC318747098C763B2E406E2300AED9"}

2018-05-26 11:52:41:参数:{"merchant_id":"6008005629","service":"query_status","third_order_id":"2018052611520644814","nonce_str":"SJN3UJULR7V3VDWH8QGTXRIYKRJI2YFS","sign":"6E8F56FC83DDE5833B1FB9CCE79FC7DD"}

2018-05-26 11:52:41:支付失败:{"resp_code":"0","amount":"1789","leshua_order_id":"1805261152005232","merchant_id":"6008005629","nonce_str":"L5RRJ28P2B4U1QSCA5141Q0IABK8XTLG","pay_way":"WXZF","result_code":"0","sign":"0763BC2C990C8CA4F5193C0CE2373F41","status":"6","third_order_id":"2018052611520644814"}

2018-05-26 11:52:58:参数:{"merchant_id":"6008005629","service":"query_status","third_order_id":"2018052611525799178","nonce_str":"8FWKHUHWB541LAE5DXT26AT9POIGGZGG","sign":"BF20588BD603F86E12EFD703C8FB672D"}

2018-05-26 11:53:03:继续查询:{"resp_code":"0","amount":"1789","leshua_order_id":"1805261152505501","merchant_id":"6008005629","nonce_str":"7X0GKMCZKDJFQ5HJDCYZFYDGJIBUEK54","pay_way":"WXZF","result_code":"0","sign":"9EAD9B80169A4B9CC5280BA089B08424","status":"0","third_order_id":"2018052611525799178"}

2018-05-26 11:53:03:参数:{"merchant_id":"6008005629","service":"query_status","third_order_id":"2018052611525799178","nonce_str":"WH3M9UJLJPKVK0H3JKFE4O337NB175P0","sign":"475849032869D37B9A0AE140D88F57F9"}

2018-05-26 11:53:09:继续查询:{"resp_code":"0","amount":"1789","leshua_order_id":"1805261152505501","merchant_id":"6008005629","nonce_str":"UVILCWRSP06TPXIJ6W1CC7VQS4VFUTV3","pay_way":"WXZF","result_code":"0","sign":"D4AF180A0F2E258801CF8B259C1F190E","status":"0","third_order_id":"2018052611525799178"}

2018-05-26 11:53:09:参数:{"merchant_id":"6008005629","service":"query_status","third_order_id":"2018052611525799178","nonce_str":"LXY0DJRWYDTL73YFC87RLES2ULHCYFXV","sign":"B7578A02587C9E964B04FF7A6EA7B6F2"}

2018-05-26 11:53:10:支付成功:{"resp_code":"0","amount":"1789","bank_type":"CFT","leshua_order_id":"1805261152505501","merchant_id":"6008005629","nonce_str":"GTKINFFH5FI6OT9F2N7NJ2S42KZUNIUY","openid":"oRfOu1UqEFA7VvKXs0tNbeRIe3sE","out_transaction_id":"4200000138201805263088017867","pay_time":"2018-05-26 11:53:09","pay_way":"WXZF","result_code":"0","sign":"71C918A1AC054E41E905FBAA6680BA78","status":"2","third_order_id":"2018052611525799178"}

2018-05-26 16:38:41:参数:{"merchant_id":"6008005629","service":"query_status","third_order_id":"2018052616384185545","nonce_str":"MA0CUH3MZRDJZEY61DRZ5ZQ9WRXX18W3","sign":"651C6B5C4B2A732FFC81A42EDEA26D87"}

2018-05-26 16:38:47:继续查询:{"resp_code":"0","amount":"590","leshua_order_id":"1805261638439369","merchant_id":"6008005629","nonce_str":"VUGBSXRSODD0VG621N6PBWJK4F60I3D5","pay_way":"WXZF","result_code":"0","sign":"1D8E8AA62DCD5B99F67F8CD129A3A274","status":"0","third_order_id":"2018052616384185545"}

2018-05-26 16:38:47:参数:{"merchant_id":"6008005629","service":"query_status","third_order_id":"2018052616384185545","nonce_str":"F2BPX461GF7T0UALM34YVS6OX7RN8KWF","sign":"A49CE32FF6DA45C5F5C57A6B29F81ACC"}

2018-05-26 16:38:52:继续查询:{"resp_code":"0","amount":"590","leshua_order_id":"1805261638439369","merchant_id":"6008005629","nonce_str":"4BCYZAFQ3TZTJ957YM2NGGWRH7MQGEJD","pay_way":"WXZF","result_code":"0","sign":"A041196A332AA1E7A99D367445A21433","status":"0","third_order_id":"2018052616384185545"}

2018-05-26 16:38:52:参数:{"merchant_id":"6008005629","service":"query_status","third_order_id":"2018052616384185545","nonce_str":"DIY5ZSGOX56O2GB5R7E2F59DCX3O4BPK","sign":"3DDB7A7EB60641B8BD2FD0FE156C59ED"}

2018-05-26 16:38:58:继续查询:{"resp_code":"0","amount":"590","leshua_order_id":"1805261638439369","merchant_id":"6008005629","nonce_str":"UJZG6IRSCLNXGBNVODSBSI4I3KKMFQOH","pay_way":"WXZF","result_code":"0","sign":"EE83762E64F7D9BFC8C1510511ED2B00","status":"0","third_order_id":"2018052616384185545"}

2018-05-26 16:38:58:参数:{"merchant_id":"6008005629","service":"query_status","third_order_id":"2018052616384185545","nonce_str":"2JSGUDTI5QIMHEDPEA0IXJNBNZRGJVKM","sign":"9677E957AD70B7882E9A1F9ADE050D6A"}

2018-05-26 16:39:03:继续查询:{"resp_code":"0","amount":"590","leshua_order_id":"1805261638439369","merchant_id":"6008005629","nonce_str":"SJLJHS7XOAP4DD6SDKPQZ0Q7FPC8VGZ3","pay_way":"WXZF","result_code":"0","sign":"56DE8C4F89041BAC56A76AED9C88605D","status":"0","third_order_id":"2018052616384185545"}

2018-05-26 16:39:03:参数:{"merchant_id":"6008005629","service":"query_status","third_order_id":"2018052616384185545","nonce_str":"V9D1OFJXORZRTN3Y1P3Q6D66GDI96G29","sign":"2A11330BF191EC4F570CE327481CADA9"}

2018-05-26 16:39:08:继续查询:{"resp_code":"0","amount":"590","leshua_order_id":"1805261638439369","merchant_id":"6008005629","nonce_str":"UQTRCW5F7M79LVOF85POX7323K5EBCZW","pay_way":"WXZF","result_code":"0","sign":"355650CD2E5BA510E42D4F923F7126F4","status":"0","third_order_id":"2018052616384185545"}

2018-05-26 16:39:08:参数:{"merchant_id":"6008005629","service":"query_status","third_order_id":"2018052616384185545","nonce_str":"N9869E10F2O5KJDHKCSR2O4IAOF754H0","sign":"A247A07FA8FCAAF720E07CE44D52C345"}

2018-05-26 16:39:14:继续查询:{"resp_code":"0","amount":"590","leshua_order_id":"1805261638439369","merchant_id":"6008005629","nonce_str":"1VBQJELPFU2Y234ZDX72HN80G0G3SH12","pay_way":"WXZF","result_code":"0","sign":"A0A14082D5D2C9CB483C29F71A832B3D","status":"0","third_order_id":"2018052616384185545"}

2018-05-26 16:39:14:参数:{"merchant_id":"6008005629","service":"query_status","third_order_id":"2018052616384185545","nonce_str":"KYIJNX3YZ72UXJE28KKI1DMCCJ15P0K9","sign":"76D132746A54B3FE3458E30FF3BAFD18"}

2018-05-26 16:39:15:参数:{"merchant_id":"6008005629","service":"query_status","third_order_id":"2018052616384185545","nonce_str":"5B9A8FNBYR1IY0DFDFEFF30NQWKCSOD7","sign":"7CBE7E7CF93A284286FFAE1EA8B18BB6"}

2018-05-26 16:39:15:支付失败:{"resp_code":"0","amount":"590","leshua_order_id":"1805261638439369","merchant_id":"6008005629","nonce_str":"UYHP8TXK5BAUWAHA7CMIIWDYWWKY1H1T","pay_way":"WXZF","result_code":"0","sign":"E47DF56560DF45D1342E08A37937F4DB","status":"6","third_order_id":"2018052616384185545"}

2018-05-26 17:07:04:参数:{"merchant_id":"6008005629","service":"query_status","third_order_id":"2018052617070248464","nonce_str":"C8QOKE0TUXYJBD8ZEJH6L6XAKB0DRR5D","sign":"70B8A26EF10E3678A28C204DC8BDCE6A"}

2018-05-26 17:07:09:继续查询:{"resp_code":"0","amount":"2760","leshua_order_id":"1805261707020525","merchant_id":"6008005629","nonce_str":"TT3H1YXLSG0Y5SWLIUH9NVVU5Q69LJQR","pay_way":"ZFBZF","result_code":"0","sign":"BD5C52A73EA8F50FBD7244AECC2B5826","status":"0","third_order_id":"2018052617070248464"}

2018-05-26 17:07:09:参数:{"merchant_id":"6008005629","service":"query_status","third_order_id":"2018052617070248464","nonce_str":"DHQ5K6KRFOW9PR15WVQIPEIEUTOLZZGA","sign":"A33FF505C1982EDA2BCD7C12C84D67EE"}

2018-05-26 17:07:14:继续查询:{"resp_code":"0","amount":"2760","leshua_order_id":"1805261707020525","merchant_id":"6008005629","nonce_str":"K3OIMFAEHG84OXV0W0T0HL6MTGZMFGBM","pay_way":"ZFBZF","result_code":"0","sign":"B46ADD44D91661F897C2521F12A0AA78","status":"0","third_order_id":"2018052617070248464"}

2018-05-26 17:07:14:参数:{"merchant_id":"6008005629","service":"query_status","third_order_id":"2018052617070248464","nonce_str":"ZBKSRK0RIKF12N7CMNX74407FX4P794C","sign":"25348E2CEAD8F0B4898E97549930A3BE"}

2018-05-26 17:07:20:继续查询:{"resp_code":"0","amount":"2760","leshua_order_id":"1805261707020525","merchant_id":"6008005629","nonce_str":"ELL1C688OEKQI3OBNP06Z6JSSMQX0ZX2","pay_way":"ZFBZF","result_code":"0","sign":"522B2BF1449AC42302D2A01FD94B8539","status":"0","third_order_id":"2018052617070248464"}

2018-05-26 17:07:20:参数:{"merchant_id":"6008005629","service":"query_status","third_order_id":"2018052617070248464","nonce_str":"4AV6I1ORTXAJNO0SOO86D3QV3DSHFRRL","sign":"27793653F6833C6F12F4138557B7BA2E"}

2018-05-26 17:07:26:继续查询:{"resp_code":"0","amount":"2760","leshua_order_id":"1805261707020525","merchant_id":"6008005629","nonce_str":"EY2UFE16ZK49IBF217N5KL69ZX74JM4H","pay_way":"ZFBZF","result_code":"0","sign":"582933EBA2C255810512CB8DC94C6764","status":"0","third_order_id":"2018052617070248464"}

2018-05-26 17:07:26:参数:{"merchant_id":"6008005629","service":"query_status","third_order_id":"2018052617070248464","nonce_str":"4J1EP4GABILPM838JP1DU1KTOE95BVNH","sign":"53F9905352AAF49621C4323D93134031"}

2018-05-26 17:07:32:继续查询:{"resp_code":"0","amount":"2760","leshua_order_id":"1805261707020525","merchant_id":"6008005629","nonce_str":"0Y7XQ1I3LTO4WCZRM0HG3BH83R0V27J6","pay_way":"ZFBZF","result_code":"0","sign":"144BA6E618CB89D3F5E14DEAA48CA2A0","status":"0","third_order_id":"2018052617070248464"}

2018-05-26 17:07:32:参数:{"merchant_id":"6008005629","service":"query_status","third_order_id":"2018052617070248464","nonce_str":"9UGVY3RTVZQ35J4AJWYKUFCXH1JOK0ZV","sign":"30ECFBA87870E40485FF342C7CE9DE2C"}

2018-05-26 17:07:37:继续查询:{"resp_code":"0","amount":"2760","leshua_order_id":"1805261707020525","merchant_id":"6008005629","nonce_str":"RRUQVJWBK2CLB87Y6VOSZZ63UHDPCWC8","pay_way":"ZFBZF","result_code":"0","sign":"B1695588345777D6421ED6AFCDCCC64A","status":"0","third_order_id":"2018052617070248464"}

2018-05-26 17:07:37:参数:{"merchant_id":"6008005629","service":"query_status","third_order_id":"2018052617070248464","nonce_str":"UEP8UH2Q6TBM7VSQ736N49DCNKQTA31B","sign":"069BF76866E7614E0E60CE7F3861AA2C"}

2018-05-26 17:07:38:参数:{"merchant_id":"6008005629","service":"query_status","third_order_id":"2018052617070248464","nonce_str":"AH9CTP3RWOSMKBPHN2PVWUXS1X4CQ5OZ","sign":"6E8DFAE6586BE915D3B7E36CE9CCBCFB"}

2018-05-26 17:07:38:支付失败:{"resp_code":"0","amount":"2760","leshua_order_id":"1805261707020525","merchant_id":"6008005629","nonce_str":"10ETCUM2YEQQEGMSNIEYHOOJ3V26BBED","pay_way":"ZFBZF","result_code":"0","sign":"3FCD68D900A2B33F0C75FCDB92C480B0","status":"6","third_order_id":"2018052617070248464"}

2018-05-26 17:41:22:参数:{"merchant_id":"6008005629","service":"query_status","third_order_id":"2018052617412013091","nonce_str":"3KVGA5DFDHBSP4SQYPVQTGK3U62G3PNM","sign":"83D2B53EF557E3946953207C5F160DB6"}

2018-05-26 17:41:27:继续查询:{"resp_code":"0","amount":"700","leshua_order_id":"1805261741207003","merchant_id":"6008005629","nonce_str":"ABP6YVLZPXEQK1FQ26HPYMX5MS8Z544S","pay_way":"ZFBZF","result_code":"0","sign":"35126F22E36E28B05F64B0D7DA565272","status":"0","third_order_id":"2018052617412013091"}

2018-05-26 17:41:27:参数:{"merchant_id":"6008005629","service":"query_status","third_order_id":"2018052617412013091","nonce_str":"3Z3SE916NLB4Q26OLMCZCYGRV646JHHW","sign":"CF06817B54A4CEE1CA486D5EFBE3B951"}

2018-05-26 17:41:33:继续查询:{"resp_code":"0","amount":"700","leshua_order_id":"1805261741207003","merchant_id":"6008005629","nonce_str":"MEGLP848UQ3KY1ACYH4ELVDG5AD7H9UB","pay_way":"ZFBZF","result_code":"0","sign":"0707A4E4C36B8296CBBEF1E8B608AEBC","status":"0","third_order_id":"2018052617412013091"}

2018-05-26 17:41:33:参数:{"merchant_id":"6008005629","service":"query_status","third_order_id":"2018052617412013091","nonce_str":"DXAGM0CLC9ECFC4M6U4OJR8MM62RZUIZ","sign":"573876780631CE33AEB994870245292C"}

2018-05-26 17:41:33:支付成功:{"resp_code":"0","amount":"700","bank_type":"DEBIT_CARD","leshua_order_id":"1805261741207003","merchant_id":"6008005629","nonce_str":"ZTS515U0I67WE9KKTZJHS880O0K93D4R","openid":"2088522177607667","out_transaction_id":"2018052621001004660284117207","pay_time":"2018-05-26 17:41:33","pay_way":"ZFBZF","result_code":"0","sign":"4F4EA4B426C23BB03E8ADF8CAE2EFADF","status":"2","third_order_id":"2018052617412013091"}

2018-05-26 18:13:00:参数:{"merchant_id":"6008005629","service":"query_status","third_order_id":"2018052618125837946","nonce_str":"4NK30T48VA93K181QKD6HV9BKMIS5B10","sign":"B538929FCF3A9734FD9D72700895C08E"}

2018-05-26 18:13:05:继续查询:{"resp_code":"0","amount":"500","leshua_order_id":"1805261812538289","merchant_id":"6008005629","nonce_str":"AJ533NTSQEUEXPO6V6VQBYI7J9179YTX","pay_way":"WXZF","result_code":"0","sign":"56C77B29A0B5AB41FD2837CFD8F8B5A0","status":"0","third_order_id":"2018052618125837946"}

2018-05-26 18:13:05:参数:{"merchant_id":"6008005629","service":"query_status","third_order_id":"2018052618125837946","nonce_str":"ZSEHWFPPLIR7H8HJ2TQC25TA1F6Y2L5J","sign":"FD6225350713F0BB1254093D53FD39AA"}

2018-05-26 18:13:05:支付成功:{"resp_code":"0","amount":"500","bank_type":"CFT","leshua_order_id":"1805261812538289","merchant_id":"6008005629","nonce_str":"M8MA85W9R3V8D12SS9A0B2VQ5Y2P2U64","openid":"oRfOu1Z-g4Zz2JrGteF-D8J4HNXw","out_transaction_id":"4200000137201805261216137690","pay_time":"2018-05-26 18:13:05","pay_way":"WXZF","result_code":"0","sign":"4DC8754FB2BC172843752DDB801C81D2","status":"2","third_order_id":"2018052618125837946"}

2018-05-26 18:13:44:参数:{"merchant_id":"6008005629","service":"query_status","third_order_id":"2018052618134289047","nonce_str":"6YDCJZM618RRAZR0LK5FDM6AG0HYY44A","sign":"BE13DD48FE8AE06AD86A9C1A36AB5E08"}

2018-05-26 18:13:50:继续查询:{"resp_code":"0","amount":"1150","leshua_order_id":"1805261813438676","merchant_id":"6008005629","nonce_str":"041BF8YWP1H5RK4IX7I4IGS1Q22K30MR","pay_way":"WXZF","result_code":"0","sign":"A18F7139298326695D963CED387AF607","status":"0","third_order_id":"2018052618134289047"}

2018-05-26 18:13:50:参数:{"merchant_id":"6008005629","service":"query_status","third_order_id":"2018052618134289047","nonce_str":"66YFIG2UM0RZPQQ2YDINVFQNDIAR8PMU","sign":"143F19C0EA482E7085F6F4F7DE373478"}

2018-05-26 18:13:55:继续查询:{"resp_code":"0","amount":"1150","leshua_order_id":"1805261813438676","merchant_id":"6008005629","nonce_str":"XZ5H8RUQO15QV4L9QXM7KCPGBNHLO2XL","pay_way":"WXZF","result_code":"0","sign":"AE3E69475F6FEEDDD2A3DF5CFAA309D0","status":"0","third_order_id":"2018052618134289047"}

2018-05-26 18:13:55:参数:{"merchant_id":"6008005629","service":"query_status","third_order_id":"2018052618134289047","nonce_str":"X6ICQQOSA5YZPCXILBHMOPH4APR3YLWA","sign":"365210DD0DADD71ED2C64C0AADB7274D"}

2018-05-26 18:13:56:支付成功:{"resp_code":"0","amount":"1150","bank_type":"CIB_CREDIT","leshua_order_id":"1805261813438676","merchant_id":"6008005629","nonce_str":"KTFK3UG9I25MK4X1NMEUSLD7GBI20IO9","openid":"oRfOu1WzvjjdyhPrMNG1c45mFXcc","out_transaction_id":"4200000112201805262749579705","pay_time":"2018-05-26 18:13:55","pay_way":"WXZF","result_code":"0","sign":"B2968912214B6FB7DB207FFB052B9C9D","status":"2","third_order_id":"2018052618134289047"}

2018-05-26 18:20:45:参数:{"merchant_id":"6008005629","service":"query_status","third_order_id":"2018052618204359159","nonce_str":"307NHW2KNRSJWFIX52W0056A17024JN4","sign":"1CD775E5FCF6B8AFF318CAED5FD8CEDA"}

2018-05-26 18:20:50:继续查询:{"resp_code":"0","amount":"490","leshua_order_id":"1805261820432363","merchant_id":"6008005629","nonce_str":"DFM7O2QS6GNLOXE211UCVGJP5PNL8VRF","pay_way":"WXZF","result_code":"0","sign":"9999C7F4E4D3BA65D71D0742DDDDD7BB","status":"0","third_order_id":"2018052618204359159"}

2018-05-26 18:20:50:参数:{"merchant_id":"6008005629","service":"query_status","third_order_id":"2018052618204359159","nonce_str":"INMTE8F225AKSQCMHPNXR24EE2H6D1A6","sign":"6B3C0608414354448B6A5D18731B6CB5"}

2018-05-26 18:20:55:继续查询:{"resp_code":"0","amount":"490","leshua_order_id":"1805261820432363","merchant_id":"6008005629","nonce_str":"9WXGJ8R52JKLQ1YMNLJDJW7PXLSA2RSF","pay_way":"WXZF","result_code":"0","sign":"756D5515ECFAACCE91956CAD097DC710","status":"0","third_order_id":"2018052618204359159"}

2018-05-26 18:20:55:参数:{"merchant_id":"6008005629","service":"query_status","third_order_id":"2018052618204359159","nonce_str":"OI6VCSPPGXJPJKM6DVEVZFZJX0NLTZS3","sign":"16CF219349A4978D57DED9FB7B188129"}

2018-05-26 18:20:56:支付成功:{"resp_code":"0","amount":"490","bank_type":"CFT","leshua_order_id":"1805261820432363","merchant_id":"6008005629","nonce_str":"RHK026C0NWD5KAIH1LE6Q1GQNV97G4O5","openid":"oRfOu1Wk6RFkVqRzLpVRmqvAdR7g","out_transaction_id":"4200000133201805266756070995","pay_time":"2018-05-26 18:20:56","pay_way":"WXZF","result_code":"0","sign":"32976614130DD96BC7CE2E1771ED3594","status":"2","third_order_id":"2018052618204359159"}

2018-05-26 18:32:07:参数:{"merchant_id":"6008005629","service":"query_status","third_order_id":"2018052618320653939","nonce_str":"WVJGJFM59FNULAYT9TSBS4BHAG50JTGK","sign":"30321BC72AA09065E751AFBCADE79E44"}

2018-05-26 18:32:12:继续查询:{"resp_code":"0","amount":"280","leshua_order_id":"1805261832007457","merchant_id":"6008005629","nonce_str":"FN1Y6S4M8OJ2JLTVF8MIYWJXHCMZXUDH","pay_way":"WXZF","result_code":"0","sign":"725E87C7A961A80A600F951C7E14FEF6","status":"0","third_order_id":"2018052618320653939"}

2018-05-26 18:32:12:参数:{"merchant_id":"6008005629","service":"query_status","third_order_id":"2018052618320653939","nonce_str":"1WR63KXW9NGM9DWFZBIQK7QAKLDGXDM5","sign":"11F2FBBD6B16E40D90EFE82CEC1DD948"}

2018-05-26 18:32:18:继续查询:{"resp_code":"0","amount":"280","leshua_order_id":"1805261832007457","merchant_id":"6008005629","nonce_str":"RIPFVE1X04CUQW8BID41X2X73BRSNUWZ","pay_way":"WXZF","result_code":"0","sign":"2FA5431C65D36897D3FF1B093E3BDA65","status":"0","third_order_id":"2018052618320653939"}

2018-05-26 18:32:18:参数:{"merchant_id":"6008005629","service":"query_status","third_order_id":"2018052618320653939","nonce_str":"M7KPNZMER9KK0STIUW5EJ5AII499A00K","sign":"DC1BEDBB03FE55279114A8896894DB29"}

2018-05-26 18:32:23:继续查询:{"resp_code":"0","amount":"280","leshua_order_id":"1805261832007457","merchant_id":"6008005629","nonce_str":"9WHTS1K4RZTD8J85JMEWV6X91VF05V95","pay_way":"WXZF","result_code":"0","sign":"9D1CFF7E1F9632D1E283DFECD752F23F","status":"0","third_order_id":"2018052618320653939"}

2018-05-26 18:32:23:参数:{"merchant_id":"6008005629","service":"query_status","third_order_id":"2018052618320653939","nonce_str":"Q6PJ94G74OIEWNC6JUP0KQR2KTXIHDEZ","sign":"B0E6BF6B9812133CF6A3080C35DB452A"}

2018-05-26 18:32:29:继续查询:{"resp_code":"0","amount":"280","leshua_order_id":"1805261832007457","merchant_id":"6008005629","nonce_str":"GDHYEKY6YE1T6280B8AJARPDI6BTIWM3","pay_way":"WXZF","result_code":"0","sign":"1F3DE291F4BCBF6084077476CE25138A","status":"0","third_order_id":"2018052618320653939"}

2018-05-26 18:32:29:参数:{"merchant_id":"6008005629","service":"query_status","third_order_id":"2018052618320653939","nonce_str":"2LWG4CNAS36FBOO1MNXOKS6Q2JYIHP3C","sign":"86BEBBA3DF1CD0D6A2456DC8A4B1B856"}

2018-05-26 18:32:34:继续查询:{"resp_code":"0","amount":"280","leshua_order_id":"1805261832007457","merchant_id":"6008005629","nonce_str":"CQTCLXDY03NC0AI95I0LF7243Y0VP7I8","pay_way":"WXZF","result_code":"0","sign":"3F3A89D879AF6A16C6E265F100086681","status":"0","third_order_id":"2018052618320653939"}

2018-05-26 18:32:34:参数:{"merchant_id":"6008005629","service":"query_status","third_order_id":"2018052618320653939","nonce_str":"FUM3ST8XKL3QIALPEIEPKMOJO8N7W38S","sign":"994B533C1FEE4E4E714CACBF7E1106F9"}

2018-05-26 18:32:39:继续查询:{"resp_code":"0","amount":"280","leshua_order_id":"1805261832007457","merchant_id":"6008005629","nonce_str":"BZT08OA27UFD39FGRQT7M54K8CUJZ469","pay_way":"WXZF","result_code":"0","sign":"CA8D23792545AE7105BA2A7C9F0A56CA","status":"0","third_order_id":"2018052618320653939"}

2018-05-26 18:32:39:参数:{"merchant_id":"6008005629","service":"query_status","third_order_id":"2018052618320653939","nonce_str":"W5LZE6XM1EA8P0U53UT46DODGYVTNM4U","sign":"3CEECF663B2492F67B2EEDB787490B00"}

2018-05-26 18:32:40:参数:{"merchant_id":"6008005629","service":"query_status","third_order_id":"2018052618320653939","nonce_str":"7IM0EDV5IG54C2XOAR3WAJ1UPK3855LZ","sign":"74E4A80ADED9433D00CFB41B8EFFBB2D"}

2018-05-26 18:32:40:支付失败:{"resp_code":"0","amount":"280","leshua_order_id":"1805261832007457","merchant_id":"6008005629","nonce_str":"JEMT6XITNJ7SDPXCP1T98Q5SWCT28AYJ","pay_way":"WXZF","result_code":"0","sign":"2EF4A9086632250DADDE428BBA389A66","status":"6","third_order_id":"2018052618320653939"}

2018-05-26 19:17:17:参数:{"merchant_id":"6008005629","service":"query_status","third_order_id":"2018052619171660001","nonce_str":"A3EFTNWV5TI8O3JJ707ZPT7NOL0NM3IT","sign":"DB2CC66E5ED4483BCBCB54D6C3FD3F3C"}

2018-05-26 19:17:22:继续查询:{"resp_code":"0","amount":"1320","leshua_order_id":"1805261917104647","merchant_id":"6008005629","nonce_str":"YZV1WNJMG1ERHGKJZHMLI17EYG3KCKRX","pay_way":"WXZF","result_code":"0","sign":"72FBC2F0770DA936BAD565878D61101A","status":"0","third_order_id":"2018052619171660001"}

2018-05-26 19:17:22:参数:{"merchant_id":"6008005629","service":"query_status","third_order_id":"2018052619171660001","nonce_str":"C0VK848JW574R1J9B8W8375URU7K0CW6","sign":"DE895AFD0DF341522A1CE24B84C639E5"}

2018-05-26 19:17:28:继续查询:{"resp_code":"0","amount":"1320","leshua_order_id":"1805261917104647","merchant_id":"6008005629","nonce_str":"4J6NIAI8D2LPU2B3KSLD7D05TS39B9S6","pay_way":"WXZF","result_code":"0","sign":"A840DA5B10BBF064248999C1015B61F3","status":"0","third_order_id":"2018052619171660001"}

2018-05-26 19:17:28:参数:{"merchant_id":"6008005629","service":"query_status","third_order_id":"2018052619171660001","nonce_str":"K9FFRCBO1KM4FDHM7DV2VV15HJXEKGG5","sign":"4BD251B5E954B507FD98236E84E9B3E4"}

2018-05-26 19:17:28:支付成功:{"resp_code":"0","amount":"1320","bank_type":"PAB_DEBIT","leshua_order_id":"1805261917104647","merchant_id":"6008005629","nonce_str":"4TIXYZ7R4X3J3KVFA4LHYR1X5A242OXU","openid":"oRfOu1b2boxpt2B6yxK_u0CXt9Ak","out_transaction_id":"4200000137201805260615014795","pay_time":"2018-05-26 19:17:28","pay_way":"WXZF","result_code":"0","sign":"8862E0CA3523782745E8CCDC0488951A","status":"2","third_order_id":"2018052619171660001"}

2018-05-26 19:46:30:参数:{"merchant_id":"6008005629","service":"query_status","third_order_id":"2018052619462948137","nonce_str":"W212K9G8N157BNS93K3UXCSKJUXXDHE8","sign":"E635689682A20A9DF4342227B30740C6"}

2018-05-26 19:46:35:继续查询:{"resp_code":"0","amount":"2390","leshua_order_id":"1805261946205674","merchant_id":"6008005629","nonce_str":"A380H3ZMUQS1RSCG6R4HI2H9B781CH56","pay_way":"WXZF","result_code":"0","sign":"7EB177296CB601AD9C82A2172350565D","status":"0","third_order_id":"2018052619462948137"}

2018-05-26 19:46:35:参数:{"merchant_id":"6008005629","service":"query_status","third_order_id":"2018052619462948137","nonce_str":"75EPR5FBF5YJMPCUT82GZDXK78YJX8R6","sign":"D0857167257068D716B8DE574DA6AA3E"}

2018-05-26 19:46:41:继续查询:{"resp_code":"0","amount":"2390","leshua_order_id":"1805261946205674","merchant_id":"6008005629","nonce_str":"2CJOZWUFWTSABV1ID319FIAXLBI43GIY","pay_way":"WXZF","result_code":"0","sign":"E2CD984C824BE797CD348A989CBD0B64","status":"0","third_order_id":"2018052619462948137"}

2018-05-26 19:46:41:参数:{"merchant_id":"6008005629","service":"query_status","third_order_id":"2018052619462948137","nonce_str":"24UO80F1OSS4QS7MAUN68Z1KJ5GE5DR6","sign":"2B728F5E266C7DBC83A6A961EFF8F9EC"}

2018-05-26 19:46:41:支付成功:{"resp_code":"0","amount":"2390","bank_type":"CFT","leshua_order_id":"1805261946205674","merchant_id":"6008005629","nonce_str":"EBAJ6XBWQJA614H82MRBH3IBI0NND5E7","openid":"oRfOu1StvBLgCrY1SlMXMHRaLUnQ","out_transaction_id":"4200000116201805265254984640","pay_time":"2018-05-26 19:46:41","pay_way":"WXZF","result_code":"0","sign":"E652A940E30D89009C49C6E85E67CC58","status":"2","third_order_id":"2018052619462948137"}

2018-05-26 20:13:48:参数:{"merchant_id":"6008005629","service":"query_status","third_order_id":"2018052620134785759","nonce_str":"R5VN5DCD04F237Y7SHMIH20RFHP967NN","sign":"F3913355A9944636AA9132F7FB4A6FBB"}

2018-05-26 20:13:54:继续查询:{"resp_code":"0","amount":"1100","leshua_order_id":"1805262013406152","merchant_id":"6008005629","nonce_str":"089EWNF3B97ZO620QWPBAZ4ARJ4QX53O","pay_way":"WXZF","result_code":"0","sign":"EDCB19D745BB03671DEAA0339EF9C2A3","status":"0","third_order_id":"2018052620134785759"}

2018-05-26 20:13:54:参数:{"merchant_id":"6008005629","service":"query_status","third_order_id":"2018052620134785759","nonce_str":"AST1MHYJ1L6Y0Z967H7JTXC563WR85IQ","sign":"F418C9F24939A5B4315143781A095EFC"}

2018-05-26 20:13:59:继续查询:{"resp_code":"0","amount":"1100","leshua_order_id":"1805262013406152","merchant_id":"6008005629","nonce_str":"PEIJZFH3TM51T3BY9GJMBE0WHRPNDWBQ","pay_way":"WXZF","result_code":"0","sign":"3878C270BD25929FF82FD52B324E4F74","status":"0","third_order_id":"2018052620134785759"}

2018-05-26 20:13:59:参数:{"merchant_id":"6008005629","service":"query_status","third_order_id":"2018052620134785759","nonce_str":"VEUF1TNID75LV75EBFDXJC2YACN13VRE","sign":"A813651489ED0E8DC810D8EE1B886023"}

2018-05-26 20:14:05:继续查询:{"resp_code":"0","amount":"1100","leshua_order_id":"1805262013406152","merchant_id":"6008005629","nonce_str":"9ZWHFT3F8AY7Y16SARLFKF6UTGAAGPND","pay_way":"WXZF","result_code":"0","sign":"24CDE90914A0D0E26E9D2B662FFA4680","status":"0","third_order_id":"2018052620134785759"}

2018-05-26 20:14:05:参数:{"merchant_id":"6008005629","service":"query_status","third_order_id":"2018052620134785759","nonce_str":"U2WJQAQDEOWB1LZS0O5AL8U7DHY3YV3R","sign":"3AFA174445A10F7CC8D406BC179E2BD8"}

2018-05-26 20:14:10:继续查询:{"resp_code":"0","amount":"1100","leshua_order_id":"1805262013406152","merchant_id":"6008005629","nonce_str":"FN0TCD26AVHR4YWSX84RLNG9AO7B83RZ","pay_way":"WXZF","result_code":"0","sign":"337F12612CB0BEFB76DAF5F037355734","status":"0","third_order_id":"2018052620134785759"}

2018-05-26 20:14:10:参数:{"merchant_id":"6008005629","service":"query_status","third_order_id":"2018052620134785759","nonce_str":"5GYKWQDJX964U2XNAEQE9RICQDXWOUB2","sign":"18C24D0093218DC2056BD896EC1DCC49"}

2018-05-26 20:14:15:继续查询:{"resp_code":"0","amount":"1100","leshua_order_id":"1805262013406152","merchant_id":"6008005629","nonce_str":"BMICI6LV2OH76RAMXLJALDQB9Z59SKR3","pay_way":"WXZF","result_code":"0","sign":"4C729C402D6F0FB49E9DBA0E83CDC122","status":"0","third_order_id":"2018052620134785759"}

2018-05-26 20:14:15:参数:{"merchant_id":"6008005629","service":"query_status","third_order_id":"2018052620134785759","nonce_str":"0HNQ4IH9J945GKIFF3DLFTNVK0LNIVNO","sign":"9916936A0A3CDB2D6CF812638DB685CA"}

2018-05-26 20:14:21:继续查询:{"resp_code":"0","amount":"1100","leshua_order_id":"1805262013406152","merchant_id":"6008005629","nonce_str":"5TPVJ1EM3QE78XLQ41ZNGHFESXDPOW2V","pay_way":"WXZF","result_code":"0","sign":"64824B4EA543E814476FA1DCC920506E","status":"0","third_order_id":"2018052620134785759"}

2018-05-26 20:14:21:参数:{"merchant_id":"6008005629","service":"query_status","third_order_id":"2018052620134785759","nonce_str":"BHCOVW4DNVCQOEJAO5OGOBKKLS28DWT5","sign":"76F6F452584F6A7EC0F658CBB2117D46"}

2018-05-26 20:14:22:参数:{"merchant_id":"6008005629","service":"query_status","third_order_id":"2018052620134785759","nonce_str":"VZ0UDYFHP6CIZSMDHPHBP4IV9S18MB48","sign":"2FFD20FB06A7B83E10E107ADD717A17A"}

2018-05-26 20:14:22:支付失败:{"resp_code":"0","amount":"1100","leshua_order_id":"1805262013406152","merchant_id":"6008005629","nonce_str":"0FWCPJB947MN3D6A7EK6JYHM22KTMB4O","pay_way":"WXZF","result_code":"0","sign":"48B74E9EB61F6992AFB79D6612DEDB2B","status":"6","third_order_id":"2018052620134785759"}

2018-05-26 22:20:11:参数:{"merchant_id":"6008005629","service":"query_status","third_order_id":"2018052622200941318","nonce_str":"0KI3FOL24MFBL6DY2A6EXTE2KAG9KQPJ","sign":"FA6A8DCB734BBA8BE161142325761442"}

2018-05-26 22:20:16:继续查询:{"resp_code":"0","amount":"1500","leshua_order_id":"1805262220135464","merchant_id":"6008005629","nonce_str":"0JZFY9HMEC706OB1BF1NRB6V2885DMUH","pay_way":"WXZF","result_code":"0","sign":"46EE72EC53914F0BB60CF822DAF72FBA","status":"0","third_order_id":"2018052622200941318"}

2018-05-26 22:20:16:参数:{"merchant_id":"6008005629","service":"query_status","third_order_id":"2018052622200941318","nonce_str":"AJFX7H5TJPL3XM62HLFXNPSZY0XJ4R2J","sign":"217882D74B20C83DD3AB53B896488D50"}

2018-05-26 22:20:19:支付成功:{"resp_code":"0","amount":"1500","bank_type":"CFT","leshua_order_id":"1805262220135464","merchant_id":"6008005629","nonce_str":"XFFBN66PMK2KFA79L6V3XG3XH88IDLD7","openid":"oRfOu1eDRHijyYBD8E7mXEA4PAbk","out_transaction_id":"4200000130201805264127824737","pay_time":"2018-05-26 22:20:17","pay_way":"WXZF","result_code":"0","sign":"B0DB7F0689E2E8CB23CB51414A2FD753","status":"2","third_order_id":"2018052622200941318"}

2018-05-26 23:01:35:参数:{"merchant_id":"6008005629","service":"query_status","third_order_id":"2018052623013488811","nonce_str":"DHAP6RIH4G8KN3LS41RU9Q874GSSPJHF","sign":"1E6A703F32CD2A6B6BD4E14C2A70EE30"}

2018-05-26 23:01:40:继续查询:{"resp_code":"0","amount":"1100","leshua_order_id":"1805262301307957","merchant_id":"6008005629","nonce_str":"DXIDFQX4KAKUGYVPNWYK82ZSQL4VUAXM","pay_way":"WXZF","result_code":"0","sign":"D5CCA85AFE67FBB3D1870FF599D6ECD4","status":"0","third_order_id":"2018052623013488811"}

2018-05-26 23:01:40:参数:{"merchant_id":"6008005629","service":"query_status","third_order_id":"2018052623013488811","nonce_str":"EOYUPR2EQQ517V70MUN2YXC2S0BXPU86","sign":"5E4D7264DACB901F0E2649F779EFE360"}

2018-05-26 23:01:46:继续查询:{"resp_code":"0","amount":"1100","leshua_order_id":"1805262301307957","merchant_id":"6008005629","nonce_str":"4UXQ7NKQ7BP8ZU2701J0UU236EFQUDXZ","pay_way":"WXZF","result_code":"0","sign":"518AAB42BCCD883FDA58904DC6886C61","status":"0","third_order_id":"2018052623013488811"}

2018-05-26 23:01:46:参数:{"merchant_id":"6008005629","service":"query_status","third_order_id":"2018052623013488811","nonce_str":"P65AI26045HMGX60DWSBNGTE8OO24M55","sign":"F2729AC991C3DAECC8AA977DDC23536C"}

2018-05-26 23:01:46:支付成功:{"resp_code":"0","amount":"1100","bank_type":"CFT","leshua_order_id":"1805262301307957","merchant_id":"6008005629","nonce_str":"7YSLCCVLEOTT8PJMJ9KW1QH12WRMQC8U","openid":"oRfOu1a14gnSN0YQOcXt0aeOaB1E","out_transaction_id":"4200000126201805269631521429","pay_time":"2018-05-26 23:01:46","pay_way":"WXZF","result_code":"0","sign":"100092E3A59929AE1F0ED3D555F7B27A","status":"2","third_order_id":"2018052623013488811"}

2018-05-26 23:52:59:参数:{"merchant_id":"6008005629","service":"query_status","third_order_id":"2018052623525898660","nonce_str":"OA4J44M6ZZZMGBDQP59MJO8N8CV2RMYF","sign":"37FB998E8FB08D2BA0D99D27A2D0DD1F"}

2018-05-26 23:53:04:继续查询:{"resp_code":"0","amount":"400","leshua_order_id":"1805262352526533","merchant_id":"6008005629","nonce_str":"EI18N8VKBZ9C8649LXSQ2Q2KR2E1VWM3","pay_way":"WXZF","result_code":"0","sign":"93FEE42286BD05CA506B861D3A9FC6FB","status":"0","third_order_id":"2018052623525898660"}

2018-05-26 23:53:04:参数:{"merchant_id":"6008005629","service":"query_status","third_order_id":"2018052623525898660","nonce_str":"I2C53GAM0VGIZNU5LP0ATPJ6AAQTQF0T","sign":"94FC529264180E13827AEDAFEB7A3B05"}

2018-05-26 23:53:10:继续查询:{"resp_code":"0","amount":"400","leshua_order_id":"1805262352526533","merchant_id":"6008005629","nonce_str":"TCXZFWU5P498RUJ1P7VGCJ1LORW09PK5","pay_way":"WXZF","result_code":"0","sign":"BCDCA8242B643DE8D9A3E47348DE6442","status":"0","third_order_id":"2018052623525898660"}

2018-05-26 23:53:10:参数:{"merchant_id":"6008005629","service":"query_status","third_order_id":"2018052623525898660","nonce_str":"4NPQ2H8XBTXHS3DBUZFDHADHJ2V3FEFW","sign":"A6F87A315796F26E5D336019A1842252"}

2018-05-26 23:53:10:支付成功:{"resp_code":"0","amount":"400","bank_type":"CFT","leshua_order_id":"1805262352526533","merchant_id":"6008005629","nonce_str":"IEDXCZISABBF34EN5IG4IMOBIO64T06E","openid":"oRfOu1cmhAfW7w3PHlW9zWGSuguY","out_transaction_id":"4200000135201805267170274799","pay_time":"2018-05-26 23:53:10","pay_way":"WXZF","result_code":"0","sign":"F9295B412C203575E25348F89B9CCF06","status":"2","third_order_id":"2018052623525898660"}

