2018-05-30 02:12:32:参数:{"service":"close_order","merchant_id":"6008005629","third_order_id":"2018053002115898675","nonce_str":"S98X8PZ7RY9728NRK4KFXRX1GUEPANTC","sign":"52374766BEB46F0266412803D74EE419"}

2018-05-30 02:12:33:返回:{"resp_code":"0","amount":"300","leshua_order_id":"1805300211507927","merchant_id":"6008005629","nonce_str":"607X09WO3UY0U4I1JMQN57LYQQIPWV8I","pay_way":"WXZF","result_code":"0","sign":"F40673EEA7855669CB9BF028C968295D","status":"6","third_order_id":"2018053002115898675"}

2018-05-30 09:25:09:参数:{"service":"close_order","merchant_id":"6008005629","third_order_id":"2018053009243311103","nonce_str":"ZV3OQ15X1RHXVYZSYERCAK0C5QISX45H","sign":"01781C3B9D115F66689704F175753EE6"}

2018-05-30 09:25:09:返回:{"resp_code":"0","amount":"1000","leshua_order_id":"1805300924302562","merchant_id":"6008005629","nonce_str":"8CA40WCA4IQUSLNL69GVR4SCI2LO48EI","pay_way":"WXZF","result_code":"0","sign":"59AA9109D211D9DE53027E7ACAEC49F9","status":"6","third_order_id":"2018053009243311103"}

2018-05-30 10:27:18:参数:{"service":"close_order","merchant_id":"6008005629","third_order_id":"2018053010264447462","nonce_str":"87T2VDJ3JRPD8YPMYSLGCMIPXQZEWMI1","sign":"6C11339998A3BCE25F0F05F881935748"}

2018-05-30 10:27:19:返回:{"resp_code":"0","amount":"4000","leshua_order_id":"1805301026409270","merchant_id":"6008005629","nonce_str":"L5VBZQR32IUI420O4Z0JC1NH8V6JJA9H","pay_way":"WXZF","result_code":"0","sign":"C28B132134D71AFE45EE22F4E7CAF3C3","status":"6","third_order_id":"2018053010264447462"}

2018-05-30 10:57:31:参数:{"service":"close_order","merchant_id":"6008005629","third_order_id":"2018053010565642458","nonce_str":"74F0DMD57U3CSET53UNFAUYAZMRUA7X3","sign":"34AED67F76F67615B3F0D4E323E85F8D"}

2018-05-30 10:57:31:返回:{"resp_code":"0","amount":"509","leshua_order_id":"1805301056527519","merchant_id":"6008005629","nonce_str":"0F33TSIVQCHY4OPNHHIPG2WZG1NQR9OC","pay_way":"WXZF","result_code":"0","sign":"9C4CCC8835DB9CB5E81C0D1ACF00EA21","status":"6","third_order_id":"2018053010565642458"}

2018-05-30 11:42:26:参数:{"service":"close_order","merchant_id":"6008005629","third_order_id":"2018053011415129625","nonce_str":"VEWBOFB4DYE1ZDVFO9QMN98PCF2NU6DK","sign":"B8FD541496A4B1ADD7B5974325DC2CE2"}

2018-05-30 11:42:26:返回:{"resp_code":"0","amount":"919","leshua_order_id":"1805301141535942","merchant_id":"6008005629","nonce_str":"MO00HA25DMICMD2GUS0G0TLD0LIA1LZ8","pay_way":"ZFBZF","result_code":"0","sign":"7431CF295573EC4AE48ACFC792702E2C","status":"6","third_order_id":"2018053011415129625"}

2018-05-30 18:11:36:参数:{"service":"close_order","merchant_id":"6008005629","third_order_id":"2018053018110170586","nonce_str":"09ETDF6D3PCQS12NT3HQBFB1EHA5YYCH","sign":"1BD8B9329B6D5B50220376D408F09A36"}

2018-05-30 18:11:36:返回:{"resp_code":"0","amount":"480","leshua_order_id":"1805301811029540","merchant_id":"6008005629","nonce_str":"MLM9UVFAZQ789I90W8231MQERUBJNHFV","pay_way":"WXZF","result_code":"0","sign":"3067BA028096804B9864DBCF09CF3E71","status":"6","third_order_id":"2018053018110170586"}

2018-05-30 18:24:15:参数:{"service":"close_order","merchant_id":"6008005629","third_order_id":"2018053018233929283","nonce_str":"JVPEPTX8QJTPTVPCWCFH6H3LG79VZOUJ","sign":"246952845B36102FB90DCB97A81FC983"}

2018-05-30 18:24:15:返回:{"resp_code":"0","amount":"1190","leshua_order_id":"1805301823409951","merchant_id":"6008005629","nonce_str":"SXBP6W8F45TA7H629MJ9VS66LXQQ82CY","pay_way":"WXZF","result_code":"0","sign":"EE6920887AD8D4C090EEF61EED07A758","status":"6","third_order_id":"2018053018233929283"}

2018-05-30 18:27:55:参数:{"service":"close_order","merchant_id":"8909009463","third_order_id":"2018053018272092662","nonce_str":"OE3RDGCBE5PH4G1MSVL72OB0EUCFEQWN","sign":"92A5F03BDE4DF214168A0EB11320812B"}

2018-05-30 18:27:56:返回:{"resp_code":"0","amount":"1","leshua_order_id":"1805301827236488","merchant_id":"8909009463","nonce_str":"0TFPLLO42YBBF4KYOCKLQ0RN3TVI6KWT","pay_way":"WXZF","result_code":"0","sign":"A8DF03DCA7C09283A29745506EEB898E","status":"6","third_order_id":"2018053018272092662"}

2018-05-30 18:29:29:参数:{"service":"close_order","merchant_id":"6008005629","third_order_id":"2018053018285267728","nonce_str":"SUON7SZWD0F8WK4ER3OYXFQ8XC2OGLVF","sign":"1AA7C1D6568B8F9B18306416210CF2F7"}

2018-05-30 18:29:29:返回:{"resp_code":"0","amount":"150000","leshua_order_id":"1805301828537346","merchant_id":"6008005629","nonce_str":"LFW1BYPVCOV52C8Y7OZ26J7DSABL1B3R","pay_way":"WXZF","result_code":"0","sign":"0A60E07BC15A4239E3B228FECD267C5E","status":"6","third_order_id":"2018053018285267728"}

2018-05-30 19:13:37:参数:{"service":"close_order","merchant_id":"6008005629","third_order_id":"2018053019130295861","nonce_str":"QGZ4Q2XLCPQF1N4NP53T0GAW1GM6A2LM","sign":"AF3F6FB10FC755DB1F415F6DA8648014"}

2018-05-30 19:13:37:返回:{"resp_code":"0","amount":"240","leshua_order_id":"1805301913009611","merchant_id":"6008005629","nonce_str":"W0M7HQ950APA10NHXG6X28O2M71T9RIT","pay_way":"WXZF","result_code":"0","sign":"5C850D23ACEE643D4F7E478E4B5A1850","status":"6","third_order_id":"2018053019130295861"}

2018-05-30 19:27:29:参数:{"service":"close_order","merchant_id":"6008005629","third_order_id":"2018053019265563239","nonce_str":"X2IHRZPE7I0HKTHMJV816MFOC4S6KV6D","sign":"54F8E6DD90A1AE92724483AA95E3F192"}

2018-05-30 19:27:29:返回:{"resp_code":"0","amount":"800","leshua_order_id":"1805301926504935","merchant_id":"6008005629","nonce_str":"T8BN6S1SY3S947JM6OH4G9KYLMUWO9RY","pay_way":"WXZF","result_code":"0","sign":"24422AD9CB394947FDD93953994DAF23","status":"6","third_order_id":"2018053019265563239"}

2018-05-30 20:24:33:参数:{"service":"close_order","merchant_id":"6008005629","third_order_id":"2018053020235496046","nonce_str":"5FEGH186P4RGY1UOTHFZKP6Y5BC2FE6M","sign":"825015A339A6522AFB43A546E5CC5856"}

2018-05-30 20:24:34:返回:{"resp_code":"0","amount":"600","leshua_order_id":"1805302023534788","merchant_id":"6008005629","nonce_str":"W5VEQ2BOUE16N4DLYBOKY2VJDET4MPR1","pay_way":"WXZF","result_code":"0","sign":"D9CACB7B1632AA4B91B83263155BF2EB","status":"6","third_order_id":"2018053020235496046"}

2018-05-30 20:59:23:参数:{"service":"close_order","merchant_id":"6008005629","third_order_id":"2018053020584837232","nonce_str":"EDG9EP8LP2OHVPLECNSZO8E4KYG2PDO5","sign":"AEAE6F5834F36B9D9E6E0DA49C402B29"}

2018-05-30 20:59:24:返回:{"resp_code":"0","amount":"700","leshua_order_id":"1805302058409494","merchant_id":"6008005629","nonce_str":"Q8OCG8JEBD9J3I47WDOBHVMTS7EL18XG","pay_way":"WXZF","result_code":"0","sign":"51D44FAFA64315187D52C37A29E01C9B","status":"6","third_order_id":"2018053020584837232"}

2018-05-30 21:35:48:参数:{"service":"close_order","merchant_id":"6008005629","third_order_id":"2018053021351326819","nonce_str":"BM45FL8JTLM7WSKR9H19E33W6B3ZWLTY","sign":"C7CFBF3126F85EAB8A8B97C95338BE5A"}

2018-05-30 21:35:49:返回:{"resp_code":"0","amount":"640","leshua_order_id":"1805302135100769","merchant_id":"6008005629","nonce_str":"NNS0F6NUCWAS3ALYBNG67EBMEOMWL3TG","pay_way":"WXZF","result_code":"0","sign":"AD6C8DB45DD82E49276FECB2BB6CE6CC","status":"6","third_order_id":"2018053021351326819"}

2018-05-30 21:46:52:参数:{"service":"close_order","merchant_id":"6008005629","third_order_id":"2018053021461765834","nonce_str":"E89EUX8I4BRDQ29Y1O8PC0NULYZN955S","sign":"29D705F7B37F313FB2F07F3227E56541"}

2018-05-30 21:46:52:返回:{"resp_code":"0","amount":"2900","leshua_order_id":"1805302146126512","merchant_id":"6008005629","nonce_str":"ZE2P8PNVVCF2AX02Y90TF8B1EKYM5W30","pay_way":"WXZF","result_code":"0","sign":"38BB4902A85E46F42E666297841A106F","status":"6","third_order_id":"2018053021461765834"}

2018-05-30 22:59:55:参数:{"service":"close_order","merchant_id":"6008005629","third_order_id":"2018053022592061351","nonce_str":"8B4UTSQ0PGDP5PBQ9I7HONW7GHUQMJT7","sign":"C1C320C4D687EBC9AE020396D7AA0F3F"}

2018-05-30 22:59:55:返回:{"resp_code":"0","amount":"450","leshua_order_id":"1805302259204118","merchant_id":"6008005629","nonce_str":"QN9MRSYTE3V2AXHO9K9WAZB6TKPJX55H","pay_way":"WXZF","result_code":"0","sign":"C56BDF2D9F7EAE4F8647C94B450A61BA","status":"6","third_order_id":"2018053022592061351"}

