2018-06-10 02:10:55:参数:{"service":"close_order","merchant_id":"6008005629","third_order_id":"2018061002102055087","nonce_str":"R5K9H6IQ166E69B94M5RQI6U53EQ2DPQ","sign":"149BADEF30B9A67F333FB34745C6E8D6"}

2018-06-10 02:10:56:返回:{"resp_code":"0","amount":"760","leshua_order_id":"1806100210228343","merchant_id":"6008005629","nonce_str":"92X8EZSQ6OIFLKJZJAX4JBU4K4N3TW61","pay_way":"WXZF","result_code":"0","sign":"762C5DE8A3D5222DBF440944C02981E8","status":"6","third_order_id":"2018061002102055087"}

2018-06-10 08:56:14:参数:{"service":"close_order","merchant_id":"6008005629","third_order_id":"2018061008553990220","nonce_str":"B9WE58KK0VPZ47226EF8W63104K4CZNX","sign":"1FCBF8D197F7444EEEE364215DC03AC2"}

2018-06-10 08:56:14:返回:{"resp_code":"0","amount":"3760","leshua_order_id":"1806100855331615","merchant_id":"6008005629","nonce_str":"65SXSJ0DBZFZ07PLGCUHMCDEX5ME11N8","pay_way":"WXZF","result_code":"0","sign":"FCAC8FA48BB00530308515B0B40BD5C3","status":"6","third_order_id":"2018061008553990220"}

2018-06-10 09:03:04:参数:{"service":"close_order","merchant_id":"0408001370","third_order_id":"2018061009022640243","nonce_str":"184WP5ZOSFETPVY2QB7BRAOPEJI129UB","sign":"7D7EA529994E39FFB95D351A6A611EE9"}

2018-06-10 09:03:05:返回:{"resp_code":"0","amount":"2400","leshua_order_id":"1806100902233695","merchant_id":"0408001370","nonce_str":"2TH9L7VA95UVW8QEA0CV05F4RHL9AC9P","pay_way":"ZFBZF","result_code":"0","sign":"8C0F4F5F932B21FE5E4F975A51F4B9A4","status":"6","third_order_id":"2018061009022640243"}

2018-06-10 09:03:48:参数:{"service":"close_order","merchant_id":"0408001370","third_order_id":"2018061009031013238","nonce_str":"3L3TMG01RK48CMPVUGB2QG2HNHNOFOSN","sign":"EDF9E5B1677C5BE531F4D69ED013EA40"}

2018-06-10 09:03:50:返回:{"resp_code":"0","amount":"2400","leshua_order_id":"1806100903133957","merchant_id":"0408001370","nonce_str":"2UD5LRDI2GV7EEXTQKOTXXA6Z5H7LV48","pay_way":"ZFBZF","result_code":"0","sign":"5DDACBCCE3FACEBE5F346BD3A23A8057","status":"6","third_order_id":"2018061009031013238"}

2018-06-10 10:03:37:参数:{"service":"close_order","merchant_id":"6008005629","third_order_id":"2018061010030328206","nonce_str":"3HKQACBTMCAIF7XIEL2UVP2FBF87BTNR","sign":"C92B3F2E0919C5EB6089DB4426782301"}

2018-06-10 10:03:37:返回:{"resp_code":"0","amount":"1830","leshua_order_id":"1806101003008442","merchant_id":"6008005629","nonce_str":"TPD7RQKITIROFWG9IQZFARKZ6WG3CUO6","pay_way":"WXZF","result_code":"0","sign":"C48D8CB990DED1816030E64B46180562","status":"6","third_order_id":"2018061010030328206"}

2018-06-10 10:14:21:参数:{"service":"close_order","merchant_id":"6008005629","third_order_id":"2018061010134690139","nonce_str":"K1LAESB0UYPFINY16YOW7UQE2EMZIXM6","sign":"243E331B14EFD4E8F6C422E802B59B6A"}

2018-06-10 10:14:21:返回:{"resp_code":"0","amount":"1300","leshua_order_id":"1806101013434080","merchant_id":"6008005629","nonce_str":"1LTQSYVF8BK1F0ACVKO20VAQJDO3468V","pay_way":"WXZF","result_code":"0","sign":"3C4C3AE23F265449DE3038300D9B3C9B","status":"6","third_order_id":"2018061010134690139"}

2018-06-10 11:04:30:参数:{"service":"close_order","merchant_id":"6008005629","third_order_id":"2018061011035548444","nonce_str":"16O1YCGEU1UN6MNYZ4FFUHBB80CMIDWY","sign":"DB85C5B1484DD12E1FB93F6B6FC9E8A9"}

2018-06-10 11:04:30:返回:{"resp_code":"0","amount":"1100","leshua_order_id":"1806101103500220","merchant_id":"6008005629","nonce_str":"LVODBGQMHUZGBYB4DI17SUZSJY2J0AKJ","pay_way":"WXZF","result_code":"0","sign":"19575B1C79DB5A3E75E63EE91723DFB4","status":"6","third_order_id":"2018061011035548444"}

2018-06-10 11:42:18:参数:{"service":"close_order","merchant_id":"6008005629","third_order_id":"2018061011414487810","nonce_str":"POK766F37YYW1LWIGUM5530TGUWMRHKX","sign":"874632F3E721512C55D272D5B5925DA6"}

2018-06-10 11:42:19:返回:{"resp_code":"0","amount":"1450","leshua_order_id":"1806101141423439","merchant_id":"6008005629","nonce_str":"WX2VO37BN2M72PEY7HYMOIJ280Y818MS","pay_way":"WXZF","result_code":"0","sign":"686D13C21F2311428863D049C64758E2","status":"6","third_order_id":"2018061011414487810"}

2018-06-10 12:34:20:参数:{"service":"close_order","merchant_id":"0408001370","third_order_id":"2018061012333975373","nonce_str":"77YYHVRPUJEHRX9BDBVX97XTGWH9H5AE","sign":"A482E5EC1E690D977869BFE591652997"}

2018-06-10 12:34:21:返回:{"resp_code":"0","amount":"1160","leshua_order_id":"1806101233328458","merchant_id":"0408001370","nonce_str":"BTSZPG2J2Q21WWDZ36SLULT95SV2IN8M","pay_way":"ZFBZF","result_code":"0","sign":"4CDCD4027FC0D2E522D8AE28A661A181","status":"6","third_order_id":"2018061012333975373"}

2018-06-10 12:38:13:参数:{"service":"close_order","merchant_id":"0408001370","third_order_id":"2018061012373485628","nonce_str":"JA4IASY5X2DBFEJIDMGP3BSOWH4O08DS","sign":"FCFC1A71FBA44454BD528ACF7A339C33"}

2018-06-10 12:38:16:返回:{"resp_code":"0","amount":"1160","leshua_order_id":"1806101237305477","merchant_id":"0408001370","nonce_str":"WCFKMBNTSCC3U420HMHLDT8PKFN9RAPC","pay_way":"ZFBZF","result_code":"0","sign":"BB103825086F27D2E44A58198398B727","status":"6","third_order_id":"2018061012373485628"}

2018-06-10 13:03:07:参数:{"service":"close_order","merchant_id":"0408001370","third_order_id":"2018061013023277766","nonce_str":"AM61DFEBNWT8ULLCCEAKMEDK0KSOS4EK","sign":"D855922F0700B8E6DB7E6728361A87AF"}

2018-06-10 13:03:07:返回:{"resp_code":"0","amount":"2400","leshua_order_id":"1806101302339135","merchant_id":"0408001370","nonce_str":"EHXDWWKM657VY90VJRIN9H2KEC13Z9LI","pay_way":"WXZF","result_code":"0","sign":"1452DBFA69EEF490C1015B43689833F9","status":"6","third_order_id":"2018061013023277766"}

2018-06-10 13:03:43:参数:{"service":"close_order","merchant_id":"0408001370","third_order_id":"2018061013030838609","nonce_str":"5YK5E0RCHKEJ0924BLLS0S6AQ8FDMREG","sign":"2D7D9A5F290D97A6B036EC3CF032987E"}

2018-06-10 13:03:43:返回:{"resp_code":"0","amount":"2400","leshua_order_id":"1806101303039386","merchant_id":"0408001370","nonce_str":"U9FB7UYRJ120ERVUWA632JECGSCAVOQP","pay_way":"WXZF","result_code":"0","sign":"A685537D92233F3D992AC62EB11350CC","status":"6","third_order_id":"2018061013030838609"}

2018-06-10 17:03:12:参数:{"service":"close_order","merchant_id":"6008005629","third_order_id":"2018061017023893826","nonce_str":"0EACGAM7AW8U05LK1QIWYCTYGKFS8YZR","sign":"5BF586A63CF2FB74BDF485D0C42AF29F"}

2018-06-10 17:03:13:返回:{"resp_code":"0","amount":"490","leshua_order_id":"1806101702323962","merchant_id":"6008005629","nonce_str":"1B9LWXW14WO23URTN14UBOVYW5D1P9FX","pay_way":"WXZF","result_code":"0","sign":"85CCB4B52440B25336D7BD3D245902F5","status":"6","third_order_id":"2018061017023893826"}

2018-06-10 19:18:35:参数:{"service":"close_order","merchant_id":"6008005629","third_order_id":"2018061019180099679","nonce_str":"QMHT4BCHGFCGGPW8BGVMHS0INV6V4H9Y","sign":"9908901CB2EF201389DFA464B2F30C5B"}

2018-06-10 19:18:35:返回:{"resp_code":"0","amount":"1930","leshua_order_id":"1806101918000355","merchant_id":"6008005629","nonce_str":"PRL95Y17JHMC1SZMMF5A6TDD5CTER8J8","pay_way":"WXZF","result_code":"0","sign":"20A18BA9DAB3B88189B9448D10656DCB","status":"6","third_order_id":"2018061019180099679"}

