2018-06-10 02:05:49:参数:{"merchant_id":"6008005629","service":"query_status","third_order_id":"2018061002054766560","nonce_str":"JEXKP57Q18K817XV1RGEQ6MW6S6O63M2","sign":"FE13ACBDDCE17EB8546AFB2D4F88BBA0"}

2018-06-10 02:05:55:继续查询:{"resp_code":"0","amount":"7200","leshua_order_id":"1806100205428257","merchant_id":"6008005629","nonce_str":"IGHH1G9E63PGG7J2EUMHB3VR2N52U3JV","pay_way":"ZFBZF","result_code":"0","sign":"4D4BB25640D7B85340B824A2F41D442E","status":"0","third_order_id":"2018061002054766560"}

2018-06-10 02:05:55:参数:{"merchant_id":"6008005629","service":"query_status","third_order_id":"2018061002054766560","nonce_str":"5GP5BMIETXWDA3AEJYZ3KR2PJAGHDDEI","sign":"EF55B6C8888AD30C4F05BCBC077C464F"}

2018-06-10 02:05:57:支付成功:{"resp_code":"0","amount":"7200","bank_type":"PCREDIT","leshua_order_id":"1806100205428257","merchant_id":"6008005629","nonce_str":"NUZSQ0CGRJFDCVMSET5RUF1PH92479HV","openid":"2088902095736546","out_transaction_id":"2018061021001004540535745358","pay_time":"2018-06-10 02:05:53","pay_way":"ZFBZF","result_code":"0","sign":"69D428446660DE33BB699F7D0B04775F","status":"2","third_order_id":"2018061002054766560"}

2018-06-10 02:10:04:参数:{"merchant_id":"6008005629","service":"query_status","third_order_id":"2018061002100273281","nonce_str":"SRI7KVBHCJ8V4RIP9XK9VLNMK3MA98WD","sign":"D0146E5296E6B8F14ED5EBB1D5BEA9BC"}

2018-06-10 02:10:05:支付失败:{"resp_code":"0","amount":"760","leshua_order_id":"1806100210028337","merchant_id":"6008005629","nonce_str":"Z24QVTS2P3WQJ201HOR034M9HV0319F8","pay_way":"WXZF","result_code":"0","sign":"76EEB6DC8B81515A0FDA1C999302AB6C","status":"6","third_order_id":"2018061002100273281"}

2018-06-10 02:10:22:参数:{"merchant_id":"6008005629","service":"query_status","third_order_id":"2018061002102055087","nonce_str":"LYCFPAY8NYK4VWIA1TCGH2R0J3B95B0F","sign":"CD9AD95241D0FDC8B41F5BD6CF4D24CF"}

2018-06-10 02:10:27:继续查询:{"resp_code":"0","amount":"760","leshua_order_id":"1806100210228343","merchant_id":"6008005629","nonce_str":"KH8U3CQHW1BZQ5B3OTB5633CZNTIVU04","pay_way":"WXZF","result_code":"0","sign":"AE480E200DDA779DCC4123CDA84905B5","status":"0","third_order_id":"2018061002102055087"}

2018-06-10 02:10:27:参数:{"merchant_id":"6008005629","service":"query_status","third_order_id":"2018061002102055087","nonce_str":"3QS23SFDODWNIX5SCVNVHF3MS60SKYZ6","sign":"DFB4781B411861B5274C0BBC96DD5812"}

2018-06-10 02:10:33:继续查询:{"resp_code":"0","amount":"760","leshua_order_id":"1806100210228343","merchant_id":"6008005629","nonce_str":"UQB0WE75QYHMY5NGA9AIJ16ACZVCUGEK","pay_way":"WXZF","result_code":"0","sign":"0B4E38538BF0DDA76AB55D80C6F9A520","status":"0","third_order_id":"2018061002102055087"}

2018-06-10 02:10:33:参数:{"merchant_id":"6008005629","service":"query_status","third_order_id":"2018061002102055087","nonce_str":"P6QACIMV04UOVUPGIBCMUACWJM8FONK7","sign":"EF8AE845BA409731B46C5637A6B99CA9"}

2018-06-10 02:10:38:继续查询:{"resp_code":"0","amount":"760","leshua_order_id":"1806100210228343","merchant_id":"6008005629","nonce_str":"1UGKXLBECU3GBIAOLD9EUM58V153WG3I","pay_way":"WXZF","result_code":"0","sign":"CC3604999C0128A69FC911C0A87A3E48","status":"0","third_order_id":"2018061002102055087"}

2018-06-10 02:10:38:参数:{"merchant_id":"6008005629","service":"query_status","third_order_id":"2018061002102055087","nonce_str":"MAYS8T0SV73ULSZWF0L40XALSGB44V5Q","sign":"12F924A4614F1ABE962C77EC18B55B29"}

2018-06-10 02:10:44:继续查询:{"resp_code":"0","amount":"760","leshua_order_id":"1806100210228343","merchant_id":"6008005629","nonce_str":"VENGR0OAF9RGAKKGT8U6SC3U0U3NNCUK","pay_way":"WXZF","result_code":"0","sign":"39775278BB599C5EF2400849104DBF99","status":"0","third_order_id":"2018061002102055087"}

2018-06-10 02:10:44:参数:{"merchant_id":"6008005629","service":"query_status","third_order_id":"2018061002102055087","nonce_str":"686KS2DU0CSHQBDOUCJKZCKJ272I598O","sign":"224FF9C35E4D8AF21798E533D0757EA8"}

2018-06-10 02:10:49:继续查询:{"resp_code":"0","amount":"760","leshua_order_id":"1806100210228343","merchant_id":"6008005629","nonce_str":"773F5H2WDNHGMOZAE2RMQA3423AAPH8W","pay_way":"WXZF","result_code":"0","sign":"D3B13E67649B954306EBA8577C5A2F89","status":"0","third_order_id":"2018061002102055087"}

2018-06-10 02:10:49:参数:{"merchant_id":"6008005629","service":"query_status","third_order_id":"2018061002102055087","nonce_str":"6WBHR1NORPOTYGNZLTGTX7Y555D9LEGE","sign":"08AE7AC5F65F0E1C3F2A541FB61BEC4B"}

2018-06-10 02:10:55:继续查询:{"resp_code":"0","amount":"760","leshua_order_id":"1806100210228343","merchant_id":"6008005629","nonce_str":"RAPHTSV598JP4U5H1A6H62RE1CXS0V9Z","pay_way":"WXZF","result_code":"0","sign":"1DD57BFA444C2E249962ACCF883C24EF","status":"0","third_order_id":"2018061002102055087"}

2018-06-10 02:10:55:参数:{"merchant_id":"6008005629","service":"query_status","third_order_id":"2018061002102055087","nonce_str":"4W1K2IJ1EKVSY1Q49CVQ8OHL5A0KQ1RL","sign":"8D7C7916BC4CA65C6C1AAA3CEAF3C9BC"}

2018-06-10 06:08:43:参数:{"merchant_id":"6008005629","service":"query_status","third_order_id":"2018061006084176934","nonce_str":"PTPWGF7Y522Y3FNWE20CRCO7XOCVT72L","sign":"EC1BB2C50C999157227C94B0AED922B1"}

2018-06-10 06:08:44:支付失败:{"resp_code":"0","amount":"3820","leshua_order_id":"1806100608420680","merchant_id":"6008005629","nonce_str":"LGUUSTX8VS1PLOB2M3PD6OWB7A3YACKB","pay_way":"WXZF","result_code":"0","sign":"E0A16ABA9A0A3795B4DB8B21077BCB88","status":"6","third_order_id":"2018061006084176934"}

2018-06-10 06:44:37:参数:{"merchant_id":"6008005629","service":"query_status","third_order_id":"2018061006443611221","nonce_str":"N1NOA3VE0WEYGGRSJA343WUVXU9YI426","sign":"31E1EB9A30D903DB5A5E7399AB71ABAC"}

2018-06-10 06:44:43:继续查询:{"resp_code":"0","amount":"2610","leshua_order_id":"1806100644331841","merchant_id":"6008005629","nonce_str":"SDGLRD7C7RDNP0MV1FQWWHQPA5742ZC6","pay_way":"WXZF","result_code":"0","sign":"72A3FDDAC9C32EE6586D51A66169BEC5","status":"0","third_order_id":"2018061006443611221"}

2018-06-10 06:44:43:参数:{"merchant_id":"6008005629","service":"query_status","third_order_id":"2018061006443611221","nonce_str":"B0UOHUG3Q7U5XF4CRNQS052LP4SU76UF","sign":"4C52C8660CE5739F608EBB0436A01171"}

2018-06-10 06:44:43:支付成功:{"resp_code":"0","amount":"2610","bank_type":"CFT","leshua_order_id":"1806100644331841","merchant_id":"6008005629","nonce_str":"SIUOEKTCYCUCKGZYHPTB2HJVM3PGTXEX","openid":"o8uJ6uLHtd9tq6NIAKjS-k-Ho6y4","out_transaction_id":[],"pay_time":"2018-06-10 06:44:43","pay_way":"WXZF","result_code":"0","sign":"2ED5E1CA322963BD5DCAD714DC2B450B","status":"2","third_order_id":"2018061006443611221"}

2018-06-10 08:55:41:参数:{"merchant_id":"6008005629","service":"query_status","third_order_id":"2018061008553990220","nonce_str":"9SB5FSPZZ06ZHBW6PUS13Y0PMATOF7UM","sign":"D6686EA04126428C1F5F6B2DF6FED1A6"}

2018-06-10 08:55:46:继续查询:{"resp_code":"0","amount":"3760","leshua_order_id":"1806100855331615","merchant_id":"6008005629","nonce_str":"W1EA7OPSRTP0D1P7BUATJGC5433OKY24","pay_way":"WXZF","result_code":"0","sign":"634779BF1ECF9CA4C36B2F8161EEF895","status":"0","third_order_id":"2018061008553990220"}

2018-06-10 08:55:46:参数:{"merchant_id":"6008005629","service":"query_status","third_order_id":"2018061008553990220","nonce_str":"SWGXJZZCI3IQHPLSSVEXAZ4W6OFCQDZ4","sign":"41A128CBA9DCD4009FB542F73D1618FB"}

2018-06-10 08:55:52:继续查询:{"resp_code":"0","amount":"3760","leshua_order_id":"1806100855331615","merchant_id":"6008005629","nonce_str":"XE9V1BKAIPE6O3NCTIW4ZSLVFKCTRYT8","pay_way":"WXZF","result_code":"0","sign":"0A01918FFB299052D058CE025E125EF0","status":"0","third_order_id":"2018061008553990220"}

2018-06-10 08:55:52:参数:{"merchant_id":"6008005629","service":"query_status","third_order_id":"2018061008553990220","nonce_str":"BOT0G7LPISR5ILFNVHZFII0XZQ6OJDGJ","sign":"D3AD114E558542B63E1E84A40D258A69"}

2018-06-10 08:55:57:继续查询:{"resp_code":"0","amount":"3760","leshua_order_id":"1806100855331615","merchant_id":"6008005629","nonce_str":"UGZ8DHZWMBIK2NJ67GUS26UNCQGV0232","pay_way":"WXZF","result_code":"0","sign":"CA40C18CDD26F71DE9485A724B3E32D0","status":"0","third_order_id":"2018061008553990220"}

2018-06-10 08:55:57:参数:{"merchant_id":"6008005629","service":"query_status","third_order_id":"2018061008553990220","nonce_str":"NDCC6TY9NN3JSMSPWHWRZ7UKZFL75GRH","sign":"DF0CF87B0E6DFB2630D49B8C77D2611A"}

2018-06-10 08:56:03:继续查询:{"resp_code":"0","amount":"3760","leshua_order_id":"1806100855331615","merchant_id":"6008005629","nonce_str":"UZBCBQBF3QRHACKUVERDUONX5S8LQZ9M","pay_way":"WXZF","result_code":"0","sign":"F68AD2F6B80E637B8C9DC2ECE2715390","status":"0","third_order_id":"2018061008553990220"}

2018-06-10 08:56:03:参数:{"merchant_id":"6008005629","service":"query_status","third_order_id":"2018061008553990220","nonce_str":"0JDT2D36UNAI8X9KPL795E0NJEM6RGU6","sign":"8A366E8F24D7545886243433CF99C8DD"}

2018-06-10 08:56:08:继续查询:{"resp_code":"0","amount":"3760","leshua_order_id":"1806100855331615","merchant_id":"6008005629","nonce_str":"HLV0L40Y73HBV3HCXATL03NQ0G3GAH2C","pay_way":"WXZF","result_code":"0","sign":"8C45E04008911914619D2A80F6393D01","status":"0","third_order_id":"2018061008553990220"}

2018-06-10 08:56:08:参数:{"merchant_id":"6008005629","service":"query_status","third_order_id":"2018061008553990220","nonce_str":"YBPWMU01UX27CTJ81X7WT6GW9LOU16F4","sign":"3C2295D09499217F147C32385BC6A87E"}

2018-06-10 08:56:13:继续查询:{"resp_code":"0","amount":"3760","leshua_order_id":"1806100855331615","merchant_id":"6008005629","nonce_str":"KWB0X2TTENRQY7F7W4GNU32AC1RM7N8R","pay_way":"WXZF","result_code":"0","sign":"A428FCAA671C0ED62414F541075B642D","status":"0","third_order_id":"2018061008553990220"}

2018-06-10 08:56:13:参数:{"merchant_id":"6008005629","service":"query_status","third_order_id":"2018061008553990220","nonce_str":"IGO8CJG3X0E0XOGNA6XU9SRUUIEE4FSM","sign":"CEAA5BB8E2DC455300DB81D28C7BCEC1"}

2018-06-10 09:02:27:参数:{"merchant_id":"0408001370","service":"query_status","third_order_id":"2018061009022640243","nonce_str":"F2AUC9AGC06V5HRUPU9X1Z007GFUG738","sign":"60E8CC2B76EA6C260FE9BA4DB470B7AB"}

2018-06-10 09:02:33:继续查询:{"resp_code":"0","amount":"2400","leshua_order_id":"1806100902233695","merchant_id":"0408001370","nonce_str":"93CLHUZ2N4KBZ1BDZYZXKI68LORTATE9","pay_way":"ZFBZF","result_code":"0","sign":"EA59A6216C435BC7F24FEAA54DD58AA7","status":"0","third_order_id":"2018061009022640243"}

2018-06-10 09:02:33:参数:{"merchant_id":"0408001370","service":"query_status","third_order_id":"2018061009022640243","nonce_str":"F1V9N21ENWRZA7E018UPAMIW8MPLFO50","sign":"B04DA4057D97FFCC94AB89842F94E5AD"}

2018-06-10 09:02:39:继续查询:{"resp_code":"0","amount":"2400","leshua_order_id":"1806100902233695","merchant_id":"0408001370","nonce_str":"HYMYJ7VMJB619L7I0W4BJZF3W80AN9GF","pay_way":"ZFBZF","result_code":"0","sign":"547247BCB635A680E5752231DFE923CE","status":"0","third_order_id":"2018061009022640243"}

2018-06-10 09:02:39:参数:{"merchant_id":"0408001370","service":"query_status","third_order_id":"2018061009022640243","nonce_str":"X32PK3DAFYNOVKCC86EWP04HDTXQC6QX","sign":"6AFAAED0364EC69A18B1C0F46BCF2626"}

2018-06-10 09:02:44:继续查询:{"resp_code":"0","amount":"2400","leshua_order_id":"1806100902233695","merchant_id":"0408001370","nonce_str":"FT4GDIJTN0W56WG40I033EF3EBS7VRAV","pay_way":"ZFBZF","result_code":"0","sign":"DF715C3AD1A928A24DADC5F638E6D434","status":"0","third_order_id":"2018061009022640243"}

2018-06-10 09:02:44:参数:{"merchant_id":"0408001370","service":"query_status","third_order_id":"2018061009022640243","nonce_str":"0I17UMB54X9BEM19Z9K9QRLKOMFBJO95","sign":"D00C6A449490763DA4402369FE990477"}

2018-06-10 09:02:51:继续查询:{"resp_code":"0","amount":"2400","leshua_order_id":"1806100902233695","merchant_id":"0408001370","nonce_str":"9EPM9OFU23B0F8U24FIY2RY4MY7QGFAI","pay_way":"ZFBZF","result_code":"0","sign":"8C135FAFB24F56A2D5299B6C6CA27AD5","status":"0","third_order_id":"2018061009022640243"}

2018-06-10 09:02:51:参数:{"merchant_id":"0408001370","service":"query_status","third_order_id":"2018061009022640243","nonce_str":"NRYBA4DRDASMAQU3UEWZ12YX2XL1UOP5","sign":"292D350CFFB41A7C7E3653D2934BBCA3"}

2018-06-10 09:02:57:继续查询:{"resp_code":"0","amount":"2400","leshua_order_id":"1806100902233695","merchant_id":"0408001370","nonce_str":"BD77V4OIMDUROMGWCF27KNCX112AEF43","pay_way":"ZFBZF","result_code":"0","sign":"5DEB285249571177D18A1355B13B4C12","status":"0","third_order_id":"2018061009022640243"}

2018-06-10 09:02:57:参数:{"merchant_id":"0408001370","service":"query_status","third_order_id":"2018061009022640243","nonce_str":"E59BBIH0YQPQOSER3TQB1HD4XPXW6OVS","sign":"F8CBCD21DE4C027371C76279885DFAC8"}

2018-06-10 09:03:04:继续查询:{"resp_code":"0","amount":"2400","leshua_order_id":"1806100902233695","merchant_id":"0408001370","nonce_str":"VXVB9ZD2GLL9C7RKD8L0MXNAX59C3HJ9","pay_way":"ZFBZF","result_code":"0","sign":"E4B0B417A00046FEC25B0AA0D5257EE5","status":"0","third_order_id":"2018061009022640243"}

2018-06-10 09:03:04:参数:{"merchant_id":"0408001370","service":"query_status","third_order_id":"2018061009022640243","nonce_str":"YK9K0GSYSZCQZI354BI2G98C6E2MHU5E","sign":"648B684CA70D40EF72E6CB4FB6BB72FE"}

2018-06-10 09:03:14:参数:{"merchant_id":"0408001370","service":"query_status","third_order_id":"2018061009031013238","nonce_str":"EREE1MV0TJ6DWT69VQBNZ6O39B3FN9XZ","sign":"46092AF17519A1AE8CA04150CE7158C3"}

2018-06-10 09:03:19:继续查询:{"resp_code":"0","amount":"2400","leshua_order_id":"1806100903133957","merchant_id":"0408001370","nonce_str":"L8HZ5SHFWZWVYSZ0RL31C49TPTYWH4XS","pay_way":"ZFBZF","result_code":"0","sign":"E93743834F8B47751E8B6656AE0E9E2F","status":"0","third_order_id":"2018061009031013238"}

2018-06-10 09:03:19:参数:{"merchant_id":"0408001370","service":"query_status","third_order_id":"2018061009031013238","nonce_str":"G1GUVYXYESZ5OKV5R8KDNFBLR9OWEQ8U","sign":"8F1751B24839B77E50317E1F4E45B79E"}

2018-06-10 09:03:25:继续查询:{"resp_code":"0","amount":"2400","leshua_order_id":"1806100903133957","merchant_id":"0408001370","nonce_str":"VIEQR22HPMMKU04MPDC2179JRNOV19QE","pay_way":"ZFBZF","result_code":"0","sign":"6333957BED79C3C8E26F4C74CB6573C6","status":"0","third_order_id":"2018061009031013238"}

2018-06-10 09:03:25:参数:{"merchant_id":"0408001370","service":"query_status","third_order_id":"2018061009031013238","nonce_str":"CWMBN6TPDRBFU9SROEOARSPO5RA3CWNZ","sign":"0C4C3CBE1CF6EB537452730506B8ABE7"}

2018-06-10 09:03:30:继续查询:{"resp_code":"0","amount":"2400","leshua_order_id":"1806100903133957","merchant_id":"0408001370","nonce_str":"XHLSSA2JWKM8237DBA1PSCZZQSDW8EEL","pay_way":"ZFBZF","result_code":"0","sign":"106810F07AAFCFCB7DF707FF911B89CF","status":"0","third_order_id":"2018061009031013238"}

2018-06-10 09:03:30:参数:{"merchant_id":"0408001370","service":"query_status","third_order_id":"2018061009031013238","nonce_str":"R174VW9AOT09ZHYOQMJN7Z19SDJ9K5JB","sign":"904D41F06E7E780DA4408F537052DC8F"}

2018-06-10 09:03:36:继续查询:{"resp_code":"0","amount":"2400","leshua_order_id":"1806100903133957","merchant_id":"0408001370","nonce_str":"S8W7U8VR7GP9D308Y3NQ2ICEHLQVYN17","pay_way":"ZFBZF","result_code":"0","sign":"8264548C93478B18EAF61F6D705CA4B4","status":"0","third_order_id":"2018061009031013238"}

2018-06-10 09:03:36:参数:{"merchant_id":"0408001370","service":"query_status","third_order_id":"2018061009031013238","nonce_str":"1NP4S2D2CKR23EPPKL5NI24MKZKFAJFK","sign":"C330B3E0B06276DC6282E39B947AB7AD"}

2018-06-10 09:03:41:继续查询:{"resp_code":"0","amount":"2400","leshua_order_id":"1806100903133957","merchant_id":"0408001370","nonce_str":"TOOG2J0K4SZ85PBGKNHDLW7S7B0P5D8P","pay_way":"ZFBZF","result_code":"0","sign":"92A59F742E2AEEC3D9AD49CF271ED034","status":"0","third_order_id":"2018061009031013238"}

2018-06-10 09:03:41:参数:{"merchant_id":"0408001370","service":"query_status","third_order_id":"2018061009031013238","nonce_str":"2U1ZJ7UABFXLBJZJSDYGPL3TM5GIFKKB","sign":"F9914452ECFBC8404A71E091F879E79C"}

2018-06-10 09:03:48:继续查询:{"resp_code":"0","amount":"2400","leshua_order_id":"1806100903133957","merchant_id":"0408001370","nonce_str":"9ABX01YD6T9RHKQZ22OKI1MDJMJEUYRS","pay_way":"ZFBZF","result_code":"0","sign":"5F86FC889988F92C5F02927644AB2CF4","status":"0","third_order_id":"2018061009031013238"}

2018-06-10 09:03:48:参数:{"merchant_id":"0408001370","service":"query_status","third_order_id":"2018061009031013238","nonce_str":"JN0NB4HZGUL2Z4ZSNOXM724EYGYURFEP","sign":"A6B15D16BF64F5010EA5019E80C4890A"}

2018-06-10 09:43:54:参数:{"merchant_id":"6008005629","service":"query_status","third_order_id":"2018061009435178682","nonce_str":"T33JGQNSQSJ5IBY4UYT9BG7QC2CMXFVG","sign":"2E48986619ADF1A8BAF285D6DEFA99B9"}

2018-06-10 09:43:54:支付失败:{"resp_code":"0","amount":"680","leshua_order_id":"1806100943530058","merchant_id":"6008005629","nonce_str":"O4DBFGYOZG52DXM6RAZS9LE8OGSOTTBC","pay_way":"WXZF","result_code":"0","sign":"D385ECC30894FD11DF878666BD60B1C6","status":"6","third_order_id":"2018061009435178682"}

2018-06-10 09:44:05:参数:{"merchant_id":"6008005629","service":"query_status","third_order_id":"2018061009440454172","nonce_str":"0LULVGUI6QT52S4NKF8P18VX69C9XIJX","sign":"E999F61197078D442C91F22B41D7659A"}

2018-06-10 09:44:10:继续查询:{"resp_code":"0","amount":"680","leshua_order_id":"1806100944030144","merchant_id":"6008005629","nonce_str":"FOWZEBZ10QBV2D979LLK0L9S43B4WVS1","pay_way":"WXZF","result_code":"0","sign":"A9C3B3CA93C362D6CB801E86557CBAC2","status":"0","third_order_id":"2018061009440454172"}

2018-06-10 09:44:10:参数:{"merchant_id":"6008005629","service":"query_status","third_order_id":"2018061009440454172","nonce_str":"W6YHZRCUQIL2ATM9YM8382OO9LU2E1GO","sign":"D735F83B79F26CD3D7687E388370FB8A"}

2018-06-10 09:44:16:继续查询:{"resp_code":"0","amount":"680","leshua_order_id":"1806100944030144","merchant_id":"6008005629","nonce_str":"VEFL4ZE0YNPBLBOR5P0UIVR8M7OUK2S8","pay_way":"WXZF","result_code":"0","sign":"1AA8541E682A3BD5A2406AB1968E11CC","status":"0","third_order_id":"2018061009440454172"}

2018-06-10 09:44:16:参数:{"merchant_id":"6008005629","service":"query_status","third_order_id":"2018061009440454172","nonce_str":"JAHI1AB2NWVLIDSPXF1IVJTHET9HMS9I","sign":"A273085619261F58853B638A0BAD33DE"}

2018-06-10 09:44:21:继续查询:{"resp_code":"0","amount":"680","leshua_order_id":"1806100944030144","merchant_id":"6008005629","nonce_str":"X02GVVQ4FAB45M8HC57G139ISF8ANR7A","pay_way":"WXZF","result_code":"0","sign":"B03F7E83D17E17242698C3C6CE40E275","status":"0","third_order_id":"2018061009440454172"}

2018-06-10 09:44:21:参数:{"merchant_id":"6008005629","service":"query_status","third_order_id":"2018061009440454172","nonce_str":"DV4HIWNEMMEYVXEVI7W2VEL85WAW8NY5","sign":"7C09A9D9276F67D68C80F44FE076B930"}

2018-06-10 09:44:27:继续查询:{"resp_code":"0","amount":"680","leshua_order_id":"1806100944030144","merchant_id":"6008005629","nonce_str":"NDH2X6VVDOYOUEJC113DTEHEX8IP5HEH","pay_way":"WXZF","result_code":"0","sign":"2BFE3F8D0D1D730A8698BB0719CA4103","status":"0","third_order_id":"2018061009440454172"}

2018-06-10 09:44:27:参数:{"merchant_id":"6008005629","service":"query_status","third_order_id":"2018061009440454172","nonce_str":"WI4ZSBL4EKTPPEG1KJ84EO50PD3REJ8F","sign":"26DEA3CB26FD82797A77D1EE316D960F"}

2018-06-10 09:44:27:支付失败:{"resp_code":"0","amount":"680","leshua_order_id":"1806100944030144","merchant_id":"6008005629","nonce_str":"SDZV6W1TQ3DLXH94A2LW77O3S61TVOW8","pay_way":"WXZF","result_code":"0","sign":"669A891CE20A948925DA94349DE59E28","status":"8","third_order_id":"2018061009440454172"}

2018-06-10 09:44:34:参数:{"merchant_id":"6008005629","service":"query_status","third_order_id":"2018061009443322739","nonce_str":"0F09XKXSEK0MZTURQMHANMAJS4TO3XI4","sign":"EA68EA9742E3EEB9EEDEBCDA1F767B06"}

2018-06-10 09:44:40:继续查询:{"resp_code":"0","amount":"680","leshua_order_id":"1806100944302693","merchant_id":"6008005629","nonce_str":"O69UG4RMSRQAD17G89OGKTXQUHIQYOHG","pay_way":"WXZF","result_code":"0","sign":"5A2D96FF61F08921F21131D63FC98A51","status":"0","third_order_id":"2018061009443322739"}

2018-06-10 09:44:40:参数:{"merchant_id":"6008005629","service":"query_status","third_order_id":"2018061009443322739","nonce_str":"CHHZ6DQ1WP8NVXBKNXP2VHCM9XSR98K0","sign":"3DBB74C20855304664F8DE2D5BFE55C3"}

2018-06-10 09:44:40:支付失败:{"resp_code":"0","amount":"680","leshua_order_id":"1806100944302693","merchant_id":"6008005629","nonce_str":"ZD04E3EE1M11ZBY7UXH75OW2MVBCMVTD","pay_way":"WXZF","result_code":"0","sign":"AB486AE6F2F1E9A32C590F20092ED142","status":"8","third_order_id":"2018061009443322739"}

2018-06-10 10:03:03:参数:{"merchant_id":"6008005629","service":"query_status","third_order_id":"2018061010030328206","nonce_str":"0XFF9H0K9GUT28YGO582LHZP28EOC11S","sign":"9B7215EE91394402E13849FEE6B368CD"}

2018-06-10 10:03:09:继续查询:{"resp_code":"0","amount":"1830","leshua_order_id":"1806101003008442","merchant_id":"6008005629","nonce_str":"PX5F0RH6NDM8DIK0OUSWPAORYA8CHFGQ","pay_way":"WXZF","result_code":"0","sign":"26E595A2E8A61A16B64254879E88C4D4","status":"0","third_order_id":"2018061010030328206"}

2018-06-10 10:03:09:参数:{"merchant_id":"6008005629","service":"query_status","third_order_id":"2018061010030328206","nonce_str":"3HDR2CD2B8SYDQQL3YOAPXON2WUKUCVF","sign":"6EE3A94F92A242E011FB7C26F47897A8"}

2018-06-10 10:03:14:继续查询:{"resp_code":"0","amount":"1830","leshua_order_id":"1806101003008442","merchant_id":"6008005629","nonce_str":"ASVBRLTQ90FCZD6TFHQ22XX0K1JLDQA0","pay_way":"WXZF","result_code":"0","sign":"881609EA56EA95ED031261854FBEF5B1","status":"0","third_order_id":"2018061010030328206"}

2018-06-10 10:03:14:参数:{"merchant_id":"6008005629","service":"query_status","third_order_id":"2018061010030328206","nonce_str":"UGR68K9TZWXRI5PPKZ3TBYHQ4YLW8TYY","sign":"E16F85C3E52CC2C0CADEF5CAC0DB4531"}

2018-06-10 10:03:20:继续查询:{"resp_code":"0","amount":"1830","leshua_order_id":"1806101003008442","merchant_id":"6008005629","nonce_str":"4W1DHB31BSD81AK1DY5MVY9UYSROC8VH","pay_way":"WXZF","result_code":"0","sign":"1208E8D2381FDDE4DB7B2D4E7AB9B621","status":"0","third_order_id":"2018061010030328206"}

2018-06-10 10:03:20:参数:{"merchant_id":"6008005629","service":"query_status","third_order_id":"2018061010030328206","nonce_str":"YEGUHM2E3XOC7BLP0DBB1UFAVAE130LI","sign":"B67F82FCAEFD69F70516794B6688FB25"}

2018-06-10 10:03:25:继续查询:{"resp_code":"0","amount":"1830","leshua_order_id":"1806101003008442","merchant_id":"6008005629","nonce_str":"8L1PVUE52D28JXNY6V9LJ2M3XU95Z71F","pay_way":"WXZF","result_code":"0","sign":"6A17A970E3C25324C7BA610778B82C72","status":"0","third_order_id":"2018061010030328206"}

2018-06-10 10:03:25:参数:{"merchant_id":"6008005629","service":"query_status","third_order_id":"2018061010030328206","nonce_str":"EUQTNRUU76PBYF8TMNGMRRNALRN7CSNV","sign":"855C20FD8413A3B9491BE0E06480D8EB"}

2018-06-10 10:03:31:继续查询:{"resp_code":"0","amount":"1830","leshua_order_id":"1806101003008442","merchant_id":"6008005629","nonce_str":"TOS64DVWEETZWX2QSFS33BGPN2JB9IYM","pay_way":"WXZF","result_code":"0","sign":"022C851C0B314B99AE578ABFB1F77CE0","status":"0","third_order_id":"2018061010030328206"}

2018-06-10 10:03:31:参数:{"merchant_id":"6008005629","service":"query_status","third_order_id":"2018061010030328206","nonce_str":"1CN7AKMBRP7O9FSUHAYW8JC1FXIY2H8D","sign":"F33715ACA765B8E8F1C922285DE1D788"}

2018-06-10 10:03:36:继续查询:{"resp_code":"0","amount":"1830","leshua_order_id":"1806101003008442","merchant_id":"6008005629","nonce_str":"XRCDUBYRH6XIA35NDESYZX9MRXQL4CU5","pay_way":"WXZF","result_code":"0","sign":"A4DCB16EE5B1B2F39C4309C5DB9E7A12","status":"0","third_order_id":"2018061010030328206"}

2018-06-10 10:03:36:参数:{"merchant_id":"6008005629","service":"query_status","third_order_id":"2018061010030328206","nonce_str":"YI0UQN5XUU5DOA76ONETP80BBTLLFCAD","sign":"EB270756748669800308B2205FCA31AE"}

2018-06-10 10:13:47:参数:{"merchant_id":"6008005629","service":"query_status","third_order_id":"2018061010134690139","nonce_str":"CMVER6F1ODI11Z3GOO8GXVNFP3RMJTGH","sign":"B82116CECA407E693A572BEC4757947B"}

2018-06-10 10:13:53:继续查询:{"resp_code":"0","amount":"1300","leshua_order_id":"1806101013434080","merchant_id":"6008005629","nonce_str":"70716SSD7JS8UJT6U83GZ7VX61KR8JGC","pay_way":"WXZF","result_code":"0","sign":"7A40783B9C29885753C5CB7F96BE9DF7","status":"0","third_order_id":"2018061010134690139"}

2018-06-10 10:13:53:参数:{"merchant_id":"6008005629","service":"query_status","third_order_id":"2018061010134690139","nonce_str":"KZFR4UTLHD7H7VCUXCI7RPUAHRMJ07YC","sign":"76036CC8C1543F20797C691F8BE7331D"}

2018-06-10 10:13:58:继续查询:{"resp_code":"0","amount":"1300","leshua_order_id":"1806101013434080","merchant_id":"6008005629","nonce_str":"WPQKHLGZ3M5HI9DR2UO1P6LJMK6O7O8J","pay_way":"WXZF","result_code":"0","sign":"C0988A1F2C1FC183154BDF66B0C6265B","status":"0","third_order_id":"2018061010134690139"}

2018-06-10 10:13:58:参数:{"merchant_id":"6008005629","service":"query_status","third_order_id":"2018061010134690139","nonce_str":"FILLWJCSLL4MA1M5PJZNQRAR02MCQVMH","sign":"A40F84AE76FAB207361C85663034B7B8"}

2018-06-10 10:14:04:继续查询:{"resp_code":"0","amount":"1300","leshua_order_id":"1806101013434080","merchant_id":"6008005629","nonce_str":"HH8KXRE8LCE7XBOQO0EMPFZ3R3IK1W9X","pay_way":"WXZF","result_code":"0","sign":"9B31664FAF04F2BAA34FCFFE2BEBE814","status":"0","third_order_id":"2018061010134690139"}

2018-06-10 10:14:04:参数:{"merchant_id":"6008005629","service":"query_status","third_order_id":"2018061010134690139","nonce_str":"AI3W1ZI6S72B26SITGWYP2S9QG2SCETV","sign":"BA01792EED5D4B44E0FB7DF7875B39A9"}

2018-06-10 10:14:09:继续查询:{"resp_code":"0","amount":"1300","leshua_order_id":"1806101013434080","merchant_id":"6008005629","nonce_str":"MXWSUBIW72ND9POQVQOIY7V5KHWD79G2","pay_way":"WXZF","result_code":"0","sign":"E6D182A356396D5266D9B7DD61534B70","status":"0","third_order_id":"2018061010134690139"}

2018-06-10 10:14:09:参数:{"merchant_id":"6008005629","service":"query_status","third_order_id":"2018061010134690139","nonce_str":"WJFODMEN5PK29AOCBKDWA1J94HCLGIC8","sign":"4B51B9E44AEF56C752A9A5D3FEBD9F44"}

2018-06-10 10:14:15:继续查询:{"resp_code":"0","amount":"1300","leshua_order_id":"1806101013434080","merchant_id":"6008005629","nonce_str":"BKUTL1TEDJRCJIOZI09GFUGLYY8JWIRJ","pay_way":"WXZF","result_code":"0","sign":"D867440E25DFCC783A31C747517D68D2","status":"0","third_order_id":"2018061010134690139"}

2018-06-10 10:14:15:参数:{"merchant_id":"6008005629","service":"query_status","third_order_id":"2018061010134690139","nonce_str":"L23Q9AYMLV8LZCK373NR73FQQBXLLHM4","sign":"9B7AC165F44E67B1ECF441FE3CEA4EEA"}

2018-06-10 10:14:20:继续查询:{"resp_code":"0","amount":"1300","leshua_order_id":"1806101013434080","merchant_id":"6008005629","nonce_str":"KZPMO13K06BI3AEA7DA3KREPZ0K17UEP","pay_way":"WXZF","result_code":"0","sign":"8A307E4A4933DE286733ADFA5F607F01","status":"0","third_order_id":"2018061010134690139"}

2018-06-10 10:14:20:参数:{"merchant_id":"6008005629","service":"query_status","third_order_id":"2018061010134690139","nonce_str":"OAXITALVEKJXUM8JVQ330ZVHJ0G9T2JQ","sign":"564E58BCB9688F2AFF74E73EA7281EA3"}

2018-06-10 10:15:09:参数:{"merchant_id":"6008005629","service":"query_status","third_order_id":"2018061010150829067","nonce_str":"D5RDSUX1DKD5028SM5JJVBN2HU2QJ7J2","sign":"B82B6643C4281A58A3273E30E65B417A"}

2018-06-10 10:15:15:继续查询:{"resp_code":"0","amount":"1300","leshua_order_id":"1806101015002631","merchant_id":"6008005629","nonce_str":"DI76Y45Y1CE7TTX83Y9MF7AB0LKNTP4R","pay_way":"WXZF","result_code":"0","sign":"9AC9CDF8A1F349EB99C450598710C8B2","status":"0","third_order_id":"2018061010150829067"}

2018-06-10 10:15:15:参数:{"merchant_id":"6008005629","service":"query_status","third_order_id":"2018061010150829067","nonce_str":"3G4WIBU2VIZO589IP33J53BHUWVRPD68","sign":"3AA1B44B2E4706AFD5CE0ADF16BB4DB9"}

2018-06-10 10:15:20:继续查询:{"resp_code":"0","amount":"1300","leshua_order_id":"1806101015002631","merchant_id":"6008005629","nonce_str":"HN5JVCVGFG8BW7NXYWLXD4QVCWEPA4X0","pay_way":"WXZF","result_code":"0","sign":"8D9CB530E7264F583E425AFB9010B930","status":"0","third_order_id":"2018061010150829067"}

2018-06-10 10:15:20:参数:{"merchant_id":"6008005629","service":"query_status","third_order_id":"2018061010150829067","nonce_str":"EDEY6WO6SWW9Z92Q0OZVLQKIY1RGULQY","sign":"4BC7979EBAFADC1C8503DB6C3BA93022"}

2018-06-10 10:15:21:支付成功:{"resp_code":"0","amount":"1300","bank_type":"CFT","leshua_order_id":"1806101015002631","merchant_id":"6008005629","nonce_str":"FNSXANJ96WUF411RTMD2PTF5AKRTETTQ","openid":"o8uJ6uB9nYV8JeHzB2O0px7pTXEk","out_transaction_id":[],"pay_time":"2018-06-10 10:15:20","pay_way":"WXZF","result_code":"0","sign":"518CF4AB014391B54912D0B559C2B8A7","status":"2","third_order_id":"2018061010150829067"}

2018-06-10 10:53:37:参数:{"merchant_id":"6008005629","service":"query_status","third_order_id":"2018061010533574323","nonce_str":"VPSR1ITBHZD9DIARBO24SDII968PLLFL","sign":"68822E406DDF479A6D032E544BF45CEE"}

2018-06-10 10:53:38:支付失败:{"resp_code":"0","amount":"4750","leshua_order_id":"1806101053329801","merchant_id":"6008005629","nonce_str":"ZLGOIBT8V0SGY08RX6ER0WIFRDNA1CQF","pay_way":"WXZF","result_code":"0","sign":"396D48302FD4424C46E8A33E8AD8D39C","status":"6","third_order_id":"2018061010533574323"}

2018-06-10 11:03:56:参数:{"merchant_id":"6008005629","service":"query_status","third_order_id":"2018061011035548444","nonce_str":"ELQWDYRXEODP2HRIXE8RT1RSKHF8Z1SZ","sign":"E4DA677CC99F858E7C3216C459733586"}

2018-06-10 11:04:02:继续查询:{"resp_code":"0","amount":"1100","leshua_order_id":"1806101103500220","merchant_id":"6008005629","nonce_str":"5OKYZQ3NQRJIK4W1XIONGEQ9E8CUCW40","pay_way":"WXZF","result_code":"0","sign":"A27496B06E1CD9E885CE1E379E1696FD","status":"0","third_order_id":"2018061011035548444"}

2018-06-10 11:04:02:参数:{"merchant_id":"6008005629","service":"query_status","third_order_id":"2018061011035548444","nonce_str":"66HRKS8GXNZH6ORS52WIKDJNVC3J2G8M","sign":"F4BAB7ACB3EBBD2E42323D781FBDE030"}

2018-06-10 11:04:07:继续查询:{"resp_code":"0","amount":"1100","leshua_order_id":"1806101103500220","merchant_id":"6008005629","nonce_str":"54X1ZLYN9PNXWEY0P5MFFC6S60C6074Y","pay_way":"WXZF","result_code":"0","sign":"5F1FBAA958A0E135029A258FD4B5A26D","status":"0","third_order_id":"2018061011035548444"}

2018-06-10 11:04:07:参数:{"merchant_id":"6008005629","service":"query_status","third_order_id":"2018061011035548444","nonce_str":"ORT7YU4SNYWXQGVWFS5W2H5ORFA64J5T","sign":"EF41CF06471808468A5D011F26113BC8"}

2018-06-10 11:04:13:继续查询:{"resp_code":"0","amount":"1100","leshua_order_id":"1806101103500220","merchant_id":"6008005629","nonce_str":"QCISBTM8YXYE41QYOW673AI8CO5FZVX0","pay_way":"WXZF","result_code":"0","sign":"2D4A06901EBE934FCB2BA9C6326F9DEC","status":"0","third_order_id":"2018061011035548444"}

2018-06-10 11:04:13:参数:{"merchant_id":"6008005629","service":"query_status","third_order_id":"2018061011035548444","nonce_str":"X8G5USNB4UCWSNPI8DAWD0J4ODO01MOU","sign":"D97C3E54517AA8C832279F75A6DC5E7C"}

2018-06-10 11:04:18:继续查询:{"resp_code":"0","amount":"1100","leshua_order_id":"1806101103500220","merchant_id":"6008005629","nonce_str":"ABDF60PYF2V8VUWAHDPS5MQD3GG5LI3W","pay_way":"WXZF","result_code":"0","sign":"D89D78EBB8EE2BFA24675E2EAAEF4BDB","status":"0","third_order_id":"2018061011035548444"}

2018-06-10 11:04:18:参数:{"merchant_id":"6008005629","service":"query_status","third_order_id":"2018061011035548444","nonce_str":"8XOL5WIXD3ACDZ4WIFG8LPIQHF1GJ9L5","sign":"66C0DD5D231E62F129ABA9B3A372658A"}

2018-06-10 11:04:24:继续查询:{"resp_code":"0","amount":"1100","leshua_order_id":"1806101103500220","merchant_id":"6008005629","nonce_str":"79IAN9HG5C1T0GEQVGWM1SMP1168J2XK","pay_way":"WXZF","result_code":"0","sign":"519533053F72DD0E2BFA483FF9951945","status":"0","third_order_id":"2018061011035548444"}

2018-06-10 11:04:24:参数:{"merchant_id":"6008005629","service":"query_status","third_order_id":"2018061011035548444","nonce_str":"75MKS1DQBPR7PEDVP5I8X5JF7QUG0R2P","sign":"6D05E3213B42FA04CBA3F265C9FFEAAF"}

2018-06-10 11:04:29:继续查询:{"resp_code":"0","amount":"1100","leshua_order_id":"1806101103500220","merchant_id":"6008005629","nonce_str":"7H52YU2SH1VETSSJ7TPMLKURC3MWNAVX","pay_way":"WXZF","result_code":"0","sign":"B2C1CACF1C45EF174A8D5308FB5F1223","status":"0","third_order_id":"2018061011035548444"}

2018-06-10 11:04:29:参数:{"merchant_id":"6008005629","service":"query_status","third_order_id":"2018061011035548444","nonce_str":"I6U38NM7GHNBIGFR18UO4AK73TRGKDW9","sign":"D85F091F9EB41DAF885B293C89646E56"}

2018-06-10 11:41:45:参数:{"merchant_id":"6008005629","service":"query_status","third_order_id":"2018061011414487810","nonce_str":"NVLHOGFOVCZJXW9FCL8D15MNVGB1HWO3","sign":"154F6BD1334E35960E3CC6DCF29CD70E"}

2018-06-10 11:41:50:继续查询:{"resp_code":"0","amount":"1450","leshua_order_id":"1806101141423439","merchant_id":"6008005629","nonce_str":"MR3X5KG6GYRCBW0O3ABXL7DG7EIIXFD5","pay_way":"WXZF","result_code":"0","sign":"BAC974C06DA8A4494A7AF2D1ACFA7438","status":"0","third_order_id":"2018061011414487810"}

2018-06-10 11:41:50:参数:{"merchant_id":"6008005629","service":"query_status","third_order_id":"2018061011414487810","nonce_str":"QN80V6MDBCDZAGWWTDWFTWMHKO4EGE5J","sign":"1D207D04785600A9C9012E3BA32BE798"}

2018-06-10 11:41:56:继续查询:{"resp_code":"0","amount":"1450","leshua_order_id":"1806101141423439","merchant_id":"6008005629","nonce_str":"05OCFSB48VAYJVMHE3QQARHMK7HP8EBT","pay_way":"WXZF","result_code":"0","sign":"3CA8AA6FC95FCBDC3E74C8E29E3CC44C","status":"0","third_order_id":"2018061011414487810"}

2018-06-10 11:41:56:参数:{"merchant_id":"6008005629","service":"query_status","third_order_id":"2018061011414487810","nonce_str":"N12638HOZZIQCDQ6VXG93FYXKI62UA1K","sign":"33A01087582DB9A4E9CE694997C3D64A"}

2018-06-10 11:42:01:继续查询:{"resp_code":"0","amount":"1450","leshua_order_id":"1806101141423439","merchant_id":"6008005629","nonce_str":"XRGPQLQSK886Y9X1V8O91I5SALLV4I1G","pay_way":"WXZF","result_code":"0","sign":"3E8D895AF81020B6E10FBD0A1F0A1132","status":"0","third_order_id":"2018061011414487810"}

2018-06-10 11:42:01:参数:{"merchant_id":"6008005629","service":"query_status","third_order_id":"2018061011414487810","nonce_str":"V3YIILDD84B2YLLCYL859T9JPUA0QPUI","sign":"B60D46FEC155C2AE2876BAADF4E6173C"}

2018-06-10 11:42:07:继续查询:{"resp_code":"0","amount":"1450","leshua_order_id":"1806101141423439","merchant_id":"6008005629","nonce_str":"9MT12SENYKPCRI4KPBF8LY74J6SNPBRB","pay_way":"WXZF","result_code":"0","sign":"32B2C02B9B8812418843D0A08CBD2EBD","status":"0","third_order_id":"2018061011414487810"}

2018-06-10 11:42:07:参数:{"merchant_id":"6008005629","service":"query_status","third_order_id":"2018061011414487810","nonce_str":"1ADRNFDD7LGHTRNOVOOBO7M5TFXZP4VM","sign":"352EB570E5C3437BAA876B1B476A739C"}

2018-06-10 11:42:12:继续查询:{"resp_code":"0","amount":"1450","leshua_order_id":"1806101141423439","merchant_id":"6008005629","nonce_str":"7VIXCQKI8OPCIWP62AWZA0ILVCBZKSH1","pay_way":"WXZF","result_code":"0","sign":"E72708A9219F5B2C7054DB7D72851FB0","status":"0","third_order_id":"2018061011414487810"}

2018-06-10 11:42:12:参数:{"merchant_id":"6008005629","service":"query_status","third_order_id":"2018061011414487810","nonce_str":"O5AQLSX5I9Q0MYYW1LQMBQQEEST8CEAT","sign":"766EC96402A1835C72260DB91F30157A"}

2018-06-10 11:42:18:继续查询:{"resp_code":"0","amount":"1450","leshua_order_id":"1806101141423439","merchant_id":"6008005629","nonce_str":"8EF231BY3AVM0L5E50OY2ETZ1E02QSY5","pay_way":"WXZF","result_code":"0","sign":"CB342294EF82014AFFA7B627E207E0E1","status":"0","third_order_id":"2018061011414487810"}

2018-06-10 11:42:18:参数:{"merchant_id":"6008005629","service":"query_status","third_order_id":"2018061011414487810","nonce_str":"7PT8FS718JFNLE5YAH5FLZ7MK1X6MENU","sign":"3DF098ABDD6ACF19E64D0EF38797E8DB"}

2018-06-10 11:42:56:参数:{"merchant_id":"6008005629","service":"query_status","third_order_id":"2018061011425426071","nonce_str":"84W33VW2VU5VLOK56D2DVD1PQVPZCAFD","sign":"F50AA2C49343D45B2D1AB9A7813D564F"}

2018-06-10 11:43:01:继续查询:{"resp_code":"0","amount":"1500","leshua_order_id":"1806101142505289","merchant_id":"6008005629","nonce_str":"MEG8UTRI02IZPHJ94HBLMUXB4Y2WOTIY","pay_way":"WXZF","result_code":"0","sign":"D4A3894821FC405F144401B73AD2952D","status":"0","third_order_id":"2018061011425426071"}

2018-06-10 11:43:01:参数:{"merchant_id":"6008005629","service":"query_status","third_order_id":"2018061011425426071","nonce_str":"SX15H4OFIGFCU2INENBF8PD3ED5D4S1X","sign":"A842257D088013EC8338C492D84A8313"}

2018-06-10 11:43:07:继续查询:{"resp_code":"0","amount":"1500","leshua_order_id":"1806101142505289","merchant_id":"6008005629","nonce_str":"IVIJK3ICRUHS6IVLT9VI02F9ZJUG1NE5","pay_way":"WXZF","result_code":"0","sign":"6724AEC1311DEFE5991222B8EEAE8DE2","status":"0","third_order_id":"2018061011425426071"}

2018-06-10 11:43:07:参数:{"merchant_id":"6008005629","service":"query_status","third_order_id":"2018061011425426071","nonce_str":"KZO806AW43R7EGCBXUVVBWK32LSWSD4R","sign":"68C25E4A5402A7700B47F224B8E054C4"}

2018-06-10 11:43:07:支付成功:{"resp_code":"0","amount":"1500","bank_type":"CFT","leshua_order_id":"1806101142505289","merchant_id":"6008005629","nonce_str":"8XANUVBV25WEJJ6Z77PTG0PPH5G9Z1RE","openid":"o8uJ6uDcvODPmxykYW_ogyJy_BJA","out_transaction_id":[],"pay_time":"2018-06-10 11:43:07","pay_way":"WXZF","result_code":"0","sign":"ACCED04F4982A89F0633E879ACCB30E9","status":"2","third_order_id":"2018061011425426071"}

2018-06-10 11:43:18:参数:{"merchant_id":"6008005629","service":"query_status","third_order_id":"2018061011431633711","nonce_str":"TP25SO60ZP4POX3G76KYH5VFTFGFNHQ7","sign":"F1AC3E77A2365690B72C6C3B5122C123"}

2018-06-10 11:43:23:继续查询:{"resp_code":"0","amount":"180","leshua_order_id":"1806101143124221","merchant_id":"6008005629","nonce_str":"3CH2BVI0WTQOR6PRF4VWJ8UUKGEX1QYC","pay_way":"WXZF","result_code":"0","sign":"98B44EBF81C6D8C29954063555C8127E","status":"0","third_order_id":"2018061011431633711"}

2018-06-10 11:43:23:参数:{"merchant_id":"6008005629","service":"query_status","third_order_id":"2018061011431633711","nonce_str":"15HT9ZSJS3U615IM7SLG9NI4YUAAUO3O","sign":"D9DFAA6AB387DBED9FCE4EE82AA83490"}

2018-06-10 11:43:29:继续查询:{"resp_code":"0","amount":"180","leshua_order_id":"1806101143124221","merchant_id":"6008005629","nonce_str":"2WS24V5BTIA9HENU2F00HWS5MTK974CH","pay_way":"WXZF","result_code":"0","sign":"CC549F5E8FDCFC88828B526EAFBCFA88","status":"0","third_order_id":"2018061011431633711"}

2018-06-10 11:43:29:参数:{"merchant_id":"6008005629","service":"query_status","third_order_id":"2018061011431633711","nonce_str":"35JXQD0XXGRL12DYAZGOZU6C938GYWL3","sign":"051E85F131222CF013B5DF7300BA0687"}

2018-06-10 11:43:29:支付成功:{"resp_code":"0","amount":"180","bank_type":"CFT","leshua_order_id":"1806101143124221","merchant_id":"6008005629","nonce_str":"4TOQLOG347EF4QBFU6LUC69EJKWQRQHS","openid":"o8uJ6uIFyFWLpofKRTA8Ur375zyo","out_transaction_id":[],"pay_time":"2018-06-10 11:43:29","pay_way":"WXZF","result_code":"0","sign":"F669CEE508B4EF3ED0DBBE5449F7D7C0","status":"2","third_order_id":"2018061011431633711"}

2018-06-10 11:50:50:参数:{"merchant_id":"6008005629","service":"query_status","third_order_id":"2018061011504715418","nonce_str":"21T45IF60BK9EE9VHYP4YXBYDHWFZ7BH","sign":"83C713EA5B6DF696E5882389BF233529"}

2018-06-10 11:50:50:支付失败:{"resp_code":"0","amount":"1320","leshua_order_id":"1806101150434599","merchant_id":"6008005629","nonce_str":"QXS0HCT1QBLZXZYL1PWZDA4ZNWV27CS3","pay_way":"WXZF","result_code":"0","sign":"FA502FE0ECB8920FF9300DA942DC3048","status":"6","third_order_id":"2018061011504715418"}

2018-06-10 11:52:05:参数:{"merchant_id":"6008005629","service":"query_status","third_order_id":"2018061011520378748","nonce_str":"840NQRAMOBQFLH25SMSBA69X9NGWYE7H","sign":"C8D993B54268ECDC17697F659758842E"}

2018-06-10 11:52:10:继续查询:{"resp_code":"0","amount":"840","leshua_order_id":"1806101152008948","merchant_id":"6008005629","nonce_str":"PEUX7UCYMWIL2YVNME7PDA3GWZNOY931","pay_way":"WXZF","result_code":"0","sign":"76AAC5D0CF1CFAF31E0E10852BB94D1F","status":"0","third_order_id":"2018061011520378748"}

2018-06-10 11:52:10:参数:{"merchant_id":"6008005629","service":"query_status","third_order_id":"2018061011520378748","nonce_str":"F4AWBX4DC2XOTBEGLVZ5TUUGQVV8E8R5","sign":"46007D23BC7C6C433637ADF447766BE4"}

2018-06-10 11:52:16:继续查询:{"resp_code":"0","amount":"840","leshua_order_id":"1806101152008948","merchant_id":"6008005629","nonce_str":"8UQJJUM59635URYODW4N7AZLP7I3PBVV","pay_way":"WXZF","result_code":"0","sign":"9D6C3063C70BE640BBA21D449DDAA5A5","status":"0","third_order_id":"2018061011520378748"}

2018-06-10 11:52:16:参数:{"merchant_id":"6008005629","service":"query_status","third_order_id":"2018061011520378748","nonce_str":"A2D82UM5NMCLKJUC4O2J1R917XOFP3TY","sign":"5453AED4507EF2CEA53216221DEC4562"}

2018-06-10 11:52:21:继续查询:{"resp_code":"0","amount":"840","leshua_order_id":"1806101152008948","merchant_id":"6008005629","nonce_str":"SUV9WL23XNZQ0YGPSYFX651MB07PM87O","pay_way":"WXZF","result_code":"0","sign":"B10AEAFBE5CF7BAEE9DD893B980C4DA2","status":"0","third_order_id":"2018061011520378748"}

2018-06-10 11:52:21:参数:{"merchant_id":"6008005629","service":"query_status","third_order_id":"2018061011520378748","nonce_str":"ZBFFXFDW894OYJR01DQ31PRK1YU7H893","sign":"E6D87932C6F64B49240C8A936A5E3401"}

2018-06-10 11:52:22:支付成功:{"resp_code":"0","amount":"840","bank_type":"BOC_DEBIT","leshua_order_id":"1806101152008948","merchant_id":"6008005629","nonce_str":"5MV0DLCYYTX1G86AHMMSVZUCAKLF0IPZ","openid":"o8uJ6uG1eCLSmjX8XEJtxexkTydw","out_transaction_id":[],"pay_time":"2018-06-10 11:52:21","pay_way":"WXZF","result_code":"0","sign":"82270EA2B7CCACCC37546710A608CE43","status":"2","third_order_id":"2018061011520378748"}

2018-06-10 12:28:57:参数:{"merchant_id":"6008005629","service":"query_status","third_order_id":"2018061012285514182","nonce_str":"39UCCN9G8L7NOMWVT62QT0I9DQAVJV7Y","sign":"1CBE085C3EEA066F8DD8109C201BE32A"}

2018-06-10 12:29:02:继续查询:{"resp_code":"0","amount":"459","leshua_order_id":"1806101228526326","merchant_id":"6008005629","nonce_str":"PN827HRDOAV5F8L2WWEKXDR6C73FGDCT","pay_way":"WXZF","result_code":"0","sign":"2E3896AAB9BBD2D20D0D1AB69A5D03D9","status":"0","third_order_id":"2018061012285514182"}

2018-06-10 12:29:02:参数:{"merchant_id":"6008005629","service":"query_status","third_order_id":"2018061012285514182","nonce_str":"R1LG2B16WCICOUWXVI0DGFVDYDAD3LLJ","sign":"AFA874A2AF00FE05892945D96BC6F4D6"}

2018-06-10 12:29:08:继续查询:{"resp_code":"0","amount":"459","leshua_order_id":"1806101228526326","merchant_id":"6008005629","nonce_str":"G9NBL9ZU8F2W8GWIPBCRDS66284I1A8A","pay_way":"WXZF","result_code":"0","sign":"DF6C5F602E637F9D41648D0B3C5DE639","status":"0","third_order_id":"2018061012285514182"}

2018-06-10 12:29:08:参数:{"merchant_id":"6008005629","service":"query_status","third_order_id":"2018061012285514182","nonce_str":"Q7KDJTZ8V9B89R9ONIGW7D1SIJ09H4M6","sign":"D49B4C9482206E69EDCEC0E522458133"}

2018-06-10 12:29:08:支付成功:{"resp_code":"0","amount":"459","bank_type":"CFT","leshua_order_id":"1806101228526326","merchant_id":"6008005629","nonce_str":"9XI7RMWT9N1W1SUZG78LFE8MZR99KPJE","openid":"o8uJ6uMqbOf_PkJtlBIksBAR7krQ","out_transaction_id":[],"pay_time":"2018-06-10 12:29:08","pay_way":"WXZF","result_code":"0","sign":"0F2B6B6002CBA072C9773B84154CA88D","status":"2","third_order_id":"2018061012285514182"}

2018-06-10 12:33:41:参数:{"merchant_id":"0408001370","service":"query_status","third_order_id":"2018061012333975373","nonce_str":"LFEN6IXX1Z9CX87E19UO15GZLJK40AC8","sign":"9165972737566ACC8B6B583C1E035244"}

2018-06-10 12:33:46:继续查询:{"resp_code":"0","amount":"1160","leshua_order_id":"1806101233328458","merchant_id":"0408001370","nonce_str":"5YIR5D029F2OJO9EHDAB29LUQ48J7HVY","pay_way":"ZFBZF","result_code":"0","sign":"DEA1C7497F3EF2F9C5015F03A6EFD43F","status":"0","third_order_id":"2018061012333975373"}

2018-06-10 12:33:46:参数:{"merchant_id":"0408001370","service":"query_status","third_order_id":"2018061012333975373","nonce_str":"BQ0RL4QRV6CXY4W8E5V2GNVKUZBH3FF1","sign":"80CF26F707F014F7B6617C0174F1E8E5"}

2018-06-10 12:33:52:继续查询:{"resp_code":"0","amount":"1160","leshua_order_id":"1806101233328458","merchant_id":"0408001370","nonce_str":"85BQBBB971IQMYZKXKB7ZMG4JTSV0UD9","pay_way":"ZFBZF","result_code":"0","sign":"16B625C948BD72146DE5739ABB470A6B","status":"0","third_order_id":"2018061012333975373"}

2018-06-10 12:33:52:参数:{"merchant_id":"0408001370","service":"query_status","third_order_id":"2018061012333975373","nonce_str":"KHTEVZULV5WJ0UV7ZMY8IZI16DXSM0E8","sign":"E32FEC59F80DA4FF928BCA97F8F2A8AE"}

2018-06-10 12:33:59:继续查询:{"resp_code":"0","amount":"1160","leshua_order_id":"1806101233328458","merchant_id":"0408001370","nonce_str":"IRFK8C465BXK62IUIUVIN7DHYEH346XF","pay_way":"ZFBZF","result_code":"0","sign":"2588D47A615A9ECAAFA086BAF55286F5","status":"0","third_order_id":"2018061012333975373"}

2018-06-10 12:33:59:参数:{"merchant_id":"0408001370","service":"query_status","third_order_id":"2018061012333975373","nonce_str":"CK1UATG9XPR1K7JN55Q0K3B7ITPVD1XS","sign":"594C751B749C6012B9CB0C77CB7F5126"}

2018-06-10 12:34:06:继续查询:{"resp_code":"0","amount":"1160","leshua_order_id":"1806101233328458","merchant_id":"0408001370","nonce_str":"1LEQW70OMQM4Q54LD2QQK08500WB1JO7","pay_way":"ZFBZF","result_code":"0","sign":"EEEC3817C33A875DA1B7436FE475CA17","status":"0","third_order_id":"2018061012333975373"}

2018-06-10 12:34:06:参数:{"merchant_id":"0408001370","service":"query_status","third_order_id":"2018061012333975373","nonce_str":"J34N6RWA6II0KGIHNX2LUOXFNZKVLBSI","sign":"8F0A292C857A8BFBAE3508236FDC51BB"}

2018-06-10 12:34:13:继续查询:{"resp_code":"0","amount":"1160","leshua_order_id":"1806101233328458","merchant_id":"0408001370","nonce_str":"KCFXGI3DW0SLBUHYS65XCAIA2AU5BE48","pay_way":"ZFBZF","result_code":"0","sign":"FF0AC0DA27CA03EFE75492523F2C795A","status":"0","third_order_id":"2018061012333975373"}

2018-06-10 12:34:13:参数:{"merchant_id":"0408001370","service":"query_status","third_order_id":"2018061012333975373","nonce_str":"VLPIKGNJEEP4QBX03CABVNYZPV3FQCQR","sign":"8A32B555A7A2AC703279F3601B8BC8E9"}

2018-06-10 12:34:18:继续查询:{"resp_code":"0","amount":"1160","leshua_order_id":"1806101233328458","merchant_id":"0408001370","nonce_str":"1908CYP32ELFC6QBH1ETZWAK1MPBF5FW","pay_way":"ZFBZF","result_code":"0","sign":"19EF8579988D110C4C7BAA6C3AB4EBA4","status":"0","third_order_id":"2018061012333975373"}

2018-06-10 12:34:18:参数:{"merchant_id":"0408001370","service":"query_status","third_order_id":"2018061012333975373","nonce_str":"WLMOHJ8VVHFL6CVPPT6PS4M20O87JSDJ","sign":"1B92162CF28BB346412762DB9CADC143"}

2018-06-10 12:37:37:参数:{"merchant_id":"0408001370","service":"query_status","third_order_id":"2018061012373485628","nonce_str":"7YRVRJH4OACDZKUTR2BIZXD4EQ5VD0VX","sign":"92293C894E0B471276AFF343B7D10336"}

2018-06-10 12:37:43:继续查询:{"resp_code":"0","amount":"1160","leshua_order_id":"1806101237305477","merchant_id":"0408001370","nonce_str":"VVDZPIAUHUZJ9OCRA131NFE0Y8HSYFN4","pay_way":"ZFBZF","result_code":"0","sign":"7C2822891CB388600F763109D9073038","status":"0","third_order_id":"2018061012373485628"}

2018-06-10 12:37:43:参数:{"merchant_id":"0408001370","service":"query_status","third_order_id":"2018061012373485628","nonce_str":"297OLYB9CCYSQRS8GCRG4IBQ5WVCM53S","sign":"198382CDD24229C04D19F313A58EF10C"}

2018-06-10 12:37:48:继续查询:{"resp_code":"0","amount":"1160","leshua_order_id":"1806101237305477","merchant_id":"0408001370","nonce_str":"1HGPT5MMO0MI2KZ60M1TC0GUIFPTXW7H","pay_way":"ZFBZF","result_code":"0","sign":"26A9705F1597EFBF439570E018950E6E","status":"0","third_order_id":"2018061012373485628"}

2018-06-10 12:37:48:参数:{"merchant_id":"0408001370","service":"query_status","third_order_id":"2018061012373485628","nonce_str":"JGUFLYDWV4VWYZ6DA568WWCD7SJX8S5L","sign":"BD5DB4575250F84937345F0CE9D51846"}

2018-06-10 12:37:55:继续查询:{"resp_code":"0","amount":"1160","leshua_order_id":"1806101237305477","merchant_id":"0408001370","nonce_str":"PT7J61AB6QWVHHA7SID77E1EHV7EHC38","pay_way":"ZFBZF","result_code":"0","sign":"816467085F9B4A685C41C81AAFEB2B78","status":"0","third_order_id":"2018061012373485628"}

2018-06-10 12:37:55:参数:{"merchant_id":"0408001370","service":"query_status","third_order_id":"2018061012373485628","nonce_str":"Y6FC4PD10ZLKUMHCZTON8H1FFBKZOVHX","sign":"2E154078AB31D7D3377DF23AEDC9708C"}

2018-06-10 12:38:02:继续查询:{"resp_code":"0","amount":"1160","leshua_order_id":"1806101237305477","merchant_id":"0408001370","nonce_str":"3U6LBIMZR6Q8YZOPYR4NBNAWAR740TDJ","pay_way":"ZFBZF","result_code":"0","sign":"0A5A60D7C9CB3A617EB46B356D850A24","status":"0","third_order_id":"2018061012373485628"}

2018-06-10 12:38:02:参数:{"merchant_id":"0408001370","service":"query_status","third_order_id":"2018061012373485628","nonce_str":"1TCYDEFC7II6CL3RPBUNSFOTZ6INNG21","sign":"035BDDFB43C31F88DE1B641CBF537F66"}

2018-06-10 12:38:07:继续查询:{"resp_code":"0","amount":"1160","leshua_order_id":"1806101237305477","merchant_id":"0408001370","nonce_str":"DB7VBQ2L1S9MF3QLYG5EOQ32DJJKBD7M","pay_way":"ZFBZF","result_code":"0","sign":"FD282A8E19FD19F368FB1E6684AF20B7","status":"0","third_order_id":"2018061012373485628"}

2018-06-10 12:38:07:参数:{"merchant_id":"0408001370","service":"query_status","third_order_id":"2018061012373485628","nonce_str":"87OC6ADOPSTF0YGA22S1JP1O1KYO0LMJ","sign":"8C9B85CAF44EB1A3D11E48E937706CE1"}

2018-06-10 12:38:13:继续查询:{"resp_code":"0","amount":"1160","leshua_order_id":"1806101237305477","merchant_id":"0408001370","nonce_str":"T2621GL2NIYXOWWBF5KBSA01TZH00HR1","pay_way":"ZFBZF","result_code":"0","sign":"7CAEEEE04E08830D0E275B5E2061B616","status":"0","third_order_id":"2018061012373485628"}

2018-06-10 12:38:13:参数:{"merchant_id":"0408001370","service":"query_status","third_order_id":"2018061012373485628","nonce_str":"NELOV3QUWQQYSEB7AG9JZIVBYMKIOLYE","sign":"64DC10263AEA3916E9453973429EB4DD"}

2018-06-10 12:48:38:参数:{"merchant_id":"6008005629","service":"query_status","third_order_id":"2018061012483713388","nonce_str":"CX4QSY0R0RF5P8EEJD0OIGCVHQRVX4U3","sign":"7A4E62DFF6FA31C4B71E625A6D3E2C8C"}

2018-06-10 12:48:44:继续查询:{"resp_code":"0","amount":"430","leshua_order_id":"1806101248308963","merchant_id":"6008005629","nonce_str":"CTON0HNOG9Z41A6SE8SGCJZAA07ZEAER","pay_way":"WXZF","result_code":"0","sign":"0198337ADBD59B16B9DE239C999BF4AA","status":"0","third_order_id":"2018061012483713388"}

2018-06-10 12:48:44:参数:{"merchant_id":"6008005629","service":"query_status","third_order_id":"2018061012483713388","nonce_str":"2XK87S891Y4A9PP9T3WGWNVG05PM5KEF","sign":"D3D7EA8B8D42A324832FDE2A75416785"}

2018-06-10 12:48:49:继续查询:{"resp_code":"0","amount":"430","leshua_order_id":"1806101248308963","merchant_id":"6008005629","nonce_str":"1VIMPB8IBVWT1IG6GIY17Z5NWRSNP4O9","pay_way":"WXZF","result_code":"0","sign":"4841981C50C6CA3EEA839265E44B81DA","status":"0","third_order_id":"2018061012483713388"}

2018-06-10 12:48:49:参数:{"merchant_id":"6008005629","service":"query_status","third_order_id":"2018061012483713388","nonce_str":"8ERGEAS9YDWHXNNQXJDYQDATEAFJR9GK","sign":"A641C87BE75C999C26793C3D8CF911F2"}

2018-06-10 12:48:50:支付成功:{"resp_code":"0","amount":"430","bank_type":"CFT","leshua_order_id":"1806101248308963","merchant_id":"6008005629","nonce_str":"HWZ6BHBPRGN2IFK77C4PJE758M9N0RC9","openid":"o8uJ6uNWeyjf4HSSkqmdV0Cc8kFM","out_transaction_id":[],"pay_time":"2018-06-10 12:48:49","pay_way":"WXZF","result_code":"0","sign":"87F3C8265D6DE577E52790A744B34556","status":"2","third_order_id":"2018061012483713388"}

2018-06-10 13:02:33:参数:{"merchant_id":"0408001370","service":"query_status","third_order_id":"2018061013023277766","nonce_str":"0YJ8JR5G3XA0WHSX64VZZZW9NHXXITL7","sign":"0E245529DD796B7B4D1C239B7B244663"}

2018-06-10 13:02:39:继续查询:{"resp_code":"0","amount":"2400","leshua_order_id":"1806101302339135","merchant_id":"0408001370","nonce_str":"RODVR30G2A30DMYTKY5XD1828UO9YHZS","pay_way":"WXZF","result_code":"0","sign":"E3A35974943D7E71B14F5CC78CC3655A","status":"0","third_order_id":"2018061013023277766"}

2018-06-10 13:02:39:参数:{"merchant_id":"0408001370","service":"query_status","third_order_id":"2018061013023277766","nonce_str":"JWXJDQM1UHYT5AEVWEYI0K5B7EAISFWN","sign":"8ABDDF89DAED215EECFFC4EB5E44F1E9"}

2018-06-10 13:02:44:继续查询:{"resp_code":"0","amount":"2400","leshua_order_id":"1806101302339135","merchant_id":"0408001370","nonce_str":"QV3ATHD2DOH909G0NSJ8OB02BNE578U8","pay_way":"WXZF","result_code":"0","sign":"57E86DCC293AC04D8B2FE5D145FF0E7D","status":"0","third_order_id":"2018061013023277766"}

2018-06-10 13:02:44:参数:{"merchant_id":"0408001370","service":"query_status","third_order_id":"2018061013023277766","nonce_str":"77PSM3GO57NK491KDBEHQO5UVHYYO3BJ","sign":"1A1D8D8FA5177F770C4B2ADD8B8D2462"}

2018-06-10 13:02:50:继续查询:{"resp_code":"0","amount":"2400","leshua_order_id":"1806101302339135","merchant_id":"0408001370","nonce_str":"HEXAAIW3AHUQB6JONJXE7GXA99SX2SQ9","pay_way":"WXZF","result_code":"0","sign":"E16BD14A883A30546A7020E5AC59B23B","status":"0","third_order_id":"2018061013023277766"}

2018-06-10 13:02:50:参数:{"merchant_id":"0408001370","service":"query_status","third_order_id":"2018061013023277766","nonce_str":"5OGAGNZM85AH0F59P13Q6TG78MBG3BGT","sign":"869549BEBB45E03C30E43D6B046EFC26"}

2018-06-10 13:02:55:继续查询:{"resp_code":"0","amount":"2400","leshua_order_id":"1806101302339135","merchant_id":"0408001370","nonce_str":"7RVN1VP7LJJUQ1BAXCP3OYD1B1W4VWRX","pay_way":"WXZF","result_code":"0","sign":"FA033AA3CC5E98ECDA4A0A03D09A11B9","status":"0","third_order_id":"2018061013023277766"}

2018-06-10 13:02:55:参数:{"merchant_id":"0408001370","service":"query_status","third_order_id":"2018061013023277766","nonce_str":"H3QRCWRWD5KO5PQQK0RQG2V5MLR4KC80","sign":"02B4615B8B1E069A49B680A8240F163D"}

2018-06-10 13:03:01:继续查询:{"resp_code":"0","amount":"2400","leshua_order_id":"1806101302339135","merchant_id":"0408001370","nonce_str":"DDNI4NOAO9I9AHSDLKX2V6GX8D8SPKVU","pay_way":"WXZF","result_code":"0","sign":"A3F2868AC085ABF0ED1679033444A0F9","status":"0","third_order_id":"2018061013023277766"}

2018-06-10 13:03:01:参数:{"merchant_id":"0408001370","service":"query_status","third_order_id":"2018061013023277766","nonce_str":"8QWRPZA0Z24ITSWQ72B8XKJJ7RH73IET","sign":"31C2E20FA27E939E90B6B2D01A0C8806"}

2018-06-10 13:03:06:继续查询:{"resp_code":"0","amount":"2400","leshua_order_id":"1806101302339135","merchant_id":"0408001370","nonce_str":"FZGPM6FK4RNSVTXAMG262A8RV5F5CSZG","pay_way":"WXZF","result_code":"0","sign":"805052C105BE32F684DBA511E8801398","status":"0","third_order_id":"2018061013023277766"}

2018-06-10 13:03:06:参数:{"merchant_id":"0408001370","service":"query_status","third_order_id":"2018061013023277766","nonce_str":"S8IPWUTHBXRY4JQSILPIPRQNO6480E3U","sign":"FE20C0E4ACF16119D28633CFDA07A4A9"}

2018-06-10 13:03:09:参数:{"merchant_id":"0408001370","service":"query_status","third_order_id":"2018061013030838609","nonce_str":"7BAKQQ7KBDT7QIJ0EVY3KZYM58M9PLUY","sign":"C61A782A912E870F059455B3260261EB"}

2018-06-10 13:03:15:继续查询:{"resp_code":"0","amount":"2400","leshua_order_id":"1806101303039386","merchant_id":"0408001370","nonce_str":"Y2WSM5JJIMXQEYL35N0892T2ZLGPQ6RE","pay_way":"WXZF","result_code":"0","sign":"27BC663E7ADD789C9AEFDF3F26D59EBD","status":"0","third_order_id":"2018061013030838609"}

2018-06-10 13:03:15:参数:{"merchant_id":"0408001370","service":"query_status","third_order_id":"2018061013030838609","nonce_str":"5HFN06Y70NIUO6NVT9OK3DECEFWID1LJ","sign":"CE08B60F092E252B44387F1218CB2EFA"}

2018-06-10 13:03:20:继续查询:{"resp_code":"0","amount":"2400","leshua_order_id":"1806101303039386","merchant_id":"0408001370","nonce_str":"9XZZ77V0L7SM3NE0CXXX6DDW1KYRF417","pay_way":"WXZF","result_code":"0","sign":"B8B63D7FF11A3DFD22EF78EDE30A9681","status":"0","third_order_id":"2018061013030838609"}

2018-06-10 13:03:20:参数:{"merchant_id":"0408001370","service":"query_status","third_order_id":"2018061013030838609","nonce_str":"1KNZ68GZRDEC5U41F9OJ8P35FK0U4NXI","sign":"CC2E9E6C0B2F49548C267C032527E234"}

2018-06-10 13:03:26:继续查询:{"resp_code":"0","amount":"2400","leshua_order_id":"1806101303039386","merchant_id":"0408001370","nonce_str":"C79V1KNHMDHUCUQOSYMLOG6WGXYCTDGT","pay_way":"WXZF","result_code":"0","sign":"ADD3A097F16072A1EA71172CB9C3F182","status":"0","third_order_id":"2018061013030838609"}

2018-06-10 13:03:26:参数:{"merchant_id":"0408001370","service":"query_status","third_order_id":"2018061013030838609","nonce_str":"D50WMFVRL0UMK7YBSS7S0Y2QFMNSD3F1","sign":"B38B24999F4267F19F51F97D417D50A5"}

2018-06-10 13:03:31:继续查询:{"resp_code":"0","amount":"2400","leshua_order_id":"1806101303039386","merchant_id":"0408001370","nonce_str":"YR5RGHZJ4QW14DR1RR30QICGDQ6TWUDW","pay_way":"WXZF","result_code":"0","sign":"569C3BD9CF1C6E4CD91605B9532B7AFE","status":"0","third_order_id":"2018061013030838609"}

2018-06-10 13:03:31:参数:{"merchant_id":"0408001370","service":"query_status","third_order_id":"2018061013030838609","nonce_str":"NR89VVA6CGT4O9ZVAFQ157BQSITWY4X7","sign":"CBBF822F0DDE3E52275129A3D56EF5DA"}

2018-06-10 13:03:37:继续查询:{"resp_code":"0","amount":"2400","leshua_order_id":"1806101303039386","merchant_id":"0408001370","nonce_str":"2B5YOA9QHUQ7BVMYV5IS3XD4JUU2GLK4","pay_way":"WXZF","result_code":"0","sign":"280B40F8CBEB553FD3B09724B2BC9486","status":"0","third_order_id":"2018061013030838609"}

2018-06-10 13:03:37:参数:{"merchant_id":"0408001370","service":"query_status","third_order_id":"2018061013030838609","nonce_str":"PK3Q99KZR8KJUUJ498IL3CPH9SEXPSQS","sign":"7E55F6145B7B8AAAD6F817A3AFDA53F6"}

2018-06-10 13:03:42:继续查询:{"resp_code":"0","amount":"2400","leshua_order_id":"1806101303039386","merchant_id":"0408001370","nonce_str":"GBFMZSRWKBPAGPDFZMSATG32C1QLFK8U","pay_way":"WXZF","result_code":"0","sign":"8E3BDEAC31F853FAC86E5C251F9D16D0","status":"0","third_order_id":"2018061013030838609"}

2018-06-10 13:03:42:参数:{"merchant_id":"0408001370","service":"query_status","third_order_id":"2018061013030838609","nonce_str":"UV8SAG104L97QK5ZXJIM2IBQLBA74TES","sign":"768025E80E4B47529ABBFECE6CA066A5"}

2018-06-10 13:58:00:参数:{"merchant_id":"4909001413","service":"query_status","third_order_id":"2018061013575833228","nonce_str":"Q3OA3DWZ0G60DF122XHI7653Y55EAF47","sign":"D1A9CFB2DF17BC789EB142A9591EB37B"}

2018-06-10 13:58:05:继续查询:{"resp_code":"0","amount":"20000","leshua_order_id":"1806101357532483","merchant_id":"4909001413","nonce_str":"MOZOPCJ23H8PXBWRLHZBDTPCD87Z7TRT","pay_way":"WXZF","result_code":"0","sign":"B11824E73173D51A23E7931348389CB9","status":"0","third_order_id":"2018061013575833228"}

2018-06-10 13:58:05:参数:{"merchant_id":"4909001413","service":"query_status","third_order_id":"2018061013575833228","nonce_str":"XY106GEO1EOKJTM7EA4X6ZXJ9QRNWO5X","sign":"77885CC75030DEEAF66FF5A7EA413C3B"}

2018-06-10 13:58:06:支付成功:{"resp_code":"0","amount":"20000","bank_type":"BOC_DEBIT","leshua_order_id":"1806101357532483","merchant_id":"4909001413","nonce_str":"HLZ1SMNU8G4G3JBB2ZR1HJS5XZDJVHN8","openid":"o8uJ6uCKYCFUHMPVT1bjcxz3pdlM","out_transaction_id":[],"pay_time":"2018-06-10 13:58:05","pay_way":"WXZF","result_code":"0","sign":"4CC5266D5E0E4894CDAE34F5C9E495DF","status":"2","third_order_id":"2018061013575833228"}

2018-06-10 14:31:57:参数:{"merchant_id":"6008005629","service":"query_status","third_order_id":"2018061014315650929","nonce_str":"UEK3X8R2LKTJZO7HPW58FVJGWMSG5I6A","sign":"B69DD393CF853E4FE74B75EF7FF5E031"}

2018-06-10 14:32:03:继续查询:{"resp_code":"0","amount":"350","leshua_order_id":"1806101431526128","merchant_id":"6008005629","nonce_str":"BUO5SORPPIQVXOA9U01IFVRXQXD3MFFH","pay_way":"WXZF","result_code":"0","sign":"5F04C9295F85FFE866D381CED29D9D88","status":"0","third_order_id":"2018061014315650929"}

2018-06-10 14:32:03:参数:{"merchant_id":"6008005629","service":"query_status","third_order_id":"2018061014315650929","nonce_str":"HYBFMHBSKMCY4NJ6ZNDP757KQJX25DOG","sign":"5EDE3C2C63ACE27D1D6835D2A412D881"}

2018-06-10 14:32:08:继续查询:{"resp_code":"0","amount":"350","leshua_order_id":"1806101431526128","merchant_id":"6008005629","nonce_str":"3VFTNJZ3YA2IUNRORWPX83EFB3QIOAUG","pay_way":"WXZF","result_code":"0","sign":"D674BA7392FB5C4FDF45E83409CF16A9","status":"0","third_order_id":"2018061014315650929"}

2018-06-10 14:32:08:参数:{"merchant_id":"6008005629","service":"query_status","third_order_id":"2018061014315650929","nonce_str":"GM8FF0V5MYC3OJD6CXG9UL2C8VXX3803","sign":"E51B933876EA34F71631C831C2633971"}

2018-06-10 14:32:09:支付成功:{"resp_code":"0","amount":"350","bank_type":"ABC_DEBIT","leshua_order_id":"1806101431526128","merchant_id":"6008005629","nonce_str":"513NF6X1RFNFDOH5P62HW5MGG4X0RQHC","openid":"o8uJ6uHw_gDrwUbsFwuufEASsm3I","out_transaction_id":[],"pay_time":"2018-06-10 14:32:09","pay_way":"WXZF","result_code":"0","sign":"264747161FBD753CAFB36835F7FDA5B1","status":"2","third_order_id":"2018061014315650929"}

2018-06-10 15:07:21:参数:{"merchant_id":"6008005629","service":"query_status","third_order_id":"2018061015071912614","nonce_str":"TEKBH942NA14Z7E3VYMI1CKWT0JTB8CG","sign":"B460D7A7B73FEEF396AA86428B99CB27"}

2018-06-10 15:07:26:继续查询:{"resp_code":"0","amount":"850","leshua_order_id":"1806101507132779","merchant_id":"6008005629","nonce_str":"FW5RVD4NZ36H79TNSN2W1QM5QF8GKAPG","pay_way":"WXZF","result_code":"0","sign":"8A57F7FBD967CE5D3F8EE00E7D375E12","status":"0","third_order_id":"2018061015071912614"}

2018-06-10 15:07:26:参数:{"merchant_id":"6008005629","service":"query_status","third_order_id":"2018061015071912614","nonce_str":"B5GQ95A6Y23W5VEBRR1AVQ4LV1ZW4P0L","sign":"A9ABCB7E607689929B4FE95087E6527C"}

2018-06-10 15:07:32:继续查询:{"resp_code":"0","amount":"850","leshua_order_id":"1806101507132779","merchant_id":"6008005629","nonce_str":"62LNEOZ9HE1H3PAJRLDJ7ETLA7LZVXKB","pay_way":"WXZF","result_code":"0","sign":"EAAE5D78F890DB6BF7A8C6DCC5DD00A1","status":"0","third_order_id":"2018061015071912614"}

2018-06-10 15:07:32:参数:{"merchant_id":"6008005629","service":"query_status","third_order_id":"2018061015071912614","nonce_str":"RYDZAV7PDP513IE5DJCPJXPVZSRAIU78","sign":"B82B842887281742ACF98F2C761B599E"}

2018-06-10 15:07:32:支付成功:{"resp_code":"0","amount":"850","bank_type":"ABC_DEBIT","leshua_order_id":"1806101507132779","merchant_id":"6008005629","nonce_str":"7J22DJT76QCI7DSF6777AR6K14KXM6O1","openid":"o8uJ6uHw_gDrwUbsFwuufEASsm3I","out_transaction_id":[],"pay_time":"2018-06-10 15:07:32","pay_way":"WXZF","result_code":"0","sign":"32216278728B688573DC4F5C10C2BF18","status":"2","third_order_id":"2018061015071912614"}

2018-06-10 16:31:24:参数:{"merchant_id":"6008005629","service":"query_status","third_order_id":"2018061016312221412","nonce_str":"UEQJ4BS5YYKE96UFR9CRKM42U7B0XXX1","sign":"72D2EFF55D327204F640DF233CDE6572"}

2018-06-10 16:31:29:继续查询:{"resp_code":"0","amount":"6500","leshua_order_id":"1806101631209877","merchant_id":"6008005629","nonce_str":"42UQJMLORD2OTU3YM59YSP0YFBSR4X2K","pay_way":"WXZF","result_code":"0","sign":"91A475E52AF88E91A1D0668409E095FB","status":"0","third_order_id":"2018061016312221412"}

2018-06-10 16:31:29:参数:{"merchant_id":"6008005629","service":"query_status","third_order_id":"2018061016312221412","nonce_str":"ZPSR23G651LJHHG72DY5EEZSXKOTZGYH","sign":"46AA5FC564A160FD3FBF57A51168C064"}

2018-06-10 16:31:34:继续查询:{"resp_code":"0","amount":"6500","leshua_order_id":"1806101631209877","merchant_id":"6008005629","nonce_str":"HXP81YDQ8MXCCIKKZLMLNII2SVXEZGM5","pay_way":"WXZF","result_code":"0","sign":"DD390282841BEE0CC3BC233F4CB773F8","status":"0","third_order_id":"2018061016312221412"}

2018-06-10 16:31:35:参数:{"merchant_id":"6008005629","service":"query_status","third_order_id":"2018061016312221412","nonce_str":"9GSGF15D6KQA4K8YJFH2P4WZ7DUD6TLT","sign":"E0BEC7D7A762115C1898D7A1E994977B"}

2018-06-10 16:31:35:支付成功:{"resp_code":"0","amount":"6500","bank_type":"CFT","leshua_order_id":"1806101631209877","merchant_id":"6008005629","nonce_str":"UD1A62M6O9VYNUXURRCPGGKYZ7DY110P","openid":"o8uJ6uBFbMsYihekOwAk7G55J9sM","out_transaction_id":[],"pay_time":"2018-06-10 16:31:35","pay_way":"WXZF","result_code":"0","sign":"5618FE0D8A6962484D57104FAAC5821D","status":"2","third_order_id":"2018061016312221412"}

2018-06-10 17:02:39:参数:{"merchant_id":"6008005629","service":"query_status","third_order_id":"2018061017023893826","nonce_str":"T2HQBUDFHEOB9EOKP08OO7ULAVD3G5SN","sign":"B88FC9CDA3174E50B2C1138364872589"}

2018-06-10 17:02:44:继续查询:{"resp_code":"0","amount":"490","leshua_order_id":"1806101702323962","merchant_id":"6008005629","nonce_str":"ED0W3OTXICM4E8U83A4HKWMCDOL7YW9J","pay_way":"WXZF","result_code":"0","sign":"D8B4953965F7CC6457E3E5949FC4016D","status":"0","third_order_id":"2018061017023893826"}

2018-06-10 17:02:44:参数:{"merchant_id":"6008005629","service":"query_status","third_order_id":"2018061017023893826","nonce_str":"8VPWUX319Q6XFX91R043FPI0KQS97DD3","sign":"CD61107B1125BD3EFC1F3771A4D3205A"}

2018-06-10 17:02:50:继续查询:{"resp_code":"0","amount":"490","leshua_order_id":"1806101702323962","merchant_id":"6008005629","nonce_str":"K6IQT6G2CV7QSJIL7OD589OICC2QNLOT","pay_way":"WXZF","result_code":"0","sign":"A0DB2F352027F46FE193B99F0504DC2E","status":"0","third_order_id":"2018061017023893826"}

2018-06-10 17:02:50:参数:{"merchant_id":"6008005629","service":"query_status","third_order_id":"2018061017023893826","nonce_str":"KO6HV68GIM8MPZCCZD8NZURWK9T1CWTB","sign":"C268154150C8B155D8E7DE306A7D4BAE"}

2018-06-10 17:02:55:继续查询:{"resp_code":"0","amount":"490","leshua_order_id":"1806101702323962","merchant_id":"6008005629","nonce_str":"MR1QVUVPUJBY6L1N0CST4VLM3PZDT8A5","pay_way":"WXZF","result_code":"0","sign":"8DFE76E7BDBAA1082EC3097835195A92","status":"0","third_order_id":"2018061017023893826"}

2018-06-10 17:02:55:参数:{"merchant_id":"6008005629","service":"query_status","third_order_id":"2018061017023893826","nonce_str":"AEB2NIRCT02UZFL3A2L6W0R7KHHFGH90","sign":"629F0FBB04B3A2A1803E3574C0553AB5"}

2018-06-10 17:03:01:继续查询:{"resp_code":"0","amount":"490","leshua_order_id":"1806101702323962","merchant_id":"6008005629","nonce_str":"PBOHOT8F3P7XZIK9VSG9J9ABQ49O8G60","pay_way":"WXZF","result_code":"0","sign":"6B1A1AF7608ECACBCF1538D200AE93D1","status":"0","third_order_id":"2018061017023893826"}

2018-06-10 17:03:01:参数:{"merchant_id":"6008005629","service":"query_status","third_order_id":"2018061017023893826","nonce_str":"COUD4Q9U2TAR34IVGKWJ8FZLYMZZF9TZ","sign":"4BE3E20907AB3CE751EEB50017D7E906"}

2018-06-10 17:03:06:继续查询:{"resp_code":"0","amount":"490","leshua_order_id":"1806101702323962","merchant_id":"6008005629","nonce_str":"DTAZX761TA404POANUSJMWS7HU75EJY3","pay_way":"WXZF","result_code":"0","sign":"543F03F14F1FF50BFB0603E753CDC307","status":"0","third_order_id":"2018061017023893826"}

2018-06-10 17:03:06:参数:{"merchant_id":"6008005629","service":"query_status","third_order_id":"2018061017023893826","nonce_str":"6RLYDD4MYQMVLVZVQ71O0G6JW61RT3LT","sign":"37C9D09E855BD4358B51BA7EBA6014B6"}

2018-06-10 17:03:12:继续查询:{"resp_code":"0","amount":"490","leshua_order_id":"1806101702323962","merchant_id":"6008005629","nonce_str":"CGWKE7MVYGWLWD15UWCE8SYVAXAFZTPO","pay_way":"WXZF","result_code":"0","sign":"27DBC897F1D5B1F9D720D1EBBCD47CA4","status":"0","third_order_id":"2018061017023893826"}

2018-06-10 17:03:12:参数:{"merchant_id":"6008005629","service":"query_status","third_order_id":"2018061017023893826","nonce_str":"SW5SB7QOGDVK8GMB245SVD9KENROQCHK","sign":"B2D30833F3A38F430FAAA4DE8B6F8D2E"}

2018-06-10 18:41:40:参数:{"merchant_id":"6008005629","service":"query_status","third_order_id":"2018061018413894888","nonce_str":"33R3HXL4FIP5CVZLAKPMIZ343ZO42CBP","sign":"3D314CD4AEEB0CAFD8FE479B94FFF8DB"}

2018-06-10 18:41:45:继续查询:{"resp_code":"0","amount":"400","leshua_order_id":"1806101841326983","merchant_id":"6008005629","nonce_str":"P0V1NNNKJWTU748QFPDOY6YAE87XLIP2","pay_way":"WXZF","result_code":"0","sign":"D1F39F429FECFB443C7BEB0529642010","status":"0","third_order_id":"2018061018413894888"}

2018-06-10 18:41:45:参数:{"merchant_id":"6008005629","service":"query_status","third_order_id":"2018061018413894888","nonce_str":"W0EJ0W6RWSHCVPLQ6GKKHHSEHX7J74S1","sign":"A9B73A24825778304181B5C217F3D50A"}

2018-06-10 18:41:51:继续查询:{"resp_code":"0","amount":"400","leshua_order_id":"1806101841326983","merchant_id":"6008005629","nonce_str":"SU6XAP0Z4JZDAPZFYWGQKMDWC00R9BOM","pay_way":"WXZF","result_code":"0","sign":"B4D9E97B6F696CA5D77C53564F1E3672","status":"0","third_order_id":"2018061018413894888"}

2018-06-10 18:41:51:参数:{"merchant_id":"6008005629","service":"query_status","third_order_id":"2018061018413894888","nonce_str":"Q8YXMAKWC0MMWXSOVFDR2SBSRTWJPTAT","sign":"A3CCF330F3D0690B432CB4DD740A9EFA"}

2018-06-10 18:41:51:支付成功:{"resp_code":"0","amount":"400","bank_type":"CFT","leshua_order_id":"1806101841326983","merchant_id":"6008005629","nonce_str":"RA43C62WMUOCOZZ93PUYXXBIJXPXZWYG","openid":"o8uJ6uOLA_4Lp7xpG9ZLrB27M9Zg","out_transaction_id":[],"pay_time":"2018-06-10 18:41:51","pay_way":"WXZF","result_code":"0","sign":"27EE3816D8448468F69115112965E4D0","status":"2","third_order_id":"2018061018413894888"}

2018-06-10 19:18:01:参数:{"merchant_id":"6008005629","service":"query_status","third_order_id":"2018061019180099679","nonce_str":"HO9IBBT9VH2HFSG27VQ4NC33JFVX9FNY","sign":"24D54ADD7B02116E34E806F871A6C287"}

2018-06-10 19:18:07:继续查询:{"resp_code":"0","amount":"1930","leshua_order_id":"1806101918000355","merchant_id":"6008005629","nonce_str":"KB8VOXRD8J7R8AGE175T0QGZY7PSFLDP","pay_way":"WXZF","result_code":"0","sign":"3BEDADF89D4C3F9451490EBFABCFA2CB","status":"0","third_order_id":"2018061019180099679"}

2018-06-10 19:18:07:参数:{"merchant_id":"6008005629","service":"query_status","third_order_id":"2018061019180099679","nonce_str":"BLL52T44YHZQI0W273FYJDAYLGBJHMGL","sign":"6AB66D0E59EA771D99EBEF4F09FC3EA8"}

2018-06-10 19:18:12:继续查询:{"resp_code":"0","amount":"1930","leshua_order_id":"1806101918000355","merchant_id":"6008005629","nonce_str":"BBDBDKXT533CHY1M2UIL6Z1LP4NFMKGZ","pay_way":"WXZF","result_code":"0","sign":"7D4275852754D5972352AAED5FE29A28","status":"0","third_order_id":"2018061019180099679"}

2018-06-10 19:18:12:参数:{"merchant_id":"6008005629","service":"query_status","third_order_id":"2018061019180099679","nonce_str":"QY93AW7PXR1N1SKWHI58GSH88XQ3PLY2","sign":"EF7FF0AF2A472ACE954F0F0B8104B419"}

2018-06-10 19:18:18:继续查询:{"resp_code":"0","amount":"1930","leshua_order_id":"1806101918000355","merchant_id":"6008005629","nonce_str":"V0B831CUXUEOYKT8993WBMBRNLZOWNU7","pay_way":"WXZF","result_code":"0","sign":"CD1E5FD6CFCA29E0128C6EE598F24862","status":"0","third_order_id":"2018061019180099679"}

2018-06-10 19:18:18:参数:{"merchant_id":"6008005629","service":"query_status","third_order_id":"2018061019180099679","nonce_str":"R9SGWXFJ3CBM0IU4DN38X2W1R9R9GO10","sign":"E7478370BA264931BF4C8807D27095BE"}

2018-06-10 19:18:23:继续查询:{"resp_code":"0","amount":"1930","leshua_order_id":"1806101918000355","merchant_id":"6008005629","nonce_str":"0GQWTALO5WNQMDU4GAVJTRAYURMVQAL6","pay_way":"WXZF","result_code":"0","sign":"E6EB2E061741A28E22F38012F9C58521","status":"0","third_order_id":"2018061019180099679"}

2018-06-10 19:18:23:参数:{"merchant_id":"6008005629","service":"query_status","third_order_id":"2018061019180099679","nonce_str":"U79SH7D3VJCHSZEZ0URTLU2040V357Z8","sign":"CCFCBBB0AC223E0249D6B7B5DBF42B8B"}

2018-06-10 19:18:29:继续查询:{"resp_code":"0","amount":"1930","leshua_order_id":"1806101918000355","merchant_id":"6008005629","nonce_str":"EZNYL96BATPZOULCISI8P7OTCS3WU5VS","pay_way":"WXZF","result_code":"0","sign":"E787E88B535A079E08CBC2E9CDD612EB","status":"0","third_order_id":"2018061019180099679"}

2018-06-10 19:18:29:参数:{"merchant_id":"6008005629","service":"query_status","third_order_id":"2018061019180099679","nonce_str":"V3N03F6PL64VVBJ2LSPKHSJJSQCF59YF","sign":"3F2CFB3B9690B58D70D2E5EA027E0A0B"}

2018-06-10 19:18:34:继续查询:{"resp_code":"0","amount":"1930","leshua_order_id":"1806101918000355","merchant_id":"6008005629","nonce_str":"SENXUZNU79L3BCZXHDYR6KCRMLNLE15Q","pay_way":"WXZF","result_code":"0","sign":"D623997300E02047C9A9200273B68BE4","status":"0","third_order_id":"2018061019180099679"}

2018-06-10 19:18:34:参数:{"merchant_id":"6008005629","service":"query_status","third_order_id":"2018061019180099679","nonce_str":"X4BK5128J0TZ5IDCYEFOUUJ5I8KQ3P1G","sign":"7FAFA4E3DFA5822ACB49DC5099E3B38B"}

2018-06-10 19:18:43:参数:{"merchant_id":"6008005629","service":"query_status","third_order_id":"2018061019184130200","nonce_str":"XSKT9NHY7HXADMH3GUV4NJBEDGIZ5JXD","sign":"4784E94CBA96D21D21BF7C7F824C88CA"}

2018-06-10 19:18:48:继续查询:{"resp_code":"0","amount":"1930","leshua_order_id":"1806101918426027","merchant_id":"6008005629","nonce_str":"UMUI4G7PY7NVDQGC2M0775ERGCSE4NC7","pay_way":"WXZF","result_code":"0","sign":"6A5E58811FB4E6FA81EDB445C6C1A7D7","status":"0","third_order_id":"2018061019184130200"}

2018-06-10 19:18:48:参数:{"merchant_id":"6008005629","service":"query_status","third_order_id":"2018061019184130200","nonce_str":"LILXJHZK9BEB2J6IPQF15Z9LMG69KOAB","sign":"E5797AFB438B19D1156B872065815293"}

2018-06-10 19:18:53:继续查询:{"resp_code":"0","amount":"1930","leshua_order_id":"1806101918426027","merchant_id":"6008005629","nonce_str":"HWYYHI1KHXUDM1ERP6YX8411HBL24WEQ","pay_way":"WXZF","result_code":"0","sign":"4CFA31E0275F384E8FA7CCF772D06136","status":"0","third_order_id":"2018061019184130200"}

2018-06-10 19:18:53:参数:{"merchant_id":"6008005629","service":"query_status","third_order_id":"2018061019184130200","nonce_str":"6GMGI5P666VGN6LSTI8M45GPIFNUDOLI","sign":"226879734C6C958D3F11A8BD4DC80850"}

2018-06-10 19:18:54:支付成功:{"resp_code":"0","amount":"1930","bank_type":"CFT","leshua_order_id":"1806101918426027","merchant_id":"6008005629","nonce_str":"A3XN6YG3Z31AYM6PQCG7KNTDTUGAOPVT","openid":"o8uJ6uMKaWBqSrnve0qB5h7RD3xs","out_transaction_id":[],"pay_time":"2018-06-10 19:18:54","pay_way":"WXZF","result_code":"0","sign":"1F1454F1A747476562B531AE6328F545","status":"2","third_order_id":"2018061019184130200"}

2018-06-10 19:58:50:参数:{"merchant_id":"6008005629","service":"query_status","third_order_id":"2018061019584911508","nonce_str":"6JEKMLKBFLH1RE7ZDCA1QGF1ZXPEN1RY","sign":"3AD8AE10849C3DF4D10285F177331C12"}

2018-06-10 19:58:56:继续查询:{"resp_code":"0","amount":"650","leshua_order_id":"1806101958406928","merchant_id":"6008005629","nonce_str":"CBA21G5OQFFCFE3HGOE3DBKYTKZ22TCZ","pay_way":"WXZF","result_code":"0","sign":"E4699D5F98D68A379C8B388C6C51AA7E","status":"0","third_order_id":"2018061019584911508"}

2018-06-10 19:58:56:参数:{"merchant_id":"6008005629","service":"query_status","third_order_id":"2018061019584911508","nonce_str":"K0E81YVYVMTUVGEIGZOBNCR6M0WJVHLX","sign":"1E48E32D84B4543B7C8EEA5B03E29752"}

2018-06-10 19:58:56:支付成功:{"resp_code":"0","amount":"650","bank_type":"CFT","leshua_order_id":"1806101958406928","merchant_id":"6008005629","nonce_str":"G2BM8RZ6BCJA8BV3A8JFWI7ISFHJPKFA","openid":"o8uJ6uNYGn8d3-Mfe6MR32N28EhQ","out_transaction_id":[],"pay_time":"2018-06-10 19:58:56","pay_way":"WXZF","result_code":"0","sign":"960F96CD2B0869FF86675C4812DC7B97","status":"2","third_order_id":"2018061019584911508"}

2018-06-10 20:08:41:参数:{"merchant_id":"6008005629","service":"query_status","third_order_id":"2018061020084023559","nonce_str":"62VUM2OGN6TMB7CI8AYTE4OONGD0F2F1","sign":"D4ACCCD215659D6029226F004C659760"}

2018-06-10 20:08:47:继续查询:{"resp_code":"0","amount":"1000","leshua_order_id":"1806102008401009","merchant_id":"6008005629","nonce_str":"96HY10GW21DS9RSVXP5IORM0WUP75R1P","pay_way":"WXZF","result_code":"0","sign":"8ACD7233AF70DF2FA26CB0D9C82EFF06","status":"0","third_order_id":"2018061020084023559"}

2018-06-10 20:08:47:参数:{"merchant_id":"6008005629","service":"query_status","third_order_id":"2018061020084023559","nonce_str":"RUKX4YR4ALJ6T2HJBYT8KBO2H77O56RB","sign":"47349F6C5A335596CBE74B8B08CAED37"}

2018-06-10 20:08:52:继续查询:{"resp_code":"0","amount":"1000","leshua_order_id":"1806102008401009","merchant_id":"6008005629","nonce_str":"5Q2LUXH0W9MVDYRPUKG4NJRHTVQP63D2","pay_way":"WXZF","result_code":"0","sign":"30A3FEABB9ACB9DEDCDCA6100193037F","status":"0","third_order_id":"2018061020084023559"}

2018-06-10 20:08:52:参数:{"merchant_id":"6008005629","service":"query_status","third_order_id":"2018061020084023559","nonce_str":"TBJSIXO0SK0MXCN7HS7TTV09OHCB5SU1","sign":"5904E29EA7BDCF5EF34331E018C68905"}

2018-06-10 20:08:53:支付成功:{"resp_code":"0","amount":"1000","bank_type":"ICBC_DEBIT","leshua_order_id":"1806102008401009","merchant_id":"6008005629","nonce_str":"D9ROIRS30HZIBF4REJZF28FZ9YRFBON9","openid":"o8uJ6uB9JJeWQ5bs74CIBhi-wtLk","out_transaction_id":[],"pay_time":"2018-06-10 20:08:53","pay_way":"WXZF","result_code":"0","sign":"CC38AF6A7061B5B0F3525EE064717F86","status":"2","third_order_id":"2018061020084023559"}

2018-06-10 20:36:15:参数:{"merchant_id":"6008005629","service":"query_status","third_order_id":"2018061020361255186","nonce_str":"0EFKBFX1E8H5BNVMG3GM7KQ5BE7CPYIT","sign":"70BCBAA43B06865041070ADCE3BBD72E"}

2018-06-10 20:36:16:支付失败:{"resp_code":"0","amount":"2130","leshua_order_id":"1806102036102411","merchant_id":"6008005629","nonce_str":"W85RM3XX3XPK9SKIFNGYKG8ZN9N81J1O","pay_way":"WXZF","result_code":"0","sign":"4D51D491B5D995CC79F0A3C8E16CB71B","status":"6","third_order_id":"2018061020361255186"}

2018-06-10 21:48:55:参数:{"merchant_id":"6008005629","service":"query_status","third_order_id":"2018061021485393848","nonce_str":"S07F78YUF1TYJIQLRNJK4HU75VMM8PR6","sign":"E43C35DBA83AE1FD151BC32CF80BEE95"}

2018-06-10 21:49:00:继续查询:{"resp_code":"0","amount":"200","leshua_order_id":"1806102148506740","merchant_id":"6008005629","nonce_str":"81SIA33M3JTQU1HNSGFR6RECWIDQVHU1","pay_way":"WXZF","result_code":"0","sign":"2057C0B299714183CE84EA7CB4199C19","status":"0","third_order_id":"2018061021485393848"}

2018-06-10 21:49:00:参数:{"merchant_id":"6008005629","service":"query_status","third_order_id":"2018061021485393848","nonce_str":"L81N9Q1O2TUNEGB83NYY5NKH7UT4DSXN","sign":"5D5C4DBC95B6476E1E2E01118BE5B967"}

2018-06-10 21:49:06:继续查询:{"resp_code":"0","amount":"200","leshua_order_id":"1806102148506740","merchant_id":"6008005629","nonce_str":"Z33F2ZIS1HJEFES3GAIJBRZMYIH0VXHB","pay_way":"WXZF","result_code":"0","sign":"CB30D98A26CFB905BEA4B43BE76E9925","status":"0","third_order_id":"2018061021485393848"}

2018-06-10 21:49:06:参数:{"merchant_id":"6008005629","service":"query_status","third_order_id":"2018061021485393848","nonce_str":"HTKKX0H707S3P50HRY0WCPY015B7SQUS","sign":"6A8B5CDFA0E998A2D4553EB0F5EB4B9C"}

2018-06-10 21:49:06:支付成功:{"resp_code":"0","amount":"200","bank_type":"CFT","leshua_order_id":"1806102148506740","merchant_id":"6008005629","nonce_str":"N01O5DPYRAMB1QYIIDCNIT1IZK2K7PIE","openid":"o8uJ6uNYGn8d3-Mfe6MR32N28EhQ","out_transaction_id":[],"pay_time":"2018-06-10 21:49:06","pay_way":"WXZF","result_code":"0","sign":"9D012A60482E0E327012D6C1C4419575","status":"2","third_order_id":"2018061021485393848"}

2018-06-10 21:59:30:参数:{"merchant_id":"6008005629","service":"query_status","third_order_id":"2018061021592888706","nonce_str":"LRLHXQS32I5J8A88R4D13FPQ60MZWZOH","sign":"2F580C0264A47EFD7FB18802FE6ECE6A"}

2018-06-10 21:59:35:继续查询:{"resp_code":"0","amount":"2200","leshua_order_id":"1806102159209161","merchant_id":"6008005629","nonce_str":"NQF3TTLWQ3D2GJT89VRBYOI2G17CPW0Q","pay_way":"WXZF","result_code":"0","sign":"1400EA0FAC422325A383191EEA9ACEAD","status":"0","third_order_id":"2018061021592888706"}

2018-06-10 21:59:35:参数:{"merchant_id":"6008005629","service":"query_status","third_order_id":"2018061021592888706","nonce_str":"EIDCCXDSXSLDB23G602CGERRGKNSWUOW","sign":"7A3F6F36A4F9284FD5F1E7136C30C23B"}

2018-06-10 21:59:36:支付成功:{"resp_code":"0","amount":"2200","bank_type":"CFT","leshua_order_id":"1806102159209161","merchant_id":"6008005629","nonce_str":"6IV8G1H3VZXXT6VTK17JV07IHQW9RPPY","openid":"o8uJ6uNYGn8d3-Mfe6MR32N28EhQ","out_transaction_id":[],"pay_time":"2018-06-10 21:59:35","pay_way":"WXZF","result_code":"0","sign":"488909BDDE569318458DAC6DB9F82F89","status":"2","third_order_id":"2018061021592888706"}

