2018-06-13 06:21:54:参数:{"merchant_id":"6008005629","service":"query_status","third_order_id":"2018061306215366891","nonce_str":"CBOWN6KSRLIDXBNW7WAO2URS5BO07N9B","sign":"E3C01D62BA174C81515D21DE4B842E76"}

2018-06-13 06:22:00:继续查询:{"resp_code":"0","amount":"2360","leshua_order_id":"1806130621501960","merchant_id":"6008005629","nonce_str":"MIK7XSWN1GDBPNILYM97IHOYLFFNX0Y6","pay_way":"WXZF","result_code":"0","sign":"256A345AA230D3A74E8571830F03DDE7","status":"0","third_order_id":"2018061306215366891"}

2018-06-13 06:22:00:参数:{"merchant_id":"6008005629","service":"query_status","third_order_id":"2018061306215366891","nonce_str":"IL9Q83LD3OJK05M0ZNETSA3G0KCC6OEH","sign":"DD01E8DF6730BFD949814F0C1CEA0043"}

2018-06-13 06:22:05:继续查询:{"resp_code":"0","amount":"2360","leshua_order_id":"1806130621501960","merchant_id":"6008005629","nonce_str":"UPER1T1UNDIYQ1SLMFRK5X3O5LHA3RO4","pay_way":"WXZF","result_code":"0","sign":"8B36B30578569A4DACBCC63C7B762C45","status":"0","third_order_id":"2018061306215366891"}

2018-06-13 06:22:05:参数:{"merchant_id":"6008005629","service":"query_status","third_order_id":"2018061306215366891","nonce_str":"KJ64GTOK6H0QDUNDGR26XIIZ5MRJ9KK3","sign":"970929959C4F616B8F2CCC40A63D82F4"}

2018-06-13 06:22:11:继续查询:{"resp_code":"0","amount":"2360","leshua_order_id":"1806130621501960","merchant_id":"6008005629","nonce_str":"MW1JYULTQVDNUQ0QVF51J2LI7V17A5HF","pay_way":"WXZF","result_code":"0","sign":"A47DA0D01FA3340A65DE29A0CC3568E5","status":"0","third_order_id":"2018061306215366891"}

2018-06-13 06:22:11:参数:{"merchant_id":"6008005629","service":"query_status","third_order_id":"2018061306215366891","nonce_str":"FL0DXJ4VK5NOMKLVSUBFENV98NX07HEM","sign":"2B3C9E373AF0417F900BBF17FA4897BF"}

2018-06-13 06:22:11:支付成功:{"resp_code":"0","amount":"2360","bank_type":"BOC_DEBIT","leshua_order_id":"1806130621501960","merchant_id":"6008005629","nonce_str":"WB1UM576VG1EUUOQOUS9EF71R78305N8","openid":"o8uJ6uP2NbuksmMLL1tFupx5l0z8","out_transaction_id":"4200000124201806136642143309","pay_time":"2018-06-13 06:22:11","pay_way":"WXZF","result_code":"0","sign":"EA58D4EA6A815C378154C97F7A4B0BB0","status":"2","third_order_id":"2018061306215366891"}

2018-06-13 09:34:21:参数:{"merchant_id":"6008005629","service":"query_status","third_order_id":"2018061309342134308","nonce_str":"34D35CLVM5GGL97M8XFQDA0URPAN5Y01","sign":"9750D16E399F98D3495F9FC2F1AA9841"}

2018-06-13 09:34:27:继续查询:{"resp_code":"0","amount":"1800","leshua_order_id":"1806130934234451","merchant_id":"6008005629","nonce_str":"KOEOO2TYEV8GLSJKNSXEMWP1A59J7O4D","pay_way":"WXZF","result_code":"0","sign":"77A6E004FFA7EE32AEB205DAF51DE3EA","status":"0","third_order_id":"2018061309342134308"}

2018-06-13 09:34:27:参数:{"merchant_id":"6008005629","service":"query_status","third_order_id":"2018061309342134308","nonce_str":"YHFD8QBFY8XSHKCFVNDFUG7MQ1KE3MLD","sign":"10947751F25F0C8E9D37B06363012248"}

2018-06-13 09:34:32:继续查询:{"resp_code":"0","amount":"1800","leshua_order_id":"1806130934234451","merchant_id":"6008005629","nonce_str":"42ATZEH9891CB7E20H1BLXKH9BP8XOH0","pay_way":"WXZF","result_code":"0","sign":"6402D1259E8747CB4B48FDAB702B1CBA","status":"0","third_order_id":"2018061309342134308"}

2018-06-13 09:34:32:参数:{"merchant_id":"6008005629","service":"query_status","third_order_id":"2018061309342134308","nonce_str":"KRMO2AZAYSC915P7EJSY5SN3JJ7C5KUE","sign":"ED40E3B47AF8D2C464D5B45197180C9B"}

2018-06-13 09:34:38:继续查询:{"resp_code":"0","amount":"1800","leshua_order_id":"1806130934234451","merchant_id":"6008005629","nonce_str":"1OQJJD1Y9FJMS0JS9KCNC5L12RY56FS6","pay_way":"WXZF","result_code":"0","sign":"C3E2C4E5154FF6258160E0E02124E7DC","status":"0","third_order_id":"2018061309342134308"}

2018-06-13 09:34:38:参数:{"merchant_id":"6008005629","service":"query_status","third_order_id":"2018061309342134308","nonce_str":"U2B880S800OA7VGSNS0K58QU1CV24KV8","sign":"218DAFA1701711705C972CF28957B6A1"}

2018-06-13 09:34:43:继续查询:{"resp_code":"0","amount":"1800","leshua_order_id":"1806130934234451","merchant_id":"6008005629","nonce_str":"F544F3FI9OXBXZTAMY0IKSTLDI1UDE1E","pay_way":"WXZF","result_code":"0","sign":"20F944E381FFE49CC97523E003E7F9DB","status":"0","third_order_id":"2018061309342134308"}

2018-06-13 09:34:43:参数:{"merchant_id":"6008005629","service":"query_status","third_order_id":"2018061309342134308","nonce_str":"PLDPJ4N6IKJSUL979VGJQKDVNIQJ5EZM","sign":"0741108F3D33C27DA4A2A427FA0120F7"}

2018-06-13 09:34:49:继续查询:{"resp_code":"0","amount":"1800","leshua_order_id":"1806130934234451","merchant_id":"6008005629","nonce_str":"O7DR893E32XEN26PHAR2XT85WCK7UOYS","pay_way":"WXZF","result_code":"0","sign":"6839DBE4E216DCEEF9DFF71F86B8237B","status":"0","third_order_id":"2018061309342134308"}

2018-06-13 09:34:49:参数:{"merchant_id":"6008005629","service":"query_status","third_order_id":"2018061309342134308","nonce_str":"OYIQZBME0XH24HLNBFQYTO1H2AZPMMOT","sign":"34078D549209EDA6411C97D0E318B2C9"}

2018-06-13 09:34:54:继续查询:{"resp_code":"0","amount":"1800","leshua_order_id":"1806130934234451","merchant_id":"6008005629","nonce_str":"H23D9J6HMU7YF9HRQRQH4CBBMTJR5BTU","pay_way":"WXZF","result_code":"0","sign":"12A79C660716056C42B5A7689304A937","status":"0","third_order_id":"2018061309342134308"}

2018-06-13 09:34:54:参数:{"merchant_id":"6008005629","service":"query_status","third_order_id":"2018061309342134308","nonce_str":"Q825Z9PYOHVWKO27RLEPWGK8N55G9ALT","sign":"F49FC588C8B15ED1669F371A54DD94E9"}

2018-06-13 09:38:31:参数:{"merchant_id":"6008005629","service":"query_status","third_order_id":"2018061309382991699","nonce_str":"ELXDENHUF3Z66Z9E8GAJATUMSQ014GBC","sign":"A8740E47EE01C4054EBD090A6C610B0D"}

2018-06-13 09:38:36:继续查询:{"resp_code":"0","amount":"890","leshua_order_id":"1806130938301100","merchant_id":"6008005629","nonce_str":"04HPIMW7M3FFS6RQKTI2VH54LEYOKYTR","pay_way":"WXZF","result_code":"0","sign":"9067634E56332AABD80645AC39BEDE8B","status":"0","third_order_id":"2018061309382991699"}

2018-06-13 09:38:36:参数:{"merchant_id":"6008005629","service":"query_status","third_order_id":"2018061309382991699","nonce_str":"G7PB5X20ZD8D2SG2EPHWBZ3OV34I0IC1","sign":"336118A250D3E9E1D98616CC8FE7B30D"}

2018-06-13 09:38:42:继续查询:{"resp_code":"0","amount":"890","leshua_order_id":"1806130938301100","merchant_id":"6008005629","nonce_str":"G4RMIMKGT16FTDTD7P59OB9BAIKLFRKR","pay_way":"WXZF","result_code":"0","sign":"F385A425BD2B90D737BAD5AF68E0D6DF","status":"0","third_order_id":"2018061309382991699"}

2018-06-13 09:38:42:参数:{"merchant_id":"6008005629","service":"query_status","third_order_id":"2018061309382991699","nonce_str":"Q7RY47J0U6CS64W91MFB9BMSF7P0Z97M","sign":"4474DAE96E880AACD44996983AB504B9"}

2018-06-13 09:38:47:继续查询:{"resp_code":"0","amount":"890","leshua_order_id":"1806130938301100","merchant_id":"6008005629","nonce_str":"O514GPXR303H7LLHAFSZKOSPQGMK51EQ","pay_way":"WXZF","result_code":"0","sign":"16BC688E5676EA4F85EDF393ECD5F250","status":"0","third_order_id":"2018061309382991699"}

2018-06-13 09:38:47:参数:{"merchant_id":"6008005629","service":"query_status","third_order_id":"2018061309382991699","nonce_str":"GH0WBAL9PMLLKZWHMLY9GOYSB39ZRRX7","sign":"0A30054171F6F38EA04BFFE5D6AADF77"}

2018-06-13 09:38:53:继续查询:{"resp_code":"0","amount":"890","leshua_order_id":"1806130938301100","merchant_id":"6008005629","nonce_str":"NLCUIKQI1I12TRGGYRWSK9J74W5GBR2R","pay_way":"WXZF","result_code":"0","sign":"39AD1D3606556EB9390E4E9B79E2B4FD","status":"0","third_order_id":"2018061309382991699"}

2018-06-13 09:38:53:参数:{"merchant_id":"6008005629","service":"query_status","third_order_id":"2018061309382991699","nonce_str":"KG14MHHHZ0JPGTBC4CHSAZ1PZWAUUKIH","sign":"2E144EB9C47B4E40A0F0B3F6CC623E29"}

2018-06-13 09:38:58:继续查询:{"resp_code":"0","amount":"890","leshua_order_id":"1806130938301100","merchant_id":"6008005629","nonce_str":"IJV3LR5OY2T5QI8SHUK0NKXGVT6EN7E5","pay_way":"WXZF","result_code":"0","sign":"EAEA2E8825C2CA98387AC1C3EA6DBBA3","status":"0","third_order_id":"2018061309382991699"}

2018-06-13 09:38:58:参数:{"merchant_id":"6008005629","service":"query_status","third_order_id":"2018061309382991699","nonce_str":"JNEPYTKRZZ0BV0QASYFT0LL9Y8WW5RWJ","sign":"EC1D89C30F55BFAF6DC06D3F1EF374F3"}

2018-06-13 09:39:04:继续查询:{"resp_code":"0","amount":"890","leshua_order_id":"1806130938301100","merchant_id":"6008005629","nonce_str":"0GEGHA38BEFYLKH1L65A3MHR27TH1ZMF","pay_way":"WXZF","result_code":"0","sign":"2026D68FB799E347B9693E6695AF401E","status":"0","third_order_id":"2018061309382991699"}

2018-06-13 09:39:04:参数:{"merchant_id":"6008005629","service":"query_status","third_order_id":"2018061309382991699","nonce_str":"MYG7EU896BJW8DWR5CNE9O9AAQ74E0XL","sign":"183F234A40C74E30D471DD8A6EDB1B68"}

2018-06-13 09:39:33:参数:{"merchant_id":"6008005629","service":"query_status","third_order_id":"2018061309393154143","nonce_str":"PQPWP9OXST6CA8RNEGAABDK6G8T28X4O","sign":"D28563D0C4623955199DABCE5DBEE8AA"}

2018-06-13 09:39:38:继续查询:{"resp_code":"0","amount":"890","leshua_order_id":"1806130939324346","merchant_id":"6008005629","nonce_str":"LF4TRHPQOTBDK6GY19M0NGVSP0SOMR22","pay_way":"WXZF","result_code":"0","sign":"F557FE48D8B9339AA5F07702A6CD20B8","status":"0","third_order_id":"2018061309393154143"}

2018-06-13 09:39:38:参数:{"merchant_id":"6008005629","service":"query_status","third_order_id":"2018061309393154143","nonce_str":"MM1UJQ91IORL8X77F7N8SMYTC2N1MO2X","sign":"7D29FE19B2BDBA2C6FA48C55A1A96C45"}

2018-06-13 09:39:44:继续查询:{"resp_code":"0","amount":"890","leshua_order_id":"1806130939324346","merchant_id":"6008005629","nonce_str":"K2AIXMKFKLMU2T0Y0X5TO8U7SRK5W8RW","pay_way":"WXZF","result_code":"0","sign":"5794A5E56D42EF710978623186075E81","status":"0","third_order_id":"2018061309393154143"}

2018-06-13 09:39:44:参数:{"merchant_id":"6008005629","service":"query_status","third_order_id":"2018061309393154143","nonce_str":"0LKYHAMJDHZVXF7AL5ILCPXT6LUXVZ7U","sign":"7D69BEC0A501B2E8F30B6A455B37026A"}

2018-06-13 09:39:44:支付成功:{"resp_code":"0","amount":"890","bank_type":"PAB_DEBIT","leshua_order_id":"1806130939324346","merchant_id":"6008005629","nonce_str":"PM50XI82FV34AOE4WNM5WZR0V5954FGA","openid":"o8uJ6uOHRN45f7LVM6QUoTI-TIpc","out_transaction_id":"4200000138201806131351779341","pay_time":"2018-06-13 09:39:44","pay_way":"WXZF","result_code":"0","sign":"F424AC3B57B4EB90DC9ADE2DDCE3B203","status":"2","third_order_id":"2018061309393154143"}

2018-06-13 09:41:40:参数:{"merchant_id":"6008005629","service":"query_status","third_order_id":"2018061309413934719","nonce_str":"OIBKPK2J0YZEK73KZYY6GJS4IC3MNO78","sign":"8C45F89F5AC0C8E0BAF426816F5D432E"}

2018-06-13 09:41:45:继续查询:{"resp_code":"0","amount":"700","leshua_order_id":"1806130941337256","merchant_id":"6008005629","nonce_str":"LUC782UL55FMB75VZ7PLVLHPE8Y1CROB","pay_way":"ZFBZF","result_code":"0","sign":"13B71DBBD6120840CCD10C4A9C4C3BCD","status":"0","third_order_id":"2018061309413934719"}

2018-06-13 09:41:45:参数:{"merchant_id":"6008005629","service":"query_status","third_order_id":"2018061309413934719","nonce_str":"LBYJG2GOL7BS1TB87IEM83KN4TSZT075","sign":"7236D5A5DE7AB9C2857BFB0771B7F235"}

2018-06-13 09:41:51:继续查询:{"resp_code":"0","amount":"700","leshua_order_id":"1806130941337256","merchant_id":"6008005629","nonce_str":"O2ED3EU007ONSZTNFVM64V4MJQMPGKWK","pay_way":"ZFBZF","result_code":"0","sign":"CDCD44D94E1F5817D5B33789CB11467D","status":"0","third_order_id":"2018061309413934719"}

2018-06-13 09:41:51:参数:{"merchant_id":"6008005629","service":"query_status","third_order_id":"2018061309413934719","nonce_str":"IQATOF96LLXQ3BVUEFJCI0X6JZUIK3LO","sign":"C9D99D55827FDA1DF26CB5567E556BE3"}

2018-06-13 09:41:56:继续查询:{"resp_code":"0","amount":"700","leshua_order_id":"1806130941337256","merchant_id":"6008005629","nonce_str":"65SXNGQG5QB5YIWWG5X4JS3KO9AMQMH9","pay_way":"ZFBZF","result_code":"0","sign":"C375DCD0FE88C594D8E4C81FBFFD7FCA","status":"0","third_order_id":"2018061309413934719"}

2018-06-13 09:41:56:参数:{"merchant_id":"6008005629","service":"query_status","third_order_id":"2018061309413934719","nonce_str":"V0NYS8BHEH3UXXAT2918G2AR18V0U1EU","sign":"78CAF8DB9C85FCB04FA9D0617A18761C"}

2018-06-13 09:42:02:继续查询:{"resp_code":"0","amount":"700","leshua_order_id":"1806130941337256","merchant_id":"6008005629","nonce_str":"L6NKR977VUCIMT0S4CXUVDY309SYQIR5","pay_way":"ZFBZF","result_code":"0","sign":"2C1AEAA3D32725A05B31CAA65C7A0681","status":"0","third_order_id":"2018061309413934719"}

2018-06-13 09:42:02:参数:{"merchant_id":"6008005629","service":"query_status","third_order_id":"2018061309413934719","nonce_str":"K46GE4DZVK1VD7GLVKRWCBI16UN5YGP7","sign":"A95D29D337880899680517904EF5E5FF"}

2018-06-13 09:42:07:继续查询:{"resp_code":"0","amount":"700","leshua_order_id":"1806130941337256","merchant_id":"6008005629","nonce_str":"NBEVY9EDS1N2PZRR19O3EX2SILJJC33D","pay_way":"ZFBZF","result_code":"0","sign":"44C9E639FC000744DE177B0255980C83","status":"0","third_order_id":"2018061309413934719"}

2018-06-13 09:42:07:参数:{"merchant_id":"6008005629","service":"query_status","third_order_id":"2018061309413934719","nonce_str":"SIMSSCW0W4ZPZECSZFHFZ7H1KRTJRYBS","sign":"00A2B76CB047BC56067554D2FD7CC83D"}

2018-06-13 09:42:13:继续查询:{"resp_code":"0","amount":"700","leshua_order_id":"1806130941337256","merchant_id":"6008005629","nonce_str":"UOI107XV71IVA8QRG6PRDKV0B4RWLMWQ","pay_way":"ZFBZF","result_code":"0","sign":"01C349EE6E5CC86E82FF163835441C8A","status":"0","third_order_id":"2018061309413934719"}

2018-06-13 09:42:13:参数:{"merchant_id":"6008005629","service":"query_status","third_order_id":"2018061309413934719","nonce_str":"IBJ53SBEXP1GKHUJE4D54IJW8SBKYO6X","sign":"00473409C7AED56B8AF73899DB7CB86E"}

2018-06-13 10:31:30:参数:{"merchant_id":"6008005629","service":"query_status","third_order_id":"2018061310312948068","nonce_str":"1F7S3Z7PQ8EP2FQPWV37BICB94T886YV","sign":"05FE7589232A04FCCBF8A7347CF08216"}

2018-06-13 10:31:35:继续查询:{"resp_code":"0","amount":"1590","leshua_order_id":"1806131031206457","merchant_id":"6008005629","nonce_str":"7YZKAKV5R8GDXGTUVNIRW9QV8KS11V4Q","pay_way":"ZFBZF","result_code":"0","sign":"5E8AC4528FABC84866491427DB974AFF","status":"0","third_order_id":"2018061310312948068"}

2018-06-13 10:31:35:参数:{"merchant_id":"6008005629","service":"query_status","third_order_id":"2018061310312948068","nonce_str":"YBLK7KBI2RJ7ZLG30I01EBFGINVDORM6","sign":"DEF26EEA2AA66425AAF7A7BE7972ABCB"}

2018-06-13 10:31:41:继续查询:{"resp_code":"0","amount":"1590","leshua_order_id":"1806131031206457","merchant_id":"6008005629","nonce_str":"B4WOA6EW5V4MZHKLZIQBG0QWZXOKRHTM","pay_way":"ZFBZF","result_code":"0","sign":"A2AE32FDBF439A640E88865CFD8BA04F","status":"0","third_order_id":"2018061310312948068"}

2018-06-13 10:31:41:参数:{"merchant_id":"6008005629","service":"query_status","third_order_id":"2018061310312948068","nonce_str":"667EKWLYBL5EQF4Y2QBLCKS9FG12WPVV","sign":"F85997436D49FB88DF698967FD1255E9"}

2018-06-13 10:31:47:继续查询:{"resp_code":"0","amount":"1590","leshua_order_id":"1806131031206457","merchant_id":"6008005629","nonce_str":"ANIS8O01II9M3WW4WOHRQVZ8A57UG1RN","pay_way":"ZFBZF","result_code":"0","sign":"6712F959D975C37AD2133A514023ADB1","status":"0","third_order_id":"2018061310312948068"}

2018-06-13 10:31:47:参数:{"merchant_id":"6008005629","service":"query_status","third_order_id":"2018061310312948068","nonce_str":"8FHIHTL2W2M7326WLO0XPO32XT64NG9V","sign":"9715E1623D56FA723D4316988E58A330"}

2018-06-13 10:31:52:继续查询:{"resp_code":"0","amount":"1590","leshua_order_id":"1806131031206457","merchant_id":"6008005629","nonce_str":"371IBKBNBZ73G1PUWAYVSLQSN4LQUE9F","pay_way":"ZFBZF","result_code":"0","sign":"5D4E71A1DF0088C8B567A5602DEBB149","status":"0","third_order_id":"2018061310312948068"}

2018-06-13 10:31:52:参数:{"merchant_id":"6008005629","service":"query_status","third_order_id":"2018061310312948068","nonce_str":"N3LDHLTM7A0ZXPQOVHJLZBOMRKQD1DNL","sign":"CA001305DD69C656A9E78188AD2CB056"}

2018-06-13 10:31:57:继续查询:{"resp_code":"0","amount":"1590","leshua_order_id":"1806131031206457","merchant_id":"6008005629","nonce_str":"XXXAZE53SAQ3WB51YKRJ15819RZGU606","pay_way":"ZFBZF","result_code":"0","sign":"2F85AC4EF654E300205635CE0332F57C","status":"0","third_order_id":"2018061310312948068"}

2018-06-13 10:31:57:参数:{"merchant_id":"6008005629","service":"query_status","third_order_id":"2018061310312948068","nonce_str":"KR6D541FKAYA71FLC1BECTTC0E9VCTF1","sign":"F1392A7B2DD070863C262B06E608F599"}

2018-06-13 10:32:03:继续查询:{"resp_code":"0","amount":"1590","leshua_order_id":"1806131031206457","merchant_id":"6008005629","nonce_str":"CHHBXSMFHIPEA4T2BW6PRA9QLC9I8MUJ","pay_way":"ZFBZF","result_code":"0","sign":"E2F37468DD587A5E034573033FE63024","status":"0","third_order_id":"2018061310312948068"}

2018-06-13 10:32:03:参数:{"merchant_id":"6008005629","service":"query_status","third_order_id":"2018061310312948068","nonce_str":"KNPK8SNRUKYMA8R2NH5YJLHY74L1R4BO","sign":"FD6387338F1E3F82C70986C7DFBA52D9"}

2018-06-13 11:56:12:参数:{"merchant_id":"6008005629","service":"query_status","third_order_id":"2018061311561076588","nonce_str":"TBSPX9U6YONBEFJQZBA85DSO0TGDMZ9K","sign":"AE1E3D3857D2812AE2E5159F94632BD1"}

2018-06-13 11:56:18:继续查询:{"resp_code":"0","amount":"2810","leshua_order_id":"1806131156138191","merchant_id":"6008005629","nonce_str":"637XR2JM6P8RD9I3WX2OH1VT6GF5TW00","pay_way":"ZFBZF","result_code":"0","sign":"14496CD2A2D46DD06B6ABA1FD54E1E46","status":"0","third_order_id":"2018061311561076588"}

2018-06-13 11:56:18:参数:{"merchant_id":"6008005629","service":"query_status","third_order_id":"2018061311561076588","nonce_str":"FLAHNJT8MEWJGR6HFFL2YVMJ4MMW4U36","sign":"1295741225673010FF716E0A4FAEB701"}

2018-06-13 11:56:23:继续查询:{"resp_code":"0","amount":"2810","leshua_order_id":"1806131156138191","merchant_id":"6008005629","nonce_str":"AVU6I9ZFJ8H17JY9HMQ2BW2PRA8AK3XF","pay_way":"ZFBZF","result_code":"0","sign":"8C06AA45BA1C82D6B4E717A8108202C0","status":"0","third_order_id":"2018061311561076588"}

2018-06-13 11:56:23:参数:{"merchant_id":"6008005629","service":"query_status","third_order_id":"2018061311561076588","nonce_str":"VMXC80TBAH2YQ3PX2QG0D0SAS2M6PKV0","sign":"4FCB111615042DABF50275FB890B77DC"}

2018-06-13 11:56:28:继续查询:{"resp_code":"0","amount":"2810","leshua_order_id":"1806131156138191","merchant_id":"6008005629","nonce_str":"CGSX7HF0AGHWZPQPX83I37KAGUEXFEGQ","pay_way":"ZFBZF","result_code":"0","sign":"F0E62F88DF90EEE6535CDB2204F11BA2","status":"0","third_order_id":"2018061311561076588"}

2018-06-13 11:56:28:参数:{"merchant_id":"6008005629","service":"query_status","third_order_id":"2018061311561076588","nonce_str":"KSHOTRN30UXET8CNQY7H7D0LTMO9FJIQ","sign":"BBCE016ADA5431237202F3F2B1978A00"}

2018-06-13 11:56:34:继续查询:{"resp_code":"0","amount":"2810","leshua_order_id":"1806131156138191","merchant_id":"6008005629","nonce_str":"20B9IO55JOUVK4DWK2M140CM0O6Y8HY2","pay_way":"ZFBZF","result_code":"0","sign":"0531B63BAC92F8E42D716B431556A35E","status":"0","third_order_id":"2018061311561076588"}

2018-06-13 11:56:34:参数:{"merchant_id":"6008005629","service":"query_status","third_order_id":"2018061311561076588","nonce_str":"0RYVFEGFEC82NLSV93A53YMOK790PCL6","sign":"BFC553DAEE5751A519CE64B1383915F3"}

2018-06-13 11:56:39:继续查询:{"resp_code":"0","amount":"2810","leshua_order_id":"1806131156138191","merchant_id":"6008005629","nonce_str":"X9VD326RY3OASX0Z5A80H2Y4VLY28I4M","pay_way":"ZFBZF","result_code":"0","sign":"288310468E7C5D7184388B26A94E17B6","status":"0","third_order_id":"2018061311561076588"}

2018-06-13 11:56:39:参数:{"merchant_id":"6008005629","service":"query_status","third_order_id":"2018061311561076588","nonce_str":"DV5E60YDO6M6DLE90RCGBWI418UQ9B7J","sign":"F13676C2DB638AA71CC4423388515030"}

2018-06-13 11:56:45:继续查询:{"resp_code":"0","amount":"2810","leshua_order_id":"1806131156138191","merchant_id":"6008005629","nonce_str":"R1UVAY5B355IYE4P9YQ6S3KDBKEEKWYI","pay_way":"ZFBZF","result_code":"0","sign":"6CF9464BC28B87C7A0BB386F5E5FA1B5","status":"0","third_order_id":"2018061311561076588"}

2018-06-13 11:56:45:参数:{"merchant_id":"6008005629","service":"query_status","third_order_id":"2018061311561076588","nonce_str":"ESTOYJXLW09KSYOIQO3UZGFIB5P18YK1","sign":"85195162579825727AD5B8710D39D813"}

2018-06-13 12:25:32:参数:{"merchant_id":"1909003823","service":"query_status","third_order_id":"2018061312253187389","nonce_str":"7KICS617S1KL0QIQ3SCDKFPXJQY6U1G9","sign":"9EF54F687AF36BA33244C3A9A1254DF1"}

2018-06-13 12:25:37:继续查询:{"resp_code":"0","amount":"3600","leshua_order_id":"1806131225327282","merchant_id":"1909003823","nonce_str":"M3644PEDP1M7JX2N8DOXMH84FXBHWZ48","pay_way":"WXZF","result_code":"0","sign":"9F153D199AB5EFC12B493D6F1EA9BCEF","status":"0","third_order_id":"2018061312253187389"}

2018-06-13 12:25:37:参数:{"merchant_id":"1909003823","service":"query_status","third_order_id":"2018061312253187389","nonce_str":"PG17O9ZH6GLVPCL3MZN8R7XFLXYSVA3K","sign":"817250100C3EA10B4ABDCB1EB90409C5"}

2018-06-13 12:25:38:支付成功:{"resp_code":"0","amount":"3600","bank_type":"CFT","leshua_order_id":"1806131225327282","merchant_id":"1909003823","nonce_str":"Z81PPUH041VDRJL8Z86VWUFSHJTH1CBL","openid":"o8uJ6uBrW1jBNJuMs4jB5M9BkkmY","out_transaction_id":"4200000123201806132544598599","pay_time":"2018-06-13 12:25:37","pay_way":"WXZF","result_code":"0","sign":"867B263387DC47833E99CC00CE4D3DC9","status":"2","third_order_id":"2018061312253187389"}

2018-06-13 12:49:57:参数:{"merchant_id":"6008005629","service":"query_status","third_order_id":"2018061312495556015","nonce_str":"SY6V52EKIZRSEZAGCQMWDV74YUO77K79","sign":"008C928F05B64861279D616BDE98F552"}

2018-06-13 12:50:02:继续查询:{"resp_code":"0","amount":"980","leshua_order_id":"1806131249535842","merchant_id":"6008005629","nonce_str":"2DZRP9IN9KWXJSY0TLROCHM89DCY4O4G","pay_way":"ZFBZF","result_code":"0","sign":"BFEC36E84F2DBDD5C8A6C65C85E0904A","status":"0","third_order_id":"2018061312495556015"}

2018-06-13 12:50:02:参数:{"merchant_id":"6008005629","service":"query_status","third_order_id":"2018061312495556015","nonce_str":"32ZOYV6F4I0PVD6ZGIAW3TO0R20H6S9R","sign":"229D0C50BCA76E56DE899A1E5B382A2F"}

2018-06-13 12:50:07:继续查询:{"resp_code":"0","amount":"980","leshua_order_id":"1806131249535842","merchant_id":"6008005629","nonce_str":"JTTH641RW1KKAR0976OC4UO49US2ZOO6","pay_way":"ZFBZF","result_code":"0","sign":"5215EEB813B02E143E813CA41CCB4B92","status":"0","third_order_id":"2018061312495556015"}

2018-06-13 12:50:07:参数:{"merchant_id":"6008005629","service":"query_status","third_order_id":"2018061312495556015","nonce_str":"49C3P55MTHGDMKVZIAZ26SX11OF76XLT","sign":"8D2517ED8780766D451435C632AB0A14"}

2018-06-13 12:50:13:继续查询:{"resp_code":"0","amount":"980","leshua_order_id":"1806131249535842","merchant_id":"6008005629","nonce_str":"4KAUQPPNTUR4CDOU2Z8DV6FXOZT8D8ZN","pay_way":"ZFBZF","result_code":"0","sign":"5430FCAFFC9009CD8DA2A7B90D4FBFDD","status":"0","third_order_id":"2018061312495556015"}

2018-06-13 12:50:13:参数:{"merchant_id":"6008005629","service":"query_status","third_order_id":"2018061312495556015","nonce_str":"4IPG22WLB44NHW8UDYZ9B73YS5735YUE","sign":"D770900366ACCDA9579C726229BBA04F"}

2018-06-13 12:50:18:继续查询:{"resp_code":"0","amount":"980","leshua_order_id":"1806131249535842","merchant_id":"6008005629","nonce_str":"8XNXHGSWHV6CE9RVGKFDDFCQALB0V1UK","pay_way":"ZFBZF","result_code":"0","sign":"1FB9CB0372027BAAB761EDFB641A72EF","status":"0","third_order_id":"2018061312495556015"}

2018-06-13 12:50:18:参数:{"merchant_id":"6008005629","service":"query_status","third_order_id":"2018061312495556015","nonce_str":"RC5GL1RUM1WOQVQZEZVKHU9TSJCM1TMZ","sign":"0986A02B431D928962027213DF299448"}

2018-06-13 12:50:24:继续查询:{"resp_code":"0","amount":"980","leshua_order_id":"1806131249535842","merchant_id":"6008005629","nonce_str":"PA966RADALIN021DR9PRESWS8LNH0JW0","pay_way":"ZFBZF","result_code":"0","sign":"D38E0DAC4A67D56B59236D839A1ACBBC","status":"0","third_order_id":"2018061312495556015"}

2018-06-13 12:50:24:参数:{"merchant_id":"6008005629","service":"query_status","third_order_id":"2018061312495556015","nonce_str":"OY9YKTPM4ZPXOEJBR1QRROC54W5NK9Y2","sign":"0E6A58DC8C351EBF43F06AB926D58942"}

2018-06-13 12:50:29:继续查询:{"resp_code":"0","amount":"980","leshua_order_id":"1806131249535842","merchant_id":"6008005629","nonce_str":"A0KF4Y3VY4PDZ5CEDLRC0AJVDY2B8JA1","pay_way":"ZFBZF","result_code":"0","sign":"A3CCA912C40ED16C4D7C4D6FF3C439E8","status":"0","third_order_id":"2018061312495556015"}

2018-06-13 12:50:29:参数:{"merchant_id":"6008005629","service":"query_status","third_order_id":"2018061312495556015","nonce_str":"936XT3SUNVOGWCDZO7JAWRQUIIBY2MH5","sign":"6E3858386EFB5DF136EC396D4CED90C7"}

2018-06-13 12:50:50:参数:{"merchant_id":"6008005629","service":"query_status","third_order_id":"2018061312504988093","nonce_str":"YRSGPR14OH0QJNZ2IZW7BJP0WOFM7MP1","sign":"E9E23D346103E5F17A58455E1595645A"}

2018-06-13 12:50:56:继续查询:{"resp_code":"0","amount":"980","leshua_order_id":"1806131250428627","merchant_id":"6008005629","nonce_str":"3DLVX8DGVBOMY534TIVB9UDIO45Q5MOD","pay_way":"ZFBZF","result_code":"0","sign":"B0497B94AD9E8FA296FAE9C74E335D8E","status":"0","third_order_id":"2018061312504988093"}

2018-06-13 12:50:56:参数:{"merchant_id":"6008005629","service":"query_status","third_order_id":"2018061312504988093","nonce_str":"BINROWEBRZRRAYJNZUNWOAVSBC14ECKN","sign":"E116E58D5991C1194E57C0FF9BED5C34"}

2018-06-13 12:51:01:继续查询:{"resp_code":"0","amount":"980","leshua_order_id":"1806131250428627","merchant_id":"6008005629","nonce_str":"OR1WD2H2U14W6NCE7LDPEE7OYNLHRID7","pay_way":"ZFBZF","result_code":"0","sign":"E5F64FD8E5A310FAEE27A2CE9D79D0BF","status":"0","third_order_id":"2018061312504988093"}

2018-06-13 12:51:01:参数:{"merchant_id":"6008005629","service":"query_status","third_order_id":"2018061312504988093","nonce_str":"HQIR9U3EEYBYC934XSK75EKZCKCP85OX","sign":"96C0255D077C58A5CE39C78DCAB2DE5A"}

2018-06-13 12:51:03:支付成功:{"resp_code":"0","amount":"980","attach":[],"bank_type":"DEBIT_CARD","channel_datetime":[],"channel_order_id":[],"goods_tag":[],"leshua_order_id":"1806131250428627","merchant_id":"6008005629","nonce_str":"NQYQCXKO3HD503AVC1Z42U10GOYIUHX8","openid":"2088902688136342","out_transaction_id":"2018061321001004340592593201","pay_time":"2018-06-13 12:50:59","pay_way":"ZFBZF","result_code":"0","sign":"3B25D880F006061D02CF11AF0494E383","status":"2","sub_openid":[],"third_order_id":"2018061312504988093","trade_type":[]}

2018-06-13 13:42:03:参数:{"merchant_id":"4909001413","service":"query_status","third_order_id":"2018061313420258148","nonce_str":"N9Y9REX942MKVNSWD11VTZF0N4NOUO6O","sign":"50B1C86A93E8D79299C4C2BD4A639EE8"}

2018-06-13 13:42:09:继续查询:{"resp_code":"0","amount":"23500","leshua_order_id":"1806131342028355","merchant_id":"4909001413","nonce_str":"WB7SM6ZYRIUV272KOINO6MH418M7NI32","pay_way":"WXZF","result_code":"0","sign":"D8B9D579985BF48C7A567E5D34D77D70","status":"0","third_order_id":"2018061313420258148"}

2018-06-13 13:42:09:参数:{"merchant_id":"4909001413","service":"query_status","third_order_id":"2018061313420258148","nonce_str":"68T1HQNM9MBL494ECM65Z2NXFS1WFAT6","sign":"887C4B989067140E77E756CB4C07EA50"}

2018-06-13 13:42:14:继续查询:{"resp_code":"0","amount":"23500","leshua_order_id":"1806131342028355","merchant_id":"4909001413","nonce_str":"OVLUTPL7BGOPLQRNE86UHU4G3KG5DUO1","pay_way":"WXZF","result_code":"0","sign":"B711D2A6ADE65B8AF2363316224DB9AB","status":"0","third_order_id":"2018061313420258148"}

2018-06-13 13:42:14:参数:{"merchant_id":"4909001413","service":"query_status","third_order_id":"2018061313420258148","nonce_str":"G97N3BZWLLA1VMBHE4D8U6VRUJES5NQV","sign":"D8267C146E836ABD64E37DEB0606E63A"}

2018-06-13 13:42:20:继续查询:{"resp_code":"0","amount":"23500","leshua_order_id":"1806131342028355","merchant_id":"4909001413","nonce_str":"8JYJVMDICVYTPP5BJIWOU25GUC7ZJII0","pay_way":"WXZF","result_code":"0","sign":"83E833FF0F104E72A80BD605CB3EDA0F","status":"0","third_order_id":"2018061313420258148"}

2018-06-13 13:42:20:参数:{"merchant_id":"4909001413","service":"query_status","third_order_id":"2018061313420258148","nonce_str":"BUBCKT8MENOUX6YZ4F8MH9JXN8N3VOUS","sign":"A5DB9C6527182D41F1963AB7CE48DA65"}

2018-06-13 13:42:25:继续查询:{"resp_code":"0","amount":"23500","leshua_order_id":"1806131342028355","merchant_id":"4909001413","nonce_str":"T6DDFMC1ZWHOVXGKOGK18LWT2TGZFJ0W","pay_way":"WXZF","result_code":"0","sign":"13A0E67DE56A9F31885EF3A03A2CC20C","status":"0","third_order_id":"2018061313420258148"}

2018-06-13 13:42:25:参数:{"merchant_id":"4909001413","service":"query_status","third_order_id":"2018061313420258148","nonce_str":"43KU45S3EPXJ86KCMLX6KG8CRBWH5DIM","sign":"861945ED1A8585EA4FCF4A3C416D4071"}

2018-06-13 13:42:31:继续查询:{"resp_code":"0","amount":"23500","leshua_order_id":"1806131342028355","merchant_id":"4909001413","nonce_str":"XIXY73OQ8XW6L5V5CQ0MFI81EM1VRP13","pay_way":"WXZF","result_code":"0","sign":"270A725B1DD063300A69E68FA9768CEC","status":"0","third_order_id":"2018061313420258148"}

2018-06-13 13:42:31:参数:{"merchant_id":"4909001413","service":"query_status","third_order_id":"2018061313420258148","nonce_str":"1JY98N9YC79YMFR0RO6MJLXO36AILVE8","sign":"72204FFF2A553F295D440705C75DF2F4"}

2018-06-13 13:42:36:继续查询:{"resp_code":"0","amount":"23500","leshua_order_id":"1806131342028355","merchant_id":"4909001413","nonce_str":"1YPHU3D9O093ZQMBTID5C0N9A7TJOGRA","pay_way":"WXZF","result_code":"0","sign":"1B62D3184B87F6B389CBCF8531FB27BB","status":"0","third_order_id":"2018061313420258148"}

2018-06-13 13:42:36:参数:{"merchant_id":"4909001413","service":"query_status","third_order_id":"2018061313420258148","nonce_str":"NIMZSVP5STTMANHMM6BFRSYW2V4FVFB7","sign":"BDF8ECF1309D7C13378456E69E85DC10"}

2018-06-13 13:43:12:参数:{"merchant_id":"4909001413","service":"query_status","third_order_id":"2018061313431152566","nonce_str":"L109OTV5NOZ9A7760OXZFGMXF2VOPWRM","sign":"056A20DDF59A7ACDA522CFF3AA762315"}

2018-06-13 13:43:17:继续查询:{"resp_code":"0","amount":"13500","leshua_order_id":"1806131343137564","merchant_id":"4909001413","nonce_str":"LBYX2YHN8S029624F7T8YCENJOY5K2JB","pay_way":"WXZF","result_code":"0","sign":"56A929DABD7B733BE03A1EB7F4EA7C34","status":"0","third_order_id":"2018061313431152566"}

2018-06-13 13:43:17:参数:{"merchant_id":"4909001413","service":"query_status","third_order_id":"2018061313431152566","nonce_str":"EPXKHIWHJK2XYX9JV9YV9O0TKD9PA4XC","sign":"9D675A7675AD80E3BFD1589D20EB8D68"}

2018-06-13 13:43:23:继续查询:{"resp_code":"0","amount":"13500","leshua_order_id":"1806131343137564","merchant_id":"4909001413","nonce_str":"YXRSTALKD7W5BO46Z2WL3OB41Y271A07","pay_way":"WXZF","result_code":"0","sign":"39BCF135B8790621D546FA7D1FC47C4D","status":"0","third_order_id":"2018061313431152566"}

2018-06-13 13:43:23:参数:{"merchant_id":"4909001413","service":"query_status","third_order_id":"2018061313431152566","nonce_str":"FW1W7N1JO999VK2OXYAYLKRS1K1H1A34","sign":"10B8229EDA9A7FF005B0EBDB077F49B6"}

2018-06-13 13:43:23:支付失败:{"resp_code":"0","amount":"13500","leshua_order_id":"1806131343137564","merchant_id":"4909001413","nonce_str":"JWXGZWBSVP58531SI3RX2FULS5BNYYGF","pay_way":"WXZF","result_code":"0","sign":"0F3D6D0F31F8134DAD7402DAECD75F60","status":"8","third_order_id":"2018061313431152566"}

2018-06-13 13:43:33:参数:{"merchant_id":"4909001413","service":"query_status","third_order_id":"2018061313433293844","nonce_str":"12XVSJN2TFRSO7XIVA6Q82KLGVTSPSF6","sign":"DD67F1E9FE7BFF3E761066E6D7451B93"}

2018-06-13 13:43:38:继续查询:{"resp_code":"0","amount":"13500","leshua_order_id":"1806131343328901","merchant_id":"4909001413","nonce_str":"9GH13WZCZ4ROX6W4Z54ANG81D3N4M7W0","pay_way":"WXZF","result_code":"0","sign":"06C1786215EC36ECBD5518299833ACFF","status":"0","third_order_id":"2018061313433293844"}

2018-06-13 13:43:38:参数:{"merchant_id":"4909001413","service":"query_status","third_order_id":"2018061313433293844","nonce_str":"JHUO204RB80KN7Y2FO6JE99YG81S5D20","sign":"14E9F5643345BA057874A1D4258A2682"}

2018-06-13 13:43:39:支付成功:{"resp_code":"0","amount":"13500","bank_type":"CFT","leshua_order_id":"1806131343328901","merchant_id":"4909001413","nonce_str":"AF8O7LKD2B3T78OMWZ4PVZ8ZOUI7QAM4","openid":"o8uJ6uKF0GqQGTQvCKZ09dc0BI-Q","out_transaction_id":"4200000120201806130004068421","pay_time":"2018-06-13 13:43:38","pay_way":"WXZF","result_code":"0","sign":"BAA04F740E2B816627346CF517E1537B","status":"2","third_order_id":"2018061313433293844"}

2018-06-13 14:36:18:参数:{"merchant_id":"4909001413","service":"query_status","third_order_id":"2018061314361793473","nonce_str":"QOERWO1TLVMNLXPA6S98B9EF2VP1D6PE","sign":"A379D9A37D7F041D0AC1FA7E5B702096"}

2018-06-13 14:36:24:继续查询:{"resp_code":"0","amount":"24400","leshua_order_id":"1806131436139242","merchant_id":"4909001413","nonce_str":"SXDN9TJ0ZRK6M578A4T7959CHW9DJZEI","pay_way":"WXZF","result_code":"0","sign":"ED568CC7B91B844704D33E1584BD1ED7","status":"0","third_order_id":"2018061314361793473"}

2018-06-13 14:36:24:参数:{"merchant_id":"4909001413","service":"query_status","third_order_id":"2018061314361793473","nonce_str":"1OVGA6XKJT4U0C8UV66U6XOUEY77N91L","sign":"18C34362E00A45E1D55BC8BD85AE2733"}

2018-06-13 14:36:29:继续查询:{"resp_code":"0","amount":"24400","leshua_order_id":"1806131436139242","merchant_id":"4909001413","nonce_str":"7HOL1SCXTWZNRG6U07BVKBGD1SVO7A72","pay_way":"WXZF","result_code":"0","sign":"1CEE73FE024259D66250FDB548BE04C1","status":"0","third_order_id":"2018061314361793473"}

2018-06-13 14:36:29:参数:{"merchant_id":"4909001413","service":"query_status","third_order_id":"2018061314361793473","nonce_str":"MVAEPCW22JEG7JHYLBCRON0Q5R0W7P6V","sign":"21557C7C5A90F55BDAA9B9E2408CD689"}

2018-06-13 14:36:30:支付成功:{"resp_code":"0","amount":"24400","bank_type":"CFT","leshua_order_id":"1806131436139242","merchant_id":"4909001413","nonce_str":"75FDZ1PFV6XQ781UTYPUJDNYYRQR3826","openid":"o8uJ6uORUqwF37YcPuEklSmrjIk4","out_transaction_id":"4200000138201806132797422039","pay_time":"2018-06-13 14:36:29","pay_way":"WXZF","result_code":"0","sign":"BF657CBC5F031CA67A66CE70C1863180","status":"2","third_order_id":"2018061314361793473"}

2018-06-13 15:16:47:参数:{"merchant_id":"0408001370","service":"query_status","third_order_id":"2018061315164528286","nonce_str":"8MLR1TBDZSDZ67F8VJ5BI9KTY8UO565U","sign":"C5F2CDA07AFBDFE16FCD19D2FEBC9F00"}

2018-06-13 15:16:53:继续查询:{"resp_code":"0","amount":"1970","leshua_order_id":"1806131516436401","merchant_id":"0408001370","nonce_str":"1M5WZMSXCONTX5F0SXE1AY7O02GNZCWZ","pay_way":"ZFBZF","result_code":"0","sign":"90698459EAC09C9BC17A9C332DC377D5","status":"0","third_order_id":"2018061315164528286"}

2018-06-13 15:16:53:参数:{"merchant_id":"0408001370","service":"query_status","third_order_id":"2018061315164528286","nonce_str":"QBGD1F267WW80RJ3UDWWWF7131AIYNLB","sign":"7E6221BC669E64A1D03ABB9D34367F9A"}

2018-06-13 15:16:58:继续查询:{"resp_code":"0","amount":"1970","leshua_order_id":"1806131516436401","merchant_id":"0408001370","nonce_str":"K8IV8AT4X04J1W7OLE5O1TT44GBCT9WQ","pay_way":"ZFBZF","result_code":"0","sign":"199C3A00CBCB0C53E46386F94F4C2976","status":"0","third_order_id":"2018061315164528286"}

2018-06-13 15:16:58:参数:{"merchant_id":"0408001370","service":"query_status","third_order_id":"2018061315164528286","nonce_str":"9FNOU48NPU6VTFOLNUG816KTONEIYT6N","sign":"535286B6534A08131F6932B58C319750"}

2018-06-13 15:17:04:继续查询:{"resp_code":"0","amount":"1970","leshua_order_id":"1806131516436401","merchant_id":"0408001370","nonce_str":"020UQBAG3YMWE3GLFAIOKGNRXG14J3RI","pay_way":"ZFBZF","result_code":"0","sign":"0FCBF08FC056503534AC5DDF5EB4F013","status":"0","third_order_id":"2018061315164528286"}

2018-06-13 15:17:04:参数:{"merchant_id":"0408001370","service":"query_status","third_order_id":"2018061315164528286","nonce_str":"NE5XAX9P252LK8EK4ZOXOF4XLNMAHFFY","sign":"630D894DE3266988957230C26B117FEA"}

2018-06-13 15:17:09:继续查询:{"resp_code":"0","amount":"1970","leshua_order_id":"1806131516436401","merchant_id":"0408001370","nonce_str":"AAXN37M91U5NMVRXDF9E6SKGHIU7VFKH","pay_way":"ZFBZF","result_code":"0","sign":"94A3E82629A7336DA9B555795CA0C68B","status":"0","third_order_id":"2018061315164528286"}

2018-06-13 15:17:09:参数:{"merchant_id":"0408001370","service":"query_status","third_order_id":"2018061315164528286","nonce_str":"G1VTZI7U28OZ96KM466LUUXTWJZZEFYC","sign":"F1218CBC1DDB707545110A5CB0448824"}

2018-06-13 15:17:14:继续查询:{"resp_code":"0","amount":"1970","leshua_order_id":"1806131516436401","merchant_id":"0408001370","nonce_str":"9OT2X2P3VVQSHWMLK2X61KD7NACFKCRK","pay_way":"ZFBZF","result_code":"0","sign":"FBEA3F840DE87C27326A767DE1F77F0A","status":"0","third_order_id":"2018061315164528286"}

2018-06-13 15:17:14:参数:{"merchant_id":"0408001370","service":"query_status","third_order_id":"2018061315164528286","nonce_str":"53G0F0CXWJ7QLQXPXXZ952M9NCCGEA7Z","sign":"E3117568840BD8822C008A288A8FFBE0"}

2018-06-13 15:17:20:继续查询:{"resp_code":"0","amount":"1970","leshua_order_id":"1806131516436401","merchant_id":"0408001370","nonce_str":"4LMUWY8GJA741JBM0HEKHT7YP7CZCI6Q","pay_way":"ZFBZF","result_code":"0","sign":"73ECA344FFA6039D3FDC4FE01FAA1FB1","status":"0","third_order_id":"2018061315164528286"}

2018-06-13 15:17:20:参数:{"merchant_id":"0408001370","service":"query_status","third_order_id":"2018061315164528286","nonce_str":"B7GMJBNIWCUR2LD6OVMK9VBF1KI84V1B","sign":"D19674784151253E0C7B6756F81847D2"}

2018-06-13 16:03:19:参数:{"merchant_id":"6008005629","service":"query_status","third_order_id":"2018061316031876538","nonce_str":"QDFAVEW0X4P7BJ8YDLSIN55N3B72C414","sign":"D2B2A2FEA2D898C5A6D87EC39864C063"}

2018-06-13 16:03:24:继续查询:{"resp_code":"0","amount":"540","leshua_order_id":"1806131603137227","merchant_id":"6008005629","nonce_str":"OTS2JM7VTC8N053QSP7WED9R9WRTNLMF","pay_way":"WXZF","result_code":"0","sign":"83C8DF1CD5BB490BE6F800986A136EF6","status":"0","third_order_id":"2018061316031876538"}

2018-06-13 16:03:24:参数:{"merchant_id":"6008005629","service":"query_status","third_order_id":"2018061316031876538","nonce_str":"SFPP21CHSGYEIJQ2UXHVGUBHQ0T8TUJ0","sign":"9A604597A5854B58C16C7E923EB2E97A"}

2018-06-13 16:03:30:继续查询:{"resp_code":"0","amount":"540","leshua_order_id":"1806131603137227","merchant_id":"6008005629","nonce_str":"QRQNPF8B0SHX1A7DNP158WJL5ZKEF1AR","pay_way":"WXZF","result_code":"0","sign":"615C5D44248FC65B08B8A0C99BB2D292","status":"0","third_order_id":"2018061316031876538"}

2018-06-13 16:03:30:参数:{"merchant_id":"6008005629","service":"query_status","third_order_id":"2018061316031876538","nonce_str":"24TZYY0MPOCDNFBDB7X8MEQSPZTKLTZH","sign":"AA46E53A0B2EB78D6E4E59A695596776"}

2018-06-13 16:03:35:继续查询:{"resp_code":"0","amount":"540","leshua_order_id":"1806131603137227","merchant_id":"6008005629","nonce_str":"772829QTLW6G1PA15F53KHQ3BIELOPM3","pay_way":"WXZF","result_code":"0","sign":"25FD4A62AC356BA6DCFD765937B4AE5A","status":"0","third_order_id":"2018061316031876538"}

2018-06-13 16:03:35:参数:{"merchant_id":"6008005629","service":"query_status","third_order_id":"2018061316031876538","nonce_str":"X13NNB8YWKV8EXROJTIVPTFHIH8CYUYT","sign":"E1888B744B93BACA93C0B7BC4EDEFE61"}

2018-06-13 16:03:41:继续查询:{"resp_code":"0","amount":"540","leshua_order_id":"1806131603137227","merchant_id":"6008005629","nonce_str":"UQRFXC7YU4UM3SB341COJHE3K70YRWDQ","pay_way":"WXZF","result_code":"0","sign":"8C404F3B5A98AD0F96B201B08D4BCA39","status":"0","third_order_id":"2018061316031876538"}

2018-06-13 16:03:41:参数:{"merchant_id":"6008005629","service":"query_status","third_order_id":"2018061316031876538","nonce_str":"JHB1DTI4ZSI52WQJDD1Q62CY6LDHEX21","sign":"E468C22289E435862347AC340639A074"}

2018-06-13 16:03:46:继续查询:{"resp_code":"0","amount":"540","leshua_order_id":"1806131603137227","merchant_id":"6008005629","nonce_str":"SB53O7HORRH7NDZG40ZW9PGG8DQA53IG","pay_way":"WXZF","result_code":"0","sign":"5225822EBD340C3ED8101E61F6E26B0A","status":"0","third_order_id":"2018061316031876538"}

2018-06-13 16:03:46:参数:{"merchant_id":"6008005629","service":"query_status","third_order_id":"2018061316031876538","nonce_str":"LCXP16SFP6U8AG43BVCWJDZY1TOTEBB3","sign":"8B5EF4281A9D469EA8B0AD39F1BB61BE"}

2018-06-13 16:03:52:继续查询:{"resp_code":"0","amount":"540","leshua_order_id":"1806131603137227","merchant_id":"6008005629","nonce_str":"4XT55IHNTXFMWTKIVKSDED64JVCSZ3SD","pay_way":"WXZF","result_code":"0","sign":"413F49C35EDF31AC1692F450A4720B98","status":"0","third_order_id":"2018061316031876538"}

2018-06-13 16:03:52:参数:{"merchant_id":"6008005629","service":"query_status","third_order_id":"2018061316031876538","nonce_str":"O8ONDS2PRYLFR45W7B7WAWVJGESZC614","sign":"58504847154CDCC6CB0C09A4B779F0B1"}

2018-06-13 16:21:48:参数:{"merchant_id":"6008005629","service":"query_status","third_order_id":"2018061316214634360","nonce_str":"BMCL5S2HOQJR28934CCICHTPU86R4BUZ","sign":"D2A4D8B25E370699B7F88B2299BD46AB"}

2018-06-13 16:21:53:继续查询:{"resp_code":"0","amount":"260","leshua_order_id":"1806131621436819","merchant_id":"6008005629","nonce_str":"UG0ZTSQ8CU4K4EU1NDCF4ZLBFIVIW7JY","pay_way":"ZFBZF","result_code":"0","sign":"699A4EDC3D17B6AA1393FAD8DFA7DD62","status":"0","third_order_id":"2018061316214634360"}

2018-06-13 16:21:53:参数:{"merchant_id":"6008005629","service":"query_status","third_order_id":"2018061316214634360","nonce_str":"IOU3NS91PHO7F8DGNFFG03G7UPE6AJO7","sign":"1083955E97FE7FDED9B1B79BB949A8AD"}

2018-06-13 16:21:59:继续查询:{"resp_code":"0","amount":"260","leshua_order_id":"1806131621436819","merchant_id":"6008005629","nonce_str":"UVH92338UMYGHFBPJ9PR9FVJBZDF5VKQ","pay_way":"ZFBZF","result_code":"0","sign":"C3DB3A0CBBBFA06D0A77B0E9A4F5306C","status":"0","third_order_id":"2018061316214634360"}

2018-06-13 16:21:59:参数:{"merchant_id":"6008005629","service":"query_status","third_order_id":"2018061316214634360","nonce_str":"KWVOEU0BQGJMXNIDYOAYEEJDJUI8B35Y","sign":"E2A0BE89C03F6DEFC17AB32BA574AD4A"}

2018-06-13 16:22:04:继续查询:{"resp_code":"0","amount":"260","leshua_order_id":"1806131621436819","merchant_id":"6008005629","nonce_str":"GXC703DG521HQ6BSO6Z0YHU25UIL3CS7","pay_way":"ZFBZF","result_code":"0","sign":"D41F504FC65F5FEE93417CDFCE6FE139","status":"0","third_order_id":"2018061316214634360"}

2018-06-13 16:22:04:参数:{"merchant_id":"6008005629","service":"query_status","third_order_id":"2018061316214634360","nonce_str":"MVQ4GR4DQQLO9BCQN7EEW1ONYFOTBBXH","sign":"200B6D75B8A54D704FF5D1A2B06F9AC5"}

2018-06-13 16:22:09:继续查询:{"resp_code":"0","amount":"260","leshua_order_id":"1806131621436819","merchant_id":"6008005629","nonce_str":"AOR6A2YHYI56N71POY7E67SEHRBJJQLI","pay_way":"ZFBZF","result_code":"0","sign":"84E0335BABAE72028EBACB136AA85C1F","status":"0","third_order_id":"2018061316214634360"}

2018-06-13 16:22:10:参数:{"merchant_id":"6008005629","service":"query_status","third_order_id":"2018061316214634360","nonce_str":"6EB1ITL3HWMZ2GIYTW8YOPZXF4LD9D26","sign":"C6869EF272855551FE35DE3E174F762C"}

2018-06-13 16:22:15:继续查询:{"resp_code":"0","amount":"260","leshua_order_id":"1806131621436819","merchant_id":"6008005629","nonce_str":"ETC9T0N83LECQH2GNIJ2S8T92WTXSE7B","pay_way":"ZFBZF","result_code":"0","sign":"335366EE305207071EE95F5505972F6F","status":"0","third_order_id":"2018061316214634360"}

2018-06-13 16:22:15:参数:{"merchant_id":"6008005629","service":"query_status","third_order_id":"2018061316214634360","nonce_str":"R578SSV9MHT1K2Y9P9L6HT3F49SYO3VG","sign":"22AEBFF0365ED26F34EBD81D500073D9"}

2018-06-13 16:22:21:继续查询:{"resp_code":"0","amount":"260","leshua_order_id":"1806131621436819","merchant_id":"6008005629","nonce_str":"JCJ3I102K8UDDS6L073IMEASUAVRTGSD","pay_way":"ZFBZF","result_code":"0","sign":"96B097A527C44984273B05DAA4D94F99","status":"0","third_order_id":"2018061316214634360"}

2018-06-13 16:22:21:参数:{"merchant_id":"6008005629","service":"query_status","third_order_id":"2018061316214634360","nonce_str":"GXQ3Y62E2405F8N358OSLO5BF1PFWQ6U","sign":"8DD4C12E6FA081CF7E85B9CFAE898EB2"}

2018-06-13 16:39:29:参数:{"merchant_id":"6008005629","service":"query_status","third_order_id":"2018061316392862632","nonce_str":"BL3DG0XH8QZ7UN6UD4KYEN8Q6CN4DB3M","sign":"8496C64FB9BCF2EAEE31D97382FE3EB8"}

2018-06-13 16:39:35:继续查询:{"resp_code":"0","amount":"500","leshua_order_id":"1806131639222887","merchant_id":"6008005629","nonce_str":"OL7F2JPLJNA3IYI5LX8CTRSQ451TO8WQ","pay_way":"WXZF","result_code":"0","sign":"B13D3CAFB9C389346057874CB8A54D81","status":"0","third_order_id":"2018061316392862632"}

2018-06-13 16:39:35:参数:{"merchant_id":"6008005629","service":"query_status","third_order_id":"2018061316392862632","nonce_str":"UVWP7C3U4A1ZU5UE5EPMABDB5ZR4LEZQ","sign":"103D0C412A896157153692B932731879"}

2018-06-13 16:39:40:继续查询:{"resp_code":"0","amount":"500","leshua_order_id":"1806131639222887","merchant_id":"6008005629","nonce_str":"FKGBHR8EAZNBA4F80E8J6ENKEJG6B9GH","pay_way":"WXZF","result_code":"0","sign":"6C8F16FEF20703F226CC49F95BBC802D","status":"0","third_order_id":"2018061316392862632"}

2018-06-13 16:39:40:参数:{"merchant_id":"6008005629","service":"query_status","third_order_id":"2018061316392862632","nonce_str":"QSEDE6QYOE58EHJ266P21CGQXDJN7LQ1","sign":"0A11291DF6DCC61D739418FB2055080A"}

2018-06-13 16:39:46:继续查询:{"resp_code":"0","amount":"500","leshua_order_id":"1806131639222887","merchant_id":"6008005629","nonce_str":"79IRSFZ7M33V9ENP3VM5JDZT26P03GAH","pay_way":"WXZF","result_code":"0","sign":"46D2076D1B030A39449AD80CA7FB7C31","status":"0","third_order_id":"2018061316392862632"}

2018-06-13 16:39:46:参数:{"merchant_id":"6008005629","service":"query_status","third_order_id":"2018061316392862632","nonce_str":"G9ANZIPPG0M95Z2BRMKMDCXSOZG4C3QC","sign":"1179FDAB395D6C873EA2A85D9F6896C0"}

2018-06-13 16:39:51:继续查询:{"resp_code":"0","amount":"500","leshua_order_id":"1806131639222887","merchant_id":"6008005629","nonce_str":"587UXC36ZR2S2TASRZDD7U7VZ5R6VXHB","pay_way":"WXZF","result_code":"0","sign":"F2169D5E650B8FF20EDD01E9D0B90475","status":"0","third_order_id":"2018061316392862632"}

2018-06-13 16:39:51:参数:{"merchant_id":"6008005629","service":"query_status","third_order_id":"2018061316392862632","nonce_str":"C5LFLDGF1LFCPVRN32LNJLL6T90GCOJT","sign":"11CB7E2C67E3B685FF36A4797D47E1B5"}

2018-06-13 16:39:57:继续查询:{"resp_code":"0","amount":"500","leshua_order_id":"1806131639222887","merchant_id":"6008005629","nonce_str":"RP34X0XO76JJUESN47KU3HKXMYP0R96N","pay_way":"WXZF","result_code":"0","sign":"721AB56D3CBFBD732B576BADE9F22C6B","status":"0","third_order_id":"2018061316392862632"}

2018-06-13 16:39:57:参数:{"merchant_id":"6008005629","service":"query_status","third_order_id":"2018061316392862632","nonce_str":"AH3NJFX9K4297CA70KO35XVT74XWAF16","sign":"67EB93EBDA9497EEE388306C6D758CF0"}

2018-06-13 16:40:02:继续查询:{"resp_code":"0","amount":"500","leshua_order_id":"1806131639222887","merchant_id":"6008005629","nonce_str":"2FJLURO0JT7YY6GC0A8GTPC5HHNVGRQ4","pay_way":"WXZF","result_code":"0","sign":"5D7D51BAF8A99940B506E2B1ED1DB6FE","status":"0","third_order_id":"2018061316392862632"}

2018-06-13 16:40:02:参数:{"merchant_id":"6008005629","service":"query_status","third_order_id":"2018061316392862632","nonce_str":"RGCSANYMEGEE77D1GSR8LBJE8PLX96JD","sign":"0A90D5F0C694905BDC46A8FE7EC45ED9"}

2018-06-13 16:42:03:参数:{"merchant_id":"6008005629","service":"query_status","third_order_id":"2018061316420356730","nonce_str":"AZ94T0LSSAP08GH3S2BD55FYDJ0QHT0O","sign":"58FD15BA949B6245361C8050A6F34B72"}

2018-06-13 16:42:09:继续查询:{"resp_code":"0","amount":"1090","leshua_order_id":"1806131642024232","merchant_id":"6008005629","nonce_str":"5UP1FU07K7FG0E9Y6221Y95MT8YM13BU","pay_way":"WXZF","result_code":"0","sign":"CE731E231CD35B92CD63FBFD36DC3CDF","status":"0","third_order_id":"2018061316420356730"}

2018-06-13 16:42:09:参数:{"merchant_id":"6008005629","service":"query_status","third_order_id":"2018061316420356730","nonce_str":"ANJ675R1DFL4BNGDKPVLIOQPI5CAD837","sign":"191F9C07D23F71E8A02551EA0B1C8927"}

2018-06-13 16:42:14:继续查询:{"resp_code":"0","amount":"1090","leshua_order_id":"1806131642024232","merchant_id":"6008005629","nonce_str":"IFVA6UAD08OWK6W0LHJUSXQEUKLQUQU2","pay_way":"WXZF","result_code":"0","sign":"2F63E33200A63F97C9B90F6BBF0AA379","status":"0","third_order_id":"2018061316420356730"}

2018-06-13 16:42:14:参数:{"merchant_id":"6008005629","service":"query_status","third_order_id":"2018061316420356730","nonce_str":"6G5KOYRGPD8S89HV1XNQ7J89PIQA9O2L","sign":"A2A4F55E580BC319192AAAD59936A588"}

2018-06-13 16:42:20:继续查询:{"resp_code":"0","amount":"1090","leshua_order_id":"1806131642024232","merchant_id":"6008005629","nonce_str":"HOWDVF017LCKGP8XB22LWN8U70SV2VRW","pay_way":"WXZF","result_code":"0","sign":"6B67375ECA62572F6641F0763031E33F","status":"0","third_order_id":"2018061316420356730"}

2018-06-13 16:42:20:参数:{"merchant_id":"6008005629","service":"query_status","third_order_id":"2018061316420356730","nonce_str":"6COV0HRQDCDWNO5P5P2D23VL8IEIEOWC","sign":"65E1CB83FB222E4441E3BE43C620CF0A"}

2018-06-13 16:42:25:继续查询:{"resp_code":"0","amount":"1090","leshua_order_id":"1806131642024232","merchant_id":"6008005629","nonce_str":"ZB8TZYR9DJW200XYBWPDGVKYZ1Q6ZMWN","pay_way":"WXZF","result_code":"0","sign":"00EFD9B6630F63006D3685E1DD824779","status":"0","third_order_id":"2018061316420356730"}

2018-06-13 16:42:25:参数:{"merchant_id":"6008005629","service":"query_status","third_order_id":"2018061316420356730","nonce_str":"HWYNZ1H7SC9JYIHJ84ELQEEZOJ6SL6XC","sign":"7D2B90F3A33EA12E5DA7513B36860F3B"}

2018-06-13 16:42:31:继续查询:{"resp_code":"0","amount":"1090","leshua_order_id":"1806131642024232","merchant_id":"6008005629","nonce_str":"8ED7ZO7NW3VRITQNRMVPF2ZP3SSHCF9J","pay_way":"WXZF","result_code":"0","sign":"06927497CC0E995F62BC02052CFD5BCF","status":"0","third_order_id":"2018061316420356730"}

2018-06-13 16:42:31:参数:{"merchant_id":"6008005629","service":"query_status","third_order_id":"2018061316420356730","nonce_str":"G8DHX6JNJRCEZHBIBGGVVOGX2NTU4ZS4","sign":"D2BCE5CA1E58918C949A1D27B91BCC67"}

2018-06-13 16:42:36:继续查询:{"resp_code":"0","amount":"1090","leshua_order_id":"1806131642024232","merchant_id":"6008005629","nonce_str":"C05SFJTUYIJM6431HQM9A6I5Y9BWN9YE","pay_way":"WXZF","result_code":"0","sign":"3D74233386411D8EE89FAD6DAA7B5A56","status":"0","third_order_id":"2018061316420356730"}

2018-06-13 16:42:36:参数:{"merchant_id":"6008005629","service":"query_status","third_order_id":"2018061316420356730","nonce_str":"W4JZSSEVIA2T2QUECHI4GPHO2CW97UWA","sign":"6DD1607209534CD2F6281F68BC3B07BE"}

2018-06-13 18:32:08:参数:{"merchant_id":"4909001413","service":"query_status","third_order_id":"2018061318320654489","nonce_str":"MMHK2YJXVGZ0EKG5MI4N991NBADVNPEV","sign":"961CE21EE7013AEFA9C7C1AE6A7DCBBA"}

2018-06-13 18:32:13:继续查询:{"resp_code":"0","amount":"29100","leshua_order_id":"1806131832009440","merchant_id":"4909001413","nonce_str":"ILH6NQ7PVXSPBGBOSW2POAOF3ATHZPNA","pay_way":"WXZF","result_code":"0","sign":"A8D557C29501518DFD2E3B98165E5134","status":"0","third_order_id":"2018061318320654489"}

2018-06-13 18:32:13:参数:{"merchant_id":"4909001413","service":"query_status","third_order_id":"2018061318320654489","nonce_str":"U01LQ8VBSMNWNLH7PEWYX6W8GNU4UWER","sign":"D56AF5235B12987AA678BC0C00B7AD30"}

2018-06-13 18:32:19:继续查询:{"resp_code":"0","amount":"29100","leshua_order_id":"1806131832009440","merchant_id":"4909001413","nonce_str":"8KOTHI35LCZO4H2T89ZN0EGCW5VY2F4C","pay_way":"WXZF","result_code":"0","sign":"3BF3689BD98537CED5EBDB497CA7580A","status":"0","third_order_id":"2018061318320654489"}

2018-06-13 18:32:19:参数:{"merchant_id":"4909001413","service":"query_status","third_order_id":"2018061318320654489","nonce_str":"HYRXMZUCD0Y3QMFSJFFBU3FKTOWJJ1XU","sign":"14A46E9BB6C10682821383694CC8C694"}

2018-06-13 18:32:24:继续查询:{"resp_code":"0","amount":"29100","leshua_order_id":"1806131832009440","merchant_id":"4909001413","nonce_str":"SO427S3G3CNTIKKR3AC0XIHHOF3SRHX4","pay_way":"WXZF","result_code":"0","sign":"0CEE4E2DBB195442876D4C7464EB6889","status":"0","third_order_id":"2018061318320654489"}

2018-06-13 18:32:24:参数:{"merchant_id":"4909001413","service":"query_status","third_order_id":"2018061318320654489","nonce_str":"5T5P5QBWFMOF7U30P4V92BI1Z5S3B273","sign":"0419D213CF0EA7D1C8AD3AF730AACFD8"}

2018-06-13 18:32:30:继续查询:{"resp_code":"0","amount":"29100","leshua_order_id":"1806131832009440","merchant_id":"4909001413","nonce_str":"BDK38HJIQ4I0MKRPQ37M3BDE576WXD9Z","pay_way":"WXZF","result_code":"0","sign":"77A108EF39C130D6F9833BC1C0E1784E","status":"0","third_order_id":"2018061318320654489"}

2018-06-13 18:32:30:参数:{"merchant_id":"4909001413","service":"query_status","third_order_id":"2018061318320654489","nonce_str":"QQZDG5F37OSKYFX8KI1ZNHO0SYB2ZKGD","sign":"27D6A66DE142C34FA13CEB2DAA9B9099"}

2018-06-13 18:32:35:继续查询:{"resp_code":"0","amount":"29100","leshua_order_id":"1806131832009440","merchant_id":"4909001413","nonce_str":"S5QA3HBLRNYYSV85P1UNTQN16E6FUPVG","pay_way":"WXZF","result_code":"0","sign":"B08DF63B8C66D2B1FBB71603786F6F2A","status":"0","third_order_id":"2018061318320654489"}

2018-06-13 18:32:35:参数:{"merchant_id":"4909001413","service":"query_status","third_order_id":"2018061318320654489","nonce_str":"RNJ9FDTLK7AZABW0WAHYEIZCMS2NNVYT","sign":"AB8434C0A91E1D98A524D59F859DFC0B"}

2018-06-13 18:32:41:继续查询:{"resp_code":"0","amount":"29100","leshua_order_id":"1806131832009440","merchant_id":"4909001413","nonce_str":"GMWQ3JK13ZOBQREF6BNWMRS853DPOPW7","pay_way":"WXZF","result_code":"0","sign":"CAB062A5C589BFFAC1F7BA9163D46652","status":"0","third_order_id":"2018061318320654489"}

2018-06-13 18:32:41:参数:{"merchant_id":"4909001413","service":"query_status","third_order_id":"2018061318320654489","nonce_str":"T7C081DDXZCJ62V7AK5UAG73AHUZYWA0","sign":"9019234E3078142315B08DEED3064637"}

2018-06-13 18:33:02:参数:{"merchant_id":"4909001413","service":"query_status","third_order_id":"2018061318330085151","nonce_str":"P1XN8H5H7441DL2NTQO0OSNFNUDCBXHR","sign":"840390029C051E379991B742F44DF9C8"}

2018-06-13 18:33:07:继续查询:{"resp_code":"0","amount":"29100","leshua_order_id":"1806131833032797","merchant_id":"4909001413","nonce_str":"U1PWGLHR8VS5WJ3RF8TMASU8Y9X7FCPF","pay_way":"WXZF","result_code":"0","sign":"CBE1906BE739F8E9B18D1315E3F0D37B","status":"0","third_order_id":"2018061318330085151"}

2018-06-13 18:33:07:参数:{"merchant_id":"4909001413","service":"query_status","third_order_id":"2018061318330085151","nonce_str":"VLMVZEIPJQJ28I4DZKZTB7ZVGW78XVNJ","sign":"151FF2DEA8E0BCEA37438F10B4FEB999"}

2018-06-13 18:33:08:支付成功:{"resp_code":"0","amount":"29100","bank_type":"CFT","leshua_order_id":"1806131833032797","merchant_id":"4909001413","nonce_str":"JCISC9E34FX4GPCI4GQZ541DZGQZ3845","openid":"o8uJ6uCf9We9VPftYw8JtgZvEvek","out_transaction_id":"4200000122201806132263599545","pay_time":"2018-06-13 18:33:07","pay_way":"WXZF","result_code":"0","sign":"68E587B96CC16886C793C98ADD6543B6","status":"2","third_order_id":"2018061318330085151"}

2018-06-13 18:34:22:参数:{"merchant_id":"4909001413","service":"query_status","third_order_id":"2018061318342112452","nonce_str":"5U9GU8M7T2VTRBB9DTFVSDRA8AI6D75V","sign":"3669CF0CFDDCBB81645DABEC54E7B136"}

2018-06-13 18:34:27:继续查询:{"resp_code":"0","amount":"22700","leshua_order_id":"1806131834233541","merchant_id":"4909001413","nonce_str":"VFAR1UVSHYGZ3MC00NZA3EXOIEWLGQ73","pay_way":"WXZF","result_code":"0","sign":"6BB41D53B7C787B0EEF332A1C946033C","status":"0","third_order_id":"2018061318342112452"}

2018-06-13 18:34:27:参数:{"merchant_id":"4909001413","service":"query_status","third_order_id":"2018061318342112452","nonce_str":"JB5LPFPHBM0ARDJQ4SQ6CWPAOUXWDT5L","sign":"788EFC6422171FC57BBC6D69F9CA6060"}

2018-06-13 18:34:33:继续查询:{"resp_code":"0","amount":"22700","leshua_order_id":"1806131834233541","merchant_id":"4909001413","nonce_str":"94BVDKSKND24PB6TQJVC5CCRESMA1LOF","pay_way":"WXZF","result_code":"0","sign":"91BB3C92318646C7075B9A8AD2AD0725","status":"0","third_order_id":"2018061318342112452"}

2018-06-13 18:34:33:参数:{"merchant_id":"4909001413","service":"query_status","third_order_id":"2018061318342112452","nonce_str":"MDQEUZO6TUD7NRPAJQ9G0O1V3SHCIB65","sign":"B2020130A5A8418DCA00ED6C9E861790"}

2018-06-13 18:34:33:支付成功:{"resp_code":"0","amount":"22700","bank_type":"CFT","leshua_order_id":"1806131834233541","merchant_id":"4909001413","nonce_str":"5KHD3I9SFHGAMNGZ4WE9OWDYBGX4NETA","openid":"o8uJ6uCf9We9VPftYw8JtgZvEvek","out_transaction_id":"4200000111201806132512844764","pay_time":"2018-06-13 18:34:33","pay_way":"WXZF","result_code":"0","sign":"C3F7E600E89C8C5E9AC1E96C0DDC5369","status":"2","third_order_id":"2018061318342112452"}

2018-06-13 18:35:17:参数:{"merchant_id":"6008005629","service":"query_status","third_order_id":"2018061318351681354","nonce_str":"6XEOEMC8Q0M7Z573W87XRNRT8ZURKYC7","sign":"49B316CA1F31C315C3DB7B79C084AD08"}

2018-06-13 18:35:22:继续查询:{"resp_code":"0","amount":"730","leshua_order_id":"1806131835100933","merchant_id":"6008005629","nonce_str":"Q1Z0B3WQC0HZW7CYUZBBHO2J1OTD8CAJ","pay_way":"WXZF","result_code":"0","sign":"FCF73274B060EDF5350EC5E104BD4FB7","status":"0","third_order_id":"2018061318351681354"}

2018-06-13 18:35:22:参数:{"merchant_id":"6008005629","service":"query_status","third_order_id":"2018061318351681354","nonce_str":"ZX23RRNJ6UMEEJDD03VN2U7JTDUIN7RB","sign":"285AB4EA729CA1CB496797068E2250DF"}

2018-06-13 18:35:28:继续查询:{"resp_code":"0","amount":"730","leshua_order_id":"1806131835100933","merchant_id":"6008005629","nonce_str":"S43Q7CB39SO44L1CHH7590ZDY0WM1228","pay_way":"WXZF","result_code":"0","sign":"3A0BCB55BA644D81744A032360BC9158","status":"0","third_order_id":"2018061318351681354"}

2018-06-13 18:35:28:参数:{"merchant_id":"6008005629","service":"query_status","third_order_id":"2018061318351681354","nonce_str":"ABHY3950M0X42T1WY7CM0URWNCX12OZS","sign":"160368CA23A95542C8D17EA52F0BFB7D"}

2018-06-13 18:35:34:继续查询:{"resp_code":"0","amount":"730","leshua_order_id":"1806131835100933","merchant_id":"6008005629","nonce_str":"0R2O4LY1LIHMBJWT4Q6NAY49U767FEHM","pay_way":"WXZF","result_code":"0","sign":"DC49BD68635F51A8B6628AD8EE0AC42E","status":"0","third_order_id":"2018061318351681354"}

2018-06-13 18:35:34:参数:{"merchant_id":"6008005629","service":"query_status","third_order_id":"2018061318351681354","nonce_str":"K5H7LVDC4URIB9D447JI9XTEP5PA7SMX","sign":"88693F1A22A56E7950564BFD72C20E02"}

2018-06-13 18:35:34:支付成功:{"resp_code":"0","amount":"730","bank_type":"CFT","leshua_order_id":"1806131835100933","merchant_id":"6008005629","nonce_str":"349JSS3QIWURD6ECFRV39Y5ZC8OWMWDD","openid":"o8uJ6uBteqrycnF978IqwVc3a-Cc","out_transaction_id":"4200000116201806130081018022","pay_time":"2018-06-13 18:35:34","pay_way":"WXZF","result_code":"0","sign":"D68111758719FD34C72DEF5F3387847B","status":"2","third_order_id":"2018061318351681354"}

2018-06-13 18:36:38:参数:{"merchant_id":"6008005629","service":"query_status","third_order_id":"2018061318363691958","nonce_str":"2JT0PYOOY5IJY5VU8K8MYVYSQ4ZOAVWR","sign":"03A2BB760BE37339815D766939F2CDD8"}

2018-06-13 18:36:39:支付失败:{"resp_code":"0","amount":"2039","leshua_order_id":"1806131836301570","merchant_id":"6008005629","nonce_str":"SO3TASGINF5BMSWL6HWTH5HE62FYFMTY","pay_way":"WXZF","result_code":"0","sign":"B6414DE7C297E6A08C1631274A9E58DD","status":"8","third_order_id":"2018061318363691958"}

2018-06-13 18:39:09:参数:{"merchant_id":"6008005629","service":"query_status","third_order_id":"2018061318390871231","nonce_str":"2IGV0PXE7ARTYZ2OIFCZYRYDR46SAZQG","sign":"2408E03595EE28D9D95285795D901088"}

2018-06-13 18:39:15:继续查询:{"resp_code":"0","amount":"2720","leshua_order_id":"1806131839020380","merchant_id":"6008005629","nonce_str":"FA4CZWFL74QV2CLCS5O0AE9Z5Z1UHXNS","pay_way":"WXZF","result_code":"0","sign":"F7D49B082C4639E07883141DB2CA13DB","status":"0","third_order_id":"2018061318390871231"}

2018-06-13 18:39:15:参数:{"merchant_id":"6008005629","service":"query_status","third_order_id":"2018061318390871231","nonce_str":"MPDEHI3TZIFBS8HUUGOTGC5LTIWB8QSO","sign":"2FAA2E0D2C8285E1ED00696289BC56B5"}

2018-06-13 18:39:20:继续查询:{"resp_code":"0","amount":"2720","leshua_order_id":"1806131839020380","merchant_id":"6008005629","nonce_str":"JZ84TARFO42G9QSKZKBMU6FFEAZI7VVR","pay_way":"WXZF","result_code":"0","sign":"DA0963EDA66780788FBFB306F58ED147","status":"0","third_order_id":"2018061318390871231"}

2018-06-13 18:39:20:参数:{"merchant_id":"6008005629","service":"query_status","third_order_id":"2018061318390871231","nonce_str":"IYDUMC0RFPID6ELLYHUYM93S9DFLRNH0","sign":"9C1E2A5982ED0D949F92FBEB26CABBF5"}

2018-06-13 18:39:26:继续查询:{"resp_code":"0","amount":"2720","leshua_order_id":"1806131839020380","merchant_id":"6008005629","nonce_str":"N2TLOEVXS67MN7U8U16ESIRMHKZ2GT94","pay_way":"WXZF","result_code":"0","sign":"A84E85E70B75FAB93BAFB66A008D6EA4","status":"0","third_order_id":"2018061318390871231"}

2018-06-13 18:39:26:参数:{"merchant_id":"6008005629","service":"query_status","third_order_id":"2018061318390871231","nonce_str":"MERV0I3QLWRUPM72FVL4D4LQUV07NLBA","sign":"419D1CCD2A8566D677973E8A7B4C084A"}

2018-06-13 18:39:31:继续查询:{"resp_code":"0","amount":"2720","leshua_order_id":"1806131839020380","merchant_id":"6008005629","nonce_str":"CBCF22MVFPRQDSCQXHLIASO57NJ6D6CW","pay_way":"WXZF","result_code":"0","sign":"CAB2227597811EEF309C10B33C709AAB","status":"0","third_order_id":"2018061318390871231"}

2018-06-13 18:39:31:参数:{"merchant_id":"6008005629","service":"query_status","third_order_id":"2018061318390871231","nonce_str":"90SD2TM1IXDGP5SF5OEQ1MNDS67O1H3D","sign":"5A78B043F5ACA4B3EB786EA7886E6B7D"}

2018-06-13 18:39:37:继续查询:{"resp_code":"0","amount":"2720","leshua_order_id":"1806131839020380","merchant_id":"6008005629","nonce_str":"Z6JAYLE5XXTPT4VQ3AHUYSNULM50CWL6","pay_way":"WXZF","result_code":"0","sign":"5CFA79A71DC25D8166FF59301160C4A2","status":"0","third_order_id":"2018061318390871231"}

2018-06-13 18:39:37:参数:{"merchant_id":"6008005629","service":"query_status","third_order_id":"2018061318390871231","nonce_str":"X1H0NYV6NQ83G7H4BLAGDX8XG0KTS5A8","sign":"4B39C65891F992437BBD0915B29D537B"}

2018-06-13 18:39:42:继续查询:{"resp_code":"0","amount":"2720","leshua_order_id":"1806131839020380","merchant_id":"6008005629","nonce_str":"739EFN5BWX9RK0C1TCMFVZN8PFCH02QD","pay_way":"WXZF","result_code":"0","sign":"C1DCE0D1FEDE2ACC06CDE8358784FA46","status":"0","third_order_id":"2018061318390871231"}

2018-06-13 18:39:42:参数:{"merchant_id":"6008005629","service":"query_status","third_order_id":"2018061318390871231","nonce_str":"5N96QA9QQHD2ZIEU2S8NMV7V4FBZNRK6","sign":"1724F48C024CA01201E59CF29046D037"}

2018-06-13 18:43:10:参数:{"merchant_id":"6008005629","service":"query_status","third_order_id":"2018061318430954669","nonce_str":"5O4FJE9CEIS0JC8ATH26NUMABGTDBRDL","sign":"52F8B300446360D1928D6D17E6DAEEDD"}

2018-06-13 18:43:15:继续查询:{"resp_code":"0","amount":"1440","leshua_order_id":"1806131843138693","merchant_id":"6008005629","nonce_str":"9GBQZGJ725J6CDNL14SQS041GS8POW1N","pay_way":"WXZF","result_code":"0","sign":"F1275537A3CCCB04D1C54AD7C87D5AD5","status":"0","third_order_id":"2018061318430954669"}

2018-06-13 18:43:16:参数:{"merchant_id":"6008005629","service":"query_status","third_order_id":"2018061318430954669","nonce_str":"HHNXNWSLS3D3L3DQPNAD66ANUHGM19Z1","sign":"8662226B6C3E7D4196923352F62F5051"}

2018-06-13 18:43:21:继续查询:{"resp_code":"0","amount":"1440","leshua_order_id":"1806131843138693","merchant_id":"6008005629","nonce_str":"HU05CUG3WBUX569K7FFU973QGCTKECWH","pay_way":"WXZF","result_code":"0","sign":"AE5F2AE853F4D8DDB164C616D60D1B18","status":"0","third_order_id":"2018061318430954669"}

2018-06-13 18:43:21:参数:{"merchant_id":"6008005629","service":"query_status","third_order_id":"2018061318430954669","nonce_str":"ABIFL2DQ4V5UXVKUB6V4JYI3XAOMT7M6","sign":"7DDC3790A9A79B344F29E247B03FC9EB"}

2018-06-13 18:43:26:继续查询:{"resp_code":"0","amount":"1440","leshua_order_id":"1806131843138693","merchant_id":"6008005629","nonce_str":"CISDLEWUUSU62NLY9JTT3SX28K490SCT","pay_way":"WXZF","result_code":"0","sign":"5220A6E39FF7CB5919043BDDABC9FB4C","status":"0","third_order_id":"2018061318430954669"}

2018-06-13 18:43:26:参数:{"merchant_id":"6008005629","service":"query_status","third_order_id":"2018061318430954669","nonce_str":"IYJNRJOJ2FQKII4UKDQB350066XRSZ5R","sign":"4D552B2318AC05FB3558D8322999F054"}

2018-06-13 18:43:32:继续查询:{"resp_code":"0","amount":"1440","leshua_order_id":"1806131843138693","merchant_id":"6008005629","nonce_str":"1XT0ZOPZQCZ137WH1Z4ZE23JVAXT64LR","pay_way":"WXZF","result_code":"0","sign":"0BDCCCCEFBCFB3BCE7E5C44928D81CBB","status":"0","third_order_id":"2018061318430954669"}

2018-06-13 18:43:32:参数:{"merchant_id":"6008005629","service":"query_status","third_order_id":"2018061318430954669","nonce_str":"T9ELBZFGLNL1YQXGJ3LWPSF2RAXU9ZV0","sign":"CDBA7321F83B4A188CDBD5F0EE765006"}

2018-06-13 18:43:38:继续查询:{"resp_code":"0","amount":"1440","leshua_order_id":"1806131843138693","merchant_id":"6008005629","nonce_str":"Y73ABK9L2ZPZVV4YX5YD9ZJZ2CUZD6WZ","pay_way":"WXZF","result_code":"0","sign":"4B05C8B9F24E777E45A63277C57540CC","status":"0","third_order_id":"2018061318430954669"}

2018-06-13 18:43:38:参数:{"merchant_id":"6008005629","service":"query_status","third_order_id":"2018061318430954669","nonce_str":"GJFADJGYYUO7RTW57CB5CQGNB3OVN41K","sign":"B3A036B056FB1FE9CCF9B10D5D6F077F"}

2018-06-13 18:43:43:继续查询:{"resp_code":"0","amount":"1440","leshua_order_id":"1806131843138693","merchant_id":"6008005629","nonce_str":"5YECMHA3NLGID194O2QTYDPMW3PEBSE8","pay_way":"WXZF","result_code":"0","sign":"BC3721494C4F4899C44BF95D25A755F7","status":"0","third_order_id":"2018061318430954669"}

2018-06-13 18:43:43:参数:{"merchant_id":"6008005629","service":"query_status","third_order_id":"2018061318430954669","nonce_str":"7C62OMSB6FE1QIT344SUA6Z9PWZPPCVZ","sign":"BF9EB2309B457282CE6A3C8395ADCD31"}

2018-06-13 18:56:19:参数:{"merchant_id":"6008005629","service":"query_status","third_order_id":"2018061318561829663","nonce_str":"WSGHXCJZQ7W2SOHMCVGVGP8YIGMBYQ8H","sign":"C008BB29378FCCC835E7985BDB293F04"}

2018-06-13 18:56:24:继续查询:{"resp_code":"0","amount":"160","leshua_order_id":"1806131856129823","merchant_id":"6008005629","nonce_str":"6LOQN7OYOR3BBPZI63V1JM0YJ1L10J1J","pay_way":"WXZF","result_code":"0","sign":"D7A2AE2614AB238387882264F3AAB550","status":"0","third_order_id":"2018061318561829663"}

2018-06-13 18:56:24:参数:{"merchant_id":"6008005629","service":"query_status","third_order_id":"2018061318561829663","nonce_str":"QMH9C2J5F994XZ8X6Y4KHBZTZI8WO1HF","sign":"77DAB9052BA7C8DC0B813B2411D5B1F1"}

2018-06-13 18:56:30:继续查询:{"resp_code":"0","amount":"160","leshua_order_id":"1806131856129823","merchant_id":"6008005629","nonce_str":"37YKVQWYHA23IRT9YOA1H14L6VP5VQGY","pay_way":"WXZF","result_code":"0","sign":"9C329A5E1F08B9987BBA505212F759E2","status":"0","third_order_id":"2018061318561829663"}

2018-06-13 18:56:30:参数:{"merchant_id":"6008005629","service":"query_status","third_order_id":"2018061318561829663","nonce_str":"JAPH5E5WJKLTWXA08I1HJPUYYZ9OMZTC","sign":"FD68A1A566EB7C9C7D32C52253C8F793"}

2018-06-13 18:56:35:继续查询:{"resp_code":"0","amount":"160","leshua_order_id":"1806131856129823","merchant_id":"6008005629","nonce_str":"YVUECIEP2L1KJ3V63FW2ZOTRTYOFPNWC","pay_way":"WXZF","result_code":"0","sign":"6D083074393A3891530404308CAE6AE8","status":"0","third_order_id":"2018061318561829663"}

2018-06-13 18:56:35:参数:{"merchant_id":"6008005629","service":"query_status","third_order_id":"2018061318561829663","nonce_str":"A0C6NBY8L28ZGVMD8SB81EDKYHGQUH7F","sign":"C118A92926C056FF91FB8F2D3B7A5DE0"}

2018-06-13 18:56:41:继续查询:{"resp_code":"0","amount":"160","leshua_order_id":"1806131856129823","merchant_id":"6008005629","nonce_str":"GDPQBUCE5X7UKSFVF30MU9A6EEJOUO6S","pay_way":"WXZF","result_code":"0","sign":"1135863627307C7DF97CF19CAB99E100","status":"0","third_order_id":"2018061318561829663"}

2018-06-13 18:56:41:参数:{"merchant_id":"6008005629","service":"query_status","third_order_id":"2018061318561829663","nonce_str":"BU4MP42WW4NTG921AOWQ1UXMQEDHDJ6G","sign":"226B7C4B0A0877E9C6D5D17FD2B7A72B"}

2018-06-13 18:56:46:继续查询:{"resp_code":"0","amount":"160","leshua_order_id":"1806131856129823","merchant_id":"6008005629","nonce_str":"GZEEZKYQIL3DCDS3CHV2Z052HIAV1JIU","pay_way":"WXZF","result_code":"0","sign":"8BEF1167CFB4F5AE68BE1F277434BD1C","status":"0","third_order_id":"2018061318561829663"}

2018-06-13 18:56:46:参数:{"merchant_id":"6008005629","service":"query_status","third_order_id":"2018061318561829663","nonce_str":"3YA1KQCQMB7VTOEF6VUCKKJRB52KBWPF","sign":"ED5BF1AD12305A213FD951FB6F9EA543"}

2018-06-13 18:56:52:继续查询:{"resp_code":"0","amount":"160","leshua_order_id":"1806131856129823","merchant_id":"6008005629","nonce_str":"B039O2JR9K1NA70OHP31I3TI618T9152","pay_way":"WXZF","result_code":"0","sign":"4E4B6AD9B98132C520BAB6DFCDCFA948","status":"0","third_order_id":"2018061318561829663"}

2018-06-13 18:56:52:参数:{"merchant_id":"6008005629","service":"query_status","third_order_id":"2018061318561829663","nonce_str":"44Y84SUKW576GO2PNE68WTRJDKZRMT9F","sign":"52D2733440E1D92A73A898F70CBB7D36"}

2018-06-13 19:09:18:参数:{"merchant_id":"6008005629","service":"query_status","third_order_id":"2018061319091649110","nonce_str":"32G6MEJDHQMMTXONWW3PK6UJCSYM48W2","sign":"5D1BAFBAE73B1678F386C53812A32B4E"}

2018-06-13 19:09:23:继续查询:{"resp_code":"0","amount":"2570","leshua_order_id":"1806131909133110","merchant_id":"6008005629","nonce_str":"HFMW2I4JGY5A56Q0ESQNOI94OITXAEUB","pay_way":"ZFBZF","result_code":"0","sign":"EF814475514E9F531DA75800EF16EC65","status":"0","third_order_id":"2018061319091649110"}

2018-06-13 19:09:23:参数:{"merchant_id":"6008005629","service":"query_status","third_order_id":"2018061319091649110","nonce_str":"7QNI7NIDAMQHKM7CK10TZXQDFKEGD2EF","sign":"0D5AAF1A878C0D3A113DA96BF848CBF0"}

2018-06-13 19:09:29:继续查询:{"resp_code":"0","amount":"2570","leshua_order_id":"1806131909133110","merchant_id":"6008005629","nonce_str":"QE5RZC1FSZLIQRXXS80A7WT20D0EA4K6","pay_way":"ZFBZF","result_code":"0","sign":"CD328AD942BDF98B2EB600B9E6D00587","status":"0","third_order_id":"2018061319091649110"}

2018-06-13 19:09:29:参数:{"merchant_id":"6008005629","service":"query_status","third_order_id":"2018061319091649110","nonce_str":"8C23SC89MX3ZTLMEZVT9LQ7K0BDCK5SM","sign":"583F42ABD2B0076EA82F58E993DC7714"}

2018-06-13 19:09:34:继续查询:{"resp_code":"0","amount":"2570","leshua_order_id":"1806131909133110","merchant_id":"6008005629","nonce_str":"OMED26CE82E8Q17GS2XQ4OS35ZXUJOKO","pay_way":"ZFBZF","result_code":"0","sign":"ABD3CB5D5B8C64D725D4F3C1F652E319","status":"0","third_order_id":"2018061319091649110"}

2018-06-13 19:09:34:参数:{"merchant_id":"6008005629","service":"query_status","third_order_id":"2018061319091649110","nonce_str":"EB83JB1ZJ3XQM4EHALQNJVN12OJ776UU","sign":"A5F1FC743848909BA377366EB51D8B96"}

2018-06-13 19:09:39:继续查询:{"resp_code":"0","amount":"2570","leshua_order_id":"1806131909133110","merchant_id":"6008005629","nonce_str":"LNDFCORVKSU8Y8UJAM1UO05XISKSFQ0S","pay_way":"ZFBZF","result_code":"0","sign":"32CE48CF805C700D7DDF54985350BDB5","status":"0","third_order_id":"2018061319091649110"}

2018-06-13 19:09:39:参数:{"merchant_id":"6008005629","service":"query_status","third_order_id":"2018061319091649110","nonce_str":"WE2HS2QJ4T7P5DXMQMAK4HFQJUNY5NIX","sign":"4B83F7A4F091A7C324198D260A0E322F"}

2018-06-13 19:09:45:继续查询:{"resp_code":"0","amount":"2570","leshua_order_id":"1806131909133110","merchant_id":"6008005629","nonce_str":"U8T2387V8SNDUV19JEL0JGYFQ36Y3AX0","pay_way":"ZFBZF","result_code":"0","sign":"414A4D849CEB5736EDE3B6FB10D9B86C","status":"0","third_order_id":"2018061319091649110"}

2018-06-13 19:09:45:参数:{"merchant_id":"6008005629","service":"query_status","third_order_id":"2018061319091649110","nonce_str":"43PEMUJIUMH52NGHZTV40IJRHNFP7GYA","sign":"A48FEB95982B1B50E2E31BA2605EE3DE"}

2018-06-13 19:09:50:继续查询:{"resp_code":"0","amount":"2570","leshua_order_id":"1806131909133110","merchant_id":"6008005629","nonce_str":"D60M62U22223JLMBDACPACYY3WBUN2SH","pay_way":"ZFBZF","result_code":"0","sign":"004908ED18EE8D1A837280FCA8F15385","status":"0","third_order_id":"2018061319091649110"}

2018-06-13 19:09:50:参数:{"merchant_id":"6008005629","service":"query_status","third_order_id":"2018061319091649110","nonce_str":"H9QEYYP0UO7WAMTPXQXIHKU5656S10X8","sign":"9A4DD6451857ED3CBC9AA37B086EA31C"}

2018-06-13 19:34:10:参数:{"merchant_id":"6008005629","service":"query_status","third_order_id":"2018061319341074658","nonce_str":"RSK59SK906ILMT6B6RVSIQTK0EP76J1F","sign":"A3748D1DD6E4D8C68965583D2E55BEBF"}

2018-06-13 19:34:16:继续查询:{"resp_code":"0","amount":"270","leshua_order_id":"1806131934136081","merchant_id":"6008005629","nonce_str":"0WT3JKK3Y8JK2WL5CUY362BGSHPYQCRW","pay_way":"WXZF","result_code":"0","sign":"B09F9C1DCAE43853B7E598FDBD2F66EC","status":"0","third_order_id":"2018061319341074658"}

2018-06-13 19:34:16:参数:{"merchant_id":"6008005629","service":"query_status","third_order_id":"2018061319341074658","nonce_str":"RRNQYJPVJV5TXEQYWZSGC86HF5FNMHRU","sign":"9B96E938F00D48E13122E436B01E14A6"}

2018-06-13 19:34:21:继续查询:{"resp_code":"0","amount":"270","leshua_order_id":"1806131934136081","merchant_id":"6008005629","nonce_str":"OTAWSI18VQX62SEKHRWOZ7V3VAI690Z2","pay_way":"WXZF","result_code":"0","sign":"283A180C455A9F20B71188668A97DCF9","status":"0","third_order_id":"2018061319341074658"}

2018-06-13 19:34:21:参数:{"merchant_id":"6008005629","service":"query_status","third_order_id":"2018061319341074658","nonce_str":"NI6PC0O6B6FNEO3908VSROPKLN5UT1UE","sign":"ABB663EBE6484A2E5F98B90BC6F59C2C"}

2018-06-13 19:34:27:继续查询:{"resp_code":"0","amount":"270","leshua_order_id":"1806131934136081","merchant_id":"6008005629","nonce_str":"9SCTCTD16HOY31S2G0MTJQZ3YC9T2F9A","pay_way":"WXZF","result_code":"0","sign":"876EC4A529D9DF7A167C988CC2388E7A","status":"0","third_order_id":"2018061319341074658"}

2018-06-13 19:34:27:参数:{"merchant_id":"6008005629","service":"query_status","third_order_id":"2018061319341074658","nonce_str":"16AH9ZSF3QEH2LP2UPJA3LDAWTGIG50F","sign":"D853666E8B8A8D93871576272DA50CF7"}

2018-06-13 19:34:32:继续查询:{"resp_code":"0","amount":"270","leshua_order_id":"1806131934136081","merchant_id":"6008005629","nonce_str":"06IARI6RNW8VRB3ZC6Q61QEJX9W015I0","pay_way":"WXZF","result_code":"0","sign":"393D93069D5151946BF902C32B29C486","status":"0","third_order_id":"2018061319341074658"}

2018-06-13 19:34:32:参数:{"merchant_id":"6008005629","service":"query_status","third_order_id":"2018061319341074658","nonce_str":"Y8VV5BZH0LBRADBAS14DR5OYGQ40C9B2","sign":"34FF36208C4BF789A3CDA60294DC3368"}

2018-06-13 19:34:38:继续查询:{"resp_code":"0","amount":"270","leshua_order_id":"1806131934136081","merchant_id":"6008005629","nonce_str":"WCAXRC91IJ06BJFORK0KL7D0IQMLO9QR","pay_way":"WXZF","result_code":"0","sign":"D8004AB8966742B6FE0EE0C0FC481576","status":"0","third_order_id":"2018061319341074658"}

2018-06-13 19:34:38:参数:{"merchant_id":"6008005629","service":"query_status","third_order_id":"2018061319341074658","nonce_str":"IQHJ2QPHE5Q93FUJ2FY1B51JPG0YVLIO","sign":"FCA04CD410FBB32220033C95A9E471E3"}

2018-06-13 19:34:43:继续查询:{"resp_code":"0","amount":"270","leshua_order_id":"1806131934136081","merchant_id":"6008005629","nonce_str":"EE0F6I9OXB92T0PZGIA9TV4654BP6MW2","pay_way":"WXZF","result_code":"0","sign":"DA42977D6228888C63E2C711D4736E5C","status":"0","third_order_id":"2018061319341074658"}

2018-06-13 19:34:43:参数:{"merchant_id":"6008005629","service":"query_status","third_order_id":"2018061319341074658","nonce_str":"P8UINYIRFZAW73L4HFKJFI6S6E3N3YB6","sign":"8FBCDCE2F02463EA0D6E69CCA648D08C"}

2018-06-13 19:46:47:参数:{"merchant_id":"6008005629","service":"query_status","third_order_id":"2018061319464694062","nonce_str":"DAZQOGOIDRLT2BYIY2JEGI898EJV1PXE","sign":"9A5ADF8C5738C4F8CB64A1591F5C99B1"}

2018-06-13 19:46:53:继续查询:{"resp_code":"0","amount":"1500","leshua_order_id":"1806131946432535","merchant_id":"6008005629","nonce_str":"HSOBBWSEPDPWP3X24B7QPYEKN0JNWLUU","pay_way":"ZFBZF","result_code":"0","sign":"7AB3BFF4F53C2DADD2686FE2E13B3861","status":"0","third_order_id":"2018061319464694062"}

2018-06-13 19:46:53:参数:{"merchant_id":"6008005629","service":"query_status","third_order_id":"2018061319464694062","nonce_str":"YA5BIJJAQXAQ7M27LD3JD32G3XZEWXOG","sign":"CBECCE186B266F720433CB2205D1408D"}

2018-06-13 19:46:58:继续查询:{"resp_code":"0","amount":"1500","leshua_order_id":"1806131946432535","merchant_id":"6008005629","nonce_str":"IM0UYLPL8I4JG14381VH83TXPZMLBDJI","pay_way":"ZFBZF","result_code":"0","sign":"8D30AAE18E4170DBEEBC0A7785E3340D","status":"0","third_order_id":"2018061319464694062"}

2018-06-13 19:46:58:参数:{"merchant_id":"6008005629","service":"query_status","third_order_id":"2018061319464694062","nonce_str":"777NPZ5VLY4BI47D0V6QCHNGPUUZVGVD","sign":"AAA2ED32894DAE2CA0C8912970F1FD6E"}

2018-06-13 19:47:04:继续查询:{"resp_code":"0","amount":"1500","leshua_order_id":"1806131946432535","merchant_id":"6008005629","nonce_str":"33T9BRSA1SQ9MJQEHMOZFWG79O2MBM79","pay_way":"ZFBZF","result_code":"0","sign":"4DB9F2125958EDD29111197CE57026CF","status":"0","third_order_id":"2018061319464694062"}

2018-06-13 19:47:04:参数:{"merchant_id":"6008005629","service":"query_status","third_order_id":"2018061319464694062","nonce_str":"QRY370O6OSRQOUQIW9X2FQXOP3VGU1TY","sign":"D2E9A18F877C91E3B7D51470845769F8"}

2018-06-13 19:47:09:继续查询:{"resp_code":"0","amount":"1500","leshua_order_id":"1806131946432535","merchant_id":"6008005629","nonce_str":"WJNAIG1C1EG8JHQ3836N9JS9557W4P5N","pay_way":"ZFBZF","result_code":"0","sign":"751EA0556FD584ACB7B411CB936FAB44","status":"0","third_order_id":"2018061319464694062"}

2018-06-13 19:47:09:参数:{"merchant_id":"6008005629","service":"query_status","third_order_id":"2018061319464694062","nonce_str":"WCDW75LL6DJHCHN90QJXTH5YEYBSP8RC","sign":"C52521318CD0A1996F78E115DB5BC089"}

2018-06-13 19:47:14:继续查询:{"resp_code":"0","amount":"1500","leshua_order_id":"1806131946432535","merchant_id":"6008005629","nonce_str":"XHTHP90MJCVZEP0NNZTUJDQBIDPYL64T","pay_way":"ZFBZF","result_code":"0","sign":"DFBA00E0CF0C99CF7C3151FEF5507765","status":"0","third_order_id":"2018061319464694062"}

2018-06-13 19:47:14:参数:{"merchant_id":"6008005629","service":"query_status","third_order_id":"2018061319464694062","nonce_str":"FEN2STSC27FKIAZQ7NXN5NM3HA7EBJYH","sign":"0D7575DA668C9DBCB9C1611A343CB146"}

2018-06-13 19:47:20:继续查询:{"resp_code":"0","amount":"1500","leshua_order_id":"1806131946432535","merchant_id":"6008005629","nonce_str":"LPVHP5PJSEB5MR304MP759YX4V8SBMMR","pay_way":"ZFBZF","result_code":"0","sign":"3360BFC23B663FC4FDB4E7BF4B10D70D","status":"0","third_order_id":"2018061319464694062"}

2018-06-13 19:47:20:参数:{"merchant_id":"6008005629","service":"query_status","third_order_id":"2018061319464694062","nonce_str":"QKDL6W3BGIB29MEVJ7ZYLIQIVO80QRHU","sign":"BD53A09DBA5B6E410F702750F45D4E31"}

2018-06-13 23:54:09:参数:{"merchant_id":"6008005629","service":"query_status","third_order_id":"2018061323540798305","nonce_str":"PASPO6EYG04T9GYV5HNHBRM5QNY4F93O","sign":"1821CC2EEF61894587ACBD637578A5D7"}

2018-06-13 23:54:14:继续查询:{"resp_code":"0","amount":"1470","leshua_order_id":"1806132354022672","merchant_id":"6008005629","nonce_str":"6S7VV2UHH4ZXFULWWWPEJKDMX7OUXOEH","pay_way":"WXZF","result_code":"0","sign":"C7C276A9E52D3C87738E59E229F3B7A0","status":"0","third_order_id":"2018061323540798305"}

2018-06-13 23:54:14:参数:{"merchant_id":"6008005629","service":"query_status","third_order_id":"2018061323540798305","nonce_str":"A7LGO2JTMTQH888YZ3PUBGUOD1G1IO0B","sign":"7A54E68F85BD68602C11D621EC9619E2"}

2018-06-13 23:54:20:继续查询:{"resp_code":"0","amount":"1470","leshua_order_id":"1806132354022672","merchant_id":"6008005629","nonce_str":"NAVZ7VCICW2LPX6XBTZOXU0KXJHGXRRZ","pay_way":"WXZF","result_code":"0","sign":"A60950E8791E07D725B11CDDBA252895","status":"0","third_order_id":"2018061323540798305"}

2018-06-13 23:54:20:参数:{"merchant_id":"6008005629","service":"query_status","third_order_id":"2018061323540798305","nonce_str":"81MNZUNP06HGXVVE82OMWCDQR0MLJ7VY","sign":"5E552A6DCAF4E9CFC2CA22D4437F7A0A"}

2018-06-13 23:54:20:支付成功:{"resp_code":"0","amount":"1470","bank_type":"COMM_DEBIT","leshua_order_id":"1806132354022672","merchant_id":"6008005629","nonce_str":"7IUQ6T4O42BJMA4SIH749LCGXPJW54L7","openid":"o8uJ6uH8TUGqJYnWLgojhzJR98vE","out_transaction_id":"4200000126201806135660027436","pay_time":"2018-06-13 23:54:20","pay_way":"WXZF","result_code":"0","sign":"FAAEC886D5D7C5DE0909BA787D7E68AE","status":"2","third_order_id":"2018061323540798305"}

