2018-06-19 06:49:03:参数:{"merchant_id":"6008005629","service":"query_status","third_order_id":"2018061906490254060","nonce_str":"XPKUASDD9BTP7OMYSO9H338HZ15HLF3K","sign":"0F9015F56967958EC5FDE003CCC5FA77"}

2018-06-19 06:49:08:继续查询:{"resp_code":"0","amount":"1800","leshua_order_id":"1806190649020322","merchant_id":"6008005629","nonce_str":"D6GIQN2EPARTUGGAPL1LCF8MSEUZ5S04","pay_way":"WXZF","result_code":"0","sign":"C9F415053440CE0505AC7106D8633267","status":"0","third_order_id":"2018061906490254060"}

2018-06-19 06:49:08:参数:{"merchant_id":"6008005629","service":"query_status","third_order_id":"2018061906490254060","nonce_str":"2IXFSCA0ADYNWIWLM7C69JALIAYI6BJH","sign":"A3318693A48F5F03599314E0281613F0"}

2018-06-19 06:49:09:支付成功:{"resp_code":"0","amount":"1800","bank_type":"CFT","leshua_order_id":"1806190649020322","merchant_id":"6008005629","nonce_str":"PJOWQZ5PZR93SP318LAR953RE0AB0ZMS","openid":"o8uJ6uJJC9v26qUzNpkbplP2mgCk","out_transaction_id":"4200000122201806198951936724","pay_time":"2018-06-19 06:49:08","pay_way":"WXZF","result_code":"0","sign":"C2F2F4920C4B07A19E5D5A56A9C817D7","status":"2","third_order_id":"2018061906490254060"}

2018-06-19 07:02:30:参数:{"merchant_id":"6008005629","service":"query_status","third_order_id":"2018061907022912100","nonce_str":"5GD07ZONG9NNLWEUWZFS8R81MMHTC28D","sign":"0AD74CAD57D8937B0E7F1C0CE8419A3F"}

2018-06-19 07:02:31:支付失败:{"resp_code":"0","amount":"3470","leshua_order_id":"1806190702202550","merchant_id":"6008005629","nonce_str":"NWC0H6S6HQEDF8UFKQVTRRFZKLTE0USC","pay_way":"WXZF","result_code":"0","sign":"972D166F7C9817C3F5997E03E97F4C99","status":"8","third_order_id":"2018061907022912100"}

2018-06-19 09:15:07:参数:{"merchant_id":"6008005629","service":"query_status","third_order_id":"2018061909150756854","nonce_str":"UFF08AKB63UVXTTJW8HQN9796D5ZJ7EP","sign":"A211E173CDEE56949F0084F55049A8F0"}

2018-06-19 09:15:13:继续查询:{"resp_code":"0","amount":"800","leshua_order_id":"1806190915023752","merchant_id":"6008005629","nonce_str":"2IP2B06XYTIMYV4VMYXAXJHNRNCIZ6JY","pay_way":"WXZF","result_code":"0","sign":"2B900FA6B4A090068E2F1FAE37318AE6","status":"0","third_order_id":"2018061909150756854"}

2018-06-19 09:15:13:参数:{"merchant_id":"6008005629","service":"query_status","third_order_id":"2018061909150756854","nonce_str":"EGJWWVVBRML9WMCDQGBBZT7WFY10HXGZ","sign":"7D6B2476A836B7034E9D9687ADF19AFD"}

2018-06-19 09:15:18:继续查询:{"resp_code":"0","amount":"800","leshua_order_id":"1806190915023752","merchant_id":"6008005629","nonce_str":"P37CGUQHGFODJ36O0OQB1LIVX3140E6Z","pay_way":"WXZF","result_code":"0","sign":"271F45416B796825822456154566F102","status":"0","third_order_id":"2018061909150756854"}

2018-06-19 09:15:18:参数:{"merchant_id":"6008005629","service":"query_status","third_order_id":"2018061909150756854","nonce_str":"J6VSCOY4WNZNFHXQZ4K6V0H34JCIQLBL","sign":"93D3585B3C02E079B73D39491078B349"}

2018-06-19 09:15:24:继续查询:{"resp_code":"0","amount":"800","leshua_order_id":"1806190915023752","merchant_id":"6008005629","nonce_str":"8LH8FCXTKT6ZIHDWDDPKE8566JBX5K7U","pay_way":"WXZF","result_code":"0","sign":"FD261FCEDECA17A20A96457F738A09E7","status":"0","third_order_id":"2018061909150756854"}

2018-06-19 09:15:24:参数:{"merchant_id":"6008005629","service":"query_status","third_order_id":"2018061909150756854","nonce_str":"8RBUG8YX1DMZ2KKSSL648WNUMG1N20IG","sign":"094BC168A99AD661202DE5C861BE0319"}

2018-06-19 09:15:29:继续查询:{"resp_code":"0","amount":"800","leshua_order_id":"1806190915023752","merchant_id":"6008005629","nonce_str":"8A5QR29SI3WC2P36SX02BFEB2262CW3L","pay_way":"WXZF","result_code":"0","sign":"A4EDF0044F1F4DB78422CCF680308C29","status":"0","third_order_id":"2018061909150756854"}

2018-06-19 09:15:29:参数:{"merchant_id":"6008005629","service":"query_status","third_order_id":"2018061909150756854","nonce_str":"G2KTEP3S702WFI4H9NEU70Z5HCQKF7B8","sign":"F6694786A947310073C8AEBC66BC4A18"}

2018-06-19 09:15:35:继续查询:{"resp_code":"0","amount":"800","leshua_order_id":"1806190915023752","merchant_id":"6008005629","nonce_str":"3A38L3FHRROCGQS6Q5TZ4EF9Y3633GN9","pay_way":"WXZF","result_code":"0","sign":"754DF12A37046281CD0C57291873DBEA","status":"0","third_order_id":"2018061909150756854"}

2018-06-19 09:15:35:参数:{"merchant_id":"6008005629","service":"query_status","third_order_id":"2018061909150756854","nonce_str":"K26G2GTLBZEMGGIJ9DO90SXIRP2CRCAG","sign":"520E624061D7134FBF96DB5E5C6C3987"}

2018-06-19 09:15:40:继续查询:{"resp_code":"0","amount":"800","leshua_order_id":"1806190915023752","merchant_id":"6008005629","nonce_str":"OG3PN3HI12L4QWLD93JRMCUHAHB7PZSE","pay_way":"WXZF","result_code":"0","sign":"A2C615546DBADC6DB87854F839B1D1AE","status":"0","third_order_id":"2018061909150756854"}

2018-06-19 09:15:40:参数:{"merchant_id":"6008005629","service":"query_status","third_order_id":"2018061909150756854","nonce_str":"CELT6UMVQ0XUQRBKWFK7O6CZBIM09CS3","sign":"4A4F884CF9A151FA28E862C915AA5B1B"}

2018-06-19 12:06:34:参数:{"merchant_id":"6008005629","service":"query_status","third_order_id":"2018061912063333434","nonce_str":"D8TJY471CVNIW3HJL666378TXHS8TETG","sign":"6C98C9898F7C0A292AA9825CFB4D2076"}

2018-06-19 12:06:40:继续查询:{"resp_code":"0","amount":"509","leshua_order_id":"1806191206326447","merchant_id":"6008005629","nonce_str":"5ONSHTJLWMQ706NLJUAJ3QMIWPKLYPZM","pay_way":"WXZF","result_code":"0","sign":"924DDA44A2012A8BB2B8BAD05D5FB1A6","status":"0","third_order_id":"2018061912063333434"}

2018-06-19 12:06:40:参数:{"merchant_id":"6008005629","service":"query_status","third_order_id":"2018061912063333434","nonce_str":"JWS99LUYUJ8BN8X2FDAFW69HPOI8HPR2","sign":"9B0D5F342DF243D4219D6BC57E7D3E3C"}

2018-06-19 12:06:46:继续查询:{"resp_code":"0","amount":"509","leshua_order_id":"1806191206326447","merchant_id":"6008005629","nonce_str":"UMTCY323PGVI2L1HUHPSHMISGGKJM98Q","pay_way":"WXZF","result_code":"0","sign":"5C2A3E7AB5BDC26BC8BE79C7ABABBBD6","status":"0","third_order_id":"2018061912063333434"}

2018-06-19 12:06:46:参数:{"merchant_id":"6008005629","service":"query_status","third_order_id":"2018061912063333434","nonce_str":"7UVUWRDTZDJ549IJUEFCJJ5W10POR4O7","sign":"97FB1A81746E4EDF566F0ECFE641736A"}

2018-06-19 12:06:46:支付成功:{"resp_code":"0","amount":"509","bank_type":"PSBC_DEBIT","leshua_order_id":"1806191206326447","merchant_id":"6008005629","nonce_str":"YZ132CEBW15X86Z0UZSDE0EQE0D2SXF5","openid":"o8uJ6uEOm_XHkjQWvRfJKW-P9xVY","out_transaction_id":"4200000118201806197153255909","pay_time":"2018-06-19 12:06:46","pay_way":"WXZF","result_code":"0","sign":"013EFAE5AFCC12FBDFE430472F48BB5F","status":"2","third_order_id":"2018061912063333434"}

2018-06-19 12:09:40:参数:{"merchant_id":"6008005629","service":"query_status","third_order_id":"2018061912093920780","nonce_str":"CUJRPRM17OH1990XVPZDI8L7XIYQZ01I","sign":"32D583CF6F706931B4AD3A24A2F0CB9D"}

2018-06-19 12:09:46:继续查询:{"resp_code":"0","amount":"500","leshua_order_id":"1806191209337009","merchant_id":"6008005629","nonce_str":"3FRU70LACCJ87QED0LVEE7UOMI8BQZNQ","pay_way":"WXZF","result_code":"0","sign":"0985E41C225418BF874DA01D4B64686B","status":"0","third_order_id":"2018061912093920780"}

2018-06-19 12:09:46:参数:{"merchant_id":"6008005629","service":"query_status","third_order_id":"2018061912093920780","nonce_str":"467FQ7CXRIBALDLK2T2WRHFLQA6FDDON","sign":"3ECD98F158893F1616E55DCAE78CA4CF"}

2018-06-19 12:09:51:继续查询:{"resp_code":"0","amount":"500","leshua_order_id":"1806191209337009","merchant_id":"6008005629","nonce_str":"N15O2G18RXZSEA9EDZJOZVHYNW61DZCU","pay_way":"WXZF","result_code":"0","sign":"AC75ED4C4957FD25625D2C8A6A2CAD02","status":"0","third_order_id":"2018061912093920780"}

2018-06-19 12:09:51:参数:{"merchant_id":"6008005629","service":"query_status","third_order_id":"2018061912093920780","nonce_str":"TISF21GVEAMLJUTIUEZQ19PG8MK965N8","sign":"788A94FF21B4DF721C10BC634172CA15"}

2018-06-19 12:09:57:继续查询:{"resp_code":"0","amount":"500","leshua_order_id":"1806191209337009","merchant_id":"6008005629","nonce_str":"0G3ENUN9C53NIY8FK6QEVU5FOAJOA5VI","pay_way":"WXZF","result_code":"0","sign":"2EC0B62C1AA70978395904D007ABA1AD","status":"0","third_order_id":"2018061912093920780"}

2018-06-19 12:09:57:参数:{"merchant_id":"6008005629","service":"query_status","third_order_id":"2018061912093920780","nonce_str":"I8CM0TX271BL7OIJWH85N1EFZZSFRCEJ","sign":"FB9DB79A7C8E53C36E5F16ED70050D9B"}

2018-06-19 12:09:58:支付成功:{"resp_code":"0","amount":"500","bank_type":"CFT","leshua_order_id":"1806191209337009","merchant_id":"6008005629","nonce_str":"105N0C5I5ANMI19TLD6TZ4YFDGD2AU7H","openid":"o8uJ6uHEzmssnsrE1urgvwUaqemc","out_transaction_id":"4200000122201806193527522383","pay_time":"2018-06-19 12:09:57","pay_way":"WXZF","result_code":"0","sign":"28353EB74500636594066BF9CDE80376","status":"2","third_order_id":"2018061912093920780"}

2018-06-19 12:20:45:参数:{"merchant_id":"6008005629","service":"query_status","third_order_id":"2018061912204482876","nonce_str":"1G02ET32MW8VL7WSNOPOMZQYP7Z2N4B0","sign":"CD8337ABF624BFB4306592C15606AD87"}

2018-06-19 12:20:51:继续查询:{"resp_code":"0","amount":"220","leshua_order_id":"1806191220478846","merchant_id":"6008005629","nonce_str":"GX7D4BEG7DM22OFWJ4CEIZCVAZESU04X","pay_way":"WXZF","result_code":"0","sign":"8DFB2D63FF116A65B711F415DFE28B7C","status":"0","third_order_id":"2018061912204482876"}

2018-06-19 12:20:51:参数:{"merchant_id":"6008005629","service":"query_status","third_order_id":"2018061912204482876","nonce_str":"C9FMOBN82RZ3S6M493GDI0G7U2IKVC9Y","sign":"379A202B1D2BAE5770BFEA51E7EB8456"}

2018-06-19 12:20:56:继续查询:{"resp_code":"0","amount":"220","leshua_order_id":"1806191220478846","merchant_id":"6008005629","nonce_str":"IHGMTILD9XT23X3AQNKRZD8DBL9W0RFZ","pay_way":"WXZF","result_code":"0","sign":"834BF4C5829EE4BA44972CDC0F074291","status":"0","third_order_id":"2018061912204482876"}

2018-06-19 12:20:56:参数:{"merchant_id":"6008005629","service":"query_status","third_order_id":"2018061912204482876","nonce_str":"Z0NSHBX01S4Q7AW9ENKI066N3ERCIMHT","sign":"3C2F80D5E763BB9149CE7BBBD3A84433"}

2018-06-19 12:21:02:继续查询:{"resp_code":"0","amount":"220","leshua_order_id":"1806191220478846","merchant_id":"6008005629","nonce_str":"YN1IFSS8RHQORAPCKA7X0TSB8FV6TG6A","pay_way":"WXZF","result_code":"0","sign":"A61CE5C8C67AF9F28168DFA420C46221","status":"0","third_order_id":"2018061912204482876"}

2018-06-19 12:21:02:参数:{"merchant_id":"6008005629","service":"query_status","third_order_id":"2018061912204482876","nonce_str":"VPBMOC5D1DKG2ONXTN7YDFGBUX6N453I","sign":"90CA580FADAF354A294E2FBBE9E73209"}

2018-06-19 12:21:07:继续查询:{"resp_code":"0","amount":"220","leshua_order_id":"1806191220478846","merchant_id":"6008005629","nonce_str":"SKEWL4GOMEUBKZMBTXFCUNX1GITSSB9Z","pay_way":"WXZF","result_code":"0","sign":"50C4AF4D0B5CB8F28DFA336133059F65","status":"0","third_order_id":"2018061912204482876"}

2018-06-19 12:21:07:参数:{"merchant_id":"6008005629","service":"query_status","third_order_id":"2018061912204482876","nonce_str":"SMFN3YO6P1U6LCPBB9AK8CRX8PDBHAAQ","sign":"C18D420A8BAC72B63EA0F89913028E07"}

2018-06-19 12:21:13:继续查询:{"resp_code":"0","amount":"220","leshua_order_id":"1806191220478846","merchant_id":"6008005629","nonce_str":"LJN2EOTWYAODHWNKI2X02NK4PIEC855L","pay_way":"WXZF","result_code":"0","sign":"8494F7A7E0F2339FBC25E53CA4758592","status":"0","third_order_id":"2018061912204482876"}

2018-06-19 12:21:13:参数:{"merchant_id":"6008005629","service":"query_status","third_order_id":"2018061912204482876","nonce_str":"H7MN4UPC43VA13GO559BTXPY9A17ZOKH","sign":"577D68D3F512886278715764AFEEE8DB"}

2018-06-19 12:21:18:继续查询:{"resp_code":"0","amount":"220","leshua_order_id":"1806191220478846","merchant_id":"6008005629","nonce_str":"S73KERNYHG1A4ETEA2VCGGLROC7KZTCY","pay_way":"WXZF","result_code":"0","sign":"8DAA5F891085FA0D3D3EFBE29A0AC37C","status":"0","third_order_id":"2018061912204482876"}

2018-06-19 12:21:18:参数:{"merchant_id":"6008005629","service":"query_status","third_order_id":"2018061912204482876","nonce_str":"G3QUA7QJATFZR1RUMW8KC8H68Q3T42GE","sign":"EB21633AFB27632130F78103CB22B1F1"}

2018-06-19 16:40:03:参数:{"merchant_id":"6008005629","service":"query_status","third_order_id":"2018061916395886386","nonce_str":"C4GHX0G98O57V39ZVOFK124GVP0QT87T","sign":"9DFC5B4CD8CF385E99E354F5596DC677"}

2018-06-19 16:40:03:支付失败:{"resp_code":"0","amount":"1750","leshua_order_id":"1806191639579932","merchant_id":"6008005629","nonce_str":"6K3H5B1YOG0JRJPGN59ADUQSDV36DARF","pay_way":"WXZF","result_code":"0","sign":"24BFE731C13A609CA32D1AD843F6FEFB","status":"8","third_order_id":"2018061916395886386"}

2018-06-19 16:40:11:参数:{"merchant_id":"6008005629","service":"query_status","third_order_id":"2018061916401131908","nonce_str":"DQ4YDV55MEQD72540UI0Y9OCMJ2UL118","sign":"5871A6A650F4C2122C34759F4CE4FEC8"}

2018-06-19 16:40:17:继续查询:{"resp_code":"0","amount":"1750","leshua_order_id":"1806191640137683","merchant_id":"6008005629","nonce_str":"6P6QFWXUT4GSH12N1FBQNWDG1CFF4FB9","pay_way":"WXZF","result_code":"0","sign":"CC725BE710C39F007DE73ACDDED3924B","status":"0","third_order_id":"2018061916401131908"}

2018-06-19 16:40:17:参数:{"merchant_id":"6008005629","service":"query_status","third_order_id":"2018061916401131908","nonce_str":"EP3NVH9VKG8G4NHDOBT05DOMH08S6QW2","sign":"D13D0B7A0955B5717BC04079378F6DD2"}

2018-06-19 16:40:22:继续查询:{"resp_code":"0","amount":"1750","leshua_order_id":"1806191640137683","merchant_id":"6008005629","nonce_str":"LJONNLYECX8FAHEEVTKLNN3Q68ZILIUB","pay_way":"WXZF","result_code":"0","sign":"EFD389498567B9AA9FFAB50CB73623DF","status":"0","third_order_id":"2018061916401131908"}

2018-06-19 16:40:22:参数:{"merchant_id":"6008005629","service":"query_status","third_order_id":"2018061916401131908","nonce_str":"M330KJK46KDDCWPXOH6RYZ96O0236WK9","sign":"C2EA3ECDA37274D83D865FD7DEBF8B67"}

2018-06-19 16:40:28:继续查询:{"resp_code":"0","amount":"1750","leshua_order_id":"1806191640137683","merchant_id":"6008005629","nonce_str":"TFGER84J2ZW01DKMX3SLA471YBEHMTGV","pay_way":"WXZF","result_code":"0","sign":"F9E6E8293EC16C5F427C44063DA294B5","status":"0","third_order_id":"2018061916401131908"}

2018-06-19 16:40:28:参数:{"merchant_id":"6008005629","service":"query_status","third_order_id":"2018061916401131908","nonce_str":"4I783V1QJWB9CZDRTFS9H1BNS0VSV6U1","sign":"A69C1512BD926F9B06F2E4749555FC22"}

2018-06-19 16:40:33:继续查询:{"resp_code":"0","amount":"1750","leshua_order_id":"1806191640137683","merchant_id":"6008005629","nonce_str":"RWLLSFESUZ6RLHYSILLFQPZKZT33037R","pay_way":"WXZF","result_code":"0","sign":"F94AF4276616FCCA2F33D3293B7A70A1","status":"0","third_order_id":"2018061916401131908"}

2018-06-19 16:40:33:参数:{"merchant_id":"6008005629","service":"query_status","third_order_id":"2018061916401131908","nonce_str":"NAPJEF08NUGMOFAURN7VEIIKLJYHFNOD","sign":"8FFEAD75AF4AFA94209E9E4865EE5DE6"}

2018-06-19 16:40:39:继续查询:{"resp_code":"0","amount":"1750","leshua_order_id":"1806191640137683","merchant_id":"6008005629","nonce_str":"TKCRE6MA1JO3Y12IRZUXTCY8GVG991WR","pay_way":"WXZF","result_code":"0","sign":"A20148FC0A881A795ECBD7270BC0F64D","status":"0","third_order_id":"2018061916401131908"}

2018-06-19 16:40:39:参数:{"merchant_id":"6008005629","service":"query_status","third_order_id":"2018061916401131908","nonce_str":"R0WZA1NLWOCVOA0ZDW4J423HKHVBLJQC","sign":"1398D6607E81E93601C23523518831C2"}

2018-06-19 16:40:44:继续查询:{"resp_code":"0","amount":"1750","leshua_order_id":"1806191640137683","merchant_id":"6008005629","nonce_str":"4U6UWR8G3VQ5P5RU54FO2E6003VBU6T9","pay_way":"WXZF","result_code":"0","sign":"5411EBA8C7029AF1F82163D49775282A","status":"0","third_order_id":"2018061916401131908"}

2018-06-19 16:40:44:参数:{"merchant_id":"6008005629","service":"query_status","third_order_id":"2018061916401131908","nonce_str":"KW2I077BEIDD6RQS6MQCCKJIGGOSHC26","sign":"7FD84588AD345BE86CF1A9595115C172"}

2018-06-19 16:40:55:参数:{"merchant_id":"6008005629","service":"query_status","third_order_id":"2018061916405030400","nonce_str":"F74A3Z3TJF1FREIO80W7OMY1NIN53D5T","sign":"BD8DDCA71962111DCAF5ABABAEF0F4F2"}

2018-06-19 16:40:56:支付失败:{"resp_code":"0","amount":"1739","leshua_order_id":"1806191640537975","merchant_id":"6008005629","nonce_str":"AZ912A7JP3XJF8OCOQ5L8C7MJ50D1FP2","pay_way":"WXZF","result_code":"0","sign":"76DF57B202FFFC6D2634798CBECE79AE","status":"8","third_order_id":"2018061916405030400"}

2018-06-19 18:52:04:参数:{"merchant_id":"6008005629","service":"query_status","third_order_id":"2018061918520388127","nonce_str":"VNGVDCYISPDN9Q00JGM42TPCF3WUEX5B","sign":"F880C8BA3039EA12F1510C9A1CB5D7B7"}

2018-06-19 18:52:10:继续查询:{"resp_code":"0","amount":"2510","leshua_order_id":"1806191852037870","merchant_id":"6008005629","nonce_str":"NXT4DPEUHGTW6KD8UEHX8I26LB0NOCE4","pay_way":"WXZF","result_code":"0","sign":"D2A0A79ED3D15199C6E686E264D3D3D1","status":"0","third_order_id":"2018061918520388127"}

2018-06-19 18:52:10:参数:{"merchant_id":"6008005629","service":"query_status","third_order_id":"2018061918520388127","nonce_str":"O93JQ3J93C8OJ4MOL2BL6CU783CADRSM","sign":"259792CF60F0FDCE009D946F156B8455"}

2018-06-19 18:52:16:继续查询:{"resp_code":"0","amount":"2510","leshua_order_id":"1806191852037870","merchant_id":"6008005629","nonce_str":"8SQWM4RNPTS80T6GCQ8KXUTBSGMRH9S3","pay_way":"WXZF","result_code":"0","sign":"02CAC54EB9C41EE5C9647BEA574F7DC4","status":"0","third_order_id":"2018061918520388127"}

2018-06-19 18:52:16:参数:{"merchant_id":"6008005629","service":"query_status","third_order_id":"2018061918520388127","nonce_str":"H0427TJYOFQ067EP531GMJNCNAVR0AJK","sign":"0901FDD15585B7540B54C403ED42B60A"}

2018-06-19 18:52:21:继续查询:{"resp_code":"0","amount":"2510","leshua_order_id":"1806191852037870","merchant_id":"6008005629","nonce_str":"T55P5J0Y3U1SK4G78ML9C0RBHLCA9L86","pay_way":"WXZF","result_code":"0","sign":"3CF2690A74DA48B7DA4AD44EC152C1C7","status":"0","third_order_id":"2018061918520388127"}

2018-06-19 18:52:21:参数:{"merchant_id":"6008005629","service":"query_status","third_order_id":"2018061918520388127","nonce_str":"012DY5S72OLVAILK9BHUNE67BAO04VCI","sign":"82183564928F6CD2015ED00C8F2A3BBA"}

2018-06-19 18:52:27:继续查询:{"resp_code":"0","amount":"2510","leshua_order_id":"1806191852037870","merchant_id":"6008005629","nonce_str":"1WE6AG7XLMN0BJVXJSHT3YBG2UOROO3V","pay_way":"WXZF","result_code":"0","sign":"2DE2F4A1978A1F0362C0EEBB835F2EE2","status":"0","third_order_id":"2018061918520388127"}

2018-06-19 18:52:27:参数:{"merchant_id":"6008005629","service":"query_status","third_order_id":"2018061918520388127","nonce_str":"2K1VVQLV61H3FB8CSHPZJ8996JIRJAKR","sign":"0BBD2097B0781FE90F2555262D096A34"}

2018-06-19 18:52:32:继续查询:{"resp_code":"0","amount":"2510","leshua_order_id":"1806191852037870","merchant_id":"6008005629","nonce_str":"P5M61URIXRH0R0Y7XEEC7Y1L55KWVSKV","pay_way":"WXZF","result_code":"0","sign":"DC5CE16F47790C9A040ADA54E974ACF3","status":"0","third_order_id":"2018061918520388127"}

2018-06-19 18:52:32:参数:{"merchant_id":"6008005629","service":"query_status","third_order_id":"2018061918520388127","nonce_str":"3X5JFMHQJYVJ3ID3J43K6KTMH6DWH1W9","sign":"ECD90B5C014C0B48D054C0B50B0BC7AB"}

2018-06-19 18:52:38:继续查询:{"resp_code":"0","amount":"2510","leshua_order_id":"1806191852037870","merchant_id":"6008005629","nonce_str":"ZFUQIGG22WOTO0CZOMC87I6G5EPOHY1R","pay_way":"WXZF","result_code":"0","sign":"336ACF466DB3B59FCB0E480D365D8D47","status":"0","third_order_id":"2018061918520388127"}

2018-06-19 18:52:38:参数:{"merchant_id":"6008005629","service":"query_status","third_order_id":"2018061918520388127","nonce_str":"YKFJYSAGI49QON2OH4DPY8AKB6R7415V","sign":"BC3F34619868794B23CAD60CC61D588F"}

2018-06-19 19:00:31:参数:{"merchant_id":"6008005629","service":"query_status","third_order_id":"2018061919002996173","nonce_str":"OS8R6CO80OZQFHHH9PQ4AMEYBVYLQZZX","sign":"B79FCDC8814C1632AB5FA03DB9097BEB"}

2018-06-19 19:00:37:继续查询:{"resp_code":"0","amount":"860","leshua_order_id":"1806191900276837","merchant_id":"6008005629","nonce_str":"TEOVGCIMASEBEF0VUP8U3XKW6BW8NRF3","pay_way":"WXZF","result_code":"0","sign":"6ACF33FD64766BEAC602DDF07A677BAC","status":"0","third_order_id":"2018061919002996173"}

2018-06-19 19:00:37:参数:{"merchant_id":"6008005629","service":"query_status","third_order_id":"2018061919002996173","nonce_str":"BRBP49E3MZK60CM2IK41NAALLAO0FM3P","sign":"C5D39B618F78403F7D0D3D49CBD691D0"}

2018-06-19 19:00:42:继续查询:{"resp_code":"0","amount":"860","leshua_order_id":"1806191900276837","merchant_id":"6008005629","nonce_str":"NL93QEDRQCUIB9FNUREVKZFN6GDYL6PP","pay_way":"WXZF","result_code":"0","sign":"CABC23025607D782163EE5B72A751084","status":"0","third_order_id":"2018061919002996173"}

2018-06-19 19:00:42:参数:{"merchant_id":"6008005629","service":"query_status","third_order_id":"2018061919002996173","nonce_str":"Q1JSVQ3KMJMRLDIAVJBFQ5PZA0AWZXQ6","sign":"96573C07EB382E56698877A4A8036396"}

2018-06-19 19:00:43:支付成功:{"resp_code":"0","amount":"860","bank_type":"CFT","leshua_order_id":"1806191900276837","merchant_id":"6008005629","nonce_str":"W9TZG5P3JV1KQ1NNV567YGOP9DZCY3GY","openid":"o8uJ6uBAPRJk0910dkl9r9snibTk","out_transaction_id":"4200000123201806190969048288","pay_time":"2018-06-19 19:00:42","pay_way":"WXZF","result_code":"0","sign":"AA0C16B700E07D694D8D8504CD922551","status":"2","third_order_id":"2018061919002996173"}

2018-06-19 19:05:52:参数:{"merchant_id":"6008005629","service":"query_status","third_order_id":"2018061919055045212","nonce_str":"2VKFAF4970URB7R1O9P7D1N044Z48KI8","sign":"370869FF693A226583487E09D1198196"}

2018-06-19 19:05:57:继续查询:{"resp_code":"0","amount":"720","leshua_order_id":"1806191905507896","merchant_id":"6008005629","nonce_str":"VZ163X3P6K2E1YBZPWQ3ZWRVJZBU2ZKA","pay_way":"WXZF","result_code":"0","sign":"A63F152500F7B9DAABE118CAE7347A59","status":"0","third_order_id":"2018061919055045212"}

2018-06-19 19:05:57:参数:{"merchant_id":"6008005629","service":"query_status","third_order_id":"2018061919055045212","nonce_str":"6RM55ZF4UFPS5LIVFBUWV07T9HRKBZYQ","sign":"1CD7DE5E84D3CE3A01EEEEC91EA7E142"}

2018-06-19 19:06:03:继续查询:{"resp_code":"0","amount":"720","leshua_order_id":"1806191905507896","merchant_id":"6008005629","nonce_str":"G075CGX0EIPTCF4TEVI3NSYRX3YTEPZD","pay_way":"WXZF","result_code":"0","sign":"B12B4B30609F57B1DEF8044444528D43","status":"0","third_order_id":"2018061919055045212"}

2018-06-19 19:06:03:参数:{"merchant_id":"6008005629","service":"query_status","third_order_id":"2018061919055045212","nonce_str":"6HH1WLL03EYUJF6E55PHX4KBVU2CME3I","sign":"F785D3DAE7EA96C33EBD9C578A4BF864"}

2018-06-19 19:06:04:支付成功:{"resp_code":"0","amount":"720","bank_type":"CFT","leshua_order_id":"1806191905507896","merchant_id":"6008005629","nonce_str":"J0ED8LF5EFK4HLS2ZQ9P793S977EXRH7","openid":"o8uJ6uIHpUmC7lTQ24h0m1jRBL3s","out_transaction_id":"4200000129201806191093097644","pay_time":"2018-06-19 19:06:03","pay_way":"WXZF","result_code":"0","sign":"318B95A74CADBDAEFA051FD76BC49F55","status":"2","third_order_id":"2018061919055045212"}

2018-06-19 20:41:08:参数:{"merchant_id":"6008005629","service":"query_status","third_order_id":"2018061920410748152","nonce_str":"C4BGF8NDNWGU23BUHB5LFMC0DDX380W3","sign":"554FAE3DBFD15E85438F2F8453BB9459"}

2018-06-19 20:41:13:继续查询:{"resp_code":"0","amount":"234000","leshua_order_id":"1806192041009454","merchant_id":"6008005629","nonce_str":"L4DGUP5R1R71VGBW10UD8ZNDV0THUJ24","pay_way":"ZFBZF","result_code":"0","sign":"2F0EA33DDC6A40F32DA17A735764329D","status":"0","third_order_id":"2018061920410748152"}

2018-06-19 20:41:13:参数:{"merchant_id":"6008005629","service":"query_status","third_order_id":"2018061920410748152","nonce_str":"DPR0XMNGBVGI1NZFAQPTP01FE9X38B1F","sign":"E1D3A1221C40B1AB6F5BA12AA5FAE6AF"}

2018-06-19 20:41:19:继续查询:{"resp_code":"0","amount":"234000","leshua_order_id":"1806192041009454","merchant_id":"6008005629","nonce_str":"Q31Y9JJE7BOPD385BHD3TL6V62F1EBDC","pay_way":"ZFBZF","result_code":"0","sign":"D06B4BF1DAAF6724208D43A57C8E241C","status":"0","third_order_id":"2018061920410748152"}

2018-06-19 20:41:19:参数:{"merchant_id":"6008005629","service":"query_status","third_order_id":"2018061920410748152","nonce_str":"9U3SZ3B0BGPCIL6S01P964GMC9NH92A4","sign":"7415E083CF134D1B062473BD351A5470"}

2018-06-19 20:41:24:继续查询:{"resp_code":"0","amount":"234000","leshua_order_id":"1806192041009454","merchant_id":"6008005629","nonce_str":"HVTSK0HLUJBG2YOXG6JYIET02KE9AFXH","pay_way":"ZFBZF","result_code":"0","sign":"0F82F3AF0AB9C6581122BDE2387AAA7C","status":"0","third_order_id":"2018061920410748152"}

2018-06-19 20:41:24:参数:{"merchant_id":"6008005629","service":"query_status","third_order_id":"2018061920410748152","nonce_str":"GW79JS9T42DGE4JK8RU72LC6AAXXJ00S","sign":"8548666B8906A423313D65F9512B9C62"}

2018-06-19 20:41:30:继续查询:{"resp_code":"0","amount":"234000","leshua_order_id":"1806192041009454","merchant_id":"6008005629","nonce_str":"W8ZHF4W2Z5LMOXIWJMM5FPJAJQG5WMF0","pay_way":"ZFBZF","result_code":"0","sign":"AF1AB0B4798E86A68427331E0B43F1E6","status":"0","third_order_id":"2018061920410748152"}

2018-06-19 20:41:30:参数:{"merchant_id":"6008005629","service":"query_status","third_order_id":"2018061920410748152","nonce_str":"5VJ2YZ4Y6NW6XI7VOH5CVEY8Q9HPDVV9","sign":"CBDA94948A1EC1DCED997A8426774BCE"}

2018-06-19 20:41:35:继续查询:{"resp_code":"0","amount":"234000","leshua_order_id":"1806192041009454","merchant_id":"6008005629","nonce_str":"MF0EM3002XZ264WRO0W12NY17JHX7YKT","pay_way":"ZFBZF","result_code":"0","sign":"7577FB55064B5DC519EF0D6652831A60","status":"0","third_order_id":"2018061920410748152"}

2018-06-19 20:41:35:参数:{"merchant_id":"6008005629","service":"query_status","third_order_id":"2018061920410748152","nonce_str":"JVGVXBO8M0CT4KJUZDAIE2ZO3XBNYCAV","sign":"CFC0B42F9183A3E49B17F7E3B0CD3EEB"}

2018-06-19 20:41:41:继续查询:{"resp_code":"0","amount":"234000","leshua_order_id":"1806192041009454","merchant_id":"6008005629","nonce_str":"XGC774XN0JQLX6K2SSZJBHLNU5G9P1VI","pay_way":"ZFBZF","result_code":"0","sign":"648C1E4EC2E940AB6B2181978865D173","status":"0","third_order_id":"2018061920410748152"}

2018-06-19 20:41:41:参数:{"merchant_id":"6008005629","service":"query_status","third_order_id":"2018061920410748152","nonce_str":"ND7YLNXISHM3WPWRPTYV3FVKD4IK37VN","sign":"5FA59D9DC61B0C50C194E3ACC5236FE9"}

2018-06-19 21:19:53:参数:{"merchant_id":"6008005629","service":"query_status","third_order_id":"2018061921195274859","nonce_str":"MM4A1AJ2MVL8UIXWYX2TZG1983UDY5H1","sign":"B3E24ADE4AE2B7EAA01D32773974275C"}

2018-06-19 21:19:59:继续查询:{"resp_code":"0","amount":"420","leshua_order_id":"1806192119500281","merchant_id":"6008005629","nonce_str":"OY45HRPC30GWLGMYC7XJVASVXCOP988P","pay_way":"WXZF","result_code":"0","sign":"615066EE56BABBB9FFDD1696C5BC90C5","status":"0","third_order_id":"2018061921195274859"}

2018-06-19 21:19:59:参数:{"merchant_id":"6008005629","service":"query_status","third_order_id":"2018061921195274859","nonce_str":"BLHRJ0BJO243UX2YLWP57RCWDENKXQBB","sign":"FA86DBE0B7E8F76532962613522E9D6A"}

2018-06-19 21:20:04:继续查询:{"resp_code":"0","amount":"420","leshua_order_id":"1806192119500281","merchant_id":"6008005629","nonce_str":"2B7103A1KJRCLSC1WH5I463Q89Z9CQ46","pay_way":"WXZF","result_code":"0","sign":"C3EF60EAC1DF45670118AD556C75083A","status":"0","third_order_id":"2018061921195274859"}

2018-06-19 21:20:04:参数:{"merchant_id":"6008005629","service":"query_status","third_order_id":"2018061921195274859","nonce_str":"RD3DQXQ9LFCJU4ICHUQSEQVNDSS88J79","sign":"5DD8B7D2B925884CF0D81BECE42E319A"}

2018-06-19 21:20:10:继续查询:{"resp_code":"0","amount":"420","leshua_order_id":"1806192119500281","merchant_id":"6008005629","nonce_str":"ZUMLPQOT1FUT7752OV8I2387Q2ENLA88","pay_way":"WXZF","result_code":"0","sign":"E81FE733E8EB51C8269027149A7DDD1B","status":"0","third_order_id":"2018061921195274859"}

2018-06-19 21:20:10:参数:{"merchant_id":"6008005629","service":"query_status","third_order_id":"2018061921195274859","nonce_str":"5M8FH56TIQOC1IPIEIAT0HRL9RHNNITI","sign":"BB32875ED6A784BAF8D667E8FE645548"}

2018-06-19 21:20:15:继续查询:{"resp_code":"0","amount":"420","leshua_order_id":"1806192119500281","merchant_id":"6008005629","nonce_str":"RNPJ00T90EBX2IGU4X8VUN2XNPUEL62U","pay_way":"WXZF","result_code":"0","sign":"F3409BFD5410C657111DECA96DF860DE","status":"0","third_order_id":"2018061921195274859"}

2018-06-19 21:20:15:参数:{"merchant_id":"6008005629","service":"query_status","third_order_id":"2018061921195274859","nonce_str":"B0QJ59Y99LVPOTST95DA8N8US428KVJF","sign":"3FD81EEEF295D0C9DC277E67F0CF2DF5"}

2018-06-19 21:20:21:继续查询:{"resp_code":"0","amount":"420","leshua_order_id":"1806192119500281","merchant_id":"6008005629","nonce_str":"YZNQIJGPOQVB3ZE8D3HEE4M56Z46TZ8L","pay_way":"WXZF","result_code":"0","sign":"9E891018C4616F033E2A15719780847F","status":"0","third_order_id":"2018061921195274859"}

2018-06-19 21:20:21:参数:{"merchant_id":"6008005629","service":"query_status","third_order_id":"2018061921195274859","nonce_str":"J36N58S66E5LZPV16X7CMR9CW8373E6S","sign":"285CDB848B35E01E5FD4F74B534AF750"}

2018-06-19 21:20:26:继续查询:{"resp_code":"0","amount":"420","leshua_order_id":"1806192119500281","merchant_id":"6008005629","nonce_str":"EIY4C0VEEDFWX3GPV8AFHQS71GRMM900","pay_way":"WXZF","result_code":"0","sign":"EC3668B39CD8102C32343840DC6F7E5A","status":"0","third_order_id":"2018061921195274859"}

2018-06-19 21:20:26:参数:{"merchant_id":"6008005629","service":"query_status","third_order_id":"2018061921195274859","nonce_str":"6CQWX8JYNYUXQLN59HQ325S4B0R4R780","sign":"44895289A343C9E617D61A1D464B4339"}

2018-06-19 22:46:01:参数:{"merchant_id":"6008005629","service":"query_status","third_order_id":"2018061922460023739","nonce_str":"8OFINNUWXNB13KJP7I3NAH6OYN1LG3W6","sign":"672DE7AAC8C97F962A3D1CD8DD54B9E9"}

2018-06-19 22:46:07:继续查询:{"resp_code":"0","amount":"1360","leshua_order_id":"1806192246003935","merchant_id":"6008005629","nonce_str":"H2JCP62XLZOSGCBG4C0Q4EJ2MTDIL3OD","pay_way":"WXZF","result_code":"0","sign":"915D14D55EE3A4C32C3E8CF66DF3393D","status":"0","third_order_id":"2018061922460023739"}

2018-06-19 22:46:07:参数:{"merchant_id":"6008005629","service":"query_status","third_order_id":"2018061922460023739","nonce_str":"87VP0GC7M2WLSJRSF4OXCLFJ6C30A4CJ","sign":"AC6C54B15C581C0CF6489B604A58B4CE"}

2018-06-19 22:46:07:支付成功:{"resp_code":"0","amount":"1360","bank_type":"CFT","leshua_order_id":"1806192246003935","merchant_id":"6008005629","nonce_str":"PG2GMQRUH6VQOP7K323UVPK78MR2PQC3","openid":"o8uJ6uHEzmssnsrE1urgvwUaqemc","out_transaction_id":"4200000121201806190998221917","pay_time":"2018-06-19 22:46:07","pay_way":"WXZF","result_code":"0","sign":"91B14CDF8CE2D379F00087C4BFF993E3","status":"2","third_order_id":"2018061922460023739"}

2018-06-19 22:50:31:参数:{"merchant_id":"6008005629","service":"query_status","third_order_id":"2018061922503147626","nonce_str":"U34ZDCWMIFFK16AQX5LDTQ2XZ89KE5B6","sign":"9350CF3CA25F27735A0978A857A8E660"}

2018-06-19 22:50:37:继续查询:{"resp_code":"0","amount":"40","leshua_order_id":"1806192250330629","merchant_id":"6008005629","nonce_str":"L1FJTOHJ81PGLVU3J5HRZ0WTI71P7ERO","pay_way":"WXZF","result_code":"0","sign":"78595CB0F6E82F92FE3AD0DD0D04C0F8","status":"0","third_order_id":"2018061922503147626"}

2018-06-19 22:50:37:参数:{"merchant_id":"6008005629","service":"query_status","third_order_id":"2018061922503147626","nonce_str":"9YQA5CBAR1OCJ5ZE81OMXR1AZ12WDQ43","sign":"BD78B714919BF390B07F80EDA039EF79"}

2018-06-19 22:50:42:继续查询:{"resp_code":"0","amount":"40","leshua_order_id":"1806192250330629","merchant_id":"6008005629","nonce_str":"PLZQHVGUWER5BN8JF04Y6EUMM4EHH4XV","pay_way":"WXZF","result_code":"0","sign":"BE5605186983F586AE8E17F0EE94AEA2","status":"0","third_order_id":"2018061922503147626"}

2018-06-19 22:50:42:参数:{"merchant_id":"6008005629","service":"query_status","third_order_id":"2018061922503147626","nonce_str":"VG0GTJLQS3BPXU7WRKT38BFZBFVLS3EV","sign":"CA1ED82F99DB2066F947407B6162813D"}

2018-06-19 22:50:48:继续查询:{"resp_code":"0","amount":"40","leshua_order_id":"1806192250330629","merchant_id":"6008005629","nonce_str":"LBPXFSH0BURV6MKR72R2NCBGJOLG3UHN","pay_way":"WXZF","result_code":"0","sign":"058B9D35B0A20C88F2818C9A3CF9B8F2","status":"0","third_order_id":"2018061922503147626"}

2018-06-19 22:50:48:参数:{"merchant_id":"6008005629","service":"query_status","third_order_id":"2018061922503147626","nonce_str":"UB02HXMG8PW1LWIA1GLFPIP20E61X9H4","sign":"EA6F6DD4CBC76D2C162E3EBA1C68908C"}

2018-06-19 22:50:53:继续查询:{"resp_code":"0","amount":"40","leshua_order_id":"1806192250330629","merchant_id":"6008005629","nonce_str":"9GSDG8324LD2QEELWAKZIL8ORQBF4ZKW","pay_way":"WXZF","result_code":"0","sign":"55FC5AB214076471D17DBB6398838192","status":"0","third_order_id":"2018061922503147626"}

2018-06-19 22:50:53:参数:{"merchant_id":"6008005629","service":"query_status","third_order_id":"2018061922503147626","nonce_str":"P0LG41WF3F0QF1R07D5JPB3T409I4HMN","sign":"F79D5D2ACD87989D3FD36192633B85DD"}

2018-06-19 22:50:59:继续查询:{"resp_code":"0","amount":"40","leshua_order_id":"1806192250330629","merchant_id":"6008005629","nonce_str":"TVGIDSJOW1FZE3Q56JWK8PTZVW972F0Y","pay_way":"WXZF","result_code":"0","sign":"A3720FFED163AEE4533A639698DF9D61","status":"0","third_order_id":"2018061922503147626"}

2018-06-19 22:50:59:参数:{"merchant_id":"6008005629","service":"query_status","third_order_id":"2018061922503147626","nonce_str":"Q4409I2922WPS5AA9Y01R4P0JGBICRRN","sign":"EED8C5A11CB7D757B1C2C46A2DA4A1BD"}

2018-06-19 22:51:04:继续查询:{"resp_code":"0","amount":"40","leshua_order_id":"1806192250330629","merchant_id":"6008005629","nonce_str":"8QNYWH6FOCN5JCF7DIU152DRX4ILC96U","pay_way":"WXZF","result_code":"0","sign":"9C53F83C8C2C42F581F22810B21DF1D8","status":"0","third_order_id":"2018061922503147626"}

2018-06-19 22:51:04:参数:{"merchant_id":"6008005629","service":"query_status","third_order_id":"2018061922503147626","nonce_str":"0VUPPV2V5YGUYT6EMF8RK0ZRMI0I9D8U","sign":"2F849C93393E9C6504F6A01836AD9A81"}

2018-06-19 23:02:28:参数:{"merchant_id":"6008005629","service":"query_status","third_order_id":"2018061923022748755","nonce_str":"NJDANEWWD86HYPATS30PIQ8PFXSBKKBJ","sign":"116286DB96A9F0C342B5A8FBF9D3A37A"}

2018-06-19 23:02:33:继续查询:{"resp_code":"0","amount":"8140","leshua_order_id":"1806192302232021","merchant_id":"6008005629","nonce_str":"SV0PJ0YSYC6X3URCOQVD36JVOPU0TAGU","pay_way":"ZFBZF","result_code":"0","sign":"01047AB815D95816D854F8B18B5B7684","status":"0","third_order_id":"2018061923022748755"}

2018-06-19 23:02:33:参数:{"merchant_id":"6008005629","service":"query_status","third_order_id":"2018061923022748755","nonce_str":"W0GEUXAA63K0ZWMXQZQVX8TWWD74RZKC","sign":"5B377A2BED9864C2F27A4A89D9FD79BE"}

2018-06-19 23:02:33:支付成功:{"resp_code":"0","amount":"8140","bank_type":"ALIPAYACCOUNT","leshua_order_id":"1806192302232021","merchant_id":"6008005629","nonce_str":"U09DOMC2VX6OV5LFXLC21IIRJYGG8RVF","openid":"2088812487931797","out_transaction_id":"2018061921001004790503879696","pay_time":"2018-06-19 23:02:33","pay_way":"ZFBZF","result_code":"0","sign":"32682EDA2B749FC9AB99222A6A60FCAE","status":"2","third_order_id":"2018061923022748755"}

2018-06-19 23:07:37:参数:{"merchant_id":"6008005629","service":"query_status","third_order_id":"2018061923073576319","nonce_str":"U9JF3Y97TP9QUYA8P41UB5CO3CV2YJ8Z","sign":"6208F15D9791034626BB9618C61825AA"}

2018-06-19 23:07:42:继续查询:{"resp_code":"0","amount":"200","leshua_order_id":"1806192307305438","merchant_id":"6008005629","nonce_str":"68I7XBEKX4Z9FSXAJQJA9953CCQBNL00","pay_way":"WXZF","result_code":"0","sign":"94A4D4C1ED0E8C988F5D761B010F3A72","status":"0","third_order_id":"2018061923073576319"}

2018-06-19 23:07:42:参数:{"merchant_id":"6008005629","service":"query_status","third_order_id":"2018061923073576319","nonce_str":"FX0DS5RA0CXC764DLNJP4VZQFZGS1LBJ","sign":"DD3F4A24F8349202D0BA1EE6ACF38E6B"}

2018-06-19 23:07:43:支付成功:{"resp_code":"0","amount":"200","bank_type":"CFT","leshua_order_id":"1806192307305438","merchant_id":"6008005629","nonce_str":"VZ12JFZ3FJUEB57V4M4F1H03EKLH8QC3","openid":"o8uJ6uNYGn8d3-Mfe6MR32N28EhQ","out_transaction_id":"4200000134201806191837392115","pay_time":"2018-06-19 23:07:43","pay_way":"WXZF","result_code":"0","sign":"5F830247B44011EF02EC6C60D07DBA37","status":"2","third_order_id":"2018061923073576319"}

