2018-05-29 11:06:36:参数:{"service":"close_order","merchant_id":"6008005629","third_order_id":"2018052911060092080","nonce_str":"ZTK0SI1EW6TCFWPBJOYEW3TD2QSJ4ZQ8","sign":"5CEE092524A3E5BCA1C7E61B81DFE6CF"}

2018-05-29 11:06:37:返回:{"resp_code":"0","amount":"1900","leshua_order_id":"1805291106020714","merchant_id":"6008005629","nonce_str":"HGMJZG30APKSIBNBIGZ4H476HPMRAREN","pay_way":"ZFBZF","result_code":"0","sign":"3787E8020173246CC5EC7C688D46E2CE","status":"6","third_order_id":"2018052911060092080"}

2018-05-29 11:09:07:参数:{"service":"close_order","merchant_id":"6008005629","third_order_id":"2018052911083374579","nonce_str":"OJ2HJMDNYD72KYDJ5289AOMJVTJ5623V","sign":"D8E1635744481ED4885637132EED339A"}

2018-05-29 11:09:08:返回:{"resp_code":"0","amount":"1590","leshua_order_id":"1805291108321666","merchant_id":"6008005629","nonce_str":"NW5MQJVNU5IIW4MAIFQ191QCACJ7L1HN","pay_way":"WXZF","result_code":"0","sign":"BDF560D358129D92967D151818FF5FD1","status":"6","third_order_id":"2018052911083374579"}

2018-05-29 15:48:07:参数:{"service":"close_order","merchant_id":"6008005629","third_order_id":"2018052915473254273","nonce_str":"CZ5UMGDLF7AY9MJE2LO85WV6DASO0EVL","sign":"1955E6060DA762891A38F4E6536903E5"}

2018-05-29 15:48:07:返回:{"resp_code":"0","amount":"1","leshua_order_id":"1805291547332297","merchant_id":"6008005629","nonce_str":"7R73YQLWVBVEZ3PC5XQXUX2DT3EN4YAV","pay_way":"WXZF","result_code":"0","sign":"3DD3F12BC8607587DC46C17ED6B95067","status":"6","third_order_id":"2018052915473254273"}

2018-05-29 16:47:45:参数:{"service":"close_order","merchant_id":"6008005629","third_order_id":"2018052916471127811","nonce_str":"TJMLXBPYV0WXTW7VW5H5GV5NJLU7022P","sign":"8B912EB18000500DD692E694A5462867"}

2018-05-29 16:47:46:返回:{"resp_code":"0","amount":"969","leshua_order_id":"1805291647130046","merchant_id":"6008005629","nonce_str":"ZEIP1BLSNWCTZ993UAE7QZY9ZSFXPEED","pay_way":"WXZF","result_code":"0","sign":"717C5766D56456C497335597E538E8D5","status":"6","third_order_id":"2018052916471127811"}

2018-05-29 17:27:44:参数:{"service":"close_order","merchant_id":"1709007763","third_order_id":"2018052917270945802","nonce_str":"X4N0V0C00208E6W3W28S8I1CQZFVM8PK","sign":"CADC851D189E166B7D9DA45926C1C9E5"}

2018-05-29 17:27:44:返回:{"resp_code":"0","amount":"84600","leshua_order_id":"1805291727030482","merchant_id":"1709007763","nonce_str":"4MKXT59FH0T0ECL908D28UT3E2RXGNWG","pay_way":"WXZF","result_code":"0","sign":"FEFD86B23F8F45DE0244F00FDF0B1C39","status":"6","third_order_id":"2018052917270945802"}

2018-05-29 17:28:38:参数:{"service":"close_order","merchant_id":"1709007763","third_order_id":"2018052917280422904","nonce_str":"KUC0H2TIFOPAVJ9X1A1FJE1AUV7TZN0U","sign":"F58354CEC00365615C186EBC7140F789"}

2018-05-29 17:28:39:返回:{"resp_code":"0","amount":"84600","leshua_order_id":"1805291728005971","merchant_id":"1709007763","nonce_str":"7MP01ZB481U14K0H9Z3RMQ5ZZA5K9ZZL","pay_way":"WXZF","result_code":"0","sign":"777429B4F60889ED71573A0C09B32950","status":"6","third_order_id":"2018052917280422904"}

2018-05-29 17:30:13:参数:{"service":"close_order","merchant_id":"1709007763","third_order_id":"2018052917293991484","nonce_str":"8F3HS4DB4BAC9POJ5HLQ1DCOAN2VN5DV","sign":"ACA77E2D2670355B050C1659367573F1"}

2018-05-29 17:30:14:返回:{"resp_code":"0","amount":"84600","leshua_order_id":"1805291729327844","merchant_id":"1709007763","nonce_str":"NS53M1AKA3GZ3EALZ5O7LOGKNS337T6V","pay_way":"WXZF","result_code":"0","sign":"C06433D6979E4AD4EAE1039960EB8429","status":"6","third_order_id":"2018052917293991484"}

2018-05-29 17:32:04:参数:{"service":"close_order","merchant_id":"1709007763","third_order_id":"2018052917313026905","nonce_str":"5RV8PCI4C06S756XSARXREDOF1PQDR22","sign":"E6E0BEE339FBB5CE920B8D8D931CE6D6"}

2018-05-29 17:32:05:返回:{"resp_code":"0","amount":"84600","leshua_order_id":"1805291731328783","merchant_id":"1709007763","nonce_str":"E823RZ84HDRASAQHXSLH5GMVFY7UBZQ0","pay_way":"WXZF","result_code":"0","sign":"19CA3D457E784A4FEF920BA1B7C738DD","status":"6","third_order_id":"2018052917313026905"}

2018-05-29 17:32:53:参数:{"service":"close_order","merchant_id":"1709007763","third_order_id":"2018052917321986264","nonce_str":"OLCJAN3MDCQCLYP6L6HTJ2EGRPO80YUA","sign":"ACE5D9793B8878D2412BEAB3B9A43C8A"}

2018-05-29 17:32:54:返回:{"resp_code":"0","amount":"84600","leshua_order_id":"1805291732129230","merchant_id":"1709007763","nonce_str":"7S0R0OC3L43A45E4K9OWSEOG84J7KE4I","pay_way":"WXZF","result_code":"0","sign":"ED4547F7031328B7395FAAD7322F77FC","status":"6","third_order_id":"2018052917321986264"}

2018-05-29 17:34:04:参数:{"service":"close_order","merchant_id":"1709007763","third_order_id":"2018052917332969578","nonce_str":"KHVLYVD4RAUGX42AQCANXC4QT6AWTVAZ","sign":"FD5A4CEE57E36725E1AC62CCAD5C5749"}

2018-05-29 17:34:04:返回:{"resp_code":"0","amount":"84600","leshua_order_id":"1805291733208120","merchant_id":"1709007763","nonce_str":"LUN8J1QON6IY46E14XTRMO43VVUQHMWO","pay_way":"WXZF","result_code":"0","sign":"77FF2D5FF92534B81BB91969F273D4AF","status":"6","third_order_id":"2018052917332969578"}

2018-05-29 17:35:23:参数:{"service":"close_order","merchant_id":"1709007763","third_order_id":"2018052917344837398","nonce_str":"CJVUE6J5UC6JTJEFDTCJG53DQEQHJ0Y3","sign":"4E945032119A7713F131670EC1AB7A59"}

2018-05-29 17:35:24:返回:{"resp_code":"0","amount":"84600","leshua_order_id":"1805291734434579","merchant_id":"1709007763","nonce_str":"QRSF7J4YJHW1GY7DS1ASH7B3ZAF7MNE2","pay_way":"WXZF","result_code":"0","sign":"4A19582270AE3D25A7E29CAEECEAE204","status":"6","third_order_id":"2018052917344837398"}

2018-05-29 17:39:25:参数:{"service":"close_order","merchant_id":"1709007763","third_order_id":"2018052917385097427","nonce_str":"BF6MSOUUL83MY9JU59WA6GFR7NZG7NWS","sign":"A99297A5297924C4379178EC37A0DBFD"}

2018-05-29 17:39:26:返回:{"resp_code":"0","amount":"84600","leshua_order_id":"1805291738522482","merchant_id":"1709007763","nonce_str":"IA9RXVDRY78N5MH9ORQ5C918Q0GD7HTT","pay_way":"WXZF","result_code":"0","sign":"8C2B1C63E187DDF5F881821A5A976379","status":"6","third_order_id":"2018052917385097427"}

2018-05-29 17:40:19:参数:{"service":"close_order","merchant_id":"1709007763","third_order_id":"2018052917394570524","nonce_str":"P9DV7AXP9BUQBKSEKLT8RK16LYGP0OFI","sign":"661AC69F59610A13A6D7B2C8CAE99587"}

2018-05-29 17:40:20:返回:{"resp_code":"0","amount":"1","leshua_order_id":"1805291739400631","merchant_id":"1709007763","nonce_str":"99SKXIP2PN4AVM06H7ER79NHFHB6K1KZ","pay_way":"WXZF","result_code":"0","sign":"A1CE09127F067680321A83347881F8EB","status":"6","third_order_id":"2018052917394570524"}

2018-05-29 17:43:39:参数:{"service":"close_order","merchant_id":"6008005629","third_order_id":"2018052917430423532","nonce_str":"V6YH7OVAPVC8X93BI4WXR65ZMW3ASVJO","sign":"FB7E5D749F00BDEF7E492E371BDB271B"}

2018-05-29 17:43:40:返回:{"resp_code":"0","amount":"1860","leshua_order_id":"1805291743038990","merchant_id":"6008005629","nonce_str":"4PSGACZ2BQB40PEG7XYCHR1JEQ9PL4WV","pay_way":"WXZF","result_code":"0","sign":"444E1A0303F03C56D158A8B79905A575","status":"6","third_order_id":"2018052917430423532"}

2018-05-29 17:44:07:参数:{"service":"close_order","merchant_id":"1709007763","third_order_id":"2018052917433253994","nonce_str":"A7GFV9WSWGSBK4RHV8ZQ4G2EKWUD8ZRI","sign":"7889DA810C49251DE21E88D9DA750E1B"}

2018-05-29 17:44:07:返回:{"resp_code":"0","amount":"1","leshua_order_id":"1805291743302218","merchant_id":"1709007763","nonce_str":"H5CWI78B693HF12PB0500VQUBTGELW9M","pay_way":"WXZF","result_code":"0","sign":"A7ABB3E4C68ADA84C741E3F4F417222A","status":"6","third_order_id":"2018052917433253994"}

2018-05-29 17:54:22:参数:{"service":"close_order","merchant_id":"6008005629","third_order_id":"2018052917534831177","nonce_str":"2LRB0OHVP6YW87DQGL1NW8PO6H5Y6EPL","sign":"827803902D6264046AAA047A14084B79"}

2018-05-29 17:54:23:返回:{"resp_code":"0","amount":"2370","leshua_order_id":"1805291753434909","merchant_id":"6008005629","nonce_str":"M6D0J8AL5AOT26U08OJF5XJODFJ3YYP6","pay_way":"WXZF","result_code":"0","sign":"FFE107FF92C91320887C0D797582BCAC","status":"6","third_order_id":"2018052917534831177"}

2018-05-29 18:01:57:参数:{"service":"close_order","merchant_id":"4908005589","third_order_id":"2018052918012284457","nonce_str":"R5C65FLE2DCGAAF3HJVNLXWXGJH6K29S","sign":"971BAFE3931AF0B94D2FC246B30BED58"}

2018-05-29 18:01:58:返回:{"resp_code":"0","amount":"1","leshua_order_id":"1805291801239047","merchant_id":"4908005589","nonce_str":"SP1X4A02DFI5112APH32K7IDPUC38O79","pay_way":"WXZF","result_code":"0","sign":"FF56885CA11CA33DF2E963C0D83FDFE7","status":"6","third_order_id":"2018052918012284457"}

2018-05-29 18:09:26:参数:{"service":"close_order","merchant_id":"1709007763","third_order_id":"2018052918085114099","nonce_str":"XBLPVB4WBZJJC4CXRMJO8ETS2CSY1ZPG","sign":"906935229EAD676636056B61B5E3C481"}

2018-05-29 18:09:27:返回:{"resp_code":"0","amount":"60000","leshua_order_id":"1805291808502828","merchant_id":"1709007763","nonce_str":"7CRS75S5TJDX31ZRCBK2YW4EPRKZROFN","pay_way":"WXZF","result_code":"0","sign":"A86DD8DE0C142232F2D95ED1051229C3","status":"6","third_order_id":"2018052918085114099"}

2018-05-29 19:01:35:参数:{"service":"close_order","merchant_id":"6008005629","third_order_id":"2018052919010079769","nonce_str":"U19CH7B6KR7WREOMXRU7O8I5SK0TX93N","sign":"428A5DEEC6B5582B2FCADFB694C24EE8"}

2018-05-29 19:01:35:返回:{"resp_code":"0","amount":"300","leshua_order_id":"1805291901024223","merchant_id":"6008005629","nonce_str":"41NSNFLR748R63YK0LR063EX9TLER08R","pay_way":"ZFBZF","result_code":"0","sign":"2D594D98E7C0642E73D15B70EEB768B8","status":"6","third_order_id":"2018052919010079769"}

2018-05-29 21:19:20:参数:{"service":"close_order","merchant_id":"6008005629","third_order_id":"2018052921184574506","nonce_str":"4B2NBZKHJHWWLXYMBJO7KCJY8JX7J4AA","sign":"5E5914CE30EB367999482413A2D74735"}

2018-05-29 21:19:21:返回:{"resp_code":"0","amount":"9550","leshua_order_id":"1805292118405056","merchant_id":"6008005629","nonce_str":"9FFET6NN8T2IVB4FPIWHH8ZUXQ2ZD0AQ","pay_way":"WXZF","result_code":"0","sign":"375429D3C399FFC5E84EBB8F466F51A2","status":"6","third_order_id":"2018052921184574506"}

2018-05-29 22:45:23:参数:{"service":"close_order","merchant_id":"6008005629","third_order_id":"2018052922444973250","nonce_str":"6OU3LP45ACQHM2J2NL0A6J5JL4K4VYV3","sign":"3432860AE80C2CA7DA079AF29B7B20ED"}

2018-05-29 22:45:24:返回:{"resp_code":"0","amount":"600","leshua_order_id":"1805292244427183","merchant_id":"6008005629","nonce_str":"Z2AWMMVKTTGR1NGLNAC041A2U206W4WS","pay_way":"WXZF","result_code":"0","sign":"CCAC40522379754BEB38B6A9C8A4E27B","status":"6","third_order_id":"2018052922444973250"}

2018-05-29 22:59:06:参数:{"service":"close_order","merchant_id":"6008005629","third_order_id":"2018052922583060752","nonce_str":"QZRMOANTC0DN1SQE5NO8UMM6DC6EXD8Y","sign":"EA589C655B560C6E3276B3B26AC75319"}

2018-05-29 22:59:06:返回:{"resp_code":"0","amount":"2213000","leshua_order_id":"1805292258302663","merchant_id":"6008005629","nonce_str":"5M9D4BK3F1E8ZW9S6YIB5KT84MN4GNLI","pay_way":"WXZF","result_code":"0","sign":"524CFF861381CE44B17FB4B1D3E5BB6E","status":"6","third_order_id":"2018052922583060752"}

2018-05-29 22:59:41:参数:{"service":"close_order","merchant_id":"6008005629","third_order_id":"2018052922590630513","nonce_str":"MYLEVW5G7NZ825HU0RLXEEVEM4Q8Y9R9","sign":"4BC518747B05654D0688D199A1100613"}

2018-05-29 22:59:42:返回:{"resp_code":"0","amount":"200","leshua_order_id":"1805292259028710","merchant_id":"6008005629","nonce_str":"34L6QFHW10LSMFC7ORRJIVP902BS1XKV","pay_way":"WXZF","result_code":"0","sign":"2DCA65B654F1AB194960D9A632957BE1","status":"6","third_order_id":"2018052922590630513"}

2018-05-29 23:28:58:参数:{"service":"close_order","merchant_id":"1709007763","third_order_id":"2018052923282216894","nonce_str":"IB5YVEWFFQ59ZYGFX1HGTSRYQXIAH5RO","sign":"9B9BC9D3A57560AE4E0A0CC5EE9324D2"}

2018-05-29 23:28:58:返回:{"resp_code":"0","amount":"5600","leshua_order_id":"1805292328221128","merchant_id":"1709007763","nonce_str":"4BREMOGE4K3KPO6X93KPUNICZYM3WC6C","pay_way":"ZFBZF","result_code":"0","sign":"B0162188E606CA21FA737F90DBAA04B1","status":"6","third_order_id":"2018052923282216894"}

