2018-06-14 08:09:37:参数:{"service":"close_order","merchant_id":"6008005629","third_order_id":"2018061408090390012","nonce_str":"GUG3O47L3NVDN8HHZARYB8SYZTO8SKAG","sign":"ECFE69139CFD80EE3824329B7FAECDE1"}

2018-06-14 08:09:38:返回:{"resp_code":"0","amount":"1100","leshua_order_id":"1806140809001181","merchant_id":"6008005629","nonce_str":"E6WJA7RY9KDAVGVAAZFM11N7YXLBAECB","pay_way":"WXZF","result_code":"0","sign":"1373841CE617921A2301982D1E8E9828","status":"6","third_order_id":"2018061408090390012"}

2018-06-14 09:01:56:参数:{"service":"close_order","merchant_id":"0408001370","third_order_id":"2018061409012219587","nonce_str":"DGN7UIYI4QF0FS5IE58RKBAGQCSAYBCX","sign":"923686EA968C96ADDDE74715BBB74CC3"}

2018-06-14 09:01:57:返回:{"resp_code":"0","amount":"2890","leshua_order_id":"1806140901226677","merchant_id":"0408001370","nonce_str":"VHTO30QNCKVVWYVDSD7FC95RWFDEDBU2","pay_way":"ZFBZF","result_code":"0","sign":"12BE80F48EE211BE809E18F1CAB22F24","status":"6","third_order_id":"2018061409012219587"}

2018-06-14 10:27:44:参数:{"service":"close_order","merchant_id":"6008005629","third_order_id":"2018061410271074576","nonce_str":"SOYU0EVUSJY8IX4ZZV8WSUBT8LJK31OK","sign":"B2F6BEDEB6A1BE10591B48BF6D397DCF"}

2018-06-14 10:27:44:返回:{"resp_code":"0","amount":"2590","leshua_order_id":"1806141027128340","merchant_id":"6008005629","nonce_str":"E459COXAOJFLKN2DU8UIXVFVRFOSPK9O","pay_way":"WXZF","result_code":"0","sign":"70B5EB98E9D0FE82F54BDE1A75D1488F","status":"6","third_order_id":"2018061410271074576"}

2018-06-14 10:28:38:参数:{"service":"close_order","merchant_id":"0408001370","third_order_id":"2018061410280474894","nonce_str":"UN32JQ4P2M0LEMSWU833INW3ENHJDNX9","sign":"423C082443BECE175225C20D3436F3F4"}

2018-06-14 10:28:38:返回:{"resp_code":"0","amount":"1380","leshua_order_id":"1806141028005491","merchant_id":"0408001370","nonce_str":"EQ1I099FHU9YM5UVUE921PG4AJ0VX7W2","pay_way":"ZFBZF","result_code":"0","sign":"9C91B2A482B94860389F785167566841","status":"6","third_order_id":"2018061410280474894"}

2018-06-14 10:39:21:参数:{"service":"close_order","merchant_id":"6008005629","third_order_id":"2018061410384710786","nonce_str":"7WSN7GN609GIPB5NZ1FZZSG38VGC7RIK","sign":"84CB5FBC8DDDF93D2607D077FFE3433D"}

2018-06-14 10:39:21:返回:{"resp_code":"0","amount":"420","leshua_order_id":"1806141038408661","merchant_id":"6008005629","nonce_str":"PLOV63TCKCI4K5YXT3I1HW7ZRSV7DH3W","pay_way":"WXZF","result_code":"0","sign":"1EEA10FB7001B544E76DD7CA94B6914B","status":"6","third_order_id":"2018061410384710786"}

2018-06-14 10:40:19:参数:{"service":"close_order","merchant_id":"6008005629","third_order_id":"2018061410394577635","nonce_str":"IX5R6F87GCIQJXJE6UAASJGBBRPYCNNN","sign":"FB66C385C1832DF873A9121BD885F748"}

2018-06-14 10:40:20:返回:{"resp_code":"0","amount":"459","leshua_order_id":"1806141039408942","merchant_id":"6008005629","nonce_str":"1GV11UUSVHHS7IB0EXH9EJBEW9AX4IZ3","pay_way":"WXZF","result_code":"0","sign":"BE01F3DC4133ED56647C24891D99D9C7","status":"6","third_order_id":"2018061410394577635"}

2018-06-14 10:40:32:参数:{"service":"close_order","merchant_id":"6008005629","third_order_id":"2018061410395930312","nonce_str":"2LPV7B2WDT7BYKPU8HRG75P8TWPG9OYX","sign":"1EDBA764C099CD96F07E2D1E16EE25D8"}

2018-06-14 10:40:33:返回:{"resp_code":"0","amount":"840","leshua_order_id":"1806141039509007","merchant_id":"6008005629","nonce_str":"F6296JSSICDMVMTOMYBDDXLNN9HOZQCF","pay_way":"WXZF","result_code":"0","sign":"88E5F7D3957F1FE39B8123AF578C3F10","status":"6","third_order_id":"2018061410395930312"}

2018-06-14 10:44:08:参数:{"service":"close_order","merchant_id":"6008005629","third_order_id":"2018061410433415237","nonce_str":"BWG98SZCG1FIL0VULQ5GCY0MGWMV42HT","sign":"7AEE92FA456C8CFED1DEEC37B9A6CF9C"}

2018-06-14 10:44:08:返回:{"resp_code":"0","amount":"310","leshua_order_id":"1806141043324789","merchant_id":"6008005629","nonce_str":"1YQ1G3XB39V58K0XFVK22NDZ8RW01DHF","pay_way":"WXZF","result_code":"0","sign":"1CB8D3B6465668D0F437AC8BCD1FC243","status":"6","third_order_id":"2018061410433415237"}

2018-06-14 16:14:03:参数:{"service":"close_order","merchant_id":"6008005629","third_order_id":"2018061416132994332","nonce_str":"F5J1MSO6J2ULIPMPJ0B9UWM31CIR19VH","sign":"7FEBE9B2FD93E4C2D3A964FFEBCF496F"}

2018-06-14 16:14:04:返回:{"resp_code":"0","amount":"200","leshua_order_id":"1806141613207515","merchant_id":"6008005629","nonce_str":"DKJ0S7NBP1JXI5ZEDRFNT0F2N2U4GMYW","pay_way":"WXZF","result_code":"0","sign":"992B846E1BF570FF65548C2E1FFE6BB1","status":"6","third_order_id":"2018061416132994332"}

2018-06-14 16:54:35:参数:{"service":"close_order","merchant_id":"6008005629","third_order_id":"2018061416540177195","nonce_str":"5GVKNYY63Y0ZY16939BJBFSBJ79PKFEX","sign":"A4266D8056B213C3FB67BFC8055853D0"}

2018-06-14 16:54:36:返回:{"resp_code":"0","amount":"560","leshua_order_id":"1806141654036682","merchant_id":"6008005629","nonce_str":"7DUUJFCOYTEFLHO9KXG6GO47GH7D07YS","pay_way":"WXZF","result_code":"0","sign":"2785850DA1814A746E3E69ECA1A8F3CA","status":"6","third_order_id":"2018061416540177195"}

2018-06-14 17:01:46:参数:{"service":"close_order","merchant_id":"6008005629","third_order_id":"2018061417011130017","nonce_str":"PF41AIACQKDPSGZIR4Y3RSGMZFRPUFZQ","sign":"417AEECB6B215BE45BBD0599159EF4B1"}

2018-06-14 17:01:47:返回:{"resp_code":"0","amount":"1230","leshua_order_id":"1806141701103822","merchant_id":"6008005629","nonce_str":"DDSNDO1P6FO4JOP4AQSK9M3J0YXJGIWM","pay_way":"WXZF","result_code":"0","sign":"760C689D8B21A1EC9F25BD9F22986869","status":"6","third_order_id":"2018061417011130017"}

2018-06-14 17:18:42:参数:{"service":"close_order","merchant_id":"6008005629","third_order_id":"2018061417180878062","nonce_str":"AGBHEK42QDCQTBNMYZZYSMQKQADSCE94","sign":"6F07DDE0D1663647A220CADC6066F810"}

2018-06-14 17:18:43:返回:{"resp_code":"0","amount":"2870","leshua_order_id":"1806141718023788","merchant_id":"6008005629","nonce_str":"S299XQLAC3J1TMLQWPI1LVOFGNW4QTK0","pay_way":"WXZF","result_code":"0","sign":"2A3683169BA86DAD9C6AC156B104BA06","status":"6","third_order_id":"2018061417180878062"}

2018-06-14 17:25:09:参数:{"service":"close_order","merchant_id":"6008005629","third_order_id":"2018061417243671695","nonce_str":"A39JN3A0UY7EPQRZZ5FZ7OWUEH4SM2XO","sign":"8F6265418578AAD19812DC5BF7C2A9FD"}

2018-06-14 17:25:10:返回:{"resp_code":"0","amount":"3400","leshua_order_id":"1806141724327037","merchant_id":"6008005629","nonce_str":"9VADB9B3B3W55320OWBED9EOISH9GPPW","pay_way":"WXZF","result_code":"0","sign":"486CD33547DD22BE73F0EB2B90411D72","status":"6","third_order_id":"2018061417243671695"}

2018-06-14 18:20:59:参数:{"service":"close_order","merchant_id":"6008005629","third_order_id":"2018061418202559520","nonce_str":"6DCOGXYG3AVUSKALVCESADX98DMVMP5U","sign":"45221C263CD93A6481F2590E44EDA733"}

2018-06-14 18:21:00:返回:{"resp_code":"0","amount":"70","leshua_order_id":"1806141820206899","merchant_id":"6008005629","nonce_str":"3ISUU5F9698MDAQPJPDCMA1KT98H0K9L","pay_way":"WXZF","result_code":"0","sign":"A73F4C9A93DC614CAED6E84FEC470833","status":"6","third_order_id":"2018061418202559520"}

2018-06-14 18:28:42:参数:{"service":"close_order","merchant_id":"6008005629","third_order_id":"2018061418280842793","nonce_str":"70LTA6VMGFJ1TJBH2ZR67KHWHZFU6TQA","sign":"0B8F882704F783FAE3C1FA6C76AE8E7A"}

2018-06-14 18:28:43:返回:{"resp_code":"0","amount":"1060","leshua_order_id":"1806141828020474","merchant_id":"6008005629","nonce_str":"X2IDNINWY2K4KH80WRP2YWLYT533LKBD","pay_way":"WXZF","result_code":"0","sign":"11B4285A26D9ACC1866C860319B74C10","status":"6","third_order_id":"2018061418280842793"}

2018-06-14 18:53:25:参数:{"service":"close_order","merchant_id":"6008005629","third_order_id":"2018061418524975609","nonce_str":"YPBL6HQW92W9HGECXG5BNVBNL04LFO5T","sign":"7419FBD738D469A99E899D4DB702FD32"}

2018-06-14 18:53:25:返回:{"resp_code":"0","amount":"180","leshua_order_id":"1806141852400809","merchant_id":"6008005629","nonce_str":"F1TWXX6DUZG9QN9RBKA4EG7KN5OXQPAX","pay_way":"WXZF","result_code":"0","sign":"F2020FE1E59A3F7A4492EFE51BD4714D","status":"6","third_order_id":"2018061418524975609"}

2018-06-14 19:04:00:参数:{"service":"close_order","merchant_id":"6008005629","third_order_id":"2018061419032683011","nonce_str":"5MWCQX957RZHABLB6KIA4O2MYFN5REM5","sign":"0C60D9E56385F4337D2A5403D46BE682"}

2018-06-14 19:04:01:返回:{"resp_code":"0","amount":"819","leshua_order_id":"1806141903228346","merchant_id":"6008005629","nonce_str":"AP3SSSOFRUG9674OM197I4H3N5ESM7QM","pay_way":"WXZF","result_code":"0","sign":"B2EED2F28AC9F1485D03109895DCD70C","status":"6","third_order_id":"2018061419032683011"}

2018-06-14 19:29:52:参数:{"service":"close_order","merchant_id":"6008005629","third_order_id":"2018061419291852167","nonce_str":"0RDZRWD92SQ4R9SO5UUQKOCOVX7D0ZII","sign":"8383E17AD26E5988D948EDB83A5D07CF"}

2018-06-14 19:29:52:返回:{"resp_code":"0","amount":"170","leshua_order_id":"1806141929120898","merchant_id":"6008005629","nonce_str":"KCYNAN2L2AKS24U3IBN2T74LTJMDRWQL","pay_way":"WXZF","result_code":"0","sign":"74CBDAF0431600661687FEC7EB26AAA2","status":"6","third_order_id":"2018061419291852167"}

2018-06-14 21:27:09:参数:{"service":"close_order","merchant_id":"6008005629","third_order_id":"2018061421263680492","nonce_str":"X4K7LS78IFYWOJOBAXGR9OBFB1R8AP21","sign":"DB7B5A22ECF96D2F802DE713D6ED152A"}

2018-06-14 21:27:10:返回:{"resp_code":"0","amount":"770","leshua_order_id":"1806142126336542","merchant_id":"6008005629","nonce_str":"YEW0Z266LR8DZSFHQOOTAERCISRAX9SP","pay_way":"ZFBZF","result_code":"0","sign":"68C777F4F81767899128D77D7A2D5091","status":"6","third_order_id":"2018061421263680492"}

2018-06-14 21:29:11:参数:{"service":"close_order","merchant_id":"6008005629","third_order_id":"2018061421283720812","nonce_str":"C1ZDXFG1GQB71D26DM63YWVJT9VB4CRS","sign":"612AD4819F8BCF87F8FAED503B17F917"}

2018-06-14 21:29:12:返回:{"resp_code":"0","amount":"1120","leshua_order_id":"1806142128326924","merchant_id":"6008005629","nonce_str":"63EMM0GZWUHRK0R0AOICPCXYFZJU7MIJ","pay_way":"WXZF","result_code":"0","sign":"E816E00F3C6BDEC7F3E93ED931CC406F","status":"6","third_order_id":"2018061421283720812"}

2018-06-14 22:27:51:参数:{"service":"close_order","merchant_id":"6008005629","third_order_id":"2018061422271635482","nonce_str":"0390H0SL0VDKQ9NZ0AAM1U9RQMTQ3JWV","sign":"E4D0A4AB31CED94111FC40BBE869C66E"}

2018-06-14 22:27:52:返回:{"resp_code":"0","amount":"1230","leshua_order_id":"1806142227105288","merchant_id":"6008005629","nonce_str":"HC3562V4SV5HK4NQ0CPABXDL879J6ES3","pay_way":"WXZF","result_code":"0","sign":"278CD24F7CA2114038328765D37BF121","status":"6","third_order_id":"2018061422271635482"}

