2018-06-14 00:31:06:参数:{"merchant_id":"4909001413","service":"query_status","third_order_id":"2018061400310570505","nonce_str":"EBBTYYSW52G4QWXCFYACM8BAP1OA5Z20","sign":"5A5E25DC851D5BDC6C43F4480BBF1DC2"}

2018-06-14 00:31:11:继续查询:{"resp_code":"0","amount":"30000","leshua_order_id":"1806140031034946","merchant_id":"4909001413","nonce_str":"GN4PMU7TH7U42ASGYBR3XL8CY4ZOA3VN","pay_way":"ZFBZF","result_code":"0","sign":"31F7D5DB7CC4ABEDDF759D6E457F1633","status":"0","third_order_id":"2018061400310570505"}

2018-06-14 00:31:11:参数:{"merchant_id":"4909001413","service":"query_status","third_order_id":"2018061400310570505","nonce_str":"8BJW1NEZ8IYTJGPTMHW2TLUSN7UNF0X4","sign":"C8D28672E3DD0E8E43E4DCE59C926D70"}

2018-06-14 00:31:17:继续查询:{"resp_code":"0","amount":"30000","leshua_order_id":"1806140031034946","merchant_id":"4909001413","nonce_str":"6DWAGHIYU8GWSW73P3V61VJU3DI221CQ","pay_way":"ZFBZF","result_code":"0","sign":"372056BBC716AA6D6979A5A573625740","status":"0","third_order_id":"2018061400310570505"}

2018-06-14 00:31:17:参数:{"merchant_id":"4909001413","service":"query_status","third_order_id":"2018061400310570505","nonce_str":"3LZH6VHO9MS9UA7CLEVMITPVC0D6UTGK","sign":"CAA5D7CAA39C83CB356B0868F41F7E20"}

2018-06-14 00:31:17:支付成功:{"resp_code":"0","amount":"30000","attach":[],"bank_type":"CREDIT_CARD","channel_datetime":[],"channel_order_id":[],"goods_tag":[],"leshua_order_id":"1806140031034946","merchant_id":"4909001413","nonce_str":"1QJXZVJIAM6BCD5YMAQM57ZB31YHGYXM","openid":"2088422255784719","out_transaction_id":"2018061421001004710568624950","pay_time":"2018-06-14 00:31:15","pay_way":"ZFBZF","result_code":"0","sign":"8B61D90D650C6D9751AE61C3315B6B8E","status":"2","sub_openid":[],"third_order_id":"2018061400310570505","trade_type":[]}

2018-06-14 08:09:04:参数:{"merchant_id":"6008005629","service":"query_status","third_order_id":"2018061408090390012","nonce_str":"WI6S232W81MSV8PMCBO6Y74YMBDHP7CI","sign":"53AA83374B7A3844A57576FDD4E960D1"}

2018-06-14 08:09:09:继续查询:{"resp_code":"0","amount":"1100","leshua_order_id":"1806140809001181","merchant_id":"6008005629","nonce_str":"4J3K4PGUUVLO151KJZ343JBZSA1MCEL6","pay_way":"WXZF","result_code":"0","sign":"D1DE91D49D776F23B57D38B7D06F5CCD","status":"0","third_order_id":"2018061408090390012"}

2018-06-14 08:09:09:参数:{"merchant_id":"6008005629","service":"query_status","third_order_id":"2018061408090390012","nonce_str":"4KUTXTT8AV202AKMR4KC1DLERWVORXKB","sign":"4AB76814FC3AF07FD16AEC6A2E93FF83"}

2018-06-14 08:09:15:继续查询:{"resp_code":"0","amount":"1100","leshua_order_id":"1806140809001181","merchant_id":"6008005629","nonce_str":"Z43TYTE9E3KLSF2FZ8OSYNQYZ79SCHI7","pay_way":"WXZF","result_code":"0","sign":"2C551EF26C21C49AEF18E3271AFC89AA","status":"0","third_order_id":"2018061408090390012"}

2018-06-14 08:09:15:参数:{"merchant_id":"6008005629","service":"query_status","third_order_id":"2018061408090390012","nonce_str":"O0LX1CE9Q9T0L33VU922M1FC3TLIQZUH","sign":"30F712C48F0ADFFDDBBE16FA370C2C17"}

2018-06-14 08:09:20:继续查询:{"resp_code":"0","amount":"1100","leshua_order_id":"1806140809001181","merchant_id":"6008005629","nonce_str":"1AUZYH6GXCV5XNJJEYTD2QU3NDSCCCYN","pay_way":"WXZF","result_code":"0","sign":"1D4FB2DA9741D782359C91A5AB68873D","status":"0","third_order_id":"2018061408090390012"}

2018-06-14 08:09:20:参数:{"merchant_id":"6008005629","service":"query_status","third_order_id":"2018061408090390012","nonce_str":"539X1SRTCK392FQ1U4CIBR1XE8BUVFOY","sign":"9F60B497173DC2A175176AFA6645B48B"}

2018-06-14 08:09:26:继续查询:{"resp_code":"0","amount":"1100","leshua_order_id":"1806140809001181","merchant_id":"6008005629","nonce_str":"AYJUQLK31S9M3CB9Q5ZY4SLU76VDZ9DV","pay_way":"WXZF","result_code":"0","sign":"18022179AFE835454983FEEC56F5E24A","status":"0","third_order_id":"2018061408090390012"}

2018-06-14 08:09:26:参数:{"merchant_id":"6008005629","service":"query_status","third_order_id":"2018061408090390012","nonce_str":"O1FMGJEJKMFIDESK6VJDPZMKOTM5LRP7","sign":"D7960D4729E1C706A32722C7E74BB8BF"}

2018-06-14 08:09:31:继续查询:{"resp_code":"0","amount":"1100","leshua_order_id":"1806140809001181","merchant_id":"6008005629","nonce_str":"0YD1QNGBRZ3TFJ4204N912M5EDNW2CMX","pay_way":"WXZF","result_code":"0","sign":"7E894BA9404FFDB7368C5EA769B07B2A","status":"0","third_order_id":"2018061408090390012"}

2018-06-14 08:09:31:参数:{"merchant_id":"6008005629","service":"query_status","third_order_id":"2018061408090390012","nonce_str":"OO1PG7XLH62YXK673MYWYVEPUPL9Y5VH","sign":"A5124AEF056B4ABB18AF186FCCF890AC"}

2018-06-14 08:09:37:继续查询:{"resp_code":"0","amount":"1100","leshua_order_id":"1806140809001181","merchant_id":"6008005629","nonce_str":"ATNGV0T2FAM0CF31MPXCQ3Y2IHUJSB3B","pay_way":"WXZF","result_code":"0","sign":"D1F0A62C3EECAD26BF76E7B1E550D0D5","status":"0","third_order_id":"2018061408090390012"}

2018-06-14 08:09:37:参数:{"merchant_id":"6008005629","service":"query_status","third_order_id":"2018061408090390012","nonce_str":"0ZZJYZHFU0NL3P5MZRMR74POKE0PZ2QJ","sign":"BE703E30E936CD608321FEFCC1AAF31B"}

2018-06-14 09:01:23:参数:{"merchant_id":"0408001370","service":"query_status","third_order_id":"2018061409012219587","nonce_str":"L3DC0FL8W34UWBRGF3U1992B9LUGQ741","sign":"2DC036937358646EE663EEA598920930"}

2018-06-14 09:01:29:继续查询:{"resp_code":"0","amount":"2890","leshua_order_id":"1806140901226677","merchant_id":"0408001370","nonce_str":"91R63BSKY9NQVACKPOA7L7T16AQNSK80","pay_way":"ZFBZF","result_code":"0","sign":"60717B9A2C2333F7DA2AD7EC0D47BAE1","status":"0","third_order_id":"2018061409012219587"}

2018-06-14 09:01:29:参数:{"merchant_id":"0408001370","service":"query_status","third_order_id":"2018061409012219587","nonce_str":"XRN67QOSEZVEB5R6S4PFRQL2N5273LSC","sign":"259E3AB4F691C5BA9C114FD964317A79"}

2018-06-14 09:01:34:继续查询:{"resp_code":"0","amount":"2890","leshua_order_id":"1806140901226677","merchant_id":"0408001370","nonce_str":"2WSFC2LCPMQIK2XCMDI8HYV3Q4MLCIWD","pay_way":"ZFBZF","result_code":"0","sign":"EE17DC2A24906FCAD989673536D6F50E","status":"0","third_order_id":"2018061409012219587"}

2018-06-14 09:01:34:参数:{"merchant_id":"0408001370","service":"query_status","third_order_id":"2018061409012219587","nonce_str":"Q82G42Z9T68DU9RKAL97MEQ2WW3TWSUD","sign":"F4755CA2F363594697177BD9CC74E637"}

2018-06-14 09:01:40:继续查询:{"resp_code":"0","amount":"2890","leshua_order_id":"1806140901226677","merchant_id":"0408001370","nonce_str":"A3JVZ20JHW3U5B3UWC0PHS0LEEOCGTMA","pay_way":"ZFBZF","result_code":"0","sign":"F3623EA26DF58410D3A3D916F5EB8868","status":"0","third_order_id":"2018061409012219587"}

2018-06-14 09:01:40:参数:{"merchant_id":"0408001370","service":"query_status","third_order_id":"2018061409012219587","nonce_str":"0LGDJ16G2K53ZVBO629NMFSPJF408XFV","sign":"BE99EF6F9873BB60993398BCAB2B96BF"}

2018-06-14 09:01:45:继续查询:{"resp_code":"0","amount":"2890","leshua_order_id":"1806140901226677","merchant_id":"0408001370","nonce_str":"OCPF2HR9SIZ6W07YU2A2JKFLHTOFFLNF","pay_way":"ZFBZF","result_code":"0","sign":"0824D2E38F2598A64EBA617607903926","status":"0","third_order_id":"2018061409012219587"}

2018-06-14 09:01:45:参数:{"merchant_id":"0408001370","service":"query_status","third_order_id":"2018061409012219587","nonce_str":"OLJZE3XU6QRQKIN5GZPQ50E58Q2DYT7F","sign":"E600282553B5B2237E7810463BE3066D"}

2018-06-14 09:01:51:继续查询:{"resp_code":"0","amount":"2890","leshua_order_id":"1806140901226677","merchant_id":"0408001370","nonce_str":"82QXVVWK30JI368LDLJ5DNOF500NHFDW","pay_way":"ZFBZF","result_code":"0","sign":"FD5D4CAA0F69304F021D5690E0CEED2E","status":"0","third_order_id":"2018061409012219587"}

2018-06-14 09:01:51:参数:{"merchant_id":"0408001370","service":"query_status","third_order_id":"2018061409012219587","nonce_str":"ZZ6TVFVV28HZDR14I6NKLVDBU6FRW4E2","sign":"5B576BB43ADF95C81F373773D3B4E7AE"}

2018-06-14 09:01:56:继续查询:{"resp_code":"0","amount":"2890","leshua_order_id":"1806140901226677","merchant_id":"0408001370","nonce_str":"XTU9IB1A154JYR31UWBA6E78ET47K6AU","pay_way":"ZFBZF","result_code":"0","sign":"65406B14F46E17467BDCF77B9B71E063","status":"0","third_order_id":"2018061409012219587"}

2018-06-14 09:01:56:参数:{"merchant_id":"0408001370","service":"query_status","third_order_id":"2018061409012219587","nonce_str":"US5D43RGCIX0AA6U9UV26NMELTUAWWXS","sign":"175ED3CE7EF4557123F1F1F25546220C"}

2018-06-14 09:09:49:参数:{"merchant_id":"6008005629","service":"query_status","third_order_id":"2018061409094810833","nonce_str":"9W8FXAOXQCL009KC99M2ZPLNTHWBPIHC","sign":"EF94F40FC9632603D99AE0FA38D984E5"}

2018-06-14 09:09:50:支付失败:{"resp_code":"0","amount":"320","leshua_order_id":"1806140909404161","merchant_id":"6008005629","nonce_str":"LZ7G6K5SF7P31FSFW0MSFKDQ2TNEG1QD","pay_way":"WXZF","result_code":"0","sign":"B9952E72D5E5F93942DCE5F9CE69EAAC","status":"8","third_order_id":"2018061409094810833"}

2018-06-14 09:10:10:参数:{"merchant_id":"6008005629","service":"query_status","third_order_id":"2018061409100921766","nonce_str":"1WKSSIW6RS2DIPGEJI28TR2I975XQFOS","sign":"348C4648F61BA3DD71F82EB1AE3854D2"}

2018-06-14 09:10:11:支付失败:{"resp_code":"0","amount":"320","leshua_order_id":"1806140910029436","merchant_id":"6008005629","nonce_str":"I4ZS606U1KKS6LMNOK841FJDYI4DAQRQ","pay_way":"WXZF","result_code":"0","sign":"929AB94C1AF345F64C7B4F624AACB81E","status":"8","third_order_id":"2018061409100921766"}

2018-06-14 09:10:33:参数:{"merchant_id":"6008005629","service":"query_status","third_order_id":"2018061409103231046","nonce_str":"K2YO2821OSH4EBGF08WAW5UV1IYU46LB","sign":"A8B661FDA7ABBB121BB6D0FB75E39B00"}

2018-06-14 09:10:34:支付失败:{"resp_code":"0","amount":"320","leshua_order_id":"1806140910332141","merchant_id":"6008005629","nonce_str":"PL7ZL3GGI82CTY9GG1MVHJA7XB7O3U0F","pay_way":"WXZF","result_code":"0","sign":"8D09406F4A6529C7E21D49094DEFF59D","status":"8","third_order_id":"2018061409103231046"}

2018-06-14 09:13:19:参数:{"merchant_id":"6008005629","service":"query_status","third_order_id":"2018061409131899839","nonce_str":"LG0QKLVGSYWF5F4KBU2ZC0ZU4UD1XESR","sign":"1F589FD8E8F34E03ADC43C26D4799013"}

2018-06-14 09:13:20:支付失败:{"resp_code":"0","amount":"320","leshua_order_id":"1806140913133106","merchant_id":"6008005629","nonce_str":"VE16GE31SCVEQ35BSNEFM5KUT6702GK4","pay_way":"WXZF","result_code":"0","sign":"C335630AF1A50CBCEB6F7E6A651E1446","status":"8","third_order_id":"2018061409131899839"}

2018-06-14 10:27:10:参数:{"merchant_id":"6008005629","service":"query_status","third_order_id":"2018061410271074576","nonce_str":"7M4YMZ1AHS3BXNLNBR105NBS3E15G265","sign":"5B45432669C903FC7F124C6AAB4CD0B6"}

2018-06-14 10:27:16:继续查询:{"resp_code":"0","amount":"2590","leshua_order_id":"1806141027128340","merchant_id":"6008005629","nonce_str":"B9DRH5WPV4U5EXOFCW6ZT69FHIMU03UI","pay_way":"WXZF","result_code":"0","sign":"85A786B3D3DA933DD481508B068880EE","status":"0","third_order_id":"2018061410271074576"}

2018-06-14 10:27:16:参数:{"merchant_id":"6008005629","service":"query_status","third_order_id":"2018061410271074576","nonce_str":"YAIPFRZIO9ZAF2GXFRYM4DUNAZI8E5LX","sign":"CC4D7F67F447325A06142C31590D31AB"}

2018-06-14 10:27:21:继续查询:{"resp_code":"0","amount":"2590","leshua_order_id":"1806141027128340","merchant_id":"6008005629","nonce_str":"00OXJ5T2LLYK86AKDXYLQERA10B67INX","pay_way":"WXZF","result_code":"0","sign":"466396AF3586849B0BDAFA0A84647AB5","status":"0","third_order_id":"2018061410271074576"}

2018-06-14 10:27:21:参数:{"merchant_id":"6008005629","service":"query_status","third_order_id":"2018061410271074576","nonce_str":"G5W7D6ABLBZAC46U9IV53LESVW9BYNEY","sign":"BFF18C7E165C634CDACDDE1605DF24DD"}

2018-06-14 10:27:27:继续查询:{"resp_code":"0","amount":"2590","leshua_order_id":"1806141027128340","merchant_id":"6008005629","nonce_str":"OA6OA1MRGOI7AH7BCK1GU6UPVDG4M8BO","pay_way":"WXZF","result_code":"0","sign":"EDEF321D3CAD8BFC2DA5F4C96BC6DF6D","status":"0","third_order_id":"2018061410271074576"}

2018-06-14 10:27:27:参数:{"merchant_id":"6008005629","service":"query_status","third_order_id":"2018061410271074576","nonce_str":"AWSBVJ6K4DI6009BV9TS2CUYIPV4OQ4L","sign":"99BADE2A2C28B2A44D869965F0A76490"}

2018-06-14 10:27:32:继续查询:{"resp_code":"0","amount":"2590","leshua_order_id":"1806141027128340","merchant_id":"6008005629","nonce_str":"YRHBA1Z2ZGLETFBLGHKU40TCY0HDKERQ","pay_way":"WXZF","result_code":"0","sign":"1D16EEC95528BC896995E87D55825DAB","status":"0","third_order_id":"2018061410271074576"}

2018-06-14 10:27:32:参数:{"merchant_id":"6008005629","service":"query_status","third_order_id":"2018061410271074576","nonce_str":"JOOBQC88EFTOBRRZBUR9DOBCCFLS6ARK","sign":"957E74B19F9DFC28064722EF3D07316A"}

2018-06-14 10:27:38:继续查询:{"resp_code":"0","amount":"2590","leshua_order_id":"1806141027128340","merchant_id":"6008005629","nonce_str":"JDJEDLIXDJ0R7M8NP0HJP7BH6DFD2IR5","pay_way":"WXZF","result_code":"0","sign":"FADB2104014A37114EEAD4558055922A","status":"0","third_order_id":"2018061410271074576"}

2018-06-14 10:27:38:参数:{"merchant_id":"6008005629","service":"query_status","third_order_id":"2018061410271074576","nonce_str":"5BT1G0MU1XO1Q5IGBQ14G82D0T6836WU","sign":"E142DCB8125AB18588551CF74A9FCAA6"}

2018-06-14 10:27:43:继续查询:{"resp_code":"0","amount":"2590","leshua_order_id":"1806141027128340","merchant_id":"6008005629","nonce_str":"XFTLAJ4DOP55O4QQ1XDE7N2MXNHS8Z6R","pay_way":"WXZF","result_code":"0","sign":"60C68282E701FD25232788256737986C","status":"0","third_order_id":"2018061410271074576"}

2018-06-14 10:27:43:参数:{"merchant_id":"6008005629","service":"query_status","third_order_id":"2018061410271074576","nonce_str":"UXLKWG44311WQOTEVWTFY7VQEFKTCJZQ","sign":"BE8ABF73CFB9F3F5D7675A281AEF0B5E"}

2018-06-14 10:28:05:参数:{"merchant_id":"0408001370","service":"query_status","third_order_id":"2018061410280474894","nonce_str":"7M4XOSZSB7X9YIGMVE3KD6791W01R5S3","sign":"388DC23CE7FC8AD26EBAC267E6C0FD97"}

2018-06-14 10:28:10:继续查询:{"resp_code":"0","amount":"1380","leshua_order_id":"1806141028005491","merchant_id":"0408001370","nonce_str":"9XAZT4TSS5P8Q2KVQCV6LC63Q0JPB8V9","pay_way":"ZFBZF","result_code":"0","sign":"C992036E9A8C972340210C55A41E1F11","status":"0","third_order_id":"2018061410280474894"}

2018-06-14 10:28:10:参数:{"merchant_id":"0408001370","service":"query_status","third_order_id":"2018061410280474894","nonce_str":"DVXQL43IL0RWWDN7OKKYN6H0MXXZEXRV","sign":"951E3FC8BA287E757754612E989AC020"}

2018-06-14 10:28:16:继续查询:{"resp_code":"0","amount":"1380","leshua_order_id":"1806141028005491","merchant_id":"0408001370","nonce_str":"LT8Z2E80J7ZF3NIXVBQ0203ZUENQXS53","pay_way":"ZFBZF","result_code":"0","sign":"07AE8B5F67EFE87D5A1B44A5E732EEFF","status":"0","third_order_id":"2018061410280474894"}

2018-06-14 10:28:16:参数:{"merchant_id":"0408001370","service":"query_status","third_order_id":"2018061410280474894","nonce_str":"8Q6588CU4DV1L84702U50K3XP94JQFZ1","sign":"B3A75920677B412F36442B506C9ADAE8"}

2018-06-14 10:28:21:继续查询:{"resp_code":"0","amount":"1380","leshua_order_id":"1806141028005491","merchant_id":"0408001370","nonce_str":"YURTZFYOS8KXUJORAHK9ELO0CFQ53SE8","pay_way":"ZFBZF","result_code":"0","sign":"05DDAE254544E1BE4610013F3D5EB5AA","status":"0","third_order_id":"2018061410280474894"}

2018-06-14 10:28:21:参数:{"merchant_id":"0408001370","service":"query_status","third_order_id":"2018061410280474894","nonce_str":"0R0ZGFCRQX3NC1P2JW4FTWAHJUDVP649","sign":"883248CF6DAC98A010DC4F16EA8EB922"}

2018-06-14 10:28:26:继续查询:{"resp_code":"0","amount":"1380","leshua_order_id":"1806141028005491","merchant_id":"0408001370","nonce_str":"49NQCO28BP687V8JIJGAP1CY8YZG203Y","pay_way":"ZFBZF","result_code":"0","sign":"808FB54D3382B00000CF8A36EF27F7F8","status":"0","third_order_id":"2018061410280474894"}

2018-06-14 10:28:26:参数:{"merchant_id":"0408001370","service":"query_status","third_order_id":"2018061410280474894","nonce_str":"4UO0VVCW7KDYF1KWFWEDXMIEV7LYDX7G","sign":"43DD82CE0423C4B500AB852E9AF34627"}

2018-06-14 10:28:32:继续查询:{"resp_code":"0","amount":"1380","leshua_order_id":"1806141028005491","merchant_id":"0408001370","nonce_str":"L8KSYEKEVGIHCIBOEPUVOT24PS52987H","pay_way":"ZFBZF","result_code":"0","sign":"6F25E46545F722E53D0DB0A06737E5C5","status":"0","third_order_id":"2018061410280474894"}

2018-06-14 10:28:32:参数:{"merchant_id":"0408001370","service":"query_status","third_order_id":"2018061410280474894","nonce_str":"8AZ7TB4G54HBM75ZCWI6W9CTZJSJDVO6","sign":"E13C3EA395342251ABB7FC0471CB48F4"}

2018-06-14 10:28:37:继续查询:{"resp_code":"0","amount":"1380","leshua_order_id":"1806141028005491","merchant_id":"0408001370","nonce_str":"TKW5FJY73U6QWIBBI4YYSBA0B0H3JGDA","pay_way":"ZFBZF","result_code":"0","sign":"6015F52FBA33C83B5EFF9F034B834A96","status":"0","third_order_id":"2018061410280474894"}

2018-06-14 10:28:37:参数:{"merchant_id":"0408001370","service":"query_status","third_order_id":"2018061410280474894","nonce_str":"CKDTZAS9S7VCNIU72IE2TJO9HI2N4DX9","sign":"1F62AC06DDE6AB031476EEB9F4766402"}

2018-06-14 10:38:48:参数:{"merchant_id":"6008005629","service":"query_status","third_order_id":"2018061410384710786","nonce_str":"NWS90ISR3ZP36KXNGZJGUAT6339ZW7VE","sign":"DA598AF54DDAD88652ED84ECA8D55239"}

2018-06-14 10:38:53:继续查询:{"resp_code":"0","amount":"420","leshua_order_id":"1806141038408661","merchant_id":"6008005629","nonce_str":"Y10YTST8H3UUPWKQXFXIEGYX81DHWZ22","pay_way":"WXZF","result_code":"0","sign":"C517DA363109687C9B23806008CDD410","status":"0","third_order_id":"2018061410384710786"}

2018-06-14 10:38:53:参数:{"merchant_id":"6008005629","service":"query_status","third_order_id":"2018061410384710786","nonce_str":"Z0JGG2R4JZ757JAW24BB4240YFSJVEA7","sign":"2B2744BF0B3AF040C398D9A1689DB81D"}

2018-06-14 10:38:59:继续查询:{"resp_code":"0","amount":"420","leshua_order_id":"1806141038408661","merchant_id":"6008005629","nonce_str":"UFTYVKWZB53ASPUB0S39J6PWB5ARNEWU","pay_way":"WXZF","result_code":"0","sign":"FDBD529970421689DF06DE862665E00D","status":"0","third_order_id":"2018061410384710786"}

2018-06-14 10:38:59:参数:{"merchant_id":"6008005629","service":"query_status","third_order_id":"2018061410384710786","nonce_str":"4BTPMRRJ654ZAUNUSM2QRUCVKB9BXOVW","sign":"9BF29460F219B2E34ABF4EF6F1F48D0F"}

2018-06-14 10:39:04:继续查询:{"resp_code":"0","amount":"420","leshua_order_id":"1806141038408661","merchant_id":"6008005629","nonce_str":"ZP28JW7L99T5W7HPTTC66V8B7V876SWA","pay_way":"WXZF","result_code":"0","sign":"134B22C9F26198A88680D93B543AC918","status":"0","third_order_id":"2018061410384710786"}

2018-06-14 10:39:04:参数:{"merchant_id":"6008005629","service":"query_status","third_order_id":"2018061410384710786","nonce_str":"A4X4PGYK38KN30BQF188UH3A9F5TXJZX","sign":"2EC7A041EF183D80F94E1D3711BEA382"}

2018-06-14 10:39:09:继续查询:{"resp_code":"0","amount":"420","leshua_order_id":"1806141038408661","merchant_id":"6008005629","nonce_str":"0FTP6HSHHNKG7W3HNYZQAOOIJR967H5N","pay_way":"WXZF","result_code":"0","sign":"1B071B23834508B5E842C31D06DE8107","status":"0","third_order_id":"2018061410384710786"}

2018-06-14 10:39:09:参数:{"merchant_id":"6008005629","service":"query_status","third_order_id":"2018061410384710786","nonce_str":"VRZSLB5X9T80F6C5OGESTT3GT69LKV0Q","sign":"C186152713270D47F31DBE39698E951A"}

2018-06-14 10:39:15:继续查询:{"resp_code":"0","amount":"420","leshua_order_id":"1806141038408661","merchant_id":"6008005629","nonce_str":"1A6FPI75BJSPF3TDQPI6QEXCLG1M64DR","pay_way":"WXZF","result_code":"0","sign":"08191EDB0942C53744040914B876F096","status":"0","third_order_id":"2018061410384710786"}

2018-06-14 10:39:15:参数:{"merchant_id":"6008005629","service":"query_status","third_order_id":"2018061410384710786","nonce_str":"X8TLD1T6MMGW8062JURKBX26GSNGAJK0","sign":"E4B7B20A5B49783F052B8194A14425F2"}

2018-06-14 10:39:20:继续查询:{"resp_code":"0","amount":"420","leshua_order_id":"1806141038408661","merchant_id":"6008005629","nonce_str":"SSAJ74ZF0YGFB1XHE0LTGT2TOMPM0EIF","pay_way":"WXZF","result_code":"0","sign":"945953ACF95C686A1F522406D4CC579C","status":"0","third_order_id":"2018061410384710786"}

2018-06-14 10:39:20:参数:{"merchant_id":"6008005629","service":"query_status","third_order_id":"2018061410384710786","nonce_str":"PJDKFMVCIWK28MC5ROW3LJHI9G5Z6PJG","sign":"C599B36D5FD202A8F387A2FC08543440"}

2018-06-14 10:39:46:参数:{"merchant_id":"6008005629","service":"query_status","third_order_id":"2018061410394577635","nonce_str":"ATSBBDQDH4T3QDHVGGCLRK88DVYYKMZ9","sign":"1A060803EB7AD859949CBAE32178ABB2"}

2018-06-14 10:39:51:继续查询:{"resp_code":"0","amount":"459","leshua_order_id":"1806141039408942","merchant_id":"6008005629","nonce_str":"83AVMNGJ5QGI2512WGIVQJYBAHOFVX5O","pay_way":"WXZF","result_code":"0","sign":"4DCAD95BBB92EBFAE059E6FCC9A16A88","status":"0","third_order_id":"2018061410394577635"}

2018-06-14 10:39:51:参数:{"merchant_id":"6008005629","service":"query_status","third_order_id":"2018061410394577635","nonce_str":"7J2JP83ZRGEDGRAYF43QNCDYRA8SE7YC","sign":"55923BB38FD728526A2A576D3EB8042D"}

2018-06-14 10:39:57:继续查询:{"resp_code":"0","amount":"459","leshua_order_id":"1806141039408942","merchant_id":"6008005629","nonce_str":"L1I544EJVM08FRK9BDKTHXGQA4NF48IP","pay_way":"WXZF","result_code":"0","sign":"F44FB766B0CEA2D723252600C97B1CBA","status":"0","third_order_id":"2018061410394577635"}

2018-06-14 10:39:57:参数:{"merchant_id":"6008005629","service":"query_status","third_order_id":"2018061410394577635","nonce_str":"C7K9K0FH82N26UYLIQK49TB7E5U2E3KY","sign":"806D9D68CE6B4387793D8BB6ECD4AF94"}

2018-06-14 10:39:59:参数:{"merchant_id":"6008005629","service":"query_status","third_order_id":"2018061410395930312","nonce_str":"E3D5RSVGGQU2LS57BR3DHEG3U2XTEU10","sign":"15323DC5F2BEFE012D764881E46544D7"}

2018-06-14 10:40:02:继续查询:{"resp_code":"0","amount":"459","leshua_order_id":"1806141039408942","merchant_id":"6008005629","nonce_str":"AYH9KFH3EM3HF3D5W9Z26M4BCSOXW5E6","pay_way":"WXZF","result_code":"0","sign":"75577005B9E56009AEE728E22ED174BB","status":"0","third_order_id":"2018061410394577635"}

2018-06-14 10:40:02:参数:{"merchant_id":"6008005629","service":"query_status","third_order_id":"2018061410394577635","nonce_str":"JNSTXBHVYXGFJZN6NW9CETD3BTC8CP1F","sign":"1C1B6FEB7D946C03F65595F6AABE51F0"}

2018-06-14 10:40:05:继续查询:{"resp_code":"0","amount":"840","leshua_order_id":"1806141039509007","merchant_id":"6008005629","nonce_str":"TU7YQQJYR9N0Y011JAOCGKYNYQJNVFL1","pay_way":"WXZF","result_code":"0","sign":"6B23317D5E32F61A1436B0223D7D1E14","status":"0","third_order_id":"2018061410395930312"}

2018-06-14 10:40:05:参数:{"merchant_id":"6008005629","service":"query_status","third_order_id":"2018061410395930312","nonce_str":"FQUCECN8MHL2M2I9OKRU680E3B47F9EB","sign":"0B8898774880BCB6FFF3874BDF354DA0"}

2018-06-14 10:40:08:继续查询:{"resp_code":"0","amount":"459","leshua_order_id":"1806141039408942","merchant_id":"6008005629","nonce_str":"DVDURKPDDHGBPNT3TJ3PMWJ3W8CPOU58","pay_way":"WXZF","result_code":"0","sign":"60108ECE326F53171C6A72081C331CFB","status":"0","third_order_id":"2018061410394577635"}

2018-06-14 10:40:08:参数:{"merchant_id":"6008005629","service":"query_status","third_order_id":"2018061410394577635","nonce_str":"CW6TEYW8UDV0X5RO44NOBF0ECSDUNVGU","sign":"17A7E24984F180BDA6C7A1283C0014E8"}

2018-06-14 10:40:10:继续查询:{"resp_code":"0","amount":"840","leshua_order_id":"1806141039509007","merchant_id":"6008005629","nonce_str":"PQ91N0KF86YKDRDHF84RX9JSAWDZ3S18","pay_way":"WXZF","result_code":"0","sign":"754C71C6731F0469592BDC5DA7401783","status":"0","third_order_id":"2018061410395930312"}

2018-06-14 10:40:10:参数:{"merchant_id":"6008005629","service":"query_status","third_order_id":"2018061410395930312","nonce_str":"Q89GU6MUKFYIELVDH3MK2QJK7CPDI2YF","sign":"E7F5F6799F3595A8D93254ED95023F95"}

2018-06-14 10:40:13:继续查询:{"resp_code":"0","amount":"459","leshua_order_id":"1806141039408942","merchant_id":"6008005629","nonce_str":"8TK4Z78RDGEHLLO5VAW1ZR9ACRFGJIEB","pay_way":"WXZF","result_code":"0","sign":"53A72811184621FD6F670BB204B2DA8F","status":"0","third_order_id":"2018061410394577635"}

2018-06-14 10:40:13:参数:{"merchant_id":"6008005629","service":"query_status","third_order_id":"2018061410394577635","nonce_str":"ZVMKQGA96ZCYT58RM7IG8W9PHL0JH7MJ","sign":"9B758A5E256485887082A00BE105E5AA"}

2018-06-14 10:40:16:继续查询:{"resp_code":"0","amount":"840","leshua_order_id":"1806141039509007","merchant_id":"6008005629","nonce_str":"G6S27BZ12G2DQ7UUKOIU88BS52A0VHP3","pay_way":"WXZF","result_code":"0","sign":"74662D2C788B436BF496DBAD5DF50DDB","status":"0","third_order_id":"2018061410395930312"}

2018-06-14 10:40:16:参数:{"merchant_id":"6008005629","service":"query_status","third_order_id":"2018061410395930312","nonce_str":"QCYZ254VND92338ZJOIXKN3WI4A63F9M","sign":"BDDCC58EE4B433CB350011A83E2E88F3"}

2018-06-14 10:40:19:继续查询:{"resp_code":"0","amount":"459","leshua_order_id":"1806141039408942","merchant_id":"6008005629","nonce_str":"7S1W4S4NKM787O8QCFB6MKEMBT0RIN7H","pay_way":"WXZF","result_code":"0","sign":"A07D77679D200A41CA2BB2D3FF1B3FBC","status":"0","third_order_id":"2018061410394577635"}

2018-06-14 10:40:19:参数:{"merchant_id":"6008005629","service":"query_status","third_order_id":"2018061410394577635","nonce_str":"2PPRQ0DRVXQ55J8XIPR2XET4FXUDAGBS","sign":"281DD9DAD1DFAEE3838EA9E9129D4E1C"}

2018-06-14 10:40:21:继续查询:{"resp_code":"0","amount":"840","leshua_order_id":"1806141039509007","merchant_id":"6008005629","nonce_str":"S0VWZIF7NZ8UACOMTE67D28NCK4VZWJ7","pay_way":"WXZF","result_code":"0","sign":"8B52A359CFFCBF4537BD27B3792F0F90","status":"0","third_order_id":"2018061410395930312"}

2018-06-14 10:40:21:参数:{"merchant_id":"6008005629","service":"query_status","third_order_id":"2018061410395930312","nonce_str":"SC9ZI3EECWWAJR8T7YGEMZV0XM8PFXLZ","sign":"25175ECC45B545821F748F4C3ED589AC"}

2018-06-14 10:40:26:继续查询:{"resp_code":"0","amount":"840","leshua_order_id":"1806141039509007","merchant_id":"6008005629","nonce_str":"UR46QCQJNW03XCWQ037637OSGFGU8VCY","pay_way":"WXZF","result_code":"0","sign":"EFDFC86E7A5328481F11985A4849C83D","status":"0","third_order_id":"2018061410395930312"}

2018-06-14 10:40:26:参数:{"merchant_id":"6008005629","service":"query_status","third_order_id":"2018061410395930312","nonce_str":"UULYIODH898BXN0S3T3K7Y05WS6PC9DF","sign":"8FCE4ABC97F28D974941EA03D3A0581D"}

2018-06-14 10:40:32:继续查询:{"resp_code":"0","amount":"840","leshua_order_id":"1806141039509007","merchant_id":"6008005629","nonce_str":"H24KLWU137GGL228WD3L8XAI5TZGFSF4","pay_way":"WXZF","result_code":"0","sign":"A9376E18DE924A98F2B67CC16015CABF","status":"0","third_order_id":"2018061410395930312"}

2018-06-14 10:40:32:参数:{"merchant_id":"6008005629","service":"query_status","third_order_id":"2018061410395930312","nonce_str":"HLEFHM5NJK7ZC1U4A2QZKDOJCBT2J6JF","sign":"A0CEB67A750CE6FC391094ED10E36C2A"}

2018-06-14 10:43:34:参数:{"merchant_id":"6008005629","service":"query_status","third_order_id":"2018061410433415237","nonce_str":"IIAOGW4EBNQZBWIMX2E7FXF0FUYAPOX0","sign":"65F046D5485E91D7FFA072142318B073"}

2018-06-14 10:43:40:继续查询:{"resp_code":"0","amount":"310","leshua_order_id":"1806141043324789","merchant_id":"6008005629","nonce_str":"7GRP6MHBSPMSCL11OKRMFYB8AC71IK78","pay_way":"WXZF","result_code":"0","sign":"8641DF324BB556C0F509281E849D1953","status":"0","third_order_id":"2018061410433415237"}

2018-06-14 10:43:40:参数:{"merchant_id":"6008005629","service":"query_status","third_order_id":"2018061410433415237","nonce_str":"K42UG27FBIDNSIWACRO63BAVT1JHHI8G","sign":"67E22C3BB3413E2583DFF156F9D33F4C"}

2018-06-14 10:43:45:继续查询:{"resp_code":"0","amount":"310","leshua_order_id":"1806141043324789","merchant_id":"6008005629","nonce_str":"0MRWT1FOH1AR81IA3H5HDIN3W7EG378B","pay_way":"WXZF","result_code":"0","sign":"DE7B42964731EE3A4F80993588ADBE25","status":"0","third_order_id":"2018061410433415237"}

2018-06-14 10:43:45:参数:{"merchant_id":"6008005629","service":"query_status","third_order_id":"2018061410433415237","nonce_str":"CW9X3MGBVGH1MXJBGDILPGAFOULTSWFW","sign":"C1551CB9FD17ADECEA47CA354E5665D9"}

2018-06-14 10:43:51:继续查询:{"resp_code":"0","amount":"310","leshua_order_id":"1806141043324789","merchant_id":"6008005629","nonce_str":"RFWI9SZO32PUN082SLK8B4YKJAWES7NO","pay_way":"WXZF","result_code":"0","sign":"2822C5CE8631398D4E0B2E2ABCE45F2A","status":"0","third_order_id":"2018061410433415237"}

2018-06-14 10:43:51:参数:{"merchant_id":"6008005629","service":"query_status","third_order_id":"2018061410433415237","nonce_str":"VWJ78939DSIKOVEP8BQWIOB1I338KLDE","sign":"7CDD1BEC795A75DD66FA80869FBF8FEE"}

2018-06-14 10:43:56:继续查询:{"resp_code":"0","amount":"310","leshua_order_id":"1806141043324789","merchant_id":"6008005629","nonce_str":"EH9HC6U3YS7B0JWYXMFTKSY786NSZBXS","pay_way":"WXZF","result_code":"0","sign":"D88DED3C784EAA9BB9A1D8F667BDCF02","status":"0","third_order_id":"2018061410433415237"}

2018-06-14 10:43:56:参数:{"merchant_id":"6008005629","service":"query_status","third_order_id":"2018061410433415237","nonce_str":"N4F7S4E9BRI20ZSXZ2YFX1OBDR2LFI58","sign":"DD56BA362E3B38946507E9B4FA722FA7"}

2018-06-14 10:44:02:继续查询:{"resp_code":"0","amount":"310","leshua_order_id":"1806141043324789","merchant_id":"6008005629","nonce_str":"LYGG2XMFRVUG7GVNFN28CCNCW06LDUXT","pay_way":"WXZF","result_code":"0","sign":"B7B256C006477532233CF2F1FD2337E3","status":"0","third_order_id":"2018061410433415237"}

2018-06-14 10:44:02:参数:{"merchant_id":"6008005629","service":"query_status","third_order_id":"2018061410433415237","nonce_str":"Z0KSA26NFJT0YB3R0J7RKXTD8O7ZRBOL","sign":"799F07BF8AFA6888889D7B7A117DD340"}

2018-06-14 10:44:07:继续查询:{"resp_code":"0","amount":"310","leshua_order_id":"1806141043324789","merchant_id":"6008005629","nonce_str":"XCEA7FUYZD48J0ZINIWF27A4GCMWD7DT","pay_way":"WXZF","result_code":"0","sign":"C1BE3667E3A6289C2FB06835FEDE35F2","status":"0","third_order_id":"2018061410433415237"}

2018-06-14 10:44:07:参数:{"merchant_id":"6008005629","service":"query_status","third_order_id":"2018061410433415237","nonce_str":"JT4376DR14JWV7GMM026SEBYXMFH8460","sign":"BC423D590F51B2BA723A9DA434BF2DF5"}

2018-06-14 11:46:14:参数:{"merchant_id":"6008005629","service":"query_status","third_order_id":"2018061411461099420","nonce_str":"ZBSM5NP4LSHGGDVKSRVO4CH0QH3FTKJB","sign":"40E2A85EC55053041587B93B01704F66"}

2018-06-14 11:46:14:支付失败:{"resp_code":"0","amount":"869","leshua_order_id":"1806141146121802","merchant_id":"6008005629","nonce_str":"P1GB3QKLO1LIO5WH9D5CZWA8VYHL3R86","pay_way":"WXZF","result_code":"0","sign":"B9E6D6401C6BA3E2892DCD36707E2152","status":"8","third_order_id":"2018061411461099420"}

2018-06-14 12:04:01:参数:{"merchant_id":"6008005629","service":"query_status","third_order_id":"2018061412040071753","nonce_str":"CA0DBYHUXCN9XU8JU5XFL987J0GP0RWD","sign":"020B0229DB9FE479B954612F38EBCE71"}

2018-06-14 12:04:06:继续查询:{"resp_code":"0","amount":"1390","leshua_order_id":"1806141204037612","merchant_id":"6008005629","nonce_str":"WAYD2RGWJ5BCFEZ2J1AMVI0OTU4PM4RD","pay_way":"ZFBZF","result_code":"0","sign":"F5C58EFFBE6F7B6F18CF17F3FBE7F29B","status":"0","third_order_id":"2018061412040071753"}

2018-06-14 12:04:06:参数:{"merchant_id":"6008005629","service":"query_status","third_order_id":"2018061412040071753","nonce_str":"T4H1EBOOTWAVEIL1CMMWCUFQQVM5S53M","sign":"59576D087222C6558712A8DF29F6502B"}

2018-06-14 12:04:11:继续查询:{"resp_code":"0","amount":"1390","leshua_order_id":"1806141204037612","merchant_id":"6008005629","nonce_str":"HOFXO81HQVFXHNWWG01M71RBK750BOR1","pay_way":"ZFBZF","result_code":"0","sign":"80E97D7DE5A61A05F82F8E98858B1FBE","status":"0","third_order_id":"2018061412040071753"}

2018-06-14 12:04:12:参数:{"merchant_id":"6008005629","service":"query_status","third_order_id":"2018061412040071753","nonce_str":"RLDNPFQGTPUQ5A27QZP0E6A22WBMWBR9","sign":"F64F412EF9E39C2F4C059AE720502986"}

2018-06-14 12:04:12:支付成功:{"resp_code":"0","amount":"1390","attach":[],"bank_type":"PCREDIT","channel_datetime":[],"channel_order_id":[],"goods_tag":[],"leshua_order_id":"1806141204037612","merchant_id":"6008005629","nonce_str":"L9DX5O8MRJL4YMKN8S33K4TT961GY0ZO","openid":"2088112118627414","out_transaction_id":"2018061421001004410503812363","pay_time":"2018-06-14 12:04:09","pay_way":"ZFBZF","result_code":"0","sign":"A5A4319090116A9552FA623E20301503","status":"2","sub_openid":[],"third_order_id":"2018061412040071753","trade_type":[]}

2018-06-14 16:13:30:参数:{"merchant_id":"6008005629","service":"query_status","third_order_id":"2018061416132994332","nonce_str":"YSY4DRL31DOVO82EIYUE0BUS6SB35F38","sign":"8B1CCC5853A51112EABA987266E6A6D9"}

2018-06-14 16:13:35:继续查询:{"resp_code":"0","amount":"200","leshua_order_id":"1806141613207515","merchant_id":"6008005629","nonce_str":"QXMCZACJ2JD501YSENVEUBVCAOAOOIQC","pay_way":"WXZF","result_code":"0","sign":"BE9B43BE42DD368AEE9F5869442467CD","status":"0","third_order_id":"2018061416132994332"}

2018-06-14 16:13:35:参数:{"merchant_id":"6008005629","service":"query_status","third_order_id":"2018061416132994332","nonce_str":"5MKPK8CHKK8N9XR41XUDMCA0A22BBMBM","sign":"68D66E4FE5428299DEED21B66012C6CF"}

2018-06-14 16:13:41:继续查询:{"resp_code":"0","amount":"200","leshua_order_id":"1806141613207515","merchant_id":"6008005629","nonce_str":"AH3NQMRE065V4BE1Y8QG34JAFRA4YBAZ","pay_way":"WXZF","result_code":"0","sign":"6E71BA11887D0A2D54588D660748F5D6","status":"0","third_order_id":"2018061416132994332"}

2018-06-14 16:13:41:参数:{"merchant_id":"6008005629","service":"query_status","third_order_id":"2018061416132994332","nonce_str":"67Y6R4LUPP4CXFICEFEB6ZNHBEIQP827","sign":"FAF98F5D677E40010DCAC43C73A72800"}

2018-06-14 16:13:46:继续查询:{"resp_code":"0","amount":"200","leshua_order_id":"1806141613207515","merchant_id":"6008005629","nonce_str":"5H9QEGDJYRC6M424YQSL8JD17UI6XL3U","pay_way":"WXZF","result_code":"0","sign":"E94C748AD340DD862255B7D98E3C3024","status":"0","third_order_id":"2018061416132994332"}

2018-06-14 16:13:46:参数:{"merchant_id":"6008005629","service":"query_status","third_order_id":"2018061416132994332","nonce_str":"QSPGNXSWMU6KZRNR5ANXDRKGJH3B3LED","sign":"1E4ADD9072DDB3364A66F4A19D25B59C"}

2018-06-14 16:13:52:继续查询:{"resp_code":"0","amount":"200","leshua_order_id":"1806141613207515","merchant_id":"6008005629","nonce_str":"PYG3DZCRHV0XXC2A8UAFNVOCRKLK4MCJ","pay_way":"WXZF","result_code":"0","sign":"D521F6AB1C039436489F3BDBBADE3EA5","status":"0","third_order_id":"2018061416132994332"}

2018-06-14 16:13:52:参数:{"merchant_id":"6008005629","service":"query_status","third_order_id":"2018061416132994332","nonce_str":"H8QBXN1DO134SRSATLVSABH1RIYS25UX","sign":"AB6B396785CB3FD85574AFFFE589D05F"}

2018-06-14 16:13:57:继续查询:{"resp_code":"0","amount":"200","leshua_order_id":"1806141613207515","merchant_id":"6008005629","nonce_str":"BN2SX8SQUP0I8QZ9MHZLNJXJ8G8LKDLE","pay_way":"WXZF","result_code":"0","sign":"D9B71BB0B66FEFA518E26B8D5C6261DA","status":"0","third_order_id":"2018061416132994332"}

2018-06-14 16:13:57:参数:{"merchant_id":"6008005629","service":"query_status","third_order_id":"2018061416132994332","nonce_str":"1C4Z6VXZ8RRPCO88MBIJ3LDSOFHSSGIF","sign":"DF7877B6CE7A226BB89EAE7B55F4EC0C"}

2018-06-14 16:14:02:继续查询:{"resp_code":"0","amount":"200","leshua_order_id":"1806141613207515","merchant_id":"6008005629","nonce_str":"I6HDDBZKKMVTS507WQTXXBRT1Y450BTH","pay_way":"WXZF","result_code":"0","sign":"E699B9AA84FCC34A6870391F39BD7C61","status":"0","third_order_id":"2018061416132994332"}

2018-06-14 16:14:02:参数:{"merchant_id":"6008005629","service":"query_status","third_order_id":"2018061416132994332","nonce_str":"I8KVRGMIAOWPXTGYT4E8714K10CTC1ZO","sign":"C165B57D1F4A206C48616B3A596A3AA7"}

2018-06-14 16:54:02:参数:{"merchant_id":"6008005629","service":"query_status","third_order_id":"2018061416540177195","nonce_str":"GEUBKLQJWH8TLPZU9H3DL0QBLIG02J74","sign":"72FC90EF935448E84EC865E5899EBAD0"}

2018-06-14 16:54:07:继续查询:{"resp_code":"0","amount":"560","leshua_order_id":"1806141654036682","merchant_id":"6008005629","nonce_str":"EDB8ILGARK1NOK1U3US859BWYHIFMBO4","pay_way":"WXZF","result_code":"0","sign":"BE539825FB4B7CEA1C71F1FB6E28C3D3","status":"0","third_order_id":"2018061416540177195"}

2018-06-14 16:54:07:参数:{"merchant_id":"6008005629","service":"query_status","third_order_id":"2018061416540177195","nonce_str":"EN16CC320P4N1SNG1F6OOC8I7CF3E0T4","sign":"97D9EC79458598157C44CAFB3BAD713A"}

2018-06-14 16:54:13:继续查询:{"resp_code":"0","amount":"560","leshua_order_id":"1806141654036682","merchant_id":"6008005629","nonce_str":"Z0K1YKL8FK5VTR06GLKC8I91RVU0Q4AR","pay_way":"WXZF","result_code":"0","sign":"FCE38DF659C1F28D79EEDD59BDEB981E","status":"0","third_order_id":"2018061416540177195"}

2018-06-14 16:54:13:参数:{"merchant_id":"6008005629","service":"query_status","third_order_id":"2018061416540177195","nonce_str":"SPCKUUGXXW56ZLAHQ4RM20A9L4JV85YZ","sign":"0B4E5BA72DB72FA1E186CA397358F10D"}

2018-06-14 16:54:18:继续查询:{"resp_code":"0","amount":"560","leshua_order_id":"1806141654036682","merchant_id":"6008005629","nonce_str":"BAXBFWTWE79W2R70N0MA7KHNSGV65TX7","pay_way":"WXZF","result_code":"0","sign":"335D1E3A5548060B306109CA091B84DA","status":"0","third_order_id":"2018061416540177195"}

2018-06-14 16:54:18:参数:{"merchant_id":"6008005629","service":"query_status","third_order_id":"2018061416540177195","nonce_str":"YGAUE6KRH05P89ORG47SOU9XVRZXQDLC","sign":"844940FC3DB3D226A0F291F75A86AB9F"}

2018-06-14 16:54:24:继续查询:{"resp_code":"0","amount":"560","leshua_order_id":"1806141654036682","merchant_id":"6008005629","nonce_str":"WESYW2PLZAE9TTMN9WSKBPHBWC7QPZLO","pay_way":"WXZF","result_code":"0","sign":"BE1A90DB4DC8D83FA50DD1D48F5A4916","status":"0","third_order_id":"2018061416540177195"}

2018-06-14 16:54:24:参数:{"merchant_id":"6008005629","service":"query_status","third_order_id":"2018061416540177195","nonce_str":"9Z1ZK9S2XYSNFUGT491E2XNJIY42269H","sign":"AE3FE8FE11FD5D043BAA1681E6A4575D"}

2018-06-14 16:54:29:继续查询:{"resp_code":"0","amount":"560","leshua_order_id":"1806141654036682","merchant_id":"6008005629","nonce_str":"Z75NC4L4ULWXG0QKSH7HOQA30Q83EBF5","pay_way":"WXZF","result_code":"0","sign":"5801A351FD417BAE64530BCA1B346819","status":"0","third_order_id":"2018061416540177195"}

2018-06-14 16:54:29:参数:{"merchant_id":"6008005629","service":"query_status","third_order_id":"2018061416540177195","nonce_str":"AVT3C6HEWX8NJFSR4RK1GF8SKH7WU0DK","sign":"BFA7F26481D836580BFA94E55669CAE2"}

2018-06-14 16:54:35:继续查询:{"resp_code":"0","amount":"560","leshua_order_id":"1806141654036682","merchant_id":"6008005629","nonce_str":"PY8F1H2ZMXBYH38KYI280QYE7PCV0AKR","pay_way":"WXZF","result_code":"0","sign":"AC1D42723CBCDD650B627C6BED36E72A","status":"0","third_order_id":"2018061416540177195"}

2018-06-14 16:54:35:参数:{"merchant_id":"6008005629","service":"query_status","third_order_id":"2018061416540177195","nonce_str":"UU2I6DE0SJ2S6OYI4UIGEPUOX5IC5EDM","sign":"48C013F6614A0D966634AF543BE2BA71"}

2018-06-14 17:01:12:参数:{"merchant_id":"6008005629","service":"query_status","third_order_id":"2018061417011130017","nonce_str":"ZHAED1R9BUCAIXABIFZQ58P1ED0B7W4I","sign":"0C6A7937F85E074FE275FFEC57600F28"}

2018-06-14 17:01:18:继续查询:{"resp_code":"0","amount":"1230","leshua_order_id":"1806141701103822","merchant_id":"6008005629","nonce_str":"1D1E7J8TX5Z7GT3JLPM32HDEPS1C6R1D","pay_way":"WXZF","result_code":"0","sign":"BA99285512A8293910EDF1DD5630BCEF","status":"0","third_order_id":"2018061417011130017"}

2018-06-14 17:01:18:参数:{"merchant_id":"6008005629","service":"query_status","third_order_id":"2018061417011130017","nonce_str":"JCVDVCA0TCO7K6OE4WVOE0XU5PUVLEYQ","sign":"E0051DEAFA0FB2677FD5AC53C1F1B704"}

2018-06-14 17:01:24:继续查询:{"resp_code":"0","amount":"1230","leshua_order_id":"1806141701103822","merchant_id":"6008005629","nonce_str":"35RS0H3MYJ2XM9AMEWMIOJB6QTQUZBTT","pay_way":"WXZF","result_code":"0","sign":"0157E69B2C9FB4A0462537E16D0EA42C","status":"0","third_order_id":"2018061417011130017"}

2018-06-14 17:01:24:参数:{"merchant_id":"6008005629","service":"query_status","third_order_id":"2018061417011130017","nonce_str":"P2BQNECMXSGQS43REVAXBM0K956TC1SI","sign":"A7681A986B2EA9BD08198B8ED5D13F8A"}

2018-06-14 17:01:29:继续查询:{"resp_code":"0","amount":"1230","leshua_order_id":"1806141701103822","merchant_id":"6008005629","nonce_str":"E89Z4FFN0KEA2J3GLRSS3E0ZPUBWXT4L","pay_way":"WXZF","result_code":"0","sign":"522E5E0495AF80C91662D4375B89CA0A","status":"0","third_order_id":"2018061417011130017"}

2018-06-14 17:01:29:参数:{"merchant_id":"6008005629","service":"query_status","third_order_id":"2018061417011130017","nonce_str":"KHSJZRCIIP87O8XLCHJ44PQNG215TTST","sign":"7AA0ED282732AC45004389A80BAF1ABA"}

2018-06-14 17:01:35:继续查询:{"resp_code":"0","amount":"1230","leshua_order_id":"1806141701103822","merchant_id":"6008005629","nonce_str":"RN29XBVDNR4IBOBH3GY0Q17VF8IXR2NC","pay_way":"WXZF","result_code":"0","sign":"0E22AED6DB7D1F350AA95F21203FC7A4","status":"0","third_order_id":"2018061417011130017"}

2018-06-14 17:01:35:参数:{"merchant_id":"6008005629","service":"query_status","third_order_id":"2018061417011130017","nonce_str":"9GNLM6JP9U74HD58QAL1F9SZLN6LEMYH","sign":"1B95C1DCF002C9DBED8E7A5019845556"}

2018-06-14 17:01:40:继续查询:{"resp_code":"0","amount":"1230","leshua_order_id":"1806141701103822","merchant_id":"6008005629","nonce_str":"OJNYNBSNAFGGS72VXAH8LMG3T8G3UE9I","pay_way":"WXZF","result_code":"0","sign":"570D8A28DD20282A6A2849BC0BC0F0BF","status":"0","third_order_id":"2018061417011130017"}

2018-06-14 17:01:40:参数:{"merchant_id":"6008005629","service":"query_status","third_order_id":"2018061417011130017","nonce_str":"R22FH4NHGWMZLS54QDEU4LXLTO6BJHRF","sign":"A46240357EA599CF2D682266EDB733CE"}

2018-06-14 17:01:46:继续查询:{"resp_code":"0","amount":"1230","leshua_order_id":"1806141701103822","merchant_id":"6008005629","nonce_str":"OB9RNWMYLVIENTY0SLALMALM3C2OGVS6","pay_way":"WXZF","result_code":"0","sign":"391385B8430B7590BF2913257FD44513","status":"0","third_order_id":"2018061417011130017"}

2018-06-14 17:01:46:参数:{"merchant_id":"6008005629","service":"query_status","third_order_id":"2018061417011130017","nonce_str":"FPF4QBWLGQBIO8L8LWVCVM02MKUFRI2S","sign":"B4301EC5014A6572A3D6D6855226F734"}

2018-06-14 17:02:02:参数:{"merchant_id":"6008005629","service":"query_status","third_order_id":"2018061417020131898","nonce_str":"RZ3QDH389GZL3D2V53B7B2DLL4990ZE4","sign":"BBCF102FD2234787C6634F5F4A30BF47"}

2018-06-14 17:02:07:继续查询:{"resp_code":"0","amount":"1230","leshua_order_id":"1806141702030534","merchant_id":"6008005629","nonce_str":"0QXJXLOVOAG2R8AT0LEF9J1R8LNQ1R3Q","pay_way":"WXZF","result_code":"0","sign":"F40D650AB734616232DC7B435BC5EFD2","status":"0","third_order_id":"2018061417020131898"}

2018-06-14 17:02:07:参数:{"merchant_id":"6008005629","service":"query_status","third_order_id":"2018061417020131898","nonce_str":"G2CEHE3FGUZ48D1XW9ZIRADJ3IOP242M","sign":"CAE58609FD6F68F9220C899BCE1C0FC0"}

2018-06-14 17:02:13:继续查询:{"resp_code":"0","amount":"1230","leshua_order_id":"1806141702030534","merchant_id":"6008005629","nonce_str":"KC37ZGQEN887CM3ZGXEWQ4DG0HV0W9YW","pay_way":"WXZF","result_code":"0","sign":"6D84CBFF538B4EB867D597AA8F0A60A7","status":"0","third_order_id":"2018061417020131898"}

2018-06-14 17:02:13:参数:{"merchant_id":"6008005629","service":"query_status","third_order_id":"2018061417020131898","nonce_str":"16GHKP5R8KQR2C75I87NHU99UR4NO2EA","sign":"0D075DBF9EAB3A4FCF1BE668BC724612"}

2018-06-14 17:02:13:支付成功:{"resp_code":"0","amount":"1230","bank_type":"CFT","leshua_order_id":"1806141702030534","merchant_id":"6008005629","nonce_str":"VGZ1OFAJ1V7HVX1KDHSRRVGOHWKGGDH1","openid":"o8uJ6uFpTQXP5kyvyv9ej_XRm5qo","out_transaction_id":"4200000123201806143846151872","pay_time":"2018-06-14 17:02:13","pay_way":"WXZF","result_code":"0","sign":"467F6DA7C04D3C2EECEB220E385603B6","status":"2","third_order_id":"2018061417020131898"}

2018-06-14 17:16:57:参数:{"merchant_id":"6008005629","service":"query_status","third_order_id":"2018061417165673881","nonce_str":"O5ODCBEEFBJNXSSVTV1FSVEGV8MS2MJH","sign":"7912FFDA42C734A706A5535E09A0D9D7"}

2018-06-14 17:16:58:支付失败:{"resp_code":"0","amount":"660","leshua_order_id":"1806141716509751","merchant_id":"6008005629","nonce_str":"6A1GCWCOW892ED8WUB0L70Y23XF7ENRX","pay_way":"WXZF","result_code":"0","sign":"C402D0AF192264F4D8B5F130F44E0F5E","status":"8","third_order_id":"2018061417165673881"}

2018-06-14 17:18:09:参数:{"merchant_id":"6008005629","service":"query_status","third_order_id":"2018061417180878062","nonce_str":"B2I1VG1GMLN2XVZRIHWNIJII144534WV","sign":"23A94BACA1C21753C73F38ECABEA9BBF"}

2018-06-14 17:18:15:继续查询:{"resp_code":"0","amount":"2870","leshua_order_id":"1806141718023788","merchant_id":"6008005629","nonce_str":"OCGVORS47U61JR7YTK74S1OC205J2PZA","pay_way":"WXZF","result_code":"0","sign":"9D1582A7316FC391B46B7796AD51D0F1","status":"0","third_order_id":"2018061417180878062"}

2018-06-14 17:18:15:参数:{"merchant_id":"6008005629","service":"query_status","third_order_id":"2018061417180878062","nonce_str":"R6280FRQYF1GK2AZBXCETNULFXLAJ9QZ","sign":"75E7ABD66BC8B087DB46F3C7AE3649B3"}

2018-06-14 17:18:20:继续查询:{"resp_code":"0","amount":"2870","leshua_order_id":"1806141718023788","merchant_id":"6008005629","nonce_str":"KZ2RT2L0PR43NN0VGJ0DU5G1RKFLA0DR","pay_way":"WXZF","result_code":"0","sign":"83C97D9F28F3372FE3B9FF36EECBD533","status":"0","third_order_id":"2018061417180878062"}

2018-06-14 17:18:20:参数:{"merchant_id":"6008005629","service":"query_status","third_order_id":"2018061417180878062","nonce_str":"JUQU5VXTA5EORT08APWKZO56A1WYH5P2","sign":"5094971A61411671FF712C934C937CFC"}

2018-06-14 17:18:26:继续查询:{"resp_code":"0","amount":"2870","leshua_order_id":"1806141718023788","merchant_id":"6008005629","nonce_str":"0JSZC84Y3TKE107YOJ9Q9GC10D7817MW","pay_way":"WXZF","result_code":"0","sign":"FBFE53041F5149B7B56EA479C7060DB8","status":"0","third_order_id":"2018061417180878062"}

2018-06-14 17:18:26:参数:{"merchant_id":"6008005629","service":"query_status","third_order_id":"2018061417180878062","nonce_str":"F9BF1W0BIZJJ21QUM89M94US3WP941T9","sign":"0BA3A606C2AA136D5AB4CF88865FAC48"}

2018-06-14 17:18:31:继续查询:{"resp_code":"0","amount":"2870","leshua_order_id":"1806141718023788","merchant_id":"6008005629","nonce_str":"D70174FEUF2TZW0N4CYC6PLQ0Z7JA0E6","pay_way":"WXZF","result_code":"0","sign":"F74A43910CF4B3543DB59DF53EC7FF38","status":"0","third_order_id":"2018061417180878062"}

2018-06-14 17:18:31:参数:{"merchant_id":"6008005629","service":"query_status","third_order_id":"2018061417180878062","nonce_str":"1DJI6IDWQM6L0356F8Q2LZSC5K4VDEZ1","sign":"E3ABCB21F5C5CC8640F251BC8F853BF6"}

2018-06-14 17:18:37:继续查询:{"resp_code":"0","amount":"2870","leshua_order_id":"1806141718023788","merchant_id":"6008005629","nonce_str":"3VNVPFY8BME5YASBZ5ZOLRYTMJ6873AM","pay_way":"WXZF","result_code":"0","sign":"61A9E09708476AA72ED2B8B4A9D5C552","status":"0","third_order_id":"2018061417180878062"}

2018-06-14 17:18:37:参数:{"merchant_id":"6008005629","service":"query_status","third_order_id":"2018061417180878062","nonce_str":"81LZJ2T6KD93OZ4IMR9WSH39JG4OE157","sign":"C60FA9D8110C0D3521B4ECF8BC55AF7D"}

2018-06-14 17:18:42:继续查询:{"resp_code":"0","amount":"2870","leshua_order_id":"1806141718023788","merchant_id":"6008005629","nonce_str":"42KI0QNWG2LCF2TJA31INCDLDUU3ZOKO","pay_way":"WXZF","result_code":"0","sign":"CC08504E0E40B9F7B0B6E0FB95DC6264","status":"0","third_order_id":"2018061417180878062"}

2018-06-14 17:18:42:参数:{"merchant_id":"6008005629","service":"query_status","third_order_id":"2018061417180878062","nonce_str":"QRMW7FKEOHMHH4UYWYUAM6IK4AYPAJU2","sign":"CD9F0C9F71A97450C6404535A4122CF8"}

2018-06-14 17:24:36:参数:{"merchant_id":"6008005629","service":"query_status","third_order_id":"2018061417243671695","nonce_str":"GD6A86R11UX3PQPSEXVZEM26SJN7B7JZ","sign":"6B92C5EC4A9C519C2B091E1E483E04B2"}

2018-06-14 17:24:42:继续查询:{"resp_code":"0","amount":"3400","leshua_order_id":"1806141724327037","merchant_id":"6008005629","nonce_str":"ZN0OWSFN1CYO0E4MAQN4GFSH16DN59ZS","pay_way":"WXZF","result_code":"0","sign":"0BCBE1F5881E9DA93C4BAC9BC8AC1747","status":"0","third_order_id":"2018061417243671695"}

2018-06-14 17:24:42:参数:{"merchant_id":"6008005629","service":"query_status","third_order_id":"2018061417243671695","nonce_str":"JPX0MLGYXJW6KK1M5QHQ2MSXLWH28Q1H","sign":"71DA1C0559F39DE6EA68EC5BE77341E9"}

2018-06-14 17:24:47:继续查询:{"resp_code":"0","amount":"3400","leshua_order_id":"1806141724327037","merchant_id":"6008005629","nonce_str":"N5NJ09OV3KCOLUEXS688105CFPGRH1RV","pay_way":"WXZF","result_code":"0","sign":"63D25C05CCF6B154E3C6AAF0B53DF6E6","status":"0","third_order_id":"2018061417243671695"}

2018-06-14 17:24:47:参数:{"merchant_id":"6008005629","service":"query_status","third_order_id":"2018061417243671695","nonce_str":"72S8B3Y8YGJX3T7VZ6616RA2QWRNSRT0","sign":"FBDEEA1D4C88320ED8B5F67A42265103"}

2018-06-14 17:24:53:继续查询:{"resp_code":"0","amount":"3400","leshua_order_id":"1806141724327037","merchant_id":"6008005629","nonce_str":"PUTLD5MJ8GYLBFX793WIT0KAK3OQS185","pay_way":"WXZF","result_code":"0","sign":"6F7878A38F20A35852CA1DAD27EA20FE","status":"0","third_order_id":"2018061417243671695"}

2018-06-14 17:24:53:参数:{"merchant_id":"6008005629","service":"query_status","third_order_id":"2018061417243671695","nonce_str":"WEQRGI2G40QJXKGWKM5ZGA1YFG9BAIZZ","sign":"3F41B5C4FD521EF28EC285E040D0EA8D"}

2018-06-14 17:24:58:继续查询:{"resp_code":"0","amount":"3400","leshua_order_id":"1806141724327037","merchant_id":"6008005629","nonce_str":"Q9064QQCZUNLVBK7E2JW59S3SN19GDYK","pay_way":"WXZF","result_code":"0","sign":"B22BDF08CC8F88744C6E35DCCCA6BAE4","status":"0","third_order_id":"2018061417243671695"}

2018-06-14 17:24:58:参数:{"merchant_id":"6008005629","service":"query_status","third_order_id":"2018061417243671695","nonce_str":"NY8WIL82O3MEN55GLOVQOPR687CG6905","sign":"3FF97432C69958C869EC8DD7E04DC9C6"}

2018-06-14 17:25:04:继续查询:{"resp_code":"0","amount":"3400","leshua_order_id":"1806141724327037","merchant_id":"6008005629","nonce_str":"XQQ88G51GQ3ZQEHVN9GRFTZ1W7BWUBVE","pay_way":"WXZF","result_code":"0","sign":"CE9B808632D30FFC6627859A2063C3B0","status":"0","third_order_id":"2018061417243671695"}

2018-06-14 17:25:04:参数:{"merchant_id":"6008005629","service":"query_status","third_order_id":"2018061417243671695","nonce_str":"U15GQRAG6JEEZ83GG02J0DLJYLGMZ70L","sign":"BEC6DBE93204DF1916C0AD186C9381B8"}

2018-06-14 17:25:09:继续查询:{"resp_code":"0","amount":"3400","leshua_order_id":"1806141724327037","merchant_id":"6008005629","nonce_str":"FNREVGB1RF76WGYSEASHMDE0C8PT31QR","pay_way":"WXZF","result_code":"0","sign":"B69B7960C25F154BDF4142A188C2A71E","status":"0","third_order_id":"2018061417243671695"}

2018-06-14 17:25:09:参数:{"merchant_id":"6008005629","service":"query_status","third_order_id":"2018061417243671695","nonce_str":"GOW1JZ9PF5HE7SXWSIJVHSWI26REOJLP","sign":"4E118C1A3050B18A3FF86978D43764F6"}

2018-06-14 18:20:26:参数:{"merchant_id":"6008005629","service":"query_status","third_order_id":"2018061418202559520","nonce_str":"ER58920294R47KZ1ZJYFOW6ZJZBQKEU0","sign":"80A224514A6EF67739DC5A951780D6B7"}

2018-06-14 18:20:31:继续查询:{"resp_code":"0","amount":"70","leshua_order_id":"1806141820206899","merchant_id":"6008005629","nonce_str":"O3D9M71US9DLIWOQ8OCMT1VACFYVGZT4","pay_way":"WXZF","result_code":"0","sign":"53EA1DAAF9ED18BFAB74FCE4A6B5DAF2","status":"0","third_order_id":"2018061418202559520"}

2018-06-14 18:20:31:参数:{"merchant_id":"6008005629","service":"query_status","third_order_id":"2018061418202559520","nonce_str":"712C9R4SQDLIC8I9V8BCZJK3FBIVK40Z","sign":"CE231E5735F2E2232D32D259F882B5EF"}

2018-06-14 18:20:37:继续查询:{"resp_code":"0","amount":"70","leshua_order_id":"1806141820206899","merchant_id":"6008005629","nonce_str":"CQ62QUK0CRXG5CS03O0WYFMYFLMHKF0U","pay_way":"WXZF","result_code":"0","sign":"75CB5B42BF033E710EE99D4096DEF419","status":"0","third_order_id":"2018061418202559520"}

2018-06-14 18:20:37:参数:{"merchant_id":"6008005629","service":"query_status","third_order_id":"2018061418202559520","nonce_str":"0T87PPEEE9RA0DB8LAU9DDPZBZ0NFZZ4","sign":"C14D2299AB9280566FC99A7E6C40975E"}

2018-06-14 18:20:42:继续查询:{"resp_code":"0","amount":"70","leshua_order_id":"1806141820206899","merchant_id":"6008005629","nonce_str":"BTEMJFDHLBC6YI0FQPNFRMKHIQJ27F8U","pay_way":"WXZF","result_code":"0","sign":"E413533811E0925C505AFCA68EB94AB4","status":"0","third_order_id":"2018061418202559520"}

2018-06-14 18:20:42:参数:{"merchant_id":"6008005629","service":"query_status","third_order_id":"2018061418202559520","nonce_str":"I4Z9VEGS8TGYL19M45QZZLG1JWO49GXX","sign":"468167755F0E8A5D69748529126B7FA8"}

2018-06-14 18:20:48:继续查询:{"resp_code":"0","amount":"70","leshua_order_id":"1806141820206899","merchant_id":"6008005629","nonce_str":"9G9QGWXWL281Q1OUBI0FM6U137IX27J2","pay_way":"WXZF","result_code":"0","sign":"F04CEAC85C495934B309417359008756","status":"0","third_order_id":"2018061418202559520"}

2018-06-14 18:20:48:参数:{"merchant_id":"6008005629","service":"query_status","third_order_id":"2018061418202559520","nonce_str":"U4S1ZS27W8Y2LBIWPSP0ECT0SGH8JGI5","sign":"5926FEA1088B224BA27E88B1F0BD4872"}

2018-06-14 18:20:53:继续查询:{"resp_code":"0","amount":"70","leshua_order_id":"1806141820206899","merchant_id":"6008005629","nonce_str":"K19F6736Z7K7JBKTRBEAKZAWM5R92SBM","pay_way":"WXZF","result_code":"0","sign":"C972B75316562826A98747A98639C660","status":"0","third_order_id":"2018061418202559520"}

2018-06-14 18:20:53:参数:{"merchant_id":"6008005629","service":"query_status","third_order_id":"2018061418202559520","nonce_str":"U2AEFYN236L4KD1JDILVFVIRHI3AAP95","sign":"22C893241F90B30C633A40364D0B88D6"}

2018-06-14 18:20:59:继续查询:{"resp_code":"0","amount":"70","leshua_order_id":"1806141820206899","merchant_id":"6008005629","nonce_str":"MGK74V0VCCS1927QV0ZUSEFCZSPQMROF","pay_way":"WXZF","result_code":"0","sign":"B33528C7A1986BC9714857F561D65B49","status":"0","third_order_id":"2018061418202559520"}

2018-06-14 18:20:59:参数:{"merchant_id":"6008005629","service":"query_status","third_order_id":"2018061418202559520","nonce_str":"W0Z60OI5X7188U2R0VQ7V20QZ31VKF6E","sign":"0DE856FF578D222E6974646252B99B83"}

2018-06-14 18:28:09:参数:{"merchant_id":"6008005629","service":"query_status","third_order_id":"2018061418280842793","nonce_str":"6Q08B5Z5SDL87VYHPVNOZ3S5SRM3NORD","sign":"72E891462E64380E465541CA470FE642"}

2018-06-14 18:28:14:继续查询:{"resp_code":"0","amount":"1060","leshua_order_id":"1806141828020474","merchant_id":"6008005629","nonce_str":"DZCP9JB4W81PVDAELTQCWVTU05T8T0WE","pay_way":"WXZF","result_code":"0","sign":"FAB5DD45C08C2A137E94909A1D96510D","status":"0","third_order_id":"2018061418280842793"}

2018-06-14 18:28:14:参数:{"merchant_id":"6008005629","service":"query_status","third_order_id":"2018061418280842793","nonce_str":"1ML6J0VQ5S0KXQHIYO64RJQRNRI3HYA0","sign":"D4445F8459170AF4988CAB7AEE2A7287"}

2018-06-14 18:28:20:继续查询:{"resp_code":"0","amount":"1060","leshua_order_id":"1806141828020474","merchant_id":"6008005629","nonce_str":"KTRNRZEIYT9VHJT4A1LQ0KAQ8IATWEJR","pay_way":"WXZF","result_code":"0","sign":"55FECBB3C34AA451B2A72EB706C1FC12","status":"0","third_order_id":"2018061418280842793"}

2018-06-14 18:28:20:参数:{"merchant_id":"6008005629","service":"query_status","third_order_id":"2018061418280842793","nonce_str":"0VG9OY9D4CBYUABJYOIX8ARZP08Y8F6J","sign":"9EF8B94140D2522542166B74BAF75D7F"}

2018-06-14 18:28:25:继续查询:{"resp_code":"0","amount":"1060","leshua_order_id":"1806141828020474","merchant_id":"6008005629","nonce_str":"DXRQ9JSCKX5S5HXBKXRRN23C7YXQIXO0","pay_way":"WXZF","result_code":"0","sign":"865E23AE4AE506AE1C9182492DC48F11","status":"0","third_order_id":"2018061418280842793"}

2018-06-14 18:28:25:参数:{"merchant_id":"6008005629","service":"query_status","third_order_id":"2018061418280842793","nonce_str":"AFSWEMKJ673E20O58W1CASBR9PKV46IX","sign":"0C7B52764FDE7CEFF3B76C29944A09C7"}

2018-06-14 18:28:31:继续查询:{"resp_code":"0","amount":"1060","leshua_order_id":"1806141828020474","merchant_id":"6008005629","nonce_str":"LIYVMW5QVMN8WE8GBS4BB9NYJ8POYJ22","pay_way":"WXZF","result_code":"0","sign":"414C966EB7A2AED1EE05BD3D1B478F47","status":"0","third_order_id":"2018061418280842793"}

2018-06-14 18:28:31:参数:{"merchant_id":"6008005629","service":"query_status","third_order_id":"2018061418280842793","nonce_str":"ZRBQHJOW30AQ78LS2CHJRHU8PQ8KZZTM","sign":"F4E42A20510F2B763E485D690657FFBF"}

2018-06-14 18:28:36:继续查询:{"resp_code":"0","amount":"1060","leshua_order_id":"1806141828020474","merchant_id":"6008005629","nonce_str":"MJAZIQB2F2NZ02I9328PNBNKIVJ27NYC","pay_way":"WXZF","result_code":"0","sign":"0BBF8923D02E2FC18A48A7B2F15AD94C","status":"0","third_order_id":"2018061418280842793"}

2018-06-14 18:28:36:参数:{"merchant_id":"6008005629","service":"query_status","third_order_id":"2018061418280842793","nonce_str":"PZERPO5AMCMBRA273M2D6BK812DW5F0H","sign":"93015B9167C3EE031308651491A8CC52"}

2018-06-14 18:28:42:继续查询:{"resp_code":"0","amount":"1060","leshua_order_id":"1806141828020474","merchant_id":"6008005629","nonce_str":"7JBZNAADBXJEZV7ZFTMRDCLS74STRQIC","pay_way":"WXZF","result_code":"0","sign":"DAFC4802E5EAEFD2166DBC1B019FF1C7","status":"0","third_order_id":"2018061418280842793"}

2018-06-14 18:28:42:参数:{"merchant_id":"6008005629","service":"query_status","third_order_id":"2018061418280842793","nonce_str":"34EMEZPMERH00F5T9P7C5VBUCVR45AA8","sign":"8B860120D9F4FA094E3598230E67F0BD"}

2018-06-14 18:52:51:参数:{"merchant_id":"6008005629","service":"query_status","third_order_id":"2018061418524975609","nonce_str":"WMSZBYGLDRKQTOKJXFOU8R2PZPXSXH9M","sign":"9E626CBDE2FF586980C4C0CC38F77C5E"}

2018-06-14 18:52:57:继续查询:{"resp_code":"0","amount":"180","leshua_order_id":"1806141852400809","merchant_id":"6008005629","nonce_str":"B6XL0EKHJL36V1LZN2VV01XCY5IYZ44U","pay_way":"WXZF","result_code":"0","sign":"A10FF7887ED121B69C129D2F4377F94B","status":"0","third_order_id":"2018061418524975609"}

2018-06-14 18:52:57:参数:{"merchant_id":"6008005629","service":"query_status","third_order_id":"2018061418524975609","nonce_str":"0B5PEQF7HX81YL5W70EUQ6RD3QW0CCIG","sign":"D1AEA27959A42842A1621D434C38A97B"}

2018-06-14 18:53:02:继续查询:{"resp_code":"0","amount":"180","leshua_order_id":"1806141852400809","merchant_id":"6008005629","nonce_str":"N2DBCWNWKP0LFPPEXDVLA5QEF2ZLOC7L","pay_way":"WXZF","result_code":"0","sign":"5C75A9C7E1AF64C5C0EEF3B74F1527C7","status":"0","third_order_id":"2018061418524975609"}

2018-06-14 18:53:02:参数:{"merchant_id":"6008005629","service":"query_status","third_order_id":"2018061418524975609","nonce_str":"JPA6NQBVXR4VK2TSL41IT1AS4YJ8WIAT","sign":"37EF1E852FC7E03FFEEF23EA1E723AFB"}

2018-06-14 18:53:08:继续查询:{"resp_code":"0","amount":"180","leshua_order_id":"1806141852400809","merchant_id":"6008005629","nonce_str":"F16B37N0A39AN16813HD9T5CC8TIBDXQ","pay_way":"WXZF","result_code":"0","sign":"57885A74BDB6DA7473CC74FE745ED07B","status":"0","third_order_id":"2018061418524975609"}

2018-06-14 18:53:08:参数:{"merchant_id":"6008005629","service":"query_status","third_order_id":"2018061418524975609","nonce_str":"WDRVVTJ5FEQJKXYK0KVF1M2G86YC4C7C","sign":"AE2D89E0D6335EB758A0886D5161C78E"}

2018-06-14 18:53:13:继续查询:{"resp_code":"0","amount":"180","leshua_order_id":"1806141852400809","merchant_id":"6008005629","nonce_str":"2VX6QRDW87QG8Z1Q13D9NQN601KLC0ZG","pay_way":"WXZF","result_code":"0","sign":"9AA888FA3D354EC1703BA1AF78B5A772","status":"0","third_order_id":"2018061418524975609"}

2018-06-14 18:53:13:参数:{"merchant_id":"6008005629","service":"query_status","third_order_id":"2018061418524975609","nonce_str":"WXNPTGV0B3G7PO6GX7HLS7NEROTF8K1E","sign":"BB4D3ED7FD0CDF0BD1BE29463279BE3A"}

2018-06-14 18:53:19:继续查询:{"resp_code":"0","amount":"180","leshua_order_id":"1806141852400809","merchant_id":"6008005629","nonce_str":"5GGRM5AL2NS2HV4YYK71YROHVPNRM1WF","pay_way":"WXZF","result_code":"0","sign":"41226785ED8F7ECC27501DAB32A2AD1B","status":"0","third_order_id":"2018061418524975609"}

2018-06-14 18:53:19:参数:{"merchant_id":"6008005629","service":"query_status","third_order_id":"2018061418524975609","nonce_str":"O0I6KFQYUN3DL7B249Z4S2CU1Y4557CT","sign":"DA0F5ECE10718ABA486D98AEC5279D73"}

2018-06-14 18:53:24:继续查询:{"resp_code":"0","amount":"180","leshua_order_id":"1806141852400809","merchant_id":"6008005629","nonce_str":"8MNE3LXSRXSMSBZT2BJFHBO2ZQ7VORF2","pay_way":"WXZF","result_code":"0","sign":"D5DA03F7A7DAE42D501EC56B9CB935FA","status":"0","third_order_id":"2018061418524975609"}

2018-06-14 18:53:24:参数:{"merchant_id":"6008005629","service":"query_status","third_order_id":"2018061418524975609","nonce_str":"4U1R5RD86FNCPA4KY2XMGEJW6C3BN6PB","sign":"A6CC65A901E90900276B406C1D4BB867"}

2018-06-14 19:03:27:参数:{"merchant_id":"6008005629","service":"query_status","third_order_id":"2018061419032683011","nonce_str":"4O1PISFTMO6MY8PN1NH3U2TSHK320GND","sign":"FF088F5BA7E39C2A111CF9ECFDBC38F9"}

2018-06-14 19:03:32:继续查询:{"resp_code":"0","amount":"819","leshua_order_id":"1806141903228346","merchant_id":"6008005629","nonce_str":"R6AYM2GJ0ZAP99181RL6TEA542EJX1Q8","pay_way":"WXZF","result_code":"0","sign":"5A944F49CBF1614F813C62E19A2052E7","status":"0","third_order_id":"2018061419032683011"}

2018-06-14 19:03:32:参数:{"merchant_id":"6008005629","service":"query_status","third_order_id":"2018061419032683011","nonce_str":"IYXW90XX567FRYT7KD46NJ1NZL1GWOVY","sign":"D79E35A1E8A9ED10326EA82BCE57407D"}

2018-06-14 19:03:38:继续查询:{"resp_code":"0","amount":"819","leshua_order_id":"1806141903228346","merchant_id":"6008005629","nonce_str":"5TDXKM21CC4UGWF5ORQM8B8E0AA71M4Z","pay_way":"WXZF","result_code":"0","sign":"AF3D10714F94CFBF7B9B5254A1C6F371","status":"0","third_order_id":"2018061419032683011"}

2018-06-14 19:03:38:参数:{"merchant_id":"6008005629","service":"query_status","third_order_id":"2018061419032683011","nonce_str":"7TOHVB1Z5THN0MWAZZK57GHEFQ8M6PU0","sign":"441B756076687E7F37208C9CD980BDEB"}

2018-06-14 19:03:43:继续查询:{"resp_code":"0","amount":"819","leshua_order_id":"1806141903228346","merchant_id":"6008005629","nonce_str":"86NNSCH3T146F59EZVWW5PUD59GEID25","pay_way":"WXZF","result_code":"0","sign":"88D9A55C6D2472811EF997C41F45B206","status":"0","third_order_id":"2018061419032683011"}

2018-06-14 19:03:43:参数:{"merchant_id":"6008005629","service":"query_status","third_order_id":"2018061419032683011","nonce_str":"38OCMLBD7Y1ISJC25IL31I57VTMAB66X","sign":"2D504C22A93B8AA23DA3463AA73980DF"}

2018-06-14 19:03:49:继续查询:{"resp_code":"0","amount":"819","leshua_order_id":"1806141903228346","merchant_id":"6008005629","nonce_str":"DS0NJ3R5CXD2OYDI04HG0INY8H28AH29","pay_way":"WXZF","result_code":"0","sign":"46837355C78BEB438F2A467E4A230BD7","status":"0","third_order_id":"2018061419032683011"}

2018-06-14 19:03:49:参数:{"merchant_id":"6008005629","service":"query_status","third_order_id":"2018061419032683011","nonce_str":"WVH7TEP7EDFO2ZYIY1JNCX0NVBVA2BMH","sign":"49C3AF11D11970E9D14078C05B851AFB"}

2018-06-14 19:03:54:继续查询:{"resp_code":"0","amount":"819","leshua_order_id":"1806141903228346","merchant_id":"6008005629","nonce_str":"IHFKSPLXSKVC4T5SOPTJ65MMHDHK4ASF","pay_way":"WXZF","result_code":"0","sign":"661DCCAD589DE06EFB80113EBFB1CA4E","status":"0","third_order_id":"2018061419032683011"}

2018-06-14 19:03:54:参数:{"merchant_id":"6008005629","service":"query_status","third_order_id":"2018061419032683011","nonce_str":"4A6UEOD01YU7IUONWBMQHH727Q4ABATE","sign":"0875F11248B98002980F05C2E41113C9"}

2018-06-14 19:04:00:继续查询:{"resp_code":"0","amount":"819","leshua_order_id":"1806141903228346","merchant_id":"6008005629","nonce_str":"HTR3AE1WN07OFIMCAU4RFHPECG3YL407","pay_way":"WXZF","result_code":"0","sign":"401FA678D315DBA8B1BFC6D870B83F70","status":"0","third_order_id":"2018061419032683011"}

2018-06-14 19:04:00:参数:{"merchant_id":"6008005629","service":"query_status","third_order_id":"2018061419032683011","nonce_str":"2Q1QHJOY1M8ZRNGPH3KH9YC70KXJC5MC","sign":"BC14035DD61BC66002475D4AF8E87064"}

2018-06-14 19:10:50:参数:{"merchant_id":"6008005629","service":"query_status","third_order_id":"2018061419104963057","nonce_str":"ELKIZKTXW8H6CTHH186RO168UY1BWINS","sign":"8DC69B0B79EAE522D16B053DEB6E28F2"}

2018-06-14 19:10:56:继续查询:{"resp_code":"0","amount":"1670","leshua_order_id":"1806141910421911","merchant_id":"6008005629","nonce_str":"W8NWWOYQC4UZM86RYC84QPBCG49XKD9F","pay_way":"WXZF","result_code":"0","sign":"33D287039BE33058EFA84388AA789B8B","status":"0","third_order_id":"2018061419104963057"}

2018-06-14 19:10:56:参数:{"merchant_id":"6008005629","service":"query_status","third_order_id":"2018061419104963057","nonce_str":"8M7DWC2883RR0M87TAPMKCMKD9DMES97","sign":"D91B89BA8B26F7FAACA2338FBDEFECE9"}

2018-06-14 19:11:01:继续查询:{"resp_code":"0","amount":"1670","leshua_order_id":"1806141910421911","merchant_id":"6008005629","nonce_str":"UCBJNRI09X3RF6ERXFWH60249T62AZEV","pay_way":"WXZF","result_code":"0","sign":"587215F0347C9328B03E3856F3F61F62","status":"0","third_order_id":"2018061419104963057"}

2018-06-14 19:11:01:参数:{"merchant_id":"6008005629","service":"query_status","third_order_id":"2018061419104963057","nonce_str":"6SENEMFM9JQVVMHLM0WG5PTNT4D1VC5F","sign":"3134AFA8791907210819C600ED98B25D"}

2018-06-14 19:11:02:支付成功:{"resp_code":"0","amount":"1670","bank_type":"CFT","leshua_order_id":"1806141910421911","merchant_id":"6008005629","nonce_str":"QOF2FIENVE2WE0DJSB1QFWF8CYWHSJM2","openid":"o8uJ6uGLUXI1HNPbU-jjJdZWFO3k","out_transaction_id":"4200000137201806146307178503","pay_time":"2018-06-14 19:11:01","pay_way":"WXZF","result_code":"0","sign":"DFBF123575EAC337762416FCE1E16C6F","status":"2","third_order_id":"2018061419104963057"}

2018-06-14 19:29:18:参数:{"merchant_id":"6008005629","service":"query_status","third_order_id":"2018061419291852167","nonce_str":"RA1DPGLWJ73D8J53FWCU3XORO3P5RBBS","sign":"8DFD342A414C1E6218026B78776899F6"}

2018-06-14 19:29:24:继续查询:{"resp_code":"0","amount":"170","leshua_order_id":"1806141929120898","merchant_id":"6008005629","nonce_str":"9HZQ8Y7TE0S094RRMDVXMZVT8QQ46PM6","pay_way":"WXZF","result_code":"0","sign":"377651C9BA830DA534E77A804D10B04E","status":"0","third_order_id":"2018061419291852167"}

2018-06-14 19:29:24:参数:{"merchant_id":"6008005629","service":"query_status","third_order_id":"2018061419291852167","nonce_str":"LPV3M0TQ4JD3BJHF6V7N3NPODM21WAGB","sign":"BCBE8ECB11725A085CAD934814C51FD8"}

2018-06-14 19:29:29:继续查询:{"resp_code":"0","amount":"170","leshua_order_id":"1806141929120898","merchant_id":"6008005629","nonce_str":"IBAYCN6I7JEXZLJIPDUSU11OSEG3SH7H","pay_way":"WXZF","result_code":"0","sign":"F079EBC5C72AAA87AD81292E55E98B29","status":"0","third_order_id":"2018061419291852167"}

2018-06-14 19:29:29:参数:{"merchant_id":"6008005629","service":"query_status","third_order_id":"2018061419291852167","nonce_str":"VK6RF5HMGSEEHKO5MME3PA6BOGAFNF70","sign":"4BAD20CB262799E43F53D8C276A99740"}

2018-06-14 19:29:35:继续查询:{"resp_code":"0","amount":"170","leshua_order_id":"1806141929120898","merchant_id":"6008005629","nonce_str":"AX02HXBS3TRVZ9ZZ4TLUYF8G4Y6DHVZ8","pay_way":"WXZF","result_code":"0","sign":"74E1A50A6F277DC47F5CE8EE4FF92BAF","status":"0","third_order_id":"2018061419291852167"}

2018-06-14 19:29:35:参数:{"merchant_id":"6008005629","service":"query_status","third_order_id":"2018061419291852167","nonce_str":"5P9GJP9IPPKMSJZ97U1R8PQ8MFNW77VG","sign":"510D1C5074A8A6A8B53C4761F6378B06"}

2018-06-14 19:29:40:继续查询:{"resp_code":"0","amount":"170","leshua_order_id":"1806141929120898","merchant_id":"6008005629","nonce_str":"MF3LUFB8G3NTGLU3YCFSL2Q2SBDGOG1O","pay_way":"WXZF","result_code":"0","sign":"3D340B8915C86AD46E6B5185C6DFA9DB","status":"0","third_order_id":"2018061419291852167"}

2018-06-14 19:29:40:参数:{"merchant_id":"6008005629","service":"query_status","third_order_id":"2018061419291852167","nonce_str":"L3DDRLGL0FGX2E7O5HQ5M0OT73VLIQZ8","sign":"FAE90D900AF39542F1E09495F0881EF2"}

2018-06-14 19:29:46:继续查询:{"resp_code":"0","amount":"170","leshua_order_id":"1806141929120898","merchant_id":"6008005629","nonce_str":"YRJ4Z5VHN7SP0Z51DCNCG39PCK3KY73W","pay_way":"WXZF","result_code":"0","sign":"31E7CC19803AB2E8FBD82B6902B32BD9","status":"0","third_order_id":"2018061419291852167"}

2018-06-14 19:29:46:参数:{"merchant_id":"6008005629","service":"query_status","third_order_id":"2018061419291852167","nonce_str":"TRYFMTBEWUKS4NDTT9W2K6QNWU1H5V9S","sign":"492F43E6EFF8FC7755D60868E50A9642"}

2018-06-14 19:29:51:继续查询:{"resp_code":"0","amount":"170","leshua_order_id":"1806141929120898","merchant_id":"6008005629","nonce_str":"F0E3HC2JAZ8HQYQD6SJKW5LMWO4L2IZ3","pay_way":"WXZF","result_code":"0","sign":"AF573722CC354A6356FF5881B699B78F","status":"0","third_order_id":"2018061419291852167"}

2018-06-14 19:29:51:参数:{"merchant_id":"6008005629","service":"query_status","third_order_id":"2018061419291852167","nonce_str":"CQJRYNNP66ZD2VUYRALUF7I3UYTE7L9H","sign":"78587729F5264089731CC720CD3DB825"}

2018-06-14 19:46:46:参数:{"merchant_id":"6008005629","service":"query_status","third_order_id":"2018061419464452970","nonce_str":"8HG380XOT9QWZUKP0TY3YM461YIIABUW","sign":"28AA9C022FD7DA96750B0A98EC5525FB"}

2018-06-14 19:46:51:继续查询:{"resp_code":"0","amount":"520","leshua_order_id":"1806141946402642","merchant_id":"6008005629","nonce_str":"LGT02WQOP5ZZYDHL0KHKI7VOLK40YFFE","pay_way":"WXZF","result_code":"0","sign":"57D49CA6064F40D0709EBE3840A68BD0","status":"0","third_order_id":"2018061419464452970"}

2018-06-14 19:46:51:参数:{"merchant_id":"6008005629","service":"query_status","third_order_id":"2018061419464452970","nonce_str":"RHEEZ8KR98PU0VPIMOZ9GT83J9WQTTSG","sign":"B65E87A8E72EC28DDCBA4E20901092DF"}

2018-06-14 19:46:57:继续查询:{"resp_code":"0","amount":"520","leshua_order_id":"1806141946402642","merchant_id":"6008005629","nonce_str":"NLIMV0KRRA1GPGAPFIRWSNJOIQW1U4ZS","pay_way":"WXZF","result_code":"0","sign":"A810F20D6E363067C803C4CEA88D0727","status":"0","third_order_id":"2018061419464452970"}

2018-06-14 19:46:57:参数:{"merchant_id":"6008005629","service":"query_status","third_order_id":"2018061419464452970","nonce_str":"YH0P8HKXGMD8WJOM7EG5A6DOKAM8YR52","sign":"A7258539D68C7E7D753EE34AD45B1EAF"}

2018-06-14 19:46:57:支付成功:{"resp_code":"0","amount":"520","bank_type":"CFT","leshua_order_id":"1806141946402642","merchant_id":"6008005629","nonce_str":"Q8R9CTRPP4YLL9FPX4YP2LHB00QG9NBA","openid":"o8uJ6uBoqWU7_g9p4N0ufbQp4PYU","out_transaction_id":"4200000136201806145003342142","pay_time":"2018-06-14 19:46:57","pay_way":"WXZF","result_code":"0","sign":"C6EC55455EE6FE114748A1D6F49273EF","status":"2","third_order_id":"2018061419464452970"}

2018-06-14 21:26:36:参数:{"merchant_id":"6008005629","service":"query_status","third_order_id":"2018061421263680492","nonce_str":"T4Q52JBTEH3RLWJ8ZC1OYV7LUJCS60PR","sign":"5E68CF2E60AFE83951B2C3E0C3099A6D"}

2018-06-14 21:26:42:继续查询:{"resp_code":"0","amount":"770","leshua_order_id":"1806142126336542","merchant_id":"6008005629","nonce_str":"P2Z7LZ72JXBE636UJ3LSVPKFWXF4H3EE","pay_way":"ZFBZF","result_code":"0","sign":"A7F11A091B8C125DC52699266927EF75","status":"0","third_order_id":"2018061421263680492"}

2018-06-14 21:26:42:参数:{"merchant_id":"6008005629","service":"query_status","third_order_id":"2018061421263680492","nonce_str":"WUE4CRN6CQI7X4GU0G5DTAJ6RMQ6ZIV0","sign":"D491625FD1D08AA9758573CA25C17C27"}

2018-06-14 21:26:47:继续查询:{"resp_code":"0","amount":"770","leshua_order_id":"1806142126336542","merchant_id":"6008005629","nonce_str":"Y265MBC4MMQF4USO0AV932RP1FBWAH50","pay_way":"ZFBZF","result_code":"0","sign":"1C3410E9A1AE1E84C3A35F693AA0ECBA","status":"0","third_order_id":"2018061421263680492"}

2018-06-14 21:26:47:参数:{"merchant_id":"6008005629","service":"query_status","third_order_id":"2018061421263680492","nonce_str":"F7ZOXTOQRSQBJ4A9BS6KHOAWFRBN597B","sign":"5E28447347A6C66372A54BBA9F6C098A"}

2018-06-14 21:26:53:继续查询:{"resp_code":"0","amount":"770","leshua_order_id":"1806142126336542","merchant_id":"6008005629","nonce_str":"YMTKP326VBI1R40R2KZIHOK51DDIMXC8","pay_way":"ZFBZF","result_code":"0","sign":"B15FAD540FBA4571255B5BC505762BB6","status":"0","third_order_id":"2018061421263680492"}

2018-06-14 21:26:53:参数:{"merchant_id":"6008005629","service":"query_status","third_order_id":"2018061421263680492","nonce_str":"NZ5SNXUCPRII3VMS0C00VIP04BQ4R8VE","sign":"268B0BF9286B1387C3721627A5BEA746"}

2018-06-14 21:26:58:继续查询:{"resp_code":"0","amount":"770","leshua_order_id":"1806142126336542","merchant_id":"6008005629","nonce_str":"H2DSH4LA0A1CD5QX09MF0QSD9M7JB07O","pay_way":"ZFBZF","result_code":"0","sign":"F47661B32F26EC98C6A25E886EE44FB2","status":"0","third_order_id":"2018061421263680492"}

2018-06-14 21:26:58:参数:{"merchant_id":"6008005629","service":"query_status","third_order_id":"2018061421263680492","nonce_str":"5ZGZLO6MN93NB3MYSLAA3ATQ4843G0IV","sign":"9CAFC3DCC45B405D418393F739595080"}

2018-06-14 21:27:04:继续查询:{"resp_code":"0","amount":"770","leshua_order_id":"1806142126336542","merchant_id":"6008005629","nonce_str":"N3YYFK4ZUCI1IBLKMEIKPTZYVTNDURVH","pay_way":"ZFBZF","result_code":"0","sign":"678A0DA661BE41501BE899C02DD2E557","status":"0","third_order_id":"2018061421263680492"}

2018-06-14 21:27:04:参数:{"merchant_id":"6008005629","service":"query_status","third_order_id":"2018061421263680492","nonce_str":"6OBXNEN8AILYW2O46YY1QNFWU7K5JJ0V","sign":"10FDE3543AE101EFD6FB473D3E27F782"}

2018-06-14 21:27:09:继续查询:{"resp_code":"0","amount":"770","leshua_order_id":"1806142126336542","merchant_id":"6008005629","nonce_str":"UOI5KSTJ9JCEN7WZ8CAPVVZSALMFNUR3","pay_way":"ZFBZF","result_code":"0","sign":"41AD23BC90BB37764D93B4D2F55EB749","status":"0","third_order_id":"2018061421263680492"}

2018-06-14 21:27:09:参数:{"merchant_id":"6008005629","service":"query_status","third_order_id":"2018061421263680492","nonce_str":"INFQOIU6BD0XFUSJPNGOSWMY1K7W3NVA","sign":"58B90EBD8C2219996E13E7248AF3C896"}

2018-06-14 21:28:21:参数:{"merchant_id":"6008005629","service":"query_status","third_order_id":"2018061421281755041","nonce_str":"1A760QH9B3RDB09A2XR2C7225IDFRTE1","sign":"709FBC3B361929BD93F0E4ED06866485"}

2018-06-14 21:28:22:支付失败:{"resp_code":"0","amount":"760","leshua_order_id":"1806142128101843","merchant_id":"6008005629","nonce_str":"8BWJRU5A1XRUR1JRQZ18Y4UIWH4WFRD6","pay_way":"WXZF","result_code":"0","sign":"3D69D7634B47CBE2A85A34A13DA9C405","status":"8","third_order_id":"2018061421281755041"}

2018-06-14 21:28:38:参数:{"merchant_id":"6008005629","service":"query_status","third_order_id":"2018061421283720812","nonce_str":"61V7MJT6ZQJQ076C1BWCBB108RBXIOH7","sign":"42F66865F63BE5673F25E703DCCF7B3D"}

2018-06-14 21:28:43:继续查询:{"resp_code":"0","amount":"1120","leshua_order_id":"1806142128326924","merchant_id":"6008005629","nonce_str":"Z0YSNJ2513L9HN0OQI0G11ESP3T17X7I","pay_way":"WXZF","result_code":"0","sign":"5D0C84FD0F789DD0955B5AC07916CFD0","status":"0","third_order_id":"2018061421283720812"}

2018-06-14 21:28:43:参数:{"merchant_id":"6008005629","service":"query_status","third_order_id":"2018061421283720812","nonce_str":"KKB13OQBWXNSK2PYQ5BW7GX17FTXQSSJ","sign":"4170C286DFEEF2A21110884DD48D31A3"}

2018-06-14 21:28:49:继续查询:{"resp_code":"0","amount":"1120","leshua_order_id":"1806142128326924","merchant_id":"6008005629","nonce_str":"R2ZIR15GFK2FQPPAE3E0BZQAJBJ9L6UB","pay_way":"WXZF","result_code":"0","sign":"EB6D136DADC6053F208556D53E584107","status":"0","third_order_id":"2018061421283720812"}

2018-06-14 21:28:49:参数:{"merchant_id":"6008005629","service":"query_status","third_order_id":"2018061421283720812","nonce_str":"G7595O51WFJV8VLC1XDIVLLB7D2QUYZM","sign":"98509201397490B9D1586AE6E6223783"}

2018-06-14 21:28:54:继续查询:{"resp_code":"0","amount":"1120","leshua_order_id":"1806142128326924","merchant_id":"6008005629","nonce_str":"PL92DREY5K4ZOYWQC2NVSPUHB590GKN9","pay_way":"WXZF","result_code":"0","sign":"AAA688546F3FE12E4EA9030584FFF553","status":"0","third_order_id":"2018061421283720812"}

2018-06-14 21:28:54:参数:{"merchant_id":"6008005629","service":"query_status","third_order_id":"2018061421283720812","nonce_str":"81PGSYXMBBUX7NADQFU3NUGUHRSOC2Z9","sign":"FD53B300349945E6AE8EBFD916B23EBF"}

2018-06-14 21:29:00:继续查询:{"resp_code":"0","amount":"1120","leshua_order_id":"1806142128326924","merchant_id":"6008005629","nonce_str":"J26SA8QM7BFR8A4V1D5O3CVTXR3R0R5Y","pay_way":"WXZF","result_code":"0","sign":"C09602405BA1107940D6C3664B78E6CA","status":"0","third_order_id":"2018061421283720812"}

2018-06-14 21:29:00:参数:{"merchant_id":"6008005629","service":"query_status","third_order_id":"2018061421283720812","nonce_str":"1HN9QJPEKUWFVOMFZXXCVD489W6HJHP0","sign":"B233A8AF8A4B235189245D7080FBBCEA"}

2018-06-14 21:29:05:继续查询:{"resp_code":"0","amount":"1120","leshua_order_id":"1806142128326924","merchant_id":"6008005629","nonce_str":"RNHJYAMSFJRETU64V4SFEVUJRAM4AW1G","pay_way":"WXZF","result_code":"0","sign":"E629280495141EBBD52D61C7BFF929C8","status":"0","third_order_id":"2018061421283720812"}

2018-06-14 21:29:05:参数:{"merchant_id":"6008005629","service":"query_status","third_order_id":"2018061421283720812","nonce_str":"XKKQ8INXGIVUZ39VOD6CPV9ENVB8SJ5G","sign":"65165B1286927A68861F42ECCEC1E1AC"}

2018-06-14 21:29:11:继续查询:{"resp_code":"0","amount":"1120","leshua_order_id":"1806142128326924","merchant_id":"6008005629","nonce_str":"YUUWJ7FPVCY25DW80J1E9UI96SDE7R4B","pay_way":"WXZF","result_code":"0","sign":"27EA5E94F1A3320C787A2D5C10CA4B70","status":"0","third_order_id":"2018061421283720812"}

2018-06-14 21:29:11:参数:{"merchant_id":"6008005629","service":"query_status","third_order_id":"2018061421283720812","nonce_str":"J5KT9H21NLRFT4CE7L64Q1GFF5HYBNM6","sign":"27C98F871273FF3418EAF51A73735A51"}

2018-06-14 22:27:17:参数:{"merchant_id":"6008005629","service":"query_status","third_order_id":"2018061422271635482","nonce_str":"FGXRD0Q2RIRFXEYYMKRQ4VHHX99OAM1G","sign":"C4BB992905AFDB7C0F420D818E53A2C3"}

2018-06-14 22:27:23:继续查询:{"resp_code":"0","amount":"1230","leshua_order_id":"1806142227105288","merchant_id":"6008005629","nonce_str":"HIMJLD45ZTS9WLCPNI8UGFDX6AXVAMQN","pay_way":"WXZF","result_code":"0","sign":"E13DFE94B11E6574E92A2376DEE81B3E","status":"0","third_order_id":"2018061422271635482"}

2018-06-14 22:27:23:参数:{"merchant_id":"6008005629","service":"query_status","third_order_id":"2018061422271635482","nonce_str":"YVK1W3Y3DSAUCTUH3SGFBBFUFX5HC1YR","sign":"359DB75049B29E3D5ED09FE5F488A4A2"}

2018-06-14 22:27:29:继续查询:{"resp_code":"0","amount":"1230","leshua_order_id":"1806142227105288","merchant_id":"6008005629","nonce_str":"1BJ5BAM0CF6X211VXA3P4IFABQW7UTLC","pay_way":"WXZF","result_code":"0","sign":"B404E9A90E9E68A27C797A573AF301DC","status":"0","third_order_id":"2018061422271635482"}

2018-06-14 22:27:29:参数:{"merchant_id":"6008005629","service":"query_status","third_order_id":"2018061422271635482","nonce_str":"XHMRJSQPB0B3PQVCD7DQI6UT6HC32KB6","sign":"2D723D046243F0B019C3D41D78A769FC"}

2018-06-14 22:27:34:继续查询:{"resp_code":"0","amount":"1230","leshua_order_id":"1806142227105288","merchant_id":"6008005629","nonce_str":"3LCLC74MRMGRUP02AREPCC4UYEAUNG8K","pay_way":"WXZF","result_code":"0","sign":"97B80C777D4786979CB4C080159D5266","status":"0","third_order_id":"2018061422271635482"}

2018-06-14 22:27:34:参数:{"merchant_id":"6008005629","service":"query_status","third_order_id":"2018061422271635482","nonce_str":"EUYPF9GGVD9XATUDQZ84SO0UFZ2CDA3C","sign":"0625525E86374FD154C2B1C7D7270106"}

2018-06-14 22:27:40:继续查询:{"resp_code":"0","amount":"1230","leshua_order_id":"1806142227105288","merchant_id":"6008005629","nonce_str":"QUG3F1EWUUTONLWG4UU20M039N3VVZ7S","pay_way":"WXZF","result_code":"0","sign":"33FBD39BE39618FA5E41361696AD7D46","status":"0","third_order_id":"2018061422271635482"}

2018-06-14 22:27:40:参数:{"merchant_id":"6008005629","service":"query_status","third_order_id":"2018061422271635482","nonce_str":"RPJRUURLFGK71EWPYLK4GN8UT0Y58S8V","sign":"37DF2A8432D126353D0219216F250640"}

2018-06-14 22:27:45:继续查询:{"resp_code":"0","amount":"1230","leshua_order_id":"1806142227105288","merchant_id":"6008005629","nonce_str":"CJFQLCJTCBV2OOMGC8A3JMON7O38XGWR","pay_way":"WXZF","result_code":"0","sign":"C95146A472F92BC5B26603F260D8900D","status":"0","third_order_id":"2018061422271635482"}

2018-06-14 22:27:45:参数:{"merchant_id":"6008005629","service":"query_status","third_order_id":"2018061422271635482","nonce_str":"P2AI4TR7TPHUMCQ4JZXY0CHH6VCAK7LP","sign":"467B2FB2BCABF1EA3A99F94E3E67B7B1"}

2018-06-14 22:27:51:继续查询:{"resp_code":"0","amount":"1230","leshua_order_id":"1806142227105288","merchant_id":"6008005629","nonce_str":"13X8BD94QU439LAC18QXTTFV19HYGOH0","pay_way":"WXZF","result_code":"0","sign":"F385B3388BB33BCACD826D500C63369D","status":"0","third_order_id":"2018061422271635482"}

2018-06-14 22:27:51:参数:{"merchant_id":"6008005629","service":"query_status","third_order_id":"2018061422271635482","nonce_str":"CWQ3H3QT43Y1R3D0JQ48RJRX0OWF4DQX","sign":"A8C50FA2FAAA9E42E1A5463B891FE3AE"}

2018-06-14 23:30:57:参数:{"merchant_id":"6008005629","service":"query_status","third_order_id":"2018061423304684974","nonce_str":"VTMBVZSK1PWM8UH2WKQ7JIZI9T6DORX6","sign":"01FBDAD116F8FE1AEF1D5C22888BADA4"}

2018-06-14 23:31:02:继续查询:{"resp_code":"0","amount":"400","leshua_order_id":"1806142330434333","merchant_id":"6008005629","nonce_str":"665OF08Z3PS9KV3X6VR6HJEIN6AJDH7X","pay_way":"WXZF","result_code":"0","sign":"EA8787408B5F2B0045CE72F097F77C29","status":"0","third_order_id":"2018061423304684974"}

2018-06-14 23:31:02:参数:{"merchant_id":"6008005629","service":"query_status","third_order_id":"2018061423304684974","nonce_str":"FMY7NGUX797R29NFCAH4J3MOC37QE84J","sign":"DD067C8BC7A03FAA636AC07A6490FFAB"}

2018-06-14 23:31:03:支付失败:{"resp_code":"0","amount":"400","leshua_order_id":"1806142330434333","merchant_id":"6008005629","nonce_str":"5C56N4ZTDF9JF3DJ5J78TKMQRXDWX44D","pay_way":"WXZF","result_code":"0","sign":"D26838705E05568FB9C0ACCD01317FCE","status":"8","third_order_id":"2018061423304684974"}

