2018-05-27 08:19:54:参数:{"merchant_id":"6008005629","service":"query_status","third_order_id":"2018052708195323232","nonce_str":"9X64QGROU0SNSLIP2OF7WKV24O0Z40U3","sign":"D98C4A441136AFD8962D5270AD5DE399"}

2018-05-27 08:20:00:继续查询:{"resp_code":"0","amount":"2230","leshua_order_id":"1805270819535234","merchant_id":"6008005629","nonce_str":"V65WMXJ3VEZP45GXZFKSEGMKCX8JG2D0","pay_way":"WXZF","result_code":"0","sign":"AF113EEBE8C351F24C02B00E98322C4C","status":"0","third_order_id":"2018052708195323232"}

2018-05-27 08:20:00:参数:{"merchant_id":"6008005629","service":"query_status","third_order_id":"2018052708195323232","nonce_str":"0YVN1XOIHDA11OJLWZVNGX2OUAU4D4EM","sign":"A43FABC8192D08DEE7A0957040D99091"}

2018-05-27 08:20:05:继续查询:{"resp_code":"0","amount":"2230","leshua_order_id":"1805270819535234","merchant_id":"6008005629","nonce_str":"OOC72GB5193XV63CTLVTN4RG5MHC202M","pay_way":"WXZF","result_code":"0","sign":"8802ABB8B4D06B2440599649C43142EE","status":"0","third_order_id":"2018052708195323232"}

2018-05-27 08:20:05:参数:{"merchant_id":"6008005629","service":"query_status","third_order_id":"2018052708195323232","nonce_str":"9YSI3BNZWRMHQ8KPPD0RVE1U6AMAMDRX","sign":"35782CD564EC1E782AE460C6C99C477D"}

2018-05-27 08:20:11:继续查询:{"resp_code":"0","amount":"2230","leshua_order_id":"1805270819535234","merchant_id":"6008005629","nonce_str":"S042D3GH1156RVACUWZLBCH4AECI370Z","pay_way":"WXZF","result_code":"0","sign":"BC05786BD93D72EBA39746D33F7AC09C","status":"0","third_order_id":"2018052708195323232"}

2018-05-27 08:20:11:参数:{"merchant_id":"6008005629","service":"query_status","third_order_id":"2018052708195323232","nonce_str":"T3P3FBUGOV9POOVPJQTBPDWO7BLDA4SC","sign":"14EB6454DFBD772A9D0B62CE1C8F294C"}

2018-05-27 08:20:16:继续查询:{"resp_code":"0","amount":"2230","leshua_order_id":"1805270819535234","merchant_id":"6008005629","nonce_str":"CR8OVU3I9QLHPT1FEZQ1LALC3RK2L521","pay_way":"WXZF","result_code":"0","sign":"06C8CEAB7E205E58453E8DDD00713EC0","status":"0","third_order_id":"2018052708195323232"}

2018-05-27 08:20:16:参数:{"merchant_id":"6008005629","service":"query_status","third_order_id":"2018052708195323232","nonce_str":"KTN0AWEI1EUD4CWQW7Y0WXJ4EFI3RPKB","sign":"2CBE4E920D08C76EBE64062B948292EB"}

2018-05-27 08:20:16:支付成功:{"resp_code":"0","amount":"2230","bank_type":"PAB_DEBIT","leshua_order_id":"1805270819535234","merchant_id":"6008005629","nonce_str":"JIG91VNJ2U5H3MGY2ND6T28R6TZ9VMD7","openid":"oRfOu1eRg2VAhPrtzSVd52MkIiEY","out_transaction_id":"4200000134201805276426015970","pay_time":"2018-05-27 08:20:16","pay_way":"WXZF","result_code":"0","sign":"767A70746008A65BC345CC5035032A28","status":"2","third_order_id":"2018052708195323232"}

2018-05-27 09:35:37:参数:{"merchant_id":"6008005629","service":"query_status","third_order_id":"2018052709353545382","nonce_str":"KWD96FVCO1M4NJP2EIB8E7ZWT5OP3RW9","sign":"332B661FB72F159540B4E0205A418FAB"}

2018-05-27 09:35:42:继续查询:{"resp_code":"0","amount":"1260","leshua_order_id":"1805270935338595","merchant_id":"6008005629","nonce_str":"6SRPG9FH2X4PDBU5O10062V1PWH6W9NO","pay_way":"WXZF","result_code":"0","sign":"7A32F0EC3ACE27F3BC5F277B9A7DB110","status":"0","third_order_id":"2018052709353545382"}

2018-05-27 09:35:42:参数:{"merchant_id":"6008005629","service":"query_status","third_order_id":"2018052709353545382","nonce_str":"6S2N38YY2M3TWEEFHN8Q7LLWCM3BH6ND","sign":"F10D5C01D7B00104F088FC74B5D5686D"}

2018-05-27 09:35:47:继续查询:{"resp_code":"0","amount":"1260","leshua_order_id":"1805270935338595","merchant_id":"6008005629","nonce_str":"I2FVM2ZTXUUSB1ZMQUQI0XC3ZLXRYKIT","pay_way":"WXZF","result_code":"0","sign":"7E4C17EC369DC8B73C47B70681AB5AA7","status":"0","third_order_id":"2018052709353545382"}

2018-05-27 09:35:47:参数:{"merchant_id":"6008005629","service":"query_status","third_order_id":"2018052709353545382","nonce_str":"VOYWL1TLV8VFUEJC7NABRPRRYCA1W1GG","sign":"E327A1758E8A7A49E1C7CC1C71D08A63"}

2018-05-27 09:35:53:继续查询:{"resp_code":"0","amount":"1260","leshua_order_id":"1805270935338595","merchant_id":"6008005629","nonce_str":"IHZULZAJ8STT1ORH8TTNC029XNY582GO","pay_way":"WXZF","result_code":"0","sign":"5E381C30AC39B409BC1D5A6A22D59558","status":"0","third_order_id":"2018052709353545382"}

2018-05-27 09:35:53:参数:{"merchant_id":"6008005629","service":"query_status","third_order_id":"2018052709353545382","nonce_str":"1RUD4VUA0RE1OMEQ4R18ZWJ6TFGG9K7O","sign":"7924C35F0A11A09591AA032594669734"}

2018-05-27 09:35:58:继续查询:{"resp_code":"0","amount":"1260","leshua_order_id":"1805270935338595","merchant_id":"6008005629","nonce_str":"V91D41LMRGFLN4JQKSA773CBA1AOH7IE","pay_way":"WXZF","result_code":"0","sign":"921252090C9C5DC0C84BDABD29BF8EA5","status":"0","third_order_id":"2018052709353545382"}

2018-05-27 09:35:58:参数:{"merchant_id":"6008005629","service":"query_status","third_order_id":"2018052709353545382","nonce_str":"1PH6BCQX2NL59FLC4LSL1Y0PWZ387K0A","sign":"E7CA0214050278CBBEE2880E64DB9147"}

2018-05-27 09:36:04:继续查询:{"resp_code":"0","amount":"1260","leshua_order_id":"1805270935338595","merchant_id":"6008005629","nonce_str":"L1LLDPSMGH0ZMSRRKY969FQN7FDNT5MY","pay_way":"WXZF","result_code":"0","sign":"C130B256FCB2761741A6DB373F5D2821","status":"0","third_order_id":"2018052709353545382"}

2018-05-27 09:36:04:参数:{"merchant_id":"6008005629","service":"query_status","third_order_id":"2018052709353545382","nonce_str":"CYAIZ8DCCJIJ4TX8MKJSDUCW1AXJQ57N","sign":"20605345BC401AB48CD50CFC59E7EDD0"}

2018-05-27 09:36:09:继续查询:{"resp_code":"0","amount":"1260","leshua_order_id":"1805270935338595","merchant_id":"6008005629","nonce_str":"373CUGMM6N1JA0HO8Z6OL2E5M0S9SMIK","pay_way":"WXZF","result_code":"0","sign":"EA30EDFA690AD0E062C96F0B2BAB70BD","status":"0","third_order_id":"2018052709353545382"}

2018-05-27 09:36:09:参数:{"merchant_id":"6008005629","service":"query_status","third_order_id":"2018052709353545382","nonce_str":"493TZES59G2KEVY9MWF6SXDADHA2Y0W8","sign":"D4F195630291C4BAF293252E536E8171"}

2018-05-27 09:36:10:参数:{"merchant_id":"6008005629","service":"query_status","third_order_id":"2018052709353545382","nonce_str":"8Y3433B3ZLI9V9E4HZ5424ZOS61E2C7M","sign":"A8AB84A26E87FBCC885329A4FBCA069D"}

2018-05-27 09:36:10:支付失败:{"resp_code":"0","amount":"1260","leshua_order_id":"1805270935338595","merchant_id":"6008005629","nonce_str":"S75ZDK5S4AAACR6D0AZA2MT115LLAYX9","pay_way":"WXZF","result_code":"0","sign":"44E69CB61846BCF7C659E79B1518C06F","status":"6","third_order_id":"2018052709353545382"}

2018-05-27 09:36:32:参数:{"merchant_id":"6008005629","service":"query_status","third_order_id":"2018052709363161003","nonce_str":"AFJCBJM0J14CJHTTVUU952CK9MONJYZG","sign":"80F7CEAB4E71520BC16933ECCF6F4540"}

2018-05-27 09:36:37:继续查询:{"resp_code":"0","amount":"1260","leshua_order_id":"1805270936308029","merchant_id":"6008005629","nonce_str":"FRTUNFSS7AKFGHG1P18VCUKLO3B864W3","pay_way":"WXZF","result_code":"0","sign":"53DDE24A10479EA2523E82242EDF6A18","status":"0","third_order_id":"2018052709363161003"}

2018-05-27 09:36:37:参数:{"merchant_id":"6008005629","service":"query_status","third_order_id":"2018052709363161003","nonce_str":"PC8DTW4RKIE69XT1MWZOHS6GYH45EGYO","sign":"BF9B9CBBDAF74ACA3EF166B45219A557"}

2018-05-27 09:36:43:继续查询:{"resp_code":"0","amount":"1260","leshua_order_id":"1805270936308029","merchant_id":"6008005629","nonce_str":"21IEOSPW236OO6RCDO4V3KJMUAKAU1KW","pay_way":"WXZF","result_code":"0","sign":"DBD972496FC0A36F4DF2A845D0B8112E","status":"0","third_order_id":"2018052709363161003"}

2018-05-27 09:36:43:参数:{"merchant_id":"6008005629","service":"query_status","third_order_id":"2018052709363161003","nonce_str":"FEF7GMH5D8LW3SL7PE032TGTYK9DXEDZ","sign":"31D338AFC37A5012D65AB3EA57D2463D"}

2018-05-27 09:36:48:继续查询:{"resp_code":"0","amount":"1260","leshua_order_id":"1805270936308029","merchant_id":"6008005629","nonce_str":"QZHLJZ4YYQ08CF7W4SM40YNFGI27ALR4","pay_way":"WXZF","result_code":"0","sign":"E824C705E9B2292464BB1345B62A06A4","status":"0","third_order_id":"2018052709363161003"}

2018-05-27 09:36:48:参数:{"merchant_id":"6008005629","service":"query_status","third_order_id":"2018052709363161003","nonce_str":"67KVDPERLHZZJNE0O2SBFLE4ZJHFTGC4","sign":"188D59ED1EB8162E79C32D128E90685B"}

2018-05-27 09:36:54:继续查询:{"resp_code":"0","amount":"1260","leshua_order_id":"1805270936308029","merchant_id":"6008005629","nonce_str":"MRLC81G03UGRK52NHAZYPNRWJTH2D0AI","pay_way":"WXZF","result_code":"0","sign":"D2A22A2A5A375A4E231B3AA9435B0EA7","status":"0","third_order_id":"2018052709363161003"}

2018-05-27 09:36:54:参数:{"merchant_id":"6008005629","service":"query_status","third_order_id":"2018052709363161003","nonce_str":"NYPWA30P4NFJT3DXQXFR0GUEK0KDSP1B","sign":"5B6CF0EC5E31225E3727E46258A4F76C"}

2018-05-27 09:36:59:继续查询:{"resp_code":"0","amount":"1260","leshua_order_id":"1805270936308029","merchant_id":"6008005629","nonce_str":"RQ60VB5WLQMHJGMAR2DEW1QVKJ4IL967","pay_way":"WXZF","result_code":"0","sign":"AC6BCFBB467EAA7D47F0006F9A99BEE3","status":"0","third_order_id":"2018052709363161003"}

2018-05-27 09:36:59:参数:{"merchant_id":"6008005629","service":"query_status","third_order_id":"2018052709363161003","nonce_str":"4UKG87AT5CPBKLWI4OWCKUA2MWOTBUS0","sign":"BADBA11656294DF4E180DF97DAE1188A"}

2018-05-27 09:37:04:继续查询:{"resp_code":"0","amount":"1260","leshua_order_id":"1805270936308029","merchant_id":"6008005629","nonce_str":"HBS82DIMPHGTIK7BRO0RONRV3UYJNUO5","pay_way":"WXZF","result_code":"0","sign":"5C5C7CDFC51165E6B968C3945ED498AF","status":"0","third_order_id":"2018052709363161003"}

2018-05-27 09:37:04:参数:{"merchant_id":"6008005629","service":"query_status","third_order_id":"2018052709363161003","nonce_str":"NEHZ0CGQFCCFHRG13FCRYIBYJ1DH527T","sign":"FBAF79F1E90235FB50648E0C70DA8622"}

2018-05-27 09:37:05:参数:{"merchant_id":"6008005629","service":"query_status","third_order_id":"2018052709363161003","nonce_str":"GUTJSHENWMQ3ZCJ3WCIMHUG2Z7N1E8MP","sign":"E25AC016FA8971B472E57DE9F9BCB889"}

2018-05-27 09:37:05:支付失败:{"resp_code":"0","amount":"1260","leshua_order_id":"1805270936308029","merchant_id":"6008005629","nonce_str":"68CC310O2SATQFVJLLQ2H4Q80FUXQJ6K","pay_way":"WXZF","result_code":"0","sign":"FA3EE2F5E6D50D70B30CFD88BE4DDE6D","status":"6","third_order_id":"2018052709363161003"}

2018-05-27 09:37:23:参数:{"merchant_id":"6008005629","service":"query_status","third_order_id":"2018052709372261670","nonce_str":"4NG27IF5UJ9X1ATHTHKBPRJK7OUA66I1","sign":"1154B22C952F525988018A466CD34D42"}

2018-05-27 09:37:28:继续查询:{"resp_code":"0","amount":"1260","leshua_order_id":"1805270937239333","merchant_id":"6008005629","nonce_str":"X0JKFJGFLL1QQQEICZYQUL3Q7L75NCTP","pay_way":"WXZF","result_code":"0","sign":"97FC06986962C987BB1D2D49C288E930","status":"0","third_order_id":"2018052709372261670"}

2018-05-27 09:37:28:参数:{"merchant_id":"6008005629","service":"query_status","third_order_id":"2018052709372261670","nonce_str":"NX8602AT79FDTNS1JG1IJ7817A0C2QGV","sign":"DB89643A0E3B6E95C98DE5A2FF7288A6"}

2018-05-27 09:37:34:继续查询:{"resp_code":"0","amount":"1260","leshua_order_id":"1805270937239333","merchant_id":"6008005629","nonce_str":"1V7DULFL6SXEOE0VKWGK3Y3JS9IC4Q7F","pay_way":"WXZF","result_code":"0","sign":"94F1E1609A7EEDCE91DD1DA3AC59E656","status":"0","third_order_id":"2018052709372261670"}

2018-05-27 09:37:34:参数:{"merchant_id":"6008005629","service":"query_status","third_order_id":"2018052709372261670","nonce_str":"JQ2E4N8XSGEW3VU03JDSCUKVAM4OMEC0","sign":"7944F1BECAEEA93FC2A18191697E793C"}

2018-05-27 09:37:39:继续查询:{"resp_code":"0","amount":"1260","leshua_order_id":"1805270937239333","merchant_id":"6008005629","nonce_str":"SQEO6J63Q0SWPXAHF05TCIUMN8AS2ADE","pay_way":"WXZF","result_code":"0","sign":"9C6CE16B46E06578F03DF08454F7503C","status":"0","third_order_id":"2018052709372261670"}

2018-05-27 09:37:39:参数:{"merchant_id":"6008005629","service":"query_status","third_order_id":"2018052709372261670","nonce_str":"HR5YNNEE6CTAK6BABL0CE5GI5NK1GTQM","sign":"DB05EE5E844802D5F08698F2AEE24636"}

2018-05-27 09:37:45:继续查询:{"resp_code":"0","amount":"1260","leshua_order_id":"1805270937239333","merchant_id":"6008005629","nonce_str":"DC6ZHK5AP4Y3Q432HVGA91EK9ZZ1Z8W1","pay_way":"WXZF","result_code":"0","sign":"EF1FC0DE8196462D6614047E22F6F54C","status":"0","third_order_id":"2018052709372261670"}

2018-05-27 09:37:45:参数:{"merchant_id":"6008005629","service":"query_status","third_order_id":"2018052709372261670","nonce_str":"PNQ4FC1ETE5P7NNXEUB0QSZG8G8BTBED","sign":"B42A84EDFE238C76B37A928E392C3B86"}

2018-05-27 09:37:45:支付成功:{"resp_code":"0","amount":"1260","bank_type":"CFT","leshua_order_id":"1805270937239333","merchant_id":"6008005629","nonce_str":"EUHTJU5T10DG7M7A8Y15G58IV8GMAL2N","openid":"oRfOu1Wr0k2Ui7EnmIPuPSPnVYc4","out_transaction_id":"4200000128201805272937566041","pay_time":"2018-05-27 09:37:45","pay_way":"WXZF","result_code":"0","sign":"8FFBC2D279C9DDD3848A3C6922F177D1","status":"2","third_order_id":"2018052709372261670"}

2018-05-27 16:04:34:参数:{"merchant_id":"6008005629","service":"query_status","third_order_id":"2018052716043329783","nonce_str":"7P690KJ2PVUQAYPHR2GLAI14FP4XUI4B","sign":"7B9CB1916C5D273DE7107C1BC93051D5"}

2018-05-27 16:04:40:继续查询:{"resp_code":"0","amount":"950","leshua_order_id":"1805271604329799","merchant_id":"6008005629","nonce_str":"1IT5EM7339FXEREIDGQ1G7HVM6NM8M1R","pay_way":"WXZF","result_code":"0","sign":"921EDAA8CF780CDBB467E300122482B3","status":"0","third_order_id":"2018052716043329783"}

2018-05-27 16:04:40:参数:{"merchant_id":"6008005629","service":"query_status","third_order_id":"2018052716043329783","nonce_str":"KLSJ94N7SBXVEZLDIRJ7ET64Y6V0ZR3I","sign":"90150B4F7EB5829395839313F689F99E"}

2018-05-27 16:04:45:继续查询:{"resp_code":"0","amount":"950","leshua_order_id":"1805271604329799","merchant_id":"6008005629","nonce_str":"2TYPCK03IB2GFP2B08PL8A3QJ4FL2ULI","pay_way":"WXZF","result_code":"0","sign":"DDE4690812F7635E1546380876D6EB24","status":"0","third_order_id":"2018052716043329783"}

2018-05-27 16:04:45:参数:{"merchant_id":"6008005629","service":"query_status","third_order_id":"2018052716043329783","nonce_str":"T8XGXI1T6TVCT77J8LSH4SDMSW8UH3EW","sign":"97F11DBE4FD98B435AE8DB9A78C1B3DA"}

2018-05-27 16:04:51:继续查询:{"resp_code":"0","amount":"950","leshua_order_id":"1805271604329799","merchant_id":"6008005629","nonce_str":"Q2T1F8ULFF1SJRZYKP2BX3WR6IHNIHZ7","pay_way":"WXZF","result_code":"0","sign":"AB812DF5FF7442CDCF7C4EC5EE13DD82","status":"0","third_order_id":"2018052716043329783"}

2018-05-27 16:04:51:参数:{"merchant_id":"6008005629","service":"query_status","third_order_id":"2018052716043329783","nonce_str":"BRJFUWSINT7LBPDAWA7XFAS4V08YA3SZ","sign":"988C7A75055BFEF4186FE21A201163F1"}

2018-05-27 16:04:56:继续查询:{"resp_code":"0","amount":"950","leshua_order_id":"1805271604329799","merchant_id":"6008005629","nonce_str":"DPGGV357W6B4S9S8TFF0BFMO2KUF20ZT","pay_way":"WXZF","result_code":"0","sign":"CC96B2DF7A819C2449D7140CB176D990","status":"0","third_order_id":"2018052716043329783"}

2018-05-27 16:04:56:参数:{"merchant_id":"6008005629","service":"query_status","third_order_id":"2018052716043329783","nonce_str":"LXWKLM5WLGVGFKIWA1OH5V88HXSL9LYI","sign":"40EF610A87C595F78C0DE75296E2DCB8"}

2018-05-27 16:04:57:支付成功:{"resp_code":"0","amount":"950","bank_type":"CFT","leshua_order_id":"1805271604329799","merchant_id":"6008005629","nonce_str":"1JC14Y4BPJMMPOQ2UTXKP5QMRKVXPRQI","openid":"oRfOu1SY3xjWEu3iozZzzQeM_uUY","out_transaction_id":"4200000137201805270393597221","pay_time":"2018-05-27 16:04:56","pay_way":"WXZF","result_code":"0","sign":"B52F0498DAB8242A3833D29524EDF463","status":"2","third_order_id":"2018052716043329783"}

2018-05-27 17:08:45:参数:{"merchant_id":"6008005629","service":"query_status","third_order_id":"2018052717084344206","nonce_str":"10CZOCF6XTRFDMLGRF4CCB4CDWIWDQ4D","sign":"88471CDD173CF0E367102E90888D094F"}

2018-05-27 17:08:50:继续查询:{"resp_code":"0","amount":"1350","leshua_order_id":"1805271708435341","merchant_id":"6008005629","nonce_str":"9JVK9ANY1IKU2G6O6ED31O2VLRGOH4X1","pay_way":"WXZF","result_code":"0","sign":"9843031080C4DC69CC0AC0BCBB3A5A78","status":"0","third_order_id":"2018052717084344206"}

2018-05-27 17:08:50:参数:{"merchant_id":"6008005629","service":"query_status","third_order_id":"2018052717084344206","nonce_str":"W3GWMLHP5P7E34UZZIV9HCQL3TP8V8GZ","sign":"3825CAA242C8459D286EA4F31D38DF71"}

2018-05-27 17:08:56:继续查询:{"resp_code":"0","amount":"1350","leshua_order_id":"1805271708435341","merchant_id":"6008005629","nonce_str":"53B3XDQM5BM7MNFVO0ZHH1AIMVN8P2OW","pay_way":"WXZF","result_code":"0","sign":"91251254A341244C59957CF93C46E4D4","status":"0","third_order_id":"2018052717084344206"}

2018-05-27 17:08:56:参数:{"merchant_id":"6008005629","service":"query_status","third_order_id":"2018052717084344206","nonce_str":"4IM12GKCNFQ8DMBJOQORN9JHJFLHLGSE","sign":"7882EFAC897830E581871A857406320C"}

2018-05-27 17:08:56:支付成功:{"resp_code":"0","amount":"1350","bank_type":"CMB_DEBIT","leshua_order_id":"1805271708435341","merchant_id":"6008005629","nonce_str":"SL78C0S79YWXETNQML8X2RUWX2F9W8EO","openid":"oRfOu1RjToLOzLlBlbRIrouxUbFA","out_transaction_id":"4200000133201805274918451306","pay_time":"2018-05-27 17:08:56","pay_way":"WXZF","result_code":"0","sign":"3F249C5E34CA202F169E339C298F644E","status":"2","third_order_id":"2018052717084344206"}

2018-05-27 17:14:49:参数:{"merchant_id":"6008005629","service":"query_status","third_order_id":"2018052717144882613","nonce_str":"H8SIVRI4E3ITP6TRCNT1E0T6XIBLJ7SX","sign":"DAC1E6977549FA8D59E01E93FBF2CBB9"}

2018-05-27 17:14:55:继续查询:{"resp_code":"0","amount":"1530","leshua_order_id":"1805271714406282","merchant_id":"6008005629","nonce_str":"9JT393X29089S4A0DPWTP2OHJN3915LY","pay_way":"WXZF","result_code":"0","sign":"636D3FBBA95E8CE80C08FB2E8A33B3F8","status":"0","third_order_id":"2018052717144882613"}

2018-05-27 17:14:55:参数:{"merchant_id":"6008005629","service":"query_status","third_order_id":"2018052717144882613","nonce_str":"NNO3RQCNLLK1UC8333E4VHNVK2IRNMYN","sign":"0BC5EE9B6EA6FEFE4375F9276D9B11C2"}

2018-05-27 17:15:00:继续查询:{"resp_code":"0","amount":"1530","leshua_order_id":"1805271714406282","merchant_id":"6008005629","nonce_str":"TBCHTEB2FI4SADGRK1KC6EMPDNDFSFG8","pay_way":"WXZF","result_code":"0","sign":"55FA91F484FA93C5193FA1836B5A5929","status":"0","third_order_id":"2018052717144882613"}

2018-05-27 17:15:00:参数:{"merchant_id":"6008005629","service":"query_status","third_order_id":"2018052717144882613","nonce_str":"QNXGGP2SLW1OMYORY9L3BBCBIDV0BJ1B","sign":"07A5F3A23A98139D690DECDBCA4FB1CB"}

2018-05-27 17:15:01:支付成功:{"resp_code":"0","amount":"1530","bank_type":"CFT","leshua_order_id":"1805271714406282","merchant_id":"6008005629","nonce_str":"8LTMEBWAU7VSDMDPXDJIXNS1XAQ74M43","openid":"oRfOu1aNkyGG8sqTj8KVpzywRvuM","out_transaction_id":"4200000116201805270242731585","pay_time":"2018-05-27 17:15:01","pay_way":"WXZF","result_code":"0","sign":"52B09C8A6BC685E96E05F542C320D847","status":"2","third_order_id":"2018052717144882613"}

2018-05-27 18:10:01:参数:{"merchant_id":"6008005629","service":"query_status","third_order_id":"2018052718100036150","nonce_str":"PZV2QULVLVK6QPBUKK44L7F7LW7OQWH4","sign":"BF7F792C53FB0A0BEDF9B655EA6FA98D"}

2018-05-27 18:10:07:继续查询:{"resp_code":"0","amount":"1180","leshua_order_id":"1805271810009252","merchant_id":"6008005629","nonce_str":"XF50JO3HMV78O360J1WPV81Q8MWTQPT4","pay_way":"WXZF","result_code":"0","sign":"B9043122E1A4F17D5616C220FE342CD9","status":"0","third_order_id":"2018052718100036150"}

2018-05-27 18:10:07:参数:{"merchant_id":"6008005629","service":"query_status","third_order_id":"2018052718100036150","nonce_str":"UDT3PKP28SIBZG35X17LMYE1IVT568VW","sign":"22ADBCB240CAF3C33BC42EEE9BCB5FF3"}

2018-05-27 18:10:12:继续查询:{"resp_code":"0","amount":"1180","leshua_order_id":"1805271810009252","merchant_id":"6008005629","nonce_str":"WQCTZU71T4HZBKPQ63Q070QBWZJ5TVMO","pay_way":"WXZF","result_code":"0","sign":"0880EECC4D5637FF1E4332ADF4C9A9AA","status":"0","third_order_id":"2018052718100036150"}

2018-05-27 18:10:12:参数:{"merchant_id":"6008005629","service":"query_status","third_order_id":"2018052718100036150","nonce_str":"1ERQTCHPM2TJA85UXWRVQS7Y2RPWT6XG","sign":"FCE7F1D004BF03F097D1E6CFA38EB78A"}

2018-05-27 18:10:13:支付成功:{"resp_code":"0","amount":"1180","bank_type":"CFT","leshua_order_id":"1805271810009252","merchant_id":"6008005629","nonce_str":"P5PZWNJIA3A1N1GR0OB9OFY18UHBALRX","openid":"oRfOu1dT5iumbU44_us5DR4ZgS1g","out_transaction_id":"4200000130201805278768826023","pay_time":"2018-05-27 18:10:12","pay_way":"WXZF","result_code":"0","sign":"C1AFA8F927AFC2F1D4B8317A815670B7","status":"2","third_order_id":"2018052718100036150"}

2018-05-27 18:44:45:参数:{"merchant_id":"6008005629","service":"query_status","third_order_id":"2018052718444395376","nonce_str":"CKFC309V1L51AL4SNPP0CQXJQZLIBICD","sign":"28307E7A3AC288D69246DDD4972B610D"}

2018-05-27 18:44:50:继续查询:{"resp_code":"0","amount":"3720","leshua_order_id":"1805271844403418","merchant_id":"6008005629","nonce_str":"OFBMVEKI23UE0LGSAR8VWZ6E05YH3TWI","pay_way":"WXZF","result_code":"0","sign":"B2DF55992AF7ADAE00F6DD16A0C7BC5C","status":"0","third_order_id":"2018052718444395376"}

2018-05-27 18:44:50:参数:{"merchant_id":"6008005629","service":"query_status","third_order_id":"2018052718444395376","nonce_str":"34SMIQPDIWZ4F6VWL82UA2FTGI9EAOML","sign":"95437B9BD5494A7EF0240FA583EBE4DD"}

2018-05-27 18:44:55:继续查询:{"resp_code":"0","amount":"3720","leshua_order_id":"1805271844403418","merchant_id":"6008005629","nonce_str":"6HHNRQ3B6HPBDVW3X8DT7N20YTFC9JK4","pay_way":"WXZF","result_code":"0","sign":"BC339585A2968EA4139C554D9D10B659","status":"0","third_order_id":"2018052718444395376"}

2018-05-27 18:44:55:参数:{"merchant_id":"6008005629","service":"query_status","third_order_id":"2018052718444395376","nonce_str":"0TB6NW0JE1YU0VD2GOXTN8Z9A6VAC4X9","sign":"BABF3B0A8AF2CD20681CFFF80198FE49"}

2018-05-27 18:45:01:继续查询:{"resp_code":"0","amount":"3720","leshua_order_id":"1805271844403418","merchant_id":"6008005629","nonce_str":"TSE40G4RGIEQCAJ9MAWAOSJ4EUEMEM79","pay_way":"WXZF","result_code":"0","sign":"20FD94C63089BCF33BCC706F7DE10171","status":"0","third_order_id":"2018052718444395376"}

2018-05-27 18:45:01:参数:{"merchant_id":"6008005629","service":"query_status","third_order_id":"2018052718444395376","nonce_str":"T4YBKI8CG5ZQPPAU0OTW7WIZJSCYVSYM","sign":"EAA1B44A97A5071F0FA3D2EB01AF8CE3"}

2018-05-27 18:45:06:继续查询:{"resp_code":"0","amount":"3720","leshua_order_id":"1805271844403418","merchant_id":"6008005629","nonce_str":"TAYU2KTZIEM65QDJM6MPSMOBMZPUVAHR","pay_way":"WXZF","result_code":"0","sign":"24C6B470DD0150C933B0408B6F40BA98","status":"0","third_order_id":"2018052718444395376"}

2018-05-27 18:45:06:参数:{"merchant_id":"6008005629","service":"query_status","third_order_id":"2018052718444395376","nonce_str":"VQEU5WDKTXLZGCCILZW4XKY1KU3DZPKB","sign":"373B4F2198C10050409D0E6065B6C9D1"}

2018-05-27 18:45:12:继续查询:{"resp_code":"0","amount":"3720","leshua_order_id":"1805271844403418","merchant_id":"6008005629","nonce_str":"DTM2WXDV7EE0J3ZAY612TC3DXKPQIK50","pay_way":"WXZF","result_code":"0","sign":"670E316B715B83D3262488D972BC8FC2","status":"0","third_order_id":"2018052718444395376"}

2018-05-27 18:45:12:参数:{"merchant_id":"6008005629","service":"query_status","third_order_id":"2018052718444395376","nonce_str":"ZPZDW13J18P8OCBPS0BM0TP0NC1WKPGA","sign":"E4CA6E9197B5F11F65E25A673B9331B1"}

2018-05-27 18:45:17:继续查询:{"resp_code":"0","amount":"3720","leshua_order_id":"1805271844403418","merchant_id":"6008005629","nonce_str":"10PPNQ3XT47DJZSJVB7O4GU24J1ANVY0","pay_way":"WXZF","result_code":"0","sign":"00C9EA7DA7F25DD4970F1D3FA86919E1","status":"0","third_order_id":"2018052718444395376"}

2018-05-27 18:45:17:参数:{"merchant_id":"6008005629","service":"query_status","third_order_id":"2018052718444395376","nonce_str":"NKDRHXTE2DCHVL6BWAI39WRWEBZRRL9Z","sign":"D39721FAC4DAE1F7F004B1E5B398883B"}

2018-05-27 18:45:18:参数:{"merchant_id":"6008005629","service":"query_status","third_order_id":"2018052718444395376","nonce_str":"N84WT42DQP6FNM70FUQMJFKN5X919YNI","sign":"7EE1842C9DAB4FF250EC27BEB7D7E654"}

2018-05-27 18:45:18:支付失败:{"resp_code":"0","amount":"3720","leshua_order_id":"1805271844403418","merchant_id":"6008005629","nonce_str":"PRS5N7XU20NSM3EUCZRHUFMYRRO6DVN3","pay_way":"WXZF","result_code":"0","sign":"DFA854598F6B964F15DDA4E30D44617E","status":"6","third_order_id":"2018052718444395376"}

2018-05-27 18:47:44:参数:{"merchant_id":"6008005629","service":"query_status","third_order_id":"2018052718474271924","nonce_str":"N6GMXS0OCJRNT02YIK4G7X4RMHGBDZUG","sign":"D059CF4ECC539D15EB06FE5D9CC06371"}

2018-05-27 18:47:49:继续查询:{"resp_code":"0","amount":"330","leshua_order_id":"1805271847437647","merchant_id":"6008005629","nonce_str":"M996LVW1LKHPLXMS1MAZAG7GWHQA5SYX","pay_way":"WXZF","result_code":"0","sign":"E831C5ADD47A6CFB835555DF8EF3D2C1","status":"0","third_order_id":"2018052718474271924"}

2018-05-27 18:47:49:参数:{"merchant_id":"6008005629","service":"query_status","third_order_id":"2018052718474271924","nonce_str":"3QD5NH98PIEZ517M0TIDLMIPPGISI82A","sign":"F185E2CEB5080F04E02A2B3BD88A408C"}

2018-05-27 18:47:54:继续查询:{"resp_code":"0","amount":"330","leshua_order_id":"1805271847437647","merchant_id":"6008005629","nonce_str":"VID2UME38T512OJOPW8HC84NKQAICZUC","pay_way":"WXZF","result_code":"0","sign":"C43E3DD65E6BD0818508123629CC044D","status":"0","third_order_id":"2018052718474271924"}

2018-05-27 18:47:54:参数:{"merchant_id":"6008005629","service":"query_status","third_order_id":"2018052718474271924","nonce_str":"FDINR8CCED3Z84D3EST7AO8BBKHAF5OD","sign":"039B4842264BF6B2E79A1991CA9CC2C8"}

2018-05-27 18:47:55:支付成功:{"resp_code":"0","amount":"330","bank_type":"CFT","leshua_order_id":"1805271847437647","merchant_id":"6008005629","nonce_str":"Y6VDWPG43VZ2FVLBTU86874U23YELM33","openid":"oRfOu1YbKRuYa5fOlqjTBGGG0Ijw","out_transaction_id":"4200000138201805271137200519","pay_time":"2018-05-27 18:47:54","pay_way":"WXZF","result_code":"0","sign":"FE676ED0130F7FB960430A9AA0AC40B7","status":"2","third_order_id":"2018052718474271924"}

2018-05-27 18:54:27:参数:{"merchant_id":"6008005629","service":"query_status","third_order_id":"2018052718542686151","nonce_str":"2L1PV2X9YI7B6870W97UXXKYXWGGBESI","sign":"49EBC8297A55750B45AD901C198F53B6"}

2018-05-27 18:54:33:继续查询:{"resp_code":"0","amount":"6809","leshua_order_id":"1805271854231136","merchant_id":"6008005629","nonce_str":"EYKZZVFFOFUGVKT2J7J2J3KOXES8IY8C","pay_way":"WXZF","result_code":"0","sign":"A5AE2CFC4EAC35A951CDE0B441B3C60B","status":"0","third_order_id":"2018052718542686151"}

2018-05-27 18:54:33:参数:{"merchant_id":"6008005629","service":"query_status","third_order_id":"2018052718542686151","nonce_str":"KNTGIXLOPZ8OVIZOES9VM0X6UBIQBECY","sign":"98E67421519735634FAE7BD33852D2C3"}

2018-05-27 18:54:38:继续查询:{"resp_code":"0","amount":"6809","leshua_order_id":"1805271854231136","merchant_id":"6008005629","nonce_str":"86OHKZ10OYXVCV8GT34BXJ7YGOLAZM3N","pay_way":"WXZF","result_code":"0","sign":"3FDB4A007D6E496BDD3784B1476D35D6","status":"0","third_order_id":"2018052718542686151"}

2018-05-27 18:54:38:参数:{"merchant_id":"6008005629","service":"query_status","third_order_id":"2018052718542686151","nonce_str":"TWS0E4XCR1Z7SBQ4WY0URJ7N6EBQISIK","sign":"C817C8A8EC0257DC5B379188C70D0C3E"}

2018-05-27 18:54:39:支付成功:{"resp_code":"0","amount":"6809","bank_type":"CFT","leshua_order_id":"1805271854231136","merchant_id":"6008005629","nonce_str":"XTA5YZD635PO265P42RZUGNA3DXO91KJ","openid":"oRfOu1XHkfKknoomPNfE9bIER_7I","out_transaction_id":"4200000114201805278891289700","pay_time":"2018-05-27 18:54:38","pay_way":"WXZF","result_code":"0","sign":"8912F9BB6E501D1932EFB158ED059BB1","status":"2","third_order_id":"2018052718542686151"}

2018-05-27 19:30:09:参数:{"merchant_id":"6008005629","service":"query_status","third_order_id":"2018052719300780413","nonce_str":"X1UR4PURUFV2SBDQ5ZQF4Z0IEU9NPMZQ","sign":"35D0A93C270FD9A1BD6485DF2EF31381"}

2018-05-27 19:30:14:继续查询:{"resp_code":"0","amount":"550","leshua_order_id":"1805271930000811","merchant_id":"6008005629","nonce_str":"6TT3A9S4Q0Q60XEJT5DYEHLMCZX5720Y","pay_way":"WXZF","result_code":"0","sign":"D72CCD9ED29C67DD83C784343EBD8A36","status":"0","third_order_id":"2018052719300780413"}

2018-05-27 19:30:14:参数:{"merchant_id":"6008005629","service":"query_status","third_order_id":"2018052719300780413","nonce_str":"L801P5PHNV8KN1PMF2LFN8IRIQ4HSVCS","sign":"223A13249DA90FB76FA109B1D8BDF716"}

2018-05-27 19:30:20:继续查询:{"resp_code":"0","amount":"550","leshua_order_id":"1805271930000811","merchant_id":"6008005629","nonce_str":"A0W5WEHQDW5WXGXM8FL266EEYMR004J5","pay_way":"WXZF","result_code":"0","sign":"2FE4984AA42AEDB29AF65F1A1EBD4BF6","status":"0","third_order_id":"2018052719300780413"}

2018-05-27 19:30:20:参数:{"merchant_id":"6008005629","service":"query_status","third_order_id":"2018052719300780413","nonce_str":"3378Q3QUN3OJU34G7OISKLYKNG3T3UI5","sign":"7CCEC8BBB4311CC3BE5AE5E230610FEB"}

2018-05-27 19:30:25:继续查询:{"resp_code":"0","amount":"550","leshua_order_id":"1805271930000811","merchant_id":"6008005629","nonce_str":"WQLTZ2JZFPJHOOFTCKVD9FM24I3IPP5X","pay_way":"WXZF","result_code":"0","sign":"F677FE709428D0F3E83FBEA17740833B","status":"0","third_order_id":"2018052719300780413"}

2018-05-27 19:30:25:参数:{"merchant_id":"6008005629","service":"query_status","third_order_id":"2018052719300780413","nonce_str":"Y52FV88C9ZRKWNT27H7R39M51JOX86XK","sign":"A363DFDCA9A7694D78EA2CE8FD616B90"}

2018-05-27 19:30:30:继续查询:{"resp_code":"0","amount":"550","leshua_order_id":"1805271930000811","merchant_id":"6008005629","nonce_str":"6ANP8JP4TXPYI1PSP4Y6ERVT3Q2I9WON","pay_way":"WXZF","result_code":"0","sign":"3110B4AAA5D66EDF7313395CDDC494DB","status":"0","third_order_id":"2018052719300780413"}

2018-05-27 19:30:30:参数:{"merchant_id":"6008005629","service":"query_status","third_order_id":"2018052719300780413","nonce_str":"QM9EHQAPJTB6THW3DDTK2YO3CWMXQYDJ","sign":"FC773550B7AE46F947ECBA7DA4D746E8"}

2018-05-27 19:30:36:继续查询:{"resp_code":"0","amount":"550","leshua_order_id":"1805271930000811","merchant_id":"6008005629","nonce_str":"M0A2KQ6EXHY0J3FEEC92BIV5P5OC374T","pay_way":"WXZF","result_code":"0","sign":"AA2277D1ACA39B1D8B3DB00B80B1BFD9","status":"0","third_order_id":"2018052719300780413"}

2018-05-27 19:30:36:参数:{"merchant_id":"6008005629","service":"query_status","third_order_id":"2018052719300780413","nonce_str":"CQL4B4TB4FLR9AM502HTHCLJRDL0KWNU","sign":"1318DB8013F9566A14B8172FF53DD108"}

2018-05-27 19:30:41:继续查询:{"resp_code":"0","amount":"550","leshua_order_id":"1805271930000811","merchant_id":"6008005629","nonce_str":"8030T6NQQLJGLTCJE5BMLJV00E7SP58Q","pay_way":"WXZF","result_code":"0","sign":"C8F01C96783E17D3D8B69F9EAD06BEC1","status":"0","third_order_id":"2018052719300780413"}

2018-05-27 19:30:41:参数:{"merchant_id":"6008005629","service":"query_status","third_order_id":"2018052719300780413","nonce_str":"V9WKMWY6UPVFL7RCQ2PHKPOQ7M2BTE5E","sign":"F149A3F1B0F1D1037F7378BB098C83BF"}

2018-05-27 19:30:42:参数:{"merchant_id":"6008005629","service":"query_status","third_order_id":"2018052719300780413","nonce_str":"0JC03DAFB0JAKFGMTWX8KOFNJH3P1D0S","sign":"6610DA54935845AD6D814A61257378C9"}

2018-05-27 19:30:42:支付失败:{"resp_code":"0","amount":"550","leshua_order_id":"1805271930000811","merchant_id":"6008005629","nonce_str":"NRFN9HBJDNU4244QYZMVQ72CWF9HGJ6G","pay_way":"WXZF","result_code":"0","sign":"7E66CE899B323978223D6735F99010C4","status":"6","third_order_id":"2018052719300780413"}

2018-05-27 19:31:14:参数:{"merchant_id":"6008005629","service":"query_status","third_order_id":"2018052719311335723","nonce_str":"PPYGG7TPI1ZG1OSZC7NTI24QOBKMEMHK","sign":"A93E10B64F7A7C4E47E3908698A73A3E"}

2018-05-27 19:31:19:继续查询:{"resp_code":"0","amount":"550","leshua_order_id":"1805271931120702","merchant_id":"6008005629","nonce_str":"5SHBDE3HFAVLSUSVA8VJ7RBO9D74NNCJ","pay_way":"WXZF","result_code":"0","sign":"0831643D67F6B7D78F63B17C2801A6E5","status":"0","third_order_id":"2018052719311335723"}

2018-05-27 19:31:19:参数:{"merchant_id":"6008005629","service":"query_status","third_order_id":"2018052719311335723","nonce_str":"GFT5ICU61G4BY7B9CYFRS89U9KYVK0HJ","sign":"7C411CA6C37369F1D1204A5CD398730A"}

2018-05-27 19:31:25:继续查询:{"resp_code":"0","amount":"550","leshua_order_id":"1805271931120702","merchant_id":"6008005629","nonce_str":"A5ZFMQXSK039Q8C95K49KM5H58PPT9FK","pay_way":"WXZF","result_code":"0","sign":"A08082208422360C3EA7C7613B65FE12","status":"0","third_order_id":"2018052719311335723"}

2018-05-27 19:31:25:参数:{"merchant_id":"6008005629","service":"query_status","third_order_id":"2018052719311335723","nonce_str":"UM25RLIPTLSSSQQ2XYV1TXVKM9BJ8RPX","sign":"EC9B351643BCCA88ED99BCAEB7279AFC"}

2018-05-27 19:31:30:继续查询:{"resp_code":"0","amount":"550","leshua_order_id":"1805271931120702","merchant_id":"6008005629","nonce_str":"U93AZWCUY45DOJVX33ED8PBQ1XVJH85T","pay_way":"WXZF","result_code":"0","sign":"36DEA556C9DCDC2055FA91FC37F2B718","status":"0","third_order_id":"2018052719311335723"}

2018-05-27 19:31:30:参数:{"merchant_id":"6008005629","service":"query_status","third_order_id":"2018052719311335723","nonce_str":"UG7PGD5NNX0M5AX3FR7W2ZEPYQUYNEQ0","sign":"725BDA1BABC4AACF5C3A503085972035"}

2018-05-27 19:31:35:继续查询:{"resp_code":"0","amount":"550","leshua_order_id":"1805271931120702","merchant_id":"6008005629","nonce_str":"KY38ATSTU6E11UV9QE45WJY39O1HWV1J","pay_way":"WXZF","result_code":"0","sign":"7870E4C2E616C00CE65AADED78DB5FAA","status":"0","third_order_id":"2018052719311335723"}

2018-05-27 19:31:35:参数:{"merchant_id":"6008005629","service":"query_status","third_order_id":"2018052719311335723","nonce_str":"EPWNC4EDWEDHTQYYPZ5SN3ETM0CZCKG8","sign":"777E8BF39344B4911C1DECA5FBD9F010"}

2018-05-27 19:31:41:继续查询:{"resp_code":"0","amount":"550","leshua_order_id":"1805271931120702","merchant_id":"6008005629","nonce_str":"N5H9LJHI2ZI2T56I4QEZXUFCTP2SF1PV","pay_way":"WXZF","result_code":"0","sign":"91B0316B08E71F0D399D3D4435E7ED51","status":"0","third_order_id":"2018052719311335723"}

2018-05-27 19:31:41:参数:{"merchant_id":"6008005629","service":"query_status","third_order_id":"2018052719311335723","nonce_str":"WEVPKWXNRBDT6L14QVOWOISCOULXIB79","sign":"B7350F8F690913674105B70E83DEEA87"}

2018-05-27 19:31:46:继续查询:{"resp_code":"0","amount":"550","leshua_order_id":"1805271931120702","merchant_id":"6008005629","nonce_str":"H1LWSJZZ5ZEV2YS9ZS7ZBW2ULV47TO4L","pay_way":"WXZF","result_code":"0","sign":"BFAA5758FA57E90E7D73BE8FB5E44680","status":"0","third_order_id":"2018052719311335723"}

2018-05-27 19:31:46:参数:{"merchant_id":"6008005629","service":"query_status","third_order_id":"2018052719311335723","nonce_str":"YDS6KYI2LVB0AGVQUQ3YHJCKFUH7SHT6","sign":"F204E3C6D270BD6B495EAE6C20EC9844"}

2018-05-27 19:31:47:参数:{"merchant_id":"6008005629","service":"query_status","third_order_id":"2018052719311335723","nonce_str":"5XXT9F1UOBALVSMF76Z9G0DL82Z1JUS5","sign":"E4EDE69B3AC2A6453AE911FB9497EE2A"}

2018-05-27 19:31:47:支付失败:{"resp_code":"0","amount":"550","leshua_order_id":"1805271931120702","merchant_id":"6008005629","nonce_str":"BT6HENQCD8Q4M20RULHNVJ3FE9XRA4MG","pay_way":"WXZF","result_code":"0","sign":"2C423752BBDA752135BFFC77695894FC","status":"6","third_order_id":"2018052719311335723"}

2018-05-27 19:32:29:参数:{"merchant_id":"6008005629","service":"query_status","third_order_id":"2018052719322770021","nonce_str":"71RUQYGK9JNQU0XCI9X1606C2TOBDO8U","sign":"382589618852DC24353283A13AE2D9DA"}

2018-05-27 19:32:34:继续查询:{"resp_code":"0","amount":"550","leshua_order_id":"1805271932221306","merchant_id":"6008005629","nonce_str":"8O8KU58VE7IXCTS5VX8NUQJ70OT8RELP","pay_way":"WXZF","result_code":"0","sign":"A8254E91FD07F2AB9E73DF8EF7FB069B","status":"0","third_order_id":"2018052719322770021"}

2018-05-27 19:32:34:参数:{"merchant_id":"6008005629","service":"query_status","third_order_id":"2018052719322770021","nonce_str":"S6F4WDXVW462VK04MOLMR49HETRJD95O","sign":"08C3184831D911565AA0138A8645492A"}

2018-05-27 19:32:40:继续查询:{"resp_code":"0","amount":"550","leshua_order_id":"1805271932221306","merchant_id":"6008005629","nonce_str":"8WPLC1D2297K0X4ADIF13A0A8Q0F2A6A","pay_way":"WXZF","result_code":"0","sign":"0966BB1DE4A8F65516CAC9E5B7D51B3F","status":"0","third_order_id":"2018052719322770021"}

2018-05-27 19:32:40:参数:{"merchant_id":"6008005629","service":"query_status","third_order_id":"2018052719322770021","nonce_str":"EFQD7HRJ6MR7NZKGVXUBKHMX6ZTXTEUV","sign":"CC1A625D2B795C317E2BD0F3F26E32CB"}

2018-05-27 19:32:40:支付成功:{"resp_code":"0","amount":"550","bank_type":"CFT","leshua_order_id":"1805271932221306","merchant_id":"6008005629","nonce_str":"C5WHO1UFUC91N1SK0ZIL037RRGOKMX8B","openid":"oRfOu1RrzblHnOw6TrBXlgStwbT8","out_transaction_id":"4200000115201805272334097120","pay_time":"2018-05-27 19:32:40","pay_way":"WXZF","result_code":"0","sign":"BBC0208AB8855B3E9F1B5FDE3C997907","status":"2","third_order_id":"2018052719322770021"}

2018-05-27 20:09:34:参数:{"merchant_id":"6008005629","service":"query_status","third_order_id":"2018052720093345192","nonce_str":"5AGG1KPY7C05LH55POQLTIHXB3XPRDAY","sign":"F7728C5619A15F439089E54EC3BC0B9F"}

2018-05-27 20:09:40:继续查询:{"resp_code":"0","amount":"1200","leshua_order_id":"1805272009328534","merchant_id":"6008005629","nonce_str":"ZZSYC44VMZHNRB8C6QYQ9C066Q7H0NFL","pay_way":"WXZF","result_code":"0","sign":"83DBD08FE47369D896832BDB30471DC1","status":"0","third_order_id":"2018052720093345192"}

2018-05-27 20:09:40:参数:{"merchant_id":"6008005629","service":"query_status","third_order_id":"2018052720093345192","nonce_str":"8TOGEMQ81L62Z6048CBGFXG0DO38WTKG","sign":"05681270476613D0ECB43E8D0D77EA04"}

2018-05-27 20:09:45:继续查询:{"resp_code":"0","amount":"1200","leshua_order_id":"1805272009328534","merchant_id":"6008005629","nonce_str":"ORTBXPTGX0X4Q1YG1PW23EF0RDHQXA8U","pay_way":"WXZF","result_code":"0","sign":"E353F00A80916005639E9B12C6AC89B6","status":"0","third_order_id":"2018052720093345192"}

2018-05-27 20:09:45:参数:{"merchant_id":"6008005629","service":"query_status","third_order_id":"2018052720093345192","nonce_str":"JLMLT1W3R8DPW04XD96R65BAOOR5VSJ0","sign":"82E1D327C367CDE2D02608A7C2F85A5A"}

2018-05-27 20:09:50:继续查询:{"resp_code":"0","amount":"1200","leshua_order_id":"1805272009328534","merchant_id":"6008005629","nonce_str":"IC6GI6OWEU9NMXZQ9FDA3CC4D10724PO","pay_way":"WXZF","result_code":"0","sign":"DDF3C414E5F05AE09EFAB69E65E34A04","status":"0","third_order_id":"2018052720093345192"}

2018-05-27 20:09:50:参数:{"merchant_id":"6008005629","service":"query_status","third_order_id":"2018052720093345192","nonce_str":"N2BGU3MG87BMOH7Z0CKYFQUCBH28PJON","sign":"DE416A392C742BF1F4C0109DF8832857"}

2018-05-27 20:09:56:继续查询:{"resp_code":"0","amount":"1200","leshua_order_id":"1805272009328534","merchant_id":"6008005629","nonce_str":"IXAERPAHQVIU4ATFMB97SU1AQTD4HD4L","pay_way":"WXZF","result_code":"0","sign":"58FFCEA49DB918533FBE5FFE558D191A","status":"0","third_order_id":"2018052720093345192"}

2018-05-27 20:09:56:参数:{"merchant_id":"6008005629","service":"query_status","third_order_id":"2018052720093345192","nonce_str":"QNGBG8LJOZ7UBN5W1DEPPK9VB2K5XY6R","sign":"787C7DCEB645275754427ED6DFB9C6B2"}

2018-05-27 20:10:01:继续查询:{"resp_code":"0","amount":"1200","leshua_order_id":"1805272009328534","merchant_id":"6008005629","nonce_str":"1NZYMYN9Q473UT2HZTS1LWR9107FTT68","pay_way":"WXZF","result_code":"0","sign":"880D0CFBE5456281BF25DC28C34BA069","status":"0","third_order_id":"2018052720093345192"}

2018-05-27 20:10:01:参数:{"merchant_id":"6008005629","service":"query_status","third_order_id":"2018052720093345192","nonce_str":"WRFKW79GEKXTQ6HJ2YL19LQPNAV3EQX5","sign":"F7D5BD70E3C4CD5810F25DAD8C01641B"}

2018-05-27 20:10:07:继续查询:{"resp_code":"0","amount":"1200","leshua_order_id":"1805272009328534","merchant_id":"6008005629","nonce_str":"IQF17C53UNKSXB32IDPB8QSV24FGYLM6","pay_way":"WXZF","result_code":"0","sign":"BF99B9A45D2314E097DE7B600753315D","status":"0","third_order_id":"2018052720093345192"}

2018-05-27 20:10:07:参数:{"merchant_id":"6008005629","service":"query_status","third_order_id":"2018052720093345192","nonce_str":"C9SHFFCCEFDD95F9852CJNG9XLF0U5LX","sign":"B5E55DA5E0510C4DDFADAAB494DA0363"}

2018-05-27 20:10:07:参数:{"merchant_id":"6008005629","service":"query_status","third_order_id":"2018052720093345192","nonce_str":"JTRR6NXKY32V7GK5UGNQONM88I7LH3C8","sign":"D945C561333E9E2178D3A7DA8DB5437A"}

2018-05-27 20:10:08:支付失败:{"resp_code":"0","amount":"1200","leshua_order_id":"1805272009328534","merchant_id":"6008005629","nonce_str":"SXJUUNK5OICDTJ4KJNDGMI4XU6FZZXA0","pay_way":"WXZF","result_code":"0","sign":"E07B341D29B2D3498729ED92853D8459","status":"6","third_order_id":"2018052720093345192"}

2018-05-27 20:10:29:参数:{"merchant_id":"6008005629","service":"query_status","third_order_id":"2018052720102823409","nonce_str":"HTQ1PDGVO1AN0IL1459EOX6762SAO7SR","sign":"C811EE46F70A6A3C33A73AC2A3314DB7"}

2018-05-27 20:10:34:继续查询:{"resp_code":"0","amount":"1200","leshua_order_id":"1805272010238613","merchant_id":"6008005629","nonce_str":"1YLZTQXBHZQHH6SVXB439PMHD6H38WLV","pay_way":"WXZF","result_code":"0","sign":"E3D53C6DBD642DCCEA0E0CAE2904CAA7","status":"0","third_order_id":"2018052720102823409"}

2018-05-27 20:10:34:参数:{"merchant_id":"6008005629","service":"query_status","third_order_id":"2018052720102823409","nonce_str":"M2AA60Z2EES6SKIY92N7DFGZP542E6FS","sign":"175FE9D2AF9F514C0647788CCCFFB427"}

2018-05-27 20:10:40:继续查询:{"resp_code":"0","amount":"1200","leshua_order_id":"1805272010238613","merchant_id":"6008005629","nonce_str":"54Q321FA4DU94ADV6NDMEXUVWJKSID0C","pay_way":"WXZF","result_code":"0","sign":"7DB33F81D63EE5D4BF918459EC0753F9","status":"0","third_order_id":"2018052720102823409"}

2018-05-27 20:10:40:参数:{"merchant_id":"6008005629","service":"query_status","third_order_id":"2018052720102823409","nonce_str":"PFEUVXAQBQX7HVSNSIYX27R1ZF1I1AUF","sign":"A13E5F5BB873C498B387EF3F8B8168FA"}

2018-05-27 20:10:45:继续查询:{"resp_code":"0","amount":"1200","leshua_order_id":"1805272010238613","merchant_id":"6008005629","nonce_str":"11N0UQDYM4C2GWCQUJ08Q5T77HIS42H1","pay_way":"WXZF","result_code":"0","sign":"234B0A3AF07359CDD421D40221B45416","status":"0","third_order_id":"2018052720102823409"}

2018-05-27 20:10:45:参数:{"merchant_id":"6008005629","service":"query_status","third_order_id":"2018052720102823409","nonce_str":"NLRF5J3XSO4EHPRA1B8FJZJPZW8A3Q8V","sign":"8F11F3F8D54936FE5E4F4A986894524A"}

2018-05-27 20:10:46:支付成功:{"resp_code":"0","amount":"1200","bank_type":"CFT","leshua_order_id":"1805272010238613","merchant_id":"6008005629","nonce_str":"M50L90ZSN2UYO1L0X724SHTC7WGNU4CL","openid":"oRfOu1dacSKqcI0eMFWucEqOy2-M","out_transaction_id":"4200000123201805278962788637","pay_time":"2018-05-27 20:10:45","pay_way":"WXZF","result_code":"0","sign":"C5A2540305B5ED9E065730350100D988","status":"2","third_order_id":"2018052720102823409"}

2018-05-27 20:37:41:参数:{"merchant_id":"6008005629","service":"query_status","third_order_id":"2018052720373982450","nonce_str":"31BM020OTG03SUL5EEFNG28RDT9L8L9O","sign":"64E60DA130CB90E99BE2E7CC955AD3E2"}

2018-05-27 20:37:46:继续查询:{"resp_code":"0","amount":"1140","leshua_order_id":"1805272037321806","merchant_id":"6008005629","nonce_str":"BR0JBZM6V0WNH7J40WS4ID7GE1K6EBJD","pay_way":"WXZF","result_code":"0","sign":"A4FB1360FC81A8FB8ADCEA2D8F7C654F","status":"0","third_order_id":"2018052720373982450"}

2018-05-27 20:37:46:参数:{"merchant_id":"6008005629","service":"query_status","third_order_id":"2018052720373982450","nonce_str":"48UBEO6YLNT9HEX3ULZI3WWI9W4UCXUW","sign":"7B1873094F2502AA2E1D1E096FB2E1B7"}

2018-05-27 20:37:52:继续查询:{"resp_code":"0","amount":"1140","leshua_order_id":"1805272037321806","merchant_id":"6008005629","nonce_str":"HPPLM67HJM6IQSXJ8AOQHH5ECZXCXR51","pay_way":"WXZF","result_code":"0","sign":"2F5141079BCF6BDD8001EEBA9424E073","status":"0","third_order_id":"2018052720373982450"}

2018-05-27 20:37:52:参数:{"merchant_id":"6008005629","service":"query_status","third_order_id":"2018052720373982450","nonce_str":"3KDAYIOOZ0IOYHAUE8W78VTWZQ8PF6CT","sign":"DDE158F66D4245F200090084C6F98A5C"}

2018-05-27 20:37:57:继续查询:{"resp_code":"0","amount":"1140","leshua_order_id":"1805272037321806","merchant_id":"6008005629","nonce_str":"X3Y3HHX8259GIW0RJOYR4I6CTHF2VA37","pay_way":"WXZF","result_code":"0","sign":"1D693158DB36B34F1B3660ED172ED533","status":"0","third_order_id":"2018052720373982450"}

2018-05-27 20:37:57:参数:{"merchant_id":"6008005629","service":"query_status","third_order_id":"2018052720373982450","nonce_str":"753TAI0YE8OV5G087TVWSXLHKUZ3IW2Z","sign":"DDDD2A762533C28A83293CF242237F8E"}

2018-05-27 20:38:03:继续查询:{"resp_code":"0","amount":"1140","leshua_order_id":"1805272037321806","merchant_id":"6008005629","nonce_str":"ZRBGJAP9AZP4YOBJ7NDVUAR6D6OPHZL7","pay_way":"WXZF","result_code":"0","sign":"9511CEB41CAB90026A9FFD4E9125BFC9","status":"0","third_order_id":"2018052720373982450"}

2018-05-27 20:38:03:参数:{"merchant_id":"6008005629","service":"query_status","third_order_id":"2018052720373982450","nonce_str":"IV6HYAVJLHEQPWO2BHMSZUQUTHGJ9V5O","sign":"0396ED1D192AA52C32E52C3E333F63C5"}

2018-05-27 20:38:08:继续查询:{"resp_code":"0","amount":"1140","leshua_order_id":"1805272037321806","merchant_id":"6008005629","nonce_str":"4RYWQZC70JRFF8DD7CUFSPQH2T6E2L5D","pay_way":"WXZF","result_code":"0","sign":"213C994C6662D4BE4B7318D53595F235","status":"0","third_order_id":"2018052720373982450"}

2018-05-27 20:38:08:参数:{"merchant_id":"6008005629","service":"query_status","third_order_id":"2018052720373982450","nonce_str":"S5U2LBQ2AV7U8C14JNZWRYMSRQ9UA423","sign":"57CC935FF19DAAA3CAB3FF120C063072"}

2018-05-27 20:38:13:继续查询:{"resp_code":"0","amount":"1140","leshua_order_id":"1805272037321806","merchant_id":"6008005629","nonce_str":"AD3E2EEUAMLRZEOWCGK35WATVXW06ESK","pay_way":"WXZF","result_code":"0","sign":"2AA49B7EDEE1F3A041FC8F5CF87CF754","status":"0","third_order_id":"2018052720373982450"}

2018-05-27 20:38:13:参数:{"merchant_id":"6008005629","service":"query_status","third_order_id":"2018052720373982450","nonce_str":"PG9DWZQYN5GKDMQ4EWWIDGILGMKBOAPW","sign":"2546755C56716C8B72683F682C3BD631"}

2018-05-27 20:38:14:参数:{"merchant_id":"6008005629","service":"query_status","third_order_id":"2018052720373982450","nonce_str":"6UO0PIXBR5VJCIY5X2FP2XEEFPCWB6ET","sign":"71ACD6A415C77468302030F9E12F5EE9"}

2018-05-27 20:38:14:支付失败:{"resp_code":"0","amount":"1140","leshua_order_id":"1805272037321806","merchant_id":"6008005629","nonce_str":"KWPUT90NWA55PKFMY87VGN2L5VQPWAOU","pay_way":"WXZF","result_code":"0","sign":"8E91BA65806DDDE574678F88A1A88CC7","status":"6","third_order_id":"2018052720373982450"}

2018-05-27 20:54:28:参数:{"merchant_id":"6008005629","service":"query_status","third_order_id":"2018052720542672263","nonce_str":"KDHCUG2M2ASYEWFLKKOY5DARCISDJ53O","sign":"8055434D680C8293CB556FFF68805889"}

2018-05-27 20:54:33:继续查询:{"resp_code":"0","amount":"1989","leshua_order_id":"1805272054230152","merchant_id":"6008005629","nonce_str":"6VWE017CLR311EAO8YUQDDKDDSL240VZ","pay_way":"WXZF","result_code":"0","sign":"B109DFC0F07773A196801DAB287535EC","status":"0","third_order_id":"2018052720542672263"}

2018-05-27 20:54:33:参数:{"merchant_id":"6008005629","service":"query_status","third_order_id":"2018052720542672263","nonce_str":"F7OMXWU2BRAHE5ESNUE2IGC5N7M0MSWA","sign":"1E88C2574062D9D6A1AFBBFA134958E6"}

2018-05-27 20:54:39:继续查询:{"resp_code":"0","amount":"1989","leshua_order_id":"1805272054230152","merchant_id":"6008005629","nonce_str":"CJ5R1ADX6O7NUU9Y5VLV477HL52UEM1A","pay_way":"WXZF","result_code":"0","sign":"43DC2817CA191898158806E03FB2FBFF","status":"0","third_order_id":"2018052720542672263"}

2018-05-27 20:54:39:参数:{"merchant_id":"6008005629","service":"query_status","third_order_id":"2018052720542672263","nonce_str":"2VEA1T2MKTSW4J81TXURP007TWY0QW1O","sign":"D550E44BD2BF9EB193EA88FE1CACF699"}

2018-05-27 20:54:39:支付成功:{"resp_code":"0","amount":"1989","bank_type":"ICBC_DEBIT","leshua_order_id":"1805272054230152","merchant_id":"6008005629","nonce_str":"UQSZ4MRV71Z9712QZJQ99O0NPO4OB0SL","openid":"oRfOu1Q5-aILgtu0m2ttjJ9APQOQ","out_transaction_id":"4200000112201805278307493888","pay_time":"2018-05-27 20:54:39","pay_way":"WXZF","result_code":"0","sign":"35DA63D99B2809C9CD2166680A37F62D","status":"2","third_order_id":"2018052720542672263"}

2018-05-27 21:36:20:参数:{"merchant_id":"6008005629","service":"query_status","third_order_id":"2018052721361985189","nonce_str":"K5COPQ6LPBIRYC1EE8DIQL05M6XY9EYZ","sign":"3805252FB9ED4FFAE0DE7EB82CEC0C7D"}

2018-05-27 21:36:26:继续查询:{"resp_code":"0","amount":"980","leshua_order_id":"1805272136105757","merchant_id":"6008005629","nonce_str":"5JJGWM9TLC3MX3WBMU097XIEBYVBGIR0","pay_way":"WXZF","result_code":"0","sign":"24A52996EF415DD586B06D847524191D","status":"0","third_order_id":"2018052721361985189"}

2018-05-27 21:36:26:参数:{"merchant_id":"6008005629","service":"query_status","third_order_id":"2018052721361985189","nonce_str":"A91TMQEEAZU9MQ0CZKDCNX4R8SS71KWK","sign":"DB665B397C6875D48946339B44501CEE"}

2018-05-27 21:36:31:继续查询:{"resp_code":"0","amount":"980","leshua_order_id":"1805272136105757","merchant_id":"6008005629","nonce_str":"3H26KI08M8DUEB2N0X5S0U91IBG2Z3FM","pay_way":"WXZF","result_code":"0","sign":"E194DC7134679BEFC869C9BD96F58846","status":"0","third_order_id":"2018052721361985189"}

2018-05-27 21:36:31:参数:{"merchant_id":"6008005629","service":"query_status","third_order_id":"2018052721361985189","nonce_str":"D5VE2DV320ZSYCLFKDD7QH6WZTG9V464","sign":"BF801F810B0F3FA7F67425266E06CAE3"}

2018-05-27 21:36:32:支付成功:{"resp_code":"0","amount":"980","bank_type":"COMM_DEBIT","leshua_order_id":"1805272136105757","merchant_id":"6008005629","nonce_str":"GG11TRSNFFHPPV1ORVP6TMANIPNVHHY9","openid":"oRfOu1cxF5hkSfIYUDRtbhOR6xRw","out_transaction_id":"4200000116201805274950746463","pay_time":"2018-05-27 21:36:31","pay_way":"WXZF","result_code":"0","sign":"3AD729FF9424EF427D02B2D05CA3C83A","status":"2","third_order_id":"2018052721361985189"}

2018-05-27 22:41:12:参数:{"merchant_id":"6008005629","service":"query_status","third_order_id":"2018052722411132521","nonce_str":"AB8XSFS64L3C18EIN9FOMX6NDOO0DW8X","sign":"5CC0AE1853CFDC261DFD8029849E567C"}

2018-05-27 22:41:18:继续查询:{"resp_code":"0","amount":"2300","leshua_order_id":"1805272241106757","merchant_id":"6008005629","nonce_str":"ST6GTNHB1CFWOT1ZEBNGVA3ZUTQJP577","pay_way":"WXZF","result_code":"0","sign":"E9F97DA2FF9FE8C8FDE259DA1DD2A8EC","status":"0","third_order_id":"2018052722411132521"}

2018-05-27 22:41:18:参数:{"merchant_id":"6008005629","service":"query_status","third_order_id":"2018052722411132521","nonce_str":"2OX0LV6SU2PGHD7GA8PTE8TQXVXWHJ93","sign":"32100024798199857D1596AB397C3ACF"}

2018-05-27 22:41:23:继续查询:{"resp_code":"0","amount":"2300","leshua_order_id":"1805272241106757","merchant_id":"6008005629","nonce_str":"S447VF1VX3TPH13H1GSUJV16RCFFGTJL","pay_way":"WXZF","result_code":"0","sign":"7FE935E509D71E302CF57F2EED3AD9AC","status":"0","third_order_id":"2018052722411132521"}

2018-05-27 22:41:23:参数:{"merchant_id":"6008005629","service":"query_status","third_order_id":"2018052722411132521","nonce_str":"LZVX0WCX37OO9J4EMU1YKF2LZEK463AH","sign":"F8C81D5D0C087B15F79FBF0AC66434A6"}

2018-05-27 22:41:24:支付成功:{"resp_code":"0","amount":"2300","bank_type":"CFT","leshua_order_id":"1805272241106757","merchant_id":"6008005629","nonce_str":"86MJRXGVKSSW8OTRJET6XB0RSOP6PJSF","openid":"oRfOu1cXOJNmwvUpiwD9uJ4H43aM","out_transaction_id":"4200000110201805278208780836","pay_time":"2018-05-27 22:41:24","pay_way":"WXZF","result_code":"0","sign":"D637465FFAFB3F443D4443C61B1BE559","status":"2","third_order_id":"2018052722411132521"}

