2018-06-05 00:06:22:参数:{"merchant_id":"6008005629","service":"query_status","third_order_id":"2018060500062048865","nonce_str":"6UCODCAZT1M1IO1PP2LAEDX773I1MELX","sign":"CFA4D1D2D61AF57162B139F9C7BAB740"}

2018-06-05 00:06:23:支付失败:{"resp_code":"0","amount":"610","leshua_order_id":"1806050006225767","merchant_id":"6008005629","nonce_str":"KMZ3YNZLDA5KXYUGKL0PN6D8HIT1UXE8","pay_way":"WXZF","result_code":"0","sign":"586C3F142F0490303773F0B1FB3D8682","status":"6","third_order_id":"2018060500062048865"}

2018-06-05 03:41:32:参数:{"merchant_id":"6008005629","service":"query_status","third_order_id":"2018060503413026265","nonce_str":"AOBMZYR9X90YOEE6YW9JH8FVCWAC9UXP","sign":"C609C322176473339A988DC16EE25A96"}

2018-06-05 03:41:37:继续查询:{"resp_code":"0","amount":"1950","leshua_order_id":"1806050341301866","merchant_id":"6008005629","nonce_str":"OQMWYILZ0XHF4GIGC9LC14LY0CJFUNFS","pay_way":"ZFBZF","result_code":"0","sign":"1036B215DC664C9BC17920BFAC427FCE","status":"0","third_order_id":"2018060503413026265"}

2018-06-05 03:41:37:参数:{"merchant_id":"6008005629","service":"query_status","third_order_id":"2018060503413026265","nonce_str":"S3YWMS6VWTPOP2M3C73VI0PE9XVNQUIM","sign":"ECF6BF115D2D5892CE917CF883561508"}

2018-06-05 03:41:42:继续查询:{"resp_code":"0","amount":"1950","leshua_order_id":"1806050341301866","merchant_id":"6008005629","nonce_str":"YQJ7RF04050IOXHTC1X0B07CSE3OQ2JS","pay_way":"ZFBZF","result_code":"0","sign":"FCDF669E5080B368620242810B9716CB","status":"0","third_order_id":"2018060503413026265"}

2018-06-05 03:41:42:参数:{"merchant_id":"6008005629","service":"query_status","third_order_id":"2018060503413026265","nonce_str":"Q5MNALKPMW5N1E4O7ZM35BIT5LDQL6X0","sign":"0CD14A157ECEF0D2E7A82923F7899B8B"}

2018-06-05 03:41:48:继续查询:{"resp_code":"0","amount":"1950","leshua_order_id":"1806050341301866","merchant_id":"6008005629","nonce_str":"S4CEDGFPDJSVDB0UXG2T9JRJZN1DV1U3","pay_way":"ZFBZF","result_code":"0","sign":"1362AFF95023451283A021AD44BDCC34","status":"0","third_order_id":"2018060503413026265"}

2018-06-05 03:41:48:参数:{"merchant_id":"6008005629","service":"query_status","third_order_id":"2018060503413026265","nonce_str":"WISO6TOKWQYFKQHY8WX5J3MP33G4XQXW","sign":"1C9ECB616790F1FC35468D9881E35E40"}

2018-06-05 03:41:53:继续查询:{"resp_code":"0","amount":"1950","leshua_order_id":"1806050341301866","merchant_id":"6008005629","nonce_str":"437XK87U09BZAZQJN5W4WWJHALF2J0UK","pay_way":"ZFBZF","result_code":"0","sign":"2EF77ED0836CE1A9833023F948E45317","status":"0","third_order_id":"2018060503413026265"}

2018-06-05 03:41:53:参数:{"merchant_id":"6008005629","service":"query_status","third_order_id":"2018060503413026265","nonce_str":"M0W4LV3K42522QJPMTFVDY3869F64RDH","sign":"4C335A93EC4B28E85271D685B78CBA32"}

2018-06-05 03:41:59:继续查询:{"resp_code":"0","amount":"1950","leshua_order_id":"1806050341301866","merchant_id":"6008005629","nonce_str":"QWURITJPGOBKAC07QSCYXX79UFHM6LTM","pay_way":"ZFBZF","result_code":"0","sign":"08058787B882E67E8DEAF09552B51421","status":"0","third_order_id":"2018060503413026265"}

2018-06-05 03:41:59:参数:{"merchant_id":"6008005629","service":"query_status","third_order_id":"2018060503413026265","nonce_str":"FQ0XKYYZ5UR2BMCIFJKSRAPX9D6K6AUS","sign":"914DCBE5BFA749A3E4F0363AB8852E13"}

2018-06-05 03:42:04:继续查询:{"resp_code":"0","amount":"1950","leshua_order_id":"1806050341301866","merchant_id":"6008005629","nonce_str":"EC8MRH5J3M0C07SXSJJFNKK95KQKH9K8","pay_way":"ZFBZF","result_code":"0","sign":"FAB751294E7F6F73C8F49EB6DE1D65E8","status":"0","third_order_id":"2018060503413026265"}

2018-06-05 03:42:04:参数:{"merchant_id":"6008005629","service":"query_status","third_order_id":"2018060503413026265","nonce_str":"DZ7H25IKHC12BF202WU1VS9MKB7W84O2","sign":"EB11216154193230D66483EB8DF9AC6A"}

2018-06-05 06:17:21:参数:{"merchant_id":"6008005629","service":"query_status","third_order_id":"2018060506172029551","nonce_str":"VH3ZX00050J32Y61S3S67HXCUFECVJGD","sign":"851BBA46B173F66DFAB1BA548896928F"}

2018-06-05 06:17:27:继续查询:{"resp_code":"0","amount":"430","leshua_order_id":"1806050617202678","merchant_id":"6008005629","nonce_str":"B0NJQLE36WWUKG82KOXQ1BYJ5OLJE574","pay_way":"WXZF","result_code":"0","sign":"25D3765F420DB350415362179C66A4A6","status":"0","third_order_id":"2018060506172029551"}

2018-06-05 06:17:27:参数:{"merchant_id":"6008005629","service":"query_status","third_order_id":"2018060506172029551","nonce_str":"6N1UH3TMYI4QN5417PHC3D5QMRSDH6HW","sign":"10F97C2443D80863C67B84F95D206E4D"}

2018-06-05 06:17:32:继续查询:{"resp_code":"0","amount":"430","leshua_order_id":"1806050617202678","merchant_id":"6008005629","nonce_str":"Q2NDSMOM0GC6WT58NA9RISNVMC34OUWD","pay_way":"WXZF","result_code":"0","sign":"EAA183D46FD01999622F2FCD1752AFDD","status":"0","third_order_id":"2018060506172029551"}

2018-06-05 06:17:32:参数:{"merchant_id":"6008005629","service":"query_status","third_order_id":"2018060506172029551","nonce_str":"TF62CH1WT4FU2BHV81UUTTDDHD11SB30","sign":"19ADC14A9EA3C14A72562A3BA296BDF0"}

2018-06-05 06:17:38:继续查询:{"resp_code":"0","amount":"430","leshua_order_id":"1806050617202678","merchant_id":"6008005629","nonce_str":"GSH90ESCX5Y5GR27EJ6T6WB54UA2EBQ4","pay_way":"WXZF","result_code":"0","sign":"1008FA49B022C6519C4F7132EE0721E8","status":"0","third_order_id":"2018060506172029551"}

2018-06-05 06:17:38:参数:{"merchant_id":"6008005629","service":"query_status","third_order_id":"2018060506172029551","nonce_str":"B8OVD3QQTFULA4XT1QFJLUZFPIN96V8H","sign":"E1FE30E445C8D169FB7901BF6E5F4189"}

2018-06-05 06:17:43:继续查询:{"resp_code":"0","amount":"430","leshua_order_id":"1806050617202678","merchant_id":"6008005629","nonce_str":"T7618AXD2VYZOXMVEFINQ7OQP1BFIM2A","pay_way":"WXZF","result_code":"0","sign":"D53E3F09D30A308EE58AF6733F36CF65","status":"0","third_order_id":"2018060506172029551"}

2018-06-05 06:17:43:参数:{"merchant_id":"6008005629","service":"query_status","third_order_id":"2018060506172029551","nonce_str":"MHM90IK7FPXNCL148TYRQBGN4H6GQO8Y","sign":"1AF6E4E726BF446ECAB2B81601E0069A"}

2018-06-05 06:17:49:继续查询:{"resp_code":"0","amount":"430","leshua_order_id":"1806050617202678","merchant_id":"6008005629","nonce_str":"UWWJ3UOMY9P43OYDQZJQ88L0AL73NHSJ","pay_way":"WXZF","result_code":"0","sign":"8F51F736C8629142849ADA5360EC202D","status":"0","third_order_id":"2018060506172029551"}

2018-06-05 06:17:49:参数:{"merchant_id":"6008005629","service":"query_status","third_order_id":"2018060506172029551","nonce_str":"8OWZWB8SK193O6JIZ9TTBAC5OSY4O49O","sign":"D95E2D555658B1833C74F3CB180A392E"}

2018-06-05 06:17:54:继续查询:{"resp_code":"0","amount":"430","leshua_order_id":"1806050617202678","merchant_id":"6008005629","nonce_str":"KSJLSRQ9L0264R4SYLX0U4OIKTHGO8NZ","pay_way":"WXZF","result_code":"0","sign":"B793728985321C75662F9E3733085611","status":"0","third_order_id":"2018060506172029551"}

2018-06-05 06:17:54:参数:{"merchant_id":"6008005629","service":"query_status","third_order_id":"2018060506172029551","nonce_str":"2QAO3NC65F110E5WUHJ1ZR5BH29MT6X4","sign":"6B8C33626DD415AFACC674229FED9A75"}

2018-06-05 06:27:35:参数:{"merchant_id":"6008005629","service":"query_status","third_order_id":"2018060506273381235","nonce_str":"96I9Z2A6QZKO9IGN2696WC785LGGN056","sign":"9F07AD8D4CAD9B3A62C81D011C0043D1"}

2018-06-05 06:27:36:支付失败:{"resp_code":"0","amount":"1620","leshua_order_id":"1806050627302811","merchant_id":"6008005629","nonce_str":"O6WMRNCRCWUTBY27LACMXVHEL7MMTK35","pay_way":"WXZF","result_code":"0","sign":"18B0AC24C485CD62FABB2890E213C7D9","status":"6","third_order_id":"2018060506273381235"}

2018-06-05 08:05:13:参数:{"merchant_id":"6008005629","service":"query_status","third_order_id":"2018060508051116325","nonce_str":"BYURTYQWFJ1SUSWT5Z43RONR8LW07LSK","sign":"FA190A15AA12B47B1661D9807CBC838E"}

2018-06-05 08:05:13:支付失败:{"resp_code":"0","amount":"5820","leshua_order_id":"1806050805100673","merchant_id":"6008005629","nonce_str":"Q92J58TC0YZ116Z3WTN2U3GCRXN1QB3V","pay_way":"WXZF","result_code":"0","sign":"CB82AC600A3A5E29C833D9DD4D2BC30A","status":"6","third_order_id":"2018060508051116325"}

2018-06-05 08:06:15:参数:{"merchant_id":"6008005629","service":"query_status","third_order_id":"2018060508061388727","nonce_str":"TS2BBNMQGVPD9614R5E4HKV01136RGO8","sign":"041C3EF1FF9C90A52F12249455F7E29B"}

2018-06-05 08:06:20:继续查询:{"resp_code":"0","amount":"819","leshua_order_id":"1806050806100842","merchant_id":"6008005629","nonce_str":"M2BC62HNAOGX8EOFON23CLV28Q4CLII6","pay_way":"WXZF","result_code":"0","sign":"1987601CAECFF60C82D3231033680087","status":"0","third_order_id":"2018060508061388727"}

2018-06-05 08:06:20:参数:{"merchant_id":"6008005629","service":"query_status","third_order_id":"2018060508061388727","nonce_str":"3SUTUAX5SPRPLQPJS9DKF1SAG0UBE90J","sign":"16E1FA9B04DC1827FCCD0D26B5DDC2CA"}

2018-06-05 08:06:26:继续查询:{"resp_code":"0","amount":"819","leshua_order_id":"1806050806100842","merchant_id":"6008005629","nonce_str":"XV2V5YGW0PRJ80FYLS9QTJ86ZVU092TA","pay_way":"WXZF","result_code":"0","sign":"27AC74922E9A4A16C7AFC45D9F555D45","status":"0","third_order_id":"2018060508061388727"}

2018-06-05 08:06:26:参数:{"merchant_id":"6008005629","service":"query_status","third_order_id":"2018060508061388727","nonce_str":"HODFL03YMLC422XG6OZXB22NTG1IOR7G","sign":"E65E447093B58684B65EBE5155B7C623"}

2018-06-05 08:06:26:支付成功:{"resp_code":"0","amount":"819","bank_type":"CFT","leshua_order_id":"1806050806100842","merchant_id":"6008005629","nonce_str":"NQ5N3J0BPD2B62A3CN1R2GFRKFBGD2RT","openid":"o8uJ6uN1EXgVC9SFW_3nqBjGOg0g","out_transaction_id":[],"pay_time":"2018-06-05 08:06:26","pay_way":"WXZF","result_code":"0","sign":"0E11BCC269B651386BCFF92C75764688","status":"2","third_order_id":"2018060508061388727"}

2018-06-05 08:19:35:参数:{"merchant_id":"6008005629","service":"query_status","third_order_id":"2018060508193423463","nonce_str":"CKMJS0FPPYA4AW39SB7V39OTW59A3SON","sign":"DD280E247780F35DE426068E59338C51"}

2018-06-05 08:19:40:继续查询:{"resp_code":"0","amount":"640","leshua_order_id":"1806050819334907","merchant_id":"6008005629","nonce_str":"UYFOQKOA5TJ32BIK9YULDSF5STRBS2TA","pay_way":"WXZF","result_code":"0","sign":"C40558A28308FF83E598003EB03C8281","status":"0","third_order_id":"2018060508193423463"}

2018-06-05 08:19:40:参数:{"merchant_id":"6008005629","service":"query_status","third_order_id":"2018060508193423463","nonce_str":"DLS51EHQGIUENV5J620S6UP346PGUFQW","sign":"24C35A235EE69E0494CD212503CB6A49"}

2018-06-05 08:19:46:继续查询:{"resp_code":"0","amount":"640","leshua_order_id":"1806050819334907","merchant_id":"6008005629","nonce_str":"C85PJ2HVQ2TL7B1HG809X3Y13Y87U6Q4","pay_way":"WXZF","result_code":"0","sign":"511F6FC1BE2DB7E116A0C723030A23EF","status":"0","third_order_id":"2018060508193423463"}

2018-06-05 08:19:46:参数:{"merchant_id":"6008005629","service":"query_status","third_order_id":"2018060508193423463","nonce_str":"938Z5LT1537GE85LDFH6QRIWDIP0MBSK","sign":"7CBDA1613712B90900FC789C2EEA62AD"}

2018-06-05 08:19:51:继续查询:{"resp_code":"0","amount":"640","leshua_order_id":"1806050819334907","merchant_id":"6008005629","nonce_str":"WZN70PN1BC8W720KB71Y06KTV2RKD38B","pay_way":"WXZF","result_code":"0","sign":"915C4D35C9C6524F763D3B0C96301BC8","status":"0","third_order_id":"2018060508193423463"}

2018-06-05 08:19:51:参数:{"merchant_id":"6008005629","service":"query_status","third_order_id":"2018060508193423463","nonce_str":"AKDOZD8BSKB5MWI1T60TOQ2K2NEMB5T5","sign":"E972989D8521F37A6CA16C24AC5D8AA6"}

2018-06-05 08:19:52:支付成功:{"resp_code":"0","amount":"640","bank_type":"CFT","leshua_order_id":"1806050819334907","merchant_id":"6008005629","nonce_str":"4ETKX9G7VXCK6VF1MG2F9G5WOBI4VLCH","openid":"o8uJ6uFQLUrtYNTEOIzY4oLTAnao","out_transaction_id":[],"pay_time":"2018-06-05 08:19:52","pay_way":"WXZF","result_code":"0","sign":"602B68CE805BCE6119A912A5E5CB0772","status":"2","third_order_id":"2018060508193423463"}

2018-06-05 11:21:04:参数:{"merchant_id":"6008005629","service":"query_status","third_order_id":"2018060511210384443","nonce_str":"CA1RZELCSIYKPPMZ5YYBO272CEKEY66O","sign":"D37DD2B04043B9CA408F19667EED58FB"}

2018-06-05 11:21:10:继续查询:{"resp_code":"0","amount":"100000","leshua_order_id":"1806051121001899","merchant_id":"6008005629","nonce_str":"56LMLZ7VDYF3Z0IDVEEFDW2AN3EEXM6V","pay_way":"WXZF","result_code":"0","sign":"77C5D9152CA67AA1868A6388B1E6C7CF","status":"0","third_order_id":"2018060511210384443"}

2018-06-05 11:21:10:参数:{"merchant_id":"6008005629","service":"query_status","third_order_id":"2018060511210384443","nonce_str":"X1ZQ6PSTPGQP9225HAWZF9WSZNYQFB8U","sign":"4344AB98DDF116F7CA8AE957F0BA3CE5"}

2018-06-05 11:21:15:继续查询:{"resp_code":"0","amount":"100000","leshua_order_id":"1806051121001899","merchant_id":"6008005629","nonce_str":"R3BRB43FTY8SO7BWUMNUD1R3CZ4W4HHQ","pay_way":"WXZF","result_code":"0","sign":"1024632899B108065F41D9D591405B22","status":"0","third_order_id":"2018060511210384443"}

2018-06-05 11:21:15:参数:{"merchant_id":"6008005629","service":"query_status","third_order_id":"2018060511210384443","nonce_str":"6E4LRTSO8581IEBIEZFMB7ZGJK0W41PG","sign":"0BC92B5458F32AB53E80D379F13B5BC6"}

2018-06-05 11:21:21:继续查询:{"resp_code":"0","amount":"100000","leshua_order_id":"1806051121001899","merchant_id":"6008005629","nonce_str":"01SXOYWJZNT273SK6Y68YX15T8ZDC7QC","pay_way":"WXZF","result_code":"0","sign":"85F82DA4C4F35D5231C6D92C5D2081D4","status":"0","third_order_id":"2018060511210384443"}

2018-06-05 11:21:21:参数:{"merchant_id":"6008005629","service":"query_status","third_order_id":"2018060511210384443","nonce_str":"OZHM6S00GOR3Z8MSSJJ9SK74ATLXCM28","sign":"469CFB52D6AD9982946680A61AC5E5CF"}

2018-06-05 11:21:26:继续查询:{"resp_code":"0","amount":"100000","leshua_order_id":"1806051121001899","merchant_id":"6008005629","nonce_str":"4E6T2DE1451S98IR0KCT37MD1DJ3Z75U","pay_way":"WXZF","result_code":"0","sign":"EE26BE9EF8E0A21ECE4BD2111A912F45","status":"0","third_order_id":"2018060511210384443"}

2018-06-05 11:21:26:参数:{"merchant_id":"6008005629","service":"query_status","third_order_id":"2018060511210384443","nonce_str":"1KDAXCADD5UA9JWXIK4S2V1P6DU4762X","sign":"5F646317C5598D54F7EF2378790E78FB"}

2018-06-05 11:21:27:支付成功:{"resp_code":"0","amount":"100000","bank_type":"CFT","leshua_order_id":"1806051121001899","merchant_id":"6008005629","nonce_str":"S023L8BWALFHLFIH4U4MPLPCSSSUYP48","openid":"o8uJ6uAMn0HcJa8As9OH37PK5JDU","out_transaction_id":[],"pay_time":"2018-06-05 11:21:26","pay_way":"WXZF","result_code":"0","sign":"65B6354DB567091AC664CA0CFBE03DE3","status":"2","third_order_id":"2018060511210384443"}

2018-06-05 12:16:26:参数:{"merchant_id":"6008005629","service":"query_status","third_order_id":"2018060512162598707","nonce_str":"D9UMND4KSAGX7JWBR48GVAR54Y4PPKYY","sign":"8B4C54B337D7FFD38923F3287434BD8B"}

2018-06-05 12:16:32:继续查询:{"resp_code":"0","amount":"1040","leshua_order_id":"1806051216226239","merchant_id":"6008005629","nonce_str":"QNN1L4JR5SCSECFLQNNDJ34DSXY9LGTG","pay_way":"WXZF","result_code":"0","sign":"A051BF85F366C3A18FDAF5B9B077C429","status":"0","third_order_id":"2018060512162598707"}

2018-06-05 12:16:32:参数:{"merchant_id":"6008005629","service":"query_status","third_order_id":"2018060512162598707","nonce_str":"MTWMLJY35OVEG1VSAPTH9ITPR3DE7XL9","sign":"29F11C434C3D7C1163B67072FD42F4F4"}

2018-06-05 12:16:37:继续查询:{"resp_code":"0","amount":"1040","leshua_order_id":"1806051216226239","merchant_id":"6008005629","nonce_str":"INUEEUHS7K2N18A2W03EM6ZJQHEADS44","pay_way":"WXZF","result_code":"0","sign":"336AF668CEFA475A019BA3FC81A16503","status":"0","third_order_id":"2018060512162598707"}

2018-06-05 12:16:37:参数:{"merchant_id":"6008005629","service":"query_status","third_order_id":"2018060512162598707","nonce_str":"GA6EBJYMXDAFIWZ084YX7NA56QU63PE0","sign":"6EF3D93BCE38EDA56B209C654A229BAD"}

2018-06-05 12:16:43:继续查询:{"resp_code":"0","amount":"1040","leshua_order_id":"1806051216226239","merchant_id":"6008005629","nonce_str":"0QMN9OG2863VR2FKNRKE62Z8UORT70DR","pay_way":"WXZF","result_code":"0","sign":"AD8A684247031201FE3DA0DF6394F2A6","status":"0","third_order_id":"2018060512162598707"}

2018-06-05 12:16:43:参数:{"merchant_id":"6008005629","service":"query_status","third_order_id":"2018060512162598707","nonce_str":"GZEFQPCTZKWBTNE1OHDGMOYS0CV9ULYP","sign":"81BF2B452435429C26A5A4583D9CDCBB"}

2018-06-05 12:16:48:继续查询:{"resp_code":"0","amount":"1040","leshua_order_id":"1806051216226239","merchant_id":"6008005629","nonce_str":"MBUXSBTO6E6DDVC5Z8LRR3U1X508SK7O","pay_way":"WXZF","result_code":"0","sign":"0CFF70DC04E21BD119953404A93C9044","status":"0","third_order_id":"2018060512162598707"}

2018-06-05 12:16:48:参数:{"merchant_id":"6008005629","service":"query_status","third_order_id":"2018060512162598707","nonce_str":"EEOCL44TDG8CLG6ITKA9M1669WCZQJ3R","sign":"99893E71AEAD76B6A426F3A5323F5BDF"}

2018-06-05 12:16:54:继续查询:{"resp_code":"0","amount":"1040","leshua_order_id":"1806051216226239","merchant_id":"6008005629","nonce_str":"HP958HGMCXUY3QY1UZJWZOLUP76DDF9J","pay_way":"WXZF","result_code":"0","sign":"6D7A95F4639D143A7F3DD1623428241D","status":"0","third_order_id":"2018060512162598707"}

2018-06-05 12:16:54:参数:{"merchant_id":"6008005629","service":"query_status","third_order_id":"2018060512162598707","nonce_str":"WGWIVPOPH5EFVYAE83YB7BR1UYB2H4RE","sign":"ACC02ED130FA5B8261A38AC24AD820A4"}

2018-06-05 12:16:59:继续查询:{"resp_code":"0","amount":"1040","leshua_order_id":"1806051216226239","merchant_id":"6008005629","nonce_str":"O66AAQFH3B4GATSV7GTMB6S35AWLC7MW","pay_way":"WXZF","result_code":"0","sign":"E150C26CF56D5DA06D2452A64D9A21CF","status":"0","third_order_id":"2018060512162598707"}

2018-06-05 12:16:59:参数:{"merchant_id":"6008005629","service":"query_status","third_order_id":"2018060512162598707","nonce_str":"DK8ZP94AOY264GN48X8EDBAT9KNPZE80","sign":"19F07383988558D0396B2FFD80B609FE"}

2018-06-05 12:17:16:参数:{"merchant_id":"6008005629","service":"query_status","third_order_id":"2018060512171526051","nonce_str":"CON7FC3QCQJK3GKXVQL8D7EKYZNZR2VC","sign":"37BD7414B7747433015E95DFA62BB2A9"}

2018-06-05 12:17:21:继续查询:{"resp_code":"0","amount":"1040","leshua_order_id":"1806051217133465","merchant_id":"6008005629","nonce_str":"IGA3UI9DMH1ZOEFFCJXY05H92J012I7O","pay_way":"WXZF","result_code":"0","sign":"82AD02034610E840972BCED9E83C2613","status":"0","third_order_id":"2018060512171526051"}

2018-06-05 12:17:21:参数:{"merchant_id":"6008005629","service":"query_status","third_order_id":"2018060512171526051","nonce_str":"HXDE8MMHP95SOD4PMIXCV5Z3GM54429Y","sign":"0551B78DEFB85C5816333AAD589A96DA"}

2018-06-05 12:17:27:继续查询:{"resp_code":"0","amount":"1040","leshua_order_id":"1806051217133465","merchant_id":"6008005629","nonce_str":"QSV4LBQ21IHKW1JUDM1HVE0N2S5T6TYC","pay_way":"WXZF","result_code":"0","sign":"CA1D068FE495EEBA6BFA078ACC634865","status":"0","third_order_id":"2018060512171526051"}

2018-06-05 12:17:27:参数:{"merchant_id":"6008005629","service":"query_status","third_order_id":"2018060512171526051","nonce_str":"7HUJ1P6Z2W8AEVQ81LV11SSW3O4IQYE1","sign":"2BF72F5CE880F685AFF1428C642AF1CA"}

2018-06-05 12:17:32:继续查询:{"resp_code":"0","amount":"1040","leshua_order_id":"1806051217133465","merchant_id":"6008005629","nonce_str":"KTY5DR464NLG4XABKYG75V5PG8Y51TJ0","pay_way":"WXZF","result_code":"0","sign":"57A9B21E708BFC50688844CD9D4D6ACE","status":"0","third_order_id":"2018060512171526051"}

2018-06-05 12:17:32:参数:{"merchant_id":"6008005629","service":"query_status","third_order_id":"2018060512171526051","nonce_str":"YGWIU4BRG8839K1S3LPN8MV0UIO45C5E","sign":"CBDEE7C6445F3E747DE01E359590EAD5"}

2018-06-05 12:17:38:继续查询:{"resp_code":"0","amount":"1040","leshua_order_id":"1806051217133465","merchant_id":"6008005629","nonce_str":"7GIQIHJGXKLKNI25YE4ZU7GMQB6MFHJJ","pay_way":"WXZF","result_code":"0","sign":"0D229C75ABCB8E82E29247F82F6BD078","status":"0","third_order_id":"2018060512171526051"}

2018-06-05 12:17:38:参数:{"merchant_id":"6008005629","service":"query_status","third_order_id":"2018060512171526051","nonce_str":"9AXXIPR01Q4SPA356SCLPS7ZCTKDTSCR","sign":"8007172219C8A114D879AE10476BEDBC"}

2018-06-05 12:17:43:继续查询:{"resp_code":"0","amount":"1040","leshua_order_id":"1806051217133465","merchant_id":"6008005629","nonce_str":"2T5XDS1VBWLF1LVB150I9JUV92LYROJ6","pay_way":"WXZF","result_code":"0","sign":"8D97F40ACC8B50AA88A34F116E2A6E30","status":"0","third_order_id":"2018060512171526051"}

2018-06-05 12:17:43:参数:{"merchant_id":"6008005629","service":"query_status","third_order_id":"2018060512171526051","nonce_str":"BGYU7Z5N7FL4T6F4WA1HHKYDSN72LSUC","sign":"863D6839DCEECD90A4D037B0E34720F6"}

2018-06-05 12:17:49:继续查询:{"resp_code":"0","amount":"1040","leshua_order_id":"1806051217133465","merchant_id":"6008005629","nonce_str":"F88XK2Y1K51RERZX43HDCZDLHNZMFHTL","pay_way":"WXZF","result_code":"0","sign":"83F81EF552997A4B31B7194A0D45FD04","status":"0","third_order_id":"2018060512171526051"}

2018-06-05 12:17:49:参数:{"merchant_id":"6008005629","service":"query_status","third_order_id":"2018060512171526051","nonce_str":"B2V75LB0MIYT4S8HMNC58PZ2MRLECMIQ","sign":"9C6639EB76FBCCFA624B7DEA8FD815B4"}

2018-06-05 12:19:11:参数:{"merchant_id":"6008005629","service":"query_status","third_order_id":"2018060512191073326","nonce_str":"932F00FLBZIPGW407J93KZOIGLAC3BGW","sign":"15C18E2910E83E2F858712B96D75C732"}

2018-06-05 12:19:16:继续查询:{"resp_code":"0","amount":"1040","leshua_order_id":"1806051219134542","merchant_id":"6008005629","nonce_str":"ETH24MHLX8YXUYQDN4KPH0TXSEVAR35S","pay_way":"WXZF","result_code":"0","sign":"828CBE55F4C17036C6FF21E90689B2E4","status":"0","third_order_id":"2018060512191073326"}

2018-06-05 12:19:16:参数:{"merchant_id":"6008005629","service":"query_status","third_order_id":"2018060512191073326","nonce_str":"VNYR57VDHZ2B2P6V0ENO2YXQG78VX90Z","sign":"52803DC6988507B23DCB094CE266C251"}

2018-06-05 12:19:17:支付成功:{"resp_code":"0","amount":"1040","bank_type":"PSBC_DEBIT","leshua_order_id":"1806051219134542","merchant_id":"6008005629","nonce_str":"8FB99L7T600GS9SFFMG8SPSGUQVLLCDL","openid":"o8uJ6uIHO30U0_Lt-wCcZMMpHvDE","out_transaction_id":[],"pay_time":"2018-06-05 12:19:17","pay_way":"WXZF","result_code":"0","sign":"E79FDAE153B2AB8BD75014224E86D7A3","status":"2","third_order_id":"2018060512191073326"}

2018-06-05 13:21:24:参数:{"merchant_id":"4909001413","service":"query_status","third_order_id":"2018060513212393149","nonce_str":"6AD75HY4VJZZI84DDD3BGEC1QX97BXW6","sign":"5C7E002A7AEFA00195FE2F496F879081"}

2018-06-05 13:21:30:继续查询:{"resp_code":"0","amount":"20000","leshua_order_id":"1806051321203049","merchant_id":"4909001413","nonce_str":"B1DI3ZR6MUHC5VX1035N75C52GXKO7N9","pay_way":"WXZF","result_code":"0","sign":"197A6094C2750E2D10B5B9A3CEA13026","status":"0","third_order_id":"2018060513212393149"}

2018-06-05 13:21:30:参数:{"merchant_id":"4909001413","service":"query_status","third_order_id":"2018060513212393149","nonce_str":"G42UME0EG1UOZTPDFAESC6PLECSKFTW5","sign":"7CA086DED3751C562AE29881490850FE"}

2018-06-05 13:21:30:支付成功:{"resp_code":"0","amount":"20000","bank_type":"PAB_CREDIT","leshua_order_id":"1806051321203049","merchant_id":"4909001413","nonce_str":"788R4O2CXPN32ATX9W5LYGQ1SWB9GADF","openid":"oRfOu1befxAPSazXzy6JUXIP67r4","out_transaction_id":"4200000118201806052414221335","pay_time":"2018-06-05 13:21:30","pay_way":"WXZF","result_code":"0","sign":"C9068CB1B4442D07C40624CAF7F3E60E","status":"2","third_order_id":"2018060513212393149"}

2018-06-05 13:47:51:参数:{"merchant_id":"6008005629","service":"query_status","third_order_id":"2018060513475042648","nonce_str":"1VXZM06UMF0L7WGS3KSUVB0LJLX4JV9G","sign":"79D6DA733482E189362CD93033A815BC"}

2018-06-05 13:47:56:继续查询:{"resp_code":"0","amount":"1100","leshua_order_id":"1806051347523705","merchant_id":"6008005629","nonce_str":"5W1U0TDDB0NI2Y1H2LF4QON410VD9Z3X","pay_way":"WXZF","result_code":"0","sign":"A447E4A7B4157139027E799632088CE3","status":"0","third_order_id":"2018060513475042648"}

2018-06-05 13:47:56:参数:{"merchant_id":"6008005629","service":"query_status","third_order_id":"2018060513475042648","nonce_str":"75MUX1B3Z4MS6Z1CKARK1AHUBQ0NVLZZ","sign":"82CB7755D981FB3B02FFE09A3E7F7864"}

2018-06-05 13:48:01:继续查询:{"resp_code":"0","amount":"1100","leshua_order_id":"1806051347523705","merchant_id":"6008005629","nonce_str":"KV1KF56EYFDNKI0TG3AS2KWPY5F92U3K","pay_way":"WXZF","result_code":"0","sign":"49E81D7CE3DA3A90F8511417ECBF0503","status":"0","third_order_id":"2018060513475042648"}

2018-06-05 13:48:01:参数:{"merchant_id":"6008005629","service":"query_status","third_order_id":"2018060513475042648","nonce_str":"U83R4NR1G7B1EM7THFE3OT0JUHUVP0LP","sign":"C9A2F80926EABB4D0707D870A1C851A1"}

2018-06-05 13:48:07:继续查询:{"resp_code":"0","amount":"1100","leshua_order_id":"1806051347523705","merchant_id":"6008005629","nonce_str":"CT4GEGRFGYXDK0174XQ2TAZPTGUY5Q1P","pay_way":"WXZF","result_code":"0","sign":"50BDD531BB49B0F0FF684E59A2FAC7B5","status":"0","third_order_id":"2018060513475042648"}

2018-06-05 13:48:07:参数:{"merchant_id":"6008005629","service":"query_status","third_order_id":"2018060513475042648","nonce_str":"SB8V1NWDT8XN4TQKFZJWL62UBDZF95IO","sign":"9624EA6A2F61727A56A1D2B043DF8F0C"}

2018-06-05 13:48:12:继续查询:{"resp_code":"0","amount":"1100","leshua_order_id":"1806051347523705","merchant_id":"6008005629","nonce_str":"2KK13EP1DFKQ7YHA1T69OPLZN3CMH1QB","pay_way":"WXZF","result_code":"0","sign":"03B46623D8C87BAB9ACE998D36370109","status":"0","third_order_id":"2018060513475042648"}

2018-06-05 13:48:12:参数:{"merchant_id":"6008005629","service":"query_status","third_order_id":"2018060513475042648","nonce_str":"3JM4L6T8O7I5FXUMPUIQ01ME5ISRGBZ5","sign":"35B58AC9C217069D53DB09D96BDB1DE6"}

2018-06-05 13:48:18:继续查询:{"resp_code":"0","amount":"1100","leshua_order_id":"1806051347523705","merchant_id":"6008005629","nonce_str":"AQ7U0WISI8NG8VY4CJMSTHJ2KNX5Z60Q","pay_way":"WXZF","result_code":"0","sign":"5A28E24DD87C609040425FB003D6FA73","status":"0","third_order_id":"2018060513475042648"}

2018-06-05 13:48:18:参数:{"merchant_id":"6008005629","service":"query_status","third_order_id":"2018060513475042648","nonce_str":"PC1IWPJDFEPGP9NY01LEFBI9OZ3I04L0","sign":"FE640391C6D351D4541EFE25036452F7"}

2018-06-05 13:48:23:继续查询:{"resp_code":"0","amount":"1100","leshua_order_id":"1806051347523705","merchant_id":"6008005629","nonce_str":"DKKA3UL9DRZ848A38E3QZGRO857BGXYH","pay_way":"WXZF","result_code":"0","sign":"6DDF5653D164CE1FE8A51700BB9E9ACE","status":"0","third_order_id":"2018060513475042648"}

2018-06-05 13:48:23:参数:{"merchant_id":"6008005629","service":"query_status","third_order_id":"2018060513475042648","nonce_str":"G5UZG1TV4UXYBSRUI26A02QTB1JZAM9A","sign":"0F7A3D6A7C249A7BF612432D452ABC40"}

2018-06-05 14:03:12:参数:{"merchant_id":"6008005629","service":"query_status","third_order_id":"2018060514031176578","nonce_str":"2W0LZ56KYPB3Y4I84B373LY1J5AOXRRB","sign":"A92F9EF4484C55544E57862F90858A7A"}

2018-06-05 14:03:18:继续查询:{"resp_code":"0","amount":"2900","leshua_order_id":"1806051403129530","merchant_id":"6008005629","nonce_str":"YX9XI1Q36AGE8GT40AZOZPF0DKHU1GIP","pay_way":"WXZF","result_code":"0","sign":"05EE395D66ACBF40B7ED458DB4A8FC0F","status":"0","third_order_id":"2018060514031176578"}

2018-06-05 14:03:18:参数:{"merchant_id":"6008005629","service":"query_status","third_order_id":"2018060514031176578","nonce_str":"GKL22QIIWNY3NRSIDFYADPROAGG1WQA3","sign":"47BCB2BDECBD76AA535D4BB702D19441"}

2018-06-05 14:03:19:支付成功:{"resp_code":"0","amount":"2900","bank_type":"CFT","leshua_order_id":"1806051403129530","merchant_id":"6008005629","nonce_str":"SA1M82RAFZMD2MOGVAQMHR8SCOT5B9KJ","openid":"o8uJ6uAprm0c41DcQkFmhbtrXhiU","out_transaction_id":[],"pay_time":"2018-06-05 14:03:18","pay_way":"WXZF","result_code":"0","sign":"B8D50FE6035A7344149A973076B053C6","status":"2","third_order_id":"2018060514031176578"}

2018-06-05 15:47:27:参数:{"merchant_id":"6008005629","service":"query_status","third_order_id":"2018060515472620860","nonce_str":"009NLC8QUMSKPWFP8SLLPK8BGT772QDG","sign":"D083BAA1244E807270BAA4C0DAE83E34"}

2018-06-05 15:47:33:继续查询:{"resp_code":"0","amount":"50000","leshua_order_id":"1806051547222423","merchant_id":"6008005629","nonce_str":"KPEJTQUP4P0NFRBNDKNREX3DTS909PZ2","pay_way":"WXZF","result_code":"0","sign":"49E4C56A3DB499D753A8C2F41A1CDDC6","status":"0","third_order_id":"2018060515472620860"}

2018-06-05 15:47:33:参数:{"merchant_id":"6008005629","service":"query_status","third_order_id":"2018060515472620860","nonce_str":"MS8R64T480L4IL98M6EN3BXJG5AWG1F0","sign":"85C3E0A66619EA916834A78C10EB0458"}

2018-06-05 15:47:33:支付成功:{"resp_code":"0","amount":"50000","bank_type":"CFT","leshua_order_id":"1806051547222423","merchant_id":"6008005629","nonce_str":"UCMUBDAEN5XK1SKIIUKRL8ZOI0A7GVBP","openid":"o8uJ6uFG0n5ZUby_DIvlKiqB5R6g","out_transaction_id":[],"pay_time":"2018-06-05 15:47:33","pay_way":"WXZF","result_code":"0","sign":"91DCCF640BD3AAA85FC51484E61D511A","status":"2","third_order_id":"2018060515472620860"}

2018-06-05 16:44:08:参数:{"merchant_id":"6008005629","service":"query_status","third_order_id":"2018060516440763398","nonce_str":"SOTC8ROAVIOPQ5QGFACLJ07T99IRWXW8","sign":"02A0D7379E13EC2B555A7E1DA503055C"}

2018-06-05 16:44:13:继续查询:{"resp_code":"0","amount":"140","leshua_order_id":"1806051644034286","merchant_id":"6008005629","nonce_str":"62AVROABO4ZWRZL15I8DRLOYE11TNR0I","pay_way":"WXZF","result_code":"0","sign":"1DE3B82D68B7DE11607A8BD88F56D2A0","status":"0","third_order_id":"2018060516440763398"}

2018-06-05 16:44:13:参数:{"merchant_id":"6008005629","service":"query_status","third_order_id":"2018060516440763398","nonce_str":"PQIFKDQP6EBTD1EZTFTYIOHGZXZLN0V3","sign":"5428555E4E735AAB841E61169FD41F3C"}

2018-06-05 16:44:19:继续查询:{"resp_code":"0","amount":"140","leshua_order_id":"1806051644034286","merchant_id":"6008005629","nonce_str":"TT9QWZ2D1F9E17BQC3R51OBHMOQFJ3Q1","pay_way":"WXZF","result_code":"0","sign":"D2283BF9A089261359DFB3DB118C4772","status":"0","third_order_id":"2018060516440763398"}

2018-06-05 16:44:19:参数:{"merchant_id":"6008005629","service":"query_status","third_order_id":"2018060516440763398","nonce_str":"RAU79C2MJH8T4FLA5U8XCEK4XAYPRBGC","sign":"250F267274B88D87F33D35598E8D601E"}

2018-06-05 16:44:20:支付成功:{"resp_code":"0","amount":"140","bank_type":"ABC_DEBIT","leshua_order_id":"1806051644034286","merchant_id":"6008005629","nonce_str":"E65BB9ZM3MOKHKJOKDQ0A9LQ3DII8LNF","openid":"o8uJ6uMij4BmAz-my3DZFz7PnzUg","out_transaction_id":[],"pay_time":"2018-06-05 16:44:19","pay_way":"WXZF","result_code":"0","sign":"C05090881DD0970F7F2D35F57DAB86B4","status":"2","third_order_id":"2018060516440763398"}

2018-06-05 17:36:12:参数:{"merchant_id":"6008005629","service":"query_status","third_order_id":"2018060517360896597","nonce_str":"FX6I67Z4QZY7WPRPRSVS8EEH7D0C1BRD","sign":"72EFEE411D0E027874579BBB74A4D068"}

2018-06-05 17:36:12:支付失败:{"resp_code":"0","amount":"1470","leshua_order_id":"1806051736033067","merchant_id":"6008005629","nonce_str":"2V2LRM236TDQ0V4E9BTQ7W89DWQXEFC3","pay_way":"WXZF","result_code":"0","sign":"8EC87119238C6261F1B93CBFBDAEAE64","status":"6","third_order_id":"2018060517360896597"}

2018-06-05 18:49:32:参数:{"merchant_id":"1909003823","service":"query_status","third_order_id":"2018060518493088374","nonce_str":"J8HJGYD8PA54BVCYKHMAR4ZMONWPCM8D","sign":"342092642F704543CD512B209D0A0170"}

2018-06-05 18:49:37:继续查询:{"resp_code":"0","amount":"200","leshua_order_id":"1806051849306589","merchant_id":"1909003823","nonce_str":"PJGAJK5XV3JSLLHL6S8Q16Z4E9FIYELT","pay_way":"WXZF","result_code":"0","sign":"1DB102DB6AF65A9BC72B14E42419C2D4","status":"0","third_order_id":"2018060518493088374"}

2018-06-05 18:49:37:参数:{"merchant_id":"1909003823","service":"query_status","third_order_id":"2018060518493088374","nonce_str":"L0NWG5BSQPMXJZDUGT4DSQ11H16ILBHP","sign":"1C405304E78DBC00702D62FD01A14C94"}

2018-06-05 18:49:43:继续查询:{"resp_code":"0","amount":"200","leshua_order_id":"1806051849306589","merchant_id":"1909003823","nonce_str":"QLKSEIGSAXQDPTDGLUU9HP1P4PRIADFO","pay_way":"WXZF","result_code":"0","sign":"74AE40767C5B0E99667F61B0897D848E","status":"0","third_order_id":"2018060518493088374"}

2018-06-05 18:49:43:参数:{"merchant_id":"1909003823","service":"query_status","third_order_id":"2018060518493088374","nonce_str":"REGSMSIVGGJPP2SC1HSJ3M2AK2D8LCG0","sign":"B73BF9F9F4DEB76FCE91BE103D701D4A"}

2018-06-05 18:49:43:支付成功:{"resp_code":"0","amount":"200","bank_type":"CFT","leshua_order_id":"1806051849306589","merchant_id":"1909003823","nonce_str":"SYOMPYKQHY2F1PUO60TN0OA43CSFO7CE","openid":"oRfOu1d8VRbsH-6Eo-ygbsK-FRW4","out_transaction_id":"4200000122201806053339739691","pay_time":"2018-06-05 18:49:43","pay_way":"WXZF","result_code":"0","sign":"2B7F66636E80EE068B85A1EA5BF98CC4","status":"2","third_order_id":"2018060518493088374"}

2018-06-05 19:35:12:参数:{"merchant_id":"6008005629","service":"query_status","third_order_id":"2018060519351022325","nonce_str":"ESUIB7EXOJJ4NEJQUC2UIHBQ0LJCKT1E","sign":"83C3143DA4DF1D2BA25551D1A09E3F18"}

2018-06-05 19:35:17:继续查询:{"resp_code":"0","amount":"1500","leshua_order_id":"1806051935104768","merchant_id":"6008005629","nonce_str":"95XJARY9UA0BROKTNYAY04YOW21D8L7T","pay_way":"WXZF","result_code":"0","sign":"DED99489D17791780F4A3E327EE24194","status":"0","third_order_id":"2018060519351022325"}

2018-06-05 19:35:17:参数:{"merchant_id":"6008005629","service":"query_status","third_order_id":"2018060519351022325","nonce_str":"20A8MPE9O4Q5RX1DC31CUGRHPKCGMG50","sign":"64F6FA38202D5BC152DAA0FAAF1CADF2"}

2018-06-05 19:35:23:继续查询:{"resp_code":"0","amount":"1500","leshua_order_id":"1806051935104768","merchant_id":"6008005629","nonce_str":"9B9BPPFVXUS3K4H75ALKK3VO5S6HQ3HY","pay_way":"WXZF","result_code":"0","sign":"75F5713ACD08A4C9C44BDE56386FF0B6","status":"0","third_order_id":"2018060519351022325"}

2018-06-05 19:35:23:参数:{"merchant_id":"6008005629","service":"query_status","third_order_id":"2018060519351022325","nonce_str":"D30LHPHGTOXFAJU7MDPZPP5TJIRRFWPN","sign":"EBC3EBD0D89E0E4404545D18761E4A4C"}

2018-06-05 19:35:28:继续查询:{"resp_code":"0","amount":"1500","leshua_order_id":"1806051935104768","merchant_id":"6008005629","nonce_str":"P43XYVPO4W1E8JR8FJP80QKBQ06TIOH7","pay_way":"WXZF","result_code":"0","sign":"FC2D738D67BA841DC41013DAFDC1CEAF","status":"0","third_order_id":"2018060519351022325"}

2018-06-05 19:35:28:参数:{"merchant_id":"6008005629","service":"query_status","third_order_id":"2018060519351022325","nonce_str":"PYED83469XGU1JD3BT8ZQ1ST3NBME5Z7","sign":"D28BF72110B893E75D42D818AAA5297A"}

2018-06-05 19:35:34:继续查询:{"resp_code":"0","amount":"1500","leshua_order_id":"1806051935104768","merchant_id":"6008005629","nonce_str":"XI1V4U0JZ9G4PI6GUU8WWBIZTVREKJ5M","pay_way":"WXZF","result_code":"0","sign":"A4946E259B9EBFC16ED0EE8DFDF76FE3","status":"0","third_order_id":"2018060519351022325"}

2018-06-05 19:35:34:参数:{"merchant_id":"6008005629","service":"query_status","third_order_id":"2018060519351022325","nonce_str":"KFCS19S7Y3HY2NP5VCAVIEVH4HKS3USZ","sign":"799010019DACC60FED90CD5B26A58FA3"}

2018-06-05 19:35:34:支付成功:{"resp_code":"0","amount":"1500","bank_type":"CFT","leshua_order_id":"1806051935104768","merchant_id":"6008005629","nonce_str":"2YNN3QD9WJTSPDGKS6VYTL4HPALU2PEV","openid":"o8uJ6uF7iRvb1hBAucgY9iH267-I","out_transaction_id":[],"pay_time":"2018-06-05 19:35:34","pay_way":"WXZF","result_code":"0","sign":"C16F97D1FE1AC8A68C19E926AAA173C5","status":"2","third_order_id":"2018060519351022325"}

2018-06-05 19:43:33:参数:{"merchant_id":"4909001413","service":"query_status","third_order_id":"2018060519433165434","nonce_str":"0JNN89H3EDME4D4AYAUWDYOXRM0Q9ZQ5","sign":"ABD0CBEE441FAEC632A43D99AE901508"}

2018-06-05 19:43:38:继续查询:{"resp_code":"0","amount":"23500","leshua_order_id":"1806051943334037","merchant_id":"4909001413","nonce_str":"2MQB4F1I79N4D9LREEA09M8CYMDC3U20","pay_way":"WXZF","result_code":"0","sign":"A58AD44B79544139A2F96F0BB04978A9","status":"0","third_order_id":"2018060519433165434"}

2018-06-05 19:43:38:参数:{"merchant_id":"4909001413","service":"query_status","third_order_id":"2018060519433165434","nonce_str":"MOHBUCD5I088AKK80YKO5SAL0BN2XMXK","sign":"A84F4D2E2BA416208E16229655709DE3"}

2018-06-05 19:43:39:支付成功:{"resp_code":"0","amount":"23500","bank_type":"CFT","leshua_order_id":"1806051943334037","merchant_id":"4909001413","nonce_str":"SS85UMGWUL4VJZYQYS36C2IGB51J7JMM","openid":"oRfOu1X5Mq6CoJ0eQTbL9UeS8UVU","out_transaction_id":"4200000127201806058978009616","pay_time":"2018-06-05 19:43:38","pay_way":"WXZF","result_code":"0","sign":"6201D1CA5092E105E53483847E4A3A17","status":"2","third_order_id":"2018060519433165434"}

2018-06-05 20:01:45:参数:{"merchant_id":"6008005629","service":"query_status","third_order_id":"2018060520014458513","nonce_str":"4V1MLL2PL5JF9CMZFBXH53XSL3I7H9EO","sign":"8D9736557531E99ED58145C758A1E277"}

2018-06-05 20:01:51:继续查询:{"resp_code":"0","amount":"3329","leshua_order_id":"1806052001423169","merchant_id":"6008005629","nonce_str":"A35SIUMG73DKWMMZ4ROB5BN4SLJDWWTF","pay_way":"WXZF","result_code":"0","sign":"D33FA7628D7A3A02A799CA4D2DFE7D11","status":"0","third_order_id":"2018060520014458513"}

2018-06-05 20:01:51:参数:{"merchant_id":"6008005629","service":"query_status","third_order_id":"2018060520014458513","nonce_str":"MTTVRZ5XOKNCVKWHV853TDQ2Y96B1AYM","sign":"FD583332D3ADBF2E8D53C8352E4B5831"}

2018-06-05 20:01:56:继续查询:{"resp_code":"0","amount":"3329","leshua_order_id":"1806052001423169","merchant_id":"6008005629","nonce_str":"MR01EP7RMJUE6WRXUMXV3IIA3K0IEAKG","pay_way":"WXZF","result_code":"0","sign":"6000B8EC0D2FFABDC3B0F85CEF4757F2","status":"0","third_order_id":"2018060520014458513"}

2018-06-05 20:01:56:参数:{"merchant_id":"6008005629","service":"query_status","third_order_id":"2018060520014458513","nonce_str":"H6WHJFOZM9M3MTYP3PV3GJQT5R10P91G","sign":"60F67BC4AC57BB1261548291C244176D"}

2018-06-05 20:01:57:支付成功:{"resp_code":"0","amount":"3329","bank_type":"CFT","leshua_order_id":"1806052001423169","merchant_id":"6008005629","nonce_str":"SQF53F2A8ZPRP09QD53ECM2SKMS3JWR3","openid":"o8uJ6uIFNHnAuhhQsVpq8V-dUziw","out_transaction_id":[],"pay_time":"2018-06-05 20:01:56","pay_way":"WXZF","result_code":"0","sign":"B1D93C604C3BA6E24C74A61DE3B56E6A","status":"2","third_order_id":"2018060520014458513"}

2018-06-05 20:13:28:参数:{"merchant_id":"6008005629","service":"query_status","third_order_id":"2018060520132873819","nonce_str":"FOBPLTY7ALM0MBUEU0KW9T4CPZ7XA04G","sign":"169BD69D4F5FE9780EFA0CE0FD00F2F8"}

2018-06-05 20:13:34:继续查询:{"resp_code":"0","amount":"310","leshua_order_id":"1806052013239491","merchant_id":"6008005629","nonce_str":"9GDP2C2E8T1OFX2XM7Q6HF12QEJKT82D","pay_way":"WXZF","result_code":"0","sign":"A2EC29E92FE0081DA9E6D48FDC4BC318","status":"0","third_order_id":"2018060520132873819"}

2018-06-05 20:13:34:参数:{"merchant_id":"6008005629","service":"query_status","third_order_id":"2018060520132873819","nonce_str":"FYJ98010UPNC94VH4785E2VL6R6D76O8","sign":"8720818420016E57E2106B602A255BDA"}

2018-06-05 20:13:34:支付成功:{"resp_code":"0","amount":"310","bank_type":"CFT","leshua_order_id":"1806052013239491","merchant_id":"6008005629","nonce_str":"IZ5FVAAQG8JQPUACXDXBWLNL6Y1BVZ7N","openid":"o8uJ6uJO-mPYDRbfi19Kdgtw4cTA","out_transaction_id":[],"pay_time":"2018-06-05 20:13:34","pay_way":"WXZF","result_code":"0","sign":"1FBD3D34250A1D0763A1E99F49204E4D","status":"2","third_order_id":"2018060520132873819"}

2018-06-05 20:28:12:参数:{"merchant_id":"6008005629","service":"query_status","third_order_id":"2018060520281183481","nonce_str":"BBE3Z79O0RZR9797G5Y7ANYCQBL92S8I","sign":"9366C8527422B8E02EE4632A58AD3818"}

2018-06-05 20:28:17:继续查询:{"resp_code":"0","amount":"2020","leshua_order_id":"1806052028137036","merchant_id":"6008005629","nonce_str":"216TT5PJ22C684ZNKHM43SOSFC6ZA6DQ","pay_way":"WXZF","result_code":"0","sign":"AB83797F33E217C9AB6A4B6BDB68D5A5","status":"0","third_order_id":"2018060520281183481"}

2018-06-05 20:28:17:参数:{"merchant_id":"6008005629","service":"query_status","third_order_id":"2018060520281183481","nonce_str":"GJZ3M6I03GR0GJTMUUI9IS9TUMQEWO9L","sign":"524075EAFF159A0A9009EDC54EFE0BE3"}

2018-06-05 20:28:23:继续查询:{"resp_code":"0","amount":"2020","leshua_order_id":"1806052028137036","merchant_id":"6008005629","nonce_str":"TGDKSNA02CFCTZ1AXLNZ8ZJG7IFNMF7F","pay_way":"WXZF","result_code":"0","sign":"1AFA4A17D47073822C3005802826AD7A","status":"0","third_order_id":"2018060520281183481"}

2018-06-05 20:28:23:参数:{"merchant_id":"6008005629","service":"query_status","third_order_id":"2018060520281183481","nonce_str":"WTBBJCY2LU6XHH57E839CFZXUX3MIQ2X","sign":"DA2FC3063EEFDE24216474DFD5E32A79"}

2018-06-05 20:28:23:支付成功:{"resp_code":"0","amount":"2020","bank_type":"CFT","leshua_order_id":"1806052028137036","merchant_id":"6008005629","nonce_str":"HC758EEQ721HU88UD57AE56430DWRQX3","openid":"o8uJ6uNqwhUhjmC1bsiv7ZXRa7HM","out_transaction_id":[],"pay_time":"2018-06-05 20:28:23","pay_way":"WXZF","result_code":"0","sign":"2F53731F52DFA6716D3D8342AB5A53EA","status":"2","third_order_id":"2018060520281183481"}

2018-06-05 20:38:00:参数:{"merchant_id":"6008005629","service":"query_status","third_order_id":"2018060520375814235","nonce_str":"LOKL3AFPOUAYTDLX7SATQM0L5KH2GB2K","sign":"2A619818ACE283ECFCA91C6F5D4E96B6"}

2018-06-05 20:38:05:继续查询:{"resp_code":"0","amount":"440","leshua_order_id":"1806052037509100","merchant_id":"6008005629","nonce_str":"01NMUPMFS5QJQK16FH33W2S00K0YL23D","pay_way":"WXZF","result_code":"0","sign":"0301C884B3E77973A75871B86B2C3C81","status":"0","third_order_id":"2018060520375814235"}

2018-06-05 20:38:05:参数:{"merchant_id":"6008005629","service":"query_status","third_order_id":"2018060520375814235","nonce_str":"IIY6OZV7L058B2U4K73Y33WRI8Z2F8YK","sign":"0926EB4429E80D9448790608CDC97F5C"}

2018-06-05 20:38:10:继续查询:{"resp_code":"0","amount":"440","leshua_order_id":"1806052037509100","merchant_id":"6008005629","nonce_str":"ONQ48E3I62WR5B4WUAVS7E7IVQYXWMGR","pay_way":"WXZF","result_code":"0","sign":"B86C43F2EE55A4516592581CC91CBEF9","status":"0","third_order_id":"2018060520375814235"}

2018-06-05 20:38:10:参数:{"merchant_id":"6008005629","service":"query_status","third_order_id":"2018060520375814235","nonce_str":"ZHVPBDYELJCW3OB2AAOEOATTOX7T8MB0","sign":"5BDF4E741B0C0398D7C9D2F6E1F30A1A"}

2018-06-05 20:38:11:支付成功:{"resp_code":"0","amount":"440","bank_type":"CFT","leshua_order_id":"1806052037509100","merchant_id":"6008005629","nonce_str":"H0939MAJV5B6MI6NFXIJZFADZ1ESIUAT","openid":"o8uJ6uOG68M7tuZc2eEQdWbllWFg","out_transaction_id":[],"pay_time":"2018-06-05 20:38:11","pay_way":"WXZF","result_code":"0","sign":"3E1B9A521F47FDA001B0B1C0ED48BBB7","status":"2","third_order_id":"2018060520375814235"}

2018-06-05 21:01:44:参数:{"merchant_id":"6008005629","service":"query_status","third_order_id":"2018060521014280329","nonce_str":"V1CWC5IZ9A11GXJAN49H60292BHIX3YW","sign":"D71428E4556E3A2EBC414B583BB67E70"}

2018-06-05 21:01:49:继续查询:{"resp_code":"0","amount":"950","leshua_order_id":"1806052101421611","merchant_id":"6008005629","nonce_str":"ZING5FP7787GHQBW60PB5A33110H6XFY","pay_way":"WXZF","result_code":"0","sign":"8DFC68AEBCE363FA804DCCFE28CD124A","status":"0","third_order_id":"2018060521014280329"}

2018-06-05 21:01:49:参数:{"merchant_id":"6008005629","service":"query_status","third_order_id":"2018060521014280329","nonce_str":"NLW9Q8PAPCR0IA7TXJXQUNA91X9E5CZ5","sign":"E8DFF469C80FA0789C95625AA7DBC962"}

2018-06-05 21:01:55:继续查询:{"resp_code":"0","amount":"950","leshua_order_id":"1806052101421611","merchant_id":"6008005629","nonce_str":"CTZ3C8WW9P15QLJQ704ROO9VJF6876CQ","pay_way":"WXZF","result_code":"0","sign":"317886F0F76173CF5C72D6B38358804E","status":"0","third_order_id":"2018060521014280329"}

2018-06-05 21:01:55:参数:{"merchant_id":"6008005629","service":"query_status","third_order_id":"2018060521014280329","nonce_str":"2PO7EZ5YRRW2SN3MC3LA6QLQ529V8WQ6","sign":"58925B645A69C7C6DA862A8C131A4AC1"}

2018-06-05 21:01:55:支付成功:{"resp_code":"0","amount":"950","bank_type":"CFT","leshua_order_id":"1806052101421611","merchant_id":"6008005629","nonce_str":"VSJTDKJM16E9AGTP9VMM0BLFUMZIYEW2","openid":"o8uJ6uL990aO8bAo1mk0N5iDBU5E","out_transaction_id":[],"pay_time":"2018-06-05 21:01:55","pay_way":"WXZF","result_code":"0","sign":"EC42E0421432C1E63F1F743298E5F2AF","status":"2","third_order_id":"2018060521014280329"}

2018-06-05 21:25:23:参数:{"merchant_id":"6008005629","service":"query_status","third_order_id":"2018060521251855003","nonce_str":"1NTBKWTO9P0HMJSVPDB4FJ8S0TRM2GV2","sign":"B24B43EF15A51BB1BCCC43377E98FF25"}

2018-06-05 21:25:24:支付失败:{"resp_code":"0","amount":"1030","leshua_order_id":"1806052125105199","merchant_id":"6008005629","nonce_str":"BSPT8PXPS1ZOKHT2WFM3DMPTBKFJG0O3","pay_way":"WXZF","result_code":"0","sign":"A115B8D8B59C7B2D8009B699EE76BFA8","status":"6","third_order_id":"2018060521251855003"}

2018-06-05 22:34:14:参数:{"merchant_id":"6008005629","service":"query_status","third_order_id":"2018060522341429008","nonce_str":"YJGYJTBMR8Y93RMZY3N0IE7FO8GYXXFX","sign":"EA098DD32FA3720FE345C8B7F76C99BA"}

2018-06-05 22:34:20:继续查询:{"resp_code":"0","amount":"1080","leshua_order_id":"1806052234132069","merchant_id":"6008005629","nonce_str":"0HK3JFZ58H3CQJKLWIZ6QMSJ6NAZ37CX","pay_way":"WXZF","result_code":"0","sign":"0BFA943CF29896773584295B7BFA2D10","status":"0","third_order_id":"2018060522341429008"}

2018-06-05 22:34:20:参数:{"merchant_id":"6008005629","service":"query_status","third_order_id":"2018060522341429008","nonce_str":"1YJNBWKEGXXF6NQL2JF0R7WC1OB1CFYO","sign":"43E682A96091579C8D3C8D9550AEA1A7"}

2018-06-05 22:34:25:继续查询:{"resp_code":"0","amount":"1080","leshua_order_id":"1806052234132069","merchant_id":"6008005629","nonce_str":"J1M7GT023YN5KLRW41HPOL1W8GD65SYF","pay_way":"WXZF","result_code":"0","sign":"4657B0D39381C0EA194CB2F8E9081EA6","status":"0","third_order_id":"2018060522341429008"}

2018-06-05 22:34:25:参数:{"merchant_id":"6008005629","service":"query_status","third_order_id":"2018060522341429008","nonce_str":"KQ2HV3CYEV7NGF04R8SPE7XQ0NR31EYL","sign":"F40AB6AEE967254ABE61E322C940C9CA"}

2018-06-05 22:34:31:继续查询:{"resp_code":"0","amount":"1080","leshua_order_id":"1806052234132069","merchant_id":"6008005629","nonce_str":"0CPCDX82W40DTHSI3BNXXJ2D0S8Q68XR","pay_way":"WXZF","result_code":"0","sign":"40B251BF05058B7C7B6C55592BC405A1","status":"0","third_order_id":"2018060522341429008"}

2018-06-05 22:34:31:参数:{"merchant_id":"6008005629","service":"query_status","third_order_id":"2018060522341429008","nonce_str":"ICPLRD9M41T35E25H1H2YY0WU2WF2BXF","sign":"1408EFBC46F7B757C9438FC7CD4AC9ED"}

2018-06-05 22:34:36:继续查询:{"resp_code":"0","amount":"1080","leshua_order_id":"1806052234132069","merchant_id":"6008005629","nonce_str":"1QMN01NB1NJ116QECJJC54QKBPJ33HFV","pay_way":"WXZF","result_code":"0","sign":"C77C681F45CD2BA0020F15574EB800F7","status":"0","third_order_id":"2018060522341429008"}

2018-06-05 22:34:36:参数:{"merchant_id":"6008005629","service":"query_status","third_order_id":"2018060522341429008","nonce_str":"DILKZI8XWNZ5456FG3JEIODTMVUR5HRQ","sign":"9A3BD3D7E49AD7A1D6437E4A860F7EE6"}

2018-06-05 22:34:42:继续查询:{"resp_code":"0","amount":"1080","leshua_order_id":"1806052234132069","merchant_id":"6008005629","nonce_str":"UP5PDPFVKQHZDJTJMB8T4JRO4GN8K8LN","pay_way":"WXZF","result_code":"0","sign":"218A102283D92A0123241208AC85FC89","status":"0","third_order_id":"2018060522341429008"}

2018-06-05 22:34:42:参数:{"merchant_id":"6008005629","service":"query_status","third_order_id":"2018060522341429008","nonce_str":"BJSL6L8ZPCR66GMHOJJE34BEDNQ2F0WO","sign":"9702B636B20DC17B92CEFAB864031219"}

2018-06-05 22:34:47:继续查询:{"resp_code":"0","amount":"1080","leshua_order_id":"1806052234132069","merchant_id":"6008005629","nonce_str":"X5UT2PS4AUZSBSGTFTOO7NO9Y20OSXPU","pay_way":"WXZF","result_code":"0","sign":"1BBA1252E06AE569077E499100A5A401","status":"0","third_order_id":"2018060522341429008"}

2018-06-05 22:34:47:参数:{"merchant_id":"6008005629","service":"query_status","third_order_id":"2018060522341429008","nonce_str":"6NUYV1TEJ7UHURNS49KC904C0NAJ2JU6","sign":"D5631255A2453C1B73AACE8917A393F1"}

2018-06-05 22:54:45:参数:{"merchant_id":"6008005629","service":"query_status","third_order_id":"2018060522544422690","nonce_str":"QVYD5WNDRWK29YBU3IGJ68AIXTK74JM1","sign":"E7CDC7EB69F1CCFF74B1F21DD5606FD9"}

2018-06-05 22:54:51:继续查询:{"resp_code":"0","amount":"90","leshua_order_id":"1806052254422245","merchant_id":"6008005629","nonce_str":"7P25EY0XMKMY81SW89MUKC9HJYQSZMKJ","pay_way":"WXZF","result_code":"0","sign":"0AC4EF035E9928BEC23070114206B025","status":"0","third_order_id":"2018060522544422690"}

2018-06-05 22:54:51:参数:{"merchant_id":"6008005629","service":"query_status","third_order_id":"2018060522544422690","nonce_str":"QFI33RLIRTE5Q1WX76KJI9IXP1XAMSNY","sign":"C0E0AC077B307CA4509B4018751EC303"}

2018-06-05 22:54:56:继续查询:{"resp_code":"0","amount":"90","leshua_order_id":"1806052254422245","merchant_id":"6008005629","nonce_str":"0SRZ4GR7BM3J7BWRVBOCQ6A5DJE3929Y","pay_way":"WXZF","result_code":"0","sign":"9BCF593E0A2218DDE6786196A028449C","status":"0","third_order_id":"2018060522544422690"}

2018-06-05 22:54:56:参数:{"merchant_id":"6008005629","service":"query_status","third_order_id":"2018060522544422690","nonce_str":"Y3M9LPGS7MVJXKR6DIG83D5C7ZLRDTIR","sign":"0F01EC809FDE0890DFD2A55FB2BAB3B9"}

2018-06-05 22:55:02:继续查询:{"resp_code":"0","amount":"90","leshua_order_id":"1806052254422245","merchant_id":"6008005629","nonce_str":"PUP71OXEW0HMNKXG4DJIWL6GI3QITAAL","pay_way":"WXZF","result_code":"0","sign":"FAAE40C2CB69D5B5D1C40D8F769521F2","status":"0","third_order_id":"2018060522544422690"}

2018-06-05 22:55:02:参数:{"merchant_id":"6008005629","service":"query_status","third_order_id":"2018060522544422690","nonce_str":"YRODEOEZBAGY72Y6Q90P7J8RCD0ARHH0","sign":"9433AE30BB693CE41E4DD211828B2A23"}

2018-06-05 22:55:07:继续查询:{"resp_code":"0","amount":"90","leshua_order_id":"1806052254422245","merchant_id":"6008005629","nonce_str":"FF9V3Y1G9BJPTTEBF3534HNTQH4U0SV3","pay_way":"WXZF","result_code":"0","sign":"F856ABAC02C6892198967D42FCF987EA","status":"0","third_order_id":"2018060522544422690"}

2018-06-05 22:55:07:参数:{"merchant_id":"6008005629","service":"query_status","third_order_id":"2018060522544422690","nonce_str":"SL8IMRZGRAZ8QOVGW3R9FB56037IIHGM","sign":"89EF4A2B1E7730775AAEB1777F45012F"}

2018-06-05 22:55:13:继续查询:{"resp_code":"0","amount":"90","leshua_order_id":"1806052254422245","merchant_id":"6008005629","nonce_str":"8IIY194EF11GMQQJITDPESXY3O0DDW88","pay_way":"WXZF","result_code":"0","sign":"937FC52B49C14627125328B30D7AE383","status":"0","third_order_id":"2018060522544422690"}

2018-06-05 22:55:13:参数:{"merchant_id":"6008005629","service":"query_status","third_order_id":"2018060522544422690","nonce_str":"IZ6GIO257L5DEKKTLIJGBSYUM55FXSM1","sign":"D7495ACE03B7788462B6467438EAA3A2"}

2018-06-05 22:55:18:继续查询:{"resp_code":"0","amount":"90","leshua_order_id":"1806052254422245","merchant_id":"6008005629","nonce_str":"GI1JFWKI6APWDSD9S50P4CMSFO3FDERD","pay_way":"WXZF","result_code":"0","sign":"7511B84059813304B3D063C8CCB3F490","status":"0","third_order_id":"2018060522544422690"}

2018-06-05 22:55:18:参数:{"merchant_id":"6008005629","service":"query_status","third_order_id":"2018060522544422690","nonce_str":"ZG40UDAO5ACCEU3OARRFUM6A7STI22SV","sign":"FD6D3B8F6B6ECFBE31A963FC88F2F4CA"}

2018-06-05 22:55:31:参数:{"merchant_id":"6008005629","service":"query_status","third_order_id":"2018060522553021283","nonce_str":"JKRE328TUO3M4DZYWTQCR0BM7XEAGNSI","sign":"515A705B2009ECBCF46275D837DF7C4D"}

2018-06-05 22:55:37:继续查询:{"resp_code":"0","amount":"90","leshua_order_id":"1806052255322338","merchant_id":"6008005629","nonce_str":"9Y9COFZU1OMDW4US464TULGU0VR0MC4N","pay_way":"WXZF","result_code":"0","sign":"BC29ADF69F57FA326F23F19D3F49EEA4","status":"0","third_order_id":"2018060522553021283"}

2018-06-05 22:55:37:参数:{"merchant_id":"6008005629","service":"query_status","third_order_id":"2018060522553021283","nonce_str":"J4ZZ3V4A5L3V6TJUCJ29YYX18SKK23LE","sign":"7A95DA3EADACC536B27A2E440D93DEB3"}

2018-06-05 22:55:42:继续查询:{"resp_code":"0","amount":"90","leshua_order_id":"1806052255322338","merchant_id":"6008005629","nonce_str":"YC2U3I96XRZX7QY5O82G6DTZLKY1QZW5","pay_way":"WXZF","result_code":"0","sign":"4D807E8874EBD5AA91871F8C69F31696","status":"0","third_order_id":"2018060522553021283"}

2018-06-05 22:55:42:参数:{"merchant_id":"6008005629","service":"query_status","third_order_id":"2018060522553021283","nonce_str":"HJG1B216GWKPEUT6NL41IQB6PJQZBU46","sign":"225BE340743E33CED616002619912E01"}

2018-06-05 22:55:48:继续查询:{"resp_code":"0","amount":"90","leshua_order_id":"1806052255322338","merchant_id":"6008005629","nonce_str":"Q2NTRTL3CK083RL9P1L1XBPTFP81VHQ2","pay_way":"WXZF","result_code":"0","sign":"53085D0687AFAB33CFDB96ED268CEDB9","status":"0","third_order_id":"2018060522553021283"}

2018-06-05 22:55:48:参数:{"merchant_id":"6008005629","service":"query_status","third_order_id":"2018060522553021283","nonce_str":"PLZQPO477OBBRNZ6GNM4Z3MF837S9RMX","sign":"F44258DAD7801A115B31D4778BC694F5"}

2018-06-05 22:55:53:继续查询:{"resp_code":"0","amount":"90","leshua_order_id":"1806052255322338","merchant_id":"6008005629","nonce_str":"BWLFXX7JC0M9GU20JLWAX1F4K5O7IE0E","pay_way":"WXZF","result_code":"0","sign":"3DD9297FAB76A8EFD76597045586ABEA","status":"0","third_order_id":"2018060522553021283"}

2018-06-05 22:55:53:参数:{"merchant_id":"6008005629","service":"query_status","third_order_id":"2018060522553021283","nonce_str":"XK0S5ITJCTSIOKSWO6HWKSR2H580QVFM","sign":"7B43DA63C513F53BADE1881FC53513BA"}

2018-06-05 22:55:59:继续查询:{"resp_code":"0","amount":"90","leshua_order_id":"1806052255322338","merchant_id":"6008005629","nonce_str":"H7G3TSU00CMK9ST3D4960WO4KRT6CMQP","pay_way":"WXZF","result_code":"0","sign":"D6F8799A13DA33EE46308826634DA261","status":"0","third_order_id":"2018060522553021283"}

2018-06-05 22:55:59:参数:{"merchant_id":"6008005629","service":"query_status","third_order_id":"2018060522553021283","nonce_str":"SXEJT8119QBNI11T3IR4SMBHORTOX0LV","sign":"EE0969FE0B35BE4C211253DAD621EAFB"}

2018-06-05 22:56:04:继续查询:{"resp_code":"0","amount":"90","leshua_order_id":"1806052255322338","merchant_id":"6008005629","nonce_str":"7HBP0JOU6R6Q9CMJ7GL7U8KLIEW2GCSK","pay_way":"WXZF","result_code":"0","sign":"B709F1A5D0DEDF9ECB5A0A30595BC44F","status":"0","third_order_id":"2018060522553021283"}

2018-06-05 22:56:04:参数:{"merchant_id":"6008005629","service":"query_status","third_order_id":"2018060522553021283","nonce_str":"5UA0POOS2KX4U1BOFQNXCHVUZ9HVEI8A","sign":"9E64B42A82BFF71538EDC1AFD03CE2D4"}

2018-06-05 22:56:36:参数:{"merchant_id":"6008005629","service":"query_status","third_order_id":"2018060522563433084","nonce_str":"676P11UECZS3ONHTX47GKBP7ALVNLQDG","sign":"6DF1AAFB667CA0A00503FCF3AFE636D7"}

2018-06-05 22:56:41:继续查询:{"resp_code":"0","amount":"90","leshua_order_id":"1806052256335346","merchant_id":"6008005629","nonce_str":"Z3HIC4MQ7KRG79FOVXB68ZG8UOUIG810","pay_way":"WXZF","result_code":"0","sign":"9A9586089A7B1660F827EB0777FD9602","status":"0","third_order_id":"2018060522563433084"}

2018-06-05 22:56:41:参数:{"merchant_id":"6008005629","service":"query_status","third_order_id":"2018060522563433084","nonce_str":"YHKSNZ2BVRDUG7G9MKECE4S9V4WEXKWQ","sign":"6B0ADC84C12E4962FBB0F93CCAD1CBE3"}

2018-06-05 22:56:47:继续查询:{"resp_code":"0","amount":"90","leshua_order_id":"1806052256335346","merchant_id":"6008005629","nonce_str":"5SX7PG01A9XQZW9OTT9IRE93IZ4YH16S","pay_way":"WXZF","result_code":"0","sign":"BD9FE3290F54471C3F5414985CF95879","status":"0","third_order_id":"2018060522563433084"}

2018-06-05 22:56:47:参数:{"merchant_id":"6008005629","service":"query_status","third_order_id":"2018060522563433084","nonce_str":"EH186WEIAD3FHPU0KPVKCW7E6NTLJBRU","sign":"72800BA5B530518D839E6C7D7362F7EB"}

2018-06-05 22:56:47:支付成功:{"resp_code":"0","amount":"90","bank_type":"PAB_DEBIT","leshua_order_id":"1806052256335346","merchant_id":"6008005629","nonce_str":"HODL38VHEPQGA92TWA8OS27MV7XLLWE1","openid":"o8uJ6uEHNFvyx-d0RooqAMbUBaaA","out_transaction_id":[],"pay_time":"2018-06-05 22:56:47","pay_way":"WXZF","result_code":"0","sign":"80B5D6E219506888E2499CBBCC42990C","status":"2","third_order_id":"2018060522563433084"}

