2018-06-18 03:06:07:参数:{"service":"close_order","merchant_id":"6008005629","third_order_id":"2018061803053382167","nonce_str":"I490R99MR86DSYY1FM67Z8EEG2ABH5Q4","sign":"9B7606B6ECE5329BC8A2B77D7CDA6696"}

2018-06-18 03:06:08:返回:{"resp_code":"0","amount":"100","leshua_order_id":"1806180305337551","merchant_id":"6008005629","nonce_str":"FKK5AQF3M7UGBFAGNTGW53NC8MHMVM44","pay_way":"WXZF","result_code":"0","sign":"83231C0A1DBAB68D0EA3199CE48B438C","status":"6","third_order_id":"2018061803053382167"}

2018-06-18 10:04:46:参数:{"service":"close_order","merchant_id":"6008005629","third_order_id":"2018061810041269169","nonce_str":"PAPTVAP46FQXCL49YTZMGRARSTBAQW5B","sign":"E7CA6BA52A69C7F8A7B24CA88F0FA7B0"}

2018-06-18 10:04:46:返回:{"resp_code":"0","amount":"600","leshua_order_id":"1806181004104606","merchant_id":"6008005629","nonce_str":"WG3ROQY5XZ3PVESI19KVBVNJLPQYPU78","pay_way":"WXZF","result_code":"0","sign":"66F4BF5E6FC77C9AEB79C4762B149324","status":"6","third_order_id":"2018061810041269169"}

2018-06-18 10:41:28:参数:{"service":"close_order","merchant_id":"6008005629","third_order_id":"2018061810405389263","nonce_str":"WVXIY8B30OKZQF76T9L3PJYVAGCRVPR2","sign":"26B0408C5C302309C158D6F34F5BFEEB"}

2018-06-18 10:41:29:返回:{"resp_code":"0","amount":"190","leshua_order_id":"1806181040532723","merchant_id":"6008005629","nonce_str":"PC8UDVHJRB43Z6HVJ017LKONSULYD5JI","pay_way":"WXZF","result_code":"0","sign":"B0762C2439F2B282384FBAFB6DBB99CD","status":"6","third_order_id":"2018061810405389263"}

2018-06-18 11:10:36:参数:{"service":"close_order","merchant_id":"6008005629","third_order_id":"2018061811100089086","nonce_str":"22J8Q6IFAN2HTQFZQKGKGM4LNTQIYLH2","sign":"424D53190D4975E37B3F2B3254EAC841"}

2018-06-18 11:10:36:返回:{"resp_code":"0","amount":"2690","leshua_order_id":"1806181110023516","merchant_id":"6008005629","nonce_str":"XN0NAZEJYPTPMU2GBCIGBEMH6JDC1PU1","pay_way":"WXZF","result_code":"0","sign":"25AD29CD3602188B4F8B027C2942C3D8","status":"6","third_order_id":"2018061811100089086"}

2018-06-18 11:31:39:参数:{"service":"close_order","merchant_id":"6008005629","third_order_id":"2018061811310378943","nonce_str":"YCC4K7NKLD3GGPH2RB6FG0U7SEPZBEUX","sign":"A4B06287ECB28906289885C0DE395F32"}

2018-06-18 11:31:40:返回:{"resp_code":"0","amount":"1070","leshua_order_id":"1806181131009374","merchant_id":"6008005629","nonce_str":"OND3FOH35NE5W3BDFSZBHH3RSM6UXIO3","pay_way":"WXZF","result_code":"0","sign":"1D80643D619CF41856BB011A98C2DBD8","status":"6","third_order_id":"2018061811310378943"}

2018-06-18 16:42:05:参数:{"service":"close_order","merchant_id":"6008005629","third_order_id":"2018061816413169310","nonce_str":"JIBPQNQZU62UBVF7UFIV4OOOSBTZCUB4","sign":"9BE0DBBF2385972637ACD1B8F17DF435"}

2018-06-18 16:42:06:返回:{"resp_code":"0","amount":"2110","leshua_order_id":"1806181641333302","merchant_id":"6008005629","nonce_str":"I3H8OZS66DYWXUURUDI02ETFVDEBBQR2","pay_way":"WXZF","result_code":"0","sign":"0A36CF7EF6C49509F759BCD1B16631D6","status":"6","third_order_id":"2018061816413169310"}

2018-06-18 18:07:45:参数:{"service":"close_order","merchant_id":"6008005629","third_order_id":"2018061818071158459","nonce_str":"I1WKU70M3KW5BT5YRM35OIK8B6JZ9QUL","sign":"0E74ED97A591BCAB06FEFF509BBE20D6"}

2018-06-18 18:07:46:返回:{"resp_code":"0","amount":"1310","leshua_order_id":"1806181807136018","merchant_id":"6008005629","nonce_str":"G668AAREKNECBC3AV6NF6I8M07HKMGLM","pay_way":"WXZF","result_code":"0","sign":"05FCFD964ED43ADC93BDFC1C09583D14","status":"6","third_order_id":"2018061818071158459"}

2018-06-18 18:08:21:参数:{"service":"close_order","merchant_id":"6008005629","third_order_id":"2018061818074679662","nonce_str":"EXG4F4MUT1UZ9JCQPPX3LUVCK5W2D5FN","sign":"693B19630B7F2FC017BCBD6E52BBD48F"}

2018-06-18 18:08:22:返回:{"resp_code":"0","amount":"1310","leshua_order_id":"1806181807436237","merchant_id":"6008005629","nonce_str":"NOBG84BP12C62I23HCBGD14BSVWWMG5P","pay_way":"WXZF","result_code":"0","sign":"7C4DEF3FB4E03EFBEC84CE6134C06D4C","status":"6","third_order_id":"2018061818074679662"}

2018-06-18 18:45:04:参数:{"service":"close_order","merchant_id":"6008005629","third_order_id":"2018061818443141762","nonce_str":"0UV5AUCNV0J9RJVY4V1OB1CUNWU9ASCN","sign":"C2E22669F236437A0A2F3CADB66C4313"}

2018-06-18 18:45:05:返回:{"resp_code":"0","amount":"20","leshua_order_id":"1806181844339915","merchant_id":"6008005629","nonce_str":"5ZSAGJ1KKXM9MVU03IBHA9MB0SJ1OWT4","pay_way":"WXZF","result_code":"0","sign":"308D70FDED47C9D0AF25639526D87577","status":"6","third_order_id":"2018061818443141762"}

2018-06-18 18:48:03:参数:{"service":"close_order","merchant_id":"6008005629","third_order_id":"2018061818472923656","nonce_str":"ER0Q0AYISGU53QJO9POPQ0J2123CG4G9","sign":"077E5E11444083523C1AA97CDEAD7FEE"}

2018-06-18 18:48:04:返回:{"resp_code":"0","amount":"400","leshua_order_id":"1806181847270739","merchant_id":"6008005629","nonce_str":"R2S3QDIRJXX465R0PTHPVUQ4895J43NI","pay_way":"WXZF","result_code":"0","sign":"F2E052E4E9912BA4B9F91EA199E760EA","status":"6","third_order_id":"2018061818472923656"}

2018-06-18 20:45:15:参数:{"service":"close_order","merchant_id":"6008005629","third_order_id":"2018061820444127947","nonce_str":"DMO7WWRIT185DX3MQWTG26W9LXG5ML4O","sign":"C1590C682A99DBBCAC48AA7EB9578A20"}

2018-06-18 20:45:16:返回:{"resp_code":"0","amount":"830","leshua_order_id":"1806182044403835","merchant_id":"6008005629","nonce_str":"K62S7F83WIS51HOB61JDMUJ2W1UNBTFX","pay_way":"WXZF","result_code":"0","sign":"72DDE1BFC63D8C39B9A62362D49F47C1","status":"6","third_order_id":"2018061820444127947"}

2018-06-18 21:16:21:参数:{"service":"close_order","merchant_id":"6008005629","third_order_id":"2018061821154778017","nonce_str":"GEOFEYZHFMX8KHCIV689CMBP23ZA4XID","sign":"EAD36C333D21272C835E77460BFD08B0"}

2018-06-18 21:16:22:返回:{"resp_code":"0","amount":"1080","leshua_order_id":"1806182115434172","merchant_id":"6008005629","nonce_str":"4D0OZBJSYI7TR2040QWXJ4QPM1JR03YK","pay_way":"WXZF","result_code":"0","sign":"EC6F5F6B944CB8395D06A56A400FC572","status":"6","third_order_id":"2018061821154778017"}

2018-06-18 22:11:21:参数:{"service":"close_order","merchant_id":"6008005629","third_order_id":"2018061822104748367","nonce_str":"RE7NN5RVKUYVRYB1LT6X5JSW7HC3SBTA","sign":"A6D592ECA81D8238CED7BB493FEACFDA"}

2018-06-18 22:11:22:返回:{"resp_code":"0","amount":"1030","leshua_order_id":"1806182210401555","merchant_id":"6008005629","nonce_str":"T5EYAH636UZZ8QAHYQFMKTB8Z4HFK3QS","pay_way":"WXZF","result_code":"0","sign":"4E22DF4039BA450601D913894298453C","status":"6","third_order_id":"2018061822104748367"}

2018-06-18 23:00:02:参数:{"service":"close_order","merchant_id":"6008005629","third_order_id":"2018061822592756485","nonce_str":"9T0UYNXKWUGU0AA2W4MEMU6MYF1B3S9B","sign":"B0D15B47B757CA0C009DC74A4317106F"}

2018-06-18 23:00:02:返回:{"resp_code":"0","amount":"1180","leshua_order_id":"1806182259232852","merchant_id":"6008005629","nonce_str":"J9NYC70IA8CCYKCJWRQJB1JWPSA41SOQ","pay_way":"WXZF","result_code":"0","sign":"7057057BBCB23B956E5F3E7DF0C5A834","status":"6","third_order_id":"2018061822592756485"}

