2018-05-31 00:06:44:参数:{"merchant_id":"6008005629","service":"query_status","third_order_id":"2018053100064253810","nonce_str":"EEAKA7XSX4R7L8YK5F9X25DJXAB61CW3","sign":"3AEF7F3E527F7AAD68174BBC9B23D22F"}

2018-05-31 00:06:50:继续查询:{"resp_code":"0","amount":"290","leshua_order_id":"1805310006438397","merchant_id":"6008005629","nonce_str":"WVLG9LQI8Y35ZK8GEVV3919IC1YEZPMK","pay_way":"ZFBZF","result_code":"0","sign":"98CF275F25F526B712C2909F6B96FE31","status":"0","third_order_id":"2018053100064253810"}

2018-05-31 00:06:50:参数:{"merchant_id":"6008005629","service":"query_status","third_order_id":"2018053100064253810","nonce_str":"LKW5EB23OL8JYRJABYF2CFFFJW9EZR9A","sign":"2AAE795DBEC4F21A7829D09B80FBE4FC"}

2018-05-31 00:06:55:继续查询:{"resp_code":"0","amount":"290","leshua_order_id":"1805310006438397","merchant_id":"6008005629","nonce_str":"WUSJLXVNFGB6ZAZ2HFUNW50H0O5I1AWC","pay_way":"ZFBZF","result_code":"0","sign":"844579765C00F29EAB377E54828731E1","status":"0","third_order_id":"2018053100064253810"}

2018-05-31 00:06:55:参数:{"merchant_id":"6008005629","service":"query_status","third_order_id":"2018053100064253810","nonce_str":"5QPR9SOS1ATYFGYGS1RR5X46E9ZBVHZ0","sign":"19DA67E4C582D34721E912E28063E107"}

2018-05-31 00:07:01:继续查询:{"resp_code":"0","amount":"290","leshua_order_id":"1805310006438397","merchant_id":"6008005629","nonce_str":"1WC22T8QZAGEYRA1O4WPVPU37D4FQ3BN","pay_way":"ZFBZF","result_code":"0","sign":"73A241297ABB5F9149ED27083498590A","status":"0","third_order_id":"2018053100064253810"}

2018-05-31 00:07:01:参数:{"merchant_id":"6008005629","service":"query_status","third_order_id":"2018053100064253810","nonce_str":"4AS30KL1FVNUPSGIQZEWZZCFV5NTMXI2","sign":"BD15812E4173143D526BFC363BA0C004"}

2018-05-31 00:07:06:继续查询:{"resp_code":"0","amount":"290","leshua_order_id":"1805310006438397","merchant_id":"6008005629","nonce_str":"URUK7X6NBHL9IWELDDEHT6XW1E8HZGRE","pay_way":"ZFBZF","result_code":"0","sign":"7D65D5724B9B73B7FDEF70960126A3C5","status":"0","third_order_id":"2018053100064253810"}

2018-05-31 00:07:06:参数:{"merchant_id":"6008005629","service":"query_status","third_order_id":"2018053100064253810","nonce_str":"07JFD0OAVRE6JW5SH0RB0QYLO52EVSUS","sign":"291915920DFECED94692473337D626D4"}

2018-05-31 00:07:12:继续查询:{"resp_code":"0","amount":"290","leshua_order_id":"1805310006438397","merchant_id":"6008005629","nonce_str":"UV4GKS7B8UJVQIMWAJXHJO8WJJEYYIUI","pay_way":"ZFBZF","result_code":"0","sign":"11AD4A251FB5274946CB3106A8BD7E16","status":"0","third_order_id":"2018053100064253810"}

2018-05-31 00:07:12:参数:{"merchant_id":"6008005629","service":"query_status","third_order_id":"2018053100064253810","nonce_str":"DBCXDTYTCJUFO04PN3KCTZKNNKMBWR1T","sign":"AD6EAF674FC8207A174001F7261623D9"}

2018-05-31 00:07:17:继续查询:{"resp_code":"0","amount":"290","leshua_order_id":"1805310006438397","merchant_id":"6008005629","nonce_str":"V65UYIMH4HWZJWKXNCM6G51GJ5AC8R1V","pay_way":"ZFBZF","result_code":"0","sign":"223AD8D067D009C710AF19967431E4D3","status":"0","third_order_id":"2018053100064253810"}

2018-05-31 00:07:17:参数:{"merchant_id":"6008005629","service":"query_status","third_order_id":"2018053100064253810","nonce_str":"I1FETA95XCQA80I6I0HKHBM9RFKS3TAZ","sign":"C0EC35C4867B15C59615558955AA2747"}

2018-05-31 00:27:27:参数:{"merchant_id":"6008005629","service":"query_status","third_order_id":"2018053100272633701","nonce_str":"I4Q5J1PI9R68COTC7BOEEE8T3W7HLA3K","sign":"952221F019A8501ACBD0A2810DBF9B43"}

2018-05-31 00:27:33:继续查询:{"resp_code":"0","amount":"520","leshua_order_id":"1805310027207845","merchant_id":"6008005629","nonce_str":"GE2VCRXWDW7D8LZ1A7B86511068UPKVG","pay_way":"WXZF","result_code":"0","sign":"4239F30B22D4F285C811FC8678B958BE","status":"0","third_order_id":"2018053100272633701"}

2018-05-31 00:27:33:参数:{"merchant_id":"6008005629","service":"query_status","third_order_id":"2018053100272633701","nonce_str":"45WOWTCJ1NJFZM1ES7ZF980GC7FWDTSY","sign":"22CBDEE070DE6D89B707AA4E16D34285"}

2018-05-31 00:27:33:支付成功:{"resp_code":"0","amount":"520","bank_type":"PAB_CREDIT","leshua_order_id":"1805310027207845","merchant_id":"6008005629","nonce_str":"KKH7JPIT0WZUO3KD1WNWD0CI4RB3O6YI","openid":"o8uJ6uHZRcLNzs2yO5qAzH-dHEL8","out_transaction_id":[],"pay_time":"2018-05-31 00:27:33","pay_way":"WXZF","result_code":"0","sign":"BF5317F865E8BECEFA5A177485C5610B","status":"2","third_order_id":"2018053100272633701"}

2018-05-31 03:11:17:参数:{"merchant_id":"6008005629","service":"query_status","third_order_id":"2018053103110786395","nonce_str":"8G1XWX6ST3OPLIJSR6PCQ65DK2T42UA8","sign":"B44AAAAC86AC7E8AD3E827DCDD191071"}

2018-05-31 03:11:23:继续查询:{"resp_code":"0","amount":"1400","leshua_order_id":"1805310311009706","merchant_id":"6008005629","nonce_str":"CNZ658JSB5G04MXU9Z10BRR1PJ0B221C","pay_way":"WXZF","result_code":"0","sign":"F77FF904BAFC3A5CF435F79C136C1918","status":"0","third_order_id":"2018053103110786395"}

2018-05-31 03:11:23:参数:{"merchant_id":"6008005629","service":"query_status","third_order_id":"2018053103110786395","nonce_str":"YYDGIEEWFVDTIXCGEEIO2H2773XC8H75","sign":"FF93E255B40D8B77412C37CF499CDEC2"}

2018-05-31 03:11:24:支付失败:{"resp_code":"0","amount":"1400","leshua_order_id":"1805310311009706","merchant_id":"6008005629","nonce_str":"3H4MQO32U060C16EWPFFYRHBJJRE2KQA","pay_way":"WXZF","result_code":"0","sign":"1F5435F7E9EBC58E6C4D1906C6AE092C","status":"6","third_order_id":"2018053103110786395"}

2018-05-31 07:16:05:参数:{"merchant_id":"6008005629","service":"query_status","third_order_id":"2018053107160419993","nonce_str":"209M4YVG93HC7H8PKPHBR7LH2U16AJ67","sign":"241A142964F2391EE1B26E78636DF667"}

2018-05-31 07:16:11:继续查询:{"resp_code":"0","amount":"150","leshua_order_id":"1805310716022865","merchant_id":"6008005629","nonce_str":"VNQU3IK7XCHDTL2OTOUDFUCA2FYF2VGA","pay_way":"WXZF","result_code":"0","sign":"3486824448AF0015575FC6201BF186DA","status":"0","third_order_id":"2018053107160419993"}

2018-05-31 07:16:11:参数:{"merchant_id":"6008005629","service":"query_status","third_order_id":"2018053107160419993","nonce_str":"47O7AZY11HA2ZF7XKZFACWB5ZS9MVTTC","sign":"6A8DDFE017E2E9657C2015235A98E77E"}

2018-05-31 07:16:17:继续查询:{"resp_code":"0","amount":"150","leshua_order_id":"1805310716022865","merchant_id":"6008005629","nonce_str":"ZJJHWNJV8IEFRFWSBXE5ISDZ5SKB6T3U","pay_way":"WXZF","result_code":"0","sign":"31C75E18287B3CEC4E3641CF77F9A452","status":"0","third_order_id":"2018053107160419993"}

2018-05-31 07:16:17:参数:{"merchant_id":"6008005629","service":"query_status","third_order_id":"2018053107160419993","nonce_str":"R26OYMCIR6WPHG3H79YE8PAHLAFYUVGJ","sign":"A0429C97BBB637581EE8F795C8F5E7F1"}

2018-05-31 07:16:17:支付成功:{"resp_code":"0","amount":"150","bank_type":"CFT","leshua_order_id":"1805310716022865","merchant_id":"6008005629","nonce_str":"KTEQSIN4U8QDX155RAW9793MRWB469KQ","openid":"o8uJ6uIOiHqmQIz1T-hqIzN8WRgM","out_transaction_id":[],"pay_time":"2018-05-31 07:16:17","pay_way":"WXZF","result_code":"0","sign":"21EFD0AED4BEEAC832032DFA1937F1CA","status":"2","third_order_id":"2018053107160419993"}

2018-05-31 08:05:56:参数:{"merchant_id":"6008005629","service":"query_status","third_order_id":"2018053108055540008","nonce_str":"9DY1TRM2IPP1SZ20PBSVND0APFCX79FL","sign":"8056141E99C7333A0AB9717945C6A67C"}

2018-05-31 08:06:01:继续查询:{"resp_code":"0","amount":"3700","leshua_order_id":"1805310805508487","merchant_id":"6008005629","nonce_str":"1P8O1PE7IQA4EMBGVQLP6VCYEQW7NWFL","pay_way":"WXZF","result_code":"0","sign":"E0840CD8789B6D17CF322317B6743233","status":"0","third_order_id":"2018053108055540008"}

2018-05-31 08:06:01:参数:{"merchant_id":"6008005629","service":"query_status","third_order_id":"2018053108055540008","nonce_str":"PAHXV7BI6R0YZZ9DLYGS2VRTFHBMFSKP","sign":"25E7458CC034B7D874BCC92BDCCB452D"}

2018-05-31 08:06:07:继续查询:{"resp_code":"0","amount":"3700","leshua_order_id":"1805310805508487","merchant_id":"6008005629","nonce_str":"L9DY73LD4E5NIGD9JI9D06F6B21NNPK4","pay_way":"WXZF","result_code":"0","sign":"D9E72E01D11A959A31FF399B604B511D","status":"0","third_order_id":"2018053108055540008"}

2018-05-31 08:06:07:参数:{"merchant_id":"6008005629","service":"query_status","third_order_id":"2018053108055540008","nonce_str":"KCOZLFMPYHLWBEEWZ06QGQ2FWVN03229","sign":"F0A2F186DE47FBD0092732287A28D46F"}

2018-05-31 08:06:12:继续查询:{"resp_code":"0","amount":"3700","leshua_order_id":"1805310805508487","merchant_id":"6008005629","nonce_str":"WUATDZK31ZAMR1WO49MXDPQRF72TD8WG","pay_way":"WXZF","result_code":"0","sign":"754FB9292672733922A5F8A772BA7079","status":"0","third_order_id":"2018053108055540008"}

2018-05-31 08:06:12:参数:{"merchant_id":"6008005629","service":"query_status","third_order_id":"2018053108055540008","nonce_str":"69I6AUFFVW1QWS4OQHSH0I4WKOYF8P0L","sign":"1998D788945F312812AD87154E249814"}

2018-05-31 08:06:18:继续查询:{"resp_code":"0","amount":"3700","leshua_order_id":"1805310805508487","merchant_id":"6008005629","nonce_str":"ZLRP9NTOIPDIC385F43SI7A8CNNUM94X","pay_way":"WXZF","result_code":"0","sign":"273A5C12B24D53055CF2765BDB8A8BFA","status":"0","third_order_id":"2018053108055540008"}

2018-05-31 08:06:18:参数:{"merchant_id":"6008005629","service":"query_status","third_order_id":"2018053108055540008","nonce_str":"RLJBQGSQV3PGJXNOUZ9BGIXBZLSCUJBG","sign":"0721E018E6634E3E1304F1A53B574A33"}

2018-05-31 08:06:23:继续查询:{"resp_code":"0","amount":"3700","leshua_order_id":"1805310805508487","merchant_id":"6008005629","nonce_str":"SXHTQW01ODXN4ZYOGPOUW7DE50LROGKO","pay_way":"WXZF","result_code":"0","sign":"E168CAB386925E80C2AC2E47520F12CA","status":"0","third_order_id":"2018053108055540008"}

2018-05-31 08:06:23:参数:{"merchant_id":"6008005629","service":"query_status","third_order_id":"2018053108055540008","nonce_str":"CB9FWONAC7P61JDY3CG6YNT5UEV1AWT2","sign":"CCEC8052CE866EA3FEB92AD278E4EA68"}

2018-05-31 08:06:29:继续查询:{"resp_code":"0","amount":"3700","leshua_order_id":"1805310805508487","merchant_id":"6008005629","nonce_str":"YLVE920EMK3IETNXGZDUYT1XE8AIO3VO","pay_way":"WXZF","result_code":"0","sign":"788083FD6816A75C7F07E558D87A7529","status":"0","third_order_id":"2018053108055540008"}

2018-05-31 08:06:29:参数:{"merchant_id":"6008005629","service":"query_status","third_order_id":"2018053108055540008","nonce_str":"SW5U7P8GKD5M2HG2UE4C5WD33GMJ3PC6","sign":"5D2C6EBB20FAA59807A4202E3D55DEB6"}

2018-05-31 08:09:48:参数:{"merchant_id":"6008005629","service":"query_status","third_order_id":"2018053108094752791","nonce_str":"ABVNKVVMI8O9DTZ7USIL20NB0UD2JV42","sign":"92349D446FA967D4FE8DA0407ACC240E"}

2018-05-31 08:09:54:继续查询:{"resp_code":"0","amount":"1120","leshua_order_id":"1805310809421375","merchant_id":"6008005629","nonce_str":"TSW2AFZ2ZECXYVD6BHEGEAWTNQ97NUGN","pay_way":"WXZF","result_code":"0","sign":"F176CC7CC5C6568580150570F00B1B39","status":"0","third_order_id":"2018053108094752791"}

2018-05-31 08:09:54:参数:{"merchant_id":"6008005629","service":"query_status","third_order_id":"2018053108094752791","nonce_str":"IUZJ540TI7TM0VZFIVY1I1OOEG41O9EZ","sign":"F10B9F5096B34D6897DCC106EBBD265F"}

2018-05-31 08:09:59:继续查询:{"resp_code":"0","amount":"1120","leshua_order_id":"1805310809421375","merchant_id":"6008005629","nonce_str":"FODW03M9IKQ3QKP6VQR6GPDKDUNDBCU1","pay_way":"WXZF","result_code":"0","sign":"BBC3792D2E907D575B0C307FF581CD3D","status":"0","third_order_id":"2018053108094752791"}

2018-05-31 08:09:59:参数:{"merchant_id":"6008005629","service":"query_status","third_order_id":"2018053108094752791","nonce_str":"WF25JYB8FWC8OE3S7BO5A5O0U0M4KTNW","sign":"8C4F455F6BC5AE899497422C4C5AC17B"}

2018-05-31 08:10:05:继续查询:{"resp_code":"0","amount":"1120","leshua_order_id":"1805310809421375","merchant_id":"6008005629","nonce_str":"KS0RWGPNYRM0MXLUCH19KYAMYZM3B0OF","pay_way":"WXZF","result_code":"0","sign":"FFDA81E7C48C9FE79346F517E4A84E4D","status":"0","third_order_id":"2018053108094752791"}

2018-05-31 08:10:05:参数:{"merchant_id":"6008005629","service":"query_status","third_order_id":"2018053108094752791","nonce_str":"MK82VI3KJZ1XN3XP3R3BCQ0K8PV6ZB3F","sign":"9A2E117C1D83A1158F97127669C8B455"}

2018-05-31 08:10:10:继续查询:{"resp_code":"0","amount":"1120","leshua_order_id":"1805310809421375","merchant_id":"6008005629","nonce_str":"PGKV5CQAH0XSFYY60HDV8OJKOG7YAE50","pay_way":"WXZF","result_code":"0","sign":"925CB27A31670BFC6AAE5933B516D751","status":"0","third_order_id":"2018053108094752791"}

2018-05-31 08:10:10:参数:{"merchant_id":"6008005629","service":"query_status","third_order_id":"2018053108094752791","nonce_str":"MBTLKKHX6QUE2Q5XWYUM80E12BRW28MV","sign":"AF61745893356650E25D7D87EB6598D6"}

2018-05-31 08:10:16:继续查询:{"resp_code":"0","amount":"1120","leshua_order_id":"1805310809421375","merchant_id":"6008005629","nonce_str":"00PJXIY88DVTWYV2MEQ2FVSH4UE51TW6","pay_way":"WXZF","result_code":"0","sign":"A15F61DA0CA3A0768036AABAE05E9402","status":"0","third_order_id":"2018053108094752791"}

2018-05-31 08:10:16:参数:{"merchant_id":"6008005629","service":"query_status","third_order_id":"2018053108094752791","nonce_str":"V9V8GWWW04OAA8N8DEHM2C2SUA1Y3S10","sign":"DEF6F4215D8740945139D980DE406E0B"}

2018-05-31 08:10:16:支付成功:{"resp_code":"0","amount":"1120","bank_type":"CFT","leshua_order_id":"1805310809421375","merchant_id":"6008005629","nonce_str":"BBZ9ABJY2RC06GSJHGW4GD9ND3GZSTZV","openid":"o8uJ6uFo_rcqrWvkQNxvsMFczVUI","out_transaction_id":[],"pay_time":"2018-05-31 08:10:16","pay_way":"WXZF","result_code":"0","sign":"E17A0F61ABFFE496D66E63B7E697E88E","status":"2","third_order_id":"2018053108094752791"}

2018-05-31 08:27:37:参数:{"merchant_id":"6008005629","service":"query_status","third_order_id":"2018053108273661704","nonce_str":"W8OFK26FQ7M0VBMWGG7HNNJYY4WEZXQ1","sign":"3345F6542D76900F5C12142C64865FF6"}

2018-05-31 08:27:43:继续查询:{"resp_code":"0","amount":"160","leshua_order_id":"1805310827325645","merchant_id":"6008005629","nonce_str":"5C86268RVIL5RQ75SJ2SVXF0MSFNLHI3","pay_way":"WXZF","result_code":"0","sign":"2AE010ADA9BA110A2C59E11E4F0D2198","status":"0","third_order_id":"2018053108273661704"}

2018-05-31 08:27:43:参数:{"merchant_id":"6008005629","service":"query_status","third_order_id":"2018053108273661704","nonce_str":"8RC56ZZB4O20FX4DW9D8NC1079AXWBQ7","sign":"4100309AC58C55AEC2805A34C0187652"}

2018-05-31 08:27:48:继续查询:{"resp_code":"0","amount":"160","leshua_order_id":"1805310827325645","merchant_id":"6008005629","nonce_str":"WAFO8AW9YITOPX58UZRXC8KU2SUJ4RQP","pay_way":"WXZF","result_code":"0","sign":"61A3923CC7B212FCCCF6B881F7B817A6","status":"0","third_order_id":"2018053108273661704"}

2018-05-31 08:27:48:参数:{"merchant_id":"6008005629","service":"query_status","third_order_id":"2018053108273661704","nonce_str":"9KJRC2RQ1DRYPHH0EV2D335M2B5JXX6O","sign":"97A6E3E27795CEB48C9BCAA77419C240"}

2018-05-31 08:27:54:继续查询:{"resp_code":"0","amount":"160","leshua_order_id":"1805310827325645","merchant_id":"6008005629","nonce_str":"75QRR5S7QYGVL3VZKW2ZONMQF2APKFFS","pay_way":"WXZF","result_code":"0","sign":"3551B2F91FE88741606E8C1590921E6E","status":"0","third_order_id":"2018053108273661704"}

2018-05-31 08:27:54:参数:{"merchant_id":"6008005629","service":"query_status","third_order_id":"2018053108273661704","nonce_str":"9QR0N0KTSJ509P8L8F27U2W8X36BG7EB","sign":"FDF4E77EDEBA2CC47371DE27C0831697"}

2018-05-31 08:28:00:继续查询:{"resp_code":"0","amount":"160","leshua_order_id":"1805310827325645","merchant_id":"6008005629","nonce_str":"0RCS20N74Y5G1KJYLC81DA64A7T7G04C","pay_way":"WXZF","result_code":"0","sign":"DF8FBAC3349B2462EC61620E2C2EB692","status":"0","third_order_id":"2018053108273661704"}

2018-05-31 08:28:00:参数:{"merchant_id":"6008005629","service":"query_status","third_order_id":"2018053108273661704","nonce_str":"PI4UDVTM5LQ7RUPQ4P6FJUMYLV3VSJNA","sign":"2AAA7B464F488B7749D856DDC54D0CD0"}

2018-05-31 08:28:05:继续查询:{"resp_code":"0","amount":"160","leshua_order_id":"1805310827325645","merchant_id":"6008005629","nonce_str":"6D9WWHUQGY6XMUG575X3KTLCWHPD0IVS","pay_way":"WXZF","result_code":"0","sign":"06615A14087B17127EBE054287072302","status":"0","third_order_id":"2018053108273661704"}

2018-05-31 08:28:05:参数:{"merchant_id":"6008005629","service":"query_status","third_order_id":"2018053108273661704","nonce_str":"37JRT284A5M3JVJW3M9S6FOP1J88CRZT","sign":"1E745CB4B4D2F761514F9B51E8AE5819"}

2018-05-31 08:28:10:继续查询:{"resp_code":"0","amount":"160","leshua_order_id":"1805310827325645","merchant_id":"6008005629","nonce_str":"UM93ANICLZCCDFHLNL3F9B457S42CN5T","pay_way":"WXZF","result_code":"0","sign":"342AF2EFE5EAA23E668CBB6090ED1BC7","status":"0","third_order_id":"2018053108273661704"}

2018-05-31 08:28:10:参数:{"merchant_id":"6008005629","service":"query_status","third_order_id":"2018053108273661704","nonce_str":"M3HG06BNHQUZBSV1JMZCQS8O8H4DITFP","sign":"849A0E612230B61D1FD9B2BA0876B2A1"}

2018-05-31 08:33:38:参数:{"merchant_id":"6008005629","service":"query_status","third_order_id":"2018053108333623015","nonce_str":"E287HC5SLL7IQ78FHN7SDV0ZRSGEF32B","sign":"1DEBA4E5C71B6363F65DF76A1A47948B"}

2018-05-31 08:33:43:继续查询:{"resp_code":"0","amount":"1360","leshua_order_id":"1805310833303079","merchant_id":"6008005629","nonce_str":"M0GH2U0RRMIFV2ZFG8CV3X8B5OMWNUT4","pay_way":"ZFBZF","result_code":"0","sign":"4C0E675099F99D51949751C44F1510F1","status":"0","third_order_id":"2018053108333623015"}

2018-05-31 08:33:43:参数:{"merchant_id":"6008005629","service":"query_status","third_order_id":"2018053108333623015","nonce_str":"9IJDJR19E6DQ00TBEAQ6SHI2XEKYK048","sign":"5233639D4D0D6437C279020F6FA1A3BA"}

2018-05-31 08:33:48:继续查询:{"resp_code":"0","amount":"1360","leshua_order_id":"1805310833303079","merchant_id":"6008005629","nonce_str":"64V0F41IVM1G4Y4102EVGVXHW9XKE57T","pay_way":"ZFBZF","result_code":"0","sign":"D09D4BFDBB3547C7AD9777395C4E22BD","status":"0","third_order_id":"2018053108333623015"}

2018-05-31 08:33:48:参数:{"merchant_id":"6008005629","service":"query_status","third_order_id":"2018053108333623015","nonce_str":"XALQMJ43O0UYK9E8PXESSCQI7GUTJ1TO","sign":"A039D7BF3E52C61173842655FD69526C"}

2018-05-31 08:33:55:继续查询:{"resp_code":"0","amount":"1360","leshua_order_id":"1805310833303079","merchant_id":"6008005629","nonce_str":"13W6O6VJF5V91XLK3HBPVAB8NCQUTD8T","pay_way":"ZFBZF","result_code":"0","sign":"6495A1EE9F55FFCAAEC49ED31B237E9E","status":"0","third_order_id":"2018053108333623015"}

2018-05-31 08:33:55:参数:{"merchant_id":"6008005629","service":"query_status","third_order_id":"2018053108333623015","nonce_str":"VMXLJ0H3BCJ2LA7JRK6Y1JXQNJP2M3O4","sign":"DB269A65A500714928669F71A972D30C"}

2018-05-31 08:34:00:继续查询:{"resp_code":"0","amount":"1360","leshua_order_id":"1805310833303079","merchant_id":"6008005629","nonce_str":"Y0WWDAIQZCZPX7HCD84JSDY3N5MB2WAF","pay_way":"ZFBZF","result_code":"0","sign":"19172C5D07F103186011F12F56BE83F9","status":"0","third_order_id":"2018053108333623015"}

2018-05-31 08:34:00:参数:{"merchant_id":"6008005629","service":"query_status","third_order_id":"2018053108333623015","nonce_str":"Y4Z39X4CYM8X2SKR0MQOX1E9JDUD7FKZ","sign":"55098F054ED7CE6213B47C140C51644B"}

2018-05-31 08:34:06:继续查询:{"resp_code":"0","amount":"1360","leshua_order_id":"1805310833303079","merchant_id":"6008005629","nonce_str":"XK0ZEEEEP9AV4AXPDS72ZOYNN5JO1Y21","pay_way":"ZFBZF","result_code":"0","sign":"9B2C9436C9489EF5B62870185ABCBE5A","status":"0","third_order_id":"2018053108333623015"}

2018-05-31 08:34:06:参数:{"merchant_id":"6008005629","service":"query_status","third_order_id":"2018053108333623015","nonce_str":"SOQ4BQ9DJQRIZKPS41FQUKDWMEQKZFCD","sign":"F880D20DBD2B07A0CF831972A547EB3E"}

2018-05-31 08:34:11:继续查询:{"resp_code":"0","amount":"1360","leshua_order_id":"1805310833303079","merchant_id":"6008005629","nonce_str":"14QWF99A8TJOEKTR2AARJYW6Z4AFOX3V","pay_way":"ZFBZF","result_code":"0","sign":"D93270E260F2B86B76CDC1B74E4A998F","status":"0","third_order_id":"2018053108333623015"}

2018-05-31 08:34:11:参数:{"merchant_id":"6008005629","service":"query_status","third_order_id":"2018053108333623015","nonce_str":"5CMBV36BCCZ81ARY311DSDQ4P3UJSX04","sign":"A78CF0E45B59C99ECC792BDFD70F47C7"}

2018-05-31 08:47:27:参数:{"merchant_id":"6008005629","service":"query_status","third_order_id":"2018053108472644135","nonce_str":"T7TYFF5U8NUW644F5AYHWT0DHURGIWZW","sign":"F37C6D9548FAF0CC998B3CDEE5436392"}

2018-05-31 08:47:32:继续查询:{"resp_code":"0","amount":"100","leshua_order_id":"1805310847205626","merchant_id":"6008005629","nonce_str":"HUTB61R05KKC2QQJZMLDM60358TV00J4","pay_way":"WXZF","result_code":"0","sign":"0296D6FD00BB810A3B5A64F413813CEC","status":"0","third_order_id":"2018053108472644135"}

2018-05-31 08:47:32:参数:{"merchant_id":"6008005629","service":"query_status","third_order_id":"2018053108472644135","nonce_str":"NSJNVYE30NZXXYM6369RPIU7P6YIESC6","sign":"E519A8CAA43D00AD2A1B3952DC3FF01C"}

2018-05-31 08:47:38:继续查询:{"resp_code":"0","amount":"100","leshua_order_id":"1805310847205626","merchant_id":"6008005629","nonce_str":"TVIK6KEHNKWJ8E7XXPJV3HW0KIG1CUAX","pay_way":"WXZF","result_code":"0","sign":"85298ADB82DED9DEDED5F91470CF311C","status":"0","third_order_id":"2018053108472644135"}

2018-05-31 08:47:38:参数:{"merchant_id":"6008005629","service":"query_status","third_order_id":"2018053108472644135","nonce_str":"KUYNIORGTEUF1NX4QOKBJ7YPW2TOCI81","sign":"352C57C8AF5B3B6E0F6F449AAEFE831A"}

2018-05-31 08:47:43:继续查询:{"resp_code":"0","amount":"100","leshua_order_id":"1805310847205626","merchant_id":"6008005629","nonce_str":"QAERAN2QEQ80NS32H4YAB8R213977LKL","pay_way":"WXZF","result_code":"0","sign":"6FE18228729E77C6BCF7CA6AFAA10C7E","status":"0","third_order_id":"2018053108472644135"}

2018-05-31 08:47:43:参数:{"merchant_id":"6008005629","service":"query_status","third_order_id":"2018053108472644135","nonce_str":"R56VIWVQRDNYX14LZLF81ZN5IF6SZK41","sign":"47CC272F7BDEB53DD5DFFF7A01D7BBF2"}

2018-05-31 08:47:49:继续查询:{"resp_code":"0","amount":"100","leshua_order_id":"1805310847205626","merchant_id":"6008005629","nonce_str":"QHJ64D0B2DBEV5YIJ8ZXF6KBW0IK2OII","pay_way":"WXZF","result_code":"0","sign":"975C07A5E2654552B37A767E74C2F5D7","status":"0","third_order_id":"2018053108472644135"}

2018-05-31 08:47:49:参数:{"merchant_id":"6008005629","service":"query_status","third_order_id":"2018053108472644135","nonce_str":"2WWA66GXAH8XS4320B5OY7J99FHSSY2F","sign":"872A0E34551CE162823DCC9107468DF9"}

2018-05-31 08:47:54:继续查询:{"resp_code":"0","amount":"100","leshua_order_id":"1805310847205626","merchant_id":"6008005629","nonce_str":"4OI1RLSPT1K1L5FF15EPLRF476XAJ3QW","pay_way":"WXZF","result_code":"0","sign":"52A7A02C48804BC1CE392A3DCFD48210","status":"0","third_order_id":"2018053108472644135"}

2018-05-31 08:47:54:参数:{"merchant_id":"6008005629","service":"query_status","third_order_id":"2018053108472644135","nonce_str":"GNI5EK54YKE78FNFICJ1CPI60M4D93HP","sign":"EB7D0C483005676D1FC8FEC405528E8B"}

2018-05-31 08:47:59:继续查询:{"resp_code":"0","amount":"100","leshua_order_id":"1805310847205626","merchant_id":"6008005629","nonce_str":"QTCFCRRYOM5PO2VT3VMYG1KFQ42UJID2","pay_way":"WXZF","result_code":"0","sign":"92C2B45A9C040AAD432A4E86DD7D011A","status":"0","third_order_id":"2018053108472644135"}

2018-05-31 08:47:59:参数:{"merchant_id":"6008005629","service":"query_status","third_order_id":"2018053108472644135","nonce_str":"40O1PPFOOA70I5N3NZCZPE63VAKTPCWI","sign":"F95B18259F83CB5E233A1328175260BA"}

2018-05-31 10:01:07:参数:{"merchant_id":"6008005629","service":"query_status","third_order_id":"2018053110010573204","nonce_str":"U5RLJ00NHOU96BGY7PE57KR6RM1GUS0Y","sign":"DAD09B1DE4BE26A35D3C95E142F36228"}

2018-05-31 10:01:13:继续查询:{"resp_code":"0","amount":"2870","leshua_order_id":"1805311001002444","merchant_id":"6008005629","nonce_str":"CYL0U7PAWQQLSLLKG8MA29BYA21EV4HO","pay_way":"ZFBZF","result_code":"0","sign":"9FBD975FB173AD6571067F9184F89DDE","status":"0","third_order_id":"2018053110010573204"}

2018-05-31 10:01:13:参数:{"merchant_id":"6008005629","service":"query_status","third_order_id":"2018053110010573204","nonce_str":"8OH8WGU8M2TE6L4ZSXK8XCNYJOM93090","sign":"1C7969A23580295BB5022ABDDFA48754"}

2018-05-31 10:01:18:继续查询:{"resp_code":"0","amount":"2870","leshua_order_id":"1805311001002444","merchant_id":"6008005629","nonce_str":"H715TBS05SG0UDO8MOFC746TQWPJY23P","pay_way":"ZFBZF","result_code":"0","sign":"DE8D2D5E4F9ED808947FAD3E933F81C8","status":"0","third_order_id":"2018053110010573204"}

2018-05-31 10:01:18:参数:{"merchant_id":"6008005629","service":"query_status","third_order_id":"2018053110010573204","nonce_str":"EW0EQFLX5ZXZMO93SS32SML9ZDL7CAO5","sign":"579A3EE87BB3A5FC27418D44C3DAA04F"}

2018-05-31 10:01:23:继续查询:{"resp_code":"0","amount":"2870","leshua_order_id":"1805311001002444","merchant_id":"6008005629","nonce_str":"L2XIUVHQ97M2XJ9L0H89CZP54S0E3GB8","pay_way":"ZFBZF","result_code":"0","sign":"258446A7EACB80BA1CDB0D65AF436821","status":"0","third_order_id":"2018053110010573204"}

2018-05-31 10:01:23:参数:{"merchant_id":"6008005629","service":"query_status","third_order_id":"2018053110010573204","nonce_str":"MHZ1HHWYRE2O6DM2FXS8AXM6DN5AV026","sign":"F03482C74F6DFD89D225A85BA8EF12F6"}

2018-05-31 10:01:29:继续查询:{"resp_code":"0","amount":"2870","leshua_order_id":"1805311001002444","merchant_id":"6008005629","nonce_str":"T9DA9YGJ1WRIEYGBK8MW4WQHND84H6KI","pay_way":"ZFBZF","result_code":"0","sign":"A0379231FBBE5E7214144638F99BE94C","status":"0","third_order_id":"2018053110010573204"}

2018-05-31 10:01:29:参数:{"merchant_id":"6008005629","service":"query_status","third_order_id":"2018053110010573204","nonce_str":"U2POXLCCFSOURCNOETCDDT2EHFBVPYCW","sign":"5D88F10D025565686F95E1ADB9F012E9"}

2018-05-31 10:01:34:继续查询:{"resp_code":"0","amount":"2870","leshua_order_id":"1805311001002444","merchant_id":"6008005629","nonce_str":"9NPQIDEAY2YWTMXFLH5O6KJ194Y70ER9","pay_way":"ZFBZF","result_code":"0","sign":"E2C17F651103306DF9E6319743F43797","status":"0","third_order_id":"2018053110010573204"}

2018-05-31 10:01:34:参数:{"merchant_id":"6008005629","service":"query_status","third_order_id":"2018053110010573204","nonce_str":"55Q3EG2N1PR5NXIIVX2D1H3THYO1DPXG","sign":"EE98FF4E615B22065F0D7462A39730A3"}

2018-05-31 10:01:40:继续查询:{"resp_code":"0","amount":"2870","leshua_order_id":"1805311001002444","merchant_id":"6008005629","nonce_str":"E5O8ECUXNQRZL1HD8W54Q7GR2TQ6V7RN","pay_way":"ZFBZF","result_code":"0","sign":"FB9C4E22A89F29B3EC5BF821CA41A972","status":"0","third_order_id":"2018053110010573204"}

2018-05-31 10:01:40:参数:{"merchant_id":"6008005629","service":"query_status","third_order_id":"2018053110010573204","nonce_str":"XIKECLO387LHCPYM6JJ09UTHMH8XQVYS","sign":"E5380015FD0710712133EF639C9AE5A3"}

2018-05-31 10:59:40:参数:{"merchant_id":"6008005629","service":"query_status","third_order_id":"2018053110593819943","nonce_str":"C0HQSKXONRN3UNWZ4S4NSU3G43BYZUWB","sign":"03EC0BE808880C9B9287AD68E3F3A2D8"}

2018-05-31 10:59:45:继续查询:{"resp_code":"0","amount":"1070","leshua_order_id":"1805311059336113","merchant_id":"6008005629","nonce_str":"JEIHV2GUHFSLDJ6UN11QP5D1LR7309TH","pay_way":"WXZF","result_code":"0","sign":"0A8F5A4835DBCF7924877489F92F1F22","status":"0","third_order_id":"2018053110593819943"}

2018-05-31 10:59:45:参数:{"merchant_id":"6008005629","service":"query_status","third_order_id":"2018053110593819943","nonce_str":"RPJK7281LYY544R2FUSFCARX3Y29JR7V","sign":"8DEFEBD351748C68786EA41F5B3F04C6"}

2018-05-31 10:59:51:继续查询:{"resp_code":"0","amount":"1070","leshua_order_id":"1805311059336113","merchant_id":"6008005629","nonce_str":"EAENU8PWA62MED476JBH82S2VG3MKHH6","pay_way":"WXZF","result_code":"0","sign":"41C4DFC29A8349ADE3D58655FBF45CB1","status":"0","third_order_id":"2018053110593819943"}

2018-05-31 10:59:51:参数:{"merchant_id":"6008005629","service":"query_status","third_order_id":"2018053110593819943","nonce_str":"UP6F40NV9V7PYQATGQYQCT24O25H2LST","sign":"CDCE54A752A7D8ABEBAE157B059B94F0"}

2018-05-31 10:59:51:支付成功:{"resp_code":"0","amount":"1070","bank_type":"CFT","leshua_order_id":"1805311059336113","merchant_id":"6008005629","nonce_str":"8L3ML73I1X8HY1B0OISFZYXFLFMH7CXX","openid":"o8uJ6uAwRsUvJ2eJi3ZxYNL8bWy0","out_transaction_id":[],"pay_time":"2018-05-31 10:59:51","pay_way":"WXZF","result_code":"0","sign":"10530B89E04F0535C25133BAF66FA10D","status":"2","third_order_id":"2018053110593819943"}

2018-05-31 13:09:19:参数:{"merchant_id":"6008005629","service":"query_status","third_order_id":"2018053113091852564","nonce_str":"BP44A1F1O64YMDSTGY3LG40QNZI2SEZV","sign":"48F125CC6A930D29DB16D1714731686D"}

2018-05-31 13:09:25:继续查询:{"resp_code":"0","amount":"500","leshua_order_id":"1805311309101387","merchant_id":"6008005629","nonce_str":"76LSJURQEPP0HKF9CO12UNZKN3FPID88","pay_way":"WXZF","result_code":"0","sign":"ED80A2AC447A21D498055247EF3CD427","status":"0","third_order_id":"2018053113091852564"}

2018-05-31 13:09:25:参数:{"merchant_id":"6008005629","service":"query_status","third_order_id":"2018053113091852564","nonce_str":"SHBZDRGZIW37QQR5WR7C2JHDAR4BWJVQ","sign":"B206FCB83971BAF93C3955A731683209"}

2018-05-31 13:09:30:继续查询:{"resp_code":"0","amount":"500","leshua_order_id":"1805311309101387","merchant_id":"6008005629","nonce_str":"1K52U6420UVHGMRNX5MY01JI0MQQA2ST","pay_way":"WXZF","result_code":"0","sign":"354C92402EE84346E217560C9B72F8C9","status":"0","third_order_id":"2018053113091852564"}

2018-05-31 13:09:30:参数:{"merchant_id":"6008005629","service":"query_status","third_order_id":"2018053113091852564","nonce_str":"SH0S1PA0RROHEYNRP1ITYSHB75QVOY5M","sign":"A24E7AFC199C561984BC43D15AA0277A"}

2018-05-31 13:09:36:继续查询:{"resp_code":"0","amount":"500","leshua_order_id":"1805311309101387","merchant_id":"6008005629","nonce_str":"1RSCYCP549XC0TVWUTZUL46SEXK0PCWG","pay_way":"WXZF","result_code":"0","sign":"D3D235FB5E45F3BEB70F84B753E38936","status":"0","third_order_id":"2018053113091852564"}

2018-05-31 13:09:36:参数:{"merchant_id":"6008005629","service":"query_status","third_order_id":"2018053113091852564","nonce_str":"RTHJNNDEKWA05NDAKHQTKCL0UCC88KNB","sign":"B8C11A03417A3257203796BF15031EAF"}

2018-05-31 13:09:41:继续查询:{"resp_code":"0","amount":"500","leshua_order_id":"1805311309101387","merchant_id":"6008005629","nonce_str":"NCJ3N7XUW4W9LI948K6314NJPI6425ZO","pay_way":"WXZF","result_code":"0","sign":"FC1538DFFB8F0745A6527EFFEC9BB194","status":"0","third_order_id":"2018053113091852564"}

2018-05-31 13:09:41:参数:{"merchant_id":"6008005629","service":"query_status","third_order_id":"2018053113091852564","nonce_str":"YIA9000YLRHEV4HF4KTNKXSEKT859CHN","sign":"390D7CEEA2967B2AC05090626C19B229"}

2018-05-31 13:09:47:继续查询:{"resp_code":"0","amount":"500","leshua_order_id":"1805311309101387","merchant_id":"6008005629","nonce_str":"TBTNXL90YNB5QDNK02SAYYTN94GY8V1A","pay_way":"WXZF","result_code":"0","sign":"435093AB22E53CE9B7C970EADA6206B6","status":"0","third_order_id":"2018053113091852564"}

2018-05-31 13:09:47:参数:{"merchant_id":"6008005629","service":"query_status","third_order_id":"2018053113091852564","nonce_str":"WMCDBROJMEXUSCGXEFMBYOSQQP28H6VZ","sign":"32F7348E3726410803E2AB842C1DBFF0"}

2018-05-31 13:09:52:继续查询:{"resp_code":"0","amount":"500","leshua_order_id":"1805311309101387","merchant_id":"6008005629","nonce_str":"I9MH1WYR4WODWREDWVUMZ0ZVWBOYQPAQ","pay_way":"WXZF","result_code":"0","sign":"217E25D73EE87E42B70F1FFA3F0D7254","status":"0","third_order_id":"2018053113091852564"}

2018-05-31 13:09:52:参数:{"merchant_id":"6008005629","service":"query_status","third_order_id":"2018053113091852564","nonce_str":"1INGDNKOJ3GH0JCLI4B8U8MCO36RZP7P","sign":"72517BAA54B9C989C31196126B475488"}

2018-05-31 13:12:45:参数:{"merchant_id":"6008005629","service":"query_status","third_order_id":"2018053113124463277","nonce_str":"X6QHWW5URGIWZ5GV00WFP4CPKTY2FCP7","sign":"B16B4B547987CD51C7C9F71B2A485F4B"}

2018-05-31 13:12:51:继续查询:{"resp_code":"0","amount":"1430","leshua_order_id":"1805311312425347","merchant_id":"6008005629","nonce_str":"4E1H0TR948NX0RS0Z405F5WZR432N79F","pay_way":"WXZF","result_code":"0","sign":"7B19739EC768272E9C5D0802CE179AD8","status":"0","third_order_id":"2018053113124463277"}

2018-05-31 13:12:51:参数:{"merchant_id":"6008005629","service":"query_status","third_order_id":"2018053113124463277","nonce_str":"0YRPX0L3K00B060AQG7V0GA49I7KZ9WT","sign":"0090C2E0F9738F4C38825A6FA34C3C05"}

2018-05-31 13:12:56:继续查询:{"resp_code":"0","amount":"1430","leshua_order_id":"1805311312425347","merchant_id":"6008005629","nonce_str":"3IK8I8F1ZXLORCFB8NISF60ZP6NNRET2","pay_way":"WXZF","result_code":"0","sign":"6AD168091423B6DD99A964C80B820CB0","status":"0","third_order_id":"2018053113124463277"}

2018-05-31 13:12:56:参数:{"merchant_id":"6008005629","service":"query_status","third_order_id":"2018053113124463277","nonce_str":"WZPT2MQNIT2OTK1RU697GI1Y6ZRFX65V","sign":"D08871B4044364006381313EB94C0F0B"}

2018-05-31 13:12:57:支付成功:{"resp_code":"0","amount":"1430","bank_type":"CFT","leshua_order_id":"1805311312425347","merchant_id":"6008005629","nonce_str":"0IPGK5OHLLFZXHC7HW0RZ55GYKAWRUNR","openid":"o8uJ6uAAslg7xV22tx0aSmVizcDs","out_transaction_id":[],"pay_time":"2018-05-31 13:12:56","pay_way":"WXZF","result_code":"0","sign":"18D01882C039F635862BAF6994C7AFBA","status":"2","third_order_id":"2018053113124463277"}

2018-05-31 16:59:29:参数:{"merchant_id":"6008005629","service":"query_status","third_order_id":"2018053116592879151","nonce_str":"RNAZLVCX32CL7BCLD52D72RDDDSS0XKR","sign":"9B64DC69279A4766B2E82186DE7ECF86"}

2018-05-31 16:59:34:继续查询:{"resp_code":"0","amount":"700","leshua_order_id":"1805311659224137","merchant_id":"6008005629","nonce_str":"ZRVE8UL404YV6OM3AN9KC9E1EX2N8WU7","pay_way":"WXZF","result_code":"0","sign":"933459903871CEAD19E48C91081CD4F0","status":"0","third_order_id":"2018053116592879151"}

2018-05-31 16:59:34:参数:{"merchant_id":"6008005629","service":"query_status","third_order_id":"2018053116592879151","nonce_str":"70RDUPF3T76PRYSZY4DWQ8IGGQ617JZS","sign":"DEF0D6142CB55146589174AE9221EB63"}

2018-05-31 16:59:35:支付失败:{"resp_code":"0","amount":"700","leshua_order_id":"1805311659224137","merchant_id":"6008005629","nonce_str":"QTAIUC9JFNIHGV886PDFHDFMI0H0VMUG","pay_way":"WXZF","result_code":"0","sign":"D8C3DA24FE310F96751B8FCAE07C91D5","status":"8","third_order_id":"2018053116592879151"}

2018-05-31 16:59:59:参数:{"merchant_id":"6008005629","service":"query_status","third_order_id":"2018053116595822922","nonce_str":"HFOC2P6B5YIA7LALPCEW5LEAPX8L7H7P","sign":"F300B2BDC712B654668FCE1C11374931"}

2018-05-31 17:00:05:继续查询:{"resp_code":"0","amount":"700","leshua_order_id":"1805311659530881","merchant_id":"6008005629","nonce_str":"FE9C6QA4ODDNUL5V86JG20WRDRT8TPM6","pay_way":"WXZF","result_code":"0","sign":"E7D9998632107CD5993F4F1472F3D53F","status":"0","third_order_id":"2018053116595822922"}

2018-05-31 17:00:05:参数:{"merchant_id":"6008005629","service":"query_status","third_order_id":"2018053116595822922","nonce_str":"4D1H9VO51VMC3JWB27HEDBEJH638HQQ3","sign":"91D132DBD9BEC6AC1B73C0E00E06CA87"}

2018-05-31 17:00:06:支付失败:{"resp_code":"0","amount":"700","leshua_order_id":"1805311659530881","merchant_id":"6008005629","nonce_str":"RW71XA86QWBEEJQYV2SU4OU1P28NJ3IU","pay_way":"WXZF","result_code":"0","sign":"F62AF6B300BD8FD02477A3C46AF88DDA","status":"8","third_order_id":"2018053116595822922"}

2018-05-31 17:51:54:参数:{"merchant_id":"6008005629","service":"query_status","third_order_id":"2018053117515460918","nonce_str":"RJ5OYRY69XXU3U9C8TYOVS9P8YMKDX6Q","sign":"7FD3CB582B72FF1A45140A7A3A76A3FD"}

2018-05-31 17:52:00:继续查询:{"resp_code":"0","amount":"340","leshua_order_id":"1805311751538711","merchant_id":"6008005629","nonce_str":"8D249LR4B6F4RRAK8YIO2CYKCZDG4816","pay_way":"WXZF","result_code":"0","sign":"1EC17F939A213D3A1BC2B5ABB0EF7097","status":"0","third_order_id":"2018053117515460918"}

2018-05-31 17:52:00:参数:{"merchant_id":"6008005629","service":"query_status","third_order_id":"2018053117515460918","nonce_str":"F14RLCS72JF1TP1EEJXKPRYX76U5QY2I","sign":"EC28BBB59B1A33036C34034457AE7A5C"}

2018-05-31 17:52:05:继续查询:{"resp_code":"0","amount":"340","leshua_order_id":"1805311751538711","merchant_id":"6008005629","nonce_str":"6FYHOHAYO5GTCWH6FX6FCU4TNA9BQTHT","pay_way":"WXZF","result_code":"0","sign":"BD848D9141B4E2084227ECAF3AEBA245","status":"0","third_order_id":"2018053117515460918"}

2018-05-31 17:52:05:参数:{"merchant_id":"6008005629","service":"query_status","third_order_id":"2018053117515460918","nonce_str":"15LS77TFXVVVVRY01J1P30OYLBDRA9CG","sign":"FE9CBBBF9CE59E6BA4C46C6D8FBDBB05"}

2018-05-31 17:52:11:继续查询:{"resp_code":"0","amount":"340","leshua_order_id":"1805311751538711","merchant_id":"6008005629","nonce_str":"GXQFZI08M7NJB18ARM3QQFVVRFUI4GSQ","pay_way":"WXZF","result_code":"0","sign":"4FBF84B9008679F468D7F5678FDE2659","status":"0","third_order_id":"2018053117515460918"}

2018-05-31 17:52:11:参数:{"merchant_id":"6008005629","service":"query_status","third_order_id":"2018053117515460918","nonce_str":"9W1YNAZKYS0BMBSADB8FVUWHJYKO6HC4","sign":"36056A1FCD00B8DF99CC2084B1D0AC16"}

2018-05-31 17:52:16:继续查询:{"resp_code":"0","amount":"340","leshua_order_id":"1805311751538711","merchant_id":"6008005629","nonce_str":"QJ5EHFNB7V00WJ62TK8XHPF4BKECLPB2","pay_way":"WXZF","result_code":"0","sign":"0295A285009BC39C93C1E9A60103BC93","status":"0","third_order_id":"2018053117515460918"}

2018-05-31 17:52:16:参数:{"merchant_id":"6008005629","service":"query_status","third_order_id":"2018053117515460918","nonce_str":"JNB4YWNMF8VSQF6DZDSPAFT9Q9M1QKHV","sign":"8DB8C06B305429DC167171DFE5D7F7A5"}

2018-05-31 17:52:22:继续查询:{"resp_code":"0","amount":"340","leshua_order_id":"1805311751538711","merchant_id":"6008005629","nonce_str":"N78KLQ3Q18DZNHF2FVJ5CHPYA1LM13AC","pay_way":"WXZF","result_code":"0","sign":"8BE7DD9707B468D870E3D21078CA3AF8","status":"0","third_order_id":"2018053117515460918"}

2018-05-31 17:52:22:参数:{"merchant_id":"6008005629","service":"query_status","third_order_id":"2018053117515460918","nonce_str":"K7ASWTK509X6MBYSLHK0XR95SS7QRFFL","sign":"5CDCC16028FA4D4C58909EAF8F80CED2"}

2018-05-31 17:52:28:继续查询:{"resp_code":"0","amount":"340","leshua_order_id":"1805311751538711","merchant_id":"6008005629","nonce_str":"7W0A325RP5ZKU2CHNOVQZF34M6LKAY5K","pay_way":"WXZF","result_code":"0","sign":"ACDBCB12FCE7DD4F1E12F06A2D671D5A","status":"0","third_order_id":"2018053117515460918"}

2018-05-31 17:52:28:参数:{"merchant_id":"6008005629","service":"query_status","third_order_id":"2018053117515460918","nonce_str":"OYJG3QU58G1QCAO683H954OIPCTKCR05","sign":"89EB181D22BBF61079860E00A9F24271"}

2018-05-31 18:02:46:参数:{"merchant_id":"6008005629","service":"query_status","third_order_id":"2018053118024215006","nonce_str":"4HSQVH287JI81XPK38387F4I3Z9WL8VN","sign":"2FF6241DB3D90CD55D9AE840CDF9B5AF"}

2018-05-31 18:02:47:支付失败:{"resp_code":"0","amount":"1490","leshua_order_id":"1805311802434886","merchant_id":"6008005629","nonce_str":"K3NTQK4XDCCV7X0J12J22W5228345RFA","pay_way":"WXZF","result_code":"0","sign":"79385EA733F409D5204C15846A5873FF","status":"6","third_order_id":"2018053118024215006"}

2018-05-31 18:03:27:参数:{"merchant_id":"6008005629","service":"query_status","third_order_id":"2018053118032639603","nonce_str":"MTEC6OLKT7A3Z7CAFLEQNU5G4U4VDXZY","sign":"2238D5DA568165DA518FEF73D8162A24"}

2018-05-31 18:03:33:继续查询:{"resp_code":"0","amount":"990","leshua_order_id":"1805311803226897","merchant_id":"6008005629","nonce_str":"E263A01A3S1HCA1QUT7MQZWRJLCYJX4A","pay_way":"WXZF","result_code":"0","sign":"DE3AA2C7687462615783BCF48045457C","status":"0","third_order_id":"2018053118032639603"}

2018-05-31 18:03:33:参数:{"merchant_id":"6008005629","service":"query_status","third_order_id":"2018053118032639603","nonce_str":"1FQGKIOJTKGC2OP345HD6S3ZDMPKQ4R0","sign":"3AE5AC6342D13EDBA1D7100519AFB9F9"}

2018-05-31 18:03:38:继续查询:{"resp_code":"0","amount":"990","leshua_order_id":"1805311803226897","merchant_id":"6008005629","nonce_str":"UESE0BOWSL8EYI1BF64H8D9LN4OJRZ45","pay_way":"WXZF","result_code":"0","sign":"56F9749F504B46A0AF38CD6809BC5C58","status":"0","third_order_id":"2018053118032639603"}

2018-05-31 18:03:38:参数:{"merchant_id":"6008005629","service":"query_status","third_order_id":"2018053118032639603","nonce_str":"N3TIZE9WRKPEXUXUXBQRH522RRTK43D7","sign":"EB1EC3E55D10340BF5C6E4897A4917B0"}

2018-05-31 18:03:39:支付成功:{"resp_code":"0","amount":"990","bank_type":"CFT","leshua_order_id":"1805311803226897","merchant_id":"6008005629","nonce_str":"0PDGII84I8ZH5EDKKKMOXWGHDO2UWBCZ","openid":"o8uJ6uJh12eHd4e2r5L1iTkuzC2c","out_transaction_id":[],"pay_time":"2018-05-31 18:03:38","pay_way":"WXZF","result_code":"0","sign":"D0187989F4793F9099EFD2280394FF61","status":"2","third_order_id":"2018053118032639603"}

2018-05-31 18:32:28:参数:{"merchant_id":"6008005629","service":"query_status","third_order_id":"2018053118322726102","nonce_str":"FFD5EMD5ALUGLBRCR5C0W5IQP4A5ED67","sign":"8A29F9BB2C44853630D7AD695899E44C"}

2018-05-31 18:32:33:继续查询:{"resp_code":"0","amount":"1","leshua_order_id":"1805311832205228","merchant_id":"6008005629","nonce_str":"SIFW7VVP5CGM11Q1Y5WWSDEWC8ZZW58J","pay_way":"WXZF","result_code":"0","sign":"A8AB955DE1D2ED29F1C08832510F0391","status":"0","third_order_id":"2018053118322726102"}

2018-05-31 18:32:33:参数:{"merchant_id":"6008005629","service":"query_status","third_order_id":"2018053118322726102","nonce_str":"2UP4EMTAU7P0GU3J9ZKX4E7C4M4NA09A","sign":"AA08394E48B00A62433257EE1FE1A738"}

2018-05-31 18:32:39:继续查询:{"resp_code":"0","amount":"1","leshua_order_id":"1805311832205228","merchant_id":"6008005629","nonce_str":"X6RKF567U1XMFULG1RK3U2UVULQ3F4KO","pay_way":"WXZF","result_code":"0","sign":"D2DBBAB37DE7377B1FDF005B9CEE4B28","status":"0","third_order_id":"2018053118322726102"}

2018-05-31 18:32:39:参数:{"merchant_id":"6008005629","service":"query_status","third_order_id":"2018053118322726102","nonce_str":"M7L5U0HQYVHMZQXEQHRHUCS5VEVWU2UG","sign":"CB08F09A295AF592B65C99334DDFF0F1"}

2018-05-31 18:32:44:继续查询:{"resp_code":"0","amount":"1","leshua_order_id":"1805311832205228","merchant_id":"6008005629","nonce_str":"1FDMP24EACKH9RKTLP3409CGVXC5C3N4","pay_way":"WXZF","result_code":"0","sign":"3FA8FFA3DFF212EDFC207898D4FCE02B","status":"0","third_order_id":"2018053118322726102"}

2018-05-31 18:32:44:参数:{"merchant_id":"6008005629","service":"query_status","third_order_id":"2018053118322726102","nonce_str":"VN0KM4YQIM0VUWF26C2KXQM6HGRTF9GI","sign":"E789AFAF7C0C7E847D32B68F6835BB61"}

2018-05-31 18:32:50:继续查询:{"resp_code":"0","amount":"1","leshua_order_id":"1805311832205228","merchant_id":"6008005629","nonce_str":"KQ2KAMNO0V177H7167WAF5RLXGZ9AABM","pay_way":"WXZF","result_code":"0","sign":"3FAB96962346F2FC43D334DD0E0CEFC1","status":"0","third_order_id":"2018053118322726102"}

2018-05-31 18:32:50:参数:{"merchant_id":"6008005629","service":"query_status","third_order_id":"2018053118322726102","nonce_str":"KZCARZHSGTGRVN6LXH70MJW6W5W2U4I9","sign":"505E77E83191692CF47D53A04CE32EC4"}

2018-05-31 18:32:55:继续查询:{"resp_code":"0","amount":"1","leshua_order_id":"1805311832205228","merchant_id":"6008005629","nonce_str":"5W9CK3PI69YN4CZ6F2VADMW6MCLIHET9","pay_way":"WXZF","result_code":"0","sign":"9DAFA65A52A40EF10729F69D62DADF93","status":"0","third_order_id":"2018053118322726102"}

2018-05-31 18:32:55:参数:{"merchant_id":"6008005629","service":"query_status","third_order_id":"2018053118322726102","nonce_str":"O6XARJITCSR91RC64Q3Q3WYRGNBCMVTH","sign":"F485F22A5D384675D426FE6335EF9A32"}

2018-05-31 18:33:01:继续查询:{"resp_code":"0","amount":"1","leshua_order_id":"1805311832205228","merchant_id":"6008005629","nonce_str":"JBQPKELQW87GWJKR33QN4XP9JQ62H8OY","pay_way":"WXZF","result_code":"0","sign":"154AAD6984B0DFBE89DD83EBC880CBAC","status":"0","third_order_id":"2018053118322726102"}

2018-05-31 18:33:01:参数:{"merchant_id":"6008005629","service":"query_status","third_order_id":"2018053118322726102","nonce_str":"N8TPSKUMZA7FWVFF2346E7SLOIUBKZ8A","sign":"D9C70DA6E201FFF2691B635C67F4803A"}

2018-05-31 19:17:31:参数:{"merchant_id":"6008005629","service":"query_status","third_order_id":"2018053119173021026","nonce_str":"439YOAE32KNX7YEI4K6Z5APW5AIQMC3Q","sign":"B69E38F2D31D82C01980536B53BC2A1A"}

2018-05-31 19:17:37:继续查询:{"resp_code":"0","amount":"1280","leshua_order_id":"1805311917334832","merchant_id":"6008005629","nonce_str":"MECKLTZ6RY1JADY3TL3FBEHMNZEMLD6A","pay_way":"WXZF","result_code":"0","sign":"EC413353BF8FED3145E7C27CB96E1B62","status":"0","third_order_id":"2018053119173021026"}

2018-05-31 19:17:37:参数:{"merchant_id":"6008005629","service":"query_status","third_order_id":"2018053119173021026","nonce_str":"K7V9P66TC1ERD9O6N12ERQ31P4TJU7HD","sign":"C5DEB43C326ED7C2B4A83433101DB3EB"}

2018-05-31 19:17:42:继续查询:{"resp_code":"0","amount":"1280","leshua_order_id":"1805311917334832","merchant_id":"6008005629","nonce_str":"OAN9SMDGEYYU0Y289DRE0DIJZGN1F7D1","pay_way":"WXZF","result_code":"0","sign":"3B3E9B2BD973E588619373BD838BDBE9","status":"0","third_order_id":"2018053119173021026"}

2018-05-31 19:17:42:参数:{"merchant_id":"6008005629","service":"query_status","third_order_id":"2018053119173021026","nonce_str":"8MB0ZT1ZQAK03YZKFKX46ID7WFG1EK42","sign":"5D467FDF57E2068CC7CD7D12C437DB1A"}

2018-05-31 19:17:43:支付成功:{"resp_code":"0","amount":"1280","bank_type":"CFT","leshua_order_id":"1805311917334832","merchant_id":"6008005629","nonce_str":"MEW5HKDHDYFX2UJWPRRMK78WAGIWZYK2","openid":"o8uJ6uJDuLhB7hhPyDR_3kaSZ5aU","out_transaction_id":[],"pay_time":"2018-05-31 19:17:42","pay_way":"WXZF","result_code":"0","sign":"2BBF0B4080B23E1E0C2FEB2E8ED9B97F","status":"2","third_order_id":"2018053119173021026"}

2018-05-31 19:34:38:参数:{"merchant_id":"4909001413","service":"query_status","third_order_id":"2018053119343749293","nonce_str":"QPI4PR3YND9LV5AFPJ6AMAIZZ12QKCOR","sign":"03710F4C1A21270E8D94626283B08428"}

2018-05-31 19:34:44:继续查询:{"resp_code":"0","amount":"50000","leshua_order_id":"1805311934323290","merchant_id":"4909001413","nonce_str":"FIH1IVN96H9YPXFOD8EPMZ5DNYNBDNQG","pay_way":"WXZF","result_code":"0","sign":"140082E4E361E31BE4D6AC3360E1E7B6","status":"0","third_order_id":"2018053119343749293"}

2018-05-31 19:34:44:参数:{"merchant_id":"4909001413","service":"query_status","third_order_id":"2018053119343749293","nonce_str":"E227Z3XI16C4E5X9OWQUCM2A5AOP6EEH","sign":"CB0604595C4CBE7E3008B6C47A2D3DB9"}

2018-05-31 19:34:49:继续查询:{"resp_code":"0","amount":"50000","leshua_order_id":"1805311934323290","merchant_id":"4909001413","nonce_str":"J5PTNJA42XEXC4MYAC8FU6JEQIJKAHF1","pay_way":"WXZF","result_code":"0","sign":"312191078FF31876E985BD5BC7F3B396","status":"0","third_order_id":"2018053119343749293"}

2018-05-31 19:34:49:参数:{"merchant_id":"4909001413","service":"query_status","third_order_id":"2018053119343749293","nonce_str":"JGVQZJ1IRJPCZDLU03KQYEHC25K1EWKZ","sign":"5F63E10606F798FBA0B42A4C3A080DA3"}

2018-05-31 19:34:55:继续查询:{"resp_code":"0","amount":"50000","leshua_order_id":"1805311934323290","merchant_id":"4909001413","nonce_str":"0E19RN194BHA0062N5KBBGY1Z8DADLFD","pay_way":"WXZF","result_code":"0","sign":"59FF35754C2F96A80724835FA6146859","status":"0","third_order_id":"2018053119343749293"}

2018-05-31 19:34:55:参数:{"merchant_id":"4909001413","service":"query_status","third_order_id":"2018053119343749293","nonce_str":"DS0F8F5ULULGX7PCYU4F4DEZAM9GQ56T","sign":"C17A1219427178A5C36F482E1FF11E6F"}

2018-05-31 19:35:00:继续查询:{"resp_code":"0","amount":"50000","leshua_order_id":"1805311934323290","merchant_id":"4909001413","nonce_str":"CYX9L988LNUCVQQ2V1JSMUQ13GI0MAWK","pay_way":"WXZF","result_code":"0","sign":"DB461D4D68C456126079FE178D5A30CB","status":"0","third_order_id":"2018053119343749293"}

2018-05-31 19:35:00:参数:{"merchant_id":"4909001413","service":"query_status","third_order_id":"2018053119343749293","nonce_str":"ENW7PJWGLU59UWD2XBP7W4FWQ7LEO03F","sign":"4267C395B6462C0EB0B0BA8EC984A0D1"}

2018-05-31 19:35:06:继续查询:{"resp_code":"0","amount":"50000","leshua_order_id":"1805311934323290","merchant_id":"4909001413","nonce_str":"GED65BQK4PUJKYPIOQ463XCGLCKWPUC3","pay_way":"WXZF","result_code":"0","sign":"E895D3735403C4857B9B64790534BC0C","status":"0","third_order_id":"2018053119343749293"}

2018-05-31 19:35:06:参数:{"merchant_id":"4909001413","service":"query_status","third_order_id":"2018053119343749293","nonce_str":"HHGONE9CA2J0A82NYPQKCAFXDFROO8YG","sign":"B4712BC14C44706B0A4E5CEA696722C3"}

2018-05-31 19:35:11:继续查询:{"resp_code":"0","amount":"50000","leshua_order_id":"1805311934323290","merchant_id":"4909001413","nonce_str":"VFHTVUGW5EVN5GX2ZK32QLOAIPDABV35","pay_way":"WXZF","result_code":"0","sign":"C78D4EC35F7772F0B3E4418AA832116D","status":"0","third_order_id":"2018053119343749293"}

2018-05-31 19:35:11:参数:{"merchant_id":"4909001413","service":"query_status","third_order_id":"2018053119343749293","nonce_str":"ZZZCT0PTO7IO21E9BCO02WCDJLJ06NHS","sign":"349F454733FD7BC2D4F6D4C43758CAFF"}

2018-05-31 19:35:53:参数:{"merchant_id":"4909001413","service":"query_status","third_order_id":"2018053119355289664","nonce_str":"I9L23IFIXM1QM3XEUL9E5JVJYVH4QRMZ","sign":"B904D03B77C4BD9E6F8ADA50813A3C66"}

2018-05-31 19:35:59:继续查询:{"resp_code":"0","amount":"50000","leshua_order_id":"1805311935500192","merchant_id":"4909001413","nonce_str":"DUQOX87PU5I2MKLB3PWL9NU9EU8XEMA4","pay_way":"WXZF","result_code":"0","sign":"8D32BE2A0DDBEB36EAF3C36F4F6FE2CE","status":"0","third_order_id":"2018053119355289664"}

2018-05-31 19:35:59:参数:{"merchant_id":"4909001413","service":"query_status","third_order_id":"2018053119355289664","nonce_str":"BDBTI8II86IT1PBEZRBR7FT0HJ7XILQG","sign":"C37B2A54CFD0FBD9B8C3410680F450C5"}

2018-05-31 19:36:04:继续查询:{"resp_code":"0","amount":"50000","leshua_order_id":"1805311935500192","merchant_id":"4909001413","nonce_str":"116RM7D2PWS5RVUJM9K4INAG55Q6YWKL","pay_way":"WXZF","result_code":"0","sign":"A40C95D593C866D9C5195C4908D45A9F","status":"0","third_order_id":"2018053119355289664"}

2018-05-31 19:36:05:参数:{"merchant_id":"4909001413","service":"query_status","third_order_id":"2018053119355289664","nonce_str":"J18HKP4T8CJ9M4IB4VDT8YH1KDG7DWFW","sign":"59F195D31745681DA69681D1ED620043"}

2018-05-31 19:36:10:继续查询:{"resp_code":"0","amount":"50000","leshua_order_id":"1805311935500192","merchant_id":"4909001413","nonce_str":"Z42QUMFYL25WV4U98I3OH2N4QB5GS3FX","pay_way":"WXZF","result_code":"0","sign":"7F10F49251315DE438F9D343C26EB03C","status":"0","third_order_id":"2018053119355289664"}

2018-05-31 19:36:10:参数:{"merchant_id":"4909001413","service":"query_status","third_order_id":"2018053119355289664","nonce_str":"L663I8UP8AOFEXVLFTEXD60DCT1AB7Z3","sign":"0E8C1F3A8D8D51F4439531B0E20DE7A5"}

2018-05-31 19:36:15:继续查询:{"resp_code":"0","amount":"50000","leshua_order_id":"1805311935500192","merchant_id":"4909001413","nonce_str":"8E2WQYB3V3N2G1M5J09X0GVO8VFZOXVG","pay_way":"WXZF","result_code":"0","sign":"A565F48478F1F283CC078C473ECE3A44","status":"0","third_order_id":"2018053119355289664"}

2018-05-31 19:36:15:参数:{"merchant_id":"4909001413","service":"query_status","third_order_id":"2018053119355289664","nonce_str":"53AVCUTG9GBT3MU47SY04A0MEIJU03IX","sign":"5AECB73E2007DE6BAFE0895419CF5AED"}

2018-05-31 19:36:21:继续查询:{"resp_code":"0","amount":"50000","leshua_order_id":"1805311935500192","merchant_id":"4909001413","nonce_str":"YR27EJTZQYN8OL9JBLGGWMJ1KDTGS2FW","pay_way":"WXZF","result_code":"0","sign":"AB7BC412ACC263B0422068CD76DEA500","status":"0","third_order_id":"2018053119355289664"}

2018-05-31 19:36:21:参数:{"merchant_id":"4909001413","service":"query_status","third_order_id":"2018053119355289664","nonce_str":"4D11C8C7U6BWJSQMUU78XKD38550THLM","sign":"0211D79A69C0CB468F5102BCC5E2D125"}

2018-05-31 19:36:26:继续查询:{"resp_code":"0","amount":"50000","leshua_order_id":"1805311935500192","merchant_id":"4909001413","nonce_str":"JZZELFOYEXHHU8ZC50D8N4BVN4FQ0RR0","pay_way":"WXZF","result_code":"0","sign":"ECC3D258E8ACE5AE58AEFEC7691D27A1","status":"0","third_order_id":"2018053119355289664"}

2018-05-31 19:36:26:参数:{"merchant_id":"4909001413","service":"query_status","third_order_id":"2018053119355289664","nonce_str":"B9NCPJZOYH8NX1QGRCAJIIFI9PCWZSAM","sign":"D0014102C166A10D1574B15737076E44"}

2018-05-31 19:36:43:参数:{"merchant_id":"4909001413","service":"query_status","third_order_id":"2018053119364283403","nonce_str":"6WLWSL5W5XHUEEY6U1E4A0TZZ1LH9DNY","sign":"A8A81BC119A2DCFEDFCDFF966DFD1042"}

2018-05-31 19:36:49:继续查询:{"resp_code":"0","amount":"50000","leshua_order_id":"1805311936400485","merchant_id":"4909001413","nonce_str":"V0HN39PCN1X72F66YDQEO3HR6RSS45JV","pay_way":"WXZF","result_code":"0","sign":"C161909D8EDA9EBFDB92005F9914332F","status":"0","third_order_id":"2018053119364283403"}

2018-05-31 19:36:49:参数:{"merchant_id":"4909001413","service":"query_status","third_order_id":"2018053119364283403","nonce_str":"5VGEGJPMHWEEAFJ2O0VYOQOXX5BAWSR1","sign":"2014469F74021697D26CC20DCBC24037"}

2018-05-31 19:36:54:继续查询:{"resp_code":"0","amount":"50000","leshua_order_id":"1805311936400485","merchant_id":"4909001413","nonce_str":"DHYC7SWPY8V3ESNFCV6D1AQCWOVNNR56","pay_way":"WXZF","result_code":"0","sign":"40AC1D2199251D9843CB99E5CCC48871","status":"0","third_order_id":"2018053119364283403"}

2018-05-31 19:36:54:参数:{"merchant_id":"4909001413","service":"query_status","third_order_id":"2018053119364283403","nonce_str":"K5ZHNUGLXOXSRUMF12SHS5M57UN9ZHDS","sign":"6B63F7A29E680207C056FA552D7187A3"}

2018-05-31 19:36:55:支付成功:{"resp_code":"0","amount":"50000","bank_type":"CFT","leshua_order_id":"1805311936400485","merchant_id":"4909001413","nonce_str":"4Y3WPQA6UI3ZU7SHRBLFK2ZTB4825UCC","openid":"oRfOu1YvFgo4EerPTa-Md5ViD75s","out_transaction_id":"4200000111201805316250673830","pay_time":"2018-05-31 19:36:54","pay_way":"WXZF","result_code":"0","sign":"5588E7C1C2208ED71725615B2CCC80FD","status":"2","third_order_id":"2018053119364283403"}

2018-05-31 19:41:51:参数:{"merchant_id":"6008005629","service":"query_status","third_order_id":"2018053119415189867","nonce_str":"3ZYBNOX99U7TG8VI5E6BH91RRLHSCWC4","sign":"7C89843BAF10DF67538930F68BFB966F"}

2018-05-31 19:41:57:继续查询:{"resp_code":"0","amount":"1750","leshua_order_id":"1805311941526795","merchant_id":"6008005629","nonce_str":"ZA36PS2Z75D9Z6ZBS1Z410IYKL6SAC0R","pay_way":"WXZF","result_code":"0","sign":"0627187ECA5D8F8B8DC724D3F4BE1D00","status":"0","third_order_id":"2018053119415189867"}

2018-05-31 19:41:57:参数:{"merchant_id":"6008005629","service":"query_status","third_order_id":"2018053119415189867","nonce_str":"5KQZLT0TRFXFOFPDQ47F0XKMKBSZ9RMK","sign":"4BA8FEDA35BACACDAFCE0C7213795D30"}

2018-05-31 19:42:02:继续查询:{"resp_code":"0","amount":"1750","leshua_order_id":"1805311941526795","merchant_id":"6008005629","nonce_str":"X3F48JU9M4ZCH4PNRQKQS7SHHCUL25YW","pay_way":"WXZF","result_code":"0","sign":"C2F3F87C750CD472F2FCCF5ED6223AC6","status":"0","third_order_id":"2018053119415189867"}

2018-05-31 19:42:02:参数:{"merchant_id":"6008005629","service":"query_status","third_order_id":"2018053119415189867","nonce_str":"X23SV6L9TV31SJUIL7LQRIX3ANZBOZY5","sign":"F771AF1BEDE73B9933EA4D91235B4B29"}

2018-05-31 19:42:08:继续查询:{"resp_code":"0","amount":"1750","leshua_order_id":"1805311941526795","merchant_id":"6008005629","nonce_str":"VX8X4VOZRER2PJCV8W5EP2S4DPSL51ST","pay_way":"WXZF","result_code":"0","sign":"FA702F4E8EDA7F6A1EA7868788F505C6","status":"0","third_order_id":"2018053119415189867"}

2018-05-31 19:42:08:参数:{"merchant_id":"6008005629","service":"query_status","third_order_id":"2018053119415189867","nonce_str":"457MG4Y3VKQHQ045T8MOP2Y8UGOQX72K","sign":"FD05B74534F863133E4F2363A1EDD40C"}

2018-05-31 19:42:13:继续查询:{"resp_code":"0","amount":"1750","leshua_order_id":"1805311941526795","merchant_id":"6008005629","nonce_str":"BLJ485BSZ1VAQHG02HXPE3A6NAAUL3G0","pay_way":"WXZF","result_code":"0","sign":"2B0FB8BE26961C882ECD393DE861DF63","status":"0","third_order_id":"2018053119415189867"}

2018-05-31 19:42:13:参数:{"merchant_id":"6008005629","service":"query_status","third_order_id":"2018053119415189867","nonce_str":"NPZ177S0ZY7ZFNROOV0R9OJQPF007MH5","sign":"E1B90C2D5801C8079F341452D0707B85"}

2018-05-31 19:42:19:继续查询:{"resp_code":"0","amount":"1750","leshua_order_id":"1805311941526795","merchant_id":"6008005629","nonce_str":"FZHZUKJL93FM1P6HLZAW4CXKD880RZ2Z","pay_way":"WXZF","result_code":"0","sign":"CCD98681111AD3F75B48E69C99D088B5","status":"0","third_order_id":"2018053119415189867"}

2018-05-31 19:42:19:参数:{"merchant_id":"6008005629","service":"query_status","third_order_id":"2018053119415189867","nonce_str":"UY64B8WZ6AUSPJZNPNPDEPAAB56NB2LZ","sign":"FD34B9EC4CDE7FBF7349AB2B815AED24"}

2018-05-31 19:42:24:继续查询:{"resp_code":"0","amount":"1750","leshua_order_id":"1805311941526795","merchant_id":"6008005629","nonce_str":"QL5GYCEK3CDWJEQ0Y7Q02B0CR0FNM88J","pay_way":"WXZF","result_code":"0","sign":"921966822BD745320BD914AD4107C001","status":"0","third_order_id":"2018053119415189867"}

2018-05-31 19:42:24:参数:{"merchant_id":"6008005629","service":"query_status","third_order_id":"2018053119415189867","nonce_str":"T0Y5KRUMLHO91RU7HKH7NGQ5H9QQQL9X","sign":"0D7002ACFB61C9D464CE2E2BF752D265"}

2018-05-31 19:42:35:参数:{"merchant_id":"6008005629","service":"query_status","third_order_id":"2018053119423430729","nonce_str":"JT5UORSWJ80UR741WWC723R6RK94F6IA","sign":"52FD994D03B47786793AB9D69780568F"}

2018-05-31 19:42:41:继续查询:{"resp_code":"0","amount":"1930","leshua_order_id":"1805311942327147","merchant_id":"6008005629","nonce_str":"PD512A5CYI8JHIKTE07JUKMKLHR8BWA0","pay_way":"WXZF","result_code":"0","sign":"64054A0E7FD83733044BD950D35773E0","status":"0","third_order_id":"2018053119423430729"}

2018-05-31 19:42:41:参数:{"merchant_id":"6008005629","service":"query_status","third_order_id":"2018053119423430729","nonce_str":"6P1WID9Q4Q1SV2EMNZ0O674TXSK82POC","sign":"BD3E1CC3D33E70F9C4FF215246FE6469"}

2018-05-31 19:42:41:支付成功:{"resp_code":"0","amount":"1930","bank_type":"CFT","leshua_order_id":"1805311942327147","merchant_id":"6008005629","nonce_str":"RJNQFA5WN0F1FLYPU60W5QSYETPMPW0N","openid":"o8uJ6uP0dr2OriSpoZWzpV7AqDk8","out_transaction_id":[],"pay_time":"2018-05-31 19:42:41","pay_way":"WXZF","result_code":"0","sign":"7EE1AB6E144381C340A4780A2E91E477","status":"2","third_order_id":"2018053119423430729"}

2018-05-31 19:49:33:参数:{"merchant_id":"6008005629","service":"query_status","third_order_id":"2018053119493371128","nonce_str":"AW1DG30FLLL2549Z9EPCNLAA6CY9NCAY","sign":"7216A6DE8D3E5DFF92A5DCDBC66320D1"}

2018-05-31 19:49:39:继续查询:{"resp_code":"0","amount":"1810","leshua_order_id":"1805311949331026","merchant_id":"6008005629","nonce_str":"1QKD7CRTBEMFATTH5HNIJ2R2WICPGRD3","pay_way":"WXZF","result_code":"0","sign":"5D552CF79CD7EFFA0AC7D757A6F195C5","status":"0","third_order_id":"2018053119493371128"}

2018-05-31 19:49:39:参数:{"merchant_id":"6008005629","service":"query_status","third_order_id":"2018053119493371128","nonce_str":"207AUI64D6XZ5A6U58V1P58Z49C6DSYQ","sign":"57730913F7CA2F988AD9195E0D166858"}

2018-05-31 19:49:44:继续查询:{"resp_code":"0","amount":"1810","leshua_order_id":"1805311949331026","merchant_id":"6008005629","nonce_str":"ZHHXUGMUWVFG3KTYXTAF6AWPG9HYJ1FD","pay_way":"WXZF","result_code":"0","sign":"48C5AB103359857576FBFB8FD5004B6D","status":"0","third_order_id":"2018053119493371128"}

2018-05-31 19:49:44:参数:{"merchant_id":"6008005629","service":"query_status","third_order_id":"2018053119493371128","nonce_str":"Y2KOTTRN06OARPFTEHJOQLJZOQNQSP8F","sign":"82F7FCCF858F6DBFE01647DE3ADC4777"}

2018-05-31 19:49:50:继续查询:{"resp_code":"0","amount":"1810","leshua_order_id":"1805311949331026","merchant_id":"6008005629","nonce_str":"XLOEX6H7RY8SKDD17DMUUE5SG6E3C46A","pay_way":"WXZF","result_code":"0","sign":"EECE361A1F61C738018B40A69215153A","status":"0","third_order_id":"2018053119493371128"}

2018-05-31 19:49:50:参数:{"merchant_id":"6008005629","service":"query_status","third_order_id":"2018053119493371128","nonce_str":"U68IRII0ZG2TP14GK50ZMEE226JGPSYR","sign":"BE182E95E6CF540B95D76119F844C4D4"}

2018-05-31 19:49:55:继续查询:{"resp_code":"0","amount":"1810","leshua_order_id":"1805311949331026","merchant_id":"6008005629","nonce_str":"9B00R3VJ6F12B3UUIHH61AAI8OZSVCVM","pay_way":"WXZF","result_code":"0","sign":"BB3252C89649457D6E6316B602CF360E","status":"0","third_order_id":"2018053119493371128"}

2018-05-31 19:49:55:参数:{"merchant_id":"6008005629","service":"query_status","third_order_id":"2018053119493371128","nonce_str":"MI83NSA9H6EGK9X4HQJP15VQON7QFU86","sign":"5566959E831883392D03BA7A45093693"}

2018-05-31 19:50:01:继续查询:{"resp_code":"0","amount":"1810","leshua_order_id":"1805311949331026","merchant_id":"6008005629","nonce_str":"VBKENSZU1LUNJJ9ERLFV1RV1OTXOX3CR","pay_way":"WXZF","result_code":"0","sign":"53BF19B25E36D565261CEAFE64B56E05","status":"0","third_order_id":"2018053119493371128"}

2018-05-31 19:50:01:参数:{"merchant_id":"6008005629","service":"query_status","third_order_id":"2018053119493371128","nonce_str":"N6ON25XRNIP3N01YTO5QOW5999O393UM","sign":"C956D6363C9B38C5C1BE4035F3A597D4"}

2018-05-31 19:50:06:继续查询:{"resp_code":"0","amount":"1810","leshua_order_id":"1805311949331026","merchant_id":"6008005629","nonce_str":"CZJZZ9UUXB2OS8HP07V24MM8AJQEZSJ3","pay_way":"WXZF","result_code":"0","sign":"156A9809173C1FB80DFB4649E809E9F4","status":"0","third_order_id":"2018053119493371128"}

2018-05-31 19:50:06:参数:{"merchant_id":"6008005629","service":"query_status","third_order_id":"2018053119493371128","nonce_str":"OB2UVKP5VBL81G9OPCGAODH2S6OV6TM2","sign":"E23A4E3FE57D487BBE03FD7EFDACAEAA"}

2018-05-31 20:06:40:参数:{"merchant_id":"6008005629","service":"query_status","third_order_id":"2018053120063932759","nonce_str":"EE3DLBRB8QY5SDESIVKLZIZM3AUQVP5B","sign":"7FBAA0887F67B1E4B81B8FB513801902"}

2018-05-31 20:06:46:继续查询:{"resp_code":"0","amount":"1300","leshua_order_id":"1805312006330012","merchant_id":"6008005629","nonce_str":"66LY0UIJKLFO4R07N74N20RO7NP87BO4","pay_way":"WXZF","result_code":"0","sign":"99042D91E71CF931151D67E8DFB8E5AB","status":"0","third_order_id":"2018053120063932759"}

2018-05-31 20:06:46:参数:{"merchant_id":"6008005629","service":"query_status","third_order_id":"2018053120063932759","nonce_str":"14I0O6KHEVTBFGDRTS29Q90SEAYQ75RL","sign":"47E1B93EE2D9D4790A2AA0DD0BF7A7A8"}

2018-05-31 20:06:51:继续查询:{"resp_code":"0","amount":"1300","leshua_order_id":"1805312006330012","merchant_id":"6008005629","nonce_str":"WLYHH4IH3L3PFE125451DZLB06L8KY1J","pay_way":"WXZF","result_code":"0","sign":"98CB7AC9EFEEF7A6D5D13C84663E2F25","status":"0","third_order_id":"2018053120063932759"}

2018-05-31 20:06:51:参数:{"merchant_id":"6008005629","service":"query_status","third_order_id":"2018053120063932759","nonce_str":"89EQFUANS2XKYYZY7UZZ0IYIT9PEBM5U","sign":"916E7AE13343B6EFFBE98D126CA18CF5"}

2018-05-31 20:06:52:支付成功:{"resp_code":"0","amount":"1300","bank_type":"CFT","leshua_order_id":"1805312006330012","merchant_id":"6008005629","nonce_str":"6HB2XWDZHM1KMYEBVIW8UR9WIK5TBLOW","openid":"o8uJ6uI9Y2PQcOs2BOknGwiiktYU","out_transaction_id":[],"pay_time":"2018-05-31 20:06:52","pay_way":"WXZF","result_code":"0","sign":"77D6A5AC5B242B237DE5B3F13AF04E8B","status":"2","third_order_id":"2018053120063932759"}

2018-05-31 20:11:26:参数:{"merchant_id":"6008005629","service":"query_status","third_order_id":"2018053120112440549","nonce_str":"HKB9ZT023K33X6QF4XZUYFQSPHUJ14RO","sign":"068370BF0C978DC886B10EB2A3DF9F4A"}

2018-05-31 20:11:31:继续查询:{"resp_code":"0","amount":"1970","leshua_order_id":"1805312011204270","merchant_id":"6008005629","nonce_str":"I1Y02FQTGP4UVE6QMXHZMKSWFV4B0YME","pay_way":"WXZF","result_code":"0","sign":"38C3E12176CBCB24BE6A1D9EC976106E","status":"0","third_order_id":"2018053120112440549"}

2018-05-31 20:11:31:参数:{"merchant_id":"6008005629","service":"query_status","third_order_id":"2018053120112440549","nonce_str":"0C8VRR9N6ET1A79C57QC9AMHA9ZZVL1P","sign":"F6F13615FD7C1F7B928B45CBF0096CF6"}

2018-05-31 20:11:37:继续查询:{"resp_code":"0","amount":"1970","leshua_order_id":"1805312011204270","merchant_id":"6008005629","nonce_str":"NSR4123P1ITXNWZEQEA6NZ3VW2OW699O","pay_way":"WXZF","result_code":"0","sign":"1BEF2FEA6FDE17FF803723DD3079C2A1","status":"0","third_order_id":"2018053120112440549"}

2018-05-31 20:11:37:参数:{"merchant_id":"6008005629","service":"query_status","third_order_id":"2018053120112440549","nonce_str":"Z2O6XTN5IM5FT14HQ6TG7QCRZC98SSDY","sign":"F5178E7F8F35264716D47DD13E0F51D6"}

2018-05-31 20:11:37:支付成功:{"resp_code":"0","amount":"1970","bank_type":"CFT","leshua_order_id":"1805312011204270","merchant_id":"6008005629","nonce_str":"CRW2Z7AN1F3W11UXMS1XY7T9NCPD07YB","openid":"o8uJ6uI9Y2PQcOs2BOknGwiiktYU","out_transaction_id":[],"pay_time":"2018-05-31 20:11:37","pay_way":"WXZF","result_code":"0","sign":"933C79E6E0F54B57817CB7ED5491209C","status":"2","third_order_id":"2018053120112440549"}

2018-05-31 20:37:32:参数:{"merchant_id":"6008005629","service":"query_status","third_order_id":"2018053120373138698","nonce_str":"M9AMJB99YEAOXF0GVSKUCZIGYLXR6S52","sign":"9850F41FC70FB8F06C2D192C1EC67FD8"}

2018-05-31 20:37:38:继续查询:{"resp_code":"0","amount":"1200","leshua_order_id":"1805312037323925","merchant_id":"6008005629","nonce_str":"J7UO4KZKM0J3EZUM5JNY15FC20UAZ3M8","pay_way":"WXZF","result_code":"0","sign":"51EA5C4C4892DE2DD7545F47171F9836","status":"0","third_order_id":"2018053120373138698"}

2018-05-31 20:37:38:参数:{"merchant_id":"6008005629","service":"query_status","third_order_id":"2018053120373138698","nonce_str":"UH2LI8TJR4G5BX0BQKG0CO27VOGDZ257","sign":"941438C9732A021BC41D92CEB36FD1D6"}

2018-05-31 20:37:43:继续查询:{"resp_code":"0","amount":"1200","leshua_order_id":"1805312037323925","merchant_id":"6008005629","nonce_str":"MMF1CQLOUKH9QWOHTOEH4K42L3PJ9S7I","pay_way":"WXZF","result_code":"0","sign":"0BB293C89ED0BF513A91207E15D722D3","status":"0","third_order_id":"2018053120373138698"}

2018-05-31 20:37:43:参数:{"merchant_id":"6008005629","service":"query_status","third_order_id":"2018053120373138698","nonce_str":"9V821OM6998XO2RFMACZVW0NMW2ICO63","sign":"3ACD3568F44342B17CAC04500F3707AD"}

2018-05-31 20:37:44:支付成功:{"resp_code":"0","amount":"1200","bank_type":"CCB_DEBIT","leshua_order_id":"1805312037323925","merchant_id":"6008005629","nonce_str":"CY3QOJVBUBN08AB051KHG2OK5B5MKBYP","openid":"o8uJ6uAMn0HcJa8As9OH37PK5JDU","out_transaction_id":[],"pay_time":"2018-05-31 20:37:43","pay_way":"WXZF","result_code":"0","sign":"0EB4BE5270B40B322A695F7731BD404E","status":"2","third_order_id":"2018053120373138698"}

2018-05-31 20:54:33:参数:{"merchant_id":"6008005629","service":"query_status","third_order_id":"2018053120543366685","nonce_str":"G6VAVGLUNK2TBSZ29QSM5KTXHIZ3EYNE","sign":"4569CA4403433CAF67A6CE6C1C037487"}

2018-05-31 20:54:39:继续查询:{"resp_code":"0","amount":"80","leshua_order_id":"1805312054300988","merchant_id":"6008005629","nonce_str":"V3HKU1DC0UJ730S547AM2ADBRU42SNVR","pay_way":"WXZF","result_code":"0","sign":"26D1BBF620A2481D43782EFF2A3B502B","status":"0","third_order_id":"2018053120543366685"}

2018-05-31 20:54:39:参数:{"merchant_id":"6008005629","service":"query_status","third_order_id":"2018053120543366685","nonce_str":"VK72QZNBADLLUTXCYD4PXLHYWQZ4Y5OI","sign":"D77D628FC9B9C26AABDED1558358654A"}

2018-05-31 20:54:44:继续查询:{"resp_code":"0","amount":"80","leshua_order_id":"1805312054300988","merchant_id":"6008005629","nonce_str":"GP222KX1LF5H773JW1DHAO68I4EDKD70","pay_way":"WXZF","result_code":"0","sign":"6BFACE7688A744B1F3E871A96A8EE068","status":"0","third_order_id":"2018053120543366685"}

2018-05-31 20:54:44:参数:{"merchant_id":"6008005629","service":"query_status","third_order_id":"2018053120543366685","nonce_str":"C0ZGQH3M6RPEJ1EHWA3C1AD2M6MRCUDI","sign":"B7DBB910AB1957AA56710CCC1540AF29"}

2018-05-31 20:54:50:继续查询:{"resp_code":"0","amount":"80","leshua_order_id":"1805312054300988","merchant_id":"6008005629","nonce_str":"EV040BXWYNTNCX2ATCPA3LU8K27PKGOE","pay_way":"WXZF","result_code":"0","sign":"FE8CDDC36DA4E88D903F10E88429CB5D","status":"0","third_order_id":"2018053120543366685"}

2018-05-31 20:54:50:参数:{"merchant_id":"6008005629","service":"query_status","third_order_id":"2018053120543366685","nonce_str":"JEKRGCI9EERJ4A29Z5WW6TLMUVJ8AI51","sign":"8ACFE6AC612F2D51613B2057A237A6E1"}

2018-05-31 20:54:56:继续查询:{"resp_code":"0","amount":"80","leshua_order_id":"1805312054300988","merchant_id":"6008005629","nonce_str":"13A0GL2ZIMD3OAX8OHY708RME7YSILHF","pay_way":"WXZF","result_code":"0","sign":"35E12BF2E574B553E983D14A01E0FED4","status":"0","third_order_id":"2018053120543366685"}

2018-05-31 20:54:56:参数:{"merchant_id":"6008005629","service":"query_status","third_order_id":"2018053120543366685","nonce_str":"PHEWOQOX682Z4ZN0UT2TKAYXK2U0W61G","sign":"6E6227C0A4CB1E94EEBBB22B21B11C11"}

2018-05-31 20:55:01:继续查询:{"resp_code":"0","amount":"80","leshua_order_id":"1805312054300988","merchant_id":"6008005629","nonce_str":"91ZII6ZF4MJ6SJ30U1J1MROH2077HCSJ","pay_way":"WXZF","result_code":"0","sign":"BAA2B8A780C361FD4DD42193FBB51650","status":"0","third_order_id":"2018053120543366685"}

2018-05-31 20:55:01:参数:{"merchant_id":"6008005629","service":"query_status","third_order_id":"2018053120543366685","nonce_str":"Q804671OQG0MQCF8WTH3BCKIP5YW5PQU","sign":"B3A58FD5EABE9274C586BF2F5BB803E8"}

2018-05-31 20:55:07:继续查询:{"resp_code":"0","amount":"80","leshua_order_id":"1805312054300988","merchant_id":"6008005629","nonce_str":"393ZZABZDZ22YUEG3ZZ33FIC3GQ6RY7W","pay_way":"WXZF","result_code":"0","sign":"0D8113AB913C5440EAA96532A92626A4","status":"0","third_order_id":"2018053120543366685"}

2018-05-31 20:55:07:参数:{"merchant_id":"6008005629","service":"query_status","third_order_id":"2018053120543366685","nonce_str":"QH6V5R4JX6BUT2KUQ58BDOMHMH0YKJ11","sign":"7F9CF49BB49A124F73A81C73FA350335"}

2018-05-31 21:20:59:参数:{"merchant_id":"6008005629","service":"query_status","third_order_id":"2018053121205847538","nonce_str":"D6A3KP9VXTWTV36DKLPAN1WN9XBIHGVE","sign":"05097972993B94E4178F918BDC961D7C"}

2018-05-31 21:21:05:继续查询:{"resp_code":"0","amount":"850","leshua_order_id":"1805312120500021","merchant_id":"6008005629","nonce_str":"71M6HZCPM11BEPK44C35SIG3WPE9E0KD","pay_way":"WXZF","result_code":"0","sign":"70A2D48A1445927F02E71DF6ED4E6C56","status":"0","third_order_id":"2018053121205847538"}

2018-05-31 21:21:05:参数:{"merchant_id":"6008005629","service":"query_status","third_order_id":"2018053121205847538","nonce_str":"JT6ZPKIUBXOII69HNA5OYKF9OWNLDFP7","sign":"CDB013D31414FE76D78757299C06AC6A"}

2018-05-31 21:21:10:继续查询:{"resp_code":"0","amount":"850","leshua_order_id":"1805312120500021","merchant_id":"6008005629","nonce_str":"63VGER6WBOT5NRJBTXHU35BF3GUCLECR","pay_way":"WXZF","result_code":"0","sign":"B668AA6C2C3E9AD1283B704B1FAD561B","status":"0","third_order_id":"2018053121205847538"}

2018-05-31 21:21:10:参数:{"merchant_id":"6008005629","service":"query_status","third_order_id":"2018053121205847538","nonce_str":"USS9Y11616R8JMCDGZCNTMT1W4X32Y7C","sign":"921C85DB44343C0B9792E3F86172C1EB"}

2018-05-31 21:21:16:继续查询:{"resp_code":"0","amount":"850","leshua_order_id":"1805312120500021","merchant_id":"6008005629","nonce_str":"XXLWYQE3PN1NSOJA4XKM0LQOE761V617","pay_way":"WXZF","result_code":"0","sign":"81A1EBAA40ABEFD16E613A91BE9CFFD8","status":"0","third_order_id":"2018053121205847538"}

2018-05-31 21:21:16:参数:{"merchant_id":"6008005629","service":"query_status","third_order_id":"2018053121205847538","nonce_str":"TAFE3P6UTQ4L4MUPM0Z4TXXAEUJH0YQ0","sign":"A9D137132A34727E258E861156EB252E"}

2018-05-31 21:21:21:继续查询:{"resp_code":"0","amount":"850","leshua_order_id":"1805312120500021","merchant_id":"6008005629","nonce_str":"PCH2PPTOU6M9UL2ONLNWVN7KQVQIN9TE","pay_way":"WXZF","result_code":"0","sign":"7505878E68995D6B3988B55275A047C5","status":"0","third_order_id":"2018053121205847538"}

2018-05-31 21:21:21:参数:{"merchant_id":"6008005629","service":"query_status","third_order_id":"2018053121205847538","nonce_str":"15BNDBSDC52SGI5EG8V0HF0UMGF91W6Q","sign":"6CD111E2FF4C35CFE2C30BABEEAE7BCF"}

2018-05-31 21:21:27:继续查询:{"resp_code":"0","amount":"850","leshua_order_id":"1805312120500021","merchant_id":"6008005629","nonce_str":"FEIDMAZFJFOJLX4KI4NZ016L1WJV82J7","pay_way":"WXZF","result_code":"0","sign":"B6576BC6E880669D877539FA7C203889","status":"0","third_order_id":"2018053121205847538"}

2018-05-31 21:21:27:参数:{"merchant_id":"6008005629","service":"query_status","third_order_id":"2018053121205847538","nonce_str":"E08QSFRIHTHWMD11QVON41SYFPT6BATV","sign":"6A032267D1EC7F8EA2B06DB7DC99A453"}

2018-05-31 21:21:32:继续查询:{"resp_code":"0","amount":"850","leshua_order_id":"1805312120500021","merchant_id":"6008005629","nonce_str":"XUWF4ETHBWUFCA9ILVYCQI0X0KGC6UTE","pay_way":"WXZF","result_code":"0","sign":"869A2358243F6BFD8A5F53D4A7AF0216","status":"0","third_order_id":"2018053121205847538"}

2018-05-31 21:21:32:参数:{"merchant_id":"6008005629","service":"query_status","third_order_id":"2018053121205847538","nonce_str":"K4JGBSISKL273H2BLW7EEO4BG91T7LIS","sign":"CFB184B76930ABE015101190E0A8E191"}

2018-05-31 21:32:42:参数:{"merchant_id":"6008005629","service":"query_status","third_order_id":"2018053121324070981","nonce_str":"VG0KZ3CC0VY4MAVHSN7ETU7DXW9YISL8","sign":"8B4EAE921CF9B03FDF1D7DAED3B2B380"}

2018-05-31 21:32:47:继续查询:{"resp_code":"0","amount":"850","leshua_order_id":"1805312132403480","merchant_id":"6008005629","nonce_str":"MWJCCABV9SE9SETOQKD6S6OCICM33H4C","pay_way":"WXZF","result_code":"0","sign":"6B13B1D21C42517D7855EFCD17273F41","status":"0","third_order_id":"2018053121324070981"}

2018-05-31 21:32:47:参数:{"merchant_id":"6008005629","service":"query_status","third_order_id":"2018053121324070981","nonce_str":"GODI4D1ADENEHG4WMO16Y44URH22DJB8","sign":"C15F6ECF5D60B92A7DC5CDD51D2FC362"}

2018-05-31 21:32:48:支付成功:{"resp_code":"0","amount":"850","bank_type":"CFT","leshua_order_id":"1805312132403480","merchant_id":"6008005629","nonce_str":"ANUOVUNMMI6YKCTCBD6FF50SMMW2USE6","openid":"o8uJ6uNYGn8d3-Mfe6MR32N28EhQ","out_transaction_id":[],"pay_time":"2018-05-31 21:32:47","pay_way":"WXZF","result_code":"0","sign":"85588A741283FEB616539EA1AA504E72","status":"2","third_order_id":"2018053121324070981"}

2018-05-31 21:43:54:参数:{"merchant_id":"6008005629","service":"query_status","third_order_id":"2018053121435287829","nonce_str":"7UMBY1W4WU5TF7X7X94P3AKF3GKLQEAU","sign":"58680957ACA68A4848420AD39F49B1CA"}

2018-05-31 21:43:59:继续查询:{"resp_code":"0","amount":"480","leshua_order_id":"1805312143521756","merchant_id":"6008005629","nonce_str":"4FAYZ4QJQWEYBM47RFPPJSLIESXHDE61","pay_way":"ZFBZF","result_code":"0","sign":"EA659350B7CD3637789EA999C76C6BFF","status":"0","third_order_id":"2018053121435287829"}

2018-05-31 21:43:59:参数:{"merchant_id":"6008005629","service":"query_status","third_order_id":"2018053121435287829","nonce_str":"9LO697Q6IILX7M1T9M63SBAJ6HQ22FVS","sign":"64EBC3A25E97D307552BCDB25EABE343"}

2018-05-31 21:44:05:继续查询:{"resp_code":"0","amount":"480","leshua_order_id":"1805312143521756","merchant_id":"6008005629","nonce_str":"FV3ACKUIQVPDS6OBX99SI6BZ6DI29CYB","pay_way":"ZFBZF","result_code":"0","sign":"461C944D1275EF9344C93A4AE883FC20","status":"0","third_order_id":"2018053121435287829"}

2018-05-31 21:44:05:参数:{"merchant_id":"6008005629","service":"query_status","third_order_id":"2018053121435287829","nonce_str":"X4K2NBMVHSAW5LZEX2Y1BYURVAXXWF2B","sign":"2FAC541FF050F2F6A36435873D5F13CB"}

2018-05-31 21:44:10:继续查询:{"resp_code":"0","amount":"480","leshua_order_id":"1805312143521756","merchant_id":"6008005629","nonce_str":"0PL1LRE3ZEJUW6HJBAYTURADWILEI4BM","pay_way":"ZFBZF","result_code":"0","sign":"887EC7F683C38B58379E4C062E9E6470","status":"0","third_order_id":"2018053121435287829"}

2018-05-31 21:44:10:参数:{"merchant_id":"6008005629","service":"query_status","third_order_id":"2018053121435287829","nonce_str":"UAGNWPHCRQH6EBT4Y2PVE31W5Z9W8P3O","sign":"1582C46FD94C1589E10F52E2CF67ED31"}

2018-05-31 21:44:15:继续查询:{"resp_code":"0","amount":"480","leshua_order_id":"1805312143521756","merchant_id":"6008005629","nonce_str":"2L207Z97N4Z3ST5BI8K21HI9U38DDL38","pay_way":"ZFBZF","result_code":"0","sign":"9ECF09B8DA1073893CC593F3635DCD8D","status":"0","third_order_id":"2018053121435287829"}

2018-05-31 21:44:15:参数:{"merchant_id":"6008005629","service":"query_status","third_order_id":"2018053121435287829","nonce_str":"ZFK02KFRCAWWZNJIV5ANMUDT73IL45F3","sign":"61252A6F39C2468F6C14188E09D04924"}

2018-05-31 21:44:21:继续查询:{"resp_code":"0","amount":"480","leshua_order_id":"1805312143521756","merchant_id":"6008005629","nonce_str":"4N0MZ77JMIXDONTPZD7BL4R8ZA54B44H","pay_way":"ZFBZF","result_code":"0","sign":"A71A0B77C490CB648DECC162C85F417F","status":"0","third_order_id":"2018053121435287829"}

2018-05-31 21:44:21:参数:{"merchant_id":"6008005629","service":"query_status","third_order_id":"2018053121435287829","nonce_str":"3TJ8GQTW1M3X4CB1KBZ1F0834S4LGKDS","sign":"6998C5C944CA7265F63EEA97A8524B03"}

2018-05-31 21:44:26:继续查询:{"resp_code":"0","amount":"480","leshua_order_id":"1805312143521756","merchant_id":"6008005629","nonce_str":"E4MXHK3IWDFDF20V0U4FU7E4RZSJBJ5C","pay_way":"ZFBZF","result_code":"0","sign":"662EDE0A896B0DB8601656D4859276A5","status":"0","third_order_id":"2018053121435287829"}

2018-05-31 21:44:26:参数:{"merchant_id":"6008005629","service":"query_status","third_order_id":"2018053121435287829","nonce_str":"OZDXJ3705ZS16H5QGE2LRWBFXQYWFJ40","sign":"1342D84F461C3AC64E5827DCF3590C4A"}

2018-05-31 22:28:37:参数:{"merchant_id":"6008005629","service":"query_status","third_order_id":"2018053122283593213","nonce_str":"LX4J0JDBIOP61QMFXE4QOLM6PV83HADD","sign":"30D0ED755E33051B0752944CD6ACB271"}

2018-05-31 22:28:42:继续查询:{"resp_code":"0","amount":"509","leshua_order_id":"1805312228305517","merchant_id":"6008005629","nonce_str":"XBJJO0B9Z83ODF8RYUATXZLMYXBYB198","pay_way":"WXZF","result_code":"0","sign":"7FE99381FCF92C26CA4649DB00F73CC6","status":"0","third_order_id":"2018053122283593213"}

2018-05-31 22:28:42:参数:{"merchant_id":"6008005629","service":"query_status","third_order_id":"2018053122283593213","nonce_str":"8S6L54N5IROX625CJI480278YE3JIJIU","sign":"20B75CC23DE776911F00C2C37038B5C6"}

2018-05-31 22:28:48:继续查询:{"resp_code":"0","amount":"509","leshua_order_id":"1805312228305517","merchant_id":"6008005629","nonce_str":"MWC0AR8S693EIQW42BIG9O07RUKMAMDI","pay_way":"WXZF","result_code":"0","sign":"1DC41D3DEE9DBA6F254352FDF3BFFCB6","status":"0","third_order_id":"2018053122283593213"}

2018-05-31 22:28:48:参数:{"merchant_id":"6008005629","service":"query_status","third_order_id":"2018053122283593213","nonce_str":"V0S16YH2IY9S1HPMIGFN7C2QIMYEWU98","sign":"45D287285E760F3DC431505367C0D60D"}

2018-05-31 22:28:48:支付成功:{"resp_code":"0","amount":"509","bank_type":"CFT","leshua_order_id":"1805312228305517","merchant_id":"6008005629","nonce_str":"QCYUSRI689AGSYFW5Y4MQIUZ9C5CBJFZ","openid":"o8uJ6uPXFtWrvkZNk4CKkl-8_E-c","out_transaction_id":[],"pay_time":"2018-05-31 22:28:48","pay_way":"WXZF","result_code":"0","sign":"456AD0C1434D1DA3588F00F12390AB28","status":"2","third_order_id":"2018053122283593213"}

2018-05-31 22:35:19:参数:{"merchant_id":"6008005629","service":"query_status","third_order_id":"2018053122351862221","nonce_str":"6F59LHRD9GMOAPMO801RXMPNMGIHRKJT","sign":"0DC355E5E581C401A071D586FA7425A2"}

2018-05-31 22:35:25:继续查询:{"resp_code":"0","amount":"290","leshua_order_id":"1805312235106380","merchant_id":"6008005629","nonce_str":"ANEXX310117996AZ2NICJCF1JSB7XYQA","pay_way":"WXZF","result_code":"0","sign":"EBF952F3B19510C9DE8BE79AF41E28ED","status":"0","third_order_id":"2018053122351862221"}

2018-05-31 22:35:25:参数:{"merchant_id":"6008005629","service":"query_status","third_order_id":"2018053122351862221","nonce_str":"UI1ZHJFASJNGUY5PJTHI6WNGGO1R231A","sign":"46F17DB03B452AB38D1FE2E396B953BB"}

2018-05-31 22:35:30:继续查询:{"resp_code":"0","amount":"290","leshua_order_id":"1805312235106380","merchant_id":"6008005629","nonce_str":"LOTT4JIXMF2WT9Z5VJQJ35GNI4RIK7R1","pay_way":"WXZF","result_code":"0","sign":"5D99F2A334DD8F7CA2C06ACB5DBEE75B","status":"0","third_order_id":"2018053122351862221"}

2018-05-31 22:35:30:参数:{"merchant_id":"6008005629","service":"query_status","third_order_id":"2018053122351862221","nonce_str":"0943IS3G8JL2DBVFN7RZVTY79GGCLPH7","sign":"BCDA52A0164724D3E5ED7A6ABCB7F12A"}

2018-05-31 22:35:36:继续查询:{"resp_code":"0","amount":"290","leshua_order_id":"1805312235106380","merchant_id":"6008005629","nonce_str":"K7A2P1H5CD0SR76B1MVXHR83M3JALDVW","pay_way":"WXZF","result_code":"0","sign":"805320EF12E98070891EB1E3A992A792","status":"0","third_order_id":"2018053122351862221"}

2018-05-31 22:35:36:参数:{"merchant_id":"6008005629","service":"query_status","third_order_id":"2018053122351862221","nonce_str":"2L7ALV9BPTFNOBHBQ8359ZY8FL27GEKT","sign":"033D04A9E4966901881EEECB16B8FD1F"}

2018-05-31 22:35:41:继续查询:{"resp_code":"0","amount":"290","leshua_order_id":"1805312235106380","merchant_id":"6008005629","nonce_str":"RW49D3D4UEBQZ753XKJK1JU3XCUD09ZT","pay_way":"WXZF","result_code":"0","sign":"506B750F589B8CF604A040654F5AECDC","status":"0","third_order_id":"2018053122351862221"}

2018-05-31 22:35:41:参数:{"merchant_id":"6008005629","service":"query_status","third_order_id":"2018053122351862221","nonce_str":"9VI29C9B3SDPZVXCHCT3T2TZXXUC9G8U","sign":"AF40A67C3B4DCDB31FB0AD6A4B70D2EA"}

2018-05-31 22:35:47:继续查询:{"resp_code":"0","amount":"290","leshua_order_id":"1805312235106380","merchant_id":"6008005629","nonce_str":"K3DTN9SC7E1OXQGH74I866PCP1SEUFEO","pay_way":"WXZF","result_code":"0","sign":"FC97BDDEE5984B188AA75675491F5B44","status":"0","third_order_id":"2018053122351862221"}

2018-05-31 22:35:47:参数:{"merchant_id":"6008005629","service":"query_status","third_order_id":"2018053122351862221","nonce_str":"WQSVIR7DQVBCHYSOOWDQW7WKWYKQ3BYH","sign":"789DA02E83F53AE8F916F1DD0D5E2791"}

2018-05-31 22:35:52:继续查询:{"resp_code":"0","amount":"290","leshua_order_id":"1805312235106380","merchant_id":"6008005629","nonce_str":"J55Z3QIZFGAF9VH8A8NOIQH5Z17IG578","pay_way":"WXZF","result_code":"0","sign":"D0EEE5019B31E3E035262A4B2F89DA92","status":"0","third_order_id":"2018053122351862221"}

2018-05-31 22:35:52:参数:{"merchant_id":"6008005629","service":"query_status","third_order_id":"2018053122351862221","nonce_str":"VINTHLQESWWMRMAJWWYJYKRSI6TWWW7E","sign":"6E2662A6A3754168AB3A486F4DAC90FF"}

2018-05-31 22:42:56:参数:{"merchant_id":"6008005629","service":"query_status","third_order_id":"2018053122425422931","nonce_str":"MJLOIO9ATIA5ZHL44KID28QTDGR3JIAQ","sign":"38342AB94B5F9D5967BC68F352595C2D"}

2018-05-31 22:43:01:继续查询:{"resp_code":"0","amount":"1100","leshua_order_id":"1805312242507227","merchant_id":"6008005629","nonce_str":"UXRW1TN1RC2UC99Q13I2KJD3G16XY469","pay_way":"WXZF","result_code":"0","sign":"B1D1197C3C23E11B3FC36E059F0CE1B8","status":"0","third_order_id":"2018053122425422931"}

2018-05-31 22:43:01:参数:{"merchant_id":"6008005629","service":"query_status","third_order_id":"2018053122425422931","nonce_str":"WKKT93OEOUYGFM9F568JF2UC1C1HLHGP","sign":"824633BF3A3D6B4F303A777EA916F67C"}

2018-05-31 22:43:02:支付成功:{"resp_code":"0","amount":"1100","bank_type":"CFT","leshua_order_id":"1805312242507227","merchant_id":"6008005629","nonce_str":"CFTK6HUWRJ3PHC1UF07R544C5MDYDD5S","openid":"o8uJ6uNYGn8d3-Mfe6MR32N28EhQ","out_transaction_id":[],"pay_time":"2018-05-31 22:43:02","pay_way":"WXZF","result_code":"0","sign":"B7B5D707DB3A207191A443911B07C201","status":"2","third_order_id":"2018053122425422931"}

2018-05-31 23:07:03:参数:{"merchant_id":"6008005629","service":"query_status","third_order_id":"2018053123070147352","nonce_str":"YZAM5TM1Q0SXYZUPBGY5CEGNXINFHIJ3","sign":"E7565D7CF048EE9DBACA22D055441BD8"}

2018-05-31 23:07:08:继续查询:{"resp_code":"0","amount":"300","leshua_order_id":"1805312307028778","merchant_id":"6008005629","nonce_str":"27OTCHCT26Y4XZUSXVCRXSAP7TIFW1TT","pay_way":"WXZF","result_code":"0","sign":"4D3B8ACFCD7BF8E41CDC827BC653118A","status":"0","third_order_id":"2018053123070147352"}

2018-05-31 23:07:08:参数:{"merchant_id":"6008005629","service":"query_status","third_order_id":"2018053123070147352","nonce_str":"2A51RT8IU9I6HS7DDVEIUHTX1PNRI50S","sign":"27B61537D45BBBE7F3F1965236C6DD2C"}

2018-05-31 23:07:14:继续查询:{"resp_code":"0","amount":"300","leshua_order_id":"1805312307028778","merchant_id":"6008005629","nonce_str":"WZX3IWDJ151A5ETO8KEPCK0GCU8LSKJN","pay_way":"WXZF","result_code":"0","sign":"FA65A8576B7C2037DCFB4259ED405028","status":"0","third_order_id":"2018053123070147352"}

2018-05-31 23:07:14:参数:{"merchant_id":"6008005629","service":"query_status","third_order_id":"2018053123070147352","nonce_str":"EITPS9MAT6I55S3FL6ZFXKLGY5TQDURI","sign":"EBF2B2A135690E1675D3F71E110983AF"}

2018-05-31 23:07:19:继续查询:{"resp_code":"0","amount":"300","leshua_order_id":"1805312307028778","merchant_id":"6008005629","nonce_str":"X80J4B5HHY87T1E6RILARTL9WPRWZNHM","pay_way":"WXZF","result_code":"0","sign":"8FF8D0D9AE82F11325B90EC9803B5ECD","status":"0","third_order_id":"2018053123070147352"}

2018-05-31 23:07:19:参数:{"merchant_id":"6008005629","service":"query_status","third_order_id":"2018053123070147352","nonce_str":"20NYQAL3DAO4JT7ISXOU90EJ5WQXFIH4","sign":"0022D2997E3455D7DA59111BC5D8085C"}

2018-05-31 23:07:20:支付成功:{"resp_code":"0","amount":"300","bank_type":"ABC_DEBIT","leshua_order_id":"1805312307028778","merchant_id":"6008005629","nonce_str":"X02H4F5T0C76U4AVHT38VUFD5GZVBEZQ","openid":"o8uJ6uGfcbDxLArgv0ZiWNk1J8Bw","out_transaction_id":[],"pay_time":"2018-05-31 23:07:19","pay_way":"WXZF","result_code":"0","sign":"A9EFC0CB756EC080DC46772E00035A22","status":"2","third_order_id":"2018053123070147352"}

