2018-05-03 08:03:13:参数:{"merchant_id":"6008005629","service":"query_status","third_order_id":"2018050308031279185","nonce_str":"M9OBYKZBVKIE4825MN0O95M0H2GN83WZ","sign":"18BFDC0BF141DC50A0D18213FE2CF8EA"}

2018-05-03 08:03:19:继续查询:{"resp_code":"0","amount":"450","leshua_order_id":"1805030803137229","merchant_id":"6008005629","nonce_str":"A2VUIXXAAK7UPGN51MYPG176K81KR7Y6","pay_way":"WXZF","result_code":"0","sign":"71413794DBAC435854E3CD058F348809","status":"0","third_order_id":"2018050308031279185"}

2018-05-03 08:03:19:参数:{"merchant_id":"6008005629","service":"query_status","third_order_id":"2018050308031279185","nonce_str":"WHZ2A8RSB6MRZIH1SJVP9D81E1LN57OZ","sign":"ED1096F52A6BB9E371ADF956285D6477"}

2018-05-03 08:03:24:继续查询:{"resp_code":"0","amount":"450","leshua_order_id":"1805030803137229","merchant_id":"6008005629","nonce_str":"GRGTMGPWH5Q7T9I7B3I9RY25WDQD5ON1","pay_way":"WXZF","result_code":"0","sign":"2A4B9725643D345D33A348E042230FD8","status":"0","third_order_id":"2018050308031279185"}

2018-05-03 08:03:24:参数:{"merchant_id":"6008005629","service":"query_status","third_order_id":"2018050308031279185","nonce_str":"2FEDV1PFEA7PRZ1RLO9V9KEZJ7C4O1VL","sign":"6220597ADF193BFFC9DB2F3D71379BA5"}

2018-05-03 08:03:30:继续查询:{"resp_code":"0","amount":"450","leshua_order_id":"1805030803137229","merchant_id":"6008005629","nonce_str":"H7CME3M51JZ0585SJ70H77HU9B00PV0J","pay_way":"WXZF","result_code":"0","sign":"19921DB0DA4FB88BF574667BED3620D6","status":"0","third_order_id":"2018050308031279185"}

2018-05-03 08:03:30:参数:{"merchant_id":"6008005629","service":"query_status","third_order_id":"2018050308031279185","nonce_str":"LQYIKNIX6PBYYIR9HE27W2OFF17U75PM","sign":"F053571ED2938409CCD6E79AA79DA123"}

2018-05-03 08:03:35:继续查询:{"resp_code":"0","amount":"450","leshua_order_id":"1805030803137229","merchant_id":"6008005629","nonce_str":"FTRW0V3F6EN6BET3KY4LDYJ29BFT5LOC","pay_way":"WXZF","result_code":"0","sign":"1C1804AEB0D722586E00645AD4E0D3C9","status":"0","third_order_id":"2018050308031279185"}

2018-05-03 08:03:35:参数:{"merchant_id":"6008005629","service":"query_status","third_order_id":"2018050308031279185","nonce_str":"96SRUUI6TERVHQW2NOPB9SWU7VNJD2KQ","sign":"3EC7E8C877906BD908B6EAD6AA530EEA"}

2018-05-03 08:03:36:支付成功:{"resp_code":"0","amount":"450","bank_type":"CFT","leshua_order_id":"1805030803137229","merchant_id":"6008005629","nonce_str":"S2U2LGV5T4KONKWJGYDRLO090ZKU7EXG","openid":"oRfOu1Zk7LOIpQ-DZPe8Gh2w6OJw","out_transaction_id":"4200000119201805031529810967","pay_time":"2018-05-03 08:03:35","pay_way":"WXZF","result_code":"0","sign":"52D30EBEE667E589B7A2B5F65C89D9BA","status":"2","third_order_id":"2018050308031279185"}

2018-05-03 08:19:53:参数:{"merchant_id":"6008005629","service":"query_status","third_order_id":"2018050308195237493","nonce_str":"QUFV3D3PG57GO4VNXCVZTTCO026IH4NU","sign":"F6D32C5FA82C38B081A7818A024B8A2C"}

2018-05-03 08:19:59:继续查询:{"resp_code":"0","amount":"1120","leshua_order_id":"1805030819530736","merchant_id":"6008005629","nonce_str":"UMM2XQ8Q8Q05SUB2HJAVGCIFTPTZLMX4","pay_way":"WXZF","result_code":"0","sign":"21142179F98ACEB33DD92A73FD695F94","status":"0","third_order_id":"2018050308195237493"}

2018-05-03 08:19:59:参数:{"merchant_id":"6008005629","service":"query_status","third_order_id":"2018050308195237493","nonce_str":"SFCN4E5KX3BS2X4C7LBRNY2TTZ2YEDE7","sign":"3AD3A14ADF46C570B03904E0890ECC1C"}

2018-05-03 08:20:04:继续查询:{"resp_code":"0","amount":"1120","leshua_order_id":"1805030819530736","merchant_id":"6008005629","nonce_str":"L27CIRNEIZJGFD338LSY0E699GKIFKAC","pay_way":"WXZF","result_code":"0","sign":"5FF614106D1E6D41760E84291D507230","status":"0","third_order_id":"2018050308195237493"}

2018-05-03 08:20:04:参数:{"merchant_id":"6008005629","service":"query_status","third_order_id":"2018050308195237493","nonce_str":"YTF0920S238Y4DK82HK48228QSPCZ0IA","sign":"EC5C7F014F45351ED3171466BBA79374"}

2018-05-03 08:20:09:继续查询:{"resp_code":"0","amount":"1120","leshua_order_id":"1805030819530736","merchant_id":"6008005629","nonce_str":"YZOTBDJAFEN5D263Z43KFG26W4Y5796K","pay_way":"WXZF","result_code":"0","sign":"6AAD7F4D66AFF606D6C58A808F781791","status":"0","third_order_id":"2018050308195237493"}

2018-05-03 08:20:09:参数:{"merchant_id":"6008005629","service":"query_status","third_order_id":"2018050308195237493","nonce_str":"VEQ9034F7DTESRHMWRLCJBI8Q6X1QMC3","sign":"716760B9B20867340DF012E986462E53"}

2018-05-03 08:20:15:继续查询:{"resp_code":"0","amount":"1120","leshua_order_id":"1805030819530736","merchant_id":"6008005629","nonce_str":"JF3PA1ZQIEIB7C0IEUAM1BVLUZ3ZZV9Z","pay_way":"WXZF","result_code":"0","sign":"3177E35BEE9A0AAC8CC5C8998827BBF0","status":"0","third_order_id":"2018050308195237493"}

2018-05-03 08:20:15:参数:{"merchant_id":"6008005629","service":"query_status","third_order_id":"2018050308195237493","nonce_str":"VVHGKX2WJ3GK9PIZKQKJ50QZQCM4BOKZ","sign":"A98B0310C1492EBFCB1322B0460E186C"}

2018-05-03 08:20:20:继续查询:{"resp_code":"0","amount":"1120","leshua_order_id":"1805030819530736","merchant_id":"6008005629","nonce_str":"LELTH8NVW93VSFIPR8UXB7G0IEGU7TA2","pay_way":"WXZF","result_code":"0","sign":"6D27A9C8FD59C6A78AC665641FE4C2D2","status":"0","third_order_id":"2018050308195237493"}

2018-05-03 08:20:20:参数:{"merchant_id":"6008005629","service":"query_status","third_order_id":"2018050308195237493","nonce_str":"6B5ZQVTOBRXZKQ0SQU3Z613CKPK43UO2","sign":"A6AFE73C51313E75B10D3677089EE9AE"}

2018-05-03 08:20:26:继续查询:{"resp_code":"0","amount":"1120","leshua_order_id":"1805030819530736","merchant_id":"6008005629","nonce_str":"JY77DOJ692W1GKUWJ3UI5UPYLLSW11RT","pay_way":"WXZF","result_code":"0","sign":"C8D1F2E35B19AC03A27703C82C64FA3F","status":"0","third_order_id":"2018050308195237493"}

2018-05-03 08:20:26:参数:{"merchant_id":"6008005629","service":"query_status","third_order_id":"2018050308195237493","nonce_str":"OZFROIEOU3VZPWGZYI5MOS2FTZEZ5MUR","sign":"CDD5284158B41C259FCCD16B7BFCB052"}

2018-05-03 08:20:26:支付成功:{"resp_code":"0","amount":"1120","bank_type":"CFT","leshua_order_id":"1805030819530736","merchant_id":"6008005629","nonce_str":"UFBR2FE077B1F9IECN3BLKXKL1Y10RPA","openid":"oRfOu1XTLgkX0Gw-qjzWBLRaE6o4","out_transaction_id":"4200000124201805031436529016","pay_time":"2018-05-03 08:20:26","pay_way":"WXZF","result_code":"0","sign":"B645E3F921397499B50CA20188292CD9","status":"2","third_order_id":"2018050308195237493"}

2018-05-03 10:23:20:参数:{"merchant_id":"6008005629","service":"query_status","third_order_id":"2018050310231946432","nonce_str":"AGU668MW2272DPXMVB0NZKQ97WWO6AF0","sign":"9ADEF596B3C3802BC6B45044C4E0A40C"}

2018-05-03 10:23:26:继续查询:{"resp_code":"0","amount":"440","leshua_order_id":"1805031023128331","merchant_id":"6008005629","nonce_str":"N81EQCJR82WITGKLDIPZKDF4MVKCLZRT","pay_way":"WXZF","result_code":"0","sign":"9792CC4D2930834543B52A7D3CDAFE79","status":"0","third_order_id":"2018050310231946432"}

2018-05-03 10:23:26:参数:{"merchant_id":"6008005629","service":"query_status","third_order_id":"2018050310231946432","nonce_str":"9TK7BVS5Y1SKT72KA7ZRBMZA4NGWEFTB","sign":"F76CBC309B6EBAB611CA22CA4E3515C3"}

2018-05-03 10:23:31:继续查询:{"resp_code":"0","amount":"440","leshua_order_id":"1805031023128331","merchant_id":"6008005629","nonce_str":"D6T2EHSKUQK4Q9KPZHANL20MQ0Z4IMYX","pay_way":"WXZF","result_code":"0","sign":"8D00640CD64F20CE85578B7DE425DB16","status":"0","third_order_id":"2018050310231946432"}

2018-05-03 10:23:31:参数:{"merchant_id":"6008005629","service":"query_status","third_order_id":"2018050310231946432","nonce_str":"U69V2LXSKMFAJH2YQF00E7I8DBQKG622","sign":"A023B3A54651E8080B8F827812AED35D"}

2018-05-03 10:23:36:继续查询:{"resp_code":"0","amount":"440","leshua_order_id":"1805031023128331","merchant_id":"6008005629","nonce_str":"PC9TWHRXPLUMPH00BIUKS12YQOJ7N7FH","pay_way":"WXZF","result_code":"0","sign":"86DA707CDA6750470A7A5A2CB94BB7CC","status":"0","third_order_id":"2018050310231946432"}

2018-05-03 10:23:36:参数:{"merchant_id":"6008005629","service":"query_status","third_order_id":"2018050310231946432","nonce_str":"VWHVQBI966XMPRAIWJ3I7MX58HHDXT16","sign":"643422464527FE8692D691038E1880A4"}

2018-05-03 10:23:42:继续查询:{"resp_code":"0","amount":"440","leshua_order_id":"1805031023128331","merchant_id":"6008005629","nonce_str":"SG7H6XAC7L4FZFUO43LP6T0XYMTBKQL4","pay_way":"WXZF","result_code":"0","sign":"6E648B117FB9A03D08C02337435924E7","status":"0","third_order_id":"2018050310231946432"}

2018-05-03 10:23:42:参数:{"merchant_id":"6008005629","service":"query_status","third_order_id":"2018050310231946432","nonce_str":"OAMYQ3N7ED5OFW9K4DIW8F0QKJBLSUV6","sign":"FD01FA37BFD8036260AA7793600E93FC"}

2018-05-03 10:23:47:继续查询:{"resp_code":"0","amount":"440","leshua_order_id":"1805031023128331","merchant_id":"6008005629","nonce_str":"O0GFY46SC63ADH1J2LPO6QSP0GSCU23W","pay_way":"WXZF","result_code":"0","sign":"F0D7DF5189CBEDD70B9E79F8E1BDD05B","status":"0","third_order_id":"2018050310231946432"}

2018-05-03 10:23:47:参数:{"merchant_id":"6008005629","service":"query_status","third_order_id":"2018050310231946432","nonce_str":"DDPBBU2GK3VU2QUX1IDF0FZXSEVJD7BN","sign":"80D0CBAEE52A0425ACA83ED86780D275"}

2018-05-03 10:23:52:继续查询:{"resp_code":"0","amount":"440","leshua_order_id":"1805031023128331","merchant_id":"6008005629","nonce_str":"EW29LRMIEJID7FX0VSEC5G4ZQAF5ASK4","pay_way":"WXZF","result_code":"0","sign":"032906EB512C07D18ABC721AA18A7A43","status":"0","third_order_id":"2018050310231946432"}

2018-05-03 10:23:53:参数:{"merchant_id":"6008005629","service":"query_status","third_order_id":"2018050310231946432","nonce_str":"JMZM911K9LE8IZB0RT0MS4XIQBCFSM2P","sign":"BDE82384525A86F734662D00A28F2111"}

2018-05-03 10:23:53:参数:{"merchant_id":"6008005629","service":"query_status","third_order_id":"2018050310231946432","nonce_str":"L0SY0BAEVN6QHTXVBTLGF02N5M78Y2EH","sign":"DDA61081382EEC01ED0BA690F15D4E29"}

2018-05-03 10:23:53:支付失败:{"resp_code":"0","amount":"440","leshua_order_id":"1805031023128331","merchant_id":"6008005629","nonce_str":"DT3K6E3NQ4LRMWBBFH6AVYAZ9B8H8J0F","pay_way":"WXZF","result_code":"0","sign":"AE268267DBA6D339E91AF907FB37C221","status":"6","third_order_id":"2018050310231946432"}

2018-05-03 15:42:59:参数:{"merchant_id":"6008005629","service":"query_status","third_order_id":"2018050315425623219","nonce_str":"SQ918IA359E4IG8WAYQ6YFWYQZWKG8DT","sign":"2874512D9B751F01A7BA82D105CA410E"}

2018-05-03 15:43:04:继续查询:{"resp_code":"0","amount":"6590","leshua_order_id":"1805031542502157","merchant_id":"6008005629","nonce_str":"GP79M76CDKKWYFVOVS5JI6CQB1FG8AVP","pay_way":"WXZF","result_code":"0","sign":"30B78E1D340EB55F2B4E72C8B9128BE8","status":"0","third_order_id":"2018050315425623219"}

2018-05-03 15:43:04:参数:{"merchant_id":"6008005629","service":"query_status","third_order_id":"2018050315425623219","nonce_str":"UUD3J6LOWLC769XRGG6AX0O2S73G7K8P","sign":"80441A52F6521ADCE85A20FB935D559E"}

2018-05-03 15:43:09:继续查询:{"resp_code":"0","amount":"6590","leshua_order_id":"1805031542502157","merchant_id":"6008005629","nonce_str":"98SQPM5B22OAAC3ZP263BEKMIJ4XD9Z8","pay_way":"WXZF","result_code":"0","sign":"72EA8DA9BAFE9618EFA5ADE473896058","status":"0","third_order_id":"2018050315425623219"}

2018-05-03 15:43:09:参数:{"merchant_id":"6008005629","service":"query_status","third_order_id":"2018050315425623219","nonce_str":"LULC82GTB31K5XQVTF3FIUQPYCY5GDY1","sign":"FF1166BB5D89F859F33AE2E1D6EDD18E"}

2018-05-03 15:43:10:支付成功:{"resp_code":"0","amount":"6590","bank_type":"CFT","leshua_order_id":"1805031542502157","merchant_id":"6008005629","nonce_str":"USAK057YZMISXX7TXA3SUAS6EKH04TAU","openid":"oRfOu1WW6QOftmOTwoBoBiZ35Op0","out_transaction_id":"4200000138201805031683940402","pay_time":"2018-05-03 15:43:09","pay_way":"WXZF","result_code":"0","sign":"6D6AAD889520BB3CD1B4D2CE5A152EE5","status":"2","third_order_id":"2018050315425623219"}

2018-05-03 18:30:37:参数:{"merchant_id":"6008005629","service":"query_status","third_order_id":"2018050318303528214","nonce_str":"QE30Y87QXVVJG5P29TFMNM3EF4RV93Q0","sign":"4B30CBE3A363198AAB14D9EE70EE1A88"}

2018-05-03 18:30:42:继续查询:{"resp_code":"0","amount":"9570","leshua_order_id":"1805031830303061","merchant_id":"6008005629","nonce_str":"WM1FFQSTZCIF62BQGMM3MLVQQX1IO2JV","pay_way":"WXZF","result_code":"0","sign":"AD90F30D93351DED6A50BED0CC05239D","status":"0","third_order_id":"2018050318303528214"}

2018-05-03 18:30:42:参数:{"merchant_id":"6008005629","service":"query_status","third_order_id":"2018050318303528214","nonce_str":"7F4WBTAR1QM7NJ4EWWHH9D8HQTHOLEB4","sign":"75854A2C624179D60C2B895E4F219C41"}

2018-05-03 18:30:47:继续查询:{"resp_code":"0","amount":"9570","leshua_order_id":"1805031830303061","merchant_id":"6008005629","nonce_str":"NF0WU4IK9LWR7HHWEK30DXR0AECC2BW0","pay_way":"WXZF","result_code":"0","sign":"55C97EF96C936A769520F99B246637E8","status":"0","third_order_id":"2018050318303528214"}

2018-05-03 18:30:47:参数:{"merchant_id":"6008005629","service":"query_status","third_order_id":"2018050318303528214","nonce_str":"0NATZCLYIPMPGV3MVBROGFSJCG5GRN8U","sign":"95511ECC60233DD73548F8E6AB90D5CD"}

2018-05-03 18:30:48:支付成功:{"resp_code":"0","amount":"9570","bank_type":"ABC_DEBIT","leshua_order_id":"1805031830303061","merchant_id":"6008005629","nonce_str":"FR4DY5I0BTMJ35X92VWD19P43U402NZG","openid":"oRfOu1RWELs3egilqUBNrdDirJIA","out_transaction_id":"4200000112201805031963809326","pay_time":"2018-05-03 18:30:48","pay_way":"WXZF","result_code":"0","sign":"6EB81302E00D9B5462391A58EE02A455","status":"2","third_order_id":"2018050318303528214"}

2018-05-03 18:42:59:参数:{"merchant_id":"6008005629","service":"query_status","third_order_id":"2018050318425819969","nonce_str":"4JJF1HA2WJOD5EZ42F97M1JGZW7669JW","sign":"9E0E906ADD98A2A82DCD2CB9B3273635"}

2018-05-03 18:43:05:继续查询:{"resp_code":"0","amount":"2350","leshua_order_id":"1805031842528152","merchant_id":"6008005629","nonce_str":"LT8BHZBQQ7UCOO3Y3IYDDDBVPQGK1LPV","pay_way":"ZFBZF","result_code":"0","sign":"3C228201D08A1F0BCF772D54947D3E14","status":"0","third_order_id":"2018050318425819969"}

2018-05-03 18:43:05:参数:{"merchant_id":"6008005629","service":"query_status","third_order_id":"2018050318425819969","nonce_str":"FDWCLKC06J3JGAM3X6L2NXG1NO8ISFOT","sign":"50D2B40724FDF06258A4AD3572E0D0D0"}

2018-05-03 18:43:10:继续查询:{"resp_code":"0","amount":"2350","leshua_order_id":"1805031842528152","merchant_id":"6008005629","nonce_str":"XYGEVAMIQ1VU4N7AZE284DPR3FOQ41G8","pay_way":"ZFBZF","result_code":"0","sign":"D3B391BC3F8B7863608CF6BDD62A9E8E","status":"0","third_order_id":"2018050318425819969"}

2018-05-03 18:43:10:参数:{"merchant_id":"6008005629","service":"query_status","third_order_id":"2018050318425819969","nonce_str":"KM5YYZ0KKUYJ871COT18XI28LC10FP9F","sign":"D093F39FA8C6C8386B9290682AAFA366"}

2018-05-03 18:43:16:继续查询:{"resp_code":"0","amount":"2350","leshua_order_id":"1805031842528152","merchant_id":"6008005629","nonce_str":"HLFU3K00SIO0E7AS6GKH9SZ6UTO6OVK0","pay_way":"ZFBZF","result_code":"0","sign":"F169762382FACC299167F346F43C5FD4","status":"0","third_order_id":"2018050318425819969"}

2018-05-03 18:43:16:参数:{"merchant_id":"6008005629","service":"query_status","third_order_id":"2018050318425819969","nonce_str":"X3E4QE0Y4ZKLVLOSD0HKNMTA2XD0KJC8","sign":"0C9339A628417BD81C7F7881D0B7D1ED"}

2018-05-03 18:43:16:支付成功:{"resp_code":"0","amount":"2350","bank_type":"DEBIT_CARD","leshua_order_id":"1805031842528152","merchant_id":"6008005629","nonce_str":"1BCCTBKWSDB485GV3G5EZAL2KSM4VMHH","openid":"2088612025887904","out_transaction_id":"2018050321001004900505078378","pay_time":"2018-05-03 18:43:16","pay_way":"ZFBZF","result_code":"0","sign":"86D5001BC82B3D99CFD6174942685C04","status":"2","third_order_id":"2018050318425819969"}

2018-05-03 20:47:05:参数:{"merchant_id":"6008005629","service":"query_status","third_order_id":"2018050320470412714","nonce_str":"3GXR704X7RACVIJT08MMP5IH24N8CU7I","sign":"918B2F6A434DCE5F3CD5A232EE6DE260"}

2018-05-03 20:47:10:继续查询:{"resp_code":"0","amount":"650","leshua_order_id":"1805032047032076","merchant_id":"6008005629","nonce_str":"QQ2O2UL8XFH7U6H13QD290FOPBDVI617","pay_way":"WXZF","result_code":"0","sign":"BD21831FB5FD4DAFF6072A5C11E79C54","status":"0","third_order_id":"2018050320470412714"}

2018-05-03 20:47:10:参数:{"merchant_id":"6008005629","service":"query_status","third_order_id":"2018050320470412714","nonce_str":"NDZMNPQ6PK2VBBR252SHKV5XRB7CRYAG","sign":"9913AF27EC26878C911FCBE698782101"}

2018-05-03 20:47:16:继续查询:{"resp_code":"0","amount":"650","leshua_order_id":"1805032047032076","merchant_id":"6008005629","nonce_str":"AGSK9R0RINFLBLFOUS8AB14F06WAHPNQ","pay_way":"WXZF","result_code":"0","sign":"11D1E62E762DA049A56BF674C5F696E1","status":"0","third_order_id":"2018050320470412714"}

2018-05-03 20:47:16:参数:{"merchant_id":"6008005629","service":"query_status","third_order_id":"2018050320470412714","nonce_str":"XHSEI2UNIDCU9FZ3RMNHL44PZUTDHDIZ","sign":"8AB392C24538D382B20CEA51545CAB67"}

2018-05-03 20:47:21:继续查询:{"resp_code":"0","amount":"650","leshua_order_id":"1805032047032076","merchant_id":"6008005629","nonce_str":"KN0HLYQI3VIM78ENFA7R8EGLYI7RO9G5","pay_way":"WXZF","result_code":"0","sign":"CDF9A72DA9E48FDBF120D7725567EB7D","status":"0","third_order_id":"2018050320470412714"}

2018-05-03 20:47:21:参数:{"merchant_id":"6008005629","service":"query_status","third_order_id":"2018050320470412714","nonce_str":"K4Z85U19XF9I866K6Q17S36GD5UQB46Z","sign":"4CDB47DF7A716283F6409655D7AF6B30"}

2018-05-03 20:47:27:继续查询:{"resp_code":"0","amount":"650","leshua_order_id":"1805032047032076","merchant_id":"6008005629","nonce_str":"PXM0RDTW6HTQF1K1L34TVA2PK71B1B6P","pay_way":"WXZF","result_code":"0","sign":"12328220CCC19483D03F1A45D52460AC","status":"0","third_order_id":"2018050320470412714"}

2018-05-03 20:47:27:参数:{"merchant_id":"6008005629","service":"query_status","third_order_id":"2018050320470412714","nonce_str":"4XFSQ4D2XC5OTR97NDXO5MUPIHZLDFQR","sign":"1FC0312B7A058E341D8396A2EF8B2BDB"}

2018-05-03 20:47:32:继续查询:{"resp_code":"0","amount":"650","leshua_order_id":"1805032047032076","merchant_id":"6008005629","nonce_str":"QSXIEOQGYK7U9ET2H42O32C1HA9YBOI2","pay_way":"WXZF","result_code":"0","sign":"4E2854BFB8F8084AB6B097E422D33205","status":"0","third_order_id":"2018050320470412714"}

2018-05-03 20:47:32:参数:{"merchant_id":"6008005629","service":"query_status","third_order_id":"2018050320470412714","nonce_str":"6A48SQEULY7N94Y2HOY4A7TCVI1LWVTI","sign":"32DEC533AA659C05360BA5E2C6F07AE8"}

2018-05-03 20:47:38:继续查询:{"resp_code":"0","amount":"650","leshua_order_id":"1805032047032076","merchant_id":"6008005629","nonce_str":"YTMV1GDW5OGV3R67UQ1LVERD9W8T6A29","pay_way":"WXZF","result_code":"0","sign":"12C73AD6872D4848DAAC00EDBA35FABB","status":"0","third_order_id":"2018050320470412714"}

2018-05-03 20:47:38:参数:{"merchant_id":"6008005629","service":"query_status","third_order_id":"2018050320470412714","nonce_str":"WK82KC4I5G8QOW6JJO8DSX7RJJIZCF3Q","sign":"0236CD8676DE7064385A334AC4BAAC64"}

2018-05-03 20:47:39:参数:{"merchant_id":"6008005629","service":"query_status","third_order_id":"2018050320470412714","nonce_str":"2X0LI6TTXUZWO5G4VTU0SBNSZV384BHT","sign":"9C227A91C609F1CB6674C5ABD9E00E5A"}

2018-05-03 20:47:39:支付失败:{"resp_code":"0","amount":"650","leshua_order_id":"1805032047032076","merchant_id":"6008005629","nonce_str":"CXCGPGC6ALSHHQCW1F4SI1D1HJ7F9520","pay_way":"WXZF","result_code":"0","sign":"77FFB1F8E59801E2AFF39534EE2E80B0","status":"6","third_order_id":"2018050320470412714"}

2018-05-03 21:02:42:参数:{"merchant_id":"6008005629","service":"query_status","third_order_id":"2018050321024137087","nonce_str":"6RA9NH9ON1YP038AF303BP8NPFLG5WMS","sign":"BF6CD29380AFA55F3A55D13E596E5BD4"}

2018-05-03 21:02:47:继续查询:{"resp_code":"0","amount":"650","leshua_order_id":"1805032102404637","merchant_id":"6008005629","nonce_str":"EB20528PO7A69A3314IZWP21O9Q0IBV4","pay_way":"WXZF","result_code":"0","sign":"F1C9D6AD35EA3EB102856A6337F48F4A","status":"0","third_order_id":"2018050321024137087"}

2018-05-03 21:02:47:参数:{"merchant_id":"6008005629","service":"query_status","third_order_id":"2018050321024137087","nonce_str":"V1WQC5A8UJG2Z9CVLIBUJ6BYOSBDWR1X","sign":"2EC22D0C7857761CFDE739CDD6029B31"}

2018-05-03 21:02:48:支付成功:{"resp_code":"0","amount":"650","bank_type":"CFT","leshua_order_id":"1805032102404637","merchant_id":"6008005629","nonce_str":"D3YKUCSFZG1T92X0I262OT7WZ3RMR0V1","openid":"oRfOu1a14gnSN0YQOcXt0aeOaB1E","out_transaction_id":"4200000124201805032113670384","pay_time":"2018-05-03 21:02:47","pay_way":"WXZF","result_code":"0","sign":"CF3CE437887979EE74BE50543F7AB814","status":"2","third_order_id":"2018050321024137087"}

2018-05-03 21:45:42:参数:{"merchant_id":"6008005629","service":"query_status","third_order_id":"2018050321454164038","nonce_str":"VPJPEDKGYIA0VYDZG8RCFYG03ZVQ929C","sign":"4490CCAF67D0C671C9B8D3DBC48C00C8"}

2018-05-03 21:45:48:继续查询:{"resp_code":"0","amount":"5960","leshua_order_id":"1805032145424915","merchant_id":"6008005629","nonce_str":"VSPBRXX3ZSIOAVT15LXWKSD740MXFDL9","pay_way":"WXZF","result_code":"0","sign":"2046C7774A585CFA24D7641E3A89928B","status":"0","third_order_id":"2018050321454164038"}

2018-05-03 21:45:48:参数:{"merchant_id":"6008005629","service":"query_status","third_order_id":"2018050321454164038","nonce_str":"AMUUO8HFIBQXQHXL2R6D1SFSMRXZO8E4","sign":"F378401E2DF8131028A515609EC12FA8"}

2018-05-03 21:45:53:继续查询:{"resp_code":"0","amount":"5960","leshua_order_id":"1805032145424915","merchant_id":"6008005629","nonce_str":"BUQQYOE68BBFBVWX2L1J0INCWR0HUOHG","pay_way":"WXZF","result_code":"0","sign":"7C49B3B507C5CFCF2DAFE2C75B4571B7","status":"0","third_order_id":"2018050321454164038"}

2018-05-03 21:45:53:参数:{"merchant_id":"6008005629","service":"query_status","third_order_id":"2018050321454164038","nonce_str":"AHN2YJ8P3Q7BECIA9XVRCQ4HMIDR0DHY","sign":"B7A4CA07955006A6243BAB734B8F13C5"}

2018-05-03 21:45:53:支付成功:{"resp_code":"0","amount":"5960","bank_type":"CFT","leshua_order_id":"1805032145424915","merchant_id":"6008005629","nonce_str":"D77SR99PQSTDVP1ZW7L0EAXM4GT2H68P","openid":"oRfOu1afeO8okK7bjcI3FacjDQLU","out_transaction_id":"4200000111201805032212469309","pay_time":"2018-05-03 21:45:53","pay_way":"WXZF","result_code":"0","sign":"4AC73C5F86109807F5293A6C5A7A7AC4","status":"2","third_order_id":"2018050321454164038"}

2018-05-03 22:50:32:参数:{"merchant_id":"6008005629","service":"query_status","third_order_id":"2018050322503166392","nonce_str":"5IJEEOGBDAXX27HUDY9TMLYXENVY7DIM","sign":"ADB1E0AC67EFFF42B86AD67EE85F732F"}

2018-05-03 22:50:38:继续查询:{"resp_code":"0","amount":"470","leshua_order_id":"1805032250302962","merchant_id":"6008005629","nonce_str":"RZWKUX25129V7KLKWB6TVSN0VMLMD0KE","pay_way":"ZFBZF","result_code":"0","sign":"D03469CB7B2C045F270C186804106ACC","status":"0","third_order_id":"2018050322503166392"}

2018-05-03 22:50:38:参数:{"merchant_id":"6008005629","service":"query_status","third_order_id":"2018050322503166392","nonce_str":"ZMCGVMGLJ2XDCJO8KXLDMDRQQLXQGLLK","sign":"FAE08DB0CEEDF815589C03CBEBF87A12"}

2018-05-03 22:50:43:继续查询:{"resp_code":"0","amount":"470","leshua_order_id":"1805032250302962","merchant_id":"6008005629","nonce_str":"U0BQBWE4IUR8E6EXPI1JBRRRMN1I1P5K","pay_way":"ZFBZF","result_code":"0","sign":"F726C23F7925D91FED1A39BD0A057696","status":"0","third_order_id":"2018050322503166392"}

2018-05-03 22:50:43:参数:{"merchant_id":"6008005629","service":"query_status","third_order_id":"2018050322503166392","nonce_str":"G7DRALB483PN0UUUCEGOPXOX7SQ2ZY1B","sign":"6EDF95E6618B88EE0F11A705455D6FB9"}

2018-05-03 22:50:49:继续查询:{"resp_code":"0","amount":"470","leshua_order_id":"1805032250302962","merchant_id":"6008005629","nonce_str":"ZJQ05DPR0J5LU24BWXGM9OKEY10GIAL8","pay_way":"ZFBZF","result_code":"0","sign":"555F6B177184D1931AD4EE524AFF7015","status":"0","third_order_id":"2018050322503166392"}

2018-05-03 22:50:49:参数:{"merchant_id":"6008005629","service":"query_status","third_order_id":"2018050322503166392","nonce_str":"AOMA74THG6YVZMWL3NJ94HDHGI2KQTK2","sign":"D744AD553F814EE439491B4E46B7187E"}

2018-05-03 22:50:54:继续查询:{"resp_code":"0","amount":"470","leshua_order_id":"1805032250302962","merchant_id":"6008005629","nonce_str":"6O7FF0BD96OSJKC81DKUP2DPRJM3O495","pay_way":"ZFBZF","result_code":"0","sign":"1155E4CADF25A8972A1524DFC64283B3","status":"0","third_order_id":"2018050322503166392"}

2018-05-03 22:50:54:参数:{"merchant_id":"6008005629","service":"query_status","third_order_id":"2018050322503166392","nonce_str":"IRWZ5M7NZS8NR2CWFJLF2745CNABDA88","sign":"6682E1C56418AC057E18E6964D620421"}

2018-05-03 22:51:00:继续查询:{"resp_code":"0","amount":"470","leshua_order_id":"1805032250302962","merchant_id":"6008005629","nonce_str":"VMWCVX9SNGSAV13JIRR9PWUS92NMRBLG","pay_way":"ZFBZF","result_code":"0","sign":"B81A7BD9A99CD78FA14AF322CC672196","status":"0","third_order_id":"2018050322503166392"}

2018-05-03 22:51:00:参数:{"merchant_id":"6008005629","service":"query_status","third_order_id":"2018050322503166392","nonce_str":"RP71KHQX0K9SPPK99LSQPQW1EK8C1CQM","sign":"65EE7E9F67DC2EAEBC6F29B64160BC6D"}

2018-05-03 22:51:05:继续查询:{"resp_code":"0","amount":"470","leshua_order_id":"1805032250302962","merchant_id":"6008005629","nonce_str":"24TXCJJE2N5207PXC3Z6WAPRBAJV85LB","pay_way":"ZFBZF","result_code":"0","sign":"4D280073CFEC943C42D2B0D0728B3F6A","status":"0","third_order_id":"2018050322503166392"}

2018-05-03 22:51:05:参数:{"merchant_id":"6008005629","service":"query_status","third_order_id":"2018050322503166392","nonce_str":"WQQ5NPBUEBSDLHRAQ7QB4TK6R1QMAH80","sign":"F870FAB299BC83B9F6B4897F5421FB2B"}

2018-05-03 22:51:06:参数:{"merchant_id":"6008005629","service":"query_status","third_order_id":"2018050322503166392","nonce_str":"EDV0JGD91NSQOR1NEPXFUB4JB1LDWAA0","sign":"A872B507D02EDA00C2E1493FB0CA0AC2"}

2018-05-03 22:51:06:支付失败:{"resp_code":"0","amount":"470","leshua_order_id":"1805032250302962","merchant_id":"6008005629","nonce_str":"CGQKLHWWGR2O492RPRYHJMLQ4KLSSKJU","pay_way":"ZFBZF","result_code":"0","sign":"D97FC3D1BE7D5CDD13710856B19778D9","status":"6","third_order_id":"2018050322503166392"}

2018-05-03 22:54:28:参数:{"merchant_id":"6008005629","service":"query_status","third_order_id":"2018050322542725457","nonce_str":"994YKJ7X4R4PCZEK9HP5R98ELIDHD242","sign":"EDC6170D9A79CD52ED30B63C8468F6DC"}

2018-05-03 22:54:33:继续查询:{"resp_code":"0","amount":"969","leshua_order_id":"1805032254235828","merchant_id":"6008005629","nonce_str":"GQ0LBQQJ1NRYS97S3UK00NZJA1JNGAQ4","pay_way":"WXZF","result_code":"0","sign":"8998288246F9E6F09EB1C035D20D3802","status":"0","third_order_id":"2018050322542725457"}

2018-05-03 22:54:33:参数:{"merchant_id":"6008005629","service":"query_status","third_order_id":"2018050322542725457","nonce_str":"VBH9IKJRQ03N64VYZ5DZG6YAXLP000D0","sign":"4525065928E6D5D5F2AC677FF51ADDDC"}

2018-05-03 22:54:39:继续查询:{"resp_code":"0","amount":"969","leshua_order_id":"1805032254235828","merchant_id":"6008005629","nonce_str":"YAOBKQZRDK1LNGJW6PGIFIS0QAII7II7","pay_way":"WXZF","result_code":"0","sign":"694FDC94246E87228B7DBA54C2767247","status":"0","third_order_id":"2018050322542725457"}

2018-05-03 22:54:39:参数:{"merchant_id":"6008005629","service":"query_status","third_order_id":"2018050322542725457","nonce_str":"1CIZ65PCMEQEL7Z0N9K83F9OEC2TOA23","sign":"06F829B03F7298CC71F522D283AF95D5"}

2018-05-03 22:54:44:继续查询:{"resp_code":"0","amount":"969","leshua_order_id":"1805032254235828","merchant_id":"6008005629","nonce_str":"JR6NUGJ1A52HK291DF4Q65AQH3IH46RS","pay_way":"WXZF","result_code":"0","sign":"85BA96386A195F85F562220D1A0F4E02","status":"0","third_order_id":"2018050322542725457"}

2018-05-03 22:54:44:参数:{"merchant_id":"6008005629","service":"query_status","third_order_id":"2018050322542725457","nonce_str":"V6R99R4UWU43165XV0N0U31N85UW45ZC","sign":"3C63D7233FB312FD343BF98F0CBB4500"}

2018-05-03 22:54:45:支付成功:{"resp_code":"0","amount":"969","bank_type":"CFT","leshua_order_id":"1805032254235828","merchant_id":"6008005629","nonce_str":"RY23H9VZMZOLDXEEPA24XHJM29OQ7DS0","openid":"oRfOu1TMuw5NFGpMSTVbQyr4or3E","out_transaction_id":"4200000135201805032199246772","pay_time":"2018-05-03 22:54:44","pay_way":"WXZF","result_code":"0","sign":"EFCC5CB15C6CCC75B8DBC3B701DA0755","status":"2","third_order_id":"2018050322542725457"}

