2018-06-07 08:43:39:参数:{"merchant_id":"6008005629","service":"query_status","third_order_id":"2018060708433833365","nonce_str":"C69Q6JSNTDJQGM65KD3J1KVQ7TWX9FPG","sign":"ED3E1F0F4CF374183DAC7F3145268329"}

2018-06-07 08:43:45:继续查询:{"resp_code":"0","amount":"910","leshua_order_id":"1806070843304558","merchant_id":"6008005629","nonce_str":"UF6TTEENEJYU1CY417S0MY60M31XUYN6","pay_way":"WXZF","result_code":"0","sign":"CE9F10336158862EAFBF419E51908CDA","status":"0","third_order_id":"2018060708433833365"}

2018-06-07 08:43:45:参数:{"merchant_id":"6008005629","service":"query_status","third_order_id":"2018060708433833365","nonce_str":"CL1CNOVP3JCNDPKPTF2NJ8JNMUUB4JLE","sign":"2F96AB6266BD4A56AB0D6A4BA9CD81B1"}

2018-06-07 08:43:50:继续查询:{"resp_code":"0","amount":"910","leshua_order_id":"1806070843304558","merchant_id":"6008005629","nonce_str":"T1DV31C92UQ4KAW6G5IJ7X2EC4EOBNDI","pay_way":"WXZF","result_code":"0","sign":"A594AA0AF75D373B37EB78F6DE400CB6","status":"0","third_order_id":"2018060708433833365"}

2018-06-07 08:43:50:参数:{"merchant_id":"6008005629","service":"query_status","third_order_id":"2018060708433833365","nonce_str":"OBQD5YHHN9KFTNK3C33PJMZVJOCZM28Y","sign":"CCD8F28DDCA40B8740393982A5E595C0"}

2018-06-07 08:43:56:继续查询:{"resp_code":"0","amount":"910","leshua_order_id":"1806070843304558","merchant_id":"6008005629","nonce_str":"2W8T89M5KTN8WHJDLNCZH1QD1C7DZCUU","pay_way":"WXZF","result_code":"0","sign":"0083415B1A54F8A7144C2E646D8FA852","status":"0","third_order_id":"2018060708433833365"}

2018-06-07 08:43:56:参数:{"merchant_id":"6008005629","service":"query_status","third_order_id":"2018060708433833365","nonce_str":"TRP9ANN8ZMYO6TQ1IXDOEN64IV2PEZOM","sign":"4E19D96A19C713FE14433CA5612053D9"}

2018-06-07 08:44:01:继续查询:{"resp_code":"0","amount":"910","leshua_order_id":"1806070843304558","merchant_id":"6008005629","nonce_str":"VO01K8W0UH7JEO8FTUMTIKJY0M9ZB1BU","pay_way":"WXZF","result_code":"0","sign":"313E7F978ECBD95EF2C79F340F7CAA88","status":"0","third_order_id":"2018060708433833365"}

2018-06-07 08:44:01:参数:{"merchant_id":"6008005629","service":"query_status","third_order_id":"2018060708433833365","nonce_str":"G8J46DWWL6PWR48U811BXTOHRUPB6RR6","sign":"D5B1DB44F75D16E5C87CA0F35E730ACC"}

2018-06-07 08:44:02:支付成功:{"resp_code":"0","amount":"910","bank_type":"CFT","leshua_order_id":"1806070843304558","merchant_id":"6008005629","nonce_str":"68Q1AXHPEBGGBLJ4RT2QCYQTGS4UGACM","openid":"o8uJ6uMtS-5DMUmS-X_WLYCo1MLw","out_transaction_id":[],"pay_time":"2018-06-07 08:44:01","pay_way":"WXZF","result_code":"0","sign":"F9F6F739181A972672394155C2BAF145","status":"2","third_order_id":"2018060708433833365"}

2018-06-07 08:54:37:参数:{"merchant_id":"6008005629","service":"query_status","third_order_id":"2018060708543644375","nonce_str":"EEADXM8202ONZIYT2V7ZEJ4LLTX28V26","sign":"B2741D007E037A6E0EB7ADD026675918"}

2018-06-07 08:54:42:继续查询:{"resp_code":"0","amount":"2440","leshua_order_id":"1806070854306803","merchant_id":"6008005629","nonce_str":"5JQ9EQPZXQZ0LK50ZXA3VR9Z0YG559LL","pay_way":"WXZF","result_code":"0","sign":"847C8F0069CAAC47D3E57FBA077273F7","status":"0","third_order_id":"2018060708543644375"}

2018-06-07 08:54:42:参数:{"merchant_id":"6008005629","service":"query_status","third_order_id":"2018060708543644375","nonce_str":"LBMUPONNYTLEAMQ5UBTL7VI8NUFTJH9C","sign":"8906D30260A2F8D455EB908756E40C24"}

2018-06-07 08:54:48:继续查询:{"resp_code":"0","amount":"2440","leshua_order_id":"1806070854306803","merchant_id":"6008005629","nonce_str":"4BSJ8WBDYNF6AD19BLL3YNDZYJ4UO5I5","pay_way":"WXZF","result_code":"0","sign":"E39EF519345E5461F70B52CD57A981C4","status":"0","third_order_id":"2018060708543644375"}

2018-06-07 08:54:48:参数:{"merchant_id":"6008005629","service":"query_status","third_order_id":"2018060708543644375","nonce_str":"4WYF6V6QSF85V9HFZK8SETPSZGPJFI2Y","sign":"8788E49B092F5A5E692C4E250A0E4FA1"}

2018-06-07 08:54:53:继续查询:{"resp_code":"0","amount":"2440","leshua_order_id":"1806070854306803","merchant_id":"6008005629","nonce_str":"SHAZHJBWCA14X2Q704TIATIMDW3ORHK0","pay_way":"WXZF","result_code":"0","sign":"389C7A71955BF8F1D151CAC5CB806C10","status":"0","third_order_id":"2018060708543644375"}

2018-06-07 08:54:53:参数:{"merchant_id":"6008005629","service":"query_status","third_order_id":"2018060708543644375","nonce_str":"K0KXPRHMMNWSINIC55L4BGOUK9B4GK9B","sign":"80288818589B163BF94AA39BC425AB78"}

2018-06-07 08:54:59:继续查询:{"resp_code":"0","amount":"2440","leshua_order_id":"1806070854306803","merchant_id":"6008005629","nonce_str":"29WJTI8OLDH8OE3YGD00XIJ51LOVZQE1","pay_way":"WXZF","result_code":"0","sign":"4CF1498ED3C7B33BBC0CFABE131543B5","status":"0","third_order_id":"2018060708543644375"}

2018-06-07 08:54:59:参数:{"merchant_id":"6008005629","service":"query_status","third_order_id":"2018060708543644375","nonce_str":"G8QOTA0X5BSPGEEO6750YEZ05NTRS1NO","sign":"E5EE2C490F3467A4FB057F79D6B7EDA4"}

2018-06-07 08:55:04:继续查询:{"resp_code":"0","amount":"2440","leshua_order_id":"1806070854306803","merchant_id":"6008005629","nonce_str":"WTK8ZQAK6BYSL9QY9DCXWVU87PX1P0G1","pay_way":"WXZF","result_code":"0","sign":"118668EDD0E6EC55915338BF21F41F47","status":"0","third_order_id":"2018060708543644375"}

2018-06-07 08:55:04:参数:{"merchant_id":"6008005629","service":"query_status","third_order_id":"2018060708543644375","nonce_str":"T0BGI8KHRJHY2ZWUTE4MWT632UYSJC43","sign":"BDCA60837C0D0982F2DE38D92DE67182"}

2018-06-07 08:55:10:继续查询:{"resp_code":"0","amount":"2440","leshua_order_id":"1806070854306803","merchant_id":"6008005629","nonce_str":"6UZTPSCK933S09R6YDWSZ3Z2S8NEMJD6","pay_way":"WXZF","result_code":"0","sign":"AFDE1A1C7182A0B3CAFC9A3969108FEA","status":"0","third_order_id":"2018060708543644375"}

2018-06-07 08:55:10:参数:{"merchant_id":"6008005629","service":"query_status","third_order_id":"2018060708543644375","nonce_str":"JYJVJY1GRVDMA479QWBUSKS7BM9O9B8U","sign":"8BE8A0ABDF7012C84D554179FFF92809"}

2018-06-07 11:16:28:参数:{"merchant_id":"4909001413","service":"query_status","third_order_id":"2018060711162758144","nonce_str":"ET9D2YL9V6SF27VR7718C60EM7P36O2T","sign":"45F1A6D0DCD8A20E20A1E0FA3317A402"}

2018-06-07 11:16:34:继续查询:{"resp_code":"0","amount":"1900","leshua_order_id":"1806071116205798","merchant_id":"4909001413","nonce_str":"2NEBZKYU0T9XURJP1AW0CDGFTHSR1R6P","pay_way":"WXZF","result_code":"0","sign":"4A95BB2436CEF81489EE9020853D430E","status":"0","third_order_id":"2018060711162758144"}

2018-06-07 11:16:34:参数:{"merchant_id":"4909001413","service":"query_status","third_order_id":"2018060711162758144","nonce_str":"IZCY92G9W95LILMB4XEU2CL7U8N5HF2N","sign":"4C471B68E1638C288B918C56A0696CFD"}

2018-06-07 11:16:40:继续查询:{"resp_code":"0","amount":"1900","leshua_order_id":"1806071116205798","merchant_id":"4909001413","nonce_str":"5A7GISBWFRDTAEZMF8UMNBE6RMJG9W5E","pay_way":"WXZF","result_code":"0","sign":"17B6965E799EC09901B35E82E946ED90","status":"0","third_order_id":"2018060711162758144"}

2018-06-07 11:16:40:参数:{"merchant_id":"4909001413","service":"query_status","third_order_id":"2018060711162758144","nonce_str":"FKNHQQTG4JAAEB9V8BWNPS9KVBA16GJX","sign":"9916A150D337249120B5F18DD8AEEA61"}

2018-06-07 11:16:45:继续查询:{"resp_code":"0","amount":"1900","leshua_order_id":"1806071116205798","merchant_id":"4909001413","nonce_str":"BJC25BNZAEOFJSI5HTLBQCC8KFL8A3NW","pay_way":"WXZF","result_code":"0","sign":"6B4DA59A27369118C332E25B302403B0","status":"0","third_order_id":"2018060711162758144"}

2018-06-07 11:16:45:参数:{"merchant_id":"4909001413","service":"query_status","third_order_id":"2018060711162758144","nonce_str":"EVZXVXUF8ZN6QS9QLFDQXVM9GFQT4MXL","sign":"629988CFD281BD48E1F79D76F9B11E3B"}

2018-06-07 11:16:46:支付失败:{"resp_code":"0","amount":"1900","leshua_order_id":"1806071116205798","merchant_id":"4909001413","nonce_str":"MQF04B2604S887NFEMXADDXNOQ1HI0XY","pay_way":"WXZF","result_code":"0","sign":"0022D55A96B20EB2ED7C8EFE6C4B1B95","status":"8","third_order_id":"2018060711162758144"}

2018-06-07 12:23:58:参数:{"merchant_id":"0408001370","service":"query_status","third_order_id":"2018060712235652737","nonce_str":"JZOGVALPWC4H0XQWKCGNEA6FR2I4WZWH","sign":"346182EF3EB28983A68C5532839D289A"}

2018-06-07 12:24:04:继续查询:{"resp_code":"0","amount":"819","leshua_order_id":"1806071223500470","merchant_id":"0408001370","nonce_str":"C7POGKNIOOXXDF8QYJGJSZVKSHD4SD4T","pay_way":"WXZF","result_code":"0","sign":"47D51F6B8BA96E628AAC80E08AA1E9ED","status":"0","third_order_id":"2018060712235652737"}

2018-06-07 12:24:04:参数:{"merchant_id":"0408001370","service":"query_status","third_order_id":"2018060712235652737","nonce_str":"9EUBBFRU85VP1VBY13KIY59N69NZUIXE","sign":"06501E674F7CE0F34880AB4AB7001FE9"}

2018-06-07 12:24:09:继续查询:{"resp_code":"0","amount":"819","leshua_order_id":"1806071223500470","merchant_id":"0408001370","nonce_str":"XH3CYI041Z7A4X42X4TJ6U15JOMI1KK2","pay_way":"WXZF","result_code":"0","sign":"1E622B334A0B7C71B55030059732171E","status":"0","third_order_id":"2018060712235652737"}

2018-06-07 12:24:09:参数:{"merchant_id":"0408001370","service":"query_status","third_order_id":"2018060712235652737","nonce_str":"QGSHSRII20ZI9H3PH3X86R5PHIE5UP2M","sign":"C2BD962120488E753A9C1F3BF5096CF0"}

2018-06-07 12:24:15:继续查询:{"resp_code":"0","amount":"819","leshua_order_id":"1806071223500470","merchant_id":"0408001370","nonce_str":"UOJEBW1MNDYD47XEEUK705YVAOABM6QO","pay_way":"WXZF","result_code":"0","sign":"B52AF186698AB84540C3775EC833918B","status":"0","third_order_id":"2018060712235652737"}

2018-06-07 12:24:15:参数:{"merchant_id":"0408001370","service":"query_status","third_order_id":"2018060712235652737","nonce_str":"BCTXLBOL95A9HKJBRDJ06363Z77CL9ID","sign":"7607CB4038676F060FEA98259F671BC9"}

2018-06-07 12:24:20:继续查询:{"resp_code":"0","amount":"819","leshua_order_id":"1806071223500470","merchant_id":"0408001370","nonce_str":"WVLLR9AXXCNTCU2DMPC1ETYO6JGPES8C","pay_way":"WXZF","result_code":"0","sign":"4E8B17115578519335D8319F7F5C6E3F","status":"0","third_order_id":"2018060712235652737"}

2018-06-07 12:24:20:参数:{"merchant_id":"0408001370","service":"query_status","third_order_id":"2018060712235652737","nonce_str":"3KOS1PSFSUVDHO9VVCVG8WP5S169M7ZJ","sign":"89530C3ED9275F920AA1C90A849D9FE1"}

2018-06-07 12:24:26:继续查询:{"resp_code":"0","amount":"819","leshua_order_id":"1806071223500470","merchant_id":"0408001370","nonce_str":"CTUXAVA5RPNPCNGVMZ64TQACUS4HE1IF","pay_way":"WXZF","result_code":"0","sign":"0CB410D49FFA1BB80561D709FAF9E996","status":"0","third_order_id":"2018060712235652737"}

2018-06-07 12:24:26:参数:{"merchant_id":"0408001370","service":"query_status","third_order_id":"2018060712235652737","nonce_str":"2OLYJ0ASVKXPY8RKAMXFK4SS2FUPZJS9","sign":"4E61B737A3EAF485A6C69A37C5B7121B"}

2018-06-07 12:24:31:继续查询:{"resp_code":"0","amount":"819","leshua_order_id":"1806071223500470","merchant_id":"0408001370","nonce_str":"6BBNDOUL328GAI3O8HCP7IOAK4BV773L","pay_way":"WXZF","result_code":"0","sign":"F305FDCC3E5C5F9BBBF3FB9E54EA5E29","status":"0","third_order_id":"2018060712235652737"}

2018-06-07 12:24:31:参数:{"merchant_id":"0408001370","service":"query_status","third_order_id":"2018060712235652737","nonce_str":"Y06T64AE0PZ93V4JNOOMI4OPAVAV788W","sign":"CEB65E41BA6F8CFA84BCC81697D6D6C5"}

2018-06-07 13:16:20:参数:{"merchant_id":"6008005629","service":"query_status","third_order_id":"2018060713161989960","nonce_str":"4M4SXSYIFT2F7SD5N2XTRVQFQT8FYUW7","sign":"CB76E69320BAF7124E8354DEBDC42284"}

2018-06-07 13:16:25:继续查询:{"resp_code":"0","amount":"350","leshua_order_id":"1806071316138112","merchant_id":"6008005629","nonce_str":"G5JM5LV5VVGH27V6HAJHGG9MK7BYDJUW","pay_way":"ZFBZF","result_code":"0","sign":"CA2BE71915EC5410804BB9F6234FA8FC","status":"0","third_order_id":"2018060713161989960"}

2018-06-07 13:16:25:参数:{"merchant_id":"6008005629","service":"query_status","third_order_id":"2018060713161989960","nonce_str":"2LNAND1K3MGQK6DY0XI9JOTB1VIIWAYF","sign":"8FB5E3D9201FC2E46745EF6CE0B14F78"}

2018-06-07 13:16:31:继续查询:{"resp_code":"0","amount":"350","leshua_order_id":"1806071316138112","merchant_id":"6008005629","nonce_str":"HTAPCIEJL8E8PVGDFEU0PWVZ3XL2QCDE","pay_way":"ZFBZF","result_code":"0","sign":"C499ADAA7F80662B2EED1D869ECCBF70","status":"0","third_order_id":"2018060713161989960"}

2018-06-07 13:16:31:参数:{"merchant_id":"6008005629","service":"query_status","third_order_id":"2018060713161989960","nonce_str":"EI3XZF3WE6B9CJW2P4OPQMS5PEWJS79Y","sign":"9EA1193047291187BD22707ABB0353B6"}

2018-06-07 13:16:36:继续查询:{"resp_code":"0","amount":"350","leshua_order_id":"1806071316138112","merchant_id":"6008005629","nonce_str":"K3VK4HGW97BJ8UN2XW8BZFN5XL66D3RL","pay_way":"ZFBZF","result_code":"0","sign":"E24E13E91160E462E201D66DC435CCCC","status":"0","third_order_id":"2018060713161989960"}

2018-06-07 13:16:36:参数:{"merchant_id":"6008005629","service":"query_status","third_order_id":"2018060713161989960","nonce_str":"9POOEH4Q955HGJPC76UI1ZKDLRVH2WKH","sign":"12B99DFEE8137E53810D16B5CDA179F9"}

2018-06-07 13:16:41:继续查询:{"resp_code":"0","amount":"350","leshua_order_id":"1806071316138112","merchant_id":"6008005629","nonce_str":"OKPCZNCZF9LQS0IA3X6HE3X2KGXQXWR5","pay_way":"ZFBZF","result_code":"0","sign":"F40E8F7624E7DD106BB89BEC8E9DBC6D","status":"0","third_order_id":"2018060713161989960"}

2018-06-07 13:16:41:参数:{"merchant_id":"6008005629","service":"query_status","third_order_id":"2018060713161989960","nonce_str":"2CKANT8A6JUMZ9T0AD642CZFRLAOL908","sign":"C19C95C7EF623D14272E5A130DC5A730"}

2018-06-07 13:16:43:支付成功:{"resp_code":"0","amount":"350","bank_type":"DEBIT_CARD","leshua_order_id":"1806071316138112","merchant_id":"6008005629","nonce_str":"O8U352S04YOXKE4PBPSQ1PHMBG34KFFR","openid":"2088412709512474","out_transaction_id":"2018060721001004470577641760","pay_time":"2018-06-07 13:16:41","pay_way":"ZFBZF","result_code":"0","sign":"F180292D9108E9EEBCEA0D7ABE759664","status":"2","third_order_id":"2018060713161989960"}

2018-06-07 17:11:26:参数:{"merchant_id":"6008005629","service":"query_status","third_order_id":"2018060717112519203","nonce_str":"AYDXM9CHDOKOHWRYK6J6E24K6OF77ZV6","sign":"9D3D477E380BDAD6C151B3ECA4438483"}

2018-06-07 17:11:32:继续查询:{"resp_code":"0","amount":"150","leshua_order_id":"1806071711231048","merchant_id":"6008005629","nonce_str":"WDFZW1HD0WXTN15O5KEEJO8DU1WILG8J","pay_way":"WXZF","result_code":"0","sign":"F65D3042B4E50B29D8DEBC846ED52AB9","status":"0","third_order_id":"2018060717112519203"}

2018-06-07 17:11:32:参数:{"merchant_id":"6008005629","service":"query_status","third_order_id":"2018060717112519203","nonce_str":"VDHXOFBJ2LTCN14CQP3Z1QFMUETQVD5H","sign":"015BCFE9D47F50DF0D1B6BF547DDDAD9"}

2018-06-07 17:11:37:继续查询:{"resp_code":"0","amount":"150","leshua_order_id":"1806071711231048","merchant_id":"6008005629","nonce_str":"FAWCYK7EUE6U4QKT3I7TLC2S3G1T7SZ4","pay_way":"WXZF","result_code":"0","sign":"19C13828E7258BD6D1BD01E4194E9FBE","status":"0","third_order_id":"2018060717112519203"}

2018-06-07 17:11:37:参数:{"merchant_id":"6008005629","service":"query_status","third_order_id":"2018060717112519203","nonce_str":"UIQK6JO7VEGPRG7E77KVNSFVHWWEJLX6","sign":"B991AA7E3331347F405420BF28B3C5B2"}

2018-06-07 17:11:38:支付成功:{"resp_code":"0","amount":"150","bank_type":"CFT","leshua_order_id":"1806071711231048","merchant_id":"6008005629","nonce_str":"Q3SIRN82YM6BDIN7HF417OBB92MKMMK0","openid":"o8uJ6uNYGn8d3-Mfe6MR32N28EhQ","out_transaction_id":[],"pay_time":"2018-06-07 17:11:37","pay_way":"WXZF","result_code":"0","sign":"F977934C378AF3AF990F2D00AB74293F","status":"2","third_order_id":"2018060717112519203"}

2018-06-07 17:20:30:参数:{"merchant_id":"6008005629","service":"query_status","third_order_id":"2018060717203059092","nonce_str":"XOAD0N1SFQW4NFGEQ5R2CKJX4EKH6NPZ","sign":"C45E8F12EA028FC520F1077DD6C7BD22"}

2018-06-07 17:20:36:继续查询:{"resp_code":"0","amount":"229","leshua_order_id":"1806071720309347","merchant_id":"6008005629","nonce_str":"C3XL916L5QFB1NGU2WPHJ26FNBNGNEXJ","pay_way":"WXZF","result_code":"0","sign":"531D8D169BABB40DCF5A407D040E5793","status":"0","third_order_id":"2018060717203059092"}

2018-06-07 17:20:36:参数:{"merchant_id":"6008005629","service":"query_status","third_order_id":"2018060717203059092","nonce_str":"0TWVLBGVCC3AQK3XN3NRRJ43VTCEUVQP","sign":"D97D8FC658C38013EC3B26041B8EF3AA"}

2018-06-07 17:20:41:继续查询:{"resp_code":"0","amount":"229","leshua_order_id":"1806071720309347","merchant_id":"6008005629","nonce_str":"Q6NP864G6C14I8I7TBEXOO0RWGSH7532","pay_way":"WXZF","result_code":"0","sign":"6AFDBB2E4FC2D503B8B0DDA64B6B3CD8","status":"0","third_order_id":"2018060717203059092"}

2018-06-07 17:20:41:参数:{"merchant_id":"6008005629","service":"query_status","third_order_id":"2018060717203059092","nonce_str":"OX6PHJ7N6B22MQHTBAZSL69LUYZYX3D4","sign":"9646E3FFB8DFF55C0446F7F5B7DC1666"}

2018-06-07 17:20:47:继续查询:{"resp_code":"0","amount":"229","leshua_order_id":"1806071720309347","merchant_id":"6008005629","nonce_str":"71RV4B15W8MPI2W9KW4L04N53SOKBAVU","pay_way":"WXZF","result_code":"0","sign":"FD302842AA3A27B643345F03DAC64277","status":"0","third_order_id":"2018060717203059092"}

2018-06-07 17:20:47:参数:{"merchant_id":"6008005629","service":"query_status","third_order_id":"2018060717203059092","nonce_str":"TMDDTR9FPI7HRNL7P9XM06TT4KF0HVKF","sign":"5B60C4554BEEF7D27106A99DB170ABC5"}

2018-06-07 17:20:52:继续查询:{"resp_code":"0","amount":"229","leshua_order_id":"1806071720309347","merchant_id":"6008005629","nonce_str":"LBPYWFJPD9IJXJ9J71LJ9JANNJ1BQYQG","pay_way":"WXZF","result_code":"0","sign":"77ADCD7AAB1F5EEDA9A442288B194AE8","status":"0","third_order_id":"2018060717203059092"}

2018-06-07 17:20:52:参数:{"merchant_id":"6008005629","service":"query_status","third_order_id":"2018060717203059092","nonce_str":"5H0GVFHW2OWIXWF30RBO35DHAH2UB84U","sign":"BDD452101BAC77CF2913649C78517DC4"}

2018-06-07 17:20:58:继续查询:{"resp_code":"0","amount":"229","leshua_order_id":"1806071720309347","merchant_id":"6008005629","nonce_str":"5DAHZ3MODYGWFP7NMICH33E9WMX9LRT4","pay_way":"WXZF","result_code":"0","sign":"8AB44FBE41D2BE42B99848687CD0939D","status":"0","third_order_id":"2018060717203059092"}

2018-06-07 17:20:58:参数:{"merchant_id":"6008005629","service":"query_status","third_order_id":"2018060717203059092","nonce_str":"U6YTFJ6SYO2JHD833V5YS7PX59WHHCFE","sign":"55BF1D40232A6D2E85591B5CB50F00ED"}

2018-06-07 17:21:03:继续查询:{"resp_code":"0","amount":"229","leshua_order_id":"1806071720309347","merchant_id":"6008005629","nonce_str":"ICX65ZRIJ3IMI40QI31Y2DNJTZPT5BXW","pay_way":"WXZF","result_code":"0","sign":"F15A0A33AF9D1EC9B577B2D45A8EB808","status":"0","third_order_id":"2018060717203059092"}

2018-06-07 17:21:03:参数:{"merchant_id":"6008005629","service":"query_status","third_order_id":"2018060717203059092","nonce_str":"U2IOH0ZMPN3P1HDSNO8FKVK6K1J1RUX9","sign":"4A54B0D5516045A0D2FE7420941316F6"}

2018-06-07 17:45:51:参数:{"merchant_id":"6008005629","service":"query_status","third_order_id":"2018060717455073009","nonce_str":"TMPR9RKJ9KWBQ257EB1K2VCD974TAHZP","sign":"26F741E826EB80624023C1A459C6A798"}

2018-06-07 17:45:56:继续查询:{"resp_code":"0","amount":"1530","leshua_order_id":"1806071745523109","merchant_id":"6008005629","nonce_str":"7TIIMWB3TYDOTK5GOP7KQ8SB3SAA9FCH","pay_way":"WXZF","result_code":"0","sign":"719C54269FDC37BB92279E1073E8A2FB","status":"0","third_order_id":"2018060717455073009"}

2018-06-07 17:45:56:参数:{"merchant_id":"6008005629","service":"query_status","third_order_id":"2018060717455073009","nonce_str":"0XR4TCCO5VDB7A51GBPGEHQFW2UESZHN","sign":"6A189FB55CEEC8E8D40961389EF77BD8"}

2018-06-07 17:46:02:继续查询:{"resp_code":"0","amount":"1530","leshua_order_id":"1806071745523109","merchant_id":"6008005629","nonce_str":"V100CMUQMJ2L965EE4NNH32BM01AO9YV","pay_way":"WXZF","result_code":"0","sign":"EC092DD786F04D0BD8222C02A1148301","status":"0","third_order_id":"2018060717455073009"}

2018-06-07 17:46:02:参数:{"merchant_id":"6008005629","service":"query_status","third_order_id":"2018060717455073009","nonce_str":"5OYP5Y6SRWG01WWRTAM632N5TQ3FCAL9","sign":"4CA74C5694A90E74007DDA5F9D979717"}

2018-06-07 17:46:07:继续查询:{"resp_code":"0","amount":"1530","leshua_order_id":"1806071745523109","merchant_id":"6008005629","nonce_str":"21891O48APAWPJ7RKY1HTEDG1F3P5XFR","pay_way":"WXZF","result_code":"0","sign":"A54B846B0EB965817C2D27FE146CD14E","status":"0","third_order_id":"2018060717455073009"}

2018-06-07 17:46:07:参数:{"merchant_id":"6008005629","service":"query_status","third_order_id":"2018060717455073009","nonce_str":"HXXA4B0LEDRWRTQS2LQGIT4EL1VC5013","sign":"ED56A2E4AF358388B5FFA144B18AB1A2"}

2018-06-07 17:46:13:继续查询:{"resp_code":"0","amount":"1530","leshua_order_id":"1806071745523109","merchant_id":"6008005629","nonce_str":"A5CKKOQK0UTINLSF946XW81JZP0BC016","pay_way":"WXZF","result_code":"0","sign":"6A1691EB013D727036F5581607F3FC85","status":"0","third_order_id":"2018060717455073009"}

2018-06-07 17:46:13:参数:{"merchant_id":"6008005629","service":"query_status","third_order_id":"2018060717455073009","nonce_str":"K137MKZVEJ1Y6EJC4ZAR4XE6URGCJIUQ","sign":"3BD0AE7C34A62740FAB85C4DB9534BF4"}

2018-06-07 17:46:18:继续查询:{"resp_code":"0","amount":"1530","leshua_order_id":"1806071745523109","merchant_id":"6008005629","nonce_str":"3136LZXTF027VXK2Q3JAXV0OZJ5RQVJ1","pay_way":"WXZF","result_code":"0","sign":"2D89FC16AD79063E95D424AE4565FA32","status":"0","third_order_id":"2018060717455073009"}

2018-06-07 17:46:18:参数:{"merchant_id":"6008005629","service":"query_status","third_order_id":"2018060717455073009","nonce_str":"Q2M6H37WMVD96T88TV7Z1VB581NVMX7E","sign":"872173C426FE95F18A4A9A63E6272617"}

2018-06-07 17:46:24:继续查询:{"resp_code":"0","amount":"1530","leshua_order_id":"1806071745523109","merchant_id":"6008005629","nonce_str":"VL66XQR8569AV6FQTQM8D2AQ0JBRUYDI","pay_way":"WXZF","result_code":"0","sign":"4E2E68DB6A4F6E5A1EB382A5EB0E4F9A","status":"0","third_order_id":"2018060717455073009"}

2018-06-07 17:46:24:参数:{"merchant_id":"6008005629","service":"query_status","third_order_id":"2018060717455073009","nonce_str":"2IM6A4323J8RQ4FSVKLTSQM1277F0D1H","sign":"603810B2DDA6935965D29D8DB8005B85"}

2018-06-07 17:59:03:参数:{"merchant_id":"6008005629","service":"query_status","third_order_id":"2018060717585831873","nonce_str":"O9BQJUSVRD5KUC4KMMFRHN2R3T63Y2Z2","sign":"CEEFD7F61BC1D42A0C024E9C1EAA3DFB"}

2018-06-07 17:59:03:支付失败:{"resp_code":"0","amount":"2650","leshua_order_id":"1806071758537844","merchant_id":"6008005629","nonce_str":"8QA0NFC1IVB6TZWFMBPTXAKELR57ODHG","pay_way":"WXZF","result_code":"0","sign":"B1F1F97AD549D18831DE4509A2CADAD1","status":"6","third_order_id":"2018060717585831873"}

2018-06-07 18:03:44:参数:{"merchant_id":"6008005629","service":"query_status","third_order_id":"2018060718034366841","nonce_str":"G05YOZ18DWBZEBQ7EY3X965JEWD790YQ","sign":"FF2B6FA73E96C03DF4F0CBF7E52AAAE5"}

2018-06-07 18:03:49:继续查询:{"resp_code":"0","amount":"500","leshua_order_id":"1806071803430485","merchant_id":"6008005629","nonce_str":"K0FUGHPXTXOU9BDTX8YK76L20OAMR9P9","pay_way":"WXZF","result_code":"0","sign":"5E30689A08E2A0566B93877C82FDFDDA","status":"0","third_order_id":"2018060718034366841"}

2018-06-07 18:03:49:参数:{"merchant_id":"6008005629","service":"query_status","third_order_id":"2018060718034366841","nonce_str":"DFUX3L4GQUFACK51T3R19ECJK545MUMJ","sign":"745C1FB9F9D982F99F0D624120D1EEFC"}

2018-06-07 18:03:55:继续查询:{"resp_code":"0","amount":"500","leshua_order_id":"1806071803430485","merchant_id":"6008005629","nonce_str":"GOT160DRH5OBCAKCUTINFJ13XL53SQQS","pay_way":"WXZF","result_code":"0","sign":"6762654691AFE2C6FD2A94CDBCC7E48B","status":"0","third_order_id":"2018060718034366841"}

2018-06-07 18:03:55:参数:{"merchant_id":"6008005629","service":"query_status","third_order_id":"2018060718034366841","nonce_str":"6CQO5TUGX2Z0PHWPHHGV76EDOUSA474K","sign":"01CE4DFA4FEFA3A1B3C4ADDA930C9DFA"}

2018-06-07 18:04:00:继续查询:{"resp_code":"0","amount":"500","leshua_order_id":"1806071803430485","merchant_id":"6008005629","nonce_str":"G01UKU3WUPIK2W53VTO05D5BBL41HYT6","pay_way":"WXZF","result_code":"0","sign":"144AF06C6F63BE54222BD26FB906BA06","status":"0","third_order_id":"2018060718034366841"}

2018-06-07 18:04:00:参数:{"merchant_id":"6008005629","service":"query_status","third_order_id":"2018060718034366841","nonce_str":"YFP9E80LPND8RTDF5NAP52QVKBZ955ZH","sign":"912155817E508AE17C23D08EBAB694FB"}

2018-06-07 18:04:06:继续查询:{"resp_code":"0","amount":"500","leshua_order_id":"1806071803430485","merchant_id":"6008005629","nonce_str":"F2FZO2YK9O7ZF77564ECI2B962FU6CVK","pay_way":"WXZF","result_code":"0","sign":"0F03D8F0C2133B6617F4F8E183565784","status":"0","third_order_id":"2018060718034366841"}

2018-06-07 18:04:06:参数:{"merchant_id":"6008005629","service":"query_status","third_order_id":"2018060718034366841","nonce_str":"8PQPG517XCEORQS6KMAY3BCRABQNZ592","sign":"62F21A425AFD97BC1B3B31197EC29A73"}

2018-06-07 18:04:11:继续查询:{"resp_code":"0","amount":"500","leshua_order_id":"1806071803430485","merchant_id":"6008005629","nonce_str":"5YW8PWD7PK0NGBFGLSYE1C222EAM8BPI","pay_way":"WXZF","result_code":"0","sign":"776D5A1340343D79D10F7951B2BF0B83","status":"0","third_order_id":"2018060718034366841"}

2018-06-07 18:04:11:参数:{"merchant_id":"6008005629","service":"query_status","third_order_id":"2018060718034366841","nonce_str":"BX3XMOXPU7D9V3NJ829VA1X3ZGBQ80LU","sign":"413C0560286BDAA7369636F8508CBFBF"}

2018-06-07 18:04:17:继续查询:{"resp_code":"0","amount":"500","leshua_order_id":"1806071803430485","merchant_id":"6008005629","nonce_str":"6UO6NF74CRSETEWRIBE1H4P8PDC992Q3","pay_way":"WXZF","result_code":"0","sign":"45BDEC272EF2E68BE4C81956FE33AD80","status":"0","third_order_id":"2018060718034366841"}

2018-06-07 18:04:17:参数:{"merchant_id":"6008005629","service":"query_status","third_order_id":"2018060718034366841","nonce_str":"CNL0496XR52MHBN3Y70TOZ7FBJU44LX2","sign":"DEE883ED9AB047E7FA3E7888FB76A498"}

2018-06-07 18:08:53:参数:{"merchant_id":"6008005629","service":"query_status","third_order_id":"2018060718085336270","nonce_str":"6U81K8X9DW9L7P3HS263MMIVYKH5I0R5","sign":"38251899704C080728183F0B5EAC4B22"}

2018-06-07 18:08:59:继续查询:{"resp_code":"0","amount":"85","leshua_order_id":"1806071808500577","merchant_id":"6008005629","nonce_str":"L78W5OBS4MLOR7N3JC87JPXBYRFKRKEL","pay_way":"WXZF","result_code":"0","sign":"83B3D47439D3B326B2B1C0A06AE04A81","status":"0","third_order_id":"2018060718085336270"}

2018-06-07 18:08:59:参数:{"merchant_id":"6008005629","service":"query_status","third_order_id":"2018060718085336270","nonce_str":"WUEWTE1N64NEOXCCVG3VMVIGRPW5HC1C","sign":"918569FDB3C527FE3FB83EBB833D8102"}

2018-06-07 18:09:04:继续查询:{"resp_code":"0","amount":"85","leshua_order_id":"1806071808500577","merchant_id":"6008005629","nonce_str":"N4P09S8NVOPN28YB5B84B8XAHVAH3XFM","pay_way":"WXZF","result_code":"0","sign":"6725DFCC2F3B529966907EE6D051FA8D","status":"0","third_order_id":"2018060718085336270"}

2018-06-07 18:09:04:参数:{"merchant_id":"6008005629","service":"query_status","third_order_id":"2018060718085336270","nonce_str":"ZG4AM73NZVIG4ARK6SX08SU9VDLNYM2J","sign":"B5C55625019732EB19959E84BD44C5F0"}

2018-06-07 18:09:10:继续查询:{"resp_code":"0","amount":"85","leshua_order_id":"1806071808500577","merchant_id":"6008005629","nonce_str":"TAKYHMNCS0TRM51AWGHI1PA4DX59LSFE","pay_way":"WXZF","result_code":"0","sign":"BAD0FACB7A1476EB54EA99B33BFC204D","status":"0","third_order_id":"2018060718085336270"}

2018-06-07 18:09:10:参数:{"merchant_id":"6008005629","service":"query_status","third_order_id":"2018060718085336270","nonce_str":"EAXHDIO8OQQSON9LC04ATOF1PKV7H3CZ","sign":"11C9758B751033D011E40A57405AA1CA"}

2018-06-07 18:09:15:继续查询:{"resp_code":"0","amount":"85","leshua_order_id":"1806071808500577","merchant_id":"6008005629","nonce_str":"0CCNKKZCKYBFFG2FC6QUV3E04MY9759E","pay_way":"WXZF","result_code":"0","sign":"6AE691B4C40CABC1D321E21C8198A3EA","status":"0","third_order_id":"2018060718085336270"}

2018-06-07 18:09:15:参数:{"merchant_id":"6008005629","service":"query_status","third_order_id":"2018060718085336270","nonce_str":"RD3S594SAY7M92I57SEEXZD7PZAD6VLD","sign":"B9E55606DBD2325D025912F78117934F"}

2018-06-07 18:09:21:继续查询:{"resp_code":"0","amount":"85","leshua_order_id":"1806071808500577","merchant_id":"6008005629","nonce_str":"V5E26W286YYTQR0LM92YGQWS6ZSY2KB6","pay_way":"WXZF","result_code":"0","sign":"9B9786FF7B54923EC64F2F0CD27CE4E6","status":"0","third_order_id":"2018060718085336270"}

2018-06-07 18:09:21:参数:{"merchant_id":"6008005629","service":"query_status","third_order_id":"2018060718085336270","nonce_str":"1EVOJGDDLDNDLAUJE1TCG2JU57B7SP21","sign":"2092875930C109CA380D131659BE5EC8"}

2018-06-07 18:09:26:继续查询:{"resp_code":"0","amount":"85","leshua_order_id":"1806071808500577","merchant_id":"6008005629","nonce_str":"HUIKP52ALQ21XYRQ6EUC1TJAR55SHC7Y","pay_way":"WXZF","result_code":"0","sign":"52E95ABF0AAC5CA00DF22E6552352263","status":"0","third_order_id":"2018060718085336270"}

2018-06-07 18:09:26:参数:{"merchant_id":"6008005629","service":"query_status","third_order_id":"2018060718085336270","nonce_str":"VFHZHRMALS0GYTCQRMSXJ6YQK1I9PDWD","sign":"CFFE78A6B7057CDD59611A8FAEDBA8F8"}

2018-06-07 18:38:57:参数:{"merchant_id":"6008005629","service":"query_status","third_order_id":"2018060718385527438","nonce_str":"RVT8HYKXM7O61ZKBVFJOGPTBZOCEJGYX","sign":"1487C77D010531E865A96E06441854DA"}

2018-06-07 18:38:58:支付失败:{"resp_code":"0","amount":"900","leshua_order_id":"1806071838522049","merchant_id":"6008005629","nonce_str":"AOP12RMA2EU15O8V5TZXNET2L55EVHPH","pay_way":"WXZF","result_code":"0","sign":"7A376E6FFA420BE6795468433853833C","status":"6","third_order_id":"2018060718385527438"}

2018-06-07 18:39:10:参数:{"merchant_id":"6008005629","service":"query_status","third_order_id":"2018060718390895664","nonce_str":"342IRN4M1KTYGQY4VBHFKJ2ZA4S49DVP","sign":"3BA44D0ABE8DD14838CE8B1CBE248A0A"}

2018-06-07 18:39:15:继续查询:{"resp_code":"0","amount":"900","leshua_order_id":"1806071839003884","merchant_id":"6008005629","nonce_str":"JJHBYSO0FCFXF6IVV8ROM88RPT5Y1RVC","pay_way":"WXZF","result_code":"0","sign":"BEB745AF50DA3F068C05B887176CBCA3","status":"0","third_order_id":"2018060718390895664"}

2018-06-07 18:39:15:参数:{"merchant_id":"6008005629","service":"query_status","third_order_id":"2018060718390895664","nonce_str":"2XXB7JHYMYCWYHSJ7LVYH2CPGBDHKX5G","sign":"BCEAD946097F3FF5A4A8292E5F76861E"}

2018-06-07 18:39:21:继续查询:{"resp_code":"0","amount":"900","leshua_order_id":"1806071839003884","merchant_id":"6008005629","nonce_str":"VNAF0C82PXBHNH3KH3M3O9XSXVT37WL0","pay_way":"WXZF","result_code":"0","sign":"048621909E8AB29F289621ADD958FFC1","status":"0","third_order_id":"2018060718390895664"}

2018-06-07 18:39:21:参数:{"merchant_id":"6008005629","service":"query_status","third_order_id":"2018060718390895664","nonce_str":"QJSWJB62PEY7M0N9JXBOE0L2HBCK6P1Q","sign":"94938A1D75D3CAB02625DB847A457E9E"}

2018-06-07 18:39:26:继续查询:{"resp_code":"0","amount":"900","leshua_order_id":"1806071839003884","merchant_id":"6008005629","nonce_str":"P546U6SBZDIOB818BQJWYAKJ38U4ZNWZ","pay_way":"WXZF","result_code":"0","sign":"F773523D33FC73B96456EFC1F2A06056","status":"0","third_order_id":"2018060718390895664"}

2018-06-07 18:39:26:参数:{"merchant_id":"6008005629","service":"query_status","third_order_id":"2018060718390895664","nonce_str":"BH5TBY1J9CCUOXHJ3GZ65ZBVV1VJVWDR","sign":"A66585B8BFF883AC2D086DDB60419785"}

2018-06-07 18:39:33:继续查询:{"resp_code":"0","amount":"900","leshua_order_id":"1806071839003884","merchant_id":"6008005629","nonce_str":"9VA1V9YD5T2LH4KFW6Q00E9XW4WYGZ4O","pay_way":"WXZF","result_code":"0","sign":"B6D8719B5DF8FF65A4E4FD346EDCE8E4","status":"0","third_order_id":"2018060718390895664"}

2018-06-07 18:39:33:参数:{"merchant_id":"6008005629","service":"query_status","third_order_id":"2018060718390895664","nonce_str":"CMHVDGDF3QM6HV9GCK7CSL0W9QG7OB6E","sign":"FB476A8207F7994FDBEF2911A72956E9"}

2018-06-07 18:39:39:继续查询:{"resp_code":"0","amount":"900","leshua_order_id":"1806071839003884","merchant_id":"6008005629","nonce_str":"S5G8EI1GLVBTXZX8UXRYSQBVP1YVNAIB","pay_way":"WXZF","result_code":"0","sign":"B51CB29C0AAE94096F014F822AC4DCD6","status":"0","third_order_id":"2018060718390895664"}

2018-06-07 18:39:39:参数:{"merchant_id":"6008005629","service":"query_status","third_order_id":"2018060718390895664","nonce_str":"XC6GDZWDX3QEXVFMPTTA3T6AYGZWEICU","sign":"EA633190C285385D2D4F02457677F888"}

2018-06-07 18:39:44:继续查询:{"resp_code":"0","amount":"900","leshua_order_id":"1806071839003884","merchant_id":"6008005629","nonce_str":"1TK2K3AWV0K1840FXX36ZBQH7OW8QNDK","pay_way":"WXZF","result_code":"0","sign":"8428B976CBA02AF8A8E6C691F8FE626D","status":"0","third_order_id":"2018060718390895664"}

2018-06-07 18:39:44:参数:{"merchant_id":"6008005629","service":"query_status","third_order_id":"2018060718390895664","nonce_str":"QFGC32URATDM5DQB3FQJEU389ZJMPK0S","sign":"8CD1127991E0738385AB9507BC353798"}

2018-06-07 18:46:32:参数:{"merchant_id":"6008005629","service":"query_status","third_order_id":"2018060718463117108","nonce_str":"KK0WQHHUF6GONHAD9IH67CFFLD4M1RS2","sign":"15266A62831D598306D27373308B2F91"}

2018-06-07 18:46:38:继续查询:{"resp_code":"0","amount":"300","leshua_order_id":"1806071846306940","merchant_id":"6008005629","nonce_str":"86XDLXUOWYER76ZW4809SJSODK5ZIXOB","pay_way":"WXZF","result_code":"0","sign":"F17CBD58D6A45E3E3CFB206AC2C51DED","status":"0","third_order_id":"2018060718463117108"}

2018-06-07 18:46:38:参数:{"merchant_id":"6008005629","service":"query_status","third_order_id":"2018060718463117108","nonce_str":"WVF3U8SOWQCVQM4EP36N29LAW3KBTRWF","sign":"1E7D01C5F2961398999967F3F28AC8BB"}

2018-06-07 18:46:43:继续查询:{"resp_code":"0","amount":"300","leshua_order_id":"1806071846306940","merchant_id":"6008005629","nonce_str":"B83P0IPC678HQG8VMDUSF00VDQD047IS","pay_way":"WXZF","result_code":"0","sign":"F93B7CE864FCDCE467B2A8745E530B95","status":"0","third_order_id":"2018060718463117108"}

2018-06-07 18:46:43:参数:{"merchant_id":"6008005629","service":"query_status","third_order_id":"2018060718463117108","nonce_str":"IRR278G7YCIYCL509JKKSN9API0R4QRK","sign":"1043184676FA403E973754410A5177F8"}

2018-06-07 18:46:48:继续查询:{"resp_code":"0","amount":"300","leshua_order_id":"1806071846306940","merchant_id":"6008005629","nonce_str":"EGJF6E8TL7C37U5VJ6HQ2A1C5ADRL19D","pay_way":"WXZF","result_code":"0","sign":"511D4A729123D35A387FBD2AA38EF795","status":"0","third_order_id":"2018060718463117108"}

2018-06-07 18:46:48:参数:{"merchant_id":"6008005629","service":"query_status","third_order_id":"2018060718463117108","nonce_str":"8877K3RQ3F9710PMF7XLKXN7GCV7OE66","sign":"EEDA5CEBAB11CA00E414DDEC7D32EAB8"}

2018-06-07 18:46:54:继续查询:{"resp_code":"0","amount":"300","leshua_order_id":"1806071846306940","merchant_id":"6008005629","nonce_str":"9S5CS4H3DUQDY3CD1159Z57DAVJBD8IH","pay_way":"WXZF","result_code":"0","sign":"CCEF1281751BC92EFB677B89776D7ECB","status":"0","third_order_id":"2018060718463117108"}

2018-06-07 18:46:54:参数:{"merchant_id":"6008005629","service":"query_status","third_order_id":"2018060718463117108","nonce_str":"HJPJOUT5TMA90UXAZDSX1WI3CT0BV637","sign":"0E3AA544B5B5E9351E77F38760F50F60"}

2018-06-07 18:46:59:继续查询:{"resp_code":"0","amount":"300","leshua_order_id":"1806071846306940","merchant_id":"6008005629","nonce_str":"WDHD71P3HHDPFV23JZAAK7NRBQFWLQBL","pay_way":"WXZF","result_code":"0","sign":"74FEB457341E23DECFB7E73E35EF288E","status":"0","third_order_id":"2018060718463117108"}

2018-06-07 18:46:59:参数:{"merchant_id":"6008005629","service":"query_status","third_order_id":"2018060718463117108","nonce_str":"JVLPVAB3YM4OQTQPQ54NO2ZH0ZUPV6XL","sign":"655A48967FD44953A552BB37EECBE858"}

2018-06-07 18:47:05:继续查询:{"resp_code":"0","amount":"300","leshua_order_id":"1806071846306940","merchant_id":"6008005629","nonce_str":"YDO2T0UAL4JZ491B6LVP7N1BIJC1BWD6","pay_way":"WXZF","result_code":"0","sign":"82F09D9ECFEE55F7A9F80A62AD987F62","status":"0","third_order_id":"2018060718463117108"}

2018-06-07 18:47:05:参数:{"merchant_id":"6008005629","service":"query_status","third_order_id":"2018060718463117108","nonce_str":"4QVKRQJJWGHYVBWFBXBFZW87J3E30G51","sign":"97BCB75155298E6642CE3A8DD688C024"}

2018-06-07 19:31:34:参数:{"merchant_id":"6008005629","service":"query_status","third_order_id":"2018060719313378447","nonce_str":"3U57SYZPC0UOFISMJYBWMVOP22E4WJUS","sign":"0A3D9BE0658317D6D598ED3A5556C5E7"}

2018-06-07 19:31:39:继续查询:{"resp_code":"0","amount":"9310","leshua_order_id":"1806071931327759","merchant_id":"6008005629","nonce_str":"IW3Q1BPWWU7MF94GH93AKG7JG386XRLH","pay_way":"WXZF","result_code":"0","sign":"C62AF0F96E4FE8783381D740B018893D","status":"0","third_order_id":"2018060719313378447"}

2018-06-07 19:31:39:参数:{"merchant_id":"6008005629","service":"query_status","third_order_id":"2018060719313378447","nonce_str":"CMIRCO3XNNXTE5FE2AIAEB469C3CG432","sign":"078D47B8529C386E9AE85F85E063C43F"}

2018-06-07 19:31:45:继续查询:{"resp_code":"0","amount":"9310","leshua_order_id":"1806071931327759","merchant_id":"6008005629","nonce_str":"WZCSXZ2K48AB0KS96ZXSANPEJU6OJP3K","pay_way":"WXZF","result_code":"0","sign":"EF42BC2F64AA8872EBB155F581DDAA66","status":"0","third_order_id":"2018060719313378447"}

2018-06-07 19:31:45:参数:{"merchant_id":"6008005629","service":"query_status","third_order_id":"2018060719313378447","nonce_str":"YFVI0DSMEWLKIMCS82191VM9RWBC5423","sign":"8C5601E563DA3B7A9D50A61DFADE0635"}

2018-06-07 19:31:50:继续查询:{"resp_code":"0","amount":"9310","leshua_order_id":"1806071931327759","merchant_id":"6008005629","nonce_str":"MVVQNTMJA7TFNV1YYA1MK5S6KFTPNSEJ","pay_way":"WXZF","result_code":"0","sign":"C07F9C1CF003497D4FC32B3AB5B1B86F","status":"0","third_order_id":"2018060719313378447"}

2018-06-07 19:31:50:参数:{"merchant_id":"6008005629","service":"query_status","third_order_id":"2018060719313378447","nonce_str":"DX9AMOIEWO245IW1ST9WR6U5CCGKIQZE","sign":"F19A38F353B7B91D705716D8B8F90DA9"}

2018-06-07 19:31:56:继续查询:{"resp_code":"0","amount":"9310","leshua_order_id":"1806071931327759","merchant_id":"6008005629","nonce_str":"3LF2HMYBGGJZT4QSM0FGGIXU6YP2WE5I","pay_way":"WXZF","result_code":"0","sign":"E40D8819C2086500C7F3858C47C161FB","status":"0","third_order_id":"2018060719313378447"}

2018-06-07 19:31:56:参数:{"merchant_id":"6008005629","service":"query_status","third_order_id":"2018060719313378447","nonce_str":"DYFPMISS667RC4VRZ9EZ8RULSTPITEKR","sign":"A188984D35E14126E93D9621EF0CB821"}

2018-06-07 19:32:01:继续查询:{"resp_code":"0","amount":"9310","leshua_order_id":"1806071931327759","merchant_id":"6008005629","nonce_str":"1NGQ99A5ELL606X5FW8D2A75Z8NTZYMU","pay_way":"WXZF","result_code":"0","sign":"35FED1C573B4DB8080B638B48C5C7C81","status":"0","third_order_id":"2018060719313378447"}

2018-06-07 19:32:01:参数:{"merchant_id":"6008005629","service":"query_status","third_order_id":"2018060719313378447","nonce_str":"Q3HYAXRHATX29UKP2WSMMCTRV5RS039H","sign":"2C63951428B5C7B58BD863F4572090AB"}

2018-06-07 19:32:07:继续查询:{"resp_code":"0","amount":"9310","leshua_order_id":"1806071931327759","merchant_id":"6008005629","nonce_str":"W6AGWEYAHX5N538Y772DD4U0BKPY9UW1","pay_way":"WXZF","result_code":"0","sign":"2853176C28B829B9F5E0E826BD1B6A94","status":"0","third_order_id":"2018060719313378447"}

2018-06-07 19:32:07:参数:{"merchant_id":"6008005629","service":"query_status","third_order_id":"2018060719313378447","nonce_str":"80XBD7OGA7TQOE7X08R9APLFZGI4N7U7","sign":"C9D1B17695841EC1CC05F91B083DEEAE"}

2018-06-07 19:32:37:参数:{"merchant_id":"6008005629","service":"query_status","third_order_id":"2018060719323659946","nonce_str":"W97C8CE5PJIRS25WQCLHZB716N9K576F","sign":"44FEE585C502004A49BCC4AE37DB0070"}

2018-06-07 19:32:42:继续查询:{"resp_code":"0","amount":"9310","leshua_order_id":"1806071932337636","merchant_id":"6008005629","nonce_str":"6EBY2SXANSM6C3BWTOZZSODRSRNDLGGK","pay_way":"WXZF","result_code":"0","sign":"B91EC68DF6954872B65C6EE72E71FCD4","status":"0","third_order_id":"2018060719323659946"}

2018-06-07 19:32:42:参数:{"merchant_id":"6008005629","service":"query_status","third_order_id":"2018060719323659946","nonce_str":"V6AE5C3A8HP1ST4MPRLTIA4KQKPJ7QBX","sign":"24293C36DC6B8E4502E4F98D0C79C749"}

2018-06-07 19:32:48:继续查询:{"resp_code":"0","amount":"9310","leshua_order_id":"1806071932337636","merchant_id":"6008005629","nonce_str":"G80QJ755XVHJN5PDM5FG16ZA0EMH7D5L","pay_way":"WXZF","result_code":"0","sign":"81E2E05EBDEFFBCF2E83EAA14A7289C5","status":"0","third_order_id":"2018060719323659946"}

2018-06-07 19:32:48:参数:{"merchant_id":"6008005629","service":"query_status","third_order_id":"2018060719323659946","nonce_str":"UQTT1YDYO4ZX5RR4HPOZPR7LBVO1ZJ62","sign":"C18A9FB46849D8389082FB6040DB54DD"}

2018-06-07 19:32:53:继续查询:{"resp_code":"0","amount":"9310","leshua_order_id":"1806071932337636","merchant_id":"6008005629","nonce_str":"TJXAUJF7GF9P274EFPMIS4VKVZJ531XA","pay_way":"WXZF","result_code":"0","sign":"3DBD1263C9821B20C70F9567E5848D27","status":"0","third_order_id":"2018060719323659946"}

2018-06-07 19:32:53:参数:{"merchant_id":"6008005629","service":"query_status","third_order_id":"2018060719323659946","nonce_str":"15ITYE5M74QG3G1Q3IM7H03DKN8M7LH0","sign":"A4C1AC3BDD542360F9669C9DF64BA63F"}

2018-06-07 19:32:59:继续查询:{"resp_code":"0","amount":"9310","leshua_order_id":"1806071932337636","merchant_id":"6008005629","nonce_str":"CA0CA9TIRF80X5MJBZ4OG6LYXTL1KB4P","pay_way":"WXZF","result_code":"0","sign":"495EF7055C25E775EF874ADA2E3C0D3D","status":"0","third_order_id":"2018060719323659946"}

2018-06-07 19:32:59:参数:{"merchant_id":"6008005629","service":"query_status","third_order_id":"2018060719323659946","nonce_str":"DBETBOFBK78ALFVIIJ34BLSMXGZMII5H","sign":"1DE2630FAFAB7CBFA2DEC4A15828879A"}

2018-06-07 19:33:04:继续查询:{"resp_code":"0","amount":"9310","leshua_order_id":"1806071932337636","merchant_id":"6008005629","nonce_str":"KA46PBXJK4Y8G0ISU5SPLKI11PIHGN6R","pay_way":"WXZF","result_code":"0","sign":"9FD71554E1DE74975F182C4083EDF245","status":"0","third_order_id":"2018060719323659946"}

2018-06-07 19:33:04:参数:{"merchant_id":"6008005629","service":"query_status","third_order_id":"2018060719323659946","nonce_str":"Y2KMU8322BIZO3ST439FM4VQOAMGW6LS","sign":"452082273AB972A0212C322C6FE7140F"}

2018-06-07 19:33:10:继续查询:{"resp_code":"0","amount":"9310","leshua_order_id":"1806071932337636","merchant_id":"6008005629","nonce_str":"FUNTUUZ3V2XU92Y1HZ3564G0CVC8YO0R","pay_way":"WXZF","result_code":"0","sign":"F43296E84F72647A70C19537F0D3D7CA","status":"0","third_order_id":"2018060719323659946"}

2018-06-07 19:33:10:参数:{"merchant_id":"6008005629","service":"query_status","third_order_id":"2018060719323659946","nonce_str":"G2V7Q1HB87VUU8NIGFOC4FAL9GNN9LRI","sign":"BE5210E64A53700DC19B6E9237282F9D"}

2018-06-07 19:48:05:参数:{"merchant_id":"6008005629","service":"query_status","third_order_id":"2018060719480397463","nonce_str":"GMHPR7ZAYQYXB3Q7UT8R2URCQHMBB9CO","sign":"0EA587B173C526E6706E556471C8B631"}

2018-06-07 19:48:10:继续查询:{"resp_code":"0","amount":"1400","leshua_order_id":"1806071948000874","merchant_id":"6008005629","nonce_str":"U3BWOQHNS0ZRK2P35DJGXQBCXFWV1T3N","pay_way":"WXZF","result_code":"0","sign":"8D07D54990253D7664AE7144F57BD099","status":"0","third_order_id":"2018060719480397463"}

2018-06-07 19:48:10:参数:{"merchant_id":"6008005629","service":"query_status","third_order_id":"2018060719480397463","nonce_str":"FLW802EY8SMKWE8Y3X1SGNHH42PVL2Z6","sign":"985BE9E78C119301389EFA3BCA1368A2"}

2018-06-07 19:48:11:支付成功:{"resp_code":"0","amount":"1400","bank_type":"CFT","leshua_order_id":"1806071948000874","merchant_id":"6008005629","nonce_str":"S0KZ75VWY715EUGNZSO02XHO0DG2AJRR","openid":"o8uJ6uNYGn8d3-Mfe6MR32N28EhQ","out_transaction_id":[],"pay_time":"2018-06-07 19:48:10","pay_way":"WXZF","result_code":"0","sign":"0C6AB614EA27ABD5A554EF834D7F7469","status":"2","third_order_id":"2018060719480397463"}

2018-06-07 19:57:19:参数:{"merchant_id":"6008005629","service":"query_status","third_order_id":"2018060719571735189","nonce_str":"72ZEBWYEU131E3TU8ZXXL0V7F3LACJA5","sign":"537CEE21E846D12A0BF4F8D8A8F78953"}

2018-06-07 19:57:20:支付失败:{"resp_code":"0","amount":"1000","leshua_order_id":"1806071957130182","merchant_id":"6008005629","nonce_str":"XKZ7NMEWC54QI7GAN63S6OP7CTSR77GI","pay_way":"WXZF","result_code":"0","sign":"EB9FCB0BBC11D248CC9A34CBECA9E8AE","status":"6","third_order_id":"2018060719571735189"}

2018-06-07 19:57:34:参数:{"merchant_id":"6008005629","service":"query_status","third_order_id":"2018060719573240933","nonce_str":"6HJ83OVM9QMWBPP05G25WN6OTTKYSVBX","sign":"6981D98538C0F60E10C14484A28C3398"}

2018-06-07 19:57:34:支付失败:{"resp_code":"0","amount":"1000","leshua_order_id":"1806071957304515","merchant_id":"6008005629","nonce_str":"PLAGRC5ZVSJ9I4UO5MXZE0LP21SWD1ND","pay_way":"WXZF","result_code":"0","sign":"059382BD7EB09F62A8B432BF90B73948","status":"6","third_order_id":"2018060719573240933"}

2018-06-07 19:57:50:参数:{"merchant_id":"6008005629","service":"query_status","third_order_id":"2018060719574827371","nonce_str":"WTF5LIY3AC3T4ZLHXXMOLZIFHTXUTR2T","sign":"C1094F61A81D5D1221DDD6027E38D48D"}

2018-06-07 19:57:50:支付失败:{"resp_code":"0","amount":"1000","leshua_order_id":"1806071957404634","merchant_id":"6008005629","nonce_str":"DUIHE3JJ3K72IK711KIG6HNJAYSPR2ER","pay_way":"WXZF","result_code":"0","sign":"A0E60B6BBCCE0282410696AC02456D36","status":"6","third_order_id":"2018060719574827371"}

2018-06-07 20:46:33:参数:{"merchant_id":"6008005629","service":"query_status","third_order_id":"2018060720463152294","nonce_str":"12HVZZJWQTV3LJCEAV5K3Z01ALJU7NG3","sign":"D70D5B1C34D719DDEEB6EA38C98D3C68"}

2018-06-07 20:46:38:继续查询:{"resp_code":"0","amount":"1300","leshua_order_id":"1806072046334468","merchant_id":"6008005629","nonce_str":"CBTGGMCJIUQSYNHGSN2T0V27ZJWX0PYW","pay_way":"WXZF","result_code":"0","sign":"C2F7D8B9D63833077CC172D6E011ECCE","status":"0","third_order_id":"2018060720463152294"}

2018-06-07 20:46:38:参数:{"merchant_id":"6008005629","service":"query_status","third_order_id":"2018060720463152294","nonce_str":"34JW2YYG6XXDQQ3GSRN3S4A6880AR285","sign":"5F5CA81459590FED6E4CD6B30B118DB0"}

2018-06-07 20:46:44:继续查询:{"resp_code":"0","amount":"1300","leshua_order_id":"1806072046334468","merchant_id":"6008005629","nonce_str":"WFA2PPMN2PLS5459BYFBEXURNFVXR3C1","pay_way":"WXZF","result_code":"0","sign":"47503F4E92C7932DB55C21F4BF0543AF","status":"0","third_order_id":"2018060720463152294"}

2018-06-07 20:46:44:参数:{"merchant_id":"6008005629","service":"query_status","third_order_id":"2018060720463152294","nonce_str":"RQ9SSHEY3MH06UUDHM011IFXMAKAJE0T","sign":"56C320B25D25BE5C04DC9995697CB881"}

2018-06-07 20:46:44:支付成功:{"resp_code":"0","amount":"1300","bank_type":"CFT","leshua_order_id":"1806072046334468","merchant_id":"6008005629","nonce_str":"W3316LC311SPDK18W4QJ8KDM11TUWW3P","openid":"o8uJ6uFPDoac3ZDdWOpQVINO3Ovo","out_transaction_id":[],"pay_time":"2018-06-07 20:46:44","pay_way":"WXZF","result_code":"0","sign":"E60366AF63351E2FD9DF25AD5F98DEC4","status":"2","third_order_id":"2018060720463152294"}

2018-06-07 20:53:17:参数:{"merchant_id":"6008005629","service":"query_status","third_order_id":"2018060720531782503","nonce_str":"F0EVUWO54OAK85ETH2ZNJ8YRW7LMN0CU","sign":"5977FE85EDE51764F3A4BFBCFD1AAACD"}

2018-06-07 20:53:23:继续查询:{"resp_code":"0","amount":"270","leshua_order_id":"1806072053126239","merchant_id":"6008005629","nonce_str":"Q1JAR3G7RSGIMT8AMQLW9SUMJZBLQONM","pay_way":"WXZF","result_code":"0","sign":"0112A6B6C8405FDA27D14A9B1680999E","status":"0","third_order_id":"2018060720531782503"}

2018-06-07 20:53:23:参数:{"merchant_id":"6008005629","service":"query_status","third_order_id":"2018060720531782503","nonce_str":"8X5RQNH0UZA648YN6QSUNQAU2GHDBP3M","sign":"346E3C42D54099E4045AC25A7B479A24"}

2018-06-07 20:53:28:继续查询:{"resp_code":"0","amount":"270","leshua_order_id":"1806072053126239","merchant_id":"6008005629","nonce_str":"TERY3YFNWXNVQ1284TAGGVZFPZZPDQ0A","pay_way":"WXZF","result_code":"0","sign":"DDBD8FCCB5EDB3426368C388D753FB0C","status":"0","third_order_id":"2018060720531782503"}

2018-06-07 20:53:28:参数:{"merchant_id":"6008005629","service":"query_status","third_order_id":"2018060720531782503","nonce_str":"IHRWU2XSK7K1UJLNBF8N7APA4XNM7J82","sign":"4A2C84BF9395C19E69E191350A287644"}

2018-06-07 20:53:34:继续查询:{"resp_code":"0","amount":"270","leshua_order_id":"1806072053126239","merchant_id":"6008005629","nonce_str":"8I1HEXW18BROMB6KWATMPVUY6BSIS4AZ","pay_way":"WXZF","result_code":"0","sign":"A4C8E219CC023C87CBB6F84012FB9045","status":"0","third_order_id":"2018060720531782503"}

2018-06-07 20:53:34:参数:{"merchant_id":"6008005629","service":"query_status","third_order_id":"2018060720531782503","nonce_str":"7UDUDQ9N3X8PY4ZDDVLOBGV2W3JBD7LQ","sign":"1EA82F76ABFEDEBF0A7A05CD9E9E0298"}

2018-06-07 20:53:39:继续查询:{"resp_code":"0","amount":"270","leshua_order_id":"1806072053126239","merchant_id":"6008005629","nonce_str":"6ZRP3HCBUW23SUP1YIJ8UBUKO84H4KLL","pay_way":"WXZF","result_code":"0","sign":"26A67243282375D7C184EA55B17D90EC","status":"0","third_order_id":"2018060720531782503"}

2018-06-07 20:53:39:参数:{"merchant_id":"6008005629","service":"query_status","third_order_id":"2018060720531782503","nonce_str":"LKUOGLPQ3IDEEVURG5JBGTP3UFDWF3F5","sign":"89345FEE31AC31E48737EA644A72050F"}

2018-06-07 20:53:45:继续查询:{"resp_code":"0","amount":"270","leshua_order_id":"1806072053126239","merchant_id":"6008005629","nonce_str":"8B7LWR6FUCAQFIE7TCPA3K4A5LIKADFU","pay_way":"WXZF","result_code":"0","sign":"2539B2CE235360AC8F7FCA3F2D5F2EC4","status":"0","third_order_id":"2018060720531782503"}

2018-06-07 20:53:45:参数:{"merchant_id":"6008005629","service":"query_status","third_order_id":"2018060720531782503","nonce_str":"4KP4PYLDACBZ979MVX0MGZY87WNPSJ1Y","sign":"AB926766509623C4A36FAE36969C5FE7"}

2018-06-07 20:53:50:继续查询:{"resp_code":"0","amount":"270","leshua_order_id":"1806072053126239","merchant_id":"6008005629","nonce_str":"B6FDL135DWWM0TWG0LBOSZQMY5EHGFH3","pay_way":"WXZF","result_code":"0","sign":"C211851794637D1D450C9F621723302B","status":"0","third_order_id":"2018060720531782503"}

2018-06-07 20:53:50:参数:{"merchant_id":"6008005629","service":"query_status","third_order_id":"2018060720531782503","nonce_str":"EZFD104XWHMADZ4OWQMBJ347EESLSM8E","sign":"662BB65F7DC1084EEBD8C5B8DAFC6F2D"}

2018-06-07 20:58:07:参数:{"merchant_id":"6008005629","service":"query_status","third_order_id":"2018060720580689106","nonce_str":"MRFPW2WRLXVNHJ7D018L3EK09AHHRG7W","sign":"5DE88C89EB628A15901F963311C2FAE2"}

2018-06-07 20:58:13:继续查询:{"resp_code":"0","amount":"500","leshua_order_id":"1806072058007322","merchant_id":"6008005629","nonce_str":"2CZ02FCBYMEV2QSDS9BVK37BASIPD5L1","pay_way":"WXZF","result_code":"0","sign":"B1C9D854CED474D7B4B3DFB949462984","status":"0","third_order_id":"2018060720580689106"}

2018-06-07 20:58:13:参数:{"merchant_id":"6008005629","service":"query_status","third_order_id":"2018060720580689106","nonce_str":"0DXG45IO16C927VUG6WLRQAPADW8ECGP","sign":"3BCA690F518BAEAD69AEE7E80FA412A0"}

2018-06-07 20:58:18:继续查询:{"resp_code":"0","amount":"500","leshua_order_id":"1806072058007322","merchant_id":"6008005629","nonce_str":"RGMGFNVDYWNYGDERGIQZWD6HUP3Z7B3N","pay_way":"WXZF","result_code":"0","sign":"C80BB1232C08C81306D055143D7F3668","status":"0","third_order_id":"2018060720580689106"}

2018-06-07 20:58:18:参数:{"merchant_id":"6008005629","service":"query_status","third_order_id":"2018060720580689106","nonce_str":"1K90HM2OYATV0DN4L622AJMRBMNXDEXZ","sign":"639FEFD2D09B31A8025170F2FC03054B"}

2018-06-07 20:58:24:继续查询:{"resp_code":"0","amount":"500","leshua_order_id":"1806072058007322","merchant_id":"6008005629","nonce_str":"VAMI4JIQJBJGWOYE9HHKQYK4J8UOII03","pay_way":"WXZF","result_code":"0","sign":"077C1C74FE58FDE844D9D99EB94CF700","status":"0","third_order_id":"2018060720580689106"}

2018-06-07 20:58:24:参数:{"merchant_id":"6008005629","service":"query_status","third_order_id":"2018060720580689106","nonce_str":"9G42I15BDMOMN325LZWGPLZY2MPC6LUL","sign":"2EF79CECC00CE9A813D41BFAABE92868"}

2018-06-07 20:58:29:继续查询:{"resp_code":"0","amount":"500","leshua_order_id":"1806072058007322","merchant_id":"6008005629","nonce_str":"U6IOOKU1SFUI78QVYWRR981V8P0EL6ID","pay_way":"WXZF","result_code":"0","sign":"9F93A671FC670323228C682CF0B9DC04","status":"0","third_order_id":"2018060720580689106"}

2018-06-07 20:58:29:参数:{"merchant_id":"6008005629","service":"query_status","third_order_id":"2018060720580689106","nonce_str":"RZKAEK1K784KPLS1KHU6CL32B0F0OAPH","sign":"CFBF64F2CB08A7F7DF243AF19A20A98E"}

2018-06-07 20:58:35:继续查询:{"resp_code":"0","amount":"500","leshua_order_id":"1806072058007322","merchant_id":"6008005629","nonce_str":"EL2WXH2XW577OJ0Q7PEXUMT1G3EX4N32","pay_way":"WXZF","result_code":"0","sign":"742BA908603CC8BC5133D3F016200CE6","status":"0","third_order_id":"2018060720580689106"}

2018-06-07 20:58:35:参数:{"merchant_id":"6008005629","service":"query_status","third_order_id":"2018060720580689106","nonce_str":"6W19BGZ6Y5QIHKRXV9ORQFTGGB7ZG3YD","sign":"6E9D5D4B60BC846C447D274343F99549"}

2018-06-07 20:58:40:继续查询:{"resp_code":"0","amount":"500","leshua_order_id":"1806072058007322","merchant_id":"6008005629","nonce_str":"PRXOKHVA51F51TE2PBLAQWBX7OKRLIAV","pay_way":"WXZF","result_code":"0","sign":"459B969C0EA2F1E8D0BF925E105F726F","status":"0","third_order_id":"2018060720580689106"}

2018-06-07 20:58:40:参数:{"merchant_id":"6008005629","service":"query_status","third_order_id":"2018060720580689106","nonce_str":"SY9FNG3NTCKWA6B2QCNC8K9H3HKD086O","sign":"AB3DBE49D762A0B95D013C319D260DED"}

2018-06-07 22:10:47:参数:{"merchant_id":"6008005629","service":"query_status","third_order_id":"2018060722104663841","nonce_str":"WTT188763MRS4Y1FKMHOEYW1MX93OE1N","sign":"20C8F9ADFA39E250B3D3CCCBA9E2E299"}

2018-06-07 22:10:53:继续查询:{"resp_code":"0","amount":"520","leshua_order_id":"1806072210421798","merchant_id":"6008005629","nonce_str":"5P5GDDN4QFST734LTXF6PHVSMQ6DKMEN","pay_way":"WXZF","result_code":"0","sign":"8723362299AAC8FBFA94F71FAA821A0B","status":"0","third_order_id":"2018060722104663841"}

2018-06-07 22:10:53:参数:{"merchant_id":"6008005629","service":"query_status","third_order_id":"2018060722104663841","nonce_str":"0CFSA2DO8RROG4YRVCTXLHKW5OKQ9L9B","sign":"26F4B00E15B509C0713499FB980676E5"}

2018-06-07 22:10:58:继续查询:{"resp_code":"0","amount":"520","leshua_order_id":"1806072210421798","merchant_id":"6008005629","nonce_str":"FCJ899T3QKT3W4D4K2WE37164J6IYECS","pay_way":"WXZF","result_code":"0","sign":"344D69363B740A15AAB432BC81BE3232","status":"0","third_order_id":"2018060722104663841"}

2018-06-07 22:10:58:参数:{"merchant_id":"6008005629","service":"query_status","third_order_id":"2018060722104663841","nonce_str":"8Y6214AR06XX9NETNAT1SIWG91G3UTUV","sign":"8D4A2BF3698D8154E42696E29CCA6C0D"}

2018-06-07 22:10:59:支付成功:{"resp_code":"0","amount":"520","bank_type":"CFT","leshua_order_id":"1806072210421798","merchant_id":"6008005629","nonce_str":"17U3MLT2DESSGCPY2KSEAYR6PKESCQ3W","openid":"o8uJ6uCICcKri6RgrLwyaAVgp8S0","out_transaction_id":[],"pay_time":"2018-06-07 22:10:58","pay_way":"WXZF","result_code":"0","sign":"26E16785AB98D331D534E1AB678111F9","status":"2","third_order_id":"2018060722104663841"}

2018-06-07 22:12:52:参数:{"merchant_id":"6008005629","service":"query_status","third_order_id":"2018060722125060934","nonce_str":"78LX1JJVOTNXXFT2JHO4VA49BJAURIL8","sign":"CB0E8452D32ADB71042BA81DDDE138EF"}

2018-06-07 22:12:57:继续查询:{"resp_code":"0","amount":"1440","leshua_order_id":"1806072212522198","merchant_id":"6008005629","nonce_str":"M4DJ1OM66PY2040ZVLI7NMSTUNBPDEDU","pay_way":"WXZF","result_code":"0","sign":"A3B45A977B46E2586E6EEE5209FE873E","status":"0","third_order_id":"2018060722125060934"}

2018-06-07 22:12:57:参数:{"merchant_id":"6008005629","service":"query_status","third_order_id":"2018060722125060934","nonce_str":"C0KDCGYS323GPX96RA8P84YBTXO37BIP","sign":"CE3BA464B0D5605EE4C3DA63B1C7BD26"}

2018-06-07 22:13:03:继续查询:{"resp_code":"0","amount":"1440","leshua_order_id":"1806072212522198","merchant_id":"6008005629","nonce_str":"DL65BJK2XFXHYM9ES4KJEF20963I69YN","pay_way":"WXZF","result_code":"0","sign":"F666FB2255CADFAE0E6ABCD82233EF31","status":"0","third_order_id":"2018060722125060934"}

2018-06-07 22:13:03:参数:{"merchant_id":"6008005629","service":"query_status","third_order_id":"2018060722125060934","nonce_str":"K7M7QS9ZZ2PHDFXCMRYPRQ2L66QNI0NK","sign":"AA1F1CEB0246E75F0E54027FA57C2062"}

2018-06-07 22:13:03:支付成功:{"resp_code":"0","amount":"1440","bank_type":"CFT","leshua_order_id":"1806072212522198","merchant_id":"6008005629","nonce_str":"8X0YNY2GKSY2Q33UONPJKUHI3A8A7BNJ","openid":"o8uJ6uAYFLyBhe2hAHzSzwW5_Izk","out_transaction_id":[],"pay_time":"2018-06-07 22:13:03","pay_way":"WXZF","result_code":"0","sign":"FA85A86F0213EBEA898D0F15A60A3C6B","status":"2","third_order_id":"2018060722125060934"}

2018-06-07 22:45:16:参数:{"merchant_id":"4909001413","service":"query_status","third_order_id":"2018060722451444058","nonce_str":"KC55Z5IRIQ0TUZHXB0079LK93IWM6OO9","sign":"904916FF99EDC6783A1AE6169FDAA02B"}

2018-06-07 22:45:17:支付失败:{"resp_code":"0","amount":"30000","leshua_order_id":"1806072245109879","merchant_id":"4909001413","nonce_str":"VX67UDNX4JR1CEJXW5D6LJOJ3N04VHCI","pay_way":"WXZF","result_code":"0","sign":"5FC479BF5FFE6C03AE8EE1BB087CCF24","status":"6","third_order_id":"2018060722451444058"}

2018-06-07 22:45:27:参数:{"merchant_id":"4909001413","service":"query_status","third_order_id":"2018060722452699279","nonce_str":"XWD76Z3M89H0G10XONJXMZS1HN43R0YM","sign":"E462E7FF2C3265E84C9538E1DF3DF83A"}

2018-06-07 22:45:32:继续查询:{"resp_code":"0","amount":"30000","leshua_order_id":"1806072245230851","merchant_id":"4909001413","nonce_str":"HFMCFUY5GF2V52EP4TLB5F3F0X3JZKW7","pay_way":"WXZF","result_code":"0","sign":"9A696A7227EEBC0F801E37C8683AD8DD","status":"0","third_order_id":"2018060722452699279"}

2018-06-07 22:45:32:参数:{"merchant_id":"4909001413","service":"query_status","third_order_id":"2018060722452699279","nonce_str":"W0YNSNVC5YU5LY7POVGN5Z5BPK290T5X","sign":"43957517AF974A2D71D2F78263CD265C"}

2018-06-07 22:45:38:继续查询:{"resp_code":"0","amount":"30000","leshua_order_id":"1806072245230851","merchant_id":"4909001413","nonce_str":"QW14JFHFK9C9Y8F1130DYGC9KDYC3Z32","pay_way":"WXZF","result_code":"0","sign":"333271BC587DC547117A41D27E6B3F08","status":"0","third_order_id":"2018060722452699279"}

2018-06-07 22:45:38:参数:{"merchant_id":"4909001413","service":"query_status","third_order_id":"2018060722452699279","nonce_str":"7M6Z2XG6HU08OBAGSO0SETLI3NJTIQDN","sign":"4EED41E0BC77FC2B169BE9ECE4C1859F"}

2018-06-07 22:45:43:继续查询:{"resp_code":"0","amount":"30000","leshua_order_id":"1806072245230851","merchant_id":"4909001413","nonce_str":"R0TY21KM6TDEQKN53FI9OGDSAFHZU7U0","pay_way":"WXZF","result_code":"0","sign":"03501E2CEF48ECCC34DA9C1C15F05263","status":"0","third_order_id":"2018060722452699279"}

2018-06-07 22:45:43:参数:{"merchant_id":"4909001413","service":"query_status","third_order_id":"2018060722452699279","nonce_str":"U5GS9QF7PLUJ6OT04U0EUV1JDAOOBM1H","sign":"D945C63497F329899BD09CF4363CAF1C"}

2018-06-07 22:45:48:继续查询:{"resp_code":"0","amount":"30000","leshua_order_id":"1806072245230851","merchant_id":"4909001413","nonce_str":"ZKXE32HLXQ4I3C3K7MYBK6ZYGNV9K12E","pay_way":"WXZF","result_code":"0","sign":"3F2846A52C8DD216917199C067A0D82E","status":"0","third_order_id":"2018060722452699279"}

2018-06-07 22:45:48:参数:{"merchant_id":"4909001413","service":"query_status","third_order_id":"2018060722452699279","nonce_str":"VRING86X6WE86V7TNHM4L43Y4JCWVESZ","sign":"93297F5E5CB09703FBA010461605A5FB"}

2018-06-07 22:45:54:继续查询:{"resp_code":"0","amount":"30000","leshua_order_id":"1806072245230851","merchant_id":"4909001413","nonce_str":"V9UGQ2VSP1CNDK1T81Q9BYEJUQGHBJLU","pay_way":"WXZF","result_code":"0","sign":"0D2F16D62F59F6CE556AA296AF04AA7B","status":"0","third_order_id":"2018060722452699279"}

2018-06-07 22:45:54:参数:{"merchant_id":"4909001413","service":"query_status","third_order_id":"2018060722452699279","nonce_str":"MZTQBP5DMCX4HUVP6LLSAEXWB580GKOZ","sign":"D15A26EF8D10B4917A9C43EEC8539419"}

2018-06-07 22:45:59:继续查询:{"resp_code":"0","amount":"30000","leshua_order_id":"1806072245230851","merchant_id":"4909001413","nonce_str":"ALCK515WHHJD792OY85F9109RAOTRU3F","pay_way":"WXZF","result_code":"0","sign":"37F7A09796B38F11A6EB3726A60F2694","status":"0","third_order_id":"2018060722452699279"}

2018-06-07 22:45:59:参数:{"merchant_id":"4909001413","service":"query_status","third_order_id":"2018060722452699279","nonce_str":"WNMISJGV4GEZJSJIXSJTKD3C2G8Q8XWF","sign":"EA00F1EB772AAC2CA33E3270A47F2F2E"}

2018-06-07 22:46:58:参数:{"merchant_id":"4909001413","service":"query_status","third_order_id":"2018060722465670853","nonce_str":"40L2KVRPFWNE8AM1APBIUWF5ZLLHBDUO","sign":"7899F02EB993B8E82C280F9492471964"}

2018-06-07 22:47:03:继续查询:{"resp_code":"0","amount":"20000","leshua_order_id":"1806072246500036","merchant_id":"4909001413","nonce_str":"M4XDSLC3YNF3HCXT4SNZJJ8BMFGEICNK","pay_way":"WXZF","result_code":"0","sign":"997CC7C7BA3ED57DF858AD65652CD763","status":"0","third_order_id":"2018060722465670853"}

2018-06-07 22:47:03:参数:{"merchant_id":"4909001413","service":"query_status","third_order_id":"2018060722465670853","nonce_str":"MP4BIMT879KQO2A9MEHUSAIBOAH9GDG5","sign":"21B382772DC1E0026A8F911AD1BD699F"}

2018-06-07 22:47:09:继续查询:{"resp_code":"0","amount":"20000","leshua_order_id":"1806072246500036","merchant_id":"4909001413","nonce_str":"QS6POKCJW5RFV7FCTETQS1G7PXR6HY01","pay_way":"WXZF","result_code":"0","sign":"D1252D035E0A2234392FDDE70FFEEBCD","status":"0","third_order_id":"2018060722465670853"}

2018-06-07 22:47:09:参数:{"merchant_id":"4909001413","service":"query_status","third_order_id":"2018060722465670853","nonce_str":"ASVZYFK5ENVTHXUAZK004DN49YH9CM97","sign":"83899363FE74A3F9BD3746D0EC6F1CE8"}

2018-06-07 22:47:12:支付成功:{"resp_code":"0","amount":"20000","bank_type":"CFT","leshua_order_id":"1806072246500036","merchant_id":"4909001413","nonce_str":"YBLBTNDZHU4962RZW26285DB7C24JUO6","openid":"o8uJ6uEp21GT72HcPQzYKrwCsfV0","out_transaction_id":[],"pay_time":"2018-06-07 22:47:09","pay_way":"WXZF","result_code":"0","sign":"F736583B9903949E92D4911CCCDF65B3","status":"2","third_order_id":"2018060722465670853"}

2018-06-07 22:54:49:参数:{"merchant_id":"4909001413","service":"query_status","third_order_id":"2018060722544985069","nonce_str":"KHFHZE5CRR2Y6TZV9WNO92IXKQ14G92Q","sign":"EA84BEA0031EE32C71450361798DC257"}

2018-06-07 22:54:55:继续查询:{"resp_code":"0","amount":"1600","leshua_order_id":"1806072254400666","merchant_id":"4909001413","nonce_str":"QOS4EZYA35SDC3S95IWG3UI3WOLJZ8KW","pay_way":"WXZF","result_code":"0","sign":"41B6C47C962A61189D93A78A46763FDC","status":"0","third_order_id":"2018060722544985069"}

2018-06-07 22:54:55:参数:{"merchant_id":"4909001413","service":"query_status","third_order_id":"2018060722544985069","nonce_str":"026W21DOFF0A4R6MX55JQHIU56JQ1YR8","sign":"12D73D91AE123C34CE13BE65166CCFF2"}

2018-06-07 22:55:00:继续查询:{"resp_code":"0","amount":"1600","leshua_order_id":"1806072254400666","merchant_id":"4909001413","nonce_str":"OTMKF2EL3VF7G5V2XIN1KJDHTU3GA86O","pay_way":"WXZF","result_code":"0","sign":"A9E12CD853D4F4BD635542E84BC3F590","status":"0","third_order_id":"2018060722544985069"}

2018-06-07 22:55:00:参数:{"merchant_id":"4909001413","service":"query_status","third_order_id":"2018060722544985069","nonce_str":"9AYWD28S52A4UGCLMTEBU3YOZBQCN5JG","sign":"6A376CE138803E2E9D2EAD3C41D3B4B5"}

2018-06-07 22:55:06:继续查询:{"resp_code":"0","amount":"1600","leshua_order_id":"1806072254400666","merchant_id":"4909001413","nonce_str":"NT17QTRZXX1X70FE129GLQWXCQHT93J6","pay_way":"WXZF","result_code":"0","sign":"B92469B852B72049B5737309332610BE","status":"0","third_order_id":"2018060722544985069"}

2018-06-07 22:55:06:参数:{"merchant_id":"4909001413","service":"query_status","third_order_id":"2018060722544985069","nonce_str":"OCJFH4VJG8Y25YQ73TIL8J0SZH36L6NE","sign":"B2E0F26748014AD32826050F96F394EA"}

2018-06-07 22:55:11:继续查询:{"resp_code":"0","amount":"1600","leshua_order_id":"1806072254400666","merchant_id":"4909001413","nonce_str":"RBMA1R0OMZ19T8A7JPS1KCX2GZ5FMKU4","pay_way":"WXZF","result_code":"0","sign":"2E7AD71A2EA1CC1D38F59BF1CD2BA868","status":"0","third_order_id":"2018060722544985069"}

2018-06-07 22:55:11:参数:{"merchant_id":"4909001413","service":"query_status","third_order_id":"2018060722544985069","nonce_str":"5ZF07CBTQUDHXC3AWHT0YV8YWDUPJO57","sign":"ECCA30AD7C4C8CA0F8FFBDC9A78738F2"}

2018-06-07 22:55:17:继续查询:{"resp_code":"0","amount":"1600","leshua_order_id":"1806072254400666","merchant_id":"4909001413","nonce_str":"NNJ7YVE2LERITMP742FHI5OCU2BLC0V3","pay_way":"WXZF","result_code":"0","sign":"829E0BD3778D889670C9C79A90AE7161","status":"0","third_order_id":"2018060722544985069"}

2018-06-07 22:55:17:参数:{"merchant_id":"4909001413","service":"query_status","third_order_id":"2018060722544985069","nonce_str":"7M1Z5AWA7WWE4G1IBZGKXLEPAZAB5VR8","sign":"96E29DAB09B3FD9E06AE0B26519EEC54"}

2018-06-07 22:55:22:继续查询:{"resp_code":"0","amount":"1600","leshua_order_id":"1806072254400666","merchant_id":"4909001413","nonce_str":"PTJNB0UYXFPYU2D3GRYPOXEJBSUWI5YF","pay_way":"WXZF","result_code":"0","sign":"B8FB4A625A78B67D398C3480110268F7","status":"0","third_order_id":"2018060722544985069"}

2018-06-07 22:55:22:参数:{"merchant_id":"4909001413","service":"query_status","third_order_id":"2018060722544985069","nonce_str":"ENDWU96USK202ZDNQ54ZO9EX9FXDOMKQ","sign":"EBC3C4A6367273112E988B019301EFD1"}

2018-06-07 22:55:32:参数:{"merchant_id":"4909001413","service":"query_status","third_order_id":"2018060722553255681","nonce_str":"6X46EVTMDNY5GPXV4BOELWX8RNU0E591","sign":"31F18E74DEEC65341C020F32B6687609"}

2018-06-07 22:55:38:继续查询:{"resp_code":"0","amount":"1600","leshua_order_id":"1806072255300738","merchant_id":"4909001413","nonce_str":"MJSSGWN7AGENXMCNKTB7LFR5V9AL23IC","pay_way":"WXZF","result_code":"0","sign":"F7E530FEE4BB4EF1899E8FAA89B32121","status":"0","third_order_id":"2018060722553255681"}

2018-06-07 22:55:38:参数:{"merchant_id":"4909001413","service":"query_status","third_order_id":"2018060722553255681","nonce_str":"PSQUAT2ZFYMRHBV743T8X55FA7B5IV7T","sign":"4D133BCA319F7C35886171213BB57A09"}

2018-06-07 22:55:43:继续查询:{"resp_code":"0","amount":"1600","leshua_order_id":"1806072255300738","merchant_id":"4909001413","nonce_str":"VNT9RMCF9ZSP2A93FNWCR5CYNIQVLV1E","pay_way":"WXZF","result_code":"0","sign":"7EF6010A974F51ABBB9C4A62E57FD07B","status":"0","third_order_id":"2018060722553255681"}

2018-06-07 22:55:43:参数:{"merchant_id":"4909001413","service":"query_status","third_order_id":"2018060722553255681","nonce_str":"3VDIK3OHXAGK6S9D7IGVLAZ2FQOY8I7R","sign":"60998D331DBD832A42DDE334BEF0D2FC"}

2018-06-07 22:55:49:继续查询:{"resp_code":"0","amount":"1600","leshua_order_id":"1806072255300738","merchant_id":"4909001413","nonce_str":"UVL09O999IZ6RTO6H2J1HP3N482GFJQ5","pay_way":"WXZF","result_code":"0","sign":"03475F7A196FB4C308283CB8D6C53348","status":"0","third_order_id":"2018060722553255681"}

2018-06-07 22:55:49:参数:{"merchant_id":"4909001413","service":"query_status","third_order_id":"2018060722553255681","nonce_str":"K6NH1MESI8FL90LTAJG57RJGF56CETI2","sign":"84A2496BFAD6C0A5773F5AA3F57C7512"}

2018-06-07 22:55:54:继续查询:{"resp_code":"0","amount":"1600","leshua_order_id":"1806072255300738","merchant_id":"4909001413","nonce_str":"3V53Y2MP7RH73RULUEJX4MW5IAJKICWY","pay_way":"WXZF","result_code":"0","sign":"C55165808526A3E571A7B891D1695399","status":"0","third_order_id":"2018060722553255681"}

2018-06-07 22:55:54:参数:{"merchant_id":"4909001413","service":"query_status","third_order_id":"2018060722553255681","nonce_str":"6BUGZ683KS04MJYWXAP81P38FZD1ZI4A","sign":"3F70E790E067912D8B28423ABC7BBEBA"}

2018-06-07 22:56:00:继续查询:{"resp_code":"0","amount":"1600","leshua_order_id":"1806072255300738","merchant_id":"4909001413","nonce_str":"RVHCU4OMJFWCHWN1HNSXBENX2NLUMW0U","pay_way":"WXZF","result_code":"0","sign":"6D30AB939292B70BC8B76AEA94E0DB1B","status":"0","third_order_id":"2018060722553255681"}

2018-06-07 22:56:00:参数:{"merchant_id":"4909001413","service":"query_status","third_order_id":"2018060722553255681","nonce_str":"2DDGBYRJUPQVRL3KCG631EIT4AAD4OKB","sign":"AB6DD39AD7A2BE2590D257BA779FF735"}

2018-06-07 22:56:05:继续查询:{"resp_code":"0","amount":"1600","leshua_order_id":"1806072255300738","merchant_id":"4909001413","nonce_str":"SHUGLOGAVQ8V5YKM3GSCNEEM37DXXJ67","pay_way":"WXZF","result_code":"0","sign":"4604BEAFE8E6934D54A4BB54D129D7FF","status":"0","third_order_id":"2018060722553255681"}

2018-06-07 22:56:05:参数:{"merchant_id":"4909001413","service":"query_status","third_order_id":"2018060722553255681","nonce_str":"5I10I55NAW87YM9W4EDNVJ5JTKJCNB5Y","sign":"F7EF484B78AD032E9058156BB4CCBE38"}

2018-06-07 23:03:39:参数:{"merchant_id":"6008005629","service":"query_status","third_order_id":"2018060723033850269","nonce_str":"GZLFBCX4EIC1RD7A8F1F7ALACXK74O5T","sign":"78947F43817C05E8F66EEA4087480F8F"}

2018-06-07 23:03:45:继续查询:{"resp_code":"0","amount":"300","leshua_order_id":"1806072303301331","merchant_id":"6008005629","nonce_str":"1PHG9OPTMNGMGBF96PDEHTVMA26Q1QAT","pay_way":"WXZF","result_code":"0","sign":"569EADC3C4741E9CC699AC13DBE673C6","status":"0","third_order_id":"2018060723033850269"}

2018-06-07 23:03:45:参数:{"merchant_id":"6008005629","service":"query_status","third_order_id":"2018060723033850269","nonce_str":"20LEXHVVUYI9SII5T1RHOI4WCCFAE18G","sign":"215BC2C9D14C35BDF45125DB6FC970B3"}

2018-06-07 23:03:45:支付成功:{"resp_code":"0","amount":"300","bank_type":"CFT","leshua_order_id":"1806072303301331","merchant_id":"6008005629","nonce_str":"31E8MB2XUGBHYXS24SVWK1H9GBFHGUHS","openid":"o8uJ6uNYGn8d3-Mfe6MR32N28EhQ","out_transaction_id":[],"pay_time":"2018-06-07 23:03:45","pay_way":"WXZF","result_code":"0","sign":"6A1529EBAC2C42D74AFDE2B2A7CCF71A","status":"2","third_order_id":"2018060723033850269"}

2018-06-07 23:14:42:参数:{"merchant_id":"6008005629","service":"query_status","third_order_id":"2018060723143894982","nonce_str":"HE48YWDD7CL1UGHXIO95RJXTNVPJCE74","sign":"C36A9251AA350C575A3AC2D25F2B070C"}

2018-06-07 23:14:42:支付失败:{"resp_code":"0","amount":"1290","leshua_order_id":"1806072314320666","merchant_id":"6008005629","nonce_str":"AZ2YH42PV6QLWZ2WQE52XRYPWU6HYKJ7","pay_way":"WXZF","result_code":"0","sign":"4C30977917077A71F3D33069A762650C","status":"6","third_order_id":"2018060723143894982"}

