2018-06-20 00:11:12:参数:{"merchant_id":"4909001413","service":"query_status","third_order_id":"2018062000111114281","nonce_str":"3LOIMVP9RIYGG74AR5FWP20SCQCX2DAR","sign":"17E9B9C4690C642E0DE564561B273116"}

2018-06-20 00:11:18:继续查询:{"resp_code":"0","amount":"30000","leshua_order_id":"1806200011171036","merchant_id":"4909001413","nonce_str":"15MKSBG3LHPE0LHKM7DI9V605WICWRWO","pay_way":"WXZF","result_code":"0","sign":"DF0A1F2FCBE5E725797BDA943487D289","status":"0","third_order_id":"2018062000111114281"}

2018-06-20 00:11:18:参数:{"merchant_id":"4909001413","service":"query_status","third_order_id":"2018062000111114281","nonce_str":"O1M112B9BHTICO2IG5FFVKKEKZZ28XYV","sign":"7FC7DBFCA9A02D2A4C8E39C24A6E8B39"}

2018-06-20 00:11:23:继续查询:{"resp_code":"0","amount":"30000","leshua_order_id":"1806200011171036","merchant_id":"4909001413","nonce_str":"NJIXF929QNXX5UNJFNICE5R04KPREN0T","pay_way":"WXZF","result_code":"0","sign":"D4839774D1B5DF8F96B03175F44D1E37","status":"0","third_order_id":"2018062000111114281"}

2018-06-20 00:11:23:参数:{"merchant_id":"4909001413","service":"query_status","third_order_id":"2018062000111114281","nonce_str":"XFQABG8SVQEP8B6LTM3NNFF5TM1CGB61","sign":"F97BA2365D3E29ADD061CEB274043EA0"}

2018-06-20 00:11:24:支付成功:{"resp_code":"0","amount":"30000","bank_type":"ICBC_DEBIT","leshua_order_id":"1806200011171036","merchant_id":"4909001413","nonce_str":"0UCF9AHNPLC5W2CETF7AU728OMBF0A07","openid":"o8uJ6uCLagyw0ZmFhT9bI3bHezNg","out_transaction_id":"4200000111201806209086006147","pay_time":"2018-06-20 00:11:24","pay_way":"WXZF","result_code":"0","sign":"C37286EA1648ACB4D8028D59F62D5CD9","status":"2","third_order_id":"2018062000111114281"}

2018-06-20 07:02:55:参数:{"merchant_id":"6008005629","service":"query_status","third_order_id":"2018062007025453737","nonce_str":"PM3LYSPAKND2XO5ULT534E5RGILURVSF","sign":"032716860FAFF611992CF96DB7DB7873"}

2018-06-20 07:03:01:继续查询:{"resp_code":"0","amount":"919","leshua_order_id":"1806200702571385","merchant_id":"6008005629","nonce_str":"RV21AK4122Q1MYKKJWI8JDR3BFBC9T14","pay_way":"WXZF","result_code":"0","sign":"8625C6BF8DCF2695F29EBBC2BD8087A2","status":"0","third_order_id":"2018062007025453737"}

2018-06-20 07:03:01:参数:{"merchant_id":"6008005629","service":"query_status","third_order_id":"2018062007025453737","nonce_str":"6875YSH7ROOBZSE4NGH9V1Z1OAEN3Q4D","sign":"9D2E7C026FA5CEC3DCCAEA30A5AC7F67"}

2018-06-20 07:03:07:继续查询:{"resp_code":"0","amount":"919","leshua_order_id":"1806200702571385","merchant_id":"6008005629","nonce_str":"0PTJ4I264XEESBDW4SW0OLK1ME1WPV1M","pay_way":"WXZF","result_code":"0","sign":"2535ADB20D918411F56A02CBFD1B9A2F","status":"0","third_order_id":"2018062007025453737"}

2018-06-20 07:03:07:参数:{"merchant_id":"6008005629","service":"query_status","third_order_id":"2018062007025453737","nonce_str":"6T5QE203BIBTG0V4TY3P0908A5OKOKD4","sign":"D85168651405C6E34D2B7D4FC51D1DE1"}

2018-06-20 07:03:12:继续查询:{"resp_code":"0","amount":"919","leshua_order_id":"1806200702571385","merchant_id":"6008005629","nonce_str":"WD3A35RF8C9UQXB3E61KBUBZG8G6RTAS","pay_way":"WXZF","result_code":"0","sign":"90B294B1000C83D6716B4CA092928A97","status":"0","third_order_id":"2018062007025453737"}

2018-06-20 07:03:12:参数:{"merchant_id":"6008005629","service":"query_status","third_order_id":"2018062007025453737","nonce_str":"RPGKR2OPT42E29X1Y91LWMT5JCM68C77","sign":"CCDDF820CEC629EAD932065E45D13C2A"}

2018-06-20 07:03:18:继续查询:{"resp_code":"0","amount":"919","leshua_order_id":"1806200702571385","merchant_id":"6008005629","nonce_str":"CM8M2GN7SHBUC8OUK457EQ98XMR05DCY","pay_way":"WXZF","result_code":"0","sign":"E7AC3B89606ED1FEF1453492368D3CE3","status":"0","third_order_id":"2018062007025453737"}

2018-06-20 07:03:18:参数:{"merchant_id":"6008005629","service":"query_status","third_order_id":"2018062007025453737","nonce_str":"WSCVGSJB0ZYA1BAPW1E09R65XAU2EF88","sign":"13C9D364C127F145AF53E02B60F54D45"}

2018-06-20 07:03:23:继续查询:{"resp_code":"0","amount":"919","leshua_order_id":"1806200702571385","merchant_id":"6008005629","nonce_str":"5CEX5HI7JF8007LOSABC2ANLXE7YHV7B","pay_way":"WXZF","result_code":"0","sign":"70F87A17D91546FDF4D3CECDC55E8558","status":"0","third_order_id":"2018062007025453737"}

2018-06-20 07:03:23:参数:{"merchant_id":"6008005629","service":"query_status","third_order_id":"2018062007025453737","nonce_str":"8HI6UZTMCM92X1P1WJTM10BG1J0RWLM9","sign":"23A8CEF4197D8AD026EF400B70B66E30"}

2018-06-20 07:03:29:继续查询:{"resp_code":"0","amount":"919","leshua_order_id":"1806200702571385","merchant_id":"6008005629","nonce_str":"3IH0UGE6OVBSMA9MJ274YI6UF2R4O6K3","pay_way":"WXZF","result_code":"0","sign":"44CDA049E481DD952022A4E85ADFC5E3","status":"0","third_order_id":"2018062007025453737"}

2018-06-20 07:03:29:参数:{"merchant_id":"6008005629","service":"query_status","third_order_id":"2018062007025453737","nonce_str":"KX4VA13FTGK3YWF0X8R2FV0VS4EGDN2C","sign":"354012E12538BA611124FD73AFA22710"}

2018-06-20 07:52:50:参数:{"merchant_id":"6008005629","service":"query_status","third_order_id":"2018062007525051034","nonce_str":"YDQ4BZ4E9QFGSLOQ2K9BBK53FN18YATS","sign":"AC391467BE5C847C1C9EDCD1FF40F3A8"}

2018-06-20 07:52:56:继续查询:{"resp_code":"0","amount":"730","leshua_order_id":"1806200752579942","merchant_id":"6008005629","nonce_str":"Q47EERODHDWMZ1JADTD5IATAQ9IZUPVC","pay_way":"ZFBZF","result_code":"0","sign":"8821604E384B3EA98C067D0710A1610B","status":"0","third_order_id":"2018062007525051034"}

2018-06-20 07:52:56:参数:{"merchant_id":"6008005629","service":"query_status","third_order_id":"2018062007525051034","nonce_str":"OOHSHCLPKYON4JWUGUZMXHEBW11SXKNU","sign":"E0209FB27270D1FB3DE80FF8FDEFC68B"}

2018-06-20 07:53:01:继续查询:{"resp_code":"0","amount":"730","leshua_order_id":"1806200752579942","merchant_id":"6008005629","nonce_str":"HGLDM7DWAL0K2HXX78OFYIG4BXXRP4QD","pay_way":"ZFBZF","result_code":"0","sign":"3A2E071446ADF5621728FCBBBFA52E88","status":"0","third_order_id":"2018062007525051034"}

2018-06-20 07:53:01:参数:{"merchant_id":"6008005629","service":"query_status","third_order_id":"2018062007525051034","nonce_str":"5IZ4KP5IXYHKQ63PLBGOYH5CD0NJJL7L","sign":"EA7CC993722CB453AB41F30351E7AB4A"}

2018-06-20 07:53:06:继续查询:{"resp_code":"0","amount":"730","leshua_order_id":"1806200752579942","merchant_id":"6008005629","nonce_str":"JRAUNYQ105803OFI8C0GVAK18ADR2RZM","pay_way":"ZFBZF","result_code":"0","sign":"B55BE4F3C1C9CA63A6D6EB84ECBE3347","status":"0","third_order_id":"2018062007525051034"}

2018-06-20 07:53:06:参数:{"merchant_id":"6008005629","service":"query_status","third_order_id":"2018062007525051034","nonce_str":"XBXUNBQCXD5633EJ8DD3MWFMBXU6EF68","sign":"0CF9C669B214727DC69C2DAB965D78C0"}

2018-06-20 07:53:12:继续查询:{"resp_code":"0","amount":"730","leshua_order_id":"1806200752579942","merchant_id":"6008005629","nonce_str":"N5W9DUKRTRIYYYHHMZZWOSGH6F9VLUKJ","pay_way":"ZFBZF","result_code":"0","sign":"89A22B8182F23A33D77A37A1849D7E6C","status":"0","third_order_id":"2018062007525051034"}

2018-06-20 07:53:12:参数:{"merchant_id":"6008005629","service":"query_status","third_order_id":"2018062007525051034","nonce_str":"EYGXGH5NXRVAZZKARRPFBCWRIGFLR02Q","sign":"6F0CB5AADA5EDC39B7E9C8F3B7DBC2E8"}

2018-06-20 07:53:17:继续查询:{"resp_code":"0","amount":"730","leshua_order_id":"1806200752579942","merchant_id":"6008005629","nonce_str":"1H386IGI5UNL97BWQTZ9T0S0XB4PBX20","pay_way":"ZFBZF","result_code":"0","sign":"2091EB87D6EE3A1BE044FF37A00F5CC1","status":"0","third_order_id":"2018062007525051034"}

2018-06-20 07:53:17:参数:{"merchant_id":"6008005629","service":"query_status","third_order_id":"2018062007525051034","nonce_str":"F6WKXEOMOQI6AHZLOJ60BUEJSHUA7DMH","sign":"639FCB739088921F5420EA269AA4820A"}

2018-06-20 07:53:18:支付成功:{"resp_code":"0","amount":"730","attach":[],"bank_type":"DEBIT_CARD","channel_datetime":[],"channel_order_id":[],"goods_tag":[],"leshua_order_id":"1806200752579942","merchant_id":"6008005629","nonce_str":"6O0ZSUHAQBSE6AGS1T3ZLH81EH0D9ZDT","openid":"2088522730949979","out_transaction_id":"2018062021001004970516764494","pay_time":"2018-06-20 07:53:15","pay_way":"ZFBZF","result_code":"0","sign":"8F85A1EFCE9FAE06D900167C5F621540","status":"2","sub_openid":[],"third_order_id":"2018062007525051034","trade_type":[]}

2018-06-20 08:43:24:参数:{"merchant_id":"6008005629","service":"query_status","third_order_id":"2018062008432395427","nonce_str":"OK57LXH817YPPKD31UVS7778PSGLHOXV","sign":"97B2878B18775B4DA34320F4A69A38D7"}

2018-06-20 08:43:29:继续查询:{"resp_code":"0","amount":"5920","leshua_order_id":"1806200843202676","merchant_id":"6008005629","nonce_str":"3RPEGGEOG6E5RUDXVUFS8GC53E0CTVAU","pay_way":"WXZF","result_code":"0","sign":"1B256D07967021091450BFC2D94E2E93","status":"0","third_order_id":"2018062008432395427"}

2018-06-20 08:43:29:参数:{"merchant_id":"6008005629","service":"query_status","third_order_id":"2018062008432395427","nonce_str":"F9PSPXNLMOXNMY31JVBKL059XQLM63PC","sign":"07748E06ED927113FB9C3D8DD24C2958"}

2018-06-20 08:43:35:继续查询:{"resp_code":"0","amount":"5920","leshua_order_id":"1806200843202676","merchant_id":"6008005629","nonce_str":"DMBWJDWSYEHL3613ILVMVCZFR9UJ72Z6","pay_way":"WXZF","result_code":"0","sign":"04A980CED4469D0E812BB38B2BB1A561","status":"0","third_order_id":"2018062008432395427"}

2018-06-20 08:43:35:参数:{"merchant_id":"6008005629","service":"query_status","third_order_id":"2018062008432395427","nonce_str":"ZPPNQMZN63WORDUD0EJQVCFD47547UEB","sign":"A47193ABB7298A639BBBB05DC376A87C"}

2018-06-20 08:43:40:继续查询:{"resp_code":"0","amount":"5920","leshua_order_id":"1806200843202676","merchant_id":"6008005629","nonce_str":"76EKPKW9NQR154H5HQ8RBBT9573GX275","pay_way":"WXZF","result_code":"0","sign":"6EC9F57A96E5F20BD979405ADCCCF253","status":"0","third_order_id":"2018062008432395427"}

2018-06-20 08:43:40:参数:{"merchant_id":"6008005629","service":"query_status","third_order_id":"2018062008432395427","nonce_str":"1L6S51SE7VE817A0ADOFG6NHJ6U0N1CZ","sign":"BE8D450F83ACD7E04426FCB617B39534"}

2018-06-20 08:43:46:继续查询:{"resp_code":"0","amount":"5920","leshua_order_id":"1806200843202676","merchant_id":"6008005629","nonce_str":"HYUTIB08BRJ6C802T20I8ADGGNKVM6ZP","pay_way":"WXZF","result_code":"0","sign":"93DE8D8AE0E37F1EEDB21E0C33943F06","status":"0","third_order_id":"2018062008432395427"}

2018-06-20 08:43:46:参数:{"merchant_id":"6008005629","service":"query_status","third_order_id":"2018062008432395427","nonce_str":"KZ6AK2CNNFMNK5QOXEPQXOC76JB1H3NC","sign":"0F91819CEF7D1B13CCC5A13DDE7FAE78"}

2018-06-20 08:43:51:继续查询:{"resp_code":"0","amount":"5920","leshua_order_id":"1806200843202676","merchant_id":"6008005629","nonce_str":"W09Z1FU2Y6NA9TYIGWP4G88A9F1LLFYI","pay_way":"WXZF","result_code":"0","sign":"DCEA96B0A19EFFBC15F3D06290DD037D","status":"0","third_order_id":"2018062008432395427"}

2018-06-20 08:43:51:参数:{"merchant_id":"6008005629","service":"query_status","third_order_id":"2018062008432395427","nonce_str":"EM71A55C2JQMOZPB1YGNZCQN1TABU951","sign":"837C3280F3549A31A0E7C084946F4CD1"}

2018-06-20 08:43:56:继续查询:{"resp_code":"0","amount":"5920","leshua_order_id":"1806200843202676","merchant_id":"6008005629","nonce_str":"7UL4W5RUXAS2BQGRC5AHXVVGL5PJDR2L","pay_way":"WXZF","result_code":"0","sign":"8098578E55BAB5DE160FB1457C44006E","status":"0","third_order_id":"2018062008432395427"}

2018-06-20 08:43:57:参数:{"merchant_id":"6008005629","service":"query_status","third_order_id":"2018062008432395427","nonce_str":"E41VZGYZV1C5QTEDL8UUJH9ZU8RABM5V","sign":"F97D461837BB8A03F15AEB959A4A5760"}

2018-06-20 09:00:54:参数:{"merchant_id":"6008005629","service":"query_status","third_order_id":"2018062009005255135","nonce_str":"S5M81HPGU17DUYIILDOSEIX5I7ZVNXTH","sign":"2F20BAB11BCEA6708B95BBD9DEB0D654"}

2018-06-20 09:00:59:继续查询:{"resp_code":"0","amount":"3550","leshua_order_id":"1806200900578788","merchant_id":"6008005629","nonce_str":"RJ0JH65TJUAJ8GO7AQQOZZO3WYUQVNW2","pay_way":"WXZF","result_code":"0","sign":"F23297FAF95E0F99DF0A66749E304620","status":"0","third_order_id":"2018062009005255135"}

2018-06-20 09:00:59:参数:{"merchant_id":"6008005629","service":"query_status","third_order_id":"2018062009005255135","nonce_str":"69SSSLLPIT81SXSBU6UJRXKRNOJ4NNLV","sign":"296298DA0FCB4A63AFD5BD64632C8100"}

2018-06-20 09:01:05:继续查询:{"resp_code":"0","amount":"3550","leshua_order_id":"1806200900578788","merchant_id":"6008005629","nonce_str":"EORWKMP1JZX9YZC956JIEJ5MAN5M3GGW","pay_way":"WXZF","result_code":"0","sign":"451D07C9303CE66F4B9998DC76A77F1E","status":"0","third_order_id":"2018062009005255135"}

2018-06-20 09:01:05:参数:{"merchant_id":"6008005629","service":"query_status","third_order_id":"2018062009005255135","nonce_str":"UHRLGHFA90JFURA2619Y2IBAY9CFKTD8","sign":"BDEBC6C43FD9E3C79E07472233ABB424"}

2018-06-20 09:01:05:支付成功:{"resp_code":"0","amount":"3550","bank_type":"CFT","leshua_order_id":"1806200900578788","merchant_id":"6008005629","nonce_str":"CTKRRMKI91O8K71PADMEWO77VHFLEQ3W","openid":"o8uJ6uGg31VfhpQljF4TcLiAqLho","out_transaction_id":"4200000135201806202582845527","pay_time":"2018-06-20 09:01:05","pay_way":"WXZF","result_code":"0","sign":"6D550E652B8AF6A5A2D7686FDD19088D","status":"2","third_order_id":"2018062009005255135"}

2018-06-20 10:13:49:参数:{"merchant_id":"6008005629","service":"query_status","third_order_id":"2018062010134722409","nonce_str":"TZXZ10EGCIM86D02XP659XTYBA2AMUG7","sign":"841735691BE806BDEFB508E9ADC8CA52"}

2018-06-20 10:13:49:支付失败:{"resp_code":"0","amount":"1850","leshua_order_id":"1806201013408636","merchant_id":"6008005629","nonce_str":"X3Q0BI6FZ6YWCXTRSTQRJ49VP6TG89FX","pay_way":"WXZF","result_code":"0","sign":"DD46C6B9A35C0A034EC7BCDF557E420F","status":"8","third_order_id":"2018062010134722409"}

2018-06-20 10:14:26:参数:{"merchant_id":"6008005629","service":"query_status","third_order_id":"2018062010142447347","nonce_str":"57CY2QV9T33JWND8Y3R6N3NOHAGTKXOI","sign":"3AFFC0EB5050D53E1B931EEA56DEBC6B"}

2018-06-20 10:14:31:继续查询:{"resp_code":"0","amount":"1850","leshua_order_id":"1806201014238156","merchant_id":"6008005629","nonce_str":"CU3W2UF6QRAAB65APD9L5QMEX16MFXPL","pay_way":"WXZF","result_code":"0","sign":"533AC7B1B420589A1C70FB583CDC6290","status":"0","third_order_id":"2018062010142447347"}

2018-06-20 10:14:31:参数:{"merchant_id":"6008005629","service":"query_status","third_order_id":"2018062010142447347","nonce_str":"1ANJ593ZZGS2CBQN62WGJ2FL9OC1P20C","sign":"185E01F88502B25544C84FAE169C5370"}

2018-06-20 10:14:36:继续查询:{"resp_code":"0","amount":"1850","leshua_order_id":"1806201014238156","merchant_id":"6008005629","nonce_str":"S2PZ25VFPRJCJUWC2DWIMUNK3UEI4L7E","pay_way":"WXZF","result_code":"0","sign":"13BB3B13CBEE3B980B9EEF6484ECB26E","status":"0","third_order_id":"2018062010142447347"}

2018-06-20 10:14:36:参数:{"merchant_id":"6008005629","service":"query_status","third_order_id":"2018062010142447347","nonce_str":"GVSAUSNPATNM8W2124LC9E1ABGTX4L1J","sign":"9E373CC99232EF2FCB98766F048EC1AE"}

2018-06-20 10:14:42:继续查询:{"resp_code":"0","amount":"1850","leshua_order_id":"1806201014238156","merchant_id":"6008005629","nonce_str":"KB66KUF52KALL95PUPLAPJS3CFNSMYPL","pay_way":"WXZF","result_code":"0","sign":"95FEAB14A6505399FCB34B699B0A3427","status":"0","third_order_id":"2018062010142447347"}

2018-06-20 10:14:42:参数:{"merchant_id":"6008005629","service":"query_status","third_order_id":"2018062010142447347","nonce_str":"YABXLFMVBC5HM8GT9NHMWOPP0KJDZ2N0","sign":"C572404B5FB5F47161EC04A611D0FA23"}

2018-06-20 10:14:48:继续查询:{"resp_code":"0","amount":"1850","leshua_order_id":"1806201014238156","merchant_id":"6008005629","nonce_str":"6LOP71VL7C3KQDQCGRR4SMN0IPFND7KL","pay_way":"WXZF","result_code":"0","sign":"9C2287BEC3040C58E394EED05EE29E31","status":"0","third_order_id":"2018062010142447347"}

2018-06-20 10:14:48:参数:{"merchant_id":"6008005629","service":"query_status","third_order_id":"2018062010142447347","nonce_str":"JDR3MSNKARUC5FH6F6NIAJTBV5QJVWR1","sign":"3A26532323E3AFC1429F8F8483DA6054"}

2018-06-20 10:14:53:继续查询:{"resp_code":"0","amount":"1850","leshua_order_id":"1806201014238156","merchant_id":"6008005629","nonce_str":"4G2YFQHZGVM19KBTKERU9XNSUP04D1G9","pay_way":"WXZF","result_code":"0","sign":"E5519AE2984C5387E481A2DDCA5C7346","status":"0","third_order_id":"2018062010142447347"}

2018-06-20 10:14:53:参数:{"merchant_id":"6008005629","service":"query_status","third_order_id":"2018062010142447347","nonce_str":"BO5V5RR3POBTV3ZY8JSPKFBDTJZHLNW0","sign":"18FFA08FF81FE117E5040F2F49CEE60E"}

2018-06-20 10:14:59:继续查询:{"resp_code":"0","amount":"1850","leshua_order_id":"1806201014238156","merchant_id":"6008005629","nonce_str":"J9HW2SMPKPIDRRE9E70EFGPHMIQNK1GW","pay_way":"WXZF","result_code":"0","sign":"295EE9AF9E3C8CD89AB1C3BBE7058F36","status":"0","third_order_id":"2018062010142447347"}

2018-06-20 10:14:59:参数:{"merchant_id":"6008005629","service":"query_status","third_order_id":"2018062010142447347","nonce_str":"G932V6IUE6HXM5A660UR56W334TUV014","sign":"C4EEAC0FCA2AAA235E67C0362D42463F"}

2018-06-20 10:18:12:参数:{"merchant_id":"6008005629","service":"query_status","third_order_id":"2018062010181131511","nonce_str":"EB6CF11AT8H4P71P7CUTBS8IVYK7V1IT","sign":"CA441C951E7CFAE09544D0F93D54F657"}

2018-06-20 10:18:17:继续查询:{"resp_code":"0","amount":"300","leshua_order_id":"1806201018100066","merchant_id":"6008005629","nonce_str":"OQHBQM6SD7DWPAF2D7455TTSG2SZH17U","pay_way":"WXZF","result_code":"0","sign":"40D55195606CE3CBD611C1F7557213AD","status":"0","third_order_id":"2018062010181131511"}

2018-06-20 10:18:17:参数:{"merchant_id":"6008005629","service":"query_status","third_order_id":"2018062010181131511","nonce_str":"BVF10GKZHU5PZXF6U9NCIYO8GTV49DQM","sign":"AA020BAFC648119A51A5D858802297A6"}

2018-06-20 10:18:23:继续查询:{"resp_code":"0","amount":"300","leshua_order_id":"1806201018100066","merchant_id":"6008005629","nonce_str":"2FU3BK39N31VKCGYVEVF2UVH3Q84IM8M","pay_way":"WXZF","result_code":"0","sign":"07EA7EB7A8AF975F526B1F4313097E7B","status":"0","third_order_id":"2018062010181131511"}

2018-06-20 10:18:23:参数:{"merchant_id":"6008005629","service":"query_status","third_order_id":"2018062010181131511","nonce_str":"T1O9YRWH6QAHQJIJJ0DYU01E0GU03DE2","sign":"AD88F9669433D9435B48C64D18C2F3BE"}

2018-06-20 10:18:28:继续查询:{"resp_code":"0","amount":"300","leshua_order_id":"1806201018100066","merchant_id":"6008005629","nonce_str":"6ACOONFT6I7MTXZFT31JDCQQ7VKJAQ91","pay_way":"WXZF","result_code":"0","sign":"575D72FB6ACF49D74D09CA86CFE39A36","status":"0","third_order_id":"2018062010181131511"}

2018-06-20 10:18:28:参数:{"merchant_id":"6008005629","service":"query_status","third_order_id":"2018062010181131511","nonce_str":"EME76EWHDMWBH02IBEA6SD1RU225SIP9","sign":"3BA9AD86F775A7D5A6DE01D1EF1E6013"}

2018-06-20 10:18:34:继续查询:{"resp_code":"0","amount":"300","leshua_order_id":"1806201018100066","merchant_id":"6008005629","nonce_str":"T7D73BINBD10IN02NV7JD91ZD7LRDG0Z","pay_way":"WXZF","result_code":"0","sign":"8001C1C5BDB92510BF21DC35009DEBD9","status":"0","third_order_id":"2018062010181131511"}

2018-06-20 10:18:34:参数:{"merchant_id":"6008005629","service":"query_status","third_order_id":"2018062010181131511","nonce_str":"OBAR4RQRDPCNQ1FP3LRQ7NYL6FD4FV69","sign":"092BF299E7DEA0C3AEFF70FA9A72E1FF"}

2018-06-20 10:18:39:继续查询:{"resp_code":"0","amount":"300","leshua_order_id":"1806201018100066","merchant_id":"6008005629","nonce_str":"V36215U6IGOCYCMG2P0NGX20739ZNE4N","pay_way":"WXZF","result_code":"0","sign":"9E775D7D3073B32B3B1CC3B2BFD46208","status":"0","third_order_id":"2018062010181131511"}

2018-06-20 10:18:39:参数:{"merchant_id":"6008005629","service":"query_status","third_order_id":"2018062010181131511","nonce_str":"B0WLP7CFPUV85J2UFWZOL3QT0BWRVX0T","sign":"58CF7F574E0370BC8FC67F6A7AB561B2"}

2018-06-20 10:18:45:继续查询:{"resp_code":"0","amount":"300","leshua_order_id":"1806201018100066","merchant_id":"6008005629","nonce_str":"HJCPODWA5ADJ96701ZKW8SG0INLX16VH","pay_way":"WXZF","result_code":"0","sign":"9481EDFF3F5A357D22F78CB4866B6EE0","status":"0","third_order_id":"2018062010181131511"}

2018-06-20 10:18:45:参数:{"merchant_id":"6008005629","service":"query_status","third_order_id":"2018062010181131511","nonce_str":"H0EWZ1OV3RR9VJ3QSUQI8AYAS8HUEU8D","sign":"0A401B85F23052103E658977D362937C"}

2018-06-20 12:05:37:参数:{"merchant_id":"6008005629","service":"query_status","third_order_id":"2018062012053566298","nonce_str":"DUACA8V1LUM6JYY9S0EKES2NZELNR2U6","sign":"7E5801BC5CDC07A6CD86B86DADE22CE9"}

2018-06-20 12:05:43:继续查询:{"resp_code":"0","amount":"509","leshua_order_id":"1806201205331371","merchant_id":"6008005629","nonce_str":"724KJ7L04CP9Z0OQYZAA71NOH5YO3FZ3","pay_way":"WXZF","result_code":"0","sign":"4EBAFF90D7573EA67E7D66FA1FFC3A3E","status":"0","third_order_id":"2018062012053566298"}

2018-06-20 12:05:43:参数:{"merchant_id":"6008005629","service":"query_status","third_order_id":"2018062012053566298","nonce_str":"XGR8KDQQHY7V2N99Q6L3HAIS04UCVMAI","sign":"4C57DEA055F66911C68B0545EA3CECDC"}

2018-06-20 12:05:49:继续查询:{"resp_code":"0","amount":"509","leshua_order_id":"1806201205331371","merchant_id":"6008005629","nonce_str":"EBF1VBKLKTZ5SGWW152CLYL60I713KQT","pay_way":"WXZF","result_code":"0","sign":"B7E8062293C2CCE18EFF53D67E69BBF2","status":"0","third_order_id":"2018062012053566298"}

2018-06-20 12:05:49:参数:{"merchant_id":"6008005629","service":"query_status","third_order_id":"2018062012053566298","nonce_str":"NYMOKSFR097OZYBYUYPO3JJ4NHW159EU","sign":"A72FA4948CB86670E4F1EDAD340C9761"}

2018-06-20 12:05:54:继续查询:{"resp_code":"0","amount":"509","leshua_order_id":"1806201205331371","merchant_id":"6008005629","nonce_str":"L1P5XNEVQPJXUT3VEJC21XO15UN6IP76","pay_way":"WXZF","result_code":"0","sign":"D899DC46E56D098CC5D8053CB11BBD16","status":"0","third_order_id":"2018062012053566298"}

2018-06-20 12:05:54:参数:{"merchant_id":"6008005629","service":"query_status","third_order_id":"2018062012053566298","nonce_str":"X5QQHWNTNG5MTV9P9H19J48ZSDJEIEM1","sign":"97A4F4B759CDD09C4F0C3AE6458BED19"}

2018-06-20 12:06:00:继续查询:{"resp_code":"0","amount":"509","leshua_order_id":"1806201205331371","merchant_id":"6008005629","nonce_str":"DZNJHFI4JW9A85ZPTDAAI6NY7EDMBKH9","pay_way":"WXZF","result_code":"0","sign":"2CA7670F455C81B528CD1A0EEA1C9A02","status":"0","third_order_id":"2018062012053566298"}

2018-06-20 12:06:00:参数:{"merchant_id":"6008005629","service":"query_status","third_order_id":"2018062012053566298","nonce_str":"6IESPUBAGTVKG9R7K816RTUDZRMUOCE9","sign":"2F926A033B3BB44725740217FC19BDA8"}

2018-06-20 12:06:05:继续查询:{"resp_code":"0","amount":"509","leshua_order_id":"1806201205331371","merchant_id":"6008005629","nonce_str":"RDYKEB0FV9DR57PKE3NS93RU8HWAGQDU","pay_way":"WXZF","result_code":"0","sign":"F65C63C6AB9BCDFFF21176BCA06B0259","status":"0","third_order_id":"2018062012053566298"}

2018-06-20 12:06:05:参数:{"merchant_id":"6008005629","service":"query_status","third_order_id":"2018062012053566298","nonce_str":"WY13R6HGQGUYBF83HKC4RFPSQK7NWSB9","sign":"DF8BD00174F575C41665B8AD379EA65C"}

2018-06-20 12:06:11:继续查询:{"resp_code":"0","amount":"509","leshua_order_id":"1806201205331371","merchant_id":"6008005629","nonce_str":"80PDMIFSJ561PQZAQQLYD21LN7KKEMZ8","pay_way":"WXZF","result_code":"0","sign":"842568D33D949E1CEB16A5BABF456F47","status":"0","third_order_id":"2018062012053566298"}

2018-06-20 12:06:11:参数:{"merchant_id":"6008005629","service":"query_status","third_order_id":"2018062012053566298","nonce_str":"J4FC0Q43Y1U47CLUXTYGMG5K65PS2EW5","sign":"F70CFC376BB6015565C64754DDCE1854"}

2018-06-20 12:12:01:参数:{"merchant_id":"6008005629","service":"query_status","third_order_id":"2018062012115818447","nonce_str":"KHUOP230SZVPRTHHGEPR5B32S2VTX73O","sign":"F56EECE080B393481A950C6C7BC87AE2"}

2018-06-20 12:12:06:继续查询:{"resp_code":"0","amount":"340","leshua_order_id":"1806201211574462","merchant_id":"6008005629","nonce_str":"SK36RSI1FCNTHYQ6GA14KFI8FNQB3TGT","pay_way":"ZFBZF","result_code":"0","sign":"233AF64316CEE0128E7D92B211818BCD","status":"0","third_order_id":"2018062012115818447"}

2018-06-20 12:12:06:参数:{"merchant_id":"6008005629","service":"query_status","third_order_id":"2018062012115818447","nonce_str":"25J42VB2PLPLL8GDYDYHYZ7MK6U1VWN3","sign":"10C2233CE189D25F93B9E7019F3349FE"}

2018-06-20 12:12:12:继续查询:{"resp_code":"0","amount":"340","leshua_order_id":"1806201211574462","merchant_id":"6008005629","nonce_str":"99F9Q4J8WT18TMFY8ODRL9GALDRNVGTL","pay_way":"ZFBZF","result_code":"0","sign":"8D78FF75BB69EB4A367CED447DC3CD41","status":"0","third_order_id":"2018062012115818447"}

2018-06-20 12:12:12:参数:{"merchant_id":"6008005629","service":"query_status","third_order_id":"2018062012115818447","nonce_str":"1DN08L2UQP1MHMMHLKB2OUYNJ81W14B7","sign":"61F40E0AA14190464A439B72DD63FFCB"}

2018-06-20 12:12:18:继续查询:{"resp_code":"0","amount":"340","leshua_order_id":"1806201211574462","merchant_id":"6008005629","nonce_str":"X2ZZFTVYDYOJA1HNP11L9DG9901I4K3N","pay_way":"ZFBZF","result_code":"0","sign":"55B071604424C4A542F95220ECCA83BA","status":"0","third_order_id":"2018062012115818447"}

2018-06-20 12:12:18:参数:{"merchant_id":"6008005629","service":"query_status","third_order_id":"2018062012115818447","nonce_str":"9OIH4NJGMIR7JBYRPV23SEDSZDOJW5NY","sign":"959A39919DFA05A58654FC69042CB5C8"}

2018-06-20 12:12:18:支付成功:{"resp_code":"0","amount":"340","bank_type":"DEBIT_CARD","leshua_order_id":"1806201211574462","merchant_id":"6008005629","nonce_str":"OOK54S015AJ8JX02L9EFED5OS6GTI2WQ","openid":"2088612025887904","out_transaction_id":"2018062021001004900516345327","pay_time":"2018-06-20 12:12:18","pay_way":"ZFBZF","result_code":"0","sign":"B082D43B7B8FB11511AFA58C76328806","status":"2","third_order_id":"2018062012115818447"}

2018-06-20 13:58:37:参数:{"merchant_id":"6008005629","service":"query_status","third_order_id":"2018062013583561620","nonce_str":"IQRZH3ID6KJKCZ1VFDUGF892135Y1N6Y","sign":"81572AABE7029DEB98DC6B08EBA27C28"}

2018-06-20 13:58:42:继续查询:{"resp_code":"0","amount":"4230","leshua_order_id":"1806201358328015","merchant_id":"6008005629","nonce_str":"M0THXH2TF2G7L2KCG5G2MQQMP3XIX40I","pay_way":"WXZF","result_code":"0","sign":"AE2F176E922C5E136924B4A18A99E479","status":"0","third_order_id":"2018062013583561620"}

2018-06-20 13:58:42:参数:{"merchant_id":"6008005629","service":"query_status","third_order_id":"2018062013583561620","nonce_str":"RD792N1G2SE9ER6S2SU97H8EC0A8NSQ0","sign":"9035D1958EBD737E1C8BB7CC73AD38FE"}

2018-06-20 13:58:48:继续查询:{"resp_code":"0","amount":"4230","leshua_order_id":"1806201358328015","merchant_id":"6008005629","nonce_str":"7OHA5CWQYSHGB8QVNMG3FDY12F2Y0QX2","pay_way":"WXZF","result_code":"0","sign":"532DA5C2C45C089763BC85D8E6E8C30F","status":"0","third_order_id":"2018062013583561620"}

2018-06-20 13:58:48:参数:{"merchant_id":"6008005629","service":"query_status","third_order_id":"2018062013583561620","nonce_str":"2GTJPMKHRE7EK3I4Y0JW8C2O5EJ4YDWJ","sign":"523E835F1BDF874BA706F5DF8B00DC3F"}

2018-06-20 13:58:48:支付成功:{"resp_code":"0","amount":"4230","bank_type":"CFT","leshua_order_id":"1806201358328015","merchant_id":"6008005629","nonce_str":"RVFE98RLV4Z77W9EQ1MK5GV2J5244JD3","openid":"o8uJ6uKP00QQxKKF_2tClqxkTRH4","out_transaction_id":"4200000132201806201081065248","pay_time":"2018-06-20 13:58:48","pay_way":"WXZF","result_code":"0","sign":"42376687B55EB090AE885E7BE356FE24","status":"2","third_order_id":"2018062013583561620"}

2018-06-20 13:59:05:参数:{"merchant_id":"6008005629","service":"query_status","third_order_id":"2018062013590316573","nonce_str":"QLEG2EJ2CHVR6GVJ59U9BT76EZBADPN2","sign":"51F6BE4435A67B360120EA2BED2DDA72"}

2018-06-20 13:59:10:继续查询:{"resp_code":"0","amount":"1500","leshua_order_id":"1806201359074207","merchant_id":"6008005629","nonce_str":"JBYCGDMFNR0AMNR62W4JZU8O4S4RHGPW","pay_way":"WXZF","result_code":"0","sign":"6A84408160C896F37682D74FA15ED148","status":"0","third_order_id":"2018062013590316573"}

2018-06-20 13:59:10:参数:{"merchant_id":"6008005629","service":"query_status","third_order_id":"2018062013590316573","nonce_str":"MNF271VWQKTJ2QHBM6IAXUMS0NBJ6U8U","sign":"61AF0F5A84866FD9B7280E86BCCCCDE9"}

2018-06-20 13:59:16:继续查询:{"resp_code":"0","amount":"1500","leshua_order_id":"1806201359074207","merchant_id":"6008005629","nonce_str":"1L5YAAXCUP1WQJKUAE18FTGGXHTJN9ST","pay_way":"WXZF","result_code":"0","sign":"6E5BF5D00A0FDF75854EC683F441377F","status":"0","third_order_id":"2018062013590316573"}

2018-06-20 13:59:16:参数:{"merchant_id":"6008005629","service":"query_status","third_order_id":"2018062013590316573","nonce_str":"5UGUKU9DAUU0SVIPCPS1S33RTXF76DFS","sign":"DE6506966E1DEB351A5E871D3CB44B12"}

2018-06-20 13:59:17:支付成功:{"resp_code":"0","amount":"1500","bank_type":"CFT","leshua_order_id":"1806201359074207","merchant_id":"6008005629","nonce_str":"PEPKHH2DUTPGZO0HRZQ1RED0BLNY2AA5","openid":"o8uJ6uKP00QQxKKF_2tClqxkTRH4","out_transaction_id":"4200000123201806201398828383","pay_time":"2018-06-20 13:59:16","pay_way":"WXZF","result_code":"0","sign":"579714A999AC4C282E6AC5AA08947CC4","status":"2","third_order_id":"2018062013590316573"}

2018-06-20 15:07:35:参数:{"merchant_id":"6008005629","service":"query_status","third_order_id":"2018062015073421685","nonce_str":"CIZGLPABC3C18KVPF209HR99R6F9G1JL","sign":"A998A0B8E6626702F77D362B11D8123B"}

2018-06-20 15:07:41:继续查询:{"resp_code":"0","amount":"580","leshua_order_id":"1806201507328243","merchant_id":"6008005629","nonce_str":"JBB0IOV5IBQNI4MIUNNHJNIWO1L54IEO","pay_way":"WXZF","result_code":"0","sign":"E8BC92DDABCDDFC82EAA755AF429BBFD","status":"0","third_order_id":"2018062015073421685"}

2018-06-20 15:07:41:参数:{"merchant_id":"6008005629","service":"query_status","third_order_id":"2018062015073421685","nonce_str":"CNDORKPEH5HTPZ7ZDL8ZVTIP51ZZRWA7","sign":"0E862DAC203E605E223AF327228E166F"}

2018-06-20 15:07:46:继续查询:{"resp_code":"0","amount":"580","leshua_order_id":"1806201507328243","merchant_id":"6008005629","nonce_str":"DFIOEH7JAJO9BEDEZBR0LF43PK5JWL4S","pay_way":"WXZF","result_code":"0","sign":"DD9979D334091788A0076A2686E33D3B","status":"0","third_order_id":"2018062015073421685"}

2018-06-20 15:07:46:参数:{"merchant_id":"6008005629","service":"query_status","third_order_id":"2018062015073421685","nonce_str":"OQ48NJ34WKKLD0OSUXK91WU4MSITZ8A9","sign":"34F50D8F4F2D97865CF3124B7D9D41B8"}

2018-06-20 15:07:47:支付成功:{"resp_code":"0","amount":"580","bank_type":"CFT","leshua_order_id":"1806201507328243","merchant_id":"6008005629","nonce_str":"A5ALVXQPY4ARLRCOZ2N3LPDHLSJBV11F","openid":"o8uJ6uC54CHM1qHXNUO4JfiVnv2M","out_transaction_id":"4200000122201806205657337536","pay_time":"2018-06-20 15:07:46","pay_way":"WXZF","result_code":"0","sign":"9C51866003DE56E2CF9316E75B083E70","status":"2","third_order_id":"2018062015073421685"}

2018-06-20 16:33:32:参数:{"merchant_id":"6008005629","service":"query_status","third_order_id":"2018062016332967105","nonce_str":"5ECQV3UDBRDWK4RTLVN5KJJ0ZM35SYN3","sign":"BF421800C1F0F86A280B93ED68E0FB02"}

2018-06-20 16:33:32:支付失败:{"resp_code":"0","amount":"1410","leshua_order_id":"1806201633270096","merchant_id":"6008005629","nonce_str":"CQ7MPQAJE19E4RQUCQ33FRIBQ8DKYL8R","pay_way":"WXZF","result_code":"0","sign":"9E8BDAAF6A4F122AE16774A9E9255CAE","status":"8","third_order_id":"2018062016332967105"}

2018-06-20 16:33:52:参数:{"merchant_id":"6008005629","service":"query_status","third_order_id":"2018062016335016437","nonce_str":"2HP933QZ3CL5FI2WTY3YMG8CQFD6WBB5","sign":"064EEE27A920016E8ED584A8E81E32B3"}

2018-06-20 16:33:57:继续查询:{"resp_code":"0","amount":"1410","leshua_order_id":"1806201633520601","merchant_id":"6008005629","nonce_str":"4BZV3XYQTB8VXCSPUVJFOM8JDB9CCHJW","pay_way":"WXZF","result_code":"0","sign":"554A5E364413BFC46F033DE1872068F3","status":"0","third_order_id":"2018062016335016437"}

2018-06-20 16:33:57:参数:{"merchant_id":"6008005629","service":"query_status","third_order_id":"2018062016335016437","nonce_str":"SNJPYEV62OCSL5VOAJGIMA2E1B1FZ308","sign":"4B1EC53EA97C75F7A44D3DB392D3F755"}

2018-06-20 16:34:03:继续查询:{"resp_code":"0","amount":"1410","leshua_order_id":"1806201633520601","merchant_id":"6008005629","nonce_str":"FVEH1UKB7BX8I4SRPD3ADYFVJJHH5U70","pay_way":"WXZF","result_code":"0","sign":"CEEB3508CEF7CDE78CF161998EE19261","status":"0","third_order_id":"2018062016335016437"}

2018-06-20 16:34:03:参数:{"merchant_id":"6008005629","service":"query_status","third_order_id":"2018062016335016437","nonce_str":"5FMI8DCF0NGCEO0LIKVDPD2TFJD1TBPQ","sign":"9FC8522FF8069711D7379B6522D924C5"}

2018-06-20 16:34:08:继续查询:{"resp_code":"0","amount":"1410","leshua_order_id":"1806201633520601","merchant_id":"6008005629","nonce_str":"J2MVYRWGR9KFW2VRM9OOV6WEF3PG80N6","pay_way":"WXZF","result_code":"0","sign":"416D22DA02698D9CD563F053FC8C09C2","status":"0","third_order_id":"2018062016335016437"}

2018-06-20 16:34:08:参数:{"merchant_id":"6008005629","service":"query_status","third_order_id":"2018062016335016437","nonce_str":"0DV8UM4YUFA18VJUKF6M7TGXG32GTRSO","sign":"6068E0260E536A78D1970B9F08F18D01"}

2018-06-20 16:34:09:支付失败:{"resp_code":"0","amount":"1410","leshua_order_id":"1806201633520601","merchant_id":"6008005629","nonce_str":"NI89D5TJS9PVSU9MSW485IZ9WU7HRFCZ","pay_way":"WXZF","result_code":"0","sign":"B78B3AE81B4FAEBC0676B904217ABFDF","status":"8","third_order_id":"2018062016335016437"}

2018-06-20 17:11:01:参数:{"merchant_id":"6008005629","service":"query_status","third_order_id":"2018062017105941927","nonce_str":"T7RU77SR4EOJBXRVB8VGHWFLNLHAQUUF","sign":"E845949AD9BFE2714E891AD0817D8C6B"}

2018-06-20 17:11:07:继续查询:{"resp_code":"0","amount":"1850","leshua_order_id":"1806201710539388","merchant_id":"6008005629","nonce_str":"KNBC93235BPG2Z4ISF5HYJTW5LAUO10U","pay_way":"WXZF","result_code":"0","sign":"2FEA6474C2BDF33A4B4E6610DCF13A78","status":"0","third_order_id":"2018062017105941927"}

2018-06-20 17:11:07:参数:{"merchant_id":"6008005629","service":"query_status","third_order_id":"2018062017105941927","nonce_str":"GTVCT7ZZYIL18RDDVS42ECSBYJ2SYOVL","sign":"B244A60E708E9339B57FEA3B209721A4"}

2018-06-20 17:11:12:继续查询:{"resp_code":"0","amount":"1850","leshua_order_id":"1806201710539388","merchant_id":"6008005629","nonce_str":"YV3F03XNH2X12KG7SF0RKBCL4NM3AC07","pay_way":"WXZF","result_code":"0","sign":"927021D9A6F5594AFFB4D6623173304D","status":"0","third_order_id":"2018062017105941927"}

2018-06-20 17:11:12:参数:{"merchant_id":"6008005629","service":"query_status","third_order_id":"2018062017105941927","nonce_str":"V4SCKB8733W1PCLLXWPYCJHGWNV7RTQB","sign":"602F69A4A172FA5CB3387A154D27DE32"}

2018-06-20 17:11:18:继续查询:{"resp_code":"0","amount":"1850","leshua_order_id":"1806201710539388","merchant_id":"6008005629","nonce_str":"YUSFDUIGRW28XV6XNSBEY6QK47A6CPPR","pay_way":"WXZF","result_code":"0","sign":"0886FDDF1237D63084B706C7610C2A48","status":"0","third_order_id":"2018062017105941927"}

2018-06-20 17:11:18:参数:{"merchant_id":"6008005629","service":"query_status","third_order_id":"2018062017105941927","nonce_str":"INHUJC5JDUR7KYNW3DQ66O5S503E1B89","sign":"092EB67FB66749A5E2CAB1DC2CA42B55"}

2018-06-20 17:11:18:支付成功:{"resp_code":"0","amount":"1850","bank_type":"SZRCB_DEBIT","leshua_order_id":"1806201710539388","merchant_id":"6008005629","nonce_str":"NHGHE0C2BGLXVHS7LF5THRKE287ZS8SV","openid":"o8uJ6uF6QXKYELtFX8gl2i9AmyFI","out_transaction_id":"4200000116201806201902790344","pay_time":"2018-06-20 17:11:18","pay_way":"WXZF","result_code":"0","sign":"2E3E9C81871D55DDD70AD44BB7F3957C","status":"2","third_order_id":"2018062017105941927"}

2018-06-20 17:20:48:参数:{"merchant_id":"6008005629","service":"query_status","third_order_id":"2018062017204589885","nonce_str":"GC2E7UTATHEPOGZZ8HGMG58SLIX3PT1A","sign":"7A15F647F9B67552E5189D51C71BC833"}

2018-06-20 17:20:49:支付失败:{"resp_code":"0","amount":"3520","leshua_order_id":"1806201720423122","merchant_id":"6008005629","nonce_str":"HHIICH0EPUH1S6HW5T8JBHYRDR762H2M","pay_way":"WXZF","result_code":"0","sign":"B2EEBC6CA23360A8EE44E3F9EEA157E7","status":"8","third_order_id":"2018062017204589885"}

2018-06-20 17:58:36:参数:{"merchant_id":"6008005629","service":"query_status","third_order_id":"2018062017583473356","nonce_str":"AAD3GPZTIGQ2AKW6FFV53S9VJK8MR7PW","sign":"FE8716B0BAD297335E1FADC2CD90047A"}

2018-06-20 17:58:37:支付失败:{"resp_code":"0","amount":"1000","leshua_order_id":"1806201758334421","merchant_id":"6008005629","nonce_str":"RDV91A203II8DVURBA41G9WUQA0LV9U5","pay_way":"WXZF","result_code":"0","sign":"06724DF83D3F837B20E677B1276D9FF9","status":"8","third_order_id":"2018062017583473356"}

2018-06-20 17:58:40:参数:{"merchant_id":"6008005629","service":"query_status","third_order_id":"2018062017584038396","nonce_str":"Z2CP8PEZE6XFLJR22IR4Q31C1JPWMAF0","sign":"F17E0A8AF7A50D32ED0D80FE4DA6227C"}

2018-06-20 17:58:46:继续查询:{"resp_code":"0","amount":"1000","leshua_order_id":"1806201758434526","merchant_id":"6008005629","nonce_str":"6ZDY2UJJOY1675HRNVVGUQ3O1LGOJUAB","pay_way":"WXZF","result_code":"0","sign":"906A1F07C461E8CABD172A03B03C5647","status":"0","third_order_id":"2018062017584038396"}

2018-06-20 17:58:46:参数:{"merchant_id":"6008005629","service":"query_status","third_order_id":"2018062017584038396","nonce_str":"DD3186LEJNU73IEDKGMYD15WECDNJ553","sign":"998330C447212740709AD2A9A89E956C"}

2018-06-20 17:58:51:继续查询:{"resp_code":"0","amount":"1000","leshua_order_id":"1806201758434526","merchant_id":"6008005629","nonce_str":"2ED1SNWRAPGBO2QWVZA6D7RPD6HSYMIX","pay_way":"WXZF","result_code":"0","sign":"C982CE1E146AA604DE33AC42F1502D45","status":"0","third_order_id":"2018062017584038396"}

2018-06-20 17:58:51:参数:{"merchant_id":"6008005629","service":"query_status","third_order_id":"2018062017584038396","nonce_str":"MSRWI9T69OT7O0HR3DLVY0TLCYCPEI50","sign":"A50A6E67C5B500FBDC2885ADA38E5D51"}

2018-06-20 17:58:57:继续查询:{"resp_code":"0","amount":"1000","leshua_order_id":"1806201758434526","merchant_id":"6008005629","nonce_str":"7HRH435SC1Z8XVI3NQ99OXP7QPTIYY8F","pay_way":"WXZF","result_code":"0","sign":"191AE2BB84D82D1AF882E506626F161D","status":"0","third_order_id":"2018062017584038396"}

2018-06-20 17:58:57:参数:{"merchant_id":"6008005629","service":"query_status","third_order_id":"2018062017584038396","nonce_str":"5RSTZEHGK2MD7PUYGPESO1KFXUTMCS3S","sign":"7552579A4CF9FC951EA2C813264D8BEF"}

2018-06-20 17:59:02:继续查询:{"resp_code":"0","amount":"1000","leshua_order_id":"1806201758434526","merchant_id":"6008005629","nonce_str":"PPBR7BCN7OEQEPT9MXULL99D9YINVRK2","pay_way":"WXZF","result_code":"0","sign":"1682759AED72A2D5CA65DB2EBCBA18ED","status":"0","third_order_id":"2018062017584038396"}

2018-06-20 17:59:02:参数:{"merchant_id":"6008005629","service":"query_status","third_order_id":"2018062017584038396","nonce_str":"0I8YTVC7ND23U48B5HWS9IKGKNPU9K4L","sign":"0708A3C30ACF2A5A1B91728437549B7C"}

2018-06-20 17:59:08:继续查询:{"resp_code":"0","amount":"1000","leshua_order_id":"1806201758434526","merchant_id":"6008005629","nonce_str":"QJI8CLLZR2SN8SRTNVYF2TNTBT93RZPM","pay_way":"WXZF","result_code":"0","sign":"A6EFBD31904A47D97312128A1A0B1505","status":"0","third_order_id":"2018062017584038396"}

2018-06-20 17:59:08:参数:{"merchant_id":"6008005629","service":"query_status","third_order_id":"2018062017584038396","nonce_str":"F0DYBOUUABGFP2YZRZE4QA9B9W3YEI83","sign":"4CE635D88A7B27C738012ADAB3CFF579"}

2018-06-20 17:59:14:继续查询:{"resp_code":"0","amount":"1000","leshua_order_id":"1806201758434526","merchant_id":"6008005629","nonce_str":"ZR9JJA9LN3WNREGOO0I1SHM7PBMKEQEJ","pay_way":"WXZF","result_code":"0","sign":"B4D5E66036CEE09F25F98AC8BCBE613E","status":"0","third_order_id":"2018062017584038396"}

2018-06-20 17:59:14:参数:{"merchant_id":"6008005629","service":"query_status","third_order_id":"2018062017584038396","nonce_str":"ZWQ1G9LLABD7KYFCT1EB47E1YDJCFT44","sign":"817EAD48794D9FB7570F1AE0E133CBF3"}

2018-06-20 18:33:42:参数:{"merchant_id":"6008005629","service":"query_status","third_order_id":"2018062018334148443","nonce_str":"4VWAKF69SFNJSO0F3H39LS8QS9WENHU4","sign":"0EA66C54855338E66DAE38B5A8EC0114"}

2018-06-20 18:33:47:继续查询:{"resp_code":"0","amount":"670","leshua_order_id":"1806201833433235","merchant_id":"6008005629","nonce_str":"78Y8XVQ1YU2USPXTF3MMHK65QW6GJWW3","pay_way":"WXZF","result_code":"0","sign":"D4CD6068BE70A94ACC95A60DBC2A1DFF","status":"0","third_order_id":"2018062018334148443"}

2018-06-20 18:33:47:参数:{"merchant_id":"6008005629","service":"query_status","third_order_id":"2018062018334148443","nonce_str":"IBSI3W0H9XH7GGWAEQDH13ZFGJJMJ653","sign":"765C858C4ABEC2C34BF5371CFEE63BA3"}

2018-06-20 18:33:53:继续查询:{"resp_code":"0","amount":"670","leshua_order_id":"1806201833433235","merchant_id":"6008005629","nonce_str":"9SYLTBWCVAPNSYTR1K3AR7JYNUNCWNS4","pay_way":"WXZF","result_code":"0","sign":"C77A6B0A84F49A5DDAE102CC07819EA3","status":"0","third_order_id":"2018062018334148443"}

2018-06-20 18:33:53:参数:{"merchant_id":"6008005629","service":"query_status","third_order_id":"2018062018334148443","nonce_str":"9MXCF85GRAOC2J7GKND9662XHPVJCSGV","sign":"5D75BEAE4D8366DF931F99E0616F0CCE"}

2018-06-20 18:33:59:继续查询:{"resp_code":"0","amount":"670","leshua_order_id":"1806201833433235","merchant_id":"6008005629","nonce_str":"HN648CV2XXOWMU568YZC2HNP820KZFOM","pay_way":"WXZF","result_code":"0","sign":"90755FE4971A48795CC1C7FE0F452DC4","status":"0","third_order_id":"2018062018334148443"}

2018-06-20 18:33:59:参数:{"merchant_id":"6008005629","service":"query_status","third_order_id":"2018062018334148443","nonce_str":"W7JYUTZXHJ2JOIC8OXHLM538SQZ2SKET","sign":"9160B96723F4D174D09340C60A67A432"}

2018-06-20 18:34:04:继续查询:{"resp_code":"0","amount":"670","leshua_order_id":"1806201833433235","merchant_id":"6008005629","nonce_str":"AX6GC0J2J8GELRHB31B4B58BAMJQ5I2Y","pay_way":"WXZF","result_code":"0","sign":"69AEB013164A8A6BD8AC3A1FF9EB2135","status":"0","third_order_id":"2018062018334148443"}

2018-06-20 18:34:04:参数:{"merchant_id":"6008005629","service":"query_status","third_order_id":"2018062018334148443","nonce_str":"4LHKO2N252IQZU5T9ZTBAB67VPI9WJ3V","sign":"61CDFBF9D59F11E7BB0AC68291CD3CF2"}

2018-06-20 18:34:10:继续查询:{"resp_code":"0","amount":"670","leshua_order_id":"1806201833433235","merchant_id":"6008005629","nonce_str":"885EHWKFGT5B917U1KDVL6ZK5N121GWY","pay_way":"WXZF","result_code":"0","sign":"33FFD31D11A3D22086E2AEECD4468199","status":"0","third_order_id":"2018062018334148443"}

2018-06-20 18:34:10:参数:{"merchant_id":"6008005629","service":"query_status","third_order_id":"2018062018334148443","nonce_str":"L45PEL269TAZE8YG7LI0WFUU5X2WTJDS","sign":"3A1BDF510B86EBA05C3A8A5EC8906573"}

2018-06-20 18:34:15:继续查询:{"resp_code":"0","amount":"670","leshua_order_id":"1806201833433235","merchant_id":"6008005629","nonce_str":"NVPQBFTXF29JRK6I5FMURESJ6AEZ3SEJ","pay_way":"WXZF","result_code":"0","sign":"80BC3DA4ED2E8A9B7A651CAC3D9BB491","status":"0","third_order_id":"2018062018334148443"}

2018-06-20 18:34:15:参数:{"merchant_id":"6008005629","service":"query_status","third_order_id":"2018062018334148443","nonce_str":"1TOCLX3OZAWQH2FY344GGUHR8VWRH7AM","sign":"8D3C1104424AD05985EEF6B9ABA1CBF6"}

2018-06-20 18:34:25:参数:{"merchant_id":"6008005629","service":"query_status","third_order_id":"2018062018342496623","nonce_str":"5JFE0195M3U4M2Q1JO5WSS7NIS4HSCY3","sign":"E08799937050055BB83AF866E80CA3AE"}

2018-06-20 18:34:31:继续查询:{"resp_code":"0","amount":"670","leshua_order_id":"1806201834225726","merchant_id":"6008005629","nonce_str":"ZZSAE3TJYRKU9FRY0P2829RWD4T76XE8","pay_way":"WXZF","result_code":"0","sign":"C07332917F38FEAAE286355F7144AF6E","status":"0","third_order_id":"2018062018342496623"}

2018-06-20 18:34:31:参数:{"merchant_id":"6008005629","service":"query_status","third_order_id":"2018062018342496623","nonce_str":"XCGTA7GEJIAZ4G72XHOWBXY0DZHGHBMU","sign":"889717C0BA66A7888D35C65EF603D70C"}

2018-06-20 18:34:36:继续查询:{"resp_code":"0","amount":"670","leshua_order_id":"1806201834225726","merchant_id":"6008005629","nonce_str":"1E3FVH47JL7NMHTOBCMIPOQ2REL10LOS","pay_way":"WXZF","result_code":"0","sign":"BF3C00C371E271BA834C2D38E2E0D6E7","status":"0","third_order_id":"2018062018342496623"}

2018-06-20 18:34:36:参数:{"merchant_id":"6008005629","service":"query_status","third_order_id":"2018062018342496623","nonce_str":"027UQYV93PTRKR1HZ7EP4M3PVUL7MDNU","sign":"2657A0F9CB9158D51D715345DB144F95"}

2018-06-20 18:34:37:支付成功:{"resp_code":"0","amount":"670","bank_type":"CFT","leshua_order_id":"1806201834225726","merchant_id":"6008005629","nonce_str":"JP6GVJ5FL37VI9OACHRA9GP7SLQWBEUB","openid":"o8uJ6uI7qJ1ZBZkQdBS_mnKgtDnQ","out_transaction_id":"4200000123201806201540064516","pay_time":"2018-06-20 18:34:37","pay_way":"WXZF","result_code":"0","sign":"FF6CD31682855CC313A917D4E7DBF4D9","status":"2","third_order_id":"2018062018342496623"}

2018-06-20 19:14:54:参数:{"merchant_id":"6008005629","service":"query_status","third_order_id":"2018062019145421215","nonce_str":"ICUXTOSVU44MKOU67VZ2HIDUQH7IN4XG","sign":"7872783FF7FE1C9850FD883D7466469C"}

2018-06-20 19:15:00:继续查询:{"resp_code":"0","amount":"300","leshua_order_id":"1806201914535624","merchant_id":"6008005629","nonce_str":"LAH3YWWLPHJL78OT39M8A9KL7OETYUEJ","pay_way":"WXZF","result_code":"0","sign":"6DCB9840BF44E8FDC34CCD6DF707EB14","status":"0","third_order_id":"2018062019145421215"}

2018-06-20 19:15:00:参数:{"merchant_id":"6008005629","service":"query_status","third_order_id":"2018062019145421215","nonce_str":"NKMSN12JV9I1YDCUKRVJYE5QVPC624R8","sign":"6B9A2CFFA4B6F509735EC7A8851DF6E1"}

2018-06-20 19:15:05:继续查询:{"resp_code":"0","amount":"300","leshua_order_id":"1806201914535624","merchant_id":"6008005629","nonce_str":"T5CRL0Z4U8PTCWTWZKDKJMEA5X2VPDN1","pay_way":"WXZF","result_code":"0","sign":"E9D9094A7FB40A8AAB9816F1DE50FF3D","status":"0","third_order_id":"2018062019145421215"}

2018-06-20 19:15:05:参数:{"merchant_id":"6008005629","service":"query_status","third_order_id":"2018062019145421215","nonce_str":"DKL9EFXNF1YIU95UJM0UBGJTOU0LZH5A","sign":"8E07AF8618F92C232F03AB3600BB0AA0"}

2018-06-20 19:15:11:继续查询:{"resp_code":"0","amount":"300","leshua_order_id":"1806201914535624","merchant_id":"6008005629","nonce_str":"62A6ERRJOOSPAVQGLC60XTHSC2FKLWSL","pay_way":"WXZF","result_code":"0","sign":"483682EB7A664BF46C2B3469E32A8DE8","status":"0","third_order_id":"2018062019145421215"}

2018-06-20 19:15:11:参数:{"merchant_id":"6008005629","service":"query_status","third_order_id":"2018062019145421215","nonce_str":"ZIM1CA0GLRH167BU64HFIQP5P8IRA2PI","sign":"66F9455A2067B339E066039AC3D2D35B"}

2018-06-20 19:15:17:继续查询:{"resp_code":"0","amount":"300","leshua_order_id":"1806201914535624","merchant_id":"6008005629","nonce_str":"NHAC3OFKVYC881MI3RUBNV4FTDH8AH3Y","pay_way":"WXZF","result_code":"0","sign":"47CFDDE3C715A18C337DF4EE212103F1","status":"0","third_order_id":"2018062019145421215"}

2018-06-20 19:15:17:参数:{"merchant_id":"6008005629","service":"query_status","third_order_id":"2018062019145421215","nonce_str":"IWJGZZFKZPDU7WE18G7T2FN0J1G3Y1C5","sign":"3D34CC844ED1A63EDCE9588CA8D837F6"}

2018-06-20 19:15:22:继续查询:{"resp_code":"0","amount":"300","leshua_order_id":"1806201914535624","merchant_id":"6008005629","nonce_str":"T4TQDNRD234JALPRQ7UONSFSXEU22D1E","pay_way":"WXZF","result_code":"0","sign":"AAD70EA1AFAED38312E753781BE49515","status":"0","third_order_id":"2018062019145421215"}

2018-06-20 19:15:22:参数:{"merchant_id":"6008005629","service":"query_status","third_order_id":"2018062019145421215","nonce_str":"5OZYN2KC20DIRDD8SZID039UFXJHGJ6L","sign":"7C3F5282CE502BAA660621E47081E368"}

2018-06-20 19:15:28:继续查询:{"resp_code":"0","amount":"300","leshua_order_id":"1806201914535624","merchant_id":"6008005629","nonce_str":"YODYEMYC4VXUIWH8TFJV1G1DFIGT3R8H","pay_way":"WXZF","result_code":"0","sign":"F7BA8D734A9243500854154F01D69279","status":"0","third_order_id":"2018062019145421215"}

2018-06-20 19:15:28:参数:{"merchant_id":"6008005629","service":"query_status","third_order_id":"2018062019145421215","nonce_str":"UZR3QTVJJDFJJUUM0PUEZ5AHKCAXVXLK","sign":"AC6FE631CF3ECDD96308326345B817DF"}

2018-06-20 20:39:18:参数:{"merchant_id":"6008005629","service":"query_status","third_order_id":"2018062020391651132","nonce_str":"QZLSES44W321PGY1JN6DTM6MCB7N5F7S","sign":"535C0F164A26B29B90C2EBA0DCA14CC3"}

2018-06-20 20:39:23:继续查询:{"resp_code":"0","amount":"850","leshua_order_id":"1806202039176712","merchant_id":"6008005629","nonce_str":"77EFWIP5K5T22MYZEPTPHDQDEVBYSW00","pay_way":"WXZF","result_code":"0","sign":"3358B6DC1ECF590AF4B93AB3B9FA5D29","status":"0","third_order_id":"2018062020391651132"}

2018-06-20 20:39:23:参数:{"merchant_id":"6008005629","service":"query_status","third_order_id":"2018062020391651132","nonce_str":"B1XN2NKSBHWFE877BNKB02B253HDKYGM","sign":"D4B499EFFD34BB28078D16D1214173AA"}

2018-06-20 20:39:29:继续查询:{"resp_code":"0","amount":"850","leshua_order_id":"1806202039176712","merchant_id":"6008005629","nonce_str":"WIW6I2361ZANCI1RFBL93J63F4UYXY82","pay_way":"WXZF","result_code":"0","sign":"129A1E62CE14D425E6DF8D4170A4D424","status":"0","third_order_id":"2018062020391651132"}

2018-06-20 20:39:29:参数:{"merchant_id":"6008005629","service":"query_status","third_order_id":"2018062020391651132","nonce_str":"EETQIBM5P89E7691QHO3SPXE5ZABPSIU","sign":"02755C0B82CC66DB1B44271EB2500DD3"}

2018-06-20 20:39:34:继续查询:{"resp_code":"0","amount":"850","leshua_order_id":"1806202039176712","merchant_id":"6008005629","nonce_str":"60WH7A692QDT2TA85ZQO7JKWXU2F1X38","pay_way":"WXZF","result_code":"0","sign":"35599057E46D5E74D393D49BF1E811BF","status":"0","third_order_id":"2018062020391651132"}

2018-06-20 20:39:34:参数:{"merchant_id":"6008005629","service":"query_status","third_order_id":"2018062020391651132","nonce_str":"2J59063O56TFJ7FY10U8KFOZUDIJ759Q","sign":"A8BD8F3B1B8E888B37B6BC87997C64E3"}

2018-06-20 20:39:40:继续查询:{"resp_code":"0","amount":"850","leshua_order_id":"1806202039176712","merchant_id":"6008005629","nonce_str":"V4JHPX6WZ6D51MP1F9OTRHBSN19ZLNUV","pay_way":"WXZF","result_code":"0","sign":"F30EFEE10F857D1C12EFE9285ACDD9C3","status":"0","third_order_id":"2018062020391651132"}

2018-06-20 20:39:40:参数:{"merchant_id":"6008005629","service":"query_status","third_order_id":"2018062020391651132","nonce_str":"O1XI25B5MDJ97XWJJXBW1NZUCMU1BX10","sign":"C7A95EDAB13D2E822C624A1C6367A346"}

2018-06-20 20:39:45:继续查询:{"resp_code":"0","amount":"850","leshua_order_id":"1806202039176712","merchant_id":"6008005629","nonce_str":"ZDFXQDRU9J2AQPU2SH0LBU729JQM6ZLU","pay_way":"WXZF","result_code":"0","sign":"784F3942877C697D66FFF65B2A00FC41","status":"0","third_order_id":"2018062020391651132"}

2018-06-20 20:39:45:参数:{"merchant_id":"6008005629","service":"query_status","third_order_id":"2018062020391651132","nonce_str":"J4EGJ0AAVZNNS1X2N146GZPEBY5MV2XO","sign":"38DE580E7A54EF2F98A2FE15183DCD54"}

2018-06-20 20:39:51:继续查询:{"resp_code":"0","amount":"850","leshua_order_id":"1806202039176712","merchant_id":"6008005629","nonce_str":"6KN5Z4NJ0MIAKMR3WR6LZT0PEL1R0PSC","pay_way":"WXZF","result_code":"0","sign":"36ECFC5B0036E59498321C0285122222","status":"0","third_order_id":"2018062020391651132"}

2018-06-20 20:39:51:参数:{"merchant_id":"6008005629","service":"query_status","third_order_id":"2018062020391651132","nonce_str":"5O4YBPZHPGQZ84AMTNBMU5PZT67B7Z9G","sign":"665CFA2B085D0739AFCD89ECECA17746"}

2018-06-20 20:39:51:支付成功:{"resp_code":"0","amount":"850","bank_type":"PSBC_DEBIT","leshua_order_id":"1806202039176712","merchant_id":"6008005629","nonce_str":"QAQO5BHHPFF62AXG2WN5YQFA92SAUVRT","openid":"o8uJ6uMlPPso-nms9gQtooWolqew","out_transaction_id":"4200000109201806204943963909","pay_time":"2018-06-20 20:39:51","pay_way":"WXZF","result_code":"0","sign":"3B1C2DEDA2F1F73F0BE86C6608BE2960","status":"2","third_order_id":"2018062020391651132"}

2018-06-20 20:39:57:参数:{"merchant_id":"6008005629","service":"query_status","third_order_id":"2018062020395584534","nonce_str":"FVLH263UWERIEF4Z3YYTJ7Y1JNUP1WMA","sign":"B790DF096D3B926B9EE9850A27A0FAAD"}

2018-06-20 20:39:57:支付失败:{"resp_code":"0","amount":"2210","leshua_order_id":"1806202039529611","merchant_id":"6008005629","nonce_str":"8UUGRA3G9ILLP48V8OXFCQFSBSUHQXR7","pay_way":"WXZF","result_code":"0","sign":"47C30D9C0A1E152F90349D42B0A24147","status":"8","third_order_id":"2018062020395584534"}

2018-06-20 20:48:53:参数:{"merchant_id":"6008005629","service":"query_status","third_order_id":"2018062020485135736","nonce_str":"AQT1NFW4O8LS7ZYL4PP0F75WFNIATY4O","sign":"CD7CC8CFEBAEF88FFCA468EA66ACD92F"}

2018-06-20 20:48:58:继续查询:{"resp_code":"0","amount":"160","leshua_order_id":"1806202048572817","merchant_id":"6008005629","nonce_str":"FPT0DCK0KD1DFZM9DQ6MR3EDSAYAYGCS","pay_way":"WXZF","result_code":"0","sign":"64BC47DBCF248877B9FD05A14D6C4C35","status":"0","third_order_id":"2018062020485135736"}

2018-06-20 20:48:58:参数:{"merchant_id":"6008005629","service":"query_status","third_order_id":"2018062020485135736","nonce_str":"AEQLGOOLL3BQ53QABFOMI5NL8WIIDPK5","sign":"B7A78C3C6BF2CBC724EFF539225C7A4C"}

2018-06-20 20:49:04:继续查询:{"resp_code":"0","amount":"160","leshua_order_id":"1806202048572817","merchant_id":"6008005629","nonce_str":"SD9C3CSJ79XPAH8OF94GBD7TNXJM5PPD","pay_way":"WXZF","result_code":"0","sign":"9D75F5E1B2024932525FBF7CC7325556","status":"0","third_order_id":"2018062020485135736"}

2018-06-20 20:49:04:参数:{"merchant_id":"6008005629","service":"query_status","third_order_id":"2018062020485135736","nonce_str":"2HEONL7BBAAP4TTW247W1DXQOB2WV614","sign":"7FBC2F40B9E525D4F9F7EF1E5F13421A"}

2018-06-20 20:49:10:继续查询:{"resp_code":"0","amount":"160","leshua_order_id":"1806202048572817","merchant_id":"6008005629","nonce_str":"XD3BOZCUPTG7LQYHN2WF76Y460BJZ4KL","pay_way":"WXZF","result_code":"0","sign":"710E42E4AC1A17381378CFF0F595ED82","status":"0","third_order_id":"2018062020485135736"}

2018-06-20 20:49:10:参数:{"merchant_id":"6008005629","service":"query_status","third_order_id":"2018062020485135736","nonce_str":"6WPWMJ6PTX4SJ0TZ5CKL36W294RVXAGK","sign":"35A60EE11D2D9E98E75EBD5EA8E11EDE"}

2018-06-20 20:49:10:支付成功:{"resp_code":"0","amount":"160","bank_type":"CFT","leshua_order_id":"1806202048572817","merchant_id":"6008005629","nonce_str":"EZ18UEN8MPPDAQEDMX9LAIQ9Y6ML5RGX","openid":"o8uJ6uN0IVI3wy3Vi1EPUeffxjIY","out_transaction_id":"4200000127201806208638963614","pay_time":"2018-06-20 20:49:10","pay_way":"WXZF","result_code":"0","sign":"8DA54C446D43CDCD6F18E2CAB253558B","status":"2","third_order_id":"2018062020485135736"}

2018-06-20 20:52:31:参数:{"merchant_id":"6008005629","service":"query_status","third_order_id":"2018062020522926880","nonce_str":"5AVPJF8A7P3ZIVQWHGRMVA3DI71NGNOR","sign":"3F043B775B8216F2ACAD924D5E80AC4F"}

2018-06-20 20:52:36:继续查询:{"resp_code":"0","amount":"4810","leshua_order_id":"1806202052274974","merchant_id":"6008005629","nonce_str":"1KTGO9GCWR3RZSY3WQBKN7NC4CCT3GU7","pay_way":"WXZF","result_code":"0","sign":"0C38F0AE01CA52604CFCD028DA073C8E","status":"0","third_order_id":"2018062020522926880"}

2018-06-20 20:52:36:参数:{"merchant_id":"6008005629","service":"query_status","third_order_id":"2018062020522926880","nonce_str":"UMLU28J1CDJIEI8CFYG7DKL3HCHWC54V","sign":"F7231280CB1FC978EAE68DC7FF82FA49"}

2018-06-20 20:52:42:继续查询:{"resp_code":"0","amount":"4810","leshua_order_id":"1806202052274974","merchant_id":"6008005629","nonce_str":"Y8GYMN6HK8RBGWAQI043G4RS0GOIE7DE","pay_way":"WXZF","result_code":"0","sign":"50DB0FD8DDB51D3BDB3C39F06D5B7F08","status":"0","third_order_id":"2018062020522926880"}

2018-06-20 20:52:42:参数:{"merchant_id":"6008005629","service":"query_status","third_order_id":"2018062020522926880","nonce_str":"9KPINZ4ESC2W99TE9MDMZMGESNK45VVU","sign":"230DA1C21877BFFF711271ED2280673F"}

2018-06-20 20:52:48:继续查询:{"resp_code":"0","amount":"4810","leshua_order_id":"1806202052274974","merchant_id":"6008005629","nonce_str":"EV5ZAOT37DRQT4SDAAMF3FCGC2MIB52V","pay_way":"WXZF","result_code":"0","sign":"DBF192623784951A0A33504503586FEE","status":"0","third_order_id":"2018062020522926880"}

2018-06-20 20:52:48:参数:{"merchant_id":"6008005629","service":"query_status","third_order_id":"2018062020522926880","nonce_str":"Q2HLX4A9U4FINYGJ6UDJHESH81YZCTWR","sign":"26007A94CC726B92F0259FAB971975EF"}

2018-06-20 20:52:53:继续查询:{"resp_code":"0","amount":"4810","leshua_order_id":"1806202052274974","merchant_id":"6008005629","nonce_str":"AEWWEZW4JF0G0Q3S3QQK51TDJJUPANG8","pay_way":"WXZF","result_code":"0","sign":"A903B7F91E6D45B1728E06B83AB53A73","status":"0","third_order_id":"2018062020522926880"}

2018-06-20 20:52:53:参数:{"merchant_id":"6008005629","service":"query_status","third_order_id":"2018062020522926880","nonce_str":"JFXH4ENZQ8HK0C6NC8PBTVCR18BTD8CS","sign":"0F19F3BCA019DAD308E5A30C94AF98B7"}

2018-06-20 20:52:59:继续查询:{"resp_code":"0","amount":"4810","leshua_order_id":"1806202052274974","merchant_id":"6008005629","nonce_str":"9UHTOLCSON0JZWK15D2KSR15BCIVPO86","pay_way":"WXZF","result_code":"0","sign":"62DA0B46E193517531B6CE852C70B048","status":"0","third_order_id":"2018062020522926880"}

2018-06-20 20:52:59:参数:{"merchant_id":"6008005629","service":"query_status","third_order_id":"2018062020522926880","nonce_str":"607P3E1NAVVWQC5ENB55NH3X3TNA2NFY","sign":"D6789E5355294CD25448504E21DDCD0B"}

2018-06-20 20:53:04:继续查询:{"resp_code":"0","amount":"4810","leshua_order_id":"1806202052274974","merchant_id":"6008005629","nonce_str":"3YHFIRUC7YEPG0YMUDJ87P3O3RIZ4E1N","pay_way":"WXZF","result_code":"0","sign":"E7D822BD7C65A2C976FC3694EB9B6561","status":"0","third_order_id":"2018062020522926880"}

2018-06-20 20:53:04:参数:{"merchant_id":"6008005629","service":"query_status","third_order_id":"2018062020522926880","nonce_str":"ZQKMFE399ZRXA4F4OQSAU6Z6K2U96COC","sign":"A36BEB22ACE923D968AF821A57D51BFB"}

2018-06-20 21:00:27:参数:{"merchant_id":"6008005629","service":"query_status","third_order_id":"2018062021002667010","nonce_str":"UC2T1QRZMSX2UJTFDGCTK9T8LB688GP0","sign":"4A8D93396D8A08F7E6F14B81D5CE2F96"}

2018-06-20 21:00:32:继续查询:{"resp_code":"0","amount":"400","leshua_order_id":"1806202100235970","merchant_id":"6008005629","nonce_str":"EIGNBF0YXHTYEO1GCRWWQ4Y09MLWI81S","pay_way":"WXZF","result_code":"0","sign":"BD42EDD87DE824B870B36A43EFC9F9E0","status":"0","third_order_id":"2018062021002667010"}

2018-06-20 21:00:32:参数:{"merchant_id":"6008005629","service":"query_status","third_order_id":"2018062021002667010","nonce_str":"6JXO8YB18DIHCD6A0GNJHSDWVW8P2NM6","sign":"A888D2F6FF15E036423263F53B235742"}

2018-06-20 21:00:38:继续查询:{"resp_code":"0","amount":"400","leshua_order_id":"1806202100235970","merchant_id":"6008005629","nonce_str":"65P0ZH4CP46P5PB11SZCU96EBY5AZJ5H","pay_way":"WXZF","result_code":"0","sign":"38D3530E527A07F52D71BBC53F1570A9","status":"0","third_order_id":"2018062021002667010"}

2018-06-20 21:00:38:参数:{"merchant_id":"6008005629","service":"query_status","third_order_id":"2018062021002667010","nonce_str":"2DD9ZN1L0PA3ABOU2KPVDWS6GNYQAAEG","sign":"B20E3A0F13ED51C5C4259AD581FADE87"}

2018-06-20 21:00:44:继续查询:{"resp_code":"0","amount":"400","leshua_order_id":"1806202100235970","merchant_id":"6008005629","nonce_str":"O51V9OIMZKM5BZHZSF7YJA9BE39R43EK","pay_way":"WXZF","result_code":"0","sign":"48D5B1F75EAD6A6D94E4EF63A2F5EF33","status":"0","third_order_id":"2018062021002667010"}

2018-06-20 21:00:44:参数:{"merchant_id":"6008005629","service":"query_status","third_order_id":"2018062021002667010","nonce_str":"A9JBGVP4MAR22NMMOJGX4ECEC8IX6ENN","sign":"8078CFC3FDE61F4F6DB3ED8EF18CA88B"}

2018-06-20 21:00:49:继续查询:{"resp_code":"0","amount":"400","leshua_order_id":"1806202100235970","merchant_id":"6008005629","nonce_str":"JFANO9VDLFVI9TMA566EIAFFOHAJDT6F","pay_way":"WXZF","result_code":"0","sign":"616F0EB72DD503C081037DA8BE12F415","status":"0","third_order_id":"2018062021002667010"}

2018-06-20 21:00:49:参数:{"merchant_id":"6008005629","service":"query_status","third_order_id":"2018062021002667010","nonce_str":"NZ8XTVXD53OEMB0V6MPR4FKTU5F1REPZ","sign":"F30701ADF10E7C705A730ED9276F708B"}

2018-06-20 21:00:55:继续查询:{"resp_code":"0","amount":"400","leshua_order_id":"1806202100235970","merchant_id":"6008005629","nonce_str":"DA9MLYATI5SPAUKSN0WRJTTYSNT10J6A","pay_way":"WXZF","result_code":"0","sign":"196AB7CC4155D33E309E87124862C3F9","status":"0","third_order_id":"2018062021002667010"}

2018-06-20 21:00:55:参数:{"merchant_id":"6008005629","service":"query_status","third_order_id":"2018062021002667010","nonce_str":"TO3I4NIFHBEDK306CSAPMK38ACEIG60D","sign":"AEAFA7CFB52A6A512E38A57730FB8738"}

2018-06-20 21:01:00:继续查询:{"resp_code":"0","amount":"400","leshua_order_id":"1806202100235970","merchant_id":"6008005629","nonce_str":"2YGSXV83F9YCXT59NRI6726U91AUMCYH","pay_way":"WXZF","result_code":"0","sign":"D797C97EEB35EE12A859CEC174962DF9","status":"0","third_order_id":"2018062021002667010"}

2018-06-20 21:01:00:参数:{"merchant_id":"6008005629","service":"query_status","third_order_id":"2018062021002667010","nonce_str":"3S7LM9FDMD7ZV8RMFIR2YOFWB62FSGF3","sign":"AB5389C6BE79511F84CEB323502370D2"}

2018-06-20 21:07:26:参数:{"merchant_id":"6008005629","service":"query_status","third_order_id":"2018062021072521421","nonce_str":"8QPGWR88D3RGJAPGAFD5T76JNY2EISHH","sign":"04807D293205ACD816113A6F5B3A68CD"}

2018-06-20 21:07:32:继续查询:{"resp_code":"0","amount":"3060","leshua_order_id":"1806202107220337","merchant_id":"6008005629","nonce_str":"HMHTLZ43QT1JC7IUG021R4QDWWSOBCM8","pay_way":"ZFBZF","result_code":"0","sign":"A2483067D9BC660F16B66EB10ADB0FAA","status":"0","third_order_id":"2018062021072521421"}

2018-06-20 21:07:32:参数:{"merchant_id":"6008005629","service":"query_status","third_order_id":"2018062021072521421","nonce_str":"TQ1X00OTVQ4MKZR0CBEKC5KQMQN946OP","sign":"5B7F85A498AE757CB6F2C53B852DE9D1"}

2018-06-20 21:07:37:继续查询:{"resp_code":"0","amount":"3060","leshua_order_id":"1806202107220337","merchant_id":"6008005629","nonce_str":"W36TFL09BSCKKDB3IQIPT3SZ5KE9U0K3","pay_way":"ZFBZF","result_code":"0","sign":"60FE81740864849B0DEE9146560663BE","status":"0","third_order_id":"2018062021072521421"}

2018-06-20 21:07:37:参数:{"merchant_id":"6008005629","service":"query_status","third_order_id":"2018062021072521421","nonce_str":"1KAIM4ZML6W7MI6BKZFQI51UGY1WCN1Q","sign":"DC1D34E806861AF51E91B7AAF6BBCB24"}

2018-06-20 21:07:42:继续查询:{"resp_code":"0","amount":"3060","leshua_order_id":"1806202107220337","merchant_id":"6008005629","nonce_str":"18M0GCO5J04KV8E9GJQG9X53RXBGCX48","pay_way":"ZFBZF","result_code":"0","sign":"F07B79A4CF305049BA7DC597AD7925A8","status":"0","third_order_id":"2018062021072521421"}

2018-06-20 21:07:42:参数:{"merchant_id":"6008005629","service":"query_status","third_order_id":"2018062021072521421","nonce_str":"SMFBRO91HL1KK1C42GM7ETUEHL3G1IZB","sign":"125A1F72D9E6EC0F56785E7F7FC29207"}

2018-06-20 21:07:43:支付成功:{"resp_code":"0","amount":"3060","attach":[],"bank_type":"DEBIT_CARD","channel_datetime":[],"channel_order_id":[],"goods_tag":[],"leshua_order_id":"1806202107220337","merchant_id":"6008005629","nonce_str":"W8IZOH6ORBRR722CUVZGQYW50T3HILKO","openid":"2088122029398390","out_transaction_id":"2018062021001004390538275789","pay_time":"2018-06-20 21:07:39","pay_way":"ZFBZF","result_code":"0","sign":"948610BD5A64D37F65F237FE1BB475F3","status":"2","sub_openid":[],"third_order_id":"2018062021072521421","trade_type":[]}

2018-06-20 21:09:21:参数:{"merchant_id":"6008005629","service":"query_status","third_order_id":"2018062021091918161","nonce_str":"4KTKMCNWMO7KJVPX3MDF1P0TXQVRHCE4","sign":"BD1110C454F1312B56F3116E08F17357"}

2018-06-20 21:09:26:继续查询:{"resp_code":"0","amount":"869","leshua_order_id":"1806202109121820","merchant_id":"6008005629","nonce_str":"7OFKFOPUDL734FJMFRL1LWQYCRLGOZPW","pay_way":"WXZF","result_code":"0","sign":"8EC475CCE56954FB88692B8F2E8DF0D0","status":"0","third_order_id":"2018062021091918161"}

2018-06-20 21:09:26:参数:{"merchant_id":"6008005629","service":"query_status","third_order_id":"2018062021091918161","nonce_str":"P1M2H66F3US4TI0QMPIWCPR8KUW4A3L9","sign":"891FF8A9842F1399B6125315437A70F9"}

2018-06-20 21:09:32:继续查询:{"resp_code":"0","amount":"869","leshua_order_id":"1806202109121820","merchant_id":"6008005629","nonce_str":"EF24S6J7KUQ7JC57OS6H8S9YM04VL011","pay_way":"WXZF","result_code":"0","sign":"1431258837449CE7FDD3AA702FB82F35","status":"0","third_order_id":"2018062021091918161"}

2018-06-20 21:09:32:参数:{"merchant_id":"6008005629","service":"query_status","third_order_id":"2018062021091918161","nonce_str":"Z5JI5CUFQQGONP7JMZXI0H8H44OH3IHW","sign":"F113F3A3C3BFD6CDA253D9120CE84F5F"}

2018-06-20 21:09:37:继续查询:{"resp_code":"0","amount":"869","leshua_order_id":"1806202109121820","merchant_id":"6008005629","nonce_str":"JKG6KE5QXWXFVDY1NOG4K6ARYNLDAE8F","pay_way":"WXZF","result_code":"0","sign":"3E1D0F49875AB3402FCC96D4E9C56ED7","status":"0","third_order_id":"2018062021091918161"}

2018-06-20 21:09:37:参数:{"merchant_id":"6008005629","service":"query_status","third_order_id":"2018062021091918161","nonce_str":"WXYWK2UY0WVIDXTDXS2MXNXE9Q82GOPF","sign":"20B8EC5689449E91ABEBC47AA549A585"}

2018-06-20 21:09:43:继续查询:{"resp_code":"0","amount":"869","leshua_order_id":"1806202109121820","merchant_id":"6008005629","nonce_str":"82A06IC244JMNTOL7TI4PB8BE0LU08T7","pay_way":"WXZF","result_code":"0","sign":"CA60FE1744D738F8DBF51FEC02992ECC","status":"0","third_order_id":"2018062021091918161"}

2018-06-20 21:09:43:参数:{"merchant_id":"6008005629","service":"query_status","third_order_id":"2018062021091918161","nonce_str":"AN1I84CF5Y92V24A8JMF2XCE6CLNGO9A","sign":"5FCAE3ED8AE6502AF32217BF126FB972"}

2018-06-20 21:09:48:继续查询:{"resp_code":"0","amount":"869","leshua_order_id":"1806202109121820","merchant_id":"6008005629","nonce_str":"A4GE5ESI2AHFOSIDPT7FYVLQK0292Y4E","pay_way":"WXZF","result_code":"0","sign":"EA63A52809EF2E05855B61111517B200","status":"0","third_order_id":"2018062021091918161"}

2018-06-20 21:09:48:参数:{"merchant_id":"6008005629","service":"query_status","third_order_id":"2018062021091918161","nonce_str":"TIDQ909KSD7SSIZPO41SAYMVQO4H5SE5","sign":"97DA4951E2521A913D2DCC5660F16FFF"}

2018-06-20 21:09:54:继续查询:{"resp_code":"0","amount":"869","leshua_order_id":"1806202109121820","merchant_id":"6008005629","nonce_str":"O80J5BBVA309FYOC4TL5WZ8SPZGWKFSC","pay_way":"WXZF","result_code":"0","sign":"12A180837EB5AF428047A581E1D3BC65","status":"0","third_order_id":"2018062021091918161"}

2018-06-20 21:09:54:参数:{"merchant_id":"6008005629","service":"query_status","third_order_id":"2018062021091918161","nonce_str":"W44Y2879ARVV4NI4Q4E73F7Q7JGRPCOM","sign":"D8E3618FCECB87AFB40FAC648F0F57AB"}

2018-06-20 22:06:38:参数:{"merchant_id":"6008005629","service":"query_status","third_order_id":"2018062022063731892","nonce_str":"10RNYV7ADM422Q955F5NVJSCQEF7UI4I","sign":"4289CF830EFB792CD118C48B32206BFD"}

2018-06-20 22:06:43:继续查询:{"resp_code":"0","amount":"470","leshua_order_id":"1806202206322698","merchant_id":"6008005629","nonce_str":"MVR3YHN4OIF01ZFGO50X4U9AHHLJ1TRS","pay_way":"WXZF","result_code":"0","sign":"7EE61D4C7ED70A9413B4A094C1119F62","status":"0","third_order_id":"2018062022063731892"}

2018-06-20 22:06:43:参数:{"merchant_id":"6008005629","service":"query_status","third_order_id":"2018062022063731892","nonce_str":"XR0IB9ZY34543YTN6UIS5VB8S02JOZ7O","sign":"9C64E53204E150F437088A21FB0A9BED"}

2018-06-20 22:06:49:继续查询:{"resp_code":"0","amount":"470","leshua_order_id":"1806202206322698","merchant_id":"6008005629","nonce_str":"GHCE7QRVZQ3HZCYJ4WCVEOQDSH2ST74Y","pay_way":"WXZF","result_code":"0","sign":"7AF8123357B01D053841D5146D5FEDE3","status":"0","third_order_id":"2018062022063731892"}

2018-06-20 22:06:49:参数:{"merchant_id":"6008005629","service":"query_status","third_order_id":"2018062022063731892","nonce_str":"OUGOYQ3ZMX1YWLY4DR7S0J0YCL53QNFH","sign":"A5C9D65822B9F75EB105ABA3EAE15AC2"}

2018-06-20 22:06:54:继续查询:{"resp_code":"0","amount":"470","leshua_order_id":"1806202206322698","merchant_id":"6008005629","nonce_str":"IR4DAZOK9TN6CUECNJUQFMYOVDT3FLXR","pay_way":"WXZF","result_code":"0","sign":"B156BA1ED981C103C677EAF9A7ED1604","status":"0","third_order_id":"2018062022063731892"}

2018-06-20 22:06:54:参数:{"merchant_id":"6008005629","service":"query_status","third_order_id":"2018062022063731892","nonce_str":"1XZZDGQ5VW7ZSHJ4BAWQWREP7TZV869L","sign":"727826426485EF622D5812FB5F0C8826"}

2018-06-20 22:07:00:继续查询:{"resp_code":"0","amount":"470","leshua_order_id":"1806202206322698","merchant_id":"6008005629","nonce_str":"ARGYQNZ02ZSX4TPUN6E4VRRWJVEVWOGL","pay_way":"WXZF","result_code":"0","sign":"4966E11E7ADE12595244DFE3F9A2EDAF","status":"0","third_order_id":"2018062022063731892"}

2018-06-20 22:07:00:参数:{"merchant_id":"6008005629","service":"query_status","third_order_id":"2018062022063731892","nonce_str":"IIHAGKN6W9D00MYWST2GQJNAVOXYUO1T","sign":"C927038598024F648C59FC60D610DEB3"}

2018-06-20 22:07:05:继续查询:{"resp_code":"0","amount":"470","leshua_order_id":"1806202206322698","merchant_id":"6008005629","nonce_str":"FMVJK5PI6LZ31LTFHM327LW5VAHFYQYA","pay_way":"WXZF","result_code":"0","sign":"3B711FAABCAC23F90FBB9C133E87FC35","status":"0","third_order_id":"2018062022063731892"}

2018-06-20 22:07:05:参数:{"merchant_id":"6008005629","service":"query_status","third_order_id":"2018062022063731892","nonce_str":"HXU42VOAM7Q6BD9NC6AZIWJICLA2WQDH","sign":"B25D8C71B5753F539F07B35E8052A41F"}

2018-06-20 22:07:11:继续查询:{"resp_code":"0","amount":"470","leshua_order_id":"1806202206322698","merchant_id":"6008005629","nonce_str":"YG8O56H7TV8ZEXQPPCSTEV2298YEGZJ6","pay_way":"WXZF","result_code":"0","sign":"25939A5A4A7EB65A9F3A76514F7BBB53","status":"0","third_order_id":"2018062022063731892"}

2018-06-20 22:07:11:参数:{"merchant_id":"6008005629","service":"query_status","third_order_id":"2018062022063731892","nonce_str":"CG3A32FSCUV5IN31FE6ETR99HJK1FKCH","sign":"B86CA1E4EF033C99FD119B2316E66A78"}

2018-06-20 22:09:05:参数:{"merchant_id":"6008005629","service":"query_status","third_order_id":"2018062022090353852","nonce_str":"TI01AT07FBY0JS03GRL8RA8BBTR83VKP","sign":"5D8F8BC9B2D6756F72491FE35EE2BB0A"}

2018-06-20 22:09:11:继续查询:{"resp_code":"0","amount":"730","leshua_order_id":"1806202209032207","merchant_id":"6008005629","nonce_str":"KVDCZT1UJUK8PW7JSYFRKYVVRXFTLATW","pay_way":"WXZF","result_code":"0","sign":"56C28F5ABB2B289CE419587891CA6BDC","status":"0","third_order_id":"2018062022090353852"}

2018-06-20 22:09:11:参数:{"merchant_id":"6008005629","service":"query_status","third_order_id":"2018062022090353852","nonce_str":"PHWD7JHG3HCHHRBCREI6LHD3D1A59QEA","sign":"6E78B3B30424676233253D124ECC3A0E"}

2018-06-20 22:09:16:继续查询:{"resp_code":"0","amount":"730","leshua_order_id":"1806202209032207","merchant_id":"6008005629","nonce_str":"CROSOHEPSU0H4J97ZHVMLHQM5G54UI80","pay_way":"WXZF","result_code":"0","sign":"F494028FDBD9DEBEF809BB1D411ACE15","status":"0","third_order_id":"2018062022090353852"}

2018-06-20 22:09:16:参数:{"merchant_id":"6008005629","service":"query_status","third_order_id":"2018062022090353852","nonce_str":"N2GNKNMQIP1OQFSKGLWSYHH076FMJ94C","sign":"CD76E295A3C231964AF057D946F92911"}

2018-06-20 22:09:22:继续查询:{"resp_code":"0","amount":"730","leshua_order_id":"1806202209032207","merchant_id":"6008005629","nonce_str":"BUKZ135DZJW0W6BKLW7DAZSLQDJM0ASL","pay_way":"WXZF","result_code":"0","sign":"6EAC9DE9479FDF04BFC2A076A862E4EE","status":"0","third_order_id":"2018062022090353852"}

2018-06-20 22:09:22:参数:{"merchant_id":"6008005629","service":"query_status","third_order_id":"2018062022090353852","nonce_str":"1S82BOVSDVJZA00IB8T1QMF223OXUJ5Q","sign":"801201A96323F48823ECD6C1B5D0B606"}

2018-06-20 22:09:27:继续查询:{"resp_code":"0","amount":"730","leshua_order_id":"1806202209032207","merchant_id":"6008005629","nonce_str":"MHOFWROBI39M6IMNNY78OM32O2SOTNYT","pay_way":"WXZF","result_code":"0","sign":"937444451666594B9CD5ABFE88E521F2","status":"0","third_order_id":"2018062022090353852"}

2018-06-20 22:09:27:参数:{"merchant_id":"6008005629","service":"query_status","third_order_id":"2018062022090353852","nonce_str":"WYLBHP2FEUL6FR7G9Z4GLQ3JKVZ9CFC9","sign":"A558B525EFE40484F9FBDE263F312D53"}

2018-06-20 22:09:33:继续查询:{"resp_code":"0","amount":"730","leshua_order_id":"1806202209032207","merchant_id":"6008005629","nonce_str":"4LEHHBVTA4P7PTXRF5L0H9GR1BZTTQDY","pay_way":"WXZF","result_code":"0","sign":"9A9B015C776A0EB15D09219050569BC1","status":"0","third_order_id":"2018062022090353852"}

2018-06-20 22:09:33:参数:{"merchant_id":"6008005629","service":"query_status","third_order_id":"2018062022090353852","nonce_str":"7O61EVMI5KCUM9D6253982JXL5YI18BU","sign":"155F428ED34AA8E1696984484037F74E"}

2018-06-20 22:09:33:支付成功:{"resp_code":"0","amount":"730","bank_type":"CFT","leshua_order_id":"1806202209032207","merchant_id":"6008005629","nonce_str":"XCPPLD3CUGF35L1YKSOJ66Z8OEYGRPNY","openid":"o8uJ6uHEzmssnsrE1urgvwUaqemc","out_transaction_id":"4200000133201806208769441964","pay_time":"2018-06-20 22:09:33","pay_way":"WXZF","result_code":"0","sign":"13AFB1AA8D92FD6C6F528BD60B8E835C","status":"2","third_order_id":"2018062022090353852"}

2018-06-20 22:17:00:参数:{"merchant_id":"6008005629","service":"query_status","third_order_id":"2018062022165972773","nonce_str":"VORFTVD7W245JBIV6TNO7W7J01FJFBGU","sign":"087959C3E3D2DF285D191BD20BCB5716"}

2018-06-20 22:17:06:继续查询:{"resp_code":"0","amount":"420","leshua_order_id":"1806202216572966","merchant_id":"6008005629","nonce_str":"CNM44GWI248H36L4SQUJI1CZ5PCYJUMV","pay_way":"WXZF","result_code":"0","sign":"C00E8C9DF3B131278FE15DC4620CD80E","status":"0","third_order_id":"2018062022165972773"}

2018-06-20 22:17:06:参数:{"merchant_id":"6008005629","service":"query_status","third_order_id":"2018062022165972773","nonce_str":"DHHIDZISBV05RNM0FOUSH4JFJHHGRKMV","sign":"A5EC1AA49B449D4EB75EA6E33E0361C0"}

2018-06-20 22:17:11:继续查询:{"resp_code":"0","amount":"420","leshua_order_id":"1806202216572966","merchant_id":"6008005629","nonce_str":"5BADRMXLPFH32N3SY49JNBE2FHV5EX6G","pay_way":"WXZF","result_code":"0","sign":"468F9B55DAB588F2AA2BB66ECFB579CD","status":"0","third_order_id":"2018062022165972773"}

2018-06-20 22:17:11:参数:{"merchant_id":"6008005629","service":"query_status","third_order_id":"2018062022165972773","nonce_str":"FX8R6YXLMCO4UN13NLPIO959BCW4KW4L","sign":"E554C3214DEAEFFE173330EAAEE6D6C7"}

2018-06-20 22:17:12:支付成功:{"resp_code":"0","amount":"420","bank_type":"CEB_CREDIT","leshua_order_id":"1806202216572966","merchant_id":"6008005629","nonce_str":"V9NHKF5TEM05KMUA17I4CVISZNCD23M7","openid":"o8uJ6uMGU3NTdCPnO2OhVquG16CI","out_transaction_id":"4200000130201806206598823065","pay_time":"2018-06-20 22:17:12","pay_way":"WXZF","result_code":"0","sign":"D69C65110741D260406C4A3F52BA4DF8","status":"2","third_order_id":"2018062022165972773"}

2018-06-20 22:39:15:参数:{"merchant_id":"6008005629","service":"query_status","third_order_id":"2018062022391497672","nonce_str":"J0JAW1Y3IXIHUT2A2FJRC4QRE6NQJSWO","sign":"F6292BBEA65DBF869785E1FC246A5B16"}

2018-06-20 22:39:20:继续查询:{"resp_code":"0","amount":"1200","leshua_order_id":"1806202239124391","merchant_id":"6008005629","nonce_str":"PQFM2LGIZ37PI7F6Y6L6N1PCY5LXO7JA","pay_way":"WXZF","result_code":"0","sign":"1E050AD33EE7A88B980D7FB04E90D8BC","status":"0","third_order_id":"2018062022391497672"}

2018-06-20 22:39:20:参数:{"merchant_id":"6008005629","service":"query_status","third_order_id":"2018062022391497672","nonce_str":"UBRCISHV4DJ5YG8MN1GQFNTYWY6KIHR5","sign":"98A3B3FFF5E957F73E984955DD83DF99"}

2018-06-20 22:39:26:继续查询:{"resp_code":"0","amount":"1200","leshua_order_id":"1806202239124391","merchant_id":"6008005629","nonce_str":"EY9UAUR1N2NLNMQRFL9P0EN29K191CD8","pay_way":"WXZF","result_code":"0","sign":"D343DDD0BB39F9D724CBAFA79FECFFD9","status":"0","third_order_id":"2018062022391497672"}

2018-06-20 22:39:26:参数:{"merchant_id":"6008005629","service":"query_status","third_order_id":"2018062022391497672","nonce_str":"A4KEXL46O9FVTH7OD9YNRY9FBTB5HM0D","sign":"54E1384B48F15BBBC0495A9542ACB002"}

2018-06-20 22:39:26:支付成功:{"resp_code":"0","amount":"1200","bank_type":"CEB_CREDIT","leshua_order_id":"1806202239124391","merchant_id":"6008005629","nonce_str":"0Z7PYGHSUWT25CL18W2R3OTX9UM9TD19","openid":"o8uJ6uMGU3NTdCPnO2OhVquG16CI","out_transaction_id":"4200000111201806205543356980","pay_time":"2018-06-20 22:39:26","pay_way":"WXZF","result_code":"0","sign":"8D4FFD755DBC9902446B744B7E585576","status":"2","third_order_id":"2018062022391497672"}

2018-06-20 22:51:37:参数:{"merchant_id":"6008005629","service":"query_status","third_order_id":"2018062022513563866","nonce_str":"UN5XJN5FQT3NTTRQ4FG0Z0XKB67VZEPU","sign":"F897B9551D881A47E4FCEDDFF6A6A597"}

2018-06-20 22:51:43:继续查询:{"resp_code":"0","amount":"2320","leshua_order_id":"1806202251371096","merchant_id":"6008005629","nonce_str":"HLM22B7M0LVT9427A2200U0XZZLBGJ0P","pay_way":"WXZF","result_code":"0","sign":"368F3B0447ABCCFBBC478D096489F613","status":"0","third_order_id":"2018062022513563866"}

2018-06-20 22:51:43:参数:{"merchant_id":"6008005629","service":"query_status","third_order_id":"2018062022513563866","nonce_str":"HGQVVOF68WI0IOU43F0QHQYXM3ZGB9U2","sign":"DDB818E661DBC0E847FF4769F8CAFF99"}

2018-06-20 22:51:48:继续查询:{"resp_code":"0","amount":"2320","leshua_order_id":"1806202251371096","merchant_id":"6008005629","nonce_str":"8G57WNLSRNCBF18JTH222F46LRMJST4K","pay_way":"WXZF","result_code":"0","sign":"6B592DF2051936255BD5681769DE7DDB","status":"0","third_order_id":"2018062022513563866"}

2018-06-20 22:51:48:参数:{"merchant_id":"6008005629","service":"query_status","third_order_id":"2018062022513563866","nonce_str":"4U6TFTBT91RQ2SJM2QSA58FD4J7DCIFV","sign":"02CA948933E288F5D4EC90C9A15C7492"}

2018-06-20 22:51:54:继续查询:{"resp_code":"0","amount":"2320","leshua_order_id":"1806202251371096","merchant_id":"6008005629","nonce_str":"XLN3YRQQZ8VBP88DSQ6PDLA1HY9TDOUT","pay_way":"WXZF","result_code":"0","sign":"74036DEA6FC0DCC40566F4BF1C944B3F","status":"0","third_order_id":"2018062022513563866"}

2018-06-20 22:51:54:参数:{"merchant_id":"6008005629","service":"query_status","third_order_id":"2018062022513563866","nonce_str":"6UR1XYUR5570G2XUY7N7ZJ4MYC6NZWJY","sign":"7B708829801E4D310522C25F25B81F96"}

2018-06-20 22:51:59:继续查询:{"resp_code":"0","amount":"2320","leshua_order_id":"1806202251371096","merchant_id":"6008005629","nonce_str":"IL32KYSBSY93NE83LSAA3A2YQF1HBCO3","pay_way":"WXZF","result_code":"0","sign":"FBF9CDC8150B3EA12DC2C4264169DB18","status":"0","third_order_id":"2018062022513563866"}

2018-06-20 22:51:59:参数:{"merchant_id":"6008005629","service":"query_status","third_order_id":"2018062022513563866","nonce_str":"7GQHWTMOAYI4P6UPNW7FNT017Z3FWHOE","sign":"C149FE0935FBCB61B6E3A7636681AC1B"}

2018-06-20 22:52:05:继续查询:{"resp_code":"0","amount":"2320","leshua_order_id":"1806202251371096","merchant_id":"6008005629","nonce_str":"87NUZ98RGPOM6CZL20HYG5CXZM95PX6G","pay_way":"WXZF","result_code":"0","sign":"957ACA7E045BF6B23F7DECF634589704","status":"0","third_order_id":"2018062022513563866"}

2018-06-20 22:52:05:参数:{"merchant_id":"6008005629","service":"query_status","third_order_id":"2018062022513563866","nonce_str":"540PW2QRBKQ2DOS2WSIVQHWIED01EG7I","sign":"F3902B0ACCB1E10EF65DD3502E911816"}

2018-06-20 22:52:11:继续查询:{"resp_code":"0","amount":"2320","leshua_order_id":"1806202251371096","merchant_id":"6008005629","nonce_str":"1M1ALYUZ6O8TQ3R8CQX6POTMBNFF4HGA","pay_way":"WXZF","result_code":"0","sign":"7321868C2DBB77B784E7B88315E686D1","status":"0","third_order_id":"2018062022513563866"}

2018-06-20 22:52:11:参数:{"merchant_id":"6008005629","service":"query_status","third_order_id":"2018062022513563866","nonce_str":"MQO8PW60E430KCK2OZC4Q88NQIRT05C0","sign":"D140E817AC08510AAB3F27171B82CD70"}

2018-06-20 22:52:32:参数:{"merchant_id":"6008005629","service":"query_status","third_order_id":"2018062022523062973","nonce_str":"PV6UVHR0BI4ZIXQJY1BYVMVI1JM8U1K5","sign":"B3B417011CC8E5670ADC20524089C7A4"}

2018-06-20 22:52:38:继续查询:{"resp_code":"0","amount":"2320","leshua_order_id":"1806202252371256","merchant_id":"6008005629","nonce_str":"4H610Z6YOC1V9FQME6F0YUMGVJFK9EIO","pay_way":"WXZF","result_code":"0","sign":"6CCCDD7A9983ABEDFFE0A0DF93BA837B","status":"0","third_order_id":"2018062022523062973"}

2018-06-20 22:52:38:参数:{"merchant_id":"6008005629","service":"query_status","third_order_id":"2018062022523062973","nonce_str":"Y6HQ20FYFHXFEZNUOA2KVWDLVD4IOPUH","sign":"905F8386F7D9768D2C87A48DE30852B2"}

2018-06-20 22:52:43:继续查询:{"resp_code":"0","amount":"2320","leshua_order_id":"1806202252371256","merchant_id":"6008005629","nonce_str":"UDVTLKFAIRSH6NCSP7KOE2D7A26O2PXR","pay_way":"WXZF","result_code":"0","sign":"612E5C74A1F8793F3B347F076E076262","status":"0","third_order_id":"2018062022523062973"}

2018-06-20 22:52:43:参数:{"merchant_id":"6008005629","service":"query_status","third_order_id":"2018062022523062973","nonce_str":"WWRSBD8FBCRJ0KN2ZAL0CX0J228W8YBQ","sign":"157224BF46062210FDF2ECBC668A0100"}

2018-06-20 22:52:44:支付失败:{"resp_code":"0","amount":"2320","leshua_order_id":"1806202252371256","merchant_id":"6008005629","nonce_str":"DBCCX8FLVMVRNLK0K2QIJI1GJTMT799Y","pay_way":"WXZF","result_code":"0","sign":"CD9F72B66A58658EA9F43691F209FD0E","status":"8","third_order_id":"2018062022523062973"}

2018-06-20 22:55:48:参数:{"merchant_id":"6008005629","service":"query_status","third_order_id":"2018062022554630569","nonce_str":"4LP2IHNYKE3LUNA36VXYQ7FH8B1KI62B","sign":"186AACC7E57235E013B571E7B9697257"}

2018-06-20 22:55:53:继续查询:{"resp_code":"0","amount":"5030","leshua_order_id":"1806202255436442","merchant_id":"6008005629","nonce_str":"8O1UEL0BLMXN5WSARMK83JFAPH1Y6Z73","pay_way":"ZFBZF","result_code":"0","sign":"ECDD5C4603A113C58928E88F375A2E4D","status":"0","third_order_id":"2018062022554630569"}

2018-06-20 22:55:53:参数:{"merchant_id":"6008005629","service":"query_status","third_order_id":"2018062022554630569","nonce_str":"R1N2DGAC51G90MIYT0TBBHHI3TY37818","sign":"327372BA3FD51147A03272F62E435C6A"}

2018-06-20 22:55:58:继续查询:{"resp_code":"0","amount":"5030","leshua_order_id":"1806202255436442","merchant_id":"6008005629","nonce_str":"4FEM5X5EMXZ34KRXDAEA8Q477GFC5KCA","pay_way":"ZFBZF","result_code":"0","sign":"7B518CBEEE12C58A02AED2D9395EB727","status":"0","third_order_id":"2018062022554630569"}

2018-06-20 22:55:58:参数:{"merchant_id":"6008005629","service":"query_status","third_order_id":"2018062022554630569","nonce_str":"AYL27U9C6VT2KE66BV0YATSWMC00TS09","sign":"1571C42332D2EE1D73CDB7FA05717D89"}

2018-06-20 22:55:59:支付成功:{"resp_code":"0","amount":"5030","attach":[],"bank_type":"DEBIT_CARD","channel_datetime":[],"channel_order_id":[],"goods_tag":[],"leshua_order_id":"1806202255436442","merchant_id":"6008005629","nonce_str":"HFCRKHD9656LSIDNBQS01H0C25JDO1LB","openid":"2088222765556929","out_transaction_id":"2018062021001004920538530347","pay_time":"2018-06-20 22:55:57","pay_way":"ZFBZF","result_code":"0","sign":"26C6D3D8C98C41B94EC77F750F2C3F9E","status":"2","sub_openid":[],"third_order_id":"2018062022554630569","trade_type":[]}

