2018-05-23 08:12:32:参数:{"merchant_id":"6008005629","service":"query_status","third_order_id":"2018052308123280282","nonce_str":"ERG9NJ3FMWF8Z8J53NF7J3R2PBRPM7UL","sign":"69D1766DE878F513EEDFCF2036E8974B"}

2018-05-23 08:12:38:继续查询:{"resp_code":"0","amount":"29900","leshua_order_id":"1805230812338111","merchant_id":"6008005629","nonce_str":"YI1S8QQDXA0NDJC80V5VMLA7YIFC6IZD","pay_way":"ZFBZF","result_code":"0","sign":"C022FDCDB33F710E4AA1104131CFCD06","status":"0","third_order_id":"2018052308123280282"}

2018-05-23 08:12:38:参数:{"merchant_id":"6008005629","service":"query_status","third_order_id":"2018052308123280282","nonce_str":"UGMR1W1UT6W3N110M4Z2QYYYBX5VFUZK","sign":"8E341A2195C795C136E13F5D313358F3"}

2018-05-23 08:12:43:继续查询:{"resp_code":"0","amount":"29900","leshua_order_id":"1805230812338111","merchant_id":"6008005629","nonce_str":"PBW32XSFASNLDJFIJ0R3BALUAP08W4GH","pay_way":"ZFBZF","result_code":"0","sign":"BCE453C50630E4C5E478910D2610D365","status":"0","third_order_id":"2018052308123280282"}

2018-05-23 08:12:43:参数:{"merchant_id":"6008005629","service":"query_status","third_order_id":"2018052308123280282","nonce_str":"Z2X2RCVXFU3N5W1A8S5EHF1ZSVP171YP","sign":"0EE45C5A0A29125E98A349EB10E01BEF"}

2018-05-23 08:12:43:支付成功:{"resp_code":"0","amount":"29900","bank_type":"ALIPAYACCOUNT","leshua_order_id":"1805230812338111","merchant_id":"6008005629","nonce_str":"I7K0X6QQ03LQLGT7N4OPK1FIFM08S2RZ","openid":"2088812820232154","out_transaction_id":"2018052321001004150291857838","pay_time":"2018-05-23 08:12:43","pay_way":"ZFBZF","result_code":"0","sign":"BC63D7740C929FED6173F5F496EDD604","status":"2","third_order_id":"2018052308123280282"}

2018-05-23 16:35:41:参数:{"merchant_id":"6008005629","service":"query_status","third_order_id":"2018052316354068902","nonce_str":"J006VOJEJRJU408VIB3S1B1MINHNMFB5","sign":"5E0D52BCFF9BDC03200F988F3F1604C9"}

2018-05-23 16:35:46:继续查询:{"resp_code":"0","amount":"2940","leshua_order_id":"1805231635429173","merchant_id":"6008005629","nonce_str":"KS2FTE37VLTO6RNEOM0BHVU79SOLK31U","pay_way":"WXZF","result_code":"0","sign":"1C8DC8D927988E0FFFDE4F82612D6870","status":"0","third_order_id":"2018052316354068902"}

2018-05-23 16:35:46:参数:{"merchant_id":"6008005629","service":"query_status","third_order_id":"2018052316354068902","nonce_str":"YRH7UUAL29RUF1IZG63E78LJJ6W22HWQ","sign":"8198A60900CE131087FB601141AF8F14"}

2018-05-23 16:35:52:继续查询:{"resp_code":"0","amount":"2940","leshua_order_id":"1805231635429173","merchant_id":"6008005629","nonce_str":"KKNK8IY6PUZQ98AWVE9V0NJZGCP1028U","pay_way":"WXZF","result_code":"0","sign":"0E986261CDA883604A01C62C1D9E2E4F","status":"0","third_order_id":"2018052316354068902"}

2018-05-23 16:35:52:参数:{"merchant_id":"6008005629","service":"query_status","third_order_id":"2018052316354068902","nonce_str":"SI5GQ77I31LA0LKB4RGWZC9MJ3VLK7LQ","sign":"8D30891584CF74821B3C2D90ACDF38D8"}

2018-05-23 16:35:52:支付成功:{"resp_code":"0","amount":"2940","bank_type":"CFT","leshua_order_id":"1805231635429173","merchant_id":"6008005629","nonce_str":"2WQ1LYCA50JRH8KEMPNEM0AUF6FJWREP","openid":"oRfOu1Rh_hjkonUW5NPEjisLJqmM","out_transaction_id":"4200000136201805232700323985","pay_time":"2018-05-23 16:35:52","pay_way":"WXZF","result_code":"0","sign":"4613C3F31B292CC5390FA1D396A72566","status":"2","third_order_id":"2018052316354068902"}

2018-05-23 17:49:35:参数:{"merchant_id":"6008005629","service":"query_status","third_order_id":"2018052317493339315","nonce_str":"HZK5RRCLX0831W1DN75BOICZ6CPRLTV0","sign":"736E7C864CFDE483A82CD7C3E7F8F2DD"}

2018-05-23 17:49:41:继续查询:{"resp_code":"0","amount":"200","leshua_order_id":"1805231749325562","merchant_id":"6008005629","nonce_str":"YF3ABHXJ99IYN3M5I3M5ZY8HKTARXZO0","pay_way":"WXZF","result_code":"0","sign":"EF8819C1643DBB5262E20E11FCCE590E","status":"0","third_order_id":"2018052317493339315"}

2018-05-23 17:49:41:参数:{"merchant_id":"6008005629","service":"query_status","third_order_id":"2018052317493339315","nonce_str":"MZ4D7Y1NCF6DAIB2TI7CQVQYTGXQO46L","sign":"CC6940569239A4B69177DE76EB434A32"}

2018-05-23 17:49:41:支付成功:{"resp_code":"0","amount":"200","bank_type":"CFT","leshua_order_id":"1805231749325562","merchant_id":"6008005629","nonce_str":"L5MZSJJWWDCBCJOIPZZHGT301GE3YDHW","openid":"oRfOu1d5jmm784n0G_hh680KbqRE","out_transaction_id":"4200000132201805238519519462","pay_time":"2018-05-23 17:49:41","pay_way":"WXZF","result_code":"0","sign":"9851710F931C7249E59031BCEF540713","status":"2","third_order_id":"2018052317493339315"}

2018-05-23 19:54:29:参数:{"merchant_id":"6008005629","service":"query_status","third_order_id":"2018052319542916751","nonce_str":"JIJPEQK7V75FV1LXQX51QPYPF7HNFV7G","sign":"6E2D1863C5BB635C3F6537574EA4CFF5"}

2018-05-23 19:54:35:继续查询:{"resp_code":"0","amount":"240","leshua_order_id":"1805231954237369","merchant_id":"6008005629","nonce_str":"W38HSPY8OVCENIE14DQUXRHEZBD0YHD2","pay_way":"WXZF","result_code":"0","sign":"2C56B2C2F142D051BDFCA20C7BD7AF64","status":"0","third_order_id":"2018052319542916751"}

2018-05-23 19:54:35:参数:{"merchant_id":"6008005629","service":"query_status","third_order_id":"2018052319542916751","nonce_str":"195JH2CYA5D8NWQB0VI7XG4FF3788II3","sign":"76DDF0052D1A8792AD45396E6756433F"}

2018-05-23 19:54:40:继续查询:{"resp_code":"0","amount":"240","leshua_order_id":"1805231954237369","merchant_id":"6008005629","nonce_str":"TSRT4ZWU5F4W2PI20AH6HBBQN1GMSERM","pay_way":"WXZF","result_code":"0","sign":"D066243CC59CB208DFB3D1A7923B1D94","status":"0","third_order_id":"2018052319542916751"}

2018-05-23 19:54:40:参数:{"merchant_id":"6008005629","service":"query_status","third_order_id":"2018052319542916751","nonce_str":"IWY2DP35FXPIO37OSZKZZGPLS3B9Z93K","sign":"7E6C4D2AD8FE7D0A28D45193BBF85EF7"}

2018-05-23 19:54:45:继续查询:{"resp_code":"0","amount":"240","leshua_order_id":"1805231954237369","merchant_id":"6008005629","nonce_str":"TAJPWBICVCAHBR2T78V5HJBEVYKP3Y13","pay_way":"WXZF","result_code":"0","sign":"6E9E12A44D527FE6D0A533F1EBEC08B3","status":"0","third_order_id":"2018052319542916751"}

2018-05-23 19:54:45:参数:{"merchant_id":"6008005629","service":"query_status","third_order_id":"2018052319542916751","nonce_str":"Q2MVN0PDA1GBK5WZY6J8XJTDEKETF1YE","sign":"B740741F1DB9AFA2E08D240902391EC1"}

2018-05-23 19:54:46:支付成功:{"resp_code":"0","amount":"240","bank_type":"CFT","leshua_order_id":"1805231954237369","merchant_id":"6008005629","nonce_str":"BDRFHYFAK9KCEMFIMLFIEQ6QIVH6SLGV","openid":"oRfOu1aSTc0fEaWwOq-jEcS5rJMA","out_transaction_id":"4200000110201805232642718888","pay_time":"2018-05-23 19:54:46","pay_way":"WXZF","result_code":"0","sign":"DA90DC11924E613E5218DE92B89F7AB0","status":"2","third_order_id":"2018052319542916751"}

2018-05-23 20:04:48:参数:{"merchant_id":"6008005629","service":"query_status","third_order_id":"2018052320044713408","nonce_str":"8888EDGAQNN3Q9DQDOSKHYJ7ZRMZP5NP","sign":"CE9D89149260F4AE11E188EA89A04C05"}

2018-05-23 20:04:53:继续查询:{"resp_code":"0","amount":"650","leshua_order_id":"1805232004401338","merchant_id":"6008005629","nonce_str":"TFRDOW7PQCWNL58P0O9OW322SE5TT3L1","pay_way":"ZFBZF","result_code":"0","sign":"0722535FDCBC3E9008430394A0718EE7","status":"0","third_order_id":"2018052320044713408"}

2018-05-23 20:04:53:参数:{"merchant_id":"6008005629","service":"query_status","third_order_id":"2018052320044713408","nonce_str":"WQQ5EMKO4LY2QA9PBVZKZJ51O7LVRGK5","sign":"E89B9BDF93D696BAA6A904BDBB46D8F5"}

2018-05-23 20:04:59:继续查询:{"resp_code":"0","amount":"650","leshua_order_id":"1805232004401338","merchant_id":"6008005629","nonce_str":"NI7G63JD341B77WG0J7TBZAKYZXDK6VB","pay_way":"ZFBZF","result_code":"0","sign":"AD21BF83324924E61FEE87F0872B3C81","status":"0","third_order_id":"2018052320044713408"}

2018-05-23 20:04:59:参数:{"merchant_id":"6008005629","service":"query_status","third_order_id":"2018052320044713408","nonce_str":"31V07VM9IFC4PEM9N7B4E9GVFRVMIR90","sign":"892DBD7CDAA36BB9A65E4713D5AFBA0F"}

2018-05-23 20:05:04:继续查询:{"resp_code":"0","amount":"650","leshua_order_id":"1805232004401338","merchant_id":"6008005629","nonce_str":"SO0YI10I3PP83P8EY5PG8NDEMSAAK243","pay_way":"ZFBZF","result_code":"0","sign":"A71F75156D8A336F3D8805D1A3BA7363","status":"0","third_order_id":"2018052320044713408"}

2018-05-23 20:05:04:参数:{"merchant_id":"6008005629","service":"query_status","third_order_id":"2018052320044713408","nonce_str":"DHY501B0FB9M4RC7QA5TV4GQC10NDQVV","sign":"A4C57BDCA6185FB46043CF282BF162D3"}

2018-05-23 20:05:09:继续查询:{"resp_code":"0","amount":"650","leshua_order_id":"1805232004401338","merchant_id":"6008005629","nonce_str":"8KFHJCLNVKIF20ZJHEGMJ2LCIH046NHJ","pay_way":"ZFBZF","result_code":"0","sign":"2C52FA32E948A9CE4FD7A40BB3F42B5F","status":"0","third_order_id":"2018052320044713408"}

2018-05-23 20:05:09:参数:{"merchant_id":"6008005629","service":"query_status","third_order_id":"2018052320044713408","nonce_str":"50NZR0EP68CF60LR6WIOU5U9IQ22P6KL","sign":"E29CEAD0097114B26296DECFC6C8F7D0"}

2018-05-23 20:05:15:继续查询:{"resp_code":"0","amount":"650","leshua_order_id":"1805232004401338","merchant_id":"6008005629","nonce_str":"KA349EHADJUMDNY47JBEUMQQEYC9AXSL","pay_way":"ZFBZF","result_code":"0","sign":"6C3AFE595571B59EBB11B8365BFC13D8","status":"0","third_order_id":"2018052320044713408"}

2018-05-23 20:05:15:参数:{"merchant_id":"6008005629","service":"query_status","third_order_id":"2018052320044713408","nonce_str":"ZI0WWEW9TUOCUCUOQHUPQRKJQZ0VPQ9A","sign":"21F3B0B140D4DBEB1178EBAA9B9BBEF5"}

2018-05-23 20:05:20:继续查询:{"resp_code":"0","amount":"650","leshua_order_id":"1805232004401338","merchant_id":"6008005629","nonce_str":"0NWY04KGS9ANVF0PMR8KLM0EALZ0AOLI","pay_way":"ZFBZF","result_code":"0","sign":"98BCB69B0569A9A4DEFDE97A33310B88","status":"0","third_order_id":"2018052320044713408"}

2018-05-23 20:05:20:参数:{"merchant_id":"6008005629","service":"query_status","third_order_id":"2018052320044713408","nonce_str":"ZC1VRUIYDS01HZE8PWVYBNKM9WPX2FZL","sign":"414BE121C5363EA89FB1FAFB4B8FBAC7"}

2018-05-23 20:05:22:参数:{"merchant_id":"6008005629","service":"query_status","third_order_id":"2018052320044713408","nonce_str":"GGR80H3S8F06X060TLO9G59JDZTG379F","sign":"5D4831409DEEEE003636ACD29515B779"}

2018-05-23 20:05:22:支付失败:{"resp_code":"0","amount":"650","leshua_order_id":"1805232004401338","merchant_id":"6008005629","nonce_str":"4VOW5D3N1OLSD0UTIFCHMLB1CVF6VLBM","pay_way":"ZFBZF","result_code":"0","sign":"2EE4FFA880A439F7FB02289799DF82C1","status":"6","third_order_id":"2018052320044713408"}

2018-05-23 21:30:30:参数:{"merchant_id":"6008005629","service":"query_status","third_order_id":"2018052321302964409","nonce_str":"M7CVT04E93M1NV9JH9O5EWWOIDPA4I6Q","sign":"679421018A69948656D2407AEAB18FF7"}

2018-05-23 21:30:35:继续查询:{"resp_code":"0","amount":"530","leshua_order_id":"1805232130201889","merchant_id":"6008005629","nonce_str":"605GBJASZTH1KTM59SYYFNEZE88190TZ","pay_way":"ZFBZF","result_code":"0","sign":"384E27D2D97C6BAD75CE59B8FB2E2B23","status":"0","third_order_id":"2018052321302964409"}

2018-05-23 21:30:35:参数:{"merchant_id":"6008005629","service":"query_status","third_order_id":"2018052321302964409","nonce_str":"9DV5JVD18D59U7GYLMK8GNC4K7CY57QL","sign":"DFC6ACB170AC8C4BD2E14F6D43D2D07A"}

2018-05-23 21:30:41:继续查询:{"resp_code":"0","amount":"530","leshua_order_id":"1805232130201889","merchant_id":"6008005629","nonce_str":"HF94C2FAYSPPAII4A5NQTKI02S0AHUPY","pay_way":"ZFBZF","result_code":"0","sign":"C7938EF3C791B82616375F941EDE13C0","status":"0","third_order_id":"2018052321302964409"}

2018-05-23 21:30:41:参数:{"merchant_id":"6008005629","service":"query_status","third_order_id":"2018052321302964409","nonce_str":"TD4FUPH10IV5FXTLYE607X5Y8REWH9QF","sign":"2D1CAECAA18F539A849198461EEE4892"}

2018-05-23 21:30:41:支付成功:{"resp_code":"0","amount":"530","bank_type":"DEBIT_CARD","leshua_order_id":"1805232130201889","merchant_id":"6008005629","nonce_str":"SCXF1KTEKKRSQZCT7PSW6P735S3QO38N","openid":"2088822732939720","out_transaction_id":"2018052321001004720267248564","pay_time":"2018-05-23 21:30:41","pay_way":"ZFBZF","result_code":"0","sign":"5537D4531316422EFEED4D2D24BA976C","status":"2","third_order_id":"2018052321302964409"}

2018-05-23 22:21:34:参数:{"merchant_id":"6008005629","service":"query_status","third_order_id":"2018052322213311305","nonce_str":"H7BRRTMJHURUMT228RKBJYQJUTCZZP5W","sign":"50A081E3C64DD8A4B1E099A9B82979E0"}

2018-05-23 22:21:39:继续查询:{"resp_code":"0","amount":"69092800","leshua_order_id":"1805232221336985","merchant_id":"6008005629","nonce_str":"0OM4FATQFEO1YLPDE3ZFN7JNMSR2ZSNB","pay_way":"ZFBZF","result_code":"0","sign":"5965113B833CC66F40089AC351849EFF","status":"0","third_order_id":"2018052322213311305"}

2018-05-23 22:21:39:参数:{"merchant_id":"6008005629","service":"query_status","third_order_id":"2018052322213311305","nonce_str":"84Q7O1EQ0U1BR08ISA1ZQRUOE5XXDFQA","sign":"DC65ACD15058E63262DC6EF95D99EA6D"}

2018-05-23 22:21:45:继续查询:{"resp_code":"0","amount":"69092800","leshua_order_id":"1805232221336985","merchant_id":"6008005629","nonce_str":"D5L4NFW6RQ3Q1TC8ICIH8FQHZDAM876S","pay_way":"ZFBZF","result_code":"0","sign":"36DA4E1A426BA73A65B7CD59169587C2","status":"0","third_order_id":"2018052322213311305"}

2018-05-23 22:21:45:参数:{"merchant_id":"6008005629","service":"query_status","third_order_id":"2018052322213311305","nonce_str":"4L9NFY6OI4CYK6GXI52BHQG4UNEXCZWY","sign":"2AD51F41987B2602179918C0A1DEFF22"}

2018-05-23 22:21:50:继续查询:{"resp_code":"0","amount":"69092800","leshua_order_id":"1805232221336985","merchant_id":"6008005629","nonce_str":"GJNYLATN9U3T073M3YLR8YG7N9CY89FH","pay_way":"ZFBZF","result_code":"0","sign":"8BAC5BDA7DE7F467078B9E47845256FA","status":"0","third_order_id":"2018052322213311305"}

2018-05-23 22:21:50:参数:{"merchant_id":"6008005629","service":"query_status","third_order_id":"2018052322213311305","nonce_str":"KPRM8QNR2YNRHDLR1BIO7RG0881YJICD","sign":"FAC3D7C06EF1C7BB3D43EA8E876A2445"}

2018-05-23 22:21:55:继续查询:{"resp_code":"0","amount":"69092800","leshua_order_id":"1805232221336985","merchant_id":"6008005629","nonce_str":"PFFKKOE5DEZOG5KRZE9M0DFN4M3VQ9JY","pay_way":"ZFBZF","result_code":"0","sign":"D4E76849FA2F47F7552CF9CB2B79E3AD","status":"0","third_order_id":"2018052322213311305"}

2018-05-23 22:21:55:参数:{"merchant_id":"6008005629","service":"query_status","third_order_id":"2018052322213311305","nonce_str":"CA23FMHDXNAPCOMWPW22LL6N41BP5H01","sign":"97A85914D86FF7C5D718C35B85263289"}

2018-05-23 22:22:01:继续查询:{"resp_code":"0","amount":"69092800","leshua_order_id":"1805232221336985","merchant_id":"6008005629","nonce_str":"NVGCC0T951MXHXMYM8I42MSVVJ6ZPE1P","pay_way":"ZFBZF","result_code":"0","sign":"4B7704D211A6FFEF745C168E3B378A1F","status":"0","third_order_id":"2018052322213311305"}

2018-05-23 22:22:01:参数:{"merchant_id":"6008005629","service":"query_status","third_order_id":"2018052322213311305","nonce_str":"62OJ168CVPPG9DDSKMP2PNIZIEFA07U1","sign":"0AE1A7766411ACD7451E63D96368E6AA"}

2018-05-23 22:22:06:继续查询:{"resp_code":"0","amount":"69092800","leshua_order_id":"1805232221336985","merchant_id":"6008005629","nonce_str":"VNBTBMFXA8N8OWF3D992LASAVVLG98R7","pay_way":"ZFBZF","result_code":"0","sign":"BF76FF66899DA3701842844AED019471","status":"0","third_order_id":"2018052322213311305"}

2018-05-23 22:22:06:参数:{"merchant_id":"6008005629","service":"query_status","third_order_id":"2018052322213311305","nonce_str":"WEUCDB4VO0D6KUPBP8BCA7Y6RJ4ILKCD","sign":"D07E8B3F330E8BC9625FA0025AAC55EA"}

2018-05-23 22:22:07:参数:{"merchant_id":"6008005629","service":"query_status","third_order_id":"2018052322213311305","nonce_str":"0V7MFYKE1FDHSZCY00M4RQ2014QF9TZ4","sign":"6CCD7D83D56E49596A5137B7BF7AE428"}

2018-05-23 22:22:07:支付失败:{"resp_code":"0","amount":"69092800","leshua_order_id":"1805232221336985","merchant_id":"6008005629","nonce_str":"Z22ZLAXXH2B1X87DAX5YAF8MH4GFX93X","pay_way":"ZFBZF","result_code":"0","sign":"2A21DB4C4D0BE0BED7B66A30603B9936","status":"6","third_order_id":"2018052322213311305"}

2018-05-23 23:50:59:参数:{"merchant_id":"6008005629","service":"query_status","third_order_id":"2018052323505792476","nonce_str":"AALF635XI61FL6K95R2M1O1V8RI0WGPH","sign":"2ECC89AFB01CF1895358E5D842DC7725"}

2018-05-23 23:51:04:继续查询:{"resp_code":"0","amount":"300","leshua_order_id":"1805232350536875","merchant_id":"6008005629","nonce_str":"1ZUYI4WMEHY1JYW0WLH8W9OS5A3AMSGP","pay_way":"WXZF","result_code":"0","sign":"33203450525C5E92E370C8B951EC9202","status":"0","third_order_id":"2018052323505792476"}

2018-05-23 23:51:04:参数:{"merchant_id":"6008005629","service":"query_status","third_order_id":"2018052323505792476","nonce_str":"VCLC4E3Q04GI7H23CSD7402FKFXXXX7U","sign":"975CE904D95B114DCC113E7E9EE09B0B"}

2018-05-23 23:51:09:继续查询:{"resp_code":"0","amount":"300","leshua_order_id":"1805232350536875","merchant_id":"6008005629","nonce_str":"9TWD9O4QHIW4089V1KWJ503VRNAHMA6T","pay_way":"WXZF","result_code":"0","sign":"6762F19A1FFEA69B9EFA913C89693D99","status":"0","third_order_id":"2018052323505792476"}

2018-05-23 23:51:09:参数:{"merchant_id":"6008005629","service":"query_status","third_order_id":"2018052323505792476","nonce_str":"VD2203LD5DINU1L246719VGYPQ2KOGUS","sign":"93A8F157FFE42F444E1E4833B02CE55C"}

2018-05-23 23:51:15:继续查询:{"resp_code":"0","amount":"300","leshua_order_id":"1805232350536875","merchant_id":"6008005629","nonce_str":"GEO4RLY7L5ZQOK1Y2C3MGSQMO5H35H84","pay_way":"WXZF","result_code":"0","sign":"A90E98BD659886ECE1EA2EAB33269BF6","status":"0","third_order_id":"2018052323505792476"}

2018-05-23 23:51:15:参数:{"merchant_id":"6008005629","service":"query_status","third_order_id":"2018052323505792476","nonce_str":"9GGP5I113MP4O6SH7UMURL4UXGOFHGM5","sign":"9A826BA2C6776DA1ADC95D4911967EDD"}

2018-05-23 23:51:20:继续查询:{"resp_code":"0","amount":"300","leshua_order_id":"1805232350536875","merchant_id":"6008005629","nonce_str":"78283ZCLFN7M91XGIJXYNSJJDTHVN0DN","pay_way":"WXZF","result_code":"0","sign":"2740FFCD4A073CA4BB6DF08CE4DBBF43","status":"0","third_order_id":"2018052323505792476"}

2018-05-23 23:51:20:参数:{"merchant_id":"6008005629","service":"query_status","third_order_id":"2018052323505792476","nonce_str":"H7IP2DL6B2A17K9PQOFAH2U1BWOIC0AP","sign":"F99E220774DB1A5B7E554EED46644D3F"}

2018-05-23 23:51:25:继续查询:{"resp_code":"0","amount":"300","leshua_order_id":"1805232350536875","merchant_id":"6008005629","nonce_str":"L2P1TD7DRFYHM0736HA9C3YSSRWLLFGK","pay_way":"WXZF","result_code":"0","sign":"41BEE3BC96FF7F238EB7379DD481891A","status":"0","third_order_id":"2018052323505792476"}

2018-05-23 23:51:25:参数:{"merchant_id":"6008005629","service":"query_status","third_order_id":"2018052323505792476","nonce_str":"CN9BGC80AVMCFL3K4TS3XE0CNBOLUCNO","sign":"46E74287177960AF1ED4F09AF971E049"}

2018-05-23 23:51:31:继续查询:{"resp_code":"0","amount":"300","leshua_order_id":"1805232350536875","merchant_id":"6008005629","nonce_str":"BDFEC4EI8P1BZY38UC263TBGDJ6TZHUS","pay_way":"WXZF","result_code":"0","sign":"D04503AB91C5808F4B76AA3D5CBB135A","status":"0","third_order_id":"2018052323505792476"}

2018-05-23 23:51:31:参数:{"merchant_id":"6008005629","service":"query_status","third_order_id":"2018052323505792476","nonce_str":"NPWS10GNUA21QI5T1F5H16UMCIKC8OGW","sign":"631A07F55281FF8BBC9EB313403DFD11"}

2018-05-23 23:51:32:参数:{"merchant_id":"6008005629","service":"query_status","third_order_id":"2018052323505792476","nonce_str":"LABCVWEB8FGE18XITRJH4ABAJQHRY5KR","sign":"F5CF3854FB0BCA7218EB1B142E04F186"}

2018-05-23 23:51:32:支付失败:{"resp_code":"0","amount":"300","leshua_order_id":"1805232350536875","merchant_id":"6008005629","nonce_str":"N12Q4CEO4AK9F54RBA5KEO8XICPPL7EB","pay_way":"WXZF","result_code":"0","sign":"A1D631077569314C679132430BC834F6","status":"6","third_order_id":"2018052323505792476"}

2018-05-23 23:51:52:参数:{"merchant_id":"6008005629","service":"query_status","third_order_id":"2018052323515052576","nonce_str":"BZ6R23IAOXKDJ4UAMV8HB9BTGZHCPL9Y","sign":"4836FDE6FA4221429BB75D5F8B81042E"}

2018-05-23 23:51:57:继续查询:{"resp_code":"0","amount":"300","leshua_order_id":"1805232351524552","merchant_id":"6008005629","nonce_str":"2HU8E32Z9YP26R9WDCE5F4VCOJO2QDL9","pay_way":"WXZF","result_code":"0","sign":"A7B7D84B08D2DB1166D9C2E59CD6006C","status":"0","third_order_id":"2018052323515052576"}

2018-05-23 23:51:57:参数:{"merchant_id":"6008005629","service":"query_status","third_order_id":"2018052323515052576","nonce_str":"1HXCKELO59BJKKTNGBRSLMTA7B9PRAI8","sign":"BCDFC2339549C97571F2A9042110B986"}

2018-05-23 23:51:58:支付成功:{"resp_code":"0","amount":"300","bank_type":"CFT","leshua_order_id":"1805232351524552","merchant_id":"6008005629","nonce_str":"TLCPE8R4F9G3O2AZTSJMO64ZE2E1QCMZ","openid":"oRfOu1d5jmm784n0G_hh680KbqRE","out_transaction_id":"4200000120201805238582472905","pay_time":"2018-05-23 23:51:57","pay_way":"WXZF","result_code":"0","sign":"C3896E0857C8E94B16AADEF962CDADCF","status":"2","third_order_id":"2018052323515052576"}

