2018-06-17 07:18:44:参数:{"service":"close_order","merchant_id":"6008005629","third_order_id":"2018061707181065658","nonce_str":"I8ZO8PXUKPS7UETKIFPCC4TGG0Z76SIW","sign":"585AE7599FD023D4C835FFB4294386A5"}

2018-06-17 07:18:44:返回:{"resp_code":"0","amount":"2000","leshua_order_id":"1806170718126201","merchant_id":"6008005629","nonce_str":"1PI8GLIGG3BG0UQTOEXGGG3GGZYLVJGT","pay_way":"WXZF","result_code":"0","sign":"5254D0B7EA25168B7E77FDB178D8C66E","status":"6","third_order_id":"2018061707181065658"}

2018-06-17 07:27:22:参数:{"service":"close_order","merchant_id":"6008005629","third_order_id":"2018061707264765272","nonce_str":"42XAJMK2K3CPQEUB9AAHZ3K18SUFTM4H","sign":"C2BD0274CCB7E0531E5C4DAD51A95CDE"}

2018-06-17 07:27:22:返回:{"resp_code":"0","amount":"1390","leshua_order_id":"1806170726400425","merchant_id":"6008005629","nonce_str":"3BK6WDCKYDF0RQASM2SZW5VDIGE3JIKG","pay_way":"WXZF","result_code":"0","sign":"BEFA548DFFE317C09C844C967B68272A","status":"6","third_order_id":"2018061707264765272"}

2018-06-17 09:41:53:参数:{"service":"close_order","merchant_id":"6008005629","third_order_id":"2018061709411833391","nonce_str":"5DPQXU1RS1MU4JLFJSEIS4SQ7SZPIB78","sign":"C9507C609969DE97BD8620B016824267"}

2018-06-17 09:41:54:返回:{"resp_code":"0","amount":"2350","leshua_order_id":"1806170941172359","merchant_id":"6008005629","nonce_str":"VDJG7OPE0OWPD75YLL3ZHQSA6KAJCU0M","pay_way":"ZFBZF","result_code":"0","sign":"A1B1E624FD09E3BFB48A99914750175A","status":"6","third_order_id":"2018061709411833391"}

2018-06-17 10:07:22:参数:{"service":"close_order","merchant_id":"6008005629","third_order_id":"2018061710064786274","nonce_str":"WAELV52PG1KP702YPA9S4A1TPE2LNX35","sign":"F30641ECD9422A683EBC70BAB9EB2CC5"}

2018-06-17 10:07:22:返回:{"resp_code":"0","amount":"3130","leshua_order_id":"1806171006435366","merchant_id":"6008005629","nonce_str":"I8KO0COGC1DO6DN3ZQY1YEGY46R3KJP5","pay_way":"ZFBZF","result_code":"0","sign":"8415F9754443660CE41D00EE96354F31","status":"6","third_order_id":"2018061710064786274"}

2018-06-17 10:08:03:参数:{"service":"close_order","merchant_id":"6008005629","third_order_id":"2018061710072911010","nonce_str":"KFKF7ZQN5F5SEIG34O4DT50Q8LO89UP7","sign":"B959BB3D85A62367F10C5F7D275CC85B"}

2018-06-17 10:08:04:返回:{"resp_code":"0","amount":"3130","leshua_order_id":"1806171007378928","merchant_id":"6008005629","nonce_str":"OLPZIKBY2DXWEP9D3MXBTV46GWQY2J2N","pay_way":"ZFBZF","result_code":"0","sign":"4863ED59162C063E76D3487FADE1BA28","status":"6","third_order_id":"2018061710072911010"}

2018-06-17 10:18:51:参数:{"service":"close_order","merchant_id":"6008005629","third_order_id":"2018061710181767149","nonce_str":"9SFEY5C599FFDK84UJDP33MV04ILZWHW","sign":"771AD2DDB34530FFF8F5170E9DFB67A0"}

2018-06-17 10:18:52:返回:{"resp_code":"0","amount":"760","leshua_order_id":"1806171018126938","merchant_id":"6008005629","nonce_str":"LH1LKV90QBLZU7PKZHW8U61HW2EFPFNQ","pay_way":"WXZF","result_code":"0","sign":"11D0FD64387767A749D424EE23559076","status":"6","third_order_id":"2018061710181767149"}

2018-06-17 10:26:03:参数:{"service":"close_order","merchant_id":"6008005629","third_order_id":"2018061710252955730","nonce_str":"M0H7VM8E5OK68DXAD5LMJYEG0GDUMCZK","sign":"CEFEC00B103B6B79368820DA1CA92C4B"}

2018-06-17 10:26:04:返回:{"resp_code":"0","amount":"130","leshua_order_id":"1806171025232347","merchant_id":"6008005629","nonce_str":"26HZP5MTIPXCDMK6ZRDAWOI1DJ5F62IG","pay_way":"WXZF","result_code":"0","sign":"507CEEB44A56865AC9FE7D85DB10D325","status":"6","third_order_id":"2018061710252955730"}

2018-06-17 12:24:20:参数:{"service":"close_order","merchant_id":"6008005629","third_order_id":"2018061712234463701","nonce_str":"SO98GD437VPGA78UDPUDHIDE3VADFLPT","sign":"FE59846405706A06C5A940B0792703D2"}

2018-06-17 12:24:20:返回:{"resp_code":"0","amount":"550","leshua_order_id":"1806171223406762","merchant_id":"6008005629","nonce_str":"TE303F3ERJCZ0Z8L9E07PEPDVYN0PH6P","pay_way":"WXZF","result_code":"0","sign":"F43B6966B4A921FE4A2700726A7F7771","status":"6","third_order_id":"2018061712234463701"}

2018-06-17 13:53:39:参数:{"service":"close_order","merchant_id":"4909001413","third_order_id":"2018061713530447843","nonce_str":"NNHV3QRD2S0MPQ6WGE36GUE7UW7LIA53","sign":"C9F8130766F38958402919539D6B9C12"}

2018-06-17 13:53:40:返回:{"resp_code":"0","amount":"16000","leshua_order_id":"1806171353020065","merchant_id":"4909001413","nonce_str":"38PXD7CQ2FW7J2XUYX6CMR0IRI3U2JVL","pay_way":"WXZF","result_code":"0","sign":"5461A94FD5CF396D16BB64D7FB18DBA5","status":"6","third_order_id":"2018061713530447843"}

2018-06-17 16:28:42:参数:{"service":"close_order","merchant_id":"6008005629","third_order_id":"2018061716280838627","nonce_str":"L5232XPP2TC9QKG5D1EOH0LALDAXSGXB","sign":"564B956D3A7A9EF9D0556E686F74AF98"}

2018-06-17 16:28:43:返回:{"resp_code":"0","amount":"1120","leshua_order_id":"1806171628074716","merchant_id":"6008005629","nonce_str":"KC4XRARNZOJB50HQWTOVR9DRC7U28E8K","pay_way":"WXZF","result_code":"0","sign":"93F8E42DFE4B9FDCA4CE110931F8DAE4","status":"6","third_order_id":"2018061716280838627"}

2018-06-17 17:07:21:参数:{"service":"close_order","merchant_id":"6008005629","third_order_id":"2018061717064712838","nonce_str":"DKQGKCY1NXK3I7XIZQKJUUKDOTDER2PX","sign":"3F5A841A995774C37FD150713A858A1F"}

2018-06-17 17:07:21:返回:{"resp_code":"0","amount":"70","leshua_order_id":"1806171706405304","merchant_id":"6008005629","nonce_str":"XOF37DI5KP020ETW23HNR43PS42JLFO7","pay_way":"WXZF","result_code":"0","sign":"CC67EB971DA05CE3941C2160593CC7C0","status":"6","third_order_id":"2018061717064712838"}

2018-06-17 17:40:23:参数:{"service":"close_order","merchant_id":"6008005629","third_order_id":"2018061717394936489","nonce_str":"4PNA41EV0XK53TY2CE2DKTDFN6EGY7SX","sign":"04B997EC98FB26C8B86B1F0EEED1C810"}

2018-06-17 17:40:24:返回:{"resp_code":"0","amount":"100","leshua_order_id":"1806171739523906","merchant_id":"6008005629","nonce_str":"00IZC82AFM3U1XBFPIVU8CCMVJ7686Y3","pay_way":"WXZF","result_code":"0","sign":"23D4153EF2C9A984E6C6E9F6BC1CFCCC","status":"6","third_order_id":"2018061717394936489"}

2018-06-17 18:08:25:参数:{"service":"close_order","merchant_id":"6008005629","third_order_id":"2018061718075050897","nonce_str":"Y8IR0A6ZUD09FTS9NWIDNSHN5O4NZT80","sign":"FCE89A8BBD45A99D87AA2C53A1C77D96"}

2018-06-17 18:08:26:返回:{"resp_code":"0","amount":"330","leshua_order_id":"1806171807504436","merchant_id":"6008005629","nonce_str":"V0JV4I76O86OJ89SRX7F75M3M9PPN6V3","pay_way":"WXZF","result_code":"0","sign":"5679FBC555BD061F2D71F245258C359F","status":"6","third_order_id":"2018061718075050897"}

2018-06-17 18:09:52:参数:{"service":"close_order","merchant_id":"6008005629","third_order_id":"2018061718091726555","nonce_str":"BQLYGOJ25D5O463GTEQTN9P25113J0N0","sign":"D17CFC22828D97C9FA00517EA4128369"}

2018-06-17 18:09:52:返回:{"resp_code":"0","amount":"330","leshua_order_id":"1806171809137411","merchant_id":"6008005629","nonce_str":"7A6LWVMW00Q2Z6JICF4C3TO10BKB6W30","pay_way":"WXZF","result_code":"0","sign":"65F377B08601494FEDC70E8E7747969E","status":"6","third_order_id":"2018061718091726555"}

2018-06-17 18:29:44:参数:{"service":"close_order","merchant_id":"6008005629","third_order_id":"2018061718291048824","nonce_str":"Z8CB13MFWZ2BUJEW3CU544G5237PHU1A","sign":"D4021BF759F0B63B32D5423CAE0878C9"}

2018-06-17 18:29:44:返回:{"resp_code":"0","amount":"300","leshua_order_id":"1806171829171740","merchant_id":"6008005629","nonce_str":"OLD5MWWFDRHY6VC174TC2P3A5DES36HQ","pay_way":"WXZF","result_code":"0","sign":"15AF28DE62B7211AB80170494897AA15","status":"6","third_order_id":"2018061718291048824"}

2018-06-17 18:37:44:参数:{"service":"close_order","merchant_id":"6008005629","third_order_id":"2018061718370786037","nonce_str":"V6M1TPIRSYTFV7JKI15LD9LQG0TU673B","sign":"2233FF3243946A70742B5B98B7C12405"}

2018-06-17 18:37:44:返回:{"resp_code":"0","amount":"1200","leshua_order_id":"1806171837074336","merchant_id":"6008005629","nonce_str":"7B3FZF46NVXBQE8NNA7MKLUF2TLKQMO3","pay_way":"WXZF","result_code":"0","sign":"25EF78E711E6BE3AEB4FAD00AEDFB986","status":"6","third_order_id":"2018061718370786037"}

2018-06-17 19:43:42:参数:{"service":"close_order","merchant_id":"6008005629","third_order_id":"2018061719430823080","nonce_str":"HCVLJMZZA8E2WMX18ZW2ONPVK5W4ERMY","sign":"D0DC6DA155090D9128E515AA369781D9"}

2018-06-17 19:43:42:返回:{"resp_code":"0","amount":"1770","leshua_order_id":"1806171943029424","merchant_id":"6008005629","nonce_str":"1GDAL33635Q0LOQZ80NFEQDG93GC114K","pay_way":"ZFBZF","result_code":"0","sign":"BF297230CF9900946F5E5DAD7FEAD5F2","status":"6","third_order_id":"2018061719430823080"}

2018-06-17 19:44:51:参数:{"service":"close_order","merchant_id":"6008005629","third_order_id":"2018061719441820281","nonce_str":"WE52XWY8P5R5DCOOIU9I8YPSOQFUWQPQ","sign":"E5B3877265BBFC3C5CA3F2E9352E7459"}

2018-06-17 19:44:52:返回:{"resp_code":"0","amount":"1770","leshua_order_id":"1806171944174884","merchant_id":"6008005629","nonce_str":"BJUNKOC8KQL75AF1F909QD7IVNPVEYEP","pay_way":"ZFBZF","result_code":"0","sign":"0A09417A90D08ED0AFD391C3B6C481D2","status":"6","third_order_id":"2018061719441820281"}

2018-06-17 19:45:30:参数:{"service":"close_order","merchant_id":"6008005629","third_order_id":"2018061719445583817","nonce_str":"9Z88NL9XSUERBDJ3X85GS5S2EWBTTU9C","sign":"1A47011496070FA79B5F4F36350013E7"}

2018-06-17 19:45:30:返回:{"resp_code":"0","amount":"250","leshua_order_id":"1806171944575100","merchant_id":"6008005629","nonce_str":"AUUWS83YXMA5CB9GPPPOWXYVD1CVP8QL","pay_way":"WXZF","result_code":"0","sign":"A2843A6FD4412A026036E0EFE8F7C1EF","status":"6","third_order_id":"2018061719445583817"}

2018-06-17 20:23:24:参数:{"service":"close_order","merchant_id":"6008005629","third_order_id":"2018061720224974670","nonce_str":"TDMNQZAH79NG5WAMPJNV9UR4G7BV32LC","sign":"E0C4D30B6257815A9F22219F82DF0096"}

2018-06-17 20:23:24:返回:{"resp_code":"0","amount":"760","leshua_order_id":"1806172022424212","merchant_id":"6008005629","nonce_str":"GN8T7B07L5U6HTZDGD5NFEALGMNDEJ2B","pay_way":"WXZF","result_code":"0","sign":"FDBA1774FFBCA59D03C3281E901C8147","status":"6","third_order_id":"2018061720224974670"}

