2018-04-27 08:19:56:参数:{"merchant_id":"6008005629","service":"query_status","third_order_id":"2018042708195480661","nonce_str":"YT2VVOSOPZS7D868DO7V73R8LC4Z2MXU","sign":"82E219765FBFF796FA47BEE560E09F9B"}

2018-04-27 08:20:02:继续查询:{"resp_code":"0","amount":"22000","leshua_order_id":"1804270819531875","merchant_id":"6008005629","nonce_str":"M4FE9JNR8LKCQXM1FW2BB5GM49CDY9ER","pay_way":"ZFBZF","result_code":"0","sign":"6989C029A73E7101EF83CABDD100AC8E","status":"0","third_order_id":"2018042708195480661"}

2018-04-27 08:20:02:参数:{"merchant_id":"6008005629","service":"query_status","third_order_id":"2018042708195480661","nonce_str":"YW4G43PX9KHIRAPPIVTF9GGRQZ3F318I","sign":"DC4998916FFE16A2F6D182B4E30FF748"}

2018-04-27 08:20:07:继续查询:{"resp_code":"0","amount":"22000","leshua_order_id":"1804270819531875","merchant_id":"6008005629","nonce_str":"S5F9XA3OYGSNKSS3YHLDYNVJMGGXEY3Y","pay_way":"ZFBZF","result_code":"0","sign":"AAFC126CF9D9CE5B210F318262EDBCD9","status":"0","third_order_id":"2018042708195480661"}

2018-04-27 08:20:07:参数:{"merchant_id":"6008005629","service":"query_status","third_order_id":"2018042708195480661","nonce_str":"KN502STM1NX6GMKJBBRFBQMXL2WT274S","sign":"E5EA32484CBFAAC8BD5B679E200C507C"}

2018-04-27 08:20:13:继续查询:{"resp_code":"0","amount":"22000","leshua_order_id":"1804270819531875","merchant_id":"6008005629","nonce_str":"AEYSZN2LW310YYKTT3FTDYUALSRBWDH3","pay_way":"ZFBZF","result_code":"0","sign":"EC7E8D2CF7D287E0B407F85A9E990CE3","status":"0","third_order_id":"2018042708195480661"}

2018-04-27 08:20:13:参数:{"merchant_id":"6008005629","service":"query_status","third_order_id":"2018042708195480661","nonce_str":"FJO10FNA2EHND9WQ1ALHN2HFCN1XS7JP","sign":"B76B87162420A993125F526CF30CE74D"}

2018-04-27 08:20:18:继续查询:{"resp_code":"0","amount":"22000","leshua_order_id":"1804270819531875","merchant_id":"6008005629","nonce_str":"L5GQRU759NOMLW84GSHE2UYFX1A6SSJP","pay_way":"ZFBZF","result_code":"0","sign":"989327B3345FE4C0244C3EC553D2E6A2","status":"0","third_order_id":"2018042708195480661"}

2018-04-27 08:20:18:参数:{"merchant_id":"6008005629","service":"query_status","third_order_id":"2018042708195480661","nonce_str":"WQYIB8CLPQCBZ2NF6EX8YY024R7JII4N","sign":"EE7CACE546BB321DDD34B14D53E45A69"}

2018-04-27 08:20:24:继续查询:{"resp_code":"0","amount":"22000","leshua_order_id":"1804270819531875","merchant_id":"6008005629","nonce_str":"4ZBWO8JZMQLYFBYUX5W2ZG2130XPPAIU","pay_way":"ZFBZF","result_code":"0","sign":"882B79F1BA523BF7B7C8BD6049FBC6AA","status":"0","third_order_id":"2018042708195480661"}

2018-04-27 08:20:24:参数:{"merchant_id":"6008005629","service":"query_status","third_order_id":"2018042708195480661","nonce_str":"TWXU2T88HLIMW3PWBUHFUMTUA7RPFG90","sign":"0EB99D27DE879483F2355CBCB210975C"}

2018-04-27 08:20:29:继续查询:{"resp_code":"0","amount":"22000","leshua_order_id":"1804270819531875","merchant_id":"6008005629","nonce_str":"AWIEI1329BCFL0DU5SR7F9FSQVQ2D6OZ","pay_way":"ZFBZF","result_code":"0","sign":"E2FD6199F6150A730986D1A4B725FAA3","status":"0","third_order_id":"2018042708195480661"}

2018-04-27 08:20:29:参数:{"merchant_id":"6008005629","service":"query_status","third_order_id":"2018042708195480661","nonce_str":"I2QSFVYQLXGPO2Q7I8W5EZLMDIXKS6NV","sign":"783550A3D5774C4351E0E30162D962FF"}

2018-04-27 08:20:35:继续查询:{"resp_code":"0","amount":"22000","leshua_order_id":"1804270819531875","merchant_id":"6008005629","nonce_str":"CGOT57HMYP9V6WT2ZIN5B5SOFNV5S0C0","pay_way":"ZFBZF","result_code":"0","sign":"6D47C0DD2121ACDA1D815A263E5FDA2F","status":"0","third_order_id":"2018042708195480661"}

2018-04-27 08:20:35:参数:{"merchant_id":"6008005629","service":"query_status","third_order_id":"2018042708195480661","nonce_str":"BI54B7ZLP5AWKMZTSFXEDKYL913VA3VU","sign":"8DACE4D4C2DAD9720B4D658B8E2FBA44"}

2018-04-27 08:20:40:继续查询:{"resp_code":"0","amount":"22000","leshua_order_id":"1804270819531875","merchant_id":"6008005629","nonce_str":"WX16ZMHIJSRESE1ER5EZD6UIBX8GB2ZB","pay_way":"ZFBZF","result_code":"0","sign":"F71F506783216754120F659B8D88873A","status":"0","third_order_id":"2018042708195480661"}

2018-04-27 08:20:40:参数:{"merchant_id":"6008005629","service":"query_status","third_order_id":"2018042708195480661","nonce_str":"ETP2EXDLYBINYDO37XVW5X5H4S5693A5","sign":"812324D85CA53F9ACC3E5689D2FDD192"}

2018-04-27 08:20:46:继续查询:{"resp_code":"0","amount":"22000","leshua_order_id":"1804270819531875","merchant_id":"6008005629","nonce_str":"AIJFZYBLFZF6SY31NK1QIGZYA29RO68T","pay_way":"ZFBZF","result_code":"0","sign":"75413125CFCA5D32CDC55C2E5F9751A8","status":"0","third_order_id":"2018042708195480661"}

2018-04-27 08:20:46:参数:{"merchant_id":"6008005629","service":"query_status","third_order_id":"2018042708195480661","nonce_str":"Y6DWGDHW4DWS736D1XXVBJ037AQH41EK","sign":"EE8E2181726E6F2B57C1332EF809A4FC"}

2018-04-27 08:20:51:继续查询:{"resp_code":"0","amount":"22000","leshua_order_id":"1804270819531875","merchant_id":"6008005629","nonce_str":"M0LZ2XMJYDV7LLIH0F7003TR76Y4H7O4","pay_way":"ZFBZF","result_code":"0","sign":"E57CB975681A52DBA2AF3D5D06403E5E","status":"0","third_order_id":"2018042708195480661"}

2018-04-27 08:20:51:参数:{"merchant_id":"6008005629","service":"query_status","third_order_id":"2018042708195480661","nonce_str":"F5X4RQQEIEKZBTOE2YN33HZCZ0WI8UKN","sign":"D8C19023676E99C1AE311AE17D67D51B"}

2018-04-27 08:20:57:继续查询:{"resp_code":"0","amount":"22000","leshua_order_id":"1804270819531875","merchant_id":"6008005629","nonce_str":"BU1ZHEC507ZSAW4LPJU0Y2JAZWJ0KPRL","pay_way":"ZFBZF","result_code":"0","sign":"BDA92CBF0FD6545A3896AEA1FA0F5891","status":"0","third_order_id":"2018042708195480661"}

2018-04-27 08:20:57:参数:{"merchant_id":"6008005629","service":"query_status","third_order_id":"2018042708195480661","nonce_str":"VQ5OHM07CCF62ZSGOCO8ZDW2I7EU5Z16","sign":"F62C9BD211606D965373F8B1346AD951"}

2018-04-27 08:21:02:继续查询:{"resp_code":"0","amount":"22000","leshua_order_id":"1804270819531875","merchant_id":"6008005629","nonce_str":"KMTXNQGKUHYC00QIRJWFXHB9J7VPJ2SI","pay_way":"ZFBZF","result_code":"0","sign":"1D279D9EBBBFB5F972846BED3883323F","status":"0","third_order_id":"2018042708195480661"}

2018-04-27 12:14:50:参数:{"merchant_id":"6008005629","service":"query_status","third_order_id":"2018042712144981859","nonce_str":"6C575Y4OBUEODL2G8LDR084EHDGI12GX","sign":"C6CA1A54F9AFE088BA1A3DBECE64FDEB"}

2018-04-27 12:14:56:继续查询:{"resp_code":"0","amount":"2730","leshua_order_id":"1804271214404401","merchant_id":"6008005629","nonce_str":"C5FLCV0VNP4ASDL1NZCTIXJKHG8Q3SEY","pay_way":"WXZF","result_code":"0","sign":"F8014BADB31EDF72030197283453872B","status":"0","third_order_id":"2018042712144981859"}

2018-04-27 12:14:56:参数:{"merchant_id":"6008005629","service":"query_status","third_order_id":"2018042712144981859","nonce_str":"KC406K0ERWTA60QUCQPUXQ0PPFEELTXX","sign":"254632F1C7B9F8921825A9B27583A818"}

2018-04-27 12:15:01:继续查询:{"resp_code":"0","amount":"2730","leshua_order_id":"1804271214404401","merchant_id":"6008005629","nonce_str":"H5C6ORZAEYM7V0O1G61G7D2VUH5MI3DG","pay_way":"WXZF","result_code":"0","sign":"CF197773C810CE7AB78D8C0438DE08A0","status":"0","third_order_id":"2018042712144981859"}

2018-04-27 12:15:01:参数:{"merchant_id":"6008005629","service":"query_status","third_order_id":"2018042712144981859","nonce_str":"4HP9PQTN8OP0RZX2TT3FMQ0BVKDNOB86","sign":"E4D15E81DAD66C70DB535CB2C9F0266F"}

2018-04-27 12:15:07:继续查询:{"resp_code":"0","amount":"2730","leshua_order_id":"1804271214404401","merchant_id":"6008005629","nonce_str":"0RWL3COSTKK0CIH2H7R2VPAKXLODF6VE","pay_way":"WXZF","result_code":"0","sign":"C4D0B95E4784FADAA14B510A5E42439D","status":"0","third_order_id":"2018042712144981859"}

2018-04-27 12:15:07:参数:{"merchant_id":"6008005629","service":"query_status","third_order_id":"2018042712144981859","nonce_str":"SY1ATQWRH0HN33IFQBCUU006IVPGAPA2","sign":"FCAD876E58D62AC1542DF0CF73D98838"}

2018-04-27 12:15:12:继续查询:{"resp_code":"0","amount":"2730","leshua_order_id":"1804271214404401","merchant_id":"6008005629","nonce_str":"PSZKT4FQKY15GNFUHKO0MB9GRTQ1QZNU","pay_way":"WXZF","result_code":"0","sign":"06EBAD1681DD2F802EE501E1D4F20D8E","status":"0","third_order_id":"2018042712144981859"}

2018-04-27 12:15:12:参数:{"merchant_id":"6008005629","service":"query_status","third_order_id":"2018042712144981859","nonce_str":"0BEEUHBPS163A2OULQG3G5EMNFOKCPZG","sign":"6DAADECC5BA13612FA46BDA62D2A9CC5"}

2018-04-27 12:15:17:继续查询:{"resp_code":"0","amount":"2730","leshua_order_id":"1804271214404401","merchant_id":"6008005629","nonce_str":"U3YNAKPLXLQ6BIGYTTVS0M46L6Y62D5H","pay_way":"WXZF","result_code":"0","sign":"2B8B63BCDEBF1D1FD65A51E9E9084D39","status":"0","third_order_id":"2018042712144981859"}

2018-04-27 12:15:17:参数:{"merchant_id":"6008005629","service":"query_status","third_order_id":"2018042712144981859","nonce_str":"6J0XT9GSZM6E2DMW9IEIECX5NRIFFXYB","sign":"2FA81AC416FF7E5721AAB35D531EDF8E"}

2018-04-27 12:15:23:继续查询:{"resp_code":"0","amount":"2730","leshua_order_id":"1804271214404401","merchant_id":"6008005629","nonce_str":"J0SRGXXMR25OJUS95Q5UE0YEANNPUWLH","pay_way":"WXZF","result_code":"0","sign":"7289452624C2BD3386D141501BF6402A","status":"0","third_order_id":"2018042712144981859"}

2018-04-27 12:15:23:参数:{"merchant_id":"6008005629","service":"query_status","third_order_id":"2018042712144981859","nonce_str":"U89PHSIFZNEVTVP5DFZQWA77G25YVBZH","sign":"108B92FB469E0B7F658ED6A3C9DF7165"}

2018-04-27 12:15:28:继续查询:{"resp_code":"0","amount":"2730","leshua_order_id":"1804271214404401","merchant_id":"6008005629","nonce_str":"464MU17HT6FWRYBYT0VZWRSGZ9LERCPC","pay_way":"WXZF","result_code":"0","sign":"CDDE225201CAC3C24ECA1B25C8282F26","status":"0","third_order_id":"2018042712144981859"}

2018-04-27 12:15:28:参数:{"merchant_id":"6008005629","service":"query_status","third_order_id":"2018042712144981859","nonce_str":"A7IGTDZH61D43EX8TVFVSB9SP5XYUR5T","sign":"07D9E474A2180F61048FA7A7F50C68DE"}

2018-04-27 12:15:34:继续查询:{"resp_code":"0","amount":"2730","leshua_order_id":"1804271214404401","merchant_id":"6008005629","nonce_str":"D3MIZFJZ8NVPP39T86YT78I3I4YPFQAH","pay_way":"WXZF","result_code":"0","sign":"42E23BB56402B8C24201E912361EC300","status":"0","third_order_id":"2018042712144981859"}

2018-04-27 12:15:34:参数:{"merchant_id":"6008005629","service":"query_status","third_order_id":"2018042712144981859","nonce_str":"VQOZLX6FTBGUS2CT1KHLIFX0K0TW93U0","sign":"C8CE631CF65E8DDA25175CC51A163639"}

2018-04-27 12:15:35:支付成功:{"resp_code":"0","amount":"2730","bank_type":"ICBC_DEBIT","leshua_order_id":"1804271214404401","merchant_id":"6008005629","nonce_str":"C80QTW2PMSF0E04G9P6KOQ13H6CPDTS3","openid":"oRfOu1X8pB4ea7a5tNxJ-lUVaaDU","out_transaction_id":"4200000063201804276927125388","pay_time":"2018-04-27 12:15:34","pay_way":"WXZF","result_code":"0","sign":"90068479CAD83843C6B989F5B0AC6A5F","status":"2","third_order_id":"2018042712144981859"}

2018-04-27 18:03:26:参数:{"merchant_id":"6008005629","service":"query_status","third_order_id":"2018042718032514613","nonce_str":"6U0HI1XFXDKEMI5ZDQ61I7AQAH8I4OLN","sign":"73BEDF886E275D27798CD808D676D132"}

2018-04-27 18:03:32:继续查询:{"resp_code":"0","amount":"180","leshua_order_id":"1804271803221071","merchant_id":"6008005629","nonce_str":"N147GL3PXD49K6Y8UR3GH4UZLUXSDVFP","pay_way":"WXZF","result_code":"0","sign":"D19E14C2A2AF48BB51246C06ED67A813","status":"0","third_order_id":"2018042718032514613"}

2018-04-27 18:03:32:参数:{"merchant_id":"6008005629","service":"query_status","third_order_id":"2018042718032514613","nonce_str":"LNRUZD9S2Q1WB69KRBNIH838O980CKLG","sign":"06C61F4F244FD772400C05F343A28573"}

2018-04-27 18:03:32:支付成功:{"resp_code":"0","amount":"180","bank_type":"CFT","leshua_order_id":"1804271803221071","merchant_id":"6008005629","nonce_str":"OX22DXDIOIGQ7HI9D1JVXWL3XNZVC3Y1","openid":"oRfOu1ZCvv5TBe81fidSr9P2oT50","out_transaction_id":"4200000073201804277453125671","pay_time":"2018-04-27 18:03:32","pay_way":"WXZF","result_code":"0","sign":"05DF8D45498B0C250668C9A1796F824E","status":"2","third_order_id":"2018042718032514613"}

2018-04-27 20:04:30:参数:{"merchant_id":"6008005629","service":"query_status","third_order_id":"2018042720042817015","nonce_str":"GML27JMTT5BHNU6IBKQYPTLYSCW1DPYJ","sign":"5A3092E60F03098BD7B52B2C4039D0D2"}

2018-04-27 20:04:36:继续查询:{"resp_code":"0","amount":"1300","leshua_order_id":"1804272004201230","merchant_id":"6008005629","nonce_str":"Z3K3CQJ2ETKNVBCGUQ2FS3X1ZTZM9MQX","pay_way":"WXZF","result_code":"0","sign":"C652578BC1267E2D08A005530B62A82A","status":"0","third_order_id":"2018042720042817015"}

2018-04-27 20:04:36:参数:{"merchant_id":"6008005629","service":"query_status","third_order_id":"2018042720042817015","nonce_str":"EUD88FOPW8K3SW5W7Z2JL5T13EDDN757","sign":"6166F83A08DCF49AF7D9638688D0BCCB"}

2018-04-27 20:04:41:继续查询:{"resp_code":"0","amount":"1300","leshua_order_id":"1804272004201230","merchant_id":"6008005629","nonce_str":"11T18WEASDZFOUJIZEHDZPJV27L6BL2E","pay_way":"WXZF","result_code":"0","sign":"10E63D69A130A68EDAC079DB78A5134C","status":"0","third_order_id":"2018042720042817015"}

2018-04-27 20:04:41:参数:{"merchant_id":"6008005629","service":"query_status","third_order_id":"2018042720042817015","nonce_str":"2G0NXDOJXYS361I84FVA5MH320SZ2FQC","sign":"A216AF78FEE810CECE1A86097B46406A"}

2018-04-27 20:04:42:支付成功:{"resp_code":"0","amount":"1300","bank_type":"ICBC_DEBIT","leshua_order_id":"1804272004201230","merchant_id":"6008005629","nonce_str":"AIG00OJH0KVDCLDPV4KKB7ZPMU0BCGVN","openid":"oRfOu1c-LhJBicB7fLh-wLr9Hz2g","out_transaction_id":"4200000064201804276905520648","pay_time":"2018-04-27 20:04:41","pay_way":"WXZF","result_code":"0","sign":"95C57B46DF3C9CEBF50A4BB658CFC13C","status":"2","third_order_id":"2018042720042817015"}

2018-04-27 21:22:27:参数:{"merchant_id":"6008005629","service":"query_status","third_order_id":"2018042721222624611","nonce_str":"39JVJ0KG8ZPK6LAU5PAHIITKYRVG1N9Y","sign":"D25A7C629C2506F97D1A2792B2F8A411"}

2018-04-27 21:22:32:继续查询:{"resp_code":"0","amount":"360","leshua_order_id":"1804272122233879","merchant_id":"6008005629","nonce_str":"QE4L9V8TJ3SLAL9711NRU9N96MX36GD0","pay_way":"WXZF","result_code":"0","sign":"6AFCF900BC4AC7B207E4138390210C2F","status":"0","third_order_id":"2018042721222624611"}

2018-04-27 21:22:32:参数:{"merchant_id":"6008005629","service":"query_status","third_order_id":"2018042721222624611","nonce_str":"5OC55UU3DYMXKL9CEGQBKCNKU4IQLEWQ","sign":"4E34115D85F6FA7307212F68D7EE8CFB"}

2018-04-27 21:22:38:继续查询:{"resp_code":"0","amount":"360","leshua_order_id":"1804272122233879","merchant_id":"6008005629","nonce_str":"481HA56DK8URTI5GNWJYC3T8SS7UV2XD","pay_way":"WXZF","result_code":"0","sign":"B0D0FE6E88B4F638737F054DF9F8EF8B","status":"0","third_order_id":"2018042721222624611"}

2018-04-27 21:22:38:参数:{"merchant_id":"6008005629","service":"query_status","third_order_id":"2018042721222624611","nonce_str":"IDJBTEC9LVCF9KCVBJ6R7CXRGDSLUQ60","sign":"B18AB9380298053BDA8EE930AD61358B"}

2018-04-27 21:22:43:继续查询:{"resp_code":"0","amount":"360","leshua_order_id":"1804272122233879","merchant_id":"6008005629","nonce_str":"SADBN8PU14ERI1K1CPTGUACI9J0SS9JA","pay_way":"WXZF","result_code":"0","sign":"3E21531EB5EB3144F774FF200F040D24","status":"0","third_order_id":"2018042721222624611"}

2018-04-27 21:22:43:参数:{"merchant_id":"6008005629","service":"query_status","third_order_id":"2018042721222624611","nonce_str":"DGIGXT8178AKU3QW0HMTGVOZ30VI0Q1T","sign":"90749246F3E82524B8EBBD036DCDDDF3"}

2018-04-27 21:22:48:继续查询:{"resp_code":"0","amount":"360","leshua_order_id":"1804272122233879","merchant_id":"6008005629","nonce_str":"OQS9Y1RSJ2PCP3J2YJSXMMBC11XLZ63O","pay_way":"WXZF","result_code":"0","sign":"A99D534A6AE0816AD3D67FF246863B27","status":"0","third_order_id":"2018042721222624611"}

2018-04-27 21:22:48:参数:{"merchant_id":"6008005629","service":"query_status","third_order_id":"2018042721222624611","nonce_str":"EIQT7YUCUE3MZM8SKPEB8N1S5501HVUR","sign":"5DC05469761B0F15D1884E5835F85137"}

2018-04-27 21:22:54:继续查询:{"resp_code":"0","amount":"360","leshua_order_id":"1804272122233879","merchant_id":"6008005629","nonce_str":"Z9EGNTCK5ZAZCSTMSIQ37WZC6AZQ6V0M","pay_way":"WXZF","result_code":"0","sign":"D79216561F8944C10E7F540CA5803DC9","status":"0","third_order_id":"2018042721222624611"}

2018-04-27 21:22:54:参数:{"merchant_id":"6008005629","service":"query_status","third_order_id":"2018042721222624611","nonce_str":"XF3ZKRAORM5R8GVSQXYW1DC7QMCQ8EG2","sign":"43169A8FFEDA5819C2B3E253DABF3C0D"}

2018-04-27 21:22:59:继续查询:{"resp_code":"0","amount":"360","leshua_order_id":"1804272122233879","merchant_id":"6008005629","nonce_str":"FOZSM2UYIB4PLZBQBY368ILW675AG9ZH","pay_way":"WXZF","result_code":"0","sign":"5A0E032ABB207040FD17D46FCDFD4A88","status":"0","third_order_id":"2018042721222624611"}

2018-04-27 21:22:59:参数:{"merchant_id":"6008005629","service":"query_status","third_order_id":"2018042721222624611","nonce_str":"51T2M3LN8L0NEGBUAM9H4MJCG94E376H","sign":"CD9507CA99C0E5F9C83020694F6CAA42"}

2018-04-27 21:23:04:继续查询:{"resp_code":"0","amount":"360","leshua_order_id":"1804272122233879","merchant_id":"6008005629","nonce_str":"6I1DL04FCGIS0SMH1WO6KS9C04L3ACLS","pay_way":"WXZF","result_code":"0","sign":"B173933A557BAD4B8F2E0439259A778F","status":"0","third_order_id":"2018042721222624611"}

2018-04-27 21:23:04:参数:{"merchant_id":"6008005629","service":"query_status","third_order_id":"2018042721222624611","nonce_str":"PU7W6962TY7XH7RV6UNZIE7GEYB7UOU3","sign":"16B22F4AA4CC52838F810E08998055C3"}

2018-04-27 21:23:10:继续查询:{"resp_code":"0","amount":"360","leshua_order_id":"1804272122233879","merchant_id":"6008005629","nonce_str":"X21LZPNBJDD5C4358CPUCS4P8AAS9NIP","pay_way":"WXZF","result_code":"0","sign":"74DFAE1F7D9FF84C029098A5081F9DBA","status":"0","third_order_id":"2018042721222624611"}

2018-04-27 21:23:10:参数:{"merchant_id":"6008005629","service":"query_status","third_order_id":"2018042721222624611","nonce_str":"V8KBJNENBSU0HLRO7KK6432UJ47897YA","sign":"1412B3C62BDFE2CA493B89D37EBECEAF"}

2018-04-27 21:23:15:继续查询:{"resp_code":"0","amount":"360","leshua_order_id":"1804272122233879","merchant_id":"6008005629","nonce_str":"TBRWYTPMTB7VEUIWEAHSDUNZGYL7RPN4","pay_way":"WXZF","result_code":"0","sign":"E18782D086E7A54E931F6A7A268CD29F","status":"0","third_order_id":"2018042721222624611"}

2018-04-27 21:23:15:参数:{"merchant_id":"6008005629","service":"query_status","third_order_id":"2018042721222624611","nonce_str":"CNE0RGOQ9PHXEKGK0NLHND1OBXC493XN","sign":"89A1EA532728A43F92BA38E0F4FEEE3E"}

2018-04-27 21:23:21:继续查询:{"resp_code":"0","amount":"360","leshua_order_id":"1804272122233879","merchant_id":"6008005629","nonce_str":"0V70MUW39DCWWA6O5HJISYZBX85O00M6","pay_way":"WXZF","result_code":"0","sign":"404EDFF4A52F969FCAE2FF8E1D22ADB0","status":"0","third_order_id":"2018042721222624611"}

2018-04-27 21:23:21:参数:{"merchant_id":"6008005629","service":"query_status","third_order_id":"2018042721222624611","nonce_str":"DFA2PP0C7PTF99K7O3T3D788QNBZBAAM","sign":"97A2BBF933AA85960EDA1BCC3C22E7B0"}

2018-04-27 21:23:26:继续查询:{"resp_code":"0","amount":"360","leshua_order_id":"1804272122233879","merchant_id":"6008005629","nonce_str":"TRIW2BJO42BHV4C9R92SPJLE9PZ2XCCB","pay_way":"WXZF","result_code":"0","sign":"EEECBD103D3F85BE283C04DD532455DF","status":"0","third_order_id":"2018042721222624611"}

2018-04-27 21:23:26:参数:{"merchant_id":"6008005629","service":"query_status","third_order_id":"2018042721222624611","nonce_str":"PA4HCLHMOFW00BX65FKFKJRJU0INR1Z5","sign":"E86F4A1672BC186CB0AE699AE8666E47"}

2018-04-27 21:23:32:继续查询:{"resp_code":"0","amount":"360","leshua_order_id":"1804272122233879","merchant_id":"6008005629","nonce_str":"LGN937C860R5DP09HDGDBBUWA12BYB99","pay_way":"WXZF","result_code":"0","sign":"CEFC599A243D4093E89DB5B23CF192EB","status":"0","third_order_id":"2018042721222624611"}

2018-04-27 21:31:56:参数:{"merchant_id":"6008005629","service":"query_status","third_order_id":"2018042721315477523","nonce_str":"2A8HVFKRMP1SDB3TK5QN3DA4GEBOWQBR","sign":"07104E03AF0B18B2DD9643A751CE8C3B"}

2018-04-27 21:32:01:继续查询:{"resp_code":"0","amount":"300","leshua_order_id":"1804272131508577","merchant_id":"6008005629","nonce_str":"Q5RGL7HBBPKVI2C5DW4QFQJJQ677E2OA","pay_way":"WXZF","result_code":"0","sign":"C8EAA98DF4A8568BB472B637820F3D0C","status":"0","third_order_id":"2018042721315477523"}

2018-04-27 21:32:01:参数:{"merchant_id":"6008005629","service":"query_status","third_order_id":"2018042721315477523","nonce_str":"8TP2A1EO974RO9M9TK82CZ168TZ3SCR4","sign":"991969DA78488A23D17059E92D360A32"}

2018-04-27 21:32:07:继续查询:{"resp_code":"0","amount":"300","leshua_order_id":"1804272131508577","merchant_id":"6008005629","nonce_str":"J3ZZU42K4VSR7E1WY8O4KQYKG5KM2MRU","pay_way":"WXZF","result_code":"0","sign":"3AD302E13B37820847B9CC3BF2739E53","status":"0","third_order_id":"2018042721315477523"}

2018-04-27 21:32:07:参数:{"merchant_id":"6008005629","service":"query_status","third_order_id":"2018042721315477523","nonce_str":"789M0KSWD53OH8N15C9MJMI3U76T9KZO","sign":"9893941E961F0F1239E520FEFE0851BB"}

2018-04-27 21:32:12:继续查询:{"resp_code":"0","amount":"300","leshua_order_id":"1804272131508577","merchant_id":"6008005629","nonce_str":"UBSLZW80UA0YOJBFCRA38U76ACQHQ6JA","pay_way":"WXZF","result_code":"0","sign":"BA9900626DB541E068536B8CD7E7EB42","status":"0","third_order_id":"2018042721315477523"}

2018-04-27 21:32:12:参数:{"merchant_id":"6008005629","service":"query_status","third_order_id":"2018042721315477523","nonce_str":"P189CJWG9V8J3K6VL6MUGJYUV1Y3TQVG","sign":"05822AEBC14EBF72F066AD49CFFBAC40"}

2018-04-27 21:32:18:继续查询:{"resp_code":"0","amount":"300","leshua_order_id":"1804272131508577","merchant_id":"6008005629","nonce_str":"0SZF3S1U4B6ACR76ENXDFV8XTE5G5NOP","pay_way":"WXZF","result_code":"0","sign":"670AC4F3B340A39B29DC3283E83C6260","status":"0","third_order_id":"2018042721315477523"}

2018-04-27 21:32:18:参数:{"merchant_id":"6008005629","service":"query_status","third_order_id":"2018042721315477523","nonce_str":"TSHA7UP52L2EI45UZTKHWMTN4NWEJINY","sign":"2E7C71F83EA94C9FD5F011652E54BF67"}

2018-04-27 21:32:23:继续查询:{"resp_code":"0","amount":"300","leshua_order_id":"1804272131508577","merchant_id":"6008005629","nonce_str":"3S4E7PU6ELC2SATQL1QTAJ1QTG49IDUW","pay_way":"WXZF","result_code":"0","sign":"D719BAB346CA0DCCFB0ED2F577871768","status":"0","third_order_id":"2018042721315477523"}

2018-04-27 21:32:23:参数:{"merchant_id":"6008005629","service":"query_status","third_order_id":"2018042721315477523","nonce_str":"G3ZGANUJ32HO7TPT9IWLQ3CTAXFZNUYL","sign":"2BD590303ED419CB368CE5660CCF129C"}

2018-04-27 21:32:28:继续查询:{"resp_code":"0","amount":"300","leshua_order_id":"1804272131508577","merchant_id":"6008005629","nonce_str":"9NGFDRL14R6ZIUCTE2WQ0TLGPKE2WBQW","pay_way":"WXZF","result_code":"0","sign":"986D4CD9B09CC0D6F70ABF44ED638C73","status":"0","third_order_id":"2018042721315477523"}

2018-04-27 21:32:28:参数:{"merchant_id":"6008005629","service":"query_status","third_order_id":"2018042721315477523","nonce_str":"GS3NH4Y24JH2Z188GEN4VVVU4DSAOAZK","sign":"9C8B5C20B49F7ED80ABFE406D0DF2AA5"}

2018-04-27 21:32:34:继续查询:{"resp_code":"0","amount":"300","leshua_order_id":"1804272131508577","merchant_id":"6008005629","nonce_str":"O5BRM1Q7JEBMDZ8U5QH9ACC9FB530TNN","pay_way":"WXZF","result_code":"0","sign":"FA61F3F0604CA06326EA7D8529196967","status":"0","third_order_id":"2018042721315477523"}

2018-04-27 21:32:34:参数:{"merchant_id":"6008005629","service":"query_status","third_order_id":"2018042721315477523","nonce_str":"N4MNZU66C20JXXKH62AALQM57OKXT2I2","sign":"D316103DA685460DDA45CBC8CF5F52EB"}

2018-04-27 21:32:39:继续查询:{"resp_code":"0","amount":"300","leshua_order_id":"1804272131508577","merchant_id":"6008005629","nonce_str":"WNDWVKBRUABAECJ1U912TKEDJ9VUXZ3Y","pay_way":"WXZF","result_code":"0","sign":"00CA8F2D98A9F92CD7BF64910EF7DCD5","status":"0","third_order_id":"2018042721315477523"}

2018-04-27 21:32:39:参数:{"merchant_id":"6008005629","service":"query_status","third_order_id":"2018042721315477523","nonce_str":"XSKREX2L0GZGDDTVQO97MX3JSZI4QWQX","sign":"D5BBEEEE26D2E0EED0B987E5D2C225BC"}

2018-04-27 21:32:45:继续查询:{"resp_code":"0","amount":"300","leshua_order_id":"1804272131508577","merchant_id":"6008005629","nonce_str":"G4UWNHSRV8EYKR27VQ93QBMW7QJLPP3S","pay_way":"WXZF","result_code":"0","sign":"4791D36F86D0FB202B2193DFC9490B48","status":"0","third_order_id":"2018042721315477523"}

2018-04-27 21:32:45:参数:{"merchant_id":"6008005629","service":"query_status","third_order_id":"2018042721315477523","nonce_str":"F227ME65ACCZ4HHTLJ5VVTJLM1JXMYT9","sign":"46B75553F1BC4952038698070D83137D"}

2018-04-27 21:32:50:继续查询:{"resp_code":"0","amount":"300","leshua_order_id":"1804272131508577","merchant_id":"6008005629","nonce_str":"A74VISPKD1AA76QI9W47GI879TOQD7BN","pay_way":"WXZF","result_code":"0","sign":"5F2779452AD15A050F679C63ADB79843","status":"0","third_order_id":"2018042721315477523"}

2018-04-27 21:32:50:参数:{"merchant_id":"6008005629","service":"query_status","third_order_id":"2018042721315477523","nonce_str":"I42V25QRID0J4XT0AXKSU107ZZ6RGH38","sign":"0971B1C260C90B684E195FFF8F8DF7B8"}

2018-04-27 21:32:56:继续查询:{"resp_code":"0","amount":"300","leshua_order_id":"1804272131508577","merchant_id":"6008005629","nonce_str":"R16SFM5VMPOHS15WTDDY3012TGSQ0MRL","pay_way":"WXZF","result_code":"0","sign":"9C6D176B88D112C89E073611B9F58B4B","status":"0","third_order_id":"2018042721315477523"}

2018-04-27 21:32:56:参数:{"merchant_id":"6008005629","service":"query_status","third_order_id":"2018042721315477523","nonce_str":"1QMCQB9TWPWUAWOJV6P491ED4T1MOQ39","sign":"8D33ABD7C3DF19E9AE708883A3179E79"}

2018-04-27 21:33:01:继续查询:{"resp_code":"0","amount":"300","leshua_order_id":"1804272131508577","merchant_id":"6008005629","nonce_str":"3JI4QHMC4Q3OQXAAJ3J0Q03V28PY5FQO","pay_way":"WXZF","result_code":"0","sign":"B5F4DE411E7925CED2F86752FC13056D","status":"0","third_order_id":"2018042721315477523"}

2018-04-27 23:16:30:参数:{"merchant_id":"6008005629","service":"query_status","third_order_id":"2018042723162961207","nonce_str":"5R8KPMI3RRXEXXB71AETB5W73IGFNVUJ","sign":"359174552F192196D2E3D03E1E7CAAA3"}

2018-04-27 23:16:35:继续查询:{"resp_code":"0","amount":"760","leshua_order_id":"1804272316232438","merchant_id":"6008005629","nonce_str":"EOLJMFRTDUSB9R85CYFOX1I2F1UES3UK","pay_way":"WXZF","result_code":"0","sign":"9B8C9B355082E05ADAF3947C255D96F7","status":"0","third_order_id":"2018042723162961207"}

2018-04-27 23:16:35:参数:{"merchant_id":"6008005629","service":"query_status","third_order_id":"2018042723162961207","nonce_str":"AHZEXHM17VCIIE7HPZVYSFNN9GZD917L","sign":"652F483985B0A66C60A31CBDD66CE256"}

2018-04-27 23:16:41:继续查询:{"resp_code":"0","amount":"760","leshua_order_id":"1804272316232438","merchant_id":"6008005629","nonce_str":"TD9Y3HVWP4ME8D9UJYQ8GLKKBN7QJT9M","pay_way":"WXZF","result_code":"0","sign":"345B363C055EC2F5C52393238A806D9C","status":"0","third_order_id":"2018042723162961207"}

2018-04-27 23:16:41:参数:{"merchant_id":"6008005629","service":"query_status","third_order_id":"2018042723162961207","nonce_str":"PLZ6XICYQKYWXGSKH8C4R0V53QBUZ3ZN","sign":"38327918FD9CA97210239A15809475FB"}

2018-04-27 23:16:46:继续查询:{"resp_code":"0","amount":"760","leshua_order_id":"1804272316232438","merchant_id":"6008005629","nonce_str":"RB4QVX2QFRFQHG67TATZB4G2AW6MVM0Q","pay_way":"WXZF","result_code":"0","sign":"C2BEDF2DD4DBB8118C6AD702640C263F","status":"0","third_order_id":"2018042723162961207"}

2018-04-27 23:16:46:参数:{"merchant_id":"6008005629","service":"query_status","third_order_id":"2018042723162961207","nonce_str":"SYUJXNJ1SQHGID2SXYCGSRCD3X1GV0KB","sign":"4C093886F0B8F08E10C722568C046BA1"}

2018-04-27 23:16:51:继续查询:{"resp_code":"0","amount":"760","leshua_order_id":"1804272316232438","merchant_id":"6008005629","nonce_str":"1SZ66ZRVBIU4IBPAE6SUUU57BHO6X5I2","pay_way":"WXZF","result_code":"0","sign":"24F88F973DE54488E6178BC0878BA0EA","status":"0","third_order_id":"2018042723162961207"}

2018-04-27 23:16:51:参数:{"merchant_id":"6008005629","service":"query_status","third_order_id":"2018042723162961207","nonce_str":"SG8RUM01IAASOJY0Y1RF6ONGXGITFZBV","sign":"B1CEDB231AE803CB036EEDD550ACD13A"}

2018-04-27 23:16:57:继续查询:{"resp_code":"0","amount":"760","leshua_order_id":"1804272316232438","merchant_id":"6008005629","nonce_str":"6XN7BMUBZFXCKA4QM7J7WLBQFZHFW7WD","pay_way":"WXZF","result_code":"0","sign":"5F33B5BAF0044A70AC00504DD5A6F11A","status":"0","third_order_id":"2018042723162961207"}

2018-04-27 23:16:57:参数:{"merchant_id":"6008005629","service":"query_status","third_order_id":"2018042723162961207","nonce_str":"2GESU4TYCFKSY52JJCF80QZU4EJKHGX4","sign":"7585FE4C282F8F62019C9AA57B40A55C"}

2018-04-27 23:17:02:继续查询:{"resp_code":"0","amount":"760","leshua_order_id":"1804272316232438","merchant_id":"6008005629","nonce_str":"8EU4HWFG7G66XHJZZRINGW6ENV02J3XY","pay_way":"WXZF","result_code":"0","sign":"F7EE8AB2339A46B9885043A08626AC0F","status":"0","third_order_id":"2018042723162961207"}

2018-04-27 23:17:02:参数:{"merchant_id":"6008005629","service":"query_status","third_order_id":"2018042723162961207","nonce_str":"5ME4WHO649SZF9NA3KJL6DGKGPWHXRRB","sign":"1A168B6E9C92AC70704F6945FE11232E"}

2018-04-27 23:17:08:继续查询:{"resp_code":"0","amount":"760","leshua_order_id":"1804272316232438","merchant_id":"6008005629","nonce_str":"0Y08Y8OUQW2TZJXC80B7NEYA2SI5P083","pay_way":"WXZF","result_code":"0","sign":"B7A657C60FBE33DFB64471AA95EB50BB","status":"0","third_order_id":"2018042723162961207"}

2018-04-27 23:17:08:参数:{"merchant_id":"6008005629","service":"query_status","third_order_id":"2018042723162961207","nonce_str":"8QQIRUNLXL69C6LNTM18RMSBPSNOEJPU","sign":"E2ED77CF3A471822EFD4046CF9279ACB"}

2018-04-27 23:17:13:继续查询:{"resp_code":"0","amount":"760","leshua_order_id":"1804272316232438","merchant_id":"6008005629","nonce_str":"7VLPMUV8BAIQ0MJPK5U978FVMYQN1ZLG","pay_way":"WXZF","result_code":"0","sign":"601B9F90722880CE20D97EBB43DC0B19","status":"0","third_order_id":"2018042723162961207"}

2018-04-27 23:17:13:参数:{"merchant_id":"6008005629","service":"query_status","third_order_id":"2018042723162961207","nonce_str":"K949OW22WCF2FNQ75WBWFGH0EWYTR3VL","sign":"1F4C6FAFD96EED8C9AC97448B2999993"}

2018-04-27 23:17:18:继续查询:{"resp_code":"0","amount":"760","leshua_order_id":"1804272316232438","merchant_id":"6008005629","nonce_str":"OF8OZHR4Z7CT8O6HNKO3R27S8PSL3H6Q","pay_way":"WXZF","result_code":"0","sign":"90D71EB8CA0418E4926ABE4880F21D24","status":"0","third_order_id":"2018042723162961207"}

2018-04-27 23:17:18:参数:{"merchant_id":"6008005629","service":"query_status","third_order_id":"2018042723162961207","nonce_str":"0H6H6ZY9CU7PLLHVRO4BER9UP3S4Q6AI","sign":"2F1BFCFEACC95EE9515C94088A156AB7"}

2018-04-27 23:17:24:继续查询:{"resp_code":"0","amount":"760","leshua_order_id":"1804272316232438","merchant_id":"6008005629","nonce_str":"OUKFAITOS42SK08NZ1B2HH7MFGR6316X","pay_way":"WXZF","result_code":"0","sign":"193E5B1CC8EADD19F8C9FF5B844746CF","status":"0","third_order_id":"2018042723162961207"}

2018-04-27 23:17:24:参数:{"merchant_id":"6008005629","service":"query_status","third_order_id":"2018042723162961207","nonce_str":"672AKOYKW8RP1OOLYT4SK97KZQYRL4ZV","sign":"0FF75F2DB00D59FC926E0BBE09DF3F9D"}

2018-04-27 23:17:29:继续查询:{"resp_code":"0","amount":"760","leshua_order_id":"1804272316232438","merchant_id":"6008005629","nonce_str":"I2ATPWDYL0I6TUET8LLVU70QT1M546PY","pay_way":"WXZF","result_code":"0","sign":"412D1191235646C3055FFAA502160567","status":"0","third_order_id":"2018042723162961207"}

2018-04-27 23:17:29:参数:{"merchant_id":"6008005629","service":"query_status","third_order_id":"2018042723162961207","nonce_str":"4JJSTD8MILTA5KOP7BU1SHNRJBEWNK91","sign":"BF1A278DCFEC445038124E148BA28744"}

2018-04-27 23:17:35:继续查询:{"resp_code":"0","amount":"760","leshua_order_id":"1804272316232438","merchant_id":"6008005629","nonce_str":"QSNGE1FQKWTX5VDDYB1AK54NE9R9Z831","pay_way":"WXZF","result_code":"0","sign":"871C5D476BB36C885105ABFEBD05DE74","status":"0","third_order_id":"2018042723162961207"}

