2018-06-02 09:23:49:参数:{"service":"close_order","merchant_id":"6008005629","third_order_id":"2018060209231542865","nonce_str":"8QOXJ2XSSPKGVZAWIDFS8PW4JFJEJBCF","sign":"F1D227DE24D20D5DD94C70E0C176720F"}

2018-06-02 09:23:50:返回:{"resp_code":"0","amount":"1400","leshua_order_id":"1806020923127211","merchant_id":"6008005629","nonce_str":"GU1BRCXC6VW8533GPJ3NCOK0O4ZF1T8H","pay_way":"WXZF","result_code":"0","sign":"EA790B820E25E44D13738DF57B3CB7A9","status":"6","third_order_id":"2018060209231542865"}

2018-06-02 11:26:55:参数:{"service":"close_order","merchant_id":"6008005629","third_order_id":"2018060211262061920","nonce_str":"5E6B8XR4LEWAHHN596XEL4685UTRN8F5","sign":"7E385BF0CF9CB55BF105EF075CD6F4DE"}

2018-06-02 11:26:55:返回:{"resp_code":"0","amount":"950","leshua_order_id":"1806021126205683","merchant_id":"6008005629","nonce_str":"1OZ3CCOUZ44CH5QMRQ2TTMHM1WDN2DSK","pay_way":"ZFBZF","result_code":"0","sign":"5B4DEE2A35BBE0328414BB8642FD24D6","status":"6","third_order_id":"2018060211262061920"}

2018-06-02 11:47:21:参数:{"service":"close_order","merchant_id":"6008005629","third_order_id":"2018060211464769384","nonce_str":"VZQ5PSAC3WUWI6UKH5KS7E1EDTQRP0XQ","sign":"8946461DF94D74D1806D4F63FDED314C"}

2018-06-02 11:47:22:返回:{"resp_code":"0","amount":"200","leshua_order_id":"1806021146420599","merchant_id":"6008005629","nonce_str":"OCZ59DKBJL4UBEZLBW3F75ZMWYE5MP5N","pay_way":"WXZF","result_code":"0","sign":"269A53C9FA22527B8ECB8A11E68BEDBA","status":"6","third_order_id":"2018060211464769384"}

2018-06-02 14:02:42:参数:{"service":"close_order","merchant_id":"6008005629","third_order_id":"2018060214020618379","nonce_str":"NYP06HQK67LLADDODOESDIAPCTUFH3WI","sign":"7A6E966B6A83141B0555FE15918DC1C8"}

2018-06-02 14:02:42:返回:{"resp_code":"0","amount":"2310","leshua_order_id":"1806021402034081","merchant_id":"6008005629","nonce_str":"92JTIWU6H68K1SHN171ZZ9QUCUFM6JTE","pay_way":"WXZF","result_code":"0","sign":"E6A4810A02ED2B18DCE495EC7D012C58","status":"6","third_order_id":"2018060214020618379"}

2018-06-02 15:46:53:参数:{"service":"close_order","merchant_id":"6008005629","third_order_id":"2018060215461845385","nonce_str":"K58BU0OPAL5XKBMCZXNU6DOUEMC54RKB","sign":"9C2D017CE18929D8437C4AAF16FF35BE"}

2018-06-02 15:46:54:返回:{"resp_code":"0","amount":"300","leshua_order_id":"1806021546108243","merchant_id":"6008005629","nonce_str":"4SMRJWX71DNL28ETN0DODHMYM2LDUJ2D","pay_way":"WXZF","result_code":"0","sign":"21E94C5478F861158018B5A8862FE580","status":"6","third_order_id":"2018060215461845385"}

2018-06-02 17:07:34:参数:{"service":"close_order","merchant_id":"6008005629","third_order_id":"2018060217065938254","nonce_str":"WLH1EGQMWXBUN9Y5OYAKEFXNL48ZNU89","sign":"78BE324BB75341F43091187824D283BB"}

2018-06-02 17:07:35:返回:{"resp_code":"0","amount":"420","leshua_order_id":"1806021706506757","merchant_id":"6008005629","nonce_str":"VSAYFK8H0N35J5OYN3256KM4F454U0YW","pay_way":"WXZF","result_code":"0","sign":"819C4BD194D5835CAC82CE1FBDB7D8F7","status":"6","third_order_id":"2018060217065938254"}

2018-06-02 18:01:39:参数:{"service":"close_order","merchant_id":"6008005629","third_order_id":"2018060218010315700","nonce_str":"U6K4RYQXBLSHNUCO0IXD7DGHSEAZ4M94","sign":"6BAC91FF88DADCF76CFDC3CCA065700C"}

2018-06-02 18:01:39:返回:{"resp_code":"0","amount":"2000","leshua_order_id":"1806021801034535","merchant_id":"6008005629","nonce_str":"G4KRT0462GRRF2OJT6ENGTNW9DWLW0NB","pay_way":"WXZF","result_code":"0","sign":"C98C83A5D1F0C765FB00A70EE7696E57","status":"6","third_order_id":"2018060218010315700"}

2018-06-02 18:02:21:参数:{"service":"close_order","merchant_id":"6008005629","third_order_id":"2018060218014616991","nonce_str":"ZIS6I9DSOB79M93HF7WG9OCQWY3UE0DG","sign":"55B645C14A75D41F9B32E25D56D7FC44"}

2018-06-02 18:02:22:返回:{"resp_code":"0","amount":"2000","leshua_order_id":"1806021801409078","merchant_id":"6008005629","nonce_str":"TMSZR40PNGPBA51JH2FAVT0Z5RMRPIRM","pay_way":"WXZF","result_code":"0","sign":"5B2B4EE134D7BB7ECFE85C49A509D00D","status":"6","third_order_id":"2018060218014616991"}

2018-06-02 18:09:43:参数:{"service":"close_order","merchant_id":"6008005629","third_order_id":"2018060218090878154","nonce_str":"FAP48FI00DZFQALQ6B0UD9B3L476V3JV","sign":"0BF51FEB061EB4DC7FFC23F010856495"}

2018-06-02 18:09:44:返回:{"resp_code":"0","amount":"1680","leshua_order_id":"1806021809025906","merchant_id":"6008005629","nonce_str":"0YQBUYWZMBSV0TMP11L1HMTLF5L896U3","pay_way":"WXZF","result_code":"0","sign":"C760B5B76972538FF437A92530249F4F","status":"6","third_order_id":"2018060218090878154"}

2018-06-02 18:14:16:参数:{"service":"close_order","merchant_id":"6008005629","third_order_id":"2018060218134154860","nonce_str":"5XO3UVHUXCXVOMA3CO9FAF7DXAI5PQYK","sign":"DE2C9F6EBA48FB82711AF8756C394F01"}

2018-06-02 18:14:17:返回:{"resp_code":"0","amount":"100","leshua_order_id":"1806021813428145","merchant_id":"6008005629","nonce_str":"HNZGAA3W6VCCAZWFPUKU536MG26LKXOW","pay_way":"WXZF","result_code":"0","sign":"D3F41E46EF61A3E40ECB435FCBA98984","status":"6","third_order_id":"2018060218134154860"}

2018-06-02 19:22:26:参数:{"service":"close_order","merchant_id":"6008005629","third_order_id":"2018060219215166127","nonce_str":"2253Y6CO1KEUKNZ8AHF59MMZ6TOUOZHB","sign":"DA952794FCA35CB5E237A0E00B220F16"}

2018-06-02 19:22:26:返回:{"resp_code":"0","amount":"1310","leshua_order_id":"1806021921520372","merchant_id":"6008005629","nonce_str":"U2YKW1UOL533YDLM8XQ4QI1HB5KP7XOF","pay_way":"WXZF","result_code":"0","sign":"A1C8F2D89044199F08BF5B01BB49B1AA","status":"6","third_order_id":"2018060219215166127"}

2018-06-02 20:27:27:参数:{"service":"close_order","merchant_id":"6008005629","third_order_id":"2018060220265112627","nonce_str":"A8KJU1657KYPIGWG88YEFMDZ6J80LALA","sign":"A8BA5B36F8978E9BC27B56A2FCE4BF0E"}

2018-06-02 20:27:28:返回:{"resp_code":"0","amount":"1070","leshua_order_id":"1806022026520820","merchant_id":"6008005629","nonce_str":"Q644DA149OPM6N4VID7F2ECL8J0SCXIA","pay_way":"ZFBZF","result_code":"0","sign":"73B79AB79DAC6761802429281969E88B","status":"6","third_order_id":"2018060220265112627"}

2018-06-02 20:31:27:参数:{"service":"close_order","merchant_id":"6008005629","third_order_id":"2018060220305393067","nonce_str":"W6EWLBAOUVACT2SX20VV3I0K621CLZKJ","sign":"BFF1A52B1688C0D1883D74771F395D87"}

2018-06-02 20:31:27:返回:{"resp_code":"0","amount":"550","leshua_order_id":"1806022030537756","merchant_id":"6008005629","nonce_str":"WRECYF88EAD8WM057O7D0FJLCX8XC9IL","pay_way":"WXZF","result_code":"0","sign":"23EDCBACA065A6EB59EE230EF687BAC1","status":"6","third_order_id":"2018060220305393067"}

