2018-06-15 07:57:04:参数:{"service":"close_order","merchant_id":"6008005629","third_order_id":"2018061507563011173","nonce_str":"MAR6DK2306HVA4Z51ZU9PRB0533TX9U0","sign":"37C7EB0A07DA9F391BC5911B2643E3DD"}

2018-06-15 07:57:04:返回:{"resp_code":"0","amount":"840","leshua_order_id":"1806150756337279","merchant_id":"6008005629","nonce_str":"Q7K3WM92RN9UAP8PQ4DTZ5L2S0MLPQ7Q","pay_way":"WXZF","result_code":"0","sign":"3E33ABD3A7C0E032EB72614A847071AC","status":"6","third_order_id":"2018061507563011173"}

2018-06-15 10:08:34:参数:{"service":"close_order","merchant_id":"6008005629","third_order_id":"2018061510075854186","nonce_str":"V0GMB0M4TAP02U2TR01NXV4JAR9G9QB3","sign":"512EF9BA24923AE2443BE64F4A781661"}

2018-06-15 10:08:34:返回:{"resp_code":"0","amount":"1590","leshua_order_id":"1806151007529623","merchant_id":"6008005629","nonce_str":"RCQ3ZR0567LSDWZMO9I4IK7ID74P0AIN","pay_way":"ZFBZF","result_code":"0","sign":"66F1C8C9010166ADAE032E475AA0DA72","status":"6","third_order_id":"2018061510075854186"}

2018-06-15 10:09:48:参数:{"service":"close_order","merchant_id":"6008005629","third_order_id":"2018061510091316842","nonce_str":"LU4XIGOY7KALR7278NJVP6XEREPDWUPR","sign":"39743ED5C3A134D5CF75DF8625F2F257"}

2018-06-15 10:09:48:返回:{"resp_code":"0","amount":"1590","leshua_order_id":"1806151009104682","merchant_id":"6008005629","nonce_str":"VJKOXYXPGHU0J6MK8PMT9RBTTDV4IOXJ","pay_way":"ZFBZF","result_code":"0","sign":"33987A3F0E418C5C518502771CADD480","status":"6","third_order_id":"2018061510091316842"}

2018-06-15 11:51:04:参数:{"service":"close_order","merchant_id":"6008005629","third_order_id":"2018061511502946365","nonce_str":"ECDU1INA90JA60176Z0VLLRDPWA14426","sign":"7C9AA9BD55FC99DE3E6DEACD1EC0B8C9"}

2018-06-15 11:51:05:返回:{"resp_code":"0","amount":"2690","leshua_order_id":"1806151150224925","merchant_id":"6008005629","nonce_str":"9JVTKJOOVPG173XO3S9Q8XW3MXZF99BI","pay_way":"ZFBZF","result_code":"0","sign":"269DE63B1F2DCC4CBDD97911151E1C62","status":"6","third_order_id":"2018061511502946365"}

2018-06-15 16:28:57:参数:{"service":"close_order","merchant_id":"6008005629","third_order_id":"2018061516282216244","nonce_str":"AMD7PE9VNVFBZA7RPTQX1R7O7YX8ERS6","sign":"5438646215530267C310A62D65DDCAAF"}

2018-06-15 16:28:57:返回:{"resp_code":"0","amount":"1300","leshua_order_id":"1806151628229680","merchant_id":"6008005629","nonce_str":"C5EFF8XO57793USDVUEXKPISH21VJQ6Y","pay_way":"WXZF","result_code":"0","sign":"547F39DC2FA2B049BDBF8BCB79A5FB14","status":"6","third_order_id":"2018061516282216244"}

2018-06-15 18:22:19:参数:{"service":"close_order","merchant_id":"6008005629","third_order_id":"2018061518214525057","nonce_str":"5S9AADEAG60Q7XK1G0OT3YMANLDCZHI0","sign":"11375C220C00225F7320D2D241F8002E"}

2018-06-15 18:22:20:返回:{"resp_code":"0","amount":"1860","leshua_order_id":"1806151821425766","merchant_id":"6008005629","nonce_str":"2SRWSXQNPSN2AGN8OISHXD175TZDMY4P","pay_way":"WXZF","result_code":"0","sign":"9C64E21537D70ED3FF18239F5DF73E50","status":"6","third_order_id":"2018061518214525057"}

2018-06-15 18:55:48:参数:{"service":"close_order","merchant_id":"6008005629","third_order_id":"2018061518551335686","nonce_str":"BM62UY32DBO0SETUIRET6X09OIZZYHNI","sign":"0849B630B709EB3540503736E1793443"}

2018-06-15 18:55:49:返回:{"resp_code":"0","amount":"1401200200","leshua_order_id":"1806151855105951","merchant_id":"6008005629","nonce_str":"QNVU3GEY8LK0R4JER9OJ8X534M0VEH0O","pay_way":"WXZF","result_code":"0","sign":"82CD7069F44940E0BBF553BB0C587700","status":"6","third_order_id":"2018061518551335686"}

2018-06-15 18:56:28:参数:{"service":"close_order","merchant_id":"6008005629","third_order_id":"2018061518555496971","nonce_str":"4323X2H0RM7UUY62OHVDRQABM5U21ZBX","sign":"7383075165C35F866A2AD48FECB6C34D"}

2018-06-15 18:56:28:返回:{"resp_code":"0","amount":"1200","leshua_order_id":"1806151855520013","merchant_id":"6008005629","nonce_str":"69HQTS9YVVWG0O7O5LZO6H0SPD97E9Q8","pay_way":"WXZF","result_code":"0","sign":"7C55797A455E2CDEBE13702CA9937C5D","status":"6","third_order_id":"2018061518555496971"}

2018-06-15 19:22:20:参数:{"service":"close_order","merchant_id":"6008005629","third_order_id":"2018061519214466273","nonce_str":"Q6QMLS9YOXXLEEWC2UPFQGDIZZZKUS5B","sign":"EDB68B51B735AF8521FA4EFB7980F025"}

2018-06-15 19:22:20:返回:{"resp_code":"0","amount":"160","leshua_order_id":"1806151921477489","merchant_id":"6008005629","nonce_str":"5V4GRTDR07QJ5VQQPP1J1IJXJ7OBRK10","pay_way":"WXZF","result_code":"0","sign":"C8D2E2AE13ED45DFD4ABE7AA876DBFF5","status":"6","third_order_id":"2018061519214466273"}

2018-06-15 19:23:11:参数:{"service":"close_order","merchant_id":"6008005629","third_order_id":"2018061519223665052","nonce_str":"DGL0JV8ACRJQLUD6LO4PLDP63VRJK0NN","sign":"9B871896CB2B6A48316A93156CC2C06A"}

2018-06-15 19:23:12:返回:{"resp_code":"0","amount":"160","leshua_order_id":"1806151922304930","merchant_id":"6008005629","nonce_str":"VS3ICJEZ4BF3YBSSK7CBZNQ9LG0GTQFT","pay_way":"WXZF","result_code":"0","sign":"C83252CEB3F34FABBD40B9912B5CA6B2","status":"6","third_order_id":"2018061519223665052"}

2018-06-15 19:58:42:参数:{"service":"close_order","merchant_id":"6008005629","third_order_id":"2018061519580836256","nonce_str":"3EQS1VRMJKD9X4R2THN6BTPRF8A8CUOB","sign":"0E8487B9253C1B62FC04660304F0E8B9"}

2018-06-15 19:58:42:返回:{"resp_code":"0","amount":"1420400","leshua_order_id":"1806151958006625","merchant_id":"6008005629","nonce_str":"D22OM2RZBD7JO7DF3MQIYLY5KW6KKPHL","pay_way":"ZFBZF","result_code":"0","sign":"89D9BA808FCE614C32779F3A8DEDF2CF","status":"6","third_order_id":"2018061519580836256"}

2018-06-15 22:06:14:参数:{"service":"close_order","merchant_id":"6008005629","third_order_id":"2018061522054027090","nonce_str":"IBFI49CT14TYQ4Y2K6K0V6WYSL16AXTU","sign":"1FFADCC41B82EA8E92B88DE5C67B8751"}

2018-06-15 22:06:14:返回:{"resp_code":"0","amount":"750","leshua_order_id":"1806152205428525","merchant_id":"6008005629","nonce_str":"HNTQQ5BQ2RCMI8B6YUT0XGK08P8Q8SIP","pay_way":"WXZF","result_code":"0","sign":"FC46F672A456815D91A88B9435F4FD9F","status":"6","third_order_id":"2018061522054027090"}

