2018-06-15 07:56:30:参数:{"merchant_id":"6008005629","service":"query_status","third_order_id":"2018061507563011173","nonce_str":"I54YOX6XT9VV0TSM98CR7N7XH7X4WJYX","sign":"7B286D660B212094B67E50EB55E4BF1D"}

2018-06-15 07:56:36:继续查询:{"resp_code":"0","amount":"840","leshua_order_id":"1806150756337279","merchant_id":"6008005629","nonce_str":"WF0RZV8RD1DHCP020QKT6XX5SOIAHJH9","pay_way":"WXZF","result_code":"0","sign":"FA589376D6C1519219DC0BC03CCC9652","status":"0","third_order_id":"2018061507563011173"}

2018-06-15 07:56:36:参数:{"merchant_id":"6008005629","service":"query_status","third_order_id":"2018061507563011173","nonce_str":"8XLBXCB5TG7ZAFRDZ45PIIXUD4S66X01","sign":"4E1BF0AE2C294A61FA4BBCF012AB35A6"}

2018-06-15 07:56:41:继续查询:{"resp_code":"0","amount":"840","leshua_order_id":"1806150756337279","merchant_id":"6008005629","nonce_str":"DRSLWCY6JP2A8BCH5NKQ09L5SRVNLPZ3","pay_way":"WXZF","result_code":"0","sign":"B878468A2B85DE146A8D0E89B5C92FDD","status":"0","third_order_id":"2018061507563011173"}

2018-06-15 07:56:41:参数:{"merchant_id":"6008005629","service":"query_status","third_order_id":"2018061507563011173","nonce_str":"4R067ZW0EPL5RZ8XXSHYTHSGEF7630VR","sign":"B8A138B422E66B6388D5758DB1CF290E"}

2018-06-15 07:56:47:继续查询:{"resp_code":"0","amount":"840","leshua_order_id":"1806150756337279","merchant_id":"6008005629","nonce_str":"DDQD9TPHBS59VAUEEGUX4M2DN2MRMYJV","pay_way":"WXZF","result_code":"0","sign":"2CE8E6803543960F7808F8E5E1AC59F1","status":"0","third_order_id":"2018061507563011173"}

2018-06-15 07:56:47:参数:{"merchant_id":"6008005629","service":"query_status","third_order_id":"2018061507563011173","nonce_str":"UZ8ML5DZNIHAY2ZGALDEG6K853XP75CK","sign":"CF3BADF0410807DA3E6D94A64265DE75"}

2018-06-15 07:56:52:继续查询:{"resp_code":"0","amount":"840","leshua_order_id":"1806150756337279","merchant_id":"6008005629","nonce_str":"O84OGDEV2ZJUJ901I60N81GPZHEWENZU","pay_way":"WXZF","result_code":"0","sign":"F9E201F64BAA02E9FAED23B203FE54B3","status":"0","third_order_id":"2018061507563011173"}

2018-06-15 07:56:52:参数:{"merchant_id":"6008005629","service":"query_status","third_order_id":"2018061507563011173","nonce_str":"C4ABQW37P603N4K1LPQ2LO8UF2K2A3M9","sign":"71A5000A41B25054F468FA192990A8BB"}

2018-06-15 07:56:58:继续查询:{"resp_code":"0","amount":"840","leshua_order_id":"1806150756337279","merchant_id":"6008005629","nonce_str":"OKBMB2UNZ5MUVLL2JB4G6FKG56IRDO4Y","pay_way":"WXZF","result_code":"0","sign":"5AEFFD27FC78CDF23B31A2280948289C","status":"0","third_order_id":"2018061507563011173"}

2018-06-15 07:56:58:参数:{"merchant_id":"6008005629","service":"query_status","third_order_id":"2018061507563011173","nonce_str":"TW7TPC5HFQXLADR4LM92485SJ3560GBD","sign":"6426B0021EC13C1477AF39E9BF7EE89D"}

2018-06-15 07:57:03:继续查询:{"resp_code":"0","amount":"840","leshua_order_id":"1806150756337279","merchant_id":"6008005629","nonce_str":"WG75Z0FG5D165OIAQLQXY3JWWF8S791H","pay_way":"WXZF","result_code":"0","sign":"ADB9064B44E5B62F0CEFDB46D4AADB26","status":"0","third_order_id":"2018061507563011173"}

2018-06-15 07:57:03:参数:{"merchant_id":"6008005629","service":"query_status","third_order_id":"2018061507563011173","nonce_str":"J6R733JDYRW6UY1QBWI4LMPWEI6JUC8V","sign":"9D19E0B2B4BA47B69166A7D3385C6B70"}

2018-06-15 08:07:23:参数:{"merchant_id":"6008005629","service":"query_status","third_order_id":"2018061508071785097","nonce_str":"G5QZTONL5NQQARNMIRFX3DWIPS353MJS","sign":"73C6700D1021C0F60964F1BE2F556952"}

2018-06-15 08:07:24:支付成功:{"resp_code":"0","amount":"3160","bank_type":"DEBIT_CARD","leshua_order_id":"1806150807126952","merchant_id":"6008005629","nonce_str":"T3CNB06UOERYYVNEKRWJ7WVADEM6Z2PE","openid":"2088722673776010","out_transaction_id":"2018061521001004010514965347","pay_time":"2018-06-15 08:07:23","pay_way":"ZFBZF","result_code":"0","sign":"7ADC912B9866FDFEECD862BA536BA02A","status":"2","third_order_id":"2018061508071785097"}

2018-06-15 08:48:40:参数:{"merchant_id":"6008005629","service":"query_status","third_order_id":"2018061508483980270","nonce_str":"UKR1JDAK2BO8RQ1HBMDRZSATDD6WVBYU","sign":"A27257001D2F518EA6F227BE7029452C"}

2018-06-15 08:48:46:继续查询:{"resp_code":"0","amount":"1200","leshua_order_id":"1806150848302039","merchant_id":"6008005629","nonce_str":"ABBBSJE1DTFAMRFML84ILLH4JFQ2O3ID","pay_way":"WXZF","result_code":"0","sign":"85DBEEB1D8CF4C898D83BCA516287CEF","status":"0","third_order_id":"2018061508483980270"}

2018-06-15 08:48:46:参数:{"merchant_id":"6008005629","service":"query_status","third_order_id":"2018061508483980270","nonce_str":"62O0PDCIO2GQWZQOKUX13KEIRRLDV34S","sign":"A11EC73A554C8DA0347B3C25167BEABB"}

2018-06-15 08:48:51:继续查询:{"resp_code":"0","amount":"1200","leshua_order_id":"1806150848302039","merchant_id":"6008005629","nonce_str":"1FH133L0UYC8IDO2VL69AU2D2ZITQ3OM","pay_way":"WXZF","result_code":"0","sign":"9CEE0C0CDE015A4BD8F68DC1ED72D274","status":"0","third_order_id":"2018061508483980270"}

2018-06-15 08:48:51:参数:{"merchant_id":"6008005629","service":"query_status","third_order_id":"2018061508483980270","nonce_str":"2Q0WPHU36MW4JS6DHX4N3MA9WG36TNFO","sign":"706C3010C92609ADA1BD8CB4AE739342"}

2018-06-15 08:48:57:继续查询:{"resp_code":"0","amount":"1200","leshua_order_id":"1806150848302039","merchant_id":"6008005629","nonce_str":"OPRJVHBDHE33JIFYWKH4LOGFP791T4ON","pay_way":"WXZF","result_code":"0","sign":"22324D4614EFC56E2591D657EAC92FD7","status":"0","third_order_id":"2018061508483980270"}

2018-06-15 08:48:57:参数:{"merchant_id":"6008005629","service":"query_status","third_order_id":"2018061508483980270","nonce_str":"7YPGHYS5YYYUPH2J41UO340T7DU6QVRV","sign":"2B19D3699208D685DEA087509653E365"}

2018-06-15 08:48:57:支付成功:{"resp_code":"0","amount":"1200","bank_type":"CFT","leshua_order_id":"1806150848302039","merchant_id":"6008005629","nonce_str":"8IUIQ1AE8J1YQXL6G4004E9IHU8APP6B","openid":"o8uJ6uFWRO7FyijA7DmO_4M9TqhY","out_transaction_id":"4200000109201806159698902366","pay_time":"2018-06-15 08:48:57","pay_way":"WXZF","result_code":"0","sign":"CB2B4DE16CC2947EB2FD7C7C50F8C217","status":"2","third_order_id":"2018061508483980270"}

2018-06-15 10:08:01:参数:{"merchant_id":"6008005629","service":"query_status","third_order_id":"2018061510075854186","nonce_str":"RECFCZC76QFQ64Y8UP96Z444DY6AGRTH","sign":"AEB794C66D0CA180FABECA441A68A589"}

2018-06-15 10:08:07:继续查询:{"resp_code":"0","amount":"1590","leshua_order_id":"1806151007529623","merchant_id":"6008005629","nonce_str":"PJ8KH3EW6JHJVZUZBU0VKC7EJ1GDHKFQ","pay_way":"ZFBZF","result_code":"0","sign":"505B3025BB4203E20DFDBD6CAC9DE9FC","status":"0","third_order_id":"2018061510075854186"}

2018-06-15 10:08:07:参数:{"merchant_id":"6008005629","service":"query_status","third_order_id":"2018061510075854186","nonce_str":"IL49VWGA3CSGEQKLQAXPMLGI94CV22B1","sign":"C0540894C07117382F514C3533A391E4"}

2018-06-15 10:08:12:继续查询:{"resp_code":"0","amount":"1590","leshua_order_id":"1806151007529623","merchant_id":"6008005629","nonce_str":"U0RBD9XVF2T2888XY4IYFS4LS1IZREUK","pay_way":"ZFBZF","result_code":"0","sign":"E6B16E8202E61307DC1EDF1182D23005","status":"0","third_order_id":"2018061510075854186"}

2018-06-15 10:08:12:参数:{"merchant_id":"6008005629","service":"query_status","third_order_id":"2018061510075854186","nonce_str":"7RIGGE1U1403DO1MMCWJH4JO2BHICXI2","sign":"74C3C9872FDDE3182A617B9FFA36BA76"}

2018-06-15 10:08:17:继续查询:{"resp_code":"0","amount":"1590","leshua_order_id":"1806151007529623","merchant_id":"6008005629","nonce_str":"AJGF78CVGPO4NSTZ90KQ6TO1OB9WSY7Y","pay_way":"ZFBZF","result_code":"0","sign":"8EB7AF12B7016507989335E810634BBE","status":"0","third_order_id":"2018061510075854186"}

2018-06-15 10:08:17:参数:{"merchant_id":"6008005629","service":"query_status","third_order_id":"2018061510075854186","nonce_str":"W1CWO439A6XGELCCKDSNJ15EH8EX07LC","sign":"4C6DBC4F39257045C5EB57E59C7D5DB4"}

2018-06-15 10:08:23:继续查询:{"resp_code":"0","amount":"1590","leshua_order_id":"1806151007529623","merchant_id":"6008005629","nonce_str":"5XWMASEU7811YUERO8ANRR9F12YI0S44","pay_way":"ZFBZF","result_code":"0","sign":"9F23B3B6F51B51E062FC2050D2CF8333","status":"0","third_order_id":"2018061510075854186"}

2018-06-15 10:08:23:参数:{"merchant_id":"6008005629","service":"query_status","third_order_id":"2018061510075854186","nonce_str":"VOT3V0ZE2NJOUQOT2ZQ9VLDMJ1UH6JJW","sign":"58B748807CF3401B5376889EB80E1A5D"}

2018-06-15 10:08:28:继续查询:{"resp_code":"0","amount":"1590","leshua_order_id":"1806151007529623","merchant_id":"6008005629","nonce_str":"BLNXINM1052I7BP6XRG4792G4RJRNQ20","pay_way":"ZFBZF","result_code":"0","sign":"A7D26B2A50CEAE5B6EEA95087B20A9CA","status":"0","third_order_id":"2018061510075854186"}

2018-06-15 10:08:28:参数:{"merchant_id":"6008005629","service":"query_status","third_order_id":"2018061510075854186","nonce_str":"MEVMISNI2I3A8PSD2YGJ297PAU7PBMS4","sign":"E977D373BC1267284CF245260A6DF278"}

2018-06-15 10:08:33:继续查询:{"resp_code":"0","amount":"1590","leshua_order_id":"1806151007529623","merchant_id":"6008005629","nonce_str":"7DY20ZEZE60GHJOZVWGKU6NS8225Y8ZY","pay_way":"ZFBZF","result_code":"0","sign":"780D9C04AFFC349491690E51093F6FAB","status":"0","third_order_id":"2018061510075854186"}

2018-06-15 10:08:33:参数:{"merchant_id":"6008005629","service":"query_status","third_order_id":"2018061510075854186","nonce_str":"X4HT77OX4RF5PT9Z13IBLRPL5WMUFQLE","sign":"C8291526F9058DD9CBC28AFA7D1EC387"}

2018-06-15 10:09:15:参数:{"merchant_id":"6008005629","service":"query_status","third_order_id":"2018061510091316842","nonce_str":"TI6Y6AK4HK2VXCOZPJEWG8239NQI63WV","sign":"5E69DA2F4F04FA92E8716BE55D58E267"}

2018-06-15 10:09:20:继续查询:{"resp_code":"0","amount":"1590","leshua_order_id":"1806151009104682","merchant_id":"6008005629","nonce_str":"5RHA8VPKV2PJ110EFPIWL23FB73E2G6X","pay_way":"ZFBZF","result_code":"0","sign":"DE02D306F73BAC7D910A53DCDFD3F2C4","status":"0","third_order_id":"2018061510091316842"}

2018-06-15 10:09:20:参数:{"merchant_id":"6008005629","service":"query_status","third_order_id":"2018061510091316842","nonce_str":"L6FFHUO4P05N3HCCJD9Q274O1NBFXA3A","sign":"6867E58120F8DDD53884EBF8C42ABE00"}

2018-06-15 10:09:26:继续查询:{"resp_code":"0","amount":"1590","leshua_order_id":"1806151009104682","merchant_id":"6008005629","nonce_str":"2TG3Z91CQUB2AU5VVRK1HV29EH7Q490Y","pay_way":"ZFBZF","result_code":"0","sign":"F8709317C625ECAD9D963271C07CC1CF","status":"0","third_order_id":"2018061510091316842"}

2018-06-15 10:09:26:参数:{"merchant_id":"6008005629","service":"query_status","third_order_id":"2018061510091316842","nonce_str":"K8D9XQ18XOEAYWBV6R23IC7G3GM5LAD4","sign":"49D97E6F76555A28B59E23D29207CBC5"}

2018-06-15 10:09:31:继续查询:{"resp_code":"0","amount":"1590","leshua_order_id":"1806151009104682","merchant_id":"6008005629","nonce_str":"MUEJJYEOU2QJ1WAWT82MOYXSVWWI32T8","pay_way":"ZFBZF","result_code":"0","sign":"AF949A1D261BBEB63B32C0011090BF76","status":"0","third_order_id":"2018061510091316842"}

2018-06-15 10:09:31:参数:{"merchant_id":"6008005629","service":"query_status","third_order_id":"2018061510091316842","nonce_str":"FRZWUF79Z01E18XQ6VQA8OBEDNTYZEX1","sign":"9C3F5B4B94670524B504013836C4F192"}

2018-06-15 10:09:36:继续查询:{"resp_code":"0","amount":"1590","leshua_order_id":"1806151009104682","merchant_id":"6008005629","nonce_str":"3R5G8RBKLDO90JZ7MLQ497H2I95NSC9Y","pay_way":"ZFBZF","result_code":"0","sign":"81488BBFD584B720C7D63DA04876BE80","status":"0","third_order_id":"2018061510091316842"}

2018-06-15 10:09:36:参数:{"merchant_id":"6008005629","service":"query_status","third_order_id":"2018061510091316842","nonce_str":"KB6XUZYPXB1T5G8CV7S4M98UPJNM3N5D","sign":"AEB44A8B09B60BCD6387C6A419B6B255"}

2018-06-15 10:09:42:继续查询:{"resp_code":"0","amount":"1590","leshua_order_id":"1806151009104682","merchant_id":"6008005629","nonce_str":"0M15B5NLSCFXV29Y7U63YG3UL391A6H4","pay_way":"ZFBZF","result_code":"0","sign":"9CE4F0EC65A1D0161816A39769022211","status":"0","third_order_id":"2018061510091316842"}

2018-06-15 10:09:42:参数:{"merchant_id":"6008005629","service":"query_status","third_order_id":"2018061510091316842","nonce_str":"CSFR3UTRD9B24JUUI40SNWZ3P2YNEVXA","sign":"DB8659B24085F8FE1D91B7E369A532AD"}

2018-06-15 10:09:47:继续查询:{"resp_code":"0","amount":"1590","leshua_order_id":"1806151009104682","merchant_id":"6008005629","nonce_str":"UMGSNZ0FRTLPTW1OWS9CDBVLC0AO1ENM","pay_way":"ZFBZF","result_code":"0","sign":"D812C4E215430D14F112ED55E20B60A9","status":"0","third_order_id":"2018061510091316842"}

2018-06-15 10:09:47:参数:{"merchant_id":"6008005629","service":"query_status","third_order_id":"2018061510091316842","nonce_str":"4YWDEY3STDPRL66QU126C4B24189S1W1","sign":"2BE011FCF23A0AC8D5D405C835AAAEF3"}

2018-06-15 11:43:32:参数:{"merchant_id":"6008005629","service":"query_status","third_order_id":"2018061511433025382","nonce_str":"7QR0AV5Z7WL9M2HFOTWXQEOFVDFZE8WZ","sign":"EF6FFB7E3B5525E8B7AC484F0006FA1D"}

2018-06-15 11:43:37:继续查询:{"resp_code":"0","amount":"210","leshua_order_id":"1806151143321414","merchant_id":"6008005629","nonce_str":"BQVDVY74OAAA7QDVAZURWEQDXTKOKXAI","pay_way":"WXZF","result_code":"0","sign":"04BFB200366D15836B75D78B6B21D615","status":"0","third_order_id":"2018061511433025382"}

2018-06-15 11:43:37:参数:{"merchant_id":"6008005629","service":"query_status","third_order_id":"2018061511433025382","nonce_str":"16BBNS3GSXK4EV9PG9DPYWDVOSQQ4JS3","sign":"B79904FAE1C1B237008A31ADD8764567"}

2018-06-15 11:43:43:继续查询:{"resp_code":"0","amount":"210","leshua_order_id":"1806151143321414","merchant_id":"6008005629","nonce_str":"IFZ8NZW2VSBCBGJMH8CGZCHEE3OLMXP8","pay_way":"WXZF","result_code":"0","sign":"41DDFB089A4D8D784A3A7294518C771E","status":"0","third_order_id":"2018061511433025382"}

2018-06-15 11:43:43:参数:{"merchant_id":"6008005629","service":"query_status","third_order_id":"2018061511433025382","nonce_str":"0UW04AYIOMCM527S5MNPS5TDRFXC94CK","sign":"DF898C835903512C1052DF6D80E5C880"}

2018-06-15 11:43:48:继续查询:{"resp_code":"0","amount":"210","leshua_order_id":"1806151143321414","merchant_id":"6008005629","nonce_str":"LRYHF6Z3LXGIDKQU232LSJFMYGHL73EX","pay_way":"WXZF","result_code":"0","sign":"C9EBD25D213E3F36BD2563A86042B3E5","status":"0","third_order_id":"2018061511433025382"}

2018-06-15 11:43:48:参数:{"merchant_id":"6008005629","service":"query_status","third_order_id":"2018061511433025382","nonce_str":"JADYS5UWSY59U55IPMP02UWQIQDRM6IM","sign":"86BAA944EF26BF915CE74CE1B9F36D9B"}

2018-06-15 11:43:49:支付成功:{"resp_code":"0","amount":"210","bank_type":"CFT","leshua_order_id":"1806151143321414","merchant_id":"6008005629","nonce_str":"QYLFO0TCCMCDN5XASM34D4RRGKQ1E2JS","openid":"o8uJ6uAQr-i4EabM6kpY7yo8-jxA","out_transaction_id":"4200000112201806154728543891","pay_time":"2018-06-15 11:43:48","pay_way":"WXZF","result_code":"0","sign":"93B9CD5F537F339EFF7FA8C08E7EE257","status":"2","third_order_id":"2018061511433025382"}

2018-06-15 11:50:31:参数:{"merchant_id":"6008005629","service":"query_status","third_order_id":"2018061511502946365","nonce_str":"LZHTM8NRTTX2ISUYTWNC03UYRG83IT7Y","sign":"97C95A2553AF71971D97268B012744F9"}

2018-06-15 11:50:36:继续查询:{"resp_code":"0","amount":"2690","leshua_order_id":"1806151150224925","merchant_id":"6008005629","nonce_str":"FFH2254WJ84D8GZBCH3DFUMSIJRF8YK8","pay_way":"ZFBZF","result_code":"0","sign":"2991B579ABED77A2BB3682F7FA80C7DB","status":"0","third_order_id":"2018061511502946365"}

2018-06-15 11:50:36:参数:{"merchant_id":"6008005629","service":"query_status","third_order_id":"2018061511502946365","nonce_str":"4EOT1PU7DZ1748GZEJH0IWU8RVDHIUDB","sign":"A3C90257D9FB5E22124F49D21AB08C53"}

2018-06-15 11:50:42:继续查询:{"resp_code":"0","amount":"2690","leshua_order_id":"1806151150224925","merchant_id":"6008005629","nonce_str":"E29IJFEZ0YE6GYUBSM5WQ3C2XGQBAH7T","pay_way":"ZFBZF","result_code":"0","sign":"40B5E61B4CA611FE0AFBE9938B743198","status":"0","third_order_id":"2018061511502946365"}

2018-06-15 11:50:42:参数:{"merchant_id":"6008005629","service":"query_status","third_order_id":"2018061511502946365","nonce_str":"DYVQS2VVD9X04T3I0R0RIMIAMHH7UDRG","sign":"247FE53BD44F83A70D4784559239E53B"}

2018-06-15 11:50:47:继续查询:{"resp_code":"0","amount":"2690","leshua_order_id":"1806151150224925","merchant_id":"6008005629","nonce_str":"9U5JJOJFKXM6SDG9Y0ZA7LUZNOMGK02P","pay_way":"ZFBZF","result_code":"0","sign":"6BB5D53E5673E2A7BBB9640019A8FE16","status":"0","third_order_id":"2018061511502946365"}

2018-06-15 11:50:47:参数:{"merchant_id":"6008005629","service":"query_status","third_order_id":"2018061511502946365","nonce_str":"HSIKCUNUILSKHRWY47PIIJFCJ5L91IS0","sign":"C4FEF5459626F093CBC8E789C5D63FE2"}

2018-06-15 11:50:53:继续查询:{"resp_code":"0","amount":"2690","leshua_order_id":"1806151150224925","merchant_id":"6008005629","nonce_str":"I92Z8KXE33AHZ19VL96S0C4MFMZRWJTX","pay_way":"ZFBZF","result_code":"0","sign":"488AFDF771822C82137C5F110113864A","status":"0","third_order_id":"2018061511502946365"}

2018-06-15 11:50:53:参数:{"merchant_id":"6008005629","service":"query_status","third_order_id":"2018061511502946365","nonce_str":"37ABDS4HO16ZSAB5JN7YLWUCFWCOZLTC","sign":"7E10B2AD76F110E08C6DDEAC81C88EB5"}

2018-06-15 11:50:58:继续查询:{"resp_code":"0","amount":"2690","leshua_order_id":"1806151150224925","merchant_id":"6008005629","nonce_str":"WLC6Z9HY4XHA6I32PFUSOSRZP2I9N54O","pay_way":"ZFBZF","result_code":"0","sign":"5753D52DF5D7475C4D3A9000ECEDC7E4","status":"0","third_order_id":"2018061511502946365"}

2018-06-15 11:50:58:参数:{"merchant_id":"6008005629","service":"query_status","third_order_id":"2018061511502946365","nonce_str":"P2PX1I61SXTYX33RCZDOXTX8FQD3YB84","sign":"E74EA3BFFD02BB674DBD4D7108F26B6D"}

2018-06-15 11:51:04:继续查询:{"resp_code":"0","amount":"2690","leshua_order_id":"1806151150224925","merchant_id":"6008005629","nonce_str":"877UAR6TOLQH7B8NOQUT4M5M7NZD2VHW","pay_way":"ZFBZF","result_code":"0","sign":"36EAA059B3AC442D70DB3DE3DFDE8D1A","status":"0","third_order_id":"2018061511502946365"}

2018-06-15 11:51:04:参数:{"merchant_id":"6008005629","service":"query_status","third_order_id":"2018061511502946365","nonce_str":"SWZO4BKOR2BPUHLCCUZ5KPJFCDX6S3RB","sign":"C514A7E5B09604BBD36F8238FC01DC35"}

2018-06-15 12:05:27:参数:{"merchant_id":"6008005629","service":"query_status","third_order_id":"2018061512052512831","nonce_str":"O2GQZ7V0N76CKZ785JUEW7HXL6SAOB3H","sign":"A776FFC70D82C05474E7F8CA15F3D8F8"}

2018-06-15 12:05:27:支付失败:{"resp_code":"0","amount":"49000","leshua_order_id":"1806151205222596","merchant_id":"6008005629","nonce_str":"UIEOJ34545W1GSMA05HJGQMYDVGWG1B1","pay_way":"WXZF","result_code":"0","sign":"DE3B2CE061CBC34BDE3F0C7942B9EB3E","status":"8","third_order_id":"2018061512052512831"}

2018-06-15 12:05:42:参数:{"merchant_id":"6008005629","service":"query_status","third_order_id":"2018061512054120310","nonce_str":"Q89XYEP92XM4ZHKZFG0U0CYUY6QHN2WC","sign":"A8AC03F16B313096C981C285D77D7A05"}

2018-06-15 12:05:48:继续查询:{"resp_code":"0","amount":"490","leshua_order_id":"1806151205422751","merchant_id":"6008005629","nonce_str":"P667P4YY58BNGUO6I57IXFXX8KXSZT2F","pay_way":"WXZF","result_code":"0","sign":"BF52205EC95C50E1BA929078336C9330","status":"0","third_order_id":"2018061512054120310"}

2018-06-15 12:05:48:参数:{"merchant_id":"6008005629","service":"query_status","third_order_id":"2018061512054120310","nonce_str":"TRLIIM5PWVJ1XQQHB00KMC0NJW4T0P2C","sign":"5C4E259D781966EECD98EC50E52A6D98"}

2018-06-15 12:05:53:继续查询:{"resp_code":"0","amount":"490","leshua_order_id":"1806151205422751","merchant_id":"6008005629","nonce_str":"LCNBJLBVSPZLG1J9L24SHBXB3EQ3SRC7","pay_way":"WXZF","result_code":"0","sign":"7797C7B0EEB505338B0E678BDC514A9C","status":"0","third_order_id":"2018061512054120310"}

2018-06-15 12:05:53:参数:{"merchant_id":"6008005629","service":"query_status","third_order_id":"2018061512054120310","nonce_str":"X8JF88NC779WHRUGML84V4L1XGFN7AYQ","sign":"A631722C79402BACC219B0C73628FD7B"}

2018-06-15 12:05:59:继续查询:{"resp_code":"0","amount":"490","leshua_order_id":"1806151205422751","merchant_id":"6008005629","nonce_str":"T31DF3N5BXIC4PMCURNYSLU0TTAZPVQE","pay_way":"WXZF","result_code":"0","sign":"2FA4FBABD1D17BB12D9B30A98DE69DFE","status":"0","third_order_id":"2018061512054120310"}

2018-06-15 12:05:59:参数:{"merchant_id":"6008005629","service":"query_status","third_order_id":"2018061512054120310","nonce_str":"4Z17E3CGF42JTPAVO7JS4YX9ICU10HBK","sign":"C922A480C12171C2FB91BDDB5439DD6A"}

2018-06-15 12:06:04:继续查询:{"resp_code":"0","amount":"490","leshua_order_id":"1806151205422751","merchant_id":"6008005629","nonce_str":"0GGW3V3BD1P2ZPA4Q4VGTP6CV7L9M631","pay_way":"WXZF","result_code":"0","sign":"F3AAD8CEC5CBC9BD4AD63794E81403CD","status":"0","third_order_id":"2018061512054120310"}

2018-06-15 12:06:04:参数:{"merchant_id":"6008005629","service":"query_status","third_order_id":"2018061512054120310","nonce_str":"0Q8J1DOR6OZSI49859W6AGQ3OK9EGM2T","sign":"595B860DD57E37A53136D7B652330DD2"}

2018-06-15 12:06:10:继续查询:{"resp_code":"0","amount":"490","leshua_order_id":"1806151205422751","merchant_id":"6008005629","nonce_str":"G2I7HCGVM5I5CO7M818E9Q60JZBCJFPL","pay_way":"WXZF","result_code":"0","sign":"CB490084531ACB4B22E16F61843A0CC3","status":"0","third_order_id":"2018061512054120310"}

2018-06-15 12:06:10:参数:{"merchant_id":"6008005629","service":"query_status","third_order_id":"2018061512054120310","nonce_str":"O90MJD06AJHCZVZ27185CLKVXX4J87BV","sign":"FDD558EC61C25CFBDB3799B86D843E72"}

2018-06-15 12:06:10:支付成功:{"resp_code":"0","amount":"490","bank_type":"CCB_DEBIT","leshua_order_id":"1806151205422751","merchant_id":"6008005629","nonce_str":"E2AP9LICJ0SN04RYX1UUNQ9YSD78R01U","openid":"o8uJ6uAUr5aWZAN8CGd0eyEckepE","out_transaction_id":"4200000128201806156660198182","pay_time":"2018-06-15 12:06:10","pay_way":"WXZF","result_code":"0","sign":"AF57D453A0A42107CEADC30799E3391A","status":"2","third_order_id":"2018061512054120310"}

2018-06-15 12:07:30:参数:{"merchant_id":"6008005629","service":"query_status","third_order_id":"2018061512072620165","nonce_str":"OFWK6CK8Z0FD619AF47SRUXB609GO7VI","sign":"E33C0026AC4A350A5BDFFBCBB902583A"}

2018-06-15 12:07:31:支付失败:{"resp_code":"0","amount":"1440","leshua_order_id":"1806151207206602","merchant_id":"6008005629","nonce_str":"60XGN92BAOC9X9VOPWT2SB4Q1NPVUFBC","pay_way":"WXZF","result_code":"0","sign":"93441C21CDDDE4F74BECFCB170A58C05","status":"8","third_order_id":"2018061512072620165"}

2018-06-15 16:28:23:参数:{"merchant_id":"6008005629","service":"query_status","third_order_id":"2018061516282216244","nonce_str":"ZH3A3CYBA8Y0QP5MB5MHMMKIQAJTAMHL","sign":"4E0ED4576C75DABA8B29E004791A38AF"}

2018-06-15 16:28:29:继续查询:{"resp_code":"0","amount":"1300","leshua_order_id":"1806151628229680","merchant_id":"6008005629","nonce_str":"TL0I4C7BQR9C8JFZNNGEI1L8CBS5TD31","pay_way":"WXZF","result_code":"0","sign":"CFB79F4DB80FCAE1CD23D73092A86438","status":"0","third_order_id":"2018061516282216244"}

2018-06-15 16:28:29:参数:{"merchant_id":"6008005629","service":"query_status","third_order_id":"2018061516282216244","nonce_str":"RUCTQ74UPOJ6MWGIZ7P4AXTTS66ZX6Z9","sign":"A6B021DBEB4FF028CFCE67C73154D555"}

2018-06-15 16:28:34:继续查询:{"resp_code":"0","amount":"1300","leshua_order_id":"1806151628229680","merchant_id":"6008005629","nonce_str":"H3FEKR07ETLTQTEA0P8B03JPXNDW0MI6","pay_way":"WXZF","result_code":"0","sign":"25BD8413A1AC8CC0353C30F6139401DE","status":"0","third_order_id":"2018061516282216244"}

2018-06-15 16:28:34:参数:{"merchant_id":"6008005629","service":"query_status","third_order_id":"2018061516282216244","nonce_str":"TD5RFIT46ZKWF8KJELKNMMHBU1KF44I0","sign":"EA4158E126BEE01F3B5A2BCCEDC2D105"}

2018-06-15 16:28:40:继续查询:{"resp_code":"0","amount":"1300","leshua_order_id":"1806151628229680","merchant_id":"6008005629","nonce_str":"G68CW12KH91BSZFYHWDTS3E3YYRY7QSP","pay_way":"WXZF","result_code":"0","sign":"DC6575084FA7F0A4DE19C2B7E9647E12","status":"0","third_order_id":"2018061516282216244"}

2018-06-15 16:28:40:参数:{"merchant_id":"6008005629","service":"query_status","third_order_id":"2018061516282216244","nonce_str":"A734J1GJBRTWUX2ZOJ0VLBVOUDH3P3S5","sign":"06A6B5C9AA7F9B7980AB57DA2D0F7C62"}

2018-06-15 16:28:45:继续查询:{"resp_code":"0","amount":"1300","leshua_order_id":"1806151628229680","merchant_id":"6008005629","nonce_str":"HB1NYP411V2OJCAJMI9B70LE5ALF7PG4","pay_way":"WXZF","result_code":"0","sign":"BDA4D9AABBEDB9A128154846EBFFEB14","status":"0","third_order_id":"2018061516282216244"}

2018-06-15 16:28:45:参数:{"merchant_id":"6008005629","service":"query_status","third_order_id":"2018061516282216244","nonce_str":"2IDA42JMJD0FSBAWY69PDM86DGD6IL63","sign":"D96DEA25DD83B3DD8B3A188BA5CBFF17"}

2018-06-15 16:28:51:继续查询:{"resp_code":"0","amount":"1300","leshua_order_id":"1806151628229680","merchant_id":"6008005629","nonce_str":"0PSUFH48JA1PVBSMTW6E6KSF8NC8EZZU","pay_way":"WXZF","result_code":"0","sign":"EE9E830C00B7D03017665B934201B076","status":"0","third_order_id":"2018061516282216244"}

2018-06-15 16:28:51:参数:{"merchant_id":"6008005629","service":"query_status","third_order_id":"2018061516282216244","nonce_str":"J5KACTRKV2WOUHYIG49F699S8LX7IQKE","sign":"660AC9B23219F8C5AC86623F8FDD02C6"}

2018-06-15 16:28:56:继续查询:{"resp_code":"0","amount":"1300","leshua_order_id":"1806151628229680","merchant_id":"6008005629","nonce_str":"K8UA1GVT9BUT2GQPY6QIR74JOHSJ7G47","pay_way":"WXZF","result_code":"0","sign":"C097FA18E881E258EF389886A33EB416","status":"0","third_order_id":"2018061516282216244"}

2018-06-15 16:28:56:参数:{"merchant_id":"6008005629","service":"query_status","third_order_id":"2018061516282216244","nonce_str":"3LJLAEU06T91ULTCW5VKCID018V6VBWR","sign":"A85E968FBC128CC78750C4862B5B9463"}

2018-06-15 16:45:49:参数:{"merchant_id":"6008005629","service":"query_status","third_order_id":"2018061516454794052","nonce_str":"X0F1F2KPQB0WWJGH4E17E2R2QST0952M","sign":"0A4993E41FA149658C96E4713FD2FFDC"}

2018-06-15 16:45:55:继续查询:{"resp_code":"0","amount":"750","leshua_order_id":"1806151645403305","merchant_id":"6008005629","nonce_str":"699SS6B77E9H34YT954NK0B2S6EYZXMB","pay_way":"WXZF","result_code":"0","sign":"36145F29FF4BC24F2D34DBBB17A1DAD3","status":"0","third_order_id":"2018061516454794052"}

2018-06-15 16:45:55:参数:{"merchant_id":"6008005629","service":"query_status","third_order_id":"2018061516454794052","nonce_str":"77UWK1I8LCG4D3G4I1N95PXLE4V2JP1P","sign":"6AE4517608B0C11AF691831FE9AFACBC"}

2018-06-15 16:46:00:继续查询:{"resp_code":"0","amount":"750","leshua_order_id":"1806151645403305","merchant_id":"6008005629","nonce_str":"HK6XDMYA3P2ZO5QZ5J1HNFSI998FKCGY","pay_way":"WXZF","result_code":"0","sign":"5C04E58290BCA269CE9B12A20A82444D","status":"0","third_order_id":"2018061516454794052"}

2018-06-15 16:46:00:参数:{"merchant_id":"6008005629","service":"query_status","third_order_id":"2018061516454794052","nonce_str":"8CRF95ULK6QREMG6MNW5YCAWZE7CJ2UA","sign":"59F8B2EB1D668E76A0E987BA24BA336B"}

2018-06-15 16:46:01:支付成功:{"resp_code":"0","amount":"750","bank_type":"CFT","leshua_order_id":"1806151645403305","merchant_id":"6008005629","nonce_str":"K5IQOVFNJ5SY6UC3PNQV5YLAL7PGAD9G","openid":"o8uJ6uCFzHFiWo6RjHsgjicArWlg","out_transaction_id":"4200000115201806156250111040","pay_time":"2018-06-15 16:46:00","pay_way":"WXZF","result_code":"0","sign":"24D84E2487F676F482B610D01B413D9B","status":"2","third_order_id":"2018061516454794052"}

2018-06-15 17:08:07:参数:{"merchant_id":"6008005629","service":"query_status","third_order_id":"2018061517080680492","nonce_str":"8FRSGN6Y7XLK81PQI0NLI5WT1WA8H95G","sign":"FC5451B859AEBE5AC39CB3A0CF37C513"}

2018-06-15 17:08:13:继续查询:{"resp_code":"0","amount":"1570","leshua_order_id":"1806151708009965","merchant_id":"6008005629","nonce_str":"CTNFTU5GGG5AZ7VFLJF0W7LT6U9HDY3Y","pay_way":"WXZF","result_code":"0","sign":"0D8FEFD33B033BBC453A5A37D7266F3D","status":"0","third_order_id":"2018061517080680492"}

2018-06-15 17:08:13:参数:{"merchant_id":"6008005629","service":"query_status","third_order_id":"2018061517080680492","nonce_str":"I7LFKVG5P4K6O90U9ZYRGXJ6FYAA44NR","sign":"9E3A818B19628A63BE01FA3B2F974D14"}

2018-06-15 17:08:18:继续查询:{"resp_code":"0","amount":"1570","leshua_order_id":"1806151708009965","merchant_id":"6008005629","nonce_str":"LAT9A4WN093B5ZS8Y5T7XXB8FJWOO5VH","pay_way":"WXZF","result_code":"0","sign":"8C6AFA241BDF8591E7E4271E08734597","status":"0","third_order_id":"2018061517080680492"}

2018-06-15 17:08:18:参数:{"merchant_id":"6008005629","service":"query_status","third_order_id":"2018061517080680492","nonce_str":"QHZRG52KD70N6WAQLXVNCXVWJLRVDEWP","sign":"A54FCDD34D0FC40C4643C5175BAD631F"}

2018-06-15 17:08:19:支付成功:{"resp_code":"0","amount":"1570","bank_type":"ICBC_CREDIT","leshua_order_id":"1806151708009965","merchant_id":"6008005629","nonce_str":"HUHT3KFL6TEH4PLPW0107HKNKL66PLAJ","openid":"o8uJ6uAIgpYrLLeZrDTKiWjD3diY","out_transaction_id":"4200000111201806150407713092","pay_time":"2018-06-15 17:08:19","pay_way":"WXZF","result_code":"0","sign":"E5CA343AA574111186C8F75ACA971377","status":"2","third_order_id":"2018061517080680492"}

2018-06-15 18:00:15:参数:{"merchant_id":"6008005629","service":"query_status","third_order_id":"2018061518001477065","nonce_str":"NK2Y6OFQQ1MAJ5M0WPMC44IPSX77NXT5","sign":"198CC4369A13A09B71BE680A0404D4F8"}

2018-06-15 18:00:21:继续查询:{"resp_code":"0","amount":"300","leshua_order_id":"1806151800170330","merchant_id":"6008005629","nonce_str":"K1F7MZZAMBVUZR0AQ5HHIUWFAOYDZKCP","pay_way":"WXZF","result_code":"0","sign":"3CC9964C656ACF9C4603D4B00792B3E6","status":"0","third_order_id":"2018061518001477065"}

2018-06-15 18:00:21:参数:{"merchant_id":"6008005629","service":"query_status","third_order_id":"2018061518001477065","nonce_str":"EEMETZMZ5E8GZ3HZOIWYVW6SZR06G4YY","sign":"69248E273BA12B76CBD677216687DC4B"}

2018-06-15 18:00:21:支付成功:{"resp_code":"0","amount":"300","bank_type":"CFT","leshua_order_id":"1806151800170330","merchant_id":"6008005629","nonce_str":"69USJ7OUG5M0SA0SFU30BY542JHZI687","openid":"o8uJ6uNYGn8d3-Mfe6MR32N28EhQ","out_transaction_id":"4200000109201806159042359570","pay_time":"2018-06-15 18:00:21","pay_way":"WXZF","result_code":"0","sign":"48F75261C140CD3ABC8764750966BF44","status":"2","third_order_id":"2018061518001477065"}

2018-06-15 18:15:09:参数:{"merchant_id":"6008005629","service":"query_status","third_order_id":"2018061518150886755","nonce_str":"6OECOFNL5USI391EMNZGT5XLVDYRMAV4","sign":"BC133AE93AC5CDE5A185C6786B9E6B9B"}

2018-06-15 18:15:14:继续查询:{"resp_code":"0","amount":"1410","leshua_order_id":"1806151815031750","merchant_id":"6008005629","nonce_str":"UU5MUX1G3QQ04VU7L6SCFU69SIVUXLVM","pay_way":"WXZF","result_code":"0","sign":"327C8A218D52A5517B6C88A6E4B715F6","status":"0","third_order_id":"2018061518150886755"}

2018-06-15 18:15:14:参数:{"merchant_id":"6008005629","service":"query_status","third_order_id":"2018061518150886755","nonce_str":"JNSXUECJHW9DBVVIQXDNLGOCWJX10MNY","sign":"51A3F802F533466B42B054CAF39802B2"}

2018-06-15 18:15:20:继续查询:{"resp_code":"0","amount":"1410","leshua_order_id":"1806151815031750","merchant_id":"6008005629","nonce_str":"0WMPA3MTD76RS47B14KNF7D09LCT2E8N","pay_way":"WXZF","result_code":"0","sign":"B384D19A0BA72D419398ADF895CD591E","status":"0","third_order_id":"2018061518150886755"}

2018-06-15 18:15:20:参数:{"merchant_id":"6008005629","service":"query_status","third_order_id":"2018061518150886755","nonce_str":"38GWGF0F9PWQH3Q58GIOTIK1P6N9BU41","sign":"7FDF2E7C707C0EF9CB49046379EDD8E5"}

2018-06-15 18:15:20:支付成功:{"resp_code":"0","amount":"1410","bank_type":"CMBC_DEBIT","leshua_order_id":"1806151815031750","merchant_id":"6008005629","nonce_str":"ZXJLSA842573VNEPPRV90IZVV3UAXLWL","openid":"o8uJ6uFwO7a0SjYwDUWyavgvOOJ4","out_transaction_id":"4200000131201806158932323708","pay_time":"2018-06-15 18:15:20","pay_way":"WXZF","result_code":"0","sign":"655A6BC2A6D31511C16871544A423F5B","status":"2","third_order_id":"2018061518150886755"}

2018-06-15 18:21:46:参数:{"merchant_id":"6008005629","service":"query_status","third_order_id":"2018061518214525057","nonce_str":"YW0UCJRJ1HHKDT1UXTRFV6OVYCCS5G2E","sign":"C7C278C1945586442136FEF0C0673C51"}

2018-06-15 18:21:51:继续查询:{"resp_code":"0","amount":"1860","leshua_order_id":"1806151821425766","merchant_id":"6008005629","nonce_str":"4PL3W4BHW2HKLLTEPEXZCW8JP5G6X33M","pay_way":"WXZF","result_code":"0","sign":"0B20CEC64F4985DDC058575B178C0CCA","status":"0","third_order_id":"2018061518214525057"}

2018-06-15 18:21:52:参数:{"merchant_id":"6008005629","service":"query_status","third_order_id":"2018061518214525057","nonce_str":"R8QOHW61SJ4JKYJEX2WSGD5YK5MC6U7E","sign":"23F0A00B4D573642FFC75A28921B8527"}

2018-06-15 18:21:57:继续查询:{"resp_code":"0","amount":"1860","leshua_order_id":"1806151821425766","merchant_id":"6008005629","nonce_str":"PHXRNCYCL2KZ0T0WDYN8N8UPS4CK3KQQ","pay_way":"WXZF","result_code":"0","sign":"33032CDC8C08AAD4037D9213B7F4FE05","status":"0","third_order_id":"2018061518214525057"}

2018-06-15 18:21:57:参数:{"merchant_id":"6008005629","service":"query_status","third_order_id":"2018061518214525057","nonce_str":"8UGG52MA496S4SHU72JXBDGP1EC8951G","sign":"ED346FC0A1754133D245CE110F00FA0F"}

2018-06-15 18:22:03:继续查询:{"resp_code":"0","amount":"1860","leshua_order_id":"1806151821425766","merchant_id":"6008005629","nonce_str":"1G8YMD7J8P30YWNVPMULNRAUGOG3CLF4","pay_way":"WXZF","result_code":"0","sign":"D7BF4FBC2D53AD147B464F96E806F7C2","status":"0","third_order_id":"2018061518214525057"}

2018-06-15 18:22:03:参数:{"merchant_id":"6008005629","service":"query_status","third_order_id":"2018061518214525057","nonce_str":"5EY1RH8SYCEA6JLVSGYCXL4AD6PDQJ38","sign":"A14FBA97FDA50713F9B765C47AA2C40D"}

2018-06-15 18:22:08:继续查询:{"resp_code":"0","amount":"1860","leshua_order_id":"1806151821425766","merchant_id":"6008005629","nonce_str":"DH5VM07EXKA3CVAKYKNPZZ343D1E7K6I","pay_way":"WXZF","result_code":"0","sign":"20091CE0E21413DED47C66D8C0867BD2","status":"0","third_order_id":"2018061518214525057"}

2018-06-15 18:22:08:参数:{"merchant_id":"6008005629","service":"query_status","third_order_id":"2018061518214525057","nonce_str":"SAMPVM3UIDLF7RX0M5NQSDHEL7C0JKTU","sign":"207B21F08EF7E83CBA658B93C1BB503D"}

2018-06-15 18:22:14:继续查询:{"resp_code":"0","amount":"1860","leshua_order_id":"1806151821425766","merchant_id":"6008005629","nonce_str":"H9MHH9GQDAY2KJJ5VZ9U0GRK40HU239C","pay_way":"WXZF","result_code":"0","sign":"952A18DD42A64F2A122CA7996EB17F6B","status":"0","third_order_id":"2018061518214525057"}

2018-06-15 18:22:14:参数:{"merchant_id":"6008005629","service":"query_status","third_order_id":"2018061518214525057","nonce_str":"3USD1ILIX1QL0Z22MFFBHISHMTWR78FT","sign":"8BAB4EEF32898F6CD5A80B65385A1933"}

2018-06-15 18:22:19:继续查询:{"resp_code":"0","amount":"1860","leshua_order_id":"1806151821425766","merchant_id":"6008005629","nonce_str":"TM55IWS0LR02ZZ0UWBNT2TZ6NVROSS5E","pay_way":"WXZF","result_code":"0","sign":"C6D6D28B3123480D97098F7EA035888B","status":"0","third_order_id":"2018061518214525057"}

2018-06-15 18:22:19:参数:{"merchant_id":"6008005629","service":"query_status","third_order_id":"2018061518214525057","nonce_str":"6CTAOA126W3I8ZS80W3N8VD4H1VPOQ18","sign":"6492D2B81F9374DA7528C55DDC967770"}

2018-06-15 18:49:24:参数:{"merchant_id":"6008005629","service":"query_status","third_order_id":"2018061518492045737","nonce_str":"F083R52JH2PE3SMN4TARWE3GVKY94J5A","sign":"47B245A2C8B3113EBBFC8C3D54A4DF37"}

2018-06-15 18:49:24:支付失败:{"resp_code":"0","amount":"3579","leshua_order_id":"1806151849227388","merchant_id":"6008005629","nonce_str":"YYP71IIRPR0LU8PQPA4FP6537FFAI2X6","pay_way":"WXZF","result_code":"0","sign":"6DF5133D6C45E377089841C54043733D","status":"8","third_order_id":"2018061518492045737"}

2018-06-15 18:55:15:参数:{"merchant_id":"6008005629","service":"query_status","third_order_id":"2018061518551335686","nonce_str":"H93RM8SMD6WB8JWZPZXZ8B6IIXVHJE3T","sign":"F44ED50970AB35A7EC54776D400EF419"}

2018-06-15 18:55:20:继续查询:{"resp_code":"0","amount":"1401200200","leshua_order_id":"1806151855105951","merchant_id":"6008005629","nonce_str":"J0MUD8VBADGNORHXXEJ4EUMI5KCBO26T","pay_way":"WXZF","result_code":"0","sign":"D644AFD265B45EE2A757042839599B95","status":"0","third_order_id":"2018061518551335686"}

2018-06-15 18:55:20:参数:{"merchant_id":"6008005629","service":"query_status","third_order_id":"2018061518551335686","nonce_str":"Z59KJGPIODOLB40D9OB3SSIJXXWUMXOX","sign":"1C2C4B12376D3938C32F7B5FA888FB75"}

2018-06-15 18:55:26:继续查询:{"resp_code":"0","amount":"1401200200","leshua_order_id":"1806151855105951","merchant_id":"6008005629","nonce_str":"O302C2DRTHE7T7CXCPJ24BE0XUTKO2GO","pay_way":"WXZF","result_code":"0","sign":"CA794BCF893A6ABC6ACEE24BC8F034F7","status":"0","third_order_id":"2018061518551335686"}

2018-06-15 18:55:26:参数:{"merchant_id":"6008005629","service":"query_status","third_order_id":"2018061518551335686","nonce_str":"D9GGOGQQMD5YW2OJLGKQMZPX4GVSWEHT","sign":"F0328FE8B25498A46064897EEF642F86"}

2018-06-15 18:55:31:继续查询:{"resp_code":"0","amount":"1401200200","leshua_order_id":"1806151855105951","merchant_id":"6008005629","nonce_str":"EHXQKVT9JUIVAJNMHSD46P9JQ069TZQ8","pay_way":"WXZF","result_code":"0","sign":"AF7F50528FDABEBE9A306F80347A2886","status":"0","third_order_id":"2018061518551335686"}

2018-06-15 18:55:31:参数:{"merchant_id":"6008005629","service":"query_status","third_order_id":"2018061518551335686","nonce_str":"HA7QHR0AVFARZUYFJ5FMN2ZX5IX6V5AN","sign":"9B9F08E9A08B5B1BC4F93E4C3A64AB43"}

2018-06-15 18:55:37:继续查询:{"resp_code":"0","amount":"1401200200","leshua_order_id":"1806151855105951","merchant_id":"6008005629","nonce_str":"V5R5FA19SUZVHFH1P5N2K86RWWP4PW5A","pay_way":"WXZF","result_code":"0","sign":"911954D70F9150AAB7FD0B6CCC4576E8","status":"0","third_order_id":"2018061518551335686"}

2018-06-15 18:55:37:参数:{"merchant_id":"6008005629","service":"query_status","third_order_id":"2018061518551335686","nonce_str":"JFAWJPZA3JZZOG3DLOG0MA4GOB5GX5T8","sign":"278E3FACAD93D19B7FF84008B6079FA2"}

2018-06-15 18:55:42:继续查询:{"resp_code":"0","amount":"1401200200","leshua_order_id":"1806151855105951","merchant_id":"6008005629","nonce_str":"RR3VCWOYD20MMVAZSWCXUMZJUC4SZQGB","pay_way":"WXZF","result_code":"0","sign":"81150CD1FC1A974D6B4CF27743C51A4F","status":"0","third_order_id":"2018061518551335686"}

2018-06-15 18:55:42:参数:{"merchant_id":"6008005629","service":"query_status","third_order_id":"2018061518551335686","nonce_str":"3G9I1924U605GO08FNOZLUQRUF8SBKOR","sign":"A2B97C2B518ACE89BE6F910459CF454E"}

2018-06-15 18:55:48:继续查询:{"resp_code":"0","amount":"1401200200","leshua_order_id":"1806151855105951","merchant_id":"6008005629","nonce_str":"5VQIPRP3BUXXUAJKTCG3VJS0R3Q2JDK8","pay_way":"WXZF","result_code":"0","sign":"1B6AC6453370CDE377C257D2B690C0E0","status":"0","third_order_id":"2018061518551335686"}

2018-06-15 18:55:48:参数:{"merchant_id":"6008005629","service":"query_status","third_order_id":"2018061518551335686","nonce_str":"Y4LPCH6DP17378WJHW7QPFMT8BITUBP0","sign":"9F8A7EF3E162F24D80BCA51C752188E5"}

2018-06-15 18:55:54:参数:{"merchant_id":"6008005629","service":"query_status","third_order_id":"2018061518555496971","nonce_str":"LD1E23UUTR7YMWLSWHV4J6NRG6F8JHBP","sign":"A6953E41D618F560A592D7E125C5AC0E"}

2018-06-15 18:56:00:继续查询:{"resp_code":"0","amount":"1200","leshua_order_id":"1806151855520013","merchant_id":"6008005629","nonce_str":"MJ7401QA2W70X93KKM612YHV04SKW1XR","pay_way":"WXZF","result_code":"0","sign":"862E3ED0669A70C63553C36B1F272189","status":"0","third_order_id":"2018061518555496971"}

2018-06-15 18:56:00:参数:{"merchant_id":"6008005629","service":"query_status","third_order_id":"2018061518555496971","nonce_str":"HQVZC9B6WY554VNL1KY2BIJ1AVOEVHX6","sign":"BDFAF60078C10B6EA68686952F93242B"}

2018-06-15 18:56:05:继续查询:{"resp_code":"0","amount":"1200","leshua_order_id":"1806151855520013","merchant_id":"6008005629","nonce_str":"3EOXNZRQAO8WHR8HNFCUU2BAVWBWQ6EO","pay_way":"WXZF","result_code":"0","sign":"9C3D35362B12ED2475A35DC6E395FFEA","status":"0","third_order_id":"2018061518555496971"}

2018-06-15 18:56:05:参数:{"merchant_id":"6008005629","service":"query_status","third_order_id":"2018061518555496971","nonce_str":"Y2HUN445ARW32KB02P72YGDVQ8C7D2HX","sign":"A2A4E417748A6576FD14B6716B4068D0"}

2018-06-15 18:56:11:继续查询:{"resp_code":"0","amount":"1200","leshua_order_id":"1806151855520013","merchant_id":"6008005629","nonce_str":"20DFQQNUABBAY5EZI88YIYUHJ7804FOY","pay_way":"WXZF","result_code":"0","sign":"A63C657F26A9D2A3464FDB5E1300591D","status":"0","third_order_id":"2018061518555496971"}

2018-06-15 18:56:11:参数:{"merchant_id":"6008005629","service":"query_status","third_order_id":"2018061518555496971","nonce_str":"JSG8DWZANQN6H4TJ0KXVFELPRQ7L17QB","sign":"CCC4F68A7EC84FA531CB4CF1DBEDB62B"}

2018-06-15 18:56:16:继续查询:{"resp_code":"0","amount":"1200","leshua_order_id":"1806151855520013","merchant_id":"6008005629","nonce_str":"Q6OP4YA36AVQ41D23SOVQCEGNTEZ2U4W","pay_way":"WXZF","result_code":"0","sign":"4AFD3D4AC92F6569FE9B45C78C3C4E05","status":"0","third_order_id":"2018061518555496971"}

2018-06-15 18:56:16:参数:{"merchant_id":"6008005629","service":"query_status","third_order_id":"2018061518555496971","nonce_str":"RNJ0R5DJCBIDUCSYZ67AHT6WAXSI3AEA","sign":"F6C71A24EFB3CB71397E4B2907F69003"}

2018-06-15 18:56:22:继续查询:{"resp_code":"0","amount":"1200","leshua_order_id":"1806151855520013","merchant_id":"6008005629","nonce_str":"197U9XNFYUUSYF8QTV81ZI66FTSZBA0Q","pay_way":"WXZF","result_code":"0","sign":"5ACDBA2879B5E32359387F7FF28E49A9","status":"0","third_order_id":"2018061518555496971"}

2018-06-15 18:56:22:参数:{"merchant_id":"6008005629","service":"query_status","third_order_id":"2018061518555496971","nonce_str":"NXVI8UJ5O8ZIMPMZC8FQFJDGU8M98P3N","sign":"DE8F26BA99CF1D9FD71258FAEA3C1CE6"}

2018-06-15 18:56:27:继续查询:{"resp_code":"0","amount":"1200","leshua_order_id":"1806151855520013","merchant_id":"6008005629","nonce_str":"U8TC9NYNYCQ5LSDR9K504EHHW0U2Z9A3","pay_way":"WXZF","result_code":"0","sign":"BA436E75018F6F2CE5620875312F8346","status":"0","third_order_id":"2018061518555496971"}

2018-06-15 18:56:27:参数:{"merchant_id":"6008005629","service":"query_status","third_order_id":"2018061518555496971","nonce_str":"EAMKZFSIPWCOB2S9DTZRNC0LPY83315I","sign":"C23D1768E57E55508A1439728197C98F"}

2018-06-15 19:21:46:参数:{"merchant_id":"6008005629","service":"query_status","third_order_id":"2018061519214466273","nonce_str":"NTNU3KDT4F6RDIHI2Q67CL63QF14WDN9","sign":"2EE6F0EC76C839ECD64F1DF6932E6890"}

2018-06-15 19:21:51:继续查询:{"resp_code":"0","amount":"160","leshua_order_id":"1806151921477489","merchant_id":"6008005629","nonce_str":"0IUOX5Y820NA5IIU26N46KVSXYW5KOKF","pay_way":"WXZF","result_code":"0","sign":"6D121E97D28826CDBA1B73C01A40625F","status":"0","third_order_id":"2018061519214466273"}

2018-06-15 19:21:52:参数:{"merchant_id":"6008005629","service":"query_status","third_order_id":"2018061519214466273","nonce_str":"VA4OTQM8YVIZ2Q1LS2LN42LUGJ5O0JVO","sign":"4D88673F30B7CA7D3FF5E942EF44D295"}

2018-06-15 19:21:57:继续查询:{"resp_code":"0","amount":"160","leshua_order_id":"1806151921477489","merchant_id":"6008005629","nonce_str":"MXPSMLLPYC60LLKF0C4DPK510124C0ZX","pay_way":"WXZF","result_code":"0","sign":"C8BB0049B84A03190E169EF31E38E2E3","status":"0","third_order_id":"2018061519214466273"}

2018-06-15 19:21:57:参数:{"merchant_id":"6008005629","service":"query_status","third_order_id":"2018061519214466273","nonce_str":"Q0C6RNP6BJ8PKWCPE2R600UYUG4H4XK6","sign":"48A2FCB602825910E4C09D9F23434B82"}

2018-06-15 19:22:03:继续查询:{"resp_code":"0","amount":"160","leshua_order_id":"1806151921477489","merchant_id":"6008005629","nonce_str":"RO5XXVWXTT4RK8Z0KS4LIP3F80AR7E55","pay_way":"WXZF","result_code":"0","sign":"831C7ED8F12A08DC95FF33BEA180999D","status":"0","third_order_id":"2018061519214466273"}

2018-06-15 19:22:03:参数:{"merchant_id":"6008005629","service":"query_status","third_order_id":"2018061519214466273","nonce_str":"ID75311XHFWX55ZSDGJVKG00RTCY9IY3","sign":"8435ECC505B4D01CD3DF0E3D96CBBFDF"}

2018-06-15 19:22:08:继续查询:{"resp_code":"0","amount":"160","leshua_order_id":"1806151921477489","merchant_id":"6008005629","nonce_str":"JU570IMM5KVPNG5HP1QM165VZODRMG21","pay_way":"WXZF","result_code":"0","sign":"024A6F41FE66C4BFA5068F9846B3D4BB","status":"0","third_order_id":"2018061519214466273"}

2018-06-15 19:22:08:参数:{"merchant_id":"6008005629","service":"query_status","third_order_id":"2018061519214466273","nonce_str":"EE4ZM6WA3YJNJPFSQTO680GXB64CGK27","sign":"F65FCBA5A46BFFA70CE8AA09E1426341"}

2018-06-15 19:22:14:继续查询:{"resp_code":"0","amount":"160","leshua_order_id":"1806151921477489","merchant_id":"6008005629","nonce_str":"T0GJEU3ZXCAVNV6PP8BNNBIZTN99YSUM","pay_way":"WXZF","result_code":"0","sign":"784141786EBE90C31F47C5B2DD2570D4","status":"0","third_order_id":"2018061519214466273"}

2018-06-15 19:22:14:参数:{"merchant_id":"6008005629","service":"query_status","third_order_id":"2018061519214466273","nonce_str":"7O9R3UE173G0TGAULCT5NBB3KTPLWF4S","sign":"6326ED9F7FC6DEDF7A8557AC6CAB0E94"}

2018-06-15 19:22:19:继续查询:{"resp_code":"0","amount":"160","leshua_order_id":"1806151921477489","merchant_id":"6008005629","nonce_str":"9Z6RO5FC77557ZGYDN10O5LLY4AWIDBG","pay_way":"WXZF","result_code":"0","sign":"4D8E35FDFEE07C9F829BFA3BB9DA746D","status":"0","third_order_id":"2018061519214466273"}

2018-06-15 19:22:19:参数:{"merchant_id":"6008005629","service":"query_status","third_order_id":"2018061519214466273","nonce_str":"8E5Z1A3VHIE4GRDOLUY6DL42S0D2SEJL","sign":"EDECFA7CE279811D624B045DDF945DAD"}

2018-06-15 19:22:38:参数:{"merchant_id":"6008005629","service":"query_status","third_order_id":"2018061519223665052","nonce_str":"SFMQI9REC3LPBZDJGC4KFDSWSUPWIEV4","sign":"FE4EBD9A77266407CC433717A1311A33"}

2018-06-15 19:22:43:继续查询:{"resp_code":"0","amount":"160","leshua_order_id":"1806151922304930","merchant_id":"6008005629","nonce_str":"0LED9Q9D4UVD7NZRMD2Y8M71O0G4QDZM","pay_way":"WXZF","result_code":"0","sign":"5BDB1D2F836A067F6970795A6B09D7BC","status":"0","third_order_id":"2018061519223665052"}

2018-06-15 19:22:43:参数:{"merchant_id":"6008005629","service":"query_status","third_order_id":"2018061519223665052","nonce_str":"Y9O8NYUBHFMUBIKFGJ5SLA33JYX06XLR","sign":"61EA416D42245B073D31247FFC1FFE37"}

2018-06-15 19:22:49:继续查询:{"resp_code":"0","amount":"160","leshua_order_id":"1806151922304930","merchant_id":"6008005629","nonce_str":"GQYPOCAVYUB1TCQOD2MVFMOZDW1QY9SW","pay_way":"WXZF","result_code":"0","sign":"5DAA3843F2C12051E32C5B96884C885C","status":"0","third_order_id":"2018061519223665052"}

2018-06-15 19:22:49:参数:{"merchant_id":"6008005629","service":"query_status","third_order_id":"2018061519223665052","nonce_str":"CCEKM4RPZ07TECFV3G66IKW4O0XY19AX","sign":"64ABC681BC67AD4CF5C80C6EBECDF7B3"}

2018-06-15 19:22:54:继续查询:{"resp_code":"0","amount":"160","leshua_order_id":"1806151922304930","merchant_id":"6008005629","nonce_str":"SF5QAKE5IV84MMK1NPMJLBLO3E1KJ796","pay_way":"WXZF","result_code":"0","sign":"2453B5BE1E9A09EE4FFF511CA9C8C991","status":"0","third_order_id":"2018061519223665052"}

2018-06-15 19:22:54:参数:{"merchant_id":"6008005629","service":"query_status","third_order_id":"2018061519223665052","nonce_str":"EBC3V610K0LSDM2ZR1WWN1YGJNPZZFER","sign":"93A5A17741B298BA4903610127884967"}

2018-06-15 19:23:00:继续查询:{"resp_code":"0","amount":"160","leshua_order_id":"1806151922304930","merchant_id":"6008005629","nonce_str":"M0NVTQ03WUDXK8PDO1F3G4M20ESA4YQF","pay_way":"WXZF","result_code":"0","sign":"542F960C0EB808694776647D77A991AF","status":"0","third_order_id":"2018061519223665052"}

2018-06-15 19:23:00:参数:{"merchant_id":"6008005629","service":"query_status","third_order_id":"2018061519223665052","nonce_str":"E1TCM3RUX8KOJJCROBCWGVAPO2TQBC0Y","sign":"3DA673EB0AA029D9DA9789B89BBE0827"}

2018-06-15 19:23:05:继续查询:{"resp_code":"0","amount":"160","leshua_order_id":"1806151922304930","merchant_id":"6008005629","nonce_str":"DFKGULZJZFQNT1U3N92JJKPCX4PNMTIR","pay_way":"WXZF","result_code":"0","sign":"2B55D79500F86EA0913B79885982A58E","status":"0","third_order_id":"2018061519223665052"}

2018-06-15 19:23:05:参数:{"merchant_id":"6008005629","service":"query_status","third_order_id":"2018061519223665052","nonce_str":"4X9CXL8LRTGPR42V82NGEF1OM5056L6O","sign":"A5D70D52169E38930A091A0A3E66DC87"}

2018-06-15 19:23:11:继续查询:{"resp_code":"0","amount":"160","leshua_order_id":"1806151922304930","merchant_id":"6008005629","nonce_str":"WCINSBXUIFXNCJ0LUVRJOQSQPEOXIHQS","pay_way":"WXZF","result_code":"0","sign":"165C233116F2B5F38D2046994EFD6B4D","status":"0","third_order_id":"2018061519223665052"}

2018-06-15 19:23:11:参数:{"merchant_id":"6008005629","service":"query_status","third_order_id":"2018061519223665052","nonce_str":"KIUXLYDFGW0ITDUX4DWX18M1QUA6WXBY","sign":"6C6D5345AC5589F9DC6E7525D564B93C"}

2018-06-15 19:39:45:参数:{"merchant_id":"6008005629","service":"query_status","third_order_id":"2018061519394467314","nonce_str":"HC1MDBWN9V0WN2P4BE787X3MO6PTRL5Y","sign":"E162D33B145ACA0317254723068D22DD"}

2018-06-15 19:39:51:继续查询:{"resp_code":"0","amount":"1250","leshua_order_id":"1806151939473304","merchant_id":"6008005629","nonce_str":"1Z9B71UIO6SCUSSX6G3FYEBGTQT69RJJ","pay_way":"WXZF","result_code":"0","sign":"87F01BC9E77435376F2BF92C2B38E5B5","status":"0","third_order_id":"2018061519394467314"}

2018-06-15 19:39:51:参数:{"merchant_id":"6008005629","service":"query_status","third_order_id":"2018061519394467314","nonce_str":"JK431SYB19SI3K1UM1KVJGJQ02FCP2K1","sign":"E800A7B2F6ED2F31E9436B3C2D827C0E"}

2018-06-15 19:39:56:继续查询:{"resp_code":"0","amount":"1250","leshua_order_id":"1806151939473304","merchant_id":"6008005629","nonce_str":"50IWM88Q0P4032WHZXLIL3WMW3IV8FC2","pay_way":"WXZF","result_code":"0","sign":"ED38C74C8FF5953A36F15B490596D2FC","status":"0","third_order_id":"2018061519394467314"}

2018-06-15 19:39:56:参数:{"merchant_id":"6008005629","service":"query_status","third_order_id":"2018061519394467314","nonce_str":"UODT9TRQONHWTVAPEY4WWHOLIVK7D5BC","sign":"0A5EFB323C4A40E450529BD7F3C4F9E3"}

2018-06-15 19:40:02:继续查询:{"resp_code":"0","amount":"1250","leshua_order_id":"1806151939473304","merchant_id":"6008005629","nonce_str":"YZ5T7GHNXJGYCW9CMLPNJGUU1NUEDQ24","pay_way":"WXZF","result_code":"0","sign":"81A9D62622CA339DD6F5B4BB3A5123EA","status":"0","third_order_id":"2018061519394467314"}

2018-06-15 19:40:02:参数:{"merchant_id":"6008005629","service":"query_status","third_order_id":"2018061519394467314","nonce_str":"73VZ8HMT8YXX1ZFTZ601NAZ4XPPHCMCO","sign":"F2C3AD74E2CA185A9E78F564AF713C8A"}

2018-06-15 19:40:08:继续查询:{"resp_code":"0","amount":"1250","leshua_order_id":"1806151939473304","merchant_id":"6008005629","nonce_str":"4YM0XGJFYHI8AEE1AEZS94J7X0J6T9EE","pay_way":"WXZF","result_code":"0","sign":"5FA9480457423204152F73B6CC009302","status":"0","third_order_id":"2018061519394467314"}

2018-06-15 19:40:08:参数:{"merchant_id":"6008005629","service":"query_status","third_order_id":"2018061519394467314","nonce_str":"0OIN8HQV4VZW2ZFOFF66ZDGYCP26YWGY","sign":"A72CE4617DED0EF897A36A2BFA627A1A"}

2018-06-15 19:40:13:继续查询:{"resp_code":"0","amount":"1250","leshua_order_id":"1806151939473304","merchant_id":"6008005629","nonce_str":"1C8NA7V801SBXF6ARPO4PLVZCI7DJNME","pay_way":"WXZF","result_code":"0","sign":"A976EBD91139AEEB93881FAAAAD8A88F","status":"0","third_order_id":"2018061519394467314"}

2018-06-15 19:40:13:参数:{"merchant_id":"6008005629","service":"query_status","third_order_id":"2018061519394467314","nonce_str":"YYP859LIEMCVVE6QRGEM2BHZSFQCVV6X","sign":"CF06AC63840952B46AE23E2CAB3940F0"}

2018-06-15 19:40:19:继续查询:{"resp_code":"0","amount":"1250","leshua_order_id":"1806151939473304","merchant_id":"6008005629","nonce_str":"PSJJRNYVAKIO7VN76Q2WGJBOTDYEL4L8","pay_way":"WXZF","result_code":"0","sign":"59DEB22A79050784735676A0F445FF4A","status":"0","third_order_id":"2018061519394467314"}

2018-06-15 19:40:19:参数:{"merchant_id":"6008005629","service":"query_status","third_order_id":"2018061519394467314","nonce_str":"0HJRWJ6LKG9TB8O3K6QRNY6WXB79KRWZ","sign":"F21678EA0AD46EC6520863D71EA7E61B"}

2018-06-15 19:40:19:支付成功:{"resp_code":"0","amount":"1250","bank_type":"CFT","leshua_order_id":"1806151939473304","merchant_id":"6008005629","nonce_str":"890MXJ0BCNSNI598CRZBMLO83PSBWMJM","openid":"o8uJ6uMHPemeJt6r-gMxOoOp0QX0","out_transaction_id":"4200000132201806157479253589","pay_time":"2018-06-15 19:40:19","pay_way":"WXZF","result_code":"0","sign":"7BF621DE667F6503E69E3D5C13AF4C18","status":"2","third_order_id":"2018061519394467314"}

2018-06-15 19:41:45:参数:{"merchant_id":"6008005629","service":"query_status","third_order_id":"2018061519414454946","nonce_str":"746Q5S3HYNKDLVS7QRBSJ86GIAEEM0HX","sign":"EEFADBDBC43DFE843941E0FF1CC9CF99"}

2018-06-15 19:41:51:继续查询:{"resp_code":"0","amount":"2500","leshua_order_id":"1806151941401128","merchant_id":"6008005629","nonce_str":"KHX44B0Q1UYK68DSZC4PL1L8IATZNBVZ","pay_way":"WXZF","result_code":"0","sign":"CACAE2B4DB0553A068D26BB658723498","status":"0","third_order_id":"2018061519414454946"}

2018-06-15 19:41:51:参数:{"merchant_id":"6008005629","service":"query_status","third_order_id":"2018061519414454946","nonce_str":"HOO3BFSGVDJQ1JV52SB7AC4OLBLU7G4E","sign":"2013F7BB140328B2B4B2E6EF480C02EF"}

2018-06-15 19:41:52:支付成功:{"resp_code":"0","amount":"2500","bank_type":"CFT","leshua_order_id":"1806151941401128","merchant_id":"6008005629","nonce_str":"37PVYMG3M6S3XES462W4G65RHQ5E4ZVY","openid":"o8uJ6uNYGn8d3-Mfe6MR32N28EhQ","out_transaction_id":"4200000113201806157360718695","pay_time":"2018-06-15 19:41:51","pay_way":"WXZF","result_code":"0","sign":"6AF850D75863EFAF4F88BAE17D28A69D","status":"2","third_order_id":"2018061519414454946"}

2018-06-15 19:58:09:参数:{"merchant_id":"6008005629","service":"query_status","third_order_id":"2018061519580836256","nonce_str":"VC9TO07RLIKW6YAXE2B9GOXUXH6P6DES","sign":"C5CFAB3751A10752F0110C4B430D99AA"}

2018-06-15 19:58:14:继续查询:{"resp_code":"0","amount":"1420400","leshua_order_id":"1806151958006625","merchant_id":"6008005629","nonce_str":"QLPBPNNROOFTBPXEQIZA3U1SECFE7236","pay_way":"ZFBZF","result_code":"0","sign":"7E94A91CBBCD1442B844E344F0CB1EE6","status":"0","third_order_id":"2018061519580836256"}

2018-06-15 19:58:14:参数:{"merchant_id":"6008005629","service":"query_status","third_order_id":"2018061519580836256","nonce_str":"28VEXSJEC5EDIHYMWQ1TB33FZTX3RGDI","sign":"26B12E90EABDF0335E27EE74CA928BC1"}

2018-06-15 19:58:20:继续查询:{"resp_code":"0","amount":"1420400","leshua_order_id":"1806151958006625","merchant_id":"6008005629","nonce_str":"JUOO3LVC3IB7RL67IFOLXFTQW7PSNOLJ","pay_way":"ZFBZF","result_code":"0","sign":"48027CC09268E874F77A7D0072703D1B","status":"0","third_order_id":"2018061519580836256"}

2018-06-15 19:58:20:参数:{"merchant_id":"6008005629","service":"query_status","third_order_id":"2018061519580836256","nonce_str":"IF20X7ASNCH13LU576GP1TWXFIB3MGPP","sign":"1ACCA7C404292454F66CD617666B159E"}

2018-06-15 19:58:25:继续查询:{"resp_code":"0","amount":"1420400","leshua_order_id":"1806151958006625","merchant_id":"6008005629","nonce_str":"3VN5DL1RXI2JSJILN12WVMRWK46X22OX","pay_way":"ZFBZF","result_code":"0","sign":"CE57EDC0CB5EECA7AEF6AF1FDEEA7616","status":"0","third_order_id":"2018061519580836256"}

2018-06-15 19:58:25:参数:{"merchant_id":"6008005629","service":"query_status","third_order_id":"2018061519580836256","nonce_str":"TJ0HIHW27QLZW7J7EXX3LM1HM1X0B2W5","sign":"DF0DF677EE48B9B642700F5D7B1D2019"}

2018-06-15 19:58:30:继续查询:{"resp_code":"0","amount":"1420400","leshua_order_id":"1806151958006625","merchant_id":"6008005629","nonce_str":"4FN3WIF954QL5QQ2BUDXYQ5ZO5L4H5I7","pay_way":"ZFBZF","result_code":"0","sign":"EDF3A5BD0929501F3C15AF0E299484BD","status":"0","third_order_id":"2018061519580836256"}

2018-06-15 19:58:30:参数:{"merchant_id":"6008005629","service":"query_status","third_order_id":"2018061519580836256","nonce_str":"3Q8XLQ0YNRZ6O1ZWYAMCX75AWU9MVEVY","sign":"D5D0CC91698D3D4B1391CEFFD1E55ECD"}

2018-06-15 19:58:36:继续查询:{"resp_code":"0","amount":"1420400","leshua_order_id":"1806151958006625","merchant_id":"6008005629","nonce_str":"TZX1I3WIHJIRORDW1QDTPSY9EWUNKQUK","pay_way":"ZFBZF","result_code":"0","sign":"FD8C096815E107BD53F099D7727E91C8","status":"0","third_order_id":"2018061519580836256"}

2018-06-15 19:58:36:参数:{"merchant_id":"6008005629","service":"query_status","third_order_id":"2018061519580836256","nonce_str":"ES2X4YJWHOLEYZ1BLWML65G4X49YAJOJ","sign":"2706D3FB6392A27A939786DBC42A5C15"}

2018-06-15 19:58:41:继续查询:{"resp_code":"0","amount":"1420400","leshua_order_id":"1806151958006625","merchant_id":"6008005629","nonce_str":"F3TA5ZU2YGOOXXFX5NJ5YDE4WHHVTHE9","pay_way":"ZFBZF","result_code":"0","sign":"296DF52FCE6BA7CAA7914F0BBC388256","status":"0","third_order_id":"2018061519580836256"}

2018-06-15 19:58:41:参数:{"merchant_id":"6008005629","service":"query_status","third_order_id":"2018061519580836256","nonce_str":"FY60EEP3WTG1ZCVA0AYFYA5NCBIGIUY3","sign":"CB2328D6A9FA5D9DA90A01AE41D05E97"}

2018-06-15 21:32:40:参数:{"merchant_id":"6008005629","service":"query_status","third_order_id":"2018061521323923279","nonce_str":"UYVA2UI4TNWWF14DVN7VKRJMXI2GBVBS","sign":"C132913FEEE32E9C610C81E386DF1D5B"}

2018-06-15 21:32:41:支付失败:{"resp_code":"0","amount":"2020","leshua_order_id":"1806152132333230","merchant_id":"6008005629","nonce_str":"0EJA3OCNU3B7YHKC68ZG825SU8CF093L","pay_way":"WXZF","result_code":"0","sign":"CA655DA69D0AE5B75BC2D90528BA21D1","status":"8","third_order_id":"2018061521323923279"}

2018-06-15 21:57:28:参数:{"merchant_id":"6008005629","service":"query_status","third_order_id":"2018061521572693333","nonce_str":"6QPSJTC9V2V1SCFY60EJJASA19IUC648","sign":"E7B6BBE9EFC93AFADDD4F1C1B2A85F2F"}

2018-06-15 21:57:33:继续查询:{"resp_code":"0","amount":"600","leshua_order_id":"1806152157201451","merchant_id":"6008005629","nonce_str":"RIZQC20WQEDLVLUFG0N1FN106XCGTOHU","pay_way":"WXZF","result_code":"0","sign":"9AADCF9C129FCB856F7DD2E3872919FE","status":"0","third_order_id":"2018061521572693333"}

2018-06-15 21:57:33:参数:{"merchant_id":"6008005629","service":"query_status","third_order_id":"2018061521572693333","nonce_str":"2CVK1DJ7AHK0H7TAUD71GK54WAOXBPQV","sign":"3B7262F056121E335FECF07F54196203"}

2018-06-15 21:57:39:继续查询:{"resp_code":"0","amount":"600","leshua_order_id":"1806152157201451","merchant_id":"6008005629","nonce_str":"QC72MUWKB7ANUQCIB7AP3V57OZQT38K8","pay_way":"WXZF","result_code":"0","sign":"30BC2B53599656144694B4D2CE2F2D2E","status":"0","third_order_id":"2018061521572693333"}

2018-06-15 21:57:39:参数:{"merchant_id":"6008005629","service":"query_status","third_order_id":"2018061521572693333","nonce_str":"JYGTSBD04BL595U2JYP61NFXKRQ7YKNY","sign":"C990B58FA0065EEE346886CCDE70E72B"}

2018-06-15 21:57:44:继续查询:{"resp_code":"0","amount":"600","leshua_order_id":"1806152157201451","merchant_id":"6008005629","nonce_str":"X59NSWIX3H4DY7ZK2XE3YUSTPOA5ZIG3","pay_way":"WXZF","result_code":"0","sign":"4C20767B51B26380F09D3034DDFE0508","status":"0","third_order_id":"2018061521572693333"}

2018-06-15 21:57:44:参数:{"merchant_id":"6008005629","service":"query_status","third_order_id":"2018061521572693333","nonce_str":"63W41GC2VU21S7YU5UONOLS5VQIJ0LJN","sign":"C660CDD1CF3D8A434C6F53DEAA176D08"}

2018-06-15 21:57:45:支付成功:{"resp_code":"0","amount":"600","bank_type":"CFT","leshua_order_id":"1806152157201451","merchant_id":"6008005629","nonce_str":"2HCZKLEV0ES53B5I4EOR8P9GUS42SB00","openid":"o8uJ6uPVOG8T5ukLbO9nixxPvXb8","out_transaction_id":"4200000119201806153319630288","pay_time":"2018-06-15 21:57:44","pay_way":"WXZF","result_code":"0","sign":"2ACB42E533615383A517B011ACA24027","status":"2","third_order_id":"2018061521572693333"}

2018-06-15 22:05:40:参数:{"merchant_id":"6008005629","service":"query_status","third_order_id":"2018061522054027090","nonce_str":"69D2G8W70VCD3BVFJV8RLWVUY1DYLGOZ","sign":"78DE888A47CBBC0F431377C3AA19D364"}

2018-06-15 22:05:46:继续查询:{"resp_code":"0","amount":"750","leshua_order_id":"1806152205428525","merchant_id":"6008005629","nonce_str":"O33ZBFBZ4BNEPDBDW52TT04OR4EOSCRA","pay_way":"WXZF","result_code":"0","sign":"249D1DB19CFF534E90574EDD25D05B86","status":"0","third_order_id":"2018061522054027090"}

2018-06-15 22:05:46:参数:{"merchant_id":"6008005629","service":"query_status","third_order_id":"2018061522054027090","nonce_str":"MB052F3918JKDJF37BVLLITDZO5BHCGC","sign":"F497501BE04D718F61D70870109B44E8"}

2018-06-15 22:05:51:继续查询:{"resp_code":"0","amount":"750","leshua_order_id":"1806152205428525","merchant_id":"6008005629","nonce_str":"T9YZ7Q8K3SS11OO7SR867DM9JYWDO1ZR","pay_way":"WXZF","result_code":"0","sign":"7A56B437456CF02AC8FAC5469EAEAC7D","status":"0","third_order_id":"2018061522054027090"}

2018-06-15 22:05:51:参数:{"merchant_id":"6008005629","service":"query_status","third_order_id":"2018061522054027090","nonce_str":"WQ1YSQHO46A41WPZYPMPON9A3ZI894MU","sign":"DA3B613E7A4B209B414FE0F2E3CA4FC9"}

2018-06-15 22:05:57:继续查询:{"resp_code":"0","amount":"750","leshua_order_id":"1806152205428525","merchant_id":"6008005629","nonce_str":"TY9EL738Z50TSY873DI62LQU97U56177","pay_way":"WXZF","result_code":"0","sign":"3EE10142DF23ADF4F897DB225E84B1F9","status":"0","third_order_id":"2018061522054027090"}

2018-06-15 22:05:57:参数:{"merchant_id":"6008005629","service":"query_status","third_order_id":"2018061522054027090","nonce_str":"RKUQ6DACL6AA7DCM1O22UXAN1LFNORI4","sign":"A4ECA9962A20B8D9F05C47620A5621A3"}

2018-06-15 22:06:02:继续查询:{"resp_code":"0","amount":"750","leshua_order_id":"1806152205428525","merchant_id":"6008005629","nonce_str":"J5Z1IYKGRD4X0HJTCB6TZ8CGNN6J7EZT","pay_way":"WXZF","result_code":"0","sign":"2FF5107F7852EACB4CF5AFC5F903B9A9","status":"0","third_order_id":"2018061522054027090"}

2018-06-15 22:06:02:参数:{"merchant_id":"6008005629","service":"query_status","third_order_id":"2018061522054027090","nonce_str":"H0OOJD23N1Z6N3PN3X4FKYTODM1EDB8U","sign":"D7ED7F1401650EA6F2FAF5885F3DD8DF"}

2018-06-15 22:06:08:继续查询:{"resp_code":"0","amount":"750","leshua_order_id":"1806152205428525","merchant_id":"6008005629","nonce_str":"ZU4QTCJNM1O4AMLA71C0EKHLW682BPBJ","pay_way":"WXZF","result_code":"0","sign":"37AAEF438772487312512415EEC2CE52","status":"0","third_order_id":"2018061522054027090"}

2018-06-15 22:06:08:参数:{"merchant_id":"6008005629","service":"query_status","third_order_id":"2018061522054027090","nonce_str":"252IWDN3E6BRZ1N7VHPUQL1KL19EBX9F","sign":"1F736D5A5C68501EF43A19C83E023941"}

2018-06-15 22:06:13:继续查询:{"resp_code":"0","amount":"750","leshua_order_id":"1806152205428525","merchant_id":"6008005629","nonce_str":"IW1L8UHUUZQN98DF5NQOP9FL7P90ZC1W","pay_way":"WXZF","result_code":"0","sign":"5950D7E0EF29AF23DF75F5C38F4093F7","status":"0","third_order_id":"2018061522054027090"}

2018-06-15 22:06:13:参数:{"merchant_id":"6008005629","service":"query_status","third_order_id":"2018061522054027090","nonce_str":"Y6UDC8725BTCKYSW5DCZLJW0I2C707XS","sign":"7939E83337BDD6DB54DF5F44B0E85147"}

2018-06-15 23:59:19:参数:{"merchant_id":"4909001413","service":"query_status","third_order_id":"2018061523591821997","nonce_str":"Q1C9ES980QL1VT7UZNCES9MZA9YD8MXA","sign":"8E8DF06EF420258DBF5B5DA1C8D35A0F"}

2018-06-15 23:59:25:继续查询:{"resp_code":"0","amount":"26900","leshua_order_id":"1806152359102972","merchant_id":"4909001413","nonce_str":"38AYLVN0R0LYH6NDFCPVG1YBHIOU5M91","pay_way":"WXZF","result_code":"0","sign":"CD970F5E5E6128BBFC55EDC94E7BE7A1","status":"0","third_order_id":"2018061523591821997"}

2018-06-15 23:59:25:参数:{"merchant_id":"4909001413","service":"query_status","third_order_id":"2018061523591821997","nonce_str":"T9WD40BR5GDZR1SHW8885XGRT1HMRIH1","sign":"DF7377D3042B61EC0B54C73DB022BB9E"}

2018-06-15 23:59:30:继续查询:{"resp_code":"0","amount":"26900","leshua_order_id":"1806152359102972","merchant_id":"4909001413","nonce_str":"3GP15GSVN8VRD5P8SDSBMQFSEZ65DU4Y","pay_way":"WXZF","result_code":"0","sign":"A0FCA7D65E1F128941C5AD5CF4D91165","status":"0","third_order_id":"2018061523591821997"}

2018-06-15 23:59:30:参数:{"merchant_id":"4909001413","service":"query_status","third_order_id":"2018061523591821997","nonce_str":"TAXEHJ0TBEDKP512C0B95HCXXZJX9SZY","sign":"E0B43AEF7A9BDB88A90BFC8362261272"}

2018-06-15 23:59:36:继续查询:{"resp_code":"0","amount":"26900","leshua_order_id":"1806152359102972","merchant_id":"4909001413","nonce_str":"OI57R0DVOB0KLPV7ZUY3UEGA8L9I1LXM","pay_way":"WXZF","result_code":"0","sign":"928696ED22B8A5AF37F0B74E90CC6ADA","status":"0","third_order_id":"2018061523591821997"}

2018-06-15 23:59:36:参数:{"merchant_id":"4909001413","service":"query_status","third_order_id":"2018061523591821997","nonce_str":"5O4T1YUJW2X49AJTCH79L1YAXOPCRZMP","sign":"3F13911D26A3CEB3C705E7F4F87DE048"}

2018-06-15 23:59:36:支付成功:{"resp_code":"0","amount":"26900","bank_type":"ICBC_DEBIT","leshua_order_id":"1806152359102972","merchant_id":"4909001413","nonce_str":"4U29PR30WYRBJTKUQ6XP3KPP04672Z3O","openid":"o8uJ6uNRW-zE8kSKvOni6cdf5bOs","out_transaction_id":"4200000137201806158073251489","pay_time":"2018-06-15 23:59:36","pay_way":"WXZF","result_code":"0","sign":"117B16A8030F8814D0CA18F2DCD9B877","status":"2","third_order_id":"2018061523591821997"}

