2018-06-16 04:46:54:参数:{"merchant_id":"6008005629","service":"query_status","third_order_id":"2018061604465168780","nonce_str":"SJ2BH5UV3U9MRN4FVZKYWPC1SHD681GJ","sign":"0392669EE0B5F5F4713F5D3DE4E48121"}

2018-06-16 04:46:55:支付失败:{"resp_code":"0","amount":"8720","leshua_order_id":"1806160446506872","merchant_id":"6008005629","nonce_str":"9FZLOHM4BI3IVTK1XVVM2A12SECGZBIB","pay_way":"WXZF","result_code":"0","sign":"F62101572D572A76FE68839773F0969F","status":"8","third_order_id":"2018061604465168780"}

2018-06-16 08:30:00:参数:{"merchant_id":"6008005629","service":"query_status","third_order_id":"2018061608295976315","nonce_str":"XYFEC0BMHQZJ96WYT3EGQO3JBCOGQMQR","sign":"DB7887F646E25D75D9F5C929793F6356"}

2018-06-16 08:30:06:继续查询:{"resp_code":"0","amount":"1100","leshua_order_id":"1806160829521725","merchant_id":"6008005629","nonce_str":"C9CUWN942KJ3P13T4TAYI2ZIBDDAUMDI","pay_way":"WXZF","result_code":"0","sign":"0F64C8C7CA63B6E82339E94706613545","status":"0","third_order_id":"2018061608295976315"}

2018-06-16 08:30:06:参数:{"merchant_id":"6008005629","service":"query_status","third_order_id":"2018061608295976315","nonce_str":"TV5ET5XO20E2LZ3CH9JGH7LN8UVJM8KB","sign":"949228F6D8155739D2AA4305778CB71D"}

2018-06-16 08:30:11:继续查询:{"resp_code":"0","amount":"1100","leshua_order_id":"1806160829521725","merchant_id":"6008005629","nonce_str":"2NASSY7K2UH9KAJ2MLZAFJTEOANVXHKI","pay_way":"WXZF","result_code":"0","sign":"EFDCE2FB2DAB2B9EB91161F23C01B461","status":"0","third_order_id":"2018061608295976315"}

2018-06-16 08:30:11:参数:{"merchant_id":"6008005629","service":"query_status","third_order_id":"2018061608295976315","nonce_str":"RGSI8O18KLPEK1T4IL2L11S6DAFF0T09","sign":"228F7E797876CB71720A87E7636DB3B5"}

2018-06-16 08:30:17:继续查询:{"resp_code":"0","amount":"1100","leshua_order_id":"1806160829521725","merchant_id":"6008005629","nonce_str":"ND6DE9FFCY79SAO2CVYB5BTC6ST8MLC9","pay_way":"WXZF","result_code":"0","sign":"B2A31C9C3597F74B0953DD226FF59CB6","status":"0","third_order_id":"2018061608295976315"}

2018-06-16 08:30:17:参数:{"merchant_id":"6008005629","service":"query_status","third_order_id":"2018061608295976315","nonce_str":"QABG6JIZTHN74X1IM1JIZ3IZ9SXT3I33","sign":"73495440C20595CE5AD8E1BEFD418755"}

2018-06-16 08:30:22:继续查询:{"resp_code":"0","amount":"1100","leshua_order_id":"1806160829521725","merchant_id":"6008005629","nonce_str":"J9JM1GT40HBBR2M7N4NC3VBL2NWKN522","pay_way":"WXZF","result_code":"0","sign":"77E5F984678C81AED4C44AD4278F40F8","status":"0","third_order_id":"2018061608295976315"}

2018-06-16 08:30:22:参数:{"merchant_id":"6008005629","service":"query_status","third_order_id":"2018061608295976315","nonce_str":"O8X3T15QHO6RAOIH881EA4XNZ0P9UDSG","sign":"F4D1DF32D03468EE940281C39D10ACD0"}

2018-06-16 08:30:28:继续查询:{"resp_code":"0","amount":"1100","leshua_order_id":"1806160829521725","merchant_id":"6008005629","nonce_str":"H01JOBSN5QN6GKZL4ZUKU3WSH5KLJ7T1","pay_way":"WXZF","result_code":"0","sign":"ECBFE8A985FAF74537328349F12BB496","status":"0","third_order_id":"2018061608295976315"}

2018-06-16 08:30:28:参数:{"merchant_id":"6008005629","service":"query_status","third_order_id":"2018061608295976315","nonce_str":"RFANERC75IVTEXOHGZVMRVV65W7YA5PQ","sign":"7CC7D0DEACD880B9BE410778003A2CE4"}

2018-06-16 08:30:33:继续查询:{"resp_code":"0","amount":"1100","leshua_order_id":"1806160829521725","merchant_id":"6008005629","nonce_str":"54MBKG7ACXREAE48LL9G86P0V4OGTSEX","pay_way":"WXZF","result_code":"0","sign":"BA0D8CD871632BAFD8E72405966D478D","status":"0","third_order_id":"2018061608295976315"}

2018-06-16 08:30:33:参数:{"merchant_id":"6008005629","service":"query_status","third_order_id":"2018061608295976315","nonce_str":"BBEJCK9ABJEDE6HXWSW52J27ZRWXADG6","sign":"3386ADD691397DCC5E9A0F82D114E82A"}

2018-06-16 08:30:43:参数:{"merchant_id":"6008005629","service":"query_status","third_order_id":"2018061608304157141","nonce_str":"3QDAYP850GCJLWCPV69TCU5PMQR9H306","sign":"F93CA3C3D0ACF870FE0E4741A8387A21"}

2018-06-16 08:30:48:继续查询:{"resp_code":"0","amount":"1150","leshua_order_id":"1806160830437005","merchant_id":"6008005629","nonce_str":"MH4EBFZUSZOZX91SUCZUY9YV1JN466D7","pay_way":"WXZF","result_code":"0","sign":"84298375E0D8DB51BD597555C820B64D","status":"0","third_order_id":"2018061608304157141"}

2018-06-16 08:30:48:参数:{"merchant_id":"6008005629","service":"query_status","third_order_id":"2018061608304157141","nonce_str":"BZ1P0PRH532JXTGGQHDR4WQKJGIG1CJS","sign":"2595E0142557961DE76646ACA29A70EC"}

2018-06-16 08:30:54:继续查询:{"resp_code":"0","amount":"1150","leshua_order_id":"1806160830437005","merchant_id":"6008005629","nonce_str":"GFPX29QJLEEAE736N72DVHVMUZHWBNQD","pay_way":"WXZF","result_code":"0","sign":"5BC0D247D02039131B29103ED14D415B","status":"0","third_order_id":"2018061608304157141"}

2018-06-16 08:30:54:参数:{"merchant_id":"6008005629","service":"query_status","third_order_id":"2018061608304157141","nonce_str":"RDJSVLQDUNOQUVI1S3QJ88ZTCCK5P5RN","sign":"2539EB6ACEABDF62E913EEAE692309B5"}

2018-06-16 08:30:59:继续查询:{"resp_code":"0","amount":"1150","leshua_order_id":"1806160830437005","merchant_id":"6008005629","nonce_str":"ZWKAVQS0B4C0K9A1VCCK5OI0J36GRD9T","pay_way":"WXZF","result_code":"0","sign":"918B7839A856FECDCBE26D31AE2DEC4B","status":"0","third_order_id":"2018061608304157141"}

2018-06-16 08:30:59:参数:{"merchant_id":"6008005629","service":"query_status","third_order_id":"2018061608304157141","nonce_str":"LGOZRGAMCH13GK9UAZIMS6F1TQTK4XXR","sign":"7BF94A4826CED4CA03C6CDB181BF04EA"}

2018-06-16 08:31:00:支付成功:{"resp_code":"0","amount":"1150","bank_type":"CQRCB_DEBIT","leshua_order_id":"1806160830437005","merchant_id":"6008005629","nonce_str":"VTWTS752QG0FFLNCUA5X72VF73UCEWLW","openid":"o8uJ6uJm1gjyw3J7RsxFjnKSVEZ4","out_transaction_id":"4200000127201806167298105576","pay_time":"2018-06-16 08:30:59","pay_way":"WXZF","result_code":"0","sign":"A1BDC3E5C024FE81D6DA55D1D4F5FDE8","status":"2","third_order_id":"2018061608304157141"}

2018-06-16 08:35:22:参数:{"merchant_id":"6008005629","service":"query_status","third_order_id":"2018061608352117096","nonce_str":"I8VFWR7CW990NNMCCGPTFUIN56ZRJKP0","sign":"F19CDEA6B3D7A43E1F06B3B1E650FFDB"}

2018-06-16 08:35:28:继续查询:{"resp_code":"0","amount":"4200","leshua_order_id":"1806160835208543","merchant_id":"6008005629","nonce_str":"BTLZ7UETUO752RN3QIB3IGDI5DHPRRTW","pay_way":"WXZF","result_code":"0","sign":"88D7612BA0EADDF43BF8C5B253A9F010","status":"0","third_order_id":"2018061608352117096"}

2018-06-16 08:35:28:参数:{"merchant_id":"6008005629","service":"query_status","third_order_id":"2018061608352117096","nonce_str":"M4LWCDRTSAOBTGC77KCR2Z1VI5H09G4Z","sign":"879FDC7562AE7EC49CF0AF7B36C134A7"}

2018-06-16 08:35:33:继续查询:{"resp_code":"0","amount":"4200","leshua_order_id":"1806160835208543","merchant_id":"6008005629","nonce_str":"1HXA22MGB07HS0NLA0H3JUU2SP2F3TXW","pay_way":"WXZF","result_code":"0","sign":"AFDB1810EF9801B6C9D6F11D6C4C0CDE","status":"0","third_order_id":"2018061608352117096"}

2018-06-16 08:35:33:参数:{"merchant_id":"6008005629","service":"query_status","third_order_id":"2018061608352117096","nonce_str":"KP04PN99JM07CBC1P4MW1NM5U9QOHZG1","sign":"C4E9C49B9B6C619CD99E13F33C52B8BE"}

2018-06-16 08:35:34:支付成功:{"resp_code":"0","amount":"4200","bank_type":"CFT","leshua_order_id":"1806160835208543","merchant_id":"6008005629","nonce_str":"QL67TDB74CTVJS31IKSCM2EENTA3OQ61","openid":"o8uJ6uEfJx-YFq5hAxcICUFK1aOY","out_transaction_id":"4200000119201806162672433711","pay_time":"2018-06-16 08:35:33","pay_way":"WXZF","result_code":"0","sign":"F97140D5DE7B7DB2E4F9124A1529C700","status":"2","third_order_id":"2018061608352117096"}

2018-06-16 09:45:37:参数:{"merchant_id":"6008005629","service":"query_status","third_order_id":"2018061609453756404","nonce_str":"RUMSAIO6DAXZMOD9MLF1TDUXEHBSLO5M","sign":"0C05335ADF93DB2C3E4C4A38A1383C7C"}

2018-06-16 09:45:43:继续查询:{"resp_code":"0","amount":"1830","leshua_order_id":"1806160945374173","merchant_id":"6008005629","nonce_str":"AK6DAB8HC2GH41NXJ76BH65YA9R85M16","pay_way":"WXZF","result_code":"0","sign":"B43BCF690FFB5CD4C755BD5A1BC5A366","status":"0","third_order_id":"2018061609453756404"}

2018-06-16 09:45:43:参数:{"merchant_id":"6008005629","service":"query_status","third_order_id":"2018061609453756404","nonce_str":"3T95OUWA99VHWCVIMJAU56OHRBUMFH9T","sign":"43287CB80AFDC8E5760FE4F431E8268C"}

2018-06-16 09:45:48:继续查询:{"resp_code":"0","amount":"1830","leshua_order_id":"1806160945374173","merchant_id":"6008005629","nonce_str":"2PXENAQDYN3XXC3GSXTZVXDC4J1BSURC","pay_way":"WXZF","result_code":"0","sign":"063C2FEAFEB85CC2372DB48606FFBF16","status":"0","third_order_id":"2018061609453756404"}

2018-06-16 09:45:48:参数:{"merchant_id":"6008005629","service":"query_status","third_order_id":"2018061609453756404","nonce_str":"F1QK90H91KPDO688BFDD9O9P7P4JSED3","sign":"A9CB9E768AB0F6C0922D4325A5FFB44F"}

2018-06-16 09:45:54:继续查询:{"resp_code":"0","amount":"1830","leshua_order_id":"1806160945374173","merchant_id":"6008005629","nonce_str":"E93BQ9PS3U2TSOYUMFPP0MRFL7VTTKAH","pay_way":"WXZF","result_code":"0","sign":"20A0ABE64CE8C90E8060F3B82BFC7774","status":"0","third_order_id":"2018061609453756404"}

2018-06-16 09:45:54:参数:{"merchant_id":"6008005629","service":"query_status","third_order_id":"2018061609453756404","nonce_str":"DOFR2F2SA7Q5QOGNQOLUJ7HV7SWPIT0C","sign":"3616CBDEE251E2081BFFE9F87F35D6FA"}

2018-06-16 09:45:59:继续查询:{"resp_code":"0","amount":"1830","leshua_order_id":"1806160945374173","merchant_id":"6008005629","nonce_str":"887JCEWQA6KT8QT5Z8L4SN88PIXHA3CH","pay_way":"WXZF","result_code":"0","sign":"C2ABCA522F8BF9E61E8523FCC4D78858","status":"0","third_order_id":"2018061609453756404"}

2018-06-16 09:45:59:参数:{"merchant_id":"6008005629","service":"query_status","third_order_id":"2018061609453756404","nonce_str":"S4WQWK5L53TXX8SMZWI12R7Z86SNVC91","sign":"B95A7DF33D5BCA59848F4D3F29F6DFCD"}

2018-06-16 09:46:05:继续查询:{"resp_code":"0","amount":"1830","leshua_order_id":"1806160945374173","merchant_id":"6008005629","nonce_str":"HGX1VPHC70OIOEV3A8CK53O81N2WFQZ4","pay_way":"WXZF","result_code":"0","sign":"94A25E22A3A1F0A7014C9F19C13064C8","status":"0","third_order_id":"2018061609453756404"}

2018-06-16 09:46:05:参数:{"merchant_id":"6008005629","service":"query_status","third_order_id":"2018061609453756404","nonce_str":"5JLXDG0ZVJJ2M729W43WOR37KZI533VO","sign":"2EB2B4369A4B255549EDF9959808D6EE"}

2018-06-16 09:46:10:继续查询:{"resp_code":"0","amount":"1830","leshua_order_id":"1806160945374173","merchant_id":"6008005629","nonce_str":"FB2KY9X6EO1ZIRQCH9DT61C67OYQV5HQ","pay_way":"WXZF","result_code":"0","sign":"30034C0FA1077B6B4A3DCD15D2D2E666","status":"0","third_order_id":"2018061609453756404"}

2018-06-16 09:46:10:参数:{"merchant_id":"6008005629","service":"query_status","third_order_id":"2018061609453756404","nonce_str":"URUUPACSWXVABPEI8IY6EUG4C6P2N69O","sign":"5026E38CDB9C9A1DBB279B0D68FB1D0B"}

2018-06-16 10:29:37:参数:{"merchant_id":"6008005629","service":"query_status","third_order_id":"2018061610293564133","nonce_str":"GE2HKHNL16PWWS49IG7T2FT5MKSMUIS3","sign":"4470728DAF6768D483998279BB3F15C1"}

2018-06-16 10:29:42:继续查询:{"resp_code":"0","amount":"459","leshua_order_id":"1806161029333539","merchant_id":"6008005629","nonce_str":"W7CU4QP9RWXSKUJOQ7LD84VET4IYNB6B","pay_way":"WXZF","result_code":"0","sign":"9BFCB8F3D4D4B02FBA479F026C5388B6","status":"0","third_order_id":"2018061610293564133"}

2018-06-16 10:29:42:参数:{"merchant_id":"6008005629","service":"query_status","third_order_id":"2018061610293564133","nonce_str":"S6O8XKEQA3MBIHHM7A1XXKU9008SC35X","sign":"20E308D2A6B2950417F0C6AF24EC4438"}

2018-06-16 10:29:48:继续查询:{"resp_code":"0","amount":"459","leshua_order_id":"1806161029333539","merchant_id":"6008005629","nonce_str":"L74SSEJYN9GNFLGK5FEEG71VKOOG55L5","pay_way":"WXZF","result_code":"0","sign":"BC96641AE966DE107876E57E16221364","status":"0","third_order_id":"2018061610293564133"}

2018-06-16 10:29:48:参数:{"merchant_id":"6008005629","service":"query_status","third_order_id":"2018061610293564133","nonce_str":"4STUNWZMLSS78X4LVLS5R3TMC13LCQRG","sign":"1AB067D0086C2C79E1687E66534F35FB"}

2018-06-16 10:29:48:支付成功:{"resp_code":"0","amount":"459","bank_type":"CFT","leshua_order_id":"1806161029333539","merchant_id":"6008005629","nonce_str":"JGXJVDD5YINR388FWNEMAO059AJJX0M2","openid":"o8uJ6uCvNRxUM0iPrNuAcE4Ud-2o","out_transaction_id":"4200000132201806169422793730","pay_time":"2018-06-16 10:29:48","pay_way":"WXZF","result_code":"0","sign":"078F414ED2D7FF4580CD1BAE51018B49","status":"2","third_order_id":"2018061610293564133"}

2018-06-16 11:43:09:参数:{"merchant_id":"6008005629","service":"query_status","third_order_id":"2018061611430864246","nonce_str":"4Y4LTFP7STOJKV8OHJ3CZK9DG6ERGCRV","sign":"99866110A8D7ADB4C8B00D5C21F54FDD"}

2018-06-16 11:43:14:继续查询:{"resp_code":"0","amount":"200","leshua_order_id":"1806161143023736","merchant_id":"6008005629","nonce_str":"9DJXI606W6E84SZMOGCMXMDHGEEXIZZN","pay_way":"WXZF","result_code":"0","sign":"035DAACEA56F47A6C1CDCA899714B1F2","status":"0","third_order_id":"2018061611430864246"}

2018-06-16 11:43:14:参数:{"merchant_id":"6008005629","service":"query_status","third_order_id":"2018061611430864246","nonce_str":"BHG99ZP6TGB3IK66NQJWIITM9WYFESXK","sign":"D04F291C85E8F83FC1ED9B000ED5016C"}

2018-06-16 11:43:20:继续查询:{"resp_code":"0","amount":"200","leshua_order_id":"1806161143023736","merchant_id":"6008005629","nonce_str":"V7SZQZPGYUDM71DNOQOZR2EZIUZRSARI","pay_way":"WXZF","result_code":"0","sign":"811DCABE7CD8EA911D22FA0E0B62D417","status":"0","third_order_id":"2018061611430864246"}

2018-06-16 11:43:20:参数:{"merchant_id":"6008005629","service":"query_status","third_order_id":"2018061611430864246","nonce_str":"YSELVPCG0VKKN6GMU5WEOT4B6IQB1BVU","sign":"16948AFC12458EA1DA8B0459C5923A87"}

2018-06-16 11:43:25:继续查询:{"resp_code":"0","amount":"200","leshua_order_id":"1806161143023736","merchant_id":"6008005629","nonce_str":"GV48BKF6C4V5KK4RGBIWZK0JVF4ORDS7","pay_way":"WXZF","result_code":"0","sign":"467EB6AF5B1C93FBC894A1BA7E7BD6E6","status":"0","third_order_id":"2018061611430864246"}

2018-06-16 11:43:25:参数:{"merchant_id":"6008005629","service":"query_status","third_order_id":"2018061611430864246","nonce_str":"0GUW443SHIDZHUN0K3CLQX1YDD9AIKGU","sign":"60AAEFE8110A3E5B84DCC42466CE9E67"}

2018-06-16 11:43:31:继续查询:{"resp_code":"0","amount":"200","leshua_order_id":"1806161143023736","merchant_id":"6008005629","nonce_str":"Y24GG8TQH45R8ABZC836D2S9CSE1IFUM","pay_way":"WXZF","result_code":"0","sign":"B7887910B1D83DC73FE817F70C54F31C","status":"0","third_order_id":"2018061611430864246"}

2018-06-16 11:43:31:参数:{"merchant_id":"6008005629","service":"query_status","third_order_id":"2018061611430864246","nonce_str":"SW9ME9CNY3PXMCA7WIMFO5QY1792LV30","sign":"3A4448B40635939A27FD6869C5287045"}

2018-06-16 11:43:36:继续查询:{"resp_code":"0","amount":"200","leshua_order_id":"1806161143023736","merchant_id":"6008005629","nonce_str":"FLBK4657CKKAE01DGKEYEGAL9RU74Q7H","pay_way":"WXZF","result_code":"0","sign":"4FAB4AD11010C2C2C706293B8107D67D","status":"0","third_order_id":"2018061611430864246"}

2018-06-16 11:43:36:参数:{"merchant_id":"6008005629","service":"query_status","third_order_id":"2018061611430864246","nonce_str":"ELGL4HWF2C3QQRGTH3LBU4K0N4063PLA","sign":"689863F4CFBFFACA00DB40391DE88F38"}

2018-06-16 11:43:42:继续查询:{"resp_code":"0","amount":"200","leshua_order_id":"1806161143023736","merchant_id":"6008005629","nonce_str":"81E9QOZREX65XL4BUM0S4QPD69T03S9R","pay_way":"WXZF","result_code":"0","sign":"D06493A616E86A22956710DEDDD7D09A","status":"0","third_order_id":"2018061611430864246"}

2018-06-16 11:43:42:参数:{"merchant_id":"6008005629","service":"query_status","third_order_id":"2018061611430864246","nonce_str":"YENEOTVAHQ54GT8BLCZ2RDZWLLP1WVD3","sign":"7C5D47CCA39F989BFD029601170054A7"}

2018-06-16 12:02:39:参数:{"merchant_id":"6008005629","service":"query_status","third_order_id":"2018061612023822157","nonce_str":"8OZ2044D8OYZWLPOL4LNBEAPF0XW479E","sign":"AD5143F06245F429B7D19D9BBF553CA6"}

2018-06-16 12:02:44:继续查询:{"resp_code":"0","amount":"770","leshua_order_id":"1806161202330271","merchant_id":"6008005629","nonce_str":"2OJ46UZBZKC3PQWFE4DTDOBK6FURE8ZA","pay_way":"WXZF","result_code":"0","sign":"184E4AD7C05943215AC4867AB5613EBC","status":"0","third_order_id":"2018061612023822157"}

2018-06-16 12:02:44:参数:{"merchant_id":"6008005629","service":"query_status","third_order_id":"2018061612023822157","nonce_str":"MH6HPFQFVOJEGTK31L5YKUEFZB5SCHCF","sign":"8FB7AB725E45D58A8B4FC57B81C4C5F4"}

2018-06-16 12:02:50:继续查询:{"resp_code":"0","amount":"770","leshua_order_id":"1806161202330271","merchant_id":"6008005629","nonce_str":"QVMD4MQU6YNP536ECN2BVA6XETCQR8YL","pay_way":"WXZF","result_code":"0","sign":"449BD93B71E61A8CAB8A9C7279119C36","status":"0","third_order_id":"2018061612023822157"}

2018-06-16 12:02:50:参数:{"merchant_id":"6008005629","service":"query_status","third_order_id":"2018061612023822157","nonce_str":"E3ONZA141GYJP4TF6XHMQKA8768RCDC0","sign":"5690A1575DCAAB6F2BC748F3D9E59442"}

2018-06-16 12:02:55:继续查询:{"resp_code":"0","amount":"770","leshua_order_id":"1806161202330271","merchant_id":"6008005629","nonce_str":"K4UVASUGPFNLQC68FFNOM05WDJ52G2OD","pay_way":"WXZF","result_code":"0","sign":"F894B08A6EF8D6F349F8A0C4D1900AE3","status":"0","third_order_id":"2018061612023822157"}

2018-06-16 12:02:55:参数:{"merchant_id":"6008005629","service":"query_status","third_order_id":"2018061612023822157","nonce_str":"6HQPANMG2ALXLWX14HBGKMZUIFCHEUR1","sign":"E6CE1A165D6F6C9323D59789818EC62A"}

2018-06-16 12:03:01:继续查询:{"resp_code":"0","amount":"770","leshua_order_id":"1806161202330271","merchant_id":"6008005629","nonce_str":"JSBIZNITM08LKES0H0OWRGA3AY37QKW3","pay_way":"WXZF","result_code":"0","sign":"6AE7606AE2D070FCFB90E3041D6A0BF8","status":"0","third_order_id":"2018061612023822157"}

2018-06-16 12:03:01:参数:{"merchant_id":"6008005629","service":"query_status","third_order_id":"2018061612023822157","nonce_str":"9JW4342TWMR94HY2UMBK3276IW8XXD0R","sign":"2BB859998488BC212748751678DC3E03"}

2018-06-16 12:03:06:继续查询:{"resp_code":"0","amount":"770","leshua_order_id":"1806161202330271","merchant_id":"6008005629","nonce_str":"ITPDROIQSZPTPHQWBUWU4L9XQGJ5HMAW","pay_way":"WXZF","result_code":"0","sign":"AB74B79925816F5E44A54622F8D827DB","status":"0","third_order_id":"2018061612023822157"}

2018-06-16 12:03:06:参数:{"merchant_id":"6008005629","service":"query_status","third_order_id":"2018061612023822157","nonce_str":"8FDDTEYFEQQBSJRJUOLJ7ITX6U66JLR6","sign":"31BAA60FAD8F9F0A6938837FD2CA5597"}

2018-06-16 12:03:12:继续查询:{"resp_code":"0","amount":"770","leshua_order_id":"1806161202330271","merchant_id":"6008005629","nonce_str":"EQX0EGNE70HP8C03O1HXPJ0393MDRVJM","pay_way":"WXZF","result_code":"0","sign":"69D106630FEEA1FB245FF57D25CB7F7F","status":"0","third_order_id":"2018061612023822157"}

2018-06-16 12:03:12:参数:{"merchant_id":"6008005629","service":"query_status","third_order_id":"2018061612023822157","nonce_str":"5G0DK8LGLYGMZ52SONZR02LMNAH77NXV","sign":"FF2A405CF583106C4EFF40B4A1707063"}

2018-06-16 15:59:42:参数:{"merchant_id":"6008005629","service":"query_status","third_order_id":"2018061615593869537","nonce_str":"MNJSPVOG8KFFG0A8UZ103SPGTPAY5CSS","sign":"E89457841CC9CDF7BFE4063088B503C9"}

2018-06-16 15:59:42:支付失败:{"resp_code":"0","amount":"370","leshua_order_id":"1806161559325839","merchant_id":"6008005629","nonce_str":"FQO0K81QQYU4MO7OPD9SXD30225IZXD0","pay_way":"WXZF","result_code":"0","sign":"B14FDF6C421789C98E8C1A9D8EDC3C6B","status":"8","third_order_id":"2018061615593869537"}

2018-06-16 16:45:42:参数:{"merchant_id":"6008005629","service":"query_status","third_order_id":"2018061616454185262","nonce_str":"UAO1LRQGTN6WQCH5G74JK9MP9WI0DHQC","sign":"C879C54B7CAF27A379AA832AB9636466"}

2018-06-16 16:45:47:继续查询:{"resp_code":"0","amount":"2000","leshua_order_id":"1806161645470425","merchant_id":"6008005629","nonce_str":"24210S4SPC8T68FSNWI0A8AFDFEDLBNW","pay_way":"ZFBZF","result_code":"0","sign":"AD5AF2359FB877DEBE118CCCA7772DCF","status":"0","third_order_id":"2018061616454185262"}

2018-06-16 16:45:47:参数:{"merchant_id":"6008005629","service":"query_status","third_order_id":"2018061616454185262","nonce_str":"A8BRITHL6DYNTC71CAQVT0BZYEIIJFOD","sign":"D591990A8062A16510384EB235A4204E"}

2018-06-16 16:45:53:继续查询:{"resp_code":"0","amount":"2000","leshua_order_id":"1806161645470425","merchant_id":"6008005629","nonce_str":"IF9WL5TAAMQB7DLKI78DNN2ZCRSA5B1I","pay_way":"ZFBZF","result_code":"0","sign":"2D66250BFEE5DD6DA347EE89490F81BE","status":"0","third_order_id":"2018061616454185262"}

2018-06-16 16:45:53:参数:{"merchant_id":"6008005629","service":"query_status","third_order_id":"2018061616454185262","nonce_str":"ZAWID9TASSFD853Z0YSZ7VJ40Z2207OK","sign":"634ACA4B803E331AF708F2F0515001ED"}

2018-06-16 16:45:53:支付成功:{"resp_code":"0","amount":"2000","bank_type":"DEBIT_CARD","leshua_order_id":"1806161645470425","merchant_id":"6008005629","nonce_str":"57KSD9Q0MXBSFOUWNO1KM9QXBHJ21DSX","openid":"2088712375527700","out_transaction_id":"2018061621001004700581565438","pay_time":"2018-06-16 16:45:53","pay_way":"ZFBZF","result_code":"0","sign":"EED5CB37A596A70DE2384AC1BCB3CDC8","status":"2","third_order_id":"2018061616454185262"}

2018-06-16 16:52:28:参数:{"merchant_id":"6008005629","service":"query_status","third_order_id":"2018061616522649213","nonce_str":"G6LJOG1CL679D3JTPKC417VWMSUR7D8L","sign":"966557CF5304B8129D7FB0A9B8F5B471"}

2018-06-16 16:52:33:继续查询:{"resp_code":"0","amount":"1939","leshua_order_id":"1806161652238154","merchant_id":"6008005629","nonce_str":"VXOIN38MZFY0STEJWWZC4FWN2561N525","pay_way":"WXZF","result_code":"0","sign":"125B42001A0D27E0DFB9F6D8870590C8","status":"0","third_order_id":"2018061616522649213"}

2018-06-16 16:52:33:参数:{"merchant_id":"6008005629","service":"query_status","third_order_id":"2018061616522649213","nonce_str":"3Z7MQSMR57SJ8TGETEO4NTU3H1QNHLMV","sign":"874B8D0B9919C586E14D74E75808088C"}

2018-06-16 16:52:39:继续查询:{"resp_code":"0","amount":"1939","leshua_order_id":"1806161652238154","merchant_id":"6008005629","nonce_str":"AGBRG4ZP0EMT1CTNQRKZ7GXCBZ1P3847","pay_way":"WXZF","result_code":"0","sign":"2466C1FCFF138AF677D7B224C955E003","status":"0","third_order_id":"2018061616522649213"}

2018-06-16 16:52:39:参数:{"merchant_id":"6008005629","service":"query_status","third_order_id":"2018061616522649213","nonce_str":"MVOIHO7P29BZJXYACQKJI433U16Q9LDA","sign":"06B098F5118D58265BC297351AF7B96B"}

2018-06-16 16:52:44:继续查询:{"resp_code":"0","amount":"1939","leshua_order_id":"1806161652238154","merchant_id":"6008005629","nonce_str":"JL8YAJ75J603EIUSEQ5Q0FTCUPQNXHWZ","pay_way":"WXZF","result_code":"0","sign":"07A82A9A610D7966A5B54C8BEAEEBFA1","status":"0","third_order_id":"2018061616522649213"}

2018-06-16 16:52:44:参数:{"merchant_id":"6008005629","service":"query_status","third_order_id":"2018061616522649213","nonce_str":"2JRXRSWT8IRVR0KH1PBSTQ7Y9P5X9JWH","sign":"75ED7CA8F0D6BCC3548EBF599869E6CF"}

2018-06-16 16:52:50:继续查询:{"resp_code":"0","amount":"1939","leshua_order_id":"1806161652238154","merchant_id":"6008005629","nonce_str":"80TYF78IDWP1BIA8TVUUA6YY2GJ8YP10","pay_way":"WXZF","result_code":"0","sign":"7E2BBF654B2D414A86251F7F253A9BFB","status":"0","third_order_id":"2018061616522649213"}

2018-06-16 16:52:50:参数:{"merchant_id":"6008005629","service":"query_status","third_order_id":"2018061616522649213","nonce_str":"KUU9KLO8T05F6IDEFLM1OY6L2EKO4HD1","sign":"3E0CBA3F10D717DDA068224F7C5FB20D"}

2018-06-16 16:52:50:支付成功:{"resp_code":"0","amount":"1939","bank_type":"CEB_DEBIT","leshua_order_id":"1806161652238154","merchant_id":"6008005629","nonce_str":"UXHHKMDX2GMICKGMRJT39KKNBVSPZJ3S","openid":"o8uJ6uK0fzhHJ6pGku4vZLoMTswU","out_transaction_id":"4200000122201806169802255493","pay_time":"2018-06-16 16:52:50","pay_way":"WXZF","result_code":"0","sign":"D0316C1C0621C3D46DE138E2D93234F6","status":"2","third_order_id":"2018061616522649213"}

2018-06-16 16:57:45:参数:{"merchant_id":"6008005629","service":"query_status","third_order_id":"2018061616574395166","nonce_str":"XU0DQX79D3OIPZ8ADI18TW2CN9L79B5Q","sign":"8C965F126CC8FD38E0707D7FA495927C"}

2018-06-16 16:57:50:继续查询:{"resp_code":"0","amount":"2350","leshua_order_id":"1806161657473763","merchant_id":"6008005629","nonce_str":"61B0BMF2TLDFXN1QTNK0S10H2Z32B1YO","pay_way":"WXZF","result_code":"0","sign":"3C646CC43D8349E2DA0395E78CB01F6A","status":"0","third_order_id":"2018061616574395166"}

2018-06-16 16:57:50:参数:{"merchant_id":"6008005629","service":"query_status","third_order_id":"2018061616574395166","nonce_str":"ZQISBE4EJQV37OETRK1JBIOQF8UJCUO7","sign":"6AA329147E9E65567A4542AC1EBC0A2E"}

2018-06-16 16:57:56:继续查询:{"resp_code":"0","amount":"2350","leshua_order_id":"1806161657473763","merchant_id":"6008005629","nonce_str":"9FS30TKAMIRIBG9EEEOIL0YZNMYMFXQQ","pay_way":"WXZF","result_code":"0","sign":"115468ECF5B8BE7870F6934251E3C113","status":"0","third_order_id":"2018061616574395166"}

2018-06-16 16:57:56:参数:{"merchant_id":"6008005629","service":"query_status","third_order_id":"2018061616574395166","nonce_str":"SODF788YK9QK2C8C8UWK3KCPWOSBK80J","sign":"80C29380C9EFA170084D6683F8DEBC8C"}

2018-06-16 16:58:01:继续查询:{"resp_code":"0","amount":"2350","leshua_order_id":"1806161657473763","merchant_id":"6008005629","nonce_str":"2E5M4ZGAXB0I8J57DFFPJMY1D0899WO2","pay_way":"WXZF","result_code":"0","sign":"D057EFD875F6766A5E445F67A0FD8B35","status":"0","third_order_id":"2018061616574395166"}

2018-06-16 16:58:01:参数:{"merchant_id":"6008005629","service":"query_status","third_order_id":"2018061616574395166","nonce_str":"D8W2FOQ5302ZXUHTH1K87WJ5GEEOERYI","sign":"034CAC91F3CA784167F87EEB01FF1A25"}

2018-06-16 16:58:07:继续查询:{"resp_code":"0","amount":"2350","leshua_order_id":"1806161657473763","merchant_id":"6008005629","nonce_str":"RB2PDRU4GN0VZJXVPOHCKSD69AEPQA9G","pay_way":"WXZF","result_code":"0","sign":"CDC7D55895C1CD9E334F5F0E59E01AB1","status":"0","third_order_id":"2018061616574395166"}

2018-06-16 16:58:07:参数:{"merchant_id":"6008005629","service":"query_status","third_order_id":"2018061616574395166","nonce_str":"U1WOEVRJVR35O1BUW94AJS1IYZYPWMHA","sign":"FF03A63909DC5CBB40066E75B141B29D"}

2018-06-16 16:58:12:继续查询:{"resp_code":"0","amount":"2350","leshua_order_id":"1806161657473763","merchant_id":"6008005629","nonce_str":"UXCAWH7IWFRTGQ8LHGFYJ6RIPSR19Z71","pay_way":"WXZF","result_code":"0","sign":"BC427168837B6295DCEA30E768F23737","status":"0","third_order_id":"2018061616574395166"}

2018-06-16 16:58:12:参数:{"merchant_id":"6008005629","service":"query_status","third_order_id":"2018061616574395166","nonce_str":"OYS29CGYFVQMSVGR503N1JTDI8EBTDBV","sign":"174DE0BE2600C6C195E72C5D18A9353C"}

2018-06-16 16:58:18:继续查询:{"resp_code":"0","amount":"2350","leshua_order_id":"1806161657473763","merchant_id":"6008005629","nonce_str":"DM62HO18FGMHVSA7TQ4V93SO5E0UR02U","pay_way":"WXZF","result_code":"0","sign":"756271F23F5AA8EB40990B6B67FD3566","status":"0","third_order_id":"2018061616574395166"}

2018-06-16 16:58:18:参数:{"merchant_id":"6008005629","service":"query_status","third_order_id":"2018061616574395166","nonce_str":"5I9GHPY6848DC24AC814MTW06ZMXSNFV","sign":"90DBB266C2122F78B1F25665BD1C35A3"}

2018-06-16 16:58:28:参数:{"merchant_id":"6008005629","service":"query_status","third_order_id":"2018061616582761700","nonce_str":"TDL4VNNV1QAP4QPO1GVL2MFOYJMXVMBH","sign":"E26AD74FC0D773BC23245373831D9716"}

2018-06-16 16:58:34:继续查询:{"resp_code":"0","amount":"2350","leshua_order_id":"1806161658226371","merchant_id":"6008005629","nonce_str":"9TYAEI35DK9F9SV7IXG9R8H1H6A67NWR","pay_way":"WXZF","result_code":"0","sign":"DF7937E7A10612C1B2DD92539E82322A","status":"0","third_order_id":"2018061616582761700"}

2018-06-16 16:58:34:参数:{"merchant_id":"6008005629","service":"query_status","third_order_id":"2018061616582761700","nonce_str":"PDXQW1B5YEQHDB1GU03DYRNE7XCWZNEI","sign":"B7001A312178D130E632BBDDC2317F4D"}

2018-06-16 16:58:39:继续查询:{"resp_code":"0","amount":"2350","leshua_order_id":"1806161658226371","merchant_id":"6008005629","nonce_str":"RGTGAYALV8W6NADXUZ02O4MQ7XKVIBD6","pay_way":"WXZF","result_code":"0","sign":"2213304F6740A6CB5CD5FA0D4E8BE123","status":"0","third_order_id":"2018061616582761700"}

2018-06-16 16:58:39:参数:{"merchant_id":"6008005629","service":"query_status","third_order_id":"2018061616582761700","nonce_str":"DZVASX10EEZB6YBJO4AQJH5RTACOD8AG","sign":"8936469E15D82EF787BE42464BA84A57"}

2018-06-16 16:58:40:支付成功:{"resp_code":"0","amount":"2350","bank_type":"ICBC_DEBIT","leshua_order_id":"1806161658226371","merchant_id":"6008005629","nonce_str":"GV1OWY2G6CEWBJ4VVLP8CTZF1W8AJWT2","openid":"o8uJ6uEXYT4IgAdxcjTO1xPopdBE","out_transaction_id":"4200000126201806169521221803","pay_time":"2018-06-16 16:58:40","pay_way":"WXZF","result_code":"0","sign":"75155ABDF45794D5D1D6F84F6D12E4A2","status":"2","third_order_id":"2018061616582761700"}

2018-06-16 17:26:54:参数:{"merchant_id":"6008005629","service":"query_status","third_order_id":"2018061617265215202","nonce_str":"XLO0P2IM172XB8H8OHVX7U7RIX6610M8","sign":"6783CDAC77BCD30556BE902E81FAC538"}

2018-06-16 17:27:00:继续查询:{"resp_code":"0","amount":"1700","leshua_order_id":"1806161726501398","merchant_id":"6008005629","nonce_str":"QMO7ECGSNBANY3PTHL6RYN1P5MXWHKKK","pay_way":"WXZF","result_code":"0","sign":"D4BEF82D3589335EA4EC3623B82F1DED","status":"0","third_order_id":"2018061617265215202"}

2018-06-16 17:27:00:参数:{"merchant_id":"6008005629","service":"query_status","third_order_id":"2018061617265215202","nonce_str":"SIKBQTD8TYUE1UOCF4I1YO7ATN5J4CS4","sign":"12241DB8437C7CAD2163CF8C9CB3FC22"}

2018-06-16 17:27:05:继续查询:{"resp_code":"0","amount":"1700","leshua_order_id":"1806161726501398","merchant_id":"6008005629","nonce_str":"3HCSBCNA38LIORJSPABVE2H3WNAIVTPQ","pay_way":"WXZF","result_code":"0","sign":"8861FB3CD63354A1591CCB7DFB41BB87","status":"0","third_order_id":"2018061617265215202"}

2018-06-16 17:27:05:参数:{"merchant_id":"6008005629","service":"query_status","third_order_id":"2018061617265215202","nonce_str":"L5ZZTFB7U61V23VX3F6G5M0HYNPWHVT0","sign":"403E4B2A049220C44268CED414C6D4F0"}

2018-06-16 17:27:11:继续查询:{"resp_code":"0","amount":"1700","leshua_order_id":"1806161726501398","merchant_id":"6008005629","nonce_str":"DGZVQDBFUV42YGYOBEXIBF364I3KG1S3","pay_way":"WXZF","result_code":"0","sign":"8157640F96294BC2B3EDD781AD002E54","status":"0","third_order_id":"2018061617265215202"}

2018-06-16 17:27:11:参数:{"merchant_id":"6008005629","service":"query_status","third_order_id":"2018061617265215202","nonce_str":"OYOCL5X5HQ4Z3QFSJR0XRWXFWMYBHT6N","sign":"A7FFC2ADB246BC89096FFACDB938C734"}

2018-06-16 17:27:11:支付成功:{"resp_code":"0","amount":"1700","bank_type":"CFT","leshua_order_id":"1806161726501398","merchant_id":"6008005629","nonce_str":"LQPXXPYEO6666S5APCCZFQKNI6BZDPDV","openid":"o8uJ6uNok8gWrfitKqoDn-wOX_KY","out_transaction_id":"4200000128201806160020223600","pay_time":"2018-06-16 17:27:11","pay_way":"WXZF","result_code":"0","sign":"8D7D0627CA29103FDBC5D9AEB284454D","status":"2","third_order_id":"2018061617265215202"}

2018-06-16 17:34:53:参数:{"merchant_id":"6008005629","service":"query_status","third_order_id":"2018061617345147053","nonce_str":"IX9OD498TUL1YW45E2ZY7E5KKWGEIGVN","sign":"CBD1E1542DCC68F743143FBDC121199D"}

2018-06-16 17:34:58:继续查询:{"resp_code":"0","amount":"250","leshua_order_id":"1806161734575233","merchant_id":"6008005629","nonce_str":"0W4KUMAPF9MDV0HLJZ4VJRB7G8LD6H53","pay_way":"WXZF","result_code":"0","sign":"65D5DB9D21AE06243212FCC3E24C35E0","status":"0","third_order_id":"2018061617345147053"}

2018-06-16 17:34:58:参数:{"merchant_id":"6008005629","service":"query_status","third_order_id":"2018061617345147053","nonce_str":"H10FMCY82YP44LAU4607I2KRTRUNFG8D","sign":"B18B20575105D912652589C196BD1D2E"}

2018-06-16 17:35:04:继续查询:{"resp_code":"0","amount":"250","leshua_order_id":"1806161734575233","merchant_id":"6008005629","nonce_str":"1LCD5WSVZ2IK8TX7TN4U7SOUPCS68RZC","pay_way":"WXZF","result_code":"0","sign":"49D995D166E782E5975256C89729677B","status":"0","third_order_id":"2018061617345147053"}

2018-06-16 17:35:04:参数:{"merchant_id":"6008005629","service":"query_status","third_order_id":"2018061617345147053","nonce_str":"2BDTCXEFAU7BKZ7AR9R71Z5P0LJ7VUSE","sign":"124BE46400B88B9CC3BF638F83EEF134"}

2018-06-16 17:35:09:继续查询:{"resp_code":"0","amount":"250","leshua_order_id":"1806161734575233","merchant_id":"6008005629","nonce_str":"MVILQ33YIFKXCA9M6J4WGBTK14FX0Y3H","pay_way":"WXZF","result_code":"0","sign":"3F0C03AD10DCBC72D85D1425F516ABEF","status":"0","third_order_id":"2018061617345147053"}

2018-06-16 17:35:09:参数:{"merchant_id":"6008005629","service":"query_status","third_order_id":"2018061617345147053","nonce_str":"NBLKYCSW9WGV0RL2SO232959VJHB2BM0","sign":"E88FE9958AE2B64FF0DB3E310DDFD0E9"}

2018-06-16 17:35:15:继续查询:{"resp_code":"0","amount":"250","leshua_order_id":"1806161734575233","merchant_id":"6008005629","nonce_str":"KVIUU7VSBGHMR9B656ZJL96DED3JYAAR","pay_way":"WXZF","result_code":"0","sign":"CEAA2251132DC4CA28D9074362950329","status":"0","third_order_id":"2018061617345147053"}

2018-06-16 17:35:15:参数:{"merchant_id":"6008005629","service":"query_status","third_order_id":"2018061617345147053","nonce_str":"FZTUC15AQERPQB640K9CDALY1BOAJONT","sign":"AEACAA2553B8E4DFAC8F3C09A9C5E105"}

2018-06-16 17:35:20:继续查询:{"resp_code":"0","amount":"250","leshua_order_id":"1806161734575233","merchant_id":"6008005629","nonce_str":"Z6230810KWBZEJGVRL2BYAZ6RLUKL8DZ","pay_way":"WXZF","result_code":"0","sign":"5EFB93C3BBF7BD6BD167E729FE432B30","status":"0","third_order_id":"2018061617345147053"}

2018-06-16 17:35:20:参数:{"merchant_id":"6008005629","service":"query_status","third_order_id":"2018061617345147053","nonce_str":"A12VL8URWWE91Z67PDNGGVFQ76BY2AW8","sign":"51DA3B396198FC1B0481131BFE064A2B"}

2018-06-16 17:35:26:继续查询:{"resp_code":"0","amount":"250","leshua_order_id":"1806161734575233","merchant_id":"6008005629","nonce_str":"A7HVFX2IIZRM7S1JZ6ERIX6UP4A8VI7B","pay_way":"WXZF","result_code":"0","sign":"B5CBE5A8C9718A543803CFCBC101432A","status":"0","third_order_id":"2018061617345147053"}

2018-06-16 17:35:26:参数:{"merchant_id":"6008005629","service":"query_status","third_order_id":"2018061617345147053","nonce_str":"8N43OU9BPI3GQWGP95NDGY2JEPH8A66S","sign":"1C744BD22FC271908CC7FCE7A7094554"}

2018-06-16 17:35:36:参数:{"merchant_id":"6008005629","service":"query_status","third_order_id":"2018061617353423161","nonce_str":"LNBAYFQ6ULX8CAXWTWJ1T40TRZCILOHT","sign":"ADB6EBAD08A05CA3B9644BB9DD836C1A"}

2018-06-16 17:35:42:继续查询:{"resp_code":"0","amount":"250","leshua_order_id":"1806161735375444","merchant_id":"6008005629","nonce_str":"7Z34A1X3I3ME8AVEAZDFPVSKHYAJCJLL","pay_way":"WXZF","result_code":"0","sign":"8D70E7E04BBABC441CF1A104052F7443","status":"0","third_order_id":"2018061617353423161"}

2018-06-16 17:35:42:参数:{"merchant_id":"6008005629","service":"query_status","third_order_id":"2018061617353423161","nonce_str":"VL449SP89GJ9L2FVCDT4EKFY08ALSB2W","sign":"795CF2F5B80264C984E4006DB0ABE811"}

2018-06-16 17:35:47:继续查询:{"resp_code":"0","amount":"250","leshua_order_id":"1806161735375444","merchant_id":"6008005629","nonce_str":"6QC7NF6PC450QUA2OBZJEKPTDZLKUP2S","pay_way":"WXZF","result_code":"0","sign":"38DC714DBF850CB6CEEF6F98B45200F7","status":"0","third_order_id":"2018061617353423161"}

2018-06-16 17:35:47:参数:{"merchant_id":"6008005629","service":"query_status","third_order_id":"2018061617353423161","nonce_str":"MIR4ZLT3HMQC4WCDDS9M0U2X10M5GTKI","sign":"3EBFA95CF2A9D7834AAA7DB48043F569"}

2018-06-16 17:35:48:支付成功:{"resp_code":"0","amount":"250","bank_type":"CFT","leshua_order_id":"1806161735375444","merchant_id":"6008005629","nonce_str":"XF88ZOCBD9E7TPKINZVHOQS51GM7HNMU","openid":"o8uJ6uOjHpbFMwsk9Ie4sSH7R_tE","out_transaction_id":"4200000110201806168539381370","pay_time":"2018-06-16 17:35:47","pay_way":"WXZF","result_code":"0","sign":"5B06359B878A9E9657E26CD979289ABB","status":"2","third_order_id":"2018061617353423161"}

2018-06-16 17:36:45:参数:{"merchant_id":"6008005629","service":"query_status","third_order_id":"2018061617364359259","nonce_str":"NHNHS74HHPXOOJ16QXF1EPUZ1EAGTDPZ","sign":"F717E1D323ABC8DC5A2CA03D5F4FE50F"}

2018-06-16 17:36:50:继续查询:{"resp_code":"0","amount":"270","leshua_order_id":"1806161736420951","merchant_id":"6008005629","nonce_str":"5Z1P1YLQKVXZQ4FU3PCN9TSI1OEWO07G","pay_way":"WXZF","result_code":"0","sign":"0DC2D8492AEA5BCA98CEFD0A6F460049","status":"0","third_order_id":"2018061617364359259"}

2018-06-16 17:36:50:参数:{"merchant_id":"6008005629","service":"query_status","third_order_id":"2018061617364359259","nonce_str":"XWKKRET1VTQR73VF1AZVAX6TUSXZ3SK5","sign":"863AEC01B019C6B47CDEB475DDCDCB01"}

2018-06-16 17:36:56:继续查询:{"resp_code":"0","amount":"270","leshua_order_id":"1806161736420951","merchant_id":"6008005629","nonce_str":"R6KZJP06MYB1KC191QDY1B4UUXQV4V1R","pay_way":"WXZF","result_code":"0","sign":"D2E243DC75F9B885338B3393DA801531","status":"0","third_order_id":"2018061617364359259"}

2018-06-16 17:36:56:参数:{"merchant_id":"6008005629","service":"query_status","third_order_id":"2018061617364359259","nonce_str":"TBFL1D6BMVGYB2YAXRGMYOMYY4G9YP81","sign":"F744BD631A4BA11A44CD986FA062F11D"}

2018-06-16 17:36:56:支付成功:{"resp_code":"0","amount":"270","bank_type":"SZRCB_DEBIT","leshua_order_id":"1806161736420951","merchant_id":"6008005629","nonce_str":"HGK16V6Z7LEBOIL50WAK6XAK8N0W75HW","openid":"o8uJ6uELIvVaNAqTgpu-XAoKZqS4","out_transaction_id":"4200000113201806169343803172","pay_time":"2018-06-16 17:36:56","pay_way":"WXZF","result_code":"0","sign":"5B721E357044DBC3BA73CB3F705C853E","status":"2","third_order_id":"2018061617364359259"}

2018-06-16 17:37:21:参数:{"merchant_id":"6008005629","service":"query_status","third_order_id":"2018061617371956980","nonce_str":"TRDPIOIC1WV3BUGOI5Q278NXAS2KFY6C","sign":"7499898508DA5B8F5BC8209F9671D771"}

2018-06-16 17:37:26:继续查询:{"resp_code":"0","amount":"470","leshua_order_id":"1806161737176013","merchant_id":"6008005629","nonce_str":"74XGDMHJCSW753FLINDH441PKP91SPV7","pay_way":"WXZF","result_code":"0","sign":"34299C0A1B9CC576570D49423B756C27","status":"0","third_order_id":"2018061617371956980"}

2018-06-16 17:37:26:参数:{"merchant_id":"6008005629","service":"query_status","third_order_id":"2018061617371956980","nonce_str":"A43XV0NSCJ2R29OL7R59OZ5XF0X7U405","sign":"E21874428FE315CDB46B577E024C7374"}

2018-06-16 17:37:32:继续查询:{"resp_code":"0","amount":"470","leshua_order_id":"1806161737176013","merchant_id":"6008005629","nonce_str":"U1XSLKSW2WLNUBJ0MH02IXK8W5LR5RM8","pay_way":"WXZF","result_code":"0","sign":"71EEB2F2DEE6F46A6CEB348FF8E27064","status":"0","third_order_id":"2018061617371956980"}

2018-06-16 17:37:32:参数:{"merchant_id":"6008005629","service":"query_status","third_order_id":"2018061617371956980","nonce_str":"N2I5DDYOUXT79PNOYQS7MGA74KW8P2TV","sign":"C02CAC35B22F0F8C6569087DAB82867F"}

2018-06-16 17:37:32:支付成功:{"resp_code":"0","amount":"470","bank_type":"COMM_DEBIT","leshua_order_id":"1806161737176013","merchant_id":"6008005629","nonce_str":"Q7JD77DS1WBFT12H4U0VK03P314IO5KH","openid":"o8uJ6uMrpKv7kr4ih_Hn7bYrBkq4","out_transaction_id":"4200000127201806164785558105","pay_time":"2018-06-16 17:37:32","pay_way":"WXZF","result_code":"0","sign":"62FB8FF3B9509C671C147CB4BDAC9089","status":"2","third_order_id":"2018061617371956980"}

2018-06-16 17:45:34:参数:{"merchant_id":"6008005629","service":"query_status","third_order_id":"2018061617453212342","nonce_str":"PCFW5DRWA7R9QPUCWY3ZIZCOH1RLAPZX","sign":"222F8198B3BEA28D4D53051B4B8460A1"}

2018-06-16 17:45:39:继续查询:{"resp_code":"0","amount":"1860","leshua_order_id":"1806161745324537","merchant_id":"6008005629","nonce_str":"OQH4U7Y6BCX3BU8023X0BLX18ZOBE3D4","pay_way":"WXZF","result_code":"0","sign":"DD848F1EAB3B4A51B3FA4C4F2B363738","status":"0","third_order_id":"2018061617453212342"}

2018-06-16 17:45:39:参数:{"merchant_id":"6008005629","service":"query_status","third_order_id":"2018061617453212342","nonce_str":"5NRXG3SM3IACIM6ACQIG8G687KRPN10K","sign":"0150CCFCA4916EF664C1DA3C7EC75C21"}

2018-06-16 17:45:45:继续查询:{"resp_code":"0","amount":"1860","leshua_order_id":"1806161745324537","merchant_id":"6008005629","nonce_str":"2QW8R993V0JK3TT1OTA3YLR0V1RPYXEX","pay_way":"WXZF","result_code":"0","sign":"9FC68F272B4EF156B1F5D5C42D5447CE","status":"0","third_order_id":"2018061617453212342"}

2018-06-16 17:45:45:参数:{"merchant_id":"6008005629","service":"query_status","third_order_id":"2018061617453212342","nonce_str":"6V73IGI86EG6L4Z67K8NKR1IB5HD1HWR","sign":"6CC4BD96B590DC8B319AE91CBB639271"}

2018-06-16 17:45:50:继续查询:{"resp_code":"0","amount":"1860","leshua_order_id":"1806161745324537","merchant_id":"6008005629","nonce_str":"H6QRVJRILN6BGRAVWKHMMRMQ4ZFJAYLM","pay_way":"WXZF","result_code":"0","sign":"EC7031DEDA3B5B2F1A7D620056D740C0","status":"0","third_order_id":"2018061617453212342"}

2018-06-16 17:45:50:参数:{"merchant_id":"6008005629","service":"query_status","third_order_id":"2018061617453212342","nonce_str":"ZHKE74Y4MDL0TNVWO5Q3HO1NJC6KO1YM","sign":"04CF768B9964867BA12F703CD6CC2998"}

2018-06-16 17:45:51:支付成功:{"resp_code":"0","amount":"1860","bank_type":"ICBC_DEBIT","leshua_order_id":"1806161745324537","merchant_id":"6008005629","nonce_str":"KE6BL9MQTQF2L35AU0B5CZKEACR279SU","openid":"o8uJ6uOFXU9Vluf-DKcxKnXGFY1g","out_transaction_id":"4200000117201806169380075001","pay_time":"2018-06-16 17:45:50","pay_way":"WXZF","result_code":"0","sign":"685ED2C5A516F6BDBE90C7C3D3C1F783","status":"2","third_order_id":"2018061617453212342"}

2018-06-16 18:28:29:参数:{"merchant_id":"6008005629","service":"query_status","third_order_id":"2018061618282881576","nonce_str":"CL4QDUD5T3IARYLBO544M8GIZ8K798QY","sign":"B688355B782042A50404C2EC763932D0"}

2018-06-16 18:28:34:继续查询:{"resp_code":"0","amount":"600","leshua_order_id":"1806161828237439","merchant_id":"6008005629","nonce_str":"RUFL1QMWCD43GJRZPFOFJ3P4YY3PL7VU","pay_way":"WXZF","result_code":"0","sign":"7BA4D9BD5C1FE18666D187809622E8DF","status":"0","third_order_id":"2018061618282881576"}

2018-06-16 18:28:34:参数:{"merchant_id":"6008005629","service":"query_status","third_order_id":"2018061618282881576","nonce_str":"QRHND7O48V04VSQRMLXDQ3360OUQEXDY","sign":"4580F663C6D23C330BE5309ECAE81D80"}

2018-06-16 18:28:40:继续查询:{"resp_code":"0","amount":"600","leshua_order_id":"1806161828237439","merchant_id":"6008005629","nonce_str":"1RGS68XMILXEAPK2VXTPLKW28ANBJTKK","pay_way":"WXZF","result_code":"0","sign":"04AEB365472AB76248F4EB04CEB9FECA","status":"0","third_order_id":"2018061618282881576"}

2018-06-16 18:28:40:参数:{"merchant_id":"6008005629","service":"query_status","third_order_id":"2018061618282881576","nonce_str":"L7QTYG4UDY5QXOTBK0XH5SYCH67BS7AO","sign":"61E3986EB98A1CD4834D20F8738479A3"}

2018-06-16 18:28:45:继续查询:{"resp_code":"0","amount":"600","leshua_order_id":"1806161828237439","merchant_id":"6008005629","nonce_str":"LYFOAHMHYB4HZZT3CJGVTJ3XET5SX9J3","pay_way":"WXZF","result_code":"0","sign":"87F550F47E11767B126263B64F2F75A6","status":"0","third_order_id":"2018061618282881576"}

2018-06-16 18:28:45:参数:{"merchant_id":"6008005629","service":"query_status","third_order_id":"2018061618282881576","nonce_str":"TDDAZZ4RVD998VNER4MIOOKPEGM0CC5J","sign":"2B8D352C05179EC0FF7DC9A9AFCA77AF"}

2018-06-16 18:28:46:支付成功:{"resp_code":"0","amount":"600","bank_type":"CFT","leshua_order_id":"1806161828237439","merchant_id":"6008005629","nonce_str":"91YIGBAWG31XB64N371G0FHKQO27RR9Z","openid":"o8uJ6uKxdxGd-Bx4zWyvZAF0Sgr8","out_transaction_id":"4200000130201806166107363851","pay_time":"2018-06-16 18:28:45","pay_way":"WXZF","result_code":"0","sign":"1338A2A13602A0EDF7A38ABDBF3C8056","status":"2","third_order_id":"2018061618282881576"}

2018-06-16 18:32:53:参数:{"merchant_id":"6008005629","service":"query_status","third_order_id":"2018061618325118889","nonce_str":"BGLVBP9JI1YZ6KXO1NVWFAEVXVKWRSQJ","sign":"605C8359343485BD3B6388B053AEAED6"}

2018-06-16 18:32:54:支付失败:{"resp_code":"0","amount":"1720","leshua_order_id":"1806161832539193","merchant_id":"6008005629","nonce_str":"OFNMYI2V7CRD459QOHOQXCEB5RK24IIM","pay_way":"WXZF","result_code":"0","sign":"791FEBD7965FC907269A95A430BDFCFB","status":"8","third_order_id":"2018061618325118889"}

2018-06-16 18:33:12:参数:{"merchant_id":"6008005629","service":"query_status","third_order_id":"2018061618331143958","nonce_str":"S5RGNBL6WWGFBC57ROLP12ZXDTVPNIZS","sign":"15FC468589AF2C95B603C5C8D7C37BEA"}

2018-06-16 18:33:18:继续查询:{"resp_code":"0","amount":"1720","leshua_order_id":"1806161833103219","merchant_id":"6008005629","nonce_str":"F9GY0TM1A4VVQ8YB6CLFZGBTE68GYESO","pay_way":"ZFBZF","result_code":"0","sign":"210B01E45B014AF82B2B0BE0A516F20A","status":"0","third_order_id":"2018061618331143958"}

2018-06-16 18:33:18:参数:{"merchant_id":"6008005629","service":"query_status","third_order_id":"2018061618331143958","nonce_str":"98CG3JP4P6ZPTRSZO3879UBKNZ6G6Q7L","sign":"11AB81245E11B26286C348831DBCF59E"}

2018-06-16 18:33:23:继续查询:{"resp_code":"0","amount":"1720","leshua_order_id":"1806161833103219","merchant_id":"6008005629","nonce_str":"UVAUSKBYJ86V1IPTVCHSXHN11P6KPTD0","pay_way":"ZFBZF","result_code":"0","sign":"3C133562172122FD07CEAA4D583961DD","status":"0","third_order_id":"2018061618331143958"}

2018-06-16 18:33:23:参数:{"merchant_id":"6008005629","service":"query_status","third_order_id":"2018061618331143958","nonce_str":"FE9BWQOH01LYRCJGGOJPR3F5SHIRQ4G2","sign":"26332AEA6909E1E9297381FB01851B8A"}

2018-06-16 18:33:24:支付成功:{"resp_code":"0","amount":"1720","attach":[],"bank_type":"DEBIT_CARD","channel_datetime":[],"channel_order_id":[],"goods_tag":[],"leshua_order_id":"1806161833103219","merchant_id":"6008005629","nonce_str":"U32GJNUC30Y9IU8L9384OOQJ8W1IP54F","openid":"2088212917895301","out_transaction_id":"2018061621001004300590970189","pay_time":"2018-06-16 18:33:21","pay_way":"ZFBZF","result_code":"0","sign":"B3274F4EC0D95746D1FEC37C561304A7","status":"2","sub_openid":[],"third_order_id":"2018061618331143958","trade_type":[]}

2018-06-16 19:02:11:参数:{"merchant_id":"4909001413","service":"query_status","third_order_id":"2018061619021073551","nonce_str":"92JSGZ53YHQ9GMFXYAN18BT4D7R1BEL8","sign":"6B73DA0DA7330304647CB8C4BE191514"}

2018-06-16 19:02:17:继续查询:{"resp_code":"0","amount":"25900","leshua_order_id":"1806161902102354","merchant_id":"4909001413","nonce_str":"345CEKOVB4BB3TVCZM3499DOGLEUHV49","pay_way":"WXZF","result_code":"0","sign":"9C34551DB4A5596FF49B88D0F5885062","status":"0","third_order_id":"2018061619021073551"}

2018-06-16 19:02:17:参数:{"merchant_id":"4909001413","service":"query_status","third_order_id":"2018061619021073551","nonce_str":"MMLAHIK782JFM0QCY4HS2RR3BWNYC1KI","sign":"6D707B78F5EC0A678AA0B235D95E6ABC"}

2018-06-16 19:02:22:继续查询:{"resp_code":"0","amount":"25900","leshua_order_id":"1806161902102354","merchant_id":"4909001413","nonce_str":"SXIIULRUV131MWCO4PHKTGI9QPA0V2YO","pay_way":"WXZF","result_code":"0","sign":"2377FFBAABD864B319AA5944CB9172B5","status":"0","third_order_id":"2018061619021073551"}

2018-06-16 19:02:22:参数:{"merchant_id":"4909001413","service":"query_status","third_order_id":"2018061619021073551","nonce_str":"W685DKXDRULKGCA4ECU8VBYSHG3ZXFF4","sign":"BD8B0B82C67A065D7DFE95DDEA574157"}

2018-06-16 19:02:28:继续查询:{"resp_code":"0","amount":"25900","leshua_order_id":"1806161902102354","merchant_id":"4909001413","nonce_str":"1O0MRPMCXMUJ36OMV9A91A5V3KHXHOKA","pay_way":"WXZF","result_code":"0","sign":"8D3121DD6154B4515991873F19838D94","status":"0","third_order_id":"2018061619021073551"}

2018-06-16 19:02:28:参数:{"merchant_id":"4909001413","service":"query_status","third_order_id":"2018061619021073551","nonce_str":"FS5SIXKC5D9OJRBS8HRHDLLJOWSBUSAP","sign":"F9895CB2A112AA22EA8806A0FAE14FE1"}

2018-06-16 19:02:33:继续查询:{"resp_code":"0","amount":"25900","leshua_order_id":"1806161902102354","merchant_id":"4909001413","nonce_str":"ZO1FACLPLZTQBP0BGZ2Q0HS5MHOIU71E","pay_way":"WXZF","result_code":"0","sign":"23CAC00F7E08835173538B3C88068980","status":"0","third_order_id":"2018061619021073551"}

2018-06-16 19:02:33:参数:{"merchant_id":"4909001413","service":"query_status","third_order_id":"2018061619021073551","nonce_str":"3N8ZUQGRKZD20ASIKPRH924HY463MV3W","sign":"9D6BC454E0DD9BBD0BCF5EBC05633842"}

2018-06-16 19:02:39:继续查询:{"resp_code":"0","amount":"25900","leshua_order_id":"1806161902102354","merchant_id":"4909001413","nonce_str":"044HWNNTNQ8ZGMYZGEAV2X1ZP6JVWYB5","pay_way":"WXZF","result_code":"0","sign":"4AF14588459A37440F304212411AD64D","status":"0","third_order_id":"2018061619021073551"}

2018-06-16 19:02:39:参数:{"merchant_id":"4909001413","service":"query_status","third_order_id":"2018061619021073551","nonce_str":"YD3ORMDZAYU9YFNXA8YFOTCYMKJBEC5S","sign":"DD982E3CC67143DD30737B5BAA84F91D"}

2018-06-16 19:02:44:继续查询:{"resp_code":"0","amount":"25900","leshua_order_id":"1806161902102354","merchant_id":"4909001413","nonce_str":"E6U9H6VS81LOSW2JGADXKP3YHXDTOJUL","pay_way":"WXZF","result_code":"0","sign":"2557F013151023EC650D3BCA42A2D627","status":"0","third_order_id":"2018061619021073551"}

2018-06-16 19:02:44:参数:{"merchant_id":"4909001413","service":"query_status","third_order_id":"2018061619021073551","nonce_str":"LD95JP84K6CC94A87LONYKG5CUN3UIGJ","sign":"30E8262907EA5C21BFDA5CF47FC1B06B"}

2018-06-16 19:05:52:参数:{"merchant_id":"6008005629","service":"query_status","third_order_id":"2018061619055129619","nonce_str":"JZ6EZFRULMVBDWITSWA1HBKG4LYGNYBJ","sign":"1D89625C7F1EF3D5E83D276D87288680"}

2018-06-16 19:05:58:继续查询:{"resp_code":"0","amount":"1760","leshua_order_id":"1806161905503441","merchant_id":"6008005629","nonce_str":"RPVPIU7KTBCP13TVBONIEWX9V1U40RH8","pay_way":"WXZF","result_code":"0","sign":"C348135625D117136B3FC33CC54E252D","status":"0","third_order_id":"2018061619055129619"}

2018-06-16 19:05:58:参数:{"merchant_id":"6008005629","service":"query_status","third_order_id":"2018061619055129619","nonce_str":"3M75WQ4MNLHIPJW1EEW9D8IFT46BNA3A","sign":"126A9750E7E6AA1E8C6111975E7AEA46"}

2018-06-16 19:06:04:继续查询:{"resp_code":"0","amount":"1760","leshua_order_id":"1806161905503441","merchant_id":"6008005629","nonce_str":"ESG39XYKKXSIF70IJU7MPIPNI973OG21","pay_way":"WXZF","result_code":"0","sign":"BA482D25A1D5E85E8F76EB49A760D3F8","status":"0","third_order_id":"2018061619055129619"}

2018-06-16 19:06:04:参数:{"merchant_id":"6008005629","service":"query_status","third_order_id":"2018061619055129619","nonce_str":"G3IWEZCW7RFKAIPZACFX6TNOIZHYO2TN","sign":"7022C61FD5227CC24487A101A2320C8A"}

2018-06-16 19:06:09:继续查询:{"resp_code":"0","amount":"1760","leshua_order_id":"1806161905503441","merchant_id":"6008005629","nonce_str":"DHM2538IM7AHW2PROVQFADQON2FRL8QB","pay_way":"WXZF","result_code":"0","sign":"D31D2B34472CA98A08B033A5097F19B6","status":"0","third_order_id":"2018061619055129619"}

2018-06-16 19:06:09:参数:{"merchant_id":"6008005629","service":"query_status","third_order_id":"2018061619055129619","nonce_str":"E3AUTO6E9ILY86ALYO7G2QB44JVG5UUV","sign":"B8D8D14670D253F2988EED33F343B762"}

2018-06-16 19:06:15:继续查询:{"resp_code":"0","amount":"1760","leshua_order_id":"1806161905503441","merchant_id":"6008005629","nonce_str":"S8RCR000QP9OP77MK29ZMEN3I28BYN47","pay_way":"WXZF","result_code":"0","sign":"38C6272F3ACB6F1AA9981751019E9CBD","status":"0","third_order_id":"2018061619055129619"}

2018-06-16 19:06:15:参数:{"merchant_id":"6008005629","service":"query_status","third_order_id":"2018061619055129619","nonce_str":"CESIN5O4IA6Q50GFMBIRXEMBOWHWY797","sign":"DB27BBBCE585E13982C68BBC58917F41"}

2018-06-16 19:06:20:继续查询:{"resp_code":"0","amount":"1760","leshua_order_id":"1806161905503441","merchant_id":"6008005629","nonce_str":"DPP06FESBJA7TEXM57JEXV3693MAU3F3","pay_way":"WXZF","result_code":"0","sign":"9A09A6E0F7AE0C2F3EFD31A59FC8E64A","status":"0","third_order_id":"2018061619055129619"}

2018-06-16 19:06:20:参数:{"merchant_id":"6008005629","service":"query_status","third_order_id":"2018061619055129619","nonce_str":"KL1KM9CTRZJLJ9QX670PZF8JELCFSYT0","sign":"48D3C3AE5A5A0FE7CBF2A1260D8A448A"}

2018-06-16 19:06:26:继续查询:{"resp_code":"0","amount":"1760","leshua_order_id":"1806161905503441","merchant_id":"6008005629","nonce_str":"CJADW8G8H8TMY556TIUINN1T4HDDT8XI","pay_way":"WXZF","result_code":"0","sign":"91211AD83F48BAA196834CF7A7899181","status":"0","third_order_id":"2018061619055129619"}

2018-06-16 19:06:26:参数:{"merchant_id":"6008005629","service":"query_status","third_order_id":"2018061619055129619","nonce_str":"M5RR32XCTW785B87EJN1C04OQHHEI598","sign":"F3B0D53EE7CDD5033EE0DF638DB74183"}

2018-06-16 19:06:35:参数:{"merchant_id":"6008005629","service":"query_status","third_order_id":"2018061619063475343","nonce_str":"MRV6XP7ODJROTMFVGK62W2GH9VUINSA0","sign":"101FE8E8B7D38DE59D77B454720E5694"}

2018-06-16 19:06:41:继续查询:{"resp_code":"0","amount":"1760","leshua_order_id":"1806161906374995","merchant_id":"6008005629","nonce_str":"BVS6Y7766CD7KK56SN70HYRO7344G1E8","pay_way":"WXZF","result_code":"0","sign":"261AFA380F298FDA11FE2280F06C10D6","status":"0","third_order_id":"2018061619063475343"}

2018-06-16 19:06:41:参数:{"merchant_id":"6008005629","service":"query_status","third_order_id":"2018061619063475343","nonce_str":"5DJZAJ6O5ZYKW0Y9K7BPPWBAFQONXJRC","sign":"E282F541E644BDCA922886FC60BBEFE2"}

2018-06-16 19:06:46:继续查询:{"resp_code":"0","amount":"1760","leshua_order_id":"1806161906374995","merchant_id":"6008005629","nonce_str":"9GUNQ15C40KMMOSJI2QCRQ43DM44JX99","pay_way":"WXZF","result_code":"0","sign":"FF2A9BBE0150AE16BACA5F9C39DC1274","status":"0","third_order_id":"2018061619063475343"}

2018-06-16 19:06:46:参数:{"merchant_id":"6008005629","service":"query_status","third_order_id":"2018061619063475343","nonce_str":"OA3W8JFY17TBBS7IW3CMNTSDIO5V30CG","sign":"650474E818B2F474DDA581B3ED75275E"}

2018-06-16 19:06:47:支付失败:{"resp_code":"0","amount":"1760","leshua_order_id":"1806161906374995","merchant_id":"6008005629","nonce_str":"YJM2QV5JIBWU9TL07D92XBE2AUZM4Z9Z","pay_way":"WXZF","result_code":"0","sign":"29CE5B2DEAC3E7BD58D93DD0684124AF","status":"8","third_order_id":"2018061619063475343"}

2018-06-16 19:32:42:参数:{"merchant_id":"6008005629","service":"query_status","third_order_id":"2018061619324122232","nonce_str":"VFTZ1P9OA6YBMYS3EPWWBFI8NJ7PZPIE","sign":"9D4CDD96A862C49DB16CBCF06E28A53B"}

2018-06-16 19:32:47:继续查询:{"resp_code":"0","amount":"1090","leshua_order_id":"1806161932401425","merchant_id":"6008005629","nonce_str":"896136881JVTK60VCGBRPLHRJIHVEKJR","pay_way":"WXZF","result_code":"0","sign":"CB2399EF10FD17A5BBE627AE3E95194F","status":"0","third_order_id":"2018061619324122232"}

2018-06-16 19:32:47:参数:{"merchant_id":"6008005629","service":"query_status","third_order_id":"2018061619324122232","nonce_str":"9WELXMX0KM8P62KRTJP9W9UYCWHQD39Z","sign":"8213A92CC074F9ECAEED175D91AE4D0E"}

2018-06-16 19:32:53:继续查询:{"resp_code":"0","amount":"1090","leshua_order_id":"1806161932401425","merchant_id":"6008005629","nonce_str":"JOHRBI25P1XCBR3IO1YJM54IYZFA5J49","pay_way":"WXZF","result_code":"0","sign":"D6028865CE477B9D0A1EA4AA1AAE132F","status":"0","third_order_id":"2018061619324122232"}

2018-06-16 19:32:53:参数:{"merchant_id":"6008005629","service":"query_status","third_order_id":"2018061619324122232","nonce_str":"Q3B9U1K2G8I0PPPLPTLH7PRZ0O9KBIL8","sign":"768CBF4265E8C75A8454F2AD638A2707"}

2018-06-16 19:32:58:继续查询:{"resp_code":"0","amount":"1090","leshua_order_id":"1806161932401425","merchant_id":"6008005629","nonce_str":"P93H05M6NENM3CB6B3S4R28CBXR3K88G","pay_way":"WXZF","result_code":"0","sign":"BE5BF3BCA37A3CB19BAB711B4AAA73F8","status":"0","third_order_id":"2018061619324122232"}

2018-06-16 19:32:58:参数:{"merchant_id":"6008005629","service":"query_status","third_order_id":"2018061619324122232","nonce_str":"JI447OGVOOKLF377FC78B4N3Q79GYKH6","sign":"9B8463DA688F1302F2D7F498B08C9160"}

2018-06-16 19:33:04:继续查询:{"resp_code":"0","amount":"1090","leshua_order_id":"1806161932401425","merchant_id":"6008005629","nonce_str":"BS3A8Q2WMW2ZZU5C90WTVJ40O5KPGN9T","pay_way":"WXZF","result_code":"0","sign":"19149A490B3DDF702B469065D6D3E84C","status":"0","third_order_id":"2018061619324122232"}

2018-06-16 19:33:04:参数:{"merchant_id":"6008005629","service":"query_status","third_order_id":"2018061619324122232","nonce_str":"V8A8MQRF2FMH5ABZRVHKHR4DG2C29M4J","sign":"41F8A12559188D68EA0FF1D72F695230"}

2018-06-16 19:33:09:继续查询:{"resp_code":"0","amount":"1090","leshua_order_id":"1806161932401425","merchant_id":"6008005629","nonce_str":"LL1UG7QZ7GOTFNGTBTWATCH4RCLZ06LW","pay_way":"WXZF","result_code":"0","sign":"FC42CD9CE9CC1E654EC9FF35F00C0CF8","status":"0","third_order_id":"2018061619324122232"}

2018-06-16 19:33:09:参数:{"merchant_id":"6008005629","service":"query_status","third_order_id":"2018061619324122232","nonce_str":"7FPMJN8WLVKAM4N5Q1AC3BOB4I8XLZNY","sign":"171290614C19FD5C2F1DC4C9396E6FB1"}

2018-06-16 19:33:15:继续查询:{"resp_code":"0","amount":"1090","leshua_order_id":"1806161932401425","merchant_id":"6008005629","nonce_str":"MQ0IJJEK5UPXUD2QJAXPEPR8BIT04JUA","pay_way":"WXZF","result_code":"0","sign":"86387943098CAC6CC99040F498F9D0FD","status":"0","third_order_id":"2018061619324122232"}

2018-06-16 19:33:15:参数:{"merchant_id":"6008005629","service":"query_status","third_order_id":"2018061619324122232","nonce_str":"CNKMBC4C4BHMOHHR4OEWL44PFOI09Y29","sign":"93B3C21AF040C745E027379100D505E0"}

2018-06-16 19:40:31:参数:{"merchant_id":"6008005629","service":"query_status","third_order_id":"2018061619402963922","nonce_str":"XPNFUCRMIY1EYKC84NUPI5441R4EUHYG","sign":"2763E5161DEEC14412FBB1A56B9EDC99"}

2018-06-16 19:40:36:继续查询:{"resp_code":"0","amount":"1500","leshua_order_id":"1806161940327944","merchant_id":"6008005629","nonce_str":"EZ3IADTJPO2FT65H2BPT4AJEHMY4PURX","pay_way":"WXZF","result_code":"0","sign":"4FA385A1FCBB69FD747978C79AE03DB9","status":"0","third_order_id":"2018061619402963922"}

2018-06-16 19:40:36:参数:{"merchant_id":"6008005629","service":"query_status","third_order_id":"2018061619402963922","nonce_str":"HRI6N5XGEFMTU76AINH32JTGZZJ9QZQO","sign":"4E5604F79B79BE5DB41FA692CB880F64"}

2018-06-16 19:40:37:支付成功:{"resp_code":"0","amount":"1500","bank_type":"CFT","leshua_order_id":"1806161940327944","merchant_id":"6008005629","nonce_str":"6UW9JI31H7I6LP4OIBGCBZI72PWVN121","openid":"o8uJ6uNYGn8d3-Mfe6MR32N28EhQ","out_transaction_id":"4200000127201806163105855235","pay_time":"2018-06-16 19:40:36","pay_way":"WXZF","result_code":"0","sign":"6EC0503F0C0376E809B77242FBFE8CAD","status":"2","third_order_id":"2018061619402963922"}

2018-06-16 20:29:46:参数:{"merchant_id":"6008005629","service":"query_status","third_order_id":"2018061620294512927","nonce_str":"MHT8DZVKZQTBSQXZ4VEVPX6875ULK88I","sign":"70A897C4AB853B706E23D7295971C422"}

2018-06-16 20:29:52:继续查询:{"resp_code":"0","amount":"1240","leshua_order_id":"1806162029426802","merchant_id":"6008005629","nonce_str":"SYNW41UEHJSNF3TCOXCYDBHNTA21PZ06","pay_way":"WXZF","result_code":"0","sign":"2BA81BC687E5432C8001078421ADB6CE","status":"0","third_order_id":"2018061620294512927"}

2018-06-16 20:29:52:参数:{"merchant_id":"6008005629","service":"query_status","third_order_id":"2018061620294512927","nonce_str":"Q98VJ66TV1148TILP4JRNU59TRIVOY3J","sign":"90A3FBCE7EBA9E6A2C346AFC70A1E3F7"}

2018-06-16 20:29:57:继续查询:{"resp_code":"0","amount":"1240","leshua_order_id":"1806162029426802","merchant_id":"6008005629","nonce_str":"P74TPIL9NYNQEG0CQJSRN2CVMVI3H0LY","pay_way":"WXZF","result_code":"0","sign":"11F8BCB1B408CFCF5F3B43A67F225176","status":"0","third_order_id":"2018061620294512927"}

2018-06-16 20:29:57:参数:{"merchant_id":"6008005629","service":"query_status","third_order_id":"2018061620294512927","nonce_str":"PT5LNTNQYMIM8VTTDRJNRRFNF2ZJX311","sign":"6119BC0BB23B696F7A9C065E4DD57467"}

2018-06-16 20:30:03:继续查询:{"resp_code":"0","amount":"1240","leshua_order_id":"1806162029426802","merchant_id":"6008005629","nonce_str":"752I7Q2LIP26KFHCTK0ECO8TK4SNR1H6","pay_way":"WXZF","result_code":"0","sign":"C8FD6C7B8335F4E3C50C0F1C459B5A46","status":"0","third_order_id":"2018061620294512927"}

2018-06-16 20:30:03:参数:{"merchant_id":"6008005629","service":"query_status","third_order_id":"2018061620294512927","nonce_str":"R90ILJJXJ7S2VA3VXV2RHJE3ZTBBK0DS","sign":"8D3B7D5BA9BACAA148129DACB03C0A8B"}

2018-06-16 20:30:08:继续查询:{"resp_code":"0","amount":"1240","leshua_order_id":"1806162029426802","merchant_id":"6008005629","nonce_str":"QGH7NJTAK0P1BLJDSMDY94J01DZ2CVUR","pay_way":"WXZF","result_code":"0","sign":"729818D2CD94BFC340EB2F318D646C83","status":"0","third_order_id":"2018061620294512927"}

2018-06-16 20:30:08:参数:{"merchant_id":"6008005629","service":"query_status","third_order_id":"2018061620294512927","nonce_str":"AXVJZI7P23QXWKKTRC0IY4Q4PR5ARQ5G","sign":"EC7FA3A34373FEBDA817B83F3196D96E"}

2018-06-16 20:30:09:支付成功:{"resp_code":"0","amount":"1240","bank_type":"CFT","leshua_order_id":"1806162029426802","merchant_id":"6008005629","nonce_str":"2XGSKGVT6VBQFEKOU9XB2883QA2V856D","openid":"o8uJ6uPi9T_pGbO4LB0UmQcHQ_IE","out_transaction_id":"4200000116201806163518259447","pay_time":"2018-06-16 20:30:08","pay_way":"WXZF","result_code":"0","sign":"31D7018EBFD2B5C4CC95C4A5B0F3915A","status":"2","third_order_id":"2018061620294512927"}

2018-06-16 20:30:20:参数:{"merchant_id":"6008005629","service":"query_status","third_order_id":"2018061620301935793","nonce_str":"WFFGTF9N9ICNDNBDPNUJPFRVN0H4122H","sign":"9A08AD15CA8B76D72E7A3CAFFFC07F7F"}

2018-06-16 20:30:25:继续查询:{"resp_code":"0","amount":"1080","leshua_order_id":"1806162030171488","merchant_id":"6008005629","nonce_str":"2YTDGGA79VG3412R2EA3AQ7N797PT2ND","pay_way":"WXZF","result_code":"0","sign":"C05A2976B3372A4FC95FD9C01CF53BBD","status":"0","third_order_id":"2018061620301935793"}

2018-06-16 20:30:25:参数:{"merchant_id":"6008005629","service":"query_status","third_order_id":"2018061620301935793","nonce_str":"6N94KGTZEOUIC664NCM17ASS8U77HWGR","sign":"CD1FBDB26E7E241BA6921A16C1A7BA4F"}

2018-06-16 20:30:31:继续查询:{"resp_code":"0","amount":"1080","leshua_order_id":"1806162030171488","merchant_id":"6008005629","nonce_str":"W0ZGRRAKXSDJFP0LE8SLANYJ4GVAIP0A","pay_way":"WXZF","result_code":"0","sign":"C4479237FBF3A5589273B284F912F497","status":"0","third_order_id":"2018061620301935793"}

2018-06-16 20:30:31:参数:{"merchant_id":"6008005629","service":"query_status","third_order_id":"2018061620301935793","nonce_str":"JWSXLP6MAP9S1Q54V8JB3775NCREZO5D","sign":"8EA392FBB6334238253AB73510B216A9"}

2018-06-16 20:30:36:继续查询:{"resp_code":"0","amount":"1080","leshua_order_id":"1806162030171488","merchant_id":"6008005629","nonce_str":"IHZN6QAF00HO4F2KUB4M5NUBES76AN36","pay_way":"WXZF","result_code":"0","sign":"446CDBB31C559CC7DCA8CEF0FB54F938","status":"0","third_order_id":"2018061620301935793"}

2018-06-16 20:30:36:参数:{"merchant_id":"6008005629","service":"query_status","third_order_id":"2018061620301935793","nonce_str":"UIWYO36VTR8CMOILN97IRSK9MSU1FSI0","sign":"083F26CE4363D030A03299FABF12C011"}

2018-06-16 20:30:37:支付成功:{"resp_code":"0","amount":"1080","bank_type":"CFT","leshua_order_id":"1806162030171488","merchant_id":"6008005629","nonce_str":"LPN2QJJZN35WUPS2Y4BUONOW0FKL6TAE","openid":"o8uJ6uL2jM4XIMoYDy3cljBmRC3w","out_transaction_id":"4200000112201806169501258740","pay_time":"2018-06-16 20:30:36","pay_way":"WXZF","result_code":"0","sign":"0ED365F6F6C955DA67616921173CABF2","status":"2","third_order_id":"2018061620301935793"}

2018-06-16 20:37:24:参数:{"merchant_id":"4909001413","service":"query_status","third_order_id":"2018061620372274286","nonce_str":"4Y9WY86F3C7ZFVQ8ECTYDHN2E3PM8ZTI","sign":"CA7C82F651779F7A998A4337AB4A653A"}

2018-06-16 20:37:29:继续查询:{"resp_code":"0","amount":"100000","leshua_order_id":"1806162037273785","merchant_id":"4909001413","nonce_str":"1HJPO3LU4NO4HN6OKNVWFSHB8Z5E12SR","pay_way":"WXZF","result_code":"0","sign":"93CD8BCF4C31C93DF49C3B59D053F69A","status":"0","third_order_id":"2018061620372274286"}

2018-06-16 20:37:29:参数:{"merchant_id":"4909001413","service":"query_status","third_order_id":"2018061620372274286","nonce_str":"OM6WNSOYOAMEQK7RVKOQEVHH6W0QJZ0L","sign":"F9763EF95DDAD85F23AB2111BE2519DF"}

2018-06-16 20:37:35:继续查询:{"resp_code":"0","amount":"100000","leshua_order_id":"1806162037273785","merchant_id":"4909001413","nonce_str":"2QJ550H2FKIKTKY2B6KX2WVRADJSYHIV","pay_way":"WXZF","result_code":"0","sign":"61065107316CB68023F1ABF2BE5F0E44","status":"0","third_order_id":"2018061620372274286"}

2018-06-16 20:37:35:参数:{"merchant_id":"4909001413","service":"query_status","third_order_id":"2018061620372274286","nonce_str":"IWRZQT88VWFFRUA68RZEPWIWTEOUFFVI","sign":"9E601CB3652D2D2D994A706B57A1E4FA"}

2018-06-16 20:37:35:支付失败:{"resp_code":"0","amount":"100000","leshua_order_id":"1806162037273785","merchant_id":"4909001413","nonce_str":"JD42O7L9BJ1XPMNK9SNM0OUP7SU0QZBY","pay_way":"WXZF","result_code":"0","sign":"609E5E3E97EC230D65A1BD75D475C107","status":"8","third_order_id":"2018061620372274286"}

2018-06-16 20:37:46:参数:{"merchant_id":"4909001413","service":"query_status","third_order_id":"2018061620374511764","nonce_str":"RBLHZ94VCJTSK6MF7A86RMPMZPE6VLS5","sign":"61B1F2ECEF1F809173DE055B395C8F10"}

2018-06-16 20:37:52:继续查询:{"resp_code":"0","amount":"100000","leshua_order_id":"1806162037429894","merchant_id":"4909001413","nonce_str":"4TN1N5GSGXIGNC7T45CE8OFQBTM0L8AD","pay_way":"WXZF","result_code":"0","sign":"9F1C10ECA835630EC0178EFC8533D814","status":"0","third_order_id":"2018061620374511764"}

2018-06-16 20:37:52:参数:{"merchant_id":"4909001413","service":"query_status","third_order_id":"2018061620374511764","nonce_str":"7DRDI2N04QC8NY37JY5NZ66QEZYGF0U1","sign":"42D7FE5E1D80AEDCBBD697DEB98C35D5"}

2018-06-16 20:37:52:支付失败:{"resp_code":"0","amount":"100000","leshua_order_id":"1806162037429894","merchant_id":"4909001413","nonce_str":"SLFSWEGTVL30464FMXXDJU8Q196SYFSH","pay_way":"WXZF","result_code":"0","sign":"C9D8CD1DBA6768CBE0A7385B0A8FF9CC","status":"8","third_order_id":"2018061620374511764"}

2018-06-16 21:09:10:参数:{"merchant_id":"4909001413","service":"query_status","third_order_id":"2018061621090870659","nonce_str":"9TW1DZFE0HS5I3QJ1MHY99H9JRYBP99S","sign":"A6A18C2B0E65C0C8DA26B5708FFF0953"}

2018-06-16 21:09:15:继续查询:{"resp_code":"0","amount":"25900","leshua_order_id":"1806162109039596","merchant_id":"4909001413","nonce_str":"6T3ABC99WEBP85ZU1VF9UKT71W3QBINC","pay_way":"WXZF","result_code":"0","sign":"6B217CCB9EA5FF410801862A62D1D298","status":"0","third_order_id":"2018061621090870659"}

2018-06-16 21:09:15:参数:{"merchant_id":"4909001413","service":"query_status","third_order_id":"2018061621090870659","nonce_str":"43UHVH0WLVU5TURL8YSDZDB3YKI73WWX","sign":"DF1BDA2E6DC97A58F54D3E31A1575584"}

2018-06-16 21:09:21:继续查询:{"resp_code":"0","amount":"25900","leshua_order_id":"1806162109039596","merchant_id":"4909001413","nonce_str":"2EGW3AE7J2L29PVNRQV2JGCCQ1BEWSRN","pay_way":"WXZF","result_code":"0","sign":"2BD888B58FFC0B6C2B607C99E798EE50","status":"0","third_order_id":"2018061621090870659"}

2018-06-16 21:09:21:参数:{"merchant_id":"4909001413","service":"query_status","third_order_id":"2018061621090870659","nonce_str":"ZR20LJ80LRAFRGQ13MJE6OUCTLA5UR4B","sign":"8E341C393720403F483EC48D1D62A903"}

2018-06-16 21:09:21:支付成功:{"resp_code":"0","amount":"25900","bank_type":"CCB_DEBIT","leshua_order_id":"1806162109039596","merchant_id":"4909001413","nonce_str":"46CZKOD8RCOULMOTXGXBU54XLSI580GI","openid":"o8uJ6uHRDXzTtDaFThFy9UGMtTng","out_transaction_id":"4200000123201806166645074766","pay_time":"2018-06-16 21:09:21","pay_way":"WXZF","result_code":"0","sign":"A705BB6EC33487654D71C93BE2F05144","status":"2","third_order_id":"2018061621090870659"}

2018-06-16 21:34:30:参数:{"merchant_id":"6008005629","service":"query_status","third_order_id":"2018061621342983770","nonce_str":"Q16Y9F4EI017YZY3P1ZAJVZCYJ47HR31","sign":"A2FA15FBBCEB216FBB89AC60F6AEB632"}

2018-06-16 21:34:35:继续查询:{"resp_code":"0","amount":"1300","leshua_order_id":"1806162134228476","merchant_id":"6008005629","nonce_str":"D9ACJ5G92QEL19RJKM9LFTT0G97UOM9T","pay_way":"WXZF","result_code":"0","sign":"17217C3F835E07DF720CA915DE421A05","status":"0","third_order_id":"2018061621342983770"}

2018-06-16 21:34:35:参数:{"merchant_id":"6008005629","service":"query_status","third_order_id":"2018061621342983770","nonce_str":"G4PLJDG3WC4LED4RJD6RY3G5FFK3PEMQ","sign":"00906F7C1EA256B44A29D6B2C9F534FE"}

2018-06-16 21:34:41:继续查询:{"resp_code":"0","amount":"1300","leshua_order_id":"1806162134228476","merchant_id":"6008005629","nonce_str":"M0FNK415IB48S7G1NJB3SF97CHVI2IWL","pay_way":"WXZF","result_code":"0","sign":"A0D632F91CAAE5DBD090324EB00D8C5E","status":"0","third_order_id":"2018061621342983770"}

2018-06-16 21:34:41:参数:{"merchant_id":"6008005629","service":"query_status","third_order_id":"2018061621342983770","nonce_str":"VWGMMHS7NKCYFS7GSQXLBB1HRI0NMF1V","sign":"E40CC3EE6F31EFAD263CD4C08D68829D"}

2018-06-16 21:34:46:继续查询:{"resp_code":"0","amount":"1300","leshua_order_id":"1806162134228476","merchant_id":"6008005629","nonce_str":"NHCUPJV6J32580M5M6SLUWR13C5LTDNN","pay_way":"WXZF","result_code":"0","sign":"26FBBA350B5EFAEE25CF733684FF8E44","status":"0","third_order_id":"2018061621342983770"}

2018-06-16 21:34:46:参数:{"merchant_id":"6008005629","service":"query_status","third_order_id":"2018061621342983770","nonce_str":"3HWWSQOA3E6S1AWPXZ62OE1J4GM92MAR","sign":"ECED9342A5E9BDE89ECABA595D70114D"}

2018-06-16 21:34:51:继续查询:{"resp_code":"0","amount":"1300","leshua_order_id":"1806162134228476","merchant_id":"6008005629","nonce_str":"UNXPIS0JMS9S1JZRU6JM6QYF0ZZANDH3","pay_way":"WXZF","result_code":"0","sign":"94C56AB18AFEE15DA93FBDF444ED89CE","status":"0","third_order_id":"2018061621342983770"}

2018-06-16 21:34:51:参数:{"merchant_id":"6008005629","service":"query_status","third_order_id":"2018061621342983770","nonce_str":"XIQP8ELL9YEAHQY43XL2CTL4RKIH2UI9","sign":"C3F5D23392DE750A78D896F4C7EDF683"}

2018-06-16 21:34:57:继续查询:{"resp_code":"0","amount":"1300","leshua_order_id":"1806162134228476","merchant_id":"6008005629","nonce_str":"X874JWUG3A1AP09P9GQ4OOJ644FKQZX3","pay_way":"WXZF","result_code":"0","sign":"12752B02ECC1455D564C835CBA6666D3","status":"0","third_order_id":"2018061621342983770"}

2018-06-16 21:34:57:参数:{"merchant_id":"6008005629","service":"query_status","third_order_id":"2018061621342983770","nonce_str":"6P57Y3ET2CE0TP9TW69IW7KAPGOFJVLW","sign":"D7E8EE55F37EE3B2730D20D1228FC687"}

2018-06-16 21:35:02:继续查询:{"resp_code":"0","amount":"1300","leshua_order_id":"1806162134228476","merchant_id":"6008005629","nonce_str":"KLRCGRNPIKM1C4LJB7KJ8H8KPFWI0947","pay_way":"WXZF","result_code":"0","sign":"D72015FCB263A1DF97BB440D86741FF5","status":"0","third_order_id":"2018061621342983770"}

2018-06-16 21:35:02:参数:{"merchant_id":"6008005629","service":"query_status","third_order_id":"2018061621342983770","nonce_str":"161OHWNX627HYTAO346H39R3JXDN4KIS","sign":"6A3D73E393B05611B006B9DAA439BA2D"}

2018-06-16 21:41:45:参数:{"merchant_id":"6008005629","service":"query_status","third_order_id":"2018061621414419193","nonce_str":"V2BS07IS2A432ED3J7ZVJ80F9OI11025","sign":"D74220981CEDCC145A45280A97C8DD74"}

2018-06-16 21:41:50:继续查询:{"resp_code":"0","amount":"2020","leshua_order_id":"1806162141420394","merchant_id":"6008005629","nonce_str":"MXZMUQBWV73R883N21JD121CTPGPKYFA","pay_way":"WXZF","result_code":"0","sign":"24B88B1D721E2B732EA419C1FBF7E354","status":"0","third_order_id":"2018061621414419193"}

2018-06-16 21:41:50:参数:{"merchant_id":"6008005629","service":"query_status","third_order_id":"2018061621414419193","nonce_str":"LHHTX4QR0LJH4IZB7X1O96SHMX1JAS0E","sign":"306FDF3DC0C12C069B3DF8159903971B"}

2018-06-16 21:41:56:继续查询:{"resp_code":"0","amount":"2020","leshua_order_id":"1806162141420394","merchant_id":"6008005629","nonce_str":"S9TCXUJ4PQLC9Q69W4PP1FE9DKJG7682","pay_way":"WXZF","result_code":"0","sign":"7BF8827730710F81FA598CBC568F2A20","status":"0","third_order_id":"2018061621414419193"}

2018-06-16 21:41:56:参数:{"merchant_id":"6008005629","service":"query_status","third_order_id":"2018061621414419193","nonce_str":"8NXUCNW9YCYBX1D4J7F5LQMI8S7AWIFK","sign":"60634515029B396331459EAA22C513C9"}

2018-06-16 21:42:01:继续查询:{"resp_code":"0","amount":"2020","leshua_order_id":"1806162141420394","merchant_id":"6008005629","nonce_str":"EIFNZPK54MVEJO953DXBWDVK0DGX1RHV","pay_way":"WXZF","result_code":"0","sign":"4C1522B300F2F75C2D63B35CD06B5F0D","status":"0","third_order_id":"2018061621414419193"}

2018-06-16 21:42:01:参数:{"merchant_id":"6008005629","service":"query_status","third_order_id":"2018061621414419193","nonce_str":"0XQJNAY07E7508G0RJUETZ8LBYZNN5B8","sign":"B6AAD831BD9B28B36A5334A5773E93DF"}

2018-06-16 21:42:07:继续查询:{"resp_code":"0","amount":"2020","leshua_order_id":"1806162141420394","merchant_id":"6008005629","nonce_str":"21GW22RMCNF4TW0QZ2C1C7ER1NJNVPFS","pay_way":"WXZF","result_code":"0","sign":"4D5579D534CBF70027FF0B422CB9BE19","status":"0","third_order_id":"2018061621414419193"}

2018-06-16 21:42:07:参数:{"merchant_id":"6008005629","service":"query_status","third_order_id":"2018061621414419193","nonce_str":"CKCAMO13RBWXUIQQ5IWJSHZTH9H5YCD7","sign":"6C7E334C25C01D82C51D6B9EA05A1FC4"}

2018-06-16 21:42:12:继续查询:{"resp_code":"0","amount":"2020","leshua_order_id":"1806162141420394","merchant_id":"6008005629","nonce_str":"YUE6Z2K690DQ8CJQ0GKV92BD9U6MFRJI","pay_way":"WXZF","result_code":"0","sign":"2CCCA8124E949E65BE2AEC59D5F61546","status":"0","third_order_id":"2018061621414419193"}

2018-06-16 21:42:12:参数:{"merchant_id":"6008005629","service":"query_status","third_order_id":"2018061621414419193","nonce_str":"Y3Y37ACG6HQVCJAVM0H000235326FWG8","sign":"B471D038B9657FDC0F502865441FDC4B"}

2018-06-16 21:42:18:继续查询:{"resp_code":"0","amount":"2020","leshua_order_id":"1806162141420394","merchant_id":"6008005629","nonce_str":"V99BRJJH6ZHPZ46IDE96I3G7V1R896EE","pay_way":"WXZF","result_code":"0","sign":"2AF40E3343129E7C1AA84C2ADF31B560","status":"0","third_order_id":"2018061621414419193"}

2018-06-16 21:42:18:参数:{"merchant_id":"6008005629","service":"query_status","third_order_id":"2018061621414419193","nonce_str":"2Y7J31T4894UJNO9U5HOYEIUT68C678U","sign":"1D1CF5FD54D1A16BE3210E03EAA46966"}

2018-06-16 21:47:56:参数:{"merchant_id":"6008005629","service":"query_status","third_order_id":"2018061621475475314","nonce_str":"JWCUMVWDQOKOR0DD9SUKOWWWDM701W8H","sign":"C5B74C983C421B1D8066A71A639BBA4B"}

2018-06-16 21:48:01:继续查询:{"resp_code":"0","amount":"760","leshua_order_id":"1806162147530816","merchant_id":"6008005629","nonce_str":"ZFY2KGILS9KZFEIHHIWSZQSNXOG4H3PV","pay_way":"WXZF","result_code":"0","sign":"13AD641F313F4BF059F16F57E97ADB0F","status":"0","third_order_id":"2018061621475475314"}

2018-06-16 21:48:01:参数:{"merchant_id":"6008005629","service":"query_status","third_order_id":"2018061621475475314","nonce_str":"NOMZ34PVZS0LFEZPMH841XP6YER8RJ4C","sign":"9E1F403AF37D65C1407752FC2A5636BA"}

2018-06-16 21:48:07:继续查询:{"resp_code":"0","amount":"760","leshua_order_id":"1806162147530816","merchant_id":"6008005629","nonce_str":"O7HDNLEU23GJI8ROSWAM6ZRUC2XDI355","pay_way":"WXZF","result_code":"0","sign":"9076E9E3166B088EBD8776CDF1D9C035","status":"0","third_order_id":"2018061621475475314"}

2018-06-16 21:48:07:参数:{"merchant_id":"6008005629","service":"query_status","third_order_id":"2018061621475475314","nonce_str":"U2XPCPE1SR0WVDM6NL6MGK0FNNN7P4PV","sign":"EE8594F32D4D74C5E0332D3652DB7BFF"}

2018-06-16 21:48:07:支付成功:{"resp_code":"0","amount":"760","bank_type":"CFT","leshua_order_id":"1806162147530816","merchant_id":"6008005629","nonce_str":"0JEMCYY752W0QRAS1OQDXHV8RLCKLU04","openid":"o8uJ6uFdRLwnPgt6AtdpJEWW6wlM","out_transaction_id":"4200000118201806168100398317","pay_time":"2018-06-16 21:48:07","pay_way":"WXZF","result_code":"0","sign":"07AAE7CF2819C87BC26B12EE02FB9DB6","status":"2","third_order_id":"2018061621475475314"}

2018-06-16 21:56:28:参数:{"merchant_id":"6008005629","service":"query_status","third_order_id":"2018061621562648456","nonce_str":"E2XVGMHZMN53X6YM7GWFCMFYO0SHVVQV","sign":"BAC7BE991AC97AFF87114B2FD55D7C05"}

2018-06-16 21:56:34:继续查询:{"resp_code":"0","amount":"300","leshua_order_id":"1806162156224005","merchant_id":"6008005629","nonce_str":"E461HWPRUBXI1ES7OEKOYY76JP1M9F35","pay_way":"WXZF","result_code":"0","sign":"1CA898EFA2D4595BA741B5BC673BDDBF","status":"0","third_order_id":"2018061621562648456"}

2018-06-16 21:56:34:参数:{"merchant_id":"6008005629","service":"query_status","third_order_id":"2018061621562648456","nonce_str":"CYN3ZCJQ21B2A0XMNA6Q34IPQ17482PL","sign":"F2D9318B06DB13C8D4A0B3AAD11903D5"}

2018-06-16 21:56:39:继续查询:{"resp_code":"0","amount":"300","leshua_order_id":"1806162156224005","merchant_id":"6008005629","nonce_str":"JV8ZYZD8YUY69VIR3PZIS0XY35RRV2N7","pay_way":"WXZF","result_code":"0","sign":"AB769B0E823D54279299C392611C19A4","status":"0","third_order_id":"2018061621562648456"}

2018-06-16 21:56:39:参数:{"merchant_id":"6008005629","service":"query_status","third_order_id":"2018061621562648456","nonce_str":"YJ7F325MCLSIWOPZ3W771T667AVUYTWJ","sign":"0538DED53E1FDB276B3905338E19E679"}

2018-06-16 21:56:40:支付成功:{"resp_code":"0","amount":"300","bank_type":"CFT","leshua_order_id":"1806162156224005","merchant_id":"6008005629","nonce_str":"F0IS6DUUZ2D0CJLR5TPJMU8BALXEGPEL","openid":"o8uJ6uCi_PfWJPXgkPo_J3ZRiH-I","out_transaction_id":"4200000125201806167435474876","pay_time":"2018-06-16 21:56:39","pay_way":"WXZF","result_code":"0","sign":"02DE54289FEF153766FCC2B91C599704","status":"2","third_order_id":"2018061621562648456"}

