2018-05-20 01:17:47:参数:{"merchant_id":"6008005629","service":"query_status","third_order_id":"2018052001174534325","nonce_str":"X5YKYAY9TN4HYVSIV665570BEQZWIKFP","sign":"513E77579D7CB51DAC3867B51003C948"}

2018-05-20 01:17:52:继续查询:{"resp_code":"0","amount":"1260","leshua_order_id":"1805200117403956","merchant_id":"6008005629","nonce_str":"E8NZ2V7AVVMYF8Y7IL2ENUKP1Z9O36V6","pay_way":"ZFBZF","result_code":"0","sign":"A4B0980A444E48C8B7E188041EF7A0E9","status":"0","third_order_id":"2018052001174534325"}

2018-05-20 01:17:52:参数:{"merchant_id":"6008005629","service":"query_status","third_order_id":"2018052001174534325","nonce_str":"BN0N4V4GR5TO1FUQPMERQP2SO7OI9T1K","sign":"AD2A62F82F10D7F61D07839F94AB77BA"}

2018-05-20 01:17:57:继续查询:{"resp_code":"0","amount":"1260","leshua_order_id":"1805200117403956","merchant_id":"6008005629","nonce_str":"FUH0ZMHHB6DE5J8U6IOILZAPDZRUMKJ2","pay_way":"ZFBZF","result_code":"0","sign":"B60A75377D59F9412C95B682C1B1D739","status":"0","third_order_id":"2018052001174534325"}

2018-05-20 01:17:57:参数:{"merchant_id":"6008005629","service":"query_status","third_order_id":"2018052001174534325","nonce_str":"N1J886IMZWSQ1DTB1ZBHAJYQHJG4Q1AH","sign":"98FADEFAFE16AEEA037650ECCFF7E4AD"}

2018-05-20 01:18:03:继续查询:{"resp_code":"0","amount":"1260","leshua_order_id":"1805200117403956","merchant_id":"6008005629","nonce_str":"SNU7Y5P28URNOG5NNRSA37C0O9JYQVGW","pay_way":"ZFBZF","result_code":"0","sign":"101504976AB9E4D2B6A41BB12BF1CF96","status":"0","third_order_id":"2018052001174534325"}

2018-05-20 01:18:03:参数:{"merchant_id":"6008005629","service":"query_status","third_order_id":"2018052001174534325","nonce_str":"NIE45RT7ATION9WPR0HQRNTTILDGPWDJ","sign":"E1B9EA641572AA198D42EDAD43B37CEB"}

2018-05-20 01:18:08:继续查询:{"resp_code":"0","amount":"1260","leshua_order_id":"1805200117403956","merchant_id":"6008005629","nonce_str":"PN4CMZWULB3F6C5ZHGMNDG3CJFPMXBL5","pay_way":"ZFBZF","result_code":"0","sign":"09702450A4B4C7FEBC8386F4AE6BE6A8","status":"0","third_order_id":"2018052001174534325"}

2018-05-20 01:18:08:参数:{"merchant_id":"6008005629","service":"query_status","third_order_id":"2018052001174534325","nonce_str":"T0W9RAE3ZWYNM9GYZWV5KN1NTL009J6K","sign":"A5997091F2050F930DA8ED5986B464EB"}

2018-05-20 01:18:14:继续查询:{"resp_code":"0","amount":"1260","leshua_order_id":"1805200117403956","merchant_id":"6008005629","nonce_str":"1T9M7VAWMMGE4XXNPW3NN3B2N42CDQSL","pay_way":"ZFBZF","result_code":"0","sign":"F9CC7C102F377DFE7C9EDA47D095F6A5","status":"0","third_order_id":"2018052001174534325"}

2018-05-20 01:18:14:参数:{"merchant_id":"6008005629","service":"query_status","third_order_id":"2018052001174534325","nonce_str":"OU1AEX67XVH5RGKJKZRBEX4FJ50UT24C","sign":"9876DDDA98F4ADFCF33232B6E31B22B4"}

2018-05-20 01:18:19:继续查询:{"resp_code":"0","amount":"1260","leshua_order_id":"1805200117403956","merchant_id":"6008005629","nonce_str":"O3B4GA0TN2HB273Z9B6JCKLX90YQOQC2","pay_way":"ZFBZF","result_code":"0","sign":"1E33DC244A12F4CD10B28B23806F4AAB","status":"0","third_order_id":"2018052001174534325"}

2018-05-20 01:18:19:参数:{"merchant_id":"6008005629","service":"query_status","third_order_id":"2018052001174534325","nonce_str":"KDYSW3TWFQRWH1P91ZX4Y0X1T3A1GMFL","sign":"A36FAB335CD80B29E290588C7978702D"}

2018-05-20 01:18:20:参数:{"merchant_id":"6008005629","service":"query_status","third_order_id":"2018052001174534325","nonce_str":"RPQKT2SOUB48782V9IDI9A51D5OE6PXD","sign":"42838714CFE6BACF7F2698C54F421A41"}

2018-05-20 01:18:21:支付失败:{"resp_code":"0","amount":"1260","leshua_order_id":"1805200117403956","merchant_id":"6008005629","nonce_str":"94EKDR26DHWNGL152CROU21V6CB18HTD","pay_way":"ZFBZF","result_code":"0","sign":"A254146CA3F21EBDEB666FF86FF81B80","status":"6","third_order_id":"2018052001174534325"}

2018-05-20 01:18:45:参数:{"merchant_id":"6008005629","service":"query_status","third_order_id":"2018052001184479729","nonce_str":"GCRDEQY2JNSL0XYSVHU20CVJB2DJJS9I","sign":"F5E46C650CEB26C4379710858B80AA92"}

2018-05-20 01:18:51:继续查询:{"resp_code":"0","amount":"1260","leshua_order_id":"1805200118438056","merchant_id":"6008005629","nonce_str":"41XT674TVO30BH67ENU4SMT99FWA3Y8P","pay_way":"ZFBZF","result_code":"0","sign":"AF28151E1FE203B0FB568B83A1EB434E","status":"0","third_order_id":"2018052001184479729"}

2018-05-20 01:18:51:参数:{"merchant_id":"6008005629","service":"query_status","third_order_id":"2018052001184479729","nonce_str":"D2BO0IPEN6HC5V3K8R9OQ6AOPQ0265K8","sign":"7769BD3E2324632AD69CE19C42021982"}

2018-05-20 01:18:56:继续查询:{"resp_code":"0","amount":"1260","leshua_order_id":"1805200118438056","merchant_id":"6008005629","nonce_str":"1BDIJS4YU5BN0RN6I6V83P1XINYPQQOY","pay_way":"ZFBZF","result_code":"0","sign":"7B9FFD5DCD2668832849A4CB16C812A8","status":"0","third_order_id":"2018052001184479729"}

2018-05-20 01:18:56:参数:{"merchant_id":"6008005629","service":"query_status","third_order_id":"2018052001184479729","nonce_str":"D34S8M7DEDXMZBXFPYO0TJHQ5IW3J9J0","sign":"47F73A0475CDE8D6DE1C96D648E8FA7E"}

2018-05-20 01:19:02:继续查询:{"resp_code":"0","amount":"1260","leshua_order_id":"1805200118438056","merchant_id":"6008005629","nonce_str":"KFIZHZKSVJ98A3RS2R3DT3YC6DF39GPU","pay_way":"ZFBZF","result_code":"0","sign":"0A46734BF2BBE115A8E69761AABF2BE5","status":"0","third_order_id":"2018052001184479729"}

2018-05-20 01:19:02:参数:{"merchant_id":"6008005629","service":"query_status","third_order_id":"2018052001184479729","nonce_str":"FMKXCX9RN8WI65VTRL0EIPD25PAGJQPC","sign":"3BDCE2A015D2EC12B860ACB98630E136"}

2018-05-20 01:19:07:继续查询:{"resp_code":"0","amount":"1260","leshua_order_id":"1805200118438056","merchant_id":"6008005629","nonce_str":"ZNUUHYD5XLVACWC6E5TKOHACXAPAS8HK","pay_way":"ZFBZF","result_code":"0","sign":"FB2639317CA2C89149B36CA3D2847635","status":"0","third_order_id":"2018052001184479729"}

2018-05-20 01:19:07:参数:{"merchant_id":"6008005629","service":"query_status","third_order_id":"2018052001184479729","nonce_str":"RQKKB1EMZ2DFNF2LDFYXD6PBHNF06Y6C","sign":"1B5DEACB7E1469845DC634ACEE0957F9"}

2018-05-20 01:19:13:继续查询:{"resp_code":"0","amount":"1260","leshua_order_id":"1805200118438056","merchant_id":"6008005629","nonce_str":"5C4M2ZQJMOSWA1KNTYR4BXFL7S85H05H","pay_way":"ZFBZF","result_code":"0","sign":"3D86EDA3A0D77AD584D5A309853E7571","status":"0","third_order_id":"2018052001184479729"}

2018-05-20 01:19:13:参数:{"merchant_id":"6008005629","service":"query_status","third_order_id":"2018052001184479729","nonce_str":"ZH1H4FXBQX0A3UQ5DMCRSZ4DKUZTE40B","sign":"15A897E43FEDED09BA434EED0AAEF401"}

2018-05-20 01:19:18:继续查询:{"resp_code":"0","amount":"1260","leshua_order_id":"1805200118438056","merchant_id":"6008005629","nonce_str":"98V43V88KGDO85F40MDIUUVY3D6CJPD0","pay_way":"ZFBZF","result_code":"0","sign":"E254BA00962465AD692275BC420A878D","status":"0","third_order_id":"2018052001184479729"}

2018-05-20 01:19:18:参数:{"merchant_id":"6008005629","service":"query_status","third_order_id":"2018052001184479729","nonce_str":"1DUUG2M3ZYWHH4OTEQUDMANABGZW6LNI","sign":"587CCF9E5593CDE50BC2A10D0BAFA3C9"}

2018-05-20 01:19:19:参数:{"merchant_id":"6008005629","service":"query_status","third_order_id":"2018052001184479729","nonce_str":"CI2U4QZOCDOBO0EL10S58ATJKS7QFX7N","sign":"57DBDFD39DEAC090CED91432142DD73B"}

2018-05-20 01:19:19:支付失败:{"resp_code":"0","amount":"1260","leshua_order_id":"1805200118438056","merchant_id":"6008005629","nonce_str":"P507OPM2HSTLPYC1QCPQT9UV7YNQMTTZ","pay_way":"ZFBZF","result_code":"0","sign":"EA88E25D7427D4302532430A79B53FA0","status":"6","third_order_id":"2018052001184479729"}

2018-05-20 07:14:33:参数:{"merchant_id":"6008005629","service":"query_status","third_order_id":"2018052007143363147","nonce_str":"YQEZF4YL1UH4XDO83VJ6R2B44Q6Z7YK5","sign":"DCB8734BD25C5FF6B7626DE6092109F6"}

2018-05-20 07:14:39:继续查询:{"resp_code":"0","amount":"300","leshua_order_id":"1805200714307457","merchant_id":"6008005629","nonce_str":"DF6D3Q56YOL12AJWC3R2VIHKI0X503S5","pay_way":"WXZF","result_code":"0","sign":"39492048E787E123DABFF7A54D9C2AE1","status":"0","third_order_id":"2018052007143363147"}

2018-05-20 07:14:39:参数:{"merchant_id":"6008005629","service":"query_status","third_order_id":"2018052007143363147","nonce_str":"ZB6E45PMYQBTAXF7ZRECAV39ZXVXNVF8","sign":"C3C4170A474D8829BC8C443BD3833D74"}

2018-05-20 07:14:39:支付成功:{"resp_code":"0","amount":"300","bank_type":"CFT","leshua_order_id":"1805200714307457","merchant_id":"6008005629","nonce_str":"MGR61SX6AMUJRPT4GLQB89QUCVHDOJWN","openid":"oRfOu1a14gnSN0YQOcXt0aeOaB1E","out_transaction_id":"4200000110201805203568311584","pay_time":"2018-05-20 07:14:39","pay_way":"WXZF","result_code":"0","sign":"44C63E00B6A3C73CF0EC9EFF372A656A","status":"2","third_order_id":"2018052007143363147"}

2018-05-20 08:23:58:参数:{"merchant_id":"6008005629","service":"query_status","third_order_id":"2018052008235850003","nonce_str":"JFRAQ68I6X8KTN9U0HAOTEIPKJNA1ZVS","sign":"87A97684B0B1D36B0709A7BED26448C5"}

2018-05-20 08:24:04:继续查询:{"resp_code":"0","amount":"600","leshua_order_id":"1805200823503381","merchant_id":"6008005629","nonce_str":"V7CWVC5340PISTU4APVBTDG7VI756Q48","pay_way":"WXZF","result_code":"0","sign":"B5B95CC7BC89D2C4FA80658556050F30","status":"0","third_order_id":"2018052008235850003"}

2018-05-20 08:24:04:参数:{"merchant_id":"6008005629","service":"query_status","third_order_id":"2018052008235850003","nonce_str":"KRJ8UCD5AJTAEOYI5HMU9B1SB5QI2ZT4","sign":"AB9B45AD9BD7B19537256E5B294245BD"}

2018-05-20 08:24:05:支付成功:{"resp_code":"0","amount":"600","bank_type":"CFT","leshua_order_id":"1805200823503381","merchant_id":"6008005629","nonce_str":"UP4CTU5E7GYRXX1082RJX6F0VXC3B1G3","openid":"oRfOu1a14gnSN0YQOcXt0aeOaB1E","out_transaction_id":"4200000124201805203253031624","pay_time":"2018-05-20 08:24:03","pay_way":"WXZF","result_code":"0","sign":"0579407E071FDE30A944150CC1CF0B43","status":"2","third_order_id":"2018052008235850003"}

2018-05-20 09:29:42:参数:{"merchant_id":"6008005629","service":"query_status","third_order_id":"2018052009294172966","nonce_str":"EVXHGSH8MY6YQRE4659NUQJHJ1QMJY7V","sign":"7AF7E7BB0A7A215DA0B5462C04F18D7A"}

2018-05-20 09:29:48:继续查询:{"resp_code":"0","amount":"1100","leshua_order_id":"1805200929426970","merchant_id":"6008005629","nonce_str":"KDAYLMILA4E70BS36A90152V38XU5V1B","pay_way":"WXZF","result_code":"0","sign":"1E2EB3350691CDE7C146219013D5D925","status":"0","third_order_id":"2018052009294172966"}

2018-05-20 09:29:48:参数:{"merchant_id":"6008005629","service":"query_status","third_order_id":"2018052009294172966","nonce_str":"LDRDID8ABJ9ZUF1FS7X6HS7LDAP9ZO7K","sign":"63998FB10D4565DABAD9BA7CFB9AEFE7"}

2018-05-20 09:29:48:支付成功:{"resp_code":"0","amount":"1100","bank_type":"CFT","leshua_order_id":"1805200929426970","merchant_id":"6008005629","nonce_str":"ROQD3VWTUMHFNS1CCMCE5L3P5KRLFGL0","openid":"oRfOu1a14gnSN0YQOcXt0aeOaB1E","out_transaction_id":"4200000130201805203710438665","pay_time":"2018-05-20 09:29:48","pay_way":"WXZF","result_code":"0","sign":"263F384EB5F186EEB169E63194865559","status":"2","third_order_id":"2018052009294172966"}

2018-05-20 11:19:08:参数:{"merchant_id":"6008005629","service":"query_status","third_order_id":"2018052011190752717","nonce_str":"DTTTU7PYNWXCMZYBMOFSISKCAE19IBKS","sign":"778E6F1A817E87DC2711AE41DCDC8869"}

2018-05-20 11:19:13:继续查询:{"resp_code":"0","amount":"980","leshua_order_id":"1805201119009786","merchant_id":"6008005629","nonce_str":"A2T372PHPPJDOPBUNHOAKL3OLV2724NV","pay_way":"WXZF","result_code":"0","sign":"28562999C61E3D383C934D7F467A0469","status":"0","third_order_id":"2018052011190752717"}

2018-05-20 11:19:13:参数:{"merchant_id":"6008005629","service":"query_status","third_order_id":"2018052011190752717","nonce_str":"ZS6BC58GYBMYBS3K0M9BGHLMDLXJ4SFY","sign":"74D0EC8D9D42329D83A3F25E04F1E093"}

2018-05-20 11:19:19:继续查询:{"resp_code":"0","amount":"980","leshua_order_id":"1805201119009786","merchant_id":"6008005629","nonce_str":"OEU97WS5L9X6WL2M2K8ID5N5E4UYN6VJ","pay_way":"WXZF","result_code":"0","sign":"614D7FB5947A81C894B4AC025123C00D","status":"0","third_order_id":"2018052011190752717"}

2018-05-20 11:19:19:参数:{"merchant_id":"6008005629","service":"query_status","third_order_id":"2018052011190752717","nonce_str":"KDAOFS0V41O0A72JFG4RP59G3D5YMS6V","sign":"5E3928CD2C05D07A3C11EAEBDBACB48A"}

2018-05-20 11:19:19:支付成功:{"resp_code":"0","amount":"980","bank_type":"SPDB_DEBIT","leshua_order_id":"1805201119009786","merchant_id":"6008005629","nonce_str":"6AK9LKJ5HI1DLZRLS90EJT6NLY24CJK4","openid":"oRfOu1am1-K3XYP5jQ69iBXd7YkU","out_transaction_id":"4200000130201805203748194971","pay_time":"2018-05-20 11:19:19","pay_way":"WXZF","result_code":"0","sign":"9FE51108C32ED03A19DCC67F5DE75CD4","status":"2","third_order_id":"2018052011190752717"}

2018-05-20 11:24:52:参数:{"merchant_id":"6008005629","service":"query_status","third_order_id":"2018052011245153708","nonce_str":"PM156XRJTKX0XV5DL48X0OJJ0MFIWULF","sign":"9FFACD243292CB6271EA9791CABD528D"}

2018-05-20 11:24:57:继续查询:{"resp_code":"0","amount":"1550","leshua_order_id":"1805201124524750","merchant_id":"6008005629","nonce_str":"TXACS47DPAY6Y154WWMNEE4CVBSN5CCD","pay_way":"WXZF","result_code":"0","sign":"1CCB5E843B63E50FA2D95D6CA2A8F3F1","status":"0","third_order_id":"2018052011245153708"}

2018-05-20 11:24:58:参数:{"merchant_id":"6008005629","service":"query_status","third_order_id":"2018052011245153708","nonce_str":"IVFIH8X2HMY29FMOB0ZXJLZTKO1K59BX","sign":"84C8E2514A268B3389FD3BFF6218527B"}

2018-05-20 11:25:03:继续查询:{"resp_code":"0","amount":"1550","leshua_order_id":"1805201124524750","merchant_id":"6008005629","nonce_str":"J26MRZMXXSFD7S8RIQW65TJ6WSOOGF8S","pay_way":"WXZF","result_code":"0","sign":"262F73CC0B8F142196B768A8DA7CFD7E","status":"0","third_order_id":"2018052011245153708"}

2018-05-20 11:25:03:参数:{"merchant_id":"6008005629","service":"query_status","third_order_id":"2018052011245153708","nonce_str":"5VJN7VDUD977UJKEXMNAMNRK9G7XFDEC","sign":"4C77A34D03908E17DB5532F796F6DFC3"}

2018-05-20 11:25:08:继续查询:{"resp_code":"0","amount":"1550","leshua_order_id":"1805201124524750","merchant_id":"6008005629","nonce_str":"62FBZSEM0JEBVKAECIAG0ZPB5T1TPTD5","pay_way":"WXZF","result_code":"0","sign":"1891AA59D12EE524B0C74B66D2058AE0","status":"0","third_order_id":"2018052011245153708"}

2018-05-20 11:25:08:参数:{"merchant_id":"6008005629","service":"query_status","third_order_id":"2018052011245153708","nonce_str":"QA06UD31FBXB7S9D9FUWVDHA7YIJN5CS","sign":"3A9C5F299ADD009279386834F3B6EA5C"}

2018-05-20 11:25:14:继续查询:{"resp_code":"0","amount":"1550","leshua_order_id":"1805201124524750","merchant_id":"6008005629","nonce_str":"UPKI7DYRUY06MCHKAVTFWHO9M3HWXVEQ","pay_way":"WXZF","result_code":"0","sign":"8EEF03602B7EAE47E27CE29514E9FDB1","status":"0","third_order_id":"2018052011245153708"}

2018-05-20 11:25:14:参数:{"merchant_id":"6008005629","service":"query_status","third_order_id":"2018052011245153708","nonce_str":"IAMQ003K26JG0L42CJVN9AREQTC585DN","sign":"2039F77AB0DE4A9D0EF1703730A49F84"}

2018-05-20 11:25:19:继续查询:{"resp_code":"0","amount":"1550","leshua_order_id":"1805201124524750","merchant_id":"6008005629","nonce_str":"RU21AM7OLWI4YW5C010UEZDZNCUE9O2P","pay_way":"WXZF","result_code":"0","sign":"F235D56C6699E672DCC24118F438DF01","status":"0","third_order_id":"2018052011245153708"}

2018-05-20 11:25:19:参数:{"merchant_id":"6008005629","service":"query_status","third_order_id":"2018052011245153708","nonce_str":"RZ3Z10E5IH8BCD1HALJISF7MVNTFIB57","sign":"DF5FD3C5FC3A774461CC2D33CF467891"}

2018-05-20 11:25:20:支付成功:{"resp_code":"0","amount":"1550","bank_type":"CFT","leshua_order_id":"1805201124524750","merchant_id":"6008005629","nonce_str":"17R4RB69Q98G2BRYONETGEI5B8Z0M3KX","openid":"oRfOu1UhH0bc_2PnY4lTFhXjZAtA","out_transaction_id":"4200000134201805203385987253","pay_time":"2018-05-20 11:25:19","pay_way":"WXZF","result_code":"0","sign":"429B7D1A8567FFEB8CB09A95CD6C2178","status":"2","third_order_id":"2018052011245153708"}

2018-05-20 12:09:39:参数:{"merchant_id":"6008005629","service":"query_status","third_order_id":"2018052012093828548","nonce_str":"BCQIV94XZ3RXXRA783IEMDP4806ORRA3","sign":"F4724BA19667AB8E5BF42ECC63A544EF"}

2018-05-20 12:09:44:继续查询:{"resp_code":"0","amount":"8740","leshua_order_id":"1805201209324792","merchant_id":"6008005629","nonce_str":"W6460KCUYEALV428ITWEWRMVP2MT2X39","pay_way":"WXZF","result_code":"0","sign":"334C11E0C01A345F2BA4EA9C9FD3C776","status":"0","third_order_id":"2018052012093828548"}

2018-05-20 12:09:44:参数:{"merchant_id":"6008005629","service":"query_status","third_order_id":"2018052012093828548","nonce_str":"PWCPJ78S0WMG4JA5NAI2165RQVJ64U1O","sign":"37FED91EB98E4FF1E88E24AC4CAB982D"}

2018-05-20 12:09:50:继续查询:{"resp_code":"0","amount":"8740","leshua_order_id":"1805201209324792","merchant_id":"6008005629","nonce_str":"9BBKLUTAGXVY467326R95YU0YYDHSW7M","pay_way":"WXZF","result_code":"0","sign":"6E67EA2406E369785A6D09B19526E4B3","status":"0","third_order_id":"2018052012093828548"}

2018-05-20 12:09:50:参数:{"merchant_id":"6008005629","service":"query_status","third_order_id":"2018052012093828548","nonce_str":"R882X4B4NUJ81F8WQ9SRRILA5521RZ2P","sign":"4FF60905281EB03FDA1D77DB53088218"}

2018-05-20 12:09:55:继续查询:{"resp_code":"0","amount":"8740","leshua_order_id":"1805201209324792","merchant_id":"6008005629","nonce_str":"KY2MZ273KN5T5UE4ZBO7E1X0T2RAF2R4","pay_way":"WXZF","result_code":"0","sign":"B3D0AAF869A9E634EDFCF832FBC83812","status":"0","third_order_id":"2018052012093828548"}

2018-05-20 12:09:55:参数:{"merchant_id":"6008005629","service":"query_status","third_order_id":"2018052012093828548","nonce_str":"X7O29YKQMCU9YKSN2QC7GXB0IJUHIO8S","sign":"FF5D16FF3B6B0485E6EDF06BC265D41B"}

2018-05-20 12:10:01:继续查询:{"resp_code":"0","amount":"8740","leshua_order_id":"1805201209324792","merchant_id":"6008005629","nonce_str":"JADR97BO0P8SME1VQMV27EWNDEVXFF2R","pay_way":"WXZF","result_code":"0","sign":"FE724FFC37F77DB5D8D37B25F83FDAFE","status":"0","third_order_id":"2018052012093828548"}

2018-05-20 12:10:01:参数:{"merchant_id":"6008005629","service":"query_status","third_order_id":"2018052012093828548","nonce_str":"Z0NCCDFDPYWS3CHKGKE878T83EQTA797","sign":"3231A997897915B78B5CC0C526186477"}

2018-05-20 12:10:06:继续查询:{"resp_code":"0","amount":"8740","leshua_order_id":"1805201209324792","merchant_id":"6008005629","nonce_str":"RA00AO1J6C8A1Q5M0QHL1SBWR7BOND13","pay_way":"WXZF","result_code":"0","sign":"D0902EF43E3CDA766E773EDCF5FB4095","status":"0","third_order_id":"2018052012093828548"}

2018-05-20 12:10:06:参数:{"merchant_id":"6008005629","service":"query_status","third_order_id":"2018052012093828548","nonce_str":"KW5JF2Y82WPQ3S77NM1QS6Z9WVXJMKLB","sign":"65E84CAFB1F743EB4F3ACD3C14771559"}

2018-05-20 12:10:11:继续查询:{"resp_code":"0","amount":"8740","leshua_order_id":"1805201209324792","merchant_id":"6008005629","nonce_str":"TDT2HRRWHDJZJCP0O6NRSIF0H2Z18S1I","pay_way":"WXZF","result_code":"0","sign":"CF65FBD6B7E617825F4A78E10A71805F","status":"0","third_order_id":"2018052012093828548"}

2018-05-20 12:10:11:参数:{"merchant_id":"6008005629","service":"query_status","third_order_id":"2018052012093828548","nonce_str":"DS8EE0NZ7N8UPYZFTUDRO95AW7MSX21F","sign":"736978FD62837EB27899811DBD0F59F8"}

2018-05-20 12:10:12:参数:{"merchant_id":"6008005629","service":"query_status","third_order_id":"2018052012093828548","nonce_str":"6230X858RK6Q2JMCS0I0CEYCLGN9IJZM","sign":"FD5C5C564D389F73F5899438EF1CD440"}

2018-05-20 12:10:12:支付失败:{"resp_code":"0","amount":"8740","leshua_order_id":"1805201209324792","merchant_id":"6008005629","nonce_str":"0PG3WTGP2FROQJCT3V8MNRVQM97IY1L2","pay_way":"WXZF","result_code":"0","sign":"C45639AB1230F5B4DFB5D043FFD2DD84","status":"6","third_order_id":"2018052012093828548"}

2018-05-20 16:05:34:参数:{"merchant_id":"6008005629","service":"query_status","third_order_id":"2018052016053353844","nonce_str":"RPSFYEFPWQWLQRXO7MF1W5IS9GLZXXQT","sign":"1B059F93BF573D062A496D02EF99D1A1"}

2018-05-20 16:05:39:继续查询:{"resp_code":"0","amount":"6500","leshua_order_id":"1805201605308116","merchant_id":"6008005629","nonce_str":"011ED0Z67ZG7UVKINIIN4GB6MCXNCZRW","pay_way":"ZFBZF","result_code":"0","sign":"7359D8816DA6126125DA1447C499BAB9","status":"0","third_order_id":"2018052016053353844"}

2018-05-20 16:05:39:参数:{"merchant_id":"6008005629","service":"query_status","third_order_id":"2018052016053353844","nonce_str":"7OE69E45GXNMBSNCP7YNDUYD34156GB7","sign":"B9B87CD0E726F2181235A6E053836C7E"}

2018-05-20 16:05:45:继续查询:{"resp_code":"0","amount":"6500","leshua_order_id":"1805201605308116","merchant_id":"6008005629","nonce_str":"CQ1OSW6ILQZK3OM8GWDOXBJUA9ZE9KV5","pay_way":"ZFBZF","result_code":"0","sign":"104EAECEEE460C10DD0892A88F62E037","status":"0","third_order_id":"2018052016053353844"}

2018-05-20 16:05:45:参数:{"merchant_id":"6008005629","service":"query_status","third_order_id":"2018052016053353844","nonce_str":"HD95JMZ6C3I06LHI4TT55NL06UINN4EQ","sign":"FFD172E433CF3BE76C8917EE273DED19"}

2018-05-20 16:05:50:继续查询:{"resp_code":"0","amount":"6500","leshua_order_id":"1805201605308116","merchant_id":"6008005629","nonce_str":"757KDQYNBFM1KOR549A9WFUK4Q9W5Z6I","pay_way":"ZFBZF","result_code":"0","sign":"0664FA94636C6068C9C5B574305F3A18","status":"0","third_order_id":"2018052016053353844"}

2018-05-20 16:05:50:参数:{"merchant_id":"6008005629","service":"query_status","third_order_id":"2018052016053353844","nonce_str":"W35O32UG5MK53CFRD3HA3Q1WNV2B698Q","sign":"335320D76032FBA6517DECDB137D32E8"}

2018-05-20 16:05:56:继续查询:{"resp_code":"0","amount":"6500","leshua_order_id":"1805201605308116","merchant_id":"6008005629","nonce_str":"VYUIM4P9L9LLJUZ9L0MFJ2RNYB0HFY99","pay_way":"ZFBZF","result_code":"0","sign":"3A794CC0C93C593798853BD6C4178D9A","status":"0","third_order_id":"2018052016053353844"}

2018-05-20 16:05:56:参数:{"merchant_id":"6008005629","service":"query_status","third_order_id":"2018052016053353844","nonce_str":"I0HDEB8E9TO1O5NQZ5F417B5X0WZVKFJ","sign":"07ACDBD437C779C3A512EE1EBCC0592D"}

2018-05-20 16:06:01:继续查询:{"resp_code":"0","amount":"6500","leshua_order_id":"1805201605308116","merchant_id":"6008005629","nonce_str":"F25N7XGLN4UHM50ZIUP3EFM5035LG3UB","pay_way":"ZFBZF","result_code":"0","sign":"C425DF67E7CE3488D6C34CD672081842","status":"0","third_order_id":"2018052016053353844"}

2018-05-20 16:06:01:参数:{"merchant_id":"6008005629","service":"query_status","third_order_id":"2018052016053353844","nonce_str":"4W362HU86ONN2KYJ6P72F3Q2C4RXWBHJ","sign":"EA1A8DC169DDC8160564CC8BA82564F5"}

2018-05-20 16:06:07:继续查询:{"resp_code":"0","amount":"6500","leshua_order_id":"1805201605308116","merchant_id":"6008005629","nonce_str":"6IH9FWD9Y74PMJ1TZM6FIAQCC7NE1Y81","pay_way":"ZFBZF","result_code":"0","sign":"CEDA0AF503AF5BB8C1668AC989AE0A9A","status":"0","third_order_id":"2018052016053353844"}

2018-05-20 16:06:07:参数:{"merchant_id":"6008005629","service":"query_status","third_order_id":"2018052016053353844","nonce_str":"6VBVI26RSEDTZS5BEYV3BQD3Q4YK9VL7","sign":"DB210C8DBD038A39A85A4E3D3AA213AF"}

2018-05-20 16:06:08:参数:{"merchant_id":"6008005629","service":"query_status","third_order_id":"2018052016053353844","nonce_str":"XPF9HZ9UYQAH55YATO47BC4IQTTTKEH0","sign":"79732885BC9AFB879126B9B82663B16A"}

2018-05-20 16:06:08:支付失败:{"resp_code":"0","amount":"6500","leshua_order_id":"1805201605308116","merchant_id":"6008005629","nonce_str":"XQ0800GHVJAHKO4GGJ04UNN58ULEF0N8","pay_way":"ZFBZF","result_code":"0","sign":"783A0579E1854D5281483CE297025A4B","status":"6","third_order_id":"2018052016053353844"}

2018-05-20 16:10:55:参数:{"merchant_id":"6008005629","service":"query_status","third_order_id":"2018052016105336777","nonce_str":"35APBSDCHKAQDYFG233E68PJWJZGSRAA","sign":"4E02E798C63472946B113E76CC03AC0C"}

2018-05-20 16:11:00:继续查询:{"resp_code":"0","amount":"190","leshua_order_id":"1805201610509820","merchant_id":"6008005629","nonce_str":"ZAF37LRTM05BLUV07TPCSTNDL9YOGBUG","pay_way":"WXZF","result_code":"0","sign":"A509F7A4B5A68A734D88FBD78F201D08","status":"0","third_order_id":"2018052016105336777"}

2018-05-20 16:11:00:参数:{"merchant_id":"6008005629","service":"query_status","third_order_id":"2018052016105336777","nonce_str":"OJ01CS2W682R51AD9SV58BTDTJ7BWEMY","sign":"8AE091219D548F6245D315DFC69A1440"}

2018-05-20 16:11:05:继续查询:{"resp_code":"0","amount":"190","leshua_order_id":"1805201610509820","merchant_id":"6008005629","nonce_str":"7Z0AC2HMFYPZ1A31I12OA23YX4IKVR0T","pay_way":"WXZF","result_code":"0","sign":"A9A82B2120C97B5ACBBA3B3AA0B5F713","status":"0","third_order_id":"2018052016105336777"}

2018-05-20 16:11:05:参数:{"merchant_id":"6008005629","service":"query_status","third_order_id":"2018052016105336777","nonce_str":"LDJFWGC9NC2IMOT5URLU7ZMRQP764GNT","sign":"E1C2C1B183470BA9F6B3CF7FA81F295E"}

2018-05-20 16:11:06:支付成功:{"resp_code":"0","amount":"190","bank_type":"ICBC_DEBIT","leshua_order_id":"1805201610509820","merchant_id":"6008005629","nonce_str":"VZEINNBJJHM1CQW6NPNI3326CNO3VXDU","openid":"oRfOu1e5vmG6z_pHUGcu_WkAyFXc","out_transaction_id":"4200000133201805203678790239","pay_time":"2018-05-20 16:11:06","pay_way":"WXZF","result_code":"0","sign":"40773F838FD99FE63372B1FD9A9D4765","status":"2","third_order_id":"2018052016105336777"}

2018-05-20 18:34:30:参数:{"merchant_id":"6008005629","service":"query_status","third_order_id":"2018052018343082510","nonce_str":"3AJYU3RH2S0DHKCKHZKVIOGWNVLUYXNI","sign":"9CB56B01F05D20B0535E63D2EDA03F0A"}

2018-05-20 18:34:36:继续查询:{"resp_code":"0","amount":"520","leshua_order_id":"1805201834304232","merchant_id":"6008005629","nonce_str":"G6OUYU7QV4X7WZCNK5DXPJF8SEKCBE0I","pay_way":"WXZF","result_code":"0","sign":"10EFA5A936D042416961DFD1DD18AE00","status":"0","third_order_id":"2018052018343082510"}

2018-05-20 18:34:36:参数:{"merchant_id":"6008005629","service":"query_status","third_order_id":"2018052018343082510","nonce_str":"JZJU99NEGLL427NKTS6UHDCQHFCZZ6NW","sign":"787FC1F4C88B484A603C6BD235AB9F8D"}

2018-05-20 18:34:41:继续查询:{"resp_code":"0","amount":"520","leshua_order_id":"1805201834304232","merchant_id":"6008005629","nonce_str":"H0RGIMHJAOVVQETTWCNTU9RG6C5KYDJN","pay_way":"WXZF","result_code":"0","sign":"B2D12F2D37D80661DFE8812BDCA8C5A3","status":"0","third_order_id":"2018052018343082510"}

2018-05-20 18:34:41:参数:{"merchant_id":"6008005629","service":"query_status","third_order_id":"2018052018343082510","nonce_str":"CCKODS9FPSHY9NUHV0KUY4HWV088LWFJ","sign":"94E1A06ACF8F6AFC18A877E13E07618C"}

2018-05-20 18:34:47:继续查询:{"resp_code":"0","amount":"520","leshua_order_id":"1805201834304232","merchant_id":"6008005629","nonce_str":"I0ONPI717V6QIOPATZ0AFNYA2GKSUEK3","pay_way":"WXZF","result_code":"0","sign":"026EF736704108980BD3BF08C3836533","status":"0","third_order_id":"2018052018343082510"}

2018-05-20 18:34:47:参数:{"merchant_id":"6008005629","service":"query_status","third_order_id":"2018052018343082510","nonce_str":"6MBLBRHXVKX79GPKGHAS3DW3LB9BUSE8","sign":"162DE070D6A045D80780A4CBF4602E28"}

2018-05-20 18:34:52:继续查询:{"resp_code":"0","amount":"520","leshua_order_id":"1805201834304232","merchant_id":"6008005629","nonce_str":"JP203S68RQGTFSSBDG1SFZYOXQAMG98T","pay_way":"WXZF","result_code":"0","sign":"48903C1B441A75F7E0A23FABA837C7ED","status":"0","third_order_id":"2018052018343082510"}

2018-05-20 18:34:52:参数:{"merchant_id":"6008005629","service":"query_status","third_order_id":"2018052018343082510","nonce_str":"B3VPU97KYG8NXYA2IPC5A2T7R42P6PNL","sign":"0A6FBB90C20796D09100950217149CE9"}

2018-05-20 18:34:57:继续查询:{"resp_code":"0","amount":"520","leshua_order_id":"1805201834304232","merchant_id":"6008005629","nonce_str":"TGQCU3XKX3M240GAW5H05RII35C23VEL","pay_way":"WXZF","result_code":"0","sign":"687C008027CA45569235F165416ED37A","status":"0","third_order_id":"2018052018343082510"}

2018-05-20 18:34:57:参数:{"merchant_id":"6008005629","service":"query_status","third_order_id":"2018052018343082510","nonce_str":"VGDU1GUCMQHMXSDMRH6UXZLKY039D083","sign":"5AA8E34020A5496DAC185A7B6F4BC0B0"}

2018-05-20 18:35:03:继续查询:{"resp_code":"0","amount":"520","leshua_order_id":"1805201834304232","merchant_id":"6008005629","nonce_str":"6BCWT4F16SZNGRT5ZSQQVRDW39GCNIZ7","pay_way":"WXZF","result_code":"0","sign":"1F4873DB9AF10D1866456FA0C43CB36F","status":"0","third_order_id":"2018052018343082510"}

2018-05-20 18:35:03:参数:{"merchant_id":"6008005629","service":"query_status","third_order_id":"2018052018343082510","nonce_str":"7IN55OR3GW6J7AZW54BRR0BZ2HWX8TZ0","sign":"FF02C78322D8BF806FA3951D43308A56"}

2018-05-20 18:35:04:参数:{"merchant_id":"6008005629","service":"query_status","third_order_id":"2018052018343082510","nonce_str":"KGKALCW4G5Z30QXF9CN6FQ6RDZ4K6AJY","sign":"033ADE647D3968634C1374DF7F510D2A"}

2018-05-20 18:35:04:支付失败:{"resp_code":"0","amount":"520","leshua_order_id":"1805201834304232","merchant_id":"6008005629","nonce_str":"9HNGF5EV55CF3QQHG6D8MN7T7RTFPX20","pay_way":"WXZF","result_code":"0","sign":"850FF624135CF7EFC4F87F1FB23F4440","status":"6","third_order_id":"2018052018343082510"}

2018-05-20 18:42:08:参数:{"merchant_id":"6008005629","service":"query_status","third_order_id":"2018052018420755960","nonce_str":"61U4OOKS4KFTFZ62W7GMP9MMGP31RGU4","sign":"CC226AA25D87A2D79D9B89650586471D"}

2018-05-20 18:42:13:继续查询:{"resp_code":"0","amount":"990","leshua_order_id":"1805201842035637","merchant_id":"6008005629","nonce_str":"AAQJ891FLP1VKT878GCQVYH9GLBV9FZE","pay_way":"ZFBZF","result_code":"0","sign":"46D3D918ED19CD30E3727B1A25290885","status":"0","third_order_id":"2018052018420755960"}

2018-05-20 18:42:13:参数:{"merchant_id":"6008005629","service":"query_status","third_order_id":"2018052018420755960","nonce_str":"PY60RRHO8G1OZHLWFN3QNC9M3F794ZGG","sign":"87FEE7E22C0C9B646EA6B824CE91A4E3"}

2018-05-20 18:42:18:继续查询:{"resp_code":"0","amount":"990","leshua_order_id":"1805201842035637","merchant_id":"6008005629","nonce_str":"7EFH1RZORNFEWE6Z07L7A9J3SO2DTX6N","pay_way":"ZFBZF","result_code":"0","sign":"2A6DD9DB161A225E7212F2BDCD2C3B82","status":"0","third_order_id":"2018052018420755960"}

2018-05-20 18:42:18:参数:{"merchant_id":"6008005629","service":"query_status","third_order_id":"2018052018420755960","nonce_str":"TAOYHH1FA2FIUY8AJKGBX41CYUOZC4TM","sign":"128394123C36E2FDFB260608262C62D1"}

2018-05-20 18:42:24:继续查询:{"resp_code":"0","amount":"990","leshua_order_id":"1805201842035637","merchant_id":"6008005629","nonce_str":"2XPCTY5V9AS5B5SBWPC2URP4V1IMT5OQ","pay_way":"ZFBZF","result_code":"0","sign":"8CCE21535E0BA890FA327A1F334B1062","status":"0","third_order_id":"2018052018420755960"}

2018-05-20 18:42:24:参数:{"merchant_id":"6008005629","service":"query_status","third_order_id":"2018052018420755960","nonce_str":"D5LY098MDS43G03IFN3TACRLPUAXAEOV","sign":"25BAFE0B70CD5D3F037204C59BC879A5"}

2018-05-20 18:42:25:支付成功:{"resp_code":"0","amount":"990","bank_type":"DEBIT_CARD","leshua_order_id":"1805201842035637","merchant_id":"6008005629","nonce_str":"P37CBQ89MYBPA75TS7CKDCS7YK78VLCV","openid":"2088622121663151","out_transaction_id":"2018052021001004150594973418","pay_time":"2018-05-20 18:42:21","pay_way":"ZFBZF","result_code":"0","sign":"11D53FE92299E3D01EEE50F424303271","status":"2","third_order_id":"2018052018420755960"}

2018-05-20 19:58:36:参数:{"merchant_id":"6008005629","service":"query_status","third_order_id":"2018052019583492803","nonce_str":"0DIP1CFW4H31LMCISF36FOBKA9PHV159","sign":"67E29DAEA055E8726984A3B677653807"}

2018-05-20 19:58:41:继续查询:{"resp_code":"0","amount":"1370","leshua_order_id":"1805201958304822","merchant_id":"6008005629","nonce_str":"2PL0MCXG1HYSGEPT0VIIK7Q9PR0EJ9FK","pay_way":"WXZF","result_code":"0","sign":"0DA66E5362D7E12722B7B3BF03E95D3F","status":"0","third_order_id":"2018052019583492803"}

2018-05-20 19:58:41:参数:{"merchant_id":"6008005629","service":"query_status","third_order_id":"2018052019583492803","nonce_str":"7MZRIMJYV4I5KO83Z8OT9ZRNNF45HBUH","sign":"0D5E4AB730F5B1CBD8569846AAEB3058"}

2018-05-20 19:58:48:继续查询:{"resp_code":"0","amount":"1370","leshua_order_id":"1805201958304822","merchant_id":"6008005629","nonce_str":"OWBC696XPO7M486DP30I6DUTEV2S04BQ","pay_way":"WXZF","result_code":"0","sign":"5D44A7A3450A500730F2438F77DED663","status":"0","third_order_id":"2018052019583492803"}

2018-05-20 19:58:48:参数:{"merchant_id":"6008005629","service":"query_status","third_order_id":"2018052019583492803","nonce_str":"62L0RQLPWLRK66RS7UVJTS5CTSJ8640V","sign":"652DB9E3EE96023A35278106DCC88AF0"}

2018-05-20 19:58:53:继续查询:{"resp_code":"0","amount":"1370","leshua_order_id":"1805201958304822","merchant_id":"6008005629","nonce_str":"I02WA14YP3H677VKI7B4V8H33ZH2KZWV","pay_way":"WXZF","result_code":"0","sign":"004F5BFA070F49F023B578387492E5CA","status":"0","third_order_id":"2018052019583492803"}

2018-05-20 19:58:53:参数:{"merchant_id":"6008005629","service":"query_status","third_order_id":"2018052019583492803","nonce_str":"NCB9GCJO867S17PBMKQ4GBWHNYRHX1E5","sign":"EA0EA4083B16C8A7C83FCF4782F3C7BD"}

2018-05-20 19:58:58:继续查询:{"resp_code":"0","amount":"1370","leshua_order_id":"1805201958304822","merchant_id":"6008005629","nonce_str":"0I2XYUI7XS1G5O75IN1A2MYLBSFBD4HB","pay_way":"WXZF","result_code":"0","sign":"022CF9F36B4DC13FDBDD1275FB03D9B1","status":"0","third_order_id":"2018052019583492803"}

2018-05-20 19:58:58:参数:{"merchant_id":"6008005629","service":"query_status","third_order_id":"2018052019583492803","nonce_str":"O22WS67L2FPMFRZYAH3STA6H0XPYW9MX","sign":"EE087E0DDF6C3D037B4FE4F792A70B5C"}

2018-05-20 19:59:04:继续查询:{"resp_code":"0","amount":"1370","leshua_order_id":"1805201958304822","merchant_id":"6008005629","nonce_str":"NEKX75U0H1ZQNFRYRX3LLZ45QX09W676","pay_way":"WXZF","result_code":"0","sign":"119A0E5D55251311D8DE7B311A2FB8B2","status":"0","third_order_id":"2018052019583492803"}

2018-05-20 19:59:04:参数:{"merchant_id":"6008005629","service":"query_status","third_order_id":"2018052019583492803","nonce_str":"PMR1W7LGQJ9710LNW36K7H40TMK6BNCV","sign":"62596F2519BCA286B29E3DF3F2FF63A8"}

2018-05-20 19:59:09:继续查询:{"resp_code":"0","amount":"1370","leshua_order_id":"1805201958304822","merchant_id":"6008005629","nonce_str":"NGM7R1GGMZVGB0NVKROSLGSIRX49BY3G","pay_way":"WXZF","result_code":"0","sign":"D3532729A77F35547662F2AB726C370C","status":"0","third_order_id":"2018052019583492803"}

2018-05-20 19:59:09:参数:{"merchant_id":"6008005629","service":"query_status","third_order_id":"2018052019583492803","nonce_str":"EEERVBS4ACXXRXF2CUC1JU7M0EK78DUI","sign":"8AC500DF628A94E3C83B9C18197AC36D"}

2018-05-20 19:59:10:参数:{"merchant_id":"6008005629","service":"query_status","third_order_id":"2018052019583492803","nonce_str":"A7FCC55OY63X3BU30UNJ93KTZGMKYOAI","sign":"E263DF9CA458FF5CCE3351EFB206E29A"}

2018-05-20 19:59:10:支付失败:{"resp_code":"0","amount":"1370","leshua_order_id":"1805201958304822","merchant_id":"6008005629","nonce_str":"UR1YTTLTP25ES8IY5V0LI7YZBC9EGUM3","pay_way":"WXZF","result_code":"0","sign":"3462C94FB627212AE9B6F63292CDB780","status":"6","third_order_id":"2018052019583492803"}

